1SPECTRUM OF (Z= 82 A=207) IN PARTICLE-ROTOR  MODEL WITH MODIFIED OSCILLATOR POTENTIAL


 PARITY=-   EPS= 0.483   GAMMA= 38.6   EPS4=0.000   EPS6=0.000   LEVELS:  30  31  32  33  34

 PAIRING FACTORS: GN0= 19.20  GN1=  7.40  IPAIR= 15 ***  E2PLUS(INPUT)=   0.730  E2PLUR(INPUT)=   0.000

 CORIOLIS ATTENUATION PARAMETERS:  CHSI=0.000  ETA=  1.00

 MOMENT OF INERTIA PARAMETERS:   A1=  0.522 MEV   A2=  0.071 MEV   A3=  0.17930 MEV


 DELTA=0.929 MEV  LAMBDA=53.3241 MEV   HW0= 7.6037 MEV   LAMBDA/HW0= 7.0130

 E2ENERGY=0.730 MEV  HBAR**2/B=32972./A**(7/3)=5573.9/A**2 MEV

 IREC=0  =>  RECOIL TERMS j+j-, j+j+, jzjz, ETC TREATED AS ONE-BODY OPERATORS WITH UU+VV PAIRING FACTORS



 S. P. LEVEL   EQP       U     V        (UU + VV)**1.00

     30       1.169    0.444 0.896      1.000 0.996 0.987 0.798 0.730
     31       1.046    0.520 0.854      0.996 1.000 0.997 0.848 0.787
     32       0.984    0.580 0.815      0.987 0.997 1.000 0.884 0.829
     33       1.159    0.894 0.449      0.798 0.848 0.884 1.000 0.994
     34       1.412    0.936 0.352      0.730 0.787 0.829 0.994 1.000

  R CORE   ENERGY   A0R/A00=1.000    R3= 0     2  
   2( 1)    0.730                   -0.597 0.802
   2( 2)    2.361                    0.802 0.597

  R CORE   ENERGY   A0R/A00=1.000    R3= 0     2  
   3( 1)    3.091                    0.000 1.000

  R CORE   ENERGY   A0R/A00=1.000    R3= 0     2     4  
   4( 1)    2.223                   -0.564 0.692-0.451

  R CORE   ENERGY   A0R/A00=1.000    R3= 0     2     4  
   5( 1)    5.281                    0.000-0.597 0.802

  R CORE   ENERGY   A0R/A00=1.000    R3= 0     2     4     6  
   6( 1)    4.271                   -0.539 0.675-0.458 0.211

  R CORE   ENERGY   A0R/A00=1.000    R3= 0     2     4     6  
   7( 1)    8.285                    0.000-0.458 0.681-0.572
 

             ENERGY     K= 1/2
 
 I=  1/2- (1)  3.825  30: 1.000
 
 I=  1/2- (2)  5.145  33: 1.000

             ENERGY     K= 1/2  -3/2
 
 I=  3/2- (1)  4.349  30:-0.554 0.833
 
 I=  3/2- (2)  5.359  33:-0.515 0.857

             ENERGY     K= 5/2   1/2  -3/2
 
 I=  5/2- (1)  4.665  30: 0.659-0.723 0.207
 
 I=  5/2- (2)  5.291  30: 0.490 0.622 0.611

             ENERGY     K= 5/2   1/2  -3/2  -7/2
 
 I=  7/2- (1)  5.627  30: 0.036 0.536-0.769 0.348
 
 I=  7/2- (2)  6.305  30: 0.798-0.061-0.252-0.544

             ENERGY     K= 9/2   5/2   1/2  -3/2  -7/2
 
 I=  9/2- (1)  6.175  30:-0.318 0.641-0.626 0.306 0.039
 
 I=  9/2- (2)  7.590  30: 0.674 0.159-0.251-0.227 0.637

             ENERGY     K= 9/2   5/2   1/2  -3/2  -7/2 -11/2
 
 I= 11/2- (1)  7.507  30: 0.094 0.173-0.508 0.655-0.500 0.159
 
 I= 11/2- (2)  8.274  32:-0.379 0.547-0.561 0.431-0.231 0.056

             ENERGY     K=13/2   9/2   5/2   1/2  -3/2  -7/2 -11/2
 
 I= 13/2- (1)  8.287  30: 0.149-0.416 0.595-0.565 0.347-0.084-0.065
 
 I= 13/2- (2)  9.982  33: 0.130-0.298 0.456-0.533 0.493-0.356 0.182

             ENERGY     K=13/2   9/2   5/2   1/2  -3/2  -7/2 -11/2
  21 LEVELS    TIME=  0.0 SEC



 ******************* EXCITATION ENERGIES, DOMINANT CONFIGURATION AND EXPECTATION VALUES (WITH S.P. UU+VV FACTORS) *******************

  NR  Eex(keV)  I   Kdom  NY    <Jz>  <Jx**2> <Jy**2> <Jz**2> <I.j>/|I|  <Rx**2> <Ry**2> <Rz**2> <R.j>/|R|  <HROTx> <HROTy> <HROTz>

   1    0.0   1/2-   1/2  30    0.28    3.18   13.42    2.24    0.75       2.47   13.62    2.22   -4.25      1.287   0.971   0.398
   2  523.6   3/2-   3/2  30    0.28    3.18   13.42    2.24    0.09       2.49   15.39    4.37   -3.96      1.300   1.097   0.783
   3  840.0   5/2-   1/2  30    0.28    3.18   13.42    2.24    0.36       2.66   18.32    4.48   -3.52      1.387   1.306   0.803
   4 1319.6   1/2-   1/2  33   -0.26    3.90    7.87    7.07   -0.07       3.91    8.21    7.58   -4.26      2.041   0.586   1.359
   5 1376.7   1/2-   1/2  32    0.48    2.21    2.06   14.86   -0.05       2.70    2.64   14.63   -4.29      1.407   0.188   2.623
  
   6 1466.3   5/2-   1/2  30    0.28    3.18   13.42    2.24    0.78       4.42   13.99    4.55   -3.45      2.309   0.997   0.816
   7 1534.1   3/2-   3/2  33   -0.26    3.90    7.87    7.07    0.24       3.91    9.45    8.28   -3.95      2.041   0.673   1.485
   8 1735.5   3/2-   1/2  32    0.48    2.21    2.06   14.86    0.32       3.07    3.30   15.28   -3.98      1.602   0.235   2.740
   9 1802.2   7/2-   3/2  30    0.28    3.18   13.42    2.24    0.16       3.23   24.34    5.78   -3.16      1.687   1.735   1.036
  10 2232.2   5/2-   5/2  32    0.48    2.21    2.06   14.86    0.15       2.73    6.52   17.74   -3.60      1.428   0.464   3.181
  
  11 2349.5   9/2-   5/2  30    0.28    3.18   13.42    2.24    0.31       3.17   31.03    6.35   -2.72      1.656   2.212   1.138
  12 2480.2   7/2-   5/2  30    0.28    3.18   13.42    2.24    0.46       4.17   17.04    9.74   -3.06      2.175   1.215   1.746
  13 2744.1   7/2-   1/2  32    0.48    2.21    2.06   14.86    0.38       3.24   11.45   17.18   -3.12      1.690   0.816   3.080
  14 3681.5  11/2-   3/2  30    0.28    3.18   13.42    2.24    0.09       3.63   41.62    8.23   -2.50      1.894   2.967   1.477
  15 3765.0   9/2-   9/2  30    0.28    3.18   13.42    2.24    0.42       4.10   18.94   16.35   -2.67      2.139   1.350   2.932
  
  16 3965.5   9/2-   1/2  33   -0.26    3.90    7.87    7.07   -0.09       4.72   27.49   12.31   -2.89      2.465   1.960   2.207
  17 4449.3  11/2-   1/2  32    0.48    2.21    2.06   14.86    0.37       3.45   27.11   19.85   -2.38      1.799   1.933   3.559
  18 4461.7  13/2-   5/2  30    0.28    3.18   13.42    2.24    0.25       3.63   51.93    8.50   -2.13      1.893   3.701   1.523
  19 4717.3  11/2-   3/2  33   -0.26    3.90    7.87    7.07    0.15       4.81   34.61   13.42   -2.47      2.511   2.467   2.405
  20 6157.1  13/2-   1/2  33   -0.26    3.90    7.87    7.07   -0.09       5.29   49.43   14.15   -2.35      2.762   3.524   2.538
  
  21 6273.2  13/2-   1/2  32    0.48    2.21    2.06   14.86   -0.25       3.61   45.53   22.23   -2.47      1.883   3.245   3.986
