1SPECTRUM OF (Z= 82 A=207) IN PARTICLE-ROTOR  MODEL WITH MODIFIED OSCILLATOR POTENTIAL


 PARITY=-   EPS= 0.276   GAMMA= 34.0   EPS4=0.000   EPS6=0.000   LEVELS:  29  30  31  32  33

 PAIRING FACTORS: GN0= 19.20  GN1=  7.40  IPAIR= 15 ***  E2PLUS(INPUT)=   0.730  E2PLUR(INPUT)=   0.000

 CORIOLIS ATTENUATION PARAMETERS:  CHSI=0.000  ETA=  1.00

 MOMENT OF INERTIA PARAMETERS:   A1=  0.329 MEV   A2=  0.064 MEV   A3=  0.20233 MEV


 DELTA=0.898 MEV  LAMBDA=53.3874 MEV   HW0= 7.4739 MEV   LAMBDA/HW0= 7.1432

 E2ENERGY=0.730 MEV  HBAR**2/B= 9773./A**(7/3)=1652.1/A**2 MEV

 IREC=0  =>  RECOIL TERMS j+j-, j+j+, jzjz, ETC TREATED AS ONE-BODY OPERATORS WITH UU+VV PAIRING FACTORS



 S. P. LEVEL   EQP       U     V        (UU + VV)**1.00

     29       2.271    0.202 0.979      1.000 1.000 0.941 0.899 0.650
     30       1.986    0.232 0.973      1.000 1.000 0.951 0.912 0.673
     31       1.008    0.522 0.853      0.941 0.951 1.000 0.994 0.869
     32       0.929    0.610 0.792      0.899 0.912 0.994 1.000 0.917
     33       1.061    0.875 0.483      0.650 0.673 0.869 0.917 1.000

  R CORE   ENERGY   A0R/A00=1.000    R3= 0     2  
   2( 1)    0.730                    0.716-0.698
   2( 2)    1.651                    0.698 0.716

  R CORE   ENERGY   A0R/A00=1.000    R3= 0     2  
   3( 1)    2.381                    0.000 1.000

  R CORE   ENERGY   A0R/A00=1.000    R3= 0     2     4  
   4( 1)    2.030                   -0.663 0.706-0.249

  R CORE   ENERGY   A0R/A00=1.000    R3= 0     2     4  
   5( 1)    4.571                    0.000 0.716-0.698

  R CORE   ENERGY   A0R/A00=1.000    R3= 0     2     4     6  
   6( 1)    3.816                   -0.610 0.702-0.358 0.083

  R CORE   ENERGY   A0R/A00=1.000    R3= 0     2     4     6  
   7( 1)    7.366                    0.000-0.602 0.706-0.373
 

             ENERGY     K= 1/2
 
 I=  1/2- (1)  2.889  33: 1.000
 
 I=  1/2- (2)  3.168  32: 1.000

             ENERGY     K= 1/2  -3/2
 
 I=  3/2- (1)  2.808  33: 0.659 0.752
 
 I=  3/2- (2)  3.085  33: 0.752-0.659

             ENERGY     K= 5/2   1/2  -3/2
 
 I=  5/2- (1)  3.107  33:-0.052-0.556 0.830
 
 I=  5/2- (2)  3.930  32: 0.632-0.710 0.310

             ENERGY     K= 5/2   1/2  -3/2  -7/2
 
 I=  7/2- (1)  4.253  33: 0.513-0.749 0.417 0.049
 
 I=  7/2- (2)  4.487  33: 0.171-0.102-0.493 0.847

             ENERGY     K= 9/2   5/2   1/2  -3/2  -7/2
 
 I=  9/2- (1)  4.401  33:-0.020-0.179 0.545-0.694 0.434
 
 I=  9/2- (2)  5.254  32:-0.232 0.578-0.661 0.406-0.102

             ENERGY     K= 9/2   5/2   1/2  -3/2  -7/2 -11/2
 
 I= 11/2- (1)  3.640  31: 0.064 0.363 0.711 0.571 0.178 0.014
 
 I= 11/2- (2)  5.999  33:-0.203 0.498-0.646 0.499-0.210 0.025

             ENERGY     K=13/2   9/2   5/2   1/2  -3/2  -7/2 -11/2
 
 I= 13/2- (1)  5.252  31: 0.022 0.250 0.610 0.220-0.543-0.461-0.094
 
 I= 13/2- (2)  6.225  33: 0.007 0.053-0.262 0.529-0.630 0.466-0.189

             ENERGY     K=13/2   9/2   5/2   1/2  -3/2  -7/2 -11/2
  21 LEVELS    TIME=  0.0 SEC



 ******************* EXCITATION ENERGIES, DOMINANT CONFIGURATION AND EXPECTATION VALUES (WITH S.P. UU+VV FACTORS) *******************

  NR  Eex(keV)  I   Kdom  NY    <Jz>  <Jx**2> <Jy**2> <Jz**2> <I.j>/|I|  <Rx**2> <Ry**2> <Rz**2> <R.j>/|R|  <HROTx> <HROTy> <HROTz>

   1    0.0   3/2-   3/2  33   -0.48    1.37    8.14    2.19    0.62       1.91    8.19    2.96   -2.91      0.627   0.521   0.599
   2   80.8   1/2-   1/2  33   -0.48    1.37    8.14    2.19   -0.43       2.20    8.06    2.92   -3.32      0.724   0.513   0.591
   3  276.9   3/2-   1/2  33   -0.48    1.37    8.14    2.19   -0.23       2.17   11.22    2.95   -3.00      0.713   0.714   0.597
   4  298.5   5/2-   3/2  33   -0.48    1.37    8.14    2.19    0.51       1.96   12.48    2.99   -2.44      0.647   0.793   0.605
   5  360.2   1/2-   1/2  32    0.44    1.79    1.76    8.10    0.74       1.64    1.58    7.90   -3.30      0.540   0.100   1.599
  
   6  832.2  11/2-   1/2  31    0.01   51.83    6.46    1.98    6.56       3.53    9.94    4.14   -5.02      1.163   0.632   0.838
   7 1041.2   3/2-   1/2  32    0.44    1.79    1.76    8.10   -0.34       1.94    5.11    9.67   -3.01      0.639   0.325   1.957
   8 1121.7   5/2-   1/2  32    0.44    1.79    1.76    8.10    0.51       1.94    5.50    9.96   -2.43      0.637   0.349   2.014
   9 1445.3   7/2-   1/2  33   -0.48    1.37    8.14    2.19   -0.22       2.40   21.74    5.04   -2.33      0.791   1.382   1.019
  10 1593.2   9/2-   3/2  33   -0.48    1.37    8.14    2.19    0.44       2.41   24.92    4.76   -1.68      0.794   1.585   0.962
  
  11 1637.3   5/2-   5/2  33   -0.48    1.37    8.14    2.19   -0.38       2.44   10.96    9.32   -2.69      0.803   0.697   1.885
  12 1679.1   7/2-   7/2  33   -0.48    1.37    8.14    2.19    0.45       2.48   12.34    9.01   -2.03      0.818   0.785   1.824
  13 2106.9   1/2-   1/2  30   -0.50    4.20    5.84    5.05   -0.27       4.09    6.43    5.80   -3.80      1.348   0.409   1.173
  14 2315.6   7/2-   1/2  32    0.44    1.79    1.76    8.10   -0.38       2.90   16.74   10.76   -2.38      0.955   1.064   2.176
  15 2443.8  13/2-   5/2  31    0.01   51.83    6.46    1.98    5.57       3.74   18.30    9.14   -3.82      1.232   1.163   1.849
  
  16 2446.0   9/2-   1/2  32    0.44    1.79    1.76    8.10    0.47       2.96   17.72   10.99   -1.65      0.975   1.127   2.224
  17 3191.0  11/2-   1/2  33   -0.48    1.37    8.14    2.19   -0.29       3.14   41.48    6.26   -1.88      1.034   2.637   1.267
  18 3328.2   9/2-   9/2  29    2.65    2.18    1.98   15.81    2.23       3.01    7.77   11.76   -1.87      0.992   0.494   2.380
  19 3417.3  13/2-   3/2  33   -0.48    1.37    8.14    2.19    0.41       3.10   45.48    6.19   -1.20      1.021   2.891   1.252
  20 4070.9  11/2-   7/2  33   -0.48    1.37    8.14    2.19    0.46       5.14   23.88   12.89   -1.38      1.692   1.518   2.609
  
  21 4250.6  13/2-   1/2  32    0.44    1.79    1.76    8.10    0.46       3.75   37.92   12.27   -1.15      1.236   2.411   2.484
