1SPECTRUM OF (Z= 82 A=207) IN PARTICLE-ROTOR  MODEL WITH MODIFIED OSCILLATOR POTENTIAL


 PARITY=-   EPS= 0.057   GAMMA=  0.0   EPS4=0.000   EPS6=0.000   LEVELS:  32  33  34  35  36

 PAIRING FACTORS: GN0= 19.20  GN1=  7.40  IPAIR= 15 ***  E2PLUS(INPUT)=   0.730  E2PLUR(INPUT)=   0.000

 CORIOLIS ATTENUATION PARAMETERS:  CHSI=0.000  ETA=  1.00

 MOMENT OF INERTIA PARAMETERS:   A1=  0.122 MEV   A2=  0.122 MEV   A3=121.91925 MEV

0            SORRY I FOUND NO SOLUTION            

                                    PAIRQ2

 DELTA=4.045 MEV  LAMBDA=50.6376 MEV   HW0= 7.4136 MEV   LAMBDA/HW0= 6.8304

 E2ENERGY=0.730 MEV  HBAR**2/B=  602./A**(7/3)= 101.8/A**2 MEV

 IREC=0  =>  RECOIL TERMS j+j-, j+j+, jzjz, ETC TREATED AS ONE-BODY OPERATORS WITH UU+VV PAIRING FACTORS



 S. P. LEVEL   EQP       U     V        (UU + VV)**1.00

     32       4.242    0.807 0.591      1.000 1.000 0.994 0.944 0.944
     33       4.324    0.823 0.568      1.000 1.000 0.997 0.953 0.952
     34       4.673    0.866 0.500      0.994 0.997 1.000 0.975 0.974
     35       7.219    0.956 0.293      0.944 0.953 0.975 1.000 1.000
     36       7.271    0.957 0.291      0.944 0.952 0.974 1.000 1.000

  R CORE   ENERGY   A0R/A00=1.000    R3= 0     2  
   2( 1)    0.732                    1.000 0.000
   2( 2)  487.921                    0.000 1.000

  R CORE   ENERGY   A0R/A00=1.000    R3= 0     2  
   3( 1)  488.652                    0.000 1.000

  R CORE   ENERGY   A0R/A00=1.000    R3= 0     2     4  
   4( 1)    2.438                    1.000 0.000 0.000

  R CORE   ENERGY   A0R/A00=1.000    R3= 0     2     4  
   5( 1)  490.847                    0.000 1.000 0.000

  R CORE   ENERGY   A0R/A00=1.000    R3= 0     2     4     6  
   6( 1)    5.121                    1.000 0.000 0.000 0.000

  R CORE   ENERGY   A0R/A00=1.000    R3= 0     2     4     6  
   7( 1)  494.017                    0.000 1.000 0.000 0.000

          AXIAL SYMMETRY => K RESTRICTED TO OMEGA

                     K
     S.P. ORB#: 32 -1.50
     S.P. ORB#: 33  2.50
     S.P. ORB#: 34  0.50
     S.P. ORB#: 35  0.50
     S.P. ORB#: 36 -1.50
 

             ENERGY    K= OMEGA
 
 I=  1/2- (1)  4.780  34: 1.000
 
 I=  1/2- (2) 15.922  35: 1.000

             ENERGY    K= OMEGA
 
 I=  3/2- (1)  4.855  32: 1.000
 
 I=  3/2- (2)  5.521  34: 1.000

             ENERGY    K= OMEGA
 
 I=  5/2- (1)  4.951  33: 1.000
 
 I=  5/2- (2)  5.464  32: 1.000

             ENERGY    K= OMEGA
 
 I=  7/2- (1)  5.804  33: 1.000
 
 I=  7/2- (2)  6.318  32: 1.000

             ENERGY    K= OMEGA
 
 I=  9/2- (1)  6.901  33: 1.000
 
 I=  9/2- (2)  7.206  34: 1.000

             ENERGY    K= OMEGA
 
 I= 11/2- (1)  8.243  33: 1.000
 
 I= 11/2- (2)  8.756  32: 1.000

             ENERGY    K= OMEGA
 
 I= 13/2- (1)  9.827  33: 1.000
 
 I= 13/2- (2)  9.882  34: 1.000

             ENERGY     K=-3/2
  21 LEVELS    TIME=  0.0 SEC



 ******************* EXCITATION ENERGIES, DOMINANT CONFIGURATION AND EXPECTATION VALUES (WITH S.P. UU+VV FACTORS) *******************

  NR  Eex(keV)  I   Kdom  NY    <Jz>  <Jx**2> <Jy**2> <Jz**2> <I.j>/|I|  <Rx**2> <Ry**2> <Rz**2> <R.j>/|R|  <HROTx> <HROTy> <HROTz>

   1    0.0   1/2-   1/2  34    0.50    0.70    0.70    0.25    0.88       0.44    0.44    0.00   -0.95      0.054   0.054   0.000
   2   74.7   3/2-  -3/2  32   -1.50    1.76    1.76    2.25    1.16       2.51    2.51    0.00   -1.57      0.307   0.307   0.000
   3  170.6   5/2-   5/2  33    2.50    1.32    1.32    6.25    2.11       2.57    2.57    0.00   -1.16      0.313   0.313   0.000
   4  684.3   5/2-  -3/2  32   -1.50    1.76    1.76    2.25    0.76       5.01    5.01    0.00   -1.11      0.611   0.611   0.000
   5  725.4   5/2-   1/2  34    0.50    0.70    0.70    0.25    0.60       3.41    3.41    0.00    0.05      0.416   0.416   0.000
  
   6  740.6   3/2-   1/2  34    0.50    0.70    0.70    0.25   -0.40       3.48    3.48    0.00   -0.92      0.424   0.424   0.000
   7 1024.0   7/2-   5/2  33    2.50    1.32    1.32    6.25    1.57       6.07    6.07    0.00   -0.76      0.740   0.740   0.000
   8 1537.8   7/2-  -3/2  32   -1.50    1.76    1.76    2.25    0.57       8.51    8.51    0.00   -0.86      1.038   1.038   0.000
   9 2121.3   9/2-   5/2  33    2.50    1.32    1.32    6.25    1.26      10.57   10.57    0.00   -0.57      1.289   1.289   0.000
  10 2426.2   9/2-   1/2  34    0.50    0.70    0.70    0.25    0.57      10.39   10.39    0.00    0.25      1.267   1.267   0.000
  
  11 2453.6   7/2-   1/2  34    0.50    0.70    0.70    0.25   -0.45      10.50   10.50    0.00   -0.75      1.280   1.280   0.000
  12 2635.0   9/2-  -3/2  32   -1.50    1.76    1.76    2.25    0.45      13.01   13.01    0.00   -0.69      1.587   1.587   0.000
  13 3462.4  11/2-   5/2  33    2.50    1.32    1.32    6.25    1.05      16.07   16.07    0.00   -0.47      1.959   1.959   0.000
  14 3976.1  11/2-  -3/2  32   -1.50    1.76    1.76    2.25    0.38      18.51   18.51    0.00   -0.58      2.257   2.257   0.000
  15 5047.3  13/2-   5/2  33    2.50    1.32    1.32    6.25    0.90      22.57   22.57    0.00   -0.39      2.752   2.752   0.000
  
  16 5102.4  13/2-   1/2  34    0.50    0.70    0.70    0.25    0.55      21.36   21.36    0.00    0.33      2.605   2.605   0.000
  17 5141.9  11/2-   1/2  34    0.50    0.70    0.70    0.25   -0.47      21.53   21.53    0.00   -0.68      2.624   2.624   0.000
  18 5561.1  13/2-  -3/2  32   -1.50    1.76    1.76    2.25    0.32      25.01   25.01    0.00   -0.50      3.050   3.050   0.000
  19 8597.0   3/2-   1/2  35    0.50   31.46   31.46    0.25    4.24      25.26   25.26    0.00   -7.73      3.079   3.079   0.000
  2011142.3   1/2-   1/2  35    0.50   31.46   31.46    0.25   -4.31      35.69   35.69    0.00   -7.92      4.352   4.352   0.000
  
  21*******   1/2-  -3/2  32    0.00    0.00    0.00    0.00   -0.00       0.00    0.00    0.00   -0.00      0.000   0.000   0.000
