1SPECTRUM OF (Z= 82 A=207) IN PARTICLE-ROTOR  MODEL WITH MODIFIED OSCILLATOR POTENTIAL


 PARITY=-   EPS= 0.842   GAMMA= 19.0   EPS4=0.000   EPS6=0.000   LEVELS:  29  30  31  32  33

 PAIRING FACTORS: GN0= 19.20  GN1=  7.40  IPAIR= 15 ***  E2PLUS(INPUT)=   0.110  E2PLUR(INPUT)=   0.000

 CORIOLIS ATTENUATION PARAMETERS:  CHSI=1.000  ETA=  1.00

 MOMENT OF INERTIA PARAMETERS:   A1=  0.026 MEV   A2=  0.012 MEV   A3=  0.10457 MEV


 DELTA=0.552 MEV  LAMBDA=54.7260 MEV   HW0= 8.1948 MEV   LAMBDA/HW0= 6.6781

 E2ENERGY=0.110 MEV  HBAR**2/B=15934./A**(7/3)=2693.7/A**2 MEV

 IREC=1  =>  RECOIL TERMS j+j-, j+j+, jzjz, ETC TREATED AS TWO-BODY OPERATORS WITH APPROPRIATE PAIRING FACTORS



 S. P. LEVEL   EQP       U     V        (UU + VV)**1.00

     29       1.130    0.252 0.968      1.000 0.935 0.736 0.728 0.401
     30       0.585    0.578 0.816      0.935 1.000 0.928 0.923 0.699
     31       0.606    0.841 0.541      0.736 0.928 1.000 1.000 0.915
     32       0.613    0.847 0.531      0.728 0.923 1.000 1.000 0.920
     33       1.782    0.988 0.157      0.401 0.699 0.915 0.920 1.000

  R CORE   ENERGY   A0R/A00=1.000    R3= 0     2  
   2( 1)    0.110                    0.997-0.071
   2( 2)    0.457                    0.071 0.997

  R CORE   ENERGY   A0R/A00=1.000    R3= 0     2  
   3( 1)    0.567                    0.000 1.000

  R CORE   ENERGY   A0R/A00=1.000    R3= 0     2     4  
   4( 1)    0.348                    0.968-0.252 0.007

  R CORE   ENERGY   A0R/A00=1.000    R3= 0     2     4  
   5( 1)    0.897                    0.000 0.997-0.071

  R CORE   ENERGY   A0R/A00=1.000    R3= 0     2     4     6  
   6( 1)    0.684                    0.902-0.430 0.034-0.001
 

             ENERGY     K= 1/2
 
 I=  1/2- (1)  0.597  30: 0.184
                      32: 0.983
 
 I=  1/2- (2)  0.747  30: 0.983
                      32:-0.184
 
 I=  1/2- (3)  0.835  29: 0.080
                      31:-0.997

             ENERGY     K= 1/2  -3/2
 
 I=  3/2- (1)  0.692  30: 0.191-0.031
                      32: 0.965-0.177
 
 I=  3/2- (2)  0.805  30: 0.962-0.191
                      32:-0.189 0.043
 
 I=  3/2- (3)  0.806  29:-0.091 0.050
                      31: 0.915 0.389

             ENERGY     K= 5/2   1/2  -3/2
 
 I=  5/2- (1)  0.712  30: 0.008-0.178-0.010
                      32: 0.042-0.981-0.067
 
 I=  5/2- (2)  0.890  30: 0.039-0.978 0.102
                      32:-0.007 0.178-0.016
 
 I=  5/2- (3)  0.895  29: 0.010 0.029 0.122
                      31:-0.047-0.492 0.858
                      33:-0.005 0.009 0.058

             ENERGY     K= 5/2   1/2  -3/2  -7/2
 
 I=  7/2- (1)  0.893  30: 0.011-0.178 0.076-0.002
                      32: 0.049-0.888 0.415-0.013
 
 I=  7/2- (2)  0.982  29: 0.004-0.108-0.004-0.004
                      31:-0.047 0.985 0.125-0.010
 
 I=  7/2- (3)  0.993  30:-0.064 0.868-0.452 0.017
                      32: 0.008-0.168 0.097-0.003

             ENERGY     K= 9/2   5/2   1/2  -3/2  -7/2
 
 I=  9/2- (1)  0.968  30: 0.001-0.029 0.173-0.004-0.001
                      32: 0.004-0.156 0.972-0.015-0.008
 
 I=  9/2- (2)  1.116  29: 0.001-0.016-0.020-0.090 0.071
                      31:-0.003 0.054 0.533-0.830 0.081
                      33:-0.000 0.013-0.016-0.053 0.017

             ENERGY     K= 9/2   5/2   1/2  -3/2  -7/2 -11/2
 
 I= 11/2- (1)  1.185  30: 0.001-0.024 0.162-0.102 0.010-0.000
                      32: 0.003-0.108 0.810-0.540 0.051-0.001
 
 I= 11/2- (2)  1.279  30: 0.005-0.131 0.792-0.561 0.060-0.001
                      32:-0.001 0.019-0.152 0.117-0.012 0.000

             ENERGY     K=13/2   9/2   5/2   1/2  -3/2  -7/2 -11/2

             ENERGY     K=13/2   9/2   5/2   1/2  -3/2  -7/2 -11/2
  26 LEVELS    TIME=  0.0 SEC



 ******************* EXCITATION ENERGIES, DOMINANT CONFIGURATION AND EXPECTATION VALUES (WITH S.P. UU+VV FACTORS) *******************

  NR  Eex(keV)  I   Kdom  NY    <Jz>  <Jx**2> <Jy**2> <Jz**2> <I.j>/|I|  <Rx**2> <Ry**2> <Rz**2> <R.j>/|R|  <HROTx> <HROTy> <HROTz>

   1    0.0   1/2-   1/2  32    0.24    1.54    0.35   -0.51    0.45       1.11    0.74   -0.49   -0.86      0.029   0.009  -0.052
   2   95.1   3/2-   1/2  32    0.24    1.54    0.35   -0.51   -0.09       3.84    2.03   -0.40   -0.66      0.099   0.023  -0.042
   3  114.8   5/2-   1/2  32    0.24    1.54    0.35   -0.51    0.36       3.67    4.79   -0.47   -0.11      0.094   0.055  -0.049
   4  150.2   1/2-   1/2  30   -0.13    1.53    0.23    0.69   -0.09       1.62    0.66    1.08   -1.38      0.042   0.008   0.113
   5  208.0   3/2-   1/2  30   -0.13    1.53    0.23    0.69    0.03       3.12    1.82    1.13   -0.97      0.080   0.021   0.118
  
   6  209.1   3/2-   1/2  31   -0.42    3.73    2.92   -0.03    0.66       3.45    3.76    0.59   -1.91      0.089   0.043   0.062
   7  237.4   1/2-   1/2  31   -0.39    3.71    2.95   -0.05   -0.88       4.81    3.48    0.59   -2.47      0.124   0.040   0.061
   8  259.9   3/2-   3/2  31   -0.63    3.87    2.65    0.25    0.35       4.90    3.73    0.54   -2.01      0.126   0.043   0.057
   9  292.7   5/2-   1/2  30   -0.13    1.53    0.23    0.69   -0.06       4.82    5.65    1.10   -0.78      0.124   0.065   0.115
  10  295.8   7/2-   1/2  32    0.24    1.54    0.35   -0.51    0.08       6.13   10.33    0.05   -0.26      0.158   0.119   0.005
  
  11  297.7   5/2-   3/2  31   -0.54    3.86    2.81    0.12    0.33       4.16    8.75    0.66   -1.58      0.107   0.101   0.069
  12  328.5   3/2-   3/2  30   -0.13    1.53    0.23    0.69    0.04       2.77    0.79    2.48   -0.96      0.071   0.009   0.259
  13  371.0   9/2-   1/2  32    0.24    1.54    0.35   -0.51    0.28       8.55   15.16   -0.37    0.00      0.220   0.174  -0.038
  14  384.9   7/2-   1/2  31   -0.39    3.69    2.94   -0.07    0.59       7.87    9.14    0.59   -1.00      0.203   0.105   0.061
  15  395.6   7/2-   1/2  30   -0.13    1.53    0.23    0.69    0.14       5.50   10.20    1.42   -0.46      0.142   0.117   0.148
  
  16  418.2   5/2-   3/2  30   -0.13    1.52    0.23    0.67    0.10       5.09    2.98    2.51   -0.65      0.131   0.034   0.263
  17  428.8   5/2-   3/2  32    0.23    1.55    0.35   -0.48   -0.05       3.96    3.94    2.57   -0.48      0.102   0.045   0.268
  18  464.2   7/2-   3/2  31   -0.67    3.88    2.60    0.30    0.32       9.24   10.10    0.68   -1.24      0.238   0.116   0.071
  19  519.2   9/2-   3/2  31   -0.52    3.84    2.83    0.09    0.26       6.86   21.33    0.74   -1.02      0.177   0.245   0.077
  20  556.4   9/2-   1/2  30   -0.13    1.53    0.23    0.69   -0.12       8.02   19.05    1.36   -0.58      0.206   0.219   0.143
  
  21  586.5   7/2-   3/2  30   -0.12    1.52    0.24    0.63   -0.10      11.72    4.91    2.27   -0.64      0.302   0.056   0.237
  22  588.0  11/2-   1/2  32    0.24    1.54    0.35   -0.51    0.15       8.48   26.37    0.50   -0.08      0.218   0.303   0.052
  23  681.9  11/2-   1/2  30   -0.13    1.53    0.23    0.69    0.17       8.24   26.28    1.71   -0.24      0.212   0.302   0.179
  24  683.5  11/2-   1/2  31   -0.41    3.71    2.92   -0.06    0.43      11.50   24.90    0.78   -0.66      0.296   0.286   0.082
  25 1044.7   1/2-   1/2  29   -1.35    1.42   -1.70    1.99   -0.74       1.82   -1.67    3.60   -1.22      0.047  -0.019   0.376
  
  26 1648.2   1/2-   1/2  33   -1.07    1.80    2.66    3.41   -0.49       1.85    2.89    4.73   -2.70      0.048   0.033   0.495
