1SPECTRUM OF (Z= 82 A=207) IN PARTICLE-ROTOR  MODEL WITH MODIFIED OSCILLATOR POTENTIAL


 PARITY=-   EPS= 0.389   GAMMA= 17.1   EPS4=0.000   EPS6=0.000   LEVELS:  18  19  20  21  22

 PAIRING FACTORS: GN0= 19.20  GN1=  7.40  IPAIR= 15 ***  E2PLUS(INPUT)=   0.803  E2PLUR(INPUT)=   0.000

 CORIOLIS ATTENUATION PARAMETERS:  CHSI=0.000  ETA=  1.00

 MOMENT OF INERTIA PARAMETERS:   A1=  0.182 MEV   A2=  0.088 MEV   A3=  0.96800 MEV


 DELTA=0.959 MEV  LAMBDA=52.7694 MEV   HW0= 7.5471 MEV   LAMBDA/HW0= 6.9920

 E2ENERGY=0.803 MEV  HBAR**2/B=25806./A**(7/3)=4362.5/A**2 MEV

 IREC=0  =>  RECOIL TERMS j+j-, j+j+, jzjz, ETC TREATED AS ONE-BODY OPERATORS WITH UU+VV PAIRING FACTORS



 S. P. LEVEL   EQP       U     V        (UU + VV)**1.00

     18       9.273    0.052 0.999      1.000 1.000 1.000 1.000 0.999
     19       7.880    0.061 0.998      1.000 1.000 1.000 1.000 1.000
     20       7.013    0.069 0.998      1.000 1.000 1.000 1.000 1.000
     21       6.597    0.073 0.997      1.000 1.000 1.000 1.000 1.000
     22       5.514    0.087 0.996      0.999 1.000 1.000 1.000 1.000

  R CORE   ENERGY   A0R/A00=1.000    R3= 0     2  
   2( 1)    0.803                    0.999-0.048
   2( 2)    4.150                    0.048 0.999

  R CORE   ENERGY   A0R/A00=1.000    R3= 0     2  
   3( 1)    4.953                    0.000 1.000

  R CORE   ENERGY   A0R/A00=1.000    R3= 0     2     4  
   4( 1)    2.589                    0.984-0.179 0.003

  R CORE   ENERGY   A0R/A00=1.000    R3= 0     2     4  
   5( 1)    7.362                    0.000 0.999-0.048

  R CORE   ENERGY   A0R/A00=1.000    R3= 0     2     4     6  
   6( 1)    5.191                    0.941-0.337 0.019-0.000

  R CORE   ENERGY   A0R/A00=1.000    R3= 0     2     4     6  
   7( 1)   10.781                    0.000 0.994-0.108 0.003
 

             ENERGY     K= 1/2
 
 I=  1/2- (1) 10.430  21: 1.000
 
 I=  1/2- (2) 11.215  22: 1.000

             ENERGY     K= 1/2  -3/2
 
 I=  3/2- (1) 10.083  21: 0.977 0.213
 
 I=  3/2- (2) 11.758  22: 1.000-0.011

             ENERGY     K= 5/2   1/2  -3/2
 
 I=  5/2- (1) 10.257  22: 0.997-0.076 0.011
 
 I=  5/2- (2) 11.235  21:-0.035-0.783 0.621

             ENERGY     K= 5/2   1/2  -3/2  -7/2
 
 I=  7/2- (1) 11.155  21:-0.015 0.963 0.269-0.007
 
 I=  7/2- (2) 11.172  22: 0.991-0.133-0.010-0.001

             ENERGY     K= 9/2   5/2   1/2  -3/2  -7/2
 
 I=  9/2- (1)  9.798  20: 0.999-0.051 0.002-0.000 0.000
 
 I=  9/2- (2) 12.268  22: 0.057-0.964 0.260-0.031-0.001

             ENERGY     K= 9/2   5/2   1/2  -3/2  -7/2 -11/2
 
 I= 11/2- (1) 11.245  20: 0.995-0.099 0.004-0.000-0.000-0.000
 
 I= 11/2- (2) 13.377  21: 0.001-0.072 0.973 0.219-0.023 0.000

             ENERGY     K=13/2   9/2   5/2   1/2  -3/2  -7/2 -11/2
 
 I= 13/2- (1) 12.811  20: 0.270-0.952 0.143-0.009 0.000-0.000 0.000
 
 I= 13/2- (2) 14.377  20: 0.963 0.265-0.055 0.004-0.000 0.000 0.000

             ENERGY     K=13/2   9/2   5/2   1/2  -3/2  -7/2 -11/2
  21 LEVELS    TIME=  0.0 SEC



 ******************* EXCITATION ENERGIES, DOMINANT CONFIGURATION AND EXPECTATION VALUES (WITH S.P. UU+VV FACTORS) *******************

  NR  Eex(keV)  I   Kdom  NY    <Jz>  <Jx**2> <Jy**2> <Jz**2> <I.j>/|I|  <Rx**2> <Ry**2> <Rz**2> <R.j>/|R|  <HROTx> <HROTy> <HROTz>

   1    0.0   9/2-   9/2  20    4.42    7.39    7.75   19.70    3.99       9.35   10.32    0.18   -3.36      1.700   0.913   0.171
   2  285.8   3/2-   1/2  21   -0.14    5.81   12.73    1.02    0.81       4.40   14.29    1.47   -4.01      0.800   1.264   1.422
   3  459.7   5/2-   5/2  22    1.83    9.83    6.45    5.01    1.54      10.84    7.95    2.14   -3.66      1.971   0.704   2.069
   4  631.8   1/2-   1/2  21   -0.14    5.81   12.73    1.02   -0.74       7.38   12.80    1.40   -4.35      1.341   1.133   1.358
   5 1357.2   7/2-   1/2  21   -0.14    5.81   12.73    1.02    0.90       7.88   18.80    1.51   -3.01      1.432   1.664   1.462
  
   6 1374.5   7/2-   5/2  22    1.83    9.83    6.45    5.01    1.13      13.76   12.13    2.15   -3.17      2.501   1.073   2.084
   7 1417.5   1/2-   1/2  22    1.83    9.83    6.45    5.01    1.26       9.92    6.50    3.43   -4.53      1.803   0.575   3.323
   8 1436.9   5/2-   1/2  21   -0.14    5.81   12.73    1.02    0.37       6.36   17.77    1.97   -3.61      1.156   1.572   1.909
   9 1447.2  11/2-   9/2  20    4.42    7.39    7.75   19.70    3.31      14.06   16.71    0.20   -2.70      2.556   1.479   0.197
  10 1960.4   3/2-   1/2  22    1.83    9.83    6.45    5.01    0.29      11.86    8.63    3.43   -4.24      2.157   0.764   3.324
  
  11 2029.5   3/2-   3/2  21   -0.14    5.81   12.73    1.02   -0.15       7.07   14.03    2.79   -4.06      1.286   1.241   2.703
  12 2414.5   5/2-   1/2  22    1.83    9.83    6.45    5.01    0.50      13.78    9.90    3.43   -3.81      2.504   0.876   3.318
  13 2470.0   9/2-   5/2  22    1.83    9.83    6.45    5.01    0.89      15.94   18.98    2.25   -2.76      2.898   1.679   2.176
  14 2928.2   9/2-   3/2  21   -0.14    5.81   12.73    1.02    0.51       7.97   29.06    2.18   -2.72      1.448   2.571   2.109
  15 3013.3  13/2-   9/2  20    4.42    7.39    7.75   19.70    2.91      16.20   26.12    0.56   -2.21      2.946   2.311   0.541
  
  16 3579.6  11/2-   1/2  21   -0.14    5.81   12.73    1.02    0.83      15.41   28.41    1.51   -2.16      2.801   2.514   1.465
  17 3590.6   1/2-   1/2  19   -0.79   11.56    6.57    1.68   -0.96      12.34    7.16    2.72   -4.38      2.243   0.633   2.632
  18 3591.9   7/2-   3/2  21   -0.14    5.81   12.73    1.02   -0.11      10.85   22.38    2.93   -3.32      1.972   1.980   2.840
  19 3829.8  11/2-   5/2  22    1.83    9.83    6.45    5.01    0.71      19.14   27.14    2.31   -2.45      3.479   2.401   2.234
  20 4579.5  13/2-  13/2  20    4.42    7.39    7.75   19.70    4.02      13.44    9.84    4.18   -1.29      2.444   0.871   4.049
  
  21 5200.8  13/2-   5/2  22    1.83    9.83    6.45    5.01    0.62      19.42   39.43    2.55   -2.17      3.531   3.489   2.465
