1SPECTRUM OF (Z= 82 A=207) IN PARTICLE-ROTOR  MODEL WITH MODIFIED OSCILLATOR POTENTIAL


 PARITY=-   EPS= 0.159   GAMMA= 20.0   EPS4=0.000   EPS6=0.000   LEVELS:  31  32  33  34  35

 PAIRING FACTORS: GN0= 19.20  GN1=  7.40  IPAIR= 15 ***  E2PLUS(INPUT)=   0.803  E2PLUR(INPUT)=   0.000

 CORIOLIS ATTENUATION PARAMETERS:  CHSI=1.000  ETA=  1.00

 MOMENT OF INERTIA PARAMETERS:   A1=  0.192 MEV   A2=  0.082 MEV   A3=  0.67674 MEV


 DELTA=0.754 MEV  LAMBDA=53.3686 MEV   HW0= 7.4322 MEV   LAMBDA/HW0= 7.1807

 E2ENERGY=0.803 MEV  HBAR**2/B= 4058./A**(7/3)= 686.0/A**2 MEV

 IREC=0  =>  RECOIL TERMS j+j-, j+j+, jzjz, ETC TREATED AS ONE-BODY OPERATORS WITH UU+VV PAIRING FACTORS



 S. P. LEVEL   EQP       U     V        (UU + VV)**1.00

     31       1.505    0.259 0.966      1.000 0.990 0.891 0.506 0.470
     32       1.041    0.394 0.919      0.990 1.000 0.946 0.624 0.591
     33       0.758    0.670 0.743      0.891 0.946 1.000 0.842 0.820
     34       1.477    0.964 0.265      0.506 0.624 0.842 1.000 0.999
     35       1.722    0.974 0.225      0.470 0.591 0.820 0.999 1.000

  R CORE   ENERGY   A0R/A00=1.000    R3= 0     2  
   2( 1)    0.803                    0.996-0.087
   2( 2)    2.997                    0.087 0.996

  R CORE   ENERGY   A0R/A00=1.000    R3= 0     2  
   3( 1)    3.800                    0.000 1.000

  R CORE   ENERGY   A0R/A00=1.000    R3= 0     2     4  
   4( 1)    2.504                    0.955-0.296 0.010

  R CORE   ENERGY   A0R/A00=1.000    R3= 0     2     4  
   5( 1)    6.209                    0.000 0.996-0.087

  R CORE   ENERGY   A0R/A00=1.000    R3= 0     2     4     6  
   6( 1)    4.873                    0.878-0.476 0.045-0.001

  R CORE   ENERGY   A0R/A00=1.000    R3= 0     2     4     6  
   7( 1)    9.562                    0.000 0.982-0.189 0.009
 

             ENERGY     K= 1/2
 
 I=  1/2- (1)  2.071  32: 0.460
                      33: 0.155
                      34: 0.874
 
 I=  1/2- (2)  3.915  31: 0.821
                      32: 0.057
                      33: 0.555
                      34:-0.124

             ENERGY     K= 1/2  -3/2
 
 I=  3/2- (1)  1.948  31:-0.113 0.086
                      32: 0.036-0.715
                      33: 0.006 0.592
                      34:-0.047 0.338
 
 I=  3/2- (2)  2.848  31:-0.017 0.095
                      32:-0.444 0.073
                      33:-0.185-0.009
                      34:-0.866 0.067

             ENERGY     K= 5/2   1/2  -3/2
 
 I=  5/2- (1)  1.827  31: 0.006 0.070-0.136
                      32:-0.434 0.034-0.251
                      33:-0.734 0.005 0.205
                      34: 0.357-0.045 0.116
 
 I=  5/2- (2)  2.699  31: 0.017 0.120 0.108
                      32: 0.156 0.020-0.667
                      33: 0.269-0.051 0.558
                      34:-0.131 0.016 0.316

             ENERGY     K= 5/2   1/2  -3/2  -7/2
 
 I=  7/2- (1)  2.602  31: 0.013 0.073 0.157 0.024
                      32:-0.414-0.001 0.309 0.008
                      33:-0.707 0.047-0.254-0.006
                      34: 0.341-0.012-0.141-0.003
 
 I=  7/2- (2)  3.489  31:-0.003-0.234 0.213-0.001
                      32:-0.171 0.114-0.590 0.115
                      33:-0.297 0.003 0.503-0.093
                      34: 0.155-0.160 0.307-0.052

             ENERGY     K= 9/2   5/2   1/2  -3/2  -7/2
 
 I=  9/2- (1)  3.410  31: 0.001-0.008-0.181 0.265 0.007
                      32:-0.072 0.365-0.114 0.325-0.026
                      33:-0.122 0.628-0.018-0.272 0.021
                      34: 0.060-0.320 0.147-0.163 0.012
 
 I=  9/2- (2)  4.558  31: 0.000-0.008 0.078-0.128 0.022
                      32:-0.027 0.169-0.438 0.118-0.010
                      33:-0.039 0.121-0.146-0.011 0.007
                      34: 0.011 0.166-0.814 0.117 0.002

             ENERGY     K= 9/2   5/2   1/2  -3/2  -7/2 -11/2
 
 I= 11/2- (1)  4.704  31: 0.003-0.011-0.068-0.166-0.002 0.005
                      32:-0.135 0.365 0.010-0.336 0.070 0.001
                      33:-0.228 0.641-0.144 0.286-0.057-0.001
                      34: 0.110-0.306 0.022 0.153-0.031-0.001
 
 I= 11/2- (2)  5.606  35:-0.012-0.250-0.799-0.543-0.073-0.001

             ENERGY     K=13/2   9/2   5/2   1/2  -3/2  -7/2 -11/2
 
 I= 13/2- (1)  5.566  31: 0.000-0.003-0.018 0.259-0.334 0.043 0.004
                      32:-0.008 0.130-0.299 0.177-0.312 0.090-0.002
                      33:-0.013 0.222-0.515 0.029 0.262-0.074 0.001
                      34: 0.006-0.112 0.297-0.225 0.182-0.043 0.001
 
 I= 13/2- (2)  6.920  31: 0.000-0.002 0.018-0.092 0.127-0.038 0.005
                      32:-0.004 0.066-0.251 0.431-0.203 0.042-0.001
                      33:-0.005 0.084-0.170 0.136 0.014-0.024 0.001
                      34: 0.002-0.005-0.258 0.717-0.205 0.003 0.000

             ENERGY     K=13/2   9/2   5/2   1/2  -3/2  -7/2 -11/2
  21 LEVELS    TIME=  0.0 SEC



 ******************* EXCITATION ENERGIES, DOMINANT CONFIGURATION AND EXPECTATION VALUES (WITH S.P. UU+VV FACTORS) *******************

  NR  Eex(keV)  I   Kdom  NY    <Jz>  <Jx**2> <Jy**2> <Jz**2> <I.j>/|I|  <Rx**2> <Ry**2> <Rz**2> <R.j>/|R|  <HROTx> <HROTy> <HROTz>

   1    0.0   5/2-   5/2  33    1.89    1.44    1.85    5.81    2.25       1.61    2.38    0.55   -1.15      0.308   0.194   0.374
   2  121.4   3/2-   3/2  32   -1.40    1.29    1.75    2.59    1.20       1.68    2.45    0.63   -1.52      0.321   0.200   0.425
   3  244.0   1/2-   1/2  34    0.48    0.87    1.59    0.92    0.83       0.63    1.38    0.69   -1.62      0.120   0.113   0.470
   4  775.4   7/2-   5/2  33    1.64    1.47    1.90    5.55    1.82       4.29    5.33    0.58   -0.53      0.823   0.435   0.390
   5  872.1   5/2-   3/2  32   -0.96    1.27    1.77    3.02    0.75       4.37    5.33    0.64   -1.19      0.838   0.435   0.430
  
   6 1021.8   3/2-   1/2  34    0.46    0.88    1.62    0.94   -0.30       3.24    4.37    0.75   -1.39      0.620   0.357   0.507
   7 1041.9   5/2-   1/2  34    0.47    0.87    1.67    0.94    0.62       3.30    4.53    0.74   -0.56      0.632   0.369   0.498
   8 1583.5   9/2-   5/2  33    1.25    1.50    2.41    5.00    1.73       4.74   10.86    0.88   -0.08      0.908   0.886   0.597
   9 1662.2   7/2-   3/2  32   -0.74    1.09    1.97    3.07    0.68       4.76   10.78    0.95   -0.85      0.911   0.880   0.645
  10 1813.2   3/2-   3/2  31   -0.47    1.59    5.68    2.10    1.02       0.96    5.88    2.33   -2.44      0.185   0.480   1.574
  
  11 2088.2   1/2-   1/2  31    0.09    0.59    5.03    3.03    0.54       0.48    4.79    3.19   -2.81      0.092   0.391   2.158
  12 2344.8   1/2-   1/2  32    0.39    1.43    1.47    4.07    0.59       1.23    1.55    3.92   -2.50      0.236   0.127   2.655
  13 2662.1   7/2-   1/2  34    0.39    1.08    1.87    1.23   -0.15       6.36   13.48    1.27   -1.04      1.219   1.100   0.863
  14 2731.4   9/2-   1/2  34    0.48    0.94    1.68    1.04    0.62       6.76   14.43    1.09   -0.13      1.296   1.178   0.737
  15 2877.7  11/2-   5/2  33    1.43    1.47    1.93    5.35    1.44       8.16   18.06    1.05   -0.03      1.564   1.474   0.713
  
  16 2940.5   9/2-   3/2  32   -0.56    1.30    1.77    3.42    0.40       8.18   17.99    1.11   -0.86      1.567   1.469   0.750
  17 3739.4  13/2-   5/2  33    0.89    1.47    2.97    4.44    1.59       6.42   27.50    1.47    0.38      1.229   2.244   0.996
  18 3779.0  11/2-   1/2  35    0.02   51.64    8.06    1.58    6.37       4.36   13.65    2.86   -5.08      0.836   1.114   1.933
  19 3785.9  11/2-   3/2  32   -0.56    0.97    2.26    3.02    0.57       6.38   27.23    1.54   -0.48      1.223   2.223   1.043
  20 5093.5  13/2-   1/2  34    0.50    1.07    1.56    1.20    0.61       9.02   33.36    1.71    0.06      1.729   2.723   1.160
  
  21 5650.4  13/2-   3/2  32   -0.36    1.34    1.73    3.67    0.19      10.37   40.72    1.79   -0.75      1.986   3.323   1.211
