1SPECTRUM OF (Z= 82 A=207) IN PARTICLE-ROTOR  MODEL WITH MODIFIED OSCILLATOR POTENTIAL


 PARITY=-   EPS= 0.264   GAMMA= 18.0   EPS4=0.000   EPS6=0.000   LEVELS:  29  30  31  32  33

 PAIRING FACTORS: GN0= 19.20  GN1=  7.40  IPAIR= 15 ***  E2PLUS(INPUT)=   0.803  E2PLUR(INPUT)=   0.000

 CORIOLIS ATTENUATION PARAMETERS:  CHSI=1.000  ETA=  1.00

 MOMENT OF INERTIA PARAMETERS:   A1=  0.185 MEV   A2=  0.086 MEV   A3=  0.86545 MEV


 DELTA=0.965 MEV  LAMBDA=53.3600 MEV   HW0= 7.4712 MEV   LAMBDA/HW0= 7.1421

 E2ENERGY=0.803 MEV  HBAR**2/B=11680./A**(7/3)=1974.5/A**2 MEV

 IREC=0  =>  RECOIL TERMS j+j-, j+j+, jzjz, ETC TREATED AS ONE-BODY OPERATORS WITH UU+VV PAIRING FACTORS



 S. P. LEVEL   EQP       U     V        (UU + VV)**1.00

     29       2.045    0.243 0.970      1.000 0.997 0.942 0.905 0.734
     30       1.594    0.320 0.948      0.997 1.000 0.966 0.936 0.786
     31       1.046    0.555 0.832      0.942 0.966 1.000 0.995 0.919
     32       0.984    0.634 0.774      0.905 0.936 0.995 1.000 0.954
     33       1.054    0.837 0.547      0.734 0.786 0.919 0.954 1.000

  R CORE   ENERGY   A0R/A00=1.000    R3= 0     2  
   2( 1)    0.803                    0.998-0.058
   2( 2)    3.743                    0.058 0.998

  R CORE   ENERGY   A0R/A00=1.000    R3= 0     2  
   3( 1)    4.546                    0.000 1.000

  R CORE   ENERGY   A0R/A00=1.000    R3= 0     2     4  
   4( 1)    2.568                    0.978-0.211 0.005

  R CORE   ENERGY   A0R/A00=1.000    R3= 0     2     4  
   5( 1)    6.955                    0.000 0.998-0.058

  R CORE   ENERGY   A0R/A00=1.000    R3= 0     2     4     6  
   6( 1)    5.104                    0.924-0.381 0.025-0.000

  R CORE   ENERGY   A0R/A00=1.000    R3= 0     2     4     6  
   7( 1)   10.357                    0.000 0.992-0.129 0.004
 

             ENERGY     K= 1/2
 
 I=  1/2- (1)  4.080  29: 0.236
                      30:-0.118
                      31:-0.688
                      33:-0.676
 
 I=  1/2- (2)  4.549  29:-0.071
                      30: 0.124
                      31:-0.716
                      33: 0.683

             ENERGY     K= 1/2  -3/2
 
 I=  3/2- (1)  3.773  29: 0.036-0.346
                      31:-0.181-0.918
 
 I=  3/2- (2)  4.441  29: 0.176 0.063
                      30:-0.053 0.008
                      31:-0.901 0.180
                      33:-0.340 0.042

             ENERGY     K= 5/2   1/2  -3/2
 
 I=  5/2- (1)  4.253  29:-0.007-0.057-0.301
                      31: 0.010 0.383-0.867
                      33: 0.022 0.072 0.029
 
 I=  5/2- (2)  5.034  29: 0.013-0.245 0.002
                      30:-0.048 0.163-0.002
                      31:-0.014 0.183 0.173
                      33:-0.039 0.920-0.009

             ENERGY     K= 5/2   1/2  -3/2  -7/2
 
 I=  7/2- (1)  4.802  29:-0.005 0.012-0.128 0.857
                      31: 0.010-0.028-0.222 0.431
                      33: 0.018-0.019 0.004 0.098
 
 I=  7/2- (2)  5.411  29: 0.017 0.055-0.336-0.232
                      30:-0.062-0.009 0.000-0.013
                      31:-0.024-0.199-0.876-0.093
                      33:-0.049-0.066 0.051-0.028

             ENERGY     K= 9/2   5/2   1/2  -3/2  -7/2
 
 I=  9/2- (1)  3.189  29:-0.051 0.004-0.001 0.007-0.051
                      30: 0.991-0.062 0.002 0.000-0.003
                      33:-0.094 0.004 0.000 0.000-0.006
 
 I=  9/2- (2)  5.730  29: 0.000-0.002 0.036 0.236-0.555
                      31: 0.002 0.017-0.363 0.633-0.307
                      33: 0.013-0.003-0.027-0.018-0.061

             ENERGY     K= 9/2   5/2   1/2  -3/2  -7/2 -11/2
 
 I= 11/2- (1)  4.618  29:-0.051 0.007 0.001-0.017 0.074 0.006
                      30: 0.984-0.119 0.006-0.001 0.004 0.000
                      33:-0.092 0.007-0.000-0.000 0.008 0.000
 
 I= 11/2- (2)  5.108  32:-0.006-0.212-0.830-0.514-0.048-0.000

             ENERGY     K=13/2   9/2   5/2   1/2  -3/2  -7/2 -11/2
 
 I= 13/2- (1)  6.145  29: 0.013-0.048 0.011-0.004 0.028-0.088 0.003
                      30:-0.279 0.934-0.170 0.013 0.001-0.005 0.000
                      33: 0.031-0.086 0.008 0.002-0.000-0.010 0.001
 
 I= 13/2- (2)  7.712  30: 0.951 0.267-0.072 0.006 0.000-0.002-0.002
                      33:-0.105-0.023 0.001 0.004-0.002-0.005-0.004

             ENERGY     K=13/2   9/2   5/2   1/2  -3/2  -7/2 -11/2
  21 LEVELS    TIME=  0.0 SEC



 ******************* EXCITATION ENERGIES, DOMINANT CONFIGURATION AND EXPECTATION VALUES (WITH S.P. UU+VV FACTORS) *******************

  NR  Eex(keV)  I   Kdom  NY    <Jz>  <Jx**2> <Jy**2> <Jz**2> <I.j>/|I|  <Rx**2> <Ry**2> <Rz**2> <R.j>/|R|  <HROTx> <HROTy> <HROTz>

   1    0.0   9/2-   9/2  30    4.29    2.38    2.05   18.98    3.90       4.23    4.64    0.48   -1.31      0.781   0.401   0.417
   2  583.7   3/2-   3/2  31   -1.20    1.64    7.04    3.14    1.05       2.34    7.41    1.77   -2.89      0.432   0.640   1.534
   3  891.5   1/2-   1/2  31   -0.03    1.92    4.05    2.29    0.11       2.07    4.19    2.57   -2.75      0.382   0.362   2.224
   4 1063.9   5/2-   3/2  31   -1.05    1.60    7.16    2.84    0.76       2.85   11.14    1.88   -2.35      0.526   0.962   1.625
   5 1252.1   3/2-   1/2  31   -0.36    1.53    6.68    1.92   -0.07       2.58    9.16    2.41   -2.73      0.477   0.792   2.089
  
   6 1360.4   1/2-   1/2  31   -0.28    2.16    4.40    2.59    0.23       2.44    3.94    3.11   -2.90      0.451   0.340   2.695
   7 1428.7  11/2-   9/2  30    4.26    2.38    2.05   18.94    3.24       8.72   11.16    0.52   -0.89      1.610   0.964   0.451
   8 1613.6   7/2-   7/2  29   -2.60    2.34    3.82    8.30    2.25       3.43    6.85    2.06   -1.57      0.634   0.591   1.780
   9 1845.6   5/2-   1/2  33    0.19    2.49    1.18    2.96    0.51       5.07    4.31    3.00   -1.46      0.936   0.373   2.597
  10 1919.2  11/2-   1/2  32    0.09   45.61    9.66    1.13    5.80       4.52   16.05    2.20   -4.55      0.835   1.387   1.902
  
  11 2032.3   3/2-   1/2  33   -0.01    2.53    1.79    3.11   -0.41       4.44    5.02    3.31   -2.30      0.820   0.434   2.862
  12 2222.3   7/2-   3/2  31   -1.26    1.73    6.71    3.54    0.75       9.08   10.84    1.83   -1.93      1.676   0.937   1.580
  13 2454.9   5/2-   5/2  30    3.11    2.33    2.80   15.17    2.92       4.19    4.15    3.46   -3.40      0.773   0.358   2.993
  14 2541.6   9/2-   3/2  31   -1.69    1.90    5.80    5.12    1.11       4.70   19.86    2.01   -1.42      0.867   1.715   1.737
  15 2720.4   7/2-   1/2  31   -0.37    1.50    6.87    1.93   -0.05       6.21   17.75    2.49   -2.04      1.147   1.533   2.151
  
  16 2955.9  13/2-   9/2  30    4.24    2.38    2.05   18.91    2.86      10.49   20.75    0.95   -0.60      1.936   1.793   0.823
  17 3026.0   9/2-   7/2  29   -1.80    2.04    5.22    5.91    1.35       9.04   13.23    2.18   -1.30      1.668   1.143   1.888
  18 3981.3  11/2-   7/2  29   -2.38    2.25    4.29    7.57    1.27       8.82   23.84    2.06   -1.11      1.629   2.060   1.784
  19 4522.9  13/2-  13/2  30    4.28    2.37    2.06   18.99    3.91       8.37    4.29    4.86    0.93      1.544   0.370   4.208
  20 4940.6  13/2-   3/2  31   -1.30    1.74    6.57    3.91    0.72       8.02   40.76    2.16   -1.01      1.481   3.521   1.867
  
  21 9468.7   1/2-   1/2  32    0.09   45.61    9.66    1.13   -3.89      52.45   10.15    1.29   -7.48      9.682   0.876   1.114
