1SPECTRUM OF (Z= 82 A=207) IN PARTICLE-ROTOR  MODEL WITH MODIFIED OSCILLATOR POTENTIAL


 PARITY=-   EPS= 0.500   GAMMA=  9.5   EPS4=0.000   EPS6=0.000   LEVELS:  19  20  21  22  23

 PAIRING FACTORS: GN0= 19.20  GN1=  7.40  IPAIR= 15 ***  E2PLUS(INPUT)=   0.803  E2PLUR(INPUT)=   0.000

 CORIOLIS ATTENUATION PARAMETERS:  CHSI=0.000  ETA=  1.00

 MOMENT OF INERTIA PARAMETERS:   A1=  0.160 MEV   A2=  0.108 MEV   A3=  3.50783 MEV


 DELTA=0.897 MEV  LAMBDA=52.7159 MEV   HW0= 7.6517 MEV   LAMBDA/HW0= 6.8894

 E2ENERGY=0.803 MEV  HBAR**2/B=48179./A**(7/3)=8144.6/A**2 MEV

 IREC=0  =>  RECOIL TERMS j+j-, j+j+, jzjz, ETC TREATED AS ONE-BODY OPERATORS WITH UU+VV PAIRING FACTORS



 S. P. LEVEL   EQP       U     V        (UU + VV)**1.00

     19       8.427    0.053 0.999      1.000 1.000 1.000 0.999 0.999
     20       7.423    0.061 0.998      1.000 1.000 1.000 1.000 1.000
     21       5.549    0.081 0.997      1.000 1.000 1.000 1.000 1.000
     22       5.175    0.087 0.996      0.999 1.000 1.000 1.000 1.000
     23       5.077    0.089 0.996      0.999 1.000 1.000 1.000 1.000

  R CORE   ENERGY   A0R/A00=1.000    R3= 0     2  
   2( 1)    0.803                    1.000-0.007
   2( 2)   14.300                    0.007 1.000

  R CORE   ENERGY   A0R/A00=1.000    R3= 0     2  
   3( 1)   15.103                    0.000 1.000

  R CORE   ENERGY   A0R/A00=1.000    R3= 0     2     4  
   4( 1)    2.670                    1.000-0.025 0.000

  R CORE   ENERGY   A0R/A00=1.000    R3= 0     2     4  
   5( 1)   17.512                    0.000 1.000-0.007

  R CORE   ENERGY   A0R/A00=1.000    R3= 0     2     4     6  
   6( 1)    5.584                    0.999-0.055 0.000-0.000

  R CORE   ENERGY   A0R/A00=1.000    R3= 0     2     4     6  
   7( 1)   20.987                    0.000 1.000-0.015 0.000
 

             ENERGY     K= 1/2
 
 I=  1/2- (1) 14.608  20: 1.000
 
 I=  1/2- (2) 16.300  22: 1.000

             ENERGY     K= 1/2  -3/2
 
 I=  3/2- (1) 13.431  22: 0.994 0.109
 
 I=  3/2- (2) 14.530  20: 0.999 0.046

             ENERGY     K= 5/2   1/2  -3/2
 
 I=  5/2- (1) 13.347  23: 1.000-0.010 0.002
 
 I=  5/2- (2) 15.917  20: 0.002-0.992 0.125

             ENERGY     K= 5/2   1/2  -3/2  -7/2
 
 I=  7/2- (1) 12.498  22: 0.026 0.979 0.200 0.001
 
 I=  7/2- (2) 14.282  23: 1.000-0.020-0.003 0.000

             ENERGY     K= 9/2   5/2   1/2  -3/2  -7/2
 
 I=  9/2- (1)  8.658  21: 1.000-0.010 0.000-0.000 0.000
 
 I=  9/2- (2) 15.479  23: 0.008-0.999 0.036-0.005 0.000

             ENERGY     K= 9/2   5/2   1/2  -3/2  -7/2 -11/2
 
 I= 11/2- (1) 10.127  21: 1.000-0.020 0.000 0.000-0.000-0.000
 
 I= 11/2- (2) 12.545  22:-0.000 0.046 0.965 0.256 0.002-0.000

             ENERGY     K=13/2   9/2   5/2   1/2  -3/2  -7/2 -11/2
 
 I= 13/2- (1) 11.856  21: 0.019-0.999 0.031-0.000 0.000-0.000-0.000
 
 I= 13/2- (2) 18.647  23: 0.000-0.025 0.997-0.075 0.008-0.000 0.000

             ENERGY     K=13/2   9/2   5/2   1/2  -3/2  -7/2 -11/2
  21 LEVELS    TIME=  0.0 SEC



 ******************* EXCITATION ENERGIES, DOMINANT CONFIGURATION AND EXPECTATION VALUES (WITH S.P. UU+VV FACTORS) *******************

  NR  Eex(keV)  I   Kdom  NY    <Jz>  <Jx**2> <Jy**2> <Jz**2> <I.j>/|I|  <Rx**2> <Ry**2> <Rz**2> <R.j>/|R|  <HROTx> <HROTy> <HROTz>

   1    0.0   9/2-   9/2  21    4.44    7.95    7.23   19.85    4.02      10.13    9.54    0.13   -3.38      1.616   1.034   0.459
   2 1468.9  11/2-   9/2  21    4.44    7.95    7.23   19.85    3.34      15.47   15.21    0.13   -2.71      2.467   1.649   0.463
   3 3197.3  13/2-   9/2  21    4.44    7.95    7.23   19.85    2.86      21.47   22.21    0.14   -2.27      3.425   2.407   0.475
   4 3839.8   7/2-   1/2  22    0.27   39.58   13.74    0.65    4.30      17.31   17.53    0.76   -6.19      2.761   1.900   2.662
   5 3886.3  11/2-   1/2  22    0.27   39.58   13.74    0.65    4.49      11.57   23.63    0.84   -4.52      1.845   2.560   2.964
  
   6 4688.9   5/2-   5/2  23    2.02   10.57    6.67    5.45    1.71      11.78    7.95    1.58   -3.82      1.880   0.861   5.530
   7 4772.7   3/2-   1/2  22    0.27   39.58   13.74    0.65    4.02      27.69   13.78    0.67   -7.11      4.417   1.493   2.346
   8 5623.5   7/2-   5/2  23    2.02   10.57    6.67    5.45    1.28      15.18   11.55    1.58   -3.31      2.421   1.251   5.533
   9 5871.3   3/2-   1/2  20   -0.12    5.16   13.60    0.96    0.51       4.80   15.38    1.33   -4.04      0.765   1.666   4.675
  10 5949.5   1/2-   1/2  20   -0.12    5.16   13.60    0.96   -0.63       6.43   13.80    1.33   -4.36      1.026   1.495   4.664
  
  11 6820.2   9/2-   5/2  23    2.02   10.57    6.67    5.45    1.02      19.36   16.37    1.58   -2.88      3.087   1.773   5.541
  12 7140.4   7/2-   1/2  20   -0.12    5.16   13.60    0.96    0.55       8.81   20.97    1.34   -3.15      1.406   2.272   4.698
  13 7259.1   5/2-   1/2  20   -0.12    5.16   13.60    0.96   -0.37      11.16   18.16    1.35   -3.76      1.779   1.968   4.747
  14 7641.9   1/2-   1/2  22    0.27   39.58   13.74    0.65   -3.78      45.70   14.93    0.63   -7.31      7.289   1.618   2.217
  15 7902.3   3/2-   3/2  19   -0.92   12.49    6.71    2.01    0.73      13.19    7.46    1.49   -4.21      2.103   0.809   5.221
  
  16 8278.6  11/2-   5/2  23    2.02   10.57    6.67    5.45    0.85      24.30   22.43    1.58   -2.54      3.876   2.430   5.554
  17 8575.0   5/2-   3/2  19   -0.92   12.49    6.71    2.01    0.48      15.79    9.87    1.49   -3.80      2.519   1.069   5.218
  18 9500.9   9/2-   1/2  20   -0.12    5.16   13.60    0.96   -0.21      16.85   28.34    1.42   -3.05      2.688   3.071   4.978
  19 9988.5  13/2-   5/2  23    2.02   10.57    6.67    5.45    0.73      29.61   30.10    1.59   -2.25      4.722   3.262   5.586
  2011732.8   1/2-   1/2  23    2.02   10.57    6.67    5.45    1.36      10.69    6.71    3.67   -4.68      1.705   0.727  12.883
  
  2112619.9  13/2-   1/2  20   -0.12    5.16   13.60    0.96   -0.07      22.43   45.47    1.53   -2.42      3.577   4.927   5.351
