1SPECTRUM OF (Z= 82 A=207) IN PARTICLE-ROTOR  MODEL WITH MODIFIED OSCILLATOR POTENTIAL


 PARITY=-   EPS= 0.166   GAMMA=  0.0   EPS4=0.000   EPS6=0.000   LEVELS:  20  21  22  23  24

 PAIRING FACTORS: GN0= 19.20  GN1=  7.40  IPAIR= 15 ***  E2PLUS(INPUT)=   0.803  E2PLUR(INPUT)=   0.000

 CORIOLIS ATTENUATION PARAMETERS:  CHSI=0.000  ETA=  1.00

 MOMENT OF INERTIA PARAMETERS:   A1=  0.134 MEV   A2=  0.134 MEV   A3=134.11113 MEV


 DELTA=1.117 MEV  LAMBDA=52.7379 MEV   HW0= 7.4346 MEV   LAMBDA/HW0= 7.0936

 E2ENERGY=0.803 MEV  HBAR**2/B= 5620./A**(7/3)= 950.1/A**2 MEV

 IREC=0  =>  RECOIL TERMS j+j-, j+j+, jzjz, ETC TREATED AS ONE-BODY OPERATORS WITH UU+VV PAIRING FACTORS



 S. P. LEVEL   EQP       U     V        (UU + VV)**1.00

     20       6.507    0.086 0.996      1.000 1.000 1.000 1.000 0.999
     21       6.048    0.093 0.996      1.000 1.000 1.000 1.000 0.999
     22       5.276    0.106 0.994      1.000 1.000 1.000 1.000 1.000
     23       5.227    0.108 0.994      1.000 1.000 1.000 1.000 1.000
     24       4.421    0.127 0.992      0.999 0.999 1.000 1.000 1.000

  R CORE   ENERGY   A0R/A00=1.000    R3= 0     2  
   2( 1)    0.805                    1.000 0.000
   2( 2)  536.713                    0.000 1.000

  R CORE   ENERGY   A0R/A00=1.000    R3= 0     2  
   3( 1)  537.517                    0.000 1.000

  R CORE   ENERGY   A0R/A00=1.000    R3= 0     2     4  
   4( 1)    2.682                    1.000 0.000 0.000

  R CORE   ENERGY   A0R/A00=1.000    R3= 0     2     4  
   5( 1)  539.931                    0.000 1.000 0.000

  R CORE   ENERGY   A0R/A00=1.000    R3= 0     2     4     6  
   6( 1)    5.633                    1.000 0.000 0.000 0.000

  R CORE   ENERGY   A0R/A00=1.000    R3= 0     2     4     6  
   7( 1)  543.418                    0.000 1.000 0.000 0.000

          AXIAL SYMMETRY => K RESTRICTED TO OMEGA

                     K
     S.P. ORB#: 20  0.50
     S.P. ORB#: 21 -1.50
     S.P. ORB#: 22  0.50
     S.P. ORB#: 23  2.50
     S.P. ORB#: 24 -1.50
 

             ENERGY    K= OMEGA
 
 I=  1/2- (1)  7.775  22: 1.000
 
 I=  1/2- (2)  8.987  20: 1.000

             ENERGY    K= OMEGA
 
 I=  3/2- (1)  6.484  24: 1.000
 
 I=  3/2- (2)  6.793  22: 1.000

             ENERGY    K= OMEGA
 
 I=  5/2- (1)  7.154  24: 1.000
 
 I=  5/2- (2)  7.982  23: 1.000

             ENERGY    K= OMEGA
 
 I=  7/2- (1)  7.480  22: 1.000
 
 I=  7/2- (2)  8.093  24: 1.000

             ENERGY    K= OMEGA
 
 I=  9/2- (1)  9.300  24: 1.000
 
 I=  9/2- (2)  9.736  20: 1.000

             ENERGY    K= OMEGA
 
 I= 11/2- (1)  9.240  22: 1.000
 
 I= 11/2- (2) 10.775  24: 1.000

             ENERGY    K= OMEGA
 
 I= 13/2- (1) 11.719  20: 1.000
 
 I= 13/2- (2) 12.519  24: 1.000

             ENERGY     K=-3/2
  21 LEVELS    TIME=  0.0 SEC



 ******************* EXCITATION ENERGIES, DOMINANT CONFIGURATION AND EXPECTATION VALUES (WITH S.P. UU+VV FACTORS) *******************

  NR  Eex(keV)  I   Kdom  NY    <Jz>  <Jx**2> <Jy**2> <Jz**2> <I.j>/|I|  <Rx**2> <Ry**2> <Rz**2> <R.j>/|R|  <HROTx> <HROTy> <HROTz>

   1    0.0   3/2-  -3/2  24   -1.50    6.94    6.94    2.25    1.16       7.69    7.69    0.00   -3.54      1.031   1.031   0.000
   2  310.0   3/2-   1/2  22    0.50    7.35    7.35    0.25    1.91       5.66    5.66    0.00   -3.35      0.759   0.759   0.000
   3  670.6   5/2-  -3/2  24   -1.50    6.94    6.94    2.25    0.76      10.19   10.19    0.00   -3.07      1.367   1.367   0.000
   4  996.7   7/2-   1/2  22    0.50    7.35    7.35    0.25    1.80       8.22    8.22    0.00   -1.93      1.102   1.102   0.000
   5 1291.6   1/2-   1/2  22    0.50    7.35    7.35    0.25   -1.70       9.32    9.32    0.00   -3.80      1.250   1.250   0.000
  
   6 1498.1   5/2-   5/2  23    2.50    9.02    9.02    6.25    2.11      10.27   10.27    0.00   -3.98      1.377   1.377   0.000
   7 1609.3   7/2-  -3/2  24   -1.50    6.94    6.94    2.25    0.57      13.69   13.69    0.00   -2.65      1.836   1.836   0.000
   8 2341.5   5/2-   1/2  20    0.50   11.30   11.30    0.25    2.42       8.64    8.64    0.00   -3.77      1.159   1.159   0.000
   9 2436.9   7/2-   5/2  23    2.50    9.02    9.02    6.25    1.57      13.77   13.77    0.00   -3.44      1.847   1.847   0.000
  10 2503.6   1/2-   1/2  20    0.50   11.30   11.30    0.25    2.95       9.25    9.25    0.00   -4.72      1.240   1.240   0.000
  
  11 2624.0   3/2-  -3/2  21   -1.50   10.66   10.66    2.25    1.16      11.41   11.41    0.00   -4.46      1.530   1.530   0.000
  12 2756.3  11/2-   1/2  22    0.50    7.35    7.35    0.25    1.77      14.78   14.78    0.00   -0.81      1.982   1.982   0.000
  13 2816.3   9/2-  -3/2  24   -1.50    6.94    6.94    2.25    0.45      18.19   18.19    0.00   -2.30      2.439   2.439   0.000
  14 3252.3   9/2-   1/2  20    0.50   11.30   11.30    0.25    2.36      12.04   12.04    0.00   -2.26      1.614   1.614   0.000
  15 3643.9   9/2-   5/2  23    2.50    9.02    9.02    6.25    1.26      18.27   18.27    0.00   -2.98      2.450   2.450   0.000
  
  16 4291.6  11/2-  -3/2  24   -1.50    6.94    6.94    2.25    0.38      23.69   23.69    0.00   -2.02      3.177   3.177   0.000
  17 5119.1  11/2-   5/2  23    2.50    9.02    9.02    6.25    1.05      23.77   23.77    0.00   -2.62      3.188   3.188   0.000
  18 5235.9  13/2-   1/2  20    0.50   11.30   11.30    0.25    2.34      19.43   19.43    0.00   -1.04      2.606   2.606   0.000
  19 6035.0  13/2-  -3/2  24   -1.50    6.94    6.94    2.25    0.32      30.19   30.19    0.00   -1.79      4.049   4.049   0.000
  20 6862.6  13/2-   5/2  23    2.50    9.02    9.02    6.25    0.90      30.27   30.27    0.00   -2.32      4.060   4.060   0.000
  
  21*******   1/2-  -3/2  24    0.00    0.00    0.00    0.00   -0.00       0.00    0.00    0.00   -0.00      0.000   0.000   0.000
