


         KAPPAP      MYP     KAPPAN      MYN
    0    0.1200    0.0000    0.1200    0.0000
    1    0.1200    0.0000    0.1200    0.0000
    2    0.1050    0.0000    0.1050    0.0000
    3    0.0900    0.3000    0.0900    0.2500
    4    0.0650    0.5700    0.0700    0.3900
    5    0.0600    0.6500    0.0620    0.4300
    6    0.0540    0.6900    0.0620    0.3400
    7    0.0540    0.6900    0.0620    0.2600
    8    0.0540    0.6900    0.0620    0.2600


     KAPPA    MY     EPS   GAMMA    EPS4     EPS6     W0/W00   NMAX  COUPL     OMROT      EFAC      QFAC
      SEE TABLE     0.334   20.0   0.000    0.000    1.01320     8     0     0.00000   6.53617   6.34928


                     **** PROTONS ****                     **** STRETCHED COORDINATES ****
    SYMMETRY R1= 1


   BASIS FUNCTIONS /N,L,J,OMEGA>,   PARITY +


   1 / 8 8 17/2 17/2>    20 / 8 6 11/2  1/2>    39 / 8 4  7/2 -7/2>    58 / 6 4  7/2  1/2>    77 / 4 2  5/2  5/2>
   2 / 8 8 17/2 13/2>    21 / 8 4  9/2  1/2>    40 / 8 8 17/2-11/2>    59 / 6 2  5/2  1/2>    78 / 4 4  9/2  1/2>
   3 / 8 8 15/2 13/2>    22 / 8 4  7/2  1/2>    41 / 8 8 15/2-11/2>    60 / 6 2  3/2  1/2>    79 / 4 4  7/2  1/2>
   4 / 8 6 13/2 13/2>    23 / 8 2  5/2  1/2>    42 / 8 6 13/2-11/2>    61 / 6 0  1/2  1/2>    80 / 4 2  5/2  1/2>
   5 / 8 8 17/2  9/2>    24 / 8 2  3/2  1/2>    43 / 8 6 11/2-11/2>    62 / 6 6 13/2 -3/2>    81 / 4 2  3/2  1/2>
   6 / 8 8 15/2  9/2>    25 / 8 0  1/2  1/2>    44 / 8 8 17/2-15/2>    63 / 6 6 11/2 -3/2>    82 / 4 0  1/2  1/2>
   7 / 8 6 13/2  9/2>    26 / 8 8 17/2 -3/2>    45 / 8 8 15/2-15/2>    64 / 6 4  9/2 -3/2>    83 / 4 4  9/2 -3/2>
   8 / 8 6 11/2  9/2>    27 / 8 8 15/2 -3/2>    46 / 6 6 13/2 13/2>    65 / 6 4  7/2 -3/2>    84 / 4 4  7/2 -3/2>
   9 / 8 4  9/2  9/2>    28 / 8 6 13/2 -3/2>    47 / 6 6 13/2  9/2>    66 / 6 2  5/2 -3/2>    85 / 4 2  5/2 -3/2>
  10 / 8 8 17/2  5/2>    29 / 8 6 11/2 -3/2>    48 / 6 6 11/2  9/2>    67 / 6 2  3/2 -3/2>    86 / 4 2  3/2 -3/2>
  11 / 8 8 15/2  5/2>    30 / 8 4  9/2 -3/2>    49 / 6 4  9/2  9/2>    68 / 6 6 13/2 -7/2>    87 / 4 4  9/2 -7/2>
  12 / 8 6 13/2  5/2>    31 / 8 4  7/2 -3/2>    50 / 6 6 13/2  5/2>    69 / 6 6 11/2 -7/2>    88 / 4 4  7/2 -7/2>
  13 / 8 6 11/2  5/2>    32 / 8 2  5/2 -3/2>    51 / 6 6 11/2  5/2>    70 / 6 4  9/2 -7/2>    89 / 2 2  5/2  5/2>
  14 / 8 4  9/2  5/2>    33 / 8 2  3/2 -3/2>    52 / 6 4  9/2  5/2>    71 / 6 4  7/2 -7/2>    90 / 2 2  5/2  1/2>
  15 / 8 4  7/2  5/2>    34 / 8 8 17/2 -7/2>    53 / 6 4  7/2  5/2>    72 / 6 6 13/2-11/2>    91 / 2 2  3/2  1/2>
  16 / 8 2  5/2  5/2>    35 / 8 8 15/2 -7/2>    54 / 6 2  5/2  5/2>    73 / 6 6 11/2-11/2>    92 / 2 0  1/2  1/2>
  17 / 8 8 17/2  1/2>    36 / 8 6 13/2 -7/2>    55 / 6 6 13/2  1/2>    74 / 4 4  9/2  9/2>    93 / 2 2  5/2 -3/2>
  18 / 8 8 15/2  1/2>    37 / 8 6 11/2 -7/2>    56 / 6 6 11/2  1/2>    75 / 4 4  9/2  5/2>    94 / 2 2  3/2 -3/2>
  19 / 8 6 13/2  1/2>    38 / 8 4  9/2 -7/2>    57 / 6 4  9/2  1/2>    76 / 4 4  7/2  5/2>    95 / 0 0  1/2  1/2>


    SINGLE PARTICLE (PARITY+) WAVE FUNCTIONS IN THE ENERGY INTERVAL 6.0<E<8.0

 E=6.0038   0.184339/ 74>-0.134334/ 75> 0.130198/ 76> 0.773893/ 77> 0.006461/ 78> 0.099215/ 79> 0.043832/ 80>
           -0.265622/ 81>-0.280204/ 82>-0.016155/ 83>-0.001866/ 84> 0.042114/ 85>-0.011017/ 86> 0.053764/ 87>
           -0.407659/ 88>

 E=6.1691   0.001113/ 46> 0.040224/ 47>-0.003489/ 48> 0.004276/ 49> 0.323694/ 50>-0.036743/ 51> 0.090511/ 52>
           -0.012511/ 53> 0.011808/ 54> 0.380690/ 55>-0.071064/ 56> 0.182389/ 57>-0.037425/ 58> 0.066500/ 59>
           -0.018851/ 60> 0.019219/ 61>-0.749435/ 62>-0.090485/ 63>-0.275276/ 64>-0.044671/ 65>-0.066451/ 66>
           -0.013434/ 67>-0.199328/ 68>-0.019971/ 69>-0.037910/ 70>-0.003790/ 71>-0.012426/ 72>-0.000779/ 73>


 E=6.2670   0.065209/ 74>-0.066789/ 75> 0.089539/ 76> 0.398990/ 77> 0.035105/ 78>-0.072827/ 79>-0.171867/ 80>
            0.232267/ 81> 0.426413/ 82> 0.035120/ 83>-0.163264/ 84>-0.157125/ 85> 0.629881/ 86>-0.039537/ 87>
            0.318334/ 88>

 E=6.2949   0.004296/ 46> 0.138330/ 47>-0.012850/ 48> 0.015019/ 49> 0.847435/ 50>-0.105543/ 51> 0.239986/ 52>
           -0.036771/ 53> 0.032240/ 54>-0.305374/ 55>-0.022302/ 56>-0.235033/ 57> 0.006376/ 58>-0.106265/ 59>
            0.017127/ 60>-0.031939/ 61> 0.146482/ 62> 0.017553/ 63> 0.048114/ 64> 0.010173/ 65> 0.011937/ 66>
            0.003155/ 67> 0.070340/ 68> 0.007304/ 69> 0.013501/ 70> 0.001435/ 71> 0.005200/ 72> 0.000338/ 73>


 E=6.4639   0.004544/ 47>-0.000556/ 48> 0.000535/ 49> 0.016833/ 50>-0.003476/ 51> 0.005727/ 52>-0.000873/ 53>
            0.000762/ 54>-0.040608/ 55> 0.006166/ 56>-0.017234/ 57> 0.013270/ 58>-0.014111/ 59> 0.010042/ 60>
           -0.007704/ 61> 0.165761/ 62>-0.020308/ 63> 0.194433/ 64> 0.020028/ 65> 0.073090/ 66> 0.013716/ 67>
           -0.931983/ 68>-0.115979/ 69>-0.185858/ 70>-0.022184/ 71>-0.091550/ 72>-0.006719/ 73>

 E=6.5378   0.028376/ 74>-0.039754/ 75> 0.054874/ 76> 0.229631/ 77> 0.050130/ 78>-0.118634/ 79>-0.234526/ 80>
            0.337017/ 81> 0.573897/ 82>-0.041606/ 83> 0.155075/ 84> 0.168438/ 85>-0.591600/ 86> 0.020956/ 87>
           -0.150878/ 88>

 E=6.6708  -0.002585/ 46>-0.053292/ 47>-0.003370/ 48>-0.005258/ 49>-0.050935/ 50>-0.161510/ 51> 0.015141/ 52>
           -0.042876/ 53> 0.007009/ 54>-0.094409/ 55>-0.781760/ 56> 0.049972/ 57>-0.388986/ 58> 0.074297/ 59>
           -0.150915/ 60> 0.055366/ 61> 0.099190/ 62>-0.362557/ 63> 0.014026/ 64>-0.130954/ 65>-0.009696/ 66>
           -0.024324/ 67> 0.018035/ 68>-0.037631/ 69>-0.005145/ 71> 0.000983/ 72>-0.000905/ 73>

 E=6.6826  -0.049393/ 46>-0.961147/ 47> 0.109042/ 48>-0.109130/ 49> 0.101567/ 50> 0.025727/ 51> 0.183796/ 52>
           -0.022500/ 53> 0.041426/ 54>-0.009569/ 55> 0.038573/ 56>-0.006570/ 57> 0.011061/ 58>-0.022597/ 59>
            0.009068/ 60>-0.012820/ 61>-0.003571/ 62> 0.020374/ 63> 0.002055/ 64> 0.005893/ 65> 0.000524/ 66>
            0.000908/ 67>-0.001197/ 68> 0.002417/ 69>

 E=6.8248  -0.000474/ 46>-0.011478/ 47> 0.008498/ 48>-0.003064/ 49>-0.021357/ 50> 0.107607/ 51>-0.068171/ 52>
            0.038036/ 53>-0.017029/ 54> 0.180332/ 55> 0.166595/ 56>-0.346946/ 57> 0.185745/ 58>-0.277994/ 59>
            0.138431/ 60>-0.124170/ 61> 0.123228/ 62>-0.683162/ 63>-0.216315/ 64>-0.304871/ 65>-0.126453/ 66>
           -0.075048/ 67>-0.000833/ 68>-0.101771/ 69>-0.021743/ 70>-0.016254/ 71> 0.000578/ 72>-0.002792/ 73>


 E=6.9395   0.000339/ 50>-0.000433/ 51> 0.000331/ 52>-0.000513/ 53>-0.001699/ 55> 0.001035/ 56> 0.001538/ 57>
           -0.000580/ 58> 0.003372/ 59> 0.001581/ 60> 0.005273/ 62> 0.002465/ 64>-0.005484/ 65> 0.023834/ 66>
            0.004604/ 67>-0.058333/ 68> 0.013968/ 69>-0.181596/ 70>-0.021606/ 71> 0.977343/ 72> 0.084172/ 73>


 E=6.9773  -0.000786/ 46>-0.020688/ 47> 0.006440/ 48>-0.005394/ 49>-0.059521/ 50> 0.032389/ 51>-0.124635/ 52>
            0.024720/ 53>-0.028444/ 54> 0.308940/ 55>-0.324676/ 56>-0.559009/ 57>-0.110788/ 58>-0.416293/ 59>
            0.037344/ 60>-0.148478/ 61>-0.024077/ 62> 0.441955/ 63>-0.144944/ 64> 0.171416/ 65>-0.039826/ 66>
            0.029996/ 67>-0.049353/ 68> 0.063949/ 69>-0.014476/ 70> 0.008360/ 71>-0.001155/ 72> 0.001971/ 73>


 E=7.0327  -0.009181/ 47>-0.077117/ 48> 0.007323/ 49>-0.158951/ 50>-0.875384/ 51> 0.123052/ 52>-0.250307/ 53>
            0.047184/ 54> 0.053385/ 55> 0.028415/ 56>-0.004601/ 57> 0.235995/ 58>-0.109560/ 59> 0.186922/ 60>
           -0.101633/ 61>-0.036380/ 62>-0.012455/ 63> 0.050343/ 64> 0.024496/ 65> 0.026962/ 66> 0.010930/ 67>
            0.012765/ 68>-0.000953/ 69> 0.007721/ 70> 0.000896/ 71> 0.001494/ 72>

 E=7.1671   0.000867/ 47> 0.015789/ 48>-0.001831/ 49> 0.015202/ 50> 0.169746/ 51>-0.040515/ 52> 0.064957/ 53>
           -0.016853/ 54> 0.064287/ 55>-0.152225/ 56>-0.020750/ 57> 0.159543/ 58>-0.187752/ 59> 0.195480/ 60>
           -0.148724/ 61>-0.309719/ 62>-0.205615/ 63> 0.705003/ 64> 0.114420/ 65> 0.370676/ 66> 0.089598/ 67>
            0.109242/ 68> 0.032977/ 69> 0.092456/ 70> 0.014915/ 71> 0.015298/ 72> 0.002411/ 73>

 E=7.2291   0.982616/ 46>-0.029718/ 47>-0.009879/ 48>-0.181171/ 49> 0.001793/ 50>-0.000427/ 51> 0.000672/ 52>
            0.003245/ 53> 0.025230/ 54> 0.000337/ 58> 0.000982/ 59>-0.001112/ 60>-0.002791/ 61>-0.000378/ 67>


 E=7.2362  -0.003846/  2>-0.054821/  5> 0.002628/  6>-0.009241/  7> 0.000533/  8>-0.000644/  9>-0.315469/ 10>
            0.011594/ 11>-0.081577/ 12> 0.004410/ 13>-0.013859/ 14> 0.001104/ 15>-0.001294/ 16>-0.708751/ 17>
            0.006454/ 18>-0.222241/ 19> 0.003335/ 20>-0.052689/ 21> 0.001576/ 22>-0.010881/ 23> 0.000943/ 24>
           -0.001860/ 25>-0.535594/ 26>-0.013346/ 27>-0.156954/ 28>-0.006149/ 29>-0.033145/ 30>-0.002252/ 31>
           -0.005294/ 32>-0.000621/ 33>-0.146672/ 34>-0.006504/ 35>-0.031653/ 36>-0.001901/ 37>-0.003842/ 38>

-0.016338/ 40>-0.000778/ 41>-0.001946/ 42>-0.000677/ 44>

 E=7.2798   0.000564/ 46> 0.009267/ 47>-0.001896/ 48> 0.003017/ 49>-0.013767/ 50> 0.001257/ 51> 0.043393/ 52>
           -0.011126/ 53> 0.011044/ 54>-0.005866/ 55> 0.027402/ 56> 0.021656/ 57>-0.036672/ 58>-0.037540/ 59>
           -0.000632/ 60>-0.026012/ 61> 0.012313/ 62>-0.026978/ 63> 0.045364/ 64>-0.245354/ 65>-0.062383/ 66>
           -0.093623/ 67>-0.142555/ 68> 0.926443/ 69> 0.122507/ 70> 0.146970/ 71> 0.000958/ 72> 0.043310/ 73>


 E=7.4255   0.008864/ 46> 0.143786/ 47>-0.017993/ 48> 0.053792/ 49>-0.240276/ 50> 0.235574/ 51> 0.799106/ 52>
           -0.106673/ 53> 0.211128/ 54>-0.014840/ 55>-0.026090/ 56> 0.147664/ 57>-0.099545/ 58>-0.259061/ 59>
            0.084270/ 60>-0.199168/ 61> 0.012908/ 62> 0.064486/ 63>-0.025494/ 64>-0.063061/ 65>-0.061802/ 66>
           -0.034707/ 67> 0.005781/ 68>-0.085613/ 69>-0.012117/ 70>-0.016642/ 71> 0.000877/ 72>-0.004053/ 73>


 E=7.4329   0.011322/  2>-0.000616/  3> 0.000815/  4> 0.133749/  5>-0.009111/  6> 0.024179/  7>-0.001832/  8>
            0.001805/  9> 0.526481/ 10>-0.037949/ 11> 0.150324/ 12>-0.013710/ 13> 0.028299/ 14>-0.003265/ 15>
            0.002930/ 16> 0.303053/ 17>-0.042389/ 18> 0.110868/ 19>-0.016161/ 20> 0.031013/ 21>-0.005050/ 22>
            0.007694/ 23>-0.001720/ 24> 0.001668/ 25>-0.637510/ 26>-0.049540/ 27>-0.210805/ 28>-0.020167/ 29>
           -0.050729/ 30>-0.006498/ 31>-0.009318/ 32>-0.001569/ 33>-0.326518/ 34>-0.023062/ 35>-0.076518/ 36>

-0.006601/ 37>-0.010092/ 38>-0.000890/ 39>-0.047085/ 40>-0.002965/ 41>-0.005957/ 42>-0.000338/ 43>
           -0.002253/ 44>

 E=7.4878  -0.001219/ 46>-0.015179/ 47> 0.025169/ 48>-0.009369/ 49> 0.072126/ 50> 0.144892/ 51>-0.119577/ 52>
            0.115350/ 53>-0.046946/ 54>-0.141258/ 55>-0.404349/ 56> 0.341053/ 57> 0.500730/ 58> 0.010492/ 59>
            0.490817/ 60>-0.188143/ 61> 0.116014/ 62> 0.091802/ 63>-0.258610/ 64> 0.063055/ 65>-0.138370/ 66>
           -0.003128/ 67>-0.033245/ 68> 0.045962/ 69>-0.030938/ 70> 0.005354/ 71>-0.005405/ 72> 0.001631/ 73>


 E=7.5705   0.004232/ 46>-0.118533/ 47>-0.955079/ 48> 0.092617/ 49> 0.006070/ 50> 0.016589/ 51> 0.038151/ 52>
            0.241382/ 53>-0.044850/ 54>-0.001756/ 55>-0.008490/ 56> 0.005384/ 57> 0.021258/ 58>-0.019434/ 59>
           -0.039013/ 60> 0.016599/ 61>-0.002780/ 63> 0.002732/ 64> 0.009752/ 65>-0.012621/ 66>-0.001522/ 67>
           -0.002594/ 68> 0.000477/ 69> 0.010609/ 70> 0.001983/ 71> 0.002493/ 72> 0.000332/ 73>

 E=7.5741   0.000656/  1> 0.026066/  2>-0.001568/  3> 0.001928/  4> 0.259897/  5>-0.020352/  6> 0.048429/  7>
           -0.004155/  8> 0.003742/  9> 0.666958/ 10>-0.061479/ 11> 0.192860/ 12>-0.022526/ 13> 0.037601/ 14>
           -0.005371/ 15> 0.004111/ 16>-0.485455/ 17>-0.007311/ 18>-0.245014/ 19> 0.001010/ 20>-0.085040/ 21>
            0.002832/ 22>-0.024272/ 23> 0.002833/ 24>-0.005393/ 25> 0.195974/ 26> 0.027557/ 27> 0.054917/ 28>
            0.011129/ 29> 0.012451/ 30> 0.003359/ 31> 0.002468/ 32> 0.000701/ 33> 0.293761/ 34> 0.024675/ 35>

 0.070813/ 36> 0.007192/ 37> 0.009702/ 38> 0.000977/ 39> 0.054456/ 40> 0.003852/ 41> 0.007090/ 42>
            0.000445/ 43> 0.002949/ 44>

 E=7.6933  -0.007182/  2> 0.000465/  3>-0.000542/  4>-0.060183/  5> 0.005206/  6>-0.011431/  7> 0.001065/  8>
           -0.000902/  9>-0.083082/ 10> 0.009723/ 11>-0.022508/ 12> 0.003212/ 13>-0.004124/ 14> 0.000703/ 15>
           -0.000439/ 16> 0.167417/ 17>-0.008718/ 18> 0.083015/ 19>-0.007863/ 20> 0.032418/ 21>-0.004428/ 22>
            0.010899/ 23>-0.002474/ 24> 0.002936/ 25>-0.375873/ 26> 0.005175/ 27>-0.215794/ 28>-0.009298/ 29>
           -0.073692/ 30>-0.007339/ 31>-0.017115/ 32>-0.002759/ 33> 0.818529/ 34> 0.078005/ 35> 0.198933/ 36>

 0.022550/ 37> 0.027659/ 38> 0.003041/ 39> 0.201457/ 40> 0.015473/ 41> 0.026755/ 42> 0.001800/ 43>
            0.012311/ 44> 0.000577/ 45>

 E=7.7225  -0.002065/ 46>-0.032515/ 47> 0.004563/ 48>-0.016275/ 49> 0.080387/ 50>-0.068384/ 51>-0.253401/ 52>
            0.040507/ 53>-0.085019/ 54>-0.064516/ 55> 0.070403/ 56> 0.253322/ 57>-0.208855/ 58>-0.289452/ 59>
            0.033102/ 60>-0.227007/ 61>-0.050111/ 62> 0.252068/ 63> 0.225047/ 64>-0.510321/ 65>-0.268902/ 66>
           -0.269469/ 67>-0.031488/ 68>-0.242036/ 69> 0.275562/ 70>-0.014900/ 71> 0.057664/ 72>-0.003425/ 73>


 E=7.7475   0.001017/ 46> 0.014387/ 47> 0.029301/ 48> 0.003795/ 49>-0.028726/ 50> 0.013812/ 51> 0.092449/ 52>
            0.015725/ 53> 0.021059/ 54> 0.019655/ 55>-0.037644/ 56>-0.075356/ 57> 0.125780/ 58> 0.059761/ 59>
           -0.085634/ 60> 0.120180/ 61> 0.022424/ 62>-0.110112/ 63>-0.010614/ 64> 0.313698/ 65>-0.237122/ 66>
            0.034564/ 67>-0.181656/ 68>-0.082643/ 69> 0.831814/ 70> 0.125383/ 71> 0.153231/ 72> 0.022431/ 73>


 E=7.8551   0.004689/  1> 0.147883/  2>-0.010330/  3> 0.011384/  4> 0.911139/  5>-0.087658/  6> 0.174240/  7>
           -0.017891/  8> 0.013945/  9>-0.255400/ 10>-0.008040/ 11>-0.184073/ 12> 0.012388/ 13>-0.056025/ 14>
            0.006608/ 15>-0.007848/ 16> 0.063777/ 17> 0.005069/ 18> 0.036482/ 19> 0.005307/ 20> 0.020938/ 21>
            0.001375/ 22> 0.009030/ 23>-0.000753/ 24> 0.002564/ 25>-0.019403/ 26>-0.001438/ 27>-0.009417/ 28>
           -0.000768/ 29>-0.002853/ 30>-0.000455/ 31>-0.000682/ 32> 0.009170/ 34> 0.001023/ 35> 0.002064/ 36>

 0.004167/ 40> 0.000347/ 41> 0.000562/ 42>

 E=7.8954   0.000583/ 46>-0.000349/ 47> 0.002350/ 49> 0.000371/ 51>-0.001624/ 53>-0.003028/ 54> 0.000424/ 56>
            0.000608/ 57>-0.002619/ 58>-0.002643/ 59> 0.005866/ 60> 0.007614/ 61>-0.000439/ 62> 0.002403/ 63>
            0.001394/ 64>-0.009208/ 65>-0.009373/ 66> 0.045680/ 67> 0.003037/ 68>-0.008833/ 69> 0.024235/ 70>
           -0.236178/ 71>-0.083693/ 72> 0.966514/ 73>

 E=7.9972  -0.000959/ 46>-0.018455/ 47> 0.005386/ 48>-0.010649/ 49> 0.059410/ 50>-0.063902/ 51>-0.178724/ 52>
            0.028829/ 53>-0.074742/ 54>-0.097396/ 55> 0.187366/ 56> 0.365676/ 57>-0.365384/ 58>-0.410799/ 59>
           -0.045437/ 60>-0.315534/ 61> 0.063467/ 62>-0.226521/ 63>-0.188488/ 64> 0.472250/ 65> 0.046202/ 66>
            0.208825/ 67>-0.015126/ 68> 0.100711/ 69>-0.011634/ 70> 0.034166/ 71>-0.003162/ 72> 0.005508/ 73>


  Q20Q22:  0.00 SEC    QTME:  0.00 SEC



    SYMMETRY R1= 1


   BASIS FUNCTIONS /N,L,J,OMEGA>,   PARITY -


   1 / 7 7 15/2 13/2>    15 / 7 5 11/2  1/2>    29 / 7 7 13/2 -7/2>    43 / 5 5 11/2  1/2>    57 / 5 5 11/2-11/2>
   2 / 7 7 13/2 13/2>    16 / 7 5  9/2  1/2>    30 / 7 5 11/2 -7/2>    44 / 5 5  9/2  1/2>    58 / 3 3  7/2  5/2>
   3 / 7 7 15/2  9/2>    17 / 7 3  7/2  1/2>    31 / 7 5  9/2 -7/2>    45 / 5 3  7/2  1/2>    59 / 3 3  5/2  5/2>
   4 / 7 7 13/2  9/2>    18 / 7 3  5/2  1/2>    32 / 7 3  7/2 -7/2>    46 / 5 3  5/2  1/2>    60 / 3 3  7/2  1/2>
   5 / 7 5 11/2  9/2>    19 / 7 1  3/2  1/2>    33 / 7 7 15/2-11/2>    47 / 5 1  3/2  1/2>    61 / 3 3  5/2  1/2>
   6 / 7 5  9/2  9/2>    20 / 7 1  1/2  1/2>    34 / 7 7 13/2-11/2>    48 / 5 1  1/2  1/2>    62 / 3 1  3/2  1/2>
   7 / 7 7 15/2  5/2>    21 / 7 7 15/2 -3/2>    35 / 7 5 11/2-11/2>    49 / 5 5 11/2 -3/2>    63 / 3 1  1/2  1/2>
   8 / 7 7 13/2  5/2>    22 / 7 7 13/2 -3/2>    36 / 7 7 15/2-15/2>    50 / 5 5  9/2 -3/2>    64 / 3 3  7/2 -3/2>
   9 / 7 5 11/2  5/2>    23 / 7 5 11/2 -3/2>    37 / 5 5 11/2  9/2>    51 / 5 3  7/2 -3/2>    65 / 3 3  5/2 -3/2>
  10 / 7 5  9/2  5/2>    24 / 7 5  9/2 -3/2>    38 / 5 5  9/2  9/2>    52 / 5 3  5/2 -3/2>    66 / 3 1  3/2 -3/2>
  11 / 7 3  7/2  5/2>    25 / 7 3  7/2 -3/2>    39 / 5 5 11/2  5/2>    53 / 5 1  3/2 -3/2>    67 / 3 3  7/2 -7/2>
  12 / 7 3  5/2  5/2>    26 / 7 3  5/2 -3/2>    40 / 5 5  9/2  5/2>    54 / 5 5 11/2 -7/2>    68 / 1 1  3/2  1/2>
  13 / 7 7 15/2  1/2>    27 / 7 1  3/2 -3/2>    41 / 5 3  7/2  5/2>    55 / 5 5  9/2 -7/2>    69 / 1 1  1/2  1/2>
  14 / 7 7 13/2  1/2>    28 / 7 7 15/2 -7/2>    42 / 5 3  5/2  5/2>    56 / 5 3  7/2 -7/2>    70 / 1 1  3/2 -3/2>


    SINGLE PARTICLE (PARITY-) WAVE FUNCTIONS IN THE ENERGY INTERVAL 6.0<E<8.0

 E=6.0295   0.975052/ 37>-0.095172/ 38>-0.048842/ 39>-0.014678/ 40>-0.189850/ 41> 0.028586/ 42> 0.007449/ 43>
           -0.004050/ 44>-0.007463/ 45> 0.007687/ 46> 0.021080/ 47>-0.006970/ 48> 0.001806/ 49>-0.007016/ 50>
           -0.004527/ 51>-0.000821/ 54>-0.001300/ 55>-0.000440/ 56>

 E=6.0472   0.018705/ 37>-0.002646/ 38> 0.075127/ 39>-0.033931/ 40> 0.055457/ 41>-0.013084/ 42>-0.211730/ 43>
            0.050195/ 44> 0.403863/ 45>-0.128611/ 46> 0.314703/ 47>-0.141798/ 48>-0.137830/ 49> 0.693980/ 50>
            0.218828/ 51> 0.283395/ 52> 0.101183/ 53> 0.021514/ 54> 0.061390/ 55> 0.013629/ 56> 0.001182/ 57>


 E=6.2096  -0.014421/ 37> 0.001626/ 38>-0.090069/ 39> 0.003246/ 40>-0.078500/ 41> 0.010181/ 42> 0.292744/ 43>
           -0.377548/ 44>-0.527734/ 45>-0.078663/ 46>-0.379105/ 47> 0.091228/ 48>-0.093158/ 49> 0.518187/ 50>
           -0.023775/ 51> 0.198458/ 52> 0.022715/ 53>-0.029132/ 54> 0.043694/ 55>-0.001080/ 56>-0.001730/ 57>


 E=6.3070  -0.013260/ 37> 0.038344/ 38> 0.160664/ 39> 0.844868/ 40>-0.152766/ 41> 0.175682/ 42>-0.008894/ 43>
            0.071343/ 44>-0.097282/ 45>-0.277646/ 46> 0.116432/ 47>-0.197215/ 48> 0.082496/ 49> 0.056491/ 50>
           -0.200299/ 51>-0.048643/ 52>-0.073394/ 53>-0.047198/ 54>-0.005484/ 55>-0.015310/ 56>-0.002422/ 57>


 E=6.3162  -0.000420/ 40>-0.000388/ 41>-0.000610/ 42>-0.001019/ 45>-0.000687/ 46> 0.002104/ 47> 0.003086/ 48>
            0.001888/ 49> 0.000991/ 50>-0.002645/ 51>-0.004023/ 52> 0.027358/ 53>-0.023156/ 54> 0.009221/ 55>
           -0.188471/ 56> 0.981359/ 57>

 E=6.4136  -0.001227/ 37>-0.015382/ 38>-0.052065/ 39>-0.345546/ 40> 0.054621/ 41>-0.079353/ 42>-0.016084/ 43>
            0.150047/ 44>-0.048309/ 45>-0.161154/ 46> 0.141722/ 47>-0.158830/ 48> 0.272420/ 49> 0.249475/ 50>
           -0.724109/ 51>-0.127664/ 52>-0.269236/ 53>-0.138826/ 54>-0.019152/ 55>-0.051868/ 56>-0.008919/ 57>


 E=6.6034  -0.020859/ 37> 0.002238/ 38> 0.021657/ 39>-0.016346/ 40>-0.087284/ 41> 0.015396/ 42> 0.005862/ 43>
           -0.023034/ 44>-0.036308/ 45> 0.060848/ 46> 0.082085/ 47>-0.021309/ 48> 0.002450/ 49>-0.022410/ 50>
           -0.073221/ 51> 0.279892/ 52> 0.073855/ 53> 0.133230/ 54>-0.925267/ 55>-0.120415/ 56>-0.012523/ 57>


 E=6.6313   0.001731/  1> 0.037544/  3>-0.002102/  4> 0.005342/  5> 0.280953/  7>-0.013375/  8> 0.072577/  9>
           -0.005152/ 10> 0.011179/ 11>-0.001036/ 12> 0.732533/ 13>-0.009748/ 14> 0.247342/ 15>-0.005989/ 16>
            0.063584/ 17>-0.003646/ 18> 0.014028/ 19>-0.002656/ 20> 0.520387/ 21> 0.017622/ 22> 0.159438/ 23>
            0.008973/ 24> 0.034190/ 25> 0.003451/ 26> 0.004552/ 27> 0.115554/ 28> 0.006316/ 29> 0.023334/ 30>
            0.001663/ 31> 0.002051/ 32> 0.009306/ 33> 0.000479/ 34> 0.000755/ 35>

 E=6.7071  -0.131400/ 37> 0.006805/ 38> 0.123960/ 39>-0.304651/ 40>-0.628637/ 41> 0.055384/ 42> 0.098288/ 43>
            0.206535/ 44>-0.341446/ 45>-0.172384/ 46> 0.305131/ 47>-0.314259/ 48>-0.073409/ 49>-0.122510/ 50>
            0.184431/ 51> 0.069861/ 52> 0.106974/ 53> 0.010876/ 54> 0.119359/ 55> 0.025887/ 56> 0.001682/ 57>


 E=6.7260  -0.101072/ 37> 0.020410/ 38> 0.162675/ 39> 0.045978/ 40>-0.534708/ 41> 0.134395/ 42>-0.107768/ 43>
           -0.337835/ 44> 0.234624/ 45> 0.537342/ 46> 0.099063/ 47> 0.278511/ 48> 0.095944/ 49> 0.076717/ 50>
           -0.248029/ 51> 0.052049/ 52>-0.069802/ 53>-0.046688/ 54> 0.116242/ 55>-0.003871/ 56>-0.002342/ 57>


 E=6.8214   0.004536/  1> 0.083751/  3>-0.006546/  4> 0.012795/  5>-0.000942/  6> 0.450846/  7>-0.040249/  8>
            0.129568/  9>-0.014688/ 10> 0.022230/ 11>-0.002794/ 12> 0.348653/ 13>-0.053991/ 14> 0.143622/ 15>
           -0.023536/ 16> 0.045431/ 17>-0.009107/ 18> 0.012600/ 19>-0.003994/ 20>-0.691844/ 21>-0.066102/ 22>
           -0.242690/ 23>-0.029922/ 24>-0.060237/ 25>-0.010178/ 26>-0.009355/ 27>-0.266509/ 28>-0.022552/ 29>
           -0.058602/ 30>-0.005791/ 31>-0.005604/ 32>-0.026802/ 33>-0.001798/ 34>-0.002310/ 35>-0.000673/ 36>


 E=6.9348  -0.092903/ 37>-0.955158/ 38>-0.000615/ 39>-0.007368/ 40> 0.042859/ 41> 0.266319/ 42>-0.000831/ 43>
           -0.005443/ 44> 0.005774/ 45> 0.023809/ 46>-0.024489/ 47>-0.060789/ 48>-0.003264/ 50> 0.004305/ 51>
            0.012572/ 52>-0.024045/ 53>-0.003299/ 54>-0.000831/ 55> 0.022197/ 56> 0.005484/ 57>

 E=6.9498  -0.012165/  1> 0.000652/  2>-0.196272/  3> 0.017041/  4>-0.030786/  5> 0.002484/  6>-0.759552/  7>
            0.080210/  8>-0.221931/  9> 0.029846/ 10>-0.039455/ 11> 0.005693/ 12> 0.420100/ 13> 0.012199/ 14>
            0.249081/ 15>-0.002725/ 16> 0.097608/ 17>-0.007224/ 18> 0.030071/ 19>-0.007194/ 20>-0.202345/ 21>
           -0.026139/ 22>-0.065190/ 23>-0.012511/ 24>-0.016509/ 25>-0.004221/ 26>-0.002867/ 27>-0.165424/ 28>
           -0.015793/ 29>-0.037253/ 30>-0.004144/ 31>-0.003684/ 32>-0.020290/ 33>-0.001483/ 34>-0.001791/ 35>

-0.000563/ 36>

 E=6.9970  -0.047248/ 37> 0.081247/ 39>-0.085761/ 40>-0.330061/ 41> 0.050555/ 42>-0.052936/ 43> 0.084884/ 44>
            0.232125/ 45>-0.252222/ 46>-0.371364/ 47> 0.114135/ 48>-0.049953/ 49> 0.229747/ 50> 0.212590/ 51>
           -0.616179/ 52>-0.212870/ 53> 0.027217/ 54>-0.255479/ 55> 0.046231/ 56> 0.016145/ 57>

 E=7.0730   0.008433/ 37> 0.051477/ 38>-0.007518/ 39>-0.000983/ 40> 0.030891/ 41> 0.030325/ 42> 0.003082/ 43>
           -0.017463/ 44>-0.008917/ 45> 0.069650/ 46>-0.009923/ 47>-0.117218/ 48> 0.001098/ 49>-0.037422/ 50>
            0.048413/ 51> 0.163900/ 52>-0.336154/ 53>-0.120186/ 54>-0.109849/ 55> 0.880060/ 56> 0.177874/ 57>


 E=7.0884   0.001420/  1> 0.019280/  3>-0.001892/  4> 0.003116/  5> 0.042556/  7>-0.005723/  8> 0.012461/  9>
           -0.001822/ 10> 0.002137/ 11>-0.000317/ 12>-0.089029/ 13> 0.007271/ 14>-0.046428/ 15> 0.009543/ 16>
           -0.022483/ 17> 0.006540/ 18>-0.009247/ 19> 0.003758/ 20> 0.268434/ 21>-0.013273/ 22> 0.202453/ 23>
            0.012358/ 24> 0.074634/ 25> 0.010668/ 26> 0.014392/ 27>-0.891083/ 28>-0.097060/ 29>-0.204501/ 30>
           -0.025206/ 31>-0.020674/ 32>-0.144263/ 33>-0.011532/ 34>-0.013047/ 35>-0.004523/ 36>

 E=7.2729  -0.022842/ 37> 0.005143/ 38> 0.052925/ 39>-0.063003/ 40>-0.207035/ 41> 0.035401/ 42>-0.077299/ 43>
            0.163682/ 44> 0.322421/ 45>-0.384358/ 46>-0.509683/ 47> 0.109320/ 48> 0.056966/ 49>-0.200930/ 50>
           -0.198222/ 51> 0.532562/ 52> 0.105831/ 53>-0.020403/ 54> 0.119041/ 55> 0.008069/ 56>-0.000501/ 57>


 E=7.2777  -0.095321/  1> 0.005956/  2>-0.943475/  3> 0.100355/  4>-0.153468/  5> 0.014649/  6> 0.171211/  7>
            0.013196/  8> 0.179952/  9>-0.017261/ 10> 0.052351/ 11>-0.007025/ 12>-0.031793/ 13>-0.005228/ 14>
           -0.018378/ 15>-0.007588/ 16>-0.018232/ 17>-0.001289/ 18>-0.009522/ 19> 0.002135/ 20> 0.006964/ 21>
            0.004112/ 23>-0.000353/ 24> 0.000861/ 25>-0.002600/ 28>-0.000487/ 30>-0.000807/ 33>

 E=7.3876   0.023919/ 37> 0.223715/ 38>-0.022837/ 39>-0.116155/ 40> 0.117147/ 41> 0.621463/ 42>-0.008075/ 43>
           -0.040834/ 44> 0.068464/ 45> 0.208660/ 46>-0.227776/ 47>-0.492274/ 48>-0.017305/ 49>-0.021107/ 50>
            0.099301/ 51> 0.087553/ 52>-0.323758/ 53> 0.034712/ 54> 0.035698/ 55>-0.253754/ 56>-0.035937/ 57>


 E=7.4230  -0.000452/  2>-0.005608/  3>-0.019497/  4> 0.000740/  5>-0.002150/  6>-0.056846/  7>-0.218197/  8>
            0.003060/  9>-0.061565/ 10> 0.005808/ 11>-0.008153/ 12>-0.048797/ 13>-0.755307/ 14> 0.018506/ 15>
           -0.326590/ 16> 0.028275/ 17>-0.111260/ 18> 0.023076/ 19>-0.030551/ 20> 0.076512/ 21>-0.457506/ 22>
           -0.001044/ 23>-0.165930/ 24>-0.013581/ 25>-0.039428/ 26>-0.006319/ 27> 0.024526/ 28>-0.070926/ 29>
           -0.000643/ 30>-0.013820/ 31>-0.000950/ 32> 0.003468/ 33>-0.003290/ 34>

 E=7.5066  -0.000465/  7>-0.000926/  8> 0.001314/ 13>-0.002628/ 14> 0.002124/ 15>-0.001017/ 16>-0.001547/ 18>
            0.000825/ 19>-0.001008/ 20>-0.013874/ 21> 0.002852/ 22>-0.009233/ 23> 0.005710/ 24>-0.019071/ 25>
           -0.001813/ 26>-0.006387/ 27> 0.112013/ 28>-0.012560/ 29> 0.171281/ 30> 0.018668/ 31> 0.030166/ 32>
           -0.967777/ 33>-0.092251/ 34>-0.090352/ 35>-0.051840/ 36>

 E=7.5938  -0.015690/ 37>-0.143462/ 38> 0.021839/ 39> 0.112915/ 40>-0.112737/ 41>-0.596705/ 42>-0.002634/ 43>
           -0.021828/ 44> 0.019788/ 45> 0.083863/ 46>-0.065129/ 47>-0.162013/ 48>-0.030187/ 49>-0.053495/ 50>
            0.183548/ 51> 0.206738/ 52>-0.632957/ 53> 0.037228/ 54> 0.042288/ 55>-0.271538/ 56>-0.032194/ 57>


 E=7.5987  -0.000376/  1> 0.000760/  2>-0.004019/  3> 0.028715/  4>-0.006407/  5> 0.003639/  6> 0.024332/  7>
            0.240752/  8>-0.082647/  9> 0.082395/ 10>-0.031267/ 11> 0.013618/ 12> 0.131173/ 13> 0.292870/ 14>
           -0.303507/ 15> 0.188504/ 16>-0.210695/ 17> 0.099669/ 18>-0.095221/ 19> 0.047411/ 20> 0.106152/ 21>
           -0.659047/ 22>-0.216457/ 23>-0.289855/ 24>-0.127310/ 25>-0.087592/ 26>-0.034223/ 27> 0.015071/ 28>
           -0.159323/ 29>-0.030837/ 30>-0.035314/ 31>-0.006841/ 32>-0.003783/ 33>-0.009674/ 34>-0.001380/ 35>


 E=7.7387   0.000638/  1>-0.000635/  2> 0.021382/  3>-0.021309/  4> 0.014238/  5>-0.003329/  6> 0.012661/  7>
           -0.096124/  8> 0.177106/  9>-0.048554/ 10> 0.059084/ 11>-0.011572/ 12>-0.281095/ 13> 0.291921/ 14>
            0.580147/ 15> 0.138832/ 16> 0.386701/ 17> 0.023696/ 18> 0.148675/ 19>-0.025498/ 20>-0.042283/ 21>
           -0.387322/ 22> 0.250031/ 23>-0.138347/ 24> 0.107527/ 25>-0.026015/ 26> 0.017600/ 27> 0.053562/ 28>
           -0.093798/ 29> 0.033542/ 30>-0.016846/ 31> 0.004217/ 32> 0.007917/ 33>-0.005275/ 34> 0.001079/ 35>


 E=7.7686   0.905295/  1>-0.064078/  2>-0.054051/  3> 0.037588/  4>-0.158736/  5> 0.020388/  6> 0.053805/  7>
            0.326336/  8>-0.024964/  9> 0.106671/ 10> 0.001543/ 11> 0.012954/ 12>-0.037964/ 13>-0.060887/ 14>
            0.050285/ 15>-0.085279/ 16> 0.053892/ 17>-0.057166/ 18> 0.033031/ 19>-0.025458/ 20>-0.007762/ 21>
            0.005375/ 22> 0.036857/ 23> 0.001857/ 24> 0.019248/ 25> 0.001976/ 26> 0.004131/ 27> 0.002320/ 28>
            0.008919/ 29> 0.005540/ 30> 0.002250/ 31> 0.001032/ 32> 0.000609/ 33> 0.000731/ 34>

 E=7.7691   0.375964/  1>-0.030653/  2>-0.051789/  3>-0.120142/  4>-0.056141/  5>-0.007838/  6>-0.113760/  7>
           -0.782233/  8> 0.074911/  9>-0.246610/ 10> 0.050187/ 11>-0.038368/ 12> 0.088821/ 13> 0.146590/ 14>
           -0.120091/ 15> 0.205386/ 16>-0.126826/ 17> 0.134752/ 18>-0.083210/ 19> 0.062087/ 20> 0.018581/ 21>
           -0.013878/ 22>-0.087526/ 23>-0.004623/ 24>-0.045465/ 25>-0.005215/ 26>-0.009974/ 27>-0.005396/ 28>
           -0.021688/ 29>-0.013218/ 30>-0.005387/ 31>-0.002445/ 32>-0.001444/ 33>-0.001786/ 34>-0.000477/ 35>


 E=7.9154  -0.006772/ 37>-0.055351/ 38> 0.015532/ 39> 0.067352/ 40>-0.074055/ 41>-0.347675/ 42>-0.023644/ 43>
           -0.069456/ 44> 0.128658/ 45> 0.287213/ 46>-0.328034/ 47>-0.621420/ 48> 0.023030/ 49> 0.045664/ 50>
           -0.134662/ 51>-0.161767/ 52> 0.454556/ 53>-0.016278/ 54>-0.019492/ 55> 0.115116/ 56> 0.010893/ 57>


 E=7.9356   0.000971/  1> 0.010375/  3>-0.004789/  4> 0.007049/  5>-0.001342/  6>-0.004259/  7>-0.018464/  8>
            0.083716/  9>-0.031853/ 10> 0.034939/ 11>-0.009375/ 12>-0.126605/ 13> 0.086839/ 14> 0.160702/ 15>
           -0.140249/ 16> 0.244560/ 17>-0.155823/ 18> 0.167755/ 19>-0.097930/ 20> 0.301779/ 21> 0.177713/ 22>
           -0.674316/ 23>-0.058411/ 24>-0.382625/ 25>-0.074113/ 26>-0.091386/ 27>-0.046155/ 28>-0.170466/ 29>
           -0.150142/ 30>-0.054616/ 31>-0.028884/ 32>-0.018110/ 33>-0.017666/ 34>-0.006148/ 35>-0.000643/ 36>


 E=7.9717   0.000679/  1> 0.005553/  3>-0.004200/  4> 0.004401/  5>-0.000923/  6>-0.009804/  7>-0.009684/  8>
            0.041391/  9>-0.014235/ 10> 0.015457/ 11>-0.003893/ 12>-0.027332/ 13> 0.051947/ 14> 0.039576/ 15>
           -0.029116/ 16> 0.023718/ 17>-0.022246/ 18> 0.011219/ 19>-0.008608/ 20> 0.073286/ 21>-0.084702/ 22>
           -0.090680/ 23>-0.237917/ 24>-0.113828/ 25>-0.118845/ 26>-0.045486/ 27>-0.136451/ 28> 0.899834/ 29>
            0.092874/ 30> 0.197855/ 31> 0.026403/ 32>-0.013853/ 33> 0.083174/ 34> 0.005676/ 35>-0.000919/ 36>


  Q20Q22:  0.00 SEC    QTME:  0.00 SEC

 Q0= 179.545 HBAR/MW0     Q2= -35.244 HBAR/MW0     GAMMA= 15.5 DEG   FOR 82 PARTICLES;  A=207

1
 **********************************************  SINGLE PARTICLE MATRIX ELEMENTS  ***********************************************


   ENY   EMY     A+B     C      D      E    JZ    S0    S+    S-  <R2S> <R4S>  R2DZ  R2D+  R2D-  Q20S  Q22S   Q20   Q22  RHO2    R2


  5.44- MY=NY  0.935  4.367  30.34 -10.46 -0.99 -0.14  0.00  0.34  6.50 50.54  0.11  0.15 -0.79  5.13  0.39  7.44  0.18  6.50  7.27
  5.58- 5.44-  5.005 -0.656   0.02  18.03  0.53  0.06  0.43 -0.11  6.50 50.18 -0.10  0.91  0.14 -0.75 -0.71 -0.89 -0.66 -0.00 -0.06
  5.78- 5.44-  0.012  0.546  -0.19  25.29 -0.29 -0.03  0.00  0.04  6.50 45.17  0.06 -0.00 -0.10 -0.98 -1.00 -1.17 -0.93 -0.00 -0.07
  5.90- 5.44-  0.498 -0.329  -2.54   7.39  0.14  0.13 -0.26 -0.57  6.50 50.97  0.47 -0.18 -0.06  0.86 -0.81  0.95 -0.72  0.00  0.14
  6.03- 5.44- -0.188 -0.005   0.06  -3.17 -0.02  0.00 -0.01  0.00  6.50 33.99  0.01 -0.03 -0.00  0.11  0.12  0.13  0.11 -0.00  0.01
  6.05- 5.44- -0.552  0.725   0.05  -1.25 -0.15 -0.32 -0.12  0.12  6.50 48.52 -1.10  0.07  0.08  0.19  0.11  0.22  0.11 -0.00  0.02
  6.21- 5.44-  0.451 -0.921  -3.69   6.16  0.08 -0.25  0.01  0.23  6.50 51.25 -0.85  0.10  0.02  1.30 -0.32  1.48 -0.27  0.00  0.17
  6.31- 5.44- -0.161  0.056   1.38  -1.53  0.01  0.04  0.16 -0.07  6.50 48.77  0.13 -0.02 -0.08 -0.45  0.04 -0.51  0.03  0.00 -0.06
  6.32- 5.44-  0.000  0.007  -0.02   0.97 -0.00 -0.00 -0.00  0.00  6.50 25.44  0.00 -0.00 -0.00 -0.03 -0.04 -0.04 -0.03  0.00 -0.00
  6.41- 5.44-  0.176  0.120   5.31  -3.49  0.04 -0.07 -0.09  0.01  6.50 43.08 -0.20 -0.00  0.04 -1.98 -0.07 -2.27 -0.11 -0.00 -0.23
  6.60- 5.44- -0.012  0.004  -0.00   1.18 -0.01  0.02  0.00 -0.01  6.50 40.91  0.05 -0.01  0.00 -0.07 -0.08 -0.08 -0.08  0.00 -0.00

  5.58- MY=NY -1.237 -0.030  27.51  -9.79  2.30  0.32 -0.13  0.01  6.50 50.48 -0.27 -0.21  0.01  3.33  0.09  5.36 -0.13  6.50  7.07
  5.78- 5.58- -0.240  4.952   0.08  -4.01  0.09  0.01 -0.05  0.38  6.50 49.85  0.00 -0.08 -0.92  0.14  0.18  0.17  0.17 -0.00  0.01
  5.90- 5.58- -0.410  0.207   0.97  -3.44 -0.03 -0.09 -0.09  0.04  6.50 48.11 -0.45  0.12  0.07 -0.30  0.01 -0.34  0.00 -0.00 -0.04
  6.03- 5.58-  0.065 -0.006   0.36 -21.75 -0.18 -0.01  0.01 -0.00  6.50 39.45  0.05  0.01 -0.00  0.77  0.83  0.91  0.77 -0.00  0.05
  6.05- 5.58- -0.227  0.135  -1.94   6.17 -0.18  0.02 -0.64 -0.08  6.50 51.59  0.10  0.28  0.23  0.51 -0.88  0.55 -0.79 -0.00  0.10
  6.21- 5.58- -0.113  0.156   2.66  -9.53  0.19  0.07 -0.40 -0.06  6.50 47.50  0.25  0.15  0.15 -0.67  1.24 -0.72  1.12  0.00 -0.14
  6.31- 5.58-  0.422 -0.138  -2.41   1.95  0.00  0.34 -0.06  0.01  6.50 52.26  1.16 -0.01  0.03  1.12 -0.05  1.29 -0.02  0.00  0.14
  6.32- 5.58- -0.001  0.070   0.00  -0.25  0.00 -0.00 -0.00  0.00  6.50 18.52 -0.00 -0.00 -0.01  0.01  0.01  0.01  0.01 -0.00  0.00
  6.41- 5.58-  0.974 -0.338  -0.04   0.46 -0.02 -0.11 -0.11 -0.02  6.50 48.86 -0.39 -0.02  0.05 -0.08 -0.06 -0.09 -0.06 -0.00 -0.01
  6.60- 5.58-  0.000  0.130  -0.52  -0.32  0.01 -0.01  0.04 -0.12  6.50 46.05 -0.03 -0.05 -0.00  0.22  0.06  0.26  0.06 -0.00  0.02

  5.78- MY=NY -0.005  0.103  22.57  -4.18 -3.40 -0.40 -0.00 -0.00  6.50 49.44  0.57 -0.00 -0.02  0.75 -0.37  2.39 -0.60  6.50  6.78
  5.90- 5.78- -0.077 -0.067   0.27  -2.59 -0.02  0.00  0.01 -0.01  6.50 33.12  0.06 -0.02 -0.10 -0.10  0.02 -0.11  0.02  0.00 -0.01
  6.03- 5.78- -4.362  0.147  -0.01  -0.18  0.00  0.00 -0.30  0.03  6.50 49.32  0.00 -0.83 -0.07  0.01 -0.00  0.01 -0.00 -0.00  0.00
  6.05- 5.78-  0.028 -0.200   0.52  -2.81 -0.06  0.04 -0.01  0.02  6.50 60.64  0.32 -0.00  0.00 -0.20  0.16 -0.22  0.15 -0.00 -0.03
  6.21- 5.78- -0.046  0.156   0.24  -1.22  0.06  0.03 -0.01 -0.04  6.50 57.36  0.17 -0.01 -0.00 -0.08 -0.20 -0.10 -0.19  0.00 -0.00
  6.31- 5.78-  0.129 -0.381  -0.71   2.70  0.12  0.01 -0.03 -0.81  6.50 49.60  0.02 -0.33 -0.54  0.17 -0.60  0.17 -0.54 -0.00  0.05
  6.32- 5.78-  0.000 -0.001  -0.34  14.36 -0.10 -0.01  0.00  0.00  6.50 29.55  0.03  0.00  0.00 -0.46 -0.52 -0.56 -0.48 -0.00 -0.03
  6.41- 5.78- -0.006  0.031  -1.98   8.07  0.29  0.01  0.01  0.26  6.50 45.78  0.04  0.11  0.18  0.45 -1.74  0.43 -1.57  0.00  0.13
  6.60- 5.78-  0.035 -0.129   1.65  -0.59  0.00  0.29  0.00  0.01  6.50 50.02  1.01  0.01 -0.01 -0.88 -0.04 -1.01 -0.05  0.00 -0.10

  5.90- MY=NY  3.705  2.087  20.02  12.48  0.39 -0.06 -0.39 -0.07  6.50 51.43  0.88 -1.93  0.47  6.48 -0.56  8.94 -0.65  6.50  7.47
  6.03- 5.90- -0.054 -0.033  -0.03   0.21  0.02  0.00 -0.00  0.00  6.50 61.74  0.02 -0.02 -0.01 -0.03 -0.01 -0.04 -0.01 -0.00 -0.00
  6.05- 5.90-  0.928  3.276   2.26  13.88 -0.37  0.01  0.15 -0.31  6.50 56.94 -1.14  0.74  1.01 -1.12 -0.79 -1.32 -0.74  0.00 -0.10
  6.21- 5.90- -2.030  2.046  -1.62   6.84 -0.29  0.16 -0.07 -0.18  6.50 59.54  1.08 -0.44  0.12  0.03 -0.25  0.02 -0.22 -0.00  0.01
  6.31- 5.90-  0.849  0.021   2.31  19.08  0.19 -0.05 -0.02 -0.01  6.50 33.49 -0.02 -0.12 -0.08 -1.58 -1.11 -1.86 -1.04  0.00 -0.14
  6.32- 5.90- -0.001 -0.009  -0.00   0.07 -0.00  0.00  0.00 -0.00  6.50 33.76  0.00 -0.00  0.00 -0.00 -0.00 -0.00 -0.00 -0.00 -0.00
  6.41- 5.90-  0.035  0.214   1.99   2.29 -0.17 -0.01  0.06 -0.06  6.50 43.19  0.05 -0.02 -0.17 -0.73 -0.31 -0.85 -0.30 -0.00 -0.07
  6.60- 5.90- -0.034 -0.195  -0.31  -3.56  0.02  0.00 -0.01  0.01  6.50 44.42  0.02 -0.00 -0.02  0.25  0.19  0.29  0.18  0.00  0.02

  6.03- MY=NY  0.003 -0.001  15.20  -2.16  4.42  0.46 -0.00 -0.00  6.50 49.11 -0.90  0.00  0.00 -2.01 -0.68 -0.79 -0.95  6.50  6.47
  6.05- 6.03- -0.028  0.014  -0.14   0.84  0.06  0.00 -0.00  0.00  6.50101.00 -0.00 -0.06 -0.03 -0.05  0.01 -0.06  0.01 -0.00 -0.01
  6.21- 6.03-  0.043 -0.008   0.11  -1.02 -0.01  0.00  0.00 -0.00  6.50109.53  0.01 -0.03 -0.00  0.00 -0.03 -0.00 -0.03  0.00  0.00
  6.31- 6.03-  0.046 -0.028  -0.39   2.88 -0.04  0.03  0.00 -0.00  6.50 57.99  0.27 -0.00  0.00  0.17 -0.10  0.19 -0.09 -0.00  0.02
  6.32- 6.03-  0.097 -3.276  -0.00  -0.00 -0.00 -0.00  0.02 -0.21  6.50 49.12 -0.00  0.05  0.64 -0.00 -0.00 -0.00 -0.00 -0.00  0.00
  6.41- 6.03-  0.185 -0.066   0.06  -0.63 -0.01 -0.01 -0.02 -0.00  6.50 65.43 -0.09 -0.01  0.01 -0.03 -0.04 -0.04 -0.04  0.00 -0.00
  6.60- 6.03- -0.349  0.070  -0.15   0.82 -0.06 -0.00 -0.91 -0.01  6.50 49.40 -0.00  0.80  0.39  0.02 -0.30  0.01 -0.27 -0.00  0.02

  6.05- MY=NY -1.241 -1.043  17.62   7.11 -0.77  0.24 -0.18 -0.06  6.50 58.91 -0.61 -0.32  1.60  4.83 -0.96  7.03 -1.06  6.50  7.29
  6.21- 6.05-  1.353 -0.611   2.29  -6.99 -0.88 -0.04  0.34  0.19  6.50 58.37 -0.28  0.11 -1.02 -0.21  0.51 -0.22  0.45 -0.00 -0.05
  6.31- 6.05-  3.273  0.780  -0.49  -2.63  0.02  0.09 -0.34  0.10  6.50 56.57  0.48 -0.60 -0.10  0.49  0.23  0.57  0.22 -0.00  0.05
  6.32- 6.05-  0.000 -0.033  -0.02   0.14  0.00  0.00  0.00 -0.00  6.50 49.38  0.00  0.00  0.01  0.01  0.00  0.01  0.00  0.00  0.00
  6.41- 6.05- -1.143  2.096   0.61  -3.57  0.22  0.19 -0.00  0.21  6.50 60.89  1.09  0.19 -0.14  0.29  0.17  0.34  0.16 -0.00  0.03
  6.60- 6.05-  0.036  0.050  -0.97 -14.37  0.11 -0.03  0.01 -0.02  6.50 52.54 -0.02 -0.00  0.00  0.94  0.76  1.12  0.71  0.00  0.08

  6.21- MY=NY -1.263 -1.777  18.35 -11.12 -0.12  0.24 -0.58  0.11  6.50 53.69 -0.80  0.07 -1.88  4.23  1.39  6.45  1.06  6.50  7.12
  6.31- 6.21-  1.955 -0.541   0.24  -1.81 -0.03 -0.09 -0.05 -0.06  6.50 52.15 -0.09 -0.64  0.18 -0.28 -0.32 -0.33 -0.30 -0.00 -0.02
  6.32- 6.21- -0.003  0.004   0.02  -0.23  0.00  0.00 -0.00  0.00  6.50 50.12  0.00  0.00 -0.00  0.01  0.01  0.01  0.01 -0.00  0.00
  6.41- 6.21- -1.173 -2.435   1.03  10.97 -0.20 -0.10  0.21 -0.30  6.50 56.24  0.43  0.24  0.61 -0.77 -0.75 -0.91 -0.70  0.00 -0.06
  6.60- 6.21- -0.036 -0.129  -0.05  -7.77  0.09  0.00 -0.01  0.03  6.50 63.84  0.05 -0.01 -0.02  0.30  0.31  0.36  0.28 -0.00  0.02

  6.31- MY=NY  0.261  0.032  16.19   3.81  1.97 -0.30 -0.08 -0.05  6.50 53.71  1.24 -1.32 -0.03  1.85 -1.24  3.61 -1.37  6.50  6.95
  6.32- 6.31- -0.002  0.014   0.03  -0.36 -0.00  0.00  0.00  0.00  6.50118.46  0.00 -0.01 -0.04 -0.00  0.00 -0.00  0.00  0.00 -0.00
  6.41- 6.31-  0.422  0.062  -1.71   3.33 -1.09  0.02 -0.12 -0.17  6.50 57.88 -0.02 -1.84 -0.14  0.39 -0.75  0.41 -0.67  0.00  0.08
  6.60- 6.31- -0.285 -3.591  -0.11  -1.19  0.02  0.02 -0.04  0.27  6.50 53.57  0.18 -0.09 -0.68 -0.00  0.04 -0.00  0.04  0.00 -0.00

  6.32- MY=NY -0.000  0.000   5.44  -0.67 -5.42 -0.50 -0.00 -0.00  6.50 49.09  1.25 -0.00 -0.00 -4.96 -0.96 -4.18 -1.27  6.50  6.13
  6.41- 6.32- -0.003  0.006   0.10  -0.88  0.01  0.00 -0.00 -0.00  6.50208.09 -0.00  0.00  0.01 -0.00 -0.01 -0.00 -0.01 -0.00  0.00
  6.60- 6.32- -0.005  0.022  -0.17   2.07  0.03 -0.02 -0.00 -0.00  6.50 58.08 -0.20 -0.00  0.00  0.10 -0.07  0.11 -0.06 -0.00  0.02

  6.41- MY=NY -0.145  0.389  14.88  -1.03 -0.83 -0.33 -0.01 -0.40  6.50 54.92  0.88  1.16 -0.44  1.80 -0.03  3.60 -0.27  6.50  6.89
  6.60- 6.41- -0.318  1.038   0.08  -2.42 -0.01  0.05 -0.02 -0.05  6.50 54.65  0.18 -0.05  0.28 -0.11 -0.07 -0.13 -0.06  0.00 -0.01

  6.60- MY=NY -0.015  0.093  11.96   1.43 -3.21  0.40 -0.02 -0.01  6.50 51.03 -1.40  0.01  0.60 -1.51 -1.36 -0.25 -1.56  6.50  6.56

 DECOUP:  0.00 SEC



   #   ENERGY +/-(#)    <Q20>    <Q22>     <R2>     <JZ>      #   ENERGY +/-(#)    <Q20>    <Q22>     <R2>     <JZ>

   1   1.5000  +(# 1)   0.3561  -0.0664   1.5408   0.5000    41   6.0472  -(#20)   7.0300  -1.0574   7.2924  -0.7761
   2   2.2316  -(# 1)   2.4785  -0.1377   2.7667   0.4854    42   6.1691  +(#22)   8.3982  -0.1227   8.3852  -0.7370
   3   2.4753  -(# 2)  -0.4961  -0.4812   2.4740  -1.4071    43   6.2096  -(#21)   6.4513   1.0647   7.1176  -0.1174
   4   2.7931  -(# 3)  -0.2021   0.2867   2.4634   0.4217    44   6.2670  +(#23)  -2.9609   0.0263   5.1888  -0.4515
   5   2.9882  +(# 2)   4.7359  -0.1940   4.0059   0.4737    45   6.2949  +(#24)   7.2967   0.2761   8.2485   2.0905
   6   3.2182  +(# 3)   1.7651  -0.4963   3.7114  -1.3723    46   6.3070  -(#22)   3.6126  -1.3747   6.9520   1.9725
   7   3.4457  +(# 4)  -0.7757  -1.2302   3.4851   1.6505    47   6.3162  -(#23)  -4.1840  -1.2690   6.1306  -5.4333
   8   3.5472  +(# 5)   0.9305   0.6147   3.5642   1.1103    48   6.4136  -(#24)   3.6009  -0.2741   6.8915  -0.8261
   9   3.7629  -(# 4)   6.1425  -0.5029   5.1697   0.4028    49   6.4639  +(#25)   4.4989  -0.3325   7.9886  -3.3668
  10   3.7838  +(# 6)  -0.5900  -0.5809   3.4696   0.3228    50   6.5378  +(#26)  -2.8096   3.4894   5.0182  -0.2846
  11   3.9460  -(# 5)   4.1327  -0.1593   4.9409  -1.3437    51   6.6034  -(#25)  -0.2517  -1.5602   6.5577  -3.2213
  12   4.0168  +(# 7)  -1.0806   0.9566   3.3354  -1.1850    52   6.6313  -(#26)   9.3132  -2.8475   9.6277   0.0230
  13   4.1599  -(# 6)   1.0676  -0.9450   4.6626   2.2860    53   6.6708  +(#27)   9.5333  -1.4434   8.5751   0.2479
  14   4.3211  -(# 7)   4.7420   0.4097   4.9740   0.5676    54   6.6826  +(#28)   1.5353  -0.7307   7.7000   4.4052
  15   4.4352  -(# 8)  -2.2766  -1.3387   4.3339  -3.2776    55   6.7071  -(#27)   1.5290  -0.2077   6.6711   1.3826
  16   4.5479  -(# 9)   1.5100  -0.9965   4.7116  -0.1300    56   6.7260  -(#28)   2.4012   0.6017   6.7188   0.9783
  17   4.5545  +(# 8)   7.0131  -1.0400   6.2897   0.2702    57   6.8214  -(#29)   8.9614  -0.6855   9.4744  -0.4247
  18   4.7176  +(# 9)   6.1481   0.1117   6.1372  -1.2041    58   6.8248  +(#29)   9.2580  -0.7239   8.5075  -0.7950
  19   4.7355  -(#10)   1.4391   1.4084   4.5747  -0.8880    59   6.9348  -(#30)  -4.0447  -1.7368   6.1704   4.3343
  20   4.8516  -(#11)  -2.0079  -1.9732   4.3962  -0.7072    60   6.9395  +(#30)  -1.6858  -1.0643   7.3809  -5.4320
  21   4.8922  +(#10)   3.2937  -0.5618   5.8748   2.3831    61   6.9498  -(#31)   8.7775   0.6270   9.3845   1.7216
  22   5.0134  -(#12)  -2.1041  -0.3779   4.3002   1.2674    62   6.9773  +(#31)   8.3043   0.3923   8.3477   0.0200
  23   5.0982  +(#11)   7.5960  -0.0145   6.2955   0.4604    63   6.9970  -(#32)   0.1753  -0.4806   6.5442  -0.5670
  24   5.1320  +(#12)   0.1301  -0.9295   5.5637  -3.3892    64   7.0327  +(#32)   6.0838  -0.6636   8.1722   2.2601
  25   5.2265  -(#13)  -1.9630   2.4822   4.1610   0.8225    65   7.0730  -(#33)  -3.9574  -1.9485   6.1909  -3.1712
  26   5.2692  -(#14)   7.6762  -1.6783   7.3935   0.1338    66   7.0884  -(#34)   6.4289   0.0779   9.1684  -3.2504
  27   5.2772  +(#13)   4.1854  -1.2636   6.0059  -0.5972    67   7.1671  +(#33)   6.6102  -0.2717   8.2062  -1.1062
  28   5.4154  +(#14)  -3.2692  -1.2449   5.2250   4.4049    68   7.2291  +(#34)  -5.0964  -1.3821   7.0412   6.4403
  29   5.4384  -(#15)   7.4353   0.1819   7.2681  -0.9925    69   7.2362  +(#35)  10.0708  -3.4488  10.7393   0.0079
  30   5.4465  +(#15)   4.1312   1.4352   5.8549  -0.3448    70   7.2729  -(#35)   0.2631   3.2316   6.3535  -0.2112
  31   5.5788  -(#16)   5.3612  -0.1287   7.0678   2.3078    71   7.2777  -(#36)   3.6216  -0.4315   8.9021   4.3876
  32   5.5834  +(#16)   0.7825  -2.1866   5.6996   1.0615    72   7.2798  +(#36)   2.3792  -1.1127   7.8088  -3.3253
  33   5.6801  +(#17)   0.6258   0.0642   5.5620   0.0299    73   7.3876  -(#37)  -3.8676  -2.7120   6.2414   1.0116
  34   5.7805  -(#17)   2.3877  -0.6036   6.7823  -3.4069    74   7.4230  -(#38)  10.0351  -2.2602   9.6716   0.0990
  35   5.8992  -(#18)   8.9412  -0.6549   7.4707   0.3917    75   7.4255  +(#37)   2.9126  -1.2044   7.8696   2.1555
  36   5.9382  +(#18)  -3.0906  -2.4922   5.3109  -2.3534    76   7.4329  +(#38)   9.5611  -1.3037  10.5705  -0.1999
  37   5.9561  +(#19)   0.8112   2.1614   5.4685   0.2902    77   7.4878  +(#39)   6.8979   1.3598   8.1484   0.3762
  38   5.9894  +(#20)   8.5692  -2.2393   8.5171   0.0616    78   7.5066  -(#39)   0.6255  -0.7968   8.6084  -5.4247
  39   6.0038  +(#21)  -3.0028  -1.2091   5.2510   1.2245    79   7.5705  +(#40)  -1.2416  -1.4064   7.4458   4.3709
  40   6.0295  -(#19)  -0.7869  -0.9499   6.4688   4.4250    80   7.5741  +(#41)   9.7182   0.5700  10.4860   1.2917



     PARITY: +     DIMENSION:  95     MATRIX:   0.0 SEC     DIAGONALISATION:   0.0 SEC
     PARITY: -     DIMENSION:  70     MATRIX:   0.0 SEC     DIAGONALISATION:   0.0 SEC
      TOTAL TIME:   0.0 SEC
