


         KAPPAP      MYP     KAPPAN      MYN
    0    0.1200    0.0000    0.1200    0.0000
    1    0.1200    0.0000    0.1200    0.0000
    2    0.1050    0.0000    0.1050    0.0000
    3    0.0900    0.3000    0.0900    0.2500
    4    0.0650    0.5700    0.0700    0.3900
    5    0.0600    0.6500    0.0620    0.4300
    6    0.0540    0.6900    0.0620    0.3400
    7    0.0540    0.6900    0.0620    0.2600
    8    0.0540    0.6900    0.0620    0.2600


     KAPPA    MY     EPS   GAMMA    EPS4     EPS6     W0/W00   NMAX  COUPL     OMROT      EFAC      QFAC
      SEE TABLE     0.431    7.2   0.000    0.000    1.02354     8     0     0.00000   6.60293   6.28509


                     **** PROTONS ****                     **** STRETCHED COORDINATES ****
    SYMMETRY R1= 1


   BASIS FUNCTIONS /N,L,J,OMEGA>,   PARITY +


   1 / 8 8 17/2 17/2>    20 / 8 6 11/2  1/2>    39 / 8 4  7/2 -7/2>    58 / 6 4  7/2  1/2>    77 / 4 2  5/2  5/2>
   2 / 8 8 17/2 13/2>    21 / 8 4  9/2  1/2>    40 / 8 8 17/2-11/2>    59 / 6 2  5/2  1/2>    78 / 4 4  9/2  1/2>
   3 / 8 8 15/2 13/2>    22 / 8 4  7/2  1/2>    41 / 8 8 15/2-11/2>    60 / 6 2  3/2  1/2>    79 / 4 4  7/2  1/2>
   4 / 8 6 13/2 13/2>    23 / 8 2  5/2  1/2>    42 / 8 6 13/2-11/2>    61 / 6 0  1/2  1/2>    80 / 4 2  5/2  1/2>
   5 / 8 8 17/2  9/2>    24 / 8 2  3/2  1/2>    43 / 8 6 11/2-11/2>    62 / 6 6 13/2 -3/2>    81 / 4 2  3/2  1/2>
   6 / 8 8 15/2  9/2>    25 / 8 0  1/2  1/2>    44 / 8 8 17/2-15/2>    63 / 6 6 11/2 -3/2>    82 / 4 0  1/2  1/2>
   7 / 8 6 13/2  9/2>    26 / 8 8 17/2 -3/2>    45 / 8 8 15/2-15/2>    64 / 6 4  9/2 -3/2>    83 / 4 4  9/2 -3/2>
   8 / 8 6 11/2  9/2>    27 / 8 8 15/2 -3/2>    46 / 6 6 13/2 13/2>    65 / 6 4  7/2 -3/2>    84 / 4 4  7/2 -3/2>
   9 / 8 4  9/2  9/2>    28 / 8 6 13/2 -3/2>    47 / 6 6 13/2  9/2>    66 / 6 2  5/2 -3/2>    85 / 4 2  5/2 -3/2>
  10 / 8 8 17/2  5/2>    29 / 8 6 11/2 -3/2>    48 / 6 6 11/2  9/2>    67 / 6 2  3/2 -3/2>    86 / 4 2  3/2 -3/2>
  11 / 8 8 15/2  5/2>    30 / 8 4  9/2 -3/2>    49 / 6 4  9/2  9/2>    68 / 6 6 13/2 -7/2>    87 / 4 4  9/2 -7/2>
  12 / 8 6 13/2  5/2>    31 / 8 4  7/2 -3/2>    50 / 6 6 13/2  5/2>    69 / 6 6 11/2 -7/2>    88 / 4 4  7/2 -7/2>
  13 / 8 6 11/2  5/2>    32 / 8 2  5/2 -3/2>    51 / 6 6 11/2  5/2>    70 / 6 4  9/2 -7/2>    89 / 2 2  5/2  5/2>
  14 / 8 4  9/2  5/2>    33 / 8 2  3/2 -3/2>    52 / 6 4  9/2  5/2>    71 / 6 4  7/2 -7/2>    90 / 2 2  5/2  1/2>
  15 / 8 4  7/2  5/2>    34 / 8 8 17/2 -7/2>    53 / 6 4  7/2  5/2>    72 / 6 6 13/2-11/2>    91 / 2 2  3/2  1/2>
  16 / 8 2  5/2  5/2>    35 / 8 8 15/2 -7/2>    54 / 6 2  5/2  5/2>    73 / 6 6 11/2-11/2>    92 / 2 0  1/2  1/2>
  17 / 8 8 17/2  1/2>    36 / 8 6 13/2 -7/2>    55 / 6 6 13/2  1/2>    74 / 4 4  9/2  9/2>    93 / 2 2  5/2 -3/2>
  18 / 8 8 15/2  1/2>    37 / 8 6 11/2 -7/2>    56 / 6 6 11/2  1/2>    75 / 4 4  9/2  5/2>    94 / 2 2  3/2 -3/2>
  19 / 8 6 13/2  1/2>    38 / 8 4  9/2 -7/2>    57 / 6 4  9/2  1/2>    76 / 4 4  7/2  5/2>    95 / 0 0  1/2  1/2>


    SINGLE PARTICLE (PARITY+) WAVE FUNCTIONS IN THE ENERGY INTERVAL 6.0<E<8.0

 E=6.1199   0.000354/ 46> 0.040055/ 47>-0.004808/ 48> 0.005584/ 49> 0.911742/ 50>-0.146342/ 51> 0.350632/ 52>
           -0.066374/ 53> 0.059822/ 54>-0.050555/ 55>-0.016727/ 56>-0.086032/ 57> 0.003043/ 58>-0.059792/ 59>
            0.014400/ 60>-0.024099/ 61> 0.010092/ 62>-0.000610/ 63> 0.003315/ 64> 0.000797/ 66> 0.001281/ 68>


 E=6.1305  -0.006796/ 74> 0.010556/ 75>-0.012551/ 76>-0.056343/ 77> 0.003698/ 78>-0.008743/ 79>-0.017485/ 80>
            0.024990/ 81> 0.042945/ 82> 0.011316/ 83>-0.040695/ 84>-0.052166/ 85> 0.179627/ 86> 0.140406/ 87>
           -0.968070/ 88>

 E=6.1789   0.101712/ 74>-0.172875/ 75> 0.206127/ 76> 0.919578/ 77>-0.014043/ 78> 0.044781/ 79> 0.075071/ 80>
           -0.124472/ 81>-0.198513/ 82>-0.003630/ 83> 0.012262/ 84> 0.013262/ 85>-0.044396/ 86> 0.011808/ 87>
           -0.080423/ 88>

 E=6.3863   0.000652/ 48> 0.006416/ 50> 0.042763/ 51>-0.007424/ 52> 0.014994/ 53>-0.003218/ 54> 0.214129/ 55>
            0.703080/ 56>-0.079044/ 57> 0.533777/ 58>-0.187342/ 59> 0.299542/ 60>-0.149073/ 61>-0.050688/ 62>
            0.074516/ 63>-0.019938/ 64> 0.034580/ 65>-0.001860/ 66> 0.007368/ 67>-0.094270/ 68>-0.012687/ 69>
           -0.024845/ 70>-0.003235/ 71>-0.002592/ 72>

 E=6.3899   0.004564/ 51>-0.001166/ 52> 0.001603/ 53>-0.000409/ 54> 0.024534/ 55> 0.067870/ 56>-0.009920/ 57>
            0.049025/ 58>-0.018477/ 59> 0.026689/ 60>-0.013514/ 61>-0.024884/ 62> 0.016203/ 63>-0.085672/ 64>
           -0.011656/ 65>-0.044867/ 66>-0.010361/ 67> 0.944713/ 68> 0.152061/ 69> 0.250795/ 70> 0.036695/ 71>
            0.026383/ 72> 0.002477/ 73>

 E=6.4171   0.015817/ 74>-0.038602/ 75> 0.046400/ 76> 0.201257/ 77> 0.049805/ 78>-0.102407/ 79>-0.213416/ 80>
            0.281592/ 81> 0.490835/ 82> 0.054486/ 83>-0.189949/ 84>-0.203692/ 85> 0.684657/ 86>-0.025137/ 87>
            0.164158/ 88>

 E=6.5624   0.009800/ 74>-0.028555/ 75> 0.034312/ 76> 0.146614/ 77> 0.062505/ 78>-0.129076/ 79>-0.260486/ 80>
            0.343753/ 81> 0.590980/ 82>-0.050585/ 83> 0.165363/ 84> 0.182484/ 85>-0.590350/ 86> 0.014758/ 87>
           -0.092935/ 88>

 E=6.6043  -0.001322/ 47>-0.023589/ 50> 0.003732/ 51>-0.018913/ 52> 0.003965/ 53>-0.004503/ 54> 0.161622/ 55>
           -0.100354/ 56>-0.187593/ 57> 0.026499/ 58>-0.224116/ 59> 0.089153/ 60>-0.116564/ 61> 0.217477/ 62>
           -0.759134/ 63>-0.122329/ 64>-0.427910/ 65>-0.134681/ 66>-0.119416/ 67>-0.006939/ 68>-0.031444/ 69>
           -0.007658/ 70>-0.006144/ 71>

 E=6.7130  -0.014611/ 46>-0.975116/ 47> 0.139792/ 48>-0.144603/ 49> 0.008788/ 50> 0.004857/ 51> 0.085827/ 52>
           -0.017295/ 53> 0.025434/ 54> 0.000589/ 55>-0.001416/ 56>-0.001731/ 58>-0.006190/ 59> 0.001880/ 60>
           -0.004369/ 61>-0.000558/ 62> 0.001459/ 63> 0.000387/ 64> 0.000627/ 65>

 E=6.7141   0.001489/ 47>-0.000441/ 48>-0.050852/ 50>-0.005646/ 51>-0.043561/ 52> 0.004546/ 53>-0.010324/ 54>
            0.394027/ 55>-0.394148/ 56>-0.434873/ 57>-0.090852/ 58>-0.517336/ 59> 0.126933/ 60>-0.252912/ 61>
           -0.083631/ 62> 0.313802/ 63>-0.002997/ 64> 0.176013/ 65> 0.029051/ 66> 0.046663/ 67>-0.005086/ 68>
            0.012443/ 69> 0.002309/ 71>

 E=6.9219   0.008631/ 47>-0.023798/ 48> 0.004077/ 49>-0.218881/ 50>-0.889364/ 51> 0.126929/ 52>-0.329221/ 53>
            0.067541/ 54>-0.019488/ 55>-0.041845/ 56> 0.067583/ 57> 0.093954/ 58> 0.099282/ 60>-0.041653/ 61>
           -0.025644/ 62>-0.022316/ 63> 0.045438/ 64> 0.007211/ 65> 0.030199/ 66> 0.008099/ 67> 0.005629/ 68>
            0.000451/ 69> 0.002709/ 70> 0.000348/ 71>

 E=7.0312  -0.000341/ 47>-0.002342/ 48>-0.020435/ 50>-0.091674/ 51> 0.009095/ 52>-0.036052/ 53> 0.006486/ 54>
            0.020823/ 55> 0.111135/ 56>-0.083348/ 57>-0.094522/ 58> 0.030564/ 59>-0.135542/ 60> 0.076115/ 61>
            0.376997/ 62> 0.331309/ 63>-0.669977/ 64>-0.079171/ 65>-0.457961/ 66>-0.114810/ 67>-0.068019/ 68>
           -0.005632/ 69>-0.036838/ 70>-0.004809/ 71>-0.002227/ 72>

 E=7.0335   0.009568/  5>-0.000736/  6> 0.002261/  7> 0.156861/ 10>-0.010470/ 11> 0.060041/ 12>-0.005563/ 13>
            0.014687/ 14>-0.001825/ 15> 0.001880/ 16> 0.784463/ 17>-0.018119/ 18> 0.391224/ 19>-0.014283/ 20>
            0.146608/ 21>-0.010059/ 22> 0.047224/ 23>-0.007748/ 24> 0.012049/ 25> 0.379414/ 26> 0.018914/ 27>
            0.170238/ 28> 0.012788/ 29> 0.054085/ 30> 0.006483/ 31> 0.012530/ 32> 0.002176/ 33> 0.039664/ 34>
            0.002964/ 35> 0.012294/ 36> 0.001172/ 37> 0.002073/ 38> 0.001480/ 40>

 E=7.0804   0.000512/ 62>-0.001520/ 64>-0.000811/ 65> 0.005429/ 66> 0.001569/ 67>-0.004348/ 68> 0.002598/ 69>
           -0.087859/ 70>-0.013971/ 71> 0.990316/ 72> 0.106299/ 73>

 E=7.1620  -0.009806/  5> 0.000883/  6>-0.002396/  7>-0.134180/ 10> 0.012006/ 11>-0.054120/ 12> 0.006292/ 13>
           -0.013934/ 14> 0.002033/ 15>-0.001872/ 16>-0.341153/ 17> 0.025349/ 18>-0.191085/ 19> 0.016947/ 20>
           -0.079959/ 21> 0.009972/ 22>-0.028660/ 23> 0.006441/ 24>-0.008159/ 25> 0.795299/ 26> 0.063718/ 27>
            0.382343/ 28> 0.041751/ 29> 0.130445/ 30> 0.020453/ 31> 0.032472/ 32> 0.006583/ 33> 0.113078/ 34>
            0.010348/ 35> 0.036482/ 36> 0.004077/ 37> 0.006397/ 38> 0.000708/ 39> 0.004761/ 40> 0.000395/ 41>

 0.000800/ 42>

 E=7.2683   0.004016/ 47> 0.003006/ 48> 0.000613/ 49> 0.021542/ 50> 0.130549/ 51> 0.023298/ 52> 0.051933/ 53>
           -0.212036/ 55>-0.462614/ 56> 0.419728/ 57> 0.383083/ 58> 0.041586/ 59> 0.533044/ 60>-0.233022/ 61>
            0.095163/ 62> 0.088347/ 63>-0.160824/ 64> 0.002188/ 65>-0.116504/ 66>-0.022935/ 67>-0.009741/ 68>
           -0.011831/ 69>-0.009661/ 70>-0.003216/ 71>-0.000590/ 72>

 E=7.2886   0.000897/ 47>-0.002432/ 50> 0.003780/ 51> 0.007585/ 52>-0.000778/ 53> 0.002358/ 54>-0.005275/ 55>
           -0.001227/ 56> 0.014200/ 57>-0.004251/ 58>-0.008649/ 59> 0.007673/ 60>-0.011783/ 61>-0.006850/ 62>
            0.025128/ 63> 0.043359/ 64>-0.109672/ 65>-0.021451/ 66>-0.051496/ 67>-0.191725/ 68> 0.945773/ 69>
            0.121764/ 70> 0.188031/ 71> 0.008833/ 72> 0.013768/ 73>

 E=7.3006   0.002312/  2> 0.083235/  5>-0.008284/  6> 0.020864/  7>-0.002231/  8> 0.002081/  9> 0.884731/ 10>
           -0.092748/ 11> 0.369595/ 12>-0.049596/ 13> 0.098939/ 14>-0.016189/ 15> 0.013837/ 16>-0.169259/ 17>
           -0.010014/ 18>-0.122312/ 19>-0.001795/ 20>-0.060527/ 21> 0.002610/ 22>-0.024157/ 23> 0.004064/ 24>
           -0.007101/ 25> 0.053399/ 26> 0.005160/ 27> 0.026294/ 28> 0.003680/ 29> 0.009462/ 30> 0.001876/ 31>
            0.002533/ 32> 0.000601/ 33> 0.012739/ 34> 0.001306/ 35> 0.004225/ 36> 0.000524/ 37> 0.000764/ 38>

 0.000627/ 40>

 E=7.4290  -0.001250/ 46>-0.077653/ 47> 0.009430/ 48>-0.022667/ 49> 0.310023/ 50>-0.262499/ 51>-0.827886/ 52>
            0.145667/ 53>-0.278637/ 54> 0.009423/ 55>-0.061808/ 56>-0.071382/ 57> 0.115119/ 58> 0.109858/ 59>
            0.024867/ 60> 0.084620/ 61> 0.006522/ 62>-0.014661/ 63>-0.016922/ 64> 0.029564/ 65> 0.006403/ 66>
            0.014865/ 67>-0.003478/ 68> 0.016811/ 69> 0.001291/ 70> 0.003571/ 71>

 E=7.4862   0.996104/ 46>-0.001995/ 47>-0.001333/ 48>-0.087947/ 49>-0.000783/ 52> 0.000368/ 53> 0.005900/ 54>
           -0.000321/ 61>

 E=7.5047   0.000419/  5> 0.002541/ 10>-0.000343/ 11> 0.001152/ 12> 0.000320/ 14>-0.011055/ 17> 0.001283/ 18>
           -0.006292/ 19> 0.001818/ 20>-0.003681/ 21> 0.001422/ 22>-0.001987/ 23> 0.000932/ 24>-0.000822/ 25>
            0.091487/ 26>-0.007720/ 27> 0.090093/ 28> 0.004017/ 29> 0.045096/ 30> 0.005919/ 31> 0.014142/ 32>
            0.002822/ 33>-0.925747/ 34>-0.110646/ 35>-0.319578/ 36>-0.044765/ 37>-0.060013/ 38>-0.007876/ 39>
           -0.061325/ 40>-0.006128/ 41>-0.010852/ 42>-0.000921/ 43>-0.001079/ 44>

 E=7.6998   0.006964/ 46>-0.153988/ 47>-0.975525/ 48> 0.096018/ 49>-0.004247/ 50>-0.013400/ 51> 0.033049/ 52>
            0.115046/ 53>-0.019356/ 54> 0.000961/ 55>-0.004199/ 56>-0.002118/ 57> 0.010649/ 58>-0.001935/ 59>
           -0.008797/ 60> 0.007368/ 61> 0.001649/ 62>-0.005808/ 63>-0.004324/ 64> 0.010690/ 65> 0.000658/ 66>
            0.004894/ 67>-0.000514/ 68> 0.001789/ 69> 0.000621/ 70> 0.000565/ 71>

 E=7.7057  -0.011130/ 47>-0.016341/ 48>-0.001309/ 49> 0.047635/ 50>-0.041991/ 51>-0.122979/ 52> 0.019424/ 53>
           -0.045639/ 54>-0.085152/ 55> 0.140120/ 56> 0.274426/ 57>-0.268565/ 58>-0.248655/ 59>-0.000393/ 60>
           -0.250765/ 61>-0.105872/ 62> 0.328656/ 63> 0.297091/ 64>-0.587169/ 65>-0.127386/ 66>-0.310721/ 67>
            0.018607/ 68>-0.113156/ 69> 0.010817/ 70>-0.025557/ 71> 0.002385/ 72>-0.001355/ 73>

 E=7.7621   0.000413/  1> 0.044129/  2>-0.004015/  3> 0.004476/  4> 0.951991/  5>-0.118005/  6> 0.254442/  7>
           -0.032707/  8> 0.027018/  9>-0.057985/ 10>-0.006315/ 11>-0.080427/ 12> 0.007647/ 13>-0.034912/ 14>
            0.005503/ 15>-0.006342/ 16> 0.004320/ 17> 0.001406/ 18> 0.002365/ 19> 0.001882/ 20> 0.003061/ 21>
            0.000749/ 22> 0.002230/ 23> 0.000865/ 25>-0.000347/ 26>

 E=7.8536   0.007156/ 47> 0.000471/ 48> 0.002651/ 49>-0.046253/ 50> 0.041102/ 51> 0.117208/ 52>-0.013671/ 53>
            0.044913/ 54> 0.131830/ 55>-0.228685/ 56>-0.407573/ 57> 0.399400/ 58> 0.358033/ 59> 0.023057/ 60>
            0.364203/ 61>-0.080678/ 62> 0.227155/ 63> 0.212177/ 64>-0.394264/ 65>-0.077333/ 66>-0.214954/ 67>
           -0.009019/ 68>-0.073267/ 69> 0.084945/ 70>-0.002392/ 71> 0.008294/ 72>

 E=7.8722  -0.002126/ 48> 0.000354/ 49>-0.003176/ 50> 0.004718/ 51> 0.007543/ 52>-0.005858/ 53> 0.004545/ 54>
            0.011889/ 55>-0.014837/ 56>-0.038718/ 57> 0.018807/ 58> 0.041550/ 59> 0.019152/ 60> 0.021931/ 61>
           -0.002461/ 62> 0.049239/ 63>-0.031596/ 64>-0.121303/ 65> 0.141070/ 66> 0.003313/ 67> 0.223960/ 68>
            0.183355/ 69>-0.919957/ 70>-0.141155/ 71>-0.083084/ 72>-0.009071/ 73>

 E=7.8754  -0.004276/  6> 0.000500/  7>-0.000923/  8>-0.027534/ 10>-0.102913/ 11> 0.002509/ 12>-0.042885/ 13>
            0.005536/ 14>-0.010313/ 15> 0.001709/ 16>-0.079335/ 17>-0.772136/ 18> 0.040187/ 19>-0.477392/ 20>
            0.069424/ 21>-0.228472/ 22> 0.059873/ 23>-0.094667/ 24> 0.039172/ 25> 0.047848/ 26>-0.249665/ 27>
            0.005212/ 28>-0.127703/ 29>-0.009578/ 30>-0.044681/ 31>-0.007676/ 32>-0.009100/ 33> 0.005863/ 34>
           -0.017030/ 35>-0.005244/ 37>-0.000409/ 38>-0.000672/ 39>-0.000386/ 41>

  Q20Q22:  0.00 SEC    QTME:  0.00 SEC



    SYMMETRY R1= 1


   BASIS FUNCTIONS /N,L,J,OMEGA>,   PARITY -


   1 / 7 7 15/2 13/2>    15 / 7 5 11/2  1/2>    29 / 7 7 13/2 -7/2>    43 / 5 5 11/2  1/2>    57 / 5 5 11/2-11/2>
   2 / 7 7 13/2 13/2>    16 / 7 5  9/2  1/2>    30 / 7 5 11/2 -7/2>    44 / 5 5  9/2  1/2>    58 / 3 3  7/2  5/2>
   3 / 7 7 15/2  9/2>    17 / 7 3  7/2  1/2>    31 / 7 5  9/2 -7/2>    45 / 5 3  7/2  1/2>    59 / 3 3  5/2  5/2>
   4 / 7 7 13/2  9/2>    18 / 7 3  5/2  1/2>    32 / 7 3  7/2 -7/2>    46 / 5 3  5/2  1/2>    60 / 3 3  7/2  1/2>
   5 / 7 5 11/2  9/2>    19 / 7 1  3/2  1/2>    33 / 7 7 15/2-11/2>    47 / 5 1  3/2  1/2>    61 / 3 3  5/2  1/2>
   6 / 7 5  9/2  9/2>    20 / 7 1  1/2  1/2>    34 / 7 7 13/2-11/2>    48 / 5 1  1/2  1/2>    62 / 3 1  3/2  1/2>
   7 / 7 7 15/2  5/2>    21 / 7 7 15/2 -3/2>    35 / 7 5 11/2-11/2>    49 / 5 5 11/2 -3/2>    63 / 3 1  1/2  1/2>
   8 / 7 7 13/2  5/2>    22 / 7 7 13/2 -3/2>    36 / 7 7 15/2-15/2>    50 / 5 5  9/2 -3/2>    64 / 3 3  7/2 -3/2>
   9 / 7 5 11/2  5/2>    23 / 7 5 11/2 -3/2>    37 / 5 5 11/2  9/2>    51 / 5 3  7/2 -3/2>    65 / 3 3  5/2 -3/2>
  10 / 7 5  9/2  5/2>    24 / 7 5  9/2 -3/2>    38 / 5 5  9/2  9/2>    52 / 5 3  5/2 -3/2>    66 / 3 1  3/2 -3/2>
  11 / 7 3  7/2  5/2>    25 / 7 3  7/2 -3/2>    39 / 5 5 11/2  5/2>    53 / 5 1  3/2 -3/2>    67 / 3 3  7/2 -7/2>
  12 / 7 3  5/2  5/2>    26 / 7 3  5/2 -3/2>    40 / 5 5  9/2  5/2>    54 / 5 5 11/2 -7/2>    68 / 1 1  3/2  1/2>
  13 / 7 7 15/2  1/2>    27 / 7 1  3/2 -3/2>    41 / 5 3  7/2  5/2>    55 / 5 5  9/2 -7/2>    69 / 1 1  1/2  1/2>
  14 / 7 7 13/2  1/2>    28 / 7 7 15/2 -7/2>    42 / 5 3  5/2  5/2>    56 / 5 3  7/2 -7/2>    70 / 1 1  3/2 -3/2>


    SINGLE PARTICLE (PARITY-) WAVE FUNCTIONS IN THE ENERGY INTERVAL 6.0<E<8.0

 E=6.0003   0.002006/ 37> 0.059627/ 39>-0.001009/ 40> 0.032324/ 41>-0.004104/ 42>-0.360797/ 43> 0.430243/ 44>
            0.449868/ 45> 0.059708/ 46> 0.457225/ 47>-0.154339/ 48> 0.133606/ 49>-0.418682/ 50>-0.046909/ 51>
           -0.207559/ 52>-0.052123/ 53>-0.002885/ 54>-0.010841/ 55>-0.002000/ 56>

 E=6.1299   0.988229/ 37>-0.120039/ 38> 0.004040/ 39> 0.002700/ 40>-0.092320/ 41> 0.019789/ 42> 0.001253/ 43>
           -0.003887/ 45> 0.000774/ 46> 0.005238/ 47>-0.003119/ 48> 0.000389/ 49>-0.000928/ 51>

 E=6.2812  -0.021520/ 37> 0.014034/ 38> 0.221758/ 39> 0.903915/ 40>-0.153525/ 41> 0.230412/ 42> 0.031185/ 43>
            0.074184/ 44>-0.095301/ 45>-0.124556/ 46> 0.021609/ 47>-0.100883/ 48> 0.042965/ 49> 0.043526/ 50>
           -0.093645/ 51>-0.017777/ 52>-0.041847/ 53>-0.011654/ 54>-0.001446/ 55>-0.003224/ 56>

 E=6.3600  -0.001322/ 37> 0.002184/ 38> 0.037727/ 39> 0.157909/ 40>-0.022711/ 41> 0.041233/ 42>-0.032204/ 43>
           -0.114976/ 44> 0.101844/ 45> 0.126439/ 46>-0.045105/ 47> 0.120805/ 48>-0.339564/ 49>-0.350250/ 50>
            0.736103/ 51> 0.127277/ 52> 0.333465/ 53> 0.079425/ 54> 0.009602/ 55> 0.023416/ 56> 0.001264/ 57>


 E=6.4249   0.005313/  3>-0.000459/  4> 0.001030/  5> 0.121484/  7>-0.010144/  8> 0.045297/  9>-0.005214/ 10>
            0.009686/ 11>-0.001285/ 12> 0.802260/ 13>-0.029050/ 14> 0.428342/ 15>-0.026331/ 16> 0.172209/ 17>
           -0.021693/ 18> 0.057814/ 19>-0.016706/ 20> 0.311184/ 21> 0.020142/ 22> 0.142726/ 23> 0.014465/ 24>
            0.044538/ 25> 0.007154/ 26> 0.008144/ 27> 0.024013/ 28> 0.002108/ 29> 0.006768/ 30> 0.000720/ 31>
            0.000795/ 32> 0.000614/ 33>

 E=6.5324   0.000372/ 47> 0.000330/ 48> 0.000367/ 49>-0.001843/ 51> 0.006516/ 53> 0.002388/ 54>-0.002406/ 55>
           -0.092030/ 56> 0.995727/ 57>

 E=6.5545   0.003794/  3>-0.000389/  4> 0.000763/  5> 0.074356/  7>-0.008521/  8> 0.029430/  9>-0.004272/ 10>
            0.006659/ 11>-0.001025/ 12> 0.277486/ 13>-0.032065/ 14> 0.172477/ 15>-0.024428/ 16> 0.079725/ 17>
           -0.016780/ 18> 0.030568/ 19>-0.010917/ 20>-0.820779/ 21>-0.085963/ 22>-0.406207/ 23>-0.059332/ 24>
           -0.137116/ 25>-0.028031/ 26>-0.027114/ 27>-0.082375/ 28>-0.008917/ 29>-0.024226/ 30>-0.003016/ 31>
           -0.002965/ 32>-0.002338/ 33>

 E=6.5814  -0.002163/ 37>-0.001828/ 38>-0.035576/ 39>-0.157241/ 40>-0.041524/ 42> 0.202791/ 43> 0.449563/ 44>
           -0.453515/ 45>-0.495024/ 46> 0.075961/ 47>-0.449988/ 48>-0.096569/ 49>-0.103356/ 50> 0.200533/ 51>
            0.024118/ 52> 0.094711/ 53> 0.015828/ 54> 0.002369/ 55> 0.005645/ 56> 0.000347/ 57>

 E=6.6956  -0.001618/ 37> 0.003900/ 39>-0.003923/ 40>-0.013924/ 41> 0.002517/ 42> 0.002982/ 43>-0.005123/ 44>
           -0.011788/ 45> 0.013053/ 46> 0.017611/ 47>-0.005948/ 48> 0.010289/ 49>-0.033922/ 50>-0.050314/ 51>
            0.132113/ 52> 0.031593/ 53> 0.177290/ 54>-0.964375/ 55>-0.123200/ 56>-0.014445/ 57>

 E=6.7203  -0.001037/  1>-0.059615/  3> 0.006676/  4>-0.012309/  5> 0.001235/  6>-0.899485/  7> 0.117037/  8>
           -0.368319/  9> 0.060188/ 10>-0.086612/ 11> 0.014589/ 12> 0.105387/ 13> 0.013919/ 14> 0.100776/ 15>
            0.001395/ 16> 0.058360/ 17>-0.006133/ 18> 0.024887/ 19>-0.007569/ 20>-0.026239/ 21>-0.002535/ 22>
           -0.012579/ 23>-0.002166/ 24>-0.004408/ 25>-0.001113/ 26>-0.000947/ 27>-0.004497/ 28>-0.000510/ 29>
           -0.001345/ 30>

 E=6.8040  -0.086632/ 37> 0.010087/ 38> 0.252604/ 39>-0.249321/ 40>-0.888679/ 41> 0.158144/ 42> 0.014214/ 43>
           -0.055126/ 44>-0.080315/ 45> 0.126240/ 46> 0.149065/ 47>-0.029261/ 48> 0.005336/ 49>-0.015354/ 50>
           -0.016935/ 51> 0.038934/ 52> 0.010845/ 53>-0.005098/ 54> 0.027217/ 55> 0.002897/ 56>

 E=6.9552  -0.000990/  7>-0.000520/  9> 0.005445/ 13>-0.001321/ 14> 0.001880/ 15>-0.002543/ 16> 0.001916/ 17>
           -0.002168/ 18> 0.001633/ 19>-0.001217/ 20>-0.053039/ 21> 0.009699/ 22>-0.083468/ 23>-0.007400/ 24>
           -0.044963/ 25>-0.008787/ 26>-0.011262/ 27> 0.936689/ 28> 0.131569/ 29> 0.296099/ 30> 0.045489/ 31>
            0.038895/ 32> 0.042329/ 33> 0.004394/ 34> 0.004983/ 35> 0.000386/ 36>

 E=7.0651   0.010867/ 37>-0.001786/ 38>-0.045128/ 39> 0.045767/ 40> 0.155049/ 41>-0.025742/ 42> 0.070625/ 43>
           -0.129277/ 44>-0.261959/ 45> 0.295194/ 46> 0.371056/ 47>-0.111557/ 48> 0.085365/ 49>-0.275431/ 50>
           -0.275450/ 51> 0.661170/ 52> 0.173118/ 53>-0.023328/ 54> 0.129479/ 55> 0.002671/ 56>-0.001172/ 57>


 E=7.1474  -0.002277/  3>-0.001573/  4>-0.020954/  7>-0.068435/  8> 0.004378/  9>-0.027113/ 10> 0.004750/ 11>
           -0.004798/ 12>-0.138592/ 13>-0.747546/ 14> 0.065436/ 15>-0.513466/ 16> 0.128058/ 17>-0.273275/ 18>
            0.112659/ 19>-0.111045/ 20> 0.048124/ 21>-0.151728/ 22> 0.016868/ 23>-0.075990/ 24>-0.001079/ 25>
           -0.023212/ 26>-0.003106/ 27> 0.002886/ 28>-0.006987/ 29>-0.001767/ 31>

 E=7.1504  -0.119537/ 37>-0.983800/ 38>-0.003375/ 39>-0.015229/ 40> 0.026647/ 41> 0.128932/ 42>-0.000412/ 43>
           -0.001342/ 44> 0.002425/ 45> 0.005739/ 46>-0.006805/ 47>-0.013218/ 48> 0.001093/ 51>-0.002668/ 53>
           -0.000356/ 55> 0.001448/ 56>

 E=7.2127  -0.008292/ 37> 0.039599/ 39>-0.040646/ 40>-0.133649/ 41> 0.021482/ 42>-0.101581/ 43> 0.190691/ 44>
            0.363772/ 45>-0.410766/ 46>-0.505548/ 47> 0.143069/ 48> 0.069582/ 49>-0.208135/ 50>-0.212606/ 51>
            0.491813/ 52> 0.118623/ 53>-0.011007/ 54> 0.070829/ 55>-0.011974/ 56>-0.001866/ 57>

 E=7.2437  -0.028182/  1> 0.002262/  2>-0.963019/  3> 0.132090/  4>-0.212057/  5> 0.025012/  6> 0.031275/  7>
            0.007421/  8> 0.080559/  9>-0.011422/ 10> 0.032286/ 11>-0.005574/ 12>-0.001936/ 13> 0.001493/ 14>
           -0.000457/ 16>-0.003165/ 17> 0.000416/ 18>-0.002861/ 19> 0.001096/ 20> 0.000701/ 22>

 E=7.2910   0.000347/ 37> 0.003339/ 38>-0.001627/ 40> 0.006350/ 42>-0.001939/ 43>-0.000764/ 44> 0.008580/ 45>
            0.007528/ 46>-0.018009/ 47>-0.024045/ 48>-0.003789/ 49>-0.022591/ 50> 0.039002/ 51> 0.078535/ 52>
           -0.171518/ 53>-0.146689/ 54>-0.146498/ 55> 0.954099/ 56> 0.089398/ 57>

 E=7.3179  -0.001558/  3> 0.000708/  4>-0.000549/  5>-0.006693/  7> 0.016158/  8>-0.016448/  9> 0.009043/ 10>
           -0.006835/ 11> 0.002207/ 12> 0.123856/ 13> 0.034840/ 14>-0.151159/ 15> 0.083081/ 16>-0.177215/ 17>
            0.086946/ 18>-0.112291/ 19> 0.059739/ 20> 0.182415/ 21>-0.774246/ 22>-0.117149/ 23>-0.448108/ 24>
           -0.135157/ 25>-0.164175/ 26>-0.053325/ 27> 0.006080/ 28>-0.047394/ 29>-0.007326/ 30>-0.013244/ 31>
           -0.002305/ 32>-0.000745/ 34>

 E=7.4469   0.004121/  3>-0.000602/  4> 0.001516/  5> 0.030489/  7> 0.001842/  8> 0.055377/  9>-0.007904/ 10>
            0.021377/ 11>-0.003606/ 12>-0.403690/ 13> 0.314277/ 14> 0.472010/ 15> 0.084724/ 16> 0.546211/ 17>
           -0.081706/ 18> 0.321662/ 19>-0.120400/ 20> 0.031220/ 21>-0.239232/ 22> 0.047593/ 23>-0.133720/ 24>
            0.011584/ 25>-0.044066/ 26>-0.003343/ 27> 0.009066/ 28>-0.014599/ 29> 0.002500/ 30>-0.003768/ 31>
            0.000461/ 33>

 E=7.5772   0.000321/  8>-0.000903/ 21>-0.000376/ 22> 0.000345/ 23> 0.000882/ 24>-0.004113/ 25>-0.000829/ 26>
           -0.001901/ 27> 0.019244/ 28>-0.005480/ 29> 0.080644/ 30> 0.012198/ 31> 0.018529/ 32>-0.981441/ 33>
           -0.119206/ 34>-0.122074/ 35>-0.015542/ 36>

 E=7.5800  -0.001887/  3>-0.036610/  4> 0.004961/  5>-0.005681/  6>-0.194073/  7>-0.878176/  8> 0.113007/  9>
           -0.379501/ 10> 0.086249/ 11>-0.072769/ 12> 0.002014/ 13> 0.000940/ 14> 0.033203/ 15> 0.086082/ 16>
           -0.009469/ 17> 0.086529/ 18>-0.035594/ 19> 0.045239/ 20>-0.011862/ 21>-0.010875/ 22> 0.017983/ 23>
            0.001911/ 24> 0.013633/ 25> 0.003708/ 26> 0.003969/ 27> 0.001964/ 28> 0.001484/ 30>

 E=7.6414   0.015395/ 37> 0.117783/ 38>-0.039602/ 39>-0.165370/ 40> 0.174594/ 41> 0.796170/ 42>-0.014090/ 43>
           -0.039306/ 44> 0.075066/ 45> 0.161247/ 46>-0.187112/ 47>-0.347949/ 48>-0.016689/ 49>-0.028171/ 50>
            0.088998/ 51> 0.095818/ 52>-0.280091/ 53> 0.012338/ 54> 0.012733/ 55>-0.078616/ 56>-0.005036/ 57>


 E=7.7134   0.000350/  3> 0.001912/  4> 0.007335/  7> 0.044522/  8>-0.005879/  9> 0.022516/ 10>-0.005418/ 11>
            0.004798/ 12> 0.014088/ 13>-0.082600/ 14> 0.033179/ 15> 0.066288/ 16>-0.053832/ 17> 0.109392/ 18>
           -0.082595/ 19> 0.072705/ 20>-0.390111/ 21>-0.294295/ 22> 0.643174/ 23> 0.039222/ 24> 0.512047/ 25>
            0.117076/ 26> 0.151600/ 27> 0.050038/ 28> 0.003015/ 29> 0.048170/ 30> 0.007066/ 31> 0.009739/ 32>
            0.003266/ 33> 0.000382/ 34> 0.000636/ 35>

 E=7.7358   0.007190/ 37> 0.054131/ 38>-0.022353/ 39>-0.091385/ 40> 0.097337/ 41> 0.437066/ 42> 0.008558/ 43>
            0.027336/ 44>-0.044530/ 45>-0.103885/ 46> 0.110537/ 47> 0.212726/ 48> 0.045053/ 49> 0.077098/ 50>
           -0.238282/ 51>-0.258591/ 52> 0.746144/ 53>-0.025850/ 54>-0.026837/ 55> 0.163602/ 56> 0.009661/ 57>


 E=7.9008   0.000359/  3>-0.001692/  7> 0.000423/  8> 0.003721/  9>-0.001047/ 10> 0.001793/ 11>-0.000435/ 12>
           -0.001128/ 13> 0.006314/ 14> 0.003699/ 15>-0.006496/ 16>-0.004513/ 17>-0.003222/ 18>-0.005226/ 19>
            0.001084/ 20>-0.000552/ 21> 0.002303/ 22> 0.031423/ 23>-0.094555/ 24>-0.014721/ 25>-0.060369/ 26>
           -0.016955/ 27>-0.181655/ 28> 0.928960/ 29> 0.115410/ 30> 0.271871/ 31> 0.043494/ 32> 0.001595/ 33>
            0.025301/ 34> 0.002709/ 35>

 E=7.9474  -0.003393/ 37>-0.024451/ 38> 0.014897/ 39> 0.057111/ 40>-0.062631/ 41>-0.269132/ 42>-0.033200/ 43>
           -0.086353/ 44> 0.159802/ 45> 0.326583/ 46>-0.372721/ 47>-0.677248/ 48> 0.023791/ 49> 0.041395/ 50>
           -0.122563/ 51>-0.134142/ 52> 0.377683/ 53>-0.008948/ 54>-0.009386/ 55> 0.055672/ 56> 0.002798/ 57>


 E=7.9500   0.992475/  1>-0.090254/  2>-0.011559/  3>-0.004039/  4>-0.081092/  5> 0.009926/  6> 0.000414/  7>
           -0.000364/  9> 0.000680/ 10> 0.004719/ 11>-0.000876/ 12>

  Q20Q22:  0.00 SEC    QTME:  0.00 SEC

 Q0= 306.882 HBAR/MW0     Q2=  -9.508 HBAR/MW0     GAMMA=  2.5 DEG   FOR 82 PARTICLES;  A=207

1
 **********************************************  SINGLE PARTICLE MATRIX ELEMENTS  ***********************************************


   ENY   EMY     A+B     C      D      E    JZ    S0    S+    S-  <R2S> <R4S>  R2DZ  R2D+  R2D-  Q20S  Q22S   Q20   Q22  RHO2    R2


  5.25- MY=NY  0.737  0.085   2.50  -3.41  0.94 -0.44 -0.05  0.35  4.50 28.19  1.08 -1.99  0.24 -2.81  2.67 -1.82  2.23  4.50  4.18
  5.46- 5.25-  0.000 -0.000   0.00   0.00  0.00  0.00  0.00 -0.00************ -0.03 -0.00 -0.00 -0.01 -0.01 -0.01 -0.01 -0.01 -0.01
  5.63- 5.25- -0.000  0.000   0.00  -0.00 -0.00 -0.00  0.00  0.00************  0.02  0.01  0.00 -0.24  0.02 -0.32  0.01 -0.06 -0.10
  5.77- 5.25- -0.000 -0.000  -0.00  -0.00  0.00 -0.00 -0.00 -0.00************  0.00 -0.00 -0.00 -0.01  0.02 -0.01  0.01 -0.00 -0.00
  5.91- 5.25-  0.000 -0.000   0.00   0.00  0.00  0.00  0.00  0.00************ -0.01 -0.01 -0.02  0.01 -0.03  0.01 -0.02  0.00  0.00
  6.00- 5.25- -0.000  0.000   0.00  -0.00 -0.00  0.00 -0.00 -0.00************  0.02 -0.00 -0.02  0.18 -0.03  0.24 -0.02  0.06  0.10
  6.13- 5.25- -0.000 -0.000   0.00  -0.00  0.00  0.00  0.00 -0.00************ -0.01 -0.00 -0.00 -0.01 -0.01 -0.02 -0.01 -0.00 -0.01
  6.28- 5.25- -0.000 -0.000   0.00   0.00  0.00 -0.00  0.00 -0.00************  0.02  0.01  0.00 -0.64  0.15 -0.84  0.13 -0.17 -0.30
  6.36- 5.25- -0.000 -0.000  -0.00   0.00 -0.00  0.00  0.00  0.00************ -0.00 -0.01 -0.03 -0.15 -0.07 -0.20 -0.06 -0.04 -0.07
  6.42- 5.25-  0.000  0.000  -0.00  -0.00 -0.00  0.00 -0.00  0.00************ -0.00 -0.00  0.00  0.00  0.00  0.00  0.00  0.00  0.00
  6.53- 5.25- -0.000 -0.000   0.00   0.00 -0.00 -0.00 -0.00 -0.00************ -0.00 -0.00 -0.01  0.00  0.01  0.00  0.01 -0.00 -0.00

  5.46- MY=NY -0.044 -0.004  27.12  -0.16  2.48  0.37 -0.02 -0.00  6.50 50.10 -0.14 -0.01  0.00  3.23 -0.17  6.22 -0.25  6.50  7.39
  5.63- 5.46-  0.269 -0.013  -0.73   5.73 -0.06  0.02  0.01  0.00  6.50 54.16  0.22 -0.07 -0.01  0.22 -0.18  0.26 -0.16  0.00  0.04
  5.77- 5.46- -0.034 -4.959  -0.01   0.31 -0.00 -0.00 -0.00 -0.34  6.50 48.97 -0.00  0.03  0.97 -0.00 -0.03 -0.00 -0.02  0.00  0.00
  5.91- 5.46-  0.549 -0.132   0.73  -6.33  0.10  0.00  0.74  0.01  6.50 50.10  0.01 -0.21 -0.12 -0.14  0.84 -0.15  0.73 -0.00 -0.04
  6.00- 5.46-  0.162 -0.025  -1.15  11.02 -0.13 -0.01  0.36  0.01  6.50 47.82 -0.02 -0.11 -0.06  0.21 -1.34  0.23 -1.17 -0.00  0.06
  6.13- 5.46-  0.004 -0.000  -0.23 -21.77 -0.05  0.00 -0.00 -0.00  6.50125.92  0.04  0.00  0.00  0.29  0.68  0.36  0.59 -0.00  0.04
  6.28- 5.46-  0.216 -0.024  -2.94   0.05  0.00  0.32 -0.02 -0.00  6.50 50.54  1.34 -0.02  0.01  1.06  0.05  1.30  0.05 -0.00  0.18
  6.36- 5.46- -1.308  0.139  -0.41   1.00 -0.00  0.05  0.16  0.00  6.50 53.23  0.20  0.08 -0.04  0.14 -0.05  0.17 -0.04 -0.00  0.03
  6.42- 5.46-  0.000 -0.000  -0.00  -0.00  0.00  0.00 -0.00 -0.00************ -0.01  0.01 -0.00 -0.32 -0.26 -0.42 -0.23 -0.05 -0.10
  6.53- 5.46-  0.000  0.021  -0.00  -0.01  0.00 -0.00  0.00 -0.00  6.50163.80 -0.00 -0.00 -0.00  0.00  0.00  0.00  0.00  0.00  0.00

  5.63- MY=NY  2.661  0.413  17.60   0.80  0.49 -0.11 -0.39  0.05  6.50 53.19  1.07 -2.16  0.06  7.37  0.03 11.30 -0.03  6.50  8.11
  5.77- 5.63- -0.021  0.030  -0.01  -1.56  0.01  0.00 -0.00  0.02  6.50 66.93  0.01 -0.01 -0.07  0.02  0.03  0.03  0.03  0.00  0.00
  5.91- 5.63-  1.405  3.535   1.79  12.33 -0.07 -0.06  0.09 -0.29  6.50 58.93 -0.67  0.33  0.70 -0.39 -0.50 -0.48 -0.44 -0.00 -0.06
  6.00- 5.63- -2.548  1.990  -2.09   4.73 -0.04  0.19 -0.17 -0.17  6.50 60.98  1.20 -0.43  0.31  0.16 -0.10  0.19 -0.09  0.00  0.03
  6.13- 5.63- -0.011  0.000  -0.02   0.22  0.00  0.00 -0.00  0.00  6.50 37.78 -0.00 -0.00  0.00  0.00 -0.00  0.01 -0.00  0.00  0.00
  6.28- 5.63- -0.143 -0.000  -1.52 -18.48 -0.05  0.01 -0.00  0.01  6.50 48.83 -0.01  0.03  0.01  0.57  0.78  0.72  0.69  0.00  0.08
  6.36- 5.63-  0.096 -0.040   1.65   7.55 -0.04 -0.02  0.02 -0.08  6.50 33.16 -0.04 -0.01 -0.04 -0.50 -0.40 -0.62 -0.35  0.00 -0.08
  6.42- 5.63- -0.000  0.000  -0.00  -0.00  0.00  0.00 -0.00  0.00************  0.24  0.04  0.01 -0.48 -0.04 -0.61 -0.04 -0.07 -0.15
  6.53- 5.63-  0.000  0.000   0.00   0.04 -0.00 -0.00  0.00 -0.00  6.50 29.68 -0.00  0.00  0.00 -0.00 -0.00 -0.00 -0.00 -0.00 -0.00

  5.77- MY=NY -0.001  0.006  22.53   0.31 -3.48 -0.43 -0.00 -0.00  6.50 49.19  0.49 -0.00 -0.00  0.67 -0.30  3.08 -0.38  6.50  6.95
  5.91- 5.77-  0.018 -0.094   0.33  -4.69 -0.07 -0.00  0.00  0.00  6.50138.74  0.16  0.00 -0.03 -0.15  0.20 -0.18  0.17 -0.00 -0.03
  6.00- 5.77- -0.027  0.135   0.11  -1.86  0.00  0.01 -0.01 -0.00  6.50 77.54  0.08 -0.00  0.04 -0.04 -0.01 -0.06 -0.01 -0.00 -0.01
  6.13- 5.77-  4.363  0.024   0.00  -0.00 -0.00 -0.00  0.27  0.00  6.50 48.74 -0.00  0.87  0.03 -0.00  0.00 -0.00  0.00 -0.00 -0.00
  6.28- 5.77- -0.031  0.508   0.12  -1.42 -0.03 -0.00 -0.00  0.88  6.50 49.20  0.00  0.15  0.50 -0.02  0.29 -0.02  0.25  0.00 -0.01
  6.36- 5.77-  0.002  0.023  -0.87   9.80  0.17 -0.00  0.00  0.13  6.50 49.96 -0.01  0.02  0.08  0.13 -1.94  0.13 -1.70  0.00  0.06
  6.42- 5.77-  0.000  0.000   0.00  -0.00 -0.00 -0.00  0.00  0.00************ -0.00  0.00 -0.00 -0.05 -0.05 -0.06 -0.04 -0.00 -0.01
  6.53- 5.77- -0.000  0.000  -0.07 -14.38  0.03 -0.00 -0.00 -0.00  6.50129.14 -0.02 -0.00  0.00  0.17  0.42  0.21  0.37 -0.00  0.02

  5.91- MY=NY -0.370  0.570  19.03  12.23 -1.01  0.28 -0.14 -0.14  6.50 53.77 -0.83 -0.05  1.84  4.38 -1.25  7.61 -1.18  6.50  7.61
  6.00- 5.91-  0.646 -0.554   1.32  -7.78 -0.86 -0.02  0.33  0.11  6.50 57.83 -0.16  0.02 -1.19 -0.13  0.73 -0.14  0.63  0.00 -0.04
  6.13- 5.91-  0.049 -0.007   0.01  -0.57 -0.00 -0.00  0.01 -0.00  6.50 65.26 -0.00  0.05  0.00  0.00  0.01  0.00  0.01 -0.00  0.00
  6.28- 5.91- -3.809 -0.497  -0.13  -2.40 -0.01 -0.03  0.29 -0.02  6.50 54.57 -0.22  0.70  0.10 -0.02  0.04 -0.02  0.03  0.00 -0.00
  6.36- 5.91- -0.395  2.070   1.26  -2.39  0.04  0.17  0.01  0.17  6.50 59.17  1.10  0.07 -0.30  0.04  0.07  0.05  0.06 -0.00  0.01
  6.42- 5.91- -0.000 -0.000  -0.00   0.00 -0.00 -0.00  0.00 -0.00************  0.09  0.01  0.03  0.33  0.07  0.42  0.06  0.04  0.10
  6.53- 5.91- -0.000  0.001   0.01  -0.23  0.00  0.00 -0.00  0.00  6.50 39.31 -0.00  0.00 -0.00  0.00  0.00  0.00  0.00  0.00 -0.00

  6.00- MY=NY -1.121 -1.016  18.04 -14.20  0.03  0.31 -0.67  0.14  6.50 54.35 -0.66  0.04 -1.87  4.41  1.50  7.70  1.23  6.50  7.57
  6.13- 6.00- -0.010  0.001  -0.02   0.79  0.00  0.00  0.00  0.00  6.50 74.31  0.00  0.02  0.00 -0.00 -0.01 -0.00 -0.00 -0.00 -0.00
  6.28- 6.00- -1.666  0.225  -0.11   4.02  0.02  0.02  0.10  0.02  6.50 50.97  0.11  0.38 -0.04  0.04 -0.00  0.05 -0.00 -0.00  0.01
  6.36- 6.00- -0.778 -2.820   1.06   8.36 -0.04 -0.01  0.09 -0.23  6.50 57.77  0.27  0.14  0.53 -0.29 -0.46 -0.36 -0.41  0.00 -0.04
  6.42- 6.00-  0.000  0.000  -0.00  -0.00  0.00  0.00 -0.00  0.00************ -0.05 -0.01  0.01 -0.33 -0.01 -0.41 -0.01 -0.04 -0.09
  6.53- 6.00- -0.000 -0.001   0.00   0.02 -0.00 -0.00  0.00 -0.00  6.50 55.33 -0.00  0.00  0.00 -0.00 -0.00 -0.00 -0.00  0.00 -0.00

  6.13- MY=NY  0.000 -0.000  15.29   0.19  4.48  0.47 -0.00 -0.00  6.50 48.84 -0.87  0.00  0.00 -2.09 -0.39 -0.30 -0.49  6.50  6.47
  6.28- 6.13-  0.019 -0.002  -0.11   3.93 -0.05 -0.00 -0.00 -0.00  6.50 28.67  0.15 -0.01 -0.00  0.10 -0.15  0.12 -0.13 -0.00  0.02
  6.36- 6.13- -0.108  0.011  -0.01   0.47  0.00  0.00  0.00  0.00  6.50107.81  0.02  0.04  0.00  0.01  0.01  0.01  0.01 -0.00  0.00
  6.42- 6.13-  0.000 -0.000   0.00   0.00  0.00  0.00 -0.00 -0.00************ -0.00 -0.00  0.00  0.00  0.01  0.01  0.01  0.00  0.00
  6.53- 6.13- -0.010 -3.286  -0.00  -0.00 -0.00 -0.00 -0.00 -0.18  6.50 48.83 -0.00  0.03  0.66  0.00 -0.00  0.00 -0.00 -0.00  0.00

  6.28- MY=NY  0.174 -0.024  17.61   4.12  2.36 -0.36 -0.03 -0.02  6.50 50.14  1.07 -0.65 -0.01  1.33 -0.83  3.88 -0.84  6.50  7.07
  6.36- 6.28- -0.602  0.115   0.59  -4.62  0.56  0.00  0.10  0.12  6.50 60.42  0.03  2.21  0.04 -0.07  0.82 -0.07  0.72  0.00 -0.03
  6.42- 6.28-  0.000 -0.000   0.00   0.00  0.00 -0.00 -0.00 -0.00************ -0.02 -0.01 -0.00  0.04  0.02  0.06  0.02  0.00  0.01
  6.53- 6.28- -0.002  0.021   0.00  -0.09  0.00  0.00 -0.00  0.01  6.50 68.92  0.00 -0.00 -0.03  0.00  0.00  0.00  0.00 -0.00  0.00

  6.36- MY=NY -0.145 -0.189  15.55   2.96 -1.29 -0.39  0.01 -0.40  6.50 55.39  0.77  0.57 -0.23  1.48 -0.53  4.06 -0.58  6.50  7.09
  6.42- 6.36- -0.000 -0.000   0.00   0.00  0.00  0.00 -0.00 -0.00************  0.02  0.00  0.01 -0.09 -0.03 -0.11 -0.02 -0.01 -0.02
  6.53- 6.36-  0.000 -0.001  -0.02   0.54 -0.00 -0.00  0.00  0.00  6.50 76.03 -0.00 -0.00 -0.00 -0.00 -0.00 -0.00 -0.00  0.00 -0.00

  6.42- MY=NY -7.031 -4.807  55.55  50.56  0.29  0.05 -0.55 -0.34  8.50 84.43  0.06 -1.24  0.85  8.34 -1.53 13.14 -1.43  8.50 10.41
  6.53- 6.42- -0.000  0.000   0.00  -0.00 -0.00 -0.00 -0.00  0.00************  0.00  0.00  0.00  0.00  0.00  0.00  0.00  0.00  0.00

  6.53- MY=NY -0.000  0.000   5.48   0.07 -5.48 -0.50 -0.00 -0.00  6.50 48.83  1.25 -0.00 -0.00 -4.99 -0.48 -3.86 -0.60  6.50  5.97

 DECOUP:  0.00 SEC



   #   ENERGY +/-(#)    <Q20>    <Q22>     <R2>     <JZ>      #   ENERGY +/-(#)    <Q20>    <Q22>     <R2>     <JZ>

   1   1.5000  +(# 1)   0.5228  -0.0293   1.5753   0.5000    41   6.1199  +(#21)   8.3510  -0.1401   8.6939   2.4744
   2   2.1682  -(# 1)   3.0482  -0.0452   2.9356   0.4989    42   6.1299  -(#21)  -0.2957  -0.4890   6.4703   4.4834
   3   2.5223  -(# 2)  -0.3480  -0.2608   2.4570  -1.4771    43   6.1305  +(#22)  -2.8516  -1.0005   5.1190  -3.3954
   4   2.8094  -(# 3)  -0.0861   0.1596   2.4837   0.4782    44   6.1789  +(#23)  -2.8380  -1.0106   5.1212   2.3470
   5   2.8570  +(# 2)   5.6827  -0.0560   4.3114   0.4981    45   6.2812  -(#22)   3.8820  -0.8442   7.0748   2.3597
   6   3.1985  +(# 3)   2.2175  -0.2684   3.8229  -1.4738    46   6.3600  -(#23)   4.0638  -0.5753   7.0939  -1.2854
   7   3.4711  +(# 4)   2.1021  -0.0545   3.8010   0.5298    47   6.3863  +(#24)  13.3267  -0.2226   9.4052   0.4462
   8   3.5768  +(# 5)  -1.0547  -0.2889   3.3570   2.4010    48   6.3899  +(#25)   5.4973  -0.2994   8.2912  -3.4457
   9   3.5876  -(# 4)   7.8644  -0.1155   5.6239   0.4934    49   6.4171  +(#26)  -2.7550  -1.3007   5.1404  -0.6200
  10   3.8441  +(# 6)  -0.6513  -0.2590   3.4138   0.4602    50   6.4249  -(#24)  13.1437  -1.4285  10.4098   0.2919
  11   3.8531  -(# 5)   4.7473  -0.1846   5.1813  -1.4769    51   6.5324  -(#25)  -3.8595  -0.5955   5.9651  -5.4847
  12   4.0526  +(# 7)  -0.9767   0.5168   3.3476  -1.4154    52   6.5545  -(#26)  12.4320   0.4919  10.2595  -1.2570
  13   4.1681  -(# 6)   4.1818  -0.4987   5.1087   1.0980    53   6.5624  +(#27)  -2.6699   3.1907   5.0382  -0.3118
  14   4.2000  -(# 7)   2.7796   0.2320   4.8903   1.8618    54   6.5814  -(#27)   4.5204   1.4354   7.1078   0.4151
  15   4.3555  +(# 8)   9.6651  -0.2487   6.8839   0.4805    55   6.6043  +(#28)  10.1641  -0.8968   8.9716  -1.2112
  16   4.5551  -(# 8)   1.7251  -0.9579   4.7703   0.0222    56   6.6956  -(#28)   0.1132  -0.7408   6.5350  -3.4532
  17   4.5587  +(# 9)   7.0839  -0.1063   6.5124  -1.4645    57   6.7130  +(#29)   2.2379  -0.4259   7.8298   4.4848
  18   4.5781  -(# 9)  -1.8493  -0.4972   4.2491  -3.2187    58   6.7141  +(#30)  10.4775   0.8972   8.9705   0.2296
  19   4.6803  -(#10)   1.8280   1.0445   4.7340  -1.2506    59   6.7203  -(#29)  10.2049   0.0334   9.9537   2.4535
  20   4.8429  +(#10)   4.1466  -0.4382   6.1022   2.3870    60   6.8040  -(#30)   0.2277  -0.8805   6.5549   2.4051
  21   4.8828  +(#11)   8.4256   0.1828   6.6963   0.5769    61   6.9219  +(#31)   6.5332  -0.6079   8.4467   2.4309
  22   4.9965  -(#11)  -1.8528  -1.0488   4.2626  -1.2969    62   6.9552  -(#31)   7.5392  -0.1940   9.5795  -3.4803
  23   5.0668  -(#12)  10.9311  -0.5318   8.0716   0.4433    63   7.0312  +(#32)   6.9606  -0.5740   8.5067  -1.3639
  24   5.1333  -(#13)  -1.9146  -1.0787   4.2546   1.8233    64   7.0335  +(#33)  14.0325  -2.0097  11.5513   0.1975
  25   5.1932  +(#12)   0.7145  -0.5676   5.6163  -3.3879    65   7.0651  -(#32)   0.5366  -1.4913   6.6145  -0.7638
  26   5.2209  +(#13)   4.6584  -1.2697   6.1963  -0.7054    66   7.0804  +(#34)  -1.1601  -0.5368   7.3483  -5.4858
  27   5.2277  -(#14)   9.0712   0.0897   7.7907  -1.4306    67   7.1474  -(#33)  14.6863  -0.6142  10.6089   0.4479
  28   5.2478  -(#15)  -1.8246   2.2263   4.1832   0.9445    68   7.1504  -(#34)  -3.7387  -0.7986   5.9874   4.4656
  29   5.3042  +(#14)   4.8147   1.4854   6.1484  -0.3665    69   7.1620  +(#35)  13.6782   0.5648  11.4352  -1.1206
  30   5.4650  -(#16)   6.2172  -0.2457   7.3924   2.4792    70   7.2127  -(#35)   0.5845   2.9690   6.5077  -0.1766
  31   5.5924  +(#15)  -2.9722  -0.5959   5.0915   4.4724    71   7.2437  -(#36)   4.5782  -0.3330   9.1610   4.4856
  32   5.6340  -(#17)  11.2963  -0.0271   8.1108   0.4919    72   7.2683  +(#36)   7.7334   1.1895   8.5720   0.4269
  33   5.6602  +(#16)   1.0234  -1.5214   5.6846   1.7271    73   7.2886  +(#37)   2.9105  -0.6214   7.9307  -3.4640
  34   5.6991  +(#17)   1.0388  -0.1653   5.6523  -0.6642    74   7.2910  -(#37)  -3.7027  -0.9103   5.9954  -3.4373
  35   5.7711  -(#18)   3.0772  -0.3794   6.9483  -3.4815    75   7.3006  +(#38)  11.8776   0.2662  11.1862   2.4038
  36   5.7791  +(#18)  12.2311  -0.8945   9.2661   0.3853    76   7.3179  -(#38)  12.4223  -0.4761  10.2827  -1.2998
  37   5.9012  +(#19)   1.2715   1.7553   5.6365   0.4247    77   7.4290  +(#39)   3.1788  -0.7611   7.9725   2.4212
  38   5.9067  -(#19)   7.6068  -1.1814   7.6143  -1.0148    78   7.4469  -(#39)  13.0349   0.4256  10.3471   0.3470
  39   5.9192  +(#20)  10.9501   0.2794   9.0537  -1.3680    79   7.4862  +(#40)  -4.7367  -0.6452   6.8413   6.4866
  40   6.0003  -(#20)   7.6971   1.2306   7.5658   0.0263    80   7.5047  +(#41)   9.4620  -0.0662  10.8503  -3.4705



     PARITY: +     DIMENSION:  95     MATRIX:   0.0 SEC     DIAGONALISATION:   0.0 SEC
     PARITY: -     DIMENSION:  70     MATRIX:   0.0 SEC     DIAGONALISATION:   0.0 SEC
      TOTAL TIME:   0.0 SEC
