


         KAPPAP      MYP     KAPPAN      MYN
    0    0.1200    0.0000    0.1200    0.0000
    1    0.1200    0.0000    0.1200    0.0000
    2    0.1050    0.0000    0.1050    0.0000
    3    0.0900    0.3000    0.0900    0.2500
    4    0.0650    0.5700    0.0700    0.3900
    5    0.0600    0.6500    0.0620    0.4300
    6    0.0540    0.6900    0.0620    0.3400
    7    0.0540    0.6900    0.0620    0.2600
    8    0.0540    0.6900    0.0620    0.2600


     KAPPA    MY     EPS   GAMMA    EPS4     EPS6     W0/W00   NMAX  COUPL     OMROT      EFAC      QFAC
      SEE TABLE     0.264   60.0   0.000    0.000    1.00740     8     0     0.00000   6.49877   6.38583


                     **** PROTONS ****                     **** STRETCHED COORDINATES ****
    SYMMETRY R1= 1


   BASIS FUNCTIONS /N,L,J,OMEGA>,   PARITY +


   1 / 8 8 17/2 17/2>    20 / 8 6 11/2  1/2>    39 / 8 4  7/2 -7/2>    58 / 6 4  7/2  1/2>    77 / 4 2  5/2  5/2>
   2 / 8 8 17/2 13/2>    21 / 8 4  9/2  1/2>    40 / 8 8 17/2-11/2>    59 / 6 2  5/2  1/2>    78 / 4 4  9/2  1/2>
   3 / 8 8 15/2 13/2>    22 / 8 4  7/2  1/2>    41 / 8 8 15/2-11/2>    60 / 6 2  3/2  1/2>    79 / 4 4  7/2  1/2>
   4 / 8 6 13/2 13/2>    23 / 8 2  5/2  1/2>    42 / 8 6 13/2-11/2>    61 / 6 0  1/2  1/2>    80 / 4 2  5/2  1/2>
   5 / 8 8 17/2  9/2>    24 / 8 2  3/2  1/2>    43 / 8 6 11/2-11/2>    62 / 6 6 13/2 -3/2>    81 / 4 2  3/2  1/2>
   6 / 8 8 15/2  9/2>    25 / 8 0  1/2  1/2>    44 / 8 8 17/2-15/2>    63 / 6 6 11/2 -3/2>    82 / 4 0  1/2  1/2>
   7 / 8 6 13/2  9/2>    26 / 8 8 17/2 -3/2>    45 / 8 8 15/2-15/2>    64 / 6 4  9/2 -3/2>    83 / 4 4  9/2 -3/2>
   8 / 8 6 11/2  9/2>    27 / 8 8 15/2 -3/2>    46 / 6 6 13/2 13/2>    65 / 6 4  7/2 -3/2>    84 / 4 4  7/2 -3/2>
   9 / 8 4  9/2  9/2>    28 / 8 6 13/2 -3/2>    47 / 6 6 13/2  9/2>    66 / 6 2  5/2 -3/2>    85 / 4 2  5/2 -3/2>
  10 / 8 8 17/2  5/2>    29 / 8 6 11/2 -3/2>    48 / 6 6 11/2  9/2>    67 / 6 2  3/2 -3/2>    86 / 4 2  3/2 -3/2>
  11 / 8 8 15/2  5/2>    30 / 8 4  9/2 -3/2>    49 / 6 4  9/2  9/2>    68 / 6 6 13/2 -7/2>    87 / 4 4  9/2 -7/2>
  12 / 8 6 13/2  5/2>    31 / 8 4  7/2 -3/2>    50 / 6 6 13/2  5/2>    69 / 6 6 11/2 -7/2>    88 / 4 4  7/2 -7/2>
  13 / 8 6 11/2  5/2>    32 / 8 2  5/2 -3/2>    51 / 6 6 11/2  5/2>    70 / 6 4  9/2 -7/2>    89 / 2 2  5/2  5/2>
  14 / 8 4  9/2  5/2>    33 / 8 2  3/2 -3/2>    52 / 6 4  9/2  5/2>    71 / 6 4  7/2 -7/2>    90 / 2 2  5/2  1/2>
  15 / 8 4  7/2  5/2>    34 / 8 8 17/2 -7/2>    53 / 6 4  7/2  5/2>    72 / 6 6 13/2-11/2>    91 / 2 2  3/2  1/2>
  16 / 8 2  5/2  5/2>    35 / 8 8 15/2 -7/2>    54 / 6 2  5/2  5/2>    73 / 6 6 11/2-11/2>    92 / 2 0  1/2  1/2>
  17 / 8 8 17/2  1/2>    36 / 8 6 13/2 -7/2>    55 / 6 6 13/2  1/2>    74 / 4 4  9/2  9/2>    93 / 2 2  5/2 -3/2>
  18 / 8 8 15/2  1/2>    37 / 8 6 11/2 -7/2>    56 / 6 6 11/2  1/2>    75 / 4 4  9/2  5/2>    94 / 2 2  3/2 -3/2>
  19 / 8 6 13/2  1/2>    38 / 8 4  9/2 -7/2>    57 / 6 4  9/2  1/2>    76 / 4 4  7/2  5/2>    95 / 0 0  1/2  1/2>


    SINGLE PARTICLE (PARITY+) WAVE FUNCTIONS IN THE ENERGY INTERVAL 6.0<E<8.0

 E=6.0818   0.097183/ 74> 0.337655/ 76> 0.286742/ 77>-0.051947/ 78>-0.251673/ 79> 0.181353/ 80> 0.573058/ 81>
            0.084829/ 83> 0.064982/ 84>-0.384706/ 85> 0.330855/ 86>-0.097183/ 87> 0.297784/ 88>

 E=6.0956  -0.015625/ 46>-0.137995/ 47>-0.417799/ 50>-0.647260/ 55>-0.560547/ 62>-0.264246/ 68>-0.056337/ 72>


 E=6.1233   0.120898/ 74>-0.080599/ 75>-0.121415/ 76> 0.452411/ 77> 0.064623/ 78> 0.162896/ 79>-0.286130/ 80>
           -0.264563/ 81> 0.417313/ 82>-0.052764/ 83>-0.210299/ 84> 0.202325/ 85> 0.458238/ 86> 0.040299/ 87>
            0.321237/ 88>

 E=6.3290  -0.055750/ 46>-0.340871/ 47> 0.014916/ 48>-0.573360/ 50> 0.057773/ 51>-0.177655/ 55> 0.096673/ 56>
            0.461540/ 62> 0.081705/ 63> 0.507674/ 68> 0.033356/ 69> 0.170086/ 72> 0.004498/ 73>

 E=6.5009  -0.133554/ 46>-0.514150/ 47> 0.029526/ 48> 0.014293/ 49>-0.274717/ 50> 0.063532/ 51> 0.085755/ 52>
            0.425574/ 55> 0.021264/ 56> 0.160437/ 57> 0.122860/ 62>-0.053908/ 63> 0.130998/ 64>-0.521225/ 68>
           -0.051353/ 69> 0.042879/ 70>-0.333378/ 72>-0.010881/ 73>

 E=6.5507  -0.060679/ 74> 0.040452/ 75>-0.075324/ 76>-0.306947/ 77>-0.032434/ 78> 0.101057/ 79> 0.194130/ 80>
           -0.335817/ 81>-0.563967/ 82> 0.026482/ 83>-0.130464/ 84>-0.137270/ 85> 0.581652/ 86>-0.020226/ 87>
            0.199287/ 88>

 E=6.6346  -0.252434/ 46>-0.514486/ 47> 0.042007/ 48> 0.052272/ 49> 0.236003/ 50> 0.032538/ 51> 0.174238/ 52>
           -0.015819/ 53> 0.219387/ 55>-0.038891/ 56> 0.065198/ 57>-0.035374/ 58>-0.443301/ 62>-0.006575/ 63>
           -0.159692/ 64>-0.027401/ 65> 0.208968/ 68> 0.050991/ 69>-0.121968/ 70>-0.005979/ 71> 0.490088/ 72>
            0.019903/ 73>

 E=6.7314   0.394662/ 46> 0.268126/ 47>-0.035735/ 48>-0.117501/ 49>-0.428026/ 50> 0.009226/ 51>-0.156670/ 52>
            0.019529/ 53> 0.017807/ 54> 0.342973/ 55> 0.015441/ 56> 0.146550/ 57> 0.008734/ 58> 0.056311/ 59>
           -0.099003/ 62>-0.028706/ 63>-0.020295/ 65> 0.039819/ 66>-0.233372/ 68> 0.022374/ 69>-0.195836/ 70>
           -0.010334/ 71> 0.547296/ 72> 0.023704/ 73>

 E=6.7951   0.525863/ 46>-0.119076/ 47>-0.018626/ 48>-0.190096/ 49>-0.098345/ 50> 0.017634/ 51> 0.014730/ 53>
            0.048492/ 54> 0.253905/ 55>-0.013410/ 56> 0.101616/ 57>-0.010979/ 58> 0.030671/ 59>-0.016841/ 60>
           -0.366473/ 62> 0.006800/ 63>-0.165937/ 64> 0.002835/ 65>-0.065062/ 66>-0.009723/ 67> 0.435341/ 68>
            0.002776/ 69> 0.190102/ 70> 0.012991/ 71>-0.437556/ 72>-0.020591/ 73>

 E=6.8230   0.008071/ 46> 0.049601/ 47> 0.102565/ 48> 0.083370/ 50> 0.397233/ 51> 0.025854/ 55> 0.664700/ 56>
           -0.067142/ 62> 0.561774/ 63>-0.073822/ 68> 0.229344/ 69>-0.024747/ 72> 0.030924/ 73>

 E=6.8265   0.605046/ 46>-0.411045/ 47>-0.002306/ 48>-0.239111/ 49> 0.339410/ 50> 0.003007/ 51> 0.159408/ 52>
            0.001716/ 53> 0.075976/ 54>-0.292105/ 55>-0.003527/ 56>-0.127803/ 57>-0.002302/ 58>-0.048050/ 59>
           -0.000576/ 60>-0.025498/ 61> 0.252965/ 62> 0.004255/ 63> 0.104351/ 64> 0.002972/ 65> 0.033975/ 66>
            0.000996/ 67>-0.214652/ 68>-0.005153/ 69>-0.079698/ 70>-0.004539/ 71> 0.167796/ 72> 0.007667/ 73>


 E=7.0215   0.012132/ 46> 0.046712/ 47>-0.199807/ 48> 0.043641/ 49> 0.024956/ 50>-0.429917/ 51> 0.261845/ 52>
           -0.038663/ 55>-0.143879/ 56> 0.489871/ 57>-0.011163/ 62> 0.364796/ 63> 0.399976/ 64> 0.047355/ 68>
            0.347498/ 69> 0.130924/ 70> 0.030284/ 72> 0.073632/ 73>

 E=7.1741   0.032536/ 46> 0.125253/ 47> 0.195723/ 48> 0.042396/ 49> 0.066922/ 50> 0.421122/ 51> 0.254376/ 52>
           -0.103675/ 55> 0.140937/ 56> 0.475895/ 57>-0.029929/ 62>-0.357338/ 63> 0.388565/ 64> 0.126976/ 68>
           -0.340389/ 69> 0.127188/ 70> 0.081213/ 72>-0.072125/ 73>

 E=7.2371  -0.013069/ 46>-0.026635/ 47>-0.445919/ 48> 0.032744/ 49> 0.012219/ 50>-0.345404/ 51> 0.109144/ 52>
            0.121961/ 53> 0.011357/ 55> 0.412839/ 56> 0.040837/ 57> 0.272712/ 58>-0.022950/ 62> 0.069776/ 63>
           -0.100031/ 64> 0.211237/ 65> 0.010819/ 68>-0.541275/ 69>-0.076399/ 70> 0.046095/ 71> 0.025372/ 72>
           -0.211272/ 73>

 E=7.3316   0.003906/  1> 0.045554/  2> 0.190566/  5> 0.434561/ 10> 0.609051/ 17> 0.544750/ 26> 0.307279/ 34>
            0.101861/ 40> 0.016106/ 44>

 E=7.3557  -0.011052/ 46>-0.007509/ 47> 0.524384/ 48>-0.084010/ 49> 0.011987/ 50>-0.135399/ 51>-0.112013/ 52>
           -0.231767/ 53> 0.061594/ 54>-0.009605/ 55>-0.226557/ 56> 0.104782/ 57>-0.103649/ 58> 0.194779/ 59>
            0.002773/ 62> 0.421256/ 63> 0.240860/ 65> 0.137729/ 66> 0.006536/ 68>-0.328324/ 69>-0.140020/ 70>
            0.122645/ 71>-0.015327/ 72>-0.347854/ 73>

 E=7.3898  -0.070557/ 46>-0.143806/ 47> 0.017934/ 48>-0.158998/ 49> 0.065968/ 50> 0.013885/ 51>-0.529995/ 52>
            0.150927/ 53> 0.061319/ 55>-0.016598/ 56>-0.198306/ 57> 0.337486/ 58>-0.123907/ 62>-0.002806/ 63>
            0.485748/ 64> 0.261415/ 65> 0.058411/ 68> 0.021763/ 69> 0.370994/ 70> 0.057044/ 71> 0.136985/ 72>
            0.008496/ 73>

 E=7.4426   0.014165/ 46>-0.003208/ 47> 0.456098/ 48>-0.032006/ 49>-0.002649/ 50>-0.431800/ 51>-0.273033/ 53>
            0.018320/ 54> 0.006838/ 55> 0.328424/ 56> 0.017109/ 57> 0.203503/ 58> 0.011588/ 59> 0.148812/ 60>
           -0.009870/ 62>-0.166540/ 63>-0.027941/ 64>-0.052547/ 65>-0.024574/ 66> 0.085914/ 67> 0.011726/ 68>
           -0.067987/ 69> 0.032000/ 70>-0.240786/ 71>-0.011788/ 72> 0.504224/ 73>

 E=7.4812  -0.011031/ 46> 0.007494/ 47> 0.178065/ 48>-0.041147/ 49>-0.006189/ 50>-0.229887/ 51> 0.027433/ 52>
           -0.119028/ 53> 0.053212/ 54> 0.005326/ 55> 0.274769/ 56>-0.021997/ 57> 0.159700/ 58>-0.033657/ 59>
            0.085149/ 60>-0.090869/ 61>-0.004612/ 62>-0.325117/ 63> 0.017957/ 64>-0.206172/ 65> 0.023797/ 66>
           -0.147485/ 67> 0.003913/ 68> 0.398189/ 69>-0.013716/ 70> 0.314932/ 71>-0.003060/ 72>-0.590601/ 73>


 E=7.5260  -0.123048/ 46>-0.083596/ 47>-0.173684/ 48>-0.257589/ 49> 0.133452/ 50> 0.044848/ 51>-0.343454/ 52>
            0.094155/ 53> 0.144988/ 54>-0.106935/ 55> 0.075039/ 56> 0.321272/ 57> 0.042107/ 58> 0.458501/ 59>
            0.030871/ 62>-0.139525/ 63>-0.097845/ 65> 0.324206/ 66> 0.072760/ 68> 0.108745/ 69>-0.429316/ 70>
           -0.049820/ 71>-0.170638/ 72> 0.115207/ 73>

 E=7.5744   0.016040/  1> 0.143043/  2>-0.002737/  3> 0.414270/  5>-0.015072/  6> 0.524822/ 10>-0.038723/ 11>
            0.147111/ 17>-0.056684/ 18>-0.394742/ 26>-0.049991/ 27>-0.519546/ 34>-0.026107/ 35>-0.270643/ 40>
           -0.007241/ 41>-0.058353/ 44>-0.000707/ 45>

 E=7.6329  -0.174298/ 46> 0.039470/ 47> 0.030146/ 48>-0.413653/ 49> 0.032592/ 50>-0.028539/ 51> 0.079797/ 53>
            0.294601/ 54>-0.084153/ 55> 0.021706/ 56> 0.221109/ 57>-0.059472/ 58> 0.186325/ 59>-0.253314/ 60>
            0.121464/ 62>-0.011008/ 63>-0.361070/ 64> 0.015361/ 65>-0.395254/ 66>-0.146251/ 67>-0.144292/ 68>
           -0.004491/ 69> 0.413658/ 70> 0.070375/ 71> 0.145027/ 72> 0.033326/ 73>

 E=7.6769   0.205617/ 46>-0.139687/ 47> 0.025891/ 48> 0.482635/ 49> 0.115342/ 50>-0.033420/ 51>-0.321747/ 52>
           -0.006212/ 53>-0.433391/ 54>-0.099271/ 55> 0.039944/ 56> 0.257976/ 57> 0.008351/ 58> 0.274095/ 59>
           -0.028578/ 60> 0.324351/ 61> 0.085972/ 62>-0.047267/ 63>-0.210640/ 64>-0.010761/ 65>-0.193818/ 66>
            0.049504/ 67>-0.072949/ 68> 0.057893/ 69> 0.160873/ 70> 0.016449/ 71> 0.057026/ 72>-0.085862/ 73>


 E=7.7259  -0.030856/ 46>-0.062894/ 47>-0.195788/ 48>-0.077913/ 49> 0.028853/ 50>-0.151656/ 51>-0.259734/ 52>
           -0.267341/ 53> 0.026815/ 55> 0.181267/ 56>-0.097176/ 57>-0.597793/ 58>-0.054188/ 62> 0.030635/ 63>
            0.238042/ 64>-0.463049/ 65> 0.025543/ 68>-0.237656/ 69> 0.181816/ 70>-0.101044/ 71> 0.059911/ 72>
           -0.092766/ 73>

 E=7.7727  -0.044895/  1>-0.292582/  2> 0.008818/  3> 0.002273/  4>-0.515351/  5> 0.033622/  6> 0.020083/  7>
           -0.146897/ 10> 0.047986/ 11> 0.060802/ 12> 0.411762/ 17> 0.014049/ 18> 0.094194/ 19> 0.184141/ 26>
           -0.037170/ 27> 0.081574/ 28>-0.415489/ 34>-0.045294/ 35> 0.038454/ 36>-0.447632/ 40>-0.019741/ 41>
            0.008199/ 42>-0.141554/ 44>-0.002627/ 45>

 E=7.8596  -0.045270/ 46>-0.030755/ 47> 0.176677/ 48>-0.173590/ 49> 0.049097/ 50>-0.045619/ 51>-0.231452/ 52>
            0.354340/ 53>-0.151516/ 54>-0.039341/ 55>-0.076333/ 56> 0.216502/ 57> 0.158462/ 58>-0.479140/ 59>
            0.011357/ 62> 0.141930/ 63>-0.368242/ 65>-0.338802/ 66> 0.026768/ 68>-0.110618/ 69>-0.289313/ 70>
           -0.187499/ 71>-0.062779/ 72>-0.117194/ 73>

 E=7.9367   0.099435/  1> 0.443382/  2>-0.017598/  3>-0.011354/  4> 0.342427/  5>-0.041538/  6>-0.069424/  7>
            0.002176/  8>-0.325352/ 10>-0.016169/ 11>-0.116775/ 12> 0.008428/ 13>-0.182402/ 17> 0.033136/ 18>
           -0.036183/ 19> 0.014103/ 20> 0.407857/ 26> 0.012524/ 27> 0.094003/ 28> 0.011919/ 29>-0.037064/ 35>
            0.103399/ 36> 0.004866/ 37>-0.503352/ 40>-0.032048/ 41> 0.034642/ 42> 0.000656/ 43>-0.265291/ 44>
           -0.006196/ 45>

 E=7.9920   0.061862/ 46>-0.014010/ 47> 0.189745/ 48> 0.194009/ 49>-0.011566/ 50>-0.179637/ 51> 0.285396/ 53>
           -0.013064/ 54> 0.029866/ 55> 0.136630/ 56>-0.103695/ 57>-0.212719/ 58>-0.008264/ 59>-0.638126/ 60>
           -0.043108/ 62>-0.069283/ 63> 0.169336/ 64> 0.054920/ 65> 0.017532/ 66>-0.368438/ 67> 0.051210/ 68>
           -0.028290/ 69>-0.194000/ 70> 0.251707/ 71>-0.051471/ 72> 0.209779/ 73>

  Q20Q22:  0.00 SEC    QTME:  0.00 SEC



    SYMMETRY R1= 1


   BASIS FUNCTIONS /N,L,J,OMEGA>,   PARITY -


   1 / 7 7 15/2 13/2>    15 / 7 5 11/2  1/2>    29 / 7 7 13/2 -7/2>    43 / 5 5 11/2  1/2>    57 / 5 5 11/2-11/2>
   2 / 7 7 13/2 13/2>    16 / 7 5  9/2  1/2>    30 / 7 5 11/2 -7/2>    44 / 5 5  9/2  1/2>    58 / 3 3  7/2  5/2>
   3 / 7 7 15/2  9/2>    17 / 7 3  7/2  1/2>    31 / 7 5  9/2 -7/2>    45 / 5 3  7/2  1/2>    59 / 3 3  5/2  5/2>
   4 / 7 7 13/2  9/2>    18 / 7 3  5/2  1/2>    32 / 7 3  7/2 -7/2>    46 / 5 3  5/2  1/2>    60 / 3 3  7/2  1/2>
   5 / 7 5 11/2  9/2>    19 / 7 1  3/2  1/2>    33 / 7 7 15/2-11/2>    47 / 5 1  3/2  1/2>    61 / 3 3  5/2  1/2>
   6 / 7 5  9/2  9/2>    20 / 7 1  1/2  1/2>    34 / 7 7 13/2-11/2>    48 / 5 1  1/2  1/2>    62 / 3 1  3/2  1/2>
   7 / 7 7 15/2  5/2>    21 / 7 7 15/2 -3/2>    35 / 7 5 11/2-11/2>    49 / 5 5 11/2 -3/2>    63 / 3 1  1/2  1/2>
   8 / 7 7 13/2  5/2>    22 / 7 7 13/2 -3/2>    36 / 7 7 15/2-15/2>    50 / 5 5  9/2 -3/2>    64 / 3 3  7/2 -3/2>
   9 / 7 5 11/2  5/2>    23 / 7 5 11/2 -3/2>    37 / 5 5 11/2  9/2>    51 / 5 3  7/2 -3/2>    65 / 3 3  5/2 -3/2>
  10 / 7 5  9/2  5/2>    24 / 7 5  9/2 -3/2>    38 / 5 5  9/2  9/2>    52 / 5 3  5/2 -3/2>    66 / 3 1  3/2 -3/2>
  11 / 7 3  7/2  5/2>    25 / 7 3  7/2 -3/2>    39 / 5 5 11/2  5/2>    53 / 5 1  3/2 -3/2>    67 / 3 3  7/2 -7/2>
  12 / 7 3  5/2  5/2>    26 / 7 3  5/2 -3/2>    40 / 5 5  9/2  5/2>    54 / 5 5 11/2 -7/2>    68 / 1 1  3/2  1/2>
  13 / 7 7 15/2  1/2>    27 / 7 1  3/2 -3/2>    41 / 5 3  7/2  5/2>    55 / 5 5  9/2 -7/2>    69 / 1 1  1/2  1/2>
  14 / 7 7 13/2  1/2>    28 / 7 7 15/2 -7/2>    42 / 5 3  5/2  5/2>    56 / 5 3  7/2 -7/2>    70 / 1 1  3/2 -3/2>


    SINGLE PARTICLE (PARITY-) WAVE FUNCTIONS IN THE ENERGY INTERVAL 6.0<E<8.0

 E=6.0670   0.046583/ 37> 0.061638/ 38> 0.100229/ 39> 0.369820/ 40> 0.033546/ 43> 0.691867/ 44>-0.085051/ 49>
            0.564914/ 50>-0.081015/ 54> 0.184912/ 55>-0.017168/ 57>

 E=6.2236  -0.077720/ 37> 0.116285/ 38>-0.060200/ 39> 0.387610/ 40>-0.254059/ 41> 0.071954/ 43> 0.145035/ 44>
           -0.568093/ 45> 0.012164/ 49>-0.355250/ 50>-0.440043/ 51>-0.094344/ 54>-0.271327/ 55>-0.096025/ 56>
           -0.036824/ 57>

 E=6.4091   0.120502/ 37> 0.145961/ 38> 0.093340/ 39> 0.486496/ 40> 0.190968/ 41>-0.111562/ 43> 0.182020/ 44>
            0.427021/ 45>-0.018858/ 49>-0.445872/ 50> 0.330773/ 51> 0.146271/ 54>-0.340525/ 55> 0.072182/ 56>
            0.057094/ 57>

 E=6.4342   0.051695/ 37> 0.320674/ 38>-0.013350/ 39> 0.427538/ 40>-0.039752/ 41>-0.126852/ 42>-0.022335/ 43>
           -0.399948/ 44>-0.017785/ 45>-0.401128/ 46> 0.041532/ 49> 0.041293/ 51>-0.283638/ 52>-0.032372/ 54>
            0.534447/ 55> 0.021026/ 56>-0.034296/ 57>

 E=6.5158  -0.049859/ 37> 0.440594/ 38> 0.047202/ 39>-0.180601/ 41>-0.229237/ 42>-0.035902/ 43>-0.235504/ 44>
            0.134612/ 45>-0.144978/ 46> 0.339277/ 47> 0.018205/ 49> 0.384581/ 50>-0.034757/ 51> 0.307561/ 52>
            0.195882/ 53> 0.007433/ 54>-0.440602/ 55>-0.159275/ 56>-0.055120/ 57>

 E=6.5653  -0.170857/ 37> 0.085517/ 38> 0.044115/ 39> 0.114086/ 40>-0.513394/ 41> 0.109992/ 42> 0.073818/ 43>
           -0.106716/ 44>-0.229597/ 45> 0.347744/ 46>-0.137252/ 49> 0.533531/ 51> 0.245911/ 52> 0.106970/ 54>
            0.142573/ 55> 0.271666/ 56> 0.113336/ 57>

 E=6.5750   0.014227/ 37> 0.577251/ 38>-0.018378/ 39>-0.384834/ 40> 0.019786/ 41>-0.374237/ 42> 0.021973/ 43>
            0.308551/ 44>-0.026601/ 45> 0.236717/ 46>-0.052218/ 47> 0.279312/ 48>-0.026002/ 49>-0.251928/ 50>
            0.034350/ 51>-0.167352/ 52> 0.090442/ 53> 0.031841/ 54> 0.192425/ 55>-0.052415/ 56>-0.047215/ 57>


 E=6.6657  -0.154019/ 37>-0.258427/ 38> 0.145814/ 39>-0.385013/ 41> 0.096081/ 42>-0.110906/ 43> 0.138133/ 44>
            0.286972/ 45> 0.060768/ 46> 0.494154/ 47> 0.056238/ 49>-0.225571/ 50>-0.074091/ 51>-0.128907/ 52>
            0.285306/ 53> 0.022962/ 54> 0.258423/ 55>-0.339554/ 56>-0.170276/ 57>

 E=6.7222  -0.063550/ 37> 0.192464/ 38> 0.082042/ 39>-0.128315/ 40>-0.183197/ 41> 0.021063/ 42>-0.098058/ 43>
            0.102879/ 44> 0.245782/ 45>-0.013319/ 46> 0.272763/ 47>-0.313711/ 48> 0.116023/ 49>-0.084001/ 50>
           -0.317300/ 51> 0.009417/ 52>-0.472429/ 53>-0.142098/ 54> 0.064158/ 55> 0.484680/ 56> 0.210765/ 57>


 E=6.7321   0.030257/  1> 0.166644/  3> 0.428123/  7> 0.626708/ 13> 0.552702/ 21> 0.288639/ 28> 0.080054/ 33>
            0.007812/ 36>

 E=6.9187  -0.086637/ 37>-0.172072/ 38> 0.022369/ 39>-0.229429/ 40>-0.295927/ 41>-0.184522/ 42> 0.037431/ 43>
            0.214611/ 44>-0.132341/ 45>-0.583505/ 46>-0.069597/ 49> 0.307533/ 51>-0.412603/ 52> 0.054243/ 54>
           -0.286789/ 55> 0.156588/ 56> 0.057468/ 57>

 E=6.9710   0.100919/  1>-0.001754/  2> 0.384797/  3>-0.015497/  4> 0.549206/  7>-0.046919/  8> 0.160793/ 13>
           -0.072687/ 14>-0.425413/ 21>-0.062949/ 22>-0.518389/ 28>-0.029675/ 29>-0.225933/ 33>-0.006327/ 34>
           -0.030067/ 36>

 E=7.0099  -0.072000/ 37> 0.199561/ 38> 0.068164/ 39>-0.346391/ 41> 0.308954/ 42>-0.051847/ 43>-0.106671/ 44>
            0.258184/ 45> 0.195399/ 46>-0.449259/ 47> 0.026291/ 49> 0.174192/ 50>-0.066664/ 51>-0.414498/ 52>
           -0.259380/ 53> 0.010733/ 54>-0.199560/ 55>-0.305493/ 56>-0.079600/ 57>

 E=7.0746   0.030063/ 37> 0.288328/ 38>-0.038811/ 39>-0.192223/ 40> 0.127172/ 41> 0.324430/ 42> 0.046388/ 43>
            0.154122/ 44>-0.170619/ 45>-0.205191/ 46> 0.013461/ 47>-0.657962/ 48>-0.054888/ 49>-0.125839/ 50>
            0.220268/ 51> 0.145091/ 52>-0.023311/ 53> 0.067222/ 54> 0.096112/ 55>-0.336461/ 56>-0.099707/ 57>


 E=7.1580  -0.222556/  1> 0.005456/  2>-0.525321/  3> 0.033358/  4> 0.018686/  5>-0.204485/  7> 0.056110/  8>
            0.072372/  9> 0.419056/ 13> 0.017386/ 14> 0.121102/ 15> 0.158395/ 21>-0.045167/ 22> 0.102352/ 23>
           -0.468725/ 28>-0.049682/ 29> 0.041785/ 30>-0.405299/ 33>-0.016645/ 34> 0.005634/ 35>-0.078360/ 36>


 E=7.3084   0.374714/  1>-0.011373/  2> 0.430898/  3>-0.043777/  4>-0.066521/  5> 0.001941/  6>-0.291308/  7>
           -0.023390/  8>-0.143132/  9> 0.011643/ 10>-0.199010/ 13> 0.036235/ 14>-0.047904/ 15> 0.021782/ 16>
            0.426231/ 21> 0.010461/ 22> 0.121451/ 23> 0.017785/ 24>-0.091651/ 28>-0.044378/ 29> 0.115692/ 30>
            0.005821/ 31>-0.519306/ 33>-0.028385/ 34> 0.024514/ 35>-0.161252/ 36>

 E=7.4075   0.048345/ 37> 0.163796/ 38>-0.045770/ 39> 0.268276/ 41> 0.393802/ 42> 0.034812/ 43>-0.087552/ 44>
           -0.199962/ 45> 0.249061/ 46> 0.426482/ 47>-0.017653/ 49> 0.142973/ 50> 0.051630/ 51>-0.528339/ 52>
            0.246231/ 53>-0.007207/ 54>-0.163795/ 55> 0.236598/ 56> 0.053447/ 57>

 E=7.4253   0.499822/  1>-0.016940/  2> 0.090755/  3>-0.034526/  4>-0.133907/  5> 0.005122/  6>-0.388578/  7>
            0.015834/  8>-0.103726/  9> 0.017073/ 10> 0.015727/ 11> 0.341288/ 13> 0.014720/ 14> 0.123975/ 15>
            0.006388/ 16> 0.035167/ 17>-0.042993/ 21>-0.029748/ 22> 0.020958/ 23>-0.015647/ 24> 0.027240/ 25>
           -0.321862/ 28> 0.014023/ 29>-0.162545/ 30>-0.011951/ 31> 0.005944/ 32> 0.458792/ 33> 0.032887/ 34>
           -0.063446/ 35> 0.276543/ 36>

 E=7.4545  -0.018539/ 37> 0.173804/ 38> 0.023934/ 39>-0.115870/ 40>-0.116827/ 41> 0.475512/ 42>-0.028606/ 43>
            0.092903/ 44> 0.156739/ 45>-0.300741/ 46>-0.298086/ 47> 0.195828/ 48> 0.033847/ 49>-0.075855/ 50>
           -0.202349/ 51> 0.212656/ 52> 0.516298/ 53>-0.041454/ 54> 0.057935/ 55> 0.309092/ 56> 0.061486/ 57>


 E=7.5114   0.525679/  1>-0.019254/  2>-0.286335/  3>-0.013081/  4>-0.179952/  5> 0.008372/  6> 0.007421/  7>
            0.020882/  8> 0.046461/  9> 0.011163/ 10> 0.040598/ 11>-0.002693/ 12> 0.228429/ 13>-0.016734/ 14>
            0.077753/ 15>-0.010442/ 16> 0.018157/ 17>-0.008515/ 18>-0.374125/ 21> 0.004828/ 22>-0.144564/ 23>
           -0.042192/ 25>-0.006022/ 26> 0.385748/ 28> 0.011384/ 29> 0.112669/ 30> 0.013953/ 31>-0.021482/ 32>
           -0.198692/ 33>-0.026701/ 34> 0.119367/ 35>-0.407189/ 36>

 E=7.5612   0.011428/  1> 0.015525/  2> 0.043467/  3> 0.137124/  4> 0.062087/  7> 0.415164/  8> 0.018158/ 13>
            0.643165/ 14>-0.048068/ 21> 0.556996/ 22>-0.058590/ 28> 0.262572/ 29>-0.025537/ 33> 0.055981/ 34>
           -0.003377/ 36>

 E=7.5681   0.405189/  1>-0.015421/  2>-0.416895/  3> 0.003487/  4>-0.160110/  5> 0.007893/  6> 0.372273/  7>
            0.002864/  8> 0.151581/  9> 0.049722/ 11>-0.003244/ 12>-0.293439/ 13>-0.007478/ 14>-0.115292/ 15>
           -0.004220/ 16>-0.037060/ 17>-0.002052/ 18>-0.013592/ 19> 0.184850/ 21> 0.010721/ 22> 0.058463/ 23>
            0.006890/ 24> 0.009570/ 25> 0.004353/ 26>-0.007847/ 27>-0.042475/ 28>-0.012779/ 29> 0.023864/ 30>
           -0.007893/ 31> 0.043847/ 32>-0.153133/ 33> 0.012829/ 34>-0.176998/ 35> 0.523066/ 36>

 E=7.5962  -0.152763/  1> 0.005984/  2> 0.194159/  3>-0.004067/  4> 0.064520/  5>-0.003449/  6>-0.226727/  7>
            0.003357/  8>-0.083293/  9> 0.002299/ 10>-0.022900/ 11> 0.002238/ 12> 0.258141/ 13>-0.002887/ 14>
            0.099558/ 15>-0.001844/ 16> 0.030723/ 17>-0.001415/ 18> 0.009299/ 19>-0.004155/ 20>-0.292705/ 21>
            0.002509/ 22>-0.117794/ 23> 0.001506/ 24>-0.039663/ 25> 0.001001/ 26>-0.016106/ 27> 0.336296/ 28>
           -0.002120/ 29> 0.144273/ 30>-0.001150/ 31> 0.060590/ 32>-0.404189/ 33> 0.001661/ 34>-0.214001/ 35>

 0.591686/ 36>

 E=7.7852   0.008571/  1>-0.043974/  2> 0.020228/  3>-0.268878/  4> 0.064665/  5> 0.007877/  7>-0.452261/  8>
            0.250447/  9>-0.016140/ 13>-0.140128/ 14> 0.419079/ 15>-0.006097/ 21> 0.364065/ 22> 0.354186/ 23>
            0.018048/ 28> 0.400453/ 29> 0.144596/ 30> 0.015608/ 33> 0.134163/ 34> 0.019499/ 35> 0.003012/ 36>


 E=7.9179   0.045737/  1> 0.034790/  2> 0.107958/  3> 0.212702/  4> 0.078812/  5> 0.042022/  7> 0.357775/  8>
            0.305240/  9>-0.086121/ 13> 0.110854/ 14> 0.510766/ 15>-0.032548/ 21>-0.288002/ 22> 0.431670/ 23>
            0.096326/ 28>-0.316793/ 29> 0.176227/ 30> 0.083290/ 33>-0.106136/ 34> 0.023762/ 35> 0.016104/ 36>


 E=7.9322  -0.008498/ 37>-0.091891/ 38> 0.010971/ 39> 0.061262/ 40>-0.068582/ 41>-0.391108/ 42>-0.013112/ 43>
           -0.049118/ 44> 0.092013/ 45> 0.247359/ 46>-0.284909/ 47>-0.592826/ 48> 0.015515/ 49> 0.040105/ 50>
           -0.118787/ 51>-0.174909/ 52> 0.493476/ 53>-0.019002/ 54>-0.030631/ 55> 0.181451/ 56> 0.028184/ 57>


  Q20Q22:  0.00 SEC    QTME:  0.00 SEC

 Q0=  60.879 HBAR/MW0     Q2= -74.561 HBAR/MW0     GAMMA= 60.0 DEG   FOR 82 PARTICLES;  A=207

1
 **********************************************  SINGLE PARTICLE MATRIX ELEMENTS  ***********************************************


   ENY   EMY     A+B     C      D      E    JZ    S0    S+    S-  <R2S> <R4S>  R2DZ  R2D+  R2D-  Q20S  Q22S   Q20   Q22  RHO2    R2


  5.60- MY=NY  4.500  4.500  27.85  25.30  0.00  0.00  0.29  0.29  6.50 48.75 -0.00  0.78 -0.78  1.31 -1.61  1.76 -2.15  6.50  6.81
  5.76- 5.60- -2.132  2.133   0.00   0.00 -2.13 -0.22 -0.22  0.22  6.50 48.75  0.49 -0.35 -0.35  0.00 -0.00  0.00 -0.00 -0.00 -0.00
  5.87- 5.60-  0.000 -0.000   5.45 -10.90 -0.00 -0.00  0.00 -0.00  6.58 50.06  0.00  0.00  0.00  2.30  0.94  2.52  1.03 -0.00 -0.00
  5.94- 5.60-  0.000 -0.000   0.00  -0.00  0.00  0.00  0.00 -0.00  6.51 48.08  0.00 -0.00 -0.00  0.00  0.00  0.00  0.00 -0.00 -0.00
  5.98- 5.60- -0.000 -0.000  -0.00  -0.00 -0.00 -0.00 -0.00 -0.00  6.53 48.91 -0.00  0.00  0.00  0.00 -0.00  0.00 -0.00  0.00  0.00
  6.07- 5.60-  0.000 -0.000  -0.90   1.80  0.00 -0.00 -0.41 -0.41  6.50 48.75 -0.00 -0.01  0.01  0.61 -0.74  0.57 -0.69 -0.00  0.10
  6.22- 5.60-  0.504 -0.504   0.00  -0.00  0.50  0.28  0.28 -0.28  6.50 48.75  0.62 -0.44 -0.44  0.00  0.00  0.00  0.00 -0.00 -0.00
  6.41- 5.60- -0.350  0.350  -0.00   0.00 -0.35  0.27  0.27 -0.27  6.50 48.75  0.58 -0.41 -0.41  0.00 -0.00  0.00 -0.00 -0.00  0.00
  6.43- 5.60-  0.000 -0.000   0.06  -0.13  0.00 -0.00 -0.00  0.00  6.50 48.94 -0.00  0.00  0.00  0.36  0.15  0.39  0.16  0.00 -0.00
  6.52- 5.60- -0.000  0.000  -0.00   0.00  0.00  0.00  0.00  0.00  6.59 48.28  0.00 -0.00 -0.00  0.00  0.00  0.00  0.00  0.00  0.00
  6.57- 5.60- -0.000  0.000  -1.73   3.46  0.00 -0.00 -0.00  0.00  6.40 47.32 -0.00  0.00  0.00  1.97  0.80  2.16  0.88 -0.00  0.00

  5.76- MY=NY -3.500 -3.500  23.18   2.63 -0.00 -0.00 -0.25 -0.25  6.50 50.10  0.00 -0.60  0.60  0.73 -0.89  1.21 -1.48  6.50  6.71
  5.87- 5.76- -2.476  2.476   0.00  -0.00  2.48  0.26 -0.26  0.26  6.50 49.62 -0.56 -0.39 -0.39  0.00  0.00  0.00  0.00  0.00  0.00
  5.94- 5.76-  0.000  0.000  -6.80  13.59  0.00  0.00 -0.00  0.00  6.54 49.31 -0.00  0.00 -0.00 -2.72 -1.11 -2.99 -1.22 -0.00 -0.00
  5.98- 5.76-  0.000  0.000   0.00  -0.00 -0.00  0.00  0.00  0.00  6.54 50.64  0.00 -0.00 -0.00  0.00  0.00  0.00  0.00  0.00 -0.00
  6.07- 5.76-  0.210 -0.210  -0.00   0.00  0.21  0.11  0.11 -0.11  6.50 48.75  0.42 -0.30 -0.30 -0.00 -0.00 -0.00 -0.00 -0.00  0.00
  6.22- 5.76-  0.000 -0.000  -1.79   3.58  0.00  0.00 -0.31 -0.31  6.50 51.82  0.00  0.06 -0.06  0.76 -0.93  0.71 -0.87 -0.00  0.12
  6.41- 5.76-  0.000 -0.000   2.01  -4.03  0.00 -0.00 -0.30 -0.30  6.50 46.33 -0.00  0.02 -0.02 -1.02  1.25 -0.95  1.17  0.00 -0.17
  6.43- 5.76- -0.069  0.069  -0.00   0.00  0.07 -0.34  0.34 -0.34  6.50 50.36 -0.81 -0.58 -0.58  0.00 -0.00  0.00 -0.00  0.00  0.00
  6.52- 5.76- -0.000 -0.000   0.85  -1.70 -0.00  0.00 -0.00  0.00  6.52 50.58  0.00  0.00  0.00 -1.19 -0.49 -1.30 -0.53  0.00  0.00
  6.57- 5.76-  0.445 -0.445  -0.00   0.00 -0.45 -0.04  0.04 -0.04  6.50 27.26 -0.13 -0.09 -0.09  0.00 -0.00  0.00 -0.00 -0.00  0.00

  5.87- MY=NY  2.500  2.500  19.94 -14.88 -0.00 -0.00  0.15  0.15  6.50 49.85  0.00  0.44 -0.44  0.19 -0.23  0.71 -0.87  6.50  6.63
  5.94- 5.87-  2.689 -2.689   0.00   0.00  2.69  0.25  0.25 -0.25  6.50 49.70 -0.66  0.46  0.46  0.00  0.00  0.00  0.00 -0.00 -0.00
  5.98- 5.87- -0.000  0.000   7.73 -15.45  0.00  0.00 -0.00  0.00  6.51 48.75 -0.00 -0.00 -0.00  2.96  1.21  3.24  1.32  0.00  0.00
  6.07- 5.87-  0.000 -0.000  -0.68   1.35 -0.00 -0.00  0.00  0.00  6.65 50.52 -0.00  0.00  0.00  0.16  0.07  0.18  0.07 -0.00 -0.00
  6.22- 5.87-  0.171 -0.171   0.00  -0.00 -0.17  0.10 -0.10  0.10  6.50 54.77  0.39  0.27  0.27 -0.00  0.00 -0.00  0.00  0.00 -0.00
  6.41- 5.87- -0.244  0.244   0.00   0.00  0.24  0.10 -0.10  0.10  6.50 44.29  0.35  0.25  0.25 -0.00  0.00 -0.00  0.00 -0.00 -0.00
  6.43- 5.87- -0.000  0.000   0.62  -1.24 -0.00 -0.00  0.46  0.46  6.50 50.16 -0.00 -0.07  0.07 -0.39  0.48 -0.36  0.45  0.00 -0.06
  6.52- 5.87- -0.278  0.278   0.00   0.00 -0.28 -0.28 -0.28  0.28  6.50 49.58 -0.74  0.52  0.52  0.00 -0.00  0.00 -0.00  0.00  0.00
  6.57- 5.87-  0.000 -0.000  -2.85   5.70 -0.00 -0.00  0.06  0.06  6.50 50.77 -0.00 -0.03  0.03  1.32 -1.62  1.23 -1.51  0.00  0.22

  5.94- MY=NY -1.500 -1.500  17.67 -26.34  0.00  0.00 -0.10 -0.10  6.50 50.88 -0.00 -0.26  0.26 -0.11  0.13  0.44 -0.53  6.50  6.58
  5.98- 5.94-  2.811 -2.811  -8.17  16.35 -2.81 -0.27  0.27 -0.27  6.50 50.08  0.68  0.48  0.48 -3.08 -1.26 -3.38 -1.38  0.00  0.00
  6.07- 5.94- -0.000  0.000   0.00  -0.00  0.00  0.00 -0.00  0.00  6.47 50.97  0.00 -0.00 -0.00  0.00  0.00  0.00  0.00  0.00 -0.00
  6.22- 5.94-  0.000 -0.000   0.61  -1.22 -0.00 -0.00  0.00 -0.00  6.55 46.57 -0.00  0.00  0.00 -0.04 -0.02 -0.04 -0.02  0.00  0.00
  6.41- 5.94- -0.000  0.000  -1.09   2.18  0.00  0.00  0.00 -0.00  6.50 50.52  0.00 -0.00 -0.00  0.34  0.14  0.37  0.15 -0.00 -0.00
  6.43- 5.94-  0.168 -0.168   0.00  -0.00  0.17  0.18  0.18 -0.18  6.50 50.02  0.60 -0.42 -0.42 -0.00 -0.00 -0.00 -0.00 -0.00  0.00
  6.52- 5.94- -0.000  0.000  -1.24   2.48  0.00 -0.00 -0.44 -0.44  6.50 51.04 -0.00  0.09 -0.09  0.53 -0.65  0.50 -0.61 -0.00  0.09
  6.57- 5.94- -0.270  0.270  -0.00   0.00 -0.27  0.02  0.02 -0.02  6.50 71.32  0.09 -0.06 -0.06  0.00  0.00  0.00  0.00  0.00  0.00

  5.98- MY=NY -2.349  3.349  16.57 -32.15 -2.85 -0.26 -0.24  0.29  6.50 49.98  0.71 -0.41 -0.59 -0.27  0.33  0.28 -0.35  6.50  6.55
  6.07- 5.98-  0.000  0.000   0.00   0.00  0.00 -0.00  0.00 -0.00  6.51 50.87 -0.00 -0.00  0.00 -0.00 -0.00 -0.00 -0.00 -0.00  0.00
  6.22- 5.98-  0.000  0.000   0.00  -0.00  0.00 -0.00 -0.00  0.00  6.44 48.92  0.00 -0.00 -0.00 -0.00  0.00  0.00  0.00  0.00 -0.00
  6.41- 5.98-  0.000 -0.000   0.00  -0.00  0.00  0.00 -0.00 -0.00  6.50 51.61  0.00 -0.00 -0.00 -0.00 -0.00 -0.00 -0.00  0.00  0.00
  6.43- 5.98- -0.000  0.000   0.65  -1.29  0.00  0.00  0.00 -0.00  6.45 49.92 -0.00 -0.00 -0.00 -0.34 -0.14 -0.37 -0.15  0.00  0.00
  6.52- 5.98- -0.084  0.084   0.29  -0.59  0.08 -0.19  0.19 -0.19  6.50 52.47 -0.62 -0.44 -0.44  0.05  0.02  0.05  0.02  0.00  0.00
  6.57- 5.98- -0.000  0.000  -1.24   2.48 -0.00 -0.00  0.00  0.00  6.50 50.66 -0.00  0.00  0.00  0.40  0.16  0.43  0.18  0.00 -0.00

  6.07- MY=NY  4.500  4.500  22.65  35.70 -0.00  0.00 -0.29 -0.29  6.50 48.75 -0.00 -1.31  1.31  2.19 -2.68  2.57 -3.15  6.50  6.95
  6.22- 6.07-  0.859 -0.859   0.00   0.00  0.86 -0.14 -0.14  0.14  6.50 48.75  1.54 -1.09 -1.09  0.00  0.00  0.00  0.00  0.00  0.00
  6.41- 6.07-  1.243 -1.243  -0.00   0.00  1.24 -0.14 -0.14  0.14  6.50 48.75 -0.58  0.41  0.41 -0.00 -0.00 -0.00 -0.00 -0.00  0.00
  6.43- 6.07- -0.000  0.000  -2.61   5.22 -0.00  0.00  0.00 -0.00  6.47 48.62  0.00 -0.00 -0.00 -2.63 -1.07 -2.88 -1.18 -0.00 -0.00
  6.52- 6.07- -0.000 -0.000   0.00  -0.00  0.00  0.00 -0.00  0.00  6.52 54.26  0.00 -0.00 -0.00  0.00  0.00  0.00  0.00 -0.00 -0.00
  6.57- 6.07-  0.000  0.000  -0.40   0.81 -0.00  0.00  0.00 -0.00  6.49 52.89 -0.00 -0.00 -0.00  1.11  0.45  1.22  0.50  0.00 -0.00

  6.22- MY=NY -3.500 -3.500  15.98  17.03  0.00  0.00 -0.10 -0.10  6.50 74.11  0.00 -0.92  0.92  1.85 -2.26  2.25 -2.76  6.50  6.90
  6.41- 6.22- -0.000  0.000   1.78  -3.56  0.00 -0.00  0.38  0.38  6.50 54.05  0.00  0.66 -0.66 -0.26  0.32 -0.24  0.30 -0.00 -0.04
  6.43- 6.22- -1.090  1.090  -0.00   0.00  1.09 -0.21  0.21 -0.21  6.50 56.00  0.08  0.06  0.06 -0.00 -0.00 -0.00 -0.00  0.00  0.00
  6.52- 6.22- -0.000 -0.000  -2.79   5.58 -0.00  0.00 -0.00  0.00  6.51 58.32 -0.00  0.00  0.00 -3.01 -1.23 -3.30 -1.35 -0.00 -0.00
  6.57- 6.22- -1.234  1.234  -0.00   0.00  1.23  0.26 -0.26  0.26  6.50 58.48  0.77  0.54  0.54  0.00 -0.00  0.00 -0.00 -0.00  0.00

  6.41- MY=NY -3.500 -3.500  17.33  14.33  0.00 -0.00 -0.14 -0.14  6.50 59.38  0.00  1.17 -1.17  0.43 -0.52  0.93 -1.14  6.50  6.66
  6.43- 6.41- -1.337  1.337  -0.00  -0.00  1.34 -0.06  0.06 -0.06  6.50 29.83  0.84  0.59  0.59 -0.00 -0.00 -0.00 -0.00 -0.00  0.00
  6.52- 6.41-  0.000 -0.000  -2.20   4.40  0.00 -0.00 -0.00  0.00  6.49 48.62  0.00 -0.00 -0.00 -0.58 -0.24 -0.63 -0.26  0.00 -0.00
  6.57- 6.41-  0.453 -0.453   0.00  -0.00 -0.45 -0.30  0.30 -0.30  6.50 54.92  1.08  0.76  0.76 -0.00  0.00 -0.00  0.00 -0.00 -0.00

  6.43- MY=NY  2.500  2.500  13.46  -1.92 -0.00 -0.00 -0.17 -0.17  6.50 52.40 -0.00 -0.83  0.83  1.03 -1.26  1.49 -1.83  6.50  6.76
  6.52- 6.43-  1.747 -1.747  -0.00  -0.00  1.75 -0.20 -0.20  0.20  6.50 49.87  1.39 -0.98 -0.98 -0.00  0.00 -0.00 -0.00  0.00  0.00
  6.57- 6.43-  0.000 -0.000   1.42  -2.84  0.00  0.00  0.09  0.09  6.50 73.35 -0.00  0.87 -0.87 -0.59  0.73 -0.55  0.68 -0.00 -0.10

  6.52- MY=NY -1.500 -1.500  10.25 -11.49 -0.00  0.00 -0.01 -0.01  6.50250.51 -0.00 -0.59  0.59  0.91 -1.11  1.38 -1.69  6.50  6.74
  6.57- 6.52-  0.674 -0.674   0.00  -0.00  0.67 -0.02 -0.02  0.02  6.50 78.26 -0.82  0.58  0.58  0.00  0.00  0.00  0.00  0.00  0.00

  6.57- MY=NY  2.500  2.500  11.35   2.29 -0.00  0.00 -0.13 -0.13  6.50 54.27 -0.00  0.85 -0.85  0.41 -0.51  0.92 -1.13  6.50  6.66

 DECOUP:  0.00 SEC



   #   ENERGY +/-(#)    <Q20>    <Q22>     <R2>     <JZ>      #   ENERGY +/-(#)    <Q20>    <Q22>     <R2>     <JZ>

   1   1.5000  +(# 1)   0.1231  -0.1507   1.5217   0.5000    41   6.0956  +(#21)   3.4125  -4.1795   8.1006  -0.0000
   2   2.2929  -(# 1)   0.6713  -0.8222   2.6182  -0.0000    42   6.1233  +(#22)  -1.3391   1.6400   5.2643  -0.0057
   3   2.4202  -(# 2)   0.2483  -0.3041   2.5437  -0.8061    43   6.2236  -(#21)   2.2549  -2.7616   6.8969   0.0000
   4   2.7869  -(# 3)  -0.3042   0.3726   2.4465   0.3061    44   6.3290  +(#23)   2.2522  -2.7584   7.8964   0.0000
   5   3.1155  +(# 2)   1.2196  -1.4937   3.7146   0.0000    45   6.4091  -(#22)   0.9305  -1.1396   6.6638   0.0001
   6   3.2629  +(# 3)   0.9677  -1.1852   3.6703   1.0260    46   6.4342  -(#23)   1.4901  -1.8250   6.7623  -0.0000
   7   3.2982  +(# 4)   0.4392  -0.5379   3.5773  -0.0000    47   6.5009  +(#24)   1.5611  -1.9120   7.7748  -0.0000
   8   3.5992  +(# 5)  -0.4587   0.5618   3.4193   0.7030    48   6.5158  -(#24)   1.3818  -1.6924   6.7432  -0.0000
   9   3.7180  +(# 6)   0.6014  -0.7365   3.6058  -0.0000    49   6.5507  +(#25)  -2.9295   3.5879   4.9844  -0.1977
  10   3.8876  -(# 4)   1.7678  -2.1651   4.8111  -0.0000    50   6.5653  -(#25)   0.9198  -1.1266   6.6619  -0.0000
  11   4.0061  +(# 7)  -1.0460   1.2811   3.3159  -0.7290    51   6.5750  -(#26)   1.0395  -1.2729   6.6829   2.0501
  12   4.0951  -(# 5)   0.7991  -0.9787   4.6406   0.0000    52   6.6346  +(#26)   0.9803  -1.2007   7.6725  -0.0000
  13   4.1535  -(# 6)   1.0201  -1.2493   4.6795   0.0000    53   6.6657  -(#27)   0.7260  -0.8892   6.6278  -0.0000
  14   4.2142  -(# 7)   0.6493  -0.7952   4.6143  -1.7191    54   6.7222  -(#28)   0.7173  -0.8784   6.6262  -1.2222
  15   4.4963  -(# 8)   0.4812  -0.5893   4.5847   0.0000    55   6.7314  +(#27)   0.5848  -0.7163   7.6029   0.0000
  16   4.5694  -(# 9)   1.3379  -1.6386   4.7355   0.0000    56   6.7321  -(#29)   3.9608  -4.8509   9.1971   0.0000
  17   4.6182  -(#10)   0.8438  -1.0334   4.6485   0.0792    57   6.7951  +(#28)   0.3182  -0.3894   7.5560  -0.0001
  18   4.6692  +(# 8)   2.3161  -2.8366   5.9076   0.0000    58   6.8230  +(#29)   3.1743  -3.8877   8.0587  -0.0000
  19   4.8549  -(#11)  -0.7260   0.8890   4.3722   0.0713    59   6.8265  +(#30)   0.1897  -0.2326   7.5334   3.3876
  20   4.8770  -(#12)  -0.3935   0.4821   4.4307  -0.0000    60   6.9187  -(#30)  -0.0553   0.0677   6.4903  -0.0000
  21   4.8864  +(# 9)   1.2970  -1.5885   5.7283  -0.0000    61   6.9710  -(#31)   2.7486  -3.3663   8.9838  -0.0000
  22   5.0071  +(#10)   1.0291  -1.2604   5.6811  -0.0000    62   7.0099  -(#32)  -0.2658   0.3254   6.4532  -0.0000
  23   5.0964  +(#11)   0.6034  -0.7390   5.6062   0.0000    63   7.0215  +(#31)   2.7492  -3.3671   7.9839  -0.0000
  24   5.1357  +(#12)   0.4931  -0.6040   5.5868   2.3159    64   7.0746  -(#33)  -0.1107   0.1357   6.4805   0.4165
  25   5.2338  -(#13)  -2.0874   2.5566   4.1326   0.5686    65   7.1580  -(#34)   1.9282  -2.3616   8.8394   0.0000
  26   5.2968  +(#13)   1.9365  -2.3717   5.8408  -0.0000    66   7.1741  +(#32)   1.7316  -2.1207   7.8048   0.0000
  27   5.3751  -(#14)   2.8643  -3.5080   7.0041   0.0000    67   7.2371  +(#33)   1.5928  -1.9508   7.7803   0.0001
  28   5.3872  +(#14)   1.5540  -1.9033   5.7735   0.0000    68   7.3084  -(#35)   1.2616  -1.5451   8.7220  -0.0000
  29   5.5622  +(#15)   1.5397  -1.8859   5.7710  -0.0000    69   7.3316  +(#34)   4.5090  -5.5224  10.2936   0.0000
  30   5.5923  +(#16)   1.4604  -1.7885   5.7570  -0.4905    70   7.3557  +(#35)   1.2729  -1.5591   7.7240  -0.0001
  31   5.6023  -(#15)   1.7556  -2.1502   6.8090   0.0000    71   7.3898  +(#36)   1.6177  -1.9813   7.7847   0.0000
  32   5.6300  +(#17)   0.1693  -0.2074   5.5298  -0.0000    72   7.4075  -(#36)  -1.9417   2.3781   6.1583   0.0000
  33   5.7117  +(#18)  -0.0741   0.0907   5.4870  -0.0000    73   7.4253  -(#37)   0.7589  -0.9294   8.6336   0.0000
  34   5.7556  -(#16)   1.2118  -1.4842   6.7133  -0.0000    74   7.4426  +(#37)   0.8107  -0.9928   7.6427   0.0001
  35   5.7690  +(#19)  -0.0904   0.1108   5.4841  -0.1220    75   7.4545  -(#38)  -2.0261   2.4814   6.1434  -0.0142
  36   5.8700  -(#17)   0.7111  -0.8709   6.6251  -0.0000    76   7.4812  +(#38)   0.6891  -0.8439   7.6213  -2.7143
  37   5.9426  -(#18)   0.4352  -0.5331   6.5766   0.0000    77   7.5114  -(#39)   0.3890  -0.4763   8.5684  -0.0000
  38   5.9790  -(#19)   0.2830  -0.3466   6.5498  -2.8703    78   7.5260  +(#39)   1.3642  -1.6707   7.7401   0.0000
  39   6.0670  -(#20)   2.5744  -3.1530   6.9531  -0.0000    79   7.5612  -(#40)   3.7744  -4.6227   9.1643   0.0000
  40   6.0818  +(#20)  -1.1964   1.4653   5.2894  -0.0000    80   7.5681  -(#41)   0.1482  -0.1812   8.5260   0.0003



     PARITY: +     DIMENSION:  95     MATRIX:   0.0 SEC     DIAGONALISATION:   0.0 SEC
     PARITY: -     DIMENSION:  70     MATRIX:   0.0 SEC     DIAGONALISATION:   0.0 SEC
      TOTAL TIME:   0.0 SEC
