


         KAPPAP      MYP     KAPPAN      MYN
    0    0.1200    0.0000    0.1200    0.0000
    1    0.1200    0.0000    0.1200    0.0000
    2    0.1050    0.0000    0.1050    0.0000
    3    0.0900    0.3000    0.0900    0.2500
    4    0.0650    0.5700    0.0700    0.3900
    5    0.0600    0.6500    0.0620    0.4300
    6    0.0540    0.6900    0.0620    0.3400
    7    0.0540    0.6900    0.0620    0.2600
    8    0.0540    0.6900    0.0620    0.2600


     KAPPA    MY     EPS   GAMMA    EPS4     EPS6     W0/W00   NMAX  COUPL     OMROT      EFAC      QFAC
      SEE TABLE     0.362   22.9   0.000    0.000    1.01545     8     0     0.00000   6.55074   6.33516


                     **** PROTONS ****                     **** STRETCHED COORDINATES ****
    SYMMETRY R1= 1


   BASIS FUNCTIONS /N,L,J,OMEGA>,   PARITY +


   1 / 8 8 17/2 17/2>    20 / 8 6 11/2  1/2>    39 / 8 4  7/2 -7/2>    58 / 6 4  7/2  1/2>    77 / 4 2  5/2  5/2>
   2 / 8 8 17/2 13/2>    21 / 8 4  9/2  1/2>    40 / 8 8 17/2-11/2>    59 / 6 2  5/2  1/2>    78 / 4 4  9/2  1/2>
   3 / 8 8 15/2 13/2>    22 / 8 4  7/2  1/2>    41 / 8 8 15/2-11/2>    60 / 6 2  3/2  1/2>    79 / 4 4  7/2  1/2>
   4 / 8 6 13/2 13/2>    23 / 8 2  5/2  1/2>    42 / 8 6 13/2-11/2>    61 / 6 0  1/2  1/2>    80 / 4 2  5/2  1/2>
   5 / 8 8 17/2  9/2>    24 / 8 2  3/2  1/2>    43 / 8 6 11/2-11/2>    62 / 6 6 13/2 -3/2>    81 / 4 2  3/2  1/2>
   6 / 8 8 15/2  9/2>    25 / 8 0  1/2  1/2>    44 / 8 8 17/2-15/2>    63 / 6 6 11/2 -3/2>    82 / 4 0  1/2  1/2>
   7 / 8 6 13/2  9/2>    26 / 8 8 17/2 -3/2>    45 / 8 8 15/2-15/2>    64 / 6 4  9/2 -3/2>    83 / 4 4  9/2 -3/2>
   8 / 8 6 11/2  9/2>    27 / 8 8 15/2 -3/2>    46 / 6 6 13/2 13/2>    65 / 6 4  7/2 -3/2>    84 / 4 4  7/2 -3/2>
   9 / 8 4  9/2  9/2>    28 / 8 6 13/2 -3/2>    47 / 6 6 13/2  9/2>    66 / 6 2  5/2 -3/2>    85 / 4 2  5/2 -3/2>
  10 / 8 8 17/2  5/2>    29 / 8 6 11/2 -3/2>    48 / 6 6 11/2  9/2>    67 / 6 2  3/2 -3/2>    86 / 4 2  3/2 -3/2>
  11 / 8 8 15/2  5/2>    30 / 8 4  9/2 -3/2>    49 / 6 4  9/2  9/2>    68 / 6 6 13/2 -7/2>    87 / 4 4  9/2 -7/2>
  12 / 8 6 13/2  5/2>    31 / 8 4  7/2 -3/2>    50 / 6 6 13/2  5/2>    69 / 6 6 11/2 -7/2>    88 / 4 4  7/2 -7/2>
  13 / 8 6 11/2  5/2>    32 / 8 2  5/2 -3/2>    51 / 6 6 11/2  5/2>    70 / 6 4  9/2 -7/2>    89 / 2 2  5/2  5/2>
  14 / 8 4  9/2  5/2>    33 / 8 2  3/2 -3/2>    52 / 6 4  9/2  5/2>    71 / 6 4  7/2 -7/2>    90 / 2 2  5/2  1/2>
  15 / 8 4  7/2  5/2>    34 / 8 8 17/2 -7/2>    53 / 6 4  7/2  5/2>    72 / 6 6 13/2-11/2>    91 / 2 2  3/2  1/2>
  16 / 8 2  5/2  5/2>    35 / 8 8 15/2 -7/2>    54 / 6 2  5/2  5/2>    73 / 6 6 11/2-11/2>    92 / 2 0  1/2  1/2>
  17 / 8 8 17/2  1/2>    36 / 8 6 13/2 -7/2>    55 / 6 6 13/2  1/2>    74 / 4 4  9/2  9/2>    93 / 2 2  5/2 -3/2>
  18 / 8 8 15/2  1/2>    37 / 8 6 11/2 -7/2>    56 / 6 6 11/2  1/2>    75 / 4 4  9/2  5/2>    94 / 2 2  3/2 -3/2>
  19 / 8 6 13/2  1/2>    38 / 8 4  9/2 -7/2>    57 / 6 4  9/2  1/2>    76 / 4 4  7/2  5/2>    95 / 0 0  1/2  1/2>


    SINGLE PARTICLE (PARITY+) WAVE FUNCTIONS IN THE ENERGY INTERVAL 6.0<E<8.0

 E=6.0175   0.203889/ 74>-0.136586/ 75> 0.052691/ 76> 0.683560/ 77> 0.029194/ 78> 0.156897/ 79>-0.015765/ 80>
           -0.351559/ 81>-0.244389/ 82>-0.037636/ 83>-0.034847/ 84> 0.096151/ 85> 0.035792/ 86> 0.078829/ 87>
           -0.491258/ 88>

 E=6.1327   0.001566/ 46> 0.050013/ 47>-0.004704/ 48> 0.005506/ 49> 0.356696/ 50>-0.045738/ 51> 0.103786/ 52>
           -0.015715/ 53> 0.014053/ 54> 0.366532/ 55>-0.090551/ 56> 0.185907/ 57>-0.048268/ 58> 0.072150/ 59>
           -0.023964/ 60> 0.022344/ 61>-0.725305/ 62>-0.102724/ 63>-0.277080/ 64>-0.050873/ 65>-0.069691/ 66>
           -0.015200/ 67>-0.217827/ 68>-0.023884/ 69>-0.042927/ 70>-0.004592/ 71>-0.015351/ 72>-0.001028/ 73>


 E=6.2706   0.005397/ 46> 0.152724/ 47>-0.015058/ 48> 0.017061/ 49> 0.819105/ 50>-0.110837/ 51> 0.236784/ 52>
           -0.038887/ 53> 0.032580/ 54>-0.314895/ 55>-0.024973/ 56>-0.276287/ 57> 0.010751/ 58>-0.134528/ 59>
            0.024358/ 60>-0.042781/ 61> 0.160529/ 62> 0.019912/ 63> 0.049237/ 64> 0.011825/ 65> 0.012043/ 66>
            0.003626/ 67> 0.090324/ 68> 0.009756/ 69> 0.017671/ 70> 0.001955/ 71> 0.007620/ 72> 0.000514/ 73>


 E=6.2990   0.091040/ 74>-0.079536/ 75> 0.100054/ 76> 0.454303/ 77> 0.035619/ 78>-0.064970/ 79>-0.163612/ 80>
            0.205249/ 81> 0.387203/ 82> 0.035357/ 83>-0.161604/ 84>-0.151557/ 85> 0.599038/ 86>-0.046885/ 87>
            0.365091/ 88>

 E=6.4481   0.006963/ 47>-0.000955/ 48> 0.000861/ 49> 0.023430/ 50>-0.005576/ 51> 0.008598/ 52>-0.001350/ 53>
            0.001174/ 54>-0.049677/ 55> 0.009894/ 56>-0.019856/ 57> 0.021507/ 58>-0.019752/ 59> 0.016516/ 60>
           -0.012000/ 61> 0.172703/ 62>-0.022586/ 63> 0.234612/ 64> 0.027853/ 65> 0.093026/ 66> 0.018601/ 67>
           -0.916307/ 68>-0.121148/ 69>-0.185828/ 70>-0.023274/ 71>-0.102354/ 72>-0.007889/ 73>

 E=6.6087  -0.000841/ 46>-0.018451/ 47>-0.009080/ 48>-0.001185/ 49>-0.065932/ 50>-0.172965/ 51> 0.006260/ 52>
           -0.045798/ 53> 0.005675/ 54>-0.105560/ 55>-0.766439/ 56> 0.039839/ 57>-0.391053/ 58> 0.072589/ 59>
           -0.155255/ 60> 0.057013/ 61> 0.121157/ 62>-0.374362/ 63> 0.025807/ 64>-0.137478/ 65>-0.006803/ 66>
           -0.025579/ 67> 0.020638/ 68>-0.043343/ 69> 0.000451/ 70>-0.006052/ 71> 0.000977/ 72>-0.001188/ 73>


 E=6.6146   0.037259/ 74>-0.046135/ 75> 0.060752/ 76> 0.255454/ 77> 0.053433/ 78>-0.119900/ 79>-0.238208/ 80>
            0.331051/ 81> 0.565052/ 82>-0.044502/ 83> 0.157131/ 84> 0.171701/ 85>-0.582875/ 86> 0.024470/ 87>
           -0.167898/ 88>

 E=6.6791  -0.055584/ 46>-0.951257/ 47> 0.112994/ 48>-0.109382/ 49> 0.103513/ 50> 0.022428/ 51> 0.225008/ 52>
           -0.031850/ 53> 0.052794/ 54>-0.016921/ 55> 0.008944/ 56>-0.002085/ 57>-0.008075/ 58>-0.028311/ 59>
            0.004512/ 60>-0.016394/ 61> 0.009139/ 63> 0.005010/ 64> 0.000492/ 65> 0.001962/ 69> 0.000560/ 70>


 E=6.7729  -0.001003/ 46>-0.021421/ 47> 0.010944/ 48>-0.004813/ 49>-0.041274/ 50> 0.115386/ 51>-0.086063/ 52>
            0.043462/ 53>-0.021313/ 54> 0.215632/ 55> 0.141497/ 56>-0.372806/ 57> 0.188561/ 58>-0.312177/ 59>
            0.152840/ 60>-0.142228/ 61> 0.121897/ 62>-0.633927/ 63>-0.230029/ 64>-0.293985/ 65>-0.134277/ 66>
           -0.075315/ 67>-0.013189/ 68>-0.107301/ 69>-0.027285/ 70>-0.017818/ 71>-0.001329/ 72>-0.003420/ 73>


 E=6.9497   0.001200/ 46> 0.027503/ 47>-0.008797/ 48> 0.006888/ 49> 0.069193/ 50>-0.040957/ 51> 0.133677/ 52>
           -0.027771/ 53> 0.031022/ 54>-0.300211/ 55> 0.327110/ 56> 0.496858/ 57> 0.149410/ 58> 0.374405/ 59>
           -0.004984/ 60> 0.127462/ 61> 0.029280/ 62>-0.478843/ 63> 0.149630/ 64>-0.191662/ 65> 0.048623/ 66>
           -0.032515/ 67> 0.052150/ 68>-0.073550/ 69>-0.030749/ 70>-0.016453/ 71> 0.218996/ 72> 0.016790/ 73>


 E=6.9506  -0.006457/ 47> 0.002184/ 48>-0.001643/ 49>-0.015282/ 50> 0.008647/ 51>-0.030471/ 52> 0.005274/ 53>
           -0.006755/ 54> 0.066770/ 55>-0.073420/ 56>-0.112954/ 57>-0.035102/ 58>-0.080532/ 59> 0.004675/ 60>
           -0.029777/ 61> 0.109460/ 63>-0.033159/ 64> 0.035416/ 65> 0.025687/ 66> 0.014985/ 67>-0.073518/ 68>
            0.033036/ 69>-0.221036/ 70>-0.024770/ 71> 0.942840/ 72> 0.085278/ 73>

 E=6.9999   0.007900/ 47> 0.083439/ 48>-0.008173/ 49> 0.169038/ 50> 0.838185/ 51>-0.111042/ 52> 0.241004/ 53>
           -0.044386/ 54>-0.068574/ 55> 0.014468/ 56>-0.004367/ 57>-0.274026/ 58> 0.138037/ 59>-0.235501/ 60>
            0.132408/ 61> 0.064063/ 62> 0.002329/ 63>-0.085110/ 64>-0.047516/ 65>-0.048385/ 66>-0.020424/ 67>
           -0.026029/ 68>-0.004324/ 69>-0.015678/ 70>-0.002651/ 71>-0.003400/ 72>

 E=7.1395  -0.002739/ 47>-0.026773/ 48> 0.002775/ 49>-0.027076/ 50>-0.256907/ 51> 0.053360/ 52>-0.095695/ 53>
            0.023286/ 54>-0.066080/ 55> 0.188029/ 56> 0.004924/ 57>-0.149717/ 58> 0.195207/ 59>-0.206168/ 60>
            0.161242/ 61> 0.316379/ 62> 0.187342/ 63>-0.658149/ 64>-0.121221/ 65>-0.359347/ 66>-0.091687/ 67>
           -0.133125/ 68>-0.039219/ 69>-0.103078/ 70>-0.017200/ 71>-0.020956/ 72>-0.003171/ 73>

 E=7.1496  -0.004839/  2>-0.000340/  4>-0.062054/  5> 0.003040/  6>-0.010746/  7> 0.000633/  8>-0.000768/  9>
           -0.326774/ 10> 0.012195/ 11>-0.086662/ 12> 0.004771/ 13>-0.015089/ 14> 0.001225/ 15>-0.001441/ 16>
           -0.696614/ 17> 0.006367/ 18>-0.223444/ 19> 0.003394/ 20>-0.054227/ 21> 0.001659/ 22>-0.011471/ 23>
            0.001023/ 24>-0.002006/ 25>-0.537292/ 26>-0.013526/ 27>-0.161262/ 28>-0.006413/ 29>-0.034879/ 30>
           -0.002415/ 31>-0.005698/ 32>-0.000680/ 33>-0.158470/ 34>-0.007162/ 35>-0.035110/ 36>-0.002152/ 37>

-0.004369/ 38>-0.019483/ 40>-0.000950/ 41>-0.002385/ 42>-0.000903/ 44>

 E=7.2560   0.973788/ 46>-0.030549/ 47>-0.011001/ 48>-0.221730/ 49> 0.002255/ 50>-0.000572/ 51> 0.004635/ 53>
            0.038138/ 54>-0.000564/ 57> 0.000615/ 58> 0.002019/ 59>-0.002025/ 60>-0.005207/ 61> 0.000426/ 66>
           -0.000818/ 67>

 E=7.2631  -0.001763/ 46>-0.021813/ 47> 0.003785/ 48>-0.006493/ 49> 0.026650/ 50>-0.006309/ 51>-0.077286/ 52>
            0.019190/ 53>-0.020065/ 54> 0.008163/ 55>-0.037441/ 56>-0.038037/ 57> 0.058657/ 58> 0.066740/ 59>
           -0.002580/ 60> 0.048013/ 61>-0.009503/ 62> 0.013280/ 63>-0.067409/ 64> 0.298534/ 65> 0.074778/ 66>
            0.117446/ 67> 0.146313/ 68>-0.898257/ 69>-0.119769/ 70>-0.143510/ 71>-0.004728/ 72>-0.047904/ 73>


 E=7.3786   0.000379/  1> 0.014612/  2>-0.000845/  3> 0.001087/  4> 0.153400/  5>-0.011316/  6> 0.028678/  7>
           -0.002321/  8> 0.002210/  9> 0.541549/ 10>-0.044302/ 11> 0.159915/ 12>-0.016187/ 13> 0.031147/ 14>
           -0.003887/ 15> 0.003332/ 16> 0.282923/ 17>-0.052913/ 18> 0.106842/ 19>-0.020585/ 20> 0.031028/ 21>
           -0.006500/ 22> 0.008062/ 23>-0.002166/ 24> 0.001864/ 25>-0.612486/ 26>-0.057199/ 27>-0.209288/ 28>
           -0.023415/ 29>-0.052174/ 30>-0.007546/ 31>-0.009947/ 32>-0.001806/ 33>-0.347249/ 34>-0.027011/ 35>

-0.084164/ 36>-0.007860/ 37>-0.011471/ 38>-0.001073/ 39>-0.056130/ 40>-0.003788/ 41>-0.007341/ 42>
           -0.000441/ 43>-0.003031/ 44>

 E=7.4053  -0.012209/ 46>-0.175738/ 47> 0.020128/ 48>-0.060544/ 49> 0.242563/ 50>-0.229465/ 51>-0.751769/ 52>
            0.106028/ 53>-0.202304/ 54> 0.017769/ 55> 0.006380/ 56>-0.170198/ 57> 0.149683/ 58> 0.288931/ 59>
           -0.068709/ 60> 0.221535/ 61>-0.012031/ 62>-0.084471/ 63> 0.022194/ 64> 0.073607/ 65> 0.073447/ 66>
            0.042223/ 67>-0.015018/ 68> 0.158346/ 69> 0.020523/ 70> 0.030141/ 71>-0.001951/ 72> 0.008427/ 73>


 E=7.4830   0.001284/ 46> 0.012087/ 47>-0.030979/ 48> 0.008613/ 49>-0.073372/ 50>-0.183555/ 51> 0.085862/ 52>
           -0.126201/ 53> 0.040154/ 54> 0.155242/ 55> 0.414150/ 56>-0.336061/ 57>-0.465364/ 58>-0.042038/ 59>
           -0.470030/ 60> 0.168769/ 61>-0.143053/ 62>-0.108162/ 63> 0.295293/ 64>-0.066597/ 65> 0.162818/ 66>
            0.006241/ 67> 0.048282/ 68>-0.063460/ 69> 0.041123/ 70>-0.007491/ 71> 0.008763/ 72>-0.002553/ 73>


 E=7.5441   0.000940/  1> 0.032701/  2>-0.002100/  3> 0.002498/  4> 0.284823/  5>-0.024235/  6> 0.054687/  7>
           -0.005045/  8> 0.004356/  9> 0.626089/ 10>-0.066229/ 11> 0.182585/ 12>-0.024394/ 13> 0.036267/ 14>
           -0.005809/ 15> 0.004081/ 16>-0.481522/ 17>-0.009204/ 18>-0.269526/ 19> 0.001114/ 20>-0.100516/ 21>
            0.003693/ 22>-0.030465/ 23> 0.003840/ 24>-0.007120/ 25> 0.175635/ 26> 0.033281/ 27> 0.039958/ 28>
            0.013227/ 29> 0.007389/ 30> 0.003801/ 31> 0.001451/ 32> 0.000709/ 33> 0.344849/ 34> 0.032005/ 35>

 0.085214/ 36> 0.009478/ 37> 0.012012/ 38> 0.001302/ 39> 0.073521/ 40> 0.005590/ 41> 0.009878/ 42>
            0.000660/ 43> 0.004550/ 44>

 E=7.5718   0.007161/ 46>-0.121342/ 47>-0.935986/ 48> 0.091151/ 49> 0.004178/ 50> 0.010031/ 51> 0.054722/ 52>
            0.293734/ 53>-0.053812/ 54>-0.002436/ 55>-0.011492/ 56> 0.009613/ 57> 0.033084/ 58>-0.033540/ 59>
           -0.060983/ 60> 0.024699/ 61>-0.004991/ 63> 0.007167/ 64> 0.017117/ 65>-0.026836/ 66>-0.004313/ 67>
           -0.005997/ 68> 0.023754/ 70> 0.004268/ 71> 0.007225/ 72> 0.000868/ 73>

 E=7.6737   0.000377/  1> 0.011941/  2>-0.000825/  3> 0.000929/  4> 0.086908/  5>-0.008172/  6> 0.016921/  7>
           -0.001691/  8> 0.001369/  9> 0.098051/ 10>-0.013600/ 11> 0.024888/ 12>-0.004218/ 13> 0.004194/ 14>
           -0.000850/ 15> 0.000419/ 16>-0.197810/ 17> 0.011136/ 18>-0.106513/ 19> 0.011717/ 20>-0.045134/ 21>
            0.007106/ 22>-0.016361/ 23> 0.004129/ 24>-0.004709/ 25> 0.400089/ 26>-0.005190/ 27> 0.251830/ 28>
            0.013179/ 29> 0.091668/ 30> 0.010332/ 31> 0.022468/ 32> 0.003894/ 33>-0.774996/ 34>-0.081747/ 35>

-0.190407/ 36>-0.023659/ 37>-0.026885/ 38>-0.003184/ 39>-0.222014/ 40>-0.018307/ 41>-0.030334/ 42>
           -0.002170/ 43>-0.015563/ 44>-0.000774/ 45>

 E=7.7106  -0.003679/ 46>-0.051339/ 47> 0.012452/ 48>-0.024489/ 49> 0.107570/ 50>-0.086932/ 51>-0.318576/ 52>
            0.056020/ 53>-0.108138/ 54>-0.072727/ 55> 0.062084/ 56> 0.259046/ 57>-0.188166/ 58>-0.266241/ 59>
            0.035528/ 60>-0.217035/ 61>-0.051425/ 62> 0.259899/ 63> 0.224402/ 64>-0.484065/ 65>-0.268821/ 66>
           -0.266503/ 67>-0.016618/ 68>-0.279437/ 69> 0.220930/ 70>-0.030739/ 71> 0.062576/ 72>-0.007191/ 73>


 E=7.7434   0.001753/ 46> 0.022541/ 47> 0.063965/ 48> 0.002744/ 49>-0.033408/ 50> 0.008411/ 51> 0.100948/ 52>
            0.026401/ 53> 0.018723/ 54> 0.017168/ 55>-0.036794/ 56>-0.055348/ 57> 0.132318/ 58> 0.014996/ 59>
           -0.118145/ 60> 0.121225/ 61> 0.018253/ 62>-0.108427/ 63> 0.023688/ 64> 0.308642/ 65>-0.306386/ 66>
            0.008864/ 67>-0.186929/ 68>-0.074008/ 69> 0.798417/ 70> 0.125771/ 71> 0.188729/ 72> 0.026023/ 73>


 E=7.8420  -0.006012/  1>-0.165875/  2> 0.012293/  3>-0.013102/  4>-0.889575/  5> 0.092336/  6>-0.171858/  7>
            0.018873/  8>-0.013930/  9> 0.277164/ 10> 0.009408/ 11> 0.220853/ 12>-0.016727/ 13> 0.070741/ 14>
           -0.009006/ 15> 0.010309/ 16>-0.078821/ 17>-0.007065/ 18>-0.047831/ 19>-0.008104/ 20>-0.030618/ 21>
           -0.002095/ 22>-0.014295/ 23> 0.001368/ 24>-0.004302/ 25> 0.027206/ 26> 0.001832/ 27> 0.014593/ 28>
            0.001028/ 29> 0.004594/ 30> 0.000712/ 31> 0.001131/ 32>-0.013638/ 34>-0.001707/ 35>-0.002892/ 36>

-0.000483/ 37>-0.000379/ 38>-0.007271/ 40>-0.000645/ 41>-0.000999/ 42>-0.000620/ 44>

 E=7.9148  -0.002004/ 46> 0.000956/ 47> 0.000492/ 48>-0.006307/ 49>-0.000839/ 51>-0.000915/ 52> 0.003469/ 53>
            0.007619/ 54>-0.000741/ 56>-0.001068/ 57> 0.004662/ 58> 0.005143/ 59>-0.010958/ 60>-0.015060/ 61>
            0.000587/ 62>-0.003359/ 63>-0.002594/ 64> 0.014543/ 65> 0.015812/ 66>-0.069032/ 67>-0.002315/ 68>
            0.005803/ 69>-0.034189/ 70> 0.287182/ 71> 0.085532/ 72>-0.950392/ 73>

  Q20Q22:  0.00 SEC    QTME:  0.00 SEC



    SYMMETRY R1= 1


   BASIS FUNCTIONS /N,L,J,OMEGA>,   PARITY -


   1 / 7 7 15/2 13/2>    15 / 7 5 11/2  1/2>    29 / 7 7 13/2 -7/2>    43 / 5 5 11/2  1/2>    57 / 5 5 11/2-11/2>
   2 / 7 7 13/2 13/2>    16 / 7 5  9/2  1/2>    30 / 7 5 11/2 -7/2>    44 / 5 5  9/2  1/2>    58 / 3 3  7/2  5/2>
   3 / 7 7 15/2  9/2>    17 / 7 3  7/2  1/2>    31 / 7 5  9/2 -7/2>    45 / 5 3  7/2  1/2>    59 / 3 3  5/2  5/2>
   4 / 7 7 13/2  9/2>    18 / 7 3  5/2  1/2>    32 / 7 3  7/2 -7/2>    46 / 5 3  5/2  1/2>    60 / 3 3  7/2  1/2>
   5 / 7 5 11/2  9/2>    19 / 7 1  3/2  1/2>    33 / 7 7 15/2-11/2>    47 / 5 1  3/2  1/2>    61 / 3 3  5/2  1/2>
   6 / 7 5  9/2  9/2>    20 / 7 1  1/2  1/2>    34 / 7 7 13/2-11/2>    48 / 5 1  1/2  1/2>    62 / 3 1  3/2  1/2>
   7 / 7 7 15/2  5/2>    21 / 7 7 15/2 -3/2>    35 / 7 5 11/2-11/2>    49 / 5 5 11/2 -3/2>    63 / 3 1  1/2  1/2>
   8 / 7 7 13/2  5/2>    22 / 7 7 13/2 -3/2>    36 / 7 7 15/2-15/2>    50 / 5 5  9/2 -3/2>    64 / 3 3  7/2 -3/2>
   9 / 7 5 11/2  5/2>    23 / 7 5 11/2 -3/2>    37 / 5 5 11/2  9/2>    51 / 5 3  7/2 -3/2>    65 / 3 3  5/2 -3/2>
  10 / 7 5  9/2  5/2>    24 / 7 5  9/2 -3/2>    38 / 5 5  9/2  9/2>    52 / 5 3  5/2 -3/2>    66 / 3 1  3/2 -3/2>
  11 / 7 3  7/2  5/2>    25 / 7 3  7/2 -3/2>    39 / 5 5 11/2  5/2>    53 / 5 1  3/2 -3/2>    67 / 3 3  7/2 -7/2>
  12 / 7 3  5/2  5/2>    26 / 7 3  5/2 -3/2>    40 / 5 5  9/2  5/2>    54 / 5 5 11/2 -7/2>    68 / 1 1  3/2  1/2>
  13 / 7 7 15/2  1/2>    27 / 7 1  3/2 -3/2>    41 / 5 3  7/2  5/2>    55 / 5 5  9/2 -7/2>    69 / 1 1  1/2  1/2>
  14 / 7 7 13/2  1/2>    28 / 7 7 15/2 -7/2>    42 / 5 3  5/2  5/2>    56 / 5 3  7/2 -7/2>    70 / 1 1  3/2 -3/2>


    SINGLE PARTICLE (PARITY-) WAVE FUNCTIONS IN THE ENERGY INTERVAL 6.0<E<8.0

 E=6.0033  -0.008490/ 37> 0.001800/ 38>-0.106152/ 39> 0.040271/ 40>-0.072769/ 41> 0.016602/ 42> 0.235477/ 43>
           -0.057684/ 44>-0.405397/ 45> 0.137229/ 46>-0.330446/ 47> 0.153254/ 48> 0.135427/ 49>-0.667764/ 50>
           -0.218685/ 51>-0.279331/ 52>-0.102244/ 53>-0.036806/ 54>-0.068000/ 55>-0.017068/ 56>-0.002271/ 57>


 E=6.0343   0.964971/ 37>-0.097968/ 38>-0.045900/ 39>-0.015842/ 40>-0.231528/ 41> 0.036775/ 42> 0.005762/ 43>
           -0.003660/ 44>-0.006175/ 45> 0.008845/ 46> 0.038232/ 47>-0.014378/ 48> 0.000481/ 49> 0.004020/ 50>
           -0.003708/ 51> 0.006949/ 52> 0.001753/ 53>-0.001533/ 54>-0.001299/ 55>-0.000687/ 56>

 E=6.1996  -0.020885/ 37> 0.003243/ 38>-0.103855/ 39> 0.022970/ 40>-0.092075/ 41> 0.015252/ 42> 0.299874/ 43>
           -0.373563/ 44>-0.498496/ 45>-0.107801/ 46>-0.359975/ 47> 0.073179/ 48>-0.097800/ 49> 0.543273/ 50>
           -0.043212/ 51> 0.209125/ 52> 0.018692/ 53>-0.042209/ 54> 0.050391/ 55>-0.003220/ 56>-0.002595/ 57>


 E=6.2770  -0.021558/ 37> 0.041205/ 38> 0.164780/ 39> 0.789169/ 40>-0.137490/ 41> 0.164271/ 42>-0.017339/ 43>
            0.117892/ 44>-0.110572/ 45>-0.319450/ 46> 0.146744/ 47>-0.239497/ 48> 0.112677/ 49> 0.050877/ 50>
           -0.243371/ 51>-0.070911/ 52>-0.093172/ 53>-0.075688/ 54>-0.011461/ 55>-0.023135/ 56>-0.004815/ 57>


 E=6.3368  -0.000507/ 37> 0.000392/ 38>-0.000572/ 40>-0.001024/ 41>-0.001325/ 42>-0.001938/ 45>-0.001275/ 46>
            0.004477/ 47> 0.005529/ 48> 0.002669/ 49> 0.001337/ 50>-0.005689/ 51>-0.005496/ 52> 0.041337/ 53>
           -0.022295/ 54> 0.009181/ 55>-0.230714/ 56> 0.971777/ 57>

 E=6.4029  -0.001459/ 37>-0.021958/ 38>-0.069036/ 39>-0.435955/ 40> 0.067902/ 41>-0.101164/ 42>-0.017454/ 43>
            0.164994/ 44>-0.048130/ 45>-0.141619/ 46> 0.144067/ 47>-0.155295/ 48> 0.272978/ 49> 0.229282/ 50>
           -0.673879/ 51>-0.126794/ 52>-0.258223/ 53>-0.164121/ 54>-0.025299/ 55>-0.058222/ 56>-0.012444/ 57>


 E=6.5550   0.002222/  1> 0.043150/  3>-0.002474/  4> 0.006306/  5>-0.000371/  6> 0.293468/  7>-0.014235/  8>
            0.077799/  9>-0.005639/ 10> 0.012279/ 11>-0.001159/ 12> 0.719567/ 13>-0.009625/ 14> 0.248689/ 15>
           -0.006130/ 16> 0.065496/ 17>-0.003867/ 18> 0.014806/ 19>-0.002866/ 20> 0.524805/ 21> 0.018004/ 22>
            0.164810/ 23> 0.009441/ 24> 0.036205/ 25> 0.003725/ 26> 0.004923/ 27> 0.126559/ 28> 0.007069/ 29>
            0.026246/ 30> 0.001911/ 31> 0.002363/ 32> 0.011311/ 33> 0.000597/ 34> 0.000943/ 35>

 E=6.5932  -0.044455/ 37> 0.004772/ 38> 0.037680/ 39>-0.028494/ 40>-0.142493/ 41> 0.025633/ 42> 0.009981/ 43>
           -0.033636/ 44>-0.061892/ 45> 0.094856/ 46> 0.132371/ 47>-0.036499/ 48> 0.005010/ 49>-0.041652/ 50>
           -0.091711/ 51> 0.340940/ 52> 0.091728/ 53> 0.133524/ 54>-0.880888/ 55>-0.113707/ 56>-0.018646/ 57>


 E=6.7042  -0.190941/ 37> 0.016564/ 38> 0.170770/ 39>-0.262173/ 40>-0.727152/ 41> 0.094324/ 42> 0.057918/ 43>
            0.058330/ 44>-0.248972/ 45> 0.072652/ 46> 0.342599/ 47>-0.190690/ 48>-0.038539/ 49>-0.100351/ 50>
            0.092610/ 51> 0.078757/ 52> 0.081914/ 53>-0.017558/ 54> 0.255546/ 55> 0.036118/ 56> 0.001675/ 57>


 E=6.7385  -0.052812/ 37> 0.020452/ 38> 0.112543/ 39> 0.187513/ 40>-0.243777/ 41> 0.111217/ 42>-0.145252/ 43>
           -0.395250/ 44> 0.331101/ 45> 0.541121/ 46> 0.015196/ 47> 0.353962/ 48> 0.136902/ 49> 0.129270/ 50>
           -0.328605/ 51> 0.020813/ 52>-0.118171/ 53>-0.066359/ 54> 0.096926/ 55>-0.015518/ 56>-0.004211/ 57>


 E=6.7765  -0.006104/  1> 0.000323/  2>-0.099803/  3> 0.008446/  4>-0.015780/  5> 0.001237/  6>-0.478323/  7>
            0.048279/  8>-0.142544/  9> 0.017812/ 10>-0.025346/ 11> 0.003407/ 12>-0.327942/ 13> 0.068083/ 14>
           -0.140614/ 15> 0.030163/ 16>-0.046651/ 17> 0.011643/ 18>-0.013724/ 19> 0.004874/ 20> 0.665922/ 21>
            0.075740/ 22> 0.242226/ 23> 0.034429/ 24> 0.062500/ 25> 0.011682/ 26> 0.010095/ 27> 0.287279/ 28>
            0.026712/ 29> 0.065421/ 30> 0.006967/ 31> 0.006466/ 32> 0.032551/ 33> 0.002338/ 34> 0.002901/ 35>

 0.000925/ 36>

 E=6.9239  -0.015306/  1> 0.000870/  2>-0.216122/  3> 0.020168/  4>-0.034932/  5> 0.002994/  6>-0.722920/  7>
            0.085154/  8>-0.214763/  9> 0.031916/ 10>-0.039102/ 11> 0.006089/ 12> 0.427912/ 13> 0.013908/ 14>
            0.284085/ 15>-0.004356/ 16> 0.119961/ 17>-0.010180/ 18> 0.039277/ 19>-0.009997/ 20>-0.205020/ 21>
           -0.031631/ 22>-0.061087/ 23>-0.015091/ 24>-0.015076/ 25>-0.004962/ 26>-0.002762/ 27>-0.204591/ 28>
           -0.021147/ 29>-0.047254/ 30>-0.005646/ 31>-0.004805/ 32>-0.028773/ 33>-0.002235/ 34>-0.002618/ 35>

-0.000911/ 36>

 E=6.9455  -0.094030/ 37>-0.930301/ 38>-0.001998/ 39>-0.014567/ 40> 0.054756/ 41> 0.323856/ 42>-0.001558/ 43>
           -0.007946/ 44> 0.010806/ 45> 0.036585/ 46>-0.041015/ 47>-0.094044/ 48>-0.000867/ 49>-0.005068/ 50>
            0.010401/ 51> 0.020824/ 52>-0.050226/ 53>-0.007131/ 54>-0.003580/ 55> 0.046664/ 56> 0.014884/ 57>


 E=7.0056  -0.069598/ 37> 0.008110/ 38> 0.102171/ 39>-0.101837/ 40>-0.393616/ 41> 0.063564/ 42>-0.056141/ 43>
            0.075655/ 44> 0.226954/ 45>-0.223742/ 46>-0.338301/ 47> 0.107911/ 48>-0.050523/ 49> 0.230434/ 50>
            0.207668/ 51>-0.580923/ 52>-0.214718/ 53> 0.033959/ 54>-0.303830/ 55> 0.049261/ 56> 0.022907/ 57>


 E=7.0696   0.002436/  1> 0.028999/  3>-0.003078/  4> 0.004824/  5>-0.000448/  6> 0.055178/  7>-0.008467/  8>
            0.016145/  9>-0.002537/ 10> 0.002715/ 11>-0.000414/ 12>-0.108275/ 13> 0.009690/ 14>-0.060216/ 15>
            0.014748/ 16>-0.032046/ 17> 0.010715/ 18>-0.014305/ 19> 0.006244/ 20> 0.287328/ 21>-0.015112/ 22>
            0.241392/ 23> 0.017439/ 24> 0.094459/ 25> 0.014805/ 26> 0.019066/ 27>-0.865610/ 28>-0.102082/ 29>
           -0.201810/ 30>-0.026618/ 31>-0.020781/ 32>-0.160644/ 33>-0.013633/ 34>-0.014931/ 35>-0.005746/ 36>


 E=7.0801   0.016665/ 37> 0.107623/ 38>-0.010902/ 39>-0.002998/ 40> 0.041143/ 41> 0.037108/ 42> 0.002990/ 43>
           -0.021322/ 44>-0.004449/ 45> 0.088683/ 46>-0.029191/ 47>-0.161298/ 48>-0.046709/ 50> 0.062261/ 51>
            0.192322/ 52>-0.394761/ 53>-0.120750/ 54>-0.093554/ 55> 0.825742/ 56> 0.213682/ 57>

 E=7.2686  -0.107163/  1> 0.007041/  2>-0.929501/  3> 0.105045/  4>-0.153091/  5> 0.015374/  6> 0.183186/  7>
            0.014669/  8> 0.218031/  9>-0.023310/ 10> 0.066389/ 11>-0.009454/ 12>-0.039364/ 13>-0.010161/ 14>
           -0.022435/ 15>-0.012913/ 16>-0.026578/ 17>-0.002318/ 18>-0.014982/ 19> 0.003491/ 20> 0.009893/ 21>
           -0.001565/ 22> 0.006685/ 23>-0.001529/ 24> 0.001286/ 25>-0.000351/ 26>-0.003658/ 28>-0.000652/ 29>
           -0.000570/ 30>-0.001379/ 33>

 E=7.3300   0.029509/ 37>-0.017791/ 38>-0.061613/ 39> 0.075372/ 40> 0.228261/ 41>-0.059878/ 42> 0.083493/ 43>
           -0.165694/ 44>-0.329492/ 45> 0.367273/ 46> 0.502380/ 47>-0.086980/ 48>-0.061460/ 49> 0.208318/ 50>
            0.199812/ 51>-0.529723/ 52>-0.089152/ 53> 0.021864/ 54>-0.139786/ 55> 0.011140/ 56> 0.004527/ 57>


 E=7.3489  -0.000386/  1> 0.000630/  2> 0.002868/  3> 0.023291/  4>-0.001433/  5> 0.002646/  6> 0.069521/  7>
            0.229790/  8> 0.001553/  9> 0.066205/ 10>-0.005241/ 11> 0.008882/ 12> 0.055027/ 13> 0.739803/ 14>
           -0.013439/ 15> 0.327880/ 16>-0.027196/ 17> 0.114561/ 18>-0.023842/ 19> 0.032105/ 20>-0.090712/ 21>
            0.465179/ 22>-0.006176/ 23> 0.172600/ 24> 0.011948/ 25> 0.041722/ 26> 0.006361/ 27>-0.030465/ 28>
            0.079022/ 29>-0.000337/ 30> 0.015746/ 31> 0.000974/ 32>-0.003741/ 33> 0.004157/ 34>

 E=7.3886  -0.031368/ 37>-0.274007/ 38> 0.025241/ 39> 0.109600/ 40>-0.118876/ 41>-0.568249/ 42> 0.005409/ 43>
            0.049245/ 44>-0.059878/ 45>-0.229198/ 46> 0.216748/ 47> 0.505624/ 48> 0.020625/ 49> 0.009575/ 50>
           -0.102475/ 51>-0.049996/ 52> 0.287408/ 53>-0.048326/ 54>-0.040711/ 55> 0.330725/ 56> 0.059578/ 57>


 E=7.5103  -0.000388/  3> 0.000572/  4> 0.000833/  7> 0.003532/  8>-0.001364/  9> 0.000894/ 10>-0.000344/ 11>
            0.005530/ 14>-0.006843/ 15> 0.002808/ 16>-0.002460/ 17> 0.003724/ 18>-0.002490/ 19> 0.002418/ 20>
            0.018231/ 21>-0.009937/ 22> 0.008317/ 23>-0.011395/ 24> 0.027176/ 25> 0.002167/ 26> 0.009691/ 27>
           -0.119922/ 28> 0.013231/ 29>-0.209536/ 30>-0.024742/ 31>-0.038199/ 32> 0.957650/ 33> 0.095951/ 34>
            0.090249/ 35> 0.058496/ 36>

 E=7.5413  -0.001191/  1> 0.001036/  2>-0.011707/  3> 0.033883/  4>-0.009780/  5> 0.004528/  6> 0.016388/  7>
            0.247468/  8>-0.108107/  9> 0.089933/ 10>-0.040465/ 11> 0.015772/ 12> 0.171488/ 13> 0.255139/ 14>
           -0.358916/ 15> 0.182220/ 16>-0.258354/ 17> 0.107025/ 18>-0.118615/ 19> 0.055941/ 20> 0.113216/ 21>
           -0.593825/ 22>-0.249406/ 23>-0.274425/ 24>-0.146471/ 25>-0.087882/ 26>-0.038806/ 27> 0.005654/ 28>
           -0.162708/ 29>-0.037816/ 30>-0.037454/ 31>-0.008124/ 32>-0.017010/ 33>-0.012293/ 34>-0.002944/ 35>

-0.001015/ 36>

 E=7.6469  -0.019766/ 37>-0.174473/ 38> 0.023863/ 39> 0.119681/ 40>-0.117566/ 41>-0.607440/ 42>-0.002333/ 43>
           -0.022780/ 44> 0.017734/ 45> 0.081956/ 46>-0.058668/ 47>-0.150814/ 48>-0.031616/ 49>-0.051770/ 50>
            0.181763/ 51> 0.194032/ 52>-0.601095/ 53> 0.044404/ 54> 0.047875/ 55>-0.309508/ 56>-0.044582/ 57>


 E=7.6938  -0.002702/  1> 0.000366/  2>-0.032782/  3> 0.006729/  4>-0.015814/  5> 0.001724/  6>-0.039117/  7>
           -0.020643/  8>-0.173882/  9> 0.011277/ 10>-0.056228/ 11> 0.006281/ 12> 0.284605/ 13>-0.305449/ 14>
           -0.527122/ 15>-0.156362/ 16>-0.364043/ 17>-0.034898/ 18>-0.142020/ 19> 0.021189/ 20> 0.036804/ 21>
            0.453345/ 22>-0.246317/ 23> 0.171343/ 24>-0.105884/ 25> 0.035898/ 26>-0.016492/ 27>-0.072471/ 28>
            0.122069/ 29>-0.039441/ 30> 0.023031/ 31>-0.004768/ 32>-0.011279/ 33> 0.007766/ 34>-0.001437/ 35>

-0.000363/ 36>

 E=7.7350   0.005985/  1> 0.004270/  2> 0.027762/  3> 0.139904/  4>-0.012765/  5> 0.017414/  6> 0.132688/  7>
            0.832097/  8>-0.091373/  9> 0.268943/ 10>-0.050629/ 11> 0.041335/ 12>-0.077732/ 13>-0.169315/ 14>
            0.061334/ 15>-0.272613/ 16> 0.112121/ 17>-0.186571/ 18> 0.094224/ 19>-0.084416/ 20>-0.004989/ 21>
            0.047822/ 22> 0.056298/ 23> 0.006341/ 24> 0.031541/ 25> 0.002710/ 26> 0.007176/ 27>-0.001455/ 28>
            0.035902/ 29> 0.008958/ 30> 0.007764/ 31> 0.001958/ 32> 0.000438/ 33> 0.003057/ 34> 0.000383/ 35>


 E=7.7870   0.972022/  1>-0.073516/  2>-0.074873/  3>-0.014268/  4>-0.205893/  5> 0.020236/  6> 0.006566/  7>
           -0.003700/  8> 0.006934/  9> 0.004080/ 10> 0.031531/ 11>-0.004664/ 12>-0.000387/ 13> 0.000695/ 14>
           -0.001017/ 15> 0.001736/ 16> 0.000621/ 17>-0.000811/ 18>-0.003637/ 19> 0.001267/ 20>-0.000392/ 26>


 E=7.8986   0.001410/  1>-0.000524/  2> 0.012351/  3>-0.013847/  4> 0.009245/  5>-0.002779/  6>-0.006854/  7>
           -0.062780/  8> 0.094538/  9>-0.054381/ 10> 0.042894/ 11>-0.014290/ 12>-0.134164/ 13> 0.129247/ 14>
            0.135612/ 15>-0.152892/ 16> 0.259368/ 17>-0.185614/ 18> 0.194046/ 19>-0.119131/ 20> 0.316717/ 21>
            0.162639/ 22>-0.637828/ 23>-0.078704/ 24>-0.378862/ 25>-0.084799/ 26>-0.094233/ 27>-0.068644/ 28>
           -0.132653/ 29>-0.159675/ 30>-0.049356/ 31>-0.030768/ 32>-0.026324/ 33>-0.016279/ 34>-0.007504/ 35>

-0.001120/ 36>

 E=7.9497   0.001543/  1>-0.000351/  2> 0.010654/  3>-0.007065/  4> 0.007752/  5>-0.001603/  6>-0.018229/  7>
           -0.013325/  8> 0.058352/  9>-0.020696/ 10> 0.021868/ 11>-0.005673/ 12>-0.022846/ 13> 0.062548/ 14>
            0.036038/ 15>-0.033189/ 16>-0.003347/ 17>-0.016963/ 18>-0.010006/ 19> 0.059448/ 21>-0.090782/ 22>
           -0.035474/ 23>-0.283307/ 24>-0.103037/ 25>-0.143899/ 26>-0.049413/ 27>-0.141111/ 28> 0.884570/ 29>
            0.098840/ 30> 0.197050/ 31> 0.027734/ 32>-0.013175/ 33> 0.093044/ 34> 0.006894/ 35>-0.000697/ 36>


  Q20Q22:  0.00 SEC    QTME:  0.00 SEC

 Q0= 188.103 HBAR/MW0     Q2= -40.762 HBAR/MW0     GAMMA= 17.0 DEG   FOR 82 PARTICLES;  A=207

1
 **********************************************  SINGLE PARTICLE MATRIX ELEMENTS  ***********************************************


   ENY   EMY     A+B     C      D      E    JZ    S0    S+    S-  <R2S> <R4S>  R2DZ  R2D+  R2D-  Q20S  Q22S   Q20   Q22  RHO2    R2


  5.41- MY=NY  1.158  4.393  29.84  -8.38 -0.93 -0.13 -0.01  0.31  6.50 50.94  0.12  0.17 -0.81  5.24  0.28  7.74  0.04  6.50  7.36
  5.56- 5.41-  4.877 -0.660   0.24  17.78  0.59  0.06  0.42 -0.11  6.50 50.44 -0.14  0.91  0.16 -0.88 -0.69 -1.06 -0.65 -0.00 -0.08
  5.77- 5.41-  0.026  0.602   0.02  24.66 -0.31 -0.03  0.01  0.06  6.50 45.72  0.07  0.00 -0.12 -1.15 -0.97 -1.38 -0.91  0.00 -0.09
  5.85- 5.41-  0.599 -0.389  -2.92   8.53  0.17  0.13 -0.28 -0.58  6.50 51.14  0.50 -0.25  0.00  0.89 -0.85  0.98 -0.75 -0.00  0.16
  6.00- 5.41-  0.700 -0.891  -0.34   1.21  0.21  0.32  0.14 -0.12  6.50 48.42  1.11 -0.08 -0.10 -0.08 -0.09 -0.10 -0.09  0.00 -0.01
  6.03- 5.41- -0.218  0.006   0.06  -3.58 -0.03 -0.00 -0.01  0.00  6.50 32.46 -0.00 -0.04 -0.00  0.14  0.14  0.17  0.13  0.00  0.01
  6.20- 5.41-  0.478 -0.908  -3.72   6.34  0.10 -0.25  0.00  0.23  6.50 52.49 -0.88  0.12  0.01  1.21 -0.29  1.39 -0.23  0.00  0.17
  6.28- 5.41- -0.136  0.086   2.01  -1.95  0.02  0.05  0.14 -0.08  6.50 48.85  0.17 -0.03 -0.08 -0.63  0.02 -0.73  0.00 -0.00 -0.08
  6.34- 5.41-  0.000  0.009  -0.01   1.08 -0.01 -0.00 -0.00  0.00  6.50 19.22  0.00 -0.00 -0.00 -0.04 -0.04 -0.05 -0.04 -0.00 -0.00
  6.40- 5.41-  0.202  0.105   5.33  -3.95  0.05 -0.06 -0.10  0.01  6.50 43.77 -0.20 -0.01  0.06 -1.85 -0.08 -2.15 -0.12 -0.00 -0.23
  6.55- 5.41- -0.000 -0.000   0.00   0.00 -0.00  0.00 -0.00 -0.00************ -0.07 -0.00  0.01  0.39  0.14  0.48  0.14  0.05  0.09

  5.56- MY=NY -1.402 -0.073  27.01  -9.62  2.25  0.32 -0.16  0.00  6.50 50.98 -0.24 -0.24  0.02  3.52 -0.00  5.74 -0.26  6.50  7.15
  5.77- 5.56- -0.216  4.891   0.09  -4.65  0.13  0.02 -0.06  0.37  6.50 50.26  0.02 -0.10 -0.92  0.20  0.22  0.24  0.21 -0.00  0.01
  5.85- 5.56- -0.542  0.338   1.19  -4.05 -0.04 -0.10 -0.09  0.05  6.50 48.09 -0.54  0.15  0.08 -0.35  0.03 -0.40  0.02  0.00 -0.05
  6.00- 5.56-  0.224 -0.156   2.53  -7.51  0.25 -0.03  0.64  0.08  6.50 52.26 -0.13 -0.25 -0.28 -0.61  0.97 -0.66  0.86  0.00 -0.13
  6.03- 5.56-  0.090 -0.008   0.20 -21.32 -0.20 -0.01 -0.00 -0.00  6.50 39.17  0.07  0.01  0.00  0.91  0.81  1.09  0.76 -0.00  0.07
  6.20- 5.56- -0.073  0.152   2.95  -9.84  0.22  0.08 -0.41 -0.07  6.50 47.36  0.31  0.13  0.19 -0.67  1.19 -0.71  1.06 -0.00 -0.15
  6.28- 5.56-  0.585 -0.223  -2.64   2.52 -0.01  0.32 -0.06  0.02  6.50 53.74  1.13 -0.02  0.04  1.13 -0.08  1.30 -0.04  0.00  0.15
  6.34- 5.56-  0.000  0.079  -0.00  -0.34  0.00 -0.00 -0.00  0.00  6.50 18.97 -0.00 -0.00 -0.01  0.02  0.01  0.02  0.01 -0.00  0.00
  6.40- 5.56-  0.957 -0.374   0.06   0.27 -0.03 -0.14 -0.09 -0.02  6.50 48.94 -0.50 -0.03  0.05 -0.12 -0.05 -0.15 -0.05 -0.00 -0.01
  6.55- 5.56-  0.000  0.000  -0.00  -0.00  0.00 -0.00  0.00 -0.00************ -0.02  0.01 -0.01 -0.47 -0.21 -0.57 -0.20 -0.05 -0.10

  5.77- MY=NY -0.008  0.154  22.29  -3.90 -3.36 -0.40 -0.00 -0.01  6.50 49.82  0.55 -0.01 -0.04  0.86 -0.51  2.62 -0.79  6.50  6.84
  5.85- 5.77- -0.144 -0.106   0.38  -3.52 -0.06 -0.00  0.01 -0.01  6.50 50.45  0.08 -0.01 -0.13 -0.18  0.04 -0.20  0.03  0.00 -0.02
  6.00- 5.77- -0.131  0.314  -0.57   3.08  0.09 -0.04  0.01 -0.02  6.50 63.98 -0.40 -0.01  0.01  0.23 -0.19  0.26 -0.17  0.00  0.04
  6.03- 5.77- -4.329  0.126  -0.01  -0.30  0.00  0.00 -0.30  0.03  6.50 49.62  0.01 -0.84 -0.08  0.01 -0.01  0.02 -0.01 -0.00  0.00
  6.20- 5.77- -0.034  0.141   0.24  -1.19  0.10  0.04 -0.02 -0.07  6.50 55.96  0.20 -0.02 -0.01 -0.07 -0.26 -0.10 -0.24 -0.00  0.00
  6.28- 5.77-  0.152 -0.427  -1.15   3.60  0.20  0.01 -0.03 -0.78  6.50 49.89  0.02 -0.39 -0.50  0.27 -0.76  0.28 -0.68 -0.00  0.08
  6.34- 5.77-  0.001 -0.003  -0.29  14.23 -0.11 -0.01  0.00  0.00  6.50 24.41  0.04  0.00  0.00 -0.54 -0.51 -0.66 -0.48 -0.00 -0.04
  6.40- 5.77-  0.001  0.027  -2.28   8.22  0.34  0.01  0.01  0.33  6.50 46.77  0.03  0.17  0.22  0.48 -1.65  0.46 -1.48  0.00  0.15
  6.55- 5.77-  0.000 -0.000   0.00   0.00  0.00  0.00 -0.00  0.00************ -0.00 -0.00  0.00  0.14  0.07  0.17  0.07  0.01  0.02

  5.85- MY=NY  3.646  2.235  20.11  12.72  0.37 -0.07 -0.37 -0.04  6.50 51.49  0.82 -1.90  0.50  6.42 -0.55  9.06 -0.67  6.50  7.55
  6.00- 5.85- -1.011 -3.103  -2.33 -13.48  0.38 -0.02 -0.16  0.30  6.50 54.01  1.13 -0.77 -1.01  1.16  0.78  1.38  0.73  0.00  0.10
  6.03- 5.85- -0.093  0.021   0.02   0.52  0.01  0.00 -0.01 -0.00  6.50 55.90  0.00 -0.02 -0.00 -0.06 -0.03 -0.07 -0.03  0.00 -0.01
  6.20- 5.85- -1.976  2.144  -1.11   7.14 -0.32  0.17 -0.07 -0.19  6.50 58.53  1.04 -0.40  0.12 -0.19 -0.27 -0.23 -0.25 -0.00 -0.01
  6.28- 5.85-  0.977 -0.044   2.79  18.56  0.20 -0.06 -0.02 -0.01  6.50 34.32 -0.04 -0.12 -0.11 -1.75 -1.11 -2.09 -1.05 -0.00 -0.16
  6.34- 5.85- -0.001 -0.009  -0.00   0.24 -0.00  0.00  0.00 -0.00  6.50 28.26  0.00 -0.00  0.00 -0.01 -0.01 -0.01 -0.01  0.00 -0.00
  6.40- 5.85- -0.027  0.189   1.77   0.49 -0.20 -0.00  0.07 -0.04  6.50 42.77  0.05 -0.00 -0.16 -0.55 -0.22 -0.65 -0.21 -0.00 -0.06
  6.55- 5.85- -0.000 -0.000  -0.00  -0.00  0.00  0.00 -0.00  0.00************ -0.12 -0.04 -0.03  0.13  0.03  0.15  0.03  0.01  0.03

  6.00- MY=NY -1.330 -1.090  17.47   7.01 -0.69  0.24 -0.18 -0.06  6.50 59.70 -0.54 -0.37  1.62  4.85 -0.93  7.22 -1.06  6.50  7.37
  6.03- 6.00-  0.074 -0.011   0.17  -1.38  0.02  0.00  0.01 -0.00  6.50 81.02 -0.00  0.09  0.02 -0.06 -0.01 -0.07 -0.01 -0.00 -0.01
  6.20- 6.00- -1.432  0.541  -1.99   6.00  0.90  0.03 -0.34 -0.19  6.50 58.00  0.24 -0.08  0.91  0.09 -0.36  0.09 -0.33 -0.00  0.03
  6.28- 6.00- -3.010 -1.059   0.68   2.70 -0.09 -0.11  0.35 -0.11  6.50 57.54 -0.58  0.57  0.11 -0.58 -0.23 -0.68 -0.22 -0.00 -0.06
  6.34- 6.00-  0.001 -0.019   0.03  -0.25  0.00 -0.00 -0.00 -0.00  6.50 43.42 -0.01 -0.00  0.00 -0.01 -0.00 -0.01 -0.00 -0.00 -0.00
  6.40- 6.00-  1.443 -2.127  -0.36   3.12 -0.26 -0.19 -0.01 -0.21  6.50 56.69 -1.04 -0.24  0.14 -0.34 -0.12 -0.40 -0.12  0.00 -0.04
  6.55- 6.00-  0.000 -0.000   0.00   0.00 -0.00  0.00 -0.00  0.00************  0.05  0.01  0.02  0.29  0.07  0.34  0.07  0.02  0.06

  6.03- MY=NY  0.006 -0.002  15.06  -1.99  4.38  0.46 -0.01 -0.00  6.50 49.37 -0.89  0.01  0.00 -1.96 -0.87 -0.66 -1.19  6.50  6.51
  6.20- 6.03-  0.092 -0.028   0.17  -1.21 -0.04  0.00  0.01 -0.00  6.50 10.39  0.02 -0.04 -0.02  0.01 -0.03  0.01 -0.03 -0.00  0.00
  6.28- 6.03-  0.149 -0.031  -0.47   3.04 -0.07  0.03 -0.00  0.00  6.50 66.42  0.33 -0.02 -0.00  0.22 -0.12  0.24 -0.10 -0.00  0.03
  6.34- 6.03-  0.089 -3.261  -0.00   0.00 -0.00 -0.00  0.02 -0.21  6.50 49.29 -0.00  0.06  0.64  0.00 -0.01 -0.00 -0.01  0.00  0.00
  6.40- 6.03-  0.194 -0.048   0.11  -0.88 -0.02 -0.01 -0.02 -0.00  6.50 66.00 -0.12 -0.01  0.00 -0.05 -0.06 -0.06 -0.05 -0.00 -0.00
  6.55- 6.03- -0.000 -0.000  -0.00   0.00 -0.00  0.00 -0.00 -0.00************  0.00 -0.00  0.00  0.02  0.02  0.03  0.01  0.00  0.00

  6.20- MY=NY -1.075 -1.951  18.78 -11.69 -0.18  0.24 -0.57  0.10  6.50 53.03 -0.78  0.06 -1.90  4.10  1.43  6.48  1.05  6.50  7.15
  6.28- 6.20-  1.881 -0.562   0.02   0.06  0.00 -0.12 -0.01 -0.09  6.50 59.64 -0.01 -0.71  0.29 -0.37 -0.52 -0.45 -0.48  0.00 -0.02
  6.34- 6.20- -0.005  0.008   0.04  -0.33  0.01  0.00 -0.00  0.00  6.50 53.30  0.00 -0.00 -0.01  0.01  0.01  0.01  0.01 -0.00  0.00
  6.40- 6.20- -1.449 -2.203   0.85  11.43 -0.24 -0.11  0.22 -0.30  6.50 55.56  0.44  0.28  0.60 -0.76 -0.75 -0.92 -0.70 -0.00 -0.06
  6.55- 6.20- -0.000 -0.000  -0.00  -0.00  0.00  0.00 -0.00  0.00************  0.00  0.00 -0.00  0.15  0.03  0.17  0.03  0.01  0.03

  6.28- MY=NY  0.196  0.089  15.56   5.22  1.70 -0.29 -0.10 -0.08  6.50 55.37  1.22 -1.58 -0.06  2.01 -1.49  3.91 -1.65  6.50  7.04
  6.34- 6.28- -0.007  0.026   0.06  -0.58  0.00  0.00 -0.00  0.01  6.50 90.12  0.00 -0.01 -0.05  0.00  0.00  0.00  0.00  0.00 -0.00
  6.40- 6.28-  0.409  0.147  -1.89   2.66 -1.30  0.03 -0.12 -0.21  6.50 57.17 -0.04 -1.59 -0.21  0.42 -0.61  0.45 -0.54 -0.00  0.09
  6.55- 6.28- -0.000 -0.000  -0.00  -0.00 -0.00  0.00 -0.00  0.00************ -0.02 -0.01 -0.01  0.07  0.02  0.08  0.02  0.00  0.01

  6.34- MY=NY -0.000  0.001   5.40  -0.62 -5.38 -0.50 -0.00 -0.00  6.50 49.28  1.25 -0.00 -0.00 -4.95 -1.19 -4.14 -1.56  6.50  6.14
  6.40- 6.34- -0.005  0.011   0.14  -1.04  0.02  0.00 -0.00 -0.00  6.50111.12 -0.00  0.01  0.02  0.00 -0.01  0.01 -0.01  0.00  0.00
  6.55- 6.34- -0.000  0.000   0.00   0.00 -0.00 -0.00  0.00  0.00************ -0.00 -0.00  0.00  0.00  0.00  0.00  0.00  0.00  0.00

  6.40- MY=NY -0.160  0.398  15.36  -2.32 -0.53 -0.33 -0.00 -0.42  6.50 53.97  0.88  1.43 -0.46  1.71  0.20  3.64 -0.13  6.50  6.91
  6.55- 6.40- -0.000  0.000   0.00   0.00 -0.00  0.00 -0.00 -0.00************ -0.01 -0.00 -0.00  0.07  0.02  0.08  0.02  0.00  0.01

  6.55- MY=NY -7.146 -7.081  59.10  87.57  0.02  0.00 -0.50 -0.49  8.50 82.14  0.00 -1.21  1.20  6.50 -2.91  9.54 -2.92  8.50  9.75

 DECOUP:  0.00 SEC



   #   ENERGY +/-(#)    <Q20>    <Q22>     <R2>     <JZ>      #   ENERGY +/-(#)    <Q20>    <Q22>     <R2>     <JZ>

   1   1.5000  +(# 1)   0.3812  -0.0810   1.5478   0.5000    41   6.0343  -(#20)  -0.6628  -1.1911   6.5053   4.3880
   2   2.2200  -(# 1)   2.5514  -0.1595   2.7943   0.4817    42   6.1327  +(#22)   8.6340  -0.3209   8.4813  -0.6533
   3   2.4763  -(# 2)  -0.4514  -0.5857   2.4886  -1.3670    43   6.1996  -(#21)   6.4820   1.0518   7.1510  -0.1780
   4   2.8037  -(# 3)  -0.1939   0.3404   2.4559   0.3853    44   6.2706  +(#23)   7.7833   0.1654   8.3545   1.9915
   5   2.9645  +(# 2)   4.8546  -0.2200   4.0544   0.4675    45   6.2770  -(#22)   3.9059  -1.6454   7.0434   1.7035
   6   3.2075  +(# 3)   1.8609  -0.6119   3.7475  -1.3186    46   6.2990  +(#24)  -2.9257   0.4017   5.1481  -0.3840
   7   3.4405  +(# 4)  -0.7136  -1.2681   3.5047   1.5455    47   6.3368  -(#23)  -4.1444  -1.5645   6.1429  -5.3980
   8   3.5565  +(# 5)   1.0961   0.4973   3.5889   1.0900    48   6.4029  -(#24)   3.6417  -0.1280   6.9134  -0.5320
   9   3.7285  -(# 4)   6.2969  -0.5469   5.2364   0.3855    49   6.4481  +(#25)   4.8442  -0.4769   8.0702  -3.3174
  10   3.7866  +(# 6)  -0.7225  -0.5966   3.4592   0.3014    50   6.5550  -(#25)   9.5369  -2.9169   9.7538   0.0163
  11   3.9280  -(# 5)   4.3627  -0.2522   5.0018  -1.2950    51   6.5932  -(#26)  -0.1214  -2.0487   6.6223  -2.9532
  12   4.0444  +(# 7)  -1.0385   1.0659   3.3139  -1.0858    52   6.6087  +(#26)   9.7265  -1.4814   8.6797   0.2157
  13   4.1488  -(# 6)   1.2311  -1.1158   4.7109   2.1811    53   6.6146  +(#27)  -2.7501   3.5051   4.9619  -0.2612
  14   4.3080  -(# 7)   4.7944   0.4426   5.0038   0.5915    54   6.6791  +(#28)   1.7341  -0.9394   7.7551   4.3787
  15   4.4380  -(# 8)  -2.1367  -1.6377   4.3710  -3.1073    55   6.7042  -(#27)   0.3288  -1.2323   6.6182   1.5875
  16   4.5096  +(# 8)   7.1824  -1.0996   6.3715   0.2446    56   6.7385  -(#28)   3.6144   1.7337   6.7870   0.3820
  17   4.5351  -(# 9)   1.3842  -0.9314   4.7157  -0.2707    57   6.7729  +(#29)   9.6019  -0.8769   8.6258  -0.6609
  18   4.6933  +(# 9)   6.4900   0.0138   6.2207  -1.1515    58   6.7765  -(#29)   9.1487  -0.9063   9.5773  -0.3379
  19   4.7559  -(#10)   1.5530   1.4385   4.5773  -0.8023    59   6.9239  -(#30)   9.2227   0.4503   9.4956   1.5778
  20   4.8442  -(#11)  -2.0619  -2.1339   4.4122  -0.4903    60   6.9455  -(#31)  -4.0172  -2.1919   6.1986   4.2094
  21   4.8754  +(#10)   3.5335  -0.7405   5.9420   2.3289    61   6.9497  +(#30)   7.8204   0.3627   8.3455  -0.3578
  22   5.0313  -(#12)  -2.0733  -0.1896   4.2820   1.0481    62   6.9506  +(#31)  -1.0872  -1.2410   7.4614  -5.1414
  23   5.0640  +(#11)   7.6289   0.0101   6.3476   0.4397    63   6.9999  +(#32)   6.5714  -0.9213   8.2917   2.1050
  24   5.1289  +(#12)   0.2801  -1.1709   5.6088  -3.3193    64   7.0056  -(#32)   0.1540  -0.0633   6.5213  -0.4745
  25   5.2139  -(#13)   7.8579  -1.7438   7.4893   0.1118    65   7.0696  -(#33)   6.9182   0.0010   9.2692  -3.1629
  26   5.2465  +(#13)   4.2337  -1.1806   6.0490  -0.5899    66   7.0801  -(#34)  -3.9225  -2.3455   6.2193  -2.9452
  27   5.2823  -(#14)  -1.9138   2.4978   4.1216   0.7594    67   7.1395  +(#33)   6.7431  -0.2041   8.2633  -0.9049
  28   5.4097  -(#15)   7.7445   0.0433   7.3583  -0.9329    68   7.1496  +(#34)  10.3121  -3.5221  10.8801   0.0051
  29   5.4282  +(#14)  -3.2224  -1.5398   5.2438   4.3474    69   7.2560  +(#35)  -5.0553  -1.7022   7.0507   6.4092
  30   5.4533  +(#15)   4.1891   1.4101   5.8723  -0.3274    70   7.2631  +(#36)   2.6191  -1.4862   7.8897  -3.1857
  31   5.5581  -(#16)   5.7358  -0.2569   7.1548   2.2502    71   7.2686  -(#35)   3.9462  -0.5925   8.9781   4.3469
  32   5.5586  +(#16)   0.8576  -2.2694   5.7458   0.9462    72   7.3300  -(#36)   0.2789   3.2496   6.3156  -0.1986
  33   5.6891  +(#17)   0.6828   0.1049   5.5690   0.1452    73   7.3489  -(#37)  10.2463  -2.3113   9.7925   0.0841
  34   5.7711  -(#17)   2.6196  -0.7893   6.8436  -3.3639    74   7.3786  +(#37)   9.7536  -1.5178  10.6851  -0.1420
  35   5.8497  -(#18)   9.0609  -0.6710   7.5520   0.3682    75   7.3886  -(#38)  -3.8298  -2.2674   6.2245   0.8401
  36   5.9233  +(#18)   8.7750  -2.3055   8.6285   0.0479    76   7.4053  +(#38)   3.0408  -1.3912   7.9303   1.9548
  37   5.9291  +(#19)  -3.1051  -3.0458   5.3566  -1.8450    77   7.4830  +(#39)   6.7632   1.5735   8.1477   0.3007
  38   5.9931  +(#20)   0.5813   2.0251   5.4304   0.2986    78   7.5103  -(#39)   0.8417  -1.0186   8.6611  -5.3924
  39   6.0033  -(#19)   7.2168  -1.0593   7.3727  -0.6915    79   7.5413  -(#40)  10.6466  -1.1108   9.7574  -0.5173
  40   6.0175  +(#21)  -2.6893  -0.8769   5.2591   0.6278    80   7.5441  +(#40)  10.0028   0.2557  10.5953   1.1008



     PARITY: +     DIMENSION:  95     MATRIX:   0.0 SEC     DIAGONALISATION:   0.0 SEC
     PARITY: -     DIMENSION:  70     MATRIX:   0.0 SEC     DIAGONALISATION:   0.0 SEC
      TOTAL TIME:   0.0 SEC
