


         KAPPAP      MYP     KAPPAN      MYN
    0    0.1200    0.0000    0.1200    0.0000
    1    0.1200    0.0000    0.1200    0.0000
    2    0.1050    0.0000    0.1050    0.0000
    3    0.0900    0.3000    0.0900    0.2500
    4    0.0650    0.5700    0.0700    0.3900
    5    0.0600    0.6500    0.0620    0.4300
    6    0.0540    0.6900    0.0620    0.3400
    7    0.0540    0.6900    0.0620    0.2600
    8    0.0540    0.6900    0.0620    0.2600


     KAPPA    MY     EPS   GAMMA    EPS4     EPS6     W0/W00   NMAX  COUPL     OMROT      EFAC      QFAC
      SEE TABLE     0.159   30.0   0.000    0.000    1.00282     8     0     0.00000   6.46927   6.41495


                     **** PROTONS ****                     **** STRETCHED COORDINATES ****
    SYMMETRY R1= 1


   BASIS FUNCTIONS /N,L,J,OMEGA>,   PARITY +


   1 / 8 8 17/2 17/2>    20 / 8 6 11/2  1/2>    39 / 8 4  7/2 -7/2>    58 / 6 4  7/2  1/2>    77 / 4 2  5/2  5/2>
   2 / 8 8 17/2 13/2>    21 / 8 4  9/2  1/2>    40 / 8 8 17/2-11/2>    59 / 6 2  5/2  1/2>    78 / 4 4  9/2  1/2>
   3 / 8 8 15/2 13/2>    22 / 8 4  7/2  1/2>    41 / 8 8 15/2-11/2>    60 / 6 2  3/2  1/2>    79 / 4 4  7/2  1/2>
   4 / 8 6 13/2 13/2>    23 / 8 2  5/2  1/2>    42 / 8 6 13/2-11/2>    61 / 6 0  1/2  1/2>    80 / 4 2  5/2  1/2>
   5 / 8 8 17/2  9/2>    24 / 8 2  3/2  1/2>    43 / 8 6 11/2-11/2>    62 / 6 6 13/2 -3/2>    81 / 4 2  3/2  1/2>
   6 / 8 8 15/2  9/2>    25 / 8 0  1/2  1/2>    44 / 8 8 17/2-15/2>    63 / 6 6 11/2 -3/2>    82 / 4 0  1/2  1/2>
   7 / 8 6 13/2  9/2>    26 / 8 8 17/2 -3/2>    45 / 8 8 15/2-15/2>    64 / 6 4  9/2 -3/2>    83 / 4 4  9/2 -3/2>
   8 / 8 6 11/2  9/2>    27 / 8 8 15/2 -3/2>    46 / 6 6 13/2 13/2>    65 / 6 4  7/2 -3/2>    84 / 4 4  7/2 -3/2>
   9 / 8 4  9/2  9/2>    28 / 8 6 13/2 -3/2>    47 / 6 6 13/2  9/2>    66 / 6 2  5/2 -3/2>    85 / 4 2  5/2 -3/2>
  10 / 8 8 17/2  5/2>    29 / 8 6 11/2 -3/2>    48 / 6 6 11/2  9/2>    67 / 6 2  3/2 -3/2>    86 / 4 2  3/2 -3/2>
  11 / 8 8 15/2  5/2>    30 / 8 4  9/2 -3/2>    49 / 6 4  9/2  9/2>    68 / 6 6 13/2 -7/2>    87 / 4 4  9/2 -7/2>
  12 / 8 6 13/2  5/2>    31 / 8 4  7/2 -3/2>    50 / 6 6 13/2  5/2>    69 / 6 6 11/2 -7/2>    88 / 4 4  7/2 -7/2>
  13 / 8 6 11/2  5/2>    32 / 8 2  5/2 -3/2>    51 / 6 6 11/2  5/2>    70 / 6 4  9/2 -7/2>    89 / 2 2  5/2  5/2>
  14 / 8 4  9/2  5/2>    33 / 8 2  3/2 -3/2>    52 / 6 4  9/2  5/2>    71 / 6 4  7/2 -7/2>    90 / 2 2  5/2  1/2>
  15 / 8 4  7/2  5/2>    34 / 8 8 17/2 -7/2>    53 / 6 4  7/2  5/2>    72 / 6 6 13/2-11/2>    91 / 2 2  3/2  1/2>
  16 / 8 2  5/2  5/2>    35 / 8 8 15/2 -7/2>    54 / 6 2  5/2  5/2>    73 / 6 6 11/2-11/2>    92 / 2 0  1/2  1/2>
  17 / 8 8 17/2  1/2>    36 / 8 6 13/2 -7/2>    55 / 6 6 13/2  1/2>    74 / 4 4  9/2  9/2>    93 / 2 2  5/2 -3/2>
  18 / 8 8 15/2  1/2>    37 / 8 6 11/2 -7/2>    56 / 6 6 11/2  1/2>    75 / 4 4  9/2  5/2>    94 / 2 2  3/2 -3/2>
  19 / 8 6 13/2  1/2>    38 / 8 4  9/2 -7/2>    57 / 6 4  9/2  1/2>    76 / 4 4  7/2  5/2>    95 / 0 0  1/2  1/2>


    SINGLE PARTICLE (PARITY+) WAVE FUNCTIONS IN THE ENERGY INTERVAL 6.0<E<8.0

 E=6.0624   0.029321/ 74>-0.027811/ 75> 0.057972/ 76> 0.275437/ 77> 0.015812/ 78>-0.047962/ 79>-0.137272/ 80>
            0.257788/ 81> 0.514971/ 82> 0.011794/ 83>-0.122787/ 84>-0.100647/ 85> 0.702144/ 86>-0.014299/ 87>
            0.218038/ 88>

 E=6.2625   0.015611/ 74>-0.019404/ 75> 0.044002/ 76> 0.179219/ 77> 0.022737/ 78>-0.090982/ 79>-0.175165/ 80>
            0.360851/ 81> 0.607403/ 82>-0.018415/ 83> 0.116832/ 84> 0.122460/ 85>-0.619838/ 86> 0.009663/ 87>
           -0.115834/ 88>

 E=6.3250   0.002736/ 46> 0.058440/ 47>-0.001413/ 48> 0.002629/ 49> 0.339460/ 50>-0.006935/ 51> 0.034836/ 52>
           -0.001181/ 53> 0.001829/ 54> 0.724335/ 55>-0.003628/ 56> 0.097893/ 57>-0.001001/ 58> 0.010234/ 59>
           -0.000340/ 60> 0.000893/ 61> 0.560979/ 62> 0.007804/ 63> 0.069202/ 64> 0.001820/ 65> 0.005875/ 66>
            0.000334/ 67> 0.160343/ 68> 0.003847/ 69> 0.012165/ 70> 0.000380/ 71> 0.015707/ 72>

 E=6.4401   0.008777/ 46> 0.151711/ 47>-0.005802/ 48> 0.007600/ 49> 0.578772/ 50>-0.028103/ 51> 0.068807/ 52>
           -0.004319/ 53> 0.004228/ 54> 0.289896/ 55>-0.035839/ 56> 0.048196/ 57>-0.006313/ 58> 0.006401/ 59>
           -0.001020/ 60> 0.000772/ 61>-0.636762/ 62>-0.036963/ 63>-0.093473/ 64>-0.006920/ 65>-0.009668/ 66>
           -0.000998/ 67>-0.359738/ 68>-0.015799/ 69>-0.030930/ 70>-0.001486/ 71>-0.047049/ 72>-0.001354/ 73>


 E=6.5244  -0.019854/ 46>-0.280983/ 47> 0.012946/ 48>-0.014709/ 49>-0.641525/ 50> 0.043390/ 51>-0.075234/ 52>
            0.006732/ 53>-0.004884/ 54> 0.532146/ 55> 0.007067/ 56> 0.147416/ 57>-0.000789/ 58> 0.026245/ 59>
           -0.001277/ 60> 0.003517/ 61>-0.171998/ 62>-0.025061/ 63>-0.010904/ 64>-0.004350/ 65>-0.000567/ 66>
           -0.000460/ 67>-0.398027/ 68>-0.022032/ 69>-0.035435/ 70>-0.002121/ 71>-0.070092/ 72>-0.002361/ 73>


 E=6.5859  -0.008972/ 46>-0.105995/ 47> 0.005449/ 48>-0.005643/ 49>-0.120606/ 50> 0.011017/ 51>-0.010755/ 52>
            0.001356/ 53>-0.000521/ 54> 0.247638/ 55>-0.008739/ 56> 0.069393/ 57>-0.005267/ 58> 0.015205/ 59>
           -0.001997/ 60> 0.002632/ 61>-0.462629/ 62> 0.003366/ 63>-0.146880/ 64>-0.006643/ 65>-0.023707/ 66>
           -0.002342/ 67> 0.792596/ 68> 0.050533/ 69> 0.069641/ 70> 0.004724/ 71> 0.188275/ 72> 0.006956/ 73>


 E=6.6631  -0.105012/ 46>-0.925873/ 47> 0.053270/ 48>-0.048814/ 49> 0.310124/ 50> 0.008308/ 51> 0.132566/ 52>
           -0.007826/ 53> 0.014397/ 54>-0.096382/ 55>-0.005019/ 56>-0.033406/ 57>-0.003412/ 58>-0.012205/ 59>
           -0.002561/ 61> 0.036269/ 62> 0.001962/ 63> 0.009586/ 64> 0.000725/ 65> 0.001457/ 66>-0.018529/ 68>
           -0.001398/ 69>-0.001357/ 70>-0.007967/ 72>-0.000322/ 73>

 E=6.7643  -0.000926/ 47> 0.002154/ 50> 0.000468/ 52>-0.008093/ 55> 0.000645/ 56>-0.002701/ 57>-0.000581/ 59>
            0.000592/ 60>-0.000447/ 61> 0.037766/ 62>-0.002991/ 63> 0.017714/ 64>-0.002802/ 65> 0.011482/ 66>
            0.001017/ 67>-0.191999/ 68> 0.010213/ 69>-0.125663/ 70>-0.007487/ 71> 0.971238/ 72> 0.043717/ 73>


 E=6.8844   0.986838/ 46>-0.099816/ 47>-0.009585/ 48>-0.125269/ 49> 0.013018/ 50> 0.001468/ 51> 0.008848/ 52>
            0.002099/ 53> 0.011986/ 54>-0.001888/ 55>-0.000861/ 57>-0.000442/ 60>-0.000906/ 61>

 E=7.0324  -0.000469/ 46>-0.009377/ 47>-0.033024/ 48> 0.000768/ 49>-0.037115/ 50>-0.291704/ 51> 0.008677/ 52>
           -0.033384/ 53> 0.002134/ 54>-0.018014/ 55>-0.757134/ 56> 0.008383/ 57>-0.135751/ 58> 0.004985/ 59>
           -0.019714/ 60> 0.002799/ 61> 0.039575/ 62>-0.544005/ 63>-0.012730/ 64>-0.083761/ 65>-0.005608/ 66>
           -0.007766/ 67> 0.022299/ 68>-0.115204/ 69>-0.003328/ 70>-0.007758/ 71> 0.002702/ 72>-0.005969/ 73>


 E=7.1540   0.000432/ 46> 0.008898/ 47> 0.078030/ 48>-0.006045/ 49> 0.030089/ 50> 0.480347/ 51>-0.078166/ 52>
            0.066825/ 53>-0.011554/ 54> 0.018581/ 55> 0.340227/ 56>-0.196967/ 57> 0.084572/ 58>-0.052779/ 59>
            0.018848/ 60>-0.010573/ 61> 0.031671/ 62>-0.684936/ 63>-0.159070/ 64>-0.133940/ 65>-0.038047/ 66>
           -0.016822/ 67> 0.022728/ 68>-0.262432/ 69>-0.030063/ 70>-0.020767/ 71> 0.002991/ 72>-0.017378/ 73>


 E=7.2411  -0.001106/ 46>-0.017502/ 47>-0.174937/ 48> 0.013036/ 49>-0.035894/ 50>-0.753383/ 51> 0.120373/ 52>
           -0.105697/ 53> 0.019306/ 54>-0.001487/ 55> 0.476565/ 56> 0.070674/ 57> 0.197549/ 58> 0.004120/ 59>
            0.050597/ 60>-0.008684/ 61> 0.004093/ 62>-0.236559/ 63>-0.037011/ 64>-0.038202/ 65>-0.012410/ 66>
           -0.005229/ 67> 0.016382/ 68>-0.200262/ 69>-0.018064/ 70>-0.016104/ 71> 0.003117/ 72>-0.016286/ 73>


 E=7.2829  -0.002391/ 46>-0.027803/ 47>-0.031132/ 48>-0.012881/ 49>-0.025540/ 50>-0.185056/ 51>-0.211641/ 52>
           -0.013198/ 53>-0.023587/ 54> 0.141804/ 55>-0.076690/ 56>-0.752483/ 57> 0.006066/ 58>-0.204472/ 59>
            0.014447/ 60>-0.035165/ 61> 0.050317/ 62> 0.191895/ 63>-0.475385/ 64> 0.018411/ 65>-0.093587/ 66>
           -0.003917/ 67>-0.038700/ 68> 0.032580/ 69>-0.071009/ 70>-0.000753/ 71>-0.009648/ 72> 0.000587/ 73>


 E=7.3227   0.003122/ 47> 0.023939/ 48>-0.001105/ 49> 0.003464/ 50> 0.062949/ 51> 0.001890/ 52> 0.007254/ 53>
            0.000391/ 54>-0.009595/ 55>-0.109633/ 56> 0.056881/ 57>-0.046762/ 58> 0.035109/ 59>-0.020352/ 60>
            0.012367/ 61>-0.005854/ 62> 0.301401/ 63>-0.046557/ 64> 0.171403/ 65> 0.016090/ 66> 0.031283/ 67>
            0.049793/ 68>-0.907661/ 69>-0.104516/ 70>-0.074274/ 71> 0.012156/ 72>-0.097340/ 73>

 E=7.4209  -0.003143/ 46>-0.026862/ 47> 0.033047/ 48>-0.027335/ 49> 0.018915/ 50>-0.066932/ 51>-0.294336/ 52>
            0.021048/ 53>-0.040827/ 54> 0.094398/ 55> 0.002440/ 56>-0.380617/ 57> 0.129043/ 58>-0.170667/ 59>
            0.060032/ 60>-0.049117/ 61>-0.155607/ 62>-0.051087/ 63> 0.761231/ 64> 0.114220/ 65> 0.198379/ 66>
            0.037006/ 67> 0.047470/ 68>-0.089129/ 69> 0.165650/ 70> 0.005963/ 71> 0.021691/ 72>-0.007597/ 73>


 E=7.4350   0.005288/ 46> 0.048502/ 47> 0.961091/ 48>-0.078464/ 49>-0.002435/ 50>-0.177738/ 51>-0.057250/ 52>
           -0.161448/ 53> 0.015939/ 54>-0.007119/ 55> 0.036444/ 56> 0.036918/ 57> 0.013095/ 58> 0.032497/ 59>
            0.015195/ 60> 0.002808/ 61> 0.009036/ 62>-0.006919/ 63>-0.043221/ 64>-0.009329/ 65>-0.008721/ 66>
           -0.001936/ 67>-0.002473/ 68> 0.008966/ 69>-0.010514/ 70>-0.001504/ 72> 0.001116/ 73>

 E=7.5114  -0.012833/ 46>-0.082646/ 47>-0.079541/ 48>-0.087964/ 49> 0.146158/ 50>-0.086326/ 51>-0.863548/ 52>
            0.100099/ 53>-0.122679/ 54>-0.072670/ 55> 0.022149/ 56> 0.267183/ 57> 0.051843/ 58> 0.265150/ 59>
           -0.025341/ 60> 0.083191/ 61> 0.034880/ 62>-0.008846/ 63>-0.128901/ 64>-0.008680/ 65>-0.020430/ 66>
           -0.004716/ 67>-0.004902/ 68> 0.022164/ 69>-0.051414/ 70>-0.001094/ 71>-0.006397/ 72> 0.001316/ 73>


 E=7.5713  -0.001433/ 52> 0.000353/ 53>-0.000836/ 54>-0.000488/ 55>-0.001604/ 56> 0.002116/ 57>-0.001022/ 58>
           -0.000723/ 60> 0.003647/ 61> 0.000925/ 62> 0.011679/ 63>-0.007762/ 64> 0.009543/ 65>-0.016400/ 66>
            0.019996/ 67>-0.092338/ 69> 0.059153/ 70>-0.159934/ 71>-0.036307/ 72> 0.979844/ 73>

 E=7.6333   0.001143/ 47>-0.002179/ 48> 0.002279/ 49>-0.003894/ 50> 0.002367/ 51> 0.014844/ 52>-0.007552/ 53>
            0.004259/ 54> 0.010046/ 55> 0.001652/ 56>-0.031878/ 57> 0.003982/ 58>-0.005621/ 59> 0.031585/ 60>
           -0.019996/ 61>-0.033786/ 62>-0.016258/ 63> 0.130718/ 64>-0.047894/ 65> 0.239616/ 66> 0.033290/ 67>
            0.112749/ 68> 0.094588/ 69>-0.935235/ 70>-0.085230/ 71>-0.106904/ 72> 0.052733/ 73>

 E=7.6428  -0.000476/  1>-0.012853/  2>-0.000387/  4>-0.106032/  5> 0.001776/  6>-0.007412/  7>-0.388412/ 10>
            0.004468/ 11>-0.038892/ 12> 0.000689/ 13>-0.002644/ 14>-0.676863/ 17> 0.001712/ 18>-0.077934/ 19>
            0.000322/ 20>-0.006801/ 21>-0.000521/ 23>-0.562278/ 26>-0.004130/ 27>-0.061824/ 28>-0.000727/ 29>
           -0.004977/ 30>-0.000316/ 32>-0.223022/ 34>-0.003280/ 35>-0.019292/ 36>-0.000410/ 37>-0.000984/ 38>
           -0.041281/ 40>-0.000720/ 41>-0.002105/ 42>-0.003040/ 44>

 E=7.7621  -0.001828/  1>-0.041881/  2> 0.000974/  3>-0.001364/  4>-0.265715/  5> 0.007575/  6>-0.020427/  7>
            0.000674/  8>-0.000692/  9>-0.594754/ 10> 0.019285/ 11>-0.066862/ 12> 0.002662/ 13>-0.005157/ 14>
           -0.220008/ 17> 0.021926/ 18>-0.028940/ 19> 0.003029/ 20>-0.002936/ 21> 0.000330/ 22> 0.536426/ 26>
            0.021932/ 27> 0.066888/ 28> 0.003149/ 29> 0.006198/ 30> 0.000366/ 31> 0.000461/ 32> 0.457513/ 34>
            0.013715/ 35> 0.043964/ 36> 0.001625/ 37> 0.002509/ 38> 0.120140/ 40> 0.003188/ 41> 0.006678/ 42>

 0.010856/ 44>

 E=7.7782  -0.004740/ 46>-0.003336/ 47>-0.030951/ 48>-0.036188/ 49> 0.001400/ 50>-0.070530/ 51>-0.053900/ 52>
           -0.147058/ 53> 0.020122/ 54> 0.022057/ 55> 0.214260/ 56>-0.129705/ 57>-0.792474/ 58> 0.116772/ 59>
           -0.343542/ 60> 0.114120/ 61>-0.025163/ 62> 0.015567/ 63> 0.137212/ 64>-0.323092/ 65> 0.014127/ 66>
           -0.062115/ 67> 0.007316/ 68>-0.050821/ 69> 0.022217/ 70>-0.023706/ 71> 0.002621/ 72>-0.005216/ 73>


 E=7.7849   0.118476/ 46>-0.067603/ 47> 0.071954/ 48> 0.954992/ 49> 0.013347/ 50>-0.010710/ 51>-0.062550/ 52>
           -0.039699/ 53>-0.235778/ 54>-0.001770/ 55> 0.008738/ 56> 0.003475/ 57>-0.027551/ 58> 0.004130/ 59>
            0.003543/ 60> 0.041645/ 61>-0.000460/ 62> 0.000540/ 63> 0.004301/ 64>-0.012934/ 65>-0.002393/ 66>
            0.004103/ 67>-0.001496/ 69>-0.002667/ 71>-0.001146/ 73>

 E=7.8605   0.004677/  1> 0.090976/  2>-0.002560/  3> 0.003101/  4> 0.430393/  5>-0.016118/  6> 0.034323/  7>
           -0.001460/  8> 0.001227/  9> 0.437372/ 10>-0.025787/ 11> 0.043545/ 12>-0.003464/ 13> 0.003180/ 14>
           -0.000321/ 15>-0.492053/ 17>-0.005314/ 18>-0.101386/ 19>-0.000443/ 20>-0.013841/ 21>-0.001557/ 23>
           -0.017202/ 26> 0.017079/ 27>-0.021820/ 28> 0.002135/ 29>-0.003524/ 30>-0.000338/ 32> 0.550331/ 34>
            0.023673/ 35> 0.053378/ 36> 0.002824/ 37> 0.003176/ 38> 0.224237/ 40> 0.007443/ 41> 0.013028/ 42>

 0.000404/ 43> 0.025090/ 44> 0.000520/ 45>

 E=7.8816   0.001313/ 46> 0.005426/ 47>-0.010122/ 48> 0.014915/ 49>-0.016838/ 50> 0.004233/ 51> 0.096148/ 52>
           -0.075613/ 53> 0.057477/ 54> 0.020984/ 55> 0.049956/ 56>-0.180576/ 57>-0.065396/ 58> 0.480741/ 59>
           -0.202634/ 60> 0.241793/ 61> 0.006723/ 62>-0.165442/ 63>-0.082861/ 64> 0.675917/ 65> 0.263821/ 66>
            0.189638/ 67>-0.006785/ 68> 0.089277/ 69> 0.027045/ 70> 0.070641/ 71> 0.000715/ 72> 0.013087/ 73>


 E=7.9364   0.006802/  1> 0.113811/  2>-0.003600/  3> 0.003971/  4> 0.394177/  5>-0.017569/  6> 0.030986/  7>
           -0.001564/  8> 0.001111/  9> 0.012709/ 10>-0.011724/ 11>-0.018702/ 12>-0.000703/ 13>-0.003046/ 14>
           -0.351170/ 17> 0.010066/ 18>-0.076190/ 19> 0.003267/ 20>-0.011888/ 21> 0.000654/ 22>-0.001580/ 23>
            0.557892/ 26> 0.004433/ 27> 0.123262/ 28> 0.003237/ 29> 0.017426/ 30> 0.000832/ 31> 0.001819/ 32>
           -0.492006/ 34>-0.028267/ 35>-0.040937/ 36>-0.003050/ 37>-0.002109/ 38>-0.354884/ 40>-0.013507/ 41>

-0.020914/ 42>-0.000737/ 43>-0.048838/ 44>-0.001123/ 45>

 E=7.9938   0.018849/  1> 0.276125/  2>-0.009430/  3> 0.009723/  4> 0.687867/  5>-0.034977/  6> 0.050279/  7>
           -0.002927/  8> 0.001689/  9>-0.522658/ 10> 0.003574/ 11>-0.125284/ 12> 0.004339/ 13>-0.015899/ 14>
            0.000934/ 15>-0.001075/ 16> 0.309043/ 17> 0.004197/ 18> 0.076918/ 19> 0.001215/ 20> 0.014905/ 21>
            0.002365/ 23>-0.182293/ 26>-0.005499/ 27>-0.039221/ 28>-0.001936/ 29>-0.005664/ 30>-0.000444/ 31>
           -0.000644/ 32> 0.069449/ 34> 0.006143/ 35> 0.001124/ 36> 0.000433/ 37> 0.123549/ 40> 0.005153/ 41>

 0.007229/ 42> 0.020640/ 44> 0.000508/ 45>

  Q20Q22:  0.00 SEC    QTME:  0.00 SEC



    SYMMETRY R1= 1


   BASIS FUNCTIONS /N,L,J,OMEGA>,   PARITY -


   1 / 7 7 15/2 13/2>    15 / 7 5 11/2  1/2>    29 / 7 7 13/2 -7/2>    43 / 5 5 11/2  1/2>    57 / 5 5 11/2-11/2>
   2 / 7 7 13/2 13/2>    16 / 7 5  9/2  1/2>    30 / 7 5 11/2 -7/2>    44 / 5 5  9/2  1/2>    58 / 3 3  7/2  5/2>
   3 / 7 7 15/2  9/2>    17 / 7 3  7/2  1/2>    31 / 7 5  9/2 -7/2>    45 / 5 3  7/2  1/2>    59 / 3 3  5/2  5/2>
   4 / 7 7 13/2  9/2>    18 / 7 3  5/2  1/2>    32 / 7 3  7/2 -7/2>    46 / 5 3  5/2  1/2>    60 / 3 3  7/2  1/2>
   5 / 7 5 11/2  9/2>    19 / 7 1  3/2  1/2>    33 / 7 7 15/2-11/2>    47 / 5 1  3/2  1/2>    61 / 3 3  5/2  1/2>
   6 / 7 5  9/2  9/2>    20 / 7 1  1/2  1/2>    34 / 7 7 13/2-11/2>    48 / 5 1  1/2  1/2>    62 / 3 1  3/2  1/2>
   7 / 7 7 15/2  5/2>    21 / 7 7 15/2 -3/2>    35 / 7 5 11/2-11/2>    49 / 5 5 11/2 -3/2>    63 / 3 1  1/2  1/2>
   8 / 7 7 13/2  5/2>    22 / 7 7 13/2 -3/2>    36 / 7 7 15/2-15/2>    50 / 5 5  9/2 -3/2>    64 / 3 3  7/2 -3/2>
   9 / 7 5 11/2  5/2>    23 / 7 5 11/2 -3/2>    37 / 5 5 11/2  9/2>    51 / 5 3  7/2 -3/2>    65 / 3 3  5/2 -3/2>
  10 / 7 5  9/2  5/2>    24 / 7 5  9/2 -3/2>    38 / 5 5  9/2  9/2>    52 / 5 3  5/2 -3/2>    66 / 3 1  3/2 -3/2>
  11 / 7 3  7/2  5/2>    25 / 7 3  7/2 -3/2>    39 / 5 5 11/2  5/2>    53 / 5 1  3/2 -3/2>    67 / 3 3  7/2 -7/2>
  12 / 7 3  5/2  5/2>    26 / 7 3  5/2 -3/2>    40 / 5 5  9/2  5/2>    54 / 5 5 11/2 -7/2>    68 / 1 1  3/2  1/2>
  13 / 7 7 15/2  1/2>    27 / 7 1  3/2 -3/2>    41 / 5 3  7/2  5/2>    55 / 5 5  9/2 -7/2>    69 / 1 1  1/2  1/2>
  14 / 7 7 13/2  1/2>    28 / 7 7 15/2 -7/2>    42 / 5 3  5/2  5/2>    56 / 5 3  7/2 -7/2>    70 / 1 1  3/2 -3/2>


    SINGLE PARTICLE (PARITY-) WAVE FUNCTIONS IN THE ENERGY INTERVAL 6.0<E<8.0

 E=6.0316  -0.000358/ 39> 0.001956/ 43> 0.000788/ 45>-0.001073/ 48>-0.012931/ 49> 0.001646/ 50>-0.007727/ 51>
            0.003027/ 52>-0.012896/ 53> 0.097917/ 54>-0.011166/ 55> 0.130147/ 56>-0.986376/ 57>

 E=6.2301   0.005886/ 37> 0.014343/ 38> 0.040239/ 39> 0.235829/ 40>-0.011903/ 41> 0.021746/ 42> 0.027347/ 43>
            0.799299/ 44>-0.025159/ 45> 0.164714/ 46>-0.016880/ 47> 0.026913/ 48>-0.050807/ 49> 0.508506/ 50>
            0.020452/ 51> 0.079432/ 52> 0.008286/ 53>-0.019266/ 54> 0.071938/ 55> 0.002654/ 56>-0.001041/ 57>


 E=6.3360   0.001896/ 37>-0.026085/ 38>-0.012191/ 39>-0.314884/ 40> 0.087796/ 41>-0.037997/ 42>-0.056151/ 43>
           -0.347756/ 44> 0.358270/ 45>-0.121196/ 46> 0.111577/ 47>-0.040379/ 48>-0.046743/ 49> 0.701733/ 50>
            0.251828/ 51> 0.148993/ 52> 0.052486/ 53>-0.006327/ 54> 0.161400/ 55> 0.023994/ 56> 0.000554/ 57>


 E=6.4250  -0.004177/ 37> 0.068575/ 38> 0.016848/ 39> 0.615949/ 40>-0.192497/ 41> 0.076728/ 42> 0.079681/ 43>
           -0.401613/ 44>-0.450136/ 45>-0.182117/ 46>-0.098914/ 47>-0.033327/ 48> 0.003920/ 49> 0.348954/ 50>
           -0.151221/ 51> 0.053840/ 52>-0.016709/ 53>-0.031028/ 54> 0.097329/ 55>-0.007737/ 56>-0.003150/ 57>


 E=6.4375   0.024163/ 37> 0.063405/ 38> 0.075088/ 39> 0.635343/ 40> 0.033018/ 41> 0.063811/ 42>-0.133224/ 43>
           -0.017801/ 44> 0.605668/ 45>-0.110206/ 46> 0.207048/ 47>-0.064323/ 48>-0.017079/ 49>-0.200561/ 50>
            0.302295/ 51>-0.022793/ 52> 0.047420/ 53> 0.034664/ 54>-0.020172/ 55> 0.024353/ 56> 0.003984/ 57>


 E=6.5342  -0.001781/ 37>-0.003140/ 38>-0.006426/ 39>-0.016369/ 40>-0.012953/ 41> 0.001244/ 42> 0.027490/ 43>
            0.028639/ 44>-0.106645/ 45> 0.059112/ 46>-0.095067/ 47> 0.044823/ 48>-0.039127/ 49>-0.191277/ 50>
            0.273381/ 51>-0.144770/ 52> 0.015409/ 53>-0.035107/ 54> 0.905819/ 55> 0.127385/ 56> 0.000404/ 57>


 E=6.5553   0.013219/ 37>-0.001620/ 38> 0.007347/ 39> 0.005447/ 40> 0.113640/ 41>-0.017800/ 42>-0.083708/ 43>
            0.040155/ 44> 0.302805/ 45>-0.167938/ 46> 0.194096/ 47>-0.094788/ 48> 0.157290/ 49> 0.053668/ 50>
           -0.784028/ 51>-0.177702/ 52>-0.178949/ 53>-0.089084/ 54> 0.307822/ 55>-0.050583/ 56>-0.012900/ 57>


 E=6.6656  -0.078335/ 37> 0.384937/ 38> 0.113887/ 39>-0.164978/ 40>-0.848739/ 41> 0.011821/ 42>-0.032942/ 43>
            0.026419/ 44> 0.094057/ 45> 0.078933/ 46> 0.251000/ 47>-0.043265/ 48> 0.010338/ 49>-0.019531/ 50>
           -0.029171/ 51> 0.026340/ 52> 0.014117/ 53>-0.003249/ 54> 0.031312/ 55>-0.006519/ 56>-0.001581/ 57>


 E=6.6754  -0.085776/ 37>-0.898558/ 38> 0.056224/ 39> 0.014561/ 40>-0.350724/ 41> 0.207785/ 42>-0.015249/ 43>
            0.040624/ 45> 0.032195/ 46> 0.098554/ 47>-0.049751/ 48> 0.004522/ 49>-0.006949/ 50>-0.011593/ 51>
            0.014600/ 52>-0.001714/ 54> 0.012309/ 55> 0.001511/ 56>

 E=6.8222  -0.000506/ 37> 0.009464/ 38> 0.001392/ 39>-0.005178/ 40>-0.008737/ 41> 0.013175/ 42>-0.002822/ 43>
            0.001680/ 44> 0.009392/ 45>-0.004502/ 46>-0.017475/ 47>-0.054401/ 48> 0.013089/ 49> 0.010381/ 50>
           -0.037947/ 51> 0.047244/ 52>-0.263826/ 53>-0.076016/ 54>-0.107364/ 55> 0.943667/ 56> 0.121981/ 57>


 E=6.8622   0.002083/ 37> 0.017767/ 38> 0.011862/ 39> 0.119705/ 40>-0.003417/ 41> 0.079243/ 42>-0.039369/ 43>
           -0.246226/ 44> 0.233592/ 45> 0.774600/ 46>-0.249536/ 47> 0.375625/ 48> 0.035333/ 49> 0.047281/ 50>
           -0.187013/ 51> 0.130884/ 52>-0.043206/ 53>-0.014387/ 54> 0.033257/ 55>-0.006385/ 56>-0.000801/ 57>


 E=6.9769  -0.014775/ 37>-0.000476/ 38> 0.025020/ 39>-0.025856/ 40>-0.181167/ 41> 0.022618/ 42>-0.020336/ 43>
            0.012434/ 44> 0.174795/ 45>-0.167293/ 46>-0.503640/ 47> 0.177611/ 48>-0.010558/ 49> 0.153665/ 50>
            0.103841/ 51>-0.716907/ 52>-0.227536/ 53> 0.011362/ 54>-0.136402/ 55>-0.043226/ 56>-0.002720/ 57>


 E=7.0025  -0.006936/  1>-0.082554/  3> 0.001680/  4>-0.005066/  5>-0.367935/  7> 0.005553/  8>-0.037700/  9>
            0.000916/ 10>-0.002431/ 11>-0.698513/ 13> 0.002411/ 14>-0.086597/ 15> 0.000534/ 16>-0.008216/ 17>
           -0.000685/ 19>-0.563552/ 21>-0.005563/ 22>-0.065601/ 23>-0.001116/ 24>-0.005506/ 25>-0.194365/ 28>
           -0.003630/ 29>-0.016262/ 30>-0.000437/ 31>-0.000636/ 32>-0.027618/ 33>-0.000545/ 34>-0.001003/ 35>
           -0.001142/ 36>

 E=7.1201   0.022709/  1>-0.000500/  2> 0.212672/  3>-0.007097/  4> 0.014449/  5>-0.000490/  6> 0.596935/  7>
           -0.023340/  8> 0.069690/  9>-0.003459/ 10> 0.005180/ 11> 0.248857/ 13>-0.027591/ 14> 0.036273/ 15>
           -0.004236/ 16> 0.004144/ 17>-0.000536/ 18> 0.000434/ 19>-0.581719/ 21>-0.027875/ 22>-0.078431/ 23>
           -0.004508/ 24>-0.007769/ 25>-0.000602/ 26>-0.000533/ 27>-0.417442/ 28>-0.015060/ 29>-0.039190/ 30>
           -0.001724/ 31>-0.001732/ 32>-0.081947/ 33>-0.002395/ 34>-0.003258/ 35>-0.004078/ 36>

 E=7.1641  -0.007910/ 37> 0.042097/ 38> 0.018597/ 39>-0.062224/ 40>-0.123593/ 41> 0.212148/ 42>-0.028008/ 43>
            0.098581/ 44> 0.222912/ 45>-0.348112/ 46>-0.632369/ 47>-0.048050/ 48> 0.017281/ 49>-0.126740/ 50>
           -0.099665/ 51> 0.561070/ 52>-0.012447/ 53>-0.003049/ 54> 0.080416/ 55>-0.048376/ 56>-0.005130/ 57>


 E=7.1804   0.011821/ 37> 0.146436/ 38>-0.015679/ 39>-0.076019/ 40> 0.125978/ 41> 0.715333/ 42> 0.010364/ 43>
           -0.031065/ 44>-0.058117/ 45> 0.214042/ 46> 0.043638/ 47>-0.489721/ 48>-0.012720/ 49> 0.023856/ 50>
            0.101269/ 51>-0.085786/ 52>-0.344978/ 53> 0.012230/ 54>-0.007595/ 55>-0.123078/ 56>-0.010692/ 57>


 E=7.2128   0.050107/  1>-0.001304/  2> 0.365518/  3>-0.015383/  4> 0.025909/  5>-0.001084/  6> 0.531450/  7>
           -0.032928/  8> 0.058377/  9>-0.004829/ 10> 0.004397/ 11>-0.000417/ 12>-0.516633/ 13>-0.006054/ 14>
           -0.121823/ 15>-0.018827/ 17>-0.002372/ 19> 0.068620/ 21> 0.021092/ 22>-0.009786/ 23> 0.002975/ 24>
           -0.002273/ 25> 0.513724/ 28> 0.024962/ 29> 0.049434/ 30> 0.002904/ 31> 0.002311/ 32> 0.146479/ 33>
            0.005193/ 34> 0.006097/ 35> 0.008742/ 36>

 E=7.2793   0.042594/  1>-0.001220/  2> 0.246059/  3>-0.011832/  4> 0.017533/  5>-0.000829/  6> 0.111655/  7>
           -0.013082/  8> 0.002178/  9>-0.001291/ 10>-0.000553/ 11>-0.337673/ 13> 0.009496/ 14>-0.082828/ 15>
            0.004029/ 16>-0.014977/ 17> 0.001068/ 18>-0.002292/ 19> 0.000373/ 20> 0.541528/ 21> 0.002371/ 22>
            0.138481/ 23> 0.004615/ 24> 0.021220/ 25> 0.001466/ 26> 0.001994/ 27>-0.640474/ 28>-0.037711/ 29>
           -0.058147/ 30>-0.004157/ 31>-0.002632/ 32>-0.273426/ 33>-0.010818/ 34>-0.011610/ 35>-0.019107/ 36>


 E=7.3097  -0.004894/ 37>-0.085738/ 38> 0.005677/ 39> 0.065430/ 40>-0.055721/ 41>-0.532452/ 42> 0.001347/ 43>
           -0.016936/ 44>-0.003015/ 45> 0.099401/ 46>-0.032434/ 47>-0.222762/ 48>-0.013529/ 49>-0.029248/ 50>
            0.140834/ 51> 0.193676/ 52>-0.733749/ 53> 0.017016/ 54> 0.026066/ 55>-0.206970/ 56>-0.016506/ 57>


 E=7.3420  -0.193360/  1> 0.005983/  2>-0.836696/  3> 0.045056/  4>-0.057732/  5> 0.003046/  6> 0.431670/  7>
            0.001866/  8> 0.130507/  9>-0.005612/ 10> 0.016581/ 11>-0.001151/ 12>-0.190722/ 13>-0.005120/ 14>
           -0.054939/ 15>-0.002134/ 16>-0.013424/ 17>-0.002514/ 19> 0.096223/ 21> 0.003568/ 22> 0.023010/ 23>
            0.001432/ 24> 0.003591/ 25> 0.000400/ 26> 0.000383/ 27>-0.049009/ 28>-0.003655/ 29>-0.003130/ 30>
           -0.000322/ 31>-0.039903/ 33>-0.001724/ 34>-0.001704/ 35>-0.003333/ 36>

 E=7.4274  -0.002065/  1>-0.004785/  3> 0.009256/  7>-0.000450/  8> 0.002029/  9>-0.024828/ 13> 0.001288/ 14>
           -0.007125/ 15> 0.000530/ 16>-0.001614/ 17> 0.000344/ 18>-0.000465/ 19> 0.083976/ 21>-0.003742/ 22>
            0.030344/ 23>-0.001945/ 24> 0.010623/ 25> 0.000404/ 26> 0.001570/ 27>-0.300770/ 28> 0.005722/ 29>
           -0.120602/ 30>-0.006017/ 31>-0.010110/ 32> 0.933270/ 33> 0.044844/ 34> 0.038736/ 35> 0.106870/ 36>


 E=7.5323   0.972610/  1>-0.036099/  2>-0.193256/  3>-0.007710/  4>-0.115872/  5> 0.005443/  6> 0.037041/  7>
            0.002388/  8> 0.017804/  9> 0.001728/ 10> 0.009966/ 11>-0.000640/ 12>-0.007372/ 13>-0.000524/ 14>
           -0.002692/ 15>-0.000860/ 17>-0.000609/ 19> 0.001616/ 21> 0.000422/ 23>-0.000441/ 28>

 E=7.5737  -0.002717/ 37>-0.035549/ 38> 0.005760/ 39> 0.040583/ 40>-0.045747/ 41>-0.311690/ 42>-0.008623/ 43>
           -0.041512/ 44> 0.079758/ 45> 0.262413/ 46>-0.307626/ 47>-0.713906/ 48> 0.008703/ 49> 0.027612/ 50>
           -0.085158/ 51>-0.146351/ 52> 0.425081/ 53>-0.006745/ 54>-0.012621/ 55> 0.077823/ 56> 0.005171/ 57>


 E=7.6536  -0.001949/ 21>-0.000943/ 23>-0.000454/ 25>-0.000758/ 27> 0.013536/ 28>-0.001232/ 29> 0.009233/ 30>
           -0.001405/ 31> 0.010219/ 32>-0.102770/ 33> 0.007657/ 34>-0.115955/ 35> 0.987700/ 36>

 E=7.8166  -0.001075/  1>-0.002550/  2>-0.010553/  3>-0.056059/  4> 0.001240/  5>-0.002876/  6>-0.029762/  7>
           -0.334293/  8> 0.007030/  9>-0.039536/ 10> 0.001979/ 11>-0.002438/ 12>-0.012133/ 13>-0.724869/ 14>
            0.004259/ 15>-0.113809/ 16> 0.001944/ 17>-0.014215/ 18> 0.000752/ 19>-0.001538/ 20> 0.028593/ 21>
           -0.557873/ 22>-0.008480/ 23>-0.079688/ 24>-0.003270/ 25>-0.008025/ 26>-0.000669/ 27> 0.020729/ 28>
           -0.155905/ 29>-0.003616/ 30>-0.013560/ 31>-0.000595/ 32> 0.003978/ 33>-0.014847/ 34>

 E=7.9440  -0.001825/  1>-0.008034/  2>-0.014937/  3>-0.143031/  4> 0.010012/  5>-0.008289/  6>-0.028460/  7>
           -0.562273/  8> 0.066852/  9>-0.078286/ 10> 0.011896/ 11>-0.005822/ 12>-0.004599/ 13>-0.289361/ 14>
            0.129203/ 15>-0.057099/ 16> 0.029254/ 17>-0.009464/ 18> 0.004753/ 19>-0.001668/ 20>-0.019160/ 21>
            0.630282/ 22> 0.109016/ 23> 0.109085/ 24> 0.024043/ 25> 0.013868/ 26> 0.003095/ 27>-0.025821/ 28>
            0.345899/ 29> 0.031485/ 30> 0.034607/ 31> 0.003485/ 32>-0.006450/ 33> 0.043888/ 34> 0.002088/ 35>

-0.000335/ 36>

  Q20Q22:  0.00 SEC    QTME:  0.00 SEC

 Q0=  60.578 HBAR/MW0     Q2= -28.023 HBAR/MW0     GAMMA= 33.2 DEG   FOR 82 PARTICLES;  A=207

1
 **********************************************  SINGLE PARTICLE MATRIX ELEMENTS  ***********************************************


   ENY   EMY     A+B     C      D      E    JZ    S0    S+    S-  <R2S> <R4S>  R2DZ  R2D+  R2D-  Q20S  Q22S   Q20   Q22  RHO2    R2


  5.68- MY=NY  3.692  4.524  31.23   8.98 -0.27 -0.03  0.30  0.38  6.50 48.89  0.05  0.63 -0.76  3.02 -0.46  3.79 -0.61  6.50  6.70
  5.75- 5.68- -3.596  2.115   1.41 -12.65 -1.46 -0.16 -0.33  0.21  6.50 49.04  0.28 -0.59 -0.34  0.68  0.64  0.74  0.62  0.00  0.01
  5.82- 5.68-  0.062 -1.302   2.63 -23.34  0.47  0.05  0.01 -0.11  6.50 48.35 -0.09  0.01  0.22  1.24  1.16  1.34  1.13 -0.00  0.02
  5.91- 5.68-  0.357 -0.042  -0.96   8.48  0.12  0.01  0.03 -0.01  6.50 46.67 -0.03  0.06  0.01 -0.44 -0.41 -0.48 -0.40  0.00 -0.01
  6.03- 5.68- -0.005  0.045  -0.22   1.93 -0.02 -0.00 -0.00  0.00  6.50 43.04  0.00 -0.00 -0.01 -0.10 -0.09 -0.11 -0.09 -0.00 -0.00
  6.23- 5.68- -0.027  0.001   0.72  -1.74 -0.01 -0.02  0.33  0.37  6.50 49.00 -0.04 -0.15  0.20 -0.57  0.63 -0.58  0.59 -0.00 -0.05
  6.34- 5.68-  0.148 -0.122   0.09   0.08  0.08  0.40  0.27 -0.34  6.50 48.80  0.94 -0.30 -0.32 -0.16 -0.05 -0.17 -0.05  0.00 -0.01
  6.42- 5.68- -0.117  0.253   0.73  -0.07 -0.07  0.05 -0.07 -0.09  6.50 49.75  0.12  0.01 -0.03 -0.83 -0.18 -0.88 -0.18 -0.00 -0.03
  6.44- 5.68-  0.331 -0.310  -0.19   0.90  0.12 -0.19 -0.19  0.14  6.50 49.56 -0.43  0.16  0.15 -0.01 -0.15 -0.02 -0.15  0.00  0.00
  6.53- 5.68-  0.029  0.077   0.90  -0.09 -0.01  0.02  0.01 -0.05  6.50 48.96  0.05 -0.02 -0.03 -0.93 -0.20 -0.99 -0.20 -0.00 -0.04
  6.56- 5.68- -0.106 -0.121  -2.63   2.27 -0.01  0.03  0.03 -0.02  6.50 42.54  0.07 -0.02 -0.02  2.23  0.22  2.36  0.25  0.00  0.10

  5.75- MY=NY -3.982 -0.445  29.80 -24.00  1.48  0.16 -0.34 -0.01  6.50 49.08 -0.29 -0.67  0.09  2.88  1.02  3.68  0.81  6.50  6.64
  5.82- 5.75- -1.256  4.841   1.78 -15.67  0.81  0.09 -0.14  0.42  6.50 49.12 -0.16 -0.20 -0.82  0.81  0.77  0.88  0.75 -0.00  0.01
  5.91- 5.75-  0.551 -0.063   2.45 -21.32 -0.42 -0.04  0.04 -0.01  6.50 48.02  0.09  0.09  0.01  1.08  1.03  1.17  1.00  0.00  0.02
  6.03- 5.75-  0.019 -0.160  -0.28   2.40 -0.03 -0.00  0.00 -0.01  6.50 45.71  0.01  0.00  0.03 -0.12 -0.11 -0.13 -0.11 -0.00 -0.00
  6.23- 5.75- -0.101  0.073   0.12  -0.36 -0.05 -0.08 -0.12  0.08  6.50 48.64 -0.25  0.15  0.12 -0.08 -0.09 -0.09 -0.08  0.00 -0.00
  6.34- 5.75- -0.010  0.034  -0.38   1.05 -0.00  0.09 -0.52 -0.25  6.50 49.69  0.23  0.37 -0.06  0.12 -0.22  0.11 -0.21  0.00  0.01
  6.42- 5.75-  0.003  0.082   0.58  -2.24  0.06  0.36 -0.35 -0.00  6.50 48.74  0.89  0.27  0.11 -0.09  0.75 -0.07  0.72 -0.00 -0.03
  6.44- 5.75-  0.046 -0.061  -2.04   4.58 -0.04  0.20  0.05  0.14  6.50 47.54  0.48 -0.00  0.10  1.43 -1.07  1.47 -1.00 -0.00  0.10
  6.53- 5.75- -0.162  0.033   0.70  -0.78  0.02  0.04 -0.03  0.16  6.50 46.35  0.08  0.07  0.11 -0.62  0.03 -0.66  0.01  0.00 -0.03
  6.56- 5.75-  0.469 -0.337  -1.49   2.88 -0.08  0.03 -0.06  0.04  6.50 60.57  0.05  0.04  0.04  1.00 -0.34  1.04 -0.31 -0.00  0.06

  5.82- MY=NY -0.136  1.233  24.34 -19.20 -3.14 -0.32 -0.02  0.10  6.50 49.06  0.65 -0.02 -0.21  0.91  0.63  1.60  0.39  6.50  6.56
  5.91- 5.82- -4.419  0.709   0.38  -3.32 -0.11 -0.01 -0.36  0.08  6.50 49.01  0.02 -0.77 -0.11  0.17  0.16  0.18  0.15  0.00  0.00
  6.03- 5.82-  0.005 -0.042   1.72 -14.71  0.22  0.02  0.00 -0.00  6.50 46.95 -0.05  0.00  0.01  0.72  0.68  0.78  0.67  0.00  0.01
  6.23- 5.82-  0.006 -0.044   0.21  -0.88  0.01  0.02  0.01 -0.04  6.50 47.92  0.07 -0.02 -0.06 -0.11 -0.08 -0.12 -0.07  0.00 -0.00
  6.34- 5.82- -0.001  0.016   0.20  -0.60  0.01  0.10 -0.04  0.14  6.50 50.17  0.29  0.08  0.16 -0.13 -0.00 -0.13 -0.01  0.00 -0.01
  6.42- 5.82-  0.027 -0.013  -0.05   0.15  0.05  0.08 -0.12 -0.59  6.50 49.43  0.22 -0.08 -0.51  0.04 -0.32  0.03 -0.31 -0.00  0.01
  6.44- 5.82-  0.109 -0.157  -0.03   0.04 -0.05 -0.01 -0.06 -0.48  6.50 48.29 -0.02 -0.10 -0.43  0.05  0.34  0.06  0.32 -0.00 -0.01
  6.53- 5.82- -0.032  0.030  -0.12  -0.92 -0.06 -0.33 -0.01  0.04  6.50 48.57 -0.82  0.02  0.03  0.52  0.55  0.56  0.53  0.00  0.01
  6.56- 5.82-  0.064 -0.065  -2.16   5.34  0.14 -0.09 -0.01 -0.00  6.50 53.25 -0.23  0.00  0.01  1.35 -1.60  1.37 -1.51 -0.00  0.12

  5.91- MY=NY -0.077  0.009  15.94  -9.42  4.38  0.42 -0.01  0.00  6.50 48.91 -0.95 -0.01 -0.00 -1.87 -0.03 -1.35 -0.28  6.50  6.45
  6.03- 5.91- -0.441  3.320   0.02  -0.15  0.00  0.00 -0.05  0.26  6.50 48.93 -0.00 -0.08 -0.59  0.01  0.01  0.01  0.01  0.00  0.00
  6.23- 5.91-  0.011 -0.000  -0.07   0.41  0.00  0.00  0.01 -0.00  6.50 45.66  0.02 -0.02 -0.01  0.03  0.01  0.03  0.01 -0.00  0.00
  6.34- 5.91-  0.010  0.002   0.04  -0.21  0.00 -0.01  0.04 -0.01  6.50 49.26 -0.05 -0.06 -0.03 -0.04  0.01 -0.04  0.01  0.00 -0.00
  6.42- 5.91-  0.036 -0.011  -0.13   0.43  0.00  0.06  0.03 -0.01  6.50 48.90  0.19 -0.04 -0.02  0.10 -0.01  0.10 -0.01 -0.00  0.01
  6.44- 5.91- -0.029  0.009  -0.31   1.20  0.03  0.05  0.01  0.00  6.50 51.17  0.16 -0.01 -0.00  0.15  0.18  0.17  0.18 -0.00  0.00
  6.53- 5.91-  0.109 -0.051   0.05  -0.16  0.00 -0.00  0.84  0.05  6.50 49.15 -0.01 -0.84 -0.22 -0.02  0.01 -0.02  0.01 -0.00 -0.00
  6.56- 5.91-  0.146 -0.070  -0.06   0.21  0.02  0.00  0.27  0.01  6.50 47.83  0.00 -0.27 -0.07  0.03  0.14  0.03  0.13  0.00 -0.00

  6.03- MY=NY -0.000  0.002   5.64  -2.96 -5.45 -0.50 -0.00  0.00  6.50 48.90  1.25 -0.00 -0.00 -4.90 -0.52 -4.56 -0.80  6.50  6.32
  6.23- 6.03-  0.000  0.001  -0.01   0.09  0.00 -0.00 -0.00  0.00  6.50 37.91 -0.00  0.00  0.00  0.00 -0.00  0.00 -0.00  0.00  0.00
  6.34- 6.03- -0.001  0.000  -0.01   0.08  0.00 -0.00  0.00 -0.00  6.50 47.20 -0.01 -0.00 -0.01  0.01 -0.00  0.01 -0.00 -0.00  0.00
  6.42- 6.03-  0.002  0.002  -0.04   0.22 -0.00 -0.00 -0.00  0.01  6.50 47.32 -0.01  0.01  0.03  0.01  0.01  0.01  0.01 -0.00  0.00
  6.44- 6.03- -0.001  0.012   0.04  -0.18  0.00 -0.00 -0.00  0.01  6.50 45.35 -0.00  0.01  0.02 -0.01 -0.01 -0.01 -0.01 -0.00  0.00
  6.53- 6.03- -0.000  0.000  -0.17   0.81 -0.00 -0.05  0.00 -0.00  6.50 50.42 -0.17 -0.00 -0.00  0.11  0.03  0.12  0.03  0.00  0.00
  6.56- 6.03- -0.002  0.006  -0.19   0.83 -0.01 -0.01 -0.00 -0.00  6.50 49.58 -0.05 -0.00 -0.00  0.07  0.09  0.08  0.09  0.00  0.00

  6.23- MY=NY  4.408  4.221  23.03  30.10  0.06 -0.01 -0.37 -0.34  6.50 49.13  0.08 -1.33  1.21  3.95 -2.02  4.71 -2.09  6.50  6.79
  6.34- 6.23- -1.364  1.972  -0.18   4.23 -0.96  0.10  0.17 -0.21  6.50 49.76 -1.19  0.91  1.00 -0.45 -0.33 -0.48 -0.32  0.00 -0.01
  6.42- 6.23-  0.102  0.674  -1.05  12.50 -0.08  0.03 -0.03 -0.04  6.50 53.91  0.80 -0.58 -0.37 -1.03 -0.89 -1.12 -0.87 -0.00 -0.02
  6.44- 6.23-  1.286 -0.758  -0.24   7.02  0.51 -0.08 -0.07  0.05  6.50 46.16 -1.03  0.53  0.55 -0.80 -0.56 -0.86 -0.55 -0.00 -0.02
  6.53- 6.23- -0.067  0.180  -0.65   4.42 -0.07  0.01  0.00 -0.02  6.50 57.72 -0.05 -0.00  0.10 -0.17 -0.23 -0.19 -0.22  0.00 -0.00
  6.56- 6.23-  0.127  0.340   0.71   4.96 -0.07  0.01  0.01 -0.02  6.50 42.73  0.10  0.01 -0.17 -1.15 -0.65 -1.24 -0.64 -0.00 -0.03

  6.34- MY=NY -2.142 -3.662  19.64   1.10 -0.55  0.07  0.01  0.18  6.50 47.84 -0.22 -0.32  0.06  3.86 -0.52  4.67 -0.66  6.50  6.74
  6.42- 6.34-  3.202 -1.098   2.38 -14.60 -0.93  0.09 -0.11  0.27  6.50 49.52 -0.42 -0.12 -1.07  0.63  1.38  0.71  1.33  0.00 -0.02
  6.44- 6.34-  1.401 -0.406  -1.91   0.35 -0.27  0.06 -0.39 -0.16  6.50 54.99  0.06 -1.14  0.97  1.12 -0.41  1.17 -0.38 -0.00  0.07
  6.53- 6.34-  0.198 -0.959  -1.23  14.70 -0.42 -0.00  0.02  0.03  6.50 62.55 -0.47 -0.10 -0.30 -1.30 -1.06 -1.41 -1.04 -0.00 -0.03
  6.56- 6.34- -0.433  0.490   0.20   1.40  0.23  0.15 -0.10  0.16  6.50 57.88  1.20  0.31  0.48 -0.09 -0.03 -0.10 -0.03 -0.00 -0.00

  6.42- MY=NY  1.864 -1.488  18.26 -11.49  1.03 -0.10 -0.39  0.00  6.50 53.00  0.05 -1.06 -0.63  2.77  0.34  3.55  0.15  6.50  6.66
  6.44- 6.42-  1.984  1.486   0.67  -9.09  1.05 -0.14  0.17  0.11  6.50 55.41  0.84 -0.02  0.37 -0.59  0.46 -0.60  0.43  0.00 -0.04
  6.53- 6.42- -0.542  3.233  -0.68   6.79 -0.14  0.05  0.04 -0.17  6.50 47.23 -0.39  0.55  0.34 -0.36 -0.26 -0.38 -0.26 -0.00 -0.01
  6.56- 6.42-  0.350 -0.512  -0.27   6.25 -0.44 -0.09  0.09 -0.32  6.50 57.16  0.67 -1.24  0.86 -0.60 -0.71 -0.66 -0.69  0.00 -0.00

  6.44- MY=NY -2.862 -1.564  16.45   6.69  1.07 -0.04 -0.25 -0.22  6.50 56.00  0.71  0.64 -0.08  2.77 -0.18  3.53 -0.34  6.50  6.67
  6.53- 6.44- -0.093  1.796   0.30  -0.23 -0.21 -0.05  0.12 -0.27  6.50 52.65  0.11  0.55  0.70 -0.38 -0.19 -0.41 -0.19 -0.00 -0.01
  6.56- 6.44- -0.725  2.484  -0.03  -6.67  0.57  0.18 -0.24  0.22  6.50 58.58 -0.26 -1.24 -0.16  1.07  0.61  1.15  0.60  0.00  0.03

  6.53- MY=NY -0.020  0.029  12.66  -7.03 -3.12  0.31 -0.02  0.03  6.50 50.35 -1.06 -0.06 -0.07 -0.81 -0.25 -0.24 -0.47  6.50  6.51
  6.56- 6.53-  0.007 -0.757  -0.35   1.39 -0.69  0.13  0.04 -0.05  6.50 51.64 -0.90  0.07  0.32 -1.12 -0.14 -1.19 -0.16 -0.00 -0.05

  6.56- MY=NY  0.246  2.357  13.04  -6.44 -1.31 -0.14 -0.10  0.13  6.50 59.25  0.25 -0.01 -0.53  2.57  0.63  3.35  0.43  6.50  6.64

 DECOUP:  0.00 SEC



   #   ENERGY +/-(#)    <Q20>    <Q22>     <R2>     <JZ>      #   ENERGY +/-(#)    <Q20>    <Q22>     <R2>     <JZ>

   1   1.5000  +(# 1)   0.1431  -0.0515   1.5085   0.5000    41   6.2301  -(#20)   4.7137  -2.0936   6.7948   0.0586
   2   2.3202  -(# 1)   1.5699  -0.2719   2.5822   0.4235    42   6.2625  +(#22)  -2.9773   3.4643   5.2335  -0.3113
   3   2.4251  -(# 2)  -0.6482  -0.1530   2.4760  -1.3932    43   6.3250  +(#23)   5.0476  -3.1521   7.8498   0.0026
   4   2.7546  -(# 3)  -0.2062   0.1675   2.4843   0.4697    44   6.3360  -(#21)   4.6667  -0.6554   6.7388  -0.5536
   5   3.1720  +(# 2)   3.0279  -0.5338   3.6590   0.3405    45   6.4250  -(#22)   3.5539   0.1507   6.6575   1.0275
   6   3.2695  +(# 3)   1.3224  -0.0087   3.5610  -1.2781    46   6.4375  -(#23)   3.5270  -0.3443   6.6748   1.0702
   7   3.3626  +(# 4)  -1.6287  -1.0402   3.4642   2.2540    47   6.4401  +(#24)   4.3119  -1.2155   7.7435  -0.0933
   8   3.5295  +(# 5)  -0.0085   0.6832   3.4740   0.6456    48   6.5244  +(#25)   4.2581   0.5103   7.6763   0.9280
   9   3.7607  +(# 6)   0.4743  -0.7043   3.5482   0.2673    49   6.5342  -(#24)  -0.2384  -0.4748   6.5069  -3.1223
  10   3.9058  +(# 7)  -1.1837   0.8829   3.4126  -1.2293    50   6.5553  -(#25)   3.3482   0.4262   6.6377  -1.3076
  11   3.9911  -(# 4)   3.3854  -1.2466   4.7021   0.1395    51   6.5859  +(#26)   3.3880   1.0237   7.6171  -2.6550
  12   4.0887  -(# 5)   2.8663   0.3871   4.6171  -1.0364    52   6.6631  +(#27)   0.6652   0.2096   7.5227   4.2433
  13   4.1645  -(# 6)   0.5084  -0.2396   4.5323   2.3458    53   6.6656  -(#26)  -0.7810  -0.6912   6.4901   2.6323
  14   4.2757  -(# 7)  -2.6314  -0.8050   4.4094  -3.4162    54   6.6754  -(#27)  -3.5957  -0.9278   6.3697   4.1009
  15   4.4944  -(# 8)   3.0481  -0.0662   4.6424   0.4392    55   6.7643  +(#28)  -2.2957  -0.3824   7.4090  -5.3911
  16   4.6211  -(# 9)   2.0175  -1.0164   4.6307  -0.2928    56   6.8222  -(#28)  -4.1728  -1.2335   6.3547  -3.3695
  17   4.7019  -(#10)  -0.6138   0.2343   4.4631  -0.6907    57   6.8622  -(#29)   4.6223   0.5655   6.6910   0.4230
  18   4.7718  -(#11)   0.0771  -0.5276   4.5233  -0.9019    58   6.8844  +(#29)  -5.5192  -0.8933   7.2801   6.4526
  19   4.8161  +(# 8)   3.8561  -1.9179   5.7489   0.0407    59   6.9769  -(#30)   0.8644  -1.2038   6.5848  -0.7138
  20   4.8654  -(#12)  -2.2327  -0.7228   4.4246   1.5720    60   7.0025  -(#31)   5.6373  -3.7700   8.9000   0.0006
  21   4.9215  +(# 9)   3.4429   0.0198   5.6573  -0.6371    61   7.0324  +(#30)   5.2547  -2.7926   7.8458   0.0149
  22   4.9892  +(#10)   2.4703   0.4813   5.5954   2.0018    62   7.1201  -(#32)   4.8296  -1.8221   8.7900  -0.0269
  23   5.0254  -(#13)  -2.1313   2.4582   4.3101   0.8416    63   7.1540  +(#31)   4.7884  -0.8786   7.7527  -0.3058
  24   5.0766  +(#11)  -0.4055  -0.2288   5.4900  -3.3664    64   7.1641  -(#33)  -0.1459   2.2216   6.4100  -0.0819
  25   5.1923  +(#12)  -3.5972  -0.7759   5.3640   4.4406    65   7.1804  -(#34)  -3.2819  -2.2261   6.4328   1.3183
  26   5.4046  +(#13)   4.6949  -1.1222   5.7575   0.2660    66   7.2128  -(#35)   4.5328  -0.0770   8.7109   0.4192
  27   5.4663  +(#14)   3.9381  -1.0861   5.7215  -0.4639    67   7.2411  +(#32)   4.4741   0.8223   7.6745   1.5323
  28   5.5638  -(#14)   4.4075  -2.5528   6.7980   0.0103    68   7.2793  -(#36)   4.5619   1.3647   8.6582  -1.9606
  29   5.5656  +(#15)   3.0496   1.0390   5.6010  -0.3388    69   7.2829  +(#33)   4.9489  -1.8965   7.7982   0.0887
  30   5.6090  +(#16)   0.9205  -0.7842   5.5716   2.0337    70   7.3097  -(#37)  -3.8859   0.6247   6.2982  -0.2589
  31   5.6565  +(#17)   0.7177  -0.0223   5.5338  -0.9416    71   7.3227  +(#34)   1.7730   0.2033   7.5738  -3.1691
  32   5.6754  -(#15)   3.7881  -0.6103   6.6967  -0.2681    72   7.3420  -(#38)   2.5377   0.8669   8.5840   3.9181
  33   5.7498  -(#16)   3.6847   0.8068   6.6389   1.4822    73   7.4209  +(#35)   4.7061   0.3601   7.7025  -0.7772
  34   5.7523  +(#18)  -3.3104  -1.4090   5.4009  -3.2324    74   7.4274  -(#39)  -0.2668   0.1139   8.4835  -5.2797
  35   5.8056  +(#19)  -3.2083  -1.2227   5.3986   2.1487    75   7.4350  +(#36)  -1.6557  -0.5216   7.4435   4.3508
  36   5.8179  -(#17)   1.5999   0.3944   6.5587  -3.1427    76   7.5114  +(#37)   2.7393   0.3459   7.6128   2.1358
  37   5.9133  -(#18)  -1.3516  -0.2806   6.4485   4.3829    77   7.5323  -(#40)  -3.2443  -0.4388   8.3675   6.3964
  38   5.9194  +(#20)   1.2959   1.6303   5.4984   0.4252    78   7.5713  +(#38)  -5.3278  -1.1041   7.2968  -5.4265
  39   6.0316  -(#19)  -4.5579  -0.8048   6.3210  -5.4498    79   7.5737  -(#41)  -3.7416   4.2238   6.1700   0.2620
  40   6.0624  +(#21)  -3.0156  -0.8975   5.3952  -0.5652    80   7.6333  +(#39)  -1.1773  -0.5518   7.4666  -3.3604



     PARITY: +     DIMENSION:  95     MATRIX:   0.0 SEC     DIAGONALISATION:   0.0 SEC
     PARITY: -     DIMENSION:  70     MATRIX:   0.0 SEC     DIAGONALISATION:   0.0 SEC
      TOTAL TIME:   0.0 SEC
