


         KAPPAP      MYP     KAPPAN      MYN
    0    0.1200    0.0000    0.1200    0.0000
    1    0.1200    0.0000    0.1200    0.0000
    2    0.1050    0.0000    0.1050    0.0000
    3    0.0900    0.3000    0.0900    0.2500
    4    0.0650    0.5700    0.0700    0.3900
    5    0.0600    0.6500    0.0620    0.4300
    6    0.0540    0.6900    0.0620    0.3400
    7    0.0540    0.6900    0.0620    0.2600
    8    0.0540    0.6900    0.0620    0.2600


     KAPPA    MY     EPS   GAMMA    EPS4     EPS6     W0/W00   NMAX  COUPL     OMROT      EFAC      QFAC
      SEE TABLE     0.380   24.5   0.000    0.000    1.01699     8     0     0.00000   6.56063   6.32561


                     **** PROTONS ****                     **** STRETCHED COORDINATES ****
    SYMMETRY R1= 1


   BASIS FUNCTIONS /N,L,J,OMEGA>,   PARITY +


   1 / 8 8 17/2 17/2>    20 / 8 6 11/2  1/2>    39 / 8 4  7/2 -7/2>    58 / 6 4  7/2  1/2>    77 / 4 2  5/2  5/2>
   2 / 8 8 17/2 13/2>    21 / 8 4  9/2  1/2>    40 / 8 8 17/2-11/2>    59 / 6 2  5/2  1/2>    78 / 4 4  9/2  1/2>
   3 / 8 8 15/2 13/2>    22 / 8 4  7/2  1/2>    41 / 8 8 15/2-11/2>    60 / 6 2  3/2  1/2>    79 / 4 4  7/2  1/2>
   4 / 8 6 13/2 13/2>    23 / 8 2  5/2  1/2>    42 / 8 6 13/2-11/2>    61 / 6 0  1/2  1/2>    80 / 4 2  5/2  1/2>
   5 / 8 8 17/2  9/2>    24 / 8 2  3/2  1/2>    43 / 8 6 11/2-11/2>    62 / 6 6 13/2 -3/2>    81 / 4 2  3/2  1/2>
   6 / 8 8 15/2  9/2>    25 / 8 0  1/2  1/2>    44 / 8 8 17/2-15/2>    63 / 6 6 11/2 -3/2>    82 / 4 0  1/2  1/2>
   7 / 8 6 13/2  9/2>    26 / 8 8 17/2 -3/2>    45 / 8 8 15/2-15/2>    64 / 6 4  9/2 -3/2>    83 / 4 4  9/2 -3/2>
   8 / 8 6 11/2  9/2>    27 / 8 8 15/2 -3/2>    46 / 6 6 13/2 13/2>    65 / 6 4  7/2 -3/2>    84 / 4 4  7/2 -3/2>
   9 / 8 4  9/2  9/2>    28 / 8 6 13/2 -3/2>    47 / 6 6 13/2  9/2>    66 / 6 2  5/2 -3/2>    85 / 4 2  5/2 -3/2>
  10 / 8 8 17/2  5/2>    29 / 8 6 11/2 -3/2>    48 / 6 6 11/2  9/2>    67 / 6 2  3/2 -3/2>    86 / 4 2  3/2 -3/2>
  11 / 8 8 15/2  5/2>    30 / 8 4  9/2 -3/2>    49 / 6 4  9/2  9/2>    68 / 6 6 13/2 -7/2>    87 / 4 4  9/2 -7/2>
  12 / 8 6 13/2  5/2>    31 / 8 4  7/2 -3/2>    50 / 6 6 13/2  5/2>    69 / 6 6 11/2 -7/2>    88 / 4 4  7/2 -7/2>
  13 / 8 6 11/2  5/2>    32 / 8 2  5/2 -3/2>    51 / 6 6 11/2  5/2>    70 / 6 4  9/2 -7/2>    89 / 2 2  5/2  5/2>
  14 / 8 4  9/2  5/2>    33 / 8 2  3/2 -3/2>    52 / 6 4  9/2  5/2>    71 / 6 4  7/2 -7/2>    90 / 2 2  5/2  1/2>
  15 / 8 4  7/2  5/2>    34 / 8 8 17/2 -7/2>    53 / 6 4  7/2  5/2>    72 / 6 6 13/2-11/2>    91 / 2 2  3/2  1/2>
  16 / 8 2  5/2  5/2>    35 / 8 8 15/2 -7/2>    54 / 6 2  5/2  5/2>    73 / 6 6 11/2-11/2>    92 / 2 0  1/2  1/2>
  17 / 8 8 17/2  1/2>    36 / 8 6 13/2 -7/2>    55 / 6 6 13/2  1/2>    74 / 4 4  9/2  9/2>    93 / 2 2  5/2 -3/2>
  18 / 8 8 15/2  1/2>    37 / 8 6 11/2 -7/2>    56 / 6 6 11/2  1/2>    75 / 4 4  9/2  5/2>    94 / 2 2  3/2 -3/2>
  19 / 8 6 13/2  1/2>    38 / 8 4  9/2 -7/2>    57 / 6 4  9/2  1/2>    76 / 4 4  7/2  5/2>    95 / 0 0  1/2  1/2>


    SINGLE PARTICLE (PARITY+) WAVE FUNCTIONS IN THE ENERGY INTERVAL 6.0<E<8.0

 E=6.0153  -0.148637/ 74> 0.019439/ 75>-0.342268/ 76>-0.392763/ 77> 0.119193/ 78> 0.239548/ 79>-0.361070/ 80>
           -0.306776/ 81> 0.362198/ 82>-0.108031/ 83>-0.140864/ 84> 0.320810/ 85> 0.005788/ 86> 0.017257/ 87>
            0.379598/ 88>

 E=6.0297   0.174767/ 74>-0.138868/ 75>-0.106347/ 76> 0.532862/ 77> 0.084667/ 78> 0.276198/ 79>-0.171638/ 80>
           -0.514084/ 81>-0.113457/ 82>-0.090013/ 83>-0.104121/ 84> 0.242251/ 85> 0.065628/ 86> 0.103276/ 87>
           -0.415032/ 88>

 E=6.1093   0.001867/ 46> 0.055762/ 47>-0.005515/ 48> 0.006259/ 49> 0.372954/ 50>-0.051605/ 51> 0.110925/ 52>
           -0.017773/ 53> 0.015338/ 54> 0.357256/ 55>-0.104109/ 56> 0.187163/ 57>-0.055839/ 58> 0.075319/ 59>
           -0.027479/ 60> 0.024300/ 61>-0.711230/ 62>-0.111154/ 63>-0.277462/ 64>-0.054972/ 65>-0.071391/ 66>
           -0.016311/ 67>-0.227774/ 68>-0.026408/ 69>-0.045763/ 70>-0.005103/ 71>-0.017142/ 72>-0.001196/ 73>


 E=6.2546   0.006089/ 46> 0.160682/ 47>-0.016377/ 48> 0.018204/ 49> 0.801906/ 50>-0.113616/ 51> 0.233381/ 52>
           -0.039872/ 53> 0.032437/ 54>-0.315995/ 55>-0.026195/ 56>-0.301624/ 57> 0.014230/ 58>-0.153288/ 59>
            0.029669/ 60>-0.050331/ 61> 0.166628/ 62> 0.020571/ 63> 0.047403/ 64> 0.012362/ 65> 0.011171/ 66>
            0.003731/ 67> 0.102438/ 68> 0.011233/ 69> 0.020163/ 70> 0.002274/ 71> 0.009288/ 72> 0.000638/ 73>


 E=6.3220   0.107416/ 74>-0.086427/ 75> 0.104489/ 76> 0.480484/ 77> 0.035868/ 78>-0.060106/ 79>-0.158483/ 80>
            0.189411/ 81> 0.364241/ 82> 0.035421/ 83>-0.160662/ 84>-0.148146/ 85> 0.581541/ 86>-0.050840/ 87>
            0.388403/ 88>

 E=6.4373   0.000382/ 46> 0.008757/ 47>-0.001281/ 48> 0.001115/ 49> 0.028274/ 50>-0.007128/ 51> 0.010863/ 52>
           -0.001689/ 53> 0.001504/ 54>-0.055099/ 55> 0.013919/ 56>-0.020802/ 57> 0.028701/ 58>-0.023777/ 59>
            0.022004/ 60>-0.015420/ 61> 0.174099/ 62>-0.022745/ 63> 0.259994/ 64> 0.033847/ 65> 0.106266/ 66>
            0.022101/ 67>-0.905540/ 68>-0.123776/ 69>-0.184663/ 70>-0.023751/ 71>-0.108443/ 72>-0.008590/ 73>


 E=6.5701   0.000792/ 46> 0.017468/ 47> 0.010291/ 48> 0.001001/ 49> 0.073612/ 50> 0.178709/ 51>-0.004054/ 52>
            0.047766/ 53>-0.005575/ 54> 0.113126/ 55> 0.757220/ 56>-0.032210/ 57> 0.390952/ 58>-0.069738/ 59>
            0.156643/ 60>-0.056977/ 61>-0.136435/ 62> 0.379868/ 63>-0.034832/ 64> 0.140370/ 65> 0.004218/ 66>
            0.026006/ 67>-0.020464/ 68> 0.046947/ 69> 0.006636/ 71>-0.000697/ 72> 0.001396/ 73>

 E=6.6646   0.042968/ 74>-0.049912/ 75> 0.063920/ 76> 0.269650/ 77> 0.055417/ 78>-0.120561/ 79>-0.240322/ 80>
            0.327612/ 81> 0.560051/ 82>-0.046202/ 83> 0.158114/ 84> 0.173407/ 85>-0.577323/ 86> 0.026523/ 87>
           -0.176941/ 88>

 E=6.6755  -0.059081/ 46>-0.943015/ 47> 0.115109/ 48>-0.108807/ 49> 0.104454/ 50> 0.023115/ 51> 0.251510/ 52>
           -0.037468/ 53> 0.060212/ 54>-0.020306/ 55> 0.007136/ 56> 0.001616/ 57>-0.012626/ 58>-0.033766/ 59>
            0.004887/ 60>-0.020434/ 61>-0.000846/ 62> 0.011492/ 63> 0.007759/ 64> 0.000671/ 66>-0.000534/ 67>
            0.003073/ 69> 0.001100/ 70> 0.000393/ 71>

 E=6.7398  -0.001586/ 46>-0.031194/ 47> 0.012880/ 48>-0.006324/ 49>-0.055453/ 50> 0.120174/ 51>-0.095814/ 52>
            0.046529/ 53>-0.023608/ 54> 0.234691/ 55> 0.129804/ 56>-0.379101/ 57> 0.189858/ 58>-0.326204/ 59>
            0.159943/ 60>-0.150668/ 61> 0.120063/ 62>-0.609145/ 63>-0.236112/ 64>-0.288067/ 65>-0.137933/ 66>
           -0.075321/ 67>-0.022708/ 68>-0.110725/ 69>-0.030994/ 70>-0.018776/ 71>-0.002759/ 72>-0.003824/ 73>


 E=6.9343   0.001598/ 46> 0.033514/ 47>-0.013764/ 48> 0.008536/ 49> 0.071375/ 50>-0.075157/ 51> 0.147546/ 52>
           -0.037910/ 53> 0.034969/ 54>-0.304218/ 55> 0.333489/ 56> 0.484634/ 57> 0.188384/ 58> 0.357405/ 59>
            0.023943/ 60> 0.113601/ 61> 0.025255/ 62>-0.511189/ 63> 0.164748/ 64>-0.201515/ 65> 0.047627/ 66>
           -0.035593/ 67> 0.080588/ 68>-0.086141/ 69> 0.020272/ 70>-0.011877/ 71> 0.019839/ 72>-0.001667/ 73>


 E=6.9554  -0.000889/ 47> 0.000527/ 48>-0.000424/ 50>-0.002422/ 52>-0.001100/ 53> 0.002743/ 55>-0.003562/ 56>
           -0.007488/ 57>-0.004032/ 58> 0.001049/ 59> 0.004817/ 60>-0.002807/ 61> 0.007126/ 62> 0.007783/ 63>
           -0.002967/ 64>-0.006952/ 65> 0.044392/ 66> 0.010171/ 67>-0.061317/ 68> 0.017935/ 69>-0.248845/ 70>
           -0.031834/ 71> 0.960630/ 72> 0.088292/ 73>

 E=6.9771   0.007666/ 47> 0.085804/ 48>-0.008304/ 49> 0.177486/ 50> 0.808636/ 51>-0.096328/ 52> 0.231341/ 53>
           -0.040532/ 54>-0.089311/ 55> 0.055222/ 56> 0.005616/ 57>-0.287265/ 58> 0.166778/ 59>-0.263068/ 60>
            0.154818/ 61> 0.083504/ 62>-0.023955/ 63>-0.097765/ 64>-0.070276/ 65>-0.059234/ 66>-0.027969/ 67>
           -0.034016/ 68>-0.011960/ 69>-0.020780/ 70>-0.004478/ 71>-0.004642/ 72>-0.000630/ 73>

 E=7.0947  -0.005459/  2>-0.000389/  4>-0.066168/  5> 0.003278/  6>-0.011620/  7> 0.000693/  8>-0.000841/  9>
           -0.332581/ 10> 0.012503/ 11>-0.089340/ 12> 0.004963/ 13>-0.015751/ 14> 0.001291/ 15>-0.001521/ 16>
           -0.690255/ 17> 0.006316/ 18>-0.223908/ 19> 0.003419/ 20>-0.054976/ 21> 0.001701/ 22>-0.011770/ 23>
            0.001064/ 24>-0.002082/ 25>-0.537843/ 26>-0.013601/ 27>-0.163373/ 28>-0.006543/ 29>-0.035764/ 30>
           -0.002499/ 31>-0.005910/ 32>-0.000712/ 33>-0.164858/ 34>-0.007522/ 35>-0.037022/ 36>-0.002293/ 37>

-0.004666/ 38>-0.000327/ 39>-0.021355/ 40>-0.001054/ 41>-0.002652/ 42>-0.001050/ 44>

 E=7.1240   0.000388/ 46> 0.004173/ 47> 0.034361/ 48>-0.003412/ 49> 0.034630/ 50> 0.309725/ 51>-0.061157/ 52>
            0.114388/ 53>-0.027236/ 54> 0.067556/ 55>-0.206620/ 56> 0.001642/ 57> 0.135907/ 58>-0.197662/ 59>
            0.205495/ 60>-0.165454/ 61>-0.319121/ 62>-0.173782/ 63> 0.628123/ 64> 0.124155/ 65> 0.350251/ 66>
            0.092045/ 67> 0.147025/ 68> 0.045340/ 69> 0.109059/ 70> 0.018862/ 71> 0.024834/ 72> 0.003800/ 73>


 E=7.2494   0.002241/ 46> 0.034255/ 47>-0.005614/ 48> 0.009884/ 49>-0.037467/ 50> 0.010293/ 51> 0.103047/ 52>
           -0.025633/ 53> 0.027002/ 54>-0.010104/ 55> 0.044908/ 56> 0.051839/ 57>-0.076326/ 58>-0.089392/ 59>
            0.004937/ 60>-0.065570/ 61> 0.008014/ 62>-0.001814/ 63> 0.079979/ 64>-0.331712/ 65>-0.083835/ 66>
           -0.132845/ 67>-0.147520/ 68> 0.873895/ 69> 0.116520/ 70> 0.139466/ 71> 0.007962/ 72> 0.050135/ 73>


 E=7.2703   0.967027/ 46>-0.030538/ 47>-0.011439/ 48>-0.247751/ 49> 0.002546/ 50>-0.000692/ 51>-0.001046/ 52>
            0.005549/ 53> 0.047973/ 54>-0.000806/ 57> 0.000800/ 58> 0.002960/ 59>-0.002808/ 60>-0.007406/ 61>
           -0.000360/ 64> 0.000699/ 66>-0.001377/ 67> 0.000325/ 71>

 E=7.3439   0.000461/  1> 0.016652/  2>-0.001001/  3> 0.001261/  4> 0.164161/  5>-0.012721/  6> 0.031243/  7>
           -0.002633/  8> 0.002449/  9> 0.547336/ 10>-0.048440/ 11> 0.164502/ 12>-0.017764/ 13> 0.032628/ 14>
           -0.004274/ 15> 0.003553/ 16> 0.272559/ 17>-0.060146/ 18> 0.104613/ 19>-0.023651/ 20> 0.030993/ 21>
           -0.007512/ 22> 0.008265/ 23>-0.002474/ 24> 0.001986/ 25>-0.599095/ 26>-0.062563/ 27>-0.208224/ 28>
           -0.025640/ 29>-0.052889/ 30>-0.008241/ 31>-0.010290/ 32>-0.001956/ 33>-0.357944/ 34>-0.029564/ 35>

-0.088318/ 36>-0.008662/ 37>-0.012251/ 38>-0.001189/ 39>-0.061467/ 40>-0.004327/ 41>-0.008183/ 42>
           -0.000509/ 43>-0.003541/ 44>

 E=7.3918   0.014512/ 46> 0.195170/ 47>-0.022365/ 48> 0.064225/ 49>-0.242887/ 50> 0.221066/ 51> 0.718310/ 52>
           -0.105832/ 53> 0.195184/ 54>-0.017911/ 55> 0.007447/ 56> 0.179210/ 57>-0.178012/ 58>-0.302686/ 59>
            0.056266/ 60>-0.230787/ 61> 0.009937/ 62> 0.094507/ 63>-0.019339/ 64>-0.071585/ 65>-0.076792/ 66>
           -0.043123/ 67> 0.023488/ 68>-0.215316/ 69>-0.026814/ 70>-0.040501/ 71> 0.002865/ 72>-0.012223/ 73>


 E=7.4839  -0.001131/ 46>-0.007594/ 47> 0.034609/ 48>-0.007356/ 49> 0.071706/ 50> 0.206555/ 51>-0.059827/ 52>
            0.130905/ 53>-0.034145/ 54>-0.163254/ 55>-0.418104/ 56> 0.332669/ 57> 0.442292/ 58> 0.056023/ 59>
            0.457095/ 60>-0.159477/ 61> 0.158787/ 62> 0.117536/ 63>-0.312899/ 64> 0.066956/ 65>-0.176381/ 66>
           -0.008661/ 67>-0.058052/ 68> 0.072622/ 69>-0.047809/ 70> 0.008483/ 71>-0.011262/ 72> 0.003089/ 73>


 E=7.5244  -0.001138/  1>-0.036826/  2> 0.002455/  3>-0.002860/  4>-0.298285/  5> 0.026626/  6>-0.058085/  7>
            0.005590/  8>-0.004696/  9>-0.603486/ 10> 0.069174/ 11>-0.175228/ 12> 0.025441/ 13>-0.034913/ 14>
            0.006021/ 15>-0.003978/ 16> 0.475084/ 17> 0.010456/ 18> 0.283815/ 19>-0.001165/ 20> 0.110271/ 21>
           -0.004276/ 22> 0.034542/ 23>-0.004540/ 24> 0.008297/ 25>-0.161977/ 26>-0.036751/ 27>-0.028172/ 28>
           -0.014393/ 29>-0.003028/ 30>-0.003967/ 31>-0.000487/ 32>-0.000665/ 33>-0.371190/ 34>-0.036494/ 35>

-0.092607/ 36>-0.010870/ 37>-0.013222/ 38>-0.001498/ 39>-0.085295/ 40>-0.006758/ 41>-0.011641/ 42>
           -0.000806/ 43>-0.005672/ 44>

 E=7.5694  -0.009493/ 46> 0.122332/ 47> 0.920228/ 48>-0.089540/ 49>-0.002909/ 50>-0.004651/ 51>-0.064865/ 52>
           -0.326953/ 53> 0.059719/ 54> 0.003131/ 55> 0.013838/ 56>-0.013632/ 57>-0.042771/ 58> 0.045224/ 59>
            0.078190/ 60>-0.030853/ 61> 0.000524/ 62> 0.006713/ 63>-0.011778/ 64>-0.023404/ 65> 0.040895/ 66>
            0.007410/ 67> 0.009442/ 68> 0.001476/ 69>-0.036308/ 70>-0.006405/ 71>-0.012866/ 72>-0.001477/ 73>


 E=7.6613   0.000527/  1> 0.015509/  2>-0.001113/  3> 0.001225/  4> 0.104469/  5>-0.010320/  6> 0.020555/  7>
           -0.002142/  8> 0.001682/  9> 0.104703/ 10>-0.016124/ 11> 0.024691/ 12>-0.004715/ 13> 0.003685/ 14>
           -0.000868/ 15> 0.000322/ 16>-0.213367/ 17> 0.012801/ 18>-0.120665/ 19> 0.014731/ 20>-0.053676/ 21>
            0.009279/ 22>-0.020341/ 23> 0.005487/ 24>-0.006088/ 25> 0.410135/ 26>-0.004980/ 27> 0.273108/ 28>
            0.016079/ 29> 0.103133/ 30> 0.012527/ 31> 0.026065/ 32> 0.004719/ 33>-0.748186/ 34>-0.083829/ 35>

-0.183590/ 36>-0.024121/ 37>-0.025972/ 38>-0.003220/ 39>-0.233242/ 40>-0.020048/ 41>-0.032303/ 42>
           -0.002394/ 43>-0.017625/ 44>-0.000907/ 45>

 E=7.7066   0.004809/ 46> 0.062483/ 47>-0.026272/ 48> 0.030099/ 49>-0.121666/ 50> 0.096340/ 51> 0.346822/ 52>
           -0.066126/ 53> 0.119646/ 54> 0.076275/ 55>-0.052652/ 56>-0.256109/ 57> 0.163716/ 58> 0.248682/ 59>
           -0.029090/ 60> 0.200133/ 61> 0.050465/ 62>-0.256717/ 63>-0.224115/ 64> 0.446658/ 65> 0.287699/ 66>
            0.263013/ 67> 0.019762/ 68> 0.304825/ 69>-0.238858/ 70> 0.031976/ 71>-0.078224/ 72> 0.007843/ 73>


 E=7.7382  -0.002620/ 46>-0.032977/ 47>-0.095462/ 48>-0.002860/ 49> 0.043362/ 50>-0.009545/ 51>-0.124933/ 52>
           -0.026542/ 53>-0.024099/ 54>-0.020192/ 55> 0.040079/ 56> 0.058641/ 57>-0.149377/ 58>-0.003290/ 59>
            0.141754/ 60>-0.136020/ 61>-0.018775/ 62> 0.124598/ 63>-0.029921/ 64>-0.336305/ 65> 0.327368/ 66>
           -0.011092/ 67> 0.187279/ 68> 0.048558/ 69>-0.755399/ 70>-0.126754/ 71>-0.205961/ 72>-0.028897/ 73>


 E=7.8332   0.006866/  1> 0.176122/  2>-0.013504/  3> 0.014082/  4> 0.875250/  5>-0.094972/  6> 0.169056/  7>
           -0.019319/  8> 0.013727/  9>-0.288046/ 10>-0.009964/ 11>-0.243972/ 12> 0.019892/ 13>-0.080386/ 14>
            0.010717/ 15>-0.011970/ 16> 0.088031/ 17> 0.008779/ 18> 0.055154/ 19> 0.010358/ 20> 0.037780/ 21>
            0.002652/ 22> 0.018479/ 23>-0.001914/ 24> 0.005750/ 25>-0.032470/ 26>-0.001839/ 27>-0.018543/ 28>
           -0.001088/ 29>-0.005940/ 30>-0.000878/ 31>-0.001477/ 32>-0.000351/ 33> 0.016669/ 34> 0.002268/ 35>

 0.003317/ 36> 0.000631/ 37> 0.000412/ 38> 0.009741/ 40> 0.000898/ 41> 0.001348/ 42> 0.000895/ 44>


 E=7.9235  -0.003946/ 46> 0.001660/ 47> 0.000633/ 48>-0.010725/ 49>-0.001272/ 51>-0.001755/ 52> 0.005206/ 53>
            0.012821/ 54>-0.001026/ 56>-0.001566/ 57> 0.006488/ 58> 0.007655/ 59>-0.015552/ 60>-0.022088/ 61>
            0.000708/ 62>-0.004073/ 63>-0.003662/ 64> 0.018766/ 65> 0.021000/ 66>-0.086879/ 67>-0.001708/ 68>
            0.003420/ 69>-0.040752/ 70> 0.319361/ 71> 0.086161/ 72>-0.937750/ 73>

 E=7.9967  -0.000909/  2>-0.002163/  3>-0.013545/  5>-0.041537/  6> 0.000347/  7>-0.006793/  8> 0.000358/  9>
           -0.066829/ 10>-0.283067/ 11>-0.002716/ 12>-0.085081/ 13> 0.005030/ 14>-0.015282/ 15> 0.001593/ 16>
           -0.035801/ 17>-0.706234/ 18> 0.002316/ 19>-0.282829/ 20> 0.009723/ 21>-0.088293/ 22> 0.008474/ 23>
           -0.024296/ 24> 0.006244/ 25> 0.074139/ 26>-0.508920/ 27> 0.003468/ 28>-0.183078/ 29>-0.009205/ 30>
           -0.046565/ 31>-0.005687/ 32>-0.007329/ 33> 0.036722/ 34>-0.120747/ 35>-0.028250/ 37>-0.001859/ 38>

-0.002876/ 39> 0.009481/ 40>-0.010336/ 41> 0.000611/ 42>-0.000946/ 43> 0.000784/ 44>

  Q20Q22:  0.00 SEC    QTME:  0.00 SEC



    SYMMETRY R1= 1


   BASIS FUNCTIONS /N,L,J,OMEGA>,   PARITY -


   1 / 7 7 15/2 13/2>    15 / 7 5 11/2  1/2>    29 / 7 7 13/2 -7/2>    43 / 5 5 11/2  1/2>    57 / 5 5 11/2-11/2>
   2 / 7 7 13/2 13/2>    16 / 7 5  9/2  1/2>    30 / 7 5 11/2 -7/2>    44 / 5 5  9/2  1/2>    58 / 3 3  7/2  5/2>
   3 / 7 7 15/2  9/2>    17 / 7 3  7/2  1/2>    31 / 7 5  9/2 -7/2>    45 / 5 3  7/2  1/2>    59 / 3 3  5/2  5/2>
   4 / 7 7 13/2  9/2>    18 / 7 3  5/2  1/2>    32 / 7 3  7/2 -7/2>    46 / 5 3  5/2  1/2>    60 / 3 3  7/2  1/2>
   5 / 7 5 11/2  9/2>    19 / 7 1  3/2  1/2>    33 / 7 7 15/2-11/2>    47 / 5 1  3/2  1/2>    61 / 3 3  5/2  1/2>
   6 / 7 5  9/2  9/2>    20 / 7 1  1/2  1/2>    34 / 7 7 13/2-11/2>    48 / 5 1  1/2  1/2>    62 / 3 1  3/2  1/2>
   7 / 7 7 15/2  5/2>    21 / 7 7 15/2 -3/2>    35 / 7 5 11/2-11/2>    49 / 5 5 11/2 -3/2>    63 / 3 1  1/2  1/2>
   8 / 7 7 13/2  5/2>    22 / 7 7 13/2 -3/2>    36 / 7 7 15/2-15/2>    50 / 5 5  9/2 -3/2>    64 / 3 3  7/2 -3/2>
   9 / 7 5 11/2  5/2>    23 / 7 5 11/2 -3/2>    37 / 5 5 11/2  9/2>    51 / 5 3  7/2 -3/2>    65 / 3 3  5/2 -3/2>
  10 / 7 5  9/2  5/2>    24 / 7 5  9/2 -3/2>    38 / 5 5  9/2  9/2>    52 / 5 3  5/2 -3/2>    66 / 3 1  3/2 -3/2>
  11 / 7 3  7/2  5/2>    25 / 7 3  7/2 -3/2>    39 / 5 5 11/2  5/2>    53 / 5 1  3/2 -3/2>    67 / 3 3  7/2 -7/2>
  12 / 7 3  5/2  5/2>    26 / 7 3  5/2 -3/2>    40 / 5 5  9/2  5/2>    54 / 5 5 11/2 -7/2>    68 / 1 1  3/2  1/2>
  13 / 7 7 15/2  1/2>    27 / 7 1  3/2 -3/2>    41 / 5 3  7/2  5/2>    55 / 5 5  9/2 -7/2>    69 / 1 1  1/2  1/2>
  14 / 7 7 13/2  1/2>    28 / 7 7 15/2 -7/2>    42 / 5 3  5/2  5/2>    56 / 5 3  7/2 -7/2>    70 / 1 1  3/2 -3/2>


    SINGLE PARTICLE (PARITY-) WAVE FUNCTIONS IN THE ENERGY INTERVAL 6.0<E<8.0

 E=6.0354   0.957071/ 37>-0.099270/ 38>-0.043927/ 39>-0.015149/ 40>-0.259213/ 41> 0.042605/ 42> 0.007725/ 43>
           -0.004231/ 44>-0.011982/ 45> 0.011175/ 46> 0.046557/ 47>-0.018295/ 48> 0.001804/ 49> 0.002394/ 50>
           -0.006836/ 51> 0.008479/ 52> 0.001813/ 53>-0.002948/ 54>-0.002566/ 55>-0.001268/ 56>

 E=6.1947   0.026809/ 37>-0.005466/ 38> 0.108278/ 39>-0.052728/ 40> 0.103039/ 41>-0.021908/ 42>-0.304501/ 43>
            0.364762/ 44> 0.487584/ 45> 0.133605/ 46> 0.345012/ 47>-0.055161/ 48> 0.095150/ 49>-0.553906/ 50>
            0.063596/ 51>-0.210346/ 52>-0.012443/ 53> 0.054993/ 54>-0.053218/ 55> 0.005837/ 56> 0.003529/ 57>


 E=6.2561  -0.027650/ 37> 0.042733/ 38> 0.170473/ 39> 0.755865/ 40>-0.124066/ 41> 0.156381/ 42>-0.030960/ 43>
            0.153314/ 44>-0.105005/ 45>-0.335531/ 46> 0.170423/ 47>-0.262141/ 48> 0.130970/ 49> 0.028401/ 50>
           -0.255643/ 51>-0.088781/ 52>-0.101390/ 53>-0.093530/ 54>-0.017290/ 55>-0.027816/ 56>-0.006381/ 57>


 E=6.3474  -0.000956/ 37> 0.000699/ 38>-0.001058/ 40>-0.001676/ 41>-0.002140/ 42> 0.000317/ 43>-0.002851/ 45>
           -0.001688/ 46> 0.006785/ 47> 0.007658/ 48> 0.003350/ 49> 0.001607/ 50>-0.008509/ 51>-0.006313/ 52>
            0.051949/ 53>-0.021228/ 54> 0.008484/ 55>-0.257846/ 56> 0.964387/ 57>

 E=6.3982   0.001920/ 37> 0.025704/ 38> 0.077123/ 39> 0.477991/ 40>-0.073228/ 41> 0.111599/ 42> 0.018966/ 43>
           -0.171709/ 44> 0.046613/ 45> 0.127867/ 46>-0.145523/ 47> 0.151665/ 48>-0.273556/ 49>-0.216650/ 50>
            0.645457/ 51> 0.125810/ 52> 0.251482/ 53> 0.179236/ 54> 0.030073/ 55> 0.061895/ 56> 0.015299/ 57>


 E=6.5066   0.002534/  1> 0.046396/  3>-0.002693/  4> 0.006877/  5>-0.000408/  6> 0.300019/  7>-0.014686/  8>
            0.080596/  9>-0.005902/ 10> 0.012879/ 11>-0.001228/ 12> 0.712780/ 13>-0.009551/ 14> 0.249210/ 15>
           -0.006194/ 16> 0.066433/ 17>-0.003980/ 18> 0.015204/ 19>-0.002976/ 20> 0.526700/ 21> 0.018176/ 22>
            0.167476/ 23> 0.009676/ 24> 0.037243/ 25> 0.003869/ 26> 0.005118/ 27> 0.132608/ 28> 0.007489/ 29>
            0.027882/ 30> 0.002053/ 31> 0.002542/ 32> 0.012527/ 33> 0.000670/ 34> 0.001060/ 35> 0.000332/ 36>


 E=6.5826  -0.064584/ 37> 0.007042/ 38> 0.048801/ 39>-0.035124/ 40>-0.176274/ 41> 0.032490/ 42> 0.012868/ 43>
           -0.041469/ 44>-0.079839/ 45> 0.118992/ 46> 0.166747/ 47>-0.046707/ 48> 0.006349/ 49>-0.054700/ 50>
           -0.101680/ 51> 0.376341/ 52> 0.102608/ 53> 0.132202/ 54>-0.844089/ 55>-0.107619/ 56>-0.023519/ 57>


 E=6.7007  -0.213873/ 37> 0.020633/ 38> 0.177712/ 39>-0.235014/ 40>-0.709609/ 41> 0.100479/ 42> 0.045563/ 43>
            0.014098/ 44>-0.221929/ 45> 0.139921/ 46> 0.349771/ 47>-0.153860/ 48>-0.027004/ 49>-0.091942/ 50>
            0.067204/ 51> 0.066193/ 52> 0.070620/ 53>-0.032726/ 54> 0.332083/ 55> 0.042873/ 56> 0.002076/ 57>


 E=6.7477   0.007105/  1>-0.000390/  2> 0.108850/  3>-0.009674/  4> 0.017533/  5>-0.001428/  6> 0.490599/  7>
           -0.053450/  8> 0.149071/  9>-0.019786/ 10> 0.027027/ 11>-0.003786/ 12> 0.316486/ 13>-0.077832/ 14>
            0.138612/ 15>-0.034783/ 16> 0.047219/ 17>-0.013408/ 18> 0.014377/ 19>-0.005465/ 20>-0.651614/ 21>
           -0.082476/ 22>-0.241593/ 23>-0.037482/ 24>-0.063659/ 25>-0.012660/ 26>-0.010511/ 27>-0.298210/ 28>
           -0.029398/ 29>-0.069199/ 30>-0.007715/ 31>-0.006963/ 32>-0.036007/ 33>-0.002697/ 34>-0.003267/ 35>

-0.001094/ 36>

 E=6.7513  -0.035227/ 37> 0.020958/ 38> 0.098478/ 39> 0.229975/ 40>-0.157653/ 41> 0.104607/ 42>-0.155790/ 43>
           -0.400539/ 44> 0.347736/ 45> 0.515822/ 46>-0.002467/ 47> 0.359854/ 48> 0.151945/ 49> 0.146059/ 50>
           -0.350339/ 51> 0.010018/ 52>-0.133786/ 53>-0.075818/ 54> 0.085747/ 55>-0.021295/ 56>-0.005420/ 57>


 E=6.9070  -0.017294/  1> 0.001017/  2>-0.227184/  3> 0.022084/  4>-0.037257/  5> 0.003305/  6>-0.702149/  7>
            0.088023/  8>-0.209112/  9> 0.032981/ 10>-0.038392/ 11> 0.006264/ 12> 0.427639/ 13> 0.014862/ 14>
            0.305054/ 15>-0.005611/ 16> 0.134478/ 17>-0.012331/ 18> 0.045555/ 19>-0.012004/ 20>-0.203548/ 21>
           -0.034747/ 22>-0.055380/ 23>-0.016436/ 24>-0.012895/ 25>-0.005261/ 26>-0.002444/ 27>-0.227167/ 28>
           -0.024536/ 29>-0.053007/ 30>-0.006598/ 31>-0.005459/ 32>-0.034408/ 33>-0.002764/ 34>-0.003178/ 35>

-0.001171/ 36>

 E=6.9481   0.094105/ 37> 0.908583/ 38> 0.002662/ 39> 0.019991/ 40>-0.061008/ 41>-0.359758/ 42> 0.002290/ 43>
            0.009856/ 44>-0.015375/ 45>-0.046584/ 46> 0.054725/ 47> 0.120148/ 48> 0.001538/ 49> 0.006277/ 50>
           -0.016518/ 51>-0.027370/ 52> 0.074885/ 53> 0.010653/ 54> 0.006764/ 55>-0.068222/ 56>-0.025355/ 57>


 E=7.0146  -0.083890/ 37> 0.018977/ 38> 0.113991/ 39>-0.109609/ 40>-0.425413/ 41> 0.069723/ 42>-0.057820/ 43>
            0.068876/ 44> 0.222394/ 45>-0.204260/ 46>-0.317429/ 47> 0.101719/ 48>-0.050604/ 49> 0.229950/ 50>
            0.204805/ 51>-0.557184/ 52>-0.220235/ 53> 0.036626/ 54>-0.330817/ 55> 0.057985/ 56> 0.029941/ 57>


 E=7.0573   0.003231/  1> 0.035828/  3>-0.003989/  4> 0.006048/  5>-0.000582/  6> 0.062876/  7>-0.010422/  8>
            0.018252/  9>-0.002969/ 10> 0.002987/ 11>-0.000456/ 12>-0.119414/ 13> 0.011595/ 14>-0.068868/ 15>
            0.018975/ 16>-0.038831/ 17> 0.014176/ 18>-0.018202/ 19> 0.008296/ 20> 0.295731/ 21>-0.015815/ 22>
            0.265528/ 23> 0.021297/ 24> 0.107491/ 25> 0.017815/ 26> 0.022265/ 27>-0.848900/ 28>-0.104822/ 29>
           -0.198670/ 30>-0.027264/ 31>-0.020585/ 32>-0.169779/ 33>-0.014912/ 34>-0.015993/ 35>-0.006524/ 36>


 E=7.0813   0.024660/ 37> 0.157021/ 38>-0.014230/ 39>-0.002887/ 40> 0.050473/ 41> 0.033374/ 42> 0.003493/ 43>
           -0.024137/ 44>-0.003690/ 45> 0.101670/ 46>-0.037921/ 47>-0.187928/ 48>-0.054362/ 50> 0.067927/ 51>
            0.212645/ 52>-0.422625/ 53>-0.120487/ 54>-0.078411/ 55> 0.784858/ 56> 0.234730/ 57>

 E=7.2618  -0.113938/  1> 0.007695/  2>-0.919854/  3> 0.107362/  4>-0.151844/  5> 0.015673/  6> 0.187746/  7>
            0.012941/  8> 0.242274/  9>-0.028293/ 10> 0.075701/ 11>-0.011245/ 12>-0.044711/ 13>-0.020742/ 14>
           -0.024431/ 15>-0.020129/ 16>-0.032481/ 17>-0.004162/ 18>-0.019081/ 19> 0.004327/ 20> 0.012834/ 21>
           -0.007314/ 22> 0.008962/ 23>-0.004234/ 24> 0.001530/ 25>-0.001070/ 26>-0.003947/ 28>-0.001639/ 29>
           -0.000499/ 30>-0.000436/ 31>-0.001785/ 33>

 E=7.3024  -0.001935/  1> 0.000831/  2>-0.008172/  3> 0.026688/  4>-0.003381/  5> 0.003110/  6> 0.079928/  7>
            0.236011/  8> 0.007635/  9> 0.068307/ 10>-0.003850/ 11> 0.009126/ 12> 0.058811/ 13> 0.731080/ 14>
           -0.010113/ 15> 0.327783/ 16>-0.026478/ 17> 0.115971/ 18>-0.024249/ 19> 0.032865/ 20>-0.100353/ 21>
            0.468467/ 22>-0.011344/ 23> 0.175703/ 24> 0.010512/ 25> 0.042784/ 26> 0.006257/ 27>-0.034082/ 28>
            0.083589/ 29>-0.001005/ 30> 0.016847/ 31> 0.000973/ 32>-0.004042/ 33> 0.004687/ 34>

 E=7.3677  -0.030141/ 37> 0.055818/ 38> 0.063995/ 39>-0.091770/ 40>-0.227640/ 41> 0.122309/ 42>-0.087144/ 43>
            0.160848/ 44> 0.336996/ 45>-0.333296/ 46>-0.515519/ 47> 0.026501/ 48> 0.061619/ 49>-0.210987/ 50>
           -0.189915/ 51> 0.525591/ 52> 0.056919/ 53>-0.016713/ 54> 0.154976/ 55>-0.060771/ 56>-0.015606/ 57>


 E=7.3923   0.039372/ 37> 0.301118/ 38>-0.033133/ 39>-0.097450/ 40> 0.142416/ 41> 0.527905/ 42> 0.004739/ 43>
           -0.069053/ 44> 0.022100/ 45> 0.270302/ 46>-0.159759/ 47>-0.510882/ 48>-0.028431/ 49> 0.018207/ 50>
            0.120508/ 51>-0.024511/ 52>-0.263503/ 53> 0.058817/ 54> 0.028164/ 55>-0.370959/ 56>-0.076107/ 57>


 E=7.5032  -0.001941/  1> 0.001214/  2>-0.018251/  3> 0.036595/  4>-0.012138/  5> 0.005032/  6> 0.009046/  7>
            0.247378/  8>-0.122231/  9> 0.092839/ 10>-0.045497/ 11> 0.016804/ 12> 0.193537/ 13> 0.233442/ 14>
           -0.381694/ 15> 0.176768/ 16>-0.280175/ 17> 0.110073/ 18>-0.130149/ 19> 0.060270/ 20> 0.117530/ 21>
           -0.555868/ 22>-0.264001/ 23>-0.264575/ 24>-0.152643/ 25>-0.086792/ 26>-0.039890/ 27>-0.013736/ 28>
           -0.161490/ 29>-0.063233/ 30>-0.040822/ 31>-0.012773/ 32> 0.061714/ 33>-0.004810/ 34> 0.004285/ 35>

 0.004125/ 36>

 E=7.5112  -0.000956/  3> 0.002445/  4>-0.000759/  5> 0.000356/  6> 0.017646/  8>-0.008898/  9> 0.007254/ 10>
           -0.003600/ 11> 0.001334/ 12> 0.016772/ 13> 0.014294/ 14>-0.024936/ 15> 0.012427/ 16>-0.021942/ 17>
            0.004673/ 18>-0.008242/ 19> 0.001938/ 20>-0.010177/ 21>-0.037527/ 22>-0.031582/ 23>-0.009263/ 24>
           -0.047643/ 25>-0.010711/ 26>-0.016071/ 27> 0.122880/ 28>-0.028470/ 29> 0.229350/ 30> 0.025265/ 31>
            0.042485/ 32>-0.948599/ 33>-0.098809/ 34>-0.089607/ 35>-0.062222/ 36>

 E=7.6681  -0.003565/  1>-0.039368/  3> 0.001793/  4>-0.017174/  5> 0.001193/  6>-0.050807/  7>-0.058053/  8>
           -0.173896/  9>-0.001660/ 10>-0.055641/ 11> 0.004375/ 12> 0.282810/ 13>-0.312887/ 14>-0.492079/ 15>
           -0.172147/ 16>-0.344128/ 17>-0.046767/ 18>-0.133396/ 19> 0.015601/ 20> 0.033917/ 21> 0.484101/ 22>
           -0.241127/ 23> 0.187317/ 24>-0.103390/ 25> 0.041006/ 26>-0.015561/ 27>-0.084562/ 28> 0.138424/ 29>
           -0.043038/ 30> 0.026703/ 31>-0.005096/ 32>-0.013441/ 33> 0.009435/ 34>-0.001664/ 35>-0.000444/ 36>


 E=7.6824  -0.022197/ 37>-0.192053/ 38> 0.024910/ 39> 0.122907/ 40>-0.119429/ 41>-0.609079/ 42>-0.002167/ 43>
           -0.023542/ 44> 0.016772/ 45> 0.081712/ 46>-0.055866/ 47>-0.146429/ 48>-0.032553/ 49>-0.050705/ 50>
            0.181013/ 51> 0.186823/ 52>-0.583827/ 53> 0.048808/ 54> 0.050940/ 55>-0.331114/ 56>-0.053000/ 57>


 E=7.7123   0.004770/  1> 0.004933/  2> 0.028917/  3> 0.146829/  4>-0.013512/  5> 0.018462/  6> 0.136852/  7>
            0.816266/  8>-0.091198/  9> 0.264434/ 10>-0.050569/ 11> 0.040792/ 12>-0.077881/ 13>-0.160507/ 14>
            0.041719/ 15>-0.299902/ 16> 0.113232/ 17>-0.213778/ 18> 0.105317/ 19>-0.098270/ 20> 0.006409/ 21>
            0.055670/ 22> 0.037736/ 23> 0.021499/ 25>-0.001437/ 26> 0.004688/ 27>-0.006285/ 28> 0.039754/ 29>
            0.004844/ 30> 0.007930/ 31> 0.001315/ 32>-0.000581/ 33> 0.003536/ 34>

 E=7.7964   0.965854/  1>-0.074887/  2>-0.077038/  3>-0.015312/  4>-0.230266/  5> 0.023300/  6> 0.007523/  7>
           -0.002657/  8> 0.007086/  9> 0.005726/ 10> 0.039546/ 11>-0.005945/ 12>-0.000534/ 13> 0.000355/ 14>
           -0.001250/ 15> 0.001725/ 16> 0.001284/ 17>-0.001606/ 18>-0.004954/ 19> 0.001656/ 20> 0.000563/ 25>
           -0.000592/ 26>

 E=7.8752   0.001793/  1>-0.000876/  2> 0.012974/  3>-0.021987/  4> 0.010662/  5>-0.004016/  6>-0.009340/  7>
           -0.098849/  8> 0.101004/  9>-0.071281/ 10> 0.048045/ 11>-0.017843/ 12>-0.137513/ 13> 0.157406/ 14>
            0.119323/ 15>-0.152299/ 16> 0.264908/ 17>-0.198085/ 18> 0.207300/ 19>-0.129682/ 20> 0.323854/ 21>
            0.150789/ 22>-0.612416/ 23>-0.088952/ 24>-0.372527/ 25>-0.089637/ 26>-0.094616/ 27>-0.080591/ 28>
           -0.126006/ 29>-0.165994/ 30>-0.049536/ 31>-0.032137/ 32>-0.031745/ 33>-0.016744/ 34>-0.008466/ 35>

-0.001461/ 36>

 E=7.9339   0.002561/  1>-0.000516/  2> 0.016367/  3>-0.009361/  4> 0.011139/  5>-0.002213/  6>-0.026176/  7>
           -0.014525/  8> 0.074470/  9>-0.026031/ 10> 0.027930/ 11>-0.007246/ 12>-0.021666/ 13> 0.070139/ 14>
            0.039322/ 15>-0.039697/ 16>-0.021089/ 17>-0.014844/ 18>-0.025851/ 19> 0.006690/ 20> 0.054629/ 21>
           -0.088596/ 22>-0.011790/ 23>-0.312778/ 24>-0.103057/ 25>-0.161531/ 26>-0.053751/ 27>-0.143554/ 28>
            0.868632/ 29> 0.100025/ 30> 0.193748/ 31> 0.027838/ 32>-0.012247/ 33> 0.098017/ 34> 0.007589/ 35>

-0.000548/ 36>

  Q20Q22:  0.00 SEC    QTME:  0.00 SEC

 Q0= 193.327 HBAR/MW0     Q2= -44.122 HBAR/MW0     GAMMA= 17.9 DEG   FOR 82 PARTICLES;  A=207

1
 **********************************************  SINGLE PARTICLE MATRIX ELEMENTS  ***********************************************


   ENY   EMY     A+B     C      D      E    JZ    S0    S+    S-  <R2S> <R4S>  R2DZ  R2D+  R2D-  Q20S  Q22S   Q20   Q22  RHO2    R2


  5.39- MY=NY  1.284  4.394  29.52  -7.10 -0.90 -0.13 -0.01  0.29  6.50 51.12  0.13  0.17 -0.81  5.32  0.21  7.94 -0.04  6.50  7.42
  5.54- 5.39-  4.791 -0.644   0.40  17.47  0.61  0.06  0.42 -0.11  6.50 50.62 -0.17  0.91  0.18 -0.96 -0.67 -1.17 -0.64  0.00 -0.09
  5.76- 5.39-  0.033  0.628   0.21  24.14 -0.33 -0.03  0.02  0.07  6.50 46.55  0.07  0.01 -0.13 -1.26 -0.94 -1.53 -0.89  0.00 -0.11
  5.82- 5.39-  0.665 -0.418  -3.14   9.52  0.19  0.13 -0.29 -0.58  6.50 51.24  0.52 -0.29  0.04  0.88 -0.89  0.98 -0.78 -0.00  0.17
  5.98- 5.39-  0.801 -0.998  -0.50   1.18  0.25  0.31  0.15 -0.12  6.50 48.38  1.13 -0.08 -0.11 -0.03 -0.08 -0.04 -0.07  0.00  0.00
  6.04- 5.39- -0.227  0.001   0.06  -3.76 -0.03 -0.00 -0.01  0.00  6.50 28.45  0.00 -0.04 -0.01  0.16  0.14  0.19  0.14  0.00  0.01
  6.19- 5.39- -0.490  0.894   3.64  -6.38 -0.11  0.24 -0.00 -0.22  6.50 52.48  0.88 -0.13 -0.00 -1.13  0.28 -1.30  0.22  0.00 -0.17
  6.26- 5.39- -0.133  0.123   2.44  -2.38  0.03  0.06  0.13 -0.10  6.50 49.05  0.22 -0.04 -0.08 -0.75  0.01 -0.88 -0.01 -0.00 -0.10
  6.35- 5.39-  0.000  0.010  -0.00   1.13 -0.01 -0.00 -0.00  0.00  6.50 19.03  0.00 -0.00 -0.00 -0.05 -0.04 -0.06 -0.04 -0.00 -0.00
  6.40- 5.39- -0.212 -0.095  -5.34   4.28 -0.05  0.06  0.11 -0.01  6.50 44.00  0.20  0.01 -0.06  1.78  0.08  2.08  0.13 -0.00  0.23
  6.51- 5.39- -0.000  0.000  -0.00   0.00 -0.00  0.00  0.00 -0.00************ -0.07 -0.00  0.01  0.37  0.13  0.45  0.13  0.04  0.09

  5.54- MY=NY -1.480 -0.110  26.63  -9.24  2.21  0.32 -0.19  0.00  6.50 51.32 -0.22 -0.25  0.03  3.65 -0.07  5.98 -0.35  6.50  7.21
  5.76- 5.54- -0.184  4.842   0.08  -4.96  0.15  0.03 -0.06  0.37  6.50 50.60  0.04 -0.11 -0.93  0.24  0.25  0.29  0.24  0.00  0.02
  5.82- 5.54- -0.635  0.479   1.32  -4.46 -0.05 -0.11 -0.10  0.06  6.50 48.12 -0.60  0.16  0.08 -0.37  0.03 -0.43  0.02  0.00 -0.05
  5.98- 5.54-  0.220 -0.174   2.89  -8.01  0.29 -0.03  0.64  0.08  6.50 52.68 -0.14 -0.23 -0.32 -0.68  1.00 -0.74  0.88 -0.00 -0.15
  6.04- 5.54-  0.114 -0.013   0.11 -21.11 -0.21 -0.01  0.00 -0.00  6.50 30.15  0.08  0.02  0.00  0.99  0.81  1.20  0.76  0.00  0.08
  6.19- 5.54-  0.016 -0.130  -3.04   9.93 -0.23 -0.10  0.41  0.07  6.50 47.31 -0.37 -0.12 -0.22  0.63 -1.16  0.66 -1.03 -0.00  0.15
  6.26- 5.54-  0.681 -0.283  -2.86   3.14 -0.02  0.30 -0.05  0.02  6.50 54.97  1.10 -0.04  0.04  1.14 -0.13  1.33 -0.08 -0.00  0.16
  6.35- 5.54-  0.001  0.084  -0.01  -0.40  0.00 -0.00 -0.00  0.00  6.50 32.25 -0.00 -0.00 -0.01  0.02  0.02  0.03  0.02 -0.00  0.00
  6.40- 5.54- -0.939  0.391  -0.10  -0.17  0.03  0.15  0.08  0.02  6.50 48.98  0.55  0.04 -0.05  0.14  0.04  0.16  0.04 -0.00  0.02
  6.51- 5.54- -0.000  0.000  -0.00  -0.00  0.00  0.00  0.00 -0.00************ -0.02  0.01 -0.01 -0.48 -0.20 -0.59 -0.19 -0.05 -0.10

  5.76- MY=NY -0.006  0.196  22.07  -3.49 -3.32 -0.40 -0.01 -0.02  6.50 50.17  0.53 -0.02 -0.04  0.94 -0.61  2.78 -0.92  6.50  6.89
  5.82- 5.76- -0.231 -0.158   0.46  -4.33 -0.13 -0.01  0.02 -0.00  6.50 67.19  0.09  0.02 -0.17 -0.28  0.05 -0.33  0.04  0.00 -0.04
  5.98- 5.76- -0.136  0.420  -0.58   3.38  0.12 -0.04  0.01 -0.03  6.50 65.00 -0.47  0.01  0.04  0.24 -0.21  0.27 -0.18 -0.00  0.04
  6.04- 5.76- -4.303  0.110  -0.03  -0.33  0.01  0.00 -0.30  0.03  6.50 49.79  0.01 -0.84 -0.09  0.02 -0.01  0.02 -0.01  0.00  0.00
  6.19- 5.76- -0.000 -0.089  -0.17   1.08 -0.15 -0.03  0.02  0.10  6.50 54.75 -0.20  0.03  0.02  0.05  0.31  0.08  0.28  0.00 -0.01
  6.26- 5.76-  0.159 -0.461  -1.47   3.93  0.24  0.01 -0.03 -0.77  6.50 50.10  0.02 -0.42 -0.48  0.36 -0.82  0.37 -0.73  0.00  0.10
  6.35- 5.76-  0.003 -0.006  -0.25  14.13 -0.11 -0.00  0.00  0.00  6.50 21.49  0.05  0.00  0.00 -0.59 -0.51 -0.72 -0.48 -0.00 -0.05
  6.40- 5.76- -0.014 -0.012   2.46  -8.31 -0.37 -0.01 -0.02 -0.36  6.50 47.29 -0.02 -0.20 -0.24 -0.49  1.59 -0.48  1.42  0.00 -0.16
  6.51- 5.76- -0.000 -0.000   0.00  -0.00 -0.00  0.00 -0.00 -0.00************  0.00 -0.00  0.00  0.14  0.07  0.17  0.07  0.01  0.03

  5.82- MY=NY  3.607  2.327  20.24  12.66  0.35 -0.08 -0.35 -0.02  6.50 51.46  0.77 -1.87  0.51  6.36 -0.53  9.11 -0.68  6.50  7.60
  5.98- 5.82- -1.044 -2.997  -2.34 -13.30  0.38 -0.04 -0.17  0.30  6.50 52.74  1.11 -0.78 -1.01  1.18  0.78  1.42  0.74  0.00  0.11
  6.04- 5.82- -0.179  0.016   0.03   0.56  0.01  0.00 -0.01 -0.00  6.50 55.27  0.01 -0.04 -0.01 -0.06 -0.04 -0.08 -0.03  0.00 -0.01
  6.19- 5.82-  1.915 -2.184   0.70  -7.64  0.33 -0.17  0.06  0.20  6.50 57.84 -1.03  0.39 -0.12  0.36  0.31  0.44  0.29  0.00  0.03
  6.26- 5.82-  1.105 -0.151   2.99  18.08  0.23 -0.07 -0.02 -0.02  6.50 38.43 -0.07 -0.12 -0.13 -1.80 -1.11 -2.16 -1.06  0.00 -0.17
  6.35- 5.82- -0.002 -0.010  -0.01   0.49 -0.01 -0.00  0.00 -0.00  6.50 24.92  0.00 -0.00 -0.00 -0.02 -0.02 -0.02 -0.02 -0.00 -0.00
  6.40- 5.82-  0.061 -0.175  -1.56   0.24  0.21 -0.00 -0.07  0.03  6.50 47.11 -0.04 -0.01  0.14  0.43  0.19  0.51  0.19 -0.00  0.04
  6.51- 5.82-  0.000 -0.000  -0.00  -0.00  0.00  0.00 -0.00  0.00************ -0.12 -0.04 -0.03  0.12  0.03  0.15  0.03  0.01  0.03

  5.98- MY=NY -1.367 -1.136  17.47   6.68 -0.65  0.25 -0.16 -0.05  6.50 60.33 -0.50 -0.40  1.61  4.84 -0.88  7.32 -1.04  6.50  7.42
  6.04- 5.98-  0.090 -0.025   0.22  -1.61 -0.00 -0.00  0.01 -0.00  6.50 76.07 -0.00  0.10  0.03 -0.04 -0.00 -0.05 -0.00 -0.00 -0.01
  6.19- 5.98-  1.551 -0.466   1.77  -5.54 -0.90 -0.03  0.33  0.20  6.50 57.80 -0.20  0.05 -0.87 -0.00  0.29  0.01  0.26  0.00 -0.02
  6.26- 5.98- -2.826 -1.209   0.85   2.58 -0.15 -0.12  0.37 -0.10  6.50 58.03 -0.63  0.56  0.09 -0.62 -0.21 -0.74 -0.21 -0.00 -0.07
  6.35- 5.98-  0.001 -0.010   0.05  -0.33  0.00 -0.00 -0.00 -0.00  6.50 41.84 -0.01 -0.00  0.00 -0.01  0.00 -0.01  0.00 -0.00 -0.00
  6.40- 5.98- -1.589  2.126   0.22  -2.82  0.28  0.19  0.02  0.21  6.50 54.88  1.02  0.26 -0.13  0.36  0.09  0.43  0.09 -0.00  0.04
  6.51- 5.98- -0.000  0.000  -0.00   0.00  0.00  0.00  0.00  0.00************  0.05  0.01  0.02  0.28  0.07  0.34  0.07  0.02  0.06

  6.04- MY=NY  0.012 -0.003  14.96  -1.84  4.35  0.46 -0.01 -0.00  6.50 49.57 -0.88  0.01  0.01 -1.92 -1.00 -0.58 -1.35  6.50  6.53
  6.19- 6.04- -0.116  0.038  -0.17   1.15  0.05 -0.00 -0.00  0.00  6.50 49.87 -0.04  0.05  0.02 -0.03  0.04 -0.03  0.04 -0.00 -0.01
  6.26- 6.04-  0.175 -0.047  -0.51   3.22 -0.09  0.03 -0.00 -0.00  6.50 70.41  0.37 -0.03  0.00  0.25 -0.13  0.28 -0.11 -0.00  0.04
  6.35- 6.04-  0.080 -3.248  -0.01   0.00 -0.00 -0.00  0.02 -0.20  6.50 49.42 -0.00  0.07  0.65  0.00 -0.01 -0.00 -0.01  0.00  0.00
  6.40- 6.04- -0.213  0.062  -0.12   0.94  0.03  0.02  0.02  0.01  6.50 64.69  0.15  0.02 -0.01  0.06  0.07  0.07  0.06 -0.00  0.00
  6.51- 6.04- -0.000 -0.000   0.00   0.00  0.00  0.00 -0.00 -0.00************  0.00 -0.00  0.00  0.03  0.02  0.03  0.02  0.00  0.00

  6.19- MY=NY -0.909 -2.064  18.97 -11.72 -0.20  0.22 -0.57  0.09  6.50 52.51 -0.75 -0.00 -1.87  4.00  1.40  6.47  0.99  6.50  7.17
  6.26- 6.19- -1.846  0.484   0.27  -1.61 -0.06  0.15 -0.03  0.10  6.50 61.44 -0.09  0.80 -0.39  0.45  0.71  0.57  0.65 -0.00  0.02
  6.35- 6.19-  0.008 -0.012  -0.05   0.43 -0.01 -0.00  0.00 -0.00  6.50 57.74 -0.00  0.00  0.01 -0.01 -0.01 -0.01 -0.01 -0.00 -0.00
  6.40- 6.19- -1.560 -2.085   0.70  11.68 -0.30 -0.12  0.23 -0.31  6.50 55.26  0.44  0.27  0.58 -0.76 -0.75 -0.93 -0.70  0.00 -0.05
  6.51- 6.19- -0.000 -0.000  -0.00   0.00 -0.00 -0.00  0.00 -0.00************  0.00  0.00  0.00 -0.14 -0.03 -0.17 -0.03 -0.01 -0.03

  6.26- MY=NY  0.051  0.153  15.28   5.64  1.55 -0.28 -0.12 -0.08  6.50 56.26  1.20 -1.64 -0.10  2.12 -1.54  4.10 -1.72  6.50  7.10
  6.35- 6.26- -0.011  0.036   0.08  -0.73  0.00  0.00 -0.00  0.01  6.50 81.33  0.00 -0.02 -0.06  0.00  0.00  0.00  0.00 -0.00  0.00
  6.40- 6.26- -0.449 -0.241   1.91  -1.74  1.37 -0.03  0.13  0.22  6.50 56.70  0.06  1.45  0.26 -0.44  0.49 -0.49  0.43 -0.00 -0.09
  6.51- 6.26- -0.000 -0.000  -0.00  -0.00  0.00 -0.00  0.00  0.00************ -0.02 -0.01 -0.01  0.06  0.02  0.08  0.02  0.00  0.01

  6.35- MY=NY -0.000  0.002   5.37  -0.57 -5.35 -0.50 -0.00 -0.00  6.50 49.44  1.24 -0.00 -0.00 -4.94 -1.35 -4.12 -1.76  6.50  6.16
  6.40- 6.35-  0.008 -0.017  -0.17   1.12 -0.02 -0.00  0.00  0.00  6.50 93.66  0.00 -0.01 -0.02 -0.01  0.01 -0.01  0.00 -0.00 -0.00
  6.51- 6.35- -0.000 -0.000   0.00   0.00 -0.00 -0.00  0.00  0.00************ -0.00 -0.00  0.00  0.00  0.00  0.00  0.00  0.00  0.00

  6.40- MY=NY -0.152  0.406  15.65  -3.10 -0.38 -0.33 -0.01 -0.42  6.50 53.42  0.87  1.53 -0.48  1.66  0.32  3.67 -0.05  6.50  6.93
  6.51- 6.40-  0.000 -0.000   0.00   0.00 -0.00 -0.00  0.00 -0.00************  0.01  0.00  0.00 -0.06 -0.02 -0.08 -0.02 -0.00 -0.01

  6.51- MY=NY -7.150 -7.098  58.98  88.30  0.01  0.00 -0.50 -0.49  8.50 82.17  0.00 -1.21  1.20  6.51 -2.93  9.67 -2.96  8.50  9.83

 DECOUP:  0.00 SEC



   #   ENERGY +/-(#)    <Q20>    <Q22>     <R2>     <JZ>      #   ENERGY +/-(#)    <Q20>    <Q22>     <R2>     <JZ>

   1   1.5000  +(# 1)   0.3967  -0.0904   1.5524   0.5000    41   6.0354  -(#20)  -0.5840  -1.3512   6.5333   4.3584
   2   2.2129  -(# 1)   2.5954  -0.1731   2.8119   0.4793    42   6.1093  +(#22)   8.7787  -0.4369   8.5440  -0.6075
   3   2.4760  -(# 2)  -0.4240  -0.6497   2.4995  -1.3389    43   6.1947  -(#21)   6.4749   0.9920   7.1722  -0.1995
   4   2.8111  -(# 3)  -0.1877   0.3710   2.4508   0.3596    44   6.2546  +(#23)   8.0877   0.0781   8.4261   1.9316
   5   2.9497  +(# 2)   4.9263  -0.2361   4.0852   0.4636    45   6.2561  -(#22)   4.0965  -1.7224   7.1002   1.5545
   6   3.2000  +(# 3)   1.9183  -0.6832   3.7719  -1.2810    46   6.3220  +(#24)  -2.9006   0.5688   5.1235  -0.3462
   7   3.4367  +(# 4)  -0.7038  -1.3021   3.5158   1.4967    47   6.3474  -(#23)  -4.1226  -1.7583   6.1558  -5.3702
   8   3.5617  +(# 5)   1.2248   0.4309   3.6091   1.0466    48   6.3982  -(#24)   3.6742  -0.0548   6.9274  -0.3768
   9   3.7069  -(# 4)   6.3880  -0.5729   5.2786   0.3752    49   6.4373  +(#25)   5.0701  -0.5763   8.1271  -3.2812
  10   3.7889  +(# 6)  -0.7980  -0.5969   3.4525   0.2968    50   6.5066  -(#25)   9.6709  -2.9582   9.8344   0.0135
  11   3.9161  -(# 5)   4.5066  -0.3136   5.0426  -1.2606    51   6.5701  +(#26)   9.8173  -1.4999   8.7428   0.2021
  12   4.0631  +(# 7)  -1.0133   1.1225   3.2997  -1.0227    52   6.5826  -(#26)  -0.0394  -2.3629   6.6713  -2.7226
  13   4.1404  -(# 6)   1.3265  -1.2098   4.7429   2.1102    53   6.6646  +(#27)  -2.7110   3.5029   4.9270  -0.2455
  14   4.3008  -(# 7)   4.8310   0.4440   5.0236   0.5986    54   6.6755  +(#28)   1.8737  -1.0797   7.7962   4.3506
  15   4.4368  -(# 8)  -2.0214  -1.8081   4.4016  -2.9647    55   6.7007  -(#27)   0.1696  -1.3576   6.6206   1.3899
  16   4.4813  +(# 8)   7.2825  -1.1336   6.4234   0.2307    56   6.7398  +(#29)   9.7749  -0.9313   8.6956  -0.5933
  17   4.5283  -(# 9)   1.2794  -0.9004   4.7144  -0.3734    57   6.7477  -(#28)   9.2673  -1.0284   9.6443  -0.2954
  18   4.6774  +(# 9)   6.7061  -0.0516   6.2765  -1.1173    58   6.7513  -(#29)   3.7935   1.9651   6.7909   0.2808
  19   4.7697  -(#10)   1.6228   1.4429   4.5796  -0.7504    59   6.9070  -(#30)   9.4837   0.3203   9.5689   1.4945
  20   4.8384  -(#11)  -2.0932  -2.1860   4.4215  -0.3810    60   6.9343  +(#30)   8.2803   0.4081   8.4237  -0.1518
  21   4.8634  +(#10)   3.6845  -0.8563   5.9882   2.2873    61   6.9481  -(#31)  -4.0051  -2.5142   6.2256   4.0834
  22   5.0439  -(#12)  -2.0556  -0.1054   4.2710   0.9277    62   6.9554  +(#31)  -1.4859  -1.5043   7.4407  -5.3726
  23   5.0440  +(#11)   7.6358   0.0212   6.3782   0.4216    63   6.9771  +(#32)   6.9013  -1.0290   8.3717   1.9771
  24   5.1249  +(#12)   0.3908  -1.3273   5.6438  -3.2559    64   7.0146  -(#32)   0.1400   0.1390   6.5058  -0.4261
  25   5.1789  -(#13)   7.9665  -1.7812   7.5504   0.1009    65   7.0573  -(#33)   7.2375  -0.0572   9.3382  -3.1024
  26   5.2282  +(#13)   4.2490  -1.1227   6.0731  -0.5916    66   7.0813  -(#34)  -3.8933  -2.5303   6.2397  -2.7389
  27   5.3186  -(#14)  -1.8821   2.4987   4.0972   0.7183    67   7.0947  +(#33)  10.4568  -3.5665  10.9702   0.0040
  28   5.3912  -(#15)   7.9360  -0.0437   7.4176  -0.8983    68   7.1240  +(#34)   6.7930  -0.1331   8.2926  -0.7613
  29   5.4337  +(#14)  -3.1856  -1.7351   5.2621   4.2952    69   7.2494  +(#35)   2.7797  -1.7494   7.9505  -3.0508
  30   5.4587  +(#15)   4.2093   1.3753   5.8827  -0.3095    70   7.2618  -(#35)   4.1593  -0.7032   9.0316   4.3161
  31   5.5423  +(#16)   0.9037  -2.2658   5.7727   0.9055    71   7.2703  +(#36)  -5.0335  -1.9118   7.0623   6.3850
  32   5.5442  -(#16)   5.9754  -0.3492   7.2145   2.2117    72   7.3024  -(#36)  10.3634  -2.3378   9.8680   0.0784
  33   5.6955  +(#17)   0.7210   0.1216   5.5740   0.1822    73   7.3439  +(#37)   9.8755  -1.6351  10.7595  -0.1165
  34   5.7638  -(#17)   2.7779  -0.9153   6.8882  -3.3275    74   7.3677  -(#37)   0.1721   3.0920   6.2897  -0.1683
  35   5.8194  -(#18)   9.1054  -0.6780   7.5996   0.3481    75   7.3918  +(#38)   3.1025  -1.4477   7.9652   1.7804
  36   5.8815  +(#18)   8.8981  -2.3443   8.6997   0.0417    76   7.3923  -(#38)  -3.6794  -1.8026   6.2102   0.7182
  37   5.9191  +(#19)  -3.1021  -3.2784   5.3865  -1.5995    77   7.4839  +(#39)   6.7070   1.6822   8.1476   0.2564
  38   5.9763  -(#19)   7.3195  -1.0397   7.4207  -0.6489    78   7.5032  -(#39)  10.8001  -1.2807   9.8397  -0.4615
  39   6.0153  +(#20)  -0.7720   0.8286   5.3494   0.2864    79   7.5112  -(#40)   1.0247  -1.1650   8.7048  -5.3466
  40   6.0297  +(#21)  -1.2910   0.3830   5.3228   0.3567    80   7.5244  +(#40)  10.1628   0.0577  10.6667   0.9927



     PARITY: +     DIMENSION:  95     MATRIX:   0.0 SEC     DIAGONALISATION:   0.0 SEC
     PARITY: -     DIMENSION:  70     MATRIX:   0.0 SEC     DIAGONALISATION:   0.0 SEC
      TOTAL TIME:   0.0 SEC
