 PARITY=-   EPS= 0.632   GAMMA= 35.0   EPS4=0.000   EPS6=0.000   LEVELS:  30  31  32  33  34
0   Z= 82   A=207   IQ=1   GSFAC= 0.75   GR=  0.40   MIN SPIN=  1/2   MAX SPIN= 13/2   KMAX= 13/2

 MICR QUADR MOMENTS:  Q0=3351.332  Q2=-789.047 FM**2


   B(E2) AND Q(E2) IN E2B2 AND EB,   B(M1) AND M(M1) INNM2 AND NM,   T(E2) AND T(M1) IN 1/PS

       E1     II      EF     IF     B(E2)             B(M1)              GD        D       EREL    T(E2)      T(M1)
                                             WU               MWU

       0.0   1/2 -    0.0   1/2    0.0000            0.5320
     150.3   1/2 -    0.0   1/2    0.0000    0.00    0.0005    0.27    0.000    0.000    150.3  0.000E+00  0.294E-04
     150.3   1/2 -  150.3   1/2    0.0000            0.5808
     150.3   1/2 -   69.2   3/2    0.0412    5.66    0.0000    0.00    0.998   25.775     81.1  0.177E-05  0.266E-08
     150.3   1/2 -   94.0   5/2    0.0000    0.00    0.0000    0.00    1.000    0.000     56.4  0.107E-17  0.000E+00


     150.3   1/2 -  126.5   5/2    0.0322    4.43    0.0000    0.00    1.000    0.000     23.8  0.302E-08  0.000E+00
     233.1   1/2 -    0.0   1/2    0.0000    0.00    0.0000    0.00    0.000    0.000    233.1  0.000E+00  0.147E-18
     233.1   1/2 -  150.3   1/2    0.0000    0.00    0.0000    0.00    0.000    0.000     82.8  0.000E+00  0.149E-22
     233.1   1/2 -  233.1   1/2    0.0000            0.5641
     233.1   1/2 -   69.2   3/2    0.0000    0.00    0.0000    0.00    0.827    2.186    163.9  0.537E-15  0.112E-15


     233.1   1/2 -  210.9   3/2    0.0000    0.00    0.0000    0.00    0.003   -0.052     22.2  0.372E-23  0.138E-20
     233.1   1/2 -   94.0   5/2   29.3970 4041.34    0.0000    0.00    1.000    0.000    139.2  0.187E-01  0.000E+00
     233.1   1/2 -  126.5   5/2    0.0000    0.00    0.0000    0.00    1.000    0.000    106.6  0.142E-14  0.000E+00
     233.1   1/2 -  198.2   5/2    0.0000    0.00    0.0000    0.00    1.000    0.000     34.9  0.113E-16  0.000E+00
     540.9   1/2 -    0.0   1/2    0.0000    0.00    0.0000    0.00    0.000    0.000    540.9  0.000E+00  0.183E-18


     540.9   1/2 -  150.3   1/2    0.0000    0.00    0.0000    0.00    0.000    0.000    390.6  0.000E+00  0.409E-19
     540.9   1/2 -  233.1   1/2    0.0000    0.00    0.0060    3.33    0.000    0.000    307.8  0.000E+00  0.306E-02
     540.9   1/2 -  540.9   1/2    0.0000            0.6741
     540.9   1/2 -   69.2   3/2    0.0000    0.00    0.0000    0.00    0.987    8.620    471.7  0.105E-11  0.141E-13
     540.9   1/2 -  210.9   3/2    0.0000    0.00    0.0000    0.00    0.994  -13.413    330.1  0.381E-15  0.212E-17


     540.9   1/2 -  272.6   3/2    0.3312   45.54    0.0004    0.21    0.978    6.611    268.4  0.563E-02  0.129E-03
     540.9   1/2 -  317.8   3/2    0.0000    0.00    0.0000    0.00    0.439    0.884    223.2  0.156E-14  0.199E-14
     540.9   1/2 -  329.8   3/2    0.0000    0.00    0.0000    0.00    0.432    0.871    211.2  0.437E-14  0.576E-14
     540.9   1/2 -   94.0   5/2    1.0954  150.59    0.0000    0.00    1.000    0.000    447.0  0.238E+00  0.000E+00
     540.9   1/2 -  126.5   5/2    0.0000    0.00    0.0000    0.00    1.000    0.000    414.4  0.319E-13  0.000E+00


     540.9   1/2 -  198.2   5/2    0.0000    0.00    0.0000    0.00    1.000    0.000    342.7  0.644E-15  0.000E+00
     540.9   1/2 -  289.2   5/2    0.0000    0.00    0.0000    0.00    1.000    0.000    251.8  0.298E-16  0.000E+00
     540.9   1/2 -  383.9   5/2    0.0002    0.03    0.0000    0.00    1.000    0.000    157.1  0.236E-06  0.000E+00
    1466.0   1/2 -    0.0   1/2    0.0000    0.00    0.0000    0.00    0.000    0.000   1466.0  0.000E+00  0.364E-16
    1466.0   1/2 -  150.3   1/2    0.0000    0.00    0.0000    0.00    0.000    0.000   1315.6  0.000E+00  0.194E-19


    1466.0   1/2 -  233.1   1/2    0.0000    0.00    0.0473   26.41    0.000    0.000   1232.9  0.000E+00  0.156E+01
    1466.0   1/2 -  540.9   1/2    0.0000    0.00    0.1487   83.02    0.000    0.000    925.0  0.000E+00  0.207E+01
    1466.0   1/2 - 1466.0   1/2    0.0000           -0.1198
    1466.0   1/2 -   69.2   3/2    0.0000    0.00    0.0000    0.00    0.509   -1.018   1396.8  0.389E-12  0.376E-12
    1466.0   1/2 -  210.9   3/2    0.0000    0.00    0.0000    0.00    0.959    4.812   1255.1  0.168E-13  0.725E-15


    1466.0   1/2 -  272.6   3/2    0.4675   64.27    0.1130   63.12    0.803   -2.021   1193.4  0.138E+02  0.338E+01
    1466.0   1/2 -  317.8   3/2    0.0000    0.00    0.0000    0.00    0.972    5.890   1148.2  0.309E-11  0.892E-13
    1466.0   1/2 -  329.8   3/2    0.0000    0.00    0.0000    0.00    0.988    8.891   1136.2  0.117E-10  0.148E-12
    1466.0   1/2 -   94.0   5/2    3.2874  451.93    0.0000    0.00    1.000    0.000   1372.0  0.195E+03  0.000E+00
    1466.0   1/2 -  126.5   5/2    0.0000    0.00    0.0000    0.00    1.000    0.000   1339.5  0.351E-10  0.000E+00


    1466.0   1/2 -  198.2   5/2    0.0000    0.00    0.0000    0.00    1.000    0.000   1267.7  0.331E-10  0.000E+00
    1466.0   1/2 -  289.2   5/2    0.0000    0.00    0.0000    0.00    1.000    0.000   1176.8  0.434E-13  0.000E+00
    1466.0   1/2 -  383.9   5/2    0.0117    1.61    0.0000    0.00    1.000    0.000   1082.1  0.212E+00  0.000E+00
      69.2   3/2 -    0.0   1/2   16.5247 2271.72    0.5076  283.49    0.098    0.329     69.2  0.320E-03  0.296E-02
      69.2   3/2 -   69.2   3/2    4.1299           -0.6224


     210.9   3/2 -    0.0   1/2    0.0023    0.32    0.0011    0.62    0.060    0.253    210.9  0.118E-04  0.184E-03
     210.9   3/2 -  150.3   1/2   18.7974 2584.16    0.0495   27.65    0.491    0.983     60.6  0.187E-03  0.193E-03
     210.9   3/2 -   69.2   3/2    0.0244    3.36    0.0001    0.04    0.824   -2.167    141.7  0.170E-04  0.363E-05
     210.9   3/2 -  210.9   3/2    2.8934            0.2745
     210.9   3/2 -   94.0   5/2    0.0000    0.00    0.0000    0.00    0.787   -1.925    116.9  0.131E-17  0.353E-18


     210.9   3/2 -  126.5   5/2    0.0092    1.27    0.0003    0.17    0.128    0.383     84.4  0.482E-06  0.329E-05
     210.9   3/2 -  198.2   5/2    0.0493    6.77    0.0001    0.03    0.089   -0.313     12.7  0.196E-09  0.200E-08
     272.6   3/2 -    0.0   1/2    0.0000    0.00    0.0000    0.00    0.998   23.887    272.6  0.177E-13  0.311E-16
     272.6   3/2 -  150.3   1/2    0.0000    0.00    0.0000    0.00    0.955    4.600    122.2  0.344E-17  0.163E-18
     272.6   3/2 -  233.1   1/2   21.2382 2919.72    0.1278   71.38    0.152    0.424     39.5  0.248E-04  0.138E-03


     272.6   3/2 -   69.2   3/2    0.0000    0.00    0.0000    0.00    1.000  -61.868    203.4  0.251E-14  0.655E-18
     272.6   3/2 -  210.9   3/2    0.0000    0.00    0.0000    0.00    0.380   -0.782     61.7  0.382E-18  0.624E-18
     272.6   3/2 -  272.6   3/2    0.4146           -0.4386
     272.6   3/2 -   94.0   5/2    9.5329 1310.53    0.0582   32.48    0.784    1.904    178.6  0.211E-01  0.583E-02
     272.6   3/2 -  126.5   5/2    0.0000    0.00    0.0000    0.00    0.942    4.018    146.1  0.903E-15  0.559E-16


     272.6   3/2 -  198.2   5/2    0.0000    0.00    0.0000    0.00    0.950   -4.345     74.4  0.151E-15  0.800E-17
     272.6   3/2 -  217.1   7/2   19.5263 2684.36    0.0000    0.00    1.000    0.000     55.5  0.125E-03  0.000E+00
     272.6   3/2 -  236.7   7/2    0.0000    0.00    0.0000    0.00    1.000    0.000     35.9  0.810E-18  0.000E+00
     317.8   3/2 -    0.0   1/2    1.5909  218.70    0.0066    3.66    0.944   -4.121    317.8  0.629E-01  0.370E-02
     317.8   3/2 -  150.3   1/2    4.5910  631.15    0.0266   14.86    0.770    1.831    167.4  0.737E-02  0.220E-02


     317.8   3/2 -  233.1   1/2    0.0000    0.00    0.0000    0.00    0.096    0.325     84.6  0.159E-16  0.150E-15
     317.8   3/2 -   69.2   3/2    3.8264  526.04    0.0014    0.76    0.992  -10.964    248.5  0.443E-01  0.368E-03
     317.8   3/2 -  210.9   3/2   16.5117 2269.93    0.0524   29.27    0.714   -1.579    106.9  0.281E-02  0.113E-02
     317.8   3/2 -  272.6   3/2    0.0000    0.00    0.0000    0.00    0.089   -0.313     45.2  0.417E-17  0.425E-16
     317.8   3/2 -  317.8   3/2   -2.9779            0.6270


     317.8   3/2 -   94.0   5/2    0.0000    0.00    0.0000    0.00    0.457   -0.918    223.8  0.205E-13  0.244E-13
     317.8   3/2 -  126.5   5/2    0.8795  120.91    0.0267   14.93    0.455    0.913    191.3  0.275E-02  0.329E-02
     317.8   3/2 -  198.2   5/2    0.6232   85.68    0.1097   61.29    0.053   -0.237    119.5  0.185E-03  0.330E-02
     317.8   3/2 -  289.2   5/2   13.3415 1834.11    0.0082    4.58    0.480    0.960     28.6  0.311E-05  0.337E-05
     317.8   3/2 -  217.1   7/2    0.0000    0.00    0.0000    0.00    1.000    0.000    100.6  0.162E-15  0.000E+00


     317.8   3/2 -  236.7   7/2    0.2639   36.28    0.0000    0.00    1.000    0.000     81.1  0.113E-04  0.000E+00
     329.8   3/2 -    0.0   1/2    6.7035  921.57    0.0104    5.81    0.980   -6.970    329.8  0.319E+00  0.657E-02
     329.8   3/2 -  150.3   1/2    1.4125  194.18    0.0127    7.07    0.713    1.578    179.4  0.321E-02  0.129E-02
     329.8   3/2 -  233.1   1/2    0.0000    0.00    0.0000    0.00    0.061    0.255     96.7  0.400E-16  0.616E-15
     329.8   3/2 -   69.2   3/2   12.4875 1716.72    0.0081    4.55    0.986   -8.497    260.6  0.183E+00  0.254E-02


     329.8   3/2 -  210.9   3/2    4.1216  566.62    0.0151    8.45    0.727   -1.634    118.9  0.119E-02  0.448E-03
     329.8   3/2 -  272.6   3/2    0.0000    0.00    0.0000    0.00    0.150   -0.421     57.2  0.446E-16  0.252E-15
     329.8   3/2 -  317.8   3/2    0.0729   10.02    0.0542   30.25    0.000   -0.012     12.0  0.224E-09  0.166E-05
     329.8   3/2 -  329.8   3/2   -4.0454            1.2377
     329.8   3/2 -   94.0   5/2    0.0000    0.00    0.0000    0.00    0.303   -0.659    235.8  0.540E-13  0.124E-12


     329.8   3/2 -  126.5   5/2    4.7540  653.55    0.1165   65.07    0.539    1.081    203.3  0.201E-01  0.172E-01
     329.8   3/2 -  198.2   5/2    2.4252  333.41    0.3943  220.21    0.069   -0.272    131.6  0.117E-02  0.158E-01
     329.8   3/2 -  289.2   5/2    3.2700  449.55    0.0025    1.38    0.602    1.229     40.6  0.441E-05  0.292E-05
     329.8   3/2 -  217.1   7/2    0.0000    0.00    0.0000    0.00    1.000    0.000    112.7  0.472E-15  0.000E+00
     329.8   3/2 -  236.7   7/2    0.6768   93.05    0.0000    0.00    1.000    0.000     93.1  0.578E-04  0.000E+00


      94.0   5/2 -    0.0   1/2    0.0000    0.00    0.0000    0.00    1.000    0.000     94.0  0.483E-15  0.000E+00
      94.0   5/2 -   69.2   3/2    0.0000    0.00    0.0000    0.00    0.464    0.931     24.7  0.585E-18  0.674E-18
      94.0   5/2 -   94.0   5/2  -10.1286            0.1269
     126.5   5/2 -    0.0   1/2   23.5624 3239.23    0.0000    0.00    1.000    0.000    126.5  0.931E-02  0.000E+00
     126.5   5/2 -   69.2   3/2    0.0015    0.20    0.0003    0.19    0.009    0.097     57.3  0.109E-07  0.115E-05


     126.5   5/2 -   94.0   5/2    0.0000    0.00    0.0000    0.00    0.100    0.333     32.5  0.594E-20  0.537E-19
     126.5   5/2 -  126.5   5/2   -2.1134            1.3953
     198.2   5/2 -    0.0   1/2    0.3545   48.73    0.0000    0.00    1.000    0.000    198.2  0.132E-02  0.000E+00
     198.2   5/2 -  150.3   1/2    0.0000    0.00    0.0000    0.00    1.000    0.000     47.9  0.107E-09  0.000E+00
     198.2   5/2 -   69.2   3/2   13.7388 1888.74    0.0091    5.06    0.946    4.182    129.0  0.599E-02  0.343E-03


     198.2   5/2 -   94.0   5/2    0.0000    0.00    0.0000    0.00    0.009   -0.093    104.3  0.740E-17  0.856E-15
     198.2   5/2 -  126.5   5/2   23.7745 3268.38    0.1926  107.56    0.306    0.664     71.7  0.551E-03  0.125E-02
     198.2   5/2 -  198.2   5/2   -0.8010            0.4811
     198.2   5/2 -  168.1   9/2    0.0000    0.00    0.0000    0.00    1.000    0.000     30.2  0.514E-17  0.000E+00
     289.2   5/2 -    0.0   1/2    0.0070    0.96    0.0000    0.00    1.000    0.000    289.2  0.172E-03  0.000E+00


     289.2   5/2 -  150.3   1/2   19.1742 2635.96    0.0000    0.00    1.000    0.000    138.8  0.121E-01  0.000E+00
     289.2   5/2 -  233.1   1/2    0.0000    0.00    0.0000    0.00    1.000    0.000     56.1  0.189E-18  0.000E+00
     289.2   5/2 -   69.2   3/2    0.0001    0.02    0.0004    0.20    0.011   -0.108    220.0  0.791E-06  0.683E-04
     289.2   5/2 -  210.9   3/2    2.1392  294.08    0.0588   32.84    0.134   -0.393     78.3  0.767E-04  0.496E-03
     289.2   5/2 -  272.6   3/2    0.0000    0.00    0.0000    0.00    0.078    0.291     16.6  0.981E-21  0.116E-19


     289.2   5/2 -   94.0   5/2    0.0000    0.00    0.0000    0.00    0.539    1.080    195.2  0.572E-16  0.490E-16
     289.2   5/2 -  126.5   5/2    0.0050    0.69    0.0005    0.28    0.156    0.431    162.7  0.697E-05  0.376E-04
     289.2   5/2 -  198.2   5/2    0.0058    0.80    0.0003    0.16    0.103    0.339     90.9  0.441E-06  0.383E-05
     289.2   5/2 -  289.2   5/2    2.3185            1.2837
     289.2   5/2 -  217.1   7/2    0.0000    0.00    0.0000    0.00    0.120    0.370     72.1  0.913E-18  0.668E-17


     289.2   5/2 -  236.7   7/2    0.0249    3.43    0.0003    0.19    0.123    0.374     52.5  0.121E-06  0.869E-06
     289.2   5/2 -  168.1   9/2    0.0000    0.00    0.0000    0.00    1.000    0.000    121.1  0.302E-16  0.000E+00
     383.9   5/2 -    0.0   1/2    0.0000    0.00    0.0000    0.00    1.000    0.000    383.9  0.433E-13  0.000E+00
     383.9   5/2 -  150.3   1/2    0.0000    0.00    0.0000    0.00    1.000    0.000    233.5  0.487E-15  0.000E+00
     383.9   5/2 -  233.1   1/2   10.0574 1382.64    0.0000    0.00    1.000    0.000    150.8  0.956E-02  0.000E+00


     383.9   5/2 -   69.2   3/2    0.0000    0.00    0.0000    0.00    0.984    7.850    314.7  0.255E-12  0.414E-14
     383.9   5/2 -  210.9   3/2    0.0000    0.00    0.0000    0.00    0.974   -6.139    173.0  0.876E-16  0.232E-17
     383.9   5/2 -  272.6   3/2    1.5836  217.70    0.0011    0.61    0.925   -3.516    111.3  0.330E-03  0.267E-04
     383.9   5/2 -  317.8   3/2    0.0000    0.00    0.0000    0.00    0.399   -0.815     66.1  0.552E-16  0.830E-16
     383.9   5/2 -  329.8   3/2    0.0000    0.00    0.0000    0.00    0.161   -0.437     54.1  0.517E-16  0.270E-15


     383.9   5/2 -   94.0   5/2    1.5558  213.88    0.0005    0.28    0.995  -13.504    289.9  0.389E-01  0.213E-03
     383.9   5/2 -  126.5   5/2    0.0000    0.00    0.0000    0.00    0.792   -1.953    257.4  0.927E-13  0.243E-13
     383.9   5/2 -  198.2   5/2    0.0000    0.00    0.0000    0.00    0.221    0.533    185.7  0.543E-14  0.191E-13
     383.9   5/2 -  289.2   5/2    0.0000    0.00    0.0000    0.00    0.999   39.139     94.7  0.186E-16  0.121E-19
     383.9   5/2 -  383.9   5/2    9.9123            1.5132


     383.9   5/2 -  217.1   7/2    9.7380 1338.72    0.0000    0.02    1.000  -64.821    166.8  0.153E-01  0.365E-05
     383.9   5/2 -  236.7   7/2    0.0000    0.00    0.0000    0.00    0.238   -0.559    147.2  0.295E-14  0.945E-14
     383.9   5/2 -  354.0   7/2    0.0000    0.00    0.0000    0.00    0.031    0.179     29.9  0.519E-18  0.161E-16
     383.9   5/2 -  168.1   9/2    0.1227   16.87    0.0000    0.00    1.000    0.000    215.8  0.701E-03  0.000E+00
     383.9   5/2 -  340.3   9/2    0.0000    0.00    0.0000    0.00    1.000    0.000     43.6  0.434E-18  0.000E+00


     217.1   7/2 -   69.2   3/2    0.0000    0.00    0.0000    0.00    1.000    0.000    147.9  0.104E-14  0.000E+00
     217.1   7/2 -  210.9   3/2    0.0000    0.00    0.0000    0.00    1.000    0.000      6.2  0.104E-22  0.000E+00
     217.1   7/2 -   94.0   5/2   23.0207 3164.76    0.0748   41.77    0.764    1.799    123.2  0.796E-02  0.246E-02
     217.1   7/2 -  126.5   5/2    0.0000    0.00    0.0000    0.00    0.534    1.069     90.6  0.321E-15  0.281E-15
     217.1   7/2 -  198.2   5/2    0.0000    0.00    0.0000    0.00    0.045    0.217     18.9  0.969E-18  0.206E-16


     217.1   7/2 -  217.1   7/2   -4.0171            0.5540
     217.1   7/2 -  168.1   9/2    2.9977  412.10    0.0016    0.88    0.760   -1.778     49.0  0.104E-04  0.328E-05
     236.7   7/2 -   69.2   3/2   26.1130 3589.86    0.0000    0.00    1.000    0.000    167.5  0.419E-01  0.000E+00
     236.7   7/2 -  210.9   3/2    0.0142    1.95    0.0000    0.00    1.000    0.000     25.8  0.197E-08  0.000E+00
     236.7   7/2 -   94.0   5/2    0.0000    0.00    0.0000    0.00    0.888    2.811    142.7  0.134E-13  0.170E-14


     236.7   7/2 -  126.5   5/2    2.5710  353.45    0.4575  255.51    0.045    0.217    110.2  0.509E-03  0.108E-01
     236.7   7/2 -  198.2   5/2   12.0745 1659.94    0.0212   11.83    0.368   -0.764     38.4  0.123E-04  0.212E-04
     236.7   7/2 -  217.1   7/2    0.0000    0.00    0.0000    0.00    0.279    0.622     19.6  0.920E-19  0.238E-18
     236.7   7/2 -  236.7   7/2   -3.1486            0.1491
     236.7   7/2 -  168.1   9/2    0.0000    0.00    0.0000    0.00    0.028    0.170     68.6  0.128E-18  0.445E-17


     354.0   7/2 -   69.2   3/2    0.7916  108.82    0.0000    0.00    1.000    0.000    284.8  0.181E-01  0.000E+00
     354.0   7/2 -  210.9   3/2    0.5626   77.34    0.0000    0.00    1.000    0.000    143.1  0.411E-03  0.000E+00
     354.0   7/2 -  272.6   3/2    0.0000    0.00    0.0000    0.00    1.000    0.000     81.4  0.757E-15  0.000E+00
     354.0   7/2 -  317.8   3/2    0.4112   56.52    0.0000    0.00    1.000    0.000     36.2  0.312E-06  0.000E+00
     354.0   7/2 -  329.8   3/2    1.0931  150.27    0.0000    0.00    1.000    0.000     24.2  0.110E-06  0.000E+00


     354.0   7/2 -   94.0   5/2    0.0000    0.00    0.0000    0.00    0.956    4.682    260.0  0.193E-12  0.879E-14
     354.0   7/2 -  126.5   5/2    2.5016  343.91    0.0450   25.16    0.666    1.411    227.5  0.186E-01  0.933E-02
     354.0   7/2 -  198.2   5/2   24.4726 3364.36    0.1389   77.57    0.748    1.721    155.7  0.274E-01  0.923E-02
     354.0   7/2 -  289.2   5/2    0.0511    7.03    0.0019    1.04    0.074    0.282     64.8  0.712E-06  0.895E-05
     354.0   7/2 -  217.1   7/2    0.0000    0.00    0.0000    0.00    0.552    1.111    136.9  0.365E-14  0.296E-14


     354.0   7/2 -  236.7   7/2    3.2774  450.55    0.0063    3.54    0.831   -2.219    117.3  0.888E-03  0.180E-03
     354.0   7/2 -  354.0   7/2    4.3736            1.0561
     354.0   7/2 -  168.1   9/2    0.0000    0.00    0.0000    0.00    0.410    0.834    185.9  0.387E-14  0.557E-14
     354.0   7/2 -  340.3   9/2   19.0661 2621.09    0.0456   25.46    0.051    0.232     13.6  0.110E-06  0.204E-05
     354.0   7/2 -  341.4  11/2    0.0000    0.00    0.0000    0.00    1.000    0.000     12.6  0.125E-19  0.000E+00


     390.5   7/2 -   69.2   3/2    0.0493    6.78    0.0000    0.00    1.000    0.000    321.3  0.206E-02  0.000E+00
     390.5   7/2 -  210.9   3/2   26.0326 3578.81    0.0000    0.00    1.000    0.000    179.6  0.594E-01  0.000E+00
     390.5   7/2 -  272.6   3/2    0.0000    0.00    0.0000    0.00    1.000    0.000    118.0  0.459E-15  0.000E+00
     390.5   7/2 -  317.8   3/2    0.7359  101.16    0.0000    0.00    1.000    0.000     72.8  0.183E-04  0.000E+00
     390.5   7/2 -  329.8   3/2    0.5291   72.74    0.0000    0.00    1.000    0.000     60.8  0.534E-05  0.000E+00


     390.5   7/2 -   94.0   5/2    0.0000    0.00    0.0000    0.00    0.938   -3.880    296.6  0.329E-15  0.219E-16
     390.5   7/2 -  126.5   5/2    0.0747   10.27    0.0081    4.53    0.308    0.667    264.0  0.117E-02  0.263E-02
     390.5   7/2 -  198.2   5/2    0.2710   37.25    0.0058    3.22    0.546    1.098    192.3  0.869E-03  0.722E-03
     390.5   7/2 -  289.2   5/2    1.2269  168.67    0.0897   50.09    0.089    0.312    101.4  0.160E-03  0.164E-02
     390.5   7/2 -  383.9   5/2    0.0000    0.00    0.0000    0.00    0.015    0.125      6.7  0.120E-21  0.766E-20


     390.5   7/2 -  217.1   7/2    0.0000    0.00    0.0000    0.00    0.543    1.090    173.4  0.573E-15  0.482E-15
     390.5   7/2 -  236.7   7/2    0.0698    9.60    0.0005    0.30    0.679   -1.456    153.9  0.735E-04  0.347E-04
     390.5   7/2 -  354.0   7/2    0.2341   32.18    0.0002    0.11    0.518   -1.038     36.6  0.187E-06  0.173E-06
     390.5   7/2 -  390.5   7/2   -0.4620            1.2414
     390.5   7/2 -  168.1   9/2    0.0000    0.00    0.0000    0.00    0.179    0.467    222.5  0.230E-15  0.106E-14


     390.5   7/2 -  340.3   9/2    0.2473   34.00    0.0006    0.35    0.410    0.834     50.2  0.963E-06  0.138E-05
     390.5   7/2 -  386.0   9/2    0.0000    0.00    0.0000    0.00    0.002    0.050      4.6  0.301E-22  0.121E-19
     390.5   7/2 -  341.4  11/2    0.0000    0.00    0.0000    0.00    1.000    0.000     49.1  0.475E-17  0.000E+00
     420.6   7/2 -   69.2   3/2    0.0000    0.00    0.0000    0.00    1.000    0.000    351.3  0.853E-13  0.000E+00
     420.6   7/2 -  210.9   3/2    0.0000    0.00    0.0000    0.00    1.000    0.000    209.7  0.438E-14  0.000E+00


     420.6   7/2 -  272.6   3/2   17.7546 2440.80    0.0000    0.00    1.000    0.000    148.0  0.154E-01  0.000E+00
     420.6   7/2 -  317.8   3/2    0.0000    0.00    0.0000    0.00    1.000    0.000    102.8  0.855E-17  0.000E+00
     420.6   7/2 -  329.8   3/2    0.0000    0.00    0.0000    0.00    1.000    0.000     90.8  0.337E-16  0.000E+00
     420.6   7/2 -   94.0   5/2    0.0058    0.79    0.0006    0.35    0.406   -0.827    326.6  0.261E-03  0.382E-03
     420.6   7/2 -  126.5   5/2    0.0000    0.00    0.0000    0.00    0.640    1.334    294.0  0.539E-13  0.303E-13


     420.6   7/2 -  198.2   5/2    0.0000    0.00    0.0000    0.00    0.838    2.276    222.3  0.126E-12  0.243E-13
     420.6   7/2 -  289.2   5/2    0.0000    0.00    0.0000    0.00    0.059    0.251    131.4  0.726E-17  0.115E-15
     420.6   7/2 -  383.9   5/2   14.0828 1936.02    0.0979   54.68    0.118    0.366     36.7  0.114E-04  0.850E-04
     420.6   7/2 -  217.1   7/2    1.6803  231.00    0.0675   37.71    0.417    0.845    203.4  0.714E-02  0.100E-01
     420.6   7/2 -  236.7   7/2    0.0000    0.00    0.0000    0.00    0.678   -1.450    183.9  0.434E-14  0.206E-14


     420.6   7/2 -  354.0   7/2    0.0000    0.00    0.0000    0.00    0.094    0.321     66.6  0.629E-16  0.609E-15
     420.6   7/2 -  390.5   7/2    0.0000    0.00    0.0000    0.00    0.000    0.004     30.0  0.945E-22  0.557E-17
     420.6   7/2 -  420.6   7/2    2.4361            0.5545
     420.6   7/2 -  168.1   9/2    0.0634    8.71    0.0163    9.11    0.147    0.414    252.5  0.793E-03  0.462E-02
     420.6   7/2 -  340.3   9/2    0.0000    0.00    0.0000    0.00    0.617    1.270     80.2  0.946E-15  0.586E-15


     420.6   7/2 -  386.0   9/2   12.8606 1768.00    0.0847   47.30    0.112    0.355     34.6  0.775E-05  0.616E-04
     420.6   7/2 -  341.4  11/2    0.2521   34.65    0.0000    0.00    1.000    0.000     79.2  0.956E-05  0.000E+00
     168.1   9/2 -   94.0   5/2   21.2808 2925.56    0.0000    0.00    1.000    0.000     74.1  0.580E-03  0.000E+00
     168.1   9/2 -  126.5   5/2    0.0000    0.00    0.0000    0.00    1.000    0.000     41.6  0.719E-17  0.000E+00
     168.1   9/2 -  168.1   9/2  -15.2211            0.7258


     340.3   9/2 -   94.0   5/2    0.0000    0.00    0.0000    0.00    1.000    0.000    246.4  0.648E-13  0.000E+00
     340.3   9/2 -  126.5   5/2   30.2356 4156.63    0.0000    0.00    1.000    0.000    213.8  0.165E+00  0.000E+00
     340.3   9/2 -  198.2   5/2    0.5633   77.44    0.0000    0.00    1.000    0.000    142.1  0.398E-03  0.000E+00
     340.3   9/2 -  289.2   5/2    0.0255    3.51    0.0000    0.00    1.000    0.000     51.2  0.109E-06  0.000E+00
     340.3   9/2 -  217.1   7/2    0.0000    0.00    0.0000    0.00    0.997  -17.800    123.2  0.703E-16  0.222E-18


     340.3   9/2 -  236.7   7/2    1.7939  246.61    0.0104    5.79    0.563    1.136    103.7  0.262E-03  0.203E-03
     340.3   9/2 -  168.1   9/2    0.0000    0.00    0.0000    0.00    0.071    0.276    172.3  0.129E-15  0.169E-14
     340.3   9/2 -  340.3   9/2   -2.4797            2.3826
     386.0   9/2 -   94.0   5/2    3.1173  428.55    0.0000    0.00    1.000    0.000    292.0  0.808E-01  0.000E+00
     386.0   9/2 -  126.5   5/2    0.0000    0.00    0.0000    0.00    1.000    0.000    259.5  0.799E-13  0.000E+00


     386.0   9/2 -  198.2   5/2    0.0000    0.00    0.0000    0.00    1.000    0.000    187.7  0.418E-15  0.000E+00
     386.0   9/2 -  289.2   5/2    0.0000    0.00    0.0000    0.00    1.000    0.000     96.8  0.381E-17  0.000E+00
     386.0   9/2 -  383.9   5/2    8.8133 1211.61    0.0000    0.00    1.000    0.000      2.1  0.432E-11  0.000E+00
     386.0   9/2 -  217.1   7/2   21.1870 2912.67    0.0680   37.97    0.860    2.482    168.9  0.355E-01  0.576E-02
     386.0   9/2 -  236.7   7/2    0.0000    0.00    0.0000    0.00    0.465    0.932    149.3  0.955E-16  0.110E-15


     386.0   9/2 -  354.0   7/2    0.0000    0.00    0.0000    0.00    0.103    0.338     32.0  0.394E-18  0.345E-17
     386.0   9/2 -  168.1   9/2    0.0579    7.95    0.0029    1.59    0.401    0.817    217.9  0.347E-03  0.519E-03
     386.0   9/2 -  340.3   9/2    0.0000    0.00    0.0000    0.00    0.011    0.107     45.7  0.135E-17  0.117E-15
     386.0   9/2 -  386.0   9/2   -0.1352            1.2900
     386.0   9/2 -  341.4  11/2    5.3224  731.70    0.0067    3.74    0.523   -1.046     44.6  0.114E-04  0.105E-04


     341.4  11/2 -  217.1   7/2   23.3331 3207.71    0.0000    0.00    1.000    0.000    124.3  0.844E-02  0.000E+00
     341.4  11/2 -  236.7   7/2    0.0000    0.00    0.0000    0.00    1.000    0.000    104.7  0.591E-14  0.000E+00
     341.4  11/2 -  168.1   9/2   15.8694 2181.64    0.0623   34.80    0.841    2.303    173.3  0.303E-01  0.571E-02
     341.4  11/2 -  340.3   9/2    0.0000    0.00    0.0000    0.00    0.000    0.001      1.1  0.737E-26  0.117E-19
     341.4  11/2 -  341.4  11/2   -9.5397            1.2311


     490.1  11/2 -  217.1   7/2    0.0000    0.00    0.0000    0.00    1.000    0.000    273.0  0.141E-11  0.000E+00
     490.1  11/2 -  236.7   7/2   35.7844 4919.44    0.0000    0.00    1.000    0.000    253.5  0.457E+00  0.000E+00
     490.1  11/2 -  354.0   7/2    1.1771  161.82    0.0000    0.00    1.000    0.000    136.2  0.673E-03  0.000E+00
     490.1  11/2 -  390.5   7/2    0.0036    0.49    0.0000    0.00    1.000    0.000     99.6  0.430E-06  0.000E+00
     490.1  11/2 -  420.6   7/2    0.0000    0.00    0.0000    0.00    1.000    0.000     69.6  0.651E-15  0.000E+00


     490.1  11/2 -  168.1   9/2    0.0000    0.00    0.0000    0.00    0.984    7.842    322.1  0.588E-12  0.956E-14
     490.1  11/2 -  340.3   9/2    1.8131  249.26    0.5437  303.68    0.049    0.228    149.8  0.167E-02  0.322E-01
     490.1  11/2 -  386.0   9/2    0.0000    0.00    0.0000    0.00    0.240    0.561    104.2  0.570E-14  0.181E-13
     490.1  11/2 -  341.4  11/2    0.0000    0.00    0.0000    0.00    0.996   16.514    148.8  0.662E-14  0.243E-16
     490.1  11/2 -  490.1  11/2   -3.3266            0.9248


     553.1  11/2 -  217.1   7/2    3.7624  517.24    0.0000    0.00    1.000    0.000    336.0  0.197E+00  0.000E+00
     553.1  11/2 -  236.7   7/2    0.0000    0.00    0.0000    0.00    1.000    0.000    316.4  0.398E-11  0.000E+00
     553.1  11/2 -  354.0   7/2    0.0000    0.00    0.0000    0.00    1.000    0.000    199.1  0.168E-13  0.000E+00
     553.1  11/2 -  390.5   7/2    0.0000    0.00    0.0000    0.00    1.000    0.000    162.6  0.242E-13  0.000E+00
     553.1  11/2 -  420.6   7/2   19.5760 2691.19    0.0000    0.00    1.000    0.000    132.6  0.977E-02  0.000E+00


     553.1  11/2 -  168.1   9/2    0.1551   21.32    0.0000    0.02    0.997   19.243    385.1  0.160E-01  0.433E-04
     553.1  11/2 -  340.3   9/2    0.0000    0.00    0.0000    0.00    0.153    0.424    212.8  0.526E-13  0.292E-12
     553.1  11/2 -  386.0   9/2   20.6518 2839.09    0.1201   67.06    0.769    1.825    167.1  0.329E-01  0.987E-02
     553.1  11/2 -  341.4  11/2    0.0068    0.94    0.0077    4.31    0.027   -0.166    211.7  0.354E-04  0.129E-02
     553.1  11/2 -  490.1  11/2    0.0000    0.00    0.0000    0.00    0.325    0.694     63.0  0.299E-16  0.621E-16


     553.1  11/2 -  553.1  11/2   -1.3194            1.0523

 TIME=  0.0 SEC
