 PARITY=-   EPS= 0.130   GAMMA=  0.0   EPS4=0.000   EPS6=0.000   LEVELS:  20  21  22  23  24
0   Z= 82   A=207   IQ=1   GSFAC= 0.75   GR=  0.40   MIN SPIN=  1/2   MAX SPIN= 13/2   KMAX= 13/2

 MICR QUADR MOMENTS:  Q0= 676.388  Q2=  -0.000 FM**2


   B(E2) AND Q(E2) IN E2B2 AND EB,   B(M1) AND M(M1) INNM2 AND NM,   T(E2) AND T(M1) IN 1/PS

       E1     II      EF     IF     B(E2)             B(M1)              GD        D       EREL    T(E2)      T(M1)
                                             WU               MWU

    1080.6   1/2 - 1080.6   1/2    0.0000            1.0975
    1080.6   1/2 -    0.0   3/2    1.8203  250.25    0.8965  500.71    0.622   -1.282   1080.6  0.327E+02  0.199E+02
    2283.4   1/2 - 1080.6   1/2    0.0000    0.00    0.0089    4.96    0.000    0.000   1202.8  0.000E+00  0.272E+00
    2283.4   1/2 - 2283.4   1/2    0.0000           -0.0214
    2283.4   1/2 -    0.0   3/2    0.0000    0.00    0.0250   13.97    0.000   -0.000   2283.4  0.169E-11  0.524E+01


    2283.4   1/2 - 1559.6   5/2    0.0000    0.00    0.0000    0.00    1.000    0.000    723.8  0.157E-09  0.000E+00
    2283.4   1/2 - 2072.1   5/2    2.7305  375.37    0.0000    0.00    1.000    0.000    211.3  0.140E-01  0.000E+00
       0.0   3/2 -    0.0   3/2   -1.3528           -0.8948
    2510.5   3/2 - 1080.6   1/2    0.0000    0.00    0.0072    4.05    0.000   -0.000   1429.9  0.926E-12  0.373E+00
    2510.5   3/2 - 2283.4   1/2    0.0000    0.00    0.0269   15.05    0.000   -0.000    227.1  0.191E-15  0.555E-02


    2510.5   3/2 -    0.0   3/2    0.0000    0.00    0.0058    3.24    0.000   -0.000   2510.5  0.101E-24  0.161E+01
    2510.5   3/2 - 2510.5   3/2    1.3528            0.5181
    2510.5   3/2 - 1559.6   5/2    0.0000    0.00    0.0551   30.76    0.000    0.000    950.8  0.525E-11  0.833E+00
    2510.5   3/2 - 2072.1   5/2    0.0000    0.00    0.0054    3.01    0.000    0.000    438.3  0.219E-14  0.799E-02
    2510.5   3/2 -  101.1   7/2    0.0000    0.00    0.0000    0.00    1.000    0.000   2409.3  0.191E-18  0.000E+00


    2510.5   3/2 -  620.7   7/2    0.0000    0.00    0.0000    0.00    1.000    0.000   1889.8  0.960E-11  0.000E+00
    2510.5   3/2 - 2498.4   7/2    0.0000    0.00    0.0000    0.00    1.000    0.000     12.1  0.226E-28  0.000E+00
    1559.6   5/2 - 1080.6   1/2    0.0000    0.00    0.0000    0.00    1.000    0.000    479.0  0.731E-13  0.000E+00
    1559.6   5/2 -    0.0   3/2    0.0000    0.00    0.0000    0.00    0.544    1.092   1559.6  0.764E-11  0.641E-11
    1559.6   5/2 - 1559.6   5/2    2.4157            0.8264


    1559.6   5/2 -  101.1   7/2    0.0000    0.00    0.0479   26.74    0.000   -0.000   1458.5  0.204E-18  0.261E+01
    1559.6   5/2 -  620.7   7/2    0.0000    0.00    0.0000    0.00    0.019   -0.141    938.9  0.403E-12  0.204E-10
    1559.6   5/2 - 1308.1   9/2    0.0000    0.00    0.0000    0.00    1.000    0.000    251.5  0.756E-23  0.000E+00
    2072.1   5/2 - 1080.6   1/2    0.0000    0.00    0.0000    0.00    1.000    0.000    991.5  0.123E-11  0.000E+00
    2072.1   5/2 -    0.0   3/2    0.0000    0.00    0.0008    0.44    0.000    0.000   2072.1  0.148E-12  0.123E+00


    2072.1   5/2 - 1559.6   5/2    0.0000    0.00    0.0000    0.00    0.527   -1.056    512.5  0.106E-10  0.955E-11
    2072.1   5/2 - 2072.1   5/2   -1.9325            0.7207
    2072.1   5/2 -  101.1   7/2    0.0000    0.00    0.0000    0.00    0.001   -0.022   1971.0  0.810E-21  0.160E-17
    2072.1   5/2 -  620.7   7/2    0.0000    0.00    0.0214   11.98    0.000   -0.000   1451.4  0.333E-21  0.115E+01
    2072.1   5/2 - 1308.1   9/2    0.0000    0.00    0.0000    0.00    1.000    0.000    764.0  0.264E-19  0.000E+00


     101.1   7/2 -    0.0   3/2    0.0000    0.00    0.0000    0.00    1.000    0.000    101.1  0.801E-22  0.000E+00
     101.1   7/2 -  101.1   7/2    3.1565            1.1029
     620.7   7/2 -    0.0   3/2    1.1702  160.87    0.0000    0.00    1.000    0.000    620.7  0.132E+01  0.000E+00
     620.7   7/2 -  101.1   7/2    0.0000    0.00    0.0000    0.00    0.110    0.351    519.6  0.425E-19  0.345E-18
     620.7   7/2 -  620.7   7/2   -2.2546           -0.1921


    2498.4   7/2 -    0.0   3/2    0.0000    0.00    0.0000    0.00    1.000    0.000   2498.4  0.432E-17  0.000E+00
    2498.4   7/2 - 1559.6   5/2    1.6253  223.44    0.0027    1.51    0.997  -19.195    938.8  0.145E+02  0.392E-01
    2498.4   7/2 - 2072.1   5/2    0.0000    0.00    0.0000    0.00    0.023   -0.153    426.3  0.901E-23  0.387E-21
    2498.4   7/2 -  101.1   7/2    0.0000    0.00    0.0106    5.94    0.000    0.000   2397.3  0.314E-17  0.258E+01
    2498.4   7/2 -  620.7   7/2    0.0000    0.00    0.0000    0.00    0.283   -0.628   1877.7  0.614E-18  0.156E-17


    2498.4   7/2 - 2498.4   7/2    0.4509            1.2590
    2498.4   7/2 - 1308.1   9/2    0.0000    0.00    0.0372   20.80    0.000   -0.000   1190.3  0.300E-20  0.111E+01
    2498.4   7/2 - 2314.3  11/2    0.0000    0.00    0.0000    0.00    1.000    0.000    184.1  0.388E-22  0.000E+00
    1308.1   9/2 -  101.1   7/2    1.5445  212.33    0.0056    3.15    0.996  -16.625   1207.0  0.483E+02  0.175E+00
    1308.1   9/2 -  620.7   7/2    0.0000    0.00    0.0000    0.00    0.982   -7.487    687.4  0.153E-17  0.273E-19


    1308.1   9/2 - 1308.1   9/2    1.2298            1.5506
    2933.8   9/2 - 1559.6   5/2    0.0000    0.00    0.0000    0.00    1.000    0.000   1374.1  0.184E-08  0.000E+00
    2933.8   9/2 - 2072.1   5/2    1.3002  178.75    0.0000    0.00    1.000    0.000    861.6  0.753E+01  0.000E+00
    2933.8   9/2 -  101.1   7/2    0.0000    0.00    0.0000    0.00    0.004    0.062   2832.6  0.747E-21  0.197E-18
    2933.8   9/2 -  620.7   7/2    0.0000    0.00    0.0009    0.49    0.000    0.000   2313.1  0.114E-20  0.190E+00


    2933.8   9/2 - 2498.4   7/2    0.0000    0.00    0.0000    0.00    0.041    0.206    435.4  0.305E-23  0.721E-22
    2933.8   9/2 - 1308.1   9/2    0.0000    0.00    0.0000    0.00    0.760   -1.779   1625.6  0.583E-18  0.184E-18
    2933.8   9/2 - 2933.8   9/2   -2.4596            1.4993
    2933.8   9/2 - 2314.3  11/2    0.0000    0.00    0.0205   11.43    0.000   -0.000    619.5  0.110E-23  0.856E-01
    2933.8   9/2 - 2783.3  11/2    0.0000    0.00    0.0000    0.00    0.005    0.070    150.4  0.206E-27  0.416E-25


    2314.3  11/2 -  101.1   7/2    0.0000    0.00    0.0000    0.00    1.000    0.000   2213.2  0.188E-14  0.000E+00
    2314.3  11/2 -  620.7   7/2    1.3790  189.58    0.0000    0.00    1.000    0.000   1693.6  0.234E+03  0.000E+00
    2314.3  11/2 - 1308.1   9/2    0.0000    0.00    0.0000    0.00    0.994  -12.678   1006.2  0.424E-16  0.264E-18
    2314.3  11/2 - 2314.3  11/2   -2.6015            0.5657
    2783.3  11/2 -  101.1   7/2    0.3310   45.50    0.0000    0.00    1.000    0.000   2682.2  0.561E+03  0.000E+00


    2783.3  11/2 -  620.7   7/2    0.0000    0.00    0.0000    0.00    1.000    0.000   2162.6  0.104E-15  0.000E+00
    2783.3  11/2 - 2498.4   7/2    0.0000    0.00    0.0000    0.00    1.000    0.000    284.9  0.901E-23  0.000E+00
    2783.3  11/2 - 1308.1   9/2    1.5594  214.37    0.0087    4.84    0.996  -16.484   1475.2  0.133E+03  0.489E+00
    2783.3  11/2 - 2314.3  11/2    0.0000    0.00    0.0000    0.00    0.000    0.010    469.0  0.443E-21  0.439E-17
    2783.3  11/2 - 2783.3  11/2    0.0743            1.9824



 TIME=  0.0 SEC
