 PARITY=-   EPS= 0.010   GAMMA=  0.0   EPS4=0.000   EPS6=0.000   LEVELS:  32  33  34  35  36
0   Z= 82   A=207   IQ=1   GSFAC= 0.75   GR=  0.40   MIN SPIN=  1/2   MAX SPIN= 13/2   KMAX= 13/2

 MICR QUADR MOMENTS:  Q0=  37.798  Q2=  -0.000 FM**2


   B(E2) AND Q(E2) IN E2B2 AND EB,   B(M1) AND M(M1) INNM2 AND NM,   T(E2) AND T(M1) IN 1/PS

       E1     II      EF     IF     B(E2)             B(M1)              GD        D       EREL    T(E2)      T(M1)
                                             WU               MWU

       0.0   1/2 -    0.0   1/2    0.0000            0.4782
     701.7   3/2 -    0.0   1/2    0.0028    0.39    0.0041    2.27    0.193    0.488    701.7  0.589E-02  0.247E-01
     701.7   3/2 -  701.7   3/2   -0.0754            0.5318
     701.7   3/2 -  697.1   5/2    0.0012    0.17    0.0562   31.36    0.000    0.001      4.6  0.309E-13  0.965E-07
    1765.1   3/2 -    0.0   1/2    0.0000    0.00    0.0105    5.86    0.001    0.027   1765.1  0.752E-03  0.102E+01


    1765.1   3/2 -  701.7   3/2    0.0000    0.00    0.0081    4.55    0.001    0.037   1063.4  0.238E-03  0.172E+00
    1765.1   3/2 - 1765.1   3/2    0.0754            0.5548
    1765.1   3/2 -  697.1   5/2    0.0000    0.00    0.0012    0.70    0.007    0.085   1068.0  0.194E-03  0.267E-01
    1765.1   3/2 - 1082.0   5/2    0.0012    0.17    0.0001    0.05    0.815   -2.096    683.1  0.222E-02  0.506E-03
    1765.1   3/2 - 1638.3   7/2    0.0010    0.14    0.0000    0.00    1.000    0.000    126.8  0.407E-06  0.000E+00


     697.1   5/2 -    0.0   1/2    0.0028    0.39    0.0000    0.00    1.000    0.000    697.1  0.568E-02  0.000E+00
     697.1   5/2 -  697.1   5/2   -0.1072            1.2416
    1082.0   5/2 -    0.0   1/2    0.0000    0.00    0.0000    0.00    1.000    0.000   1082.0  0.225E-03  0.000E+00
    1082.0   5/2 -  701.7   3/2    0.0000    0.00    0.0025    1.40    0.000    0.006    380.3  0.733E-07  0.242E-02
    1082.0   5/2 -  697.1   5/2    0.0000    0.01    0.0009    0.52    0.005    0.069    384.9  0.445E-05  0.941E-03


    1082.0   5/2 - 1082.0   5/2    0.1068            1.0151
    1638.3   7/2 -  701.7   3/2    0.0000    0.00    0.0000    0.00    1.000    0.000    936.6  0.176E-03  0.000E+00
    1638.3   7/2 -  697.1   5/2    0.0000    0.00    0.0014    0.79    0.014   -0.118    941.2  0.291E-03  0.208E-01
    1638.3   7/2 - 1082.0   5/2    0.0045    0.62    0.0001    0.06    0.898    2.961    556.3  0.293E-02  0.334E-03
    1638.3   7/2 - 1638.3   7/2   -0.0010            1.4192


    2339.4   7/2 -  701.7   3/2    0.0036    0.50    0.0000    0.00    1.000    0.000   1637.7  0.522E+00  0.000E+00
    2339.4   7/2 - 1765.1   3/2    0.0000    0.00    0.0000    0.00    1.000    0.000    574.3  0.152E-05  0.000E+00
    2339.4   7/2 -  697.1   5/2    0.0004    0.05    0.0059    3.31    0.110    0.352   1642.3  0.572E-01  0.462E+00
    2339.4   7/2 - 1082.0   5/2    0.0000    0.01    0.0002    0.09    0.197   -0.495   1257.4  0.144E-02  0.588E-02
    2339.4   7/2 - 1638.3   7/2    0.0000    0.00    0.0019    1.06    0.004   -0.062    701.1  0.438E-04  0.115E-01


    2339.4   7/2 - 2339.4   7/2   -0.1250            1.2638
    2339.4   7/2 - 2306.4   9/2    0.0002    0.03    0.0356   19.86    0.000    0.002     33.0  0.967E-10  0.226E-04
    2306.4   9/2 -  697.1   5/2    0.0035    0.48    0.0000    0.00    1.000    0.000   1609.3  0.461E+00  0.000E+00
    2306.4   9/2 - 1082.0   5/2    0.0002    0.02    0.0000    0.00    1.000    0.000   1224.4  0.581E-02  0.000E+00
    2306.4   9/2 - 1638.3   7/2    0.0006    0.09    0.0013    0.74    0.129    0.385    668.1  0.103E-02  0.693E-02


    2306.4   9/2 - 2306.4   9/2   -0.1241            2.0531
    2462.5   9/2 -  697.1   5/2    0.0005    0.08    0.0000    0.00    1.000    0.000   1765.4  0.115E+00  0.000E+00
    2462.5   9/2 - 1082.0   5/2    0.0015    0.21    0.0000    0.00    1.000    0.000   1380.5  0.937E-01  0.000E+00
    2462.5   9/2 - 1638.3   7/2    0.0029    0.40    0.0001    0.08    0.903   -3.054    824.2  0.136E-01  0.145E-02
    2462.5   9/2 - 2339.4   7/2    0.0001    0.01    0.0162    9.03    0.000    0.008    123.1  0.354E-07  0.531E-03


    2462.5   9/2 - 2306.4   9/2    0.0002    0.02    0.0001    0.04    0.040   -0.203    156.1  0.189E-06  0.461E-05
    2462.5   9/2 - 2462.5   9/2   -0.0684            1.7617

 TIME=  0.0 SEC
