 PARITY=-   EPS= 0.225   GAMMA= 13.8   EPS4=0.000   EPS6=0.000   LEVELS:  18  19  20  21  22
0   Z= 82   A=207   IQ=1   GSFAC= 0.75   GR=  0.40   MIN SPIN=  1/2   MAX SPIN= 13/2   KMAX= 13/2

 MICR QUADR MOMENTS:  Q0=1195.201  Q2=-169.533 FM**2


   B(E2) AND Q(E2) IN E2B2 AND EB,   B(M1) AND M(M1) INNM2 AND NM,   T(E2) AND T(M1) IN 1/PS

       E1     II      EF     IF     B(E2)             B(M1)              GD        D       EREL    T(E2)      T(M1)
                                             WU               MWU

     770.7   1/2 -  770.7   1/2    0.0000            0.8994
     770.7   1/2 -   54.7   3/2    5.4884  754.52    0.6975  389.53    0.737   -1.672    716.0  0.126E+02  0.450E+01
    2049.2   1/2 -  770.7   1/2    0.0000    0.00    0.0274   15.31    0.000    0.000   1278.6  0.000E+00  0.101E+01
    2049.2   1/2 - 2049.2   1/2    0.0000            0.0252
    2049.2   1/2 -   54.7   3/2    0.0000    0.00    0.0738   41.22    0.000   -0.000   1994.5  0.128E-13  0.103E+02


    2049.2   1/2 - 2038.6   3/2    0.0000    0.00    0.0269   15.02    0.000   -0.000     10.6  0.401E-29  0.565E-06
    2049.2   1/2 - 1605.1   5/2    8.0246 1103.18    0.0000    0.00    1.000    0.000    444.2  0.169E+01  0.000E+00
      54.7   3/2 -   54.7   3/2   -2.4348           -0.6952
    2038.6   3/2 -  770.7   1/2    0.0000    0.00    0.0050    2.78    0.000   -0.000   1268.0  0.165E-19  0.179E+00
    2038.6   3/2 -   54.7   3/2    0.0000    0.00    0.0134    7.49    0.000    0.000   1983.9  0.247E-22  0.184E+01


    2038.6   3/2 - 2038.6   3/2    2.2296            0.5811
    2038.6   3/2 - 1605.1   5/2    0.0000    0.00    0.0033    1.82    0.000   -0.000    433.6  0.999E-24  0.468E-02
    2038.6   3/2 -  880.5   7/2    0.0000    0.00    0.0000    0.00    1.000    0.000   1158.1  0.415E-23  0.000E+00
    1605.1   5/2 -  770.7   1/2    0.0000    0.00    0.0000    0.00    1.000    0.000    834.4  0.796E-16  0.000E+00
    1605.1   5/2 -   54.7   3/2    0.0000    0.00    0.0035    1.95    0.000   -0.000   1550.4  0.110E-21  0.228E+00


    1605.1   5/2 - 1605.1   5/2   -3.5617            0.7244
    1605.1   5/2 -  880.5   7/2    0.0000    0.00    0.0642   35.86    0.000    0.000    724.6  0.116E-23  0.430E+00
    2351.0   5/2 -  770.7   1/2    2.7736  381.29    0.0000    0.00    1.000    0.000   1580.4  0.334E+03  0.000E+00
    2351.0   5/2 - 2049.2   1/2    0.0000    0.00    0.0000    0.00    1.000    0.000    301.8  0.511E-18  0.000E+00
    2351.0   5/2 -   54.7   3/2    0.9979  137.18    0.0548   30.63    0.985    8.155   2296.3  0.777E+03  0.117E+02


    2351.0   5/2 - 2038.6   3/2    0.0000    0.00    0.0000    0.00    0.000    0.000    312.4  0.613E-22  0.205E-06
    2351.0   5/2 - 1605.1   5/2    0.0000    0.00    0.0324   18.07    0.000    0.000    745.9  0.537E-22  0.236E+00
    2351.0   5/2 - 2351.0   5/2   -2.9852            1.9508
    2351.0   5/2 -  880.5   7/2    0.4406   60.58    0.5731  320.08    0.535   -1.074   1470.5  0.370E+02  0.321E+02
    2351.0   5/2 - 2220.9   9/2    0.0000    0.00    0.0000    0.00    1.000    0.000    130.2  0.573E-26  0.000E+00


    2557.9   5/2 -  770.7   1/2    0.0000    0.00    0.0000    0.00    1.000    0.000   1787.3  0.731E-18  0.000E+00
    2557.9   5/2 - 2049.2   1/2    0.0000    0.00    0.0000    0.00    1.000    0.000    508.7  0.456E-20  0.000E+00
    2557.9   5/2 -   54.7   3/2    0.0000    0.00    0.0117    6.53    0.000   -0.000   2503.2  0.646E-20  0.323E+01
    2557.9   5/2 - 2038.6   3/2    5.0109  688.87    0.0005    0.25    1.000   45.528    519.3  0.231E+01  0.111E-02
    2557.9   5/2 - 1605.1   5/2    0.0000    0.00    0.0105    5.87    0.000    0.000    952.9  0.252E-23  0.160E+00


    2557.9   5/2 - 2351.0   5/2    0.0000    0.00    0.0010    0.53    0.000   -0.000    206.9  0.530E-24  0.148E-03
    2557.9   5/2 - 2557.9   5/2   -0.7126            0.9268
    2557.9   5/2 -  880.5   7/2    0.0000    0.00    0.0109    6.06    0.000    0.000   1677.4  0.423E-21  0.902E+00
    2557.9   5/2 - 2220.9   9/2    0.0000    0.00    0.0000    0.00    1.000    0.000    337.1  0.248E-27  0.000E+00
     880.5   7/2 -   54.7   3/2    3.5627  489.78    0.0000    0.00    1.000    0.000    825.8  0.167E+02  0.000E+00


     880.5   7/2 -  880.5   7/2   -4.1107            0.0264
     880.5   7/2 -    0.0  11/2    0.0000    0.00    0.0000    0.00    1.000    0.000    880.5  0.290E-24  0.000E+00
    2220.9   9/2 - 1605.1   5/2    3.8123  524.10    0.0000    0.00    1.000    0.000    615.8  0.412E+01  0.000E+00
    2220.9   9/2 -  880.5   7/2    0.0000    0.00    0.0040    2.21    0.000    0.000   1340.3  0.174E-25  0.168E+00
    2220.9   9/2 - 2220.9   9/2   -4.6526            1.4837


    2220.9   9/2 -    0.0  11/2    0.0000    0.00    0.0000    0.00    0.000    0.000   2220.9  0.131E-24  0.417E-11
    2220.9   9/2 - 1722.8  13/2    0.0000    0.00    0.0000    0.00    1.000    0.000    498.1  0.264E-27  0.000E+00
    2667.7   9/2 - 1605.1   5/2    0.0000    0.00    0.0000    0.00    1.000    0.000   1062.6  0.648E-21  0.000E+00
    2667.7   9/2 - 2351.0   5/2    0.0000    0.00    0.0000    0.00    1.000    0.000    316.7  0.334E-26  0.000E+00
    2667.7   9/2 - 2557.9   5/2    0.0000    0.00    0.0000    0.00    1.000    0.000    109.8  0.636E-28  0.000E+00


    2667.7   9/2 -  880.5   7/2    0.0000    0.00    0.0000    0.00    0.000   -0.000   1787.2  0.153E-23  0.275E-07
    2667.7   9/2 - 2220.9   9/2    0.0000    0.00    0.0000    0.00    0.000    0.000    446.9  0.464E-24  0.567E-10
    2667.7   9/2 - 2667.7   9/2    6.5345           -0.7150
    2667.7   9/2 -    0.0  11/2    0.0000    0.00    0.4630  258.59    0.000    0.000   2667.7  0.152E-22  0.155E+03
    2667.7   9/2 - 1722.8  13/2    0.0000    0.00    0.0000    0.00    1.000    0.000    944.9  0.517E-26  0.000E+00


       0.0  11/2 -    0.0  11/2    7.2382           -0.8721
    2797.2  11/2 -  880.5   7/2    4.2183  579.90    0.0000    0.00    1.000    0.000   1916.7  0.133E+04  0.000E+00
    2797.2  11/2 - 2220.9   9/2    0.0000    0.00    0.0504   28.13    0.000   -0.000    576.4  0.232E-27  0.170E+00
    2797.2  11/2 - 2667.7   9/2    0.0000    0.00    0.0000    0.00    0.000    0.000    129.5  0.100E-30  0.356E-11
    2797.2  11/2 -    0.0  11/2    0.0000    0.00    0.0000    0.00    0.000   -0.000   2797.2  0.508E-22  0.383E-11


    2797.2  11/2 - 2797.2  11/2   -4.7025            0.8023
    2797.2  11/2 - 1722.8  13/2    0.0000    0.00    0.0000    0.00    0.000   -0.000   1074.4  0.143E-26  0.231E-12
    1722.8  13/2 -    0.0  11/2    4.0898  562.24    0.4102  229.09    0.954   -4.529   1722.8  0.757E+03  0.369E+02
    1722.8  13/2 - 1722.8  13/2    4.2228           -0.0666

 TIME=  0.0 SEC
