 PARITY=-   EPS= 0.500   GAMMA=  9.0   EPS4=0.000   EPS6=0.000   LEVELS:  30  31  32  33  34
0   Z= 82   A=207   IQ=1   GSFAC= 0.75   GR=  0.40   MIN SPIN=  1/2   MAX SPIN= 13/2   KMAX= 13/2

 MICR QUADR MOMENTS:  Q0=3319.038  Q2=-170.089 FM**2


   B(E2) AND Q(E2) IN E2B2 AND EB,   B(M1) AND M(M1) INNM2 AND NM,   T(E2) AND T(M1) IN 1/PS

       E1     II      EF     IF     B(E2)             B(M1)              GD        D       EREL    T(E2)      T(M1)
                                             WU               MWU

       0.0   1/2 -    0.0   1/2    0.0000            0.3495
     844.6   3/2 -    0.0   1/2   20.0756 2759.88    0.0117    6.51    0.999  -29.180    844.6  0.105E+03  0.124E+00
     844.6   3/2 -  844.6   3/2   -6.6029            0.1762
     844.6   3/2 -  608.3   5/2    8.0572 1107.66    0.0069    3.83    0.979    6.747    236.3  0.725E-01  0.159E-02
     608.3   5/2 -    0.0   1/2   21.7077 2984.25    0.0000    0.00    1.000    0.000    608.3  0.221E+02  0.000E+00


     608.3   5/2 -  608.3   5/2   -9.5038            1.1420
    1001.7   7/2 -  844.6   3/2    0.0000    0.00    0.0000    0.00    1.000    0.000    157.1  0.303E-14  0.000E+00
    1001.7   7/2 -  608.3   5/2    0.0000    0.00    0.0000    0.00    0.942   -4.033    393.4  0.332E-13  0.204E-14
    1001.7   7/2 - 1001.7   7/2   15.4948            1.3305
    1268.4   7/2 -  844.6   3/2    0.0048    0.66    0.0000    0.00    1.000    0.000    423.7  0.797E-03  0.000E+00


    1268.4   7/2 -  608.3   5/2    0.0001    0.01    0.0000    0.00    0.906   -3.105    660.1  0.865E-04  0.897E-05
    1268.4   7/2 - 1001.7   7/2    0.0000    0.00    0.0000    0.00    0.001    0.029    266.7  0.595E-16  0.728E-13
    1268.4   7/2 - 1268.4   7/2   15.4516           -0.4914
    2335.1   7/2 -  844.6   3/2   25.3589 3486.20    0.0000    0.00    1.000    0.000   1490.5  0.228E+04  0.000E+00
    2335.1   7/2 -  608.3   5/2    1.9014  261.40    0.0180   10.06    0.995  -14.771   1726.9  0.356E+03  0.163E+01


    2335.1   7/2 - 1001.7   7/2    0.0000    0.00    0.0000    0.00    0.999   35.870   1333.4  0.817E-09  0.635E-12
    2335.1   7/2 - 1268.4   7/2    0.0100    1.38    0.0000    0.01    0.998  -21.632   1066.8  0.169E+00  0.361E-03
    2335.1   7/2 - 2335.1   7/2  -10.9975            0.6320
    2335.1   7/2 - 2203.5   9/2    0.0000    0.00    0.0000    0.00    0.937    3.870    131.6  0.109E-13  0.725E-15
    2335.1   7/2 - 2241.8   9/2    1.2262  168.57    0.0038    2.14    0.659    1.390     93.3  0.106E-03  0.548E-04


    2203.5   9/2 -  608.3   5/2    0.0000    0.00    0.0000    0.00    1.000    0.000   1595.3  0.199E-07  0.000E+00
    2203.5   9/2 - 1001.7   7/2   37.1633 5109.01    0.0002    0.12    1.000 -411.662   1201.8  0.114E+04  0.669E-02
    2203.5   9/2 - 1268.4   7/2    0.0000    0.00    0.0000    0.00    1.000   75.793    935.2  0.428E-10  0.745E-14
    2203.5   9/2 - 2203.5   9/2    6.0508            1.7368
    2241.8   9/2 -  608.3   5/2   30.8293 4238.23    0.0000    0.00    1.000    0.000   1633.5  0.437E+04  0.000E+00


    2241.8   9/2 - 1001.7   7/2    0.0000    0.00    0.0000    0.00    1.000    0.000   1240.1  0.672E-08  0.696E-16
    2241.8   9/2 - 1268.4   7/2    0.4400   60.48    0.0027    1.50    0.991  -10.384    973.5  0.469E+01  0.435E-01
    2241.8   9/2 - 2203.5   9/2    0.0000    0.00    0.0000    0.00    0.871   -2.602     38.3  0.304E-15  0.449E-16
    2241.8   9/2 - 2241.8   9/2  -11.8825            1.8939
    2436.0   9/2 -  608.3   5/2    0.3236   44.49    0.0000    0.00    1.000    0.000   1827.8  0.805E+02  0.000E+00


    2436.0   9/2 - 1001.7   7/2    0.0000    0.00    0.0000    0.00    0.999  -31.032   1434.3  0.108E-08  0.112E-11
    2436.0   9/2 - 1268.4   7/2   36.6718 5041.43    0.2267  126.61    0.994  -12.365   1167.7  0.971E+03  0.635E+01
    2436.0   9/2 - 2335.1   7/2    0.0420    5.78    0.0000    0.00    0.979   -6.783    100.9  0.536E-05  0.117E-06
    2436.0   9/2 - 2203.5   9/2    0.0000    0.00    0.0000    0.00    0.959   -4.846    232.5  0.315E-13  0.134E-14
    2436.0   9/2 - 2241.8   9/2    0.7049   96.90    0.0105    5.85    0.638   -1.327    194.2  0.238E-02  0.135E-02


    2436.0   9/2 - 2436.0   9/2    5.7683            0.2411

 TIME=  0.0 SEC
