 PARITY=-   EPS= 0.018   GAMMA= 60.0   EPS4=0.000   EPS6=0.000   LEVELS:  20  21  22  23  24
0   Z= 82   A=207   IQ=1   GSFAC= 0.75   GR=  0.40   MIN SPIN=  1/2   MAX SPIN= 13/2   KMAX= 13/2

 MICR QUADR MOMENTS:  Q0=  45.820  Q2= -56.118 FM**2


   B(E2) AND Q(E2) IN E2B2 AND EB,   B(M1) AND M(M1) INNM2 AND NM,   T(E2) AND T(M1) IN 1/PS

       E1     II      EF     IF     B(E2)             B(M1)              GD        D       EREL    T(E2)      T(M1)
                                             WU               MWU

    1134.7   1/2 - 1134.7   1/2    0.0000           -0.0490
    1134.7   1/2 -  867.2   5/2    0.0501    6.89    0.0000    0.00    1.000    0.000    267.5  0.837E-03  0.000E+00
    1704.6   3/2 - 1134.7   1/2    0.0000    0.00    0.0256   14.29    0.000   -0.000    569.9  0.201E-23  0.834E-01
    1704.6   3/2 - 1704.6   3/2   -0.1833            0.4653
    1704.6   3/2 -  867.2   5/2    0.0000    0.00    0.0051    2.86    0.000    0.000    837.3  0.800E-23  0.529E-01


    1704.6   3/2 - 1369.5   5/2    0.0000    0.00    0.0443   24.74    0.000   -0.000    335.0  0.276E-22  0.293E-01
    1704.6   3/2 -  799.4   7/2    0.0000    0.00    0.0000    0.00    1.000    0.000    905.1  0.433E-19  0.000E+00
     867.2   5/2 -  867.2   5/2    0.2618            0.6931
     867.2   5/2 -  799.4   7/2    0.0000    0.00    0.0000    0.00    0.000   -0.005     67.8  0.101E-26  0.424E-22
     867.2   5/2 -    0.0   9/2    0.0000    0.00    0.0000    0.00    1.000    0.000    867.2  0.150E-09  0.000E+00


    1369.5   5/2 - 1134.7   1/2    0.0000    0.00    0.0000    0.00    1.000    0.000    234.8  0.461E-23  0.000E+00
    1369.5   5/2 -  867.2   5/2    0.0000    0.00    0.0000    0.00    0.030    0.175    502.3  0.201E-21  0.653E-20
    1369.5   5/2 - 1369.5   5/2   -0.3273            0.7363
    1369.5   5/2 -  799.4   7/2    0.0000    0.00    0.0331   18.47    0.000   -0.000    570.1  0.512E-19  0.108E+00
    1369.5   5/2 -    0.0   9/2    0.0000    0.00    0.0000    0.00    1.000    0.000   1369.5  0.294E-10  0.000E+00


    2375.1   5/2 - 1134.7   1/2    0.0000    0.00    0.0000    0.00    1.000    0.000   1240.4  0.693E-19  0.000E+00
    2375.1   5/2 - 1704.6   3/2    0.0286    3.94    0.0029    1.64    0.752    1.743    670.5  0.474E-01  0.156E-01
    2375.1   5/2 -  867.2   5/2    0.0000    0.00    0.0234   13.07    0.000   -0.000   1507.8  0.210E-18  0.141E+01
    2375.1   5/2 - 1369.5   5/2    0.0000    0.00    0.0127    7.07    0.000    0.000   1005.5  0.274E-18  0.226E+00
    2375.1   5/2 - 2375.1   5/2    0.0655            0.8983


    2375.1   5/2 -  799.4   7/2    0.0000    0.00    0.0000    0.00    0.047    0.223   1575.7  0.692E-18  0.139E-16
    2375.1   5/2 - 2308.6   7/2    0.0000    0.00    0.0316   17.67    0.000   -0.000     66.5  0.461E-24  0.164E-03
    2375.1   5/2 -    0.0   9/2    0.0000    0.00    0.0000    0.00    1.000    0.000   2375.1  0.231E-09  0.000E+00
    2375.1   5/2 - 1672.8   9/2    0.0000    0.00    0.0000    0.00    1.000    0.000    702.3  0.960E-20  0.000E+00
    2375.1   5/2 - 2006.6   9/2    0.0000    0.00    0.0000    0.00    1.000    0.000    368.5  0.755E-23  0.000E+00


     799.4   7/2 -  799.4   7/2   -0.4277            1.0035
     799.4   7/2 -    0.0   9/2    0.0000    0.00    0.0180   10.03    0.000    0.000    799.4  0.654E-10  0.162E+00
    2308.6   7/2 - 1704.6   3/2    0.0000    0.00    0.0000    0.00    1.000    0.000    604.0  0.101E-22  0.000E+00
    2308.6   7/2 -  867.2   5/2    0.0000    0.00    0.0000    0.00    0.581   -1.177   1441.4  0.245E-21  0.177E-21
    2308.6   7/2 - 1369.5   5/2    0.0298    4.10    0.0065    3.61    0.738    1.679    939.1  0.266E+00  0.943E-01


    2308.6   7/2 -  799.4   7/2    0.0000    0.00    0.0073    4.10    0.000    0.000   1509.2  0.153E-18  0.445E+00
    2308.6   7/2 - 2308.6   7/2   -0.0611            1.1889
    2308.6   7/2 -    0.0   9/2    0.0000    0.00    0.0000    0.00    0.321   -0.688   2308.6  0.910E-09  0.192E-08
    2308.6   7/2 - 1672.8   9/2    0.0000    0.00    0.0000    0.00    0.000    0.008    635.8  0.125E-25  0.178E-21
    2308.6   7/2 - 2006.6   9/2    0.0000    0.00    0.0257   14.36    0.000   -0.000    302.0  0.424E-22  0.125E-01


    2308.6   7/2 - 1474.8  11/2    0.0000    0.00    0.0000    0.00    1.000    0.000    833.8  0.518E-12  0.000E+00
       0.0   9/2 -    0.0   9/2   -0.4999            1.2746
    1672.8   9/2 -  867.2   5/2    0.0239    3.28    0.0000    0.00    1.000    0.000    805.5  0.987E-01  0.000E+00
    1672.8   9/2 - 1369.5   5/2    0.0000    0.00    0.0000    0.00    1.000    0.000    303.2  0.237E-22  0.000E+00
    1672.8   9/2 -  799.4   7/2    0.0000    0.00    0.0000    0.00    0.004    0.064    873.3  0.162E-21  0.399E-19


    1672.8   9/2 -    0.0   9/2    0.0000    0.00    0.0000    0.00    0.056    0.244   1672.8  0.204E-08  0.344E-07
    1672.8   9/2 - 1672.8   9/2    0.3332            1.4718
    1672.8   9/2 - 1474.8  11/2    0.0000    0.00    0.0000    0.00    0.000   -0.013    198.0  0.101E-17  0.561E-14
    2006.6   9/2 -  867.2   5/2    0.0000    0.00    0.0000    0.00    1.000    0.000   1139.4  0.368E-18  0.000E+00
    2006.6   9/2 - 1369.5   5/2    0.0000    0.00    0.0000    0.00    1.000    0.000    637.1  0.404E-21  0.000E+00


    2006.6   9/2 -  799.4   7/2    0.0284    3.90    0.0103    5.75    0.736    1.668   1207.2  0.887E+00  0.319E+00
    2006.6   9/2 -    0.0   9/2    0.0000    0.00    0.0033    1.83    0.000   -0.000   2006.6  0.931E-09  0.465E+00
    2006.6   9/2 - 1672.8   9/2    0.0000    0.00    0.0000    0.00    0.002    0.049    333.8  0.674E-21  0.279E-18
    2006.6   9/2 - 2006.6   9/2   -0.1666            1.4692
    2006.6   9/2 - 1474.8  11/2    0.0000    0.00    0.0147    8.21    0.000   -0.000    531.8  0.587E-12  0.389E-01


    1474.8  11/2 -  799.4   7/2    0.0000    0.00    0.0000    0.00    1.000    0.000    675.4  0.343E-12  0.000E+00
    1474.8  11/2 -    0.0   9/2    0.0263    3.61    0.0139    7.79    0.740    1.686   1474.8  0.224E+01  0.787E+00
    1474.8  11/2 - 1474.8  11/2   -0.2518            1.7489

 TIME=  0.0 SEC
