 PARITY=-   EPS= 0.001   GAMMA= 12.0   EPS4=0.000   EPS6=0.000   LEVELS:  20  21  22  23  24
0   Z= 82   A=207   IQ=1   GSFAC= 0.75   GR=  0.40   MIN SPIN=  1/2   MAX SPIN= 13/2   KMAX= 13/2

 MICR QUADR MOMENTS:  Q0=   4.999  Q2=  -0.752 FM**2


   B(E2) AND Q(E2) IN E2B2 AND EB,   B(M1) AND M(M1) INNM2 AND NM,   T(E2) AND T(M1) IN 1/PS

       E1     II      EF     IF     B(E2)             B(M1)              GD        D       EREL    T(E2)      T(M1)
                                             WU               MWU

    2174.6   5/2 - 2174.6   5/2    0.0179            0.7611
    2174.6   5/2 - 1002.9   7/2    0.0000    0.00    0.0346   19.31    0.000   -0.000   1171.6  0.714E-30  0.978E+00
    2174.6   5/2 -    0.0   9/2    0.0000    0.00    0.0000    0.00    1.000    0.000   2174.6  0.189E-29  0.000E+00
    2977.2   5/2 - 2174.6   5/2    0.0000    0.00    0.0000    0.02    0.000    0.000    802.6  0.223E-27  0.281E-03
    2977.2   5/2 - 2977.2   5/2   -0.0150            0.6442


    2977.2   5/2 - 1002.9   7/2    0.0000    0.00    0.0000    0.00    0.000    0.000   1974.2  0.937E-31  0.162E-05
    2977.2   5/2 -    0.0   9/2    0.0000    0.00    0.0000    0.00    1.000    0.000   2977.2  0.170E-28  0.000E+00
    2977.2   5/2 - 2202.9   9/2    0.0000    0.00    0.0000    0.00    1.000    0.000    774.2  0.302E-27  0.000E+00
    1002.9   7/2 - 1002.9   7/2    0.0234            1.0225
    1002.9   7/2 -    0.0   9/2    0.0000    0.00    0.0197   11.01    0.000    0.000   1002.9  0.144E-29  0.350E+00


       0.0   9/2 -    0.0   9/2    0.0273            1.2868
    2202.9   9/2 - 2174.6   5/2    0.0000    0.00    0.0000    0.00    1.000    0.000     28.3  0.109E-36  0.000E+00
    2202.9   9/2 - 1002.9   7/2    0.0001    0.01    0.0093    5.19    0.009   -0.095   1200.0  0.255E-02  0.283E+00
    2202.9   9/2 -    0.0   9/2    0.0000    0.00    0.0036    2.01    0.000   -0.000   2202.9  0.253E-26  0.677E+00
    2202.9   9/2 - 2202.9   9/2    0.0092            1.4849


    2202.9   9/2 - 1465.0  11/2    0.0000    0.00    0.0161    8.99    0.000    0.000    737.9  0.978E-29  0.114E+00
    1465.0  11/2 - 1002.9   7/2    0.0000    0.00    0.0000    0.00    1.000    0.000    462.1  0.675E-32  0.000E+00
    1465.0  11/2 -    0.0   9/2    0.0001    0.01    0.0133    7.42    0.009   -0.093   1465.0  0.641E-02  0.736E+00
    1465.0  11/2 - 1465.0  11/2    0.0139            1.7594

 TIME=  0.0 SEC
