 PARITY=-   EPS= 0.087   GAMMA= 12.0   EPS4=0.000   EPS6=0.000   LEVELS:  32  33  34  35  36
0   Z= 82   A=207   IQ=1   GSFAC= 0.75   GR=  0.40   MIN SPIN=  1/2   MAX SPIN= 13/2   KMAX= 13/2

 MICR QUADR MOMENTS:  Q0= 315.627  Q2= -56.848 FM**2


   B(E2) AND Q(E2) IN E2B2 AND EB,   B(M1) AND M(M1) INNM2 AND NM,   T(E2) AND T(M1) IN 1/PS

       E1     II      EF     IF     B(E2)             B(M1)              GD        D       EREL    T(E2)      T(M1)
                                             WU               MWU

       0.0   1/2 -    0.0   1/2    0.0000            0.4719
     733.8   3/2 -    0.0   1/2    0.1995   27.42    0.0676   37.77    0.524    1.049    733.8  0.518E+00  0.470E+00
     733.8   3/2 -  733.8   3/2   -0.6268            0.7862
     733.8   3/2 -  727.4   5/2    0.0837   11.50    0.1020   56.98    0.000    0.005      6.4  0.107E-10  0.465E-06
    1568.8   3/2 -    0.0   1/2    0.0000    0.00    0.1703   95.11    0.000   -0.000   1568.8  0.402E-22  0.116E+02


    1568.8   3/2 -  733.8   3/2    0.0000    0.00    0.1363   76.11    0.000   -0.000    834.9  0.836E-27  0.140E+01
    1568.8   3/2 - 1568.8   3/2    0.6343           -0.3044
    1568.8   3/2 -  727.4   5/2    0.0000    0.00    0.0339   18.92    0.000    0.000    841.3  0.352E-29  0.355E+00
     727.4   5/2 -    0.0   1/2    0.1996   27.44    0.0000    0.00    1.000    0.000    727.4  0.496E+00  0.000E+00
     727.4   5/2 -  727.4   5/2   -0.8946            1.0950


    1761.5   5/2 -    0.0   1/2    0.0000    0.00    0.0000    0.00    1.000    0.000   1761.5  0.672E-22  0.000E+00
    1761.5   5/2 -  733.8   3/2    0.0000    0.00    0.0000    0.00    0.000    0.000   1027.7  0.879E-29  0.188E-04
    1761.5   5/2 - 1568.8   3/2    0.0000    0.00    0.0009    0.52    0.000   -0.000    192.7  0.230E-30  0.118E-03
    1761.5   5/2 -  727.4   5/2    0.0000    0.00    0.0000    0.00    0.000    0.000   1034.1  0.407E-27  0.898E-05
    1761.5   5/2 - 1761.5   5/2    1.1310            1.1667


    2177.1   5/2 -    0.0   1/2    0.0000    0.00    0.0000    0.00    1.000    0.000   2177.1  0.382E-22  0.000E+00
    2177.1   5/2 -  733.8   3/2    0.0000    0.00    0.1355   75.70    0.000    0.000   1443.3  0.153E-25  0.717E+01
    2177.1   5/2 - 1568.8   3/2    0.3395   46.67    0.1477   82.47    0.371   -0.768    608.3  0.345E+00  0.585E+00
    2177.1   5/2 -  727.4   5/2    0.0000    0.00    0.1553   86.76    0.000   -0.000   1449.6  0.263E-25  0.833E+01
    2177.1   5/2 - 1761.5   5/2    0.0000    0.00    0.0005    0.26    0.000    0.000    415.6  0.103E-25  0.577E-03


    2177.1   5/2 - 2177.1   5/2   -0.2192            0.3316
    2423.7   7/2 -  733.8   3/2    0.2591   35.62    0.0000    0.00    1.000    0.000   1689.9  0.436E+02  0.000E+00
    2423.7   7/2 - 1568.8   3/2    0.0000    0.00    0.0000    0.00    1.000    0.000    854.9  0.217E-16  0.000E+00
    2423.7   7/2 -  727.4   5/2    0.0287    3.94    0.0901   50.34    0.388    0.796   1696.2  0.491E+01  0.774E+01
    2423.7   7/2 - 1761.5   5/2    0.0000    0.00    0.0000    0.00    0.000   -0.000    662.2  0.103E-14  0.104E-04


    2423.7   7/2 - 2177.1   5/2    0.0000    0.00    0.0371   20.73    0.000    0.000    246.6  0.630E-19  0.979E-02
    2423.7   7/2 - 2423.7   7/2   -1.0172            1.4762
    2423.7   7/2 - 2410.9   9/2    0.0201    2.76    0.0889   49.68    0.000    0.005     12.8  0.841E-10  0.328E-05
    2609.6   7/2 -  733.8   3/2    0.0000    0.00    0.0000    0.00    1.000    0.000   1875.8  0.379E-23  0.000E+00
    2609.6   7/2 - 1568.8   3/2    0.0000    0.00    0.0000    0.00    1.000    0.000   1040.8  0.588E-26  0.000E+00


    2609.6   7/2 -  727.4   5/2    0.0000    0.00    0.0000    0.00    0.000    0.000   1882.1  0.590E-24  0.618E-03
    2609.6   7/2 - 1761.5   5/2    0.3533   48.56    0.0031    1.74    0.983    7.510    848.1  0.189E+01  0.335E-01
    2609.6   7/2 - 2177.1   5/2    0.0000    0.00    0.0007    0.40    0.000   -0.000    432.5  0.150E-25  0.101E-02
    2609.6   7/2 - 2423.7   7/2    0.0000    0.00    0.0000    0.00    0.000   -0.000    185.9  0.532E-19  0.434E-07
    2609.6   7/2 - 2609.6   7/2    0.2218            1.5234


    2609.6   7/2 - 2410.9   9/2    0.0000    0.00    0.0000    0.01    0.000    0.000    198.7  0.251E-29  0.157E-05
    2410.9   9/2 -  727.4   5/2    0.2881   39.60    0.0000    0.00    1.000    0.000   1683.4  0.475E+02  0.000E+00
    2410.9   9/2 - 1761.5   5/2    0.0000    0.00    0.0000    0.00    1.000    0.000    649.4  0.432E-29  0.000E+00
    2410.9   9/2 - 2177.1   5/2    0.0000    0.00    0.0000    0.00    1.000    0.000    233.8  0.211E-29  0.000E+00
    2410.9   9/2 - 2410.9   9/2   -1.1079            1.8598



 TIME=  0.0 SEC
