 PARITY=-   EPS= 0.448   GAMMA= 48.0   EPS4=0.000   EPS6=0.000   LEVELS:  29  30  31  32  33
0   Z= 82   A=207   IQ=1   GSFAC= 0.75   GR=  0.40   MIN SPIN=  1/2   MAX SPIN= 13/2   KMAX= 13/2

 MICR QUADR MOMENTS:  Q0=1511.156  Q2=-881.134 FM**2


   B(E2) AND Q(E2) IN E2B2 AND EB,   B(M1) AND M(M1) INNM2 AND NM,   T(E2) AND T(M1) IN 1/PS

       E1     II      EF     IF     B(E2)             B(M1)              GD        D       EREL    T(E2)      T(M1)
                                             WU               MWU

    2385.1   1/2 - 2385.1   1/2    0.0000            0.3202
    2945.0   1/2 - 2385.1   1/2    0.0000    0.00    0.0001    0.08    0.000    0.000    559.8  0.000E+00  0.452E-03
    2945.0   1/2 - 2945.0   1/2    0.0000            0.6386
    2945.0   1/2 - 2878.9   3/2    0.0000    0.00    0.0010    0.56    0.000   -0.000     66.0  0.225E-26  0.506E-05
    2945.0   1/2 - 2913.8   5/2    0.0000    0.00    0.0000    0.00    1.000    0.000     31.1  0.202E-28  0.000E+00


    2878.9   3/2 - 2385.1   1/2    6.7275  924.86    0.3902  217.92    0.745    1.707    493.8  0.241E+01  0.827E+00
    2878.9   3/2 - 2878.9   3/2    3.6524           -0.3659
    2913.8   5/2 - 2385.1   1/2    2.2723  312.38    0.0000    0.00    1.000    0.000    528.7  0.115E+01  0.000E+00
    2913.8   5/2 - 2878.9   3/2    0.3147   43.26    0.0013    0.72    0.172   -0.455     34.9  0.199E-06  0.959E-06
    2913.8   5/2 - 2913.8   5/2   -6.4664            0.1259


    1687.0  11/2 - 1687.0  11/2  -11.1437           -0.5800
    1687.0  11/2 -    0.0  13/2    0.0000    0.00    0.3539  197.64    0.000   -0.000   1687.0  0.546E-26  0.299E+02
       0.0  13/2 -    0.0  13/2  -11.9726           -0.2479

 TIME=  0.0 SEC
