 PARITY=-   EPS= 0.311   GAMMA= 23.0   EPS4=0.000   EPS6=0.000   LEVELS:  30  31  32  33  34
0   Z= 82   A=207   IQ=1   GSFAC= 0.75   GR=  0.40   MIN SPIN=  1/2   MAX SPIN= 13/2   KMAX= 13/2

 MICR QUADR MOMENTS:  Q0=1631.760  Q2=-338.200 FM**2


   B(E2) AND Q(E2) IN E2B2 AND EB,   B(M1) AND M(M1) INNM2 AND NM,   T(E2) AND T(M1) IN 1/PS

       E1     II      EF     IF     B(E2)             B(M1)              GD        D       EREL    T(E2)      T(M1)
                                             WU               MWU

      58.4   1/2 -   58.4   1/2    0.0000            0.5604
      58.4   1/2 -    0.0   3/2    0.5474   75.25    0.1193   66.63    0.011   -0.104     58.4  0.452E-05  0.417E-03
    1165.9   1/2 -   58.4   1/2    0.0000    0.00    0.0013    0.72    0.000    0.000   1107.5  0.000E+00  0.308E-01
    1165.9   1/2 - 1165.9   1/2    0.0000            0.5299
    1165.9   1/2 -    0.0   3/2    0.0000    0.00    0.0163    9.10    0.000   -0.000   1165.9  0.717E-24  0.455E+00


    1165.9   1/2 -  276.4   3/2    0.0000    0.00    0.0061    3.40    0.000   -0.000    889.5  0.260E-23  0.753E-01
    1165.9   1/2 -  301.6   5/2    0.0000    0.00    0.0000    0.00    1.000    0.000    864.3  0.132E-23  0.000E+00
       0.0   3/2 -    0.0   3/2    0.9256            0.7577
     276.4   3/2 -   58.4   1/2    5.4786  753.16    0.1970  110.02    0.478   -0.957    218.0  0.329E-01  0.359E-01
     276.4   3/2 -    0.0   3/2    5.3262  732.21    0.1476   82.43    0.656    1.382    276.4  0.105E+00  0.548E-01


     276.4   3/2 -  276.4   3/2   -0.9256           -0.0040
    1799.3   3/2 -   58.4   1/2    0.0000    0.00    0.0068    3.79    0.000   -0.000   1740.9  0.172E-16  0.630E+00
    1799.3   3/2 - 1165.9   1/2    5.6644  778.71    0.1027   57.38    0.939    3.916    633.4  0.704E+01  0.459E+00
    1799.3   3/2 -    0.0   3/2    0.0000    0.00    0.0004    0.21    0.000    0.000   1799.3  0.251E-24  0.388E-01
    1799.3   3/2 -  276.4   3/2    0.0000    0.00    0.0118    6.60    0.000    0.000   1522.9  0.206E-23  0.734E+00


    1799.3   3/2 - 1799.3   3/2   -2.7921            0.8935
    1799.3   3/2 -  301.6   5/2    0.0000    0.00    0.0038    2.13    0.000   -0.000   1497.7  0.327E-23  0.225E+00
    1799.3   3/2 - 1368.9   5/2    0.0000    0.00    0.0000    0.02    0.000    0.000    430.4  0.706E-26  0.521E-04
    1799.3   3/2 - 1596.3   5/2    0.0000    0.00    0.0007    0.40    0.000   -0.000    203.0  0.468E-27  0.105E-03
    1799.3   3/2 - 1530.9   7/2    0.0000    0.00    0.0000    0.00    1.000    0.000    268.4  0.599E-27  0.000E+00


    1799.3   3/2 - 1544.3   7/2    0.0000    0.00    0.0000    0.00    1.000    0.000    255.0  0.235E-28  0.000E+00
     301.6   5/2 -   58.4   1/2    2.1952  301.78    0.0000    0.00    1.000    0.000    243.2  0.228E-01  0.000E+00
     301.6   5/2 -    0.0   3/2    8.6921 1194.95    0.0290   16.21    0.950    4.346    301.6  0.264E+00  0.140E-01
     301.6   5/2 -  276.4   3/2    0.0837   11.51    0.0048    2.66    0.008    0.088     25.2  0.104E-07  0.134E-05
     301.6   5/2 -  301.6   5/2   -1.0723            1.4382


    1368.9   5/2 -   58.4   1/2    0.0000    0.00    0.0000    0.00    1.000    0.000   1310.5  0.965E-20  0.000E+00
    1368.9   5/2 - 1165.9   1/2    0.0000    0.00    0.0000    0.00    1.000    0.000    203.0  0.262E-27  0.000E+00
    1368.9   5/2 -    0.0   3/2    0.0000    0.00    0.0002    0.12    0.000    0.000   1368.9  0.102E-20  0.983E-02
    1368.9   5/2 -  276.4   3/2    0.0000    0.00    0.0001    0.05    0.000    0.000   1092.5  0.699E-21  0.188E-02
    1368.9   5/2 -  301.6   5/2    0.0000    0.00    0.0001    0.06    0.000   -0.000   1067.3  0.132E-21  0.216E-02


    1368.9   5/2 - 1368.9   5/2    5.8855            0.9099
    1596.3   5/2 -   58.4   1/2    3.3715  463.50    0.0000    0.00    1.000    0.000   1538.0  0.354E+03  0.000E+00
    1596.3   5/2 - 1165.9   1/2    0.0000    0.00    0.0000    0.00    1.000    0.000    430.4  0.434E-26  0.000E+00
    1596.3   5/2 -    0.0   3/2    0.7420  102.01    0.0190   10.59    0.986    8.313   1596.3  0.938E+02  0.136E+01
    1596.3   5/2 -  276.4   3/2    1.4355  197.35    0.0127    7.09    0.993   11.688   1320.0  0.702E+02  0.514E+00


    1596.3   5/2 -  301.6   5/2    0.3068   42.18    0.0161    9.00    0.957   -4.704   1294.8  0.136E+02  0.616E+00
    1596.3   5/2 - 1368.9   5/2    0.0000    0.00    0.0000    0.01    0.000    0.000    227.4  0.432E-24  0.417E-05
    1596.3   5/2 - 1596.3   5/2   -4.4632            1.5038
    1596.3   5/2 - 1530.9   7/2    0.0019    0.26    0.2726  152.26    0.000    0.005     65.5  0.273E-07  0.135E-02
    1596.3   5/2 - 1544.3   7/2    5.0266  691.03    0.0150    8.37    0.387   -0.794     52.1  0.235E-04  0.373E-04


    1596.3   5/2 - 1459.5   9/2    0.0000    0.00    0.0000    0.00    1.000    0.000    136.8  0.419E-26  0.000E+00
    1530.9   7/2 -    0.0   3/2    3.3739  463.83    0.0000    0.00    1.000    0.000   1530.9  0.346E+03  0.000E+00
    1530.9   7/2 -  276.4   3/2    2.0321  279.36    0.0000    0.00    1.000    0.000   1254.5  0.770E+02  0.000E+00
    1530.9   7/2 -  301.6   5/2    0.7832  107.66    0.0392   21.88    0.954   -4.576   1229.3  0.268E+02  0.128E+01
    1530.9   7/2 - 1368.9   5/2    0.0000    0.00    0.0000    0.00    0.000   -0.000    162.0  0.384E-28  0.242E-06


    1530.9   7/2 - 1530.9   7/2   -5.8086            0.8099
    1530.9   7/2 - 1459.5   9/2    0.0000    0.00    0.0000    0.00    0.000   -0.000     71.3  0.759E-28  0.382E-07
    1530.9   7/2 -  984.3  11/2    0.0000    0.00    0.0000    0.00    1.000    0.000    546.6  0.372E-25  0.000E+00
    1544.3   7/2 -    0.0   3/2    0.6311   86.77    0.0000    0.00    1.000    0.000   1544.3  0.676E+02  0.000E+00
    1544.3   7/2 -  276.4   3/2    5.1282  704.99    0.0000    0.00    1.000    0.000   1267.9  0.205E+03  0.000E+00


    1544.3   7/2 -  301.6   5/2    1.9179  263.66    0.1443   80.58    0.934    3.772   1242.7  0.693E+02  0.487E+01
    1544.3   7/2 - 1368.9   5/2    0.0000    0.00    0.0000    0.00    0.000   -0.000    175.4  0.209E-24  0.321E-06
    1544.3   7/2 - 1530.9   7/2    0.0058    0.79    0.0860   48.05    0.000    0.003     13.4  0.300E-10  0.362E-05
    1544.3   7/2 - 1544.3   7/2   -2.1718            1.1995
    1544.3   7/2 - 1459.5   9/2    0.0000    0.00    0.0000    0.01    0.000   -0.000     84.7  0.764E-28  0.229E-06


    1544.3   7/2 -  984.3  11/2    0.0000    0.00    0.0000    0.00    1.000    0.000    560.0  0.908E-25  0.000E+00
    2226.2   7/2 -    0.0   3/2    0.0000    0.00    0.0000    0.00    1.000    0.000   2226.2  0.643E-22  0.000E+00
    2226.2   7/2 -  276.4   3/2    0.0000    0.00    0.0000    0.00    1.000    0.000   1949.9  0.296E-23  0.000E+00
    2226.2   7/2 - 1799.3   3/2    0.0000    0.00    0.0000    0.00    1.000    0.000    427.0  0.242E-26  0.000E+00
    2226.2   7/2 -  301.6   5/2    0.0000    0.00    0.0000    0.00    0.000    0.001   1924.7  0.380E-22  0.941E-16


    2226.2   7/2 - 1368.9   5/2    0.0000    0.00    0.0000    0.00    1.000  -85.964    857.3  0.243E-12  0.329E-16
    2226.2   7/2 - 1596.3   5/2    0.0000    0.00    0.0000    0.00    0.000    0.000    629.9  0.905E-25  0.184E-17
    2226.2   7/2 - 1530.9   7/2    0.0000    0.00    0.0000    0.00    0.000    0.001    695.4  0.413E-24  0.114E-17
    2226.2   7/2 - 1544.3   7/2    0.0000    0.00    0.0000    0.00    0.000    0.000    682.0  0.613E-24  0.339E-17
    2226.2   7/2 - 2226.2   7/2   -6.1967           -1.6887


    2226.2   7/2 - 1459.5   9/2    0.0000    0.00    0.0000    0.00    0.972    5.840    766.7  0.445E-16  0.130E-17
    2226.2   7/2 - 1627.4   9/2    0.0000    0.00    0.0000    0.00    0.000   -0.000    598.8  0.103E-24  0.453E-18
    2226.2   7/2 -  984.3  11/2    8.3744 1151.27    0.0000    0.00    1.000    0.000   1242.0  0.302E+03  0.000E+00
    1459.5   9/2 -  301.6   5/2    0.0000    0.00    0.0000    0.00    1.000    0.000   1158.0  0.204E-21  0.000E+00
    1459.5   9/2 - 1368.9   5/2    1.2474  171.48    0.0000    0.00    1.000    0.000     90.6  0.931E-04  0.000E+00


    1459.5   9/2 - 1459.5   9/2    8.8261            1.6918
    1459.5   9/2 -  984.3  11/2    0.0000    0.00    0.0000    0.00    0.026   -0.165    475.3  0.114E-24  0.420E-23
    1627.4   9/2 -  301.6   5/2    7.6002 1044.84    0.0000    0.00    1.000    0.000   1325.8  0.380E+03  0.000E+00
    1627.4   9/2 - 1368.9   5/2    0.0000    0.00    0.0000    0.00    1.000    0.000    258.5  0.744E-24  0.000E+00
    1627.4   9/2 - 1596.3   5/2    0.2408   33.11    0.0000    0.00    1.000    0.000     31.1  0.851E-07  0.000E+00


    1627.4   9/2 - 1530.9   7/2    2.5975  357.09    0.0152    8.49    0.525    1.051     96.5  0.266E-03  0.241E-03
    1627.4   9/2 - 1544.3   7/2    1.0920  150.12    0.0166    9.28    0.240    0.561     83.2  0.530E-04  0.168E-03
    1627.4   9/2 - 1459.5   9/2    0.0000    0.00    0.0000    0.01    0.000    0.000    167.9  0.316E-24  0.112E-05
    1627.4   9/2 - 1627.4   9/2   -3.0753            2.2788
    1627.4   9/2 -  984.3  11/2    0.0000    0.00    0.0000    0.00    0.000    0.012    643.2  0.200E-27  0.149E-23


     984.3  11/2 -  984.3  11/2   -7.8420           -1.1398
    2684.5  11/2 - 1530.9   7/2    0.0000    0.00    0.0000    0.00    1.000    0.000   1153.6  0.137E-24  0.000E+00
    2684.5  11/2 - 1544.3   7/2    0.0000    0.00    0.0000    0.00    1.000    0.000   1140.2  0.173E-23  0.000E+00
    2684.5  11/2 - 2226.2   7/2    0.0000    0.00    0.0000    0.00    1.000    0.000    458.2  0.215E-14  0.000E+00
    2684.5  11/2 - 1459.5   9/2    7.5831 1042.48    0.0005    0.27    1.000 -128.626   1224.9  0.255E+03  0.154E-01


    2684.5  11/2 - 1627.4   9/2    0.0000    0.00    0.0000    0.02    0.000   -0.000   1057.1  0.200E-20  0.603E-03
    2684.5  11/2 -  984.3  11/2    0.0000    0.00    0.0000    0.00    0.004   -0.062   1700.2  0.179E-22  0.467E-20
    2684.5  11/2 - 2684.5  11/2    4.3495            2.1040

 TIME=  0.0 SEC
