 PARITY=-   EPS= 0.421   GAMMA= 52.0   EPS4=0.000   EPS6=0.000   LEVELS:  29  30  31  32  33
0   Z= 82   A=207   IQ=1   GSFAC= 0.75   GR=  0.40   MIN SPIN=  1/2   MAX SPIN= 13/2   KMAX= 13/2

 MICR QUADR MOMENTS:  Q0=1223.300  Q2=-915.949 FM**2


   B(E2) AND Q(E2) IN E2B2 AND EB,   B(M1) AND M(M1) INNM2 AND NM,   T(E2) AND T(M1) IN 1/PS

       E1     II      EF     IF     B(E2)             B(M1)              GD        D       EREL    T(E2)      T(M1)
                                             WU               MWU

     741.2   1/2 -  741.2   1/2    0.0000            0.5375
     741.2   1/2 -   78.2   3/2    0.0138    1.89    0.0384   21.43    0.098   -0.330    663.0  0.215E-01  0.197E+00
     741.2   1/2 -    0.0   5/2    0.0003    0.04    0.0000    0.00    1.000    0.000    741.2  0.790E-03  0.000E+00
      78.2   3/2 -   78.2   3/2   -3.4597            0.6869
      78.2   3/2 -    0.0   5/2    0.5966   82.02    0.3922  219.07    0.006    0.080     78.2  0.213E-04  0.330E-02


    1320.7   3/2 -  741.2   1/2    5.9560  818.80    0.3067  171.31    0.819    2.126    579.5  0.475E+01  0.105E+01
    1320.7   3/2 -   78.2   3/2    0.0204    2.80    0.0299   16.71    0.421   -0.854   1242.5  0.736E+00  0.101E+01
    1320.7   3/2 - 1320.7   3/2    3.4563           -0.4055
    1320.7   3/2 -    0.0   5/2    0.0006    0.08    0.0027    1.49    0.218    0.529   1320.7  0.302E-01  0.108E+00
    1320.7   3/2 -  766.0   5/2    0.0082    1.13    0.0300   16.75    0.055    0.242    554.6  0.525E-02  0.901E-01


    1320.7   3/2 -  890.3   7/2    0.0000    0.00    0.0000    0.00    1.000    0.000    430.4  0.683E-06  0.000E+00
       0.0   5/2 -    0.0   5/2   -5.9046            0.1116
     766.0   5/2 -  741.2   1/2    0.0026    0.36    0.0000    0.00    1.000    0.000     24.8  0.301E-09  0.000E+00
     766.0   5/2 -   78.2   3/2    9.8289 1351.23    0.0239   13.34    0.993  -11.619    687.8  0.185E+02  0.137E+00
     766.0   5/2 -    0.0   5/2    0.5755   79.12    0.2096  117.04    0.528    1.057    766.0  0.185E+01  0.166E+01


     766.0   5/2 -  766.0   5/2    0.9474            0.7734
    1641.2   5/2 -  741.2   1/2    5.9704  820.77    0.0000    0.00    1.000    0.000    900.0  0.430E+02  0.000E+00
    1641.2   5/2 -   78.2   3/2    0.0010    0.13    0.0037    2.05    0.305   -0.662   1563.0  0.108E+00  0.247E+00
    1641.2   5/2 - 1320.7   3/2    1.6928  232.71    0.0002    0.10    0.998  -25.661    320.5  0.698E-01  0.106E-03
    1641.2   5/2 -    0.0   5/2    0.0008    0.10    0.0014    0.79    0.500    1.000   1641.2  0.110E+00  0.110E+00


    1641.2   5/2 -  766.0   5/2    0.0029    0.40    0.0165    9.19    0.086   -0.306    875.1  0.182E-01  0.194E+00
    1641.2   5/2 - 1641.2   5/2    4.9427            1.6730
    1641.2   5/2 -  890.3   7/2    0.0003    0.04    0.0015    0.85    0.076   -0.287    750.9  0.928E-03  0.113E-01
     890.3   7/2 -   78.2   3/2    0.3526   48.48    0.0000    0.00    1.000    0.000    812.1  0.152E+01  0.000E+00
     890.3   7/2 -    0.0   5/2   10.3079 1417.08    0.1554   86.82    0.973    6.036    890.3  0.703E+02  0.193E+01


     890.3   7/2 -  766.0   5/2    0.0100    1.38    0.1378   76.98    0.001    0.028    124.2  0.361E-05  0.465E-02
     890.3   7/2 -  890.3   7/2   -0.7839            0.9558
    1717.8   7/2 -   78.2   3/2    3.9319  540.54    0.0000    0.00    1.000    0.000   1639.6  0.568E+03  0.000E+00
    1717.8   7/2 - 1320.7   3/2    0.0308    4.23    0.0000    0.00    1.000    0.000    397.2  0.371E-02  0.000E+00
    1717.8   7/2 -    0.0   5/2    0.1986   27.30    0.0639   35.70    0.864    2.521   1717.8  0.362E+02  0.570E+01


    1717.8   7/2 -  766.0   5/2    6.4887  892.02    0.0187   10.44    0.995  -14.765    951.8  0.618E+02  0.284E+00
    1717.8   7/2 - 1641.2   5/2    0.0006    0.08    0.0041    2.27    0.001   -0.025     76.7  0.198E-07  0.323E-04
    1717.8   7/2 -  890.3   7/2    0.3457   47.52    0.2247  125.49    0.422    0.855    827.6  0.164E+01  0.224E+01
    1717.8   7/2 - 1717.8   7/2    3.0797            0.9057
    2038.5   9/2 -    0.0   5/2    3.1250  429.60    0.0000    0.00    1.000    0.000   2038.5  0.134E+04  0.000E+00


    2038.5   9/2 -  766.0   5/2    0.3059   42.05    0.0000    0.00    1.000    0.000   1272.5  0.125E+02  0.000E+00
    2038.5   9/2 - 1641.2   5/2    0.0030    0.41    0.0000    0.00    1.000    0.000    397.4  0.359E-03  0.000E+00
    2038.5   9/2 -  890.3   7/2    8.4020 1155.06    0.2021  112.90    0.974    6.164   1148.3  0.205E+03  0.539E+01
    2038.5   9/2 - 1717.8   7/2    0.0143    1.96    0.0744   41.54    0.014   -0.117    320.7  0.591E-03  0.432E-01
    2038.5   9/2 - 2038.5   9/2    1.9434            1.6517


    2142.5  13/2 - 2038.5   9/2    0.0000    0.00    0.0000    0.00    1.000    0.000    103.9  0.527E-15  0.000E+00
    2142.5  13/2 - 2142.5  13/2  -11.2764           -0.3860

 TIME=  0.0 SEC
