 PARITY=-   EPS= 0.431   GAMMA= 21.6   EPS4=0.000   EPS6=0.000   LEVELS:  18  19  20  21  22
0   Z= 82   A=207   IQ=1   GSFAC= 0.75   GR=  0.40   MIN SPIN=  1/2   MAX SPIN= 13/2   KMAX= 13/2

 MICR QUADR MOMENTS:  Q0=2469.421  Q2=-358.277 FM**2


   B(E2) AND Q(E2) IN E2B2 AND EB,   B(M1) AND M(M1) INNM2 AND NM,   T(E2) AND T(M1) IN 1/PS

       E1     II      EF     IF     B(E2)             B(M1)              GD        D       EREL    T(E2)      T(M1)
                                             WU               MWU

     467.7   1/2 -  467.7   1/2    0.0000            0.6764
     467.7   1/2 -    0.0   3/2   18.0515 2481.62    0.4056  226.55    0.871   -2.598    467.7  0.493E+01  0.730E+00
     552.5   1/2 -  467.7   1/2    0.0000    0.00    0.0055    3.10    0.000    0.000     84.8  0.000E+00  0.595E-04
     552.5   1/2 -  552.5   1/2    0.0000            0.3789
     552.5   1/2 -    0.0   3/2    0.0000    0.00    0.0845   47.20    0.000    0.000    552.5  0.182E-18  0.251E+00


       0.0   3/2 -    0.0   3/2   -4.3714           -0.3163
    1086.3   3/2 -  467.7   1/2    0.0000    0.00    0.0283   15.82    0.000    0.000    618.6  0.483E-13  0.118E+00
    1086.3   3/2 -  552.5   1/2   12.2869 1689.13    0.0065    3.61    0.997   19.376    533.8  0.650E+01  0.173E-01
    1086.3   3/2 -    0.0   3/2    0.0000    0.00    0.0199   11.10    0.000    0.000   1086.3  0.107E-18  0.449E+00
    1086.3   3/2 - 1086.3   3/2   -4.8589            0.6113


    1086.3   3/2 -  789.3   5/2    0.0000    0.00    0.0133    7.42    0.000    0.000    297.0  0.732E-21  0.613E-02
    1086.3   3/2 -  968.8   5/2    0.0090    1.24    0.0035    1.93    0.024   -0.158    117.5  0.247E-05  0.988E-04
    1086.3   3/2 - 1050.1   7/2    0.0000    0.00    0.0000    0.00    1.000    0.000     36.2  0.259E-27  0.000E+00
    1219.5   3/2 -  467.7   1/2    3.6167  497.20    0.0675   37.68    0.955   -4.583    751.8  0.106E+02  0.505E+00
    1219.5   3/2 -  552.5   1/2    0.0000    0.00    0.0031    1.71    0.000   -0.000    667.1  0.917E-19  0.160E-01


    1219.5   3/2 -    0.0   3/2    3.1383  431.44    0.0615   34.37    0.981    7.250   1219.5  0.103E+03  0.196E+01
    1219.5   3/2 - 1086.3   3/2    0.0000    0.00    0.0283   15.78    0.000   -0.000    133.2  0.971E-23  0.118E-02
    1219.5   3/2 - 1219.5   3/2    4.3714            0.9307
    1219.5   3/2 -  789.3   5/2   12.3970 1704.27    0.0206   11.50    0.987    8.789    430.2  0.223E+01  0.289E-01
    1219.5   3/2 -  968.8   5/2    0.0000    0.00    0.0249   13.89    0.000    0.000    250.7  0.330E-22  0.690E-02


    1219.5   3/2 - 1050.1   7/2    0.2549   35.05    0.0000    0.00    1.000    0.000    169.5  0.435E-03  0.000E+00
     789.3   5/2 -  467.7   1/2    5.7489  790.33    0.0000    0.00    1.000    0.000    321.6  0.241E+00  0.000E+00
     789.3   5/2 -  552.5   1/2    0.0000    0.00    0.0000    0.00    1.000    0.000    236.8  0.843E-21  0.000E+00
     789.3   5/2 -    0.0   3/2    8.6110 1183.80    0.0322   17.98    0.991   10.748    789.3  0.322E+02  0.279E+00
     789.3   5/2 -  789.3   5/2   -2.6636            1.2849


     789.3   5/2 -  234.1   9/2    0.0000    0.00    0.0000    0.00    1.000    0.000    555.2  0.835E-26  0.000E+00
     968.8   5/2 -  467.7   1/2    0.0000    0.00    0.0000    0.00    1.000    0.000    501.1  0.399E-14  0.000E+00
     968.8   5/2 -  552.5   1/2    2.9049  399.35    0.0000    0.00    1.000    0.000    416.4  0.443E+00  0.000E+00
     968.8   5/2 -    0.0   3/2    0.0000    0.00    0.0031    1.71    0.000    0.000    968.8  0.204E-19  0.491E-01
     968.8   5/2 -  789.3   5/2    0.0000    0.00    0.0208   11.62    0.000    0.000    179.5  0.791E-24  0.212E-02


     968.8   5/2 -  968.8   5/2    7.9041            1.2463
     968.8   5/2 -  234.1   9/2    0.0000    0.00    0.0000    0.00    1.000    0.000    734.7  0.234E-23  0.000E+00
    1626.8   5/2 -  467.7   1/2    0.0000    0.00    0.0000    0.00    1.000    0.000   1159.1  0.884E-12  0.000E+00
    1626.8   5/2 -  552.5   1/2    9.7243 1336.85    0.0000    0.00    1.000    0.000   1074.4  0.170E+03  0.000E+00
    1626.8   5/2 -    0.0   3/2    0.0000    0.00    0.0005    0.29    0.000    0.000   1626.8  0.124E-24  0.390E-01


    1626.8   5/2 - 1086.3   3/2    3.9595  544.33    0.0192   10.71    0.977    6.468    540.5  0.223E+01  0.533E-01
    1626.8   5/2 - 1219.5   3/2    0.0000    0.00    0.0091    5.10    0.000   -0.000    407.3  0.240E-26  0.109E-01
    1626.8   5/2 -  789.3   5/2    0.0000    0.00    0.0181   10.10    0.000    0.000    837.6  0.191E-22  0.187E+00
    1626.8   5/2 -  968.8   5/2    4.0461  556.23    0.0007    0.42    0.999   40.319    658.0  0.609E+01  0.375E-02
    1626.8   5/2 - 1626.8   5/2   -6.0073            1.1169


    1626.8   5/2 - 1050.1   7/2    0.0000    0.00    0.0583   32.57    0.000    0.000    576.8  0.986E-24  0.197E+00
    1626.8   5/2 -  234.1   9/2    0.0000    0.00    0.0000    0.00    1.000    0.000   1392.7  0.309E-20  0.000E+00
    1050.1   7/2 -    0.0   3/2   13.5733 1865.99    0.0000    0.00    1.000    0.000   1050.1  0.211E+03  0.000E+00
    1050.1   7/2 -  789.3   5/2    1.6706  229.67    0.0958   53.50    0.451   -0.907    260.8  0.246E-01  0.299E-01
    1050.1   7/2 -  968.8   5/2    0.0000    0.00    0.0032    1.78    0.000    0.000     81.2  0.133E-25  0.301E-04


    1050.1   7/2 - 1050.1   7/2   -8.7456            0.4267
    1050.1   7/2 -  234.1   9/2    0.0000    0.00    0.0000    0.00    0.000   -0.000    816.0  0.178E-25  0.177E-05
    1835.4   7/2 -    0.0   3/2    0.0000    0.00    0.0000    0.00    1.000    0.000   1835.4  0.322E-22  0.000E+00
    1835.4   7/2 - 1086.3   3/2    3.9907  548.62    0.0000    0.00    1.000    0.000    749.1  0.115E+02  0.000E+00
    1835.4   7/2 - 1219.5   3/2    0.0000    0.00    0.0000    0.00    1.000    0.000    615.9  0.178E-23  0.000E+00


    1835.4   7/2 -  789.3   5/2    0.0000    0.00    0.0168    9.40    0.000    0.000   1046.1  0.116E-21  0.339E+00
    1835.4   7/2 -  968.8   5/2   17.0624 2345.64    0.0070    3.91    0.999   35.615    866.6  0.102E+03  0.802E-01
    1835.4   7/2 - 1626.8   5/2    2.2396  307.89    0.0000    0.03    0.999  -37.412    208.5  0.108E-01  0.770E-05
    1835.4   7/2 - 1050.1   7/2    0.0000    0.00    0.0000    0.00    0.000    0.000    785.3  0.420E-25  0.861E-05
    1835.4   7/2 - 1835.4   7/2    1.1458            1.5616


    1835.4   7/2 -  234.1   9/2    0.0000    0.00    0.0000    0.00    0.000   -0.000   1601.3  0.911E-27  0.291E-03
    1835.4   7/2 - 1660.2  11/2    0.0000    0.00    0.0000    0.00    1.000    0.000    175.2  0.299E-28  0.000E+00
    2660.6   7/2 -    0.0   3/2    0.5410   74.37    0.0000    0.00    1.000    0.000   2660.6  0.880E+03  0.000E+00
    2660.6   7/2 - 1086.3   3/2    0.0000    0.00    0.0000    0.00    1.000    0.000   1574.3  0.221E-17  0.000E+00
    2660.6   7/2 - 1219.5   3/2    9.5342 1310.71    0.0000    0.00    1.000    0.000   1441.0  0.723E+03  0.000E+00


    2660.6   7/2 -  789.3   5/2    4.8324  664.33    0.1989  111.09    0.983    7.679   1871.3  0.135E+04  0.229E+02
    2660.6   7/2 -  968.8   5/2    0.0000    0.00    0.0026    1.47    0.000   -0.000   1691.7  0.177E-18  0.224E+00
    2660.6   7/2 - 1626.8   5/2    0.0000    0.00    0.0015    0.83    0.000   -0.000   1033.7  0.349E-22  0.288E-01
    2660.6   7/2 - 1050.1   7/2    0.0442    6.08    0.0150    8.40    0.841   -2.299   1610.5  0.584E+01  0.111E+01
    2660.6   7/2 - 1835.4   7/2    0.0000    0.00    0.0376   20.99    0.000   -0.000    825.2  0.938E-25  0.372E+00


    2660.6   7/2 - 2660.6   7/2   -3.3790            1.0018
    2660.6   7/2 -  234.1   9/2    0.0000    0.00    0.0000    0.00    0.000    0.000   2426.4  0.457E-23  0.625E-10
    2660.6   7/2 - 2090.0   9/2    4.4402  610.41    0.0064    3.57    0.994   12.518    570.5  0.327E+01  0.209E-01
    2660.6   7/2 - 1660.2  11/2    0.0000    0.00    0.0000    0.00    1.000    0.000   1000.3  0.644E-24  0.000E+00
     234.1   9/2 -  234.1   9/2   13.4811           -0.7023


    2090.0   9/2 -  789.3   5/2   16.3280 2244.68    0.0000    0.00    1.000    0.000   1300.7  0.742E+03  0.000E+00
    2090.0   9/2 -  968.8   5/2    0.0000    0.00    0.0000    0.00    1.000    0.000   1121.2  0.870E-19  0.000E+00
    2090.0   9/2 - 1626.8   5/2    0.0000    0.00    0.0000    0.00    1.000    0.000    463.2  0.753E-24  0.000E+00
    2090.0   9/2 - 1050.1   7/2    4.0248  553.31    0.0362   20.24    0.988    9.125   1039.9  0.597E+02  0.717E+00
    2090.0   9/2 - 1835.4   7/2    0.0000    0.00    0.0000    0.00    0.000   -0.000    254.6  0.912E-25  0.242E-05


    2090.0   9/2 -  234.1   9/2    0.0000    0.00    0.0000    0.00    0.000    0.000   1855.9  0.481E-22  0.766E-04
    2090.0   9/2 - 2090.0   9/2   -5.9956            1.9814
    2090.0   9/2 - 1660.2  11/2    0.0000    0.00    0.0000    0.00    0.000   -0.000    429.8  0.242E-25  0.140E-05
    2679.8   9/2 -  789.3   5/2    0.0000    0.00    0.0000    0.00    1.000    0.000   1890.5  0.858E-19  0.000E+00
    2679.8   9/2 -  968.8   5/2    8.2723 1137.23    0.0000    0.00    1.000    0.000   1711.0  0.148E+04  0.000E+00


    2679.8   9/2 - 1626.8   5/2    4.3430  597.05    0.0000    0.00    1.000    0.000   1053.0  0.686E+02  0.000E+00
    2679.8   9/2 - 1050.1   7/2    0.0000    0.00    0.0015    0.82    0.000    0.000   1629.7  0.435E-20  0.112E+00
    2679.8   9/2 - 1835.4   7/2   11.0382 1517.47    0.0131    7.32    0.998   20.396    844.4  0.578E+02  0.139E+00
    2679.8   9/2 - 2660.6   7/2    0.0000    0.00    0.0008    0.42    0.000    0.000     19.2  0.136E-29  0.944E-07
    2679.8   9/2 -  234.1   9/2    0.0000    0.00    0.0000    0.01    0.000   -0.000   2445.7  0.126E-20  0.470E-02


    2679.8   9/2 - 2090.0   9/2    0.0000    0.00    0.0422   23.57    0.000    0.000    589.8  0.922E-22  0.152E+00
    2679.8   9/2 - 2679.8   9/2   -2.8093            1.9240
    2679.8   9/2 - 1660.2  11/2    0.0000    0.00    0.0000    0.02    0.000   -0.000   1019.6  0.815E-23  0.639E-03
    1660.2  11/2 - 1050.1   7/2    0.0000    0.00    0.0000    0.00    1.000    0.000    610.1  0.183E-25  0.000E+00
    1660.2  11/2 -  234.1   9/2   18.5112 2544.82    0.3401  189.92    0.987   -8.760   1426.1  0.133E+04  0.174E+02


    1660.2  11/2 - 1660.2  11/2    6.8212            0.0979
    2704.7  13/2 -  234.1   9/2    3.9298  540.25    0.0000    0.00    1.000    0.000   2470.6  0.441E+04  0.000E+00
    2704.7  13/2 - 2090.0   9/2    0.0000    0.00    0.0000    0.00    1.000    0.000    614.7  0.457E-25  0.000E+00
    2704.7  13/2 - 2679.8   9/2    0.0000    0.00    0.0000    0.00    1.000    0.000     24.9  0.898E-31  0.000E+00
    2704.7  13/2 - 1660.2  11/2    6.7270  924.79    0.2413  134.77    0.955   -4.591   1044.5  0.102E+03  0.484E+01


    2704.7  13/2 - 2704.7  13/2   10.7511            0.3109

 TIME=  0.0 SEC
