 PARITY=-   EPS= 0.054   GAMMA=  0.0   EPS4=0.000   EPS6=0.000   LEVELS:  32  33  34  35  36
0   Z= 82   A=207   IQ=1   GSFAC= 0.75   GR=  0.40   MIN SPIN=  1/2   MAX SPIN= 13/2   KMAX= 13/2

 MICR QUADR MOMENTS:  Q0= 310.529  Q2=  -0.000 FM**2


   B(E2) AND Q(E2) IN E2B2 AND EB,   B(M1) AND M(M1) INNM2 AND NM,   T(E2) AND T(M1) IN 1/PS

       E1     II      EF     IF     B(E2)             B(M1)              GD        D       EREL    T(E2)      T(M1)
                                             WU               MWU

     153.1   1/2 -  153.1   1/2    0.0000            0.4754
     153.1   1/2 -    0.0   3/2    0.0005    0.07    0.5424  302.93    0.000   -0.004    153.1  0.494E-06  0.342E-01
     153.1   1/2 -    0.6   5/2    0.0006    0.08    0.0000    0.00    1.000    0.000    152.5  0.564E-06  0.000E+00
       0.0   3/2 -    0.0   3/2    0.6195           -0.1540
     356.5   3/2 -  153.1   1/2    0.1916   26.34    0.0547   30.56    0.091    0.317    203.4  0.814E-03  0.810E-02


     356.5   3/2 -    0.0   3/2    0.0010    0.13    0.2428  135.61    0.000   -0.019    356.5  0.676E-04  0.194E+00
     356.5   3/2 -  356.5   3/2   -0.6195            0.6788
     356.5   3/2 -    0.6   5/2    0.0000    0.00    0.0850   47.49    0.000    0.004    355.9  0.128E-05  0.675E-01
     356.5   3/2 -  230.0   5/2    0.0004    0.05    0.1840  102.75    0.000   -0.005    126.5  0.154E-06  0.655E-02
     356.5   3/2 -  354.6   5/2    0.0823   11.32    0.1379   77.02    0.000    0.001      1.8  0.212E-13  0.151E-07


     356.5   3/2 -  181.1   7/2    0.0001    0.01    0.0000    0.00    1.000    0.000    175.4  0.106E-06  0.000E+00
       0.6   5/2 -    0.0   3/2    0.0930   12.79    0.0260   14.50    0.000   -0.001      0.6  0.708E-16  0.865E-10
       0.6   5/2 -    0.6   5/2    0.7309            0.9010
     230.0   5/2 -  153.1   1/2    0.0038    0.53    0.0000    0.00    1.000    0.000     76.9  0.126E-06  0.000E+00
     230.0   5/2 -    0.0   3/2    0.2306   31.70    0.0786   43.91    0.097   -0.328    230.0  0.181E-02  0.168E-01


     230.0   5/2 -    0.6   5/2    0.1004   13.80    0.0162    9.07    0.184    0.475    229.4  0.778E-03  0.345E-02
     230.0   5/2 -  230.0   5/2    0.1392            0.8510
     230.0   5/2 -  181.1   7/2    0.0008    0.11    0.0652   36.40    0.000    0.005     48.9  0.277E-08  0.134E-03
     354.6   5/2 -  153.1   1/2    0.1878   25.82    0.0000    0.00    1.000    0.000    201.6  0.762E-03  0.000E+00
     354.6   5/2 -    0.0   3/2    0.0049    0.67    0.0621   34.67    0.007   -0.083    354.6  0.335E-03  0.487E-01


     354.6   5/2 -    0.6   5/2    0.0003    0.05    0.0864   48.25    0.000    0.018    354.1  0.229E-04  0.675E-01
     354.6   5/2 -  230.0   5/2    0.0046    0.63    0.2057  114.89    0.000   -0.015    124.6  0.167E-05  0.701E-02
     354.6   5/2 -  354.6   5/2   -0.8700            0.8736
     354.6   5/2 -  181.1   7/2    0.0001    0.02    0.0684   38.20    0.000    0.006    173.6  0.218E-06  0.629E-02
     181.1   7/2 -    0.0   3/2    0.0483    6.64    0.0000    0.00    1.000    0.000    181.1  0.115E-03  0.000E+00


     181.1   7/2 -    0.6   5/2    0.2935   40.35    0.0101    5.65    0.396   -0.810    180.5  0.686E-03  0.105E-02
     181.1   7/2 -  181.1   7/2   -0.0847            1.2748
     517.9   7/2 -    0.0   3/2    0.0888   12.21    0.0000    0.00    1.000    0.000    517.9  0.404E-01  0.000E+00
     517.9   7/2 -  356.5   3/2    0.0007    0.09    0.0000    0.00    1.000    0.000    161.4  0.905E-06  0.000E+00
     517.9   7/2 -    0.6   5/2    0.0100    1.37    0.0375   20.93    0.047    0.222    517.3  0.452E-02  0.913E-01


     517.9   7/2 -  230.0   5/2    0.2398   32.96    0.0864   48.23    0.138   -0.399    287.9  0.578E-02  0.363E-01
     517.9   7/2 -  354.6   5/2    0.0030    0.41    0.0875   48.89    0.001    0.025    163.3  0.421E-05  0.670E-02
     517.9   7/2 -  181.1   7/2    0.0334    4.59    0.0119    6.66    0.181    0.469    336.8  0.177E-02  0.802E-02
     517.9   7/2 -  517.9   7/2   -0.3323            1.2682
     517.9   7/2 -  430.6   9/2    0.0055    0.75    0.0569   31.77    0.001    0.023     87.3  0.339E-06  0.665E-03


     827.5   7/2 -    0.0   3/2    0.0001    0.01    0.0000    0.00    1.000    0.000    827.5  0.481E-03  0.000E+00
     827.5   7/2 -  356.5   3/2    0.2458   33.79    0.0000    0.00    1.000    0.000    471.0  0.695E-01  0.000E+00
     827.5   7/2 -    0.6   5/2    0.0000    0.00    0.0241   13.43    0.000   -0.007    826.9  0.113E-04  0.239E+00
     827.5   7/2 -  230.0   5/2    0.0001    0.02    0.0715   39.91    0.001   -0.022    597.5  0.134E-03  0.268E+00
     827.5   7/2 -  354.6   5/2    0.0284    3.91    0.0560   31.26    0.073    0.281    472.8  0.819E-02  0.104E+00


     827.5   7/2 -  181.1   7/2    0.0000    0.00    0.1008   56.27    0.000    0.004    646.4  0.591E-05  0.479E+00
     827.5   7/2 -  517.9   7/2    0.0004    0.05    0.1810  101.11    0.000   -0.012    309.6  0.128E-04  0.945E-01
     827.5   7/2 -  827.5   7/2   -1.0321            1.3120
     827.5   7/2 -  430.6   9/2    0.0000    0.00    0.0691   38.61    0.000    0.000    396.8  0.388E-09  0.760E-01
     827.5   7/2 -  806.7   9/2    0.0141    1.94    0.0148    8.29    0.000    0.017     20.8  0.663E-09  0.234E-05


     827.5   7/2 -  749.5  11/2    0.0000    0.00    0.0000    0.00    1.000    0.000     78.0  0.161E-09  0.000E+00
     430.6   9/2 -    0.6   5/2    0.1264   17.38    0.0000    0.00    1.000    0.000    430.1  0.227E-01  0.000E+00
     430.6   9/2 -  230.0   5/2    0.0124    1.71    0.0000    0.00    1.000    0.000    200.6  0.494E-04  0.000E+00
     430.6   9/2 -  354.6   5/2    0.0000    0.00    0.0000    0.00    1.000    0.000     76.0  0.311E-09  0.000E+00
     430.6   9/2 -  181.1   7/2    0.2250   30.93    0.0146    8.18    0.399   -0.815    249.6  0.266E-02  0.401E-02


     430.6   9/2 -  430.6   9/2   -0.5033            1.7126
     806.7   9/2 -    0.6   5/2    0.0000    0.01    0.0000    0.00    1.000    0.000    806.1  0.175E-03  0.000E+00
     806.7   9/2 -  230.0   5/2    0.0495    6.81    0.0000    0.00    1.000    0.000    576.7  0.385E-01  0.000E+00
     806.7   9/2 -  354.6   5/2    0.2039   28.03    0.0000    0.00    1.000    0.000    452.1  0.470E-01  0.000E+00
     806.7   9/2 -  181.1   7/2    0.0039    0.53    0.0046    2.58    0.185   -0.476    625.7  0.452E-02  0.199E-01


     806.7   9/2 -  517.9   7/2    0.0342    4.70    0.0140    7.81    0.124    0.376    288.8  0.838E-03  0.593E-02
     806.7   9/2 -  430.6   9/2    0.0038    0.52    0.0698   38.96    0.005   -0.073    376.1  0.344E-03  0.653E-01
     806.7   9/2 -  806.7   9/2   -1.0347            2.3388
     806.7   9/2 -  749.5  11/2    0.0027    0.37    0.1190   66.45    0.000    0.007     57.2  0.204E-07  0.392E-03
     882.7   9/2 -    0.6   5/2    0.0006    0.08    0.0000    0.00    1.000    0.000    882.1  0.402E-02  0.000E+00


     882.7   9/2 -  230.0   5/2    0.1141   15.69    0.0000    0.00    1.000    0.000    652.7  0.165E+00  0.000E+00
     882.7   9/2 -  354.6   5/2    0.0684    9.41    0.0000    0.00    1.000    0.000    528.1  0.343E-01  0.000E+00
     882.7   9/2 -  181.1   7/2    0.0067    0.93    0.0798   44.56    0.028    0.170    701.6  0.140E-01  0.485E+00
     882.7   9/2 -  517.9   7/2    0.1502   20.65    0.1260   70.35    0.099   -0.332    364.8  0.118E-01  0.108E+00
     882.7   9/2 -  827.5   7/2    0.0061    0.85    0.1513   84.51    0.000    0.009     55.2  0.385E-07  0.449E-03


     882.7   9/2 -  430.6   9/2    0.0102    1.41    0.0473   26.42    0.030    0.175    452.1  0.236E-02  0.769E-01
     882.7   9/2 -  806.7   9/2    0.0069    0.95    0.0587   32.81    0.000    0.022     76.0  0.213E-06  0.454E-03
     882.7   9/2 -  882.7   9/2   -0.7203            1.0849
     882.7   9/2 -  749.5  11/2    0.0042    0.58    0.0095    5.32    0.005    0.074    133.2  0.217E-05  0.396E-03
     749.5  11/2 -  181.1   7/2    0.1911   26.27    0.0000    0.00    1.000    0.000    568.4  0.138E+00  0.000E+00


     749.5  11/2 -  517.9   7/2    0.0049    0.68    0.0000    0.00    1.000    0.000    231.6  0.400E-04  0.000E+00
     749.5  11/2 -  430.6   9/2    0.1648   22.65    0.0222   12.41    0.343   -0.723    318.9  0.663E-02  0.127E-01
     749.5  11/2 -  749.5  11/2   -0.7475            2.0890
    1282.8  11/2 -  181.1   7/2    0.0003    0.04    0.0000    0.00    1.000    0.000   1101.7  0.636E-02  0.000E+00
    1282.8  11/2 -  517.9   7/2    0.2106   28.95    0.0000    0.00    1.000    0.000    764.9  0.673E+00  0.000E+00


    1282.8  11/2 -  827.5   7/2    0.0009    0.12    0.0000    0.00    1.000    0.000    455.3  0.205E-03  0.000E+00
    1282.8  11/2 -  430.6   9/2    0.0080    1.10    0.0528   29.51    0.071    0.276    852.2  0.438E-01  0.576E+00
    1282.8  11/2 -  806.7   9/2    0.0272    3.74    0.1174   65.57    0.035   -0.191    476.1  0.813E-02  0.223E+00
    1282.8  11/2 -  882.7   9/2    0.1101   15.14    0.0074    4.15    0.622   -1.283    400.1  0.138E-01  0.837E-02
    1282.8  11/2 -  749.5  11/2    0.0067    0.92    0.0019    1.07    0.406    0.827    533.3  0.352E-02  0.513E-02


    1282.8  11/2 - 1282.8  11/2   -0.8263            2.2345
    1282.8  11/2 - 1133.9  13/2    0.0056    0.77    0.0618   34.54    0.001    0.037    148.9  0.499E-05  0.359E-02
    1566.8  11/2 -  181.1   7/2    0.0000    0.00    0.0000    0.00    1.000    0.000   1385.7  0.537E-03  0.000E+00
    1566.8  11/2 -  517.9   7/2    0.0003    0.04    0.0000    0.00    1.000    0.000   1048.9  0.438E-02  0.000E+00
    1566.8  11/2 -  827.5   7/2    0.2895   39.80    0.0000    0.00    1.000    0.000    739.3  0.780E+00  0.000E+00


    1566.8  11/2 -  430.6   9/2    0.0000    0.00    0.0525   29.34    0.000    0.012   1136.2  0.189E-03  0.136E+01
    1566.8  11/2 -  806.7   9/2    0.0063    0.87    0.1337   74.67    0.019    0.137    760.1  0.195E-01  0.103E+01
    1566.8  11/2 -  882.7   9/2    0.0064    0.88    0.0158    8.84    0.116   -0.363    684.1  0.117E-01  0.892E-01
    1566.8  11/2 -  749.5  11/2    0.0000    0.00    0.1182   66.02    0.000    0.007    817.3  0.548E-04  0.114E+01
    1566.8  11/2 - 1282.8  11/2    0.0002    0.03    0.1617   90.29    0.000   -0.009    284.0  0.502E-05  0.652E-01


    1566.8  11/2 - 1566.8  11/2   -1.1903            1.9949
    1566.8  11/2 - 1133.9  13/2    0.0000    0.00    0.0554   30.94    0.000   -0.006    432.9  0.244E-05  0.791E-01
    1566.8  11/2 - 1546.8  13/2    0.0078    1.07    0.0466   26.01    0.000    0.007     20.0  0.300E-09  0.651E-05
    1133.9  13/2 -  430.6   9/2    0.2308   31.73    0.0000    0.00    1.000    0.000    703.3  0.484E+00  0.000E+00
    1133.9  13/2 -  806.7   9/2    0.0012    0.16    0.0000    0.00    1.000    0.000    327.2  0.531E-04  0.000E+00


    1133.9  13/2 -  882.7   9/2    0.0015    0.20    0.0000    0.00    1.000    0.000    251.2  0.181E-04  0.000E+00
    1133.9  13/2 -  749.5  11/2    0.1230   16.91    0.0209   11.68    0.376   -0.776    384.4  0.126E-01  0.209E-01
    1133.9  13/2 - 1133.9  13/2   -0.9102            2.5519
    1546.8  13/2 -  430.6   9/2    0.0000    0.00    0.0000    0.00    1.000    0.000   1116.2  0.344E-03  0.000E+00
    1546.8  13/2 -  806.7   9/2    0.2781   38.23    0.0000    0.00    1.000    0.000    740.1  0.753E+00  0.000E+00


    1546.8  13/2 -  882.7   9/2    0.0208    2.86    0.0000    0.00    1.000    0.000    664.1  0.328E-01  0.000E+00
    1546.8  13/2 -  749.5  11/2    0.0014    0.20    0.0283   15.82    0.022   -0.150    797.3  0.570E-02  0.253E+00
    1546.8  13/2 - 1282.8  11/2    0.0050    0.69    0.0533   29.79    0.005    0.068    264.0  0.790E-04  0.173E-01
    1546.8  13/2 - 1133.9  13/2    0.0004    0.06    0.1101   61.50    0.000   -0.021    412.9  0.603E-04  0.136E+00
    1546.8  13/2 - 1546.8  13/2   -1.2277            2.8014


    1775.8  13/2 -  430.6   9/2    0.0002    0.03    0.0000    0.00    1.000    0.000   1345.2  0.100E-01  0.000E+00
    1775.8  13/2 -  806.7   9/2    0.0119    1.63    0.0000    0.00    1.000    0.000    969.1  0.124E+00  0.000E+00
    1775.8  13/2 -  882.7   9/2    0.2327   31.99    0.0000    0.00    1.000    0.000    893.1  0.161E+01  0.000E+00
    1775.8  13/2 -  749.5  11/2    0.0057    0.79    0.0827   46.18    0.048    0.225   1026.3  0.796E-01  0.157E+01
    1775.8  13/2 - 1282.8  11/2    0.1003   13.79    0.1017   56.81    0.142   -0.408    493.0  0.356E-01  0.215E+00


    1775.8  13/2 - 1566.8  11/2    0.0025    0.35    0.0988   55.20    0.001    0.028    209.0  0.123E-04  0.159E-01
    1775.8  13/2 - 1133.9  13/2    0.0033    0.45    0.0122    6.84    0.071    0.276    641.9  0.436E-02  0.570E-01
    1775.8  13/2 - 1546.8  13/2    0.0005    0.07    0.1399   78.16    0.000    0.012    228.9  0.412E-05  0.296E-01
    1775.8  13/2 - 1775.8  13/2   -0.9674            2.2223

 TIME=  0.0 SEC
