 PARITY=-   EPS= 0.125   GAMMA=  0.0   EPS4=0.000   EPS6=0.000   LEVELS:  28  29  30  31  32
0   Z= 82   A=207   IQ=1   GSFAC= 0.75   GR=  0.40   MIN SPIN=  1/2   MAX SPIN= 13/2   KMAX= 13/2

 MICR QUADR MOMENTS:  Q0= 526.252  Q2=   0.000 FM**2


   B(E2) AND Q(E2) IN E2B2 AND EB,   B(M1) AND M(M1) INNM2 AND NM,   T(E2) AND T(M1) IN 1/PS

       E1     II      EF     IF     B(E2)             B(M1)              GD        D       EREL    T(E2)      T(M1)
                                             WU               MWU

    1543.7   1/2 - 1543.7   1/2    0.0000            0.5726
    1543.7   1/2 -    0.0   3/2    0.0000    0.00    0.2530  141.31    0.000    0.000   1543.7  0.135E-10  0.164E+02
    1543.7   1/2 - 1482.7   3/2    0.0000    0.00    0.0238   13.29    0.000    0.000     61.0  0.267E-15  0.950E-04
    1543.7   1/2 -  609.6   5/2    0.0000    0.00    0.0000    0.00    1.000    0.000    934.1  0.506E-11  0.000E+00
    2738.0   1/2 - 1543.7   1/2    0.0000    0.00    0.0736   41.09    0.000    0.000   1194.3  0.000E+00  0.221E+01


    2738.0   1/2 - 2738.0   1/2    0.0000            0.5267
    2738.0   1/2 -    0.0   3/2    0.0000    0.00    0.0302   16.87    0.000    0.000   2738.0  0.316E-10  0.109E+02
    2738.0   1/2 - 1482.7   3/2    0.0000    0.00    0.0060    3.34    0.000    0.000   1255.3  0.672E-11  0.208E+00
    2738.0   1/2 - 2015.4   3/2    0.0000    0.00    0.4639  259.08    0.000   -0.000    722.6  0.165E-11  0.308E+01
    2738.0   1/2 -  609.6   5/2    0.0000    0.00    0.0000    0.00    1.000    0.000   2128.4  0.470E-10  0.000E+00


    2738.0   1/2 - 2092.3   5/2    0.0000    0.00    0.0000    0.00    1.000    0.000    645.7  0.198E-11  0.000E+00
    2738.0   1/2 - 2448.5   5/2    0.0000    0.00    0.0000    0.00    1.000    0.000    289.5  0.109E-12  0.000E+00
       0.0   3/2 -    0.0   3/2    1.0525           -0.4357
    1482.7   3/2 -    0.0   3/2    0.0000    0.00    0.0866   48.36    0.000   -0.000   1482.7  0.756E-10  0.497E+01
    1482.7   3/2 - 1482.7   3/2    1.0525            0.5978


    1482.7   3/2 -  609.6   5/2    0.0000    0.00    0.0577   32.24    0.000   -0.000    873.1  0.208E-10  0.676E+00
    1482.7   3/2 - 1463.0   7/2    0.0000    0.00    0.0000    0.00    1.000    0.000     19.7  0.118E-18  0.000E+00
    2015.4   3/2 - 1543.7   1/2    0.5510   75.74    0.2254  125.91    0.274   -0.614    471.6  0.157E+00  0.416E+00
    2015.4   3/2 -    0.0   3/2    0.0000    0.00    0.1012   56.53    0.000   -0.000   2015.4  0.187E-20  0.146E+02
    2015.4   3/2 - 1482.7   3/2    0.0000    0.00    0.0095    5.32    0.000   -0.000    532.6  0.130E-25  0.253E-01


    2015.4   3/2 - 2015.4   3/2   -1.0525           -0.3037
    2015.4   3/2 -  609.6   5/2    0.0000    0.00    0.1518   84.79    0.000    0.000   1405.8  0.883E-12  0.742E+01
    2015.4   3/2 - 1463.0   7/2    0.0000    0.00    0.0000    0.00    1.000    0.000    552.3  0.825E-12  0.000E+00
     609.6   5/2 -    0.0   3/2    0.9445  129.84    0.1876  104.76    0.565   -1.139    609.6  0.970E+00  0.748E+00
     609.6   5/2 -  609.6   5/2   -0.3759            0.2547


    2092.3   5/2 - 1543.7   1/2    0.0000    0.00    0.0000    0.00    1.000    0.000    548.6  0.837E-10  0.000E+00
    2092.3   5/2 -    0.0   3/2    0.0000    0.00    0.0385   21.49    0.000   -0.000   2092.3  0.110E-08  0.620E+01
    2092.3   5/2 - 1482.7   3/2    0.9445  129.84    0.0000    0.00    1.000  325.859    609.6  0.970E+00  0.910E-05
    2092.3   5/2 - 2015.4   3/2    0.0000    0.00    0.0095    5.32    0.000   -0.000     77.0  0.808E-16  0.764E-04
    2092.3   5/2 -  609.6   5/2    0.0000    0.00    0.0371   20.72    0.000    0.000   1482.7  0.115E-10  0.213E+01


    2092.3   5/2 - 2092.3   5/2   -0.3759            0.9929
    2092.3   5/2 - 1463.0   7/2    0.0000    0.00    0.0687   38.38    0.000   -0.000    629.3  0.510E-11  0.301E+00
    2448.5   5/2 - 1543.7   1/2    0.5510   75.74    0.0000    0.00    1.000    0.000    904.8  0.408E+01  0.000E+00
    2448.5   5/2 -    0.0   3/2    0.0000    0.00    0.0169    9.42    0.000    0.000   2448.5  0.210E-09  0.436E+01
    2448.5   5/2 - 1482.7   3/2    0.0000    0.00    0.0016    0.89    0.000    0.000    965.7  0.186E-08  0.252E-01


    2448.5   5/2 - 2015.4   3/2    0.1574   21.64    0.0034    1.88    0.859    2.463    433.1  0.293E-01  0.482E-02
    2448.5   5/2 -  609.6   5/2    0.0000    0.00    0.1157   64.60    0.000   -0.000   1838.9  0.890E-10  0.127E+02
    2448.5   5/2 - 2092.3   5/2    0.0000    0.00    0.0109    6.08    0.000   -0.000    356.1  0.172E-10  0.866E-02
    2448.5   5/2 - 2448.5   5/2   -1.5036            1.6854
    2448.5   5/2 - 1463.0   7/2    0.0000    0.00    0.1205   67.29    0.000   -0.000    985.5  0.998E-12  0.203E+01


    1463.0   7/2 -    0.0   3/2    0.3935   54.10    0.0000    0.00    1.000    0.000   1463.0  0.322E+02  0.000E+00
    1463.0   7/2 -  609.6   5/2    0.5903   81.15    0.2512  140.31    0.543   -1.089    853.4  0.326E+01  0.275E+01
    1463.0   7/2 - 1463.0   7/2   -1.0525            0.8143
    2945.8   7/2 -    0.0   3/2    0.0000    0.00    0.0000    0.00    1.000    0.000   2945.8  0.440E-08  0.000E+00
    2945.8   7/2 - 1482.7   3/2    0.3935   54.10    0.0000    0.00    1.000    0.000   1463.0  0.322E+02  0.000E+00


    2945.8   7/2 - 2015.4   3/2    0.0000    0.00    0.0000    0.00    1.000    0.000    930.4  0.885E-09  0.000E+00
    2945.8   7/2 -  609.6   5/2    0.0000    0.00    0.0515   28.79    0.000   -0.000   2336.2  0.270E-08  0.116E+02
    2945.8   7/2 - 2092.3   5/2    0.5903   81.15    0.0000    0.00    1.000  312.315    853.4  0.326E+01  0.333E-04
    2945.8   7/2 - 2448.5   5/2    0.0000    0.00    0.0085    4.75    0.000   -0.000    497.3  0.355E-10  0.184E-01
    2945.8   7/2 - 1463.0   7/2    0.0000    0.00    0.0206   11.51    0.000    0.000   1482.7  0.163E-09  0.118E+01


    2945.8   7/2 - 2945.8   7/2   -1.0525            1.3885
    2945.8   7/2 - 2483.0   9/2    0.0000    0.00    0.0000    0.00    0.000   -0.002    462.8  0.473E-22  0.787E-17
    2945.8   7/2 - 2560.3   9/2    0.0000    0.00    0.0722   40.30    0.000   -0.000    385.5  0.992E-13  0.727E-01
    2483.0   9/2 -  609.6   5/2    0.0000    0.00    0.0000    0.00    1.000    0.000   1873.4  0.104E-13  0.000E+00
    2483.0   9/2 - 2092.3   5/2    0.0000    0.00    0.0000    0.00    1.000    0.000    390.7  0.248E-22  0.000E+00


    2483.0   9/2 - 2448.5   5/2    0.0000    0.00    0.0000    0.00    1.000    0.000     34.5  0.906E-28  0.000E+00
    2483.0   9/2 - 1463.0   7/2    0.0000    0.00    0.0000    0.00    0.497   -0.995   1020.0  0.326E-15  0.329E-15
    2483.0   9/2 - 2483.0   9/2    2.8705            1.3433
    2560.3   9/2 -  609.6   5/2    0.5903   81.15    0.0000    0.00    1.000    0.000   1950.7  0.203E+03  0.000E+00
    2560.3   9/2 - 2092.3   5/2    0.0000    0.00    0.0000    0.00    1.000    0.000    468.0  0.135E-12  0.000E+00


    2560.3   9/2 - 2448.5   5/2    0.0000    0.00    0.0000    0.00    1.000    0.000    111.8  0.444E-16  0.000E+00
    2560.3   9/2 - 1463.0   7/2    0.3864   53.12    0.2814  157.14    0.534   -1.071   1097.3  0.750E+01  0.654E+01
    2560.3   9/2 - 2483.0   9/2    0.0000    0.00    0.0000    0.00    0.001    0.027     77.3  0.793E-21  0.105E-17
    2560.3   9/2 - 2560.3   9/2   -1.4352            1.3145

 TIME=  0.0 SEC
