 *********************************************************************************************************************************
 *                                                                                                                               *
 * SHELL MODEL - DEFORMED WOODS-SAXON POTENTIAL                                                         NUCLEUS Z=37 N= 60 A= 97 *
 *                                                                                                                               *
 * CENTRAL    POTENTIAL  -  DEPTH  VO = -39.5                     DIFFUSENESS AVO =  0.70                     RADIUS RO =   6.19 *
 *                                                                                                                               *
 * SPIN-ORBIT POTENTIAL  -  DEPTH VSO =  15.6                     DIFFUSENESS ASO =  0.70                     RADIUS RV =   6.02 *
 *                                                                                                                               *
 * D E F O R M A T I O N    BETA2 =    0.310       BETA4 = 0.050          GAMMA = -120.00               TYPE(PMT.) = 0           *
 *                                                                                                                               *
 * AUXILIARY PARAMETERS     U1 =  -1.2379   U2 = 1.2379   FACC = 1.200   HOM0 =  10.7080   HMZ =  8.748   HMP = 11.847           *
 *                                                                                                                               *
 *                          IH = 28   IL = 14   IG = 20     CMALE = 0.99204   R = 6.1891   NMP =12   NMN =14   ILS =14           *
 *                                                                                                                               *
 *                          IPROT =  0   INAZW =  4   UBAR =    1.31000  LAMBDA =  35.00   KAPPA =   0.860     V=49.60           *
 *                                                                                                                               *
 *********************************************************************************************************************************

 DIMENSION OF BASIS SPACE = 135


   SINGLE PARTICLE (PARITY +) WAVE FUNCTIONS  / N NZ ABS( LAM 2*OMEGA) >  IN THE ENERGY INTERVAL-15.0<E<  0.0
   8 -12.446 -0.11/ 2010101>  0.42/ 4030101>  0.18/ 6050101>  0.15/ 4010101>  0.24/ 2020001> -0.64/ 4040001> -0.36/ 6060001>
            -0.36/ 4020001>
   9 -11.282 -0.34/ 4020203>  0.18/ 2010103> -0.79/ 4030103> -0.33/ 6050103> -0.27/ 4010103>  0.13/ 6030103>
  10  -9.616  0.26/ 4010305> -0.87/ 4020205> -0.27/ 6040205> -0.17/ 4000205>  0.22/ 6020205>
  11  -8.408  0.10/ 2010101> -0.65/ 4030101> -0.24/ 6050101> -0.23/ 4010101>  0.28/ 2020001> -0.47/ 4040001> -0.23/ 6060001>
             0.20/ 4020001>  0.16/ 6040001>
  12  -7.704  0.19/ 4000407>  0.92/ 4010307>  0.19/ 6030307> -0.28/ 6010307>
  13  -6.195  0.20/ 2010101> -0.42/ 4030101> -0.15/ 6050101>  0.15/ 4010101>  0.12/ 6030101> -0.10/ 6010101> -0.18/ 2020001>
            -0.72/ 4020001> -0.25/ 6040001> -0.15/ 4000001>  0.22/ 6020001>
  14  -5.850  0.94/ 4000409> -0.33/ 6000409>
  15  -5.555  0.76/ 4020203>  0.20/ 6040203>  0.16/ 4000203> -0.16/ 6020203>  0.22/ 2010103> -0.37/ 4030103> -0.13/ 6050103>
             0.28/ 4010103>  0.14/ 6030103> -0.15/ 6010103>
  16  -3.882 -0.13/ 2000203>  0.42/ 4020203>  0.11/ 6040203> -0.11/ 4000203> -0.10/ 6020203> -0.24/ 2010103> -0.74/ 4010103>
            -0.20/ 6030103>  0.32/ 6010103>
  17  -2.676  0.24/ 2010101>  0.77/ 4010101>  0.21/ 6030101> -0.32/ 6010101> -0.15/ 2000001>  0.29/ 4020001>  0.10/ 6040001>
            -0.16/ 4000001> -0.10/ 6020001>  0.13/ 6000001>
  18  -2.640  0.72/ 4010305>  0.12/ 6030305> -0.20/ 6010305> -0.24/ 2000205>  0.27/ 4020205> -0.44/ 4000205> -0.12/ 6020205>
             0.26/ 6000205>
  19  -1.724 -0.56/ 4010305>  0.13/ 6010305> -0.25/ 2000205> -0.66/ 4000205>  0.36/ 6000205>
  20  -0.366 -0.25/ 4010101> -0.34/ 2000001> -0.74/ 4000001> -0.14/ 6020001>  0.46/ 6000001> -0.14/ 8000001>
 ******************************************  SINGLE PARTICLE MATRIX ELEMENTS  ******************************************


   ENY    EMY    A+B    C      D      E   <S0>  <S->  <S+>  <JZ> <JZ2> 


-12.45+  MY=NY  4.00  0.00  18.86   0.00  0.25  0.00  0.75  0.50  0.25
-11.28+-12.45+ -0.00  4.22  -0.00  19.28 -0.00  0.46 -0.00 -0.00  0.00
 -9.62+-12.45+  0.00  0.00   0.00  18.54 -0.00  0.00 -0.00 -0.00 -0.00
 -8.41+-12.45+ -1.71 -0.00  -6.41   0.00  0.37 -0.00  0.37 -0.00 -0.00
 -7.70+-12.45+  0.00  0.00   0.00  -0.00  0.00  0.00  0.00  0.00 -0.00
 -6.19+-12.45+  0.14  0.00   5.78   0.00  0.21 -0.00  0.21  0.00  0.00
 -5.85+-12.45+ -0.00  0.00  -0.00   0.00 -0.00  0.00 -0.00  0.00  0.00
 -5.56+-12.45+  0.00 -0.48   0.00  -7.32  0.00  0.16  0.00  0.00 -0.00
 -3.88+-12.45+  0.00  0.01   0.00  -0.02 -0.00  0.09  0.00 -0.00  0.00
 -2.68+-12.45+  0.14  0.00   1.04  -0.00 -0.06  0.00 -0.06 -0.00 -0.00
 -2.64+-12.45+  0.00 -0.00   0.00   2.07 -0.00  0.00 -0.00  0.00  0.00
 -1.72+-12.45+  0.00  0.00   0.00  -0.78 -0.00 -0.00 -0.00  0.00  0.00
 -0.37+-12.45+ -0.03  0.00   0.09  -0.00  0.02 -0.00  0.02  0.00  0.00
  0.28+-12.45+ -0.00  0.02  -0.00  -0.21 -0.00  0.02 -0.00 -0.00  0.00
  0.37+-12.45+  0.00  0.00   0.00   0.00  0.00  0.00 -0.00 -0.00  0.00

-11.28+  MY=NY -0.00 -0.00  20.08  -0.00 -0.36 -0.00 -0.00 -1.50  2.25
 -9.62+-11.28+  4.26  0.00   0.00   0.00 -0.00  0.00  0.36 -0.00 -0.00
 -8.41+-11.28+  0.00 -1.16   0.00 -11.00 -0.00 -0.69  0.00  0.00 -0.00
 -7.70+-11.28+ -0.00  0.00   0.00 -16.67  0.00  0.00 -0.00  0.00 -0.00
 -6.19+-11.28+ -0.00  1.40   0.00   4.15  0.00 -0.38 -0.00  0.00 -0.00
 -5.85+-11.28+ -0.00 -0.00   0.00  -0.00 -0.00  0.00 -0.00 -0.00 -0.00
 -5.56+-11.28+  0.00  0.00  -4.96   0.00 -0.31 -0.00  0.00 -0.00  0.00
 -3.88+-11.28+ -0.00  0.00   4.14   0.00 -0.16 -0.00  0.00 -0.00  0.00
 -2.68+-11.28+ -0.00  0.05  -0.00   3.83  0.00  0.11  0.00 -0.00  0.00
 -2.64+-11.28+  0.18  0.00  -0.00   0.00  0.00  0.00 -0.08 -0.00 -0.00
 -1.72+-11.28+ -0.09  0.00  -0.00   0.00 -0.00 -0.00  0.07  0.00  0.00
 -0.37+-11.28+ -0.00  0.02   0.00  -0.29  0.00 -0.04  0.00 -0.00  0.00
  0.28+-11.28+  0.00 -0.00   0.02  -0.00 -0.03  0.00  0.00  0.00 -0.00
  0.37+-11.28+  0.00  0.00   0.00   0.52 -0.00  0.00  0.00  0.00 -0.00

 -9.62+  MY=NY  0.00 -0.00  18.18   0.00  0.42 -0.00  0.00  2.50  6.25
 -8.41+ -9.62+ -0.00 -0.00   0.00  -7.87  0.00 -0.00 -0.00  0.00  0.00
 -7.70+ -9.62+  0.00 -3.90  -0.00  -0.00 -0.00 -0.28  0.00 -0.00  0.00
 -6.19+ -9.62+  0.00  0.00  -0.00   9.23  0.00 -0.00  0.00 -0.00 -0.00
 -5.85+ -9.62+  0.00  0.00   0.00 -11.65 -0.00  0.00  0.00  0.00  0.00
 -5.56+ -9.62+ -1.03 -0.00  -0.00   0.00 -0.00  0.00 -0.78  0.00  0.00
 -3.88+ -9.62+  1.06  0.00   0.00   0.00 -0.00  0.00 -0.41 -0.00  0.00
 -2.68+ -9.62+  0.00  0.00  -0.00   2.19  0.00  0.00 -0.00 -0.00 -0.00
 -2.64+ -9.62+ -0.00 -0.00   3.52   0.00 -0.21 -0.00 -0.00 -0.00 -0.00
 -1.72+ -9.62+ -0.00 -0.00   1.59  -0.00  0.16  0.00  0.00  0.00  0.00
 -0.37+ -9.62+ -0.00  0.00  -0.00   1.64  0.00 -0.00  0.00 -0.00 -0.00
  0.28+ -9.62+  0.03 -0.00   0.00  -0.00 -0.00  0.00 -0.07  0.00  0.00
  0.37+ -9.62+  0.00  0.02   0.00   0.00 -0.00 -0.06 -0.00 -0.00  0.00

 -8.41+  MY=NY -0.54  0.00  11.29  -0.00 -0.06  0.00  0.44  0.50  0.25
 -7.70+ -8.41+ -0.00 -0.00  -0.00   0.00 -0.00 -0.00 -0.00 -0.00  0.00
 -6.19+ -8.41+ -2.84 -0.00   0.36   0.00 -0.30  0.00 -0.30 -0.00 -0.00
 -5.85+ -8.41+  0.00 -0.00   0.00  -0.00  0.00 -0.00  0.00 -0.00 -0.00
 -5.56+ -8.41+ -0.00  3.00   0.00  -1.54 -0.00 -0.23 -0.00 -0.00  0.00
 -3.88+ -8.41+  0.00  0.24  -0.00  -9.04  0.00 -0.15 -0.00 -0.00  0.00
 -2.68+ -8.41+ -0.23 -0.00  -6.13   0.00  0.12 -0.00  0.12 -0.00 -0.00
 -2.64+ -8.41+ -0.00  0.00  -0.00  -9.00  0.00  0.00  0.00  0.00  0.00
 -1.72+ -8.41+ -0.00  0.00   0.00   3.48  0.00  0.00 -0.00  0.00  0.00
 -0.37+ -8.41+ -0.01  0.00   0.05   0.00 -0.04  0.00 -0.04 -0.00 -0.00
  0.28+ -8.41+  0.00  0.04   0.00   0.39  0.00 -0.03 -0.00 -0.00  0.00
  0.37+ -8.41+ -0.00  0.00  -0.00   0.00 -0.00 -0.00 -0.00  0.00 -0.00

 -7.70+  MY=NY  0.00  0.00  12.95  -0.00 -0.46  0.00  0.00 -3.50 12.25
 -6.19+ -7.70+  0.00  0.00   0.00  -0.00  0.00  0.00  0.00  0.00 -0.00
 -5.85+ -7.70+  3.01  0.00  -0.00  -0.00  0.00 -0.00  0.20  0.00  0.00
 -5.56+ -7.70+  0.00 -0.00  -0.00   6.38 -0.00 -0.00  0.00 -0.00  0.00
 -3.88+ -7.70+ -0.00  0.00  -0.00  -5.52 -0.00  0.00  0.00  0.00 -0.00
 -2.68+ -7.70+  0.00  0.00   0.00  -0.00 -0.00  0.00 -0.00  0.00 -0.00
 -2.64+ -7.70+  0.00 -0.92  -0.00   0.00  0.00 -0.75 -0.00 -0.00  0.00
 -1.72+ -7.70+ -0.00 -0.46  -0.00   0.00 -0.00  0.57  0.00 -0.00 -0.00
 -0.37+ -7.70+  0.00  0.00   0.00   0.00  0.00  0.00  0.00  0.00 -0.00
  0.28+ -7.70+ -0.00 -0.00   0.00   0.78  0.00 -0.00  0.00  0.00 -0.00
  0.37+ -7.70+ -0.00 -0.00  -1.07   0.00 -0.20 -0.00 -0.00 -0.00  0.00

 -6.19+  MY=NY  0.17 -0.00  12.82   0.00  0.21  0.00  0.71  0.50  0.25
 -5.85+ -6.19+ -0.00 -0.00  -0.00   0.00  0.00  0.00 -0.00  0.00  0.00
 -5.56+ -6.19+  0.00  0.42  -0.00 -13.26  0.00 -0.30  0.00  0.00 -0.00
 -3.88+ -6.19+ -0.00  3.12  -0.00  -0.21 -0.00  0.22  0.00  0.00 -0.00
 -2.68+ -6.19+  2.17  0.00  -0.47  -0.00 -0.26  0.00 -0.26  0.00  0.00
 -2.64+ -6.19+  0.00  0.00  -0.00  -1.23 -0.00  0.00 -0.00 -0.00 -0.00
 -1.72+ -6.19+ -0.00  0.00  -0.00   8.79 -0.00 -0.00  0.00 -0.00 -0.00
 -0.37+ -6.19+ -0.14 -0.00   4.25   0.00  0.08 -0.00  0.08 -0.00 -0.00
  0.28+ -6.19+  0.00 -0.03  -0.00  -4.41 -0.00  0.06  0.00 -0.00  0.00
  0.37+ -6.19+ -0.00  0.00   0.00  -0.00  0.00  0.00 -0.00 -0.00  0.00

 -5.85+  MY=NY -0.00 -0.00   4.71   0.00  0.50  0.00 -0.00  4.50 20.25
 -5.56+ -5.85+  0.00 -0.00  -0.00   0.00  0.00  0.00  0.00  0.00  0.00
 -3.88+ -5.85+ -0.00 -0.00  -0.00   0.00 -0.00 -0.00  0.00  0.00  0.00
 -2.68+ -5.85+ -0.00  0.00   0.00   0.00  0.00  0.00  0.00  0.00  0.00
 -2.64+ -5.85+  0.00  0.00   0.00  -3.61 -0.00  0.00 -0.00  0.00  0.00
 -1.72+ -5.85+ -0.00  0.00  -0.00  -0.70  0.00 -0.00 -0.00  0.00  0.00
 -0.37+ -5.85+  0.00 -0.00  -0.00   0.00 -0.00 -0.00 -0.00  0.00  0.00
  0.28+ -5.85+  0.00  0.00  -0.00   0.00 -0.00 -0.00  0.00 -0.00 -0.00
  0.37+ -5.85+ -0.40  0.00   0.00   0.00  0.00 -0.00 -0.98  0.00 -0.00

 -5.56+  MY=NY -0.00  0.00  12.38  -0.00  0.17 -0.00 -0.00 -1.50  2.25
 -3.88+ -5.56+  0.00  0.00   1.68  -0.00  0.34  0.00 -0.00 -0.00  0.00
 -2.68+ -5.56+  0.00 -2.05   0.00   1.00 -0.00 -0.38 -0.00 -0.00  0.00
 -2.64+ -5.56+ -2.93 -0.00   0.00   0.00 -0.00 -0.00  0.16  0.00  0.00
 -1.72+ -5.56+  0.90 -0.00   0.00   0.00  0.00 -0.00 -0.17  0.00  0.00
 -0.37+ -5.56+  0.00 -0.11   0.00  -4.03 -0.00  0.12 -0.00 -0.00  0.00
  0.28+ -5.56+ -0.00 -0.00   3.86   0.00  0.09  0.00 -0.00  0.00 -0.00
  0.37+ -5.56+ -0.00 -0.00   0.00  -7.49  0.00 -0.00 -0.00 -0.00  0.00

 -3.88+  MY=NY -0.00  0.00  10.64   0.00 -0.26  0.00 -0.00 -1.50  2.25
 -2.68+ -3.88+ -0.00  0.07   0.00   9.79  0.00  0.79 -0.00  0.00 -0.00
 -2.64+ -3.88+ -0.08  0.00  -0.00   0.00  0.00  0.00  0.24  0.00 -0.00
 -1.72+ -3.88+  2.77 -0.00  -0.00   0.00 -0.00  0.00  0.11 -0.00 -0.00
 -0.37+ -3.88+  0.00  1.41  -0.00  -0.46  0.00 -0.25  0.00  0.00 -0.00
  0.28+ -3.88+ -0.00 -0.00   1.17   0.00 -0.19  0.00  0.00  0.00 -0.00
  0.37+ -3.88+ -0.00 -0.00   0.00  -5.09 -0.00 -0.00 -0.00  0.00 -0.00

 -2.68+  MY=NY -0.55 -0.00   8.84  -0.00 -0.32 -0.00  0.18  0.50  0.25
 -2.64+ -2.68+ -0.00  0.00   0.00   8.58 -0.00 -0.00  0.00 -0.00 -0.00
 -1.72+ -2.68+ -0.00 -0.00   0.00  -2.39 -0.00 -0.00 -0.00 -0.00 -0.00
 -0.37+ -2.68+  1.98 -0.00  -1.63  -0.00  0.26 -0.00  0.26  0.00  0.00
  0.28+ -2.68+  0.00 -1.97   0.00   2.98  0.00  0.20  0.00 -0.00  0.00
  0.37+ -2.68+  0.00 -0.00  -0.00   0.00  0.00  0.00  0.00  0.00 -0.00

 -2.64+  MY=NY  0.00 -0.00   7.83   0.00 -0.08 -0.00  0.00  2.50  6.25
 -1.72+ -2.64+ -0.00  0.00  -3.37  -0.00  0.44  0.00  0.00  0.00  0.00
 -0.37+ -2.64+  0.00 -0.00  -0.00  -0.98  0.00  0.00  0.00 -0.00 -0.00
  0.28+ -2.64+ -1.29 -0.00   0.00   0.00 -0.00  0.00 -0.57  0.00  0.00
  0.37+ -2.64+ -0.00  2.04   0.00  -0.00 -0.00 -0.15 -0.00  0.00 -0.00

 -1.72+  MY=NY -0.00 -0.00   6.22  -0.00  0.16  0.00 -0.00  2.50  6.25
 -0.37+ -1.72+  0.00  0.00   0.00   4.30 -0.00 -0.00 -0.00  0.00  0.00
  0.28+ -1.72+  0.38  0.00  -0.00   0.00  0.00 -0.00 -0.78 -0.00 -0.00
  0.37+ -1.72+  0.00 -1.80  -0.00  -0.00  0.00  0.12 -0.00 -0.00  0.00

 -0.37+  MY=NY -0.10 -0.00   3.70   0.00  0.42  0.00  0.92  0.50  0.25
  0.28+ -0.37+  0.00  0.99   0.00  -4.17 -0.00 -0.06 -0.00  0.00 -0.00
  0.37+ -0.37+ -0.00  0.00  -0.00  -0.00  0.00 -0.00  0.00  0.00 -0.00

  0.28+  MY=NY -0.00 -0.00   3.47   0.00  0.45 -0.00  0.00 -1.50  2.25
  0.37+  0.28+  0.00  0.00  -0.00  -3.31 -0.00 -0.00  0.00  0.00 -0.00

  0.37+  MY=NY  0.00  0.00   3.89  -0.00  0.46 -0.00  0.00 -3.50 12.25
  CPU time =  10.4510     milliseconds
