1SPECTRUM OF (Z= 82 A=207) IN PARTICLE-ROTOR  MODEL WITH MODIFIED OSCILLATOR POTENTIAL


 PARITY=-   EPS= 0.260   GAMMA= 30.0   EPS4=0.000   EPS6=0.000   LEVELS:  32  33  34  35  36

 PAIRING FACTORS: GN0= 19.20  GN1=  7.40  IPAIR= 15 ***  E2PLUS(INPUT)=   0.730  E2PLUR(INPUT)=   0.000

 CORIOLIS ATTENUATION PARAMETERS:  CHSI=0.700  ETA=  5.00

     FOR ETA .NE. 1, THE ANGULAR MOMENTUM EXPECTATION VALUES OF THE ENERGY EIGENSTATES ARE CALCULATED ONLY APPROXIMATELY

 MOMENT OF INERTIA PARAMETERS:   A1=  0.243 MEV   A2=  0.061 MEV   A3=  0.24333 MEV


 DELTA=0.936 MEV  LAMBDA=53.3858 MEV   HW0= 7.4674 MEV   LAMBDA/HW0= 7.1492

 E2ENERGY=0.730 MEV  HBAR**2/B= 8339./A**(7/3)=1409.7/A**2 MEV

 IREC=0  =>  RECOIL TERMS j+j-, j+j+, jzjz, ETC TREATED AS ONE-BODY OPERATORS WITH UU+VV PAIRING FACTORS



 S. P. LEVEL   EQP       U     V        (UU + VV)**5.00

     32       0.956    0.630 0.776      1.000 0.919 0.441 0.370 0.301
     33       0.948    0.761 0.648      0.919 1.000 0.700 0.627 0.547
     34       1.517    0.945 0.326      0.441 0.700 1.000 0.993 0.971
     35       1.764    0.961 0.276      0.370 0.627 0.993 1.000 0.992
     36       2.163    0.975 0.222      0.301 0.547 0.971 0.992 1.000

  R CORE   ENERGY   A0R/A00=1.000    R3= 0     2  
   2( 1)    0.730                    0.866-0.500
   2( 2)    1.460                    0.500 0.866

  R CORE   ENERGY   A0R/A00=1.000    R3= 0     2  
   3( 1)    2.190                    0.000 1.000

  R CORE   ENERGY   A0R/A00=1.000    R3= 0     2     4  
   4( 1)    1.947                    0.740-0.661 0.125

  R CORE   ENERGY   A0R/A00=1.000    R3= 0     2     4  
   5( 1)    4.380                    0.000 0.866-0.500

  R CORE   ENERGY   A0R/A00=1.000    R3= 0     2     4     6  
   6( 1)    3.650                   -0.672 0.695-0.254 0.031

  R CORE   ENERGY   A0R/A00=1.000    R3= 0     2     4     6  
   7( 1)    7.057                    0.000 0.747-0.637 0.187
 

             ENERGY     K= 1/2
 
 I=  1/2- (1)  2.613  33:-0.988
                      35:-0.157
 
 I=  1/2- (2)  3.919  33:-0.157
                      35: 0.988
 
 I=  1/2- (3) 10.474  32:-0.086
                      34: 0.576
                      36:-0.813
 
 I=  1/2- (4) 11.155  34:-0.818
                      36:-0.575
 
 I=  1/2- (5) 16.127  32: 0.996
                      36:-0.092

             ENERGY     K= 1/2  -3/2
 
 I=  3/2- (1)  2.557  33:-0.546-0.824
                      35: 0.154-0.009
 
 I=  3/2- (2)  2.806  33: 0.829-0.548
                      35: 0.001-0.107

             ENERGY     K= 5/2   1/2  -3/2
 
 I=  5/2- (1)  2.846  33: 0.030 0.549-0.829
                      35:-0.097-0.003 0.029
 
 I=  5/2- (2)  4.181  33: 0.505-0.655-0.414
                      35: 0.018-0.375 0.060
 
 I=  5/2- (3)  4.858  33:-0.239 0.097-0.046
                      35: 0.875-0.406-0.039
 
 I=  5/2- (4)  4.923  33:-0.670-0.435-0.315
                      35:-0.116 0.123-0.484
 
 I=  5/2- (5)  5.016  33: 0.455-0.000-0.049
                      35: 0.377 0.601-0.536

             ENERGY     K= 5/2   1/2  -3/2  -7/2
 
 I=  7/2- (1)  3.963  33:-0.333 0.792-0.493 0.059
                      35: 0.074-0.050-0.083 0.036
 
 I=  7/2- (2)  4.148  33:-0.101 0.406 0.698-0.465
                      35: 0.048-0.340 0.052-0.018
 
 I=  7/2- (3)  4.821  33:-0.287-0.320-0.383-0.719
                      35: 0.344-0.025 0.180-0.018
 
 I=  7/2- (4)  5.049  33: 0.114-0.094-0.083 0.372
                      35: 0.495-0.714 0.280 0.008
 
 I=  7/2- (5)  5.563  32:-0.277-0.757-0.546-0.085
                      34: 0.096 0.072-0.123-0.046
                      36: 0.028-0.113-0.024 0.014

             ENERGY     K= 9/2   5/2   1/2  -3/2  -7/2
 
 I=  9/2- (1)  4.088  33: 0.009 0.117-0.576 0.741-0.307
                      35:-0.037 0.087-0.000-0.046 0.003
 
 I=  9/2- (2)  4.989  34: 0.022 0.272 0.703 0.569 0.118
                      36: 0.025 0.221 0.103-0.168-0.063
 
 I=  9/2- (3)  5.957  33: 0.022 0.374 0.160-0.202-0.778
                      35:-0.017-0.396 0.080 0.157 0.005
 
 I=  9/2- (4)  6.034  33: 0.112-0.492 0.280 0.249-0.126
                      35: 0.039-0.266 0.592-0.404 0.059
 
 I=  9/2- (5)  6.658  33:-0.137 0.484-0.396-0.214 0.343
                      35: 0.153-0.344 0.363-0.340 0.191

             ENERGY     K= 9/2   5/2   1/2  -3/2  -7/2 -11/2
 
 I= 11/2- (1)  3.315  32: 0.048 0.338 0.721 0.561 0.151 0.009
                      34:-0.021-0.089-0.044 0.096 0.060 0.005
 
 I= 11/2- (2)  5.618  33: 0.099-0.411 0.689-0.542 0.189-0.019
                      35:-0.035 0.085-0.041-0.053 0.054-0.011
 
 I= 11/2- (3)  6.089  33: 0.015-0.230 0.221 0.354-0.496 0.122
                      35:-0.059 0.371-0.545 0.269-0.042 0.005
 
 I= 11/2- (4)  6.106  32:-0.006-0.056-0.108-0.094-0.023-0.000
                      34:-0.109-0.498-0.283 0.577 0.338 0.026
                      36:-0.123-0.292 0.240-0.059-0.161-0.016
 
 I= 11/2- (5)  6.788  33: 0.007-0.248 0.295 0.317-0.478 0.108
                      35: 0.232-0.435 0.416-0.295 0.086 0.004

             ENERGY     K=13/2   9/2   5/2   1/2  -3/2  -7/2 -11/2
 
 I= 13/2- (1)  4.970  32:-0.012-0.197-0.592-0.230 0.556 0.410 0.063
                      34: 0.007 0.083 0.082-0.177-0.065 0.132 0.037
                      36: 0.006 0.053-0.028-0.036 0.054-0.023-0.015
 
 I= 13/2- (2)  5.044  32: 0.001 0.027 0.083 0.035-0.077-0.057-0.009
                      34: 0.000-0.030-0.292-0.699-0.567-0.133-0.003
                      36: 0.001-0.025-0.192-0.099 0.133 0.058 0.001
 
 I= 13/2- (3)  5.825  33: 0.002 0.022-0.214 0.565-0.678 0.395-0.096
                      35:-0.011 0.056-0.069 0.003 0.042-0.019-0.000
 
 I= 13/2- (4)  7.701  32:-0.000-0.038-0.143-0.066 0.149 0.092 0.008
                      34:-0.022-0.319-0.453 0.271-0.042-0.577-0.138
                      36:-0.023-0.332 0.023 0.109-0.193 0.201 0.083
 
 I= 13/2- (5)  8.069  33:-0.019 0.119-0.222 0.127 0.100-0.163 0.064
                      35:-0.015 0.147-0.439 0.630-0.481 0.189-0.030

             ENERGY     K=13/2   9/2   5/2   1/2  -3/2  -7/2 -11/2
  32 LEVELS    TIME=  0.0 SEC



 ******************* EXCITATION ENERGIES, DOMINANT CONFIGURATION AND EXPECTATION VALUES (WITH S.P. UU+VV FACTORS) *******************

  NR  Eex(keV)  I   Kdom  NY    <Jz>  <Jx**2> <Jy**2> <Jz**2> <I.j>/|I|  <Rx**2> <Ry**2> <Rz**2> <R.j>/|R|  <HROTx> <HROTy> <HROTz>

   1    0.0   3/2-   3/2  33   -0.48    1.45    7.75    2.20    0.76       1.61    7.71    2.88   -2.84      0.419   0.470   0.701
   2   56.6   1/2-   1/2  33   -0.51    1.17    7.84    2.17   -0.32       1.77    7.76    2.94   -3.24      0.460   0.471   0.714
   3  249.1   3/2-   1/2  33   -0.51    1.28    7.87    2.13   -0.20       1.85   11.08    2.89   -2.94      0.470   0.674   0.705
   4  289.2   5/2-   3/2  33   -0.50    1.39    7.85    2.13    0.56       1.76   12.14    2.90   -2.37      0.447   0.739   0.704
   5  758.0  11/2-   1/2  32    0.01   50.48    7.36    1.86    6.59       3.56    9.82    3.33   -4.97      0.868   0.626   0.849
  
   6 1361.9   1/2-   1/2  35    0.56    1.43    2.38    6.31   -0.25       2.29    3.00    6.00   -3.07      0.530   0.184   1.461
   7 1406.6   7/2-   1/2  33   -0.50    1.38    7.82    2.16   -0.21       2.82   22.13    3.84   -2.27      0.718   1.346   0.938
   8 1531.5   9/2-   3/2  33   -0.50    1.39    7.85    2.14    0.49       2.80   24.67    3.79   -1.60      0.710   1.501   0.920
   9 1591.0   7/2-   3/2  33   -0.37    1.46    7.20    2.62    0.73       4.28   11.98    4.98   -1.82      1.157   0.729   1.215
  10 1624.3   5/2-   1/2  33   -0.39    1.06    7.19    2.68   -0.16       4.13   11.09    5.41   -2.51      1.129   0.673   1.314
  
  11 2264.2   7/2-   7/2  33   -0.33    1.52    7.01    2.76    0.80       4.37    7.69    8.61   -1.78      1.182   0.469   2.098
  12 2301.2   5/2-   5/2  35    0.52    1.54    2.59    6.13    0.30       2.57    5.60    9.08   -2.26      0.590   0.342   2.218
  13 2366.3   5/2-   5/2  33   -0.26    1.11    6.50    3.20   -0.21       4.68    7.82    8.33   -2.51      1.257   0.475   2.028
  14 2413.7  13/2-   5/2  32    0.01   49.35    8.26    1.97    5.74       3.99   16.79    7.39   -3.67      0.978   1.116   1.872
  15 2432.7   9/2-   1/2  34   -0.04   32.56   21.52    4.66    5.71       3.78   18.60    4.29   -5.87      0.975   1.251   1.186
  
  16 2458.9   5/2-   1/2  35    0.31    1.02    3.55    5.47   -0.24       3.37    7.94    8.92   -2.39      0.777   0.481   2.164
  17 2487.7  13/2-   1/2  34   -0.04   33.50   20.82    4.67    5.64       3.21   21.41    4.34   -3.64      0.870   1.422   1.202
  18 2492.6   7/2-   1/2  35    0.37    1.13    3.28    5.66    0.35       3.43   11.54    8.04   -1.81      0.767   0.701   1.953
  19 3006.4   7/2-   1/2  32    0.02   49.47    8.16    1.80    6.34      13.47    8.62    2.80   -6.87      3.295   0.549   0.728
  20 3061.3  11/2-   1/2  33   -0.50    1.39    7.82    2.16   -0.25       3.77   41.47    4.83   -1.82      0.954   2.523   1.180
  
  21 3268.6  13/2-   3/2  33   -0.50    1.38    7.85    2.13    0.45       3.77   45.29    4.80   -1.12      0.949   2.756   1.165
  22 3400.8   9/2-   7/2  33   -0.29    1.54    6.80    2.92    0.78       6.25   11.97    9.99   -1.39      1.692   0.729   2.436
  23 3477.6   9/2-   1/2  35    0.09    1.05    4.68    4.61   -0.15       3.87   24.38    8.32   -1.83      1.109   1.483   2.014
  24 3532.4  11/2-   1/2  35    0.05    1.40    5.01    4.30    0.66       4.07   26.48    8.00   -1.09      1.158   1.610   1.955
  25 3549.0  11/2-   3/2  34    0.04   31.39   22.22    4.57    5.14       4.83   21.62    6.03   -4.82      1.249   1.542   1.691
  
  26 4101.5   9/2-   5/2  33   -0.03    1.54    5.45    3.94   -0.43       7.34   23.47    9.16   -2.07      1.689   1.428   2.246
  27 4231.1  11/2-   7/2  33    0.02    1.17    5.08    4.28    0.34       6.98   26.00    9.27   -1.31      1.597   1.582   2.244
  28 5144.7  13/2-   7/2  34    0.10   31.77   21.85    4.52    4.66       5.08   25.96   10.84   -3.96      1.315   1.824   2.943
  29 5512.0  13/2-   1/2  35    0.41    1.11    3.02    5.86   -0.25       4.19   48.42    9.57   -1.48      1.140   2.946   2.318
  30 7917.0   1/2-   1/2  36   -0.45   19.73   30.77    3.50   -3.61      21.35   35.45    4.20   -7.31      5.477   2.019   1.037
  
  31 8598.2   1/2-   1/2  34    1.54   33.37   19.71    6.08    4.25      29.98   17.78    4.80   -7.65      7.052   1.211   1.162
  3213570.1   1/2-   1/2  32    0.00   51.18    6.77    1.95   -4.10      58.51    7.04    2.20   -7.71     14.200   0.436   0.524
