1SPECTRUM OF (Z= 82 A=207) IN PARTICLE-ROTOR  MODEL WITH MODIFIED OSCILLATOR POTENTIAL


 PARITY=-   EPS= 0.199   GAMMA= 20.0   EPS4=0.000   EPS6=0.000   LEVELS:  32  33  34  35  36

 PAIRING FACTORS: GN0= 19.20  GN1=  7.40  IPAIR= 15 ***  E2PLUS(INPUT)=   0.730  E2PLUR(INPUT)=   0.000

 CORIOLIS ATTENUATION PARAMETERS:  CHSI=0.700  ETA=  5.00

     FOR ETA .NE. 1, THE ANGULAR MOMENTUM EXPECTATION VALUES OF THE ENERGY EIGENSTATES ARE CALCULATED ONLY APPROXIMATELY

 MOMENT OF INERTIA PARAMETERS:   A1=  0.174 MEV   A2=  0.074 MEV   A3=  0.61522 MEV


 DELTA=0.897 MEV  LAMBDA=53.4203 MEV   HW0= 7.4445 MEV   LAMBDA/HW0= 7.1758

 E2ENERGY=0.730 MEV  HBAR**2/B= 5779./A**(7/3)= 976.9/A**2 MEV

 IREC=0  =>  RECOIL TERMS j+j-, j+j+, jzjz, ETC TREATED AS ONE-BODY OPERATORS WITH UU+VV PAIRING FACTORS



 S. P. LEVEL   EQP       U     V        (UU + VV)**5.00

     32       0.988    0.538 0.843      1.000 0.600 0.389 0.201 0.175
     33       0.998    0.848 0.529      0.600 1.000 0.945 0.778 0.741
     34       1.233    0.918 0.396      0.389 0.945 1.000 0.935 0.911
     35       1.918    0.971 0.241      0.201 0.778 0.935 1.000 0.998
     36       2.154    0.977 0.213      0.175 0.741 0.911 0.998 1.000

  R CORE   ENERGY   A0R/A00=1.000    R3= 0     2  
   2( 1)    0.730                    0.996-0.087
   2( 2)    2.724                    0.087 0.996

  R CORE   ENERGY   A0R/A00=1.000    R3= 0     2  
   3( 1)    3.454                    0.000 1.000

  R CORE   ENERGY   A0R/A00=1.000    R3= 0     2     4  
   4( 1)    2.276                    0.955-0.296 0.010

  R CORE   ENERGY   A0R/A00=1.000    R3= 0     2     4  
   5( 1)    5.644                    0.000 0.996-0.087

  R CORE   ENERGY   A0R/A00=1.000    R3= 0     2     4     6  
   6( 1)    4.430                    0.878-0.476 0.045-0.001

  R CORE   ENERGY   A0R/A00=1.000    R3= 0     2     4     6  
   7( 1)    8.693                    0.000 0.982-0.189 0.009
 

             ENERGY     K= 1/2
 
 I=  1/2- (1)  3.218  32: 0.400
                      33:-0.110
                      36:-0.910
 
 I=  1/2- (2)  3.691  32: 0.912
                      36: 0.407
 
 I=  1/2- (3)  4.480  32:-0.084
                      33:-0.993
                      36: 0.083
 
 I=  1/2- (4) 10.730  34:-0.290
                      35: 0.957
 
 I=  1/2- (5) 13.074  34: 0.957
                      35: 0.290

             ENERGY     K= 1/2  -3/2
 
 I=  3/2- (1)  3.912  32: 0.366 0.034
                      33:-0.180 0.073
                      36:-0.901 0.125
 
 I=  3/2- (2)  4.071  32:-0.395 0.707
                      33: 0.035 0.474
                      36:-0.056 0.340

             ENERGY     K= 5/2   1/2  -3/2
 
 I=  5/2- (1)  3.950  32:-0.107-0.296-0.058
                      33: 0.255 0.071-0.066
                      36:-0.254 0.868-0.075
 
 I=  5/2- (2)  4.069  32: 0.334-0.390 0.225
                      33:-0.616 0.070 0.168
                      36: 0.441 0.251 0.127
 
 I=  5/2- (3)  4.478  32: 0.075 0.862-0.025
                      33:-0.220-0.011 0.008
                      36: 0.167 0.418 0.016
 
 I=  5/2- (4)  4.777  32:-0.078 0.088 0.701
                      33: 0.218-0.240 0.490
                      36:-0.184 0.035 0.338
 
 I=  5/2- (5)  5.721  32:-0.011-0.089-0.248
                      33:-0.030-0.951-0.034
                      36: 0.136 0.075-0.007

             ENERGY     K= 5/2   1/2  -3/2  -7/2
 
 I=  7/2- (1)  4.779  32: 0.327 0.035-0.286 0.001
                      33:-0.648 0.263-0.243-0.003
                      36: 0.476-0.025-0.188-0.003
 
 I=  7/2- (2)  5.350  32: 0.073-0.150 0.373-0.028
                      33:-0.192-0.129 0.300-0.024
                      36: 0.248-0.712 0.344-0.022
 
 I=  7/2- (3)  5.455  32:-0.099 0.649-0.488 0.028
                      33: 0.143-0.254-0.168 0.016
                      36:-0.034-0.463 0.034 0.005
 
 I=  7/2- (4)  5.569  34:-0.205-0.783-0.495-0.044
                      35: 0.118 0.141-0.249-0.042
 
 I=  7/2- (5)  5.859  32:-0.115 0.183 0.035 0.002
                      33: 0.137 0.917 0.045 0.001
                      36:-0.168-0.209 0.135-0.001

             ENERGY     K= 9/2   5/2   1/2  -3/2  -7/2
 
 I=  9/2- (1)  5.428  32: 0.015-0.168 0.046-0.154 0.007
                      33:-0.033 0.365 0.009-0.161 0.004
                      36: 0.028-0.417 0.752-0.215 0.004
 
 I=  9/2- (2)  5.634  32: 0.018-0.287 0.718-0.315 0.016
                      33:-0.027 0.311-0.087-0.145 0.008
                      36: 0.014-0.084-0.411-0.033 0.003
 
 I=  9/2- (3)  6.424  32: 0.023-0.180-0.558 0.117-0.025
                      33:-0.053 0.537-0.214 0.034-0.021
                      36: 0.036-0.345-0.426 0.006-0.014
 
 I=  9/2- (4)  6.683  32:-0.000 0.045-0.343-0.566 0.076
                      33: 0.003-0.111 0.414-0.481 0.059
                      36:-0.002 0.075-0.186-0.306 0.040
 
 I=  9/2- (5)  7.338  34:-0.031-0.403-0.267 0.509 0.159
                      35: 0.024 0.280 0.406 0.461 0.158

             ENERGY     K= 9/2   5/2   1/2  -3/2  -7/2 -11/2
 
 I= 11/2- (1)  4.179  34: 0.014 0.252 0.763 0.519 0.076 0.001
                      35:-0.010-0.130-0.110 0.215 0.065 0.001
 
 I= 11/2- (2)  6.663  32: 0.044-0.268-0.052 0.293-0.031 0.000
                      33:-0.089 0.579-0.478 0.291-0.023-0.000
                      36: 0.060-0.370 0.018 0.196-0.016-0.000
 
 I= 11/2- (3)  7.367  32:-0.016 0.125-0.355 0.429-0.080 0.003
                      33: 0.039-0.236-0.014 0.273-0.062 0.002
                      36:-0.036 0.310-0.565 0.336-0.056 0.002
 
 I= 11/2- (4)  7.554  32:-0.005 0.117-0.580 0.442-0.061 0.002
                      33: 0.004-0.078 0.227 0.034-0.017 0.001
                      36: 0.008-0.134 0.563-0.237 0.018-0.000
 
 I= 11/2- (5)  8.306  32: 0.041-0.194 0.161 0.104-0.018-0.000
                      33:-0.078 0.190 0.818 0.078-0.018-0.000
                      36: 0.066-0.325-0.149 0.270-0.024-0.000

             ENERGY     K=13/2   9/2   5/2   1/2  -3/2  -7/2 -11/2
 
 I= 13/2- (1)  6.850  34:-0.000-0.078-0.558-0.288 0.630 0.271 0.011
                      35: 0.000 0.056 0.243-0.047 0.141 0.211 0.011
 
 I= 13/2- (2)  7.518  32: 0.002-0.040 0.190-0.217 0.201-0.031 0.001
                      33:-0.003 0.082-0.335 0.016 0.179-0.026 0.000
                      36: 0.003-0.075 0.442-0.665 0.279-0.027 0.000
 
 I= 13/2- (3)  7.793  32:-0.001 0.040-0.312 0.705-0.368 0.049-0.002
                      33: 0.002-0.040 0.179-0.066-0.097 0.021-0.001
                      36:-0.000 0.001 0.120-0.442 0.088 0.002-0.000
 
 I= 13/2- (4)  8.321  34: 0.000 0.019 0.066-0.016-0.051-0.048-0.004
                      35:-0.000-0.012 0.147 0.800 0.574 0.002-0.005
 
 I= 13/2- (5)  9.001  32: 0.002-0.051 0.173 0.155-0.325 0.095-0.007
                      33:-0.005 0.120-0.535 0.534-0.315 0.081-0.006
                      36: 0.003-0.072 0.238 0.194-0.187 0.053-0.004

             ENERGY     K=13/2   9/2   5/2   1/2  -3/2  -7/2 -11/2
  32 LEVELS    TIME=  0.0 SEC



 ******************* EXCITATION ENERGIES, DOMINANT CONFIGURATION AND EXPECTATION VALUES (WITH S.P. UU+VV FACTORS) *******************

  NR  Eex(keV)  I   Kdom  NY    <Jz>  <Jx**2> <Jy**2> <Jz**2> <I.j>/|I|  <Rx**2> <Ry**2> <Rz**2> <R.j>/|R|  <HROTx> <HROTy> <HROTz>

   1    0.0   1/2-   1/2  36    0.41    0.65    2.22    1.75    0.76       0.41    2.05    1.59   -1.97      0.070   0.155   1.040
   2  472.9   1/2-   1/2  32    0.24    1.78    1.25    3.59    0.67       1.56    1.05    3.60   -2.42      0.274   0.076   2.160
   3  693.7   3/2-   1/2  36    0.34    0.63    2.24    1.69   -0.33       2.92    5.07    1.61   -1.68      0.506   0.378   1.075
   4  732.2   5/2-   1/2  36    0.63    0.60    2.31    2.20    0.70       2.46    5.66    1.59   -0.97      0.427   0.422   1.152
   5  850.8   5/2-   5/2  33    1.34    1.33    1.76    4.73    1.47       2.35    3.31    2.21   -1.24      0.412   0.246   2.099
  
   6  852.8   3/2-   3/2  32   -0.66    1.65    1.45    2.98    0.48       1.76    3.46    2.75   -1.82      0.309   0.254   2.379
   7  961.5  11/2-   1/2  34   -0.01   48.41    9.83    1.60    6.71       4.35    9.31    1.69   -5.03      0.761   0.838   1.294
   8 1260.0   5/2-   1/2  32    0.32    1.67    1.37    3.65    0.59       4.80    3.72    3.45   -1.43      0.838   0.274   2.141
   9 1262.4   1/2-   1/2  33    0.82    1.35    1.93    5.34   -0.04       2.05    2.61    4.77   -2.82      0.357   0.193   2.924
  10 1559.4   5/2-   3/2  32   -0.44    1.51    1.62    3.27    0.34       4.29    6.20    2.63   -1.49      0.751   0.456   2.405
  
  11 1560.6   7/2-   5/2  33    1.38    1.23    1.93    5.07    1.31       3.82    7.51    2.27   -0.82      0.667   0.558   2.254
  12 2132.2   7/2-   1/2  36   -0.00    0.72    2.30    2.28   -0.11       4.52   15.38    2.05   -1.23      0.788   1.141   1.630
  13 2209.6   9/2-   1/2  36    0.86    0.57    2.43    2.94    0.75       4.56   16.87    1.82   -0.46      0.793   1.251   1.477
  14 2236.7   7/2-   1/2  32    0.27    1.67    1.27    3.02   -0.24       6.31   14.24    3.03   -1.42      1.087   1.056   2.069
  15 2350.7   7/2-   1/2  34   -0.00   48.02   10.17    1.63    6.58      13.80    8.05    1.47   -6.98      2.407   0.710   1.153
  
  16 2415.8   9/2-   1/2  32    0.45    1.73    1.23    3.38    0.66       7.16   14.44    2.95   -0.62      1.254   1.075   2.109
  17 2502.7   5/2-   1/2  33    0.73    1.37    1.88    5.13   -0.27       7.25    6.74    4.77   -2.12      1.255   0.501   2.939
  18 2641.4   7/2-   1/2  33    0.85    1.28    1.97    5.14    0.56       8.05    7.15    4.51   -1.39      1.412   0.531   2.814
  19 3206.3   9/2-   1/2  32    0.59    1.28    1.84    4.02    0.56      11.78   11.57    2.95   -0.85      2.050   0.854   2.176
  20 3444.9  11/2-   5/2  33    1.07    1.28    1.90    5.00    0.92       7.10   22.98    2.91   -0.47      1.236   1.709   2.513
  
  21 3464.8   9/2-   3/2  32    0.07    1.50    1.63    3.84    0.19      10.30   16.50    3.07   -1.11      1.802   1.223   2.508
  22 3631.8  13/2-   3/2  34   -0.08   47.50   10.62    1.72    5.59       6.01   20.88    3.59   -3.76      1.049   1.716   2.763
  23 4120.0   9/2-   3/2  34   -0.33   40.54   16.72    2.42    4.35      10.63   28.38    2.13   -5.93      1.857   1.981   1.937
  24 4148.9  11/2-   1/2  36    0.17    0.99    2.06    2.93   -0.16       7.18   33.94    2.55   -1.05      1.249   2.517   1.990
  25 4300.5  13/2-   1/2  36    0.81    0.67    2.35    3.13    0.67       7.15   36.14    2.21   -0.22      1.247   2.680   1.760
  
  26 4336.0  11/2-   1/2  32    0.34    1.41    1.47    2.53   -0.34       8.86   33.14    3.29   -1.11      1.533   2.458   2.118
  27 4575.1  13/2-   1/2  32    0.28    1.72    1.20    2.95    0.52       9.60   34.18    3.52   -0.32      1.678   2.541   2.332
  28 5088.4  11/2-   1/2  33    0.83    1.18    2.02    4.75    0.58      18.18   14.21    4.34   -0.74      3.176   1.054   2.842
  29 5102.7  13/2-   1/2  35   -0.46   30.16   25.87    3.36    4.63       6.67   32.20    4.60   -4.10      1.175   2.447   2.787
  30 5783.1  13/2-   5/2  33    0.42    1.31    1.89    4.41   -0.05      11.18   42.28    3.52   -1.05      1.951   3.127   2.768
  
  31 7512.5   1/2-   1/2  35    0.12   30.77   25.45    3.03    1.02      26.83   28.24    3.16   -7.65      4.732   2.040   2.098
  32 9855.5   1/2-   1/2  34   -0.63   49.30    8.91    1.82   -3.14      55.68    7.85    2.69   -7.71      9.638   0.638   1.507
