1SPECTRUM OF (Z= 82 A=207) IN PARTICLE-ROTOR  MODEL WITH MODIFIED OSCILLATOR POTENTIAL


 PARITY=-   EPS= 0.108   GAMMA= 22.9   EPS4=0.000   EPS6=0.000   LEVELS:  28  29  30  31  32

 PAIRING FACTORS: GN0= 19.20  GN1=  7.40  IPAIR= 15 ***  E2PLUS(INPUT)=   0.730  E2PLUR(INPUT)=   0.000

 CORIOLIS ATTENUATION PARAMETERS:  CHSI=0.000  ETA=  1.00

 MOMENT OF INERTIA PARAMETERS:   A1=  0.185 MEV   A2=  0.069 MEV   A3=  0.44734 MEV


 DELTA=0.513 MEV  LAMBDA=53.3841 MEV   HW0= 7.4206 MEV   LAMBDA/HW0= 7.1940

 E2ENERGY=0.730 MEV  HBAR**2/B= 1596./A**(7/3)= 269.9/A**2 MEV

 IREC=0  =>  RECOIL TERMS j+j-, j+j+, jzjz, ETC TREATED AS ONE-BODY OPERATORS WITH UU+VV PAIRING FACTORS



 S. P. LEVEL   EQP       U     V        (UU + VV)**1.00

     28       3.292    0.078 0.997      1.000 1.000 1.000 0.997 0.992
     29       3.089    0.083 0.997      1.000 1.000 1.000 0.997 0.993
     30       2.424    0.106 0.994      1.000 1.000 1.000 0.999 0.996
     31       1.690    0.154 0.988      0.997 0.997 0.999 1.000 0.999
     32       1.310    0.200 0.980      0.992 0.993 0.996 0.999 1.000

  R CORE   ENERGY   A0R/A00=1.000    R3= 0     2  
   2( 1)    0.730                    0.988-0.152
   2( 2)    2.074                    0.152 0.988

  R CORE   ENERGY   A0R/A00=1.000    R3= 0     2  
   3( 1)    2.804                    0.000 1.000

  R CORE   ENERGY   A0R/A00=1.000    R3= 0     2     4  
   4( 1)    2.163                    0.902-0.431 0.024

  R CORE   ENERGY   A0R/A00=1.000    R3= 0     2     4  
   5( 1)    4.994                    0.000 0.988-0.152

  R CORE   ENERGY   A0R/A00=1.000    R3= 0     2     4     6  
   6( 1)    4.113                    0.809-0.581 0.088-0.003

  R CORE   ENERGY   A0R/A00=1.000    R3= 0     2     4     6  
   7( 1)    7.942                    0.000 0.951-0.308 0.026
 

             ENERGY     K= 1/2
 
 I=  1/2- (1)  3.198  32: 1.000
 
 I=  1/2- (2)  3.521  31: 1.000

             ENERGY     K= 1/2  -3/2
 
 I=  3/2- (1)  3.260  31: 0.166 0.986
 
 I=  3/2- (2)  3.487  32:-0.388 0.922

             ENERGY     K= 5/2   1/2  -3/2
 
 I=  5/2- (1)  3.606  31: 0.001-0.480 0.877
 
 I=  5/2- (2)  3.910  32: 0.088-0.917 0.388

             ENERGY     K= 5/2   1/2  -3/2  -7/2
 
 I=  7/2- (1)  4.651  32:-0.046-0.512 0.854-0.077
 
 I=  7/2- (2)  4.754  31: 0.039-0.101 0.986-0.125

             ENERGY     K= 9/2   5/2   1/2  -3/2  -7/2
 
 I=  9/2- (1)  4.422  28: 0.995-0.101 0.007-0.000-0.000
 
 I=  9/2- (2)  4.948  31: 0.000-0.062 0.579-0.798 0.153

             ENERGY     K= 9/2   5/2   1/2  -3/2  -7/2 -11/2
 
 I= 11/2- (1)  5.721  28: 0.982-0.190 0.019-0.001 0.000 0.000
 
 I= 11/2- (2)  6.504  32:-0.011-0.007 0.552-0.810 0.198-0.010

             ENERGY     K=13/2   9/2   5/2   1/2  -3/2  -7/2 -11/2
 
 I= 13/2- (1)  6.321  28: 0.869-0.481 0.114-0.015 0.001 0.000-0.000
 
 I= 13/2- (2)  6.872  31:-0.000 0.008-0.134 0.601-0.746 0.252-0.024

             ENERGY     K=13/2   9/2   5/2   1/2  -3/2  -7/2 -11/2
  21 LEVELS    TIME=  0.0 SEC



 ******************* EXCITATION ENERGIES, DOMINANT CONFIGURATION AND EXPECTATION VALUES (WITH S.P. UU+VV FACTORS) *******************

  NR  Eex(keV)  I   Kdom  NY    <Jz>  <Jx**2> <Jy**2> <Jz**2> <I.j>/|I|  <Rx**2> <Ry**2> <Rz**2> <R.j>/|R|  <HROTx> <HROTy> <HROTz>

   1    0.0   1/2-   1/2  32   -0.43    1.82    1.05    2.75    0.31       1.60    0.80    3.44   -2.22      0.296   0.055   1.537
   2   62.5   3/2-   3/2  31   -0.68    1.24    5.43    1.58    0.64       2.05    5.68    1.79   -2.27      0.379   0.389   0.802
   3  289.5   3/2-   3/2  32   -0.43    1.82    1.05    2.75    0.18       1.66    3.35    3.67   -1.79      0.307   0.230   1.640
   4  323.4   1/2-   1/2  31   -0.68    1.24    5.43    1.58   -0.35       1.90    5.20    2.51   -2.76      0.351   0.356   1.124
   5  408.6   5/2-   3/2  31   -0.68    1.24    5.43    1.58    0.61       2.25    9.21    1.94   -1.76      0.416   0.631   0.869
  
   6  592.3   3/2-   1/2  31   -0.68    1.24    5.43    1.58   -0.33       2.12    8.65    2.49   -2.44      0.392   0.593   1.115
   7  711.8   5/2-   1/2  32   -0.43    1.82    1.05    2.75    0.42       3.82    4.53    3.54   -1.27      0.707   0.311   1.582
   8  791.9   1/2-   1/2  29    0.50    2.81    4.17    0.41    0.53       2.95    4.12    0.16   -2.58      0.546   0.282   0.073
   9 1028.1   5/2-   3/2  32   -0.43    1.82    1.05    2.75    0.28       5.52    3.50    3.70   -1.35      1.022   0.240   1.653
  10 1223.8   9/2-   9/2  28    4.44    1.98    2.51   19.84    4.00       3.69    5.44    0.16   -1.46      0.684   0.373   0.073
  
  11 1452.6   7/2-   3/2  32   -0.43    1.82    1.05    2.75   -0.00       4.04   13.65    3.70   -1.22      0.748   0.936   1.656
  12 1556.4   7/2-   3/2  31   -0.68    1.24    5.43    1.58    0.17       6.76   14.01    1.91   -1.59      1.251   0.960   0.853
  13 1750.3   9/2-   3/2  31   -0.68    1.24    5.43    1.58    0.55       4.51   20.82    2.23   -1.05      0.835   1.427   0.996
  14 1973.7   7/2-   1/2  31   -0.68    1.24    5.43    1.58   -0.03       7.06   14.59    2.63   -1.70      1.306   1.000   1.175
  15 2071.4   9/2-   1/2  32   -0.43    1.82    1.05    2.75    0.44       5.91   16.14    3.93   -0.67      1.095   1.107   1.758
  
  16 2523.1  11/2-   9/2  28    4.44    1.98    2.51   19.84    3.29       7.76   12.75    0.27   -1.03      1.436   0.874   0.119
  17 3123.2  13/2-  13/2  28    4.44    1.98    2.51   19.84    3.81       3.29   13.28    3.38    0.50      0.609   0.910   1.510
  18 3306.3  11/2-   3/2  32   -0.43    1.82    1.05    2.75   -0.10       6.68   31.90    3.96   -0.95      1.237   2.187   1.770
  19 3589.0  11/2-   3/2  31   -0.68    1.24    5.43    1.58   -0.29       7.41   37.44    2.59   -1.45      1.372   2.567   1.158
  20 3674.0  13/2-   3/2  31   -0.68    1.24    5.43    1.58    0.53       6.52   40.43    2.69   -0.65      1.208   2.771   1.203
  
  21 3996.1  13/2-   1/2  32   -0.43    1.82    1.05    2.75    0.46       7.80   35.75    4.45   -0.35      1.445   2.451   1.989
