1SPECTRUM OF (Z= 82 A=207) IN PARTICLE-ROTOR  MODEL WITH MODIFIED OSCILLATOR POTENTIAL


 PARITY=-   EPS= 0.278   GAMMA= 48.0   EPS4=0.000   EPS6=0.000   LEVELS:  30  31  32  33  34

 PAIRING FACTORS: GN0= 19.20  GN1=  7.40  IPAIR= 15 ***  E2PLUS(INPUT)=   0.730  E2PLUR(INPUT)=   0.000

 CORIOLIS ATTENUATION PARAMETERS:  CHSI=0.000  ETA=  1.00

 MOMENT OF INERTIA PARAMETERS:   A1=  1.934 MEV   A2=  0.092 MEV   A3=  0.15138 MEV


 DELTA=0.724 MEV  LAMBDA=53.3109 MEV   HW0= 7.4724 MEV   LAMBDA/HW0= 7.1344

 E2ENERGY=0.730 MEV  HBAR**2/B=13102./A**(7/3)=2214.9/A**2 MEV

 IREC=0  =>  RECOIL TERMS j+j-, j+j+, jzjz, ETC TREATED AS ONE-BODY OPERATORS WITH UU+VV PAIRING FACTORS



 S. P. LEVEL   EQP       U     V        (UU + VV)**1.00

     30       1.747    0.212 0.977      1.000 0.982 0.947 0.455 0.432
     31       1.001    0.394 0.919      0.982 1.000 0.991 0.616 0.596
     32       0.821    0.515 0.857      0.947 0.991 1.000 0.717 0.699
     33       1.464    0.967 0.256      0.455 0.616 0.717 1.000 1.000
     34       1.609    0.973 0.231      0.432 0.596 0.699 1.000 1.000

  R CORE   ENERGY   A0R/A00=1.000    R3= 0     2  
   2( 1)    0.730                   -0.512 0.859
   2( 2)    7.981                    0.859 0.512

  R CORE   ENERGY   A0R/A00=1.000    R3= 0     2  
   3( 1)    8.711                    0.000 1.000

  R CORE   ENERGY   A0R/A00=1.000    R3= 0     2     4  
   4( 1)    2.417                    0.405-0.585 0.703

  R CORE   ENERGY   A0R/A00=1.000    R3= 0     2     4  
   5( 1)   10.901                    0.000-0.512 0.859

  R CORE   ENERGY   A0R/A00=1.000    R3= 0     2     4     6  
   6( 1)    5.021                   -0.364 0.512-0.511 0.587

  R CORE   ENERGY   A0R/A00=1.000    R3= 0     2     4     6  
   7( 1)   14.053                    0.000 0.331-0.602 0.727
 

             ENERGY     K= 1/2
 
 I=  1/2- (1)  4.873  31: 1.000
 
 I=  1/2- (2)  7.347  33: 1.000

             ENERGY     K= 1/2  -3/2
 
 I=  3/2- (1)  5.553  31:-0.514 0.858
 
 I=  3/2- (2)  5.818  33: 0.834 0.552

             ENERGY     K= 5/2   1/2  -3/2
 
 I=  5/2- (1)  5.636  31: 0.784-0.511 0.352
 
 I=  5/2- (2)  6.360  33:-0.400-0.439 0.805

             ENERGY     K= 5/2   1/2  -3/2  -7/2
 
 I=  7/2- (1)  7.206  31:-0.299 0.407-0.505 0.700
 
 I=  7/2- (2)  7.276  33: 0.620-0.464 0.086 0.627

             ENERGY     K= 9/2   5/2   1/2  -3/2  -7/2
 
 I=  9/2- (1)  7.356  31: 0.666-0.487 0.404-0.322 0.227
 
 I=  9/2- (2)  8.090  33:-0.302-0.143 0.418-0.585 0.610

             ENERGY     K= 9/2   5/2   1/2  -3/2  -7/2 -11/2
 
 I= 11/2- (1)  9.709  33:-0.489 0.494-0.383 0.184 0.100-0.572
 
 I= 11/2- (2)  9.773  31: 0.221-0.304 0.366-0.415 0.461-0.583

             ENERGY     K=13/2   9/2   5/2   1/2  -3/2  -7/2 -11/2
 
 I= 13/2- (1)  5.446  34: 0.012 0.123 0.410 0.659 0.564 0.249 0.047
 
 I= 13/2- (2)  9.995  31: 0.565-0.450 0.407-0.363 0.308-0.243 0.165

             ENERGY     K=13/2   9/2   5/2   1/2  -3/2  -7/2 -11/2
  21 LEVELS    TIME=  0.0 SEC



 ******************* EXCITATION ENERGIES, DOMINANT CONFIGURATION AND EXPECTATION VALUES (WITH S.P. UU+VV FACTORS) *******************

  NR  Eex(keV)  I   Kdom  NY    <Jz>  <Jx**2> <Jy**2> <Jz**2> <I.j>/|I|  <Rx**2> <Ry**2> <Rz**2> <R.j>/|R|  <HROTx> <HROTy> <HROTz>

   1    0.0   1/2-   1/2  31    0.44    1.27    2.44    9.88    0.72       1.14    2.28    9.69   -3.58      2.195   0.210   1.467
   2  572.4  13/2-   1/2  34   -0.00   40.81   14.00    7.91    5.93       0.29   17.51   10.92   -3.98      0.565   1.618   1.654
   3  680.3   3/2-   3/2  31    0.44    1.27    2.44    9.88   -0.34       1.14    5.07   12.47   -3.30      2.197   0.468   1.888
   4  763.1   5/2-   5/2  31    0.44    1.27    2.44    9.88    0.50       1.14    5.50   12.76   -2.75      2.197   0.508   1.931
   5  944.8   3/2-   1/2  33   -0.41    1.46    8.06    2.38    0.59       1.59    8.64    3.15   -2.94      3.079   0.798   0.477
  
   6 1486.4   5/2-   3/2  33   -0.41    1.46    8.06    2.38    0.47       1.62   11.74    4.49   -2.49      3.131   1.085   0.680
   7 2332.6   7/2-   7/2  31    0.44    1.27    2.44    9.88   -0.38       1.15   12.58   18.65   -2.66      2.220   1.163   2.823
   8 2402.5   7/2-   7/2  33   -0.41    1.46    8.06    2.38    0.32       1.59   14.11    9.41   -2.12      3.084   1.304   1.424
   9 2473.7   1/2-   1/2  33   -0.41    1.46    8.06    2.38   -0.45       2.42    7.97    3.04   -3.35      4.686   0.737   0.460
  10 2483.3   9/2-   9/2  31    0.44    1.27    2.44    9.88    0.47       1.15   13.35   19.19   -1.94      2.217   1.234   2.905
  
  11 2753.2   3/2-   3/2  33   -0.41    1.46    8.06    2.38   -0.18       2.42   10.65    3.29   -3.03      4.680   0.984   0.498
  12 3216.5   9/2-   7/2  33   -0.41    1.46    8.06    2.38    0.41       1.68   22.22    8.68   -1.73      3.258   2.053   1.314
  13 3584.7   5/2-   5/2  33   -0.41    1.46    8.06    2.38   -0.27       2.39   10.89    8.97   -2.69      4.630   1.007   1.358
  14 4154.9   7/2-   7/2  33   -0.41    1.46    8.06    2.38   -0.10       2.42   18.00    8.07   -2.31      4.680   1.663   1.221
  15 4836.0  11/2-  11/2  33   -0.41    1.46    8.06    2.38    0.19       1.60   25.03   18.77   -1.60      3.091   2.314   2.841
  
  16 4900.0  11/2-  11/2  31    0.44    1.27    2.44    9.88   -0.39       1.19   26.04   26.83   -2.17      2.304   2.407   4.062
  17 4950.0  11/2-   1/2  32    0.00   55.27    4.83    2.86    6.83       3.86    7.64    5.54   -5.36      7.457   0.706   0.839
  18 5121.4  13/2-  13/2  31    0.44    1.27    2.44    9.88    0.45       1.19   27.13   27.68   -1.39      2.297   2.508   4.190
  19 5739.7  13/2-   7/2  33   -0.41    1.46    8.06    2.38    0.40       1.77   39.64   13.68   -1.23      3.414   3.664   2.072
  20 5804.6   9/2-   9/2  33   -0.41    1.46    8.06    2.38   -0.30       2.34   16.17   21.16   -2.13      4.516   1.495   3.203
  
  21 6070.0   1/2-   1/2  30   -0.40    3.56    6.52    5.68   -0.49       3.92    7.11    6.33   -3.88      7.580   0.657   0.958
