1SPECTRUM OF (Z= 82 A=207) IN PARTICLE-ROTOR  MODEL WITH MODIFIED OSCILLATOR POTENTIAL


 PARITY=-   EPS= 0.385   GAMMA= 30.0   EPS4=0.000   EPS6=0.000   LEVELS:  32  33  34  35  36

 PAIRING FACTORS: GN0= 19.20  GN1=  7.40  IPAIR= 15 ***  E2PLUS(INPUT)=   0.730  E2PLUR(INPUT)=   0.000

 CORIOLIS ATTENUATION PARAMETERS:  CHSI=0.700  ETA=  5.00

     FOR ETA .NE. 1, THE ANGULAR MOMENTUM EXPECTATION VALUES OF THE ENERGY EIGENSTATES ARE CALCULATED ONLY APPROXIMATELY

 MOMENT OF INERTIA PARAMETERS:   A1=  0.243 MEV   A2=  0.061 MEV   A3=  0.24333 MEV


 DELTA=0.890 MEV  LAMBDA=53.2705 MEV   HW0= 7.5371 MEV   LAMBDA/HW0= 7.0677

 E2ENERGY=0.730 MEV  HBAR**2/B=18285./A**(7/3)=3091.0/A**2 MEV

 IREC=0  =>  RECOIL TERMS j+j-, j+j+, jzjz, ETC TREATED AS ONE-BODY OPERATORS WITH UU+VV PAIRING FACTORS



 S. P. LEVEL   EQP       U     V        (UU + VV)**5.00

     32       0.923    0.606 0.796      1.000 0.686 0.314 0.266 0.240
     33       1.012    0.859 0.511      0.686 1.000 0.830 0.780 0.749
     34       1.757    0.965 0.262      0.314 0.830 1.000 0.996 0.989
     35       2.054    0.975 0.222      0.266 0.780 0.996 1.000 0.999
     36       2.287    0.980 0.199      0.240 0.749 0.989 0.999 1.000

  R CORE   ENERGY   A0R/A00=1.000    R3= 0     2  
   2( 1)    0.730                    0.866-0.500
   2( 2)    1.460                    0.500 0.866

  R CORE   ENERGY   A0R/A00=1.000    R3= 0     2  
   3( 1)    2.190                    0.000 1.000

  R CORE   ENERGY   A0R/A00=1.000    R3= 0     2     4  
   4( 1)    1.947                    0.740-0.661 0.125

  R CORE   ENERGY   A0R/A00=1.000    R3= 0     2     4  
   5( 1)    4.380                    0.000 0.866-0.500

  R CORE   ENERGY   A0R/A00=1.000    R3= 0     2     4     6  
   6( 1)    3.650                   -0.672 0.695-0.254 0.031

  R CORE   ENERGY   A0R/A00=1.000    R3= 0     2     4     6  
   7( 1)    7.057                    0.000 0.747-0.637 0.187
 

             ENERGY     K= 1/2
 
 I=  1/2- (1)  4.129  34: 0.100
                      36: 0.995
 
 I=  1/2- (2)  4.696  34:-0.995
                      36: 0.100
 
 I=  1/2- (3)  8.001  32: 0.792
                      33:-0.551
                      35: 0.263
 
 I=  1/2- (4)  9.273  32: 0.594
                      33: 0.795
                      35:-0.124
 
 I=  1/2- (5) 11.702  32: 0.140
                      33:-0.255
                      35:-0.957

             ENERGY     K= 1/2  -3/2
 
 I=  3/2- (1)  4.093  36: 0.761 0.645
 
 I=  3/2- (2)  4.323  36:-0.647 0.761

             ENERGY     K= 5/2   1/2  -3/2
 
 I=  5/2- (1)  4.404  34: 0.024-0.085 0.066
                      36:-0.048-0.556 0.823
 
 I=  5/2- (2)  5.484  34: 0.471-0.840 0.247
                      36: 0.033 0.032-0.097
 
 I=  5/2- (3)  5.777  36: 0.710-0.603-0.361
 
 I=  5/2- (4)  5.890  32:-0.124-0.732-0.613
                      33:-0.205-0.145 0.091
 
 I=  5/2- (5)  6.245  34: 0.829 0.522 0.200

             ENERGY     K= 5/2   1/2  -3/2  -7/2
 
 I=  7/2- (1)  5.413  36: 0.379-0.826 0.416-0.015
 
 I=  7/2- (2)  5.858  34: 0.059-0.045-0.059 0.030
                      36: 0.057-0.370-0.772 0.503
 
 I=  7/2- (3)  6.325  32:-0.263-0.428 0.667 0.145
                      33:-0.394 0.285-0.056-0.048
                      35: 0.015-0.038 0.111-0.162
 
 I=  7/2- (4)  6.510  34: 0.438-0.740 0.494-0.105
                      36: 0.030 0.021 0.052 0.040
 
 I=  7/2- (5)  6.540  34: 0.007 0.073-0.023 0.060
                      36: 0.389 0.348 0.361 0.766

             ENERGY     K= 9/2   5/2   1/2  -3/2  -7/2
 
 I=  9/2- (1)  5.363  32:-0.006-0.188-0.707-0.598-0.078
                      33:-0.013-0.230-0.188 0.050 0.022
                      35: 0.000 0.007-0.002 0.071 0.073
 
 I=  9/2- (2)  5.676  34:-0.012 0.068-0.117 0.087-0.025
                      36: 0.014 0.111-0.571 0.734-0.310
 
 I=  9/2- (3)  6.754  34:-0.119 0.537-0.723 0.382-0.060
                      36: 0.000-0.025 0.098-0.115 0.043
 
 I=  9/2- (4)  7.701  34:-0.019 0.029 0.029 0.007-0.058
                      36:-0.077 0.748-0.066-0.386-0.526
 
 I=  9/2- (5)  7.784  32:-0.114-0.393 0.346-0.048-0.583
                      33:-0.349-0.375 0.103 0.014 0.154
                      35: 0.018-0.006-0.012 0.013 0.271

             ENERGY     K= 9/2   5/2   1/2  -3/2  -7/2 -11/2
 
 I= 11/2- (1)  6.312  32:-0.035-0.361-0.396 0.656 0.234 0.003
                      33:-0.068-0.372 0.214 0.002-0.057-0.002
                      35: 0.002 0.014-0.007 0.057-0.176 0.000
 
 I= 11/2- (2)  7.041  36: 0.115-0.451 0.706-0.507 0.153-0.012
 
 I= 11/2- (3)  8.025  32: 0.170 0.415-0.193 0.079-0.563-0.072
                      33: 0.374-0.203 0.362-0.155 0.042 0.037
                      35:-0.023 0.033-0.067 0.184-0.129 0.197
 
 I= 11/2- (4)  8.093  34: 0.074-0.184 0.164-0.034-0.020 0.006
                      36: 0.001-0.310 0.317 0.483-0.688 0.172
 
 I= 11/2- (5)  8.192  34: 0.123-0.426 0.655-0.528 0.213-0.029
                      36: 0.006 0.042-0.028-0.139 0.163-0.039

             ENERGY     K=13/2   9/2   5/2   1/2  -3/2  -7/2 -11/2
 
 I= 13/2- (1)  6.569  32: 0.002 0.030-0.113-0.736-0.574 0.026 0.018
                      33: 0.004 0.049-0.212-0.221 0.061 0.011-0.007
                      35:-0.000-0.003 0.009 0.006 0.096 0.059-0.029
 
 I= 13/2- (2)  7.434  34: 0.005-0.038 0.102-0.142 0.109-0.045 0.008
                      36:-0.004-0.017 0.207-0.552 0.665-0.392 0.097
 
 I= 13/2- (3)  8.057  32: 0.002 0.189 0.536-0.128 0.143 0.642 0.068
                      33: 0.004 0.362 0.116-0.098 0.158-0.086-0.033
                      35: 0.001-0.017 0.006-0.041 0.040-0.114-0.139
 
 I= 13/2- (4)  8.512  34: 0.030-0.217 0.534-0.652 0.422-0.135 0.015
                      36:-0.000 0.010-0.056 0.127-0.141 0.078-0.018
 
 I= 13/2- (5)  9.685  32:-0.009 0.001-0.026-0.313 0.046 0.043-0.058
                      33:-0.071-0.218 0.665-0.032-0.350-0.062 0.057
                      35: 0.004 0.024-0.034 0.157-0.095-0.390 0.285

             ENERGY     K=13/2   9/2   5/2   1/2  -3/2  -7/2 -11/2
  32 LEVELS    TIME=  0.0 SEC



 ******************* EXCITATION ENERGIES, DOMINANT CONFIGURATION AND EXPECTATION VALUES (WITH S.P. UU+VV FACTORS) *******************

  NR  Eex(keV)  I   Kdom  NY    <Jz>  <Jx**2> <Jy**2> <Jz**2> <I.j>/|I|  <Rx**2> <Ry**2> <Rz**2> <R.j>/|R|  <HROTx> <HROTy> <HROTz>

   1    0.0   3/2-   1/2  36   -0.42    1.40    9.08    2.38    0.55       1.87    9.43    3.18   -3.10      0.455   0.573   0.780
   2   36.7   1/2-   1/2  36   -0.42    1.41    9.08    2.37   -0.45       2.25    9.09    3.05   -3.49      0.546   0.552   0.750
   3  230.0   3/2-   3/2  36   -0.42    1.39    9.07    2.39   -0.12       2.22   11.59    3.24   -3.17      0.540   0.704   0.793
   4  311.0   5/2-   3/2  36   -0.42    1.41    9.06    2.39    0.46       1.98   13.61    3.29   -2.65      0.482   0.831   0.810
   5  603.2   1/2-   1/2  34    0.46    1.87    2.06   10.00    0.63       1.78    2.00    9.79   -3.63      0.437   0.122   2.374
  
   6 1270.0   9/2-   1/2  32   -0.45   26.38   22.07    3.40    4.45       6.99   21.66    3.64   -5.23      2.137   1.390   0.892
   7 1320.9   7/2-   1/2  36   -0.42    1.38    9.03    2.45   -0.10       3.05   22.05    4.28   -2.44      0.743   1.343   1.041
   8 1391.1   5/2-   1/2  34    0.44    1.88    2.13    9.90    0.40       2.76    6.63   10.91   -2.83      0.672   0.399   2.649
   9 1583.3   9/2-   3/2  36   -0.42    1.43    9.01    2.44    0.42       3.11   26.14    4.23   -1.87      0.757   1.602   1.044
  10 1684.2   5/2-   5/2  36   -0.41    1.37    9.01    2.48   -0.33       4.23   12.29    7.04   -2.85      1.031   0.748   1.712
  
  11 1765.3   7/2-   3/2  36   -0.42    1.40    9.06    2.40    0.46       5.73   13.74    5.48   -2.21      1.395   0.839   1.343
  12 1797.7   5/2-   1/2  32   -0.53   25.27   22.75    3.09    4.12      10.93   21.22    3.36   -6.53      2.794   1.331   0.833
  13 2152.9   5/2-   5/2  34    0.45    1.90    2.11    9.91    0.45       5.16    2.08   12.76   -2.82      1.255   0.126   3.107
  14 2219.0  11/2-   3/2  32   -0.31   24.77   22.13    3.49    4.11       8.59   24.29    4.11   -4.24      2.608   1.682   1.043
  15 2232.7   7/2-   3/2  32   -0.25   23.02   22.70    3.33    3.99      12.22   17.75    3.13   -5.77      3.276   1.246   0.813
  
  16 2417.7   7/2-   1/2  34    0.44    1.90    2.15    9.88   -0.31       3.72   16.79   11.61   -2.67      0.904   1.019   2.827
  17 2447.3   7/2-   7/2  36   -0.42    1.40    9.05    2.41    0.53       5.75    9.31    9.38   -2.18      1.401   0.566   2.291
  18 2476.5  13/2-   1/2  32   -0.43   26.54   21.94    3.47    4.42       9.71   25.75    3.56   -3.38      3.073   1.681   0.867
  19 2661.2   9/2-   1/2  34    0.45    1.86    2.13    9.92    0.33       3.81   19.75   11.82   -2.06      0.930   1.189   2.865
  20 2948.3  11/2-   1/2  36   -0.41    1.37    8.96    2.53   -0.11       4.02   40.60    5.36   -1.92      0.978   2.478   1.300
  
  21 3341.0  13/2-   3/2  36   -0.41    1.45    8.92    2.53    0.41       4.13   46.46    5.33   -1.34      1.004   2.851   1.316
  22 3608.3   9/2-   5/2  36   -0.42    1.39    9.06    2.40    0.33       8.19   16.19    9.98   -1.92      1.995   0.987   2.435
  23 3691.7   9/2-   7/2  32   -0.10   26.70   20.25    4.30    3.10      11.50   26.64    6.98   -5.33      3.281   1.666   1.804
  24 3908.8   1/2-   1/2  32   -0.29   17.21   25.24    2.72   -1.69      16.59   28.99    3.27   -6.67      4.453   1.658   0.862
  25 3932.1  11/2-   7/2  32   -0.10   21.47   22.81    3.68    3.70      11.92   18.98    8.58   -4.11      3.395   1.432   2.136
  
  26 3964.7  13/2-   7/2  32   -0.30   26.02   21.48    3.70    3.90       8.50   26.88   10.07   -3.55      2.754   1.800   2.523
  27 4000.5  11/2-   7/2  36   -0.38    1.44    8.68    2.80    0.43       8.01   26.21    9.34   -1.57      1.955   1.608   2.279
  28 4099.0  11/2-   1/2  34    0.40    1.89    2.51    9.47   -0.35       4.88   36.60   12.33   -2.18      1.180   2.215   3.014
  29 4419.7  13/2-   1/2  34    0.44    1.83    2.22    9.84    0.28       4.79   41.18   12.74   -1.56      1.169   2.480   3.083
  30 5180.4   1/2-   1/2  33    1.29   28.39   19.10    5.04    2.58      25.96   18.85    4.00   -7.20      6.140   1.196   0.939
  
  31 5592.1  13/2-   5/2  33    0.26   23.34   19.00    5.72    2.93      15.36   35.80    4.69   -3.69      4.886   2.330   1.186
  32 7609.5   1/2-   1/2  35   -2.62   23.72   17.36    8.77   -1.99      24.88   17.53   11.64   -7.02      5.815   1.123   2.800
