1SPECTRUM OF (Z= 82 A=207) IN PARTICLE-ROTOR  MODEL WITH MODIFIED OSCILLATOR POTENTIAL


 PARITY=-   EPS= 0.243   GAMMA= 56.2   EPS4=0.000   EPS6=0.000   LEVELS:  30  31  32  33  34

 PAIRING FACTORS: GN0= 19.20  GN1=  7.40  IPAIR= 15 ***  E2PLUS(INPUT)=   0.730  E2PLUR(INPUT)=   0.000

 CORIOLIS ATTENUATION PARAMETERS:  CHSI=0.000  ETA=  1.00

 MOMENT OF INERTIA PARAMETERS:   A1= 21.150 MEV   A2=  0.112 MEV   A3=  0.13086 MEV


 DELTA=0.691 MEV  LAMBDA=53.4938 MEV   HW0= 7.4575 MEV   LAMBDA/HW0= 7.1731

 E2ENERGY=0.730 MEV  HBAR**2/B=10833./A**(7/3)=1831.3/A**2 MEV

 IREC=0  =>  RECOIL TERMS j+j-, j+j+, jzjz, ETC TREATED AS ONE-BODY OPERATORS WITH UU+VV PAIRING FACTORS



 S. P. LEVEL   EQP       U     V        (UU + VV)**1.00

     30       2.150    0.163 0.987      1.000 0.998 0.837 0.510 0.463
     31       1.626    0.218 0.976      0.998 1.000 0.866 0.557 0.512
     32       0.693    0.676 0.736      0.837 0.866 1.000 0.898 0.873
     33       1.020    0.932 0.363      0.510 0.557 0.898 1.000 0.999
     34       1.163    0.950 0.313      0.463 0.512 0.873 0.999 1.000

  R CORE   ENERGY   A0R/A00=1.000    R3= 0     2  
   2( 1)    0.730                   -0.500 0.866
   2( 2)   84.844                    0.866 0.500

  R CORE   ENERGY   A0R/A00=1.000    R3= 0     2  
   3( 1)   85.574                    0.000 1.000

  R CORE   ENERGY   A0R/A00=1.000    R3= 0     2     4  
   4( 1)    2.433                    0.376-0.560 0.739

  R CORE   ENERGY   A0R/A00=1.000    R3= 0     2     4  
   5( 1)   87.764                    0.000-0.500 0.866

  R CORE   ENERGY   A0R/A00=1.000    R3= 0     2     4     6  
   6( 1)    5.109                   -0.314 0.455-0.497 0.669

  R CORE   ENERGY   A0R/A00=1.000    R3= 0     2     4     6  
   7( 1)   90.928                    0.000 0.313-0.587 0.747
 

             ENERGY     K= 1/2
 
 I=  1/2- (1)  8.708  31: 1.000
 
 I=  1/2- (2) 23.863  34: 1.000

             ENERGY     K= 1/2  -3/2
 
 I=  3/2- (1)  9.401  31:-0.500 0.866
 
 I=  3/2- (2) 18.073  30: 0.866 0.500

             ENERGY     K= 5/2   1/2  -3/2
 
 I=  5/2- (1)  9.463  31: 0.790-0.500 0.353
 
 I=  5/2- (2) 18.682  30:-0.558-0.354 0.750

             ENERGY     K= 5/2   1/2  -3/2  -7/2
 
 I=  7/2- (1) 11.079  31:-0.280 0.376-0.485 0.739
 
 I=  7/2- (2) 19.533  30: 0.649-0.485 0.125 0.572

             ENERGY     K= 9/2   5/2   1/2  -3/2  -7/2
 
 I=  9/2- (1) 11.191  31: 0.701-0.468 0.376-0.307 0.234
 
 I=  9/2- (2) 20.628  30: 0.571 0.000-0.307 0.501-0.573

             ENERGY     K= 9/2   5/2   1/2  -3/2  -7/2 -11/2
 
 I= 11/2- (1) 13.731  31: 0.203-0.262 0.314-0.371 0.453-0.669
 
 I= 11/2- (2) 21.966  30: 0.513-0.487 0.371-0.189-0.076 0.566

             ENERGY     K=13/2   9/2   5/2   1/2  -3/2  -7/2 -11/2
 
 I= 13/2- (1) 13.892  31: 0.645-0.440 0.364-0.314 0.272-0.230 0.179
 
 I= 13/2- (2) 23.547  30: 0.557-0.127-0.105 0.272-0.392 0.465-0.466

             ENERGY     K=13/2   9/2   5/2   1/2  -3/2  -7/2 -11/2
  21 LEVELS    TIME=  0.0 SEC



 ******************* EXCITATION ENERGIES, DOMINANT CONFIGURATION AND EXPECTATION VALUES (WITH S.P. UU+VV FACTORS) *******************

  NR  Eex(keV)  I   Kdom  NY    <Jz>  <Jx**2> <Jy**2> <Jz**2> <I.j>/|I|  <Rx**2> <Ry**2> <Rz**2> <R.j>/|R|  <HROTx> <HROTy> <HROTz>

   1    0.0   1/2-   1/2  31    0.45    0.49    4.10    8.06    0.79       0.27    3.90    7.86   -3.45      5.615   0.439   1.029
   2  692.7   3/2-   3/2  31    0.45    0.49    4.10    8.06   -0.34       0.27    6.74   10.71   -3.16      5.615   0.758   1.402
   3  754.8   5/2-   5/2  31    0.45    0.49    4.10    8.06    0.54       0.27    7.01   10.96   -2.59      5.615   0.788   1.434
   4 2371.1   7/2-   7/2  31    0.45    0.49    4.10    8.06   -0.39       0.27   13.65   17.60   -2.53      5.615   1.536   2.303
   5 2482.9   9/2-   9/2  31    0.45    0.49    4.10    8.06    0.50       0.27   14.13   18.04   -1.78      5.615   1.589   2.360
  
   6 5022.3  11/2-  11/2  31    0.45    0.49    4.10    8.06   -0.41       0.27   24.62   28.43   -2.07      5.616   2.769   3.720
   7 5183.8  13/2-  13/2  31    0.45    0.49    4.10    8.06    0.48       0.27   25.31   29.06   -1.25      5.616   2.847   3.803
   8 9365.1   3/2-   1/2  30   -0.15    2.34    6.76    5.03    1.01       0.68    7.51    5.78   -3.26     14.322   0.845   0.756
   9 9973.4   5/2-   3/2  30   -0.15    2.34    6.76    5.03    0.66       0.68   10.02    8.27   -2.79     14.322   1.127   1.083
  1010825.0   7/2-   5/2  30   -0.15    2.34    6.76    5.03    0.49       0.68   13.52   11.77   -2.39     14.322   1.521   1.540
  
  1111919.8   9/2-   7/2  30   -0.15    2.34    6.76    5.03    0.39       0.68   18.05   16.24   -2.06     14.323   2.030   2.125
  1213257.9  11/2-  11/2  30   -0.15    2.34    6.76    5.03    0.33       0.68   23.57   21.72   -1.80     14.323   2.651   2.842
  1314838.8  13/2-  13/2  30   -0.15    2.34    6.76    5.03    0.28       0.68   30.15   28.14   -1.58     14.324   3.391   3.682
  1415048.8   3/2-   1/2  33   -0.37    1.74    7.22    2.56    0.77       1.01    7.96    3.32   -2.86     21.408   0.895   0.434
  1515154.5   1/2-   1/2  34    0.38    0.76    2.72    7.18    0.01       1.01    3.34    7.05   -3.16     21.402   0.375   0.923
  
  1615655.6   5/2-   3/2  33   -0.37    1.74    7.22    2.56    0.51       1.01   10.49    5.77   -2.41     21.409   1.179   0.755
  1716507.5   7/2-   5/2  33   -0.37    1.74    7.22    2.56    0.38       1.01   13.91    9.34   -2.03     21.409   1.564   1.223
  1817597.1   9/2-   7/2  33   -0.37    1.74    7.22    2.56    0.31       1.01   18.59   13.60   -1.73     21.414   2.091   1.780
  1918939.4  11/2-  11/2  33   -0.37    1.74    7.22    2.56    0.26       1.01   23.80   19.41   -1.50     21.411   2.677   2.540
  2020507.4  13/2-  13/2  33   -0.37    1.74    7.22    2.56    0.23       1.01   30.89   25.20   -1.32     21.424   3.474   3.297
  
  2156745.9   1/2-   1/2  33   -0.37    1.74    7.22    2.56   -0.58       2.99    7.12    3.19   -3.30     63.217   0.800   0.417
