1SPECTRUM OF (Z= 82 A=207) IN PARTICLE-ROTOR  MODEL WITH MODIFIED OSCILLATOR POTENTIAL


 PARITY=-   EPS= 0.474   GAMMA= 32.4   EPS4=0.000   EPS6=0.000   LEVELS:  30  31  32  33  34

 PAIRING FACTORS: GN0= 19.20  GN1=  7.40  IPAIR= 15 ***  E2PLUS(INPUT)=   0.730  E2PLUR(INPUT)=   0.000

 CORIOLIS ATTENUATION PARAMETERS:  CHSI=0.000  ETA=  1.00

 MOMENT OF INERTIA PARAMETERS:   A1=  0.288 MEV   A2=  0.062 MEV   A3=  0.21482 MEV


 DELTA=0.896 MEV  LAMBDA=53.3288 MEV   HW0= 7.6030 MEV   LAMBDA/HW0= 7.0142

 E2ENERGY=0.730 MEV  HBAR**2/B=28149./A**(7/3)=4758.5/A**2 MEV

 IREC=0  =>  RECOIL TERMS j+j-, j+j+, jzjz, ETC TREATED AS ONE-BODY OPERATORS WITH UU+VV PAIRING FACTORS



 S. P. LEVEL   EQP       U     V        (UU + VV)**1.00

     30       1.557    0.302 0.953      1.000 0.987 0.831 0.752 0.618
     31       1.111    0.452 0.892      0.987 1.000 0.910 0.849 0.737
     32       0.919    0.781 0.624      0.831 0.910 1.000 0.992 0.951
     33       1.011    0.855 0.518      0.752 0.849 0.992 1.000 0.983
     34       1.362    0.936 0.351      0.618 0.737 0.951 0.983 1.000

  R CORE   ENERGY   A0R/A00=1.000    R3= 0     2  
   2( 1)    0.730                    0.774-0.633
   2( 2)    1.531                    0.633 0.774

  R CORE   ENERGY   A0R/A00=1.000    R3= 0     2  
   3( 1)    2.261                    0.000 1.000

  R CORE   ENERGY   A0R/A00=1.000    R3= 0     2     4  
   4( 1)    1.980                   -0.693 0.695-0.193

  R CORE   ENERGY   A0R/A00=1.000    R3= 0     2     4  
   5( 1)    4.451                    0.000 0.774-0.633

  R CORE   ENERGY   A0R/A00=1.000    R3= 0     2     4     6  
   6( 1)    3.714                   -0.633 0.703-0.318 0.058

  R CORE   ENERGY   A0R/A00=1.000    R3= 0     2     4     6  
   7( 1)    7.177                    0.000-0.659 0.692-0.295
 

             ENERGY     K= 1/2
 
 I=  1/2- (1)  4.297  33: 1.000
 
 I=  1/2- (2)  4.363  30: 1.000

             ENERGY     K= 1/2  -3/2
 
 I=  3/2- (1)  4.546  33:-0.531 0.848
 
 I=  3/2- (2)  4.819  30:-0.640 0.768

             ENERGY     K= 5/2   1/2  -3/2
 
 I=  5/2- (1)  5.166  33: 0.343-0.747 0.570
 
 I=  5/2- (2)  5.208  30: 0.433-0.792 0.431

             ENERGY     K= 5/2   1/2  -3/2  -7/2
 
 I=  7/2- (1)  5.715  33:-0.179 0.600-0.714 0.312
 
 I=  7/2- (2)  6.026  32: 0.607-0.704 0.365-0.048

             ENERGY     K= 9/2   5/2   1/2  -3/2  -7/2
 
 I=  9/2- (1)  6.511  30:-0.129 0.485-0.691 0.495-0.157
 
 I=  9/2- (2)  6.517  33:-0.103 0.417-0.666 0.563-0.233

             ENERGY     K= 9/2   5/2   1/2  -3/2  -7/2 -11/2
 
 I= 11/2- (1)  7.343  33: 0.057-0.283 0.580-0.646 0.392-0.094
 
 I= 11/2- (2)  7.505  32:-0.264 0.569-0.640 0.419-0.145 0.015

             ENERGY     K=13/2   9/2   5/2   1/2  -3/2  -7/2 -11/2
 
 I= 13/2- (1)  8.303  30: 0.039-0.219 0.491-0.631 0.502-0.238 0.055
 
 I= 13/2- (2)  8.362  33: 0.031-0.184 0.440-0.616 0.545-0.298 0.085

             ENERGY     K=13/2   9/2   5/2   1/2  -3/2  -7/2 -11/2
  21 LEVELS    TIME=  0.0 SEC



 ******************* EXCITATION ENERGIES, DOMINANT CONFIGURATION AND EXPECTATION VALUES (WITH S.P. UU+VV FACTORS) *******************

  NR  Eex(keV)  I   Kdom  NY    <Jz>  <Jx**2> <Jy**2> <Jz**2> <I.j>/|I|  <Rx**2> <Ry**2> <Rz**2> <R.j>/|R|  <HROTx> <HROTy> <HROTz>

   1    0.0   1/2-   1/2  33   -0.27    3.84    7.13    7.54    0.03       3.82    7.33    8.06   -4.22      1.101   0.454   1.731
   2   66.5   1/2-   1/2  30    0.01    2.75    1.33    8.83    0.34       2.70    1.31    9.06   -3.49      0.779   0.081   1.947
   3  249.3   3/2-   3/2  33   -0.27    3.84    7.13    7.54    0.17       3.82    9.05    8.71   -3.91      1.102   0.560   1.872
   4  522.1   3/2-   3/2  30    0.01    2.75    1.33    8.83   -0.11       2.79    4.03   10.28   -3.17      0.806   0.249   2.207
   5  616.9   1/2-   1/2  32    0.69    2.63    2.41   13.97   -0.02       3.08    3.19   13.53   -4.28      0.890   0.198   2.907
  
   6  841.4   3/2-   1/2  32    0.69    2.63    2.41   13.97    0.58       3.78    3.09   13.67   -3.95      1.092   0.191   2.936
   7  869.3   5/2-   1/2  33   -0.27    3.84    7.13    7.54    0.04       4.76   13.06    9.19   -3.54      1.373   0.808   1.973
   8  911.1   5/2-   1/2  30    0.01    2.75    1.33    8.83    0.26       3.49    6.10   10.56   -2.71      1.006   0.378   2.268
   9 1406.5   5/2-   5/2  32    0.69    2.63    2.41   13.97    0.39       3.26    6.06   16.15   -3.54      0.940   0.375   3.469
  10 1417.9   7/2-   3/2  33   -0.27    3.84    7.13    7.54    0.06       4.98   19.07    9.71   -3.14      1.437   1.180   2.086
  
  11 1729.2   7/2-   1/2  32    0.69    2.63    2.41   13.97    0.58       3.91   10.84   15.40   -3.04      1.128   0.671   3.308
  12 1730.3   7/2-   3/2  30    0.01    2.75    1.33    8.83   -0.19       4.01   15.02   11.10   -2.49      1.155   0.930   2.385
  13 2214.4   9/2-   1/2  30    0.01    2.75    1.33    8.83    0.26       4.46   19.00   11.60   -1.96      1.286   1.176   2.492
  14 2220.4   9/2-   1/2  33   -0.27    3.84    7.13    7.54    0.05       5.63   26.82   10.35   -2.79      1.623   1.660   2.223
  15 3040.2   9/2-   5/2  32    0.69    2.63    2.41   13.97   -0.15       4.48   23.75   17.02   -2.94      1.292   1.470   3.656
  
  16 3046.0  11/2-   3/2  33   -0.27    3.84    7.13    7.54    0.02       5.90   37.24   10.82   -2.50      1.701   2.305   2.325
  17 3208.1  11/2-   1/2  32    0.69    2.63    2.41   13.97    0.56       4.60   26.63   16.80   -2.26      1.328   1.648   3.610
  18 3410.5  11/2-   3/2  30    0.01    2.75    1.33    8.83   -0.21       4.87   34.08   12.27   -1.98      1.405   2.110   2.637
  19 4006.3  13/2-   1/2  30    0.01    2.75    1.33    8.83    0.26       5.29   39.88   12.81   -1.45      1.526   2.469   2.751
  20 4065.4  13/2-   1/2  33   -0.27    3.84    7.13    7.54    0.05       6.45   48.57   11.56   -2.23      1.862   3.006   2.483
  
  21 5053.7  13/2-   1/2  32    0.69    2.63    2.41   13.97   -0.30       5.46   48.62   17.91   -2.49      1.575   3.010   3.847
