1SPECTRUM OF (Z= 82 A=207) IN PARTICLE-ROTOR  MODEL WITH MODIFIED OSCILLATOR POTENTIAL


 PARITY=-   EPS= 0.500   GAMMA= 20.9   EPS4=0.000   EPS6=0.000   LEVELS:  30  31  32  33  34

 PAIRING FACTORS: GN0= 19.20  GN1=  7.40  IPAIR= 15 ***  E2PLUS(INPUT)=   0.730  E2PLUR(INPUT)=   0.000

 CORIOLIS ATTENUATION PARAMETERS:  CHSI=0.000  ETA=  1.00

 MOMENT OF INERTIA PARAMETERS:   A1=  0.177 MEV   A2=  0.072 MEV   A3=  0.55615 MEV


 DELTA=0.812 MEV  LAMBDA=53.5122 MEV   HW0= 7.6408 MEV   LAMBDA/HW0= 7.0035

 E2ENERGY=0.730 MEV  HBAR**2/B=35782./A**(7/3)=6048.8/A**2 MEV

 IREC=0  =>  RECOIL TERMS j+j-, j+j+, jzjz, ETC TREATED AS ONE-BODY OPERATORS WITH UU+VV PAIRING FACTORS



 S. P. LEVEL   EQP       U     V        (UU + VV)**1.00

     30       1.681    0.249 0.968      1.000 0.832 0.750 0.609 0.599
     31       0.817    0.745 0.667      0.832 1.000 0.991 0.947 0.943
     32       0.873    0.827 0.562      0.750 0.991 1.000 0.981 0.979
     33       1.125    0.920 0.392      0.609 0.947 0.981 1.000 1.000
     34       1.153    0.925 0.381      0.599 0.943 0.979 1.000 1.000

  R CORE   ENERGY   A0R/A00=1.000    R3= 0     2  
   2( 1)    0.730                    0.995-0.104
   2( 2)    2.493                    0.104 0.995

  R CORE   ENERGY   A0R/A00=1.000    R3= 0     2  
   3( 1)    3.223                    0.000 1.000

  R CORE   ENERGY   A0R/A00=1.000    R3= 0     2     4  
   4( 1)    2.245                    0.942-0.337 0.013

  R CORE   ENERGY   A0R/A00=1.000    R3= 0     2     4  
   5( 1)    5.413                    0.000 0.995-0.104

  R CORE   ENERGY   A0R/A00=1.000    R3= 0     2     4     6  
   6( 1)    4.334                    0.857-0.513 0.057-0.001

  R CORE   ENERGY   A0R/A00=1.000    R3= 0     2     4     6  
   7( 1)    8.436                    0.000 0.975-0.222 0.013
 

             ENERGY     K= 1/2
 
 I=  1/2- (1)  4.898  31: 1.000
 
 I=  1/2- (2)  5.905  32: 1.000

             ENERGY     K= 1/2  -3/2
 
 I=  3/2- (1)  5.009  31: 0.999-0.045
 
 I=  3/2- (2)  5.972  32:-0.469 0.883

             ENERGY     K= 5/2   1/2  -3/2
 
 I=  5/2- (1)  6.020  31: 0.227-0.972 0.051
 
 I=  5/2- (2)  6.697  31: 0.967 0.219-0.132

             ENERGY     K= 5/2   1/2  -3/2  -7/2
 
 I=  7/2- (1)  6.152  31: 0.273-0.946 0.172-0.006
 
 I=  7/2- (2)  7.023  32:-0.018 0.599-0.799 0.052

             ENERGY     K= 9/2   5/2   1/2  -3/2  -7/2
 
 I=  9/2- (1)  7.802  31:-0.032 0.530-0.842 0.099-0.000
 
 I=  9/2- (2)  8.401  32:-0.005 0.133-0.729 0.667-0.077

             ENERGY     K= 9/2   5/2   1/2  -3/2  -7/2 -11/2
 
 I= 11/2- (1)  7.881  31:-0.041 0.423-0.857 0.289-0.028 0.001
 
 I= 11/2- (2)  8.773  32: 0.001-0.075 0.631-0.760 0.137-0.005

             ENERGY     K=13/2   9/2   5/2   1/2  -3/2  -7/2 -11/2
 
 I= 13/2- (1) 10.174  31: 0.003-0.101 0.618-0.763 0.163-0.006-0.000
 
 I= 13/2- (2) 10.645  32: 0.000-0.020 0.208-0.718 0.648-0.143 0.009

             ENERGY     K=13/2   9/2   5/2   1/2  -3/2  -7/2 -11/2
  21 LEVELS    TIME=  0.0 SEC



 ******************* EXCITATION ENERGIES, DOMINANT CONFIGURATION AND EXPECTATION VALUES (WITH S.P. UU+VV FACTORS) *******************

  NR  Eex(keV)  I   Kdom  NY    <Jz>  <Jx**2> <Jy**2> <Jz**2> <I.j>/|I|  <Rx**2> <Ry**2> <Rz**2> <R.j>/|R|  <HROTx> <HROTy> <HROTz>

   1    0.0   1/2-   1/2  31    0.77   10.37   21.33    1.51   -0.08      10.81   22.30    0.99   -5.70      1.916   1.615   0.550
   2  111.1   3/2-   1/2  31    0.77   10.37   21.33    1.51    0.69      11.69   21.60    1.00   -5.44      2.072   1.564   0.556
   3 1007.4   1/2-   1/2  32   -0.49    4.45    7.13    5.94   -0.20       4.30    7.64    6.68   -4.10      0.763   0.553   3.716
   4 1074.0   3/2-   3/2  32   -0.49    4.45    7.13    5.94    0.50       4.31    8.33    6.71   -3.77      0.763   0.603   3.732
   5 1122.7   5/2-   1/2  31    0.77   10.37   21.33    1.51   -0.31      14.05   28.62    1.15   -5.16      2.490   2.072   0.642
  
   6 1254.2   7/2-   1/2  31    0.77   10.37   21.33    1.51    0.65      14.37   28.09    1.36   -4.63      2.546   2.034   0.755
   7 1669.2   3/2-   1/2  32   -0.49    4.45    7.13    5.94   -0.32       7.90    7.91    6.69   -3.82      1.400   0.573   3.721
   8 1799.2   5/2-   5/2  31    0.77   10.37   21.33    1.51    0.66      12.24   22.02    3.81   -5.07      2.168   1.594   2.117
   9 1816.2   5/2-   3/2  32   -0.49    4.45    7.13    5.94    0.42       8.28    8.81    6.72   -3.34      1.468   0.638   3.735
  10 2125.1   7/2-   3/2  32   -0.49    4.45    7.13    5.94    0.38       6.71   16.82    6.73   -2.91      1.189   1.218   3.742
  
  11 2557.6   1/2-   1/2  34   -0.89    2.99    1.16    9.09   -0.19       3.04    1.04   10.23   -3.54      0.540   0.076   5.687
  12 2740.4   7/2-   5/2  31    0.77   10.37   21.33    1.51    0.54      17.24   23.73    3.68   -4.65      3.056   1.718   2.047
  13 2904.5   9/2-   1/2  31    0.77   10.37   21.33    1.51   -0.25      16.24   42.34    1.87   -4.43      2.879   3.065   1.041
  14 2983.7  11/2-   1/2  31    0.77   10.37   21.33    1.51    0.67      16.17   42.84    1.97   -3.74      2.865   3.102   1.098
  15 3503.0   9/2-   1/2  32   -0.49    4.45    7.13    5.94   -0.24       9.20   28.53    6.89   -2.80      1.631   2.066   3.830
  
  16 3875.4  11/2-   3/2  32   -0.49    4.45    7.13    5.94    0.34       9.56   32.71    6.90   -2.21      1.694   2.368   3.837
  17 3913.6   9/2-   5/2  31    0.77   10.37   21.33    1.51    0.31      21.54   29.69    3.65   -4.27      3.818   2.150   2.027
  18 5222.6  11/2-   3/2  34   -0.89    2.99    1.16    9.09    0.08       9.54   29.26    9.27   -1.84      1.691   2.118   5.158
  19 5275.9  13/2-   1/2  31    0.77   10.37   21.33    1.51   -0.28      18.93   64.61    2.38   -3.80      3.354   4.678   1.324
  20 5746.9  13/2-   1/2  32   -0.49    4.45    7.13    5.94   -0.25      11.76   50.73    7.22   -2.30      2.083   3.673   4.015
  
  21 6194.6  13/2-   3/2  34   -0.89    2.99    1.16    9.09    0.34      10.19   37.20    9.78   -1.43      1.806   2.694   5.440
