1SPECTRUM OF (Z= 82 A=207) IN PARTICLE-ROTOR  MODEL WITH MODIFIED OSCILLATOR POTENTIAL


 PARITY=-   EPS= 0.482   GAMMA= 60.0   EPS4=0.000   EPS6=0.000   LEVELS:  31  32  33  34  35

 PAIRING FACTORS: GN0= 19.20  GN1=  7.40  IPAIR= 15 ***  E2PLUS(INPUT)=   0.730  E2PLUR(INPUT)=   0.000

 CORIOLIS ATTENUATION PARAMETERS:  CHSI=0.000  ETA=  1.00

 MOMENT OF INERTIA PARAMETERS:   A1=121.912 MEV   A2=  0.122 MEV   A3=  0.12191 MEV


 DELTA=0.938 MEV  LAMBDA=53.5160 MEV   HW0= 7.5900 MEV   LAMBDA/HW0= 7.0508

 E2ENERGY=0.730 MEV  HBAR**2/B=43075./A**(7/3)=7281.7/A**2 MEV

 IREC=0  =>  RECOIL TERMS j+j-, j+j+, jzjz, ETC TREATED AS ONE-BODY OPERATORS WITH UU+VV PAIRING FACTORS



 S. P. LEVEL   EQP       U     V        (UU + VV)**1.00

     31       0.957    0.773 0.634      1.000 0.997 0.958 0.935 0.876
     32       0.998    0.819 0.574      0.997 1.000 0.977 0.959 0.910
     33       1.321    0.923 0.385      0.958 0.977 1.000 0.997 0.978
     34       1.555    0.948 0.318      0.935 0.959 0.997 1.000 0.990
     35       2.611    0.983 0.183      0.876 0.910 0.978 0.990 1.000

  R CORE   ENERGY   A0R/A00=1.000    R3= 0     2  
   2( 1)    0.731                   -0.500 0.866
   2( 2)  487.890                    0.866 0.500

  R CORE   ENERGY   A0R/A00=1.000    R3= 0     2  
   3( 1)  488.621                    0.000 1.000

  R CORE   ENERGY   A0R/A00=1.000    R3= 0     2     4  
   4( 1)    2.438                    0.375-0.559 0.740

  R CORE   ENERGY   A0R/A00=1.000    R3= 0     2     4  
   5( 1)  490.816                    0.000-0.500 0.866

  R CORE   ENERGY   A0R/A00=1.000    R3= 0     2     4     6  
   6( 1)    5.120                   -0.312 0.453-0.496 0.672

  R CORE   ENERGY   A0R/A00=1.000    R3= 0     2     4     6  
   7( 1)  493.986                    0.000 0.312-0.586 0.747
 

             ENERGY     K= 1/2
 
 I=  1/2- (1)  3.593  34: 1.000
 
 I=  1/2- (2)490.422  32: 1.000

             ENERGY     K= 1/2  -3/2
 
 I=  3/2- (1)  3.491  33: 0.866 0.500
 
 I=  3/2- (2)  4.094  34:-0.500 0.866

             ENERGY     K= 5/2   1/2  -3/2
 
 I=  5/2- (1)  3.019  32: 0.250 0.791 0.559
 
 I=  5/2- (2)  4.101  33:-0.559-0.354 0.750

             ENERGY     K= 5/2   1/2  -3/2  -7/2
 
 I=  7/2- (1)  3.873  32: 0.625 0.280-0.650-0.331
 
 I=  7/2- (2)  4.954  33: 0.650-0.484 0.125 0.573

             ENERGY     K= 9/2   5/2   1/2  -3/2  -7/2
 
 I=  9/2- (1)  4.970  32: 0.375 0.500-0.468 0.000 0.625
 
 I=  9/2- (2)  6.051  33: 0.573-0.000-0.306 0.500-0.573

             ENERGY     K= 9/2   5/2   1/2  -3/2  -7/2 -11/2
 
 I= 11/2- (1)  3.256  31:-0.104-0.401-0.672-0.568-0.232-0.031
 
 I= 11/2- (2)  6.310  32: 0.605-0.156-0.261 0.486-0.379-0.401

             ENERGY     K=13/2   9/2   5/2   1/2  -3/2  -7/2 -11/2
 
 I= 13/2- (1)  4.841  31:-0.056-0.344-0.579-0.180 0.466 0.513 0.172
 
 I= 13/2- (2)  7.895  32: 0.418 0.284-0.453 0.363-0.105-0.247 0.579

             ENERGY     K=13/2   9/2   5/2   1/2  -3/2  -7/2 -11/2
  21 LEVELS    TIME=  0.0 SEC



 ******************* EXCITATION ENERGIES, DOMINANT CONFIGURATION AND EXPECTATION VALUES (WITH S.P. UU+VV FACTORS) *******************

  NR  Eex(keV)  I   Kdom  NY    <Jz>  <Jx**2> <Jy**2> <Jz**2> <I.j>/|I|  <Rx**2> <Ry**2> <Rz**2> <R.j>/|R|  <HROTx> <HROTy> <HROTz>

   1    0.0   5/2-   1/2  32    0.00    6.25    7.04    7.04    2.11      -0.00    8.29    8.29   -3.46     -0.000   1.010   1.010
   2  237.3  11/2-   1/2  31    0.00   30.25    6.68    6.68    5.06       0.00    9.43    9.43   -3.08      0.002   1.150   1.150
   3  472.2   3/2-   1/2  33   -0.00    2.25    8.15    8.15    1.16      -0.00    8.90    8.90   -3.86      0.000   1.085   1.085
   4  573.8   1/2-   1/2  34    0.19    0.25    8.29    8.29    0.50      -0.00    8.36    8.36   -4.01     -0.000   1.019   1.019
   5  853.6   7/2-   3/2  32    0.00    6.25    7.04    7.04    1.57      -0.00   11.79   11.79   -2.90     -0.000   1.437   1.437
  
   6 1075.2   3/2-   3/2  34    0.19    0.25    8.29    8.29   -0.06      -0.00   10.41   10.41   -3.72     -0.000   1.269   1.269
   7 1081.8   5/2-   3/2  33   -0.00    2.25    8.15    8.15    0.76      -0.00   11.40   11.40   -3.41      0.000   1.390   1.390
   8 1458.8   5/2-   5/2  34    0.19    0.25    8.29    8.29    0.27      -0.00   11.99   11.99   -3.27     -0.000   1.461   1.461
   9 1821.5  13/2-   5/2  31    0.00   30.25    6.68    6.68    4.33       0.00   15.93   15.93   -2.37      0.001   1.942   1.942
  10 1935.2   7/2-   5/2  33   -0.00    2.25    8.15    8.15    0.57       0.00   14.90   14.90   -2.99      0.000   1.817   1.817
  
  11 1950.5   9/2-   7/2  32    0.00    6.25    7.04    7.04    1.26       0.00   16.29   16.29   -2.47      0.000   1.986   1.986
  12 2628.4   7/2-   7/2  34    0.19    0.25    8.29    8.29   -0.12      -0.00   16.78   16.78   -2.99     -0.000   2.046   2.046
  13 3032.3   9/2-   7/2  33   -0.00    2.25    8.15    8.15    0.45       0.00   19.40   19.40   -2.62      0.000   2.365   2.365
  14 3291.3  11/2-   9/2  32    0.00    6.25    7.04    7.04    1.05      -0.00   21.79   21.79   -2.13     -0.000   2.656   2.656
  15 3319.0   9/2-   9/2  34    0.19    0.25    8.29    8.29    0.24      -0.00   19.62   19.61   -2.50     -0.000   2.391   2.391
  
  16 4373.4  11/2-  11/2  33   -0.00    2.25    8.15    8.15    0.38      -0.00   24.90   24.90   -2.31     -0.000   3.036   3.036
  17 4876.3  13/2-  11/2  32    0.00    6.25    7.04    7.04    0.90      -0.00   28.29   28.29   -1.87     -0.000   3.449   3.449
  18 5958.1  13/2-  13/2  33   -0.00    2.25    8.15    8.15    0.32       0.00   31.40   31.40   -2.06     -0.000   3.828   3.828
  19*******   1/2-   1/2  32    0.00    6.25    7.04    7.04    1.44       4.00    7.29    7.29   -4.43    487.646   0.889   0.889
  20*******   3/2-   3/2  32    0.00    6.25    7.04    7.04    0.65       4.00    8.79    8.79   -4.11    487.646   1.071   1.071
  
  21*******   1/2-   1/2  33   -0.00    2.25    8.15    8.15   -0.87       4.00    8.40    8.40   -4.23    487.646   1.024   1.024
