1SPECTRUM OF (Z= 82 A=207) IN PARTICLE-ROTOR  MODEL WITH MODIFIED OSCILLATOR POTENTIAL


 PARITY=-   EPS= 0.116   GAMMA= 26.7   EPS4=0.000   EPS6=0.000   LEVELS:  28  29  30  31  32

 PAIRING FACTORS: GN0= 19.20  GN1=  7.40  IPAIR= 15 ***  E2PLUS(INPUT)=   0.359  E2PLUR(INPUT)=   0.000

 CORIOLIS ATTENUATION PARAMETERS:  CHSI=0.000  ETA=  1.00

 MOMENT OF INERTIA PARAMETERS:   A1=  0.102 MEV   A2=  0.031 MEV   A3=  0.15276 MEV


 DELTA=0.513 MEV  LAMBDA=53.3740 MEV   HW0= 7.4221 MEV   LAMBDA/HW0= 7.1913

 E2ENERGY=0.359 MEV  HBAR**2/B=  840./A**(7/3)= 141.9/A**2 MEV

 IREC=0  =>  RECOIL TERMS j+j-, j+j+, jzjz, ETC TREATED AS ONE-BODY OPERATORS WITH UU+VV PAIRING FACTORS



 S. P. LEVEL   EQP       U     V        (UU + VV)**1.00

     28       3.254    0.079 0.997      1.000 1.000 1.000 0.996 0.993
     29       3.080    0.084 0.997      1.000 1.000 1.000 0.996 0.994
     30       2.457    0.105 0.994      1.000 1.000 1.000 0.998 0.996
     31       1.560    0.167 0.986      0.996 0.996 0.998 1.000 1.000
     32       1.345    0.194 0.981      0.993 0.994 0.996 1.000 1.000

  R CORE   ENERGY   A0R/A00=1.000    R3= 0     2  
   2( 1)    0.359                    0.953-0.305
   2( 2)    0.783                    0.305 0.953

  R CORE   ENERGY   A0R/A00=1.000    R3= 0     2  
   3( 1)    1.142                    0.000 1.000

  R CORE   ENERGY   A0R/A00=1.000    R3= 0     2     4  
   4( 1)    0.987                    0.812-0.581 0.063

  R CORE   ENERGY   A0R/A00=1.000    R3= 0     2     4  
   5( 1)    2.219                    0.000 0.953-0.305

  R CORE   ENERGY   A0R/A00=1.000    R3= 0     2     4     6  
   6( 1)    1.853                    0.729-0.663 0.168-0.012

  R CORE   ENERGY   A0R/A00=1.000    R3= 0     2     4     6  
   7( 1)    3.578                    0.000 0.861-0.501 0.084
 

             ENERGY     K= 1/2
 
 I=  1/2- (1)  2.046  32: 1.000
 
 I=  1/2- (2)  2.299  31: 1.000

             ENERGY     K= 1/2  -3/2
 
 I=  3/2- (1)  2.244  31: 0.179 0.984
 
 I=  3/2- (2)  2.289  32:-0.587 0.810

             ENERGY     K= 5/2   1/2  -3/2
 
 I=  5/2- (1)  2.395  31: 0.005-0.525 0.851
 
 I=  5/2- (2)  2.403  32: 0.170-0.946 0.277

             ENERGY     K= 5/2   1/2  -3/2  -7/2
 
 I=  7/2- (1)  2.847  32:-0.047-0.578 0.806-0.118
 
 I=  7/2- (2)  2.956  31: 0.128-0.442 0.860-0.218

             ENERGY     K= 9/2   5/2   1/2  -3/2  -7/2
 
 I=  9/2- (1)  3.020  31: 0.001-0.108 0.586-0.764 0.249
 
 I=  9/2- (2)  3.022  32:-0.035 0.353-0.797 0.482-0.080

             ENERGY     K= 9/2   5/2   1/2  -3/2  -7/2 -11/2
 
 I= 11/2- (1)  3.714  32: 0.020 0.068-0.585 0.760-0.274 0.024
 
 I= 11/2- (2)  3.826  31:-0.039 0.234-0.595 0.702-0.309 0.034

             ENERGY     K=13/2   9/2   5/2   1/2  -3/2  -7/2 -11/2
 
 I= 13/2- (1)  3.878  32: 0.007-0.098 0.420-0.719 0.521-0.159 0.018
 
 I= 13/2- (2)  3.895  31: 0.000-0.021 0.195-0.586 0.704-0.344 0.060

             ENERGY     K=13/2   9/2   5/2   1/2  -3/2  -7/2 -11/2
  21 LEVELS    TIME=  0.0 SEC



 ******************* EXCITATION ENERGIES, DOMINANT CONFIGURATION AND EXPECTATION VALUES (WITH S.P. UU+VV FACTORS) *******************

  NR  Eex(keV)  I   Kdom  NY    <Jz>  <Jx**2> <Jy**2> <Jz**2> <I.j>/|I|  <Rx**2> <Ry**2> <Rz**2> <R.j>/|R|  <HROTx> <HROTy> <HROTz>

   1    0.0   1/2-   1/2  32   -0.18    1.81    1.10    2.96    0.52       1.57    0.76    3.39   -2.26      0.160   0.023   0.518
   2  197.3   3/2-   3/2  31   -0.64    1.22    5.52    1.61    0.61       2.04    5.77    1.95   -2.30      0.208   0.178   0.298
   3  242.6   3/2-   3/2  32   -0.18    1.81    1.10    2.96   -0.16       1.61    4.39    4.22   -1.93      0.164   0.136   0.644
   4  252.7   1/2-   1/2  31   -0.64    1.22    5.52    1.61   -0.36       1.87    5.35    2.51   -2.78      0.190   0.165   0.383
   5  348.7   5/2-   3/2  31   -0.64    1.22    5.52    1.61    0.56       2.17    9.54    2.09   -1.80      0.221   0.295   0.319
  
   6  357.0   5/2-   1/2  32   -0.18    1.81    1.10    2.96    0.53       3.58    4.23    3.68   -1.27      0.365   0.131   0.562
   7  374.5   3/2-   1/2  31   -0.64    1.22    5.52    1.61   -0.28       2.10    8.61    2.49   -2.45      0.214   0.266   0.380
   8  648.7   5/2-   3/2  32   -0.18    1.81    1.10    2.96    0.24       5.16    3.31    4.72   -1.42      0.526   0.102   0.721
   9  800.5   7/2-   3/2  32   -0.18    1.81    1.10    2.96   -0.15       3.73   14.71    4.37   -1.35      0.380   0.454   0.668
  10  909.4   7/2-   3/2  31   -0.64    1.22    5.52    1.61   -0.14       4.32   18.34    2.55   -1.77      0.441   0.566   0.389
  
  11  974.1   9/2-   3/2  31   -0.64    1.22    5.52    1.61    0.50       3.70   21.75    2.70   -1.11      0.377   0.672   0.412
  12  975.6   9/2-   1/2  32   -0.18    1.81    1.10    2.96    0.54       4.73   15.84    4.62   -0.63      0.482   0.489   0.705
  13 1089.0   7/2-   1/2  31   -0.64    1.22    5.52    1.61    0.30       7.34   11.25    3.14   -1.54      0.748   0.347   0.480
  14 1253.1   1/2-   1/2  30   -0.34    4.81    2.20    1.50    0.03       4.26    2.84    2.10   -2.80      0.434   0.088   0.320
  15 1668.2  11/2-   3/2  32   -0.18    1.81    1.10    2.96   -0.25       5.46   34.17    4.96   -1.10      0.556   1.055   0.758
  
  16 1751.1   9/2-   3/2  32   -0.18    1.81    1.10    2.96    0.16      12.35   11.09    5.57   -0.94      1.259   0.342   0.851
  17 1779.2  11/2-   3/2  31   -0.64    1.22    5.52    1.61   -0.32       5.23   39.24    3.41   -1.48      0.533   1.211   0.522
  18 1831.3  13/2-   1/2  32   -0.18    1.81    1.10    2.96    0.56       6.01   35.42    5.41   -0.29      0.613   1.094   0.826
  19 1849.0  13/2-   3/2  31   -0.64    1.22    5.52    1.61    0.48       5.02   41.99    3.45   -0.71      0.512   1.296   0.527
  20 2214.3  11/2-   1/2  31   -0.64    1.22    5.52    1.61    0.44      10.74   22.08    6.06   -0.92      1.094   0.682   0.925
  
  21 2480.7  13/2-  13/2  28    4.41    1.94    2.53   19.62    3.88       3.10   11.62    3.91    0.70      0.316   0.359   0.598
