1SPECTRUM OF (Z= 82 A=207) IN PARTICLE-ROTOR  MODEL WITH MODIFIED OSCILLATOR POTENTIAL


 PARITY=-   EPS= 0.134   GAMMA= 13.8   EPS4=0.000   EPS6=0.000   LEVELS:  28  29  30  31  32

 PAIRING FACTORS: GN0= 19.20  GN1=  7.40  IPAIR= 15 ***  E2PLUS(INPUT)=   0.730  E2PLUR(INPUT)=   0.000

 CORIOLIS ATTENUATION PARAMETERS:  CHSI=0.000  ETA=  1.00

 MOMENT OF INERTIA PARAMETERS:   A1=  0.156 MEV   A2=  0.088 MEV   A3=  1.41842 MEV


 DELTA=0.694 MEV  LAMBDA=53.3415 MEV   HW0= 7.4261 MEV   LAMBDA/HW0= 7.1830

 E2ENERGY=0.730 MEV  HBAR**2/B= 2958./A**(7/3)= 500.0/A**2 MEV

 IREC=0  =>  RECOIL TERMS j+j-, j+j+, jzjz, ETC TREATED AS ONE-BODY OPERATORS WITH UU+VV PAIRING FACTORS



 S. P. LEVEL   EQP       U     V        (UU + VV)**1.00

     28       3.366    0.104 0.995      1.000 1.000 0.999 0.995 0.961
     29       2.874    0.122 0.993      1.000 1.000 1.000 0.997 0.966
     30       2.327    0.151 0.989      0.999 1.000 1.000 0.999 0.973
     31       1.750    0.202 0.979      0.995 0.997 0.999 1.000 0.984
     32       0.998    0.375 0.927      0.961 0.966 0.973 0.984 1.000

  R CORE   ENERGY   A0R/A00=1.000    R3= 0     2  
   2( 1)    0.730                    1.000-0.023
   2( 2)    5.921                    0.023 1.000

  R CORE   ENERGY   A0R/A00=1.000    R3= 0     2  
   3( 1)    6.651                    0.000 1.000

  R CORE   ENERGY   A0R/A00=1.000    R3= 0     2     4  
   4( 1)    2.402                    0.996-0.087 0.001

  R CORE   ENERGY   A0R/A00=1.000    R3= 0     2     4  
   5( 1)    8.841                    0.000 1.000-0.023

  R CORE   ENERGY   A0R/A00=1.000    R3= 0     2     4     6  
   6( 1)    4.947                    0.983-0.181 0.005-0.000

  R CORE   ENERGY   A0R/A00=1.000    R3= 0     2     4     6  
   7( 1)   11.983                    0.000 0.999-0.051 0.001
 

             ENERGY     K= 1/2
 
 I=  1/2- (1)  4.436  28: 1.000
 
 I=  1/2- (2)  5.624  30: 1.000

             ENERGY     K= 1/2  -3/2
 
 I=  3/2- (1)  4.886  31: 0.082 0.997
 
 I=  3/2- (2)  5.038  28: 1.000-0.016

             ENERGY     K= 5/2   1/2  -3/2
 
 I=  5/2- (1)  5.251  28:-0.022 1.000-0.019
 
 I=  5/2- (2)  5.394  31:-0.002-0.237 0.972

             ENERGY     K= 5/2   1/2  -3/2  -7/2
 
 I=  7/2- (1)  6.340  31: 0.004 0.107 0.994-0.018
 
 I=  7/2- (2)  6.464  32: 0.020 0.159-0.987 0.018

             ENERGY     K= 9/2   5/2   1/2  -3/2  -7/2
 
 I=  9/2- (1)  4.056  29: 1.000-0.028 0.000-0.000-0.000
 
 I=  9/2- (2)  7.000  28: 0.001-0.075 0.995-0.063 0.001

             ENERGY     K= 9/2   5/2   1/2  -3/2  -7/2 -11/2
 
 I= 11/2- (1)  5.383  29: 0.998-0.055 0.001-0.000 0.000 0.000
 
 I= 11/2- (2)  8.716  32:-0.001 0.024 0.274-0.960 0.054-0.000

             ENERGY     K=13/2   9/2   5/2   1/2  -3/2  -7/2 -11/2
 
 I= 13/2- (1)  6.912  29: 0.092-0.992 0.085-0.003 0.000 0.000 0.000
 
 I= 13/2- (2)  9.423  31: 0.000 0.000-0.019 0.493-0.867 0.067-0.001

             ENERGY     K=13/2   9/2   5/2   1/2  -3/2  -7/2 -11/2
  21 LEVELS    TIME=  0.0 SEC



 ******************* EXCITATION ENERGIES, DOMINANT CONFIGURATION AND EXPECTATION VALUES (WITH S.P. UU+VV FACTORS) *******************

  NR  Eex(keV)  I   Kdom  NY    <Jz>  <Jx**2> <Jy**2> <Jz**2> <I.j>/|I|  <Rx**2> <Ry**2> <Rz**2> <R.j>/|R|  <HROTx> <HROTy> <HROTz>

   1    0.0   9/2-   9/2  29    4.47    2.16    2.33   20.02    4.04       4.25    4.76    0.07   -1.47      0.663   0.419   0.099
   2  380.0   1/2-   1/2  28    0.50    3.15    4.87    0.37    0.68       3.10    4.75    0.12   -2.77      0.484   0.419   0.167
   3  829.6   3/2-   3/2  31   -0.76    1.41    5.76    1.61    0.65       2.18    6.25    1.58   -2.38      0.340   0.550   2.245
   4  982.2   3/2-   1/2  28    0.50    3.15    4.87    0.37   -0.21       5.46    7.39    0.12   -2.45      0.853   0.651   0.169
   5 1005.5   3/2-   3/2  32   -0.78    1.94    1.02    2.54    0.60       2.53    1.93    2.47   -1.65      0.396   0.170   3.498
  
   6 1194.5   5/2-   1/2  28    0.50    3.15    4.87    0.37    0.42       6.38    8.13    0.12   -1.87      0.997   0.716   0.172
   7 1327.3  11/2-   9/2  29    4.47    2.16    2.33   20.02    3.36       9.30   10.74    0.08   -0.99      1.452   0.946   0.111
   8 1337.7   5/2-   3/2  31   -0.76    1.41    5.76    1.61    0.57       3.23    9.32    1.63   -1.89      0.505   0.820   2.318
   9 1567.8   1/2-   1/2  30   -0.24    5.04    2.11    1.15   -0.02       4.67    2.77    1.64   -2.76      0.730   0.244   2.323
  10 1615.5   5/2-   3/2  32   -0.78    1.94    1.02    2.54    0.40       5.06    4.34    2.47   -1.25      0.791   0.383   3.501
  
  11 2224.4   1/2-   1/2  31   -0.76    1.41    5.76    1.61   -0.41       2.11    5.52    2.62   -2.86      0.330   0.486   3.715
  12 2284.1   7/2-   3/2  31   -0.76    1.41    5.76    1.61    0.38       8.52   11.41    1.59   -1.57      1.330   1.004   2.255
  13 2407.9   7/2-   3/2  32   -0.78    1.94    1.02    2.54    0.29       6.96    9.51    2.50   -1.00      1.087   0.837   3.543
  14 2577.3   7/2-   1/2  28    0.50    3.15    4.87    0.37   -0.28      11.19   15.00    0.14   -1.85      1.748   1.320   0.199
  15 2855.9  13/2-   9/2  29    4.47    2.16    2.33   20.02    2.88      14.04   18.88    0.13   -0.77      2.192   1.662   0.184
  
  16 2943.9   9/2-   1/2  28    0.50    3.15    4.87    0.37    0.39      12.46   16.66    0.16   -1.19      1.946   1.467   0.221
  17 2977.3   9/2-   3/2  31   -0.76    1.41    5.76    1.61    0.52       6.88   19.70    1.74   -1.16      1.074   1.735   2.474
  18 4659.8  11/2-   3/2  32   -0.78    1.94    1.02    2.54    0.17      12.32   24.37    2.57   -0.72      1.924   2.146   3.649
  19 4716.1  11/2-   3/2  31   -0.76    1.41    5.76    1.61    0.23      17.79   22.41    1.60   -1.15      2.779   1.973   2.270
  20 5366.6  13/2-   3/2  31   -0.76    1.41    5.76    1.61    0.52      11.27   37.12    1.86   -0.73      1.760   3.268   2.644
  
  21 5553.4  13/2-   1/2  28    0.50    3.15    4.87    0.37    0.38      19.31   32.30    0.27   -0.80      3.015   2.844   0.385
