1SPECTRUM OF (Z= 82 A=207) IN PARTICLE-ROTOR  MODEL WITH MODIFIED OSCILLATOR POTENTIAL


 PARITY=-   EPS= 0.230   GAMMA=  0.0   EPS4=0.000   EPS6=0.000   LEVELS:  24  25  26  27  28  29  30  31  32  33  34  35  36  37  38

 PAIRING FACTORS: GN0= 19.20  GN1=  7.40  IPAIR= 15 ***  E2PLUS(INPUT)=   0.730  E2PLUR(INPUT)=   0.000

 CORIOLIS ATTENUATION PARAMETERS:  CHSI=1.000  ETA=  1.00

 MOMENT OF INERTIA PARAMETERS:   A1=  0.122 MEV   A2=  0.122 MEV   A3=121.91924 MEV


 DELTA=0.941 MEV  LAMBDA=53.4633 MEV   HW0= 7.4572 MEV   LAMBDA/HW0= 7.1693

 E2ENERGY=0.730 MEV  HBAR**2/B= 9809./A**(7/3)=1658.1/A**2 MEV

 IREC=0  =>  RECOIL TERMS j+j-, j+j+, jzjz, ETC TREATED AS ONE-BODY OPERATORS WITH UU+VV PAIRING FACTORS



 S. P. LEVEL   EQP       U     V        (UU + VV)**1.00

     24       5.195    0.091 0.996      1.000 1.000 1.000 0.999 0.992 0.988 0.984 0.981 0.603 0.551 0.481 0.471 0.349 0.347 0.263
     25       4.132    0.115 0.993      1.000 1.000 1.000 1.000 0.995 0.992 0.988 0.986 0.622 0.570 0.502 0.491 0.372 0.369 0.286
     26       4.045    0.117 0.993      1.000 1.000 1.000 1.000 0.995 0.992 0.988 0.986 0.624 0.572 0.504 0.494 0.374 0.371 0.289
     27       3.506    0.135 0.991      0.999 1.000 1.000 1.000 0.997 0.994 0.991 0.989 0.638 0.587 0.520 0.510 0.391 0.388 0.306
     28       2.259    0.213 0.977      0.992 0.995 0.995 0.997 1.000 1.000 0.999 0.998 0.697 0.649 0.586 0.576 0.462 0.460 0.380
     29       1.998    0.243 0.970      0.988 0.992 0.992 0.994 1.000 1.000 1.000 0.999 0.718 0.672 0.610 0.600 0.489 0.487 0.408
     30       1.835    0.266 0.964      0.984 0.988 0.988 0.991 0.999 1.000 1.000 1.000 0.735 0.690 0.629 0.619 0.510 0.507 0.430
     31       1.745    0.281 0.960      0.981 0.986 0.986 0.989 0.998 0.999 1.000 1.000 0.745 0.701 0.641 0.632 0.523 0.521 0.444
     32       1.049    0.849 0.528      0.603 0.622 0.624 0.638 0.697 0.718 0.735 0.745 1.000 0.998 0.989 0.988 0.958 0.957 0.928
     33       1.130    0.881 0.472      0.551 0.570 0.572 0.587 0.649 0.672 0.690 0.701 0.998 1.000 0.997 0.996 0.975 0.974 0.950
     34       1.285    0.917 0.399      0.481 0.502 0.504 0.520 0.586 0.610 0.629 0.641 0.989 0.997 1.000 1.000 0.989 0.989 0.972
     35       1.315    0.921 0.388      0.471 0.491 0.494 0.510 0.576 0.600 0.619 0.632 0.988 0.996 1.000 1.000 0.991 0.991 0.975
     36       1.857    0.965 0.263      0.349 0.372 0.374 0.391 0.462 0.489 0.510 0.523 0.958 0.975 0.989 0.991 1.000 1.000 0.996
     37       1.875    0.966 0.260      0.347 0.369 0.371 0.388 0.460 0.487 0.507 0.521 0.957 0.974 0.989 0.991 1.000 1.000 0.996
     38       2.738    0.985 0.175      0.263 0.286 0.289 0.306 0.380 0.408 0.430 0.444 0.928 0.950 0.972 0.975 0.996 0.996 1.000

  R CORE   ENERGY   A0R/A00=1.000    R3= 0     2  
   2( 1)    0.732                    1.000 0.000
   2( 2)  487.921                    0.000 1.000

  R CORE   ENERGY   A0R/A00=1.000    R3= 0     2  
   3( 1)  488.652                    0.000 1.000

  R CORE   ENERGY   A0R/A00=1.000    R3= 0     2     4  
   4( 1)    2.438                    1.000 0.000 0.000

  R CORE   ENERGY   A0R/A00=1.000    R3= 0     2     4  
   5( 1)  490.847                    0.000 1.000 0.000

  R CORE   ENERGY   A0R/A00=1.000    R3= 0     2     4     6  
   6( 1)    5.121                    1.000 0.000 0.000 0.000

  R CORE   ENERGY   A0R/A00=1.000    R3= 0     2     4     6  
   7( 1)  494.017                    0.000 1.000 0.000 0.000

          AXIAL SYMMETRY => K RESTRICTED TO OMEGA

                     K
     S.P. ORB#: 24  2.50
     S.P. ORB#: 25  0.50
     S.P. ORB#: 26  2.50
     S.P. ORB#: 27 -3.50
     S.P. ORB#: 28 -3.50
     S.P. ORB#: 29  0.50
     S.P. ORB#: 30 -1.50
     S.P. ORB#: 31  4.50
     S.P. ORB#: 32  0.50
     S.P. ORB#: 33 -1.50
     S.P. ORB#: 34 -1.50
     S.P. ORB#: 35  2.50
     S.P. ORB#: 36  2.50
     S.P. ORB#: 37  0.50
     S.P. ORB#: 38 -3.50
 

             ENERGY    K= OMEGA
 
 I=  1/2- (1)  2.156  25:-0.055
                      37:-0.998
 
 I=  1/2- (2)  3.099  29: 0.999
 
 I=  1/2- (3)  5.443  25: 0.998
                      37:-0.056
 
 I=  1/2- (4)  8.670  32: 1.000
 
 I=  1/2- (5)147.433  33:-1.000

             ENERGY    K= OMEGA
 
 I=  3/2- (1)  1.640  29: 0.188
                      30: 0.100
                      33: 0.974
                      37:-0.066
 
 I=  3/2- (2)  2.739  25: 0.073
                      29: 0.231
                      30: 0.383
                      33:-0.147
                      37:-0.879

             ENERGY    K= OMEGA
 
 I=  5/2- (1)  1.793  25:-0.060
                      29: 0.154
                      30: 0.192
                      33:-0.475
                      35:-0.841
 
 I=  5/2- (2)  2.299  29: 0.191
                      30:-0.195
                      33:-0.840
                      35: 0.461
                      37:-0.070
 
 I=  5/2- (3)  2.752  25: 0.114
                      29:-0.287
                      30:-0.399
                      35:-0.193
                      37:-0.841
 
 I=  5/2- (4)  3.294  24: 0.068
                      25:-0.325
                      29: 0.367
                      30: 0.664
                      33: 0.065
                      35: 0.175
                      37:-0.528
 
 I=  5/2- (5)  4.390  24: 0.064
                      25: 0.075
                      29:-0.817
                      30: 0.501
                      33:-0.248
                      35: 0.100

             ENERGY    K= OMEGA
 
 I=  7/2- (1)  2.438  29:-0.203
                      30: 0.217
                      33:-0.550
                      35: 0.779
 
 I=  7/2- (2)  2.909  24:-0.056
                      25: 0.137
                      26:-0.188
                      27: 0.093
                      28:-0.630
                      29: 0.252
                      30: 0.264
                      33: 0.515
                      35: 0.348
                      37:-0.131
 
 I=  7/2- (3)  3.053  25:-0.130
                      26:-0.145
                      27: 0.054
                      28:-0.732
                      29:-0.244
                      30:-0.230
                      33:-0.435
                      35:-0.324
                      37: 0.131
 
 I=  7/2- (4)  3.379  32:-0.737
                      34:-0.571
                      36:-0.336
                      38:-0.134
 
 I=  7/2- (5)  4.154  24:-0.124
                      25: 0.207
                      27: 0.078
                      30: 0.649
                      33:-0.307
                      35:-0.376
                      37:-0.526

             ENERGY    K= OMEGA
 
 I=  9/2- (1)  2.488  24: 0.069
                      26:-0.065
                      27: 0.276
                      28: 0.164
                      31:-0.939
                      35:-0.059
 
 I=  9/2- (2)  3.107  25:-0.216
                      29: 0.333
                      30: 0.421
                      31: 0.095
                      33:-0.459
                      35:-0.644
                      37: 0.161
 
 I=  9/2- (3)  3.819  24: 0.095
                      26: 0.314
                      27: 0.147
                      28:-0.854
                      29:-0.058
                      30: 0.135
                      31:-0.121
                      33: 0.308
                      35:-0.077
                      37: 0.066
 
 I=  9/2- (4)  4.180  24: 0.059
                      25:-0.195
                      28: 0.299
                      29: 0.101
                      30: 0.452
                      31: 0.058
                      33: 0.601
                      35: 0.106
                      37: 0.527
 
 I=  9/2- (5)  4.319  25: 0.137
                      28: 0.194
                      29:-0.410
                      33: 0.442
                      35:-0.680
                      37:-0.336

             ENERGY    K= OMEGA
 
 I= 11/2- (1)  2.355  32:-0.695
                      34:-0.575
                      36:-0.388
                      38:-0.189
 
 I= 11/2- (2)  3.409  24: 0.117
                      26:-0.104
                      27:-0.379
                      28:-0.212
                      30:-0.057
                      31:-0.881
                      35:-0.078
 
 I= 11/2- (3)  4.390  28:-0.060
                      29:-0.283
                      30: 0.308
                      31:-0.119
                      33:-0.562
                      35: 0.699
 
 I= 11/2- (4)  4.784  24:-0.135
                      25: 0.217
                      26:-0.281
                      27: 0.156
                      28:-0.600
                      29: 0.298
                      30: 0.343
                      31: 0.069
                      33: 0.411
                      35: 0.258
                      37:-0.157
 
 I= 11/2- (5)  5.133  25:-0.235
                      26:-0.239
                      27: 0.096
                      28:-0.654
                      29:-0.330
                      30:-0.323
                      31: 0.171
                      33:-0.314
                      35:-0.277
                      37: 0.182

             ENERGY    K= OMEGA
 
 I= 13/2- (1)  4.510  24: 0.167
                      25:-0.075
                      26:-0.130
                      27: 0.442
                      28: 0.225
                      29: 0.086
                      30: 0.142
                      31:-0.805
                      33:-0.086
                      35:-0.136
 
 I= 13/2- (2)  4.646  32:-0.237
                      34: 0.589
                      36:-0.650
                      38: 0.418
 
 I= 13/2- (3)  5.137  24: 0.050
                      25:-0.335
                      28:-0.118
                      29: 0.415
                      30: 0.506
                      31: 0.240
                      33:-0.353
                      35:-0.463
                      37: 0.209
 
 I= 13/2- (4)  6.210  24: 0.155
                      26: 0.394
                      27: 0.207
                      28:-0.793
                      29:-0.087
                      30: 0.115
                      31:-0.157
                      33: 0.318
 
 I= 13/2- (5)  6.770  24:-0.050
                      25: 0.236
                      28:-0.232
                      29:-0.161
                      30:-0.320
                      33:-0.520
                      35:-0.469
                      37:-0.513

             ENERGY     K=-7/2
  32 LEVELS    TIME=  0.0 SEC



 ******************* EXCITATION ENERGIES, DOMINANT CONFIGURATION AND EXPECTATION VALUES (WITH S.P. UU+VV FACTORS) *******************

  NR  Eex(keV)  I   Kdom  NY    <Jz>  <Jx**2> <Jy**2> <Jz**2> <I.j>/|I|  <Rx**2> <Ry**2> <Rz**2> <R.j>/|R|  <HROTx> <HROTy> <HROTz>

   1    0.0   3/2-  -3/2  33   -1.42    1.65    1.65    2.17    1.40       1.90    1.90    0.00   -1.41      0.231   0.231   0.000
   2  152.9   5/2-   5/2  35    1.39    1.93    1.93    5.02    2.33       1.94    1.94    0.00   -1.02      0.236   0.236   0.000
   3  515.3   1/2-   1/2  37    0.50    1.33    1.33    0.25    0.82       1.12    1.12    0.00   -1.47      0.137   0.137   0.000
   4  658.6   5/2-  -3/2  33   -0.56    1.64    1.64    3.03    1.07       4.35    4.35    0.00   -1.06      0.531   0.531   0.000
   5  714.3  11/2-   1/2  32   -0.00   27.08   27.08    2.24    6.99       4.29    4.29    0.00   -4.99      0.523   0.523   0.000
  
   6  797.6   7/2-   5/2  35    1.01    2.02    2.02    4.62    1.92       4.59    4.59    0.00   -0.35      0.560   0.560   0.000
   7  848.1   9/2-   9/2  31    3.63    2.74    2.74   19.18    4.49       2.34    2.34   -0.00   -1.06      0.285   0.285  -0.001
   8 1098.9   3/2-   1/2  37    0.16    2.00    2.00    0.59    0.31       3.56    3.56   -0.00   -1.49      0.434   0.434  -0.000
   9 1112.2   5/2-   1/2  37    0.26    2.46    2.46    0.80    1.25       3.53    3.53    0.00   -0.76      0.430   0.430   0.000
  10 1269.2   7/2-  -7/2  28   -1.47    2.15    2.15    6.75    2.35       4.10    4.10    0.00   -0.61      0.499   0.499   0.000
  
  11 1413.2   7/2-  -7/2  28   -1.89    2.18    2.18    7.95    2.42       4.42    4.42    0.00   -0.91      0.539   0.539   0.000
  12 1458.8   1/2-   1/2  29    0.50    4.29    4.29    0.25    0.33       4.50    4.50   -0.00   -2.85      0.549   0.549  -0.000
  13 1466.8   9/2-   5/2  35    0.58    3.06    3.06    3.75    2.24       6.16    6.16    0.00    0.37      0.751   0.751   0.000
  14 1653.8   5/2-  -3/2  30   -0.32    3.27    3.27    1.35    1.17       4.86    4.86   -0.00   -1.42      0.593   0.593  -0.000
  15 1739.1   7/2-   1/2  32    0.00   27.17   27.17    1.79    6.85       8.74    8.74   -0.00   -6.92      1.066   1.066  -0.000
  
  16 1769.0  11/2-   9/2  31    2.90    3.17    3.17   18.22    4.14       5.41    5.41   -0.00    0.05      0.660   0.660  -0.001
  17 2179.0   9/2-  -7/2  28   -2.44    2.34    2.34   10.45    2.81       5.98    5.98    0.00   -0.34      0.730   0.730   0.000
  18 2513.4   7/2-  -3/2  30   -0.24    3.24    3.24    2.30    0.73       9.38    9.38    0.00   -1.36      1.143   1.143   0.000
  19 2540.1   9/2-  -3/2  33   -0.94    2.24    2.24    2.62    1.18      10.05   10.05    0.00   -0.27      1.226   1.226   0.000
  20 2678.9   9/2-   5/2  35    0.89    2.39    2.39    3.92    1.08      11.34   11.34    0.00   -0.70      1.383   1.383   0.000
  
  21 2749.4  11/2-   5/2  35    0.70    2.35    2.35    4.35    1.68      12.35   12.35    0.00    0.20      1.506   1.506   0.000
  22 2749.5   5/2-   1/2  29   -0.10    4.30    4.30    0.96   -0.33      10.12   10.12    0.00   -2.34      1.234   1.234   0.000
  23 2869.5  13/2-   9/2  31    2.18    3.65    3.65   16.61    3.88       9.25    9.25   -0.00    0.74      1.127   1.127  -0.000
  24 3006.1  13/2-   5/2  36   -0.05   26.41   26.41    5.57    5.98      11.81   11.81    0.00   -3.42      1.440   1.440   0.000
  25 3143.9  11/2-  -7/2  28   -1.27    2.60    2.60    6.52    2.22      10.46   10.46    0.00    0.34      1.275   1.275   0.000
  
  26 3492.6  11/2-  -7/2  28   -1.27    2.60    2.60    7.29    2.02      12.06   12.06    0.00   -0.09      1.470   1.470   0.000
  27 3496.5  13/2-  -3/2  30    0.34    3.89    3.89    3.66    2.43      13.11   13.11    0.00    1.08      1.599   1.599   0.000
  28 3802.7   1/2-   1/2  25    0.50    5.52    5.52    0.25    0.70       5.42    5.42    0.00   -3.25      0.660   0.660   0.000
  29 4569.7  13/2-  -7/2  28   -1.96    2.54    2.54   10.11    2.42      15.10   15.10    0.00    0.31      1.841   1.841   0.000
  30 5129.6  13/2-  -3/2  33   -0.01    2.23    2.23    3.05    1.06      20.74   20.74    0.00   -0.02      2.529   2.529   0.000
  
  31 7030.0   1/2-   1/2  32    0.50   27.34   27.34    0.25   -3.94      31.25   31.25   -0.00   -7.38      3.810   3.810  -0.000
  32*******   1/2-  -3/2  33    0.00    0.00    0.00    0.00   -0.00       0.00    0.00   -0.00   -0.00      0.000   0.000  -0.000
