1SPECTRUM OF (Z= 82 A=207) IN PARTICLE-ROTOR  MODEL WITH MODIFIED OSCILLATOR POTENTIAL


 PARITY=-   EPS= 0.264   GAMMA= 36.0   EPS4=0.000   EPS6=0.000   LEVELS:  29  30  31  32  33

 PAIRING FACTORS: GN0= 19.20  GN1=  7.40  IPAIR= 15 ***  E2PLUS(INPUT)=   0.069  E2PLUR(INPUT)=   0.000

 CORIOLIS ATTENUATION PARAMETERS:  CHSI=0.000  ETA=  1.00

 MOMENT OF INERTIA PARAMETERS:   A1=  0.038 MEV   A2=  0.006 MEV   A3=  0.01801 MEV


 DELTA=0.893 MEV  LAMBDA=53.3870 MEV   HW0= 7.4681 MEV   LAMBDA/HW0= 7.1487

 E2ENERGY=0.069 MEV  HBAR**2/B=  879./A**(7/3)= 148.6/A**2 MEV

 IREC=0  =>  RECOIL TERMS j+j-, j+j+, jzjz, ETC TREATED AS ONE-BODY OPERATORS WITH UU+VV PAIRING FACTORS



 S. P. LEVEL   EQP       U     V        (UU + VV)**1.00

     29       2.474    0.184 0.983      1.000 0.999 0.934 0.898 0.660
     30       2.063    0.222 0.975      0.999 1.000 0.947 0.915 0.689
     31       1.001    0.523 0.852      0.934 0.947 1.000 0.996 0.885
     32       0.932    0.597 0.802      0.898 0.915 0.996 1.000 0.923
     33       1.017    0.860 0.511      0.660 0.689 0.885 0.923 1.000

  R CORE   ENERGY   A0R/A00=1.000    R3= 0     2  
   2( 1)    0.069                   -0.654 0.756
   2( 2)    0.179                    0.756 0.654

  R CORE   ENERGY   A0R/A00=1.000    R3= 0     2  
   3( 1)    0.248                    0.000 1.000

  R CORE   ENERGY   A0R/A00=1.000    R3= 0     2     4  
   4( 1)    0.200                   -0.622 0.708-0.333

  R CORE   ENERGY   A0R/A00=1.000    R3= 0     2     4  
   5( 1)    0.455                    0.000-0.654 0.756

  R CORE   ENERGY   A0R/A00=1.000    R3= 0     2     4     6  
   6( 1)    0.378                   -0.580 0.695-0.406 0.128

  R CORE   ENERGY   A0R/A00=1.000    R3= 0     2     4     6  
   7( 1)    0.728                    0.000-0.533 0.704-0.470
 

             ENERGY     K= 1/2
 
 I=  1/2- (1)  1.202  33: 1.000
 
 I=  1/2- (2)  1.213  31: 1.000

             ENERGY     K= 1/2  -3/2
 
 I=  3/2- (1)  1.192  33: 0.673 0.740
 
 I=  3/2- (2)  1.222  33: 0.740-0.673

             ENERGY     K= 5/2   1/2  -3/2
 
 I=  5/2- (1)  1.222  33:-0.064-0.555 0.830
 
 I=  5/2- (2)  1.284  31: 0.685-0.651 0.327

             ENERGY     K= 5/2   1/2  -3/2  -7/2
 
 I=  7/2- (1)  1.333  33: 0.586-0.707 0.311 0.244
 
 I=  7/2- (2)  1.349  33: 0.047 0.110-0.507 0.853

             ENERGY     K= 9/2   5/2   1/2  -3/2  -7/2
 
 I=  9/2- (1)  1.347  33:-0.027-0.202 0.528-0.671 0.479
 
 I=  9/2- (2)  1.417  31:-0.312 0.582-0.620 0.404-0.127

             ENERGY     K= 9/2   5/2   1/2  -3/2  -7/2 -11/2
 
 I= 11/2- (1)  1.206  32: 0.072 0.372 0.703 0.571 0.190 0.017
 
 I= 11/2- (2)  1.507  33:-0.259 0.522-0.621 0.478-0.214 0.018

             ENERGY     K=13/2   9/2   5/2   1/2  -3/2  -7/2 -11/2
 
 I= 13/2- (1)  1.356  32: 0.027 0.270 0.605 0.211-0.527-0.475-0.109
 
 I= 13/2- (2)  1.527  33: 0.011 0.071-0.277 0.509-0.605 0.486-0.239

             ENERGY     K=13/2   9/2   5/2   1/2  -3/2  -7/2 -11/2
  21 LEVELS    TIME=  0.0 SEC



 ******************* EXCITATION ENERGIES, DOMINANT CONFIGURATION AND EXPECTATION VALUES (WITH S.P. UU+VV FACTORS) *******************

  NR  Eex(keV)  I   Kdom  NY    <Jz>  <Jx**2> <Jy**2> <Jz**2> <I.j>/|I|  <Rx**2> <Ry**2> <Rz**2> <R.j>/|R|  <HROTx> <HROTy> <HROTz>

   1    0.0   3/2-   3/2  33   -0.48    1.37    8.01    2.18    0.62       1.89    8.08    2.95   -2.88      0.071   0.051   0.053
   2   10.1   1/2-   1/2  33   -0.48    1.37    8.01    2.18   -0.42       2.20    7.92    2.91   -3.30      0.083   0.050   0.052
   3   13.7  11/2-   1/2  32    0.00   52.74    6.14    2.13    6.63       3.59    9.45    4.40   -5.11      0.135   0.059   0.079
   4   20.5   1/2-   1/2  31    0.44    1.74    1.77    8.09    0.74       1.57    1.58    7.90   -3.29      0.059   0.010   0.142
   5   29.6   5/2-   3/2  33   -0.48    1.37    8.01    2.18    0.52       1.95   12.28    2.99   -2.41      0.073   0.077   0.054
  
   6   29.7   3/2-   1/2  33   -0.48    1.37    8.01    2.18   -0.24       2.17   11.13    2.94   -2.98      0.082   0.070   0.053
   7   85.2   3/2-   3/2  31    0.44    1.74    1.77    8.09   -0.34       1.72    4.94   10.02   -3.00      0.065   0.031   0.180
   8   92.3   5/2-   5/2  31    0.44    1.74    1.77    8.09    0.51       1.72    5.30   10.28   -2.42      0.065   0.033   0.185
   9  140.6   7/2-   1/2  33   -0.48    1.37    8.01    2.18   -0.10       2.14   19.85    6.13   -2.26      0.080   0.125   0.110
  10  151.4   5/2-   5/2  33   -0.48    1.37    8.01    2.18   -0.39       2.24   10.63    9.74   -2.67      0.084   0.067   0.175
  
  11  155.1   9/2-   3/2  33   -0.48    1.37    8.01    2.18    0.45       2.22   24.44    5.16   -1.65      0.084   0.154   0.093
  12  156.5   7/2-   7/2  33   -0.48    1.37    8.01    2.18    0.33       2.30   13.55    8.88   -2.06      0.086   0.085   0.160
  13  163.9  13/2-   5/2  32    0.00   52.74    6.14    2.13    5.65       3.73   17.39    9.69   -3.88      0.140   0.109   0.174
  14  213.4   7/2-   1/2  31    0.44    1.74    1.77    8.09   -0.38       2.50   16.37   11.51   -2.38      0.094   0.103   0.207
  15  225.4   9/2-   1/2  31    0.44    1.74    1.77    8.09    0.48       2.53   17.24   11.79   -1.64      0.095   0.108   0.212
  
  16  315.2  11/2-   1/2  33   -0.48    1.37    8.01    2.18   -0.30       2.78   41.09    7.07   -1.87      0.104   0.258   0.127
  17  334.9  13/2-   3/2  33   -0.48    1.37    8.01    2.18    0.42       2.74   44.70    6.98   -1.17      0.103   0.281   0.126
  18  384.1   9/2-   5/2  33   -0.48    1.37    8.01    2.18   -0.36       3.84   19.95   16.07   -2.11      0.144   0.125   0.289
  19  389.4  11/2-   1/2  31    0.44    1.74    1.77    8.09   -0.40       3.22   35.96   12.93   -1.94      0.121   0.226   0.233
  20  405.0  13/2-   1/2  31    0.44    1.74    1.77    8.09    0.47       3.29   37.39   13.16   -1.14      0.124   0.235   0.237
  
  21 1167.5   1/2-   1/2  30   -0.49    4.19    5.76    4.99   -0.29       4.08    6.37    5.73   -3.77      0.154   0.040   0.103
