1SPECTRUM OF (Z= 82 A=207) IN PARTICLE-ROTOR  MODEL WITH MODIFIED OSCILLATOR POTENTIAL


 PARITY=-   EPS= 0.095   GAMMA= 30.0   EPS4=0.000   EPS6=0.000   LEVELS:  24  25  26  27  28  29  30  31  32  33  34  35  36  37  38

 PAIRING FACTORS: GN0= 19.20  GN1=  7.40  IPAIR= 15 ***  E2PLUS(INPUT)=   0.730  E2PLUR(INPUT)=   0.000

 CORIOLIS ATTENUATION PARAMETERS:  CHSI=0.000  ETA=  0.00

     FOR ETA .NE. 1, THE ANGULAR MOMENTUM EXPECTATION VALUES OF THE ENERGY EIGENSTATES ARE CALCULATED ONLY APPROXIMATELY

 MOMENT OF INERTIA PARAMETERS:   A1=  0.243 MEV   A2=  0.061 MEV   A3=  0.24333 MEV


 DELTA=0.448 MEV  LAMBDA=53.4293 MEV   HW0= 7.4183 MEV   LAMBDA/HW0= 7.2023

 E2ENERGY=0.730 MEV  HBAR**2/B= 1113./A**(7/3)= 188.2/A**2 MEV

 IREC=0  =>  RECOIL TERMS j+j-, j+j+, jzjz, ETC TREATED AS ONE-BODY OPERATORS WITH UU+VV PAIRING FACTORS



 S. P. LEVEL   EQP       U     V        (UU + VV)**0.00

     24       4.889    0.046 0.999      1.000 1.000 1.000 1.000 1.000 1.000 1.000 1.000 1.000 1.000 1.000 1.000 1.000 1.000 1.000
     25       4.537    0.049 0.999      1.000 1.000 1.000 1.000 1.000 1.000 1.000 1.000 1.000 1.000 1.000 1.000 1.000 1.000 1.000
     26       4.305    0.052 0.999      1.000 1.000 1.000 1.000 1.000 1.000 1.000 1.000 1.000 1.000 1.000 1.000 1.000 1.000 1.000
     27       4.019    0.056 0.998      1.000 1.000 1.000 1.000 1.000 1.000 1.000 1.000 1.000 1.000 1.000 1.000 1.000 1.000 1.000
     28       3.555    0.063 0.998      1.000 1.000 1.000 1.000 1.000 1.000 1.000 1.000 1.000 1.000 1.000 1.000 1.000 1.000 1.000
     29       2.947    0.076 0.997      1.000 1.000 1.000 1.000 1.000 1.000 1.000 1.000 1.000 1.000 1.000 1.000 1.000 1.000 1.000
     30       2.489    0.090 0.996      1.000 1.000 1.000 1.000 1.000 1.000 1.000 1.000 1.000 1.000 1.000 1.000 1.000 1.000 1.000
     31       1.688    0.134 0.991      1.000 1.000 1.000 1.000 1.000 1.000 1.000 1.000 1.000 1.000 1.000 1.000 1.000 1.000 1.000
     32       1.547    0.147 0.989      1.000 1.000 1.000 1.000 1.000 1.000 1.000 1.000 1.000 1.000 1.000 1.000 1.000 1.000 1.000
     33       1.084    0.212 0.977      1.000 1.000 1.000 1.000 1.000 1.000 1.000 1.000 1.000 1.000 1.000 1.000 1.000 1.000 1.000
     34       0.533    0.877 0.480      1.000 1.000 1.000 1.000 1.000 1.000 1.000 1.000 1.000 1.000 1.000 1.000 1.000 1.000 1.000
     35       2.423    0.996 0.093      1.000 1.000 1.000 1.000 1.000 1.000 1.000 1.000 1.000 1.000 1.000 1.000 1.000 1.000 1.000
     36       2.940    0.997 0.076      1.000 1.000 1.000 1.000 1.000 1.000 1.000 1.000 1.000 1.000 1.000 1.000 1.000 1.000 1.000
     37       3.340    0.998 0.067      1.000 1.000 1.000 1.000 1.000 1.000 1.000 1.000 1.000 1.000 1.000 1.000 1.000 1.000 1.000
     38       3.625    0.998 0.062      1.000 1.000 1.000 1.000 1.000 1.000 1.000 1.000 1.000 1.000 1.000 1.000 1.000 1.000 1.000

  R CORE   ENERGY   A0R/A00=1.000    R3= 0     2  
   2( 1)    0.730                    0.866-0.500
   2( 2)    1.460                    0.500 0.866

  R CORE   ENERGY   A0R/A00=1.000    R3= 0     2  
   3( 1)    2.190                    0.000 1.000

  R CORE   ENERGY   A0R/A00=1.000    R3= 0     2     4  
   4( 1)    1.947                    0.740-0.661 0.125

  R CORE   ENERGY   A0R/A00=1.000    R3= 0     2     4  
   5( 1)    4.380                    0.000 0.866-0.500

  R CORE   ENERGY   A0R/A00=1.000    R3= 0     2     4     6  
   6( 1)    3.650                   -0.672 0.695-0.254 0.031

  R CORE   ENERGY   A0R/A00=1.000    R3= 0     2     4     6  
   7( 1)    7.057                    0.000 0.747-0.637 0.187
 

             ENERGY     K= 1/2
 
 I=  1/2- (1)  0.916  34: 1.000
 
 I=  1/2- (2)  2.790  33: 1.000
 
 I=  1/2- (3)  2.803  32: 1.000
 
 I=  1/2- (4)  2.980  31: 1.000
 
 I=  1/2- (5)  3.965  29: 1.000

             ENERGY     K= 1/2  -3/2
 
 I=  3/2- (1)  1.666  34: 0.886-0.464
 
 I=  3/2- (2)  2.429  34: 0.464 0.886

             ENERGY     K= 5/2   1/2  -3/2
 
 I=  5/2- (1)  1.631  34: 0.486-0.850 0.200
 
 I=  5/2- (2)  2.340  34: 0.798 0.526 0.295
 
 I=  5/2- (3)  3.133  33: 0.979-0.170-0.116
 
 I=  5/2- (4)  3.158  34:-0.357 0.016 0.934
 
 I=  5/2- (5)  3.341  31: 0.035-0.539 0.841

             ENERGY     K= 5/2   1/2  -3/2  -7/2
 
 I=  7/2- (1)  2.879  34:-0.505 0.726-0.452 0.115
 
 I=  7/2- (2)  3.078  34: 0.784 0.169-0.597 0.025
 
 I=  7/2- (3)  3.522  33: 0.704-0.675 0.219 0.020
 
 I=  7/2- (4)  4.250  31:-0.182 0.545-0.748 0.334
 
 I=  7/2- (5)  4.419  32: 0.041 0.506-0.822 0.258

             ENERGY     K= 9/2   5/2   1/2  -3/2  -7/2
 
 I=  9/2- (1)  2.842  34:-0.126 0.565-0.734 0.353-0.037
 
 I=  9/2- (2)  4.617  32:-0.065 0.389-0.711 0.556-0.171
 
 I=  9/2- (3)  4.623  31: 0.009-0.173 0.568-0.721 0.358
 
 I=  9/2- (4)  4.786  28: 0.983-0.181 0.027-0.003-0.000
 
 I=  9/2- (5)  4.858  33: 0.467-0.800 0.376-0.012 0.022

             ENERGY     K= 9/2   5/2   1/2  -3/2  -7/2 -11/2
 
 I= 11/2- (1)  4.591  34: 0.139-0.457 0.672-0.524 0.210-0.030
 
 I= 11/2- (2)  4.959  33:-0.289 0.646-0.639 0.299-0.041-0.008
 
 I= 11/2- (3)  5.025  35: 0.050 0.345 0.728 0.570 0.157 0.010
 
 I= 11/2- (4)  5.254  34: 0.463-0.668-0.065 0.536-0.217 0.002
 
 I= 11/2- (5)  5.903  31:-0.065 0.278-0.579 0.659-0.379 0.074

             ENERGY     K=13/2   9/2   5/2   1/2  -3/2  -7/2 -11/2
 
 I= 13/2- (1)  4.540  34: 0.032-0.233 0.565-0.669 0.407-0.113 0.007
 
 I= 13/2- (2)  5.932  28: 0.925-0.360 0.116-0.027 0.004-0.000-0.000
 
 I= 13/2- (3)  6.245  32: 0.016-0.143 0.429-0.653 0.551-0.251 0.051
 
 I= 13/2- (4)  6.394  31:-0.002 0.051-0.253 0.561-0.660 0.413-0.116
 
 I= 13/2- (5)  6.519  36: 0.000 0.041 0.331 0.738 0.569 0.142 0.007

             ENERGY     K=13/2   9/2   5/2   1/2  -3/2  -7/2 -11/2
  32 LEVELS    TIME=  0.0 SEC



 ******************* EXCITATION ENERGIES, DOMINANT CONFIGURATION AND EXPECTATION VALUES (WITH S.P. UU+VV FACTORS) *******************

  NR  Eex(keV)  I   Kdom  NY    <Jz>  <Jx**2> <Jy**2> <Jz**2> <I.j>/|I|  <Rx**2> <Ry**2> <Rz**2> <R.j>/|R|  <HROTx> <HROTy> <HROTz>

   1    0.0   1/2-   1/2  34    0.57    0.29    1.90    1.45    0.92       0.04    1.64    1.13   -1.70      0.009   0.100   0.275
   2  714.8   5/2-   1/2  34    0.57    0.29    1.90    1.45    0.62       0.94    5.59    2.18   -0.61      0.228   0.340   0.531
   3  750.1   3/2-   1/2  34    0.57    0.29    1.90    1.45   -0.40       1.18    5.70    2.05   -1.48      0.287   0.347   0.500
   4 1423.7   5/2-   5/2  34    0.57    0.29    1.90    1.45    0.63       3.15    1.65    3.87   -0.60      0.766   0.101   0.941
   5 1512.8   3/2-   3/2  34    0.57    0.29    1.90    1.45   -0.42       2.89    1.64    4.50   -1.48      0.703   0.100   1.094
  
   6 1873.5   1/2-   1/2  33    1.20    1.38    1.53    5.22    0.09       2.17    2.28    4.27   -2.73      0.527   0.139   1.040
   7 1886.8   1/2-   1/2  32   -0.30    1.68    1.73    2.77    0.51       1.55    1.17    3.32   -2.33      0.377   0.071   0.808
   8 1925.5   9/2-   1/2  34    0.57    0.29    1.90    1.45    0.58       1.99   17.53    3.12   -0.16      0.485   1.066   0.758
   9 1963.1   7/2-   1/2  34    0.57    0.29    1.90    1.45   -0.40       2.16   17.23    3.17   -1.10      0.527   1.048   0.772
  10 2063.6   1/2-   1/2  31   -0.63    1.12    4.63    1.65   -0.37       1.61    4.65    2.53   -2.60      0.393   0.283   0.616
  
  11 2161.6   7/2-   5/2  34    0.57    0.29    1.90    1.45    0.54       3.97    6.14    4.95   -0.38      0.967   0.374   1.204
  12 2217.0   5/2-   5/2  33    1.20    1.38    1.53    5.22    1.04       2.13    3.08    5.52   -1.54      0.518   0.187   1.344
  13 2241.5   5/2-   3/2  34    0.57    0.29    1.90    1.45   -0.45       4.03    5.67    5.34   -1.28      0.980   0.345   1.301
  14 2424.2   5/2-   3/2  31   -0.63    1.12    4.63    1.65    0.40       2.29    9.34    2.17   -1.68      0.557   0.568   0.528
  15 2605.8   7/2-   5/2  33    1.20    1.38    1.53    5.22    0.79       2.29   10.10    5.21   -1.19      0.557   0.614   1.267
  
  16 3048.6   1/2-   1/2  29    0.49    2.65    3.67    0.46    0.34       3.04    3.68    0.22   -2.46      0.740   0.224   0.054
  17 3333.4   7/2-   3/2  31   -0.63    1.12    4.63    1.65   -0.04       2.91   17.30    3.29   -1.56      0.708   1.052   0.801
  18 3502.7   7/2-   3/2  32   -0.30    1.68    1.73    2.77   -0.20       3.39   15.66    4.50   -1.44      0.824   0.953   1.096
  19 3623.8  13/2-   1/2  34    0.57    0.29    1.90    1.45    0.56       2.99   37.46    4.11    0.04      0.728   2.279   1.001
  20 3675.1  11/2-   1/2  34    0.57    0.29    1.90    1.45   -0.47       3.11   37.71    4.15   -0.96      0.756   2.294   1.009
  
  21 3700.7   9/2-   1/2  32   -0.30    1.68    1.73    2.77    0.73       3.91   14.70    5.03   -0.52      0.952   0.894   1.224
  22 3706.6   9/2-   3/2  31   -0.63    1.12    4.63    1.65    0.34       3.08   22.32    3.40   -1.07      0.749   1.358   0.828
  23 3869.5   9/2-   9/2  28    4.42    1.80    2.72   19.68    3.93       3.16    6.34    0.31   -1.48      0.770   0.385   0.075
  24 3941.7   9/2-   5/2  33    1.20    1.38    1.53    5.22    0.55       4.21   15.87    7.34   -1.03      1.024   0.965   1.785
  25 4042.7  11/2-   5/2  33    1.20    1.38    1.53    5.22    0.70       3.10   26.14    6.29   -0.66      0.754   1.590   1.531
  
  26 4108.5  11/2-   1/2  35    0.00   54.94    5.99    2.28    6.77       3.99    9.80    4.25   -5.36      0.972   0.596   1.033
  27 4337.6  11/2-   5/2  34    0.57    0.29    1.90    1.45    0.56       6.88   17.68    8.11   -0.05      1.673   1.076   1.973
  28 4986.2  11/2-   3/2  31   -0.63    1.12    4.63    1.65   -0.13       3.99   36.57    4.19   -1.23      0.970   2.225   1.020
  29 5015.4  13/2-  13/2  28    4.42    1.80    2.72   19.68    3.91       2.96   11.44    3.95    0.72      0.720   0.696   0.961
  30 5328.7  13/2-   1/2  32   -0.30    1.68    1.73    2.77    0.75       4.91   33.46    6.03   -0.14      1.196   2.035   1.467
  
  31 5477.4  13/2-   3/2  31   -0.63    1.12    4.63    1.65    0.31       4.09   43.39    4.40   -0.73      0.996   2.639   1.070
  32 5602.6  13/2-   1/2  36   -0.03   39.28   17.70    6.21    5.71       0.84   23.32    8.04   -4.11      0.204   1.419   1.956
