1SPECTRUM OF (Z= 82 A=207) IN PARTICLE-ROTOR  MODEL WITH MODIFIED OSCILLATOR POTENTIAL


 PARITY=-   EPS= 0.369   GAMMA= 34.3   EPS4=0.000   EPS6=0.000   LEVELS:  30  31  32  33  34

 PAIRING FACTORS: GN0= 19.20  GN1=  7.40  IPAIR= 15 ***  E2PLUS(INPUT)=   0.803  E2PLUR(INPUT)=   0.000

 CORIOLIS ATTENUATION PARAMETERS:  CHSI=0.000  ETA=  1.00

 MOMENT OF INERTIA PARAMETERS:   A1=  0.372 MEV   A2=  0.070 MEV   A3=  0.22044 MEV


 DELTA=0.835 MEV  LAMBDA=53.3369 MEV   HW0= 7.5243 MEV   LAMBDA/HW0= 7.0886

 E2ENERGY=0.803 MEV  HBAR**2/B=19315./A**(7/3)=3265.1/A**2 MEV

 IREC=0  =>  RECOIL TERMS j+j-, j+j+, jzjz, ETC TREATED AS ONE-BODY OPERATORS WITH UU+VV PAIRING FACTORS



 S. P. LEVEL   EQP       U     V        (UU + VV)**1.00

     30       1.446    0.303 0.953      1.000 0.996 0.843 0.646 0.606
     31       1.159    0.392 0.920      0.996 1.000 0.890 0.715 0.678
     32       0.849    0.768 0.640      0.843 0.890 1.000 0.955 0.939
     33       1.176    0.923 0.385      0.646 0.715 0.955 1.000 0.999
     34       1.320    0.942 0.336      0.606 0.678 0.939 0.999 1.000

  R CORE   ENERGY   A0R/A00=1.000    R3= 0     2  
   2( 1)    0.803                   -0.706 0.708
   2( 2)    1.847                    0.708 0.706

  R CORE   ENERGY   A0R/A00=1.000    R3= 0     2  
   3( 1)    2.650                    0.000 1.000

  R CORE   ENERGY   A0R/A00=1.000    R3= 0     2     4  
   4( 1)    2.245                   -0.657 0.707-0.260

  R CORE   ENERGY   A0R/A00=1.000    R3= 0     2     4  
   5( 1)    5.059                    0.000-0.706 0.708

  R CORE   ENERGY   A0R/A00=1.000    R3= 0     2     4     6  
   6( 1)    4.222                   -0.605 0.702-0.365 0.089

  R CORE   ENERGY   A0R/A00=1.000    R3= 0     2     4     6  
   7( 1)    8.149                    0.000-0.591 0.707-0.387
 

             ENERGY     K= 1/2
 
 I=  1/2- (1)  4.355  34: 1.000
 
 I=  1/2- (2)  4.679  31: 1.000

             ENERGY     K= 1/2  -3/2
 
 I=  3/2- (1)  4.804  31:-0.493 0.870
 
 I=  3/2- (2)  5.074  34: 0.743-0.669

             ENERGY     K= 5/2   1/2  -3/2
 
 I=  5/2- (1)  5.211  34: 0.649-0.690 0.320
 
 I=  5/2- (2)  5.715  31: 0.388-0.685 0.617

             ENERGY     K= 5/2   1/2  -3/2  -7/2
 
 I=  7/2- (1)  6.083  31:-0.193 0.552-0.691 0.425
 
 I=  7/2- (2)  6.447  34:-0.463 0.664-0.540 0.231

             ENERGY     K= 9/2   5/2   1/2  -3/2  -7/2
 
 I=  9/2- (1)  5.683  32:-0.028-0.307-0.743-0.580-0.129
 
 I=  9/2- (2)  6.707  34:-0.247 0.575-0.651 0.413-0.117

             ENERGY     K= 9/2   5/2   1/2  -3/2  -7/2 -11/2
 
 I= 11/2- (1)  7.143  32:-0.156-0.600-0.273 0.611 0.409 0.039
 
 I= 11/2- (2)  7.889  31: 0.068-0.286 0.548-0.630 0.441-0.149

             ENERGY     K=13/2   9/2   5/2   1/2  -3/2  -7/2 -11/2
 
 I= 13/2- (1)  6.485  32:-0.003 0.012 0.294 0.754 0.577 0.106-0.007
 
 I= 13/2- (2)  8.729  34: 0.085-0.314 0.547-0.602 0.438-0.198 0.041

             ENERGY     K=13/2   9/2   5/2   1/2  -3/2  -7/2 -11/2
  21 LEVELS    TIME=  0.0 SEC



 ******************* EXCITATION ENERGIES, DOMINANT CONFIGURATION AND EXPECTATION VALUES (WITH S.P. UU+VV FACTORS) *******************

  NR  Eex(keV)  I   Kdom  NY    <Jz>  <Jx**2> <Jy**2> <Jz**2> <I.j>/|I|  <Rx**2> <Ry**2> <Rz**2> <R.j>/|R|  <HROTx> <HROTy> <HROTz>

   1    0.0   1/2-   1/2  34    0.44    1.80    2.14   10.42    0.65       1.71    2.04   10.23   -3.69      0.637   0.143   2.255
   2  323.6   1/2-   1/2  31   -0.42    4.03    6.86    6.26   -0.16       3.98    7.28    6.93   -4.06      1.480   0.512   1.528
   3  449.3   3/2-   3/2  31   -0.42    4.03    6.86    6.26    0.38       3.98    8.27    7.18   -3.72      1.480   0.582   1.583
   4  718.9   3/2-   1/2  34    0.44    1.80    2.14   10.42   -0.29       2.03    5.30   11.92   -3.40      0.755   0.373   2.627
   5  855.5   5/2-   1/2  34    0.44    1.80    2.14   10.42    0.45       1.96    6.10   12.41   -2.88      0.727   0.429   2.735
  
   6 1327.6   9/2-   1/2  32   -0.47   30.45   20.81    3.98    4.58       5.19   23.65    5.64   -5.53      1.927   1.664   1.243
   7 1359.4   5/2-   1/2  31   -0.42    4.03    6.86    6.26   -0.14       4.79   13.71    8.21   -3.40      1.781   0.965   1.810
   8 1363.2   1/2-   1/2  30    1.31    2.31    2.04   14.74    0.31       2.86    2.76   13.68   -4.28      1.062   0.194   3.016
   9 1554.2   3/2-   1/2  31   -0.42    4.03    6.86    6.26   -0.23       7.18    7.62    7.01   -3.77      2.668   0.536   1.546
  10 1695.7   5/2-   5/2  30    1.31    2.31    2.04   14.74    1.05       3.05    4.17   14.41   -3.44      1.135   0.293   3.177
  
  11 1728.1   7/2-   3/2  31   -0.42    4.03    6.86    6.26    0.28       4.72   17.04    8.94   -2.90      1.754   1.199   1.971
  12 2091.7   7/2-   1/2  34    0.44    1.80    2.14   10.42   -0.30       2.93   16.46   13.06   -2.73      1.090   1.158   2.879
  13 2129.6  13/2-   1/2  32   -0.47   30.45   20.81    3.98    4.62       6.74   27.19    5.52   -3.66      2.506   1.913   1.216
  14 2352.2   9/2-   1/2  34    0.44    1.80    2.14   10.42    0.40       2.97   18.63   13.50   -2.08      1.102   1.310   2.975
  15 2359.1   7/2-   5/2  30    1.31    2.31    2.04   14.74    0.79       3.52   10.41   14.64   -2.99      1.308   0.732   3.228
  
  16 2787.8  11/2-   3/2  32   -0.47   30.45   20.81    3.98    3.77       5.41   30.91    9.57   -4.83      2.009   2.174   2.110
  17 2955.9   9/2-   1/2  31   -0.42    4.03    6.86    6.26   -0.14       5.54   28.18    9.58   -2.71      2.058   1.982   2.111
  18 3534.0  11/2-   3/2  31   -0.42    4.03    6.86    6.26    0.24       5.65   34.39   10.04   -2.22      2.098   2.419   2.212
  19 3981.0  11/2-   5/2  30    1.31    2.31    2.04   14.74    0.72       3.73   25.69   16.77   -2.17      1.387   1.807   3.696
  20 4373.7  13/2-   1/2  34    0.44    1.80    2.14   10.42    0.39       3.76   39.14   14.78   -1.53      1.397   2.754   3.258
  
  21 4604.1  13/2-   7/2  32   -0.47   30.45   20.81    3.98    3.28       5.85   37.41   15.00   -4.24      2.172   2.632   3.306
