1SPECTRUM OF (Z= 82 A=207) IN PARTICLE-ROTOR  MODEL WITH MODIFIED OSCILLATOR POTENTIAL


 PARITY=-   EPS= 0.153   GAMMA= 51.4   EPS4=0.000   EPS6=0.000   LEVELS:  31  32  33  34  35

 PAIRING FACTORS: GN0= 19.20  GN1=  7.40  IPAIR= 15 ***  E2PLUS(INPUT)=   0.730  E2PLUR(INPUT)=   0.000

 CORIOLIS ATTENUATION PARAMETERS:  CHSI=0.000  ETA=  1.00

 MOMENT OF INERTIA PARAMETERS:   A1=  3.929 MEV   A2=  0.101 MEV   A3=  0.14275 MEV


 DELTA=0.539 MEV  LAMBDA=53.3348 MEV   HW0= 7.4297 MEV   LAMBDA/HW0= 7.1786

 E2ENERGY=0.730 MEV  HBAR**2/B= 4142./A**(7/3)= 700.2/A**2 MEV

 IREC=0  =>  RECOIL TERMS j+j-, j+j+, jzjz, ETC TREATED AS ONE-BODY OPERATORS WITH UU+VV PAIRING FACTORS



 S. P. LEVEL   EQP       U     V        (UU + VV)**1.00

     31       1.843    0.148 0.989      1.000 0.970 0.922 0.320 0.285
     32       0.759    0.384 0.923      0.970 1.000 0.989 0.541 0.510
     33       0.607    0.519 0.855      0.922 0.989 1.000 0.662 0.634
     34       1.546    0.984 0.177      0.320 0.541 0.662 1.000 0.999
     35       1.935    0.990 0.141      0.285 0.510 0.634 0.999 1.000

  R CORE   ENERGY   A0R/A00=1.000    R3= 0     2  
   2( 1)    0.730                   -0.504 0.864
   2( 2)   15.958                    0.864 0.504

  R CORE   ENERGY   A0R/A00=1.000    R3= 0     2  
   3( 1)   16.688                    0.000 1.000

  R CORE   ENERGY   A0R/A00=1.000    R3= 0     2     4  
   4( 1)    2.429                    0.385-0.568 0.727

  R CORE   ENERGY   A0R/A00=1.000    R3= 0     2     4  
   5( 1)   18.878                    0.000-0.504 0.864

  R CORE   ENERGY   A0R/A00=1.000    R3= 0     2     4     6  
   6( 1)    5.088                   -0.330 0.474-0.502 0.643

  R CORE   ENERGY   A0R/A00=1.000    R3= 0     2     4     6  
   7( 1)   22.039                    0.000 0.319-0.592 0.740
 

             ENERGY     K= 1/2
 
 I=  1/2- (1)  2.460  35: 1.000
 
 I=  1/2- (2)  4.851  31: 1.000

             ENERGY     K= 1/2  -3/2
 
 I=  3/2- (1)  3.180  35:-0.504 0.863
 
 I=  3/2- (2)  5.503  31:-0.503 0.865

             ENERGY     K= 5/2   1/2  -3/2
 
 I=  5/2- (1)  3.197  35: 0.789-0.504 0.352
 
 I=  5/2- (2)  5.633  31: 0.787-0.505 0.354

             ENERGY     K= 5/2   1/2  -3/2  -7/2
 
 I=  7/2- (1)  4.873  35:-0.285 0.386-0.492 0.727
 
 I=  7/2- (2)  7.152  31:-0.281 0.383-0.492 0.729

             ENERGY     K= 9/2   5/2   1/2  -3/2  -7/2
 
 I=  9/2- (1)  4.903  35: 0.690-0.475 0.385-0.311 0.229
 
 I=  9/2- (2)  7.382  31: 0.687-0.476 0.387-0.313 0.232

             ENERGY     K= 9/2   5/2   1/2  -3/2  -7/2 -11/2
 
 I= 11/2- (1)  7.524  35: 0.206-0.274 0.331-0.387 0.458-0.643
 
 I= 11/2- (2)  9.763  31: 0.201-0.270 0.328-0.386 0.460-0.647

             ENERGY     K=13/2   9/2   5/2   1/2  -3/2  -7/2 -11/2
 
 I= 13/2- (1)  7.569  35: 0.621-0.445 0.380-0.330 0.283-0.232 0.171
 
 I= 13/2- (2) 10.089  31: 0.616-0.445 0.381-0.332 0.285-0.235 0.174

             ENERGY     K=13/2   9/2   5/2   1/2  -3/2  -7/2 -11/2
  21 LEVELS    TIME=  0.0 SEC



 ******************* EXCITATION ENERGIES, DOMINANT CONFIGURATION AND EXPECTATION VALUES (WITH S.P. UU+VV FACTORS) *******************

  NR  Eex(keV)  I   Kdom  NY    <Jz>  <Jx**2> <Jy**2> <Jz**2> <I.j>/|I|  <Rx**2> <Ry**2> <Rz**2> <R.j>/|R|  <HROTx> <HROTy> <HROTz>

   1    0.0   1/2-   1/2  35    0.50    0.25    2.44    2.32    0.85       0.00    2.22    2.07   -2.06      0.007   0.224   0.295
   2  720.2   3/2-   3/2  35    0.50    0.25    2.44    2.32   -0.37       0.00    5.15    5.05   -1.79      0.007   0.518   0.720
   3  736.5   5/2-   5/2  35    0.50    0.25    2.44    2.32    0.58       0.00    5.30    5.05   -1.03      0.007   0.534   0.721
   4 2390.7   1/2-   1/2  31    0.36    0.82    1.99    5.06    0.77       0.54    1.79    4.95   -2.67      2.120   0.181   0.707
   5 2412.7   7/2-   7/2  35    0.50    0.25    2.44    2.32   -0.42       0.00   12.32   11.81   -1.36      0.012   1.241   1.685
  
   6 2442.5   9/2-   9/2  35    0.50    0.25    2.44    2.32    0.54       0.00   12.59   11.83   -0.47      0.012   1.268   1.689
   7 3043.0   3/2-   3/2  31    0.36    0.82    1.99    5.06   -0.28       0.54    4.64    7.51   -2.36      2.120   0.467   1.072
   8 3172.4   5/2-   5/2  31    0.36    0.82    1.99    5.06    0.50       0.54    4.92    8.22   -1.73      2.121   0.496   1.173
   9 4691.8   7/2-   7/2  31    0.36    0.82    1.99    5.06   -0.34       0.54   11.72   14.05   -1.80      2.124   1.180   2.005
  10 4922.0   9/2-   9/2  31    0.36    0.82    1.99    5.06    0.46       0.54   12.30   15.22   -1.06      2.127   1.239   2.173
  
  11 5064.2  11/2-  11/2  35    0.50    0.25    2.44    2.32   -0.44       0.01   24.17   21.87   -1.13      0.033   2.434   3.123
  12 5108.5  13/2-  13/2  35    0.50    0.25    2.44    2.32    0.52       0.01   24.55   21.94   -0.20      0.031   2.472   3.132
  13 7077.6   3/2-   1/2  33    0.59    1.26    1.93    6.08    0.67       2.00    2.68    5.77   -2.47      7.838   0.270   0.823
  14 7103.3   1/2-   1/2  32   -0.53    1.25    6.41    1.89   -0.28       1.99    6.12    2.67   -2.98      7.807   0.617   0.381
  15 7302.4  11/2-  11/2  31    0.36    0.82    1.99    5.06   -0.36       0.54   23.41   23.98   -1.45      2.140   2.357   3.422
  
  16 7568.4   5/2-   3/2  32   -0.53    1.25    6.41    1.89    0.62       2.01    9.99    2.64   -2.02      7.886   1.006   0.377
  17 7628.8  13/2-  13/2  31    0.36    0.82    1.99    5.06    0.44       0.55   24.42   25.47   -0.67      2.151   2.459   3.636
  18 8188.9   7/2-   5/2  33    0.59    1.26    1.93    6.08    0.59       2.00   10.19    8.14   -1.54      7.854   1.026   1.162
  19 9100.2   9/2-   3/2  32   -0.53    1.25    6.41    1.89    0.59       2.01   20.40    6.05   -1.24      7.883   2.054   0.864
  2010180.7  11/2-   5/2  33    0.59    1.26    1.93    6.08    0.57       2.00   23.79   12.44   -0.95      7.862   2.395   1.776
  
  2111522.8  13/2-   7/2  32   -0.53    1.25    6.41    1.89    0.57       2.01   36.97   11.31   -0.78      7.885   3.723   1.615
