1SPECTRUM OF (Z= 82 A=207) IN PARTICLE-ROTOR  MODEL WITH MODIFIED OSCILLATOR POTENTIAL


 PARITY=-   EPS= 0.619   GAMMA=  0.0   EPS4=0.000   EPS6=0.000   LEVELS:  31  32  33  34  35

 PAIRING FACTORS: GN0= 19.20  GN1=  7.40  IPAIR= 15 ***  E2PLUS(INPUT)=   0.013  E2PLUR(INPUT)=   0.000

 CORIOLIS ATTENUATION PARAMETERS:  CHSI=0.000  ETA=  1.00

 MOMENT OF INERTIA PARAMETERS:   A1=  0.002 MEV   A2=  0.002 MEV   A3=  2.17116 MEV


 DELTA=0.891 MEV  LAMBDA=53.7391 MEV   HW0= 7.8090 MEV   LAMBDA/HW0= 6.8817

 E2ENERGY=0.013 MEV  HBAR**2/B= 1265./A**(7/3)= 213.9/A**2 MEV

 IREC=0  =>  RECOIL TERMS j+j-, j+j+, jzjz, ETC TREATED AS ONE-BODY OPERATORS WITH UU+VV PAIRING FACTORS



 S. P. LEVEL   EQP       U     V        (UU + VV)**1.00

     31       1.017    0.861 0.509      1.000 0.997 0.993 0.988 0.952
     32       1.125    0.897 0.441      0.997 1.000 0.999 0.997 0.973
     33       1.199    0.914 0.407      0.993 0.999 1.000 0.999 0.981
     34       1.302    0.930 0.368      0.988 0.997 0.999 1.000 0.988
     35       2.057    0.975 0.222      0.952 0.973 0.981 0.988 1.000

  R CORE   ENERGY   A0R/A00=1.000    R3= 0     2  
   2( 1)    0.013                    1.000 0.000
   2( 2)    8.689                    0.000 1.000

  R CORE   ENERGY   A0R/A00=1.000    R3= 0     2  
   3( 1)    8.702                    0.000 1.000

  R CORE   ENERGY   A0R/A00=1.000    R3= 0     2     4  
   4( 1)    0.043                    1.000 0.000 0.000

  R CORE   ENERGY   A0R/A00=1.000    R3= 0     2     4  
   5( 1)    8.741                    0.000 1.000 0.000

  R CORE   ENERGY   A0R/A00=1.000    R3= 0     2     4     6  
   6( 1)    0.091                    1.000 0.000 0.000 0.000

  R CORE   ENERGY   A0R/A00=1.000    R3= 0     2     4     6  
   7( 1)    8.798                    0.000 1.000 0.000 0.000

          AXIAL SYMMETRY => K RESTRICTED TO OMEGA

                     K
     S.P. ORB#: 31 -3.50
     S.P. ORB#: 32 -1.50
     S.P. ORB#: 33 -5.50
     S.P. ORB#: 34 -3.50
     S.P. ORB#: 35  0.50
 

             ENERGY    K= OMEGA
 
 I=  1/2- (1)  2.083  35: 1.000
 
 I=  1/2- (2)  3.731  32: 1.000
 
 I=  1/2- (3) 12.307  31: 1.000
 
 I=  1/2- (4) 12.592  34: 1.000
 
 I=  1/2- (5) 28.122  33: 1.000

             ENERGY    K= OMEGA
 
 I=  3/2- (1)  1.201  32: 1.000
 
 I=  3/2- (2)  2.086  35: 1.000
 
 I=  3/2- (3) 14.913  31: 1.000
 
 I=  3/2- (4) 15.197  34: 1.000
 
 I=  3/2- (5) 30.727  33: 1.000

             ENERGY    K= OMEGA
 
 I=  5/2- (1)  1.212  32: 1.000
 
 I=  5/2- (2)  2.103  35: 1.000
 
 I=  5/2- (3) 19.255  31: 1.000
 
 I=  5/2- (4) 19.540  34: 1.000
 
 I=  5/2- (5) 35.070  33: 1.000

             ENERGY    K= OMEGA
 
 I=  7/2- (1)  1.053  31: 1.000
 
 I=  7/2- (2)  1.227  32: 1.000
 
 I=  7/2- (3)  1.404  34: 1.000
 
 I=  7/2- (4)  2.110  35: 1.000
 
 I=  7/2- (5) 41.149  33: 1.000

             ENERGY    K= OMEGA
 
 I=  9/2- (1)  1.072  31: 1.000
 
 I=  9/2- (2)  1.246  32: 1.000
 
 I=  9/2- (3)  1.424  34: 1.000
 
 I=  9/2- (4)  2.140  35: 1.000
 
 I=  9/2- (5) 48.965  33: 1.000

             ENERGY    K= OMEGA
 
 I= 11/2- (1)  1.096  31: 1.000
 
 I= 11/2- (2)  1.223  33: 1.000
 
 I= 11/2- (3)  1.270  32: 1.000
 
 I= 11/2- (4)  1.448  34: 1.000
 
 I= 11/2- (5)  2.151  35: 1.000

             ENERGY    K= OMEGA
 
 I= 13/2- (1)  1.124  31: 1.000
 
 I= 13/2- (2)  1.252  33: 1.000
 
 I= 13/2- (3)  1.298  32: 1.000
 
 I= 13/2- (4)  1.476  34: 1.000
 
 I= 13/2- (5)  2.195  35: 1.000

             ENERGY     K= 1/2
  35 LEVELS    TIME=  0.0 SEC



 ******************* EXCITATION ENERGIES, DOMINANT CONFIGURATION AND EXPECTATION VALUES (WITH S.P. UU+VV FACTORS) *******************

  NR  Eex(keV)  I   Kdom  NY    <Jz>  <Jx**2> <Jy**2> <Jz**2> <I.j>/|I|  <Rx**2> <Ry**2> <Rz**2> <R.j>/|R|  <HROTx> <HROTy> <HROTz>

   1    0.0   7/2-  -7/2  31   -3.50    6.46    6.46   12.25    3.09       8.21    8.21    0.00   -3.19      0.018   0.018   0.000
   2   19.5   9/2-  -7/2  31   -3.50    6.46    6.46   12.25    2.46      12.71   12.71    0.00   -2.56      0.028   0.028   0.000
   3   43.4  11/2-  -7/2  31   -3.50    6.46    6.46   12.25    2.05      18.21   18.21    0.00   -2.14      0.040   0.040   0.000
   4   71.6  13/2-  -7/2  31   -3.50    6.46    6.46   12.25    1.75      24.71   24.71    0.00   -1.84      0.054   0.054   0.000
   5  148.0   3/2-  -3/2  32   -1.50   16.58   16.58    2.25    1.16      17.33   17.33   -0.00   -5.63      0.038   0.038  -0.000
  
   6  158.8   5/2-  -3/2  32   -1.50   16.58   16.58    2.25    0.76      19.83   19.83   -0.00   -5.27      0.043   0.043  -0.000
   7  170.6  11/2- -11/2  33   -5.50    2.75    2.75   30.25    5.06       5.50    5.50    0.00   -1.66      0.012   0.012   0.000
   8  174.0   7/2-  -3/2  32   -1.50   16.58   16.58    2.25    0.57      23.33   23.33   -0.00   -4.85      0.051   0.051  -0.000
   9  193.6   9/2-  -3/2  32   -1.50   16.58   16.58    2.25    0.45      27.83   27.83   -0.00   -4.44      0.060   0.060  -0.000
  10  198.8  13/2- -11/2  33   -5.50    2.75    2.75   30.25    4.33      12.00   12.00    0.00   -1.12      0.026   0.026   0.000
  
  11  217.5  11/2-  -3/2  32   -1.50   16.58   16.58    2.25    0.38      33.33   33.33   -0.00   -4.06      0.072   0.072  -0.000
  12  245.7  13/2-  -3/2  32   -1.50   16.58   16.58    2.25    0.32      39.83   39.83   -0.00   -3.72      0.086   0.086  -0.000
  13  351.5   7/2-  -7/2  34   -3.50   21.79   21.79   12.25    3.09      23.54   23.54    0.00   -6.35      0.051   0.051   0.000
  14  371.0   9/2-  -7/2  34   -3.50   21.79   21.79   12.25    2.46      28.04   28.04    0.00   -5.82      0.061   0.061   0.000
  15  394.9  11/2-  -7/2  34   -3.50   21.79   21.79   12.25    2.05      33.54   33.54    0.00   -5.32      0.073   0.073   0.000
  
  16  423.1  13/2-  -7/2  34   -3.50   21.79   21.79   12.25    1.75      40.04   40.04    0.00   -4.87      0.087   0.087   0.000
  17 1030.6   1/2-   1/2  35    0.50    5.57    5.57    0.25   -0.03       6.09    6.09    0.00   -3.27      0.013   0.013   0.000
  18 1033.5   3/2-   1/2  35    0.50    5.57    5.57    0.25    0.41       6.77    6.77    0.00   -2.88      0.015   0.015   0.000
  19 1050.4   5/2-   1/2  35    0.50    5.57    5.57    0.25   -0.19      10.64   10.64    0.00   -2.59      0.023   0.023   0.000
  20 1057.2   7/2-   1/2  35    0.50    5.57    5.57    0.25    0.34      12.22   12.22    0.00   -2.03      0.027   0.027   0.000
  
  21 1087.5   9/2-   1/2  35    0.50    5.57    5.57    0.25   -0.23      19.19   19.19    0.00   -2.02      0.042   0.042   0.000
  22 1098.3  11/2-   1/2  35    0.50    5.57    5.57    0.25    0.32      21.67   21.67    0.00   -1.44      0.047   0.047   0.000
  23 1142.0  13/2-   1/2  35    0.50    5.57    5.57    0.25   -0.24      31.74   31.74    0.00   -1.64      0.069   0.069   0.000
  24 2678.1   1/2-  -3/2  32    0.00    0.00    0.00    0.00   -0.00       0.00    0.00    0.00   -0.00      0.000   0.000   0.000
  2511254.4   1/2-  -7/2  31    0.00    0.00    0.00    0.00   -0.00       0.00    0.00    0.00   -0.00      0.000   0.000   0.000
  
  2611539.3   1/2-  -7/2  34    0.00    0.00    0.00    0.00   -0.00       0.00    0.00    0.00   -0.00      0.000   0.000   0.000
  2713859.8   3/2-  -7/2  31   -0.00    0.00    0.00    0.00    0.00       0.00    0.00   -0.00   -0.00      0.000   0.000  -0.000
  2814144.7   3/2-  -7/2  34   -0.00    0.00    0.00    0.00    0.00       0.00    0.00   -0.00   -0.00      0.000   0.000  -0.000
  2918202.1   5/2-  -7/2  31   -0.00    0.00    0.00    0.00    0.00       0.00    0.00   -0.00   -0.00      0.000   0.000  -0.000
  3018487.0   5/2-  -7/2  34   -0.00    0.00    0.00    0.00    0.00       0.00    0.00   -0.00   -0.00      0.000   0.000  -0.000
  
  3127069.1   1/2- -11/2  33    0.00    0.00    0.00    0.00   -0.00       0.00    0.00    0.00   -0.00      0.000   0.000   0.000
  3229674.5   3/2- -11/2  33   -0.00    0.00    0.00    0.00    0.00       0.00    0.00   -0.00   -0.00      0.000   0.000  -0.000
  3334016.9   5/2- -11/2  33   -0.00    0.00    0.00    0.00    0.00       0.00    0.00   -0.00   -0.00      0.000   0.000  -0.000
  3440096.1   7/2- -11/2  33   -0.00    0.00    0.00    0.00    0.00       0.00    0.00    0.00   -0.00      0.000   0.000   0.000
  3547912.3   9/2- -11/2  33   -0.00    0.00    0.00    0.00    0.00       0.00    0.00    0.00   -0.00      0.000   0.000   0.000
  
