1SPECTRUM OF (Z= 82 A=207) IN PARTICLE-ROTOR  MODEL WITH MODIFIED OSCILLATOR POTENTIAL


 PARITY=-   EPS= 0.349   GAMMA=  7.8   EPS4=0.000   EPS6=0.000   LEVELS:  29  30  31  32  33

 PAIRING FACTORS: GN0= 19.20  GN1=  7.40  IPAIR= 15 ***  E2PLUS(INPUT)=   0.730  E2PLUR(INPUT)=   0.000

 CORIOLIS ATTENUATION PARAMETERS:  CHSI=0.000  ETA=  1.00

 MOMENT OF INERTIA PARAMETERS:   A1=  0.141 MEV   A2=  0.103 MEV   A3=  4.74136 MEV


 DELTA=0.923 MEV  LAMBDA=53.3687 MEV   HW0= 7.5215 MEV   LAMBDA/HW0= 7.0954

 E2ENERGY=0.730 MEV  HBAR**2/B=21712./A**(7/3)=3670.4/A**2 MEV

 IREC=0  =>  RECOIL TERMS j+j-, j+j+, jzjz, ETC TREATED AS ONE-BODY OPERATORS WITH UU+VV PAIRING FACTORS



 S. P. LEVEL   EQP       U     V        (UU + VV)**1.00

     29       1.466    0.334 0.943      1.000 0.998 0.946 0.939 0.799
     30       1.274    0.394 0.919      0.998 1.000 0.965 0.959 0.837
     31       0.948    0.621 0.783      0.946 0.965 1.000 1.000 0.951
     32       0.939    0.638 0.770      0.939 0.959 1.000 1.000 0.957
     33       1.001    0.833 0.553      0.799 0.837 0.951 0.957 1.000

  R CORE   ENERGY   A0R/A00=1.000    R3= 0     2  
   2( 1)    0.730                    1.000-0.004
   2( 2)   19.209                    0.004 1.000

  R CORE   ENERGY   A0R/A00=1.000    R3= 0     2  
   3( 1)   19.939                    0.000 1.000

  R CORE   ENERGY   A0R/A00=1.000    R3= 0     2     4  
   4( 1)    2.431                    1.000-0.014 0.000

  R CORE   ENERGY   A0R/A00=1.000    R3= 0     2     4  
   5( 1)   22.129                    0.000 1.000-0.004

  R CORE   ENERGY   A0R/A00=1.000    R3= 0     2     4     6  
   6( 1)    5.095                    1.000-0.030 0.000-0.000

  R CORE   ENERGY   A0R/A00=1.000    R3= 0     2     4     6  
   7( 1)   25.291                    0.000 1.000-0.008 0.000
 

             ENERGY     K= 1/2
 
 I=  1/2- (1) 13.599  29: 1.000
 
 I=  1/2- (2) 25.133  30: 1.000

             ENERGY     K= 1/2  -3/2
 
 I=  3/2- (1)  8.395  30:-0.036 0.999
 
 I=  3/2- (2) 13.970  29: 0.998-0.063

             ENERGY     K= 5/2   1/2  -3/2
 
 I=  5/2- (1)  8.981  30: 0.002 0.051 0.999
 
 I=  5/2- (2) 14.549  29: 0.002-0.998-0.060

             ENERGY     K= 5/2   1/2  -3/2  -7/2
 
 I=  7/2- (1)  9.756  30: 0.002 0.083-0.997 0.004
 
 I=  7/2- (2) 15.370  29: 0.004-0.987 0.159-0.000

             ENERGY     K= 9/2   5/2   1/2  -3/2  -7/2
 
 I=  9/2- (1)  2.957  33: 1.000-0.006 0.000 0.000-0.000
 
 I=  9/2- (2) 10.853  30: 0.000-0.003-0.083-0.997 0.009

             ENERGY     K= 9/2   5/2   1/2  -3/2  -7/2 -11/2
 
 I= 11/2- (1)  4.293  33: 1.000-0.012 0.000-0.000 0.000 0.000
 
 I= 11/2- (2) 12.001  30:-0.000 0.003 0.130-0.991 0.014-0.000

             ENERGY     K=13/2   9/2   5/2   1/2  -3/2  -7/2 -11/2
 
 I= 13/2- (1)  5.870  33: 0.010-1.000 0.018-0.000-0.000 0.000 0.000
 
 I= 13/2- (2) 13.680  30: 0.000-0.000 0.004 0.109 0.994-0.020 0.000

             ENERGY     K=13/2   9/2   5/2   1/2  -3/2  -7/2 -11/2
  21 LEVELS    TIME=  0.0 SEC



 ******************* EXCITATION ENERGIES, DOMINANT CONFIGURATION AND EXPECTATION VALUES (WITH S.P. UU+VV FACTORS) *******************

  NR  Eex(keV)  I   Kdom  NY    <Jz>  <Jx**2> <Jy**2> <Jz**2> <I.j>/|I|  <Rx**2> <Ry**2> <Rz**2> <R.j>/|R|  <HROTx> <HROTy> <HROTz>

   1    0.0   9/2-   9/2  33    4.42    2.49    2.07   19.70    4.00       4.71    4.35    0.18   -1.44      0.663   0.446   0.846
   2 1336.9  11/2-   9/2  33    4.42    2.49    2.07   19.70    3.33      10.11    9.95    0.18   -0.97      1.424   1.020   0.848
   3 2913.7  13/2-   9/2  33    4.42    2.49    2.07   19.70    2.85      16.33   16.73    0.18   -0.76      2.301   1.715   0.853
   4 5438.5   3/2-   3/2  30   -1.39   21.05   27.34    2.17    1.16      21.57   27.98    0.26   -6.85      3.040   2.869   1.212
   5 6024.3   5/2-   3/2  30   -1.39   21.05   27.34    2.17    0.84      24.10   30.01    0.26   -6.52      3.396   3.076   1.235
  
   6 6799.6   7/2-   3/2  30   -1.39   21.05   27.34    2.17    0.74      26.28   33.87    0.28   -6.13      3.703   3.472   1.307
   7 7896.5   9/2-   3/2  30   -1.39   21.05   27.34    2.17    0.64      32.03   36.64    0.28   -5.71      4.514   3.756   1.309
   8 9044.7  11/2-   3/2  30   -1.39   21.05   27.34    2.17    0.69      33.31   44.41    0.31   -5.26      4.694   4.552   1.481
   910642.6   1/2-   1/2  29   -0.32    5.92    3.80    1.72   -0.23       5.80    4.49    2.29   -3.28      0.818   0.461  10.854
  1010722.9  13/2-   3/2  30   -1.39   21.05   27.34    2.17    0.59      44.26   46.50    0.30   -4.87      6.237   4.767   1.402
  
  1111013.0   3/2-   1/2  29   -0.32    5.92    3.80    1.72    0.01       8.21    4.67    2.29   -2.93      1.157   0.478  10.868
  1211592.4   5/2-   1/2  29   -0.32    5.92    3.80    1.72   -0.05       9.19    8.98    2.29   -2.56      1.295   0.920  10.867
  1312413.2   7/2-   1/2  29   -0.32    5.92    3.80    1.72    0.13      13.39   10.48    2.31   -2.14      1.887   1.074  10.942
  1412653.2   3/2-   3/2  31   -1.94    2.32    5.01    6.44    1.50       3.07    5.76    2.88   -3.18      0.433   0.590  13.639
  1513259.5   5/2-   3/2  31   -1.94    2.32    5.01    6.44    0.99       5.51    8.29    2.88   -2.66      0.777   0.850  13.641
  
  1613520.0   9/2-   1/2  29   -0.32    5.92    3.80    1.72   -0.01      16.91   17.10    2.29   -1.91      2.382   1.753  10.875
  1714112.7   7/2-   3/2  31   -1.94    2.32    5.01    6.44    0.73       9.04   11.77    2.88   -2.23      1.274   1.207  13.640
  1814695.7  11/2-   1/2  29   -0.32    5.92    3.80    1.72    0.22      20.00   22.24    2.34   -1.52      2.818   2.280  11.089
  1916429.0  13/2-   1/2  29   -0.32    5.92    3.80    1.72   -0.01      28.53   29.51    2.29   -1.48      4.019   3.025  10.874
  2022176.2   1/2-   1/2  30   -1.39   21.05   27.34    2.17   -0.79      19.91   28.97    3.81   -7.06      2.806   2.969  18.083
  
  2139848.1   1/2-   1/2  31   -1.94    2.32    5.01    6.44   -1.17       2.87    5.06    8.63   -3.64      0.404   0.518  40.935
