1SPECTRUM OF (Z= 82 A=207) IN PARTICLE-ROTOR  MODEL WITH MODIFIED OSCILLATOR POTENTIAL


 PARITY=-   EPS= 0.457   GAMMA= 15.0   EPS4=0.000   EPS6=0.000   LEVELS:  30  31  32  33  34

 PAIRING FACTORS: GN0= 19.20  GN1=  7.40  IPAIR= 15 ***  E2PLUS(INPUT)=   0.730  E2PLUR(INPUT)=   0.000

 CORIOLIS ATTENUATION PARAMETERS:  CHSI=0.000  ETA=  1.00

 MOMENT OF INERTIA PARAMETERS:   A1=  0.159 MEV   A2=  0.085 MEV   A3=  1.18876 MEV


 DELTA=0.752 MEV  LAMBDA=53.5389 MEV   HW0= 7.6049 MEV   LAMBDA/HW0= 7.0400

 E2ENERGY=0.730 MEV  HBAR**2/B=33724./A**(7/3)=5701.0/A**2 MEV

 IREC=0  =>  RECOIL TERMS j+j-, j+j+, jzjz, ETC TREATED AS ONE-BODY OPERATORS WITH UU+VV PAIRING FACTORS



 S. P. LEVEL   EQP       U     V        (UU + VV)**1.00

     30       1.257    0.315 0.949      1.000 0.969 0.801 0.607 0.562
     31       0.828    0.539 0.842      0.969 1.000 0.923 0.784 0.748
     32       0.802    0.821 0.571      0.801 0.923 1.000 0.962 0.946
     33       1.222    0.946 0.325      0.607 0.784 0.962 1.000 0.998
     34       1.433    0.962 0.273      0.562 0.748 0.946 0.998 1.000

  R CORE   ENERGY   A0R/A00=1.000    R3= 0     2  
   2( 1)    0.730                    1.000-0.030
   2( 2)    5.003                    0.030 1.000

  R CORE   ENERGY   A0R/A00=1.000    R3= 0     2  
   3( 1)    5.733                    0.000 1.000

  R CORE   ENERGY   A0R/A00=1.000    R3= 0     2     4  
   4( 1)    2.389                    0.993-0.114 0.001

  R CORE   ENERGY   A0R/A00=1.000    R3= 0     2     4  
   5( 1)    7.923                    0.000 1.000-0.030

  R CORE   ENERGY   A0R/A00=1.000    R3= 0     2     4     6  
   6( 1)    4.882                    0.973-0.232 0.008-0.000

  R CORE   ENERGY   A0R/A00=1.000    R3= 0     2     4     6  
   7( 1)   11.057                    0.000 0.998-0.067 0.001
 

             ENERGY     K= 1/2
 
 I=  1/2- (1)  5.269  32: 1.000
 
 I=  1/2- (2)  8.529  31: 1.000

             ENERGY     K= 1/2  -3/2
 
 I=  3/2- (1)  5.134  32: 1.000 0.000
 
 I=  3/2- (2)  7.655  33:-0.006 1.000

             ENERGY     K= 5/2   1/2  -3/2
 
 I=  5/2- (1)  6.564  32: 0.039-0.998 0.049
 
 I=  5/2- (2)  8.264  33: 0.002-0.016 1.000

             ENERGY     K= 5/2   1/2  -3/2  -7/2
 
 I=  7/2- (1)  6.245  32: 0.072-0.997 0.029 0.000
 
 I=  7/2- (2)  7.253  33: 0.001 0.002-0.091 0.996

             ENERGY     K= 9/2   5/2   1/2  -3/2  -7/2
 
 I=  9/2- (1)  8.309  33:-0.002 0.001-0.007 0.176-0.984
 
 I=  9/2- (2)  8.743  32:-0.002 0.142-0.984 0.108-0.003

             ENERGY     K= 9/2   5/2   1/2  -3/2  -7/2 -11/2
 
 I= 11/2- (1)  8.235  32:-0.005 0.167-0.982 0.087-0.001-0.000
 
 I= 11/2- (2)  9.554  33:-0.002 0.002 0.013-0.264 0.964-0.039

             ENERGY     K=13/2   9/2   5/2   1/2  -3/2  -7/2 -11/2
 
 I= 13/2- (1) 10.975  33:-0.000 0.003-0.004 0.026-0.347 0.935-0.069
 
 I= 13/2- (2) 11.688  32: 0.000-0.013 0.280-0.946 0.164-0.010 0.000

             ENERGY     K=13/2   9/2   5/2   1/2  -3/2  -7/2 -11/2
  21 LEVELS    TIME=  0.0 SEC



 ******************* EXCITATION ENERGIES, DOMINANT CONFIGURATION AND EXPECTATION VALUES (WITH S.P. UU+VV FACTORS) *******************

  NR  Eex(keV)  I   Kdom  NY    <Jz>  <Jx**2> <Jy**2> <Jz**2> <I.j>/|I|  <Rx**2> <Ry**2> <Rz**2> <R.j>/|R|  <HROTx> <HROTy> <HROTz>

   1    0.0   3/2-   1/2  32    0.71   10.42   20.22    1.18    0.91      10.88   20.45    0.72   -5.31      1.733   1.746   0.853
   2  134.9   1/2-   1/2  32    0.71   10.42   20.22    1.18   -0.40      11.32   21.22    0.72   -5.58      1.803   1.811   0.853
   3 1111.3   7/2-   1/2  32    0.71   10.42   20.22    1.18    0.80      15.03   25.46    0.74   -4.46      2.393   2.173   0.877
   4 1430.3   5/2-   1/2  32    0.71   10.42   20.22    1.18   -0.59      16.09   27.27    0.73   -5.06      2.562   2.328   0.872
   5 2119.6   7/2-   7/2  33   -2.63    2.76    1.52   10.43    2.31       4.13    3.73    4.25   -1.59      0.659   0.318   5.054
  
   6 2520.9   3/2-   3/2  33   -2.63    2.76    1.52   10.43    2.04       3.50    2.29    4.78   -3.31      0.557   0.195   5.680
   7 3101.5  11/2-   1/2  32    0.71   10.42   20.22    1.18    0.77      20.63   36.87    0.84   -3.56      3.286   3.147   1.001
   8 3129.9   5/2-   3/2  33   -2.63    2.76    1.52   10.43    1.34       5.95    4.82    4.78   -2.73      0.947   0.411   5.683
   9 3175.0   9/2-   7/2  33   -2.63    2.76    1.52   10.43    1.82       7.56    9.52    4.26   -1.22      1.204   0.813   5.069
  10 3220.1   5/2-   5/2  30    2.11   27.03   16.58    5.21    1.78      28.18   17.93    0.91   -6.35      4.488   1.531   1.079
  
  11 3361.9   3/2-   3/2  31   -0.52    4.78    6.41    4.58    0.54       4.69    7.44    5.29   -3.53      0.747   0.635   6.286
  12 3395.1   1/2-   1/2  31   -0.52    4.78    6.41    4.58   -0.26       4.64    6.98    5.35   -3.88      0.740   0.596   6.365
  13 3609.3   9/2-   1/2  32    0.71   10.42   20.22    1.18   -0.64      22.26   39.83    0.84   -4.41      3.546   3.400   0.996
  14 3996.9   7/2-   3/2  33   -2.63    2.76    1.52   10.43    1.00       9.66    8.05    4.78   -2.26      1.539   0.687   5.682
  15 4420.8  11/2-   7/2  33   -2.63    2.76    1.52   10.43    1.48      10.76   17.69    4.30   -1.02      1.714   1.510   5.109
  
  16 5121.1   9/2-   5/2  30    2.11   27.03   16.58    5.21    1.06      34.72   27.40    0.95   -5.49      5.530   2.339   1.130
  17 5840.9  13/2-   7/2  33   -2.63    2.76    1.52   10.43    1.23      13.57   28.31    4.35   -0.90      2.160   2.416   5.176
  18 5862.0   1/2-   1/2  30    2.11   27.03   16.58    5.21    1.36      27.22   16.64    3.35   -6.93      4.336   1.420   3.983
  19 6392.1  11/2-   5/2  30    2.11   27.03   16.58    5.21    0.87      38.31   34.87    1.00   -5.07      6.101   2.976   1.192
  20 6554.0  13/2-   1/2  32    0.71   10.42   20.22    1.18   -0.65      27.42   61.08    1.10   -3.84      4.367   5.213   1.305
  
  21 7823.7  13/2-   5/2  30    2.11   27.03   16.58    5.21    0.75      40.88   45.14    1.12   -4.67      6.511   3.853   1.337
