1SPECTRUM OF (Z= 82 A=207) IN PARTICLE-ROTOR  MODEL WITH MODIFIED OSCILLATOR POTENTIAL


 PARITY=-   EPS= 0.480   GAMMA=  7.5   EPS4=0.000   EPS6=0.000   LEVELS:  30  31  32  33  34

 PAIRING FACTORS: GN0= 19.20  GN1=  7.40  IPAIR= 15 ***  E2PLUS(INPUT)=   0.730  E2PLUR(INPUT)=   0.000

 CORIOLIS ATTENUATION PARAMETERS:  CHSI=0.000  ETA=  1.00

 MOMENT OF INERTIA PARAMETERS:   A1=  0.140 MEV   A2=  0.103 MEV   A3=  5.17558 MEV


 DELTA=0.799 MEV  LAMBDA=53.4184 MEV   HW0= 7.6319 MEV   LAMBDA/HW0= 6.9994

 E2ENERGY=0.730 MEV  HBAR**2/B=41196./A**(7/3)=6964.1/A**2 MEV

 IREC=0  =>  RECOIL TERMS j+j-, j+j+, jzjz, ETC TREATED AS ONE-BODY OPERATORS WITH UU+VV PAIRING FACTORS



 S. P. LEVEL   EQP       U     V        (UU + VV)**1.00

     30       1.388    0.302 0.953      1.000 0.978 0.880 0.559 0.535
     31       0.931    0.493 0.870      0.978 1.000 0.959 0.719 0.698
     32       0.799    0.719 0.695      0.880 0.959 1.000 0.886 0.872
     33       1.473    0.959 0.283      0.559 0.719 0.886 1.000 1.000
     34       1.622    0.967 0.255      0.535 0.698 0.872 1.000 1.000

  R CORE   ENERGY   A0R/A00=1.000    R3= 0     2  
   2( 1)    0.730                    1.000-0.003
   2( 2)   20.946                    0.003 1.000

  R CORE   ENERGY   A0R/A00=1.000    R3= 0     2  
   3( 1)   21.676                    0.000 1.000

  R CORE   ENERGY   A0R/A00=1.000    R3= 0     2     4  
   4( 1)    2.431                    1.000-0.012 0.000

  R CORE   ENERGY   A0R/A00=1.000    R3= 0     2     4  
   5( 1)   23.866                    0.000 1.000-0.003

  R CORE   ENERGY   A0R/A00=1.000    R3= 0     2     4     6  
   6( 1)    5.097                    1.000-0.026 0.000-0.000

  R CORE   ENERGY   A0R/A00=1.000    R3= 0     2     4     6  
   7( 1)   27.028                    0.000 1.000-0.007 0.000
 

             ENERGY     K= 1/2
 
 I=  1/2- (1)  7.615  31: 1.000
 
 I=  1/2- (2) 16.800  33: 1.000

             ENERGY     K= 1/2  -3/2
 
 I=  3/2- (1)  7.622  31: 1.000-0.001
 
 I=  3/2- (2) 13.822  33: 0.040 0.999

             ENERGY     K= 5/2   1/2  -3/2
 
 I=  5/2- (1)  8.827  31: 0.004-1.000 0.003
 
 I=  5/2- (2) 10.476  30: 1.000-0.004 0.000

             ENERGY     K= 5/2   1/2  -3/2  -7/2
 
 I=  7/2- (1)  8.842  31: 0.008-1.000 0.005-0.000
 
 I=  7/2- (2) 11.327  30: 1.000-0.008-0.000 0.000

             ENERGY     K= 9/2   5/2   1/2  -3/2  -7/2
 
 I=  9/2- (1) 11.008  31:-0.000 0.014-1.000 0.009-0.000
 
 I=  9/2- (2) 12.420  30: 0.004-1.000 0.014-0.000 0.000

             ENERGY     K= 9/2   5/2   1/2  -3/2  -7/2 -11/2
 
 I= 11/2- (1) 11.029  31: 0.000-0.020 1.000-0.012 0.000-0.000
 
 I= 11/2- (2) 13.754  30: 0.008-1.000 0.020 0.000-0.000 0.000

             ENERGY     K=13/2   9/2   5/2   1/2  -3/2  -7/2 -11/2
 
 I= 13/2- (1) 14.152  31:-0.000 0.000-0.030 0.999-0.018 0.000-0.000
 
 I= 13/2- (2) 15.327  30: 0.000-0.013 1.000-0.028 0.001-0.000-0.000

             ENERGY     K=13/2   9/2   5/2   1/2  -3/2  -7/2 -11/2
  21 LEVELS    TIME=  0.0 SEC



 ******************* EXCITATION ENERGIES, DOMINANT CONFIGURATION AND EXPECTATION VALUES (WITH S.P. UU+VV FACTORS) *******************

  NR  Eex(keV)  I   Kdom  NY    <Jz>  <Jx**2> <Jy**2> <Jz**2> <I.j>/|I|  <Rx**2> <Ry**2> <Rz**2> <R.j>/|R|  <HROTx> <HROTy> <HROTz>

   1    0.0   1/2-   1/2  31    0.75   10.21   19.76    1.09   -0.14      10.90   20.58    0.59   -5.51      1.527   2.126   3.032
   2    7.2   3/2-   1/2  31    0.75   10.21   19.76    1.09    0.71      11.10   20.37    0.59   -5.24      1.555   2.105   3.032
   3 1211.7   5/2-   1/2  31    0.75   10.21   19.76    1.09   -0.38      15.73   25.75    0.59   -4.96      2.203   2.660   3.033
   4 1227.3   7/2-   1/2  31    0.75   10.21   19.76    1.09    0.60      16.15   25.31    0.59   -4.42      2.263   2.615   3.034
   5 2860.7   5/2-   5/2  30    2.20   26.82   16.87    5.37    1.86      28.05   18.13    0.63   -6.37      3.930   1.873   3.284
  
   6 3392.9   9/2-   1/2  31    0.75   10.21   19.76    1.09   -0.43      24.32   35.17    0.59   -4.28      3.407   3.633   3.037
   7 3414.3  11/2-   1/2  31    0.75   10.21   19.76    1.09    0.57      24.87   34.58    0.59   -3.57      3.484   3.572   3.043
   8 3711.8   7/2-   5/2  30    2.20   26.82   16.87    5.37    1.38      31.51   21.68    0.63   -5.94      4.415   2.239   3.285
   9 4337.4   7/2-   7/2  34   -3.20   25.98   17.57   11.00    2.82      27.71   19.34    0.86   -6.26      3.882   1.998   4.450
  10 4804.8   9/2-   5/2  30    2.20   26.82   16.87    5.37    1.10      35.89   26.30    0.64   -5.50      5.028   2.717   3.287
  
  11 5431.4   9/2-   7/2  34   -3.20   25.98   17.57   11.00    2.25      32.13   23.92    0.86   -5.75      4.502   2.471   4.451
  12 6138.8  11/2-   5/2  30    2.20   26.82   16.87    5.37    0.92      41.13   32.06    0.64   -5.07      5.762   3.312   3.292
  13 6207.4   3/2-   3/2  33   -0.65    1.76    8.93    1.82    0.53       2.51    9.58    2.13   -3.05      0.352   0.990  11.008
  14 6536.6  13/2-   1/2  31    0.75   10.21   19.76    1.09   -0.45      36.27   49.23    0.59   -3.69      5.081   5.086   3.054
  15 6766.5  11/2-   7/2  34   -3.20   25.98   17.57   11.00    1.87      37.44   29.61    0.86   -5.26      5.245   3.059   4.455
  
  16 6787.7   5/2-   3/2  33   -0.65    1.76    8.93    1.82    0.39       4.34   12.48    2.13   -2.61      0.609   1.289  11.032
  17 7712.4  13/2-   5/2  30    2.20   26.82   16.87    5.37    0.79      47.17   39.02    0.64   -4.68      6.608   4.031   3.300
  18 8341.6  13/2-   7/2  34   -3.20   25.98   17.57   11.00    1.60      43.56   36.49    0.86   -4.82      6.103   3.770   4.462
  19 9184.7   1/2-   1/2  33   -0.65    1.76    8.93    1.82   -0.54       2.51    8.97    2.71   -3.44      0.352   0.927  14.048
  20 9408.6   3/2-   1/2  33   -0.65    1.76    8.93    1.82   -0.04       2.50   11.20    2.71   -3.11      0.351   1.157  14.043
  
  2110703.4   1/2-   1/2  32   -0.40    5.83    4.94    2.47   -0.27       5.76    5.57    3.12   -3.54      0.806   0.575  16.137
