1SPECTRUM OF (Z= 82 A=207) IN PARTICLE-ROTOR  MODEL WITH MODIFIED OSCILLATOR POTENTIAL


 PARITY=-   EPS= 0.069   GAMMA=  0.0   EPS4=0.000   EPS6=0.000   LEVELS:  32  33  34  35  36

 PAIRING FACTORS: GN0= 19.20  GN1=  7.40  IPAIR= 15 ***  E2PLUS(INPUT)=   0.200  E2PLUR(INPUT)=   0.000

 CORIOLIS ATTENUATION PARAMETERS:  CHSI=0.700  ETA=  5.00

     FOR ETA .NE. 1, THE ANGULAR MOMENTUM EXPECTATION VALUES OF THE ENERGY EIGENSTATES ARE CALCULATED ONLY APPROXIMATELY

 MOMENT OF INERTIA PARAMETERS:   A1=  0.033 MEV   A2=  0.033 MEV   A3= 33.40253 MEV


 DELTA=0.352 MEV  LAMBDA=53.1120 MEV   HW0= 7.4149 MEV   LAMBDA/HW0= 7.1629

 E2ENERGY=0.200 MEV  HBAR**2/B=  242./A**(7/3)=  40.9/A**2 MEV

 IREC=0  =>  RECOIL TERMS j+j-, j+j+, jzjz, ETC TREATED AS ONE-BODY OPERATORS WITH UU+VV PAIRING FACTORS



 S. P. LEVEL   EQP       U     V        (UU + VV)**5.00

     32       1.128    0.158 0.987      1.000 0.995 0.385 0.000 0.000
     33       0.885    0.203 0.979      0.995 1.000 0.446 0.001 0.001
     34       0.352    0.687 0.727      0.385 0.446 1.000 0.199 0.198
     35       3.371    0.999 0.052      0.000 0.001 0.199 1.000 1.000
     36       3.450    0.999 0.051      0.000 0.001 0.198 1.000 1.000

  R CORE   ENERGY   A0R/A00=1.000    R3= 0     2  
   2( 1)    0.200                    1.000 0.000
   2( 2)  133.677                    0.000 1.000

  R CORE   ENERGY   A0R/A00=1.000    R3= 0     2  
   3( 1)  133.877                    0.000 1.000

  R CORE   ENERGY   A0R/A00=1.000    R3= 0     2     4  
   4( 1)    0.668                    1.000 0.000 0.000

  R CORE   ENERGY   A0R/A00=1.000    R3= 0     2     4  
   5( 1)  134.479                    0.000 1.000 0.000

  R CORE   ENERGY   A0R/A00=1.000    R3= 0     2     4     6  
   6( 1)    1.403                    1.000 0.000 0.000 0.000

  R CORE   ENERGY   A0R/A00=1.000    R3= 0     2     4     6  
   7( 1)  135.347                    0.000 1.000 0.000 0.000

          AXIAL SYMMETRY => K RESTRICTED TO OMEGA

                     K
     S.P. ORB#: 32 -1.50
     S.P. ORB#: 33  2.50
     S.P. ORB#: 34  0.50
     S.P. ORB#: 35  0.50
     S.P. ORB#: 36 -1.50
 

             ENERGY    K= OMEGA
 
 I=  1/2- (1)  0.388  34: 1.000
 
 I=  1/2- (2)  5.746  35: 1.000
 
 I=  1/2- (3) 41.211  32: 1.000
 
 I=  1/2- (4) 43.533  36: 1.000
 
 I=  1/2- (5) 94.412  33: 1.000

             ENERGY    K= OMEGA
 
 I=  3/2- (1)  0.590  34:-1.000
 
 I=  3/2- (2)  1.290  32: 1.000

             ENERGY    K= OMEGA
 
 I=  5/2- (1)  0.587  34: 1.000
 
 I=  5/2- (2)  1.048  32:-0.160
                      33:-0.987
 
 I=  5/2- (3)  1.468  32: 0.987
                      33:-0.160
 
 I=  5/2- (4)  5.448  35: 0.430
                      36:-0.903
 
 I=  5/2- (5)  6.792  35:-0.903
                      36:-0.430

             ENERGY    K= OMEGA
 
 I=  7/2- (1)  1.059  34: 1.000
 
 I=  7/2- (2)  1.267  32: 0.236
                      33:-0.972
 
 I=  7/2- (3)  1.716  32: 0.972
                      33: 0.236
 
 I=  7/2- (4)  4.552  35: 0.888
                      36: 0.460
 
 I=  7/2- (5)  6.300  35:-0.460
                      36: 0.888

             ENERGY    K= OMEGA
 
 I=  9/2- (1)  1.053  34: 1.000
 
 I=  9/2- (2)  1.551  32:-0.295
                      33:-0.956
 
 I=  9/2- (3)  2.033  32: 0.956
                      33:-0.295
 
 I=  9/2- (4)  5.784  35: 0.443
                      36:-0.896
 
 I=  9/2- (5)  8.055  35:-0.896
                      36:-0.443

             ENERGY    K= OMEGA
 
 I= 11/2- (1)  1.795  34: 0.999
 
 I= 11/2- (2)  1.899  32: 0.342
                      33:-0.939
 
 I= 11/2- (3)  2.420  32: 0.939
                      33: 0.343
 
 I= 11/2- (4)  4.494  35: 0.888
                      36: 0.460
 
 I= 11/2- (5)  7.163  35:-0.460
                      36: 0.888

             ENERGY    K= OMEGA
 
 I= 13/2- (1)  1.786  34: 1.000
 
 I= 13/2- (2)  2.312  32:-0.382
                      33:-0.924
 
 I= 13/2- (3)  2.875  32: 0.924
                      33:-0.382
 
 I= 13/2- (4)  6.393  35: 0.448
                      36:-0.894
 
 I= 13/2- (5)  9.580  35:-0.894
                      36:-0.448

             ENERGY     K=-3/2
  32 LEVELS    TIME=  0.0 SEC



 ******************* EXCITATION ENERGIES, DOMINANT CONFIGURATION AND EXPECTATION VALUES (WITH S.P. UU+VV FACTORS) *******************

  NR  Eex(keV)  I   Kdom  NY    <Jz>  <Jx**2> <Jy**2> <Jz**2> <I.j>/|I|  <Rx**2> <Ry**2> <Rz**2> <R.j>/|R|  <HROTx> <HROTy> <HROTz>

   1    0.0   1/2-   1/2  34    0.50    0.79    0.79    0.25    0.88       0.53    0.53    0.00   -1.04      0.018   0.018   0.000
   2  199.0   5/2-   1/2  34    0.50    0.79    0.79    0.25    0.60       3.50    3.50    0.00   -0.02      0.117   0.117   0.000
   3  202.5   3/2-   1/2  34    0.50    0.79    0.79    0.25   -0.40       3.56    3.56    0.00   -0.97      0.119   0.119   0.000
   4  659.9   5/2-   5/2  33    2.40    1.35    1.35    6.15    2.23       2.20    2.20    0.00   -1.07      0.078   0.078   0.000
   5  665.2   9/2-   1/2  34    0.50    0.79    0.79    0.25    0.56      10.48   10.48    0.00    0.21      0.350   0.350   0.000
  
   6  671.5   7/2-   1/2  34    0.50    0.79    0.79    0.25   -0.45      10.58   10.58    0.00   -0.79      0.353   0.353   0.000
   7  879.6   7/2-   5/2  33    2.28    1.36    1.36    6.03    1.77       5.22    5.22    0.00   -0.53      0.184   0.184   0.000
   8  902.3   3/2-  -3/2  32   -1.50    1.67    1.67    2.25    1.16       2.42    2.42   -0.00   -1.52      0.081   0.081  -0.000
   9 1080.0   5/2-  -3/2  32   -1.40    1.67    1.67    2.35    0.64       5.31    5.31   -0.00   -1.16      0.173   0.173  -0.000
  10 1163.2   9/2-   5/2  33    2.15    1.37    1.37    5.90    1.52       9.16    9.16    0.00   -0.26      0.322   0.322   0.000
  
  11 1328.1   7/2-  -3/2  32   -1.28    1.66    1.66    2.47    0.37       9.30    9.30   -0.00   -1.00      0.301   0.301  -0.000
  12 1398.5  13/2-   1/2  34    0.50    0.79    0.79    0.25    0.55      21.46   21.46    0.00    0.31      0.717   0.717   0.000
  13 1407.7  11/2-   1/2  34    0.50    0.79    0.79    0.25   -0.47      21.58   21.58    0.00   -0.70      0.721   0.721   0.000
  14 1511.4  11/2-   5/2  33    2.03    1.38    1.38    5.78    1.35      14.07   14.07    0.00   -0.09      0.493   0.493   0.000
  15 1645.7   9/2-  -3/2  32   -1.15    1.64    1.64    2.60    0.19      14.36   14.36   -0.00   -0.92      0.463   0.463  -0.000
  
  16 1924.5  13/2-   5/2  33    1.92    1.39    1.39    5.67    1.24      19.93   19.93    0.00    0.03      0.696   0.696   0.000
  17 2032.4  11/2-  -3/2  32   -1.03    1.63    1.63    2.72    0.07      20.46   20.46   -0.00   -0.87      0.660   0.660  -0.000
  18 2487.7  13/2-  -3/2  32   -0.92    1.63    1.63    2.83   -0.02      27.59   27.59   -0.00   -0.84      0.891   0.891   0.000
  19 4106.5  11/2-   1/2  35    0.08   31.13   31.13    0.67    6.44      10.85   10.85    0.00   -5.25      0.553   0.553   0.000
  20 4164.1   7/2-   1/2  35    0.08   31.13   31.13    0.67    6.46      13.69   13.69    0.00   -7.13      0.582   0.582   0.000
  
  21 5060.8   5/2-  -3/2  36   -1.13   30.55   30.55    1.88    2.82      27.54   27.54    0.00   -7.36      1.007   1.007   0.000
  22 5358.5   1/2-   1/2  35    0.50   31.33   31.33    0.25   -4.30      35.55   35.55    0.00   -7.90      1.188   1.188   0.000
  23 5396.6   9/2-  -3/2  36   -1.11   30.57   30.57    1.86    2.67      30.57   30.57    0.00   -6.35      1.175   1.175   0.000
  24 5911.9   7/2-  -3/2  36   -1.08   30.58   30.58    1.83   -1.83      46.64   46.64    0.00   -7.27      1.433   1.433   0.000
  25 6005.3  13/2-  -3/2  36   -1.10   30.57   30.57    1.85    2.60      37.73   37.73    0.00   -5.16      1.479   1.479   0.000
  
  26 6404.1   5/2-   1/2  35    0.13   31.16   31.16    0.62   -6.00      53.58   53.58    0.00   -7.79      1.703   1.703   0.000
  27 6775.2  11/2-  -3/2  36   -1.08   30.58   30.58    1.83   -2.04      61.54   61.54    0.00   -6.77      1.865   1.865   0.000
  28 7667.6   9/2-   1/2  35    0.11   31.15   31.15    0.64   -6.16      74.49   74.49    0.00   -7.67      2.334   2.334   0.000
  29 9192.7  13/2-   1/2  35    0.10   31.14   31.14    0.65   -6.22      99.27   99.27    0.00   -7.55      3.097   3.097   0.000
  3040823.4   1/2-  -3/2  32    0.00    0.00    0.00    0.00   -0.00       0.00    0.00    0.00   -0.00      0.000   0.000   0.000
  
  3143145.2   1/2-  -3/2  36    0.00    0.00    0.00    0.00   -0.00       0.00    0.00    0.00   -0.00      0.000   0.000   0.000
  3294024.5   1/2-   5/2  33    0.00    0.00    0.00    0.00   -0.00       0.00    0.00    0.00   -0.00      0.000   0.000   0.000
