1SPECTRUM OF (Z= 82 A=207) IN PARTICLE-ROTOR  MODEL WITH MODIFIED OSCILLATOR POTENTIAL


 PARITY=-   EPS= 0.316   GAMMA= 55.0   EPS4=0.000   EPS6=0.000   LEVELS:  30  31  32  33  34

 PAIRING FACTORS: GN0= 19.20  GN1=  7.40  IPAIR= 15 ***  E2PLUS(INPUT)=   0.048  E2PLUR(INPUT)=   0.000

 CORIOLIS ATTENUATION PARAMETERS:  CHSI=0.000  ETA=  1.00

 MOMENT OF INERTIA PARAMETERS:   A1=  0.778 MEV   A2=  0.007 MEV   A3=  0.00881 MEV


 DELTA=0.651 MEV  LAMBDA=53.1695 MEV   HW0= 7.4892 MEV   LAMBDA/HW0= 7.0995

 E2ENERGY=0.048 MEV  HBAR**2/B= 1197./A**(7/3)= 202.3/A**2 MEV

 IREC=0  =>  RECOIL TERMS j+j-, j+j+, jzjz, ETC TREATED AS ONE-BODY OPERATORS WITH UU+VV PAIRING FACTORS



 S. P. LEVEL   EQP       U     V        (UU + VV)**1.00

     30       1.176    0.289 0.957      1.000 0.998 0.975 0.494 0.419
     31       1.005    0.345 0.939      0.998 1.000 0.987 0.544 0.472
     32       0.758    0.493 0.870      0.975 0.987 1.000 0.674 0.610
     33       1.507    0.975 0.221      0.494 0.544 0.674 1.000 0.996
     34       2.365    0.990 0.139      0.419 0.472 0.610 0.996 1.000

  R CORE   ENERGY   A0R/A00=1.000    R3= 0     2  
   2( 1)    0.048                   -0.501 0.866
   2( 2)    3.128                    0.866 0.501

  R CORE   ENERGY   A0R/A00=1.000    R3= 0     2  
   3( 1)    3.176                    0.000 1.000

  R CORE   ENERGY   A0R/A00=1.000    R3= 0     2     4  
   4( 1)    0.160                    0.377-0.561 0.737

  R CORE   ENERGY   A0R/A00=1.000    R3= 0     2     4  
   5( 1)    3.320                    0.000-0.501 0.866

  R CORE   ENERGY   A0R/A00=1.000    R3= 0     2     4     6  
   6( 1)    0.336                   -0.316 0.457-0.497 0.666

  R CORE   ENERGY   A0R/A00=1.000    R3= 0     2     4     6  
   7( 1)    3.528                    0.000 0.314-0.587 0.746
 

             ENERGY     K= 1/2
 
 I=  1/2- (1)  1.323  32: 1.000
 
 I=  1/2- (2)  4.178  30: 1.000

             ENERGY     K= 1/2  -3/2
 
 I=  3/2- (1)  1.365  32:-0.501 0.866
 
 I=  3/2- (2)  2.143  30: 0.866 0.500

             ENERGY     K= 5/2   1/2  -3/2
 
 I=  5/2- (1)  1.375  32: 0.790-0.501 0.354
 
 I=  5/2- (2)  2.183  30:-0.557-0.354 0.751

             ENERGY     K= 5/2   1/2  -3/2  -7/2
 
 I=  7/2- (1)  1.473  32:-0.281 0.377-0.486 0.737
 
 I=  7/2- (2)  2.239  30: 0.650-0.486 0.126 0.571

             ENERGY     K= 9/2   5/2   1/2  -3/2  -7/2
 
 I=  9/2- (1)  1.490  32: 0.699-0.469 0.377-0.307 0.234
 
 I=  9/2- (2)  2.311  30: 0.569 0.001-0.308 0.503-0.574

             ENERGY     K= 9/2   5/2   1/2  -3/2  -7/2 -11/2
 
 I= 11/2- (1)  1.645  32: 0.204-0.264 0.316-0.373 0.454-0.666
 
 I= 11/2- (2)  2.399  30: 0.513-0.489 0.373-0.190-0.075 0.563

             ENERGY     K=13/2   9/2   5/2   1/2  -3/2  -7/2 -11/2
 
 I= 13/2- (1)  1.670  32: 0.642-0.441 0.366-0.316 0.273-0.231 0.179
 
 I= 13/2- (2)  1.772  33: 0.015 0.137 0.417 0.648 0.561 0.263 0.056

             ENERGY     K=13/2   9/2   5/2   1/2  -3/2  -7/2 -11/2
  21 LEVELS    TIME=  0.0 SEC



 ******************* EXCITATION ENERGIES, DOMINANT CONFIGURATION AND EXPECTATION VALUES (WITH S.P. UU+VV FACTORS) *******************

  NR  Eex(keV)  I   Kdom  NY    <Jz>  <Jx**2> <Jy**2> <Jz**2> <I.j>/|I|  <Rx**2> <Ry**2> <Rz**2> <R.j>/|R|  <HROTx> <HROTy> <HROTz>

   1    0.0   1/2-   1/2  32    0.38    0.71    3.77   10.29    0.66       0.58    3.64   10.15   -3.74      0.449   0.026   0.089
   2   42.3   3/2-   3/2  32    0.38    0.71    3.77   10.29   -0.29       0.58    6.28   12.80   -3.46      0.449   0.045   0.113
   3   51.8   5/2-   5/2  32    0.38    0.71    3.77   10.29    0.45       0.58    6.88   13.38   -2.94      0.449   0.049   0.118
   4  150.5   7/2-   7/2  32    0.38    0.71    3.77   10.29   -0.34       0.58   13.08   19.53   -2.79      0.449   0.094   0.172
   5  167.5   9/2-   9/2  32    0.38    0.71    3.77   10.29    0.42       0.58   14.17   20.57   -2.13      0.449   0.102   0.181
  
   6  322.6  11/2-  11/2  32    0.38    0.71    3.77   10.29   -0.35       0.58   24.01   30.12   -2.28      0.449   0.173   0.265
   7  347.2  13/2-  13/2  32    0.38    0.71    3.77   10.29    0.41       0.58   25.59   31.62   -1.57      0.449   0.184   0.278
   8  449.5  13/2-   1/2  33   -0.00   41.94   12.03    9.36    6.03       0.06   15.30   12.59   -4.02      0.044   0.110   0.111
   9  819.9   3/2-   1/2  30   -0.12    2.31    8.34    5.44    0.90       1.09    9.09    6.19   -3.55      0.846   0.065   0.055
  10  859.9   5/2-   3/2  30   -0.12    2.31    8.34    5.44    0.59       1.09   11.60    8.68   -3.10      0.847   0.083   0.076
  
  11  915.9   7/2-   5/2  30   -0.12    2.31    8.34    5.44    0.44       1.09   15.11   12.17   -2.69      0.847   0.109   0.107
  12  987.8   9/2-   7/2  30   -0.12    2.31    8.34    5.44    0.35       1.09   19.67   16.61   -2.35      0.847   0.142   0.146
  13 1075.7  11/2-  11/2  30   -0.12    2.31    8.34    5.44    0.29       1.09   25.24   22.04   -2.06      0.847   0.182   0.194
  14 1179.6  13/2-  13/2  30   -0.12    2.31    8.34    5.44    0.25       1.09   31.93   28.34   -1.83      0.847   0.230   0.250
  15 1373.6  11/2-   1/2  34    0.00   29.91   12.35    9.38    5.02       0.15   15.11   12.12   -4.13      0.116   0.109   0.107
  
  16 2774.0   3/2-   1/2  32    0.38    0.71    3.77   10.29   -0.30       4.13    4.51   11.04   -3.46      3.209   0.032   0.097
  17 2813.8   5/2-   3/2  32    0.38    0.71    3.77   10.29   -0.18       4.13    6.98   13.50   -3.09      3.209   0.050   0.119
  18 2855.7   1/2-   1/2  30   -0.12    2.31    8.34    5.44   -0.81       3.71    8.72    5.81   -3.93      2.888   0.063   0.051
  19 2869.4   7/2-   5/2  32    0.38    0.71    3.77   10.29   -0.12       4.13   10.40   16.98   -2.72      3.210   0.075   0.150
  20 2940.9   9/2-   9/2  32    0.38    0.71    3.77   10.29   -0.09       4.13   14.85   21.40   -2.39      3.210   0.107   0.188
  
  2128146.4   1/2-   1/2  33   -0.00   41.94   12.03    9.36    3.74      35.72   12.28    9.61   -7.92     27.789   0.088   0.085
