1SPECTRUM OF (Z= 82 A=207) IN PARTICLE-ROTOR  MODEL WITH MODIFIED OSCILLATOR POTENTIAL


 PARITY=-   EPS= 0.311   GAMMA= 10.0   EPS4=0.000   EPS6=0.000   LEVELS:  31  32  33  34  35

 PAIRING FACTORS: GN0= 19.20  GN1=  7.40  IPAIR= 15 ***  E2PLUS(INPUT)=   0.730  E2PLUR(INPUT)=   0.000

 CORIOLIS ATTENUATION PARAMETERS:  CHSI=0.000  ETA=  1.00

 MOMENT OF INERTIA PARAMETERS:   A1=  0.146 MEV   A2=  0.097 MEV   A3=  2.84749 MEV


 DELTA=0.966 MEV  LAMBDA=53.2957 MEV   HW0= 7.4973 MEV   LAMBDA/HW0= 7.1087

 E2ENERGY=0.730 MEV  HBAR**2/B=16840./A**(7/3)=2846.8/A**2 MEV

 IREC=0  =>  RECOIL TERMS j+j-, j+j+, jzjz, ETC TREATED AS ONE-BODY OPERATORS WITH UU+VV PAIRING FACTORS



 S. P. LEVEL   EQP       U     V        (UU + VV)**1.00

     31       1.025    0.576 0.818      1.000 0.998 0.993 0.851 0.775
     32       0.989    0.626 0.780      0.998 1.000 0.999 0.882 0.813
     33       0.972    0.666 0.746      0.993 0.999 1.000 0.906 0.842
     34       1.333    0.919 0.394      0.851 0.882 0.906 1.000 0.991
     35       1.860    0.963 0.270      0.775 0.813 0.842 0.991 1.000

  R CORE   ENERGY   A0R/A00=1.000    R3= 0     2  
   2( 1)    0.730                    1.000-0.008
   2( 2)   11.634                    0.008 1.000

  R CORE   ENERGY   A0R/A00=1.000    R3= 0     2  
   3( 1)   12.364                    0.000 1.000

  R CORE   ENERGY   A0R/A00=1.000    R3= 0     2     4  
   4( 1)    2.426                    1.000-0.030 0.000

  R CORE   ENERGY   A0R/A00=1.000    R3= 0     2     4  
   5( 1)   14.554                    0.000 1.000-0.008

  R CORE   ENERGY   A0R/A00=1.000    R3= 0     2     4     6  
   6( 1)    5.068                    0.998-0.065 0.001-0.000

  R CORE   ENERGY   A0R/A00=1.000    R3= 0     2     4     6  
   7( 1)   17.712                    0.000 1.000-0.018 0.000
 

             ENERGY     K= 1/2
 
 I=  1/2- (1)  9.789  31: 1.000
 
 I=  1/2- (2) 12.144  35: 1.000

             ENERGY     K= 1/2  -3/2
 
 I=  3/2- (1)  7.751  31: 0.062 0.998
 
 I=  3/2- (2)  8.419  33:-0.094 0.996

             ENERGY     K= 5/2   1/2  -3/2
 
 I=  5/2- (1)  8.150  34: 1.000-0.007-0.002
 
 I=  5/2- (2)  8.304  31:-0.003-0.157 0.988

             ENERGY     K= 5/2   1/2  -3/2  -7/2
 
 I=  7/2- (1)  9.000  34: 1.000-0.015 0.003 0.000
 
 I=  7/2- (2)  9.198  31: 0.005 0.099 0.995-0.006

             ENERGY     K= 9/2   5/2   1/2  -3/2  -7/2
 
 I=  9/2- (1)  2.784  32: 1.000-0.012 0.000 0.000-0.000
 
 I=  9/2- (2) 10.074  31:-0.000 0.004 0.281-0.960 0.011

             ENERGY     K= 9/2   5/2   1/2  -3/2  -7/2 -11/2
 
 I= 11/2- (1)  4.118  32: 1.000-0.024 0.000-0.000 0.000 0.000
 
 I= 11/2- (2) 11.351  33:-0.000 0.011 0.293-0.956 0.023-0.000

             ENERGY     K=13/2   9/2   5/2   1/2  -3/2  -7/2 -11/2
 
 I= 13/2- (1)  5.687  32: 0.022-0.999 0.037-0.000-0.000 0.000 0.000
 
 I= 13/2- (2) 12.674  31: 0.000-0.000 0.001 0.383-0.923 0.024-0.000

             ENERGY     K=13/2   9/2   5/2   1/2  -3/2  -7/2 -11/2
  21 LEVELS    TIME=  0.0 SEC



 ******************* EXCITATION ENERGIES, DOMINANT CONFIGURATION AND EXPECTATION VALUES (WITH S.P. UU+VV FACTORS) *******************

  NR  Eex(keV)  I   Kdom  NY    <Jz>  <Jx**2> <Jy**2> <Jz**2> <I.j>/|I|  <Rx**2> <Ry**2> <Rz**2> <R.j>/|R|  <HROTx> <HROTy> <HROTz>

   1    0.0   9/2-   9/2  32    4.40    2.47    2.05   19.55    3.98       4.65    4.38    0.24   -1.41      0.680   0.425   0.689
   2 1334.5  11/2-   9/2  32    4.40    2.47    2.05   19.55    3.31       9.95   10.08    0.24   -0.95      1.455   0.980   0.694
   3 2903.1  13/2-   9/2  32    4.40    2.47    2.05   19.55    2.83      15.85   17.18    0.25   -0.75      2.320   1.670   0.708
   4 4967.3   3/2-   3/2  31   -0.69    1.62    7.87    1.75    0.57       2.37    8.44    1.95   -2.84      0.347   0.821   5.557
   5 5366.2   5/2-   5/2  34    2.44   24.65   25.14    6.09    2.06      25.88   26.41    0.16   -6.87      3.786   2.568   0.463
  
   6 5520.5   5/2-   3/2  31   -0.69    1.62    7.87    1.75    0.46       3.84   11.48    1.97   -2.38      0.561   1.116   5.601
   7 5634.9   3/2-   3/2  33   -1.29   20.49   29.58    2.13    1.32      20.45   29.83    0.55   -6.96      2.992   2.901   1.554
   8 6141.0   5/2-   3/2  33   -1.29   20.49   29.58    2.13    1.18      22.51   30.87    0.58   -6.63      3.293   3.002   1.657
   9 6216.5   7/2-   5/2  34    2.44   24.65   25.14    6.09    1.54      29.30   29.99    0.16   -6.46      4.286   2.916   0.465
  10 6414.3   7/2-   3/2  31   -0.69    1.62    7.87    1.75    0.34       8.71   13.65    1.96   -2.01      1.274   1.328   5.571
  
  11 6737.3   7/2-   3/2  33   -1.29   20.49   29.58    2.13    1.24      22.70   34.73    0.65   -6.20      3.321   3.377   1.851
  12 7005.0   1/2-   1/2  31   -0.69    1.62    7.87    1.75   -0.49       2.37    7.78    2.69   -3.26      0.347   0.756   7.660
  13 7258.5   3/2-   1/2  31   -0.69    1.62    7.87    1.75   -0.14       2.38   10.46    2.69   -2.92      0.348   1.018   7.652
  14 7290.3   9/2-   3/2  31   -0.69    1.62    7.87    1.75    0.40       8.43   21.56    2.01   -1.63      1.233   2.097   5.718
  15 7306.0   9/2-   5/2  34    2.44   24.65   25.14    6.09    1.22      33.54   34.73    0.17   -6.02      4.908   3.377   0.471
  
  16 8567.1  11/2-   3/2  33   -1.29   20.49   29.58    2.13    1.40      25.96   44.46    0.79   -5.19      3.798   4.324   2.257
  17 8630.6  11/2-   5/2  34    2.44   24.65   25.14    6.09    1.02      38.45   40.82    0.17   -5.59      5.625   3.969   0.487
  18 9360.1   1/2-   1/2  35   -0.12    2.45    0.91    3.09    0.37       2.37    0.73    3.46   -2.39      0.347   0.071   9.866
  19 9890.4  13/2-   3/2  31   -0.69    1.62    7.87    1.75    0.40      14.03   38.30    2.06   -1.15      2.053   3.724   5.871
  2010189.9  13/2-   5/2  34    2.44   24.65   25.14    6.09    0.87      44.00   48.26    0.18   -5.18      6.438   4.692   0.510
  
  2114432.7   1/2-   1/2  33   -1.29   20.49   29.58    2.13   -0.65      18.65   31.76    3.66   -7.17      2.728   3.089  10.428
