1SPECTRUM OF (Z= 82 A=207) IN PARTICLE-ROTOR  MODEL WITH MODIFIED OSCILLATOR POTENTIAL


 PARITY=-   EPS= 0.371   GAMMA= 21.0   EPS4=0.000   EPS6=0.000   LEVELS:  30  31  32  33  34

 PAIRING FACTORS: GN0= 19.20  GN1=  7.40  IPAIR= 15 ***  E2PLUS(INPUT)=   0.730  E2PLUR(INPUT)=   0.000

 CORIOLIS ATTENUATION PARAMETERS:  CHSI=0.000  ETA=  1.00

 MOMENT OF INERTIA PARAMETERS:   A1=  0.178 MEV   A2=  0.072 MEV   A3=  0.54799 MEV


 DELTA=0.905 MEV  LAMBDA=53.3173 MEV   HW0= 7.5323 MEV   LAMBDA/HW0= 7.0785

 E2ENERGY=0.730 MEV  HBAR**2/B=19643./A**(7/3)=3320.5/A**2 MEV

 IREC=0  =>  RECOIL TERMS j+j-, j+j+, jzjz, ETC TREATED AS ONE-BODY OPERATORS WITH UU+VV PAIRING FACTORS



 S. P. LEVEL   EQP       U     V        (UU + VV)**1.00

     30       1.115    0.456 0.890      1.000 1.000 0.959 0.879 0.722
     31       1.096    0.467 0.884      1.000 1.000 0.963 0.885 0.730
     32       0.906    0.688 0.725      0.959 0.963 1.000 0.978 0.888
     33       0.970    0.825 0.566      0.879 0.885 0.978 1.000 0.964
     34       1.466    0.945 0.327      0.722 0.730 0.888 0.964 1.000

  R CORE   ENERGY   A0R/A00=1.000    R3= 0     2  
   2( 1)    0.730                    0.994-0.106
   2( 2)    2.461                    0.106 0.994

  R CORE   ENERGY   A0R/A00=1.000    R3= 0     2  
   3( 1)    3.191                    0.000 1.000

  R CORE   ENERGY   A0R/A00=1.000    R3= 0     2     4  
   4( 1)    2.240                    0.939-0.343 0.014

  R CORE   ENERGY   A0R/A00=1.000    R3= 0     2     4  
   5( 1)    5.381                    0.000 0.994-0.106

  R CORE   ENERGY   A0R/A00=1.000    R3= 0     2     4     6  
   6( 1)    4.319                    0.854-0.518 0.058-0.002

  R CORE   ENERGY   A0R/A00=1.000    R3= 0     2     4     6  
   7( 1)    8.400                    0.000 0.974-0.227 0.013
 

             ENERGY     K= 1/2
 
 I=  1/2- (1)  4.097  34: 1.000
 
 I=  1/2- (2)  8.231  30: 1.000

             ENERGY     K= 1/2  -3/2
 
 I=  3/2- (1)  4.056  34: 0.529 0.848
 
 I=  3/2- (2)  4.310  34: 0.848-0.529

             ENERGY     K= 5/2   1/2  -3/2
 
 I=  5/2- (1)  4.388  34:-0.013-0.542 0.840
 
 I=  5/2- (2)  5.467  32: 0.999-0.036-0.007

             ENERGY     K= 5/2   1/2  -3/2  -7/2
 
 I=  7/2- (1)  5.536  34:-0.051 0.889 0.454-0.039
 
 I=  7/2- (2)  5.607  34: 0.096-0.449 0.886-0.059

             ENERGY     K= 9/2   5/2   1/2  -3/2  -7/2
 
 I=  9/2- (1)  5.769  34:-0.001-0.025 0.603-0.792 0.096
 
 I=  9/2- (2)  6.309  32: 0.961-0.276 0.028 0.003-0.004

             ENERGY     K= 9/2   5/2   1/2  -3/2  -7/2 -11/2
 
 I= 11/2- (1)  7.467  32: 0.892-0.445 0.073-0.013 0.006 0.001
 
 I= 11/2- (2)  7.531  34: 0.013-0.200 0.788-0.575 0.088-0.003

             ENERGY     K=13/2   9/2   5/2   1/2  -3/2  -7/2 -11/2
 
 I= 13/2- (1)  7.819  34:-0.000-0.001 0.086-0.620 0.758-0.183 0.012
 
 I= 13/2- (2)  8.720  32: 0.130-0.835 0.526-0.099-0.002 0.006 0.001

             ENERGY     K=13/2   9/2   5/2   1/2  -3/2  -7/2 -11/2
  21 LEVELS    TIME=  0.0 SEC



 ******************* EXCITATION ENERGIES, DOMINANT CONFIGURATION AND EXPECTATION VALUES (WITH S.P. UU+VV FACTORS) *******************

  NR  Eex(keV)  I   Kdom  NY    <Jz>  <Jx**2> <Jy**2> <Jz**2> <I.j>/|I|  <Rx**2> <Ry**2> <Rz**2> <R.j>/|R|  <HROTx> <HROTy> <HROTz>

   1    0.0   3/2-   3/2  34   -0.51    1.45    8.82    2.16    0.62       2.09    8.79    2.89   -3.02      0.372   0.634   1.584
   2   41.2   1/2-   1/2  34   -0.51    1.45    8.82    2.16   -0.45       2.26    8.78    2.91   -3.43      0.401   0.634   1.596
   3  254.1   3/2-   1/2  34   -0.51    1.45    8.82    2.16   -0.22       2.21   11.92    2.90   -3.11      0.393   0.860   1.592
   4  332.3   5/2-   3/2  34   -0.51    1.45    8.82    2.16    0.48       2.12   13.30    2.89   -2.57      0.377   0.960   1.585
   5  820.9   3/2-   3/2  31   -2.24    2.63    1.62    9.96    1.73       3.32    2.43    5.50   -3.24      0.590   0.175   3.015
  
   6 1411.2   5/2-   5/2  32    3.19    2.58    1.70   16.41    2.70       3.71    3.06    6.72   -3.46      0.660   0.221   3.680
   7 1436.0   5/2-   3/2  31   -2.24    2.63    1.62    9.96    1.14       5.69    5.00    5.52   -2.69      1.011   0.361   3.024
   8 1480.2   7/2-   1/2  34   -0.51    1.45    8.82    2.16    0.42       8.33   13.57    2.94   -2.16      1.480   0.979   1.611
   9 1550.7   7/2-   3/2  34   -0.51    1.45    8.82    2.16   -0.14       5.70   20.63    2.99   -2.40      1.014   1.488   1.639
  10 1565.0   7/2-   7/2  31   -2.24    2.63    1.62    9.96    1.86       3.43    5.34    6.44   -1.75      0.609   0.386   3.530
  
  11 1712.5   9/2-   3/2  34   -0.51    1.45    8.82    2.16    0.42       4.82   25.19    2.97   -1.80      0.856   1.818   1.629
  12 2252.8   9/2-   9/2  32    3.19    2.58    1.70   16.41    2.79       3.69    6.16    7.85   -1.62      0.655   0.444   4.303
  13 2498.8   9/2-   7/2  31   -2.24    2.63    1.62    9.96    1.36       5.85   13.24    6.32   -1.47      1.039   0.955   3.464
  14 3411.2  11/2-   9/2  32    3.19    2.58    1.70   16.41    2.18       6.57   16.03    7.73   -1.39      1.168   1.157   4.236
  15 3474.4  11/2-   1/2  34   -0.51    1.45    8.82    2.16   -0.27       7.52   40.53    3.29   -1.96      1.337   2.924   1.803
  
  16 3550.4  11/2-   7/2  31   -2.24    2.63    1.62    9.96    1.05       7.53   23.49    6.35   -1.29      1.338   1.695   3.477
  17 3763.2  13/2-   3/2  34   -0.51    1.45    8.82    2.16    0.39       7.56   44.95    3.22   -1.30      1.344   3.243   1.766
  18 4174.9   1/2-   1/2  30   -1.03   20.27   26.34    2.16   -0.25      17.75   28.76    3.44   -6.93      3.154   2.075   1.887
  19 4463.6   1/2-   1/2  31   -2.24    2.63    1.62    9.96   -1.05       2.73    1.59   12.45   -3.69      0.485   0.115   6.823
  20 4663.6  13/2-   9/2  32    3.19    2.58    1.70   16.41    1.80       8.55   27.93    7.81   -1.22      1.518   2.015   4.280
  
  21 4730.0  13/2-   7/2  31   -2.24    2.63    1.62    9.96    0.90       9.08   34.83    6.50   -1.12      1.613   2.512   3.564
