1SPECTRUM OF (Z= 82 A=207) IN PARTICLE-ROTOR  MODEL WITH MODIFIED OSCILLATOR POTENTIAL


 PARITY=-   EPS= 0.426   GAMMA= 47.0   EPS4=0.000   EPS6=0.000   LEVELS:  30  31  32  33  34

 PAIRING FACTORS: GN0= 19.20  GN1=  7.40  IPAIR= 15 ***  E2PLUS(INPUT)=   0.730  E2PLUR(INPUT)=   0.000

 CORIOLIS ATTENUATION PARAMETERS:  CHSI=0.000  ETA=  1.00

 MOMENT OF INERTIA PARAMETERS:   A1=  1.616 MEV   A2=  0.090 MEV   A3=  0.15407 MEV


 DELTA=0.898 MEV  LAMBDA=53.3498 MEV   HW0= 7.5548 MEV   LAMBDA/HW0= 7.0617

 E2ENERGY=0.730 MEV  HBAR**2/B=30284./A**(7/3)=5119.5/A**2 MEV

 IREC=0  =>  RECOIL TERMS j+j-, j+j+, jzjz, ETC TREATED AS ONE-BODY OPERATORS WITH UU+VV PAIRING FACTORS



 S. P. LEVEL   EQP       U     V        (UU + VV)**1.00

     30       1.136    0.440 0.898      1.000 0.940 0.905 0.790 0.696
     31       0.899    0.721 0.693      0.940 1.000 0.996 0.952 0.900
     32       0.921    0.781 0.625      0.905 0.996 1.000 0.976 0.936
     33       1.139    0.898 0.439      0.790 0.952 0.976 1.000 0.990
     34       1.530    0.951 0.309      0.696 0.900 0.936 0.990 1.000

  R CORE   ENERGY   A0R/A00=1.000    R3= 0     2  
   2( 1)    0.730                   -0.516 0.857
   2( 2)    6.709                    0.857 0.516

  R CORE   ENERGY   A0R/A00=1.000    R3= 0     2  
   3( 1)    7.439                    0.000 1.000

  R CORE   ENERGY   A0R/A00=1.000    R3= 0     2     4  
   4( 1)    2.409                    0.414-0.593 0.690

  R CORE   ENERGY   A0R/A00=1.000    R3= 0     2     4  
   5( 1)    9.629                    0.000-0.516 0.857

  R CORE   ENERGY   A0R/A00=1.000    R3= 0     2     4     6  
   6( 1)    4.983                   -0.379 0.528-0.514 0.560

  R CORE   ENERGY   A0R/A00=1.000    R3= 0     2     4     6  
   7( 1)   12.776                    0.000 0.337-0.606 0.720
 

             ENERGY     K= 1/2
 
 I=  1/2- (1)  6.020  34: 1.000
 
 I=  1/2- (2)  7.188  30: 1.000

             ENERGY     K= 1/2  -3/2
 
 I=  3/2- (1)  6.586  34:-0.517 0.856
 
 I=  3/2- (2)  7.705  30:-0.508 0.862

             ENERGY     K= 5/2   1/2  -3/2
 
 I=  5/2- (1)  6.859  34: 0.777-0.517 0.359
 
 I=  5/2- (2)  8.027  30: 0.663-0.731 0.160

             ENERGY     K= 5/2   1/2  -3/2  -7/2
 
 I=  7/2- (1)  8.156  34:-0.310 0.418-0.509 0.686
 
 I=  7/2- (2)  9.006  30: 0.300 0.459-0.809 0.211

             ENERGY     K= 9/2   5/2   1/2  -3/2  -7/2
 
 I=  9/2- (1)  8.642  34: 0.644-0.490 0.417-0.338 0.240
 
 I=  9/2- (2)  9.515  32:-0.059-0.370-0.706-0.573-0.181

             ENERGY     K= 9/2   5/2   1/2  -3/2  -7/2 -11/2
 
 I= 11/2- (1)  7.320  33:-0.082-0.384-0.692-0.570-0.204-0.021
 
 I= 11/2- (2) 10.619  34: 0.238-0.323 0.384-0.425 0.457-0.550

             ENERGY     K=13/2   9/2   5/2   1/2  -3/2  -7/2 -11/2
 
 I= 13/2- (1)  5.548  32: 0.010 0.116 0.405 0.665 0.565 0.242 0.043
 
 I= 13/2- (2)  8.878  33:-0.035-0.297-0.599-0.199 0.505 0.490 0.128

             ENERGY     K=13/2   9/2   5/2   1/2  -3/2  -7/2 -11/2
  21 LEVELS    TIME=  0.0 SEC



 ******************* EXCITATION ENERGIES, DOMINANT CONFIGURATION AND EXPECTATION VALUES (WITH S.P. UU+VV FACTORS) *******************

  NR  Eex(keV)  I   Kdom  NY    <Jz>  <Jx**2> <Jy**2> <Jz**2> <I.j>/|I|  <Rx**2> <Ry**2> <Rz**2> <R.j>/|R|  <HROTx> <HROTy> <HROTz>

   1    0.0  13/2-   1/2  32   -0.05   38.60   15.16    6.69    5.72       0.90   18.79    9.59   -3.79      1.459   1.690   1.478
   2  471.5   1/2-   1/2  34    0.28    1.43    2.65   12.40    0.45       1.45    2.63   12.37   -3.97      2.348   0.236   1.906
   3 1037.3   3/2-   3/2  34    0.28    1.43    2.65   12.40   -0.22       1.45    4.99   14.65   -3.68      2.350   0.449   2.257
   4 1310.3   5/2-   5/2  34    0.28    1.43    2.65   12.40    0.32       1.46    6.18   15.72   -3.22      2.351   0.556   2.422
   5 1639.4   1/2-   1/2  30    0.25    3.94   12.24    2.53    1.01       2.82   12.36    2.53   -4.24      4.550   1.112   0.390
  
   6 1771.9  11/2-   1/2  33    0.20   26.71   11.72    4.83    4.57       2.31   14.83    7.26   -3.23      3.730   1.334   1.118
   7 2156.7   3/2-   3/2  30    0.25    3.94   12.24    2.53    0.16       2.82   14.27    4.76   -3.94      4.551   1.284   0.734
   8 2479.0   5/2-   1/2  30    0.25    3.94   12.24    2.53    0.50       2.87   16.82    4.80   -3.48      4.639   1.513   0.740
   9 2607.9   7/2-   7/2  34    0.28    1.43    2.65   12.40   -0.25       1.47   12.37   20.34   -2.99      2.380   1.113   3.134
  10 2812.9   5/2-   3/2  30    0.25    3.94   12.24    2.53    1.08       3.28   12.78    4.98   -3.38      5.308   1.150   0.767
  
  11 3094.0   9/2-   9/2  34    0.28    1.43    2.65   12.40    0.30       1.48   14.71   22.09   -2.42      2.387   1.323   3.403
  12 3310.6   1/2-   1/2  31   -0.22    3.40    8.08    6.78   -0.29       3.76    8.50    7.25   -4.19      6.077   0.765   1.118
  13 3329.9  13/2-   5/2  33    0.20   26.71   11.72    4.83    3.90       2.32   22.25   12.93   -2.61      3.746   2.001   1.993
  14 3457.8   7/2-   3/2  30    0.25    3.94   12.24    2.53    0.50       3.13   21.75    5.57   -3.03      5.054   1.957   0.859
  15 3528.3   3/2-   3/2  31   -0.22    3.40    8.08    6.78    0.17       3.76    9.51    8.08   -3.88      6.077   0.855   1.245
  
  16 3885.0   7/2-   7/2  30    0.25    3.94   12.24    2.53    0.35       3.04   16.01   12.67   -3.08      4.905   1.440   1.952
  17 3967.0   9/2-   1/2  32   -0.05   38.60   15.16    6.69    5.56       3.50   17.47    8.88   -6.00      5.655   1.571   1.368
  18 4133.7   9/2-   5/2  30    0.25    3.94   12.24    2.53    0.43       2.97   28.47    7.73   -2.65      4.794   2.561   1.191
  19 5070.5  11/2-  11/2  34    0.28    1.43    2.65   12.40   -0.25       1.54   26.22   27.49   -2.42      2.495   2.358   4.236
  20 5303.7  11/2-   5/2  32   -0.05   38.60   15.16    6.69    4.63       3.50   23.14   14.21   -5.13      5.660   2.081   2.189
  
  21 5762.8  13/2-  13/2  34    0.28    1.43    2.65   12.40    0.29       1.55   29.95   29.69   -1.85      2.512   2.694   4.575
