1SPECTRUM OF (Z= 82 A=207) IN PARTICLE-ROTOR  MODEL WITH MODIFIED OSCILLATOR POTENTIAL


 PARITY=-   EPS= 0.348   GAMMA=  3.8   EPS4=0.000   EPS6=0.000   LEVELS:  29  30  31  32  33

 PAIRING FACTORS: GN0= 19.20  GN1=  7.40  IPAIR= 15 ***  E2PLUS(INPUT)=   0.730  E2PLUR(INPUT)=   0.000

 CORIOLIS ATTENUATION PARAMETERS:  CHSI=0.000  ETA=  1.00

 MOMENT OF INERTIA PARAMETERS:   A1=  0.131 MEV   A2=  0.112 MEV   A3= 21.15029 MEV


 DELTA=0.906 MEV  LAMBDA=53.3690 MEV   HW0= 7.5214 MEV   LAMBDA/HW0= 7.0956

 E2ENERGY=0.730 MEV  HBAR**2/B=22217./A**(7/3)=3755.8/A**2 MEV

 IREC=0  =>  RECOIL TERMS j+j-, j+j+, jzjz, ETC TREATED AS ONE-BODY OPERATORS WITH UU+VV PAIRING FACTORS



 S. P. LEVEL   EQP       U     V        (UU + VV)**1.00

     29       1.346    0.361 0.933      1.000 1.000 0.986 0.939 0.814
     30       1.302    0.375 0.927      1.000 1.000 0.989 0.944 0.823
     31       1.033    0.510 0.860      0.986 0.989 1.000 0.983 0.898
     32       0.914    0.660 0.751      0.939 0.944 0.983 1.000 0.964
     33       0.988    0.836 0.549      0.814 0.823 0.898 0.964 1.000

  R CORE   ENERGY   A0R/A00=1.000    R3= 0     2  
   2( 1)    0.730                    1.000-0.000
   2( 2)   84.844                    0.000 1.000

  R CORE   ENERGY   A0R/A00=1.000    R3= 0     2  
   3( 1)   85.574                    0.000 1.000

  R CORE   ENERGY   A0R/A00=1.000    R3= 0     2     4  
   4( 1)    2.433                    1.000-0.001 0.000

  R CORE   ENERGY   A0R/A00=1.000    R3= 0     2     4  
   5( 1)   87.764                    0.000 1.000-0.000

  R CORE   ENERGY   A0R/A00=1.000    R3= 0     2     4     6  
   6( 1)    5.109                    1.000-0.003 0.000-0.000

  R CORE   ENERGY   A0R/A00=1.000    R3= 0     2     4     6  
   7( 1)   90.928                    0.000 1.000-0.001 0.000
 

             ENERGY     K= 1/2
 
 I=  1/2- (1) 31.056  29: 1.000
 
 I=  1/2- (2) 63.141  31: 1.000

             ENERGY     K= 1/2  -3/2
 
 I=  3/2- (1)  8.698  30:-0.004 1.000
 
 I=  3/2- (2) 29.776  31: 0.004 1.000

             ENERGY     K= 5/2   1/2  -3/2
 
 I=  5/2- (1)  7.842  33: 1.000-0.000-0.000
 
 I=  5/2- (2)  9.305  30: 0.000 0.005 1.000

             ENERGY     K= 5/2   1/2  -3/2  -7/2
 
 I=  7/2- (1)  3.136  32: 0.000 0.000-0.000 1.000
 
 I=  7/2- (2)  8.693  33: 1.000-0.001 0.000 0.000

             ENERGY     K= 9/2   5/2   1/2  -3/2  -7/2
 
 I=  9/2- (1)  4.231  32:-0.000 0.000-0.000 0.001-1.000
 
 I=  9/2- (2)  9.788  33: 0.001-1.000 0.001 0.000 0.000

             ENERGY     K= 9/2   5/2   1/2  -3/2  -7/2 -11/2
 
 I= 11/2- (1)  5.569  32:-0.000 0.000 0.000-0.002 1.000-0.001
 
 I= 11/2- (2) 11.126  33: 0.001-1.000 0.002-0.000-0.000 0.000

             ENERGY     K=13/2   9/2   5/2   1/2  -3/2  -7/2 -11/2
 
 I= 13/2- (1)  7.150  32:-0.000 0.000-0.000 0.000-0.002 1.000-0.002
 
 I= 13/2- (2) 12.708  33: 0.000-0.002 1.000-0.003-0.000-0.000-0.000

             ENERGY     K=13/2   9/2   5/2   1/2  -3/2  -7/2 -11/2
  21 LEVELS    TIME=  0.0 SEC



 ******************* EXCITATION ENERGIES, DOMINANT CONFIGURATION AND EXPECTATION VALUES (WITH S.P. UU+VV FACTORS) *******************

  NR  Eex(keV)  I   Kdom  NY    <Jz>  <Jx**2> <Jy**2> <Jz**2> <I.j>/|I|  <Rx**2> <Ry**2> <Rz**2> <R.j>/|R|  <HROTx> <HROTy> <HROTz>

   1    0.0   7/2-   7/2  32   -3.48    2.29    2.17   12.18    3.07       4.04    3.93    0.06   -1.57      0.529   0.442   1.252
   2 1095.0   9/2-   7/2  32   -3.48    2.29    2.17   12.18    2.45       8.53    8.43    0.06   -1.08      1.117   0.948   1.252
   3 2433.1  11/2-   7/2  32   -3.48    2.29    2.17   12.18    2.04      14.01   13.95    0.06   -0.84      1.834   1.569   1.252
   4 4014.4  13/2-   7/2  32   -3.48    2.29    2.17   12.18    1.75      20.47   20.49    0.06   -0.70      2.679   2.305   1.252
   5 4705.8   5/2-   5/2  33    2.49   25.06   24.25    6.22    2.10      26.31   25.50    0.03   -6.85      3.443   2.868   0.543
  
   6 5557.4   7/2-   5/2  33    2.49   25.06   24.25    6.22    1.57      29.81   29.00    0.03   -6.43      3.901   3.262   0.543
   7 5561.7   3/2-   3/2  30   -1.47   22.70   26.12    2.23    1.15      23.43   26.86    0.06   -6.88      3.066   3.022   1.308
   8 6168.8   5/2-   3/2  30   -1.47   22.70   26.12    2.23    0.75      25.95   29.32    0.06   -6.56      3.396   3.298   1.309
   9 6652.3   9/2-   5/2  33    2.49   25.06   24.25    6.22    1.25      34.30   33.52    0.03   -5.99      4.488   3.770   0.543
  10 7016.2   7/2-   3/2  30   -1.47   22.70   26.12    2.23    0.57      29.33   32.89    0.06   -6.18      3.838   3.699   1.313
  
  11 7990.4  11/2-   5/2  33    2.49   25.06   24.25    6.22    1.04      39.77   39.05    0.03   -5.55      5.204   4.392   0.543
  12 8111.3   9/2-   3/2  30   -1.47   22.70   26.12    2.23    0.46      33.98   37.21    0.06   -5.78      4.447   4.185   1.313
  13 9439.1  11/2-   3/2  30   -1.47   22.70   26.12    2.23    0.39      39.05   43.03    0.06   -5.38      5.110   4.839   1.324
  14 9571.6  13/2-   5/2  33    2.49   25.06   24.25    6.22    0.89      46.22   45.59    0.03   -5.15      6.048   5.128   0.543
  1511026.0  13/2-   3/2  30   -1.47   22.70   26.12    2.23    0.33      46.07   49.02    0.06   -4.99      6.028   5.513   1.319
  
  1626640.4   3/2-   3/2  31   -0.90    2.15    7.51    1.73    0.70       2.90    8.25    1.30   -2.85      0.379   0.927  27.437
  1727246.6   5/2-   3/2  31   -0.90    2.15    7.51    1.73    0.46       5.34   10.78    1.30   -2.40      0.698   1.213  27.439
  1827919.9   1/2-   1/2  29   -0.11    6.49    3.08    0.99   -0.15       6.43    3.79    1.34   -3.14      0.842   0.426  28.442
  1928248.2   3/2-   1/2  29   -0.11    6.49    3.08    0.99    0.06       8.84    3.91    1.34   -2.78      1.156   0.439  28.442
  2060005.3   1/2-   1/2  31   -0.90    2.15    7.51    1.73   -0.59       2.84    7.43    2.88   -3.28      0.371   0.836  60.901
  
  2187697.8   1/2-   1/2  30   -1.47   22.70   26.12    2.23   -0.85      22.24   27.08    3.95   -7.09      2.910   3.045  83.576
