1SPECTRUM OF (Z= 82 A=207) IN PARTICLE-ROTOR  MODEL WITH MODIFIED OSCILLATOR POTENTIAL


 PARITY=-   EPS= 0.270   GAMMA= 25.7   EPS4=0.000   EPS6=0.000   LEVELS:  26  27  28  29  30  31  32  33  34  35  36  37  38  39  40

 PAIRING FACTORS: GN0= 19.20  GN1=  7.40  IPAIR= 15 ***  E2PLUS(INPUT)=   0.730  E2PLUR(INPUT)=   0.000

 CORIOLIS ATTENUATION PARAMETERS:  CHSI=1.000  ETA=  1.00

 MOMENT OF INERTIA PARAMETERS:   A1=  0.200 MEV   A2=  0.064 MEV   A3=  0.33782 MEV


 DELTA=0.951 MEV  LAMBDA=53.3734 MEV   HW0= 7.4727 MEV   LAMBDA/HW0= 7.1424

 E2ENERGY=0.730 MEV  HBAR**2/B= 9401./A**(7/3)=1589.2/A**2 MEV

 IREC=0  =>  RECOIL TERMS j+j-, j+j+, jzjz, ETC TREATED AS ONE-BODY OPERATORS WITH UU+VV PAIRING FACTORS



 S. P. LEVEL   EQP       U     V        (UU + VV)**1.00

     26       3.639    0.132 0.991      1.000 1.000 0.997 0.994 0.991 0.887 0.777 0.764 0.497 0.383 0.380 0.304 0.255 0.253 0.245
     27       3.298    0.146 0.989      1.000 1.000 0.998 0.996 0.993 0.893 0.785 0.773 0.509 0.396 0.392 0.318 0.268 0.267 0.259
     28       2.370    0.205 0.979      0.997 0.998 1.000 0.999 0.998 0.919 0.821 0.810 0.560 0.450 0.447 0.374 0.326 0.324 0.317
     29       2.072    0.236 0.972      0.994 0.996 0.999 1.000 1.000 0.931 0.839 0.828 0.586 0.479 0.475 0.404 0.356 0.354 0.347
     30       1.878    0.262 0.965      0.991 0.993 0.998 1.000 1.000 0.940 0.853 0.843 0.608 0.502 0.499 0.428 0.381 0.380 0.372
     31       1.011    0.575 0.818      0.887 0.893 0.919 0.931 0.940 1.000 0.980 0.976 0.842 0.767 0.764 0.710 0.673 0.672 0.666
     32       0.953    0.727 0.687      0.777 0.785 0.821 0.839 0.853 0.980 1.000 1.000 0.933 0.879 0.878 0.837 0.807 0.806 0.801
     33       0.956    0.740 0.672      0.764 0.773 0.810 0.828 0.843 0.976 1.000 1.000 0.940 0.889 0.887 0.847 0.818 0.818 0.813
     34       1.358    0.926 0.378      0.497 0.509 0.560 0.586 0.608 0.842 0.933 0.940 1.000 0.992 0.991 0.978 0.966 0.965 0.963
     35       1.909    0.966 0.258      0.383 0.396 0.450 0.479 0.502 0.767 0.879 0.889 0.992 1.000 1.000 0.996 0.991 0.991 0.989
     36       1.934    0.967 0.254      0.380 0.392 0.447 0.475 0.499 0.764 0.878 0.887 0.991 1.000 1.000 0.997 0.991 0.991 0.990
     37       2.743    0.984 0.176      0.304 0.318 0.374 0.404 0.428 0.710 0.837 0.847 0.978 0.996 0.997 1.000 0.999 0.999 0.998
     38       3.838    0.992 0.125      0.255 0.268 0.326 0.356 0.381 0.673 0.807 0.818 0.966 0.991 0.991 0.999 1.000 1.000 1.000
     39       3.881    0.992 0.123      0.253 0.267 0.324 0.354 0.380 0.672 0.806 0.818 0.965 0.991 0.991 0.999 1.000 1.000 1.000
     40       4.146    0.993 0.115      0.245 0.259 0.317 0.347 0.372 0.666 0.801 0.813 0.963 0.989 0.990 0.998 1.000 1.000 1.000

  R CORE   ENERGY   A0R/A00=1.000    R3= 0     2  
   2( 1)    0.730                    0.966-0.258
   2( 2)    1.679                    0.258 0.966

  R CORE   ENERGY   A0R/A00=1.000    R3= 0     2  
   3( 1)    2.409                    0.000 1.000

  R CORE   ENERGY   A0R/A00=1.000    R3= 0     2     4  
   4( 1)    2.041                    0.834-0.549 0.051

  R CORE   ENERGY   A0R/A00=1.000    R3= 0     2     4  
   5( 1)    4.599                    0.000 0.966-0.258

  R CORE   ENERGY   A0R/A00=1.000    R3= 0     2     4     6  
   6( 1)    3.839                    0.748-0.648 0.146-0.009

  R CORE   ENERGY   A0R/A00=1.000    R3= 0     2     4     6  
   7( 1)    7.408                    0.000 0.889-0.453 0.064
 

             ENERGY     K= 1/2
 
 I=  1/2- (1)  2.465  27:-0.099
                      28:-0.246
                      29: 0.112
                      30: 0.188
                      32: 0.494
                      33:-0.743
                      39:-0.292
 
 I=  1/2- (2)  2.556  27:-0.061
                      28:-0.067
                      29:-0.256
                      30: 0.066
                      32: 0.774
                      33: 0.539
                      35:-0.177
 
 I=  1/2- (3)  4.302  26: 0.120
                      27: 0.050
                      28: 0.147
                      29: 0.347
                      30: 0.166
                      32:-0.082
                      35:-0.897
 
 I=  1/2- (4)  4.736  26:-0.278
                      27:-0.140
                      29:-0.822
                      32:-0.239
                      33:-0.180
                      35:-0.345
                      39:-0.132
 
 I=  1/2- (5)  4.900  27:-0.912
                      28: 0.166
                      29: 0.166
                      30:-0.118
                      32:-0.082
                      33: 0.117
                      39:-0.279

             ENERGY     K= 1/2  -3/2
 
 I=  3/2- (1)  2.351  27:-0.127 0.030
                      28: 0.033 0.102
                      29: 0.242 0.075
                      30:-0.006-0.068
                      32:-0.459-0.170
                      33:-0.411 0.519
                      35:-0.016-0.440
                      39: 0.078-0.153
 
 I=  3/2- (2)  2.465  26:-0.014-0.085
                      29: 0.089-0.237
                      32:-0.228-0.614
                      33:-0.298-0.615
                      35:-0.167 0.016

             ENERGY     K= 5/2   1/2  -3/2
 
 I=  5/2- (1)  2.308  27:-0.025 0.172-0.013
                      28:-0.069 0.014-0.007
                      29: 0.024 0.151 0.215
                      30: 0.074 0.006 0.023
                      32: 0.245-0.233 0.548
                      33:-0.276-0.293 0.287
                      35:-0.408-0.010 0.162
                      39: 0.151-0.088 0.062
 
 I=  5/2- (2)  2.926  27:-0.036-0.075-0.018
                      28:-0.103 0.147-0.089
                      29: 0.020-0.158-0.143
                      30: 0.123-0.129 0.029
                      32: 0.288-0.269-0.080
                      33:-0.299 0.560-0.363
                      35:-0.329 0.036 0.133
                      39: 0.052 0.211 0.017
 
 I=  5/2- (3)  3.096  28: 0.066 0.044-0.111
                      29: 0.091 0.232-0.112
                      30:-0.064-0.013 0.089
                      32:-0.251-0.263 0.282
                      33: 0.111-0.187-0.546
                      35: 0.264-0.009 0.485
                      39:-0.083 0.014 0.142
 
 I=  5/2- (4)  3.331  26: 0.000 0.052-0.008
                      27: 0.028-0.122 0.041
                      28:-0.062-0.164-0.012
                      29: 0.019 0.134 0.055
                      30: 0.066 0.146 0.033
                      32: 0.195 0.647-0.159
                      33:-0.216-0.259-0.428
                      35:-0.269-0.042 0.141
                      39: 0.073-0.150 0.031
 
 I=  5/2- (5)  3.711  26:-0.078-0.024-0.117
                      27: 0.030 0.039-0.110
                      28:-0.004-0.021 0.081
                      29:-0.358 0.082-0.009
                      30:-0.331-0.040-0.023
                      32: 0.446-0.337-0.347
                      33: 0.208-0.346-0.135
                      35:-0.074 0.290-0.055
                      39:-0.029-0.025 0.063

             ENERGY     K= 5/2   1/2  -3/2  -7/2
 
 I=  7/2- (1)  3.006  27:-0.043 0.161-0.077 0.005
                      28:-0.018-0.010 0.018-0.393
                      29: 0.170-0.091-0.173 0.103
                      30: 0.026 0.005 0.014-0.132
                      32: 0.027 0.220-0.249-0.208
                      33:-0.312 0.205-0.347 0.282
                      35:-0.278-0.005 0.108-0.287
                      39: 0.121-0.090 0.079-0.126
 
 I=  7/2- (2)  3.112  28: 0.084-0.033-0.010-0.145
                      29: 0.004-0.216 0.182 0.111
                      30:-0.077-0.001 0.051-0.053
                      32:-0.308 0.269 0.442-0.022
                      33: 0.282 0.263-0.053 0.174
                      35: 0.422 0.024 0.305-0.116
                      39:-0.126-0.032 0.112-0.051
 
 I=  7/2- (3)  3.374  27:-0.014-0.163 0.026 0.003
                      28: 0.033 0.007 0.094-0.546
                      29: 0.056 0.169 0.085 0.145
                      30:-0.051 0.006-0.019-0.154
                      32:-0.075-0.330 0.052-0.162
                      33: 0.061-0.332 0.345 0.250
                      35: 0.121-0.020-0.226-0.200
                      39:-0.048 0.102-0.103-0.074
 
 I=  7/2- (4)  3.693  26:-0.032-0.031-0.065-0.135
                      27:-0.141 0.034 0.081 0.004
                      28: 0.012 0.007-0.018 0.098
                      29:-0.130-0.005-0.036 0.369
                      30: 0.075 0.045 0.020 0.012
                      32:-0.029-0.186-0.259 0.404
                      33: 0.277-0.246-0.409 0.325
                      35: 0.122-0.272 0.067 0.039
                      39: 0.057-0.017-0.021 0.020
 
 I=  7/2- (5)  3.724  31:-0.100-0.483-0.271-0.022
                      34: 0.137 0.299-0.383-0.042
                      36: 0.215-0.476 0.064 0.018
                      37: 0.014-0.078 0.297-0.079
                      38:-0.153 0.032-0.007-0.002
                      40: 0.045 0.116 0.085 0.015

             ENERGY     K= 9/2   5/2   1/2  -3/2  -7/2
 
 I=  9/2- (1)  2.734  26:-0.000-0.020 0.010-0.024 0.177
                      27: 0.002-0.060 0.070-0.025-0.003
                      28:-0.107 0.002 0.001 0.027-0.139
                      29: 0.029-0.046 0.040 0.056-0.156
                      30: 0.777-0.057 0.002 0.006-0.030
                      32:-0.251 0.078-0.072 0.127-0.152
                      33: 0.254-0.014-0.075 0.077-0.049
                      35: 0.269-0.077 0.001 0.037-0.053
                      39:-0.096 0.045-0.031 0.024-0.022
 
 I=  9/2- (2)  3.223  27:-0.001 0.057-0.253 0.039-0.001
                      28:-0.056 0.042-0.029 0.010-0.055
                      29: 0.015 0.004-0.157-0.193 0.034
                      30: 0.297-0.066 0.006-0.015-0.010
                      32:-0.019-0.170 0.306-0.520 0.076
                      33: 0.014 0.124 0.312-0.298 0.066
                      35:-0.039 0.282 0.004-0.166 0.017
                      39: 0.035-0.149 0.133-0.088 0.012
 
 I=  9/2- (3)  4.002  34: 0.001-0.131-0.540-0.511-0.023
                      36:-0.012-0.458-0.154 0.242 0.037
                      37:-0.001-0.036 0.104-0.074-0.302
                      38:-0.130-0.015 0.062-0.009-0.002
 
 I=  9/2- (4)  4.038  26: 0.011 0.076-0.025-0.025 0.060
                      27: 0.003 0.006-0.027 0.070 0.010
                      28:-0.029-0.020 0.065-0.104 0.425
                      29: 0.032 0.260-0.136 0.048 0.009
                      30: 0.174-0.004-0.054-0.002 0.143
                      32:-0.020 0.026-0.099 0.061 0.373
                      33:-0.005-0.410 0.286-0.008-0.189
                      35:-0.039-0.239 0.027-0.021 0.330
                      39: 0.036 0.033 0.076-0.071 0.147
 
 I=  9/2- (5)  4.084  26: 0.006 0.022-0.011 0.025 0.055
                      27:-0.017-0.062 0.067 0.015-0.007
                      28:-0.007 0.086-0.121 0.039 0.253
                      29: 0.017 0.014 0.039 0.113-0.247
                      30: 0.013-0.072 0.101-0.067 0.103
                      32: 0.017-0.242 0.312-0.123 0.023
                      33:-0.032 0.218-0.352 0.375-0.373
                      35:-0.028 0.178-0.013-0.219 0.233
                      39: 0.005 0.048-0.144-0.027 0.098

             ENERGY     K= 9/2   5/2   1/2  -3/2  -7/2 -11/2
 
 I= 11/2- (1)  2.586  31: 0.021 0.213 0.598 0.412 0.080 0.003
                      34:-0.029-0.209-0.207 0.369 0.120 0.007
                      36:-0.058-0.268 0.206-0.054-0.047-0.004
                      37:-0.004-0.012 0.026-0.115 0.179 0.024
                      38:-0.083 0.059-0.004 0.000 0.003 0.000
 
 I= 11/2- (2)  3.716  26: 0.007 0.025-0.006-0.056 0.220 0.066
                      27: 0.012 0.071-0.031-0.011-0.010-0.001
                      28: 0.100-0.010-0.006 0.046-0.158-0.051
                      29:-0.016 0.056-0.032 0.072-0.193-0.041
                      30:-0.745 0.117-0.006 0.009-0.034-0.010
                      32: 0.243-0.094 0.015 0.095-0.175-0.029
                      33:-0.258 0.034 0.004 0.051-0.057-0.003
                      35:-0.269 0.088-0.006 0.026-0.060-0.012
                      39: 0.096-0.046 0.009 0.013-0.024-0.005
 
 I= 11/2- (3)  4.127  31: 0.051 0.292 0.306 0.347 0.152 0.009
                      34:-0.056-0.049 0.242-0.275 0.138 0.015
                      36:-0.076 0.331-0.406 0.186-0.006-0.006
                      37:-0.004 0.038-0.140 0.263-0.256 0.023
                      38: 0.155-0.126 0.059-0.009 0.000 0.001
 
 I= 11/2- (4)  4.286  26:-0.009 0.054-0.008-0.015-0.023 0.026
                      27: 0.008-0.079 0.227-0.147 0.013-0.001
                      28: 0.007 0.015-0.021 0.033-0.200 0.177
                      29:-0.029 0.212-0.150-0.111 0.091-0.048
                      30:-0.040 0.013 0.000 0.024-0.080 0.051
                      32: 0.008-0.134 0.331-0.171-0.109 0.060
                      33: 0.040-0.258 0.339-0.361 0.251-0.085
                      35: 0.042-0.141 0.010 0.183-0.236 0.079
                      39:-0.027 0.103-0.141 0.145-0.116 0.035
 
 I= 11/2- (5)  4.764  26: 0.004-0.011 0.052-0.059 0.058 0.041
                      28: 0.093-0.087 0.032 0.006 0.008-0.113
                      29:-0.022-0.009 0.205-0.248 0.010 0.010
                      30:-0.358 0.150-0.026-0.038 0.025-0.028
                      32:-0.100 0.262-0.067-0.387 0.159-0.026
                      33: 0.115-0.234-0.068 0.007-0.043 0.043
                      35: 0.259-0.396 0.112-0.234 0.137-0.032
                      39:-0.139 0.147-0.015-0.076 0.065-0.013

             ENERGY     K=13/2   9/2   5/2   1/2  -3/2  -7/2 -11/2
 
 I= 13/2- (1)  3.734  31:-0.002-0.036-0.123-0.069 0.131 0.079 0.011
                      34: 0.004 0.058 0.241 0.417 0.466 0.166 0.024
                      36: 0.008 0.119 0.450 0.138-0.155-0.080-0.012
                      37: 0.001 0.008 0.026-0.038 0.124 0.371 0.068
                      38: 0.012 0.191 0.069-0.021 0.004 0.004 0.001
                      40: 0.002 0.030 0.053 0.007-0.034-0.040-0.007
 
 I= 13/2- (2)  3.904  31: 0.005 0.109 0.427 0.172-0.418-0.262-0.029
                      34:-0.008-0.142-0.226 0.372 0.124-0.328-0.058
                      36:-0.019-0.245 0.072 0.165-0.171 0.083 0.029
                      37:-0.001-0.016 0.028-0.073 0.137-0.012-0.155
                      38:-0.058-0.026 0.080-0.040 0.011-0.003-0.002
 
 I= 13/2- (3)  4.226  26:-0.001-0.004 0.028-0.023 0.041-0.147 0.083
                      27:-0.001-0.015 0.118-0.176 0.072-0.000-0.002
                      28:-0.073 0.043 0.003-0.004-0.039 0.108-0.064
                      29: 0.019-0.021 0.080-0.079-0.102 0.175-0.060
                      30: 0.492-0.366 0.070-0.004-0.010 0.025-0.013
                      32:-0.137 0.162-0.142 0.189-0.273 0.205-0.053
                      33: 0.138-0.151 0.001 0.171-0.176 0.087-0.016
                      35: 0.139-0.200 0.135-0.003-0.080 0.071-0.019
                      39:-0.052 0.089-0.099 0.089-0.065 0.036-0.008
 
 I= 13/2- (4)  4.625  26:-0.001-0.007-0.008 0.001 0.028-0.031 0.108
                      27:-0.001-0.006-0.094 0.203-0.072 0.000-0.002
                      28:-0.093 0.035-0.028 0.024-0.013 0.037-0.102
                      29: 0.024-0.019-0.048 0.091 0.104-0.077-0.058
                      30: 0.606-0.147 0.049-0.011 0.005 0.003-0.021
                      32:-0.149-0.023 0.130-0.248 0.345-0.145-0.043
                      33: 0.149 0.034 0.004-0.229 0.231-0.090 0.005
                      35: 0.132 0.090-0.153 0.000 0.105-0.049-0.020
                      39:-0.042-0.057 0.121-0.122 0.084-0.030-0.007
 
 I= 13/2- (5)  5.267  26: 0.002 0.018 0.014-0.041 0.123-0.185-0.183
                      27: 0.005 0.042-0.008 0.062-0.025 0.016 0.005
                      28: 0.050 0.104-0.048 0.036-0.077 0.126 0.130
                      29:-0.011 0.003 0.011 0.030-0.002 0.082 0.121
                      30:-0.341-0.681 0.241-0.034-0.009 0.025 0.026
                      32: 0.097 0.138 0.000-0.120 0.152 0.000 0.093
                      33:-0.100-0.170 0.054-0.132 0.126-0.036 0.022
                      35:-0.101-0.099-0.034-0.009 0.051-0.001 0.033
                      39: 0.039 0.004 0.058-0.073 0.049-0.012 0.014

             ENERGY     K=13/2   9/2   5/2   1/2  -3/2  -7/2 -11/2
  32 LEVELS    TIME=  0.0 SEC



 ******************* EXCITATION ENERGIES, DOMINANT CONFIGURATION AND EXPECTATION VALUES (WITH S.P. UU+VV FACTORS) *******************

  NR  Eex(keV)  I   Kdom  NY    <Jz>  <Jx**2> <Jy**2> <Jz**2> <I.j>/|I|  <Rx**2> <Ry**2> <Rz**2> <R.j>/|R|  <HROTx> <HROTy> <HROTz>

   1    0.0   5/2-   3/2  32    0.32    2.12    5.50    4.00    2.35       0.74    4.29    1.42   -1.84      0.148   0.274   0.478
   2   43.5   3/2-   3/2  33   -0.65    1.30    4.71    2.79    1.50       0.69    4.37    1.70   -2.27      0.139   0.279   0.573
   3  156.7   3/2-   3/2  33   -0.82    1.83    7.33    2.34    1.16       1.75    7.35    1.67   -2.82      0.350   0.470   0.563
   4  157.5   1/2-   1/2  33    0.43    1.94    1.14    2.26    0.78       1.71    0.95    2.08   -2.14      0.342   0.061   0.702
   5  248.3   1/2-   1/2  32    0.11    1.29    7.61    1.77    0.18       1.77    7.43    1.91   -3.15      0.354   0.475   0.647
  
   6  278.2  11/2-   1/2  31    0.01   37.02   17.05    2.72    6.96       3.40    5.23    0.72   -4.97      0.682   0.335   0.244
   7  425.9   9/2-   9/2  30    3.22    2.27    3.26   16.77    4.06       1.93    3.90    0.82   -0.81      0.386   0.250   0.277
   8  618.0   5/2-   1/2  33    0.65    2.16    2.18    3.52    1.10       2.64    5.47    1.99   -1.45      0.529   0.350   0.671
   9  698.5   7/2-   7/2  28   -1.05    1.68    4.28    6.53    2.30       1.50    6.71    1.81   -1.07      0.301   0.429   0.610
  10  788.0   5/2-   3/2  33   -0.48    1.47    2.97    3.98    1.13       3.36    5.30    1.85   -1.57      0.674   0.339   0.625
  
  11  804.3   7/2-   3/2  32    0.26    2.04    3.62    5.10    1.96       3.44    5.80    1.68   -0.90      0.689   0.371   0.566
  12  915.6   9/2-   3/2  32    0.30    2.08    6.48    4.35    2.41       3.01    9.17    1.46   -0.24      0.604   0.587   0.492
  13 1022.9   5/2-   1/2  32    0.41    1.85    2.99    3.25    0.89       4.58    4.42    2.56   -1.60      0.917   0.283   0.863
  14 1066.2   7/2-   7/2  28   -1.71    1.49    4.13    7.01    2.13       3.88    6.32    1.33   -1.24      0.778   0.404   0.448
  15 1385.5   7/2-   3/2  33   -0.79    2.49    6.73    4.14    1.73       2.58    9.19    3.57   -1.65      0.516   0.588   1.206
  
  16 1403.2   5/2-   5/2  32    0.77    1.69    6.09    4.58    1.13       2.88    7.96    3.60   -2.37      0.576   0.509   1.215
  17 1408.3  11/2-   9/2  30    2.88    2.47    3.36   16.66    3.63       4.50    9.37    1.01   -0.21      0.902   0.599   0.341
  18 1416.3   7/2-   1/2  31    0.02   20.86   27.60    2.06    6.29       6.36    9.51    0.50   -6.32      1.274   0.608   0.170
  19 1425.8  13/2-   3/2  34    0.00   32.86   19.04    7.51    6.57       2.81   11.97    1.67   -3.34      0.564   0.766   0.564
  20 1596.1  13/2-   5/2  31    0.01   35.77   18.21    3.27    6.59       3.33    6.30    4.30   -3.01      0.668   0.403   1.452
  
  21 1694.3   9/2-   1/2  34    0.00   25.08   26.43    5.15    6.37       3.48   12.28    2.32   -5.88      0.697   0.785   0.783
  22 1730.2   9/2-   7/2  28   -0.79    2.47    2.96    7.36    2.02       3.96   10.92    2.54   -0.65      0.794   0.698   0.858
  23 1776.4   9/2-   3/2  33   -0.82    1.72    2.29    5.23    1.23       3.74   15.30    2.68   -0.67      0.749   0.979   0.906
  24 1818.9  11/2-   1/2  36    0.02   21.84   28.94    3.10    6.37       3.83    6.03    3.61   -4.31      0.767   0.386   1.221
  25 1918.0  13/2-  13/2  30    1.92    2.15    5.06   12.27    3.40       2.11   15.70    2.98    0.93      0.423   1.004   1.006
  
  26 1978.2  11/2-   3/2  33   -0.72    1.43    5.51    4.37    1.91       2.60   18.99    2.58    0.03      0.522   1.214   0.872
  27 1994.5   1/2-   1/2  35    0.55    1.99    2.22    5.26    0.18       2.55    2.42    4.96   -2.96      0.510   0.155   1.675
  28 2316.9  13/2-  13/2  30    1.81    2.10    5.11   10.27    3.21       3.83   13.84    3.66    1.08      0.767   0.885   1.238
  29 2428.3   1/2-   1/2  29   -0.57    4.63    4.57    3.24   -0.42       4.44    5.43    4.06   -3.43      0.889   0.347   1.371
  30 2456.5  11/2-   5/2  35    1.00    2.46    2.61    6.31    1.86       5.42   16.94    2.53   -0.05      1.085   1.083   0.855
  
  31 2592.3   1/2-   1/2  27    0.56    2.34    9.07    2.05    0.52       2.60    8.97    1.74   -3.57      0.521   0.574   0.589
  32 2959.0  13/2-   9/2  30    2.69    2.77    3.19   15.71    3.26       7.91   14.72    2.32    0.21      1.586   0.941   0.784
