1SPECTRUM OF (Z= 82 A=207) IN PARTICLE-ROTOR  MODEL WITH MODIFIED OSCILLATOR POTENTIAL


 PARITY=-   EPS= 0.257   GAMMA= 57.0   EPS4=0.000   EPS6=0.000   LEVELS:  30  31  32  33  34

 PAIRING FACTORS: GN0= 19.20  GN1=  7.40  IPAIR= 15 ***  E2PLUS(INPUT)=   0.073  E2PLUR(INPUT)=   0.000

 CORIOLIS ATTENUATION PARAMETERS:  CHSI=0.000  ETA=  1.00

 MOMENT OF INERTIA PARAMETERS:   A1=  3.313 MEV   A2=  0.011 MEV   A3=  0.01290 MEV


 DELTA=0.646 MEV  LAMBDA=53.4203 MEV   HW0= 7.4629 MEV   LAMBDA/HW0= 7.1581

 E2ENERGY=0.073 MEV  HBAR**2/B= 1215./A**(7/3)= 205.5/A**2 MEV

 IREC=0  =>  RECOIL TERMS j+j-, j+j+, jzjz, ETC TREATED AS ONE-BODY OPERATORS WITH UU+VV PAIRING FACTORS



 S. P. LEVEL   EQP       U     V        (UU + VV)**1.00

     30       1.934    0.169 0.986      1.000 0.998 0.889 0.427 0.398
     31       1.443    0.230 0.973      0.998 1.000 0.916 0.482 0.454
     32       0.672    0.601 0.799      0.889 0.916 1.000 0.793 0.773
     33       1.253    0.964 0.267      0.427 0.482 0.793 1.000 1.000
     34       1.401    0.971 0.237      0.398 0.454 0.773 1.000 1.000

  R CORE   ENERGY   A0R/A00=1.000    R3= 0     2  
   2( 1)    0.073                   -0.500 0.866
   2( 2)   13.277                    0.866 0.500

  R CORE   ENERGY   A0R/A00=1.000    R3= 0     2  
   3( 1)   13.350                    0.000 1.000

  R CORE   ENERGY   A0R/A00=1.000    R3= 0     2     4  
   4( 1)    0.243                    0.375-0.559 0.739

  R CORE   ENERGY   A0R/A00=1.000    R3= 0     2     4  
   5( 1)   13.569                    0.000-0.500 0.866

  R CORE   ENERGY   A0R/A00=1.000    R3= 0     2     4     6  
   6( 1)    0.511                   -0.313 0.454-0.496 0.671

  R CORE   ENERGY   A0R/A00=1.000    R3= 0     2     4     6  
   7( 1)   13.886                    0.000 0.313-0.587 0.747
 

             ENERGY     K= 1/2
 
 I=  1/2- (1)  2.254  31: 1.000
 
 I=  1/2- (2)  4.074  34: 1.000

             ENERGY     K= 1/2  -3/2
 
 I=  3/2- (1)  2.323  31:-0.500 0.866
 
 I=  3/2- (2)  3.109  30: 0.866 0.500

             ENERGY     K= 5/2   1/2  -3/2
 
 I=  5/2- (1)  2.330  31: 0.790-0.500 0.354
 
 I=  5/2- (2)  3.170  30:-0.559-0.354 0.750

             ENERGY     K= 5/2   1/2  -3/2  -7/2
 
 I=  7/2- (1)  2.490  31:-0.280 0.375-0.484 0.739
 
 I=  7/2- (2)  3.255  30: 0.649-0.484 0.125 0.573

             ENERGY     K= 9/2   5/2   1/2  -3/2  -7/2
 
 I=  9/2- (1)  2.504  31: 0.701-0.468 0.375-0.306 0.234
 
 I=  9/2- (2)  3.365  30: 0.572-0.000-0.307 0.501-0.573

             ENERGY     K= 9/2   5/2   1/2  -3/2  -7/2 -11/2
 
 I= 11/2- (1)  2.755  31: 0.203-0.262 0.313-0.370 0.453-0.671
 
 I= 11/2- (2)  3.499  30:-0.513 0.487-0.370 0.188 0.076-0.567

             ENERGY     K=13/2   9/2   5/2   1/2  -3/2  -7/2 -11/2
 
 I= 13/2- (1)  2.774  31: 0.646-0.440 0.364-0.313 0.271-0.230 0.179
 
 I= 13/2- (2)  3.657  30: 0.559-0.127-0.105 0.271-0.392 0.465-0.466

             ENERGY     K=13/2   9/2   5/2   1/2  -3/2  -7/2 -11/2
  21 LEVELS    TIME=  0.0 SEC



 ******************* EXCITATION ENERGIES, DOMINANT CONFIGURATION AND EXPECTATION VALUES (WITH S.P. UU+VV FACTORS) *******************

  NR  Eex(keV)  I   Kdom  NY    <Jz>  <Jx**2> <Jy**2> <Jz**2> <I.j>/|I|  <Rx**2> <Ry**2> <Rz**2> <R.j>/|R|  <HROTx> <HROTy> <HROTz>

   1    0.0   1/2-   1/2  31    0.44    0.42    4.55    8.17    0.78       0.20    4.36    7.98   -3.52      0.659   0.050   0.103
   2   68.6   3/2-   3/2  31    0.44    0.42    4.55    8.17   -0.33       0.20    7.17   10.80   -3.23      0.659   0.082   0.139
   3   75.9   5/2-   5/2  31    0.44    0.42    4.55    8.17    0.53       0.20    7.49   11.09   -2.67      0.659   0.086   0.143
   4  236.1   7/2-   7/2  31    0.44    0.42    4.55    8.17   -0.38       0.20   14.06   17.68   -2.59      0.659   0.161   0.228
   5  249.1   9/2-   9/2  31    0.44    0.42    4.55    8.17    0.49       0.20   14.62   18.20   -1.86      0.659   0.167   0.235
  
   6  500.8  11/2-  11/2  31    0.44    0.42    4.55    8.17   -0.40       0.20   24.97   28.53   -2.12      0.659   0.285   0.368
   7  519.7  13/2-  13/2  31    0.44    0.42    4.55    8.17    0.48       0.20   25.78   29.27   -1.32      0.659   0.295   0.378
   8  854.9   3/2-   1/2  30   -0.08    2.25    7.08    5.19    1.08       0.30    7.83    5.94   -3.31      1.009   0.090   0.077
   9  915.7   5/2-   3/2  30   -0.08    2.25    7.08    5.19    0.71       0.30   10.33    8.44   -2.85      1.009   0.118   0.109
  10 1000.9   7/2-   5/2  30   -0.08    2.25    7.08    5.19    0.53       0.30   13.84   11.94   -2.43      1.009   0.158   0.154
  
  11 1110.3   9/2-   7/2  30   -0.08    2.25    7.08    5.19    0.42       0.30   18.35   16.43   -2.10      1.009   0.210   0.212
  12 1244.2  11/2-  11/2  30   -0.08    2.25    7.08    5.19    0.35       0.30   23.86   21.92   -1.83      1.009   0.273   0.283
  13 1402.3  13/2-  13/2  30   -0.08    2.25    7.08    5.19    0.30       0.30   30.39   28.38   -1.62      1.009   0.347   0.366
  14 1674.8   3/2-   1/2  33   -0.32    1.87    7.12    2.82    0.87       0.77    7.87    3.57   -2.90      2.541   0.090   0.046
  15 1735.6   5/2-   3/2  33   -0.32    1.87    7.12    2.82    0.57       0.77   10.38    6.05   -2.44      2.541   0.119   0.078
  
  16 1819.8   1/2-   1/2  34    0.32    0.63    3.02    7.16    0.07       0.77    3.59    7.09   -3.18      2.540   0.041   0.091
  17 1820.8   7/2-   5/2  33   -0.32    1.87    7.12    2.82    0.42       0.77   13.84    9.58   -2.06      2.541   0.158   0.124
  18 1930.1   9/2-   7/2  33   -0.32    1.87    7.12    2.82    0.34       0.77   18.43   13.98   -1.76      2.541   0.211   0.180
  19 2064.1  11/2-  11/2  33   -0.32    1.87    7.12    2.82    0.28       0.77   23.79   19.62   -1.52      2.541   0.272   0.253
  20 2221.7  13/2-  13/2  33   -0.32    1.87    7.12    2.82    0.25       0.77   30.56   25.80   -1.34      2.541   0.349   0.333
  
  21 9837.0   1/2-   1/2  33   -0.32    1.87    7.12    2.82   -0.65       3.23    7.06    3.39   -3.34     10.714   0.081   0.044
