1SPECTRUM OF (Z= 82 A=207) IN PARTICLE-ROTOR  MODEL WITH MODIFIED OSCILLATOR POTENTIAL


 PARITY=-   EPS= 0.195   GAMMA= 20.0   EPS4=0.000   EPS6=0.000   LEVELS:  32  33  34  35  36

 PAIRING FACTORS: GN0= 19.20  GN1=  7.40  IPAIR= 15 ***  E2PLUS(INPUT)=   0.730  E2PLUR(INPUT)=   0.000

 CORIOLIS ATTENUATION PARAMETERS:  CHSI=0.700  ETA=  5.00

     FOR ETA .NE. 1, THE ANGULAR MOMENTUM EXPECTATION VALUES OF THE ENERGY EIGENSTATES ARE CALCULATED ONLY APPROXIMATELY

 MOMENT OF INERTIA PARAMETERS:   A1=  0.174 MEV   A2=  0.074 MEV   A3=  0.61522 MEV


 DELTA=0.886 MEV  LAMBDA=53.4184 MEV   HW0= 7.4432 MEV   LAMBDA/HW0= 7.1768

 E2ENERGY=0.730 MEV  HBAR**2/B= 5549./A**(7/3)= 938.1/A**2 MEV

 IREC=0  =>  RECOIL TERMS j+j-, j+j+, jzjz, ETC TREATED AS ONE-BODY OPERATORS WITH UU+VV PAIRING FACTORS



 S. P. LEVEL   EQP       U     V        (UU + VV)**5.00

     32       0.994    0.523 0.852      1.000 0.608 0.337 0.176 0.163
     33       0.965    0.835 0.550      0.608 1.000 0.907 0.735 0.715
     34       1.273    0.927 0.376      0.337 0.907 1.000 0.945 0.934
     35       1.960    0.973 0.232      0.176 0.735 0.945 1.000 0.999
     36       2.083    0.976 0.218      0.163 0.715 0.934 0.999 1.000

  R CORE   ENERGY   A0R/A00=1.000    R3= 0     2  
   2( 1)    0.730                    0.996-0.087
   2( 2)    2.724                    0.087 0.996

  R CORE   ENERGY   A0R/A00=1.000    R3= 0     2  
   3( 1)    3.454                    0.000 1.000

  R CORE   ENERGY   A0R/A00=1.000    R3= 0     2     4  
   4( 1)    2.276                    0.955-0.296 0.010

  R CORE   ENERGY   A0R/A00=1.000    R3= 0     2     4  
   5( 1)    5.644                    0.000 0.996-0.087

  R CORE   ENERGY   A0R/A00=1.000    R3= 0     2     4     6  
   6( 1)    4.430                    0.878-0.476 0.045-0.001

  R CORE   ENERGY   A0R/A00=1.000    R3= 0     2     4     6  
   7( 1)    8.693                    0.000 0.982-0.189 0.009
 

             ENERGY     K= 1/2
 
 I=  1/2- (1)  3.149  32: 0.339
                      33:-0.107
                      36:-0.935
 
 I=  1/2- (2)  3.655  32: 0.936
                      33:-0.060
                      36: 0.346
 
 I=  1/2- (3)  4.428  32:-0.093
                      33:-0.992
                      36: 0.080
 
 I=  1/2- (4) 10.818  34:-0.290
                      35: 0.957
 
 I=  1/2- (5) 13.152  34: 0.957
                      35: 0.290

             ENERGY     K= 1/2  -3/2
 
 I=  3/2- (1)  3.844  32: 0.305 0.047
                      33:-0.174 0.076
                      36:-0.923 0.128
 
 I=  3/2- (2)  4.031  32: 0.394-0.718
                      33:-0.048-0.468
                      36: 0.018-0.327

             ENERGY     K= 5/2   1/2  -3/2
 
 I=  5/2- (1)  3.881  32:-0.093-0.259-0.052
                      33: 0.223 0.071-0.058
                      36:-0.229 0.898-0.069
 
 I=  5/2- (2)  4.032  32: 0.341-0.356 0.232
                      33:-0.632 0.068 0.170
                      36: 0.447 0.233 0.128
 
 I=  5/2- (3)  4.440  32: 0.072 0.887-0.028
                      33:-0.217-0.023 0.007
                      36: 0.167 0.362 0.016
 
 I=  5/2- (4)  4.735  32:-0.079 0.088 0.709
                      33: 0.220-0.243 0.484
                      36:-0.184 0.033 0.327
 
 I=  5/2- (5)  5.670  32:-0.011-0.095-0.247
                      33:-0.028-0.950-0.033
                      36: 0.142 0.073-0.004

             ENERGY     K= 5/2   1/2  -3/2  -7/2
 
 I=  7/2- (1)  4.739  32:-0.329-0.036 0.292-0.001
                      33: 0.649-0.266 0.241 0.003
                      36:-0.469 0.026 0.184 0.003
 
 I=  7/2- (2)  5.288  32: 0.063-0.105 0.329-0.025
                      33:-0.173-0.142 0.273-0.022
                      36: 0.240-0.761 0.337-0.020
 
 I=  7/2- (3)  5.416  32:-0.104 0.639-0.530 0.032
                      33: 0.165-0.254-0.199 0.018
                      36:-0.057-0.405 0.004 0.007
 
 I=  7/2- (4)  5.618  34: 0.206 0.782 0.496 0.045
                      35:-0.120-0.141 0.249 0.042
 
 I=  7/2- (5)  5.806  32:-0.117 0.183 0.021 0.003
                      33: 0.146 0.914 0.036 0.002
                      36:-0.177-0.214 0.132-0.000

             ENERGY     K= 9/2   5/2   1/2  -3/2  -7/2
 
 I=  9/2- (1)  5.360  32: 0.014-0.154 0.032-0.142 0.006
                      33:-0.031 0.340 0.013-0.150 0.004
                      36: 0.026-0.404 0.779-0.210 0.003
 
 I=  9/2- (2)  5.599  32: 0.019-0.297 0.702-0.326 0.017
                      33:-0.030 0.339-0.091-0.155 0.008
                      36: 0.015-0.103-0.390-0.041 0.003
 
 I=  9/2- (3)  6.379  32: 0.023-0.179-0.577 0.119-0.025
                      33:-0.053 0.539-0.207 0.031-0.021
                      36: 0.036-0.348-0.400-0.001-0.014
 
 I=  9/2- (4)  6.641  32: 0.000-0.047 0.346 0.573-0.077
                      33:-0.003 0.114-0.420 0.475-0.058
                      36: 0.003-0.073 0.172 0.298-0.039
 
 I=  9/2- (5)  7.371  34:-0.031-0.405-0.267 0.510 0.161
                      35: 0.025 0.283 0.402 0.458 0.160

             ENERGY     K= 9/2   5/2   1/2  -3/2  -7/2 -11/2
 
 I= 11/2- (1)  4.216  34: 0.014 0.253 0.761 0.519 0.077 0.001
                      35:-0.011-0.132-0.111 0.216 0.066 0.001
 
 I= 11/2- (2)  6.620  32: 0.044-0.269-0.054 0.298-0.032 0.000
                      33:-0.089 0.581-0.482 0.289-0.022-0.000
                      36: 0.058-0.363 0.020 0.190-0.015-0.000
 
 I= 11/2- (3)  7.313  32:-0.015 0.115-0.319 0.403-0.076 0.003
                      33: 0.037-0.226-0.023 0.264-0.059 0.002
                      36:-0.035 0.316-0.605 0.346-0.055 0.002
 
 I= 11/2- (4)  7.510  32: 0.007-0.123 0.589-0.474 0.069-0.002
                      33:-0.007 0.099-0.233-0.059 0.022-0.001
                      36:-0.006 0.114-0.531 0.213-0.014 0.000
 
 I= 11/2- (5)  8.253  32:-0.041 0.194-0.164-0.097 0.017 0.000
                      33: 0.078-0.195-0.812-0.073 0.017 0.000
                      36:-0.066 0.334 0.152-0.275 0.024 0.000

             ENERGY     K=13/2   9/2   5/2   1/2  -3/2  -7/2 -11/2
 
 I= 13/2- (1)  6.873  34: 0.000 0.079 0.558 0.287-0.628-0.272-0.011
                      35:-0.000-0.057-0.247 0.043-0.146-0.212-0.011
 
 I= 13/2- (2)  7.453  32: 0.001-0.038 0.176-0.193 0.188-0.030 0.001
                      33:-0.003 0.078-0.320 0.013 0.170-0.024 0.000
                      36: 0.002-0.072 0.443-0.690 0.281-0.026 0.000
 
 I= 13/2- (3)  7.756  32:-0.001 0.042-0.320 0.704-0.379 0.051-0.002
                      33: 0.002-0.046 0.205-0.071-0.108 0.023-0.001
                      36:-0.001 0.004 0.101-0.420 0.077 0.003-0.000
 
 I= 13/2- (4)  8.347  34:-0.000-0.020-0.070 0.013 0.055 0.050 0.004
                      35: 0.000 0.012-0.146-0.801-0.571-0.002 0.005
 
 I= 13/2- (5)  8.958  32: 0.002-0.051 0.173 0.165-0.329 0.096-0.007
                      33:-0.005 0.121-0.541 0.533-0.308 0.079-0.006
                      36: 0.003-0.071 0.237 0.188-0.177 0.050-0.004

             ENERGY     K=13/2   9/2   5/2   1/2  -3/2  -7/2 -11/2
  32 LEVELS    TIME=  0.0 SEC



 ******************* EXCITATION ENERGIES, DOMINANT CONFIGURATION AND EXPECTATION VALUES (WITH S.P. UU+VV FACTORS) *******************

  NR  Eex(keV)  I   Kdom  NY    <Jz>  <Jx**2> <Jy**2> <Jz**2> <I.j>/|I|  <Rx**2> <Ry**2> <Rz**2> <R.j>/|R|  <HROTx> <HROTy> <HROTz>

   1    0.0   1/2-   1/2  36    0.42    0.56    2.29    1.70    0.77       0.32    2.13    1.52   -1.95      0.054   0.160   0.990
   2  505.8   1/2-   1/2  32    0.25    1.86    1.15    3.60    0.68       1.64    0.94    3.60   -2.42      0.288   0.068   2.175
   3  694.6   3/2-   1/2  36    0.34    0.55    2.31    1.64   -0.33       2.83    5.15    1.56   -1.67      0.490   0.383   1.032
   4  731.9   5/2-   1/2  36    0.60    0.53    2.35    2.06    0.67       2.47    5.74    1.55   -0.95      0.429   0.428   1.093
   5  881.7   3/2-   3/2  32   -0.65    1.67    1.41    2.95    0.48       1.82    3.38    2.73   -1.81      0.317   0.249   2.360
  
   6  882.2   5/2-   5/2  33    1.38    1.32    1.77    4.77    1.50       2.28    3.23    2.20   -1.23      0.401   0.240   2.114
   7 1066.4  11/2-   1/2  34   -0.01   48.57    9.81    1.62    6.73       4.35    9.18    1.69   -5.06      0.761   0.830   1.296
   8 1278.8   1/2-   1/2  33    0.80    1.35    1.92    5.29   -0.06       2.06    2.60    4.74   -2.81      0.358   0.192   2.906
   9 1290.2   5/2-   1/2  32    0.31    1.75    1.27    3.65    0.59       4.85    3.64    3.47   -1.43      0.847   0.268   2.159
  10 1585.9   5/2-   3/2  32   -0.44    1.53    1.59    3.25    0.34       4.30    6.18    2.63   -1.48      0.753   0.454   2.390
  
  11 1589.2   7/2-   5/2  33    1.36    1.24    1.90    5.03    1.30       3.82    7.49    2.31   -0.82      0.666   0.557   2.260
  12 2138.7   7/2-   1/2  36    0.06    0.63    2.35    2.10   -0.16       4.68   15.46    1.96   -1.21      0.816   1.146   1.518
  13 2210.5   9/2-   1/2  36    0.82    0.53    2.44    2.76    0.72       4.64   16.89    1.80   -0.45      0.807   1.253   1.422
  14 2266.2   7/2-   1/2  32    0.24    1.73    1.21    3.15   -0.19       6.16   14.14    3.07   -1.42      1.060   1.048   2.135
  15 2449.8   9/2-   1/2  32    0.48    1.73    1.23    3.47    0.69       7.07   14.35    2.92   -0.61      1.240   1.068   2.122
  
  16 2468.7   7/2-   1/2  34   -0.00   48.20   10.14    1.65    6.61      13.86    7.96    1.46   -7.00      2.417   0.704   1.157
  17 2520.1   5/2-   1/2  33    0.72    1.37    1.87    5.09   -0.28       7.25    6.73    4.74   -2.11      1.255   0.500   2.920
  18 2656.6   7/2-   1/2  33    0.86    1.28    1.96    5.11    0.56       8.05    7.12    4.48   -1.38      1.411   0.529   2.794
  19 3229.5   9/2-   1/2  32    0.59    1.31    1.78    4.01    0.56      11.80   11.48    2.98   -0.84      2.052   0.847   2.188
  20 3470.4  11/2-   5/2  33    1.07    1.30    1.88    4.97    0.91       7.08   22.97    2.94   -0.47      1.234   1.709   2.515
  
  21 3491.4   9/2-   3/2  32    0.07    1.52    1.60    3.82    0.18      10.29   16.54    3.07   -1.11      1.800   1.226   2.496
  22 3723.9  13/2-   3/2  34   -0.09   47.61   10.63    1.74    5.61       6.00   20.87    3.53   -3.78      1.048   1.714   2.747
  23 4163.8  11/2-   1/2  36    0.19    0.90    2.12    2.75   -0.18       7.17   34.05    2.46   -1.04      1.249   2.525   1.906
  24 4221.4   9/2-   3/2  34   -0.32   40.82   16.59    2.44    4.38      10.64   28.22    2.11   -5.94      1.858   1.971   1.941
  25 4303.5  13/2-   1/2  36    0.79    0.62    2.37    2.97    0.66       7.16   36.17    2.19   -0.20      1.248   2.682   1.710
  
  26 4360.7  11/2-   1/2  32    0.33    1.49    1.39    2.66   -0.33       8.88   33.01    3.34   -1.12      1.536   2.448   2.164
  27 4606.5  13/2-   1/2  32    0.29    1.75    1.16    3.03    0.54       9.57   34.08    3.50   -0.32      1.676   2.532   2.346
  28 5103.4  11/2-   1/2  33    0.83    1.17    2.02    4.69    0.59      18.11   14.21    4.32   -0.72      3.164   1.054   2.827
  29 5197.2  13/2-   1/2  35   -0.45   30.45   25.72    3.40    4.68       6.42   31.92    4.68   -4.10      1.131   2.431   2.832
  30 5808.1  13/2-   5/2  33    0.43    1.33    1.86    4.41   -0.04      11.23   42.19    3.54   -1.05      1.959   3.120   2.763
  
  31 7668.2   1/2-   1/2  35    0.14   31.06   25.31    3.08    1.07      27.08   28.07    3.19   -7.66      4.775   2.029   2.112
  3210003.0   1/2-   1/2  34   -0.63   49.45    8.89    1.83   -3.14      55.83    7.81    2.72   -7.72      9.668   0.635   1.519
