1SPECTRUM OF (Z= 82 A=207) IN PARTICLE-ROTOR  MODEL WITH MODIFIED OSCILLATOR POTENTIAL


 PARITY=-   EPS= 0.320   GAMMA= 26.2   EPS4=0.000   EPS6=0.000   LEVELS:  30  31  32  33  34

 PAIRING FACTORS: GN0= 19.20  GN1=  7.40  IPAIR= 15 ***  E2PLUS(INPUT)=   0.730  E2PLUR(INPUT)=   0.000

 CORIOLIS ATTENUATION PARAMETERS:  CHSI=0.000  ETA=  1.00

 MOMENT OF INERTIA PARAMETERS:   A1=  0.204 MEV   A2=  0.063 MEV   A3=  0.32203 MEV


 DELTA=0.911 MEV  LAMBDA=53.3529 MEV   HW0= 7.4984 MEV   LAMBDA/HW0= 7.1152

 E2ENERGY=0.730 MEV  HBAR**2/B=13081./A**(7/3)=2211.2/A**2 MEV

 IREC=0  =>  RECOIL TERMS j+j-, j+j+, jzjz, ETC TREATED AS ONE-BODY OPERATORS WITH UU+VV PAIRING FACTORS



 S. P. LEVEL   EQP       U     V        (UU + VV)**1.00

     30       1.489    0.323 0.946      1.000 1.000 0.801 0.715 0.686
     31       1.426    0.340 0.941      1.000 1.000 0.811 0.727 0.699
     32       0.977    0.825 0.565      0.801 0.811 1.000 0.991 0.985
     33       1.132    0.893 0.451      0.715 0.727 0.991 1.000 0.999
     34       1.208    0.910 0.414      0.686 0.699 0.985 0.999 1.000

  R CORE   ENERGY   A0R/A00=1.000    R3= 0     2  
   2( 1)    0.730                    0.959-0.283
   2( 2)    1.628                    0.283 0.959

  R CORE   ENERGY   A0R/A00=1.000    R3= 0     2  
   3( 1)    2.358                    0.000 1.000

  R CORE   ENERGY   A0R/A00=1.000    R3= 0     2     4  
   4( 1)    2.021                    0.821-0.567 0.058

  R CORE   ENERGY   A0R/A00=1.000    R3= 0     2     4  
   5( 1)    4.548                    0.000 0.959-0.283

  R CORE   ENERGY   A0R/A00=1.000    R3= 0     2     4     6  
   6( 1)    3.797                    0.737-0.657 0.159-0.011

  R CORE   ENERGY   A0R/A00=1.000    R3= 0     2     4     6  
   7( 1)    7.331                    0.000 0.874-0.481 0.075
 

             ENERGY     K= 1/2
 
 I=  1/2- (1)  3.191  34: 1.000
 
 I=  1/2- (2)  3.929  33: 1.000

             ENERGY     K= 1/2  -3/2
 
 I=  3/2- (1)  3.235  34: 0.696 0.718
 
 I=  3/2- (2)  3.381  34: 0.718-0.696

             ENERGY     K= 5/2   1/2  -3/2
 
 I=  5/2- (1)  3.549  34:-0.021-0.562 0.827
 
 I=  5/2- (2)  4.698  33: 0.243-0.949 0.203

             ENERGY     K= 5/2   1/2  -3/2  -7/2
 
 I=  7/2- (1)  4.529  34: 0.237-0.839 0.487-0.051
 
 I=  7/2- (2)  4.899  34: 0.012-0.498-0.842 0.208

             ENERGY     K= 9/2   5/2   1/2  -3/2  -7/2
 
 I=  9/2- (1)  4.872  34:-0.004-0.076 0.602-0.768 0.208
 
 I=  9/2- (2)  5.563  32:-0.005-0.205-0.773-0.597-0.060

             ENERGY     K= 9/2   5/2   1/2  -3/2  -7/2 -11/2
 
 I= 11/2- (1)  3.986  30:-0.030-0.308-0.758-0.562-0.117-0.004
 
 I= 11/2- (2)  6.215  34:-0.053 0.343-0.735 0.562-0.152 0.011

             ENERGY     K=13/2   9/2   5/2   1/2  -3/2  -7/2 -11/2
 
 I= 13/2- (1)  6.035  30: 0.004 0.145 0.613 0.271-0.628-0.367-0.034
 
 I= 13/2- (2)  6.553  32: 0.001 0.010-0.186-0.787-0.587-0.027 0.006

             ENERGY     K=13/2   9/2   5/2   1/2  -3/2  -7/2 -11/2
  21 LEVELS    TIME=  0.0 SEC



 ******************* EXCITATION ENERGIES, DOMINANT CONFIGURATION AND EXPECTATION VALUES (WITH S.P. UU+VV FACTORS) *******************

  NR  Eex(keV)  I   Kdom  NY    <Jz>  <Jx**2> <Jy**2> <Jz**2> <I.j>/|I|  <Rx**2> <Ry**2> <Rz**2> <R.j>/|R|  <HROTx> <HROTy> <HROTz>

   1    0.0   1/2-   1/2  34   -0.44    1.35    8.06    2.53   -0.46       2.11    8.16    3.22   -3.36      0.430   0.516   1.037
   2   43.7   3/2-   3/2  34   -0.44    1.35    8.06    2.53    0.50       2.08    8.32    3.34   -2.96      0.425   0.526   1.075
   3  189.9   3/2-   1/2  34   -0.44    1.35    8.06    2.53   -0.09       2.11   10.60    3.33   -3.02      0.430   0.670   1.073
   4  357.9   5/2-   3/2  34   -0.44    1.35    8.06    2.53    0.37       2.09   13.05    3.38   -2.52      0.427   0.825   1.089
   5  737.9   1/2-   1/2  33    0.37    2.03    2.10    7.21    0.71       1.96    1.81    7.09   -3.25      0.399   0.115   2.283
  
   6  795.4  11/2-   1/2  30    0.05   46.83    8.06    1.41    6.10       3.54   12.56    3.04   -4.54      0.723   0.795   0.979
   7 1338.0   7/2-   1/2  34   -0.44    1.35    8.06    2.53   -0.12       3.87   21.01    3.73   -2.32      0.789   1.329   1.203
   8 1392.4   3/2-   1/2  33    0.37    2.03    2.10    7.21   -0.39       3.64    5.66    7.30   -2.97      0.744   0.358   2.349
   9 1506.5   5/2-   1/2  33    0.37    2.03    2.10    7.21    0.53       3.93    5.52    7.50   -2.37      0.802   0.349   2.415
  10 1596.7   5/2-   1/2  34   -0.44    1.35    8.06    2.53   -0.36       8.10   10.84    3.85   -2.72      1.654   0.686   1.240
  
  11 1681.1   9/2-   3/2  34   -0.44    1.35    8.06    2.53    0.30       3.94   26.04    3.77   -1.80      0.804   1.648   1.213
  12 1708.4   7/2-   3/2  34   -0.44    1.35    8.06    2.53    0.43       8.42   12.09    3.75   -2.08      1.719   0.765   1.208
  13 2333.0   7/2-   1/2  30    0.05   46.83    8.06    1.41    5.88      12.29   10.38    2.70   -6.54      2.507   0.657   0.870
  14 2371.9   9/2-   1/2  32   -0.70   26.58   24.60    3.05    3.99       7.36   27.81    4.11   -5.49      1.502   1.759   1.324
  15 2450.8   9/2-   9/2  31    2.95    2.41    1.78   16.15    2.53       3.36    6.98    9.59   -1.74      0.687   0.442   3.087
  
  16 2843.9  13/2-   3/2  30    0.05   46.83    8.06    1.41    5.05       4.36   23.34    6.77   -3.58      0.890   1.477   2.179
  17 3024.3  11/2-   1/2  34   -0.44    1.35    8.06    2.53   -0.13       5.20   39.61    4.47   -1.81      1.061   2.506   1.440
  18 3294.7   1/2-   1/2  31    2.95    2.41    1.78   16.15    1.47       2.87    2.23   13.45   -4.43      0.587   0.141   4.331
  19 3362.0  13/2-   1/2  32   -0.70   26.58   24.60    3.05    3.98      10.88   32.48    4.04   -3.84      2.220   2.055   1.301
  20 3540.5  13/2-   3/2  34   -0.44    1.35    8.06    2.53    0.26       5.37   47.26    4.46   -1.34      1.096   2.990   1.438
  
  21 3554.5  11/2-   9/2  31    2.95    2.41    1.78   16.15    1.91       5.64   18.29    9.35   -1.55      1.151   1.157   3.011
