1SPECTRUM OF (Z= 82 A=207) IN PARTICLE-ROTOR  MODEL WITH MODIFIED OSCILLATOR POTENTIAL


 PARITY=-   EPS= 0.150   GAMMA=  0.0   EPS4=0.000   EPS6=0.000   LEVELS:  25  26  27  28  29  30  31  32  33  34  35  36  37  38  39

 PAIRING FACTORS: GN0= 19.20  GN1=  7.40  IPAIR= 15 ***  E2PLUS(INPUT)=   0.730  E2PLUR(INPUT)=   0.000

 CORIOLIS ATTENUATION PARAMETERS:  CHSI=1.000  ETA=  1.00

 MOMENT OF INERTIA PARAMETERS:   A1=  0.122 MEV   A2=  0.122 MEV   A3=121.91924 MEV


 DELTA=0.817 MEV  LAMBDA=53.3792 MEV   HW0= 7.4301 MEV   LAMBDA/HW0= 7.1842

 E2ENERGY=0.730 MEV  HBAR**2/B= 4172./A**(7/3)= 705.3/A**2 MEV

 IREC=0  =>  RECOIL TERMS j+j-, j+j+, jzjz, ETC TREATED AS ONE-BODY OPERATORS WITH UU+VV PAIRING FACTORS



 S. P. LEVEL   EQP       U     V        (UU + VV)**1.00

     25       4.371    0.094 0.996      1.000 1.000 1.000 0.999 0.998 0.995 0.994 0.890 0.806 0.522 0.290 0.273 0.247 0.221 0.198
     26       3.894    0.105 0.994      1.000 1.000 1.000 1.000 0.999 0.996 0.995 0.895 0.813 0.532 0.302 0.284 0.258 0.232 0.209
     27       3.626    0.113 0.994      1.000 1.000 1.000 1.000 0.999 0.997 0.996 0.898 0.818 0.539 0.309 0.292 0.266 0.240 0.217
     28       3.198    0.129 0.992      0.999 1.000 1.000 1.000 1.000 0.998 0.997 0.905 0.826 0.552 0.324 0.307 0.281 0.255 0.232
     29       2.657    0.156 0.988      0.998 0.999 0.999 1.000 1.000 0.999 0.999 0.916 0.841 0.574 0.349 0.332 0.307 0.281 0.259
     30       2.180    0.191 0.982      0.995 0.996 0.997 0.998 0.999 1.000 1.000 0.930 0.860 0.603 0.383 0.366 0.341 0.315 0.293
     31       2.023    0.206 0.979      0.994 0.995 0.996 0.997 0.999 1.000 1.000 0.936 0.868 0.616 0.397 0.381 0.355 0.330 0.308
     32       0.900    0.538 0.843      0.890 0.895 0.898 0.905 0.916 0.930 0.936 1.000 0.987 0.854 0.695 0.682 0.662 0.642 0.624
     33       0.822    0.665 0.747      0.806 0.813 0.818 0.826 0.841 0.860 0.868 0.987 1.000 0.926 0.800 0.789 0.773 0.755 0.740
     34       1.033    0.898 0.440      0.522 0.532 0.539 0.552 0.574 0.603 0.616 0.854 0.926 1.000 0.968 0.963 0.955 0.947 0.939
     35       2.089    0.980 0.199      0.290 0.302 0.309 0.324 0.349 0.383 0.397 0.695 0.800 0.968 1.000 1.000 0.999 0.997 0.995
     36       2.286    0.983 0.182      0.273 0.284 0.292 0.307 0.332 0.366 0.381 0.682 0.789 0.963 1.000 1.000 1.000 0.999 0.997
     37       2.665    0.988 0.155      0.247 0.258 0.266 0.281 0.307 0.341 0.355 0.662 0.773 0.955 0.999 1.000 1.000 1.000 0.999
     38       3.210    0.992 0.128      0.221 0.232 0.240 0.255 0.281 0.315 0.330 0.642 0.755 0.947 0.997 0.999 1.000 1.000 1.000
     39       3.902    0.994 0.105      0.198 0.209 0.217 0.232 0.259 0.293 0.308 0.624 0.740 0.939 0.995 0.997 0.999 1.000 1.000

  R CORE   ENERGY   A0R/A00=1.000    R3= 0     2  
   2( 1)    0.732                    1.000 0.000
   2( 2)  487.921                    0.000 1.000

  R CORE   ENERGY   A0R/A00=1.000    R3= 0     2  
   3( 1)  488.652                    0.000 1.000

  R CORE   ENERGY   A0R/A00=1.000    R3= 0     2     4  
   4( 1)    2.438                    1.000 0.000 0.000

  R CORE   ENERGY   A0R/A00=1.000    R3= 0     2     4  
   5( 1)  490.847                    0.000 1.000 0.000

  R CORE   ENERGY   A0R/A00=1.000    R3= 0     2     4     6  
   6( 1)    5.121                    1.000 0.000 0.000 0.000

  R CORE   ENERGY   A0R/A00=1.000    R3= 0     2     4     6  
   7( 1)  494.017                    0.000 1.000 0.000 0.000

          AXIAL SYMMETRY => K RESTRICTED TO OMEGA

                     K
     S.P. ORB#: 25  2.50
     S.P. ORB#: 26 -3.50
     S.P. ORB#: 27  0.50
     S.P. ORB#: 28 -3.50
     S.P. ORB#: 29  4.50
     S.P. ORB#: 30  0.50
     S.P. ORB#: 31 -1.50
     S.P. ORB#: 32 -1.50
     S.P. ORB#: 33  2.50
     S.P. ORB#: 34  0.50
     S.P. ORB#: 35  0.50
     S.P. ORB#: 36 -1.50
     S.P. ORB#: 37  2.50
     S.P. ORB#: 38 -3.50
     S.P. ORB#: 39  4.50
 

             ENERGY    K= OMEGA
 
 I=  1/2- (1)  1.247  27:-0.066
                      34:-0.998
 
 I=  1/2- (2)  3.139  30: 1.000
 
 I=  1/2- (3)  4.637  27: 0.997
                      34:-0.066
 
 I=  1/2- (4) 10.359  35: 1.000
 
 I=  1/2- (5)147.203  32:-1.000

             ENERGY    K= OMEGA
 
 I=  3/2- (1)  1.344  27: 0.059
                      30: 0.209
                      31: 0.131
                      32: 0.960
                      34:-0.119
 
 I=  3/2- (2)  1.924  30: 0.117
                      31: 0.088
                      32:-0.158
                      34:-0.976

             ENERGY    K= OMEGA
 
 I=  5/2- (1)  1.273  27:-0.053
                      30: 0.132
                      31: 0.200
                      32:-0.357
                      33:-0.896
                      34: 0.097
 
 I=  5/2- (2)  1.930  30:-0.276
                      31: 0.092
                      32: 0.786
                      33:-0.376
                      34:-0.392
 
 I=  5/2- (3)  1.939  31:-0.195
                      32:-0.404
                      34:-0.893
 
 I=  5/2- (4)  3.173  27:-0.419
                      30: 0.467
                      31: 0.726
                      32: 0.088
                      33: 0.202
                      34:-0.177
 
 I=  5/2- (5)  4.511  27:-0.065
                      30: 0.780
                      31:-0.541
                      32: 0.282
                      33:-0.114

             ENERGY    K= OMEGA
 
 I=  7/2- (1)  1.895  30: 0.167
                      31:-0.241
                      32: 0.446
                      33:-0.844
 
 I=  7/2- (2)  2.536  25:-0.058
                      27:-0.194
                      30:-0.376
                      31:-0.294
                      32:-0.730
                      33:-0.374
                      34: 0.237
 
 I=  7/2- (3)  3.569  25:-0.052
                      28: 0.087
                      30: 0.101
                      31: 0.140
                      32:-0.309
                      33:-0.188
                      34:-0.910
 
 I=  7/2- (4)  3.931  25: 0.254
                      26: 0.139
                      28:-0.948
                      31:-0.050
                      34:-0.099
 
 I=  7/2- (5)  4.452  27:-0.216
                      28: 0.058
                      30: 0.317
                      31:-0.849
                      33: 0.314
                      34:-0.171

             ENERGY    K= OMEGA
 
 I=  9/2- (1)  2.514  26:-0.063
                      27: 0.180
                      29: 0.056
                      30:-0.308
                      31:-0.371
                      32: 0.447
                      33: 0.692
                      34:-0.219
 
 I=  9/2- (2)  3.363  25: 0.100
                      26: 0.267
                      28: 0.222
                      29:-0.922
                      30:-0.051
                      31:-0.054
                      34:-0.113
 
 I=  9/2- (3)  3.597  29: 0.113
                      30:-0.132
                      31:-0.130
                      32:-0.147
                      33:-0.339
                      34:-0.902
 
 I=  9/2- (4)  3.736  25: 0.096
                      28: 0.094
                      30: 0.329
                      31:-0.254
                      32:-0.756
                      33: 0.480
                      34:-0.071
 
 I=  9/2- (5)  4.633  27: 0.525
                      30:-0.396
                      31:-0.533
                      32:-0.249
                      33:-0.334
                      34: 0.327

             ENERGY    K= OMEGA
 
 I= 11/2- (1)  3.208  35:-0.642
                      36:-0.561
                      37:-0.426
                      38:-0.272
                      39:-0.130
 
 I= 11/2- (2)  3.728  25: 0.072
                      26:-0.128
                      28:-0.062
                      29:-0.169
                      30: 0.249
                      31:-0.306
                      32: 0.504
                      33:-0.732
 
 I= 11/2- (3)  4.303  25: 0.150
                      26:-0.327
                      28:-0.297
                      29:-0.856
                      30:-0.068
                      31: 0.082
                      32:-0.111
                      33: 0.161
 
 I= 11/2- (4)  4.473  25: 0.073
                      27: 0.307
                      28:-0.064
                      30: 0.443
                      31: 0.390
                      32: 0.574
                      33: 0.383
                      34:-0.264
 
 I= 11/2- (5)  5.929  25: 0.371
                      26: 0.187
                      27:-0.097
                      28:-0.784
                      29: 0.266
                      30:-0.091
                      31:-0.126
                      32: 0.113
                      33: 0.109
                      34: 0.291

             ENERGY    K= OMEGA
 
 I= 13/2- (1)  4.470  25:-0.064
                      26:-0.093
                      27: 0.283
                      29: 0.098
                      30:-0.400
                      31:-0.443
                      32: 0.421
                      33: 0.549
                      34:-0.247
 
 I= 13/2- (2)  4.705  35:-0.175
                      36: 0.464
                      37:-0.596
                      38: 0.541
                      39:-0.328
 
 I= 13/2- (3)  5.419  25: 0.204
                      26: 0.384
                      27: 0.075
                      28: 0.344
                      29:-0.810
                      30:-0.092
                      31:-0.099
                      34:-0.107
 
 I= 13/2- (4)  6.258  27: 0.057
                      29: 0.107
                      30:-0.105
                      31:-0.113
                      32:-0.264
                      33:-0.402
                      34:-0.853
 
 I= 13/2- (5)  6.449  25:-0.151
                      26: 0.084
                      28:-0.178
                      29:-0.072
                      30:-0.359
                      31: 0.297
                      32: 0.664
                      33:-0.522

             ENERGY     K= 9/2
  32 LEVELS    TIME=  0.0 SEC



 ******************* EXCITATION ENERGIES, DOMINANT CONFIGURATION AND EXPECTATION VALUES (WITH S.P. UU+VV FACTORS) *******************

  NR  Eex(keV)  I   Kdom  NY    <Jz>  <Jx**2> <Jy**2> <Jz**2> <I.j>/|I|  <Rx**2> <Ry**2> <Rz**2> <R.j>/|R|  <HROTx> <HROTy> <HROTz>

   1    0.0   1/2-   1/2  34    0.50    1.06    1.06    0.25    0.85       0.83    0.83    0.00   -1.28      0.101   0.101   0.000
   2   25.7   5/2-   5/2  33    1.77    1.81    1.81    5.40    2.51       1.47    1.47    0.00   -0.94      0.179   0.179   0.000
   3   97.0   3/2-  -3/2  32   -1.38    1.45    1.45    2.13    1.51       1.47    1.47   -0.00   -1.23      0.179   0.179  -0.000
   4  647.6   7/2-   5/2  33    1.40    1.92    1.92    5.07    2.13       3.87    3.87   -0.00   -0.16      0.472   0.472  -0.000
   5  676.6   3/2-   1/2  34    0.43    1.14    1.14    0.32   -0.20       3.57    3.57    0.00   -1.12      0.435   0.435   0.000
  
   6  683.1   5/2-  -3/2  32   -0.47    1.64    1.64    2.36    1.17       3.72    3.72   -0.00   -0.79      0.454   0.454  -0.000
   7  691.7   5/2-   1/2  34    0.10    1.14    1.14    0.66    0.75       3.64    3.64   -0.00   -0.27      0.444   0.444  -0.000
   8 1266.4   9/2-   5/2  33    0.78    2.69    2.69    3.92    2.39       5.16    5.16    0.00    0.80      0.629   0.629   0.000
   9 1289.1   7/2-  -3/2  32   -0.46    1.58    1.58    2.37    1.40       5.10    5.10   -0.00    0.00      0.622   0.622  -0.000
  10 1891.8   1/2-   1/2  30    0.50    3.83    3.83    0.25    0.47       3.93    3.93   -0.00   -2.68      0.479   0.479  -0.000
  
  11 1925.4   5/2-  -3/2  31   -0.49    3.65    3.65    1.56    1.70       3.78    3.78   -0.00   -1.39      0.461   0.461  -0.000
  12 1960.4  11/2-   1/2  35    0.00   28.68   28.68    3.19    7.48       3.44    3.44    0.00   -6.04      0.419   0.419   0.000
  13 2115.7   9/2-   9/2  29    3.43    2.76    2.76   18.76    4.43       2.45    2.45   -0.00   -1.00      0.299   0.299  -0.000
  14 2321.8   7/2-   1/2  34    0.31    1.37    1.37    0.80   -0.15      10.23   10.23    0.00   -0.91      1.247   1.247   0.000
  15 2349.7   9/2-   1/2  34    0.70    1.45    1.45    1.29    0.83      10.36   10.36    0.00   -0.02      1.263   1.263   0.000
  
  16 2480.6  11/2-   5/2  33    0.92    2.33    2.33    5.01    2.04      10.49   10.49    0.00    0.56      1.279   1.279   0.000
  17 2488.4   9/2-  -3/2  32   -0.33    1.57    1.57    3.09    0.98      10.60   10.60   -0.00   -0.29      1.292   1.292  -0.000
  18 2683.6   7/2-  -7/2  28   -3.05    2.41    2.41   11.67    3.36       2.77    2.77   -0.00   -1.33      0.338   0.338  -0.000
  19 3056.0  11/2-   9/2  29    2.71    3.03    3.03   17.58    3.94       6.16    6.16    0.00   -0.03      0.752   0.752   0.000
  20 3205.0   7/2-  -3/2  31   -0.76    3.42    3.42    2.34    0.58      10.18   10.18    0.00   -1.53      1.241   1.241   0.000
  
  21 3222.3  13/2-   5/2  33    0.36    3.38    3.38    3.15    2.51      11.81   11.81    0.00    1.57      1.440   1.440   0.000
  22 3225.3  11/2-  -3/2  32   -0.18    1.87    1.87    2.20    1.52      11.74   11.74    0.00    0.65      1.431   1.431   0.000
  23 3264.0   5/2-   1/2  30   -0.21    3.91    3.91    1.08   -0.46      10.20   10.20    0.00   -2.28      1.243   1.243   0.000
  24 3386.1   9/2-  -3/2  31    0.03    2.94    2.94    1.66    1.23      10.04   10.04   -0.00   -0.32      1.225   1.225  -0.000
  25 3389.8   1/2-   1/2  27    0.50    4.25    4.25    0.25    0.63       4.20    4.20    0.00   -2.83      0.512   0.512   0.000
  
  26 3458.2  13/2-   5/2  37    0.04   26.55   26.55    8.46    6.81       7.58    7.58    0.00   -3.59      0.924   0.924   0.000
  27 4171.8  13/2-   9/2  29    2.13    3.44    3.44   16.85    3.74      10.12   10.12   -0.00    0.53      1.234   1.234  -0.000
  28 4681.9  11/2-  -7/2  28   -1.57    2.62    2.62   10.41    2.34      11.68   11.68   -0.00   -0.34      1.424   1.424  -0.000
  29 5010.6  13/2-   1/2  34    0.70    1.45    1.45    1.64    0.76      21.37   21.37    0.00    0.11      2.605   2.605   0.000
  30 5201.8  13/2-  -3/2  32   -0.10    1.71    1.71    3.65    0.99      21.01   21.01   -0.00   -0.03      2.562   2.562  -0.000
  
  31 9111.9   1/2-   1/2  35    0.50   29.81   29.81    0.25   -4.17      33.92   33.92    0.00   -7.71      4.135   4.135   0.000
  32*******   1/2-  -3/2  32    0.00    0.00    0.00    0.00   -0.00       0.00    0.00    0.00   -0.00      0.000   0.000   0.000
