1SPECTRUM OF (Z= 82 A=207) IN PARTICLE-ROTOR  MODEL WITH MODIFIED OSCILLATOR POTENTIAL


 PARITY=-   EPS= 0.436   GAMMA= 40.0   EPS4=0.000   EPS6=0.000   LEVELS:  30  31  32  33  34

 PAIRING FACTORS: GN0= 19.20  GN1=  7.40  IPAIR= 15 ***  E2PLUS(INPUT)=   0.730  E2PLUR(INPUT)=   0.000

 CORIOLIS ATTENUATION PARAMETERS:  CHSI=0.000  ETA=  1.00

 MOMENT OF INERTIA PARAMETERS:   A1=  0.615 MEV   A2=  0.074 MEV   A3=  0.17418 MEV


 DELTA=0.885 MEV  LAMBDA=53.3137 MEV   HW0= 7.5661 MEV   LAMBDA/HW0= 7.0464

 E2ENERGY=0.730 MEV  HBAR**2/B=27741./A**(7/3)=4689.6/A**2 MEV

 IREC=0  =>  RECOIL TERMS j+j-, j+j+, jzjz, ETC TREATED AS ONE-BODY OPERATORS WITH UU+VV PAIRING FACTORS



 S. P. LEVEL   EQP       U     V        (UU + VV)**1.00

     30       1.314    0.361 0.933      1.000 0.956 0.890 0.854 0.581
     31       0.911    0.618 0.786      0.956 1.000 0.985 0.969 0.793
     32       0.891    0.746 0.666      0.890 0.985 1.000 0.997 0.888
     33       0.917    0.794 0.608      0.854 0.969 0.997 1.000 0.920
     34       1.844    0.969 0.248      0.581 0.793 0.888 0.920 1.000

  R CORE   ENERGY   A0R/A00=1.000    R3= 0     2  
   2( 1)    0.730                   -0.574 0.819
   2( 2)    2.724                    0.819 0.574

  R CORE   ENERGY   A0R/A00=1.000    R3= 0     2  
   3( 1)    3.454                    0.000 1.000

  R CORE   ENERGY   A0R/A00=1.000    R3= 0     2     4  
   4( 1)    2.276                   -0.531 0.676-0.512

  R CORE   ENERGY   A0R/A00=1.000    R3= 0     2     4  
   5( 1)    5.644                    0.000-0.574 0.819

  R CORE   ENERGY   A0R/A00=1.000    R3= 0     2     4     6  
   6( 1)    4.430                   -0.513 0.658-0.481 0.270

  R CORE   ENERGY   A0R/A00=1.000    R3= 0     2     4     6  
   7( 1)    8.693                    0.000-0.425 0.665-0.615
 

             ENERGY     K= 1/2
 
 I=  1/2- (1)  5.180  32: 1.000
 
 I=  1/2- (2)  5.611  30: 1.000

             ENERGY     K= 1/2  -3/2
 
 I=  3/2- (1)  5.364  32:-0.509 0.861
 
 I=  3/2- (2)  5.998  30: 0.912-0.410

             ENERGY     K= 5/2   1/2  -3/2
 
 I=  5/2- (1)  6.215  32: 0.630-0.607 0.484
 
 I=  5/2- (2)  6.399  30: 0.892-0.426 0.152

             ENERGY     K= 5/2   1/2  -3/2  -7/2
 
 I=  7/2- (1)  6.652  32:-0.284 0.474-0.575 0.603
 
 I=  7/2- (2)  6.995  30: 0.634-0.633 0.425-0.130

             ENERGY     K= 9/2   5/2   1/2  -3/2  -7/2
 
 I=  9/2- (1)  7.098  31:-0.043-0.343-0.723-0.577-0.159
 
 I=  9/2- (2)  7.934  32:-0.335 0.471-0.544 0.500-0.346

             ENERGY     K= 9/2   5/2   1/2  -3/2  -7/2 -11/2
 
 I= 11/2- (1)  8.417  31:-0.216-0.609-0.236 0.561 0.455 0.069
 
 I= 11/2- (2)  8.628  32: 0.173-0.343 0.481-0.531 0.471-0.341

             ENERGY     K=13/2   9/2   5/2   1/2  -3/2  -7/2 -11/2
 
 I= 13/2- (1)  8.064  31:-0.006 0.023 0.326 0.737 0.577 0.133-0.008
 
 I= 13/2- (2) 10.046  31:-0.078-0.485-0.441 0.330-0.015-0.620-0.265

             ENERGY     K=13/2   9/2   5/2   1/2  -3/2  -7/2 -11/2
  21 LEVELS    TIME=  0.0 SEC



 ******************* EXCITATION ENERGIES, DOMINANT CONFIGURATION AND EXPECTATION VALUES (WITH S.P. UU+VV FACTORS) *******************

  NR  Eex(keV)  I   Kdom  NY    <Jz>  <Jx**2> <Jy**2> <Jz**2> <I.j>/|I|  <Rx**2> <Ry**2> <Rz**2> <R.j>/|R|  <HROTx> <HROTy> <HROTz>

   1    0.0   1/2-   1/2  32   -0.30    3.86    7.66    6.84   -0.14       3.91    8.06    7.38   -4.20      2.405   0.598   1.286
   2  184.3   3/2-   3/2  32   -0.30    3.86    7.66    6.84    0.28       3.91    9.12    7.99   -3.89      2.405   0.677   1.391
   3  431.4   1/2-   1/2  30    0.61    2.11    2.21   14.63    0.01       2.61    2.81   14.27   -4.27      1.603   0.209   2.485
   4  818.0   3/2-   1/2  30    0.61    2.11    2.21   14.63    0.34       2.95    3.40   15.02   -3.96      1.816   0.252   2.616
   5 1034.7   5/2-   5/2  32   -0.30    3.86    7.66    6.84   -0.16       4.07   13.56   10.43   -3.56      2.502   1.006   1.816
  
   6 1219.3   5/2-   5/2  30    0.61    2.11    2.21   14.63    0.30       2.67    6.06   17.19   -3.55      1.641   0.450   2.995
   7 1472.1   7/2-   7/2  32   -0.30    3.86    7.66    6.84    0.23       4.05   16.51   11.73   -3.07      2.493   1.225   2.043
   8 1485.9   3/2-   3/2  30    0.61    2.11    2.21   14.63   -0.35       3.27    2.82   17.97   -4.00      2.012   0.209   3.130
   9 1815.1   7/2-   5/2  30    0.61    2.11    2.21   14.63    0.43       3.11   11.40   16.79   -3.08      1.912   0.846   2.924
  10 1905.2   5/2-   3/2  30    0.61    2.11    2.21   14.63   -0.07       3.59    7.11   17.43   -3.61      2.208   0.528   3.035
  
  11 1917.9   9/2-   1/2  31   -0.44   31.98   18.59    4.47    4.68       5.70   21.12    6.41   -5.51      3.505   1.567   1.116
  12 2754.3   9/2-   1/2  32   -0.30    3.86    7.66    6.84   -0.14       4.54   27.14   12.84   -2.86      2.793   2.014   2.237
  13 2884.3  13/2-   1/2  31   -0.44   31.98   18.59    4.47    4.74       6.92   24.38    6.23   -3.58      4.260   1.809   1.084
  14 3009.8   9/2-   9/2  30    0.61    2.11    2.21   14.63    0.10       2.75   17.81   22.19   -2.83      1.689   1.322   3.864
  15 3237.3  11/2-   5/2  31   -0.44   31.98   18.59    4.47    3.89       5.75   27.45   11.09   -4.78      3.539   2.037   1.931
  
  16 3273.5   7/2-   7/2  32   -0.30    3.86    7.66    6.84    0.02       6.72   13.17   14.07   -3.14      4.134   0.977   2.451
  17 3448.3  11/2-   3/2  32   -0.30    3.86    7.66    6.84    0.20       4.55   32.87   14.34   -2.39      2.800   2.439   2.499
  18 3545.9  11/2-   5/2  30    0.61    2.11    2.21   14.63    0.42       3.24   26.63   19.77   -2.33      1.992   1.976   3.444
  19 4865.5  13/2-   7/2  31   -0.44   31.98   18.59    4.47    3.39       5.92   33.01   17.49   -4.17      3.639   2.450   3.046
  20 5057.1  13/2-   1/2  32   -0.30    3.86    7.66    6.84   -0.14       5.04   48.99   14.98   -2.32      3.102   3.635   2.609
  
  21 9523.9   1/2-   1/2  34   -1.88   16.43   19.88    6.80   -1.65      15.71   22.07    8.93   -6.52      9.667   1.638   1.555
