1SPECTRUM OF (Z= 82 A=207) IN PARTICLE-ROTOR  MODEL WITH MODIFIED OSCILLATOR POTENTIAL


 PARITY=-   EPS= 0.403   GAMMA= 26.4   EPS4=0.000   EPS6=0.000   LEVELS:  30  31  32  33  34

 PAIRING FACTORS: GN0= 19.20  GN1=  7.40  IPAIR= 15 ***  E2PLUS(INPUT)=   0.730  E2PLUR(INPUT)=   0.000

 CORIOLIS ATTENUATION PARAMETERS:  CHSI=0.000  ETA=  1.00

 MOMENT OF INERTIA PARAMETERS:   A1=  0.205 MEV   A2=  0.063 MEV   A3=  0.31784 MEV


 DELTA=0.891 MEV  LAMBDA=53.2703 MEV   HW0= 7.5521 MEV   LAMBDA/HW0= 7.0537

 E2ENERGY=0.730 MEV  HBAR**2/B=20694./A**(7/3)=3498.3/A**2 MEV

 IREC=0  =>  RECOIL TERMS j+j-, j+j+, jzjz, ETC TREATED AS ONE-BODY OPERATORS WITH UU+VV PAIRING FACTORS



 S. P. LEVEL   EQP       U     V        (UU + VV)**1.00

     30       1.175    0.417 0.909      1.000 0.994 0.945 0.912 0.624
     31       1.015    0.511 0.860      0.994 1.000 0.974 0.950 0.703
     32       0.892    0.692 0.722      0.945 0.974 1.000 0.996 0.845
     33       0.899    0.753 0.658      0.912 0.950 0.996 1.000 0.889
     34       1.905    0.971 0.241      0.624 0.703 0.845 0.889 1.000

  R CORE   ENERGY   A0R/A00=1.000    R3= 0     2  
   2( 1)    0.730                    0.957-0.291
   2( 2)    1.614                    0.291 0.957

  R CORE   ENERGY   A0R/A00=1.000    R3= 0     2  
   3( 1)    2.344                    0.000 1.000

  R CORE   ENERGY   A0R/A00=1.000    R3= 0     2     4  
   4( 1)    2.016                    0.818-0.572 0.060

  R CORE   ENERGY   A0R/A00=1.000    R3= 0     2     4  
   5( 1)    4.534                    0.000 0.957-0.291

  R CORE   ENERGY   A0R/A00=1.000    R3= 0     2     4     6  
   6( 1)    3.786                    0.734-0.659 0.162-0.011

  R CORE   ENERGY   A0R/A00=1.000    R3= 0     2     4     6  
   7( 1)    7.311                    0.000 0.869-0.488 0.078
 

             ENERGY     K= 1/2
 
 I=  1/2- (1)  4.414  31: 1.000
 
 I=  1/2- (2)  5.985  32: 1.000

             ENERGY     K= 1/2  -3/2
 
 I=  3/2- (1)  4.558  31:-0.567 0.824
 
 I=  3/2- (2)  5.147  31: 0.824 0.567

             ENERGY     K= 5/2   1/2  -3/2
 
 I=  5/2- (1)  5.318  31: 0.134-0.807 0.575
 
 I=  5/2- (2)  5.459  31:-0.026 0.577 0.816

             ENERGY     K= 5/2   1/2  -3/2  -7/2
 
 I=  7/2- (1)  5.559  31:-0.085 0.643-0.751 0.123
 
 I=  7/2- (2)  6.541  32: 0.904-0.417 0.093 0.007

             ENERGY     K= 9/2   5/2   1/2  -3/2  -7/2
 
 I=  9/2- (1)  6.784  31:-0.025 0.272-0.732 0.608-0.142
 
 I=  9/2- (2)  6.915  30: 0.008-0.094-0.768-0.633 0.035

             ENERGY     K= 9/2   5/2   1/2  -3/2  -7/2 -11/2
 
 I= 11/2- (1)  7.118  31: 0.017-0.193 0.637-0.701 0.253-0.023
 
 I= 11/2- (2)  7.661  30:-0.022 0.180 0.547-0.816 0.041 0.004

             ENERGY     K=13/2   9/2   5/2   1/2  -3/2  -7/2 -11/2
 
 I= 13/2- (1)  8.760  31: 0.005-0.073 0.345-0.683 0.598-0.226 0.031
 
 I= 13/2- (2)  8.828  30: 0.003-0.041-0.074 0.791 0.559-0.233 0.012

             ENERGY     K=13/2   9/2   5/2   1/2  -3/2  -7/2 -11/2
  21 LEVELS    TIME=  0.0 SEC



 ******************* EXCITATION ENERGIES, DOMINANT CONFIGURATION AND EXPECTATION VALUES (WITH S.P. UU+VV FACTORS) *******************

  NR  Eex(keV)  I   Kdom  NY    <Jz>  <Jx**2> <Jy**2> <Jz**2> <I.j>/|I|  <Rx**2> <Ry**2> <Rz**2> <R.j>/|R|  <HROTx> <HROTy> <HROTz>

   1    0.0   1/2-   1/2  31   -0.38    4.21    6.77    5.94   -0.22       4.13    7.35    6.57   -4.03      0.847   0.463   2.089
   2  143.5   3/2-   3/2  31   -0.38    4.21    6.77    5.94    0.44       4.15    7.92    6.90   -3.69      0.851   0.500   2.192
   3  732.3   3/2-   1/2  31   -0.38    4.21    6.77    5.94   -0.25       7.42    7.48    6.73   -3.74      1.523   0.472   2.138
   4  903.8   5/2-   1/2  31   -0.38    4.21    6.77    5.94   -0.27       5.87   14.54    6.86   -3.39      1.204   0.917   2.182
   5 1044.4   5/2-   3/2  31   -0.38    4.21    6.77    5.94    0.40       8.57    7.84    6.89   -3.26      1.758   0.494   2.191
  
   6 1144.9   7/2-   3/2  31   -0.38    4.21    6.77    5.94    0.37       6.19   16.47    7.03   -2.83      1.270   1.039   2.235
   7 1394.0   5/2-   5/2  32    1.77    2.45    1.83   15.18    1.47       3.31    3.61   12.62   -3.42      0.678   0.228   4.010
   8 1570.9   1/2-   1/2  32    1.77    2.45    1.83   15.18    0.74       2.96    2.31   13.66   -4.33      0.607   0.146   4.341
   9 1772.7   3/2-   1/2  32    1.77    2.45    1.83   15.18    0.70       3.68    3.15   13.66   -4.00      0.754   0.199   4.342
  10 2126.9   7/2-   5/2  32    1.77    2.45    1.83   15.18    1.02       4.66    9.60   12.86   -2.96      0.955   0.606   4.088
  
  11 2369.7   9/2-   1/2  31   -0.38    4.21    6.77    5.94   -0.29       7.37   29.69    7.50   -2.75      1.513   1.873   2.384
  12 2419.8   7/2-   3/2  30   -0.92   20.88   24.32    2.25    2.35      15.22   26.68    2.68   -5.71      3.124   1.683   0.853
  13 2500.7   9/2-   1/2  30   -0.92   20.88   24.32    2.25    2.73      15.30   26.94    2.84   -5.05      3.140   1.699   0.901
  14 2703.9  11/2-   3/2  31   -0.38    4.21    6.77    5.94    0.36       7.69   33.04    7.68   -2.13      1.578   2.084   2.441
  15 3045.9   9/2-   5/2  32    1.77    2.45    1.83   15.18    0.88       5.54   15.94   13.92   -2.53      1.137   1.006   4.426
  
  16 3246.2  11/2-   3/2  30   -0.92   20.88   24.32    2.25    2.31      16.24   36.73    2.63   -4.51      3.333   2.317   0.836
  17 3271.9   1/2-   1/2  30   -0.92   20.88   24.32    2.25   -0.09      18.22   26.71    3.42   -6.84      3.739   1.685   1.087
  18 3740.0  11/2-   5/2  32    1.77    2.45    1.83   15.18    0.75       5.23   26.80   14.15   -2.20      1.073   1.691   4.499
  19 4345.9  13/2-   1/2  31   -0.38    4.21    6.77    5.94   -0.30       8.72   52.89    8.24   -2.27      1.789   3.337   2.619
  20 4413.3  13/2-   1/2  30   -0.92   20.88   24.32    2.25    2.55      21.17   36.13    3.24   -3.81      4.343   2.279   1.031
  
  21 5062.0  13/2-   5/2  32    1.77    2.45    1.83   15.18    0.58       7.38   38.05   14.70   -1.99      1.513   2.400   4.671
