1SPECTRUM OF (Z= 82 A=207) IN PARTICLE-ROTOR  MODEL WITH MODIFIED OSCILLATOR POTENTIAL


 PARITY=-   EPS= 0.188   GAMMA= 30.0   EPS4=0.000   EPS6=0.000   LEVELS:  24  25  26  27  28  29  30  31  32  33  34  35  36  37  38

 PAIRING FACTORS: GN0= 19.20  GN1=  7.40  IPAIR= 15 ***  E2PLUS(INPUT)=   0.730  E2PLUR(INPUT)=   0.000

 CORIOLIS ATTENUATION PARAMETERS:  CHSI=0.000  ETA=  0.00

     FOR ETA .NE. 1, THE ANGULAR MOMENTUM EXPECTATION VALUES OF THE ENERGY EIGENSTATES ARE CALCULATED ONLY APPROXIMATELY

 MOMENT OF INERTIA PARAMETERS:   A1=  0.243 MEV   A2=  0.061 MEV   A3=  0.24333 MEV


 DELTA=0.796 MEV  LAMBDA=53.4088 MEV   HW0= 7.4402 MEV   LAMBDA/HW0= 7.1784

 E2ENERGY=0.730 MEV  HBAR**2/B= 4360./A**(7/3)= 737.0/A**2 MEV

 IREC=0  =>  RECOIL TERMS j+j-, j+j+, jzjz, ETC TREATED AS ONE-BODY OPERATORS WITH UU+VV PAIRING FACTORS



 S. P. LEVEL   EQP       U     V        (UU + VV)**0.00

     24       5.100    0.078 0.997      1.000 1.000 1.000 1.000 1.000 1.000 1.000 1.000 1.000 1.000 1.000 1.000 1.000 1.000 1.000
     25       4.491    0.089 0.996      1.000 1.000 1.000 1.000 1.000 1.000 1.000 1.000 1.000 1.000 1.000 1.000 1.000 1.000 1.000
     26       4.020    0.100 0.995      1.000 1.000 1.000 1.000 1.000 1.000 1.000 1.000 1.000 1.000 1.000 1.000 1.000 1.000 1.000
     27       3.278    0.122 0.992      1.000 1.000 1.000 1.000 1.000 1.000 1.000 1.000 1.000 1.000 1.000 1.000 1.000 1.000 1.000
     28       3.274    0.123 0.992      1.000 1.000 1.000 1.000 1.000 1.000 1.000 1.000 1.000 1.000 1.000 1.000 1.000 1.000 1.000
     29       2.765    0.146 0.989      1.000 1.000 1.000 1.000 1.000 1.000 1.000 1.000 1.000 1.000 1.000 1.000 1.000 1.000 1.000
     30       2.486    0.162 0.987      1.000 1.000 1.000 1.000 1.000 1.000 1.000 1.000 1.000 1.000 1.000 1.000 1.000 1.000 1.000
     31       1.228    0.346 0.938      1.000 1.000 1.000 1.000 1.000 1.000 1.000 1.000 1.000 1.000 1.000 1.000 1.000 1.000 1.000
     32       1.092    0.398 0.918      1.000 1.000 1.000 1.000 1.000 1.000 1.000 1.000 1.000 1.000 1.000 1.000 1.000 1.000 1.000
     33       0.849    0.821 0.571      1.000 1.000 1.000 1.000 1.000 1.000 1.000 1.000 1.000 1.000 1.000 1.000 1.000 1.000 1.000
     34       1.233    0.939 0.344      1.000 1.000 1.000 1.000 1.000 1.000 1.000 1.000 1.000 1.000 1.000 1.000 1.000 1.000 1.000
     35       2.119    0.982 0.191      1.000 1.000 1.000 1.000 1.000 1.000 1.000 1.000 1.000 1.000 1.000 1.000 1.000 1.000 1.000
     36       2.278    0.984 0.178      1.000 1.000 1.000 1.000 1.000 1.000 1.000 1.000 1.000 1.000 1.000 1.000 1.000 1.000 1.000
     37       2.758    0.989 0.146      1.000 1.000 1.000 1.000 1.000 1.000 1.000 1.000 1.000 1.000 1.000 1.000 1.000 1.000 1.000
     38       3.261    0.992 0.123      1.000 1.000 1.000 1.000 1.000 1.000 1.000 1.000 1.000 1.000 1.000 1.000 1.000 1.000 1.000

  R CORE   ENERGY   A0R/A00=1.000    R3= 0     2  
   2( 1)    0.730                    0.866-0.500
   2( 2)    1.460                    0.500 0.866

  R CORE   ENERGY   A0R/A00=1.000    R3= 0     2  
   3( 1)    2.190                    0.000 1.000

  R CORE   ENERGY   A0R/A00=1.000    R3= 0     2     4  
   4( 1)    1.947                    0.740-0.661 0.125

  R CORE   ENERGY   A0R/A00=1.000    R3= 0     2     4  
   5( 1)    4.380                    0.000 0.866-0.500

  R CORE   ENERGY   A0R/A00=1.000    R3= 0     2     4     6  
   6( 1)    3.650                   -0.672 0.695-0.254 0.031

  R CORE   ENERGY   A0R/A00=1.000    R3= 0     2     4     6  
   7( 1)    7.057                    0.000 0.747-0.637 0.187
 

             ENERGY     K= 1/2
 
 I=  1/2- (1)  2.663  32: 1.000
 
 I=  1/2- (2)  2.775  31: 1.000
 
 I=  1/2- (3)  2.784  33: 1.000
 
 I=  1/2- (4)  2.887  36: 1.000
 
 I=  1/2- (5)  4.697  30: 1.000

             ENERGY     K= 1/2  -3/2
 
 I=  3/2- (1)  2.596  32: 0.421 0.907
 
 I=  3/2- (2)  2.818  33: 1.000-0.008

             ENERGY     K= 5/2   1/2  -3/2
 
 I=  5/2- (1)  2.854  32:-0.010-0.557 0.831
 
 I=  5/2- (2)  3.544  31: 0.373-0.898 0.234
 
 I=  5/2- (3)  3.620  33: 0.939-0.336-0.077
 
 I=  5/2- (4)  3.625  36: 0.476-0.858 0.193
 
 I=  5/2- (5)  3.838  33:-0.217-0.749 0.626

             ENERGY     K= 5/2   1/2  -3/2  -7/2
 
 I=  7/2- (1)  3.763  33: 0.578-0.766 0.282 0.004
 
 I=  7/2- (2)  4.077  32: 0.287-0.658 0.662-0.214
 
 I=  7/2- (3)  4.288  32: 0.255-0.584-0.502 0.584
 
 I=  7/2- (4)  4.596  31:-0.099 0.681-0.711 0.147
 
 I=  7/2- (5)  4.799  36:-0.396 0.740-0.530 0.121

             ENERGY     K= 9/2   5/2   1/2  -3/2  -7/2
 
 I=  9/2- (1)  4.076  32:-0.004-0.144 0.577-0.732 0.331
 
 I=  9/2- (2)  4.314  29: 0.979-0.200 0.032-0.001-0.003
 
 I=  9/2- (3)  4.778  31:-0.097 0.511-0.750 0.404-0.058
 
 I=  9/2- (4)  4.860  36:-0.124 0.564-0.737 0.350-0.033
 
 I=  9/2- (5)  5.201  33:-0.163 0.579-0.676 0.404-0.134

             ENERGY     K= 9/2   5/2   1/2  -3/2  -7/2 -11/2
 
 I= 11/2- (1)  3.743  34: 0.049 0.343 0.729 0.569 0.155 0.009
 
 I= 11/2- (2)  5.232  33:-0.205 0.584-0.689 0.370-0.071-0.001
 
 I= 11/2- (3)  5.691  29: 0.930-0.357 0.088-0.017 0.006 0.002
 
 I= 11/2- (4)  5.774  32:-0.098 0.374-0.649 0.594-0.272 0.042
 
 I= 11/2- (5)  6.187  28: 0.000 0.008-0.049 0.188-0.477 0.857

             ENERGY     K=13/2   9/2   5/2   1/2  -3/2  -7/2 -11/2
 
 I= 13/2- (1)  5.501  34: 0.012 0.208 0.615 0.240-0.577-0.429-0.067
 
 I= 13/2- (2)  5.706  29: 0.899-0.410 0.149-0.037 0.005 0.002-0.002
 
 I= 13/2- (3)  5.787  32: 0.001 0.034-0.233 0.565-0.671 0.405-0.106
 
 I= 13/2- (4)  5.794  35:-0.000 0.034 0.321 0.744 0.570 0.133 0.004
 
 I= 13/2- (5)  6.494  31: 0.025-0.199 0.527-0.678 0.450-0.142 0.015

             ENERGY     K=13/2   9/2   5/2   1/2  -3/2  -7/2 -11/2
  32 LEVELS    TIME=  0.0 SEC



 ******************* EXCITATION ENERGIES, DOMINANT CONFIGURATION AND EXPECTATION VALUES (WITH S.P. UU+VV FACTORS) *******************

  NR  Eex(keV)  I   Kdom  NY    <Jz>  <Jx**2> <Jy**2> <Jz**2> <I.j>/|I|  <Rx**2> <Ry**2> <Rz**2> <R.j>/|R|  <HROTx> <HROTy> <HROTz>

   1    0.0   3/2-   3/2  32   -0.57    1.33    7.00    1.84    0.68       2.06    6.82    2.42   -2.64      0.500   0.415   0.590
   2   67.1   1/2-   1/2  32   -0.57    1.33    7.00    1.84   -0.36       2.10    6.79    2.67   -3.09      0.510   0.413   0.649
   3  178.7   1/2-   1/2  31    0.25    1.86    1.07    4.51    0.69       1.63    0.86    4.52   -2.59      0.395   0.052   1.099
   4  187.8   1/2-   1/2  33    0.68    1.28    2.00    5.71   -0.14       2.00    2.69    5.28   -2.88      0.486   0.164   1.285
   5  222.2   3/2-   1/2  33    0.68    1.28    2.00    5.71    0.65       2.10    2.85    5.28   -2.42      0.511   0.174   1.285
  
   6  257.9   5/2-   3/2  32   -0.57    1.33    7.00    1.84    0.59       2.06   10.88    2.46   -2.14      0.501   0.662   0.599
   7  291.0   1/2-   1/2  36    0.53    0.27    2.64    2.15    0.84       0.03    2.47    1.86   -2.07      0.006   0.150   0.453
   8  947.8   5/2-   1/2  31    0.25    1.86    1.07    4.51    0.50       2.90    4.97    5.38   -1.64      0.705   0.302   1.309
   9 1024.0   5/2-   5/2  33    0.68    1.28    2.00    5.71    0.51       2.07    4.43    8.21   -1.95      0.504   0.269   1.998
  10 1029.0   5/2-   1/2  36    0.53    0.27    2.64    2.15    0.55       0.97    6.69    2.89   -1.06      0.237   0.407   0.704
  
  11 1147.0  11/2-   1/2  34    0.00   53.10    6.54    2.01    6.63       3.77   10.39    3.95   -5.17      0.917   0.632   0.962
  12 1166.6   7/2-   1/2  33    0.68    1.28    2.00    5.71    0.57       2.47   11.00    6.75   -1.50      0.601   0.669   1.644
  13 1241.7   5/2-   1/2  33    0.68    1.28    2.00    5.71   -0.20       2.79    8.86    7.28   -2.20      0.678   0.539   1.771
  14 1479.9   9/2-   3/2  32   -0.57    1.33    7.00    1.84    0.54       3.02   23.02    3.49   -1.38      0.734   1.401   0.850
  15 1481.3   7/2-   3/2  32   -0.57    1.33    7.00    1.84   -0.38       3.16   22.19    3.56   -2.17      0.769   1.350   0.867
  
  16 1691.6   7/2-   1/2  32   -0.57    1.33    7.00    1.84    0.56       4.69   11.13    5.66   -1.72      1.142   0.677   1.377
  17 1717.6   9/2-   9/2  29    4.12    2.09    2.16   18.21    3.66       3.39    5.95    1.49   -1.30      0.824   0.362   0.363
  18 1999.8   7/2-   3/2  31    0.25    1.86    1.07    4.51   -0.30       3.55   15.67    6.38   -1.71      0.863   0.953   1.552
  19 2100.7   1/2-   1/2  30   -0.45    4.55    3.91    2.97   -0.21       4.27    4.61    3.67   -3.28      1.039   0.280   0.892
  20 2182.0   9/2-   1/2  31    0.25    1.86    1.07    4.51    0.48       3.78   17.14    6.53   -0.97      0.919   1.043   1.589
  
  21 2202.4   7/2-   1/2  36    0.53    0.27    2.64    2.15   -0.36       2.06   17.73    3.87   -1.33      0.500   1.078   0.942
  22 2263.7   9/2-   1/2  36    0.53    0.27    2.64    2.15    0.50       2.01   19.00    3.86   -0.52      0.488   1.156   0.939
  23 2605.1   9/2-   1/2  33    0.68    1.28    2.00    5.71   -0.29       3.78   25.02    7.85   -1.73      0.920   1.522   1.910
  24 2635.8  11/2-   1/2  33    0.68    1.28    2.00    5.71    0.53       3.46   27.20    7.75   -0.94      0.843   1.655   1.885
  25 2904.4  13/2-   5/2  34    0.00   53.10    6.54    2.01    5.59       4.22   19.65    8.41   -3.98      1.027   1.196   2.045
  
  26 3094.4  11/2-   9/2  29    4.12    2.09    2.16   18.21    2.90       6.39   15.29    1.81   -1.05      1.555   0.930   0.440
  27 3109.9  13/2-  13/2  29    4.12    2.09    2.16   18.21    3.58       3.13   12.17    5.92    0.55      0.760   0.741   1.440
  28 3177.7  11/2-   1/2  32   -0.57    1.33    7.00    1.84   -0.42       4.13   42.25    4.55   -1.78      1.006   2.570   1.107
  29 3190.9  13/2-   3/2  32   -0.57    1.33    7.00    1.84    0.52       4.02   43.17    4.49   -0.91      0.977   2.626   1.092
  30 3197.5  13/2-   1/2  35   -0.12   36.64   19.52    5.29    5.45       1.72   25.36    7.04   -4.01      0.419   1.543   1.713
  
  31 3591.2  11/2-  11/2  28   -3.09    2.23    2.64   10.97    2.53       3.03   12.51    5.82   -0.16      0.737   0.761   1.416
  32 3897.7  13/2-   1/2  31    0.25    1.86    1.07    4.51    0.47       4.78   37.31    7.54   -0.59      1.162   2.269   1.834
