1SPECTRUM OF (Z= 82 A=207) IN PARTICLE-ROTOR  MODEL WITH MODIFIED OSCILLATOR POTENTIAL


 PARITY=-   EPS= 0.385   GAMMA= 24.0   EPS4=0.000   EPS6=0.000   LEVELS:  30  31  32  33  34

 PAIRING FACTORS: GN0= 19.20  GN1=  7.40  IPAIR= 15 ***  E2PLUS(INPUT)=   0.033  E2PLUR(INPUT)=   0.000

 CORIOLIS ATTENUATION PARAMETERS:  CHSI=0.000  ETA=  1.00

 MOMENT OF INERTIA PARAMETERS:   A1=  0.009 MEV   A2=  0.003 MEV   A3=  0.01799 MEV


 DELTA=0.895 MEV  LAMBDA=53.2878 MEV   HW0= 7.5406 MEV   LAMBDA/HW0= 7.0668

 E2ENERGY=0.033 MEV  HBAR**2/B=  894./A**(7/3)= 151.2/A**2 MEV

 IREC=0  =>  RECOIL TERMS j+j-, j+j+, jzjz, ETC TREATED AS ONE-BODY OPERATORS WITH UU+VV PAIRING FACTORS



 S. P. LEVEL   EQP       U     V        (UU + VV)**1.00

     30       1.129    0.442 0.897      1.000 1.000 0.961 0.889 0.652
     31       1.114    0.449 0.893      1.000 1.000 0.963 0.893 0.659
     32       0.898    0.674 0.739      0.961 0.963 1.000 0.981 0.837
     33       0.935    0.803 0.596      0.889 0.893 0.981 1.000 0.926
     34       1.848    0.968 0.250      0.652 0.659 0.837 0.926 1.000

  R CORE   ENERGY   A0R/A00=1.000    R3= 0     2  
   2( 1)    0.033                    0.982-0.189
   2( 2)    0.085                    0.189 0.982

  R CORE   ENERGY   A0R/A00=1.000    R3= 0     2  
   3( 1)    0.118                    0.000 1.000

  R CORE   ENERGY   A0R/A00=1.000    R3= 0     2     4  
   4( 1)    0.096                    0.876-0.482 0.033

  R CORE   ENERGY   A0R/A00=1.000    R3= 0     2     4  
   5( 1)    0.217                    0.000 0.982-0.189

  R CORE   ENERGY   A0R/A00=1.000    R3= 0     2     4     6  
   6( 1)    0.181                    0.783-0.612 0.110-0.005

  R CORE   ENERGY   A0R/A00=1.000    R3= 0     2     4     6  
   7( 1)    0.348                    0.000 0.930-0.365 0.038
 

             ENERGY     K= 1/2
 
 I=  1/2- (1)  1.174  32: 1.000
 
 I=  1/2- (2)  1.275  33: 1.000

             ENERGY     K= 1/2  -3/2
 
 I=  3/2- (1)  1.183  32: 1.000-0.013
 
 I=  3/2- (2)  1.274  33: 1.000 0.031

             ENERGY     K= 5/2   1/2  -3/2
 
 I=  5/2- (1)  1.115  32: 0.997-0.078-0.016
 
 I=  5/2- (2)  1.225  32:-0.076-0.994 0.083

             ENERGY     K= 5/2   1/2  -3/2  -7/2
 
 I=  7/2- (1)  1.153  32: 0.979-0.201 0.041 0.005
 
 I=  7/2- (2)  1.250  32:-0.203-0.977 0.070-0.003

             ENERGY     K= 9/2   5/2   1/2  -3/2  -7/2
 
 I=  9/2- (1)  1.187  32: 0.666-0.728 0.164 0.008-0.003
 
 I=  9/2- (2)  1.219  32: 0.745 0.638-0.192 0.001-0.016

             ENERGY     K= 9/2   5/2   1/2  -3/2  -7/2 -11/2
 
 I= 11/2- (1)  1.228  32: 0.593-0.748 0.291-0.069 0.008 0.002
 
 I= 11/2- (2)  1.288  32: 0.793 0.479-0.367 0.078 0.016 0.003

             ENERGY     K=13/2   9/2   5/2   1/2  -3/2  -7/2 -11/2
 
 I= 13/2- (1)  1.282  32: 0.100-0.629 0.726-0.259 0.018 0.004 0.003
 
 I= 13/2- (2)  1.371  32: 0.263-0.710-0.506 0.402-0.085 0.035 0.000

             ENERGY     K=13/2   9/2   5/2   1/2  -3/2  -7/2 -11/2
  21 LEVELS    TIME=  0.0 SEC



 ******************* EXCITATION ENERGIES, DOMINANT CONFIGURATION AND EXPECTATION VALUES (WITH S.P. UU+VV FACTORS) *******************

  NR  Eex(keV)  I   Kdom  NY    <Jz>  <Jx**2> <Jy**2> <Jz**2> <I.j>/|I|  <Rx**2> <Ry**2> <Rz**2> <R.j>/|R|  <HROTx> <HROTy> <HROTz>

   1    0.0   5/2-   5/2  32    2.43    2.51    1.75   15.69    2.04       3.53    3.24    9.83   -3.41      0.030   0.010   0.177
   2   37.2   7/2-   5/2  32    2.43    2.51    1.75   15.69    1.50       5.91    7.89    9.98   -2.87      0.051   0.024   0.180
   3   58.6   1/2-   1/2  32    2.43    2.51    1.75   15.69    1.13       2.99    2.23   13.51   -4.38      0.026   0.007   0.243
   4   67.9   3/2-   1/2  32    2.43    2.51    1.75   15.69    0.87       3.79    3.03   13.51   -4.05      0.033   0.009   0.243
   5   71.2   9/2-   5/2  32    2.43    2.51    1.75   15.69    1.62       4.53   12.22   11.81   -2.22      0.039   0.037   0.212
  
   6  103.8   9/2-   9/2  32    2.43    2.51    1.75   15.69    1.72       9.47    5.79   12.33   -2.17      0.082   0.017   0.222
   7  109.8   5/2-   1/2  32    2.43    2.51    1.75   15.69    0.18       7.19    6.89   13.57   -3.69      0.062   0.021   0.244
   8  112.3  11/2-   5/2  32    2.43    2.51    1.75   15.69    1.27       5.71   23.11   11.70   -1.94      0.049   0.070   0.210
   9  122.8   5/2-   5/2  33    2.07   24.66   19.37    5.19    1.75      25.58   20.87    1.13   -6.38      0.220   0.063   0.020
  10  134.9   7/2-   1/2  32    2.43    2.51    1.75   15.69    0.57      10.20    7.56   13.42   -3.17      0.088   0.023   0.241
  
  11  156.7   7/2-   5/2  33    2.07   24.66   19.37    5.19    1.27      27.03   26.46    1.39   -5.96      0.233   0.080   0.025
  12  158.3   3/2-   1/2  33    2.07   24.66   19.37    5.19    0.93      24.96   21.04    3.38   -6.75      0.215   0.063   0.061
  13  159.7   1/2-   1/2  33    2.07   24.66   19.37    5.19    0.77      25.63   19.63    3.37   -6.96      0.221   0.059   0.061
  14  166.3  13/2-   5/2  32    2.43    2.51    1.75   15.69    1.09       7.81   33.74   11.92   -1.69      0.067   0.101   0.214
  15  172.9  11/2-   9/2  32    2.43    2.51    1.75   15.69    1.46      14.00   11.15   13.11   -1.81      0.121   0.034   0.236
  
  16  187.3   3/2-   3/2  30   -0.87    3.40    4.32    7.27    0.66       3.78    5.44    6.96   -3.41      0.033   0.016   0.125
  17  200.6   9/2-   5/2  33    2.07   24.66   19.37    5.19    1.14      28.85   31.75    2.08   -5.50      0.248   0.096   0.037
  18  207.4   1/2-   1/2  30   -0.87    3.40    4.32    7.27   -0.34       3.44    4.49    8.39   -3.78      0.030   0.014   0.151
  19  233.6  11/2-   5/2  33    2.07   24.66   19.37    5.19    0.91      27.38   44.19    2.53   -5.09      0.236   0.133   0.046
  20  255.4  13/2-   9/2  32    2.43    2.51    1.75   15.69    1.14      18.90   19.97   13.87   -1.65      0.163   0.060   0.249
  
  21  298.2  13/2-   5/2  33    2.07   24.66   19.37    5.19    0.83      31.18   52.22    2.96   -4.67      0.269   0.157   0.053
