1SPECTRUM OF (Z= 82 A=207) IN PARTICLE-ROTOR  MODEL WITH MODIFIED OSCILLATOR POTENTIAL


 PARITY=-   EPS= 0.500   GAMMA=  9.2   EPS4=0.000   EPS6=0.000   LEVELS:  30  31  32  33  34

 PAIRING FACTORS: GN0= 19.20  GN1=  7.40  IPAIR= 15 ***  E2PLUS(INPUT)=   0.019  E2PLUR(INPUT)=   0.000

 CORIOLIS ATTENUATION PARAMETERS:  CHSI=0.000  ETA=  1.00

 MOMENT OF INERTIA PARAMETERS:   A1=  0.004 MEV   A2=  0.003 MEV   A3=  0.08763 MEV


 DELTA=0.795 MEV  LAMBDA=53.3556 MEV   HW0= 7.6519 MEV   LAMBDA/HW0= 6.9729

 E2ENERGY=0.019 MEV  HBAR**2/B= 1143./A**(7/3)= 193.2/A**2 MEV

 IREC=0  =>  RECOIL TERMS j+j-, j+j+, jzjz, ETC TREATED AS ONE-BODY OPERATORS WITH UU+VV PAIRING FACTORS



 S. P. LEVEL   EQP       U     V        (UU + VV)**1.00

     30       1.329    0.315 0.949      1.000 0.994 0.800 0.558 0.515
     31       1.046    0.418 0.908      0.994 1.000 0.862 0.646 0.607
     32       0.848    0.821 0.571      0.800 0.862 1.000 0.944 0.926
     33       1.541    0.964 0.268      0.558 0.646 0.944 1.000 0.999
     34       1.858    0.976 0.219      0.515 0.607 0.926 0.999 1.000

  R CORE   ENERGY   A0R/A00=1.000    R3= 0     2  
   2( 1)    0.019                    1.000-0.006
   2( 2)    0.357                    0.006 1.000

  R CORE   ENERGY   A0R/A00=1.000    R3= 0     2  
   3( 1)    0.376                    0.000 1.000

  R CORE   ENERGY   A0R/A00=1.000    R3= 0     2     4  
   4( 1)    0.063                    1.000-0.023 0.000

  R CORE   ENERGY   A0R/A00=1.000    R3= 0     2     4  
   5( 1)    0.433                    0.000 1.000-0.006

  R CORE   ENERGY   A0R/A00=1.000    R3= 0     2     4     6  
   6( 1)    0.132                    0.999-0.050 0.000-0.000

  R CORE   ENERGY   A0R/A00=1.000    R3= 0     2     4     6  
   7( 1)    0.515                    0.000 1.000-0.014 0.000
 

             ENERGY     K= 1/2
 
 I=  1/2- (1)  1.231  31: 1.000
 
 I=  1/2- (2)  1.233  32: 1.000

             ENERGY     K= 1/2  -3/2
 
 I=  3/2- (1)  1.233  31: 1.000-0.003
 
 I=  3/2- (2)  1.241  32: 0.866-0.500

             ENERGY     K= 5/2   1/2  -3/2
 
 I=  5/2- (1)  1.256  32:-0.002 0.927 0.375
 
 I=  5/2- (2)  1.261  31: 0.011-1.000 0.003

             ENERGY     K= 5/2   1/2  -3/2  -7/2
 
 I=  7/2- (1)  1.267  31: 0.022-1.000 0.011-0.000
 
 I=  7/2- (2)  1.272  32: 0.003-0.768 0.640-0.003

             ENERGY     K= 9/2   5/2   1/2  -3/2  -7/2
 
 I=  9/2- (1)  1.306  32: 0.000-0.008 0.942 0.334-0.003
 
 I=  9/2- (2)  1.316  31:-0.000 0.039-0.999 0.011-0.000

             ENERGY     K= 9/2   5/2   1/2  -3/2  -7/2 -11/2
 
 I= 11/2- (1)  1.325  31:-0.000 0.053-0.998 0.025-0.000 0.000
 
 I= 11/2- (2)  1.325  32:-0.000 0.009-0.737 0.676-0.008 0.000

             ENERGY     K=13/2   9/2   5/2   1/2  -3/2  -7/2 -11/2
 
 I= 13/2- (1)  1.383  32:-0.000 0.000-0.020 0.998 0.067-0.002 0.000
 
 I= 13/2- (2)  1.392  32: 0.000-0.000 0.005-0.067 0.998-0.018 0.000

             ENERGY     K=13/2   9/2   5/2   1/2  -3/2  -7/2 -11/2
  21 LEVELS    TIME=  0.0 SEC



 ******************* EXCITATION ENERGIES, DOMINANT CONFIGURATION AND EXPECTATION VALUES (WITH S.P. UU+VV FACTORS) *******************

  NR  Eex(keV)  I   Kdom  NY    <Jz>  <Jx**2> <Jy**2> <Jz**2> <I.j>/|I|  <Rx**2> <Ry**2> <Rz**2> <R.j>/|R|  <HROTx> <HROTy> <HROTz>

   1    0.0   1/2-   1/2  31    0.94   10.19   21.57    1.69    0.09      10.72   22.33    1.00   -5.72      0.040   0.058   0.087
   2    2.1   1/2-   1/2  32   -0.46    5.41    5.65    3.27   -0.27       5.32    6.25    3.99   -3.69      0.020   0.016   0.349
   3    2.4   3/2-   1/2  31    0.94   10.19   21.57    1.69    0.65      11.37   22.29    1.00   -5.47      0.043   0.058   0.088
   4   10.0   3/2-   1/2  32   -0.46    5.41    5.65    3.27    0.27       6.16    6.87    4.02   -3.35      0.023   0.018   0.353
   5   21.0   3/2-   3/2  32   -0.46    5.41    5.65    3.27   -0.02       7.83    6.25    4.10   -3.37      0.029   0.016   0.359
  
   6   25.2   5/2-   1/2  32   -0.46    5.41    5.65    3.27    0.19       9.45    8.50    4.01   -2.94      0.036   0.022   0.351
   7   30.1   5/2-   1/2  31    0.94   10.19   21.57    1.69   -0.24      15.23   27.41    1.00   -5.17      0.057   0.071   0.088
   8   35.5   7/2-   1/2  31    0.94   10.19   21.57    1.69    0.52      16.60   27.46    1.00   -4.67      0.062   0.071   0.088
   9   35.5   5/2-   3/2  32   -0.46    5.41    5.65    3.27   -0.04       7.84   11.35    4.11   -2.99      0.029   0.029   0.360
  10   40.7   7/2-   1/2  32   -0.46    5.41    5.65    3.27    0.37       8.43   14.70    4.05   -2.47      0.032   0.038   0.355
  
  11   67.0   7/2-   3/2  32   -0.46    5.41    5.65    3.27   -0.25      18.17    9.79    4.07   -2.71      0.068   0.025   0.357
  12   75.3   9/2-   1/2  32   -0.46    5.41    5.65    3.27    0.18      18.77   14.49    4.00   -2.20      0.071   0.037   0.351
  13   85.2   9/2-   1/2  31    0.94   10.19   21.57    1.69   -0.31      23.23   37.00    1.00   -4.47      0.087   0.095   0.088
  14   85.9   9/2-   3/2  32   -0.46    5.41    5.65    3.27   -0.09      13.66   22.23    4.12   -2.34      0.051   0.057   0.361
  15   93.4  11/2-   1/2  31    0.94   10.19   21.57    1.69    0.48      24.99   37.42    1.01   -3.84      0.094   0.097   0.088
  
  16   94.2  11/2-   1/2  32   -0.46    5.41    5.65    3.27    0.37      12.80   28.81    4.05   -1.79      0.048   0.074   0.355
  17  140.8  11/2-   3/2  32   -0.46    5.41    5.65    3.27   -0.29      34.09   15.39    4.07   -2.20      0.128   0.040   0.356
  18  151.5  13/2-   1/2  32   -0.46    5.41    5.65    3.27    0.01      28.13   30.83    3.99   -1.80      0.106   0.080   0.350
  19  160.6  13/2-   3/2  32   -0.46    5.41    5.65    3.27    0.05      26.94   31.26    4.13   -1.77      0.101   0.081   0.362
  20  165.0  13/2-   1/2  31    0.94   10.19   21.57    1.69   -0.33      33.83   52.00    1.02   -3.84      0.127   0.134   0.089
  
  21 1128.1   1/2-   1/2  34   -0.65   20.12   15.91    3.49   -0.25      20.31   16.01    4.38   -6.23      0.076   0.041   0.384
