1SPECTRUM OF (Z= 82 A=207) IN PARTICLE-ROTOR  MODEL WITH MODIFIED OSCILLATOR POTENTIAL


 PARITY=-   EPS= 0.431   GAMMA=  2.4   EPS4=0.000   EPS6=0.000   LEVELS:  30  31  32  33  34

 PAIRING FACTORS: GN0= 19.20  GN1=  7.40  IPAIR= 15 ***  E2PLUS(INPUT)=   0.730  E2PLUR(INPUT)=   0.000

 CORIOLIS ATTENUATION PARAMETERS:  CHSI=0.000  ETA=  1.00

 MOMENT OF INERTIA PARAMETERS:   A1=  0.128 MEV   A2=  0.116 MEV   A3= 51.85421 MEV


 DELTA=0.844 MEV  LAMBDA=53.4915 MEV   HW0= 7.5864 MEV   LAMBDA/HW0= 7.0510

 E2ENERGY=0.730 MEV  HBAR**2/B=34252./A**(7/3)=5790.2/A**2 MEV

 IREC=0  =>  RECOIL TERMS j+j-, j+j+, jzjz, ETC TREATED AS ONE-BODY OPERATORS WITH UU+VV PAIRING FACTORS



 S. P. LEVEL   EQP       U     V        (UU + VV)**1.00

     30       1.058    0.446 0.895      1.000 0.991 0.930 0.891 0.688
     31       0.906    0.564 0.826      0.991 1.000 0.971 0.944 0.780
     32       0.849    0.744 0.668      0.930 0.971 1.000 0.996 0.907
     33       0.883    0.804 0.595      0.891 0.944 0.996 1.000 0.943
     34       1.511    0.956 0.292      0.688 0.780 0.907 0.943 1.000

  R CORE   ENERGY   A0R/A00=1.000    R3= 0     2  
   2( 1)    0.730                    1.000-0.000
   2( 2)  207.660                    0.000 1.000

  R CORE   ENERGY   A0R/A00=1.000    R3= 0     2  
   3( 1)  208.390                    0.000 1.000

  R CORE   ENERGY   A0R/A00=1.000    R3= 0     2     4  
   4( 1)    2.433                    1.000-0.000 0.000

  R CORE   ENERGY   A0R/A00=1.000    R3= 0     2     4  
   5( 1)  210.580                    0.000 1.000-0.000

  R CORE   ENERGY   A0R/A00=1.000    R3= 0     2     4     6  
   6( 1)    5.110                    1.000-0.001 0.000-0.000

  R CORE   ENERGY   A0R/A00=1.000    R3= 0     2     4     6  
   7( 1)  213.743                    0.000 1.000-0.000 0.000
 

             ENERGY     K= 1/2
 
 I=  1/2- (1)  5.995  33: 1.000
 
 I=  1/2- (2) 61.564  31: 1.000

             ENERGY     K= 1/2  -3/2
 
 I=  3/2- (1)  5.786  33: 1.000 0.000
 
 I=  3/2- (2) 60.131  32: 0.001 1.000

             ENERGY     K= 5/2   1/2  -3/2
 
 I=  5/2- (1)  7.351  33: 0.000-1.000 0.000
 
 I=  5/2- (2)  8.694  30: 1.000-0.000 0.000

             ENERGY     K= 5/2   1/2  -3/2  -7/2
 
 I=  7/2- (1)  4.330  34: 0.000 0.000-0.000 1.000
 
 I=  7/2- (2)  6.863  33: 0.000-1.000-0.000 0.000

             ENERGY     K= 9/2   5/2   1/2  -3/2  -7/2
 
 I=  9/2- (1)  5.425  34:-0.000 0.000 0.000 0.000-1.000
 
 I=  9/2- (2)  9.680  33:-0.000 0.000-1.000 0.001-0.000

             ENERGY     K= 9/2   5/2   1/2  -3/2  -7/2 -11/2
 
 I= 11/2- (1)  6.764  34:-0.000 0.000 0.000-0.000 1.000-0.000
 
 I= 11/2- (2)  8.913  33: 0.000-0.000 1.000-0.000-0.000 0.000

             ENERGY     K=13/2   9/2   5/2   1/2  -3/2  -7/2 -11/2
 
 I= 13/2- (1)  8.345  34:-0.000 0.000-0.000 0.000-0.001 1.000-0.000
 
 I= 13/2- (2) 12.983  33: 0.000 0.000-0.001 1.000-0.001 0.000-0.000

             ENERGY     K=13/2   9/2   5/2   1/2  -3/2  -7/2 -11/2
  21 LEVELS    TIME=  0.0 SEC



 ******************* EXCITATION ENERGIES, DOMINANT CONFIGURATION AND EXPECTATION VALUES (WITH S.P. UU+VV FACTORS) *******************

  NR  Eex(keV)  I   Kdom  NY    <Jz>  <Jx**2> <Jy**2> <Jz**2> <I.j>/|I|  <Rx**2> <Ry**2> <Rz**2> <R.j>/|R|  <HROTx> <HROTy> <HROTz>

   1    0.0   7/2-   7/2  34   -3.49    2.32    2.18   12.21    3.08       4.07    3.93    0.04   -1.59      0.519   0.455   1.845
   2 1095.0   9/2-   7/2  34   -3.49    2.32    2.18   12.21    2.45       8.57    8.43    0.04   -1.09      1.093   0.976   1.845
   3 1455.3   3/2-   1/2  33    0.51   12.55   14.74    0.29    0.94      12.70   14.94    0.03   -4.90      1.620   1.730   1.552
   4 1664.6   1/2-   1/2  33    0.51   12.55   14.74    0.29   -0.61      13.59   15.77    0.03   -5.19      1.734   1.826   1.552
   5 2433.3  11/2-   7/2  34   -3.49    2.32    2.18   12.21    2.04      14.06   13.93    0.04   -0.85      1.794   1.613   1.845
  
   6 2532.5   7/2-   1/2  33    0.51   12.55   14.74    0.29    0.86      17.10   19.40    0.03   -4.00      2.182   2.246   1.552
   7 3020.8   5/2-   1/2  33    0.51   12.55   14.74    0.29   -0.71      19.19   21.32    0.03   -4.66      2.447   2.469   1.552
   8 4014.9  13/2-   7/2  34   -3.49    2.32    2.18   12.21    1.75      20.55   20.45    0.04   -0.70      2.622   2.367   1.845
   9 4363.6   5/2-   5/2  30    2.49   24.74   22.49    6.21    2.10      25.99   23.74    0.03   -6.69      3.315   2.749   1.572
  10 4582.9  11/2-   1/2  33    0.51   12.55   14.74    0.29    0.83      25.50   27.86    0.03   -3.09      3.253   3.225   1.552
  
  11 5215.3   7/2-   5/2  30    2.49   24.74   22.49    6.21    1.57      29.49   27.24    0.03   -6.27      3.761   3.154   1.572
  12 5350.2   9/2-   1/2  33    0.51   12.55   14.74    0.29   -0.74      28.77   30.88    0.03   -4.05      3.669   3.576   1.552
  13 6310.3   9/2-   5/2  30    2.49   24.74   22.49    6.21    1.25      33.99   31.75    0.03   -5.82      4.335   3.676   1.572
  14 7648.5  11/2-   5/2  30    2.49   24.74   22.49    6.21    1.04      39.48   37.25    0.03   -5.39      5.035   4.313   1.572
  15 8652.9  13/2-   1/2  33    0.51   12.55   14.74    0.29   -0.75      42.33   44.47    0.03   -3.52      5.399   5.149   1.553
  
  16 9230.1  13/2-   5/2  30    2.49   24.74   22.49    6.21    0.89      45.96   43.77    0.03   -4.98      5.863   5.067   1.572
  1755800.3   3/2-   3/2  32   -0.97    2.43    7.81    1.78    0.75       3.18    8.55    1.12   -2.95      0.406   0.990  57.886
  1856408.2   5/2-   3/2  32   -0.97    2.43    7.81    1.78    0.49       5.66   11.06    1.12   -2.50      0.722   1.281  57.886
  1957233.2   1/2-   1/2  31   -0.03    6.89    3.27    0.86   -0.16       6.93    3.97    1.14   -3.22      0.884   0.460  59.313
  2057521.3   3/2-   1/2  31   -0.03    6.89    3.27    0.86    0.12       9.07    4.10    1.14   -2.85      1.157   0.475  59.313
  
  21*******   1/2-   1/2  32   -0.97    2.43    7.81    1.78   -0.64       3.08    7.79    3.00   -3.37      0.393   0.902 155.682
