1SPECTRUM OF (Z= 82 A=207) IN PARTICLE-ROTOR  MODEL WITH MODIFIED OSCILLATOR POTENTIAL


 PARITY=-   EPS= 0.500   GAMMA= 25.3   EPS4=0.000   EPS6=0.000   LEVELS:  30  31  32  33  34

 PAIRING FACTORS: GN0= 19.20  GN1=  7.40  IPAIR= 15 ***  E2PLUS(INPUT)=   0.019  E2PLUR(INPUT)=   0.000

 CORIOLIS ATTENUATION PARAMETERS:  CHSI=0.000  ETA=  1.00

 MOMENT OF INERTIA PARAMETERS:   A1=  0.005 MEV   A2=  0.002 MEV   A3=  0.00917 MEV


 DELTA=0.862 MEV  LAMBDA=53.4986 MEV   HW0= 7.6353 MEV   LAMBDA/HW0= 7.0068

 E2ENERGY=0.019 MEV  HBAR**2/B=  846./A**(7/3)= 143.1/A**2 MEV

 IREC=0  =>  RECOIL TERMS j+j-, j+j+, jzjz, ETC TREATED AS ONE-BODY OPERATORS WITH UU+VV PAIRING FACTORS



 S. P. LEVEL   EQP       U     V        (UU + VV)**1.00

     30       1.625    0.276 0.961      1.000 0.861 0.731 0.698 0.663
     31       0.863    0.726 0.687      0.861 1.000 0.976 0.965 0.952
     32       0.977    0.858 0.514      0.731 0.976 1.000 0.999 0.996
     33       1.032    0.881 0.474      0.698 0.965 0.999 1.000 0.999
     34       1.107    0.902 0.431      0.663 0.952 0.996 0.999 1.000

  R CORE   ENERGY   A0R/A00=1.000    R3= 0     2  
   2( 1)    0.019                    0.971-0.238
   2( 2)    0.045                    0.238 0.971

  R CORE   ENERGY   A0R/A00=1.000    R3= 0     2  
   3( 1)    0.064                    0.000 1.000

  R CORE   ENERGY   A0R/A00=1.000    R3= 0     2     4  
   4( 1)    0.054                    0.845-0.532 0.046

  R CORE   ENERGY   A0R/A00=1.000    R3= 0     2     4  
   5( 1)    0.121                    0.000 0.971-0.238

  R CORE   ENERGY   A0R/A00=1.000    R3= 0     2     4     6  
   6( 1)    0.101                    0.757-0.639 0.136-0.008

  R CORE   ENERGY   A0R/A00=1.000    R3= 0     2     4     6  
   7( 1)    0.195                    0.000 0.901-0.430 0.056
 

             ENERGY     K= 1/2
 
 I=  1/2- (1)  0.967  31: 1.000
 
 I=  1/2- (2)  1.076  32: 1.000

             ENERGY     K= 1/2  -3/2
 
 I=  3/2- (1)  0.974  31:-0.466 0.885
 
 I=  3/2- (2)  0.985  31: 0.885 0.466

             ENERGY     K= 5/2   1/2  -3/2
 
 I=  5/2- (1)  0.986  31: 0.120-0.815 0.567
 
 I=  5/2- (2)  0.997  31: 0.011 0.572 0.820

             ENERGY     K= 5/2   1/2  -3/2  -7/2
 
 I=  7/2- (1)  1.005  31:-0.024 0.587-0.801 0.112
 
 I=  7/2- (2)  1.035  31: 0.360-0.749-0.542 0.128

             ENERGY     K= 9/2   5/2   1/2  -3/2  -7/2
 
 I=  9/2- (1)  1.021  31:-0.019 0.252-0.746 0.603-0.123
 
 I=  9/2- (2)  1.057  31: 0.004 0.143-0.590-0.721 0.336

             ENERGY     K= 9/2   5/2   1/2  -3/2  -7/2 -11/2
 
 I= 11/2- (1)  1.050  31: 0.001-0.119 0.606-0.746 0.248-0.019
 
 I= 11/2- (2)  1.099  31:-0.111 0.591-0.573-0.451 0.325-0.032

             ENERGY     K=13/2   9/2   5/2   1/2  -3/2  -7/2 -11/2
 
 I= 13/2- (1)  1.069  31: 0.003-0.061 0.329-0.697 0.600-0.204 0.024
 
 I= 13/2- (2)  1.132  31: 0.001 0.030-0.334 0.488 0.553-0.576 0.107

             ENERGY     K=13/2   9/2   5/2   1/2  -3/2  -7/2 -11/2
  21 LEVELS    TIME=  0.0 SEC



 ******************* EXCITATION ENERGIES, DOMINANT CONFIGURATION AND EXPECTATION VALUES (WITH S.P. UU+VV FACTORS) *******************

  NR  Eex(keV)  I   Kdom  NY    <Jz>  <Jx**2> <Jy**2> <Jz**2> <I.j>/|I|  <Rx**2> <Ry**2> <Rz**2> <R.j>/|R|  <HROTx> <HROTy> <HROTz>

   1    0.0   1/2-   1/2  31   -0.37    3.09    0.98    8.82    0.14       3.06    0.90    9.45   -3.49      0.016   0.002   0.087
   2    7.6   3/2-   3/2  31   -0.37    3.09    0.98    8.82    0.12       3.07    3.28    9.84   -3.15      0.016   0.006   0.090
   3   18.6   3/2-   1/2  31   -0.37    3.09    0.98    8.82   -0.24       6.17    1.85    9.56   -3.19      0.032   0.003   0.088
   4   19.1   5/2-   1/2  31   -0.37    3.09    0.98    8.82    0.27       4.80    5.52    9.72   -2.70      0.025   0.009   0.089
   5   30.4   5/2-   3/2  31   -0.37    3.09    0.98    8.82    0.19       7.65    3.09    9.79   -2.72      0.039   0.005   0.090
  
   6   37.7   7/2-   3/2  31   -0.37    3.09    0.98    8.82   -0.06       5.37   13.88    9.89   -2.43      0.028   0.023   0.091
   7   53.7   9/2-   1/2  31   -0.37    3.09    0.98    8.82    0.29       6.49   18.00   10.25   -1.94      0.033   0.030   0.094
   8   67.7   7/2-   1/2  31   -0.37    3.09    0.98    8.82   -0.06      12.27    6.11   10.71   -2.43      0.063   0.010   0.098
   9   78.4   5/2-   5/2  31   -0.37    3.09    0.98    8.82   -0.34       4.73    2.11   16.84   -2.86      0.024   0.004   0.154
  10   83.4  11/2-   3/2  31   -0.37    3.09    0.98    8.82   -0.14       7.19   32.68   10.40   -1.93      0.037   0.055   0.095
  
  11   89.9   9/2-   3/2  31   -0.37    3.09    0.98    8.82    0.10      14.63   11.17   10.88   -2.05      0.075   0.019   0.100
  12   94.8   7/2-   7/2  31   -0.37    3.09    0.98    8.82    0.27       5.20    3.08   18.18   -2.30      0.027   0.005   0.167
  13  102.0  13/2-   1/2  31   -0.37    3.09    0.98    8.82    0.30       7.99   38.51   10.91   -1.42      0.041   0.065   0.100
  14  109.1   1/2-   1/2  32   -0.33    4.21    7.38    6.45   -0.14       4.12    7.87    7.04   -4.16      0.021   0.013   0.064
  15  114.7   3/2-   3/2  32   -0.33    4.21    7.38    6.45    0.36       4.18    8.75    7.45   -3.84      0.022   0.015   0.068
  
  16  129.1   9/2-   7/2  31   -0.37    3.09    0.98    8.82    0.23      13.25    5.01   17.07   -1.97      0.068   0.008   0.156
  17  131.7  11/2-   5/2  31   -0.37    3.09    0.98    8.82    0.07      15.78   18.66   13.43   -1.81      0.081   0.031   0.123
  18  164.9  13/2-   7/2  31   -0.37    3.09    0.98    8.82    0.00      18.01   29.86   13.74   -1.64      0.093   0.050   0.126
  19  165.5  11/2-   7/2  31   -0.37    3.09    0.98    8.82    0.15      16.72   12.38   17.74   -1.75      0.086   0.021   0.163
  20  175.4   1/2-   1/2  33    0.64   11.10   21.68    1.71   -0.30      11.55   22.89    1.32   -5.81      0.059   0.038   0.012
  
  21  223.3  13/2-   5/2  31   -0.37    3.09    0.98    8.82   -0.05      24.98   19.20   18.16   -1.68      0.128   0.032   0.166
