1SPECTRUM OF (Z= 82 A=207) IN PARTICLE-ROTOR  MODEL WITH MODIFIED OSCILLATOR POTENTIAL


 PARITY=-   EPS= 0.211   GAMMA=  0.0   EPS4=0.000   EPS6=0.000   LEVELS:  30  31  32  33  34

 PAIRING FACTORS: GN0= 19.20  GN1=  7.40  IPAIR= 15 ***  E2PLUS(INPUT)=   0.660  E2PLUR(INPUT)=   0.000

 CORIOLIS ATTENUATION PARAMETERS:  CHSI=0.000  ETA=  1.00

 MOMENT OF INERTIA PARAMETERS:   A1=  0.110 MEV   A2=  0.110 MEV   A3=110.22837 MEV


 DELTA=0.946 MEV  LAMBDA=53.4865 MEV   HW0= 7.4497 MEV   LAMBDA/HW0= 7.1797

 E2ENERGY=0.660 MEV  HBAR**2/B= 7463./A**(7/3)=1261.7/A**2 MEV

 IREC=0  =>  RECOIL TERMS j+j-, j+j+, jzjz, ETC TREATED AS ONE-BODY OPERATORS WITH UU+VV PAIRING FACTORS



 S. P. LEVEL   EQP       U     V        (UU + VV)**1.00

     30       2.010    0.242 0.970      1.000 1.000 0.759 0.673 0.631
     31       1.945    0.251 0.968      1.000 1.000 0.764 0.680 0.638
     32       1.003    0.816 0.578      0.759 0.764 1.000 0.993 0.984
     33       1.133    0.880 0.474      0.673 0.680 0.993 1.000 0.998
     34       1.230    0.905 0.424      0.631 0.638 0.984 0.998 1.000

  R CORE   ENERGY   A0R/A00=1.000    R3= 0     2  
   2( 1)    0.661                    1.000 0.000
   2( 2)  441.134                    0.000 1.000

  R CORE   ENERGY   A0R/A00=1.000    R3= 0     2  
   3( 1)  441.795                    0.000 1.000

  R CORE   ENERGY   A0R/A00=1.000    R3= 0     2     4  
   4( 1)    2.205                    1.000 0.000 0.000

  R CORE   ENERGY   A0R/A00=1.000    R3= 0     2     4  
   5( 1)  443.779                    0.000 1.000 0.000

  R CORE   ENERGY   A0R/A00=1.000    R3= 0     2     4     6  
   6( 1)    4.630                    1.000 0.000 0.000 0.000

  R CORE   ENERGY   A0R/A00=1.000    R3= 0     2     4     6  
   7( 1)  446.645                    0.000 1.000 0.000 0.000

          AXIAL SYMMETRY => K RESTRICTED TO OMEGA

                     K
     S.P. ORB#: 30  4.50
     S.P. ORB#: 31 -1.50
     S.P. ORB#: 32 -1.50
     S.P. ORB#: 33  2.50
     S.P. ORB#: 34  0.50
 

             ENERGY    K= OMEGA
 
 I=  1/2- (1)  8.277  34: 1.000
 
 I=  1/2- (2)133.277  32: 1.000

             ENERGY    K= OMEGA
 
 I=  3/2- (1)  1.529  32: 1.000
 
 I=  3/2- (2)  3.004  31: 1.000

             ENERGY    K= OMEGA
 
 I=  5/2- (1)  1.763  33: 1.000
 
 I=  5/2- (2)  2.080  32: 1.000

             ENERGY    K= OMEGA
 
 I=  7/2- (1)  2.535  33: 1.000
 
 I=  7/2- (2)  2.851  32: 1.000

             ENERGY    K= OMEGA
 
 I=  9/2- (1)  3.008  30: 1.000
 
 I=  9/2- (2)  3.527  33: 1.000

             ENERGY    K= OMEGA
 
 I= 11/2- (1)  4.220  30: 1.000
 
 I= 11/2- (2)  4.739  33: 1.000

             ENERGY    K= OMEGA
 
 I= 13/2- (1)  5.653  30: 1.000
 
 I= 13/2- (2)  6.172  33: 1.000

             ENERGY     K= 1/2
  21 LEVELS    TIME=  0.0 SEC



 ******************* EXCITATION ENERGIES, DOMINANT CONFIGURATION AND EXPECTATION VALUES (WITH S.P. UU+VV FACTORS) *******************

  NR  Eex(keV)  I   Kdom  NY    <Jz>  <Jx**2> <Jy**2> <Jz**2> <I.j>/|I|  <Rx**2> <Ry**2> <Rz**2> <R.j>/|R|  <HROTx> <HROTy> <HROTz>

   1    0.0   3/2-  -3/2  32   -1.50    1.64    1.64    2.25    1.16       2.39    2.39    0.00   -1.50      0.263   0.263   0.000
   2  234.3   5/2-   5/2  33    2.50    1.61    1.61    6.25    2.11       2.86    2.86    0.00   -1.35      0.315   0.315   0.000
   3  551.1   5/2-  -3/2  32   -1.50    1.64    1.64    2.25    0.76       4.89    4.89    0.00   -1.05      0.539   0.539   0.000
   4 1005.9   7/2-   5/2  33    2.50    1.61    1.61    6.25    1.57       6.36    6.36    0.00   -0.90      0.701   0.701   0.000
   5 1322.7   7/2-  -3/2  32   -1.50    1.64    1.64    2.25    0.57       8.39    8.39    0.00   -0.80      0.924   0.924   0.000
  
   6 1475.4   3/2-  -3/2  31   -1.50    4.05    4.05    2.25    1.16       4.80    4.80   -0.00   -2.62      0.530   0.530  -0.000
   7 1479.0   9/2-   9/2  30    4.50    2.28    2.28   20.25    4.07       4.53    4.53    0.00   -1.51      0.499   0.499   0.000
   8 1998.0   9/2-   5/2  33    2.50    1.61    1.61    6.25    1.26      10.86   10.86    0.00   -0.69      1.197   1.197   0.000
   9 2026.6   5/2-  -3/2  31   -1.50    4.05    4.05    2.25    0.76       7.30    7.30   -0.00   -2.12      0.805   0.805  -0.000
  10 2314.8   9/2-  -3/2  32   -1.50    1.64    1.64    2.25    0.45      12.89   12.89    0.00   -0.64      1.420   1.420   0.000
  
  11 2691.5  11/2-   9/2  30    4.50    2.28    2.28   20.25    3.39      10.03   10.03    0.00   -1.02      1.105   1.105   0.000
  12 2798.2   7/2-  -3/2  31   -1.50    4.05    4.05    2.25    0.57      10.80   10.80   -0.00   -1.74      1.191   1.191  -0.000
  13 3210.5  11/2-   5/2  33    2.50    1.61    1.61    6.25    1.05      16.36   16.36    0.00   -0.56      1.803   1.803   0.000
  14 3527.3  11/2-  -3/2  32   -1.50    1.64    1.64    2.25    0.38      18.39   18.39    0.00   -0.54      2.027   2.027   0.000
  15 4124.5  13/2-   9/2  30    4.50    2.28    2.28   20.25    2.90      16.53   16.53    0.00   -0.79      1.822   1.822   0.000
  
  16 4620.8   3/2-   1/2  34    0.50   28.00   28.00    0.25    3.97      22.31   22.31   -0.00   -7.27      2.460   2.460  -0.000
  17 4643.5  13/2-   5/2  33    2.50    1.61    1.61    6.25    0.90      22.86   22.86    0.00   -0.48      2.520   2.520   0.000
  18 4960.3  13/2-  -3/2  32   -1.50    1.64    1.64    2.25    0.32      24.89   24.89    0.00   -0.46      2.743   2.743   0.000
  19 6748.7   1/2-   1/2  34    0.50   28.00   28.00    0.25   -4.00      31.97   31.97   -0.00   -7.47      3.523   3.523  -0.000
  20*******   1/2-  -3/2  32    0.00    0.00    0.00    0.00   -0.00       0.00    0.00   -0.00   -0.00      0.000   0.000  -0.000
  
  21*******   1/2-  -3/2  31    0.00    0.00    0.00    0.00   -0.00       0.00    0.00   -0.00   -0.00      0.000   0.000  -0.000
