1SPECTRUM OF (Z= 82 A=207) IN PARTICLE-ROTOR  MODEL WITH MODIFIED OSCILLATOR POTENTIAL


 PARITY=-   EPS= 0.159   GAMMA= 15.5   EPS4=0.000   EPS6=0.000   LEVELS:  31  32  33  34  35

 PAIRING FACTORS: GN0= 19.20  GN1=  7.40  IPAIR= 15 ***  E2PLUS(INPUT)=   0.730  E2PLUR(INPUT)=   0.000

 CORIOLIS ATTENUATION PARAMETERS:  CHSI=0.000  ETA=  1.00

 MOMENT OF INERTIA PARAMETERS:   A1=  0.161 MEV   A2=  0.084 MEV   A3=  1.10752 MEV


 DELTA=0.789 MEV  LAMBDA=53.3762 MEV   HW0= 7.4323 MEV   LAMBDA/HW0= 7.1816

 E2ENERGY=0.730 MEV  HBAR**2/B= 4047./A**(7/3)= 684.1/A**2 MEV

 IREC=0  =>  RECOIL TERMS j+j-, j+j+, jzjz, ETC TREATED AS ONE-BODY OPERATORS WITH UU+VV PAIRING FACTORS



 S. P. LEVEL   EQP       U     V        (UU + VV)**1.00

     31       1.646    0.247 0.969      1.000 0.974 0.884 0.529 0.461
     32       0.966    0.460 0.888      0.974 1.000 0.967 0.707 0.649
     33       0.792    0.672 0.741      0.884 0.967 1.000 0.865 0.822
     34       1.364    0.953 0.303      0.529 0.707 0.865 1.000 0.997
     35       1.784    0.974 0.227      0.461 0.649 0.822 0.997 1.000

  R CORE   ENERGY   A0R/A00=1.000    R3= 0     2  
   2( 1)    0.730                    0.999-0.034
   2( 2)    4.679                    0.034 0.999

  R CORE   ENERGY   A0R/A00=1.000    R3= 0     2  
   3( 1)    5.409                    0.000 1.000

  R CORE   ENERGY   A0R/A00=1.000    R3= 0     2     4  
   4( 1)    2.383                    0.992-0.127 0.002

  R CORE   ENERGY   A0R/A00=1.000    R3= 0     2     4  
   5( 1)    7.599                    0.000 0.999-0.034

  R CORE   ENERGY   A0R/A00=1.000    R3= 0     2     4     6  
   6( 1)    4.850                    0.967-0.254 0.010-0.000

  R CORE   ENERGY   A0R/A00=1.000    R3= 0     2     4     6  
   7( 1)   10.728                    0.000 0.997-0.075 0.001
 

             ENERGY     K= 1/2
 
 I=  1/2- (1)  2.761  34: 1.000
 
 I=  1/2- (2)  5.127  32: 1.000

             ENERGY     K= 1/2  -3/2
 
 I=  3/2- (1)  3.475  34: 1.000-0.032
 
 I=  3/2- (2)  4.508  31: 0.121 0.993

             ENERGY     K= 5/2   1/2  -3/2
 
 I=  5/2- (1)  3.502  34:-0.034 0.999-0.011
 
 I=  5/2- (2)  4.969  31:-0.003-0.324 0.946

             ENERGY     K= 5/2   1/2  -3/2  -7/2
 
 I=  7/2- (1)  5.117  34:-0.073 0.992-0.101 0.002
 
 I=  7/2- (2)  5.966  31: 0.007 0.143 0.989-0.025

             ENERGY     K= 9/2   5/2   1/2  -3/2  -7/2
 
 I=  9/2- (1)  5.164  34: 0.002-0.115 0.991-0.063 0.000
 
 I=  9/2- (2)  6.516  31:-0.000-0.008 0.477-0.878 0.043

             ENERGY     K= 9/2   5/2   1/2  -3/2  -7/2 -11/2
 
 I= 11/2- (1)  6.514  35: 0.003 0.180 0.847 0.499 0.035 0.000
 
 I= 11/2- (2)  7.573  34: 0.005-0.171 0.967-0.188 0.008-0.000

             ENERGY     K=13/2   9/2   5/2   1/2  -3/2  -7/2 -11/2
 
 I= 13/2- (1)  7.639  34: 0.000-0.010 0.219-0.965 0.141-0.004-0.000
 
 I= 13/2- (2)  8.800  31: 0.000 0.000-0.032 0.553-0.828 0.087-0.002

             ENERGY     K=13/2   9/2   5/2   1/2  -3/2  -7/2 -11/2
  21 LEVELS    TIME=  0.0 SEC



 ******************* EXCITATION ENERGIES, DOMINANT CONFIGURATION AND EXPECTATION VALUES (WITH S.P. UU+VV FACTORS) *******************

  NR  Eex(keV)  I   Kdom  NY    <Jz>  <Jx**2> <Jy**2> <Jz**2> <I.j>/|I|  <Rx**2> <Ry**2> <Rz**2> <R.j>/|R|  <HROTx> <HROTy> <HROTz>

   1    0.0   1/2-   1/2  34    0.58    0.36    2.27    1.42    0.88       0.12    2.07    1.09   -1.82      0.019   0.174   1.204
   2  714.0   3/2-   1/2  34    0.58    0.36    2.27    1.42   -0.34       2.98    5.03    1.09   -1.56      0.479   0.424   1.209
   3  740.6   5/2-   1/2  34    0.58    0.36    2.27    1.42    0.58       3.01    5.28    1.09   -0.76      0.484   0.445   1.209
   4 1746.9   3/2-   3/2  31   -0.71    1.43    6.23    1.62    0.64       2.19    6.60    1.77   -2.47      0.352   0.556   1.955
   5 2207.5   5/2-   3/2  31   -0.71    1.43    6.23    1.62    0.59       2.81    9.90    1.84   -1.98      0.451   0.834   2.037
  
   6 2356.2   7/2-   1/2  34    0.58    0.36    2.27    1.42   -0.40       8.39   13.42    1.15   -1.18      1.348   1.130   1.275
   7 2365.5   1/2-   1/2  32   -0.40    2.05    0.89    2.78    0.27       1.87    0.70    3.43   -2.24      0.300   0.059   3.802
   8 2402.7   9/2-   1/2  34    0.58    0.36    2.27    1.42    0.53       8.37   13.99    1.15   -0.29      1.344   1.178   1.277
   9 2589.6   1/2-   1/2  31   -0.71    1.43    6.23    1.62   -0.40       2.15    6.00    2.58   -2.94      0.345   0.505   2.855
  10 2868.2   3/2-   1/2  31   -0.71    1.43    6.23    1.62   -0.28       2.22    9.32    2.57   -2.61      0.357   0.785   2.842
  
  11 3120.9   5/2-   1/2  32   -0.40    2.05    0.89    2.78    0.37       4.69    4.15    3.44   -1.32      0.753   0.350   3.813
  12 3204.6   7/2-   3/2  31   -0.71    1.43    6.23    1.62    0.39       8.61   11.54    1.78   -1.65      1.382   0.972   1.966
  13 3752.9  11/2-   1/2  35    0.05   50.21    9.27    1.32    6.08       5.20   16.32    2.28   -5.01      0.835   1.374   2.521
  14 3755.3   9/2-   3/2  31   -0.71    1.43    6.23    1.62    0.54       6.01   20.66    1.95   -1.23      0.966   1.740   2.165
  15 4163.1   7/2-   3/2  32   -0.40    2.05    0.89    2.78   -0.06       4.43   13.83    3.69   -1.27      0.711   1.165   4.083
  
  16 4726.0   9/2-   1/2  32   -0.40    2.05    0.89    2.78    0.37       8.69   14.54    3.52   -0.75      1.395   1.225   3.902
  17 4812.1  11/2-   1/2  34    0.58    0.36    2.27    1.42   -0.42      13.83   29.61    1.35   -0.98      2.221   2.494   1.494
  18 4878.2  13/2-   1/2  34    0.58    0.36    2.27    1.42    0.51      13.71   30.61    1.35   -0.07      2.202   2.578   1.495
  19 5631.6  11/2-   3/2  31   -0.71    1.43    6.23    1.62    0.18      16.87   24.24    1.80   -1.25      2.709   2.042   1.996
  20 6038.7  13/2-   3/2  31   -0.71    1.43    6.23    1.62    0.53      10.06   38.53    2.07   -0.79      1.616   3.245   2.293
  
  21 7077.8  13/2-   1/2  32   -0.40    2.05    0.89    2.78    0.37      12.78   32.89    3.66   -0.45      2.052   2.770   4.051
