1SPECTRUM OF (Z= 82 A=207) IN PARTICLE-ROTOR  MODEL WITH MODIFIED OSCILLATOR POTENTIAL


 PARITY=-   EPS= 0.474   GAMMA= 51.9   EPS4=0.000   EPS6=0.000   LEVELS:  31  32  33  34  35

 PAIRING FACTORS: GN0= 19.20  GN1=  7.40  IPAIR= 15 ***  E2PLUS(INPUT)=   0.022  E2PLUR(INPUT)=   0.000

 CORIOLIS ATTENUATION PARAMETERS:  CHSI=0.000  ETA=  1.00

 MOMENT OF INERTIA PARAMETERS:   A1=  0.133 MEV   A2=  0.003 MEV   A3=  0.00427 MEV


 DELTA=0.942 MEV  LAMBDA=53.4056 MEV   HW0= 7.5861 MEV   LAMBDA/HW0= 7.0399

 E2ENERGY=0.022 MEV  HBAR**2/B= 1204./A**(7/3)= 203.5/A**2 MEV

 IREC=0  =>  RECOIL TERMS j+j-, j+j+, jzjz, ETC TREATED AS ONE-BODY OPERATORS WITH UU+VV PAIRING FACTORS



 S. P. LEVEL   EQP       U     V        (UU + VV)**1.00

     31       0.949    0.747 0.664      1.000 0.997 0.965 0.895 0.864
     32       0.976    0.794 0.609      0.997 1.000 0.982 0.925 0.898
     33       1.180    0.895 0.446      0.965 0.982 1.000 0.980 0.965
     34       1.870    0.965 0.261      0.895 0.925 0.980 1.000 0.998
     35       2.430    0.980 0.198      0.864 0.898 0.965 0.998 1.000

  R CORE   ENERGY   A0R/A00=1.000    R3= 0     2  
   2( 1)    0.022                   -0.503 0.864
   2( 2)    0.539                    0.864 0.503

  R CORE   ENERGY   A0R/A00=1.000    R3= 0     2  
   3( 1)    0.561                    0.000 1.000

  R CORE   ENERGY   A0R/A00=1.000    R3= 0     2     4  
   4( 1)    0.073                    0.384-0.567 0.729

  R CORE   ENERGY   A0R/A00=1.000    R3= 0     2     4  
   5( 1)    0.627                    0.000-0.503 0.864

  R CORE   ENERGY   A0R/A00=1.000    R3= 0     2     4     6  
   6( 1)    0.153                   -0.328 0.470-0.501 0.648

  R CORE   ENERGY   A0R/A00=1.000    R3= 0     2     4     6  
   7( 1)    0.722                    0.000 0.318-0.591 0.742
 

             ENERGY     K= 1/2
 
 I=  1/2- (1)  1.431  31: 1.000
 
 I=  1/2- (2)  1.701  33: 1.000

             ENERGY     K= 1/2  -3/2
 
 I=  3/2- (1)  1.444  31:-0.501 0.865
 
 I=  3/2- (2)  1.667  33: 0.878 0.478

             ENERGY     K= 5/2   1/2  -3/2
 
 I=  5/2- (1)  1.227  31: 0.244 0.795 0.555
 
 I=  5/2- (2)  1.459  31: 0.792-0.494 0.359

             ENERGY     K= 5/2   1/2  -3/2  -7/2
 
 I=  7/2- (1)  1.252  31: 0.621 0.285-0.657-0.317
 
 I=  7/2- (2)  1.490  31:-0.293 0.373-0.474 0.742

             ENERGY     K= 9/2   5/2   1/2  -3/2  -7/2
 
 I=  9/2- (1)  1.285  31: 0.356 0.512-0.482 0.007 0.615
 
 I=  9/2- (2)  1.516  31: 0.710-0.453 0.362-0.308 0.254

             ENERGY     K= 9/2   5/2   1/2  -3/2  -7/2 -11/2
 
 I= 11/2- (1)  1.164  32:-0.099-0.398-0.676-0.568-0.226-0.029
 
 I= 11/2- (2)  1.325  31: 0.595-0.152-0.275 0.505-0.393-0.371

             ENERGY     K=13/2   9/2   5/2   1/2  -3/2  -7/2 -11/2
 
 I= 13/2- (1)  1.211  32:-0.052-0.335-0.584-0.184 0.475 0.509 0.163
 
 I= 13/2- (2)  1.373  31:-0.378-0.303 0.479-0.388 0.121 0.238-0.561

             ENERGY     K=13/2   9/2   5/2   1/2  -3/2  -7/2 -11/2
  21 LEVELS    TIME=  0.0 SEC



 ******************* EXCITATION ENERGIES, DOMINANT CONFIGURATION AND EXPECTATION VALUES (WITH S.P. UU+VV FACTORS) *******************

  NR  Eex(keV)  I   Kdom  NY    <Jz>  <Jx**2> <Jy**2> <Jz**2> <I.j>/|I|  <Rx**2> <Ry**2> <Rz**2> <R.j>/|R|  <HROTx> <HROTy> <HROTz>

   1    0.0  11/2-   1/2  32    0.04   28.66    8.96    5.08    4.85       0.89   11.78    7.76   -3.03      0.119   0.036   0.033
   2   47.6  13/2-   5/2  32    0.04   28.66    8.96    5.08    4.15       0.89   18.46   14.08   -2.37      0.119   0.057   0.060
   3   63.3   5/2-   1/2  31    0.13    4.90   11.24    3.46    1.61       1.65   12.52    4.68   -3.42      0.220   0.038   0.020
   4   88.9   7/2-   3/2  31    0.13    4.90   11.24    3.46    1.20       1.65   16.10    8.10   -2.92      0.220   0.049   0.035
   5  121.8   9/2-   7/2  31    0.13    4.90   11.24    3.46    0.95       1.65   20.85   12.35   -2.52      0.220   0.064   0.053
  
   6  161.8  11/2-   9/2  31    0.13    4.90   11.24    3.46    0.79       1.66   26.79   17.42   -2.19      0.220   0.082   0.074
   7  209.0  13/2-  11/2  31    0.13    4.90   11.24    3.46    0.68       1.66   34.15   23.05   -1.94      0.221   0.105   0.098
   8  267.5   1/2-   1/2  31    0.13    4.90   11.24    3.46    1.21       3.25   11.42    3.58   -4.34      0.432   0.035   0.015
   9  280.8   3/2-   3/2  31    0.13    4.90   11.24    3.46    0.39       3.25   13.13    5.47   -4.03      0.432   0.040   0.023
  10  295.3   5/2-   5/2  31    0.13    4.90   11.24    3.46    0.42       3.25   15.26    7.34   -3.61      0.432   0.047   0.031
  
  11  326.4   7/2-   7/2  31    0.13    4.90   11.24    3.46    0.14       3.25   19.20   11.80   -3.26      0.432   0.059   0.050
  12  352.6   9/2-   9/2  31    0.13    4.90   11.24    3.46    0.29       3.25   22.86   15.33   -2.82      0.432   0.070   0.065
  13  401.6  11/2-  11/2  31    0.13    4.90   11.24    3.46    0.06       3.25   28.90   22.49   -2.60      0.432   0.089   0.096
  14  404.2   7/2-   1/2  32    0.04   28.66    8.96    5.08    4.65       3.99   10.72    6.82   -5.22      0.530   0.033   0.029
  15  437.2   9/2-   5/2  32    0.04   28.66    8.96    5.08    3.71       3.99   15.24   11.29   -4.39      0.530   0.047   0.048
  
  16  439.7  13/2-  13/2  31    0.13    4.90   11.24    3.46    0.24       3.25   33.80   27.98   -2.22      0.431   0.104   0.119
  17  503.6   3/2-   1/2  33   -0.08    2.66    9.35    6.53    0.44       3.20   10.14    7.24   -3.90      0.425   0.031   0.031
  18  521.8   5/2-   3/2  33   -0.08    2.66    9.35    6.53    0.29       3.20   12.87    9.53   -3.50      0.426   0.039   0.041
  19  537.1   1/2-   1/2  33   -0.08    2.66    9.35    6.53   -0.44       3.48    9.72    6.86   -4.23      0.462   0.030   0.029
  20  546.0   3/2-   3/2  33   -0.08    2.66    9.35    6.53   -0.05       3.48   10.84    8.16   -3.93      0.462   0.033   0.035
  
  21  941.5   1/2-   1/2  34    0.18    1.20    3.05   12.92    0.32       1.28    3.08   12.99   -4.05      0.170   0.009   0.055
