1SPECTRUM OF (Z= 82 A=207) IN PARTICLE-ROTOR  MODEL WITH MODIFIED OSCILLATOR POTENTIAL


 PARITY=-   EPS= 0.181   GAMMA= 33.3   EPS4=0.000   EPS6=0.000   LEVELS:  31  32  33  34  35

 PAIRING FACTORS: GN0= 19.20  GN1=  7.40  IPAIR= 15 ***  E2PLUS(INPUT)=   0.730  E2PLUR(INPUT)=   0.000

 CORIOLIS ATTENUATION PARAMETERS:  CHSI=0.000  ETA=  1.00

 MOMENT OF INERTIA PARAMETERS:   A1=  0.311 MEV   A2=  0.063 MEV   A3=  0.20721 MEV


 DELTA=0.741 MEV  LAMBDA=53.4113 MEV   HW0= 7.4379 MEV   LAMBDA/HW0= 7.1810

 E2ENERGY=0.730 MEV  HBAR**2/B= 4157./A**(7/3)= 702.7/A**2 MEV

 IREC=0  =>  RECOIL TERMS j+j-, j+j+, jzjz, ETC TREATED AS ONE-BODY OPERATORS WITH UU+VV PAIRING FACTORS



 S. P. LEVEL   EQP       U     V        (UU + VV)**1.00

     31       1.343    0.288 0.958      1.000 0.994 0.818 0.569 0.448
     32       1.032    0.390 0.921      0.994 1.000 0.875 0.654 0.542
     33       0.763    0.787 0.617      0.818 0.875 1.000 0.939 0.881
     34       1.264    0.951 0.308      0.569 0.654 0.939 1.000 0.990
     35       2.193    0.985 0.171      0.448 0.542 0.881 0.990 1.000

  R CORE   ENERGY   A0R/A00=1.000    R3= 0     2  
   2( 1)    0.730                    0.740-0.673
   2( 2)    1.592                    0.673 0.740

  R CORE   ENERGY   A0R/A00=1.000    R3= 0     2  
   3( 1)    2.322                    0.000 1.000

  R CORE   ENERGY   A0R/A00=1.000    R3= 0     2     4  
   4( 1)    2.007                   -0.676 0.702-0.224

  R CORE   ENERGY   A0R/A00=1.000    R3= 0     2     4  
   5( 1)    4.512                    0.000 0.740-0.673

  R CORE   ENERGY   A0R/A00=1.000    R3= 0     2     4     6  
   6( 1)    3.768                   -0.620 0.703-0.342 0.071

  R CORE   ENERGY   A0R/A00=1.000    R3= 0     2     4     6  
   7( 1)    7.276                    0.000-0.626 0.702-0.340
 

             ENERGY     K= 1/2
 
 I=  1/2- (1)  2.652  32: 1.000
 
 I=  1/2- (2)  2.666  33: 1.000

             ENERGY     K= 1/2  -3/2
 
 I=  3/2- (1)  2.598  32: 0.454 0.891
 
 I=  3/2- (2)  2.702  33: 1.000-0.012

             ENERGY     K= 5/2   1/2  -3/2
 
 I=  5/2- (1)  2.860  32:-0.011-0.564 0.826
 
 I=  5/2- (2)  3.411  33: 0.963-0.213-0.167

             ENERGY     K= 5/2   1/2  -3/2  -7/2
 
 I=  7/2- (1)  3.622  33: 0.628-0.707 0.326 0.003
 
 I=  7/2- (2)  4.109  32:-0.343 0.615-0.621 0.344

             ENERGY     K= 9/2   5/2   1/2  -3/2  -7/2
 
 I=  9/2- (1)  4.100  32:-0.005-0.192 0.552-0.693 0.422
 
 I=  9/2- (2)  4.919  31:-0.182 0.561-0.687 0.415-0.087

             ENERGY     K= 9/2   5/2   1/2  -3/2  -7/2 -11/2
 
 I= 11/2- (1)  3.938  34: 0.063 0.362 0.713 0.571 0.177 0.014
 
 I= 11/2- (2)  5.131  33:-0.291 0.591-0.635 0.388-0.109-0.002

             ENERGY     K=13/2   9/2   5/2   1/2  -3/2  -7/2 -11/2
 
 I= 13/2- (1)  5.568  34: 0.021 0.247 0.610 0.221-0.546-0.459-0.092
 
 I= 13/2- (2)  5.635  35: 0.001 0.052 0.349 0.723 0.571 0.162 0.010

             ENERGY     K=13/2   9/2   5/2   1/2  -3/2  -7/2 -11/2
  21 LEVELS    TIME=  0.0 SEC



 ******************* EXCITATION ENERGIES, DOMINANT CONFIGURATION AND EXPECTATION VALUES (WITH S.P. UU+VV FACTORS) *******************

  NR  Eex(keV)  I   Kdom  NY    <Jz>  <Jx**2> <Jy**2> <Jz**2> <I.j>/|I|  <Rx**2> <Ry**2> <Rz**2> <R.j>/|R|  <HROTx> <HROTy> <HROTz>

   1    0.0   3/2-   3/2  32   -0.56    1.31    6.92    1.86    0.68       2.04    6.71    2.47   -2.62      0.633   0.421   0.512
   2   54.6   1/2-   1/2  32   -0.56    1.31    6.92    1.86   -0.35       2.08    6.70    2.67   -3.07      0.646   0.420   0.554
   3   68.8   1/2-   1/2  33    0.65    1.27    1.99    5.79   -0.16       1.99    2.70    5.39   -2.90      0.618   0.169   1.116
   4  104.5   3/2-   1/2  33    0.65    1.27    1.99    5.79    0.65       2.08    2.84    5.39   -2.43      0.645   0.178   1.116
   5  253.6   1/2-   1/2  31    0.27    1.77    1.13    4.75    0.71       1.52    0.92    4.73   -2.63      0.471   0.058   0.980
  
   6  261.8   5/2-   3/2  32   -0.56    1.31    6.92    1.86    0.60       2.04   10.77    2.50   -2.13      0.634   0.676   0.518
   7  281.7   3/2-   1/2  32   -0.56    1.31    6.92    1.86   -0.37       2.06   10.58    2.62   -2.76      0.640   0.664   0.543
   8  813.8   5/2-   5/2  33    0.65    1.27    1.99    5.79    0.60       2.03    3.58    8.65   -1.93      0.632   0.225   1.792
   9 1024.1   7/2-   1/2  33    0.65    1.27    1.99    5.79    0.57       2.20   10.85    7.21   -1.51      0.684   0.681   1.494
  10 1037.7   5/2-   1/2  31    0.27    1.77    1.13    4.75    0.49       2.05    4.95    6.48   -1.69      0.638   0.311   1.344
  
  11 1340.4  11/2-   1/2  34    0.00   53.91    6.07    2.20    6.71       3.77    9.58    4.35   -5.25      1.172   0.601   0.901
  12 1502.4   9/2-   3/2  32   -0.56    1.31    6.92    1.86    0.55       2.50   22.69    4.19   -1.36      0.775   1.424   0.868
  13 1511.8   7/2-   3/2  32   -0.56    1.31    6.92    1.86   -0.36       2.57   21.68    4.43   -2.15      0.798   1.361   0.919
  14 1611.8   7/2-   7/2  32   -0.56    1.31    6.92    1.86    0.54       2.51   10.75    8.32   -1.71      0.779   0.675   1.723
  15 2320.8   9/2-   1/2  31    0.27    1.77    1.13    4.75    0.48       3.05   17.08    7.50   -1.00      0.949   1.072   1.555
  
  16 2517.1   9/2-   1/2  33    0.65    1.27    1.99    5.79   -0.30       2.98   24.83    9.01   -1.74      0.926   1.559   1.868
  17 2533.6  11/2-   1/2  33    0.65    1.27    1.99    5.79    0.54       2.82   26.86    8.72   -0.94      0.876   1.687   1.807
  18 2969.8  13/2-   5/2  34    0.00   53.91    6.07    2.20    5.70       4.01   18.00    9.30   -4.00      1.246   1.130   1.928
  19 3037.2  13/2-   1/2  35   -0.06   38.13   17.98    5.92    5.63       1.11   23.16    7.93   -4.01      0.346   1.454   1.642
  20 3266.6  13/2-   3/2  32   -0.56    1.31    6.92    1.86    0.53       3.23   42.70    5.54   -0.89      1.004   2.681   1.147
  
  21 3267.9  11/2-   1/2  32   -0.56    1.31    6.92    1.86   -0.43       3.32   42.10    5.60   -1.78      1.030   2.643   1.160
