1SPECTRUM OF (Z= 82 A=207) IN PARTICLE-ROTOR  MODEL WITH MODIFIED OSCILLATOR POTENTIAL


 PARITY=-   EPS= 0.500   GAMMA=  3.4   EPS4=0.000   EPS6=0.000   LEVELS:  30  31  32  33  34

 PAIRING FACTORS: GN0= 19.20  GN1=  7.40  IPAIR= 15 ***  E2PLUS(INPUT)=   0.730  E2PLUR(INPUT)=   0.000

 CORIOLIS ATTENUATION PARAMETERS:  CHSI=0.000  ETA=  1.00

 MOMENT OF INERTIA PARAMETERS:   A1=  0.130 MEV   A2=  0.113 MEV   A3= 25.32514 MEV


 DELTA=0.840 MEV  LAMBDA=53.3926 MEV   HW0= 7.6544 MEV   LAMBDA/HW0= 6.9754

 E2ENERGY=0.730 MEV  HBAR**2/B=45929./A**(7/3)=7764.1/A**2 MEV

 IREC=0  =>  RECOIL TERMS j+j-, j+j+, jzjz, ETC TREATED AS ONE-BODY OPERATORS WITH UU+VV PAIRING FACTORS



 S. P. LEVEL   EQP       U     V        (UU + VV)**1.00

     30       1.303    0.343 0.939      1.000 0.999 0.782 0.629 0.575
     31       1.182    0.385 0.923      0.999 1.000 0.809 0.664 0.612
     32       0.944    0.854 0.521      0.782 0.809 1.000 0.977 0.960
     33       1.367    0.946 0.325      0.629 0.664 0.977 1.000 0.998
     34       1.675    0.966 0.260      0.575 0.612 0.960 0.998 1.000

  R CORE   ENERGY   A0R/A00=1.000    R3= 0     2  
   2( 1)    0.730                    1.000-0.000
   2( 2)  101.544                    0.000 1.000

  R CORE   ENERGY   A0R/A00=1.000    R3= 0     2  
   3( 1)  102.274                    0.000 1.000

  R CORE   ENERGY   A0R/A00=1.000    R3= 0     2     4  
   4( 1)    2.433                    1.000-0.001 0.000

  R CORE   ENERGY   A0R/A00=1.000    R3= 0     2     4  
   5( 1)  104.464                    0.000 1.000-0.000

  R CORE   ENERGY   A0R/A00=1.000    R3= 0     2     4     6  
   6( 1)    5.109                    1.000-0.002 0.000-0.000

  R CORE   ENERGY   A0R/A00=1.000    R3= 0     2     4     6  
   7( 1)  107.627                    0.000 1.000-0.001 0.000
 

             ENERGY     K= 1/2
 
 I=  1/2- (1) 20.531  30: 1.000
 
 I=  1/2- (2) 44.826  32: 1.000

             ENERGY     K= 1/2  -3/2
 
 I=  3/2- (1) 20.617  30: 1.000-0.000
 
 I=  3/2- (2) 41.599  33: 0.004 1.000

             ENERGY     K= 5/2   1/2  -3/2
 
 I=  5/2- (1) 21.690  30: 0.000-1.000 0.000
 
 I=  5/2- (2) 42.205  33: 0.000 0.009-1.000

             ENERGY     K= 5/2   1/2  -3/2  -7/2
 
 I=  7/2- (1)  6.694  31: 0.000 0.000-0.000 1.000
 
 I=  7/2- (2) 17.707  34: 0.000-0.000 0.000-1.000

             ENERGY     K= 9/2   5/2   1/2  -3/2  -7/2
 
 I=  9/2- (1)  7.789  31:-0.000 0.000-0.000 0.001-1.000
 
 I=  9/2- (2) 18.802  34:-0.000-0.000-0.000 0.001-1.000

             ENERGY     K= 9/2   5/2   1/2  -3/2  -7/2 -11/2
 
 I= 11/2- (1)  9.128  31:-0.000 0.000-0.000-0.001 1.000-0.001
 
 I= 11/2- (2) 20.141  34:-0.000-0.000 0.000-0.001 1.000-0.001

             ENERGY     K=13/2   9/2   5/2   1/2  -3/2  -7/2 -11/2
 
 I= 13/2- (1) 10.709  31:-0.000 0.000-0.000 0.000-0.002 1.000-0.001
 
 I= 13/2- (2) 21.722  34:-0.000 0.000 0.000 0.000-0.002 1.000-0.001

             ENERGY     K=13/2   9/2   5/2   1/2  -3/2  -7/2 -11/2
  21 LEVELS    TIME=  0.0 SEC



 ******************* EXCITATION ENERGIES, DOMINANT CONFIGURATION AND EXPECTATION VALUES (WITH S.P. UU+VV FACTORS) *******************

  NR  Eex(keV)  I   Kdom  NY    <Jz>  <Jx**2> <Jy**2> <Jz**2> <I.j>/|I|  <Rx**2> <Ry**2> <Rz**2> <R.j>/|R|  <HROTx> <HROTy> <HROTz>

   1    0.0   7/2-   7/2  31   -3.44    6.95    5.68   12.00    3.04       8.69    7.43    0.14   -3.12      1.131   0.842   3.540
   2 1095.0   9/2-   7/2  31   -3.44    6.95    5.68   12.00    2.42      13.19   11.94    0.14   -2.50      1.716   1.352   3.540
   3 2433.2  11/2-   7/2  31   -3.44    6.95    5.68   12.00    2.02      18.67   17.46    0.14   -2.09      2.429   1.977   3.540
   4 4014.6  13/2-   7/2  31   -3.44    6.95    5.68   12.00    1.73      25.14   23.99    0.14   -1.79      3.270   2.717   3.540
   511013.0   7/2-   7/2  34   -3.37   24.62   19.64   11.74    2.97      26.37   21.39    0.40   -6.37      3.430   2.422  10.180
  
   612108.0   9/2-   7/2  34   -3.37   24.62   19.64   11.74    2.37      30.86   25.89    0.40   -5.85      4.014   2.933  10.181
   713446.2  11/2-   7/2  34   -3.37   24.62   19.64   11.74    1.97      36.35   31.41    0.40   -5.35      4.728   3.558  10.181
   813836.6   1/2-   1/2  30    0.80   10.37   19.79    1.16    0.02      10.96   20.47    0.61   -5.53      1.426   2.318  15.483
   913923.1   3/2-   1/2  30    0.80   10.37   19.79    1.16    0.60      11.44   20.68    0.61   -5.27      1.488   2.343  15.483
  1014995.6   5/2-   1/2  30    0.80   10.37   19.79    1.16   -0.26      15.64   25.33    0.61   -4.97      2.034   2.869  15.483
  
  1115027.6  13/2-   7/2  34   -3.37   24.62   19.64   11.74    1.69      42.81   37.94    0.40   -4.91      5.569   4.297  10.181
  1215197.4   7/2-   1/2  30    0.80   10.37   19.79    1.16    0.49      16.75   25.83    0.61   -4.47      2.179   2.926  15.484
  1317127.7   9/2-   1/2  30    0.80   10.37   19.79    1.16   -0.31      24.30   34.21    0.61   -4.27      3.160   3.875  15.484
  1417444.8  11/2-   1/2  30    0.80   10.37   19.79    1.16    0.45      26.03   35.02    0.61   -3.64      3.385   3.966  15.484
  1520232.8  13/2-   1/2  30    0.80   10.37   19.79    1.16   -0.33      36.90   47.15    0.61   -3.65      4.799   5.340  15.484
  
  1634904.3   3/2-   3/2  33   -0.81    2.16    8.52    1.70    0.63       2.91    9.26    1.53   -3.02      0.378   1.049  38.804
  1735510.8   5/2-   3/2  33   -0.81    2.16    8.52    1.70    0.41       5.35   11.80    1.53   -2.58      0.696   1.336  38.806
  1838131.5   1/2-   1/2  32   -0.20    6.92    3.70    1.23   -0.24       6.93    4.39    1.68   -3.34      0.902   0.497  42.483
  1938436.7   3/2-   1/2  32   -0.20    6.92    3.70    1.23    0.06       9.12    4.56    1.68   -2.99      1.186   0.517  42.484
  2039143.0   5/2-   1/2  32   -0.20    6.92    3.70    1.23   -0.14      10.48    9.23    1.68   -2.65      1.364   1.045  42.484
  
  2165860.2   1/2-   1/2  33   -0.81    2.16    8.52    1.70   -0.59       2.85    8.55    2.76   -3.43      0.371   0.968  69.848
