1SPECTRUM OF (Z= 82 A=207) IN PARTICLE-ROTOR  MODEL WITH MODIFIED OSCILLATOR POTENTIAL


 PARITY=-   EPS= 0.315   GAMMA= 42.4   EPS4=0.000   EPS6=0.000   LEVELS:  29  30  31  32  33

 PAIRING FACTORS: GN0= 19.20  GN1=  7.40  IPAIR= 15 ***  E2PLUS(INPUT)=   0.730  E2PLUR(INPUT)=   0.000

 CORIOLIS ATTENUATION PARAMETERS:  CHSI=0.000  ETA=  1.00

 MOMENT OF INERTIA PARAMETERS:   A1=  0.823 MEV   A2=  0.079 MEV   A3=  0.16674 MEV


 DELTA=0.813 MEV  LAMBDA=53.3436 MEV   HW0= 7.4908 MEV   LAMBDA/HW0= 7.1212

 E2ENERGY=0.730 MEV  HBAR**2/B=15227./A**(7/3)=2574.1/A**2 MEV

 IREC=0  =>  RECOIL TERMS j+j-, j+j+, jzjz, ETC TREATED AS ONE-BODY OPERATORS WITH UU+VV PAIRING FACTORS



 S. P. LEVEL   EQP       U     V        (UU + VV)**1.00

     29       2.156    0.192 0.981      1.000 0.996 0.988 0.851 0.512
     30       1.533    0.276 0.961      0.996 1.000 0.998 0.893 0.584
     31       1.274    0.339 0.941      0.988 0.998 1.000 0.921 0.636
     32       0.816    0.679 0.734      0.851 0.893 0.921 1.000 0.886
     33       1.281    0.942 0.337      0.512 0.584 0.636 0.886 1.000

  R CORE   ENERGY   A0R/A00=1.000    R3= 0     2  
   2( 1)    0.730                   -0.546 0.838
   2( 2)    3.548                    0.838 0.546

  R CORE   ENERGY   A0R/A00=1.000    R3= 0     2  
   3( 1)    4.278                    0.000 1.000

  R CORE   ENERGY   A0R/A00=1.000    R3= 0     2     4  
   4( 1)    2.343                   -0.481 0.644-0.595

  R CORE   ENERGY   A0R/A00=1.000    R3= 0     2     4  
   5( 1)    6.468                    0.000-0.546 0.838

  R CORE   ENERGY   A0R/A00=1.000    R3= 0     2     4     6  
   6( 1)    4.673                   -0.467 0.618-0.506 0.379

  R CORE   ENERGY   A0R/A00=1.000    R3= 0     2     4     6  
   7( 1)    9.568                    0.000 0.383-0.640 0.666
 

             ENERGY     K= 1/2
 
 I=  1/2- (1)  3.876  32: 1.000
 
 I=  1/2- (2)  5.575  29: 1.000

             ENERGY     K= 1/2  -3/2
 
 I=  3/2- (1)  4.545  32:-0.554 0.833
 
 I=  3/2- (2)  6.215  29:-0.530 0.848

             ENERGY     K= 5/2   1/2  -3/2
 
 I=  5/2- (1)  4.646  32: 0.764-0.542 0.349
 
 I=  5/2- (2)  6.358  29: 0.750-0.589 0.302

             ENERGY     K= 5/2   1/2  -3/2  -7/2
 
 I=  7/2- (1)  6.108  32:-0.357 0.490-0.545 0.579
 
 I=  7/2- (2)  7.733  29:-0.119 0.489-0.674 0.541

             ENERGY     K= 9/2   5/2   1/2  -3/2  -7/2
 
 I=  9/2- (1)  6.301  32:-0.564 0.530-0.477 0.361-0.208
 
 I=  9/2- (2)  7.037  33:-0.053-0.362-0.713-0.573-0.172

             ENERGY     K= 9/2   5/2   1/2  -3/2  -7/2 -11/2
 
 I= 11/2- (1)  5.778  31: 0.090 0.390 0.685 0.570 0.215 0.025
 
 I= 11/2- (2)  8.372  33:-0.251-0.611-0.216 0.537 0.470 0.085

             ENERGY     K=13/2   9/2   5/2   1/2  -3/2  -7/2 -11/2
 
 I= 13/2- (1)  5.175  33: 0.006 0.096 0.391 0.682 0.569 0.219 0.031
 
 I= 13/2- (2)  7.353  31: 0.043 0.315 0.592 0.192-0.491-0.500-0.145

             ENERGY     K=13/2   9/2   5/2   1/2  -3/2  -7/2 -11/2
  21 LEVELS    TIME=  0.0 SEC



 ******************* EXCITATION ENERGIES, DOMINANT CONFIGURATION AND EXPECTATION VALUES (WITH S.P. UU+VV FACTORS) *******************

  NR  Eex(keV)  I   Kdom  NY    <Jz>  <Jx**2> <Jy**2> <Jz**2> <I.j>/|I|  <Rx**2> <Ry**2> <Rz**2> <R.j>/|R|  <HROTx> <HROTy> <HROTz>

   1    0.0   1/2-   1/2  32    0.44    1.55    2.23   10.36    0.67       1.45    2.09   10.17   -3.66      1.198   0.166   1.696
   2  669.4   3/2-   3/2  32    0.44    1.55    2.23   10.36   -0.33       1.47    4.93   12.77   -3.38      1.209   0.391   2.130
   3  770.0   5/2-   5/2  32    0.44    1.55    2.23   10.36    0.47       1.47    5.51   13.11   -2.84      1.207   0.437   2.186
   4 1299.4  13/2-   1/2  33   -0.04   38.40   16.21    6.45    5.70       0.94   20.25    9.05   -3.87      0.778   1.606   1.510
   5 1698.7   1/2-   1/2  29    0.42    3.39   11.53    2.01    0.97       2.67   11.50    1.84   -4.02      2.199   0.912   0.308
  
   6 1902.0  11/2-   1/2  31    0.00   53.63    5.54    2.40    6.71       3.65    8.50    4.95   -5.19      3.004   0.674   0.826
   7 2232.6   7/2-   7/2  32    0.44    1.55    2.23   10.36   -0.36       1.63   14.07   17.02   -2.72      1.339   1.116   2.838
   8 2339.1   3/2-   3/2  29    0.42    3.39   11.53    2.01   -0.11       2.68   13.95    4.48   -3.73      2.205   1.106   0.747
   9 2425.3   9/2-   9/2  32    0.44    1.55    2.23   10.36    0.44       1.61   15.14   17.77   -2.03      1.322   1.200   2.963
  10 2482.2   5/2-   5/2  29    0.42    3.39   11.53    2.01    0.52       2.70   15.28    4.61   -3.24      2.221   1.212   0.769
  
  11 2602.0   1/2-   1/2  30   -0.41    3.87    6.72    5.97   -0.32       3.96    7.26    6.63   -3.98      3.262   0.576   1.106
  12 2692.7   3/2-   3/2  30   -0.41    3.87    6.72    5.97    0.41       3.96    7.87    6.89   -3.64      3.262   0.624   1.148
  13 3161.2   9/2-   1/2  33   -0.04   38.40   16.21    6.45    5.55       3.46   18.62    8.55   -6.05      2.853   1.477   1.426
  14 3477.4  13/2-   5/2  31    0.00   53.63    5.54    2.40    5.74       3.67   15.57   10.92   -3.91      3.023   1.235   1.821
  15 3549.3   5/2-   5/2  32    0.44    1.55    2.23   10.36    0.09       4.99    4.54   12.82   -2.93      4.111   0.360   2.138
  
  16 3856.7   7/2-   3/2  29    0.42    3.39   11.53    2.01   -0.15       2.93   22.91    8.06   -3.01      2.417   1.817   1.343
  17 3947.5   7/2-   7/2  30   -0.41    3.87    6.72    5.97    0.37       4.01   14.20   11.16   -2.78      3.303   1.126   1.861
  18 4098.0   9/2-   5/2  29    0.42    3.39   11.53    2.01    0.46       2.91   26.14    8.11   -2.41      2.393   2.073   1.352
  19 4496.3  11/2-   5/2  33   -0.04   38.40   16.21    6.45    4.61       3.48   24.55   13.65   -5.19      2.868   1.947   2.276
  20 4505.6  11/2-   3/2  32    0.44    1.55    2.23   10.36   -0.36       2.01   31.86   20.30   -2.21      1.655   2.527   3.384
  
  21 4800.0  13/2-   5/2  32    0.44    1.55    2.23   10.36    0.42       1.98   33.68   21.33   -1.48      1.633   2.671   3.556
