1SPECTRUM OF (Z= 82 A=207) IN PARTICLE-ROTOR  MODEL WITH MODIFIED OSCILLATOR POTENTIAL


 PARITY=-   EPS= 0.146   GAMMA= 30.0   EPS4=0.000   EPS6=0.000   LEVELS:  24  25  26  27  28  29  30  31  32  33  34  35  36  37  38

 PAIRING FACTORS: GN0= 19.20  GN1=  7.40  IPAIR= 15 ***  E2PLUS(INPUT)=   0.730  E2PLUR(INPUT)=   0.000

 CORIOLIS ATTENUATION PARAMETERS:  CHSI=0.000  ETA=  0.00

     FOR ETA .NE. 1, THE ANGULAR MOMENTUM EXPECTATION VALUES OF THE ENERGY EIGENSTATES ARE CALCULATED ONLY APPROXIMATELY

 MOMENT OF INERTIA PARAMETERS:   A1=  0.243 MEV   A2=  0.061 MEV   A3=  0.24333 MEV


 DELTA=0.613 MEV  LAMBDA=53.3373 MEV   HW0= 7.4285 MEV   LAMBDA/HW0= 7.1801

 E2ENERGY=0.730 MEV  HBAR**2/B= 2629./A**(7/3)= 444.5/A**2 MEV

 IREC=0  =>  RECOIL TERMS j+j-, j+j+, jzjz, ETC TREATED AS ONE-BODY OPERATORS WITH UU+VV PAIRING FACTORS



 S. P. LEVEL   EQP       U     V        (UU + VV)**0.00

     24       4.928    0.062 0.998      1.000 1.000 1.000 1.000 1.000 1.000 1.000 1.000 1.000 1.000 1.000 1.000 1.000 1.000 1.000
     25       4.439    0.069 0.998      1.000 1.000 1.000 1.000 1.000 1.000 1.000 1.000 1.000 1.000 1.000 1.000 1.000 1.000 1.000
     26       4.038    0.076 0.997      1.000 1.000 1.000 1.000 1.000 1.000 1.000 1.000 1.000 1.000 1.000 1.000 1.000 1.000 1.000
     27       3.529    0.087 0.996      1.000 1.000 1.000 1.000 1.000 1.000 1.000 1.000 1.000 1.000 1.000 1.000 1.000 1.000 1.000
     28       3.126    0.098 0.995      1.000 1.000 1.000 1.000 1.000 1.000 1.000 1.000 1.000 1.000 1.000 1.000 1.000 1.000 1.000
     29       3.018    0.102 0.995      1.000 1.000 1.000 1.000 1.000 1.000 1.000 1.000 1.000 1.000 1.000 1.000 1.000 1.000 1.000
     30       2.468    0.125 0.992      1.000 1.000 1.000 1.000 1.000 1.000 1.000 1.000 1.000 1.000 1.000 1.000 1.000 1.000 1.000
     31       1.303    0.242 0.970      1.000 1.000 1.000 1.000 1.000 1.000 1.000 1.000 1.000 1.000 1.000 1.000 1.000 1.000 1.000
     32       1.259    0.251 0.968      1.000 1.000 1.000 1.000 1.000 1.000 1.000 1.000 1.000 1.000 1.000 1.000 1.000 1.000 1.000
     33       0.660    0.561 0.828      1.000 1.000 1.000 1.000 1.000 1.000 1.000 1.000 1.000 1.000 1.000 1.000 1.000 1.000 1.000
     34       1.475    0.977 0.213      1.000 1.000 1.000 1.000 1.000 1.000 1.000 1.000 1.000 1.000 1.000 1.000 1.000 1.000 1.000
     35       1.785    0.985 0.174      1.000 1.000 1.000 1.000 1.000 1.000 1.000 1.000 1.000 1.000 1.000 1.000 1.000 1.000 1.000
     36       2.552    0.993 0.121      1.000 1.000 1.000 1.000 1.000 1.000 1.000 1.000 1.000 1.000 1.000 1.000 1.000 1.000 1.000
     37       3.112    0.995 0.099      1.000 1.000 1.000 1.000 1.000 1.000 1.000 1.000 1.000 1.000 1.000 1.000 1.000 1.000 1.000
     38       3.518    0.996 0.087      1.000 1.000 1.000 1.000 1.000 1.000 1.000 1.000 1.000 1.000 1.000 1.000 1.000 1.000 1.000

  R CORE   ENERGY   A0R/A00=1.000    R3= 0     2  
   2( 1)    0.730                    0.866-0.500
   2( 2)    1.460                    0.500 0.866

  R CORE   ENERGY   A0R/A00=1.000    R3= 0     2  
   3( 1)    2.190                    0.000 1.000

  R CORE   ENERGY   A0R/A00=1.000    R3= 0     2     4  
   4( 1)    1.947                    0.740-0.661 0.125

  R CORE   ENERGY   A0R/A00=1.000    R3= 0     2     4  
   5( 1)    4.380                    0.000 0.866-0.500

  R CORE   ENERGY   A0R/A00=1.000    R3= 0     2     4     6  
   6( 1)    3.650                   -0.672 0.695-0.254 0.031

  R CORE   ENERGY   A0R/A00=1.000    R3= 0     2     4     6  
   7( 1)    7.057                    0.000 0.747-0.637 0.187
 

             ENERGY     K= 1/2
 
 I=  1/2- (1)  2.001  34: 1.000
 
 I=  1/2- (2)  2.488  33: 1.000
 
 I=  1/2- (3)  2.605  31: 1.000
 
 I=  1/2- (4)  2.749  32: 1.000
 
 I=  1/2- (5)  4.304  28: 1.000

             ENERGY     K= 1/2  -3/2
 
 I=  3/2- (1)  2.489  33: 1.000 0.003
 
 I=  3/2- (2)  2.734  34: 0.883-0.470

             ENERGY     K= 5/2   1/2  -3/2
 
 I=  5/2- (1)  2.727  34: 0.484-0.853 0.196
 
 I=  5/2- (2)  2.985  32: 0.047-0.606 0.794
 
 I=  5/2- (3)  3.198  33: 0.962-0.239-0.129
 
 I=  5/2- (4)  3.432  34: 0.797 0.522 0.303
 
 I=  5/2- (5)  3.450  31: 0.327-0.908 0.263

             ENERGY     K= 5/2   1/2  -3/2  -7/2
 
 I=  7/2- (1)  3.393  33: 0.608-0.750 0.262 0.010
 
 I=  7/2- (2)  3.938  34:-0.454 0.735-0.490 0.118
 
 I=  7/2- (3)  4.172  34: 0.814 0.123-0.567 0.015
 
 I=  7/2- (4)  4.179  31:-0.112 0.660-0.723 0.169
 
 I=  7/2- (5)  4.344  32:-0.142 0.435-0.798 0.392

             ENERGY     K= 9/2   5/2   1/2  -3/2  -7/2
 
 I=  9/2- (1)  3.950  34:-0.126 0.566-0.735 0.350-0.035
 
 I=  9/2- (2)  4.128  32: 0.013-0.202 0.609-0.703 0.307
 
 I=  9/2- (3)  4.346  29: 0.982-0.188 0.029-0.002-0.001
 
 I=  9/2- (4)  4.760  31:-0.085 0.479-0.752 0.438-0.075
 
 I=  9/2- (5)  4.876  33:-0.248 0.699-0.607 0.266-0.098

             ENERGY     K= 9/2   5/2   1/2  -3/2  -7/2 -11/2
 
 I= 11/2- (1)  4.340  35: 0.050 0.344 0.728 0.570 0.156 0.010
 
 I= 11/2- (2)  4.850  33:-0.222 0.601-0.681 0.350-0.060-0.004
 
 I= 11/2- (3)  5.634  34: 0.131-0.444 0.673-0.535 0.215-0.030
 
 I= 11/2- (4)  5.742  29: 0.938-0.338 0.078-0.013 0.003 0.001
 
 I= 11/2- (5)  5.803  31: 0.030-0.255 0.629-0.665 0.306-0.043

             ENERGY     K=13/2   9/2   5/2   1/2  -3/2  -7/2 -11/2
 
 I= 13/2- (1)  5.584  29: 0.917-0.377 0.127-0.031 0.005 0.000-0.001
 
 I= 13/2- (2)  5.661  34: 0.032-0.233 0.566-0.669 0.405-0.111 0.007
 
 I= 13/2- (3)  5.754  32:-0.004 0.062-0.282 0.588-0.648 0.376-0.097
 
 I= 13/2- (4)  6.100  35: 0.013 0.209 0.614 0.239-0.576-0.431-0.068
 
 I= 13/2- (5)  6.161  36:-0.000 0.038 0.326 0.741 0.570 0.138 0.005

             ENERGY     K=13/2   9/2   5/2   1/2  -3/2  -7/2 -11/2
  32 LEVELS    TIME=  0.0 SEC



 ******************* EXCITATION ENERGIES, DOMINANT CONFIGURATION AND EXPECTATION VALUES (WITH S.P. UU+VV FACTORS) *******************

  NR  Eex(keV)  I   Kdom  NY    <Jz>  <Jx**2> <Jy**2> <Jz**2> <I.j>/|I|  <Rx**2> <Ry**2> <Rz**2> <R.j>/|R|  <HROTx> <HROTy> <HROTz>

   1    0.0   1/2-   1/2  34    0.56    0.28    2.37    1.90    0.88       0.03    2.16    1.59   -1.95      0.007   0.131   0.387
   2  487.1   1/2-   1/2  33    0.81    1.32    1.80    5.36   -0.10       2.07    2.53    4.81   -2.79      0.505   0.154   1.169
   3  488.2   3/2-   1/2  33    0.81    1.32    1.80    5.36    0.72       2.06    2.59    4.81   -2.31      0.502   0.157   1.169
   4  604.4   1/2-   1/2  31    0.02    1.64    1.24    3.35    0.36       1.44    1.34    3.58   -2.35      0.351   0.081   0.870
   5  725.9   5/2-   1/2  34    0.56    0.28    2.37    1.90    0.59       0.94    6.25    2.64   -0.90      0.230   0.380   0.642
  
   6  733.8   3/2-   1/2  34    0.56    0.28    2.37    1.90   -0.36       1.15    6.01    2.53   -1.68      0.279   0.366   0.615
   7  748.1   1/2-   1/2  32   -0.53    1.44    5.97    1.91   -0.06       2.09    5.40    2.69   -2.94      0.507   0.328   0.654
   8  984.1   5/2-   3/2  32   -0.53    1.44    5.97    1.91    0.79       2.35    8.43    2.64   -1.91      0.571   0.513   0.642
   9 1196.9   5/2-   5/2  33    0.81    1.32    1.80    5.36    0.70       2.07    3.58    7.46   -1.77      0.505   0.218   1.815
  10 1392.9   7/2-   1/2  33    0.81    1.32    1.80    5.36    0.63       2.39   10.61    6.19   -1.36      0.582   0.646   1.506
  
  11 1431.2   5/2-   5/2  34    0.56    0.28    2.37    1.90    0.61       3.13    2.17    4.37   -0.88      0.761   0.132   1.064
  12 1449.6   5/2-   1/2  31    0.02    1.64    1.24    3.35    0.23       2.87    6.40    4.35   -1.50      0.699   0.389   1.059
  13 1937.0   7/2-   1/2  34    0.56    0.28    2.37    1.90   -0.38       2.10   17.61    3.62   -1.26      0.512   1.071   0.880
  14 1949.2   9/2-   1/2  34    0.56    0.28    2.37    1.90    0.54       1.99   18.39    3.58   -0.38      0.485   1.119   0.872
  15 2127.0   9/2-   3/2  32   -0.53    1.44    5.97    1.91    0.80       3.30   19.16    3.70   -1.05      0.802   1.166   0.901
  
  16 2171.5   7/2-   5/2  34    0.56    0.28    2.37    1.90    0.55       4.01    6.49    5.45   -0.59      0.976   0.395   1.327
  17 2178.2   7/2-   3/2  31    0.02    1.64    1.24    3.35   -0.04       3.23   13.97    5.09   -1.35      0.787   0.850   1.239
  18 2303.6   1/2-   1/2  28    0.51    2.82    6.24    0.76    0.67       2.82    6.09    0.50   -3.01      0.686   0.370   0.122
  19 2339.2  11/2-   1/2  35    0.00   54.06    6.29    2.13    6.70       3.88   10.12    4.09   -5.27      0.944   0.616   0.995
  20 2343.3   7/2-   3/2  32   -0.53    1.44    5.97    1.91   -0.36       3.60   20.38    3.98   -2.04      0.876   1.240   0.969
  
  21 2345.6   9/2-   9/2  29    4.31    1.97    2.40   19.03    3.83       3.31    6.07    0.63   -1.37      0.805   0.369   0.154
  22 2759.8   9/2-   1/2  31    0.02    1.64    1.24    3.35    0.19       3.70   19.83    5.55   -0.98      0.901   1.207   1.350
  23 2849.6  11/2-   1/2  33    0.81    1.32    1.80    5.36    0.58       3.37   26.69    7.18   -0.82      0.819   1.624   1.747
  24 2875.6   9/2-   5/2  33    0.81    1.32    1.80    5.36   -0.11       4.12   22.66    7.54   -1.54      1.003   1.379   1.835
  25 3583.4  13/2-  13/2  29    4.31    1.97    2.40   19.03    3.79       3.08   11.54    4.58    0.70      0.749   0.702   1.115
  
  26 3633.7  11/2-   1/2  34    0.56    0.28    2.37    1.90   -0.42       3.08   37.64    4.61   -1.05      0.749   2.290   1.121
  27 3660.4  13/2-   1/2  34    0.56    0.28    2.37    1.90    0.52       2.99   38.53    4.58   -0.14      0.728   2.344   1.114
  28 3741.4  11/2-   9/2  29    4.31    1.97    2.40   19.03    3.06       6.44   15.14    0.97   -1.07      1.567   0.921   0.236
  29 3753.5  13/2-   3/2  32   -0.53    1.44    5.97    1.91    0.80       4.30   37.87    4.71   -0.54      1.046   2.304   1.145
  30 3802.8  11/2-   3/2  31    0.02    1.64    1.24    3.35   -0.08       4.23   32.64    6.11   -1.03      1.029   1.985   1.486
  
  31 4099.5  13/2-   5/2  35    0.00   54.06    6.29    2.13    5.66       4.33   19.34    8.56   -4.05      1.055   1.177   2.084
  32 4160.6  13/2-   1/2  36   -0.07   37.99   18.68    5.71    5.59       1.22   24.41    7.51   -4.06      0.298   1.485   1.827
