1SPECTRUM OF (Z= 82 A=207) IN PARTICLE-ROTOR  MODEL WITH MODIFIED OSCILLATOR POTENTIAL


 PARITY=-   EPS= 0.474   GAMMA= 47.0   EPS4=0.000   EPS6=0.000   LEVELS:  30  31  32  33  34

 PAIRING FACTORS: GN0= 19.20  GN1=  7.40  IPAIR= 15 ***  E2PLUS(INPUT)=   0.730  E2PLUR(INPUT)=   0.000

 CORIOLIS ATTENUATION PARAMETERS:  CHSI=0.000  ETA=  1.00

 MOMENT OF INERTIA PARAMETERS:   A1=  1.635 MEV   A2=  0.090 MEV   A3=  0.15389 MEV


 DELTA=0.955 MEV  LAMBDA=53.3844 MEV   HW0= 7.5890 MEV   LAMBDA/HW0= 7.0345

 E2ENERGY=0.730 MEV  HBAR**2/B=37535./A**(7/3)=6345.1/A**2 MEV

 IREC=0  =>  RECOIL TERMS j+j-, j+j+, jzjz, ETC TREATED AS ONE-BODY OPERATORS WITH UU+VV PAIRING FACTORS



 S. P. LEVEL   EQP       U     V        (UU + VV)**1.00

     30       0.978    0.627 0.779      1.000 1.000 0.990 0.920 0.803
     31       0.974    0.635 0.772      1.000 1.000 0.991 0.924 0.809
     32       0.958    0.731 0.682      0.990 0.991 1.000 0.966 0.879
     33       1.151    0.882 0.470      0.920 0.924 0.966 1.000 0.972
     34       1.965    0.968 0.251      0.803 0.809 0.879 0.972 1.000

  R CORE   ENERGY   A0R/A00=1.000    R3= 0     2  
   2( 1)    0.730                   -0.516 0.857
   2( 2)    6.785                    0.857 0.516

  R CORE   ENERGY   A0R/A00=1.000    R3= 0     2  
   3( 1)    7.515                    0.000 1.000

  R CORE   ENERGY   A0R/A00=1.000    R3= 0     2     4  
   4( 1)    2.410                    0.414-0.592 0.691

  R CORE   ENERGY   A0R/A00=1.000    R3= 0     2     4  
   5( 1)    9.705                    0.000-0.516 0.857

  R CORE   ENERGY   A0R/A00=1.000    R3= 0     2     4     6  
   6( 1)    4.986                   -0.378 0.527-0.513 0.562

  R CORE   ENERGY   A0R/A00=1.000    R3= 0     2     4     6  
   7( 1)   12.852                    0.000 0.337-0.606 0.721
 

             ENERGY     K= 1/2
 
 I=  1/2- (1)  7.093  31: 1.000
 
 I=  1/2- (2)  9.176  33: 1.000

             ENERGY     K= 1/2  -3/2
 
 I=  3/2- (1)  7.576  31:-0.507 0.862
 
 I=  3/2- (2)  9.429  33:-0.511 0.860

             ENERGY     K= 5/2   1/2  -3/2
 
 I=  5/2- (1)  7.935  31:-0.574 0.817-0.054
 
 I=  5/2- (2)  8.179  31: 0.596 0.462 0.657

             ENERGY     K= 5/2   1/2  -3/2  -7/2
 
 I=  7/2- (1)  8.823  31: 0.334 0.452-0.810 0.167
 
 I=  7/2- (2)  9.264  31: 0.615-0.151 0.010-0.774

             ENERGY     K= 9/2   5/2   1/2  -3/2  -7/2
 
 I=  9/2- (1)  9.587  31:-0.323 0.671-0.594 0.252 0.170
 
 I=  9/2- (2)  9.908  30:-0.058-0.369-0.706-0.573-0.181

             ENERGY     K= 9/2   5/2   1/2  -3/2  -7/2 -11/2
 
 I= 11/2- (1)  8.809  32:-0.078-0.380-0.696-0.570-0.198-0.019
 
 I= 11/2- (2) 10.971  31: 0.319 0.045-0.415 0.626-0.566 0.111

             ENERGY     K=13/2   9/2   5/2   1/2  -3/2  -7/2 -11/2
 
 I= 13/2- (1)  6.746  30: 0.010 0.113 0.403 0.667 0.566 0.239 0.041
 
 I= 13/2- (2) 10.362  32:-0.031-0.288-0.602-0.203 0.513 0.485 0.119

             ENERGY     K=13/2   9/2   5/2   1/2  -3/2  -7/2 -11/2
  21 LEVELS    TIME=  0.0 SEC



 ******************* EXCITATION ENERGIES, DOMINANT CONFIGURATION AND EXPECTATION VALUES (WITH S.P. UU+VV FACTORS) *******************

  NR  Eex(keV)  I   Kdom  NY    <Jz>  <Jx**2> <Jy**2> <Jz**2> <I.j>/|I|  <Rx**2> <Ry**2> <Rz**2> <R.j>/|R|  <HROTx> <HROTy> <HROTz>

   1    0.0  13/2-   1/2  30   -0.15   37.61   15.35    6.28    5.60       1.62   19.03    9.14   -3.69      2.647   1.715   1.407
   2  346.5   1/2-   1/2  31    0.21    3.92   12.62    2.61    0.97       2.79   12.79    2.65   -4.29      4.559   1.152   0.407
   3  829.7   3/2-   3/2  31    0.21    3.92   12.62    2.61    0.21       2.79   14.54    4.75   -3.99      4.560   1.311   0.731
   4 1189.3   5/2-   1/2  31    0.21    3.92   12.62    2.61    0.56       2.89   17.35    4.36   -3.53      4.727   1.564   0.671
   5 1432.6   5/2-   3/2  31    0.21    3.92   12.62    2.61    1.00       3.15   13.16    5.71   -3.45      5.141   1.186   0.878
  
   6 2063.1  11/2-   1/2  32    0.32   26.24   10.68    4.19    4.43       3.42   13.87    6.56   -2.99      5.593   1.249   1.009
   7 2077.2   7/2-   3/2  31    0.21    3.92   12.62    2.61    0.58       3.09   21.77    5.46   -3.06      5.047   1.962   0.841
   8 2430.2   1/2-   1/2  33   -0.17    3.38    8.39    7.02   -0.23       3.73    8.77    7.44   -4.25      6.090   0.790   1.145
   9 2517.3   7/2-   7/2  31    0.21    3.92   12.62    2.61    0.33       2.96   16.52   12.79   -3.14      4.833   1.489   1.968
  10 2683.0   3/2-   3/2  33   -0.17    3.38    8.39    7.02    0.13       3.73    9.90    8.42   -3.95      6.091   0.892   1.296
  
  11 2841.1   9/2-   5/2  31    0.21    3.92   12.62    2.61    0.43       2.96   29.17    7.46   -2.70      4.837   2.629   1.148
  12 3161.7   9/2-   1/2  30   -0.15   37.61   15.35    6.28    5.44       3.69   17.67    8.46   -5.89      6.036   1.592   1.303
  13 3467.2   5/2-   5/2  33   -0.17    3.38    8.39    7.02   -0.16       3.74   13.42   11.35   -3.61      6.106   1.210   1.747
  14 3595.5   9/2-   9/2  31    0.21    3.92   12.62    2.61    0.55       3.08   17.49   17.87   -2.65      5.042   1.576   2.750
  15 3615.4  13/2-   5/2  32    0.32   26.24   10.68    4.19    3.79       3.43   21.47   12.08   -2.41      5.610   1.935   1.859
  
  16 3954.4   7/2-   1/2  32    0.32   26.24   10.68    4.19    4.26       4.72   12.47    5.90   -5.04      7.712   1.124   0.907
  17 4224.6  11/2-   3/2  31    0.21    3.92   12.62    2.61    0.33       3.07   37.50   10.41   -2.41      5.016   3.379   1.602
  18 4498.0  11/2-   5/2  30   -0.15   37.61   15.35    6.28    4.53       3.70   23.34   13.79   -5.03      6.041   2.103   2.122
  19 5174.8   3/2-   1/2  33   -0.17    3.38    8.39    7.02    0.07       5.35    9.12    7.79   -3.95      8.750   0.822   1.198
  20 5316.4  13/2-   5/2  31    0.21    3.92   12.62    2.61    0.35       3.00   47.84   12.18   -2.10      4.903   4.311   1.875
  
  2116635.4   1/2-   1/2  34   -1.23   12.20   20.68    5.14   -1.50      11.18   23.57    6.62   -6.11     18.274   2.124   1.018
