1SPECTRUM OF (Z= 82 A=207) IN PARTICLE-ROTOR  MODEL WITH MODIFIED OSCILLATOR POTENTIAL


 PARITY=-   EPS= 0.239   GAMMA= 30.0   EPS4=0.000   EPS6=0.000   LEVELS:  24  25  26  27  28  29  30  31  32  33  34  35  36  37  38

 PAIRING FACTORS: GN0= 19.20  GN1=  7.40  IPAIR= 15 ***  E2PLUS(INPUT)=   0.730  E2PLUR(INPUT)=   0.000

 CORIOLIS ATTENUATION PARAMETERS:  CHSI=0.000  ETA=  0.00

     FOR ETA .NE. 1, THE ANGULAR MOMENTUM EXPECTATION VALUES OF THE ENERGY EIGENSTATES ARE CALCULATED ONLY APPROXIMATELY

 MOMENT OF INERTIA PARAMETERS:   A1=  0.243 MEV   A2=  0.061 MEV   A3=  0.24333 MEV


 DELTA=0.930 MEV  LAMBDA=53.3936 MEV   HW0= 7.4585 MEV   LAMBDA/HW0= 7.1587

 E2ENERGY=0.730 MEV  HBAR**2/B= 7046./A**(7/3)=1191.2/A**2 MEV

 IREC=0  =>  RECOIL TERMS j+j-, j+j+, jzjz, ETC TREATED AS ONE-BODY OPERATORS WITH UU+VV PAIRING FACTORS



 S. P. LEVEL   EQP       U     V        (UU + VV)**0.00

     24       5.149    0.091 0.996      1.000 1.000 1.000 1.000 1.000 1.000 1.000 1.000 1.000 1.000 1.000 1.000 1.000 1.000 1.000
     25       4.452    0.105 0.994      1.000 1.000 1.000 1.000 1.000 1.000 1.000 1.000 1.000 1.000 1.000 1.000 1.000 1.000 1.000
     26       3.873    0.121 0.993      1.000 1.000 1.000 1.000 1.000 1.000 1.000 1.000 1.000 1.000 1.000 1.000 1.000 1.000 1.000
     27       3.213    0.146 0.989      1.000 1.000 1.000 1.000 1.000 1.000 1.000 1.000 1.000 1.000 1.000 1.000 1.000 1.000 1.000
     28       2.877    0.164 0.986      1.000 1.000 1.000 1.000 1.000 1.000 1.000 1.000 1.000 1.000 1.000 1.000 1.000 1.000 1.000
     29       2.370    0.200 0.980      1.000 1.000 1.000 1.000 1.000 1.000 1.000 1.000 1.000 1.000 1.000 1.000 1.000 1.000 1.000
     30       2.270    0.210 0.978      1.000 1.000 1.000 1.000 1.000 1.000 1.000 1.000 1.000 1.000 1.000 1.000 1.000 1.000 1.000
     31       1.043    0.523 0.852      1.000 1.000 1.000 1.000 1.000 1.000 1.000 1.000 1.000 1.000 1.000 1.000 1.000 1.000 1.000
     32       0.939    0.657 0.754      1.000 1.000 1.000 1.000 1.000 1.000 1.000 1.000 1.000 1.000 1.000 1.000 1.000 1.000 1.000
     33       0.940    0.757 0.654      1.000 1.000 1.000 1.000 1.000 1.000 1.000 1.000 1.000 1.000 1.000 1.000 1.000 1.000 1.000
     34       1.463    0.941 0.338      1.000 1.000 1.000 1.000 1.000 1.000 1.000 1.000 1.000 1.000 1.000 1.000 1.000 1.000 1.000
     35       1.700    0.958 0.285      1.000 1.000 1.000 1.000 1.000 1.000 1.000 1.000 1.000 1.000 1.000 1.000 1.000 1.000 1.000
     36       2.360    0.980 0.201      1.000 1.000 1.000 1.000 1.000 1.000 1.000 1.000 1.000 1.000 1.000 1.000 1.000 1.000 1.000
     37       3.002    0.988 0.157      1.000 1.000 1.000 1.000 1.000 1.000 1.000 1.000 1.000 1.000 1.000 1.000 1.000 1.000 1.000
     38       3.393    0.990 0.138      1.000 1.000 1.000 1.000 1.000 1.000 1.000 1.000 1.000 1.000 1.000 1.000 1.000 1.000 1.000

  R CORE   ENERGY   A0R/A00=1.000    R3= 0     2  
   2( 1)    0.730                    0.866-0.500
   2( 2)    1.460                    0.500 0.866

  R CORE   ENERGY   A0R/A00=1.000    R3= 0     2  
   3( 1)    2.190                    0.000 1.000

  R CORE   ENERGY   A0R/A00=1.000    R3= 0     2     4  
   4( 1)    1.947                    0.740-0.661 0.125

  R CORE   ENERGY   A0R/A00=1.000    R3= 0     2     4  
   5( 1)    4.380                    0.000 0.866-0.500

  R CORE   ENERGY   A0R/A00=1.000    R3= 0     2     4     6  
   6( 1)    3.650                   -0.672 0.695-0.254 0.031

  R CORE   ENERGY   A0R/A00=1.000    R3= 0     2     4     6  
   7( 1)    7.057                    0.000 0.747-0.637 0.187
 

             ENERGY     K= 1/2
 
 I=  1/2- (1)  2.603  32: 1.000
 
 I=  1/2- (2)  2.979  31: 1.000
 
 I=  1/2- (3)  3.531  34: 1.000
 
 I=  1/2- (4)  4.083  38: 1.000
 
 I=  1/2- (5)  4.725  27: 1.000

             ENERGY     K= 1/2  -3/2
 
 I=  3/2- (1)  2.545  32: 0.519 0.855
 
 I=  3/2- (2)  2.793  32: 0.855-0.519

             ENERGY     K= 5/2   1/2  -3/2
 
 I=  5/2- (1)  2.815  32:-0.024-0.554 0.832
 
 I=  5/2- (2)  3.742  31: 0.415-0.877 0.243
 
 I=  5/2- (3)  4.298  32: 0.620-0.661-0.423
 
 I=  5/2- (4)  4.443  34: 0.847-0.525 0.083
 
 I=  5/2- (5)  4.533  31: 0.753 0.481 0.449

             ENERGY     K= 5/2   1/2  -3/2  -7/2
 
 I=  7/2- (1)  3.975  32: 0.337-0.752 0.556-0.110
 
 I=  7/2- (2)  4.244  32: 0.178-0.476-0.637 0.579
 
 I=  7/2- (3)  4.571  34: 0.559-0.774 0.298-0.002
 
 I=  7/2- (4)  4.856  31:-0.239 0.725-0.632 0.134
 
 I=  7/2- (5)  4.868  28: 0.011-0.046 0.238-0.970

             ENERGY     K= 9/2   5/2   1/2  -3/2  -7/2
 
 I=  9/2- (1)  4.060  32:-0.008-0.131 0.576-0.738 0.328
 
 I=  9/2- (2)  4.627  29: 0.971-0.236 0.042 0.001-0.009
 
 I=  9/2- (3)  4.971  31:-0.107 0.525-0.743 0.397-0.059
 
 I=  9/2- (4)  5.561  35:-0.023-0.295-0.757-0.571-0.112
 
 I=  9/2- (5)  5.936  34: 0.121-0.504 0.697-0.472 0.152

             ENERGY     K= 9/2   5/2   1/2  -3/2  -7/2 -11/2
 
 I= 11/2- (1)  3.395  33: 0.048 0.342 0.730 0.569 0.153 0.009
 
 I= 11/2- (2)  5.645  32:-0.105 0.406-0.676 0.562-0.224 0.029
 
 I= 11/2- (3)  5.944  29: 0.901-0.414 0.123-0.033 0.013 0.004
 
 I= 11/2- (4)  6.054  34:-0.195 0.572-0.693 0.385-0.079 0.000
 
 I= 11/2- (5)  6.454  32: 0.034-0.371 0.375 0.435-0.703 0.194

             ENERGY     K=13/2   9/2   5/2   1/2  -3/2  -7/2 -11/2
 
 I= 13/2- (1)  5.147  33: 0.012 0.205 0.615 0.241-0.579-0.427-0.065
 
 I= 13/2- (2)  5.545  35:-0.001 0.028 0.309 0.749 0.572 0.124 0.002
 
 I= 13/2- (3)  5.794  32: 0.002 0.028-0.225 0.564-0.675 0.405-0.105
 
 I= 13/2- (4)  6.356  29: 0.831-0.506 0.223-0.063 0.006 0.006-0.004
 
 I= 13/2- (5)  6.683  31: 0.027-0.208 0.536-0.674 0.442-0.140 0.015

             ENERGY     K=13/2   9/2   5/2   1/2  -3/2  -7/2 -11/2
  32 LEVELS    TIME=  0.0 SEC



 ******************* EXCITATION ENERGIES, DOMINANT CONFIGURATION AND EXPECTATION VALUES (WITH S.P. UU+VV FACTORS) *******************

  NR  Eex(keV)  I   Kdom  NY    <Jz>  <Jx**2> <Jy**2> <Jz**2> <I.j>/|I|  <Rx**2> <Ry**2> <Rz**2> <R.j>/|R|  <HROTx> <HROTy> <HROTz>

   1    0.0   3/2-   3/2  32   -0.53    1.35    7.67    2.02    0.65       2.01    7.56    2.70   -2.79      0.488   0.460   0.658
   2   58.1   1/2-   1/2  32   -0.53    1.35    7.67    2.02   -0.42       2.15    7.56    2.80   -3.22      0.523   0.460   0.682
   3  248.3   3/2-   1/2  32   -0.53    1.35    7.67    2.02   -0.28       2.10   11.00    2.77   -2.91      0.512   0.669   0.673
   4  270.5   5/2-   3/2  32   -0.53    1.35    7.67    2.02    0.53       2.02   11.90    2.71   -2.32      0.492   0.724   0.660
   5  434.1   1/2-   1/2  31    0.36    1.90    1.40    6.06    0.73       1.71    1.17    5.95   -2.93      0.417   0.071   1.447
  
   6  850.2  11/2-   1/2  33    0.01   51.66    6.85    1.86    6.52       3.62   10.72    3.79   -5.02      0.881   0.652   0.922
   7  986.4   1/2-   1/2  34    0.59    1.24    2.22    6.19   -0.14       1.93    2.87    5.86   -3.00      0.469   0.175   1.425
   8 1197.8   5/2-   1/2  31    0.36    1.90    1.40    6.06    0.52       2.84    5.26    6.94   -2.02      0.692   0.320   1.688
   9 1430.7   7/2-   1/2  32   -0.53    1.35    7.67    2.02   -0.32       3.09   22.44    3.78   -2.27      0.752   1.365   0.920
  10 1515.1   9/2-   3/2  32   -0.53    1.35    7.67    2.02    0.47       3.03   24.40    3.70   -1.56      0.736   1.484   0.900
  
  11 1538.6   1/2-   1/2  38    0.50    0.27    2.88    2.37    0.78       0.02    2.77    2.12   -2.18      0.006   0.168   0.516
  12 1699.3   7/2-   3/2  32   -0.53    1.35    7.67    2.02    0.55       5.03   11.82    5.60   -1.87      1.224   0.719   1.362
  13 1753.5   5/2-   1/2  32   -0.53    1.35    7.67    2.02   -0.41       5.10   11.22    5.90   -2.60      1.240   0.682   1.437
  14 1898.5   5/2-   5/2  34    0.59    1.24    2.22    6.19    0.22       2.13    6.46    8.50   -2.18      0.518   0.393   2.069
  15 1988.8   5/2-   5/2  31    0.36    1.90    1.40    6.06    0.48       4.81    1.22    9.23   -2.03      1.170   0.074   2.246
  
  16 2026.3   7/2-   1/2  34    0.59    1.24    2.22    6.19    0.51       2.52   11.48    7.38   -1.65      0.613   0.699   1.796
  17 2082.3   9/2-   9/2  29    3.67    2.22    1.95   17.08    3.23       3.38    6.09    4.37   -1.39      0.823   0.370   1.063
  18 2180.5   1/2-   1/2  27    0.53    2.90   10.14    1.42    0.87       2.58    9.99    1.14   -3.70      0.628   0.608   0.277
  19 2311.7   7/2-   1/2  31    0.36    1.90    1.40    6.06   -0.40       3.63   16.80    7.84   -2.06      0.882   1.022   1.909
  20 2323.6   7/2-   7/2  28   -2.74    2.36    1.91   10.55    2.33       3.23    5.13    3.67   -1.60      0.787   0.312   0.893
  
  21 2426.1   9/2-   1/2  31    0.36    1.90    1.40    6.06    0.50       3.80   17.37    7.99   -1.28      0.926   1.057   1.945
  22 2602.8  13/2-   5/2  33    0.01   51.66    6.85    1.86    5.50       4.07   20.05    8.20   -3.86      0.991   1.220   1.996
  23 3000.0  13/2-   1/2  35   -0.22   34.56   20.58    4.74    5.22       2.73   26.64    6.41   -3.92      0.664   1.621   1.559
  24 3016.1   9/2-   1/2  35   -0.22   34.56   20.58    4.74    5.12       3.63   23.70    6.31   -5.93      0.883   1.442   1.536
  25 3100.2  11/2-   1/2  32   -0.53    1.35    7.67    2.02   -0.33       4.09   41.88    4.78   -1.83      0.996   2.548   1.162
  
  26 3249.7  13/2-   3/2  32   -0.53    1.35    7.67    2.02    0.44       4.02   44.93    4.70   -1.09      0.979   2.733   1.143
  27 3391.3   9/2-   1/2  34    0.59    1.24    2.22    6.19   -0.32       3.62   25.63    8.36   -1.84      0.880   1.559   2.034
  28 3399.9  11/2-   9/2  29    3.67    2.22    1.95   17.08    2.52       6.02   16.25    4.61   -1.19      1.465   0.988   1.121
  29 3509.0  11/2-   1/2  34    0.59    1.24    2.22    6.19    0.47       3.52   27.85    8.38   -1.08      0.858   1.694   2.039
  30 3811.3  13/2-  13/2  29    3.67    2.22    1.95   17.08    3.03       3.17   15.08    9.44   -0.02      0.771   0.918   2.297
  
  31 3909.1  11/2-   7/2  32   -0.53    1.35    7.67    2.02    0.50       7.97   24.24    8.63   -1.26      1.940   1.475   2.100
  32 4138.3  13/2-   1/2  31    0.36    1.90    1.40    6.06    0.49       4.81   37.49    9.00   -0.83      1.170   2.280   2.190
