1SPECTRUM OF (Z= 82 A=207) IN PARTICLE-ROTOR  MODEL WITH MODIFIED OSCILLATOR POTENTIAL


 PARITY=-   EPS= 0.136   GAMMA=  0.0   EPS4=0.000   EPS6=0.000   LEVELS:  28  29  30  31  32

 PAIRING FACTORS: GN0= 19.20  GN1=  7.40  IPAIR= 15 ***  E2PLUS(INPUT)=   0.261  E2PLUR(INPUT)=   0.000

 CORIOLIS ATTENUATION PARAMETERS:  CHSI=0.700  ETA=  5.00

     FOR ETA .NE. 1, THE ANGULAR MOMENTUM EXPECTATION VALUES OF THE ENERGY EIGENSTATES ARE CALCULATED ONLY APPROXIMATELY

 MOMENT OF INERTIA PARAMETERS:   A1=  0.044 MEV   A2=  0.044 MEV   A3= 43.59031 MEV


 DELTA=0.760 MEV  LAMBDA=53.3492 MEV   HW0= 7.4266 MEV   LAMBDA/HW0= 7.1835

 E2ENERGY=0.261 MEV  HBAR**2/B= 1226./A**(7/3)= 207.3/A**2 MEV

 IREC=0  =>  RECOIL TERMS j+j-, j+j+, jzjz, ETC TREATED AS ONE-BODY OPERATORS WITH UU+VV PAIRING FACTORS



 S. P. LEVEL   EQP       U     V        (UU + VV)**5.00

     28       3.332    0.115 0.993      1.000 0.999 0.990 0.985 0.708
     29       2.794    0.137 0.991      0.999 1.000 0.996 0.992 0.738
     30       2.167    0.178 0.984      0.990 0.996 1.000 0.999 0.792
     31       2.014    0.192 0.981      0.985 0.992 0.999 1.000 0.809
     32       0.924    0.464 0.886      0.708 0.738 0.792 0.809 1.000

  R CORE   ENERGY   A0R/A00=1.000    R3= 0     2  
   2( 1)    0.262                    1.000 0.000
   2( 2)  174.448                    0.000 1.000

  R CORE   ENERGY   A0R/A00=1.000    R3= 0     2  
   3( 1)  174.710                    0.000 1.000

  R CORE   ENERGY   A0R/A00=1.000    R3= 0     2     4  
   4( 1)    0.872                    1.000 0.000 0.000

  R CORE   ENERGY   A0R/A00=1.000    R3= 0     2     4  
   5( 1)  175.495                    0.000 1.000 0.000

  R CORE   ENERGY   A0R/A00=1.000    R3= 0     2     4     6  
   6( 1)    1.831                    1.000 0.000 0.000 0.000

  R CORE   ENERGY   A0R/A00=1.000    R3= 0     2     4     6  
   7( 1)  176.628                    0.000 1.000 0.000 0.000

          AXIAL SYMMETRY => K RESTRICTED TO OMEGA

                     K
     S.P. ORB#: 28 -3.50
     S.P. ORB#: 29  4.50
     S.P. ORB#: 30  0.50
     S.P. ORB#: 31 -1.50
     S.P. ORB#: 32 -1.50
 

             ENERGY    K= OMEGA
 
 I=  1/2- (1)  2.501  30: 1.000
 
 I=  1/2- (2) 53.233  32: 1.000
 
 I=  1/2- (3) 54.322  31: 1.000
 
 I=  1/2- (4)230.002  28: 1.000
 
 I=  1/2- (5)368.953  29: 1.000

             ENERGY    K= OMEGA
 
 I=  3/2- (1)  1.120  30: 0.057
                      32: 0.998
 
 I=  3/2- (2)  2.372  30:-0.190
                      31: 0.981

             ENERGY    K= OMEGA
 
 I=  5/2- (1)  1.329  30:-0.096
                      32: 0.995
 
 I=  5/2- (2)  2.569  30: 0.320
                      31: 0.948
 
 I=  5/2- (3)  2.875  30: 0.943
                      31:-0.318
                      32: 0.101
 
 I=  5/2- (4)369.491  28: 1.000
 
 I=  5/2- (5)508.442  29: 1.000

             ENERGY    K= OMEGA
 
 I=  7/2- (1)  1.624  30: 0.124
                      32: 0.992
 
 I=  7/2- (2)  2.862  30:-0.323
                      31: 0.946
 
 I=  7/2- (3)  3.273  30: 0.938
                      31: 0.322
                      32:-0.127
 
 I=  7/2- (4)  3.714  28: 1.000
 
 I=  7/2- (5)630.495  29: 1.000

             ENERGY    K= OMEGA
 
 I=  9/2- (1)  1.999  30:-0.165
                      32: 0.986
 
 I=  9/2- (2)  3.173  28:-0.124
                      29: 0.992
 
 I=  9/2- (3)  3.221  30: 0.430
                      31: 0.901
                      32: 0.054
 
 I=  9/2- (4)  3.626  30: 0.888
                      31:-0.433
                      32: 0.157
 
 I=  9/2- (5)  4.121  28: 0.992
                      29: 0.124

             ENERGY    K= OMEGA
 
 I= 11/2- (1)  2.464  30: 0.184
                      32: 0.983
 
 I= 11/2- (2)  3.635  28: 0.180
                      29: 0.984
 
 I= 11/2- (3)  3.697  30:-0.379
                      31: 0.924
                      32: 0.059
 
 I= 11/2- (4)  4.233  30: 0.907
                      31: 0.383
                      32:-0.175
 
 I= 11/2- (5)  4.618  28: 0.984
                      29:-0.180

             ENERGY    K= OMEGA
 
 I= 13/2- (1)  3.004  30:-0.229
                      32: 0.973
 
 I= 13/2- (2)  4.182  28:-0.225
                      29: 0.974
 
 I= 13/2- (3)  4.220  30: 0.472
                      31: 0.875
                      32: 0.111
 
 I= 13/2- (4)  4.740  30: 0.851
                      31:-0.485
                      32: 0.201
 
 I= 13/2- (5)  5.204  28: 0.974
                      29: 0.225

             ENERGY     K=-3/2
  32 LEVELS    TIME=  0.0 SEC



 ******************* EXCITATION ENERGIES, DOMINANT CONFIGURATION AND EXPECTATION VALUES (WITH S.P. UU+VV FACTORS) *******************

  NR  Eex(keV)  I   Kdom  NY    <Jz>  <Jx**2> <Jy**2> <Jz**2> <I.j>/|I|  <Rx**2> <Ry**2> <Rz**2> <R.j>/|R|  <HROTx> <HROTy> <HROTz>

   1    0.0   3/2-  -3/2  32   -1.49    1.52    1.52    2.24    1.24       2.11    2.11    0.00   -1.40      0.095   0.095   0.000
   2  209.2   5/2-  -3/2  32   -1.48    1.54    1.54    2.23    0.91       4.35    4.35    0.00   -0.89      0.196   0.196   0.000
   3  503.5   7/2-  -3/2  32   -1.47    1.56    1.56    2.22    0.76       7.54    7.54    0.00   -0.60      0.340   0.340   0.000
   4  878.9   9/2-  -3/2  32   -1.45    1.60    1.60    2.20    0.71      11.52   11.52    0.00   -0.38      0.520   0.520   0.000
   5 1251.4   3/2-  -3/2  31   -1.43    3.50    3.50    2.18    1.30       3.96    3.96    0.00   -2.37      0.176   0.176   0.000
  
   6 1343.8  11/2-  -3/2  32   -1.43    1.63    1.63    2.18    0.66      16.62   16.62    0.00   -0.25      0.749   0.749   0.000
   7 1380.6   1/2-   1/2  30    0.50    3.69    3.69    0.25    0.42       3.82    3.82   -0.00   -2.63      0.167   0.167  -0.000
   8 1448.9   5/2-  -3/2  31   -1.30    3.48    3.48    2.05    1.00       5.92    5.92    0.00   -1.76      0.270   0.270   0.000
   9 1741.7   7/2-  -3/2  31   -1.29    3.46    3.46    2.04    0.80       9.18    9.18    0.00   -1.35      0.416   0.416   0.000
  10 1754.7   5/2-   1/2  30    0.28    3.70    3.70    0.47   -0.18       8.85    8.85    0.00   -2.00      0.368   0.368   0.000
  
  11 1883.7  13/2-  -3/2  32   -1.39    1.69    1.69    2.14    0.69      22.31   22.31    0.00   -0.10      1.007   1.007   0.000
  12 2053.0   9/2-   9/2  29    4.38    2.27    2.27   20.13    4.14       4.11    4.11   -0.00   -1.42      0.185   0.185  -0.000
  13 2100.3   9/2-  -3/2  31   -1.13    3.41    3.41    1.88    0.75      13.01   13.01    0.00   -0.98      0.591   0.591   0.000
  14 2152.9   7/2-   1/2  30    0.26    3.70    3.70    0.49   -0.48      13.71   13.71    0.00   -1.87      0.571   0.571   0.000
  15 2505.8   9/2-   1/2  30    0.08    3.71    3.71    0.67   -0.39      18.37   18.37    0.00   -1.66      0.759   0.759   0.000
  
  16 2515.1  11/2-   9/2  29    4.24    2.28    2.28   19.99    3.51       9.14    9.14   -0.00   -0.83      0.412   0.412  -0.000
  17 2576.9  11/2-  -3/2  31   -1.21    3.39    3.39    1.96    0.63      18.51   18.51    0.00   -0.82      0.832   0.832   0.000
  18 2593.8   7/2-  -7/2  28   -3.50    2.63    2.63   12.25    3.09       4.38    4.38    0.00   -1.78      0.191   0.191   0.000
  19 3000.8   9/2-  -7/2  28   -3.38    2.62    2.62   12.37    2.39       9.28    9.28    0.00   -1.33      0.398   0.398   0.000
  20 3062.1  13/2-   9/2  29    4.10    2.28    2.28   19.85    3.07      15.13   15.13   -0.00   -0.54      0.680   0.680  -0.000
  
  21 3099.6  13/2-  -3/2  31   -1.05    3.32    3.32    1.80    0.61      24.33   24.33    0.00   -0.60      1.092   1.092   0.000
  22 3112.9  11/2-   1/2  30    0.15    3.70    3.70    0.60   -0.61      25.53   25.53    0.00   -1.63      1.063   1.063   0.000
  23 3497.6  11/2-  -7/2  28   -3.24    2.62    2.62   12.51    1.92      15.25   15.25    0.00   -1.13      0.651   0.651   0.000
  24 3620.2  13/2-   1/2  30   -0.05    3.71    3.71    0.80   -0.51      32.03   32.03    0.00   -1.47      1.330   1.330   0.000
  25 4084.0  13/2-  -7/2  28   -3.10    2.61    2.61   12.65    1.58      22.27   22.27   -0.00   -1.02      0.950   0.950   0.000
  
  2652112.6   1/2-  -3/2  32    0.00    0.00    0.00    0.00    0.00       0.00    0.00   -0.00   -0.00      0.000   0.000  -0.000
  2753202.2   1/2-  -3/2  31    0.00    0.00    0.00    0.00    0.00       0.00    0.00   -0.00   -0.00      0.000   0.000   0.000
  28*******   1/2-  -7/2  28    0.00    0.00    0.00    0.00    0.00       0.00    0.00   -0.00   -0.00      0.000   0.000  -0.000
  29*******   1/2-   9/2  29    0.00    0.00    0.00    0.00    0.00       0.00    0.00   -0.00   -0.00      0.000   0.000  -0.000
  30*******   5/2-  -7/2  28   -0.00    0.00    0.00    0.00   -0.00       0.00    0.00    0.00   -0.00      0.000   0.000   0.000
  
  31*******   5/2-   9/2  29   -0.00    0.00    0.00    0.00   -0.00       0.00    0.00    0.00   -0.00      0.000   0.000   0.000
  32*******   7/2-   9/2  29   -0.00    0.00    0.00    0.00    0.00       0.00    0.00    0.00   -0.00      0.000   0.000   0.000
