1SPECTRUM OF (Z= 82 A=207) IN PARTICLE-ROTOR  MODEL WITH MODIFIED OSCILLATOR POTENTIAL


 PARITY=-   EPS= 0.072   GAMMA= 42.9   EPS4=0.000   EPS6=0.000   LEVELS:  32  33  34  35  36

 PAIRING FACTORS: GN0= 19.20  GN1=  7.40  IPAIR= 15 ***  E2PLUS(INPUT)=   0.730  E2PLUR(INPUT)=   0.000

 CORIOLIS ATTENUATION PARAMETERS:  CHSI=0.000  ETA=  1.00

 MOMENT OF INERTIA PARAMETERS:   A1=  0.880 MEV   A2=  0.080 MEV   A3=  0.16526 MEV


 DELTA=0.348 MEV  LAMBDA=53.3694 MEV   HW0= 7.4151 MEV   LAMBDA/HW0= 7.1974

 E2ENERGY=0.730 MEV  HBAR**2/B=  804./A**(7/3)= 135.9/A**2 MEV

 IREC=0  =>  RECOIL TERMS j+j-, j+j+, jzjz, ETC TREATED AS ONE-BODY OPERATORS WITH UU+VV PAIRING FACTORS



 S. P. LEVEL   EQP       U     V        (UU + VV)**1.00

     32       1.570    0.112 0.994      1.000 1.000 0.728 0.174 0.165
     33       1.296    0.136 0.991      1.000 1.000 0.744 0.198 0.189
     34       0.353    0.763 0.647      0.728 0.744 1.000 0.802 0.797
     35       2.746    0.998 0.063      0.174 0.198 0.802 1.000 1.000
     36       3.207    0.999 0.054      0.165 0.189 0.797 1.000 1.000

  R CORE   ENERGY   A0R/A00=1.000    R3= 0     2  
   2( 1)    0.730                   -0.541 0.841
   2( 2)    3.773                    0.841 0.541

  R CORE   ENERGY   A0R/A00=1.000    R3= 0     2  
   3( 1)    4.503                    0.000 1.000

  R CORE   ENERGY   A0R/A00=1.000    R3= 0     2     4  
   4( 1)    2.354                   -0.471 0.637-0.610

  R CORE   ENERGY   A0R/A00=1.000    R3= 0     2     4  
   5( 1)    6.693                    0.000-0.541 0.841

  R CORE   ENERGY   A0R/A00=1.000    R3= 0     2     4     6  
   6( 1)    4.719                   -0.456 0.608-0.509 0.402

  R CORE   ENERGY   A0R/A00=1.000    R3= 0     2     4     6  
   7( 1)    9.800                    0.000 0.376-0.635 0.675
 

             ENERGY     K= 1/2
 
 I=  1/2- (1)  0.655  34: 1.000
 
 I=  1/2- (2)  3.799  32: 1.000

             ENERGY     K= 1/2  -3/2
 
 I=  3/2- (1)  1.426  34:-0.545 0.838
 
 I=  3/2- (2)  3.755  33: 0.984 0.176

             ENERGY     K= 5/2   1/2  -3/2
 
 I=  5/2- (1)  1.358  34: 0.771-0.539 0.340
 
 I=  5/2- (2)  4.218  33: 0.904 0.046-0.424

             ENERGY     K= 5/2   1/2  -3/2  -7/2
 
 I=  7/2- (1)  3.069  34:-0.328 0.475-0.550 0.603
 
 I=  7/2- (2)  4.676  33: 0.715-0.614 0.310 0.121

             ENERGY     K= 9/2   5/2   1/2  -3/2  -7/2
 
 I=  9/2- (1)  2.959  34: 0.584-0.533 0.468-0.345 0.190
 
 I=  9/2- (2)  5.498  32: 0.164-0.371 0.522-0.571 0.486

             ENERGY     K= 9/2   5/2   1/2  -3/2  -7/2 -11/2
 
 I= 11/2- (1)  5.448  34: 0.221-0.361 0.459-0.494 0.458-0.396
 
 I= 11/2- (2)  6.368  33:-0.516 0.581-0.507 0.339-0.133-0.079

             ENERGY     K=13/2   9/2   5/2   1/2  -3/2  -7/2 -11/2
 
 I= 13/2- (1)  5.310  34: 0.394-0.454 0.487-0.454 0.360-0.233 0.106
 
 I= 13/2- (2)  6.580  36: 0.008 0.105 0.398 0.674 0.567 0.229 0.036

             ENERGY     K=13/2   9/2   5/2   1/2  -3/2  -7/2 -11/2
  21 LEVELS    TIME=  0.0 SEC



 ******************* EXCITATION ENERGIES, DOMINANT CONFIGURATION AND EXPECTATION VALUES (WITH S.P. UU+VV FACTORS) *******************

  NR  Eex(keV)  I   Kdom  NY    <Jz>  <Jx**2> <Jy**2> <Jz**2> <I.j>/|I|  <Rx**2> <Ry**2> <Rz**2> <R.j>/|R|  <HROTx> <HROTy> <HROTz>

   1    0.0   1/2-   1/2  34    0.56    0.26    1.65    1.42    0.93       0.01    1.36    1.11   -1.61      0.010   0.110   0.183
   2  702.7   5/2-   5/2  34    0.56    0.26    1.65    1.42    0.65       0.02    4.43    3.82   -0.50      0.017   0.356   0.632
   3  770.7   3/2-   3/2  34    0.56    0.26    1.65    1.42   -0.44       0.02    4.67    4.10   -1.41      0.019   0.376   0.678
   4 2304.4   9/2-   9/2  34    0.56    0.26    1.65    1.42    0.60       0.13   13.38    8.56   -0.07      0.115   1.077   1.415
   5 2414.3   7/2-   7/2  34    0.56    0.26    1.65    1.42   -0.49       0.15   14.02    8.81   -1.10      0.133   1.128   1.456
  
   6 3100.3   3/2-   1/2  33    1.16    1.45    1.51    5.19    0.90       1.75    2.19    4.48   -2.21      1.543   0.176   0.741
   7 3144.0   1/2-   1/2  32   -0.50    1.14    5.22    1.73    0.25       1.68    4.25    2.47   -2.72      1.478   0.342   0.409
   8 3458.5   3/2-   3/2  32   -0.50    1.14    5.22    1.73    0.21       1.81    6.71    2.49   -2.31      1.593   0.540   0.411
   9 3562.9   5/2-   5/2  33    1.16    1.45    1.51    5.19    1.06       1.89    2.19    6.57   -1.54      1.660   0.176   1.086
  10 3618.1   5/2-   3/2  32   -0.50    1.14    5.22    1.73    1.04       1.95    5.40    3.36   -1.53      1.714   0.435   0.555
  
  11 3628.2   1/2-   1/2  33    1.16    1.45    1.51    5.19   -0.04       2.38    2.31    4.28   -2.73      2.095   0.186   0.707
  12 4021.0   7/2-   5/2  33    1.16    1.45    1.51    5.19    0.83       1.86    9.54    5.92   -1.17      1.635   0.768   0.978
  13 4475.0   7/2-   5/2  34    0.56    0.26    1.65    1.42    0.61       4.01    5.27    4.98   -0.25      3.530   0.424   0.824
  14 4655.0  13/2-   5/2  34    0.56    0.26    1.65    1.42    0.59       0.45   30.93   12.53    0.11      0.399   2.488   2.070
  15 4793.1  11/2-   3/2  34    0.56    0.26    1.65    1.42   -0.51       0.49   32.03   12.61   -0.95      0.434   2.577   2.084
  
  16 4843.2   9/2-   3/2  32   -0.50    1.14    5.22    1.73    1.09       2.05   13.82    6.12   -0.57      1.805   1.112   1.011
  17 5258.8   9/2-   9/2  33    1.16    1.45    1.51    5.19    1.06       1.99    5.91   14.45   -0.61      1.755   0.475   2.388
  18 5713.3  11/2-   5/2  33    1.16    1.45    1.51    5.19    0.79       1.93   23.47    9.00   -0.58      1.697   1.888   1.487
  19 5925.2  13/2-   1/2  36   -0.00   41.54   13.85    8.24    5.98       0.15   17.70   10.98   -4.07      0.134   1.424   1.815
  20 6634.0  11/2-   9/2  34    0.56    0.26    1.65    1.42    0.59       4.04   14.64   13.35    0.03      3.552   1.178   2.207
  
  21 6803.9  13/2-   3/2  32   -0.50    1.14    5.22    1.73    1.11       2.18   29.47    9.66   -0.05      1.922   2.370   1.596
