1SPECTRUM OF (Z= 82 A=207) IN PARTICLE-ROTOR  MODEL WITH MODIFIED OSCILLATOR POTENTIAL


 PARITY=-   EPS= 0.270   GAMMA= 28.6   EPS4=0.000   EPS6=0.000   LEVELS:  29  30  31  32  33

 PAIRING FACTORS: GN0= 19.20  GN1=  7.40  IPAIR= 15 ***  E2PLUS(INPUT)=   0.730  E2PLUR(INPUT)=   0.000

 CORIOLIS ATTENUATION PARAMETERS:  CHSI=0.000  ETA=  1.00

 MOMENT OF INERTIA PARAMETERS:   A1=  0.225 MEV   A2=  0.061 MEV   A3=  0.26744 MEV


 DELTA=0.938 MEV  LAMBDA=53.3815 MEV   HW0= 7.4722 MEV   LAMBDA/HW0= 7.1440

 E2ENERGY=0.730 MEV  HBAR**2/B= 9042./A**(7/3)=1528.6/A**2 MEV

 IREC=0  =>  RECOIL TERMS j+j-, j+j+, jzjz, ETC TREATED AS ONE-BODY OPERATORS WITH UU+VV PAIRING FACTORS



 S. P. LEVEL   EQP       U     V        (UU + VV)**1.00

     29       2.068    0.233 0.972      1.000 1.000 0.933 0.871 0.788
     30       2.027    0.238 0.971      1.000 1.000 0.934 0.874 0.791
     31       1.003    0.568 0.823      0.933 0.934 1.000 0.990 0.957
     32       0.940    0.681 0.732      0.871 0.874 0.990 1.000 0.989
     33       0.962    0.782 0.623      0.788 0.791 0.957 0.989 1.000

  R CORE   ENERGY   A0R/A00=1.000    R3= 0     2  
   2( 1)    0.730                    0.911-0.413
   2( 2)    1.484                    0.413 0.911

  R CORE   ENERGY   A0R/A00=1.000    R3= 0     2  
   3( 1)    2.214                    0.000 1.000

  R CORE   ENERGY   A0R/A00=1.000    R3= 0     2     4  
   4( 1)    1.958                    0.769-0.632 0.095

  R CORE   ENERGY   A0R/A00=1.000    R3= 0     2     4  
   5( 1)    4.404                    0.000 0.911-0.413

  R CORE   ENERGY   A0R/A00=1.000    R3= 0     2     4     6  
   6( 1)    3.673                    0.695-0.685 0.216-0.021

  R CORE   ENERGY   A0R/A00=1.000    R3= 0     2     4     6  
   7( 1)    7.099                    0.000 0.798-0.587 0.136
 

             ENERGY     K= 1/2
 
 I=  1/2- (1)  2.702  33: 1.000
 
 I=  1/2- (2)  3.178  32: 1.000

             ENERGY     K= 1/2  -3/2
 
 I=  3/2- (1)  2.654  33: 0.550 0.835
 
 I=  3/2- (2)  2.884  33: 0.835-0.550

             ENERGY     K= 5/2   1/2  -3/2
 
 I=  5/2- (1)  2.935  33:-0.026-0.552 0.834
 
 I=  5/2- (2)  3.941  32: 0.352-0.911 0.215

             ENERGY     K= 5/2   1/2  -3/2  -7/2
 
 I=  7/2- (1)  4.055  33: 0.301-0.789 0.530-0.079
 
 I=  7/2- (2)  4.341  33: 0.092-0.512-0.754 0.401

             ENERGY     K= 9/2   5/2   1/2  -3/2  -7/2
 
 I=  9/2- (1)  4.197  33:-0.007-0.105 0.584-0.754 0.282
 
 I=  9/2- (2)  5.120  30: 0.960-0.275 0.052-0.000-0.007

             ENERGY     K= 9/2   5/2   1/2  -3/2  -7/2 -11/2
 
 I= 11/2- (1)  3.435  31: 0.041 0.331 0.740 0.567 0.141 0.007
 
 I= 11/2- (2)  5.722  33:-0.082 0.386-0.699 0.563-0.195 0.020

             ENERGY     K=13/2   9/2   5/2   1/2  -3/2  -7/2 -11/2
 
 I= 13/2- (1)  5.280  31: 0.008 0.183 0.615 0.251-0.596-0.407-0.053
 
 I= 13/2- (2)  5.956  33: 0.002 0.018-0.202 0.575-0.693 0.376-0.080

             ENERGY     K=13/2   9/2   5/2   1/2  -3/2  -7/2 -11/2
  21 LEVELS    TIME=  0.0 SEC



 ******************* EXCITATION ENERGIES, DOMINANT CONFIGURATION AND EXPECTATION VALUES (WITH S.P. UU+VV FACTORS) *******************

  NR  Eex(keV)  I   Kdom  NY    <Jz>  <Jx**2> <Jy**2> <Jz**2> <I.j>/|I|  <Rx**2> <Ry**2> <Rz**2> <R.j>/|R|  <HROTx> <HROTy> <HROTz>

   1    0.0   3/2-   3/2  33   -0.51    1.36    7.99    2.11    0.63       1.99    7.95    2.83   -2.86      0.449   0.486   0.757
   2   47.9   1/2-   1/2  33   -0.51    1.36    7.99    2.11   -0.44       2.16    7.94    2.87   -3.29      0.486   0.486   0.768
   3  229.4   3/2-   1/2  33   -0.51    1.36    7.99    2.11   -0.23       2.12   11.13    2.85   -2.97      0.477   0.681   0.763
   4  280.7   5/2-   3/2  33   -0.51    1.36    7.99    2.11    0.50       2.02   12.41    2.84   -2.40      0.454   0.760   0.758
   5  523.6   1/2-   1/2  32    0.39    1.95    1.55    6.69    0.73       1.79    1.32    6.56   -3.07      0.403   0.081   1.754
  
   6  781.1  11/2-   1/2  31    0.02   50.09    7.27    1.69    6.39       3.55   11.36    3.51   -4.86      0.799   0.695   0.939
   7 1198.2   3/2-   1/2  32    0.39    1.95    1.55    6.69   -0.37       2.99    5.19    7.19   -2.78      0.672   0.317   1.923
   8 1286.9   5/2-   1/2  32    0.39    1.95    1.55    6.69    0.52       3.23    5.36    7.27   -2.17      0.728   0.328   1.945
   9 1401.2   7/2-   1/2  33   -0.51    1.36    7.99    2.11   -0.26       3.37   22.27    3.64   -2.31      0.758   1.363   0.972
  10 1542.3   9/2-   3/2  33   -0.51    1.36    7.99    2.11    0.43       3.33   25.08    3.56   -1.65      0.748   1.535   0.951
  
  11 1686.9   7/2-   3/2  33   -0.51    1.36    7.99    2.11    0.52       6.77   12.10    4.17   -1.95      1.522   0.741   1.116
  12 1725.0   5/2-   1/2  33   -0.51    1.36    7.99    2.11   -0.40       6.64   11.35    4.60   -2.66      1.493   0.695   1.230
  13 2173.5   1/2-   1/2  29   -0.37    4.30    5.44    4.76   -0.29       4.20    6.17    5.38   -3.72      0.944   0.378   1.438
  14 2418.1   7/2-   1/2  32    0.39    1.95    1.55    6.69   -0.42       3.97   17.06    8.21   -2.19      0.893   1.044   2.194
  15 2465.6   9/2-   9/2  30    3.26    2.34    1.89   16.38    2.84       3.40    6.44    7.23   -1.56      0.765   0.394   1.934
  
  16 2526.8   9/2-   1/2  32    0.39    1.95    1.55    6.69    0.50       4.16   17.47    8.36   -1.41      0.937   1.069   2.235
  17 2625.2  13/2-   5/2  31    0.02   50.09    7.27    1.69    5.36       4.13   21.18    7.67   -3.77      0.929   1.296   2.052
  18 3067.5  11/2-   1/2  33   -0.51    1.36    7.99    2.11   -0.28       4.48   41.51    4.53   -1.84      1.008   2.541   1.211
  19 3301.8  13/2-   3/2  33   -0.51    1.36    7.99    2.11    0.39       4.45   45.82    4.45   -1.18      1.001   2.804   1.189
  20 3678.7  11/2-   9/2  30    3.26    2.34    1.89   16.38    2.18       5.87   17.16    7.24   -1.37      1.321   1.050   1.935
  
  21 4249.3  13/2-   1/2  32    0.39    1.95    1.55    6.69    0.49       5.28   37.56    9.26   -0.94      1.188   2.299   2.476
