1SPECTRUM OF (Z= 82 A=207) IN PARTICLE-ROTOR  MODEL WITH MODIFIED OSCILLATOR POTENTIAL


 PARITY=-   EPS= 0.307   GAMMA= 18.9   EPS4=0.000   EPS6=0.000   LEVELS:  30  31  32  33  34

 PAIRING FACTORS: GN0= 19.20  GN1=  7.40  IPAIR= 15 ***  E2PLUS(INPUT)=   0.730  E2PLUR(INPUT)=   0.000

 CORIOLIS ATTENUATION PARAMETERS:  CHSI=0.000  ETA=  1.00

 MOMENT OF INERTIA PARAMETERS:   A1=  0.171 MEV   A2=  0.076 MEV   A3=  0.69850 MEV


 DELTA=0.965 MEV  LAMBDA=53.3227 MEV   HW0= 7.4932 MEV   LAMBDA/HW0= 7.1162

 E2ENERGY=0.730 MEV  HBAR**2/B=14074./A**(7/3)=2379.2/A**2 MEV

 IREC=0  =>  RECOIL TERMS j+j-, j+j+, jzjz, ETC TREATED AS ONE-BODY OPERATORS WITH UU+VV PAIRING FACTORS



 S. P. LEVEL   EQP       U     V        (UU + VV)**1.00

     30       1.348    0.389 0.921      1.000 0.998 0.889 0.871 0.720
     31       1.212    0.445 0.896      0.998 1.000 0.915 0.900 0.761
     32       0.981    0.768 0.641      0.889 0.915 1.000 0.999 0.958
     33       0.997    0.791 0.612      0.871 0.900 0.999 1.000 0.968
     34       1.335    0.919 0.393      0.720 0.761 0.958 0.968 1.000

  R CORE   ENERGY   A0R/A00=1.000    R3= 0     2  
   2( 1)    0.730                    0.998-0.070
   2( 2)    3.053                    0.070 0.998

  R CORE   ENERGY   A0R/A00=1.000    R3= 0     2  
   3( 1)    3.783                    0.000 1.000

  R CORE   ENERGY   A0R/A00=1.000    R3= 0     2     4  
   4( 1)    2.309                    0.968-0.249 0.007

  R CORE   ENERGY   A0R/A00=1.000    R3= 0     2     4  
   5( 1)    5.973                    0.000 0.998-0.070

  R CORE   ENERGY   A0R/A00=1.000    R3= 0     2     4     6  
   6( 1)    4.544                    0.903-0.428 0.034-0.001

  R CORE   ENERGY   A0R/A00=1.000    R3= 0     2     4     6  
   7( 1)    9.047                    0.000 0.988-0.155 0.006
 

             ENERGY     K= 1/2
 
 I=  1/2- (1)  3.927  32: 1.000
 
 I=  1/2- (2)  5.286  34: 1.000

             ENERGY     K= 1/2  -3/2
 
 I=  3/2- (1)  3.748  32: 0.326 0.945
 
 I=  3/2- (2)  4.142  32: 0.945-0.326

             ENERGY     K= 5/2   1/2  -3/2
 
 I=  5/2- (1)  4.107  32:-0.009-0.491 0.871
 
 I=  5/2- (2)  4.930  31: 1.000-0.019-0.002

             ENERGY     K= 5/2   1/2  -3/2  -7/2
 
 I=  7/2- (1)  5.226  32: 0.016 0.345 0.937-0.047
 
 I=  7/2- (2)  5.461  32: 0.070-0.937 0.343-0.013

             ENERGY     K= 9/2   5/2   1/2  -3/2  -7/2
 
 I=  9/2- (1)  3.746  31: 0.996-0.090 0.004 0.000-0.001
 
 I=  9/2- (2)  5.530  32:-0.001-0.015 0.580-0.811 0.071

             ENERGY     K= 9/2   5/2   1/2  -3/2  -7/2 -11/2
 
 I= 11/2- (1)  4.833  30: 0.007 0.222 0.825 0.517 0.052 0.000
 
 I= 11/2- (2)  5.036  31: 0.985-0.170 0.012-0.001 0.002 0.000

             ENERGY     K=13/2   9/2   5/2   1/2  -3/2  -7/2 -11/2
 
 I= 13/2- (1)  6.421  31: 0.221-0.945 0.241-0.023-0.000 0.002 0.000
 
 I= 13/2- (2)  7.663  32: 0.000 0.000-0.060 0.612-0.776 0.141-0.006

             ENERGY     K=13/2   9/2   5/2   1/2  -3/2  -7/2 -11/2
  21 LEVELS    TIME=  0.0 SEC



 ******************* EXCITATION ENERGIES, DOMINANT CONFIGURATION AND EXPECTATION VALUES (WITH S.P. UU+VV FACTORS) *******************

  NR  Eex(keV)  I   Kdom  NY    <Jz>  <Jx**2> <Jy**2> <Jz**2> <I.j>/|I|  <Rx**2> <Ry**2> <Rz**2> <R.j>/|R|  <HROTx> <HROTy> <HROTz>

   1    0.0   9/2-   9/2  31    4.00    2.51    1.82   17.84    3.61       4.28    4.66    2.07   -1.27      0.730   0.356   1.447
   2    2.3   3/2-   3/2  32   -0.57    1.45    8.23    1.96    0.63       2.16    8.26    2.53   -2.90      0.369   0.632   1.767
   3  180.9   1/2-   1/2  32   -0.57    1.45    8.23    1.96   -0.44       2.24    8.14    2.78   -3.31      0.382   0.622   1.941
   4  360.8   5/2-   3/2  32   -0.57    1.45    8.23    1.96    0.53       2.22   12.47    2.57   -2.42      0.378   0.953   1.794
   5  396.6   3/2-   1/2  32   -0.57    1.45    8.23    1.96   -0.23       2.18   11.37    2.75   -3.00      0.372   0.869   1.920
  
   6 1087.4  11/2-   1/2  30    0.12   43.37    9.81    1.05    5.63       4.47   16.02    2.14   -4.32      0.763   1.225   1.498
   7 1184.3   5/2-   5/2  31    4.00    2.51    1.82   17.84    3.38       3.70    3.13    4.08   -3.68      0.632   0.239   2.847
   8 1290.4  11/2-   9/2  31    4.00    2.51    1.82   17.84    2.97       8.48   11.75    2.12   -0.93      1.448   0.898   1.478
   9 1479.7   7/2-   3/2  32   -0.57    1.45    8.23    1.96    0.47       9.00   12.10    2.55   -2.01      1.537   0.925   1.783
  10 1540.3   1/2-   1/2  34    0.29    2.19    1.23    5.07    0.62       2.06    1.07    5.04   -2.78      0.352   0.082   3.517
  
  11 1592.7   5/2-   1/2  32   -0.57    1.45    8.23    1.96   -0.43       9.60   10.62    2.73   -2.70      1.640   0.812   1.906
  12 1715.5   7/2-   1/2  32   -0.57    1.45    8.23    1.96   -0.22       5.49   20.87    2.79   -2.32      0.937   1.596   1.947
  13 1784.1   9/2-   3/2  32   -0.57    1.45    8.23    1.96    0.47       5.11   24.02    2.64   -1.65      0.872   1.836   1.841
  14 1979.1   7/2-   1/2  30    0.12   43.37    9.81    1.05    5.45      11.95   12.86    1.94   -6.31      2.040   0.983   1.354
  15 2188.7   3/2-   1/2  34    0.29    2.19    1.23    5.07   -0.34       4.45    4.03    5.06   -2.48      0.760   0.308   3.531
  
  16 2675.0  13/2-   9/2  31    4.00    2.51    1.82   17.84    2.57      10.52   22.06    2.47   -0.72      1.795   1.686   1.727
  17 3154.4   9/2-   5/2  31    4.00    2.51    1.82   17.84    2.02      11.51   11.23    4.10   -2.34      1.965   0.859   2.864
  18 3722.8  11/2-   3/2  32   -0.57    1.45    8.23    1.96   -0.31       8.76   39.45    2.83   -1.88      1.496   3.016   1.976
  19 3917.3  13/2-   3/2  32   -0.57    1.45    8.23    1.96    0.44       8.43   43.10    2.79   -1.17      1.438   3.295   1.949
  20 4392.1  13/2-   3/2  30    0.12   43.37    9.81    1.05    4.41       6.45   30.04    4.86   -3.64      1.100   2.297   3.393
  
  21 5329.1   1/2-   1/2  33   -0.97   22.29   28.18    2.34    0.22      19.07   30.55    3.56   -7.22      3.256   2.335   2.486
