1SPECTRUM OF (Z= 82 A=207) IN PARTICLE-ROTOR  MODEL WITH MODIFIED OSCILLATOR POTENTIAL


 PARITY=-   EPS= 0.462   GAMMA= 50.0   EPS4=0.000   EPS6=0.000   LEVELS:  29  30  31  32  33

 PAIRING FACTORS: GN0= 19.20  GN1=  7.40  IPAIR= 15 ***  E2PLUS(INPUT)=   0.023  E2PLUR(INPUT)=   0.000

 CORIOLIS ATTENUATION PARAMETERS:  CHSI=0.000  ETA=  1.00

 MOMENT OF INERTIA PARAMETERS:   A1=  0.090 MEV   A2=  0.003 MEV   A3=  0.00461 MEV


 DELTA=0.943 MEV  LAMBDA=53.3732 MEV   HW0= 7.5783 MEV   LAMBDA/HW0= 7.0429

 E2ENERGY=0.023 MEV  HBAR**2/B= 1171./A**(7/3)= 197.9/A**2 MEV

 IREC=0  =>  RECOIL TERMS j+j-, j+j+, jzjz, ETC TREATED AS ONE-BODY OPERATORS WITH UU+VV PAIRING FACTORS



 S. P. LEVEL   EQP       U     V        (UU + VV)**1.00

     29       2.017    0.241 0.971      1.000 0.886 0.850 0.749 0.696
     30       0.950    0.663 0.748      0.886 1.000 0.997 0.971 0.949
     31       0.944    0.716 0.698      0.850 0.997 1.000 0.986 0.970
     32       1.010    0.824 0.567      0.749 0.971 0.986 1.000 0.997
     33       1.086    0.865 0.502      0.696 0.949 0.970 0.997 1.000

  R CORE   ENERGY   A0R/A00=1.000    R3= 0     2  
   2( 1)    0.023                   -0.507 0.862
   2( 2)    0.367                    0.862 0.507

  R CORE   ENERGY   A0R/A00=1.000    R3= 0     2  
   3( 1)    0.390                    0.000 1.000

  R CORE   ENERGY   A0R/A00=1.000    R3= 0     2     4  
   4( 1)    0.076                    0.392-0.574 0.719

  R CORE   ENERGY   A0R/A00=1.000    R3= 0     2     4  
   5( 1)    0.459                    0.000-0.507 0.862

  R CORE   ENERGY   A0R/A00=1.000    R3= 0     2     4     6  
   6( 1)    0.160                   -0.342 0.486-0.506 0.625

  R CORE   ENERGY   A0R/A00=1.000    R3= 0     2     4     6  
   7( 1)    0.558                    0.000 0.323-0.595 0.736
 

             ENERGY     K= 1/2
 
 I=  1/2- (1)  1.274  30: 1.000
 
 I=  1/2- (2)  1.470  33: 1.000

             ENERGY     K= 1/2  -3/2
 
 I=  3/2- (1)  1.289  30:-0.503 0.865
 
 I=  3/2- (2)  1.478  33:-0.519 0.855

             ENERGY     K= 5/2   1/2  -3/2
 
 I=  5/2- (1)  1.221  30: 0.228 0.806 0.546
 
 I=  5/2- (2)  1.303  30: 0.797-0.477 0.372

             ENERGY     K= 5/2   1/2  -3/2  -7/2
 
 I=  7/2- (1)  1.248  30: 0.611 0.299-0.676-0.285
 
 I=  7/2- (2)  1.338  30:-0.322 0.363-0.447 0.751

             ENERGY     K= 9/2   5/2   1/2  -3/2  -7/2
 
 I=  9/2- (1)  1.282  30: 0.300 0.545-0.513 0.032 0.590
 
 I=  9/2- (2)  1.362  31:-0.061-0.373-0.704-0.573-0.185

             ENERGY     K= 9/2   5/2   1/2  -3/2  -7/2 -11/2
 
 I= 11/2- (1)  1.207  32:-0.095-0.394-0.680-0.569-0.221-0.027
 
 I= 11/2- (2)  1.323  30: 0.570-0.130-0.304 0.539-0.430-0.301

             ENERGY     K=13/2   9/2   5/2   1/2  -3/2  -7/2 -11/2
 
 I= 13/2- (1)  1.095  31: 0.013 0.128 0.412 0.656 0.563 0.254 0.050
 
 I= 13/2- (2)  1.257  32:-0.047-0.325-0.588-0.188 0.483 0.505 0.154

             ENERGY     K=13/2   9/2   5/2   1/2  -3/2  -7/2 -11/2
  21 LEVELS    TIME=  0.0 SEC



 ******************* EXCITATION ENERGIES, DOMINANT CONFIGURATION AND EXPECTATION VALUES (WITH S.P. UU+VV FACTORS) *******************

  NR  Eex(keV)  I   Kdom  NY    <Jz>  <Jx**2> <Jy**2> <Jz**2> <I.j>/|I|  <Rx**2> <Ry**2> <Rz**2> <R.j>/|R|  <HROTx> <HROTy> <HROTz>

   1    0.0  13/2-   1/2  31   -0.03   39.74   14.05    7.29    5.83       0.56   17.47   10.38   -3.82      0.050   0.054   0.048
   2  112.3  11/2-   1/2  32    0.08   27.92    9.79    4.87    4.75       1.39   12.68    7.48   -3.06      0.124   0.039   0.034
   3  126.2   5/2-   1/2  30    0.18    4.47   11.83    3.00    1.41       2.36   13.18    4.15   -3.41      0.212   0.040   0.019
   4  152.9   7/2-   3/2  30    0.18    4.47   11.83    3.00    1.05       2.36   16.97    7.37   -2.93      0.212   0.052   0.034
   5  161.9  13/2-   5/2  32    0.08   27.92    9.79    4.87    4.06       1.39   19.55   13.63   -2.41      0.125   0.060   0.063
  
   6  179.1   1/2-   1/2  30    0.18    4.47   11.83    3.00    1.12       3.05   11.99    3.07   -4.31      0.273   0.037   0.014
   7  186.7   9/2-   7/2  30    0.18    4.47   11.83    3.00    0.84       2.37   22.36   11.00   -2.53      0.212   0.069   0.051
   8  193.9   3/2-   3/2  30    0.18    4.47   11.83    3.00    0.30       3.05   13.76    5.09   -4.00      0.273   0.042   0.023
   9  207.7   5/2-   5/2  30    0.18    4.47   11.83    3.00    0.42       3.04   15.72    6.81   -3.57      0.273   0.048   0.031
  10  228.0  11/2-   9/2  30    0.18    4.47   11.83    3.00    0.69       2.37   29.07   15.38   -2.22      0.213   0.089   0.071
  
  11  242.3   7/2-   7/2  30    0.18    4.47   11.83    3.00    0.08       3.04   19.63   11.72   -3.23      0.273   0.060   0.054
  12  266.6   9/2-   1/2  31   -0.03   39.74   14.05    7.29    5.67       3.61   16.33    9.51   -6.06      0.324   0.050   0.044
  13  267.8   9/2-   9/2  30    0.18    4.47   11.83    3.00    0.31       3.04   22.49   15.47   -2.78      0.273   0.069   0.071
  14  275.4  13/2-   5/2  30    0.18    4.47   11.83    3.00    0.59       2.40   38.57   18.91   -1.97      0.215   0.118   0.087
  15  308.7  11/2-   5/2  31   -0.03   39.74   14.05    7.29    4.71       3.62   21.90   14.94   -5.17      0.324   0.067   0.069
  
  16  342.4   7/2-   1/2  32    0.08   27.92    9.79    4.87    4.55       4.03   11.55    6.60   -5.20      0.362   0.035   0.030
  17  374.7   1/2-   1/2  33   -0.13    2.99    8.81    6.75   -0.36       3.60    9.19    7.13   -4.23      0.323   0.028   0.033
  18  383.2   3/2-   3/2  33   -0.13    2.99    8.81    6.75    0.04       3.60   10.32    8.21   -3.92      0.323   0.032   0.038
  19  407.0   5/2-   5/2  33   -0.13    2.99    8.81    6.75   -0.19       3.60   13.93   10.89   -3.58      0.323   0.043   0.050
  20  427.5   3/2-   1/2  33   -0.13    2.99    8.81    6.75    0.28       4.15    9.53    7.53   -3.91      0.373   0.029   0.035
  
  21 1183.2   1/2-   1/2  29    0.29    1.63    2.49   14.94   -0.10       2.04    3.03   14.90   -4.28      0.183   0.009   0.069
