1SPECTRUM OF (Z= 82 A=207) IN PARTICLE-ROTOR  MODEL WITH MODIFIED OSCILLATOR POTENTIAL


 PARITY=-   EPS= 0.423   GAMMA= 29.1   EPS4=0.000   EPS6=0.000   LEVELS:  30  31  32  33  34

 PAIRING FACTORS: GN0= 19.20  GN1=  7.40  IPAIR= 15 ***  E2PLUS(INPUT)=   0.730  E2PLUR(INPUT)=   0.000

 CORIOLIS ATTENUATION PARAMETERS:  CHSI=0.000  ETA=  1.00

 MOMENT OF INERTIA PARAMETERS:   A1=  0.231 MEV   A2=  0.061 MEV   A3=  0.25792 MEV


 DELTA=0.896 MEV  LAMBDA=53.2643 MEV   HW0= 7.5651 MEV   LAMBDA/HW0= 7.0408

 E2ENERGY=0.730 MEV  HBAR**2/B=22122./A**(7/3)=3739.6/A**2 MEV

 IREC=0  =>  RECOIL TERMS j+j-, j+j+, jzjz, ETC TREATED AS ONE-BODY OPERATORS WITH UU+VV PAIRING FACTORS



 S. P. LEVEL   EQP       U     V        (UU + VV)**1.00

     30       1.243    0.392 0.920      1.000 0.966 0.938 0.929 0.619
     31       0.922    0.618 0.786      0.966 1.000 0.996 0.993 0.802
     32       0.897    0.687 0.727      0.938 0.996 1.000 1.000 0.853
     33       0.896    0.704 0.710      0.929 0.993 1.000 1.000 0.865
     34       1.771    0.965 0.262      0.619 0.802 0.853 0.865 1.000

  R CORE   ENERGY   A0R/A00=1.000    R3= 0     2  
   2( 1)    0.730                    0.896-0.444
   2( 2)    1.470                    0.444 0.896

  R CORE   ENERGY   A0R/A00=1.000    R3= 0     2  
   3( 1)    2.200                    0.000 1.000

  R CORE   ENERGY   A0R/A00=1.000    R3= 0     2     4  
   4( 1)    1.951                    0.758-0.644 0.105

  R CORE   ENERGY   A0R/A00=1.000    R3= 0     2     4  
   5( 1)    4.390                    0.000 0.896-0.444

  R CORE   ENERGY   A0R/A00=1.000    R3= 0     2     4     6  
   6( 1)    3.659                   -0.687 0.689-0.230 0.024

  R CORE   ENERGY   A0R/A00=1.000    R3= 0     2     4     6  
   7( 1)    7.074                    0.000 0.780-0.607 0.154
 

             ENERGY     K= 1/2
 
 I=  1/2- (1)  4.207  31: 1.000
 
 I=  1/2- (2)  5.196  33: 1.000

             ENERGY     K= 1/2  -3/2
 
 I=  3/2- (1)  4.417  31:-0.682 0.731
 
 I=  3/2- (2)  5.046  31: 0.731 0.682

             ENERGY     K= 5/2   1/2  -3/2
 
 I=  5/2- (1)  5.189  31: 0.248-0.885 0.394
 
 I=  5/2- (2)  5.482  31:-0.041 0.396 0.917

             ENERGY     K= 5/2   1/2  -3/2  -7/2
 
 I=  7/2- (1)  5.386  31:-0.179 0.683-0.690 0.157
 
 I=  7/2- (2)  6.329  33: 0.734-0.651 0.192 0.003

             ENERGY     K= 9/2   5/2   1/2  -3/2  -7/2
 
 I=  9/2- (1)  6.655  31:-0.058 0.395-0.741 0.525-0.129
 
 I=  9/2- (2)  7.213  30: 0.013-0.098-0.784-0.611 0.043

             ENERGY     K= 9/2   5/2   1/2  -3/2  -7/2 -11/2
 
 I= 11/2- (1)  6.854  31: 0.049-0.290 0.646-0.646 0.280-0.036
 
 I= 11/2- (2)  7.897  33: 0.281-0.660 0.635-0.283 0.044 0.002

             ENERGY     K=13/2   9/2   5/2   1/2  -3/2  -7/2 -11/2
 
 I= 13/2- (1)  8.605  31: 0.013-0.135 0.438-0.674 0.536-0.214 0.036
 
 I= 13/2- (2)  9.167  33: 0.057-0.336 0.639-0.602 0.320-0.104 0.019

             ENERGY     K=13/2   9/2   5/2   1/2  -3/2  -7/2 -11/2
  21 LEVELS    TIME=  0.0 SEC



 ******************* EXCITATION ENERGIES, DOMINANT CONFIGURATION AND EXPECTATION VALUES (WITH S.P. UU+VV FACTORS) *******************

  NR  Eex(keV)  I   Kdom  NY    <Jz>  <Jx**2> <Jy**2> <Jz**2> <I.j>/|I|  <Rx**2> <Ry**2> <Rz**2> <R.j>/|R|  <HROTx> <HROTy> <HROTz>

   1    0.0   1/2-   1/2  31   -0.19    4.13    6.74    6.85   -0.23       4.10    7.48    7.29   -4.13      0.947   0.456   1.881
   2  209.8   3/2-   3/2  31   -0.19    4.13    6.74    6.85    0.45       4.26    7.51    7.96   -3.79      0.984   0.458   2.053
   3  838.5   3/2-   1/2  31   -0.19    4.13    6.74    6.85   -0.25       7.08    7.49    7.87   -3.84      1.636   0.457   2.030
   4  981.4   5/2-   1/2  31   -0.19    4.13    6.74    6.85   -0.38       5.64   15.17    7.90   -3.52      1.303   0.925   2.038
   5  989.1   1/2-   1/2  33    1.08    2.47    2.29   14.26    0.46       2.93    2.61   13.43   -4.27      0.678   0.159   3.463
  
   6 1178.6   7/2-   3/2  31   -0.19    4.13    6.74    6.85    0.47       5.88   15.53    8.36   -2.91      1.359   0.947   2.157
   7 1260.4   3/2-   1/2  33    1.08    2.47    2.29   14.26    0.42       3.74    3.96   13.44   -3.96      0.863   0.242   3.467
   8 1274.7   5/2-   3/2  31   -0.19    4.13    6.74    6.85    0.34       8.36    7.79    8.35   -3.38      1.931   0.475   2.154
   9 1551.5   5/2-   5/2  33    1.08    2.47    2.29   14.26    0.79       3.09    5.16   14.86   -3.47      0.714   0.315   3.833
  10 2121.5   7/2-   5/2  33    1.08    2.47    2.29   14.26    0.49       4.02   12.30   14.56   -3.07      0.928   0.750   3.754
  
  11 2447.4   9/2-   1/2  31   -0.19    4.13    6.74    6.85   -0.43       6.57   31.30    8.94   -2.91      1.519   1.909   2.305
  12 2646.8  11/2-   1/2  31   -0.19    4.13    6.74    6.85    0.47       6.97   31.55    9.29   -2.15      1.611   1.924   2.396
  13 2740.0   7/2-   5/2  31   -0.19    4.13    6.74    6.85   -0.28       9.31   14.91   11.50   -3.15      2.150   0.909   2.965
  14 3005.4   9/2-   1/2  30   -0.87   21.15   23.20    2.29    2.66      15.57   26.35    2.96   -4.98      3.599   1.607   0.764
  15 3077.7   9/2-   5/2  33    1.08    2.47    2.29   14.26    0.30       5.02   20.34   15.46   -2.75      1.160   1.240   3.989
  
  16 3689.8  11/2-   5/2  33    1.08    2.47    2.29   14.26    0.36       5.00   29.89   15.59   -2.38      1.156   1.823   4.022
  17 3754.5   1/2-   1/2  30   -0.87   21.15   23.20    2.29   -0.07      18.52   25.58    3.41   -6.78      4.279   1.560   0.880
  18 3757.1  11/2-   3/2  30   -0.87   21.15   23.20    2.29    2.25      16.24   36.27    2.93   -4.45      3.753   2.212   0.756
  19 4397.7  13/2-   1/2  31   -0.19    4.13    6.74    6.85   -0.45       7.64   55.28    9.87   -2.45      1.765   3.371   2.546
  20 4960.0  13/2-   5/2  33    1.08    2.47    2.29   14.26    0.16       6.18   43.01   16.37   -2.21      1.427   2.623   4.221
  
  21 4991.2  13/2-   1/2  30   -0.87   21.15   23.20    2.29    2.35      19.49   38.84    4.20   -3.82      4.504   2.368   1.082
