1SPECTRUM OF (Z= 82 A=207) IN PARTICLE-ROTOR  MODEL WITH MODIFIED OSCILLATOR POTENTIAL


 PARITY=-   EPS= 0.282   GAMMA= 54.5   EPS4=0.000   EPS6=0.000   LEVELS:  29  30  31  32  33

 PAIRING FACTORS: GN0= 19.20  GN1=  7.40  IPAIR= 15 ***  E2PLUS(INPUT)=   0.061  E2PLUR(INPUT)=   0.000

 CORIOLIS ATTENUATION PARAMETERS:  CHSI=0.000  ETA=  1.00

 MOMENT OF INERTIA PARAMETERS:   A1=  0.829 MEV   A2=  0.009 MEV   A3=  0.01129 MEV


 DELTA=0.628 MEV  LAMBDA=53.2616 MEV   HW0= 7.4735 MEV   LAMBDA/HW0= 7.1268

 E2ENERGY=0.061 MEV  HBAR**2/B= 1207./A**(7/3)= 204.1/A**2 MEV

 IREC=0  =>  RECOIL TERMS j+j-, j+j+, jzjz, ETC TREATED AS ONE-BODY OPERATORS WITH UU+VV PAIRING FACTORS



 S. P. LEVEL   EQP       U     V        (UU + VV)**1.00

     29       1.772    0.180 0.984      1.000 1.000 0.990 0.946 0.369
     30       1.574    0.204 0.979      1.000 1.000 0.993 0.954 0.391
     31       1.041    0.318 0.948      0.990 0.993 1.000 0.983 0.497
     32       0.736    0.489 0.872      0.946 0.954 0.983 1.000 0.650
     33       1.641    0.981 0.195      0.369 0.391 0.497 0.650 1.000

  R CORE   ENERGY   A0R/A00=1.000    R3= 0     2  
   2( 1)    0.061                   -0.501 0.865
   2( 2)    3.335                    0.865 0.501

  R CORE   ENERGY   A0R/A00=1.000    R3= 0     2  
   3( 1)    3.396                    0.000 1.000

  R CORE   ENERGY   A0R/A00=1.000    R3= 0     2     4  
   4( 1)    0.203                    0.378-0.561 0.736

  R CORE   ENERGY   A0R/A00=1.000    R3= 0     2     4  
   5( 1)    3.579                    0.000-0.501 0.865

  R CORE   ENERGY   A0R/A00=1.000    R3= 0     2     4     6  
   6( 1)    0.427                   -0.317 0.458-0.498 0.665

  R CORE   ENERGY   A0R/A00=1.000    R3= 0     2     4     6  
   7( 1)    3.843                    0.000 0.314-0.588 0.746
 

             ENERGY     K= 1/2
 
 I=  1/2- (1)  1.639  31: 1.000
 
 I=  1/2- (2)  4.846  30: 1.000

             ENERGY     K= 1/2  -3/2
 
 I=  3/2- (1)  1.695  31:-0.501 0.865
 
 I=  3/2- (2)  2.898  30: 0.866 0.500

             ENERGY     K= 5/2   1/2  -3/2
 
 I=  5/2- (1)  1.703  31: 0.790-0.501 0.353
 
 I=  5/2- (2)  2.730  29: 0.249 0.792 0.558

             ENERGY     K= 5/2   1/2  -3/2  -7/2
 
 I=  7/2- (1)  1.834  31:-0.281 0.378-0.486 0.736
 
 I=  7/2- (2)  2.802  29: 0.625 0.280-0.651-0.328

             ENERGY     K= 9/2   5/2   1/2  -3/2  -7/2
 
 I=  9/2- (1)  1.849  31: 0.699-0.469 0.378-0.308 0.233
 
 I=  9/2- (2)  2.893  29: 0.372 0.502-0.471 0.002 0.622

             ENERGY     K= 9/2   5/2   1/2  -3/2  -7/2 -11/2
 
 I= 11/2- (1)  2.054  31: 0.204-0.265 0.317-0.374 0.454-0.665
 
 I= 11/2- (2)  3.005  29: 0.604-0.157-0.264 0.490-0.381-0.395

             ENERGY     K=13/2   9/2   5/2   1/2  -3/2  -7/2 -11/2
 
 I= 13/2- (1)  1.969  33: 0.015 0.136 0.417 0.649 0.561 0.263 0.055
 
 I= 13/2- (2)  2.076  31: 0.640-0.441 0.367-0.317 0.274-0.231 0.178

             ENERGY     K=13/2   9/2   5/2   1/2  -3/2  -7/2 -11/2
  21 LEVELS    TIME=  0.0 SEC



 ******************* EXCITATION ENERGIES, DOMINANT CONFIGURATION AND EXPECTATION VALUES (WITH S.P. UU+VV FACTORS) *******************

  NR  Eex(keV)  I   Kdom  NY    <Jz>  <Jx**2> <Jy**2> <Jz**2> <I.j>/|I|  <Rx**2> <Ry**2> <Rz**2> <R.j>/|R|  <HROTx> <HROTy> <HROTz>

   1    0.0   1/2-   1/2  31    0.42    0.72    3.58    9.63    0.72       0.56    3.42    9.45   -3.63      0.460   0.031   0.107
   2   56.1   3/2-   3/2  31    0.42    0.72    3.58    9.63   -0.32       0.56    6.16   12.22   -3.35      0.460   0.056   0.138
   3   64.3   5/2-   5/2  31    0.42    0.72    3.58    9.63    0.50       0.56    6.60   12.60   -2.80      0.460   0.060   0.142
   4  195.1   7/2-   7/2  31    0.42    0.72    3.58    9.63   -0.37       0.56   13.05   19.01   -2.70      0.460   0.118   0.215
   5  209.8   9/2-   9/2  31    0.42    0.72    3.58    9.63    0.46       0.56   13.83   19.69   -1.99      0.460   0.125   0.222
  
   6  329.4  13/2-   1/2  33   -0.00   41.95   12.11    9.35    6.03       0.06   15.38   12.58   -4.03      0.047   0.139   0.142
   7  415.2  11/2-  11/2  31    0.42    0.72    3.58    9.63   -0.39       0.56   24.10   29.63   -2.20      0.460   0.218   0.334
   8  436.6  13/2-  13/2  31    0.42    0.72    3.58    9.63    0.45       0.56   25.23   30.62   -1.44      0.460   0.228   0.346
   9 1091.3   5/2-   1/2  29    0.19    5.59    8.14    3.70    1.83       0.99    9.39    4.94   -3.07      0.818   0.085   0.056
  10 1162.4   7/2-   3/2  29    0.19    5.59    8.14    3.70    1.37       0.99   12.91    8.43   -2.54      0.818   0.117   0.095
  
  11 1253.9   9/2-   7/2  29    0.19    5.59    8.14    3.70    1.09       0.99   17.46   12.87   -2.14      0.818   0.158   0.145
  12 1259.2   3/2-   1/2  30   -0.19    2.44    7.59    5.32    0.84       1.42    8.34    6.07   -3.45      1.180   0.076   0.069
  13 1310.0   5/2-   3/2  30   -0.19    2.44    7.59    5.32    0.55       1.42   10.86    8.56   -3.01      1.180   0.098   0.097
  14 1365.6  11/2-   9/2  29    0.19    5.59    8.14    3.70    0.91       0.99   23.05   18.27   -1.84      0.818   0.209   0.206
  15 1381.2   7/2-   5/2  30   -0.19    2.44    7.59    5.32    0.41       1.42   14.37   12.04   -2.60      1.180   0.130   0.136
  
  16 1472.6   9/2-   7/2  30   -0.19    2.44    7.59    5.32    0.33       1.42   18.97   16.44   -2.26      1.180   0.172   0.185
  17 1497.5  13/2-  11/2  29    0.19    5.59    8.14    3.70    0.78       0.99   29.74   24.59   -1.61      0.819   0.269   0.277
  18 1584.3  11/2-  11/2  30   -0.19    2.44    7.59    5.32    0.27       1.42   24.53   21.88   -1.98      1.181   0.222   0.247
  19 3057.6   3/2-   1/2  31    0.42    0.72    3.58    9.63   -0.32       4.22    4.33   10.38   -3.35      3.499   0.039   0.117
  20 3206.6   1/2-   1/2  30   -0.19    2.44    7.59    5.32   -0.84       3.78    8.02    5.76   -3.84      3.134   0.073   0.065
  
  21 3290.6   1/2-   1/2  29    0.19    5.59    8.14    3.70    1.47       3.67    8.21    3.76   -4.09      3.041   0.074   0.042
