1SPECTRUM OF (Z= 82 A=207) IN PARTICLE-ROTOR  MODEL WITH MODIFIED OSCILLATOR POTENTIAL


 PARITY=-   EPS= 0.360   GAMMA= 23.3   EPS4=0.000   EPS6=0.000   LEVELS:  29  30  31  32  33

 PAIRING FACTORS: GN0= 19.20  GN1=  7.40  IPAIR= 15 ***  E2PLUS(INPUT)=   0.730  E2PLUR(INPUT)=   0.000

 CORIOLIS ATTENUATION PARAMETERS:  CHSI=0.000  ETA=  1.00

 MOMENT OF INERTIA PARAMETERS:   A1=  0.187 MEV   A2=  0.068 MEV   A3=  0.42572 MEV


 DELTA=0.913 MEV  LAMBDA=53.2966 MEV   HW0= 7.5239 MEV   LAMBDA/HW0= 7.0837

 E2ENERGY=0.730 MEV  HBAR**2/B=17551./A**(7/3)=2967.0/A**2 MEV

 IREC=0  =>  RECOIL TERMS j+j-, j+j+, jzjz, ETC TREATED AS ONE-BODY OPERATORS WITH UU+VV PAIRING FACTORS



 S. P. LEVEL   EQP       U     V        (UU + VV)**1.00

     29       1.396    0.349 0.937      1.000 0.999 0.970 0.967 0.761
     30       1.298    0.380 0.925      0.999 1.000 0.978 0.975 0.782
     31       0.979    0.565 0.825      0.970 0.978 1.000 1.000 0.895
     32       0.968    0.577 0.817      0.967 0.975 1.000 1.000 0.902
     33       1.074    0.873 0.487      0.761 0.782 0.895 0.902 1.000

  R CORE   ENERGY   A0R/A00=1.000    R3= 0     2  
   2( 1)    0.730                    0.986-0.166
   2( 2)    1.993                    0.166 0.986

  R CORE   ENERGY   A0R/A00=1.000    R3= 0     2  
   3( 1)    2.723                    0.000 1.000

  R CORE   ENERGY   A0R/A00=1.000    R3= 0     2     4  
   4( 1)    2.143                    0.891-0.452 0.028

  R CORE   ENERGY   A0R/A00=1.000    R3= 0     2     4  
   5( 1)    4.913                    0.000 0.986-0.166

  R CORE   ENERGY   A0R/A00=1.000    R3= 0     2     4     6  
   6( 1)    4.063                    0.798-0.595 0.097-0.004

  R CORE   ENERGY   A0R/A00=1.000    R3= 0     2     4     6  
   7( 1)    7.839                    0.000 0.943-0.332 0.030
 

             ENERGY     K= 1/2
 
 I=  1/2- (1)  5.795  29: 1.000
 
 I=  1/2- (2)  6.410  30: 1.000

             ENERGY     K= 1/2  -3/2
 
 I=  3/2- (1)  4.861  30:-0.063 0.998
 
 I=  3/2- (2)  5.029  29:-0.209 0.978

             ENERGY     K= 5/2   1/2  -3/2
 
 I=  5/2- (1)  5.224  31: 0.998-0.056-0.011
 
 I=  5/2- (2)  5.481  30: 0.019-0.114 0.993

             ENERGY     K= 5/2   1/2  -3/2  -7/2
 
 I=  7/2- (1)  6.068  31: 0.990-0.136 0.026 0.003
 
 I=  7/2- (2)  6.168  29: 0.003-0.421 0.895-0.146

             ENERGY     K= 9/2   5/2   1/2  -3/2  -7/2
 
 I=  9/2- (1)  6.359  31: 0.913-0.403 0.062 0.005-0.006
 
 I=  9/2- (2)  6.614  32: 0.004-0.106-0.754-0.649 0.008

             ENERGY     K= 9/2   5/2   1/2  -3/2  -7/2 -11/2
 
 I= 11/2- (1)  7.425  31: 0.807-0.572 0.147-0.032 0.008 0.002
 
 I= 11/2- (2)  7.577  32: 0.009-0.192-0.538 0.821 0.002-0.003

             ENERGY     K=13/2   9/2   5/2   1/2  -3/2  -7/2 -11/2
 
 I= 13/2- (1)  8.282  32: 0.000-0.020 0.045 0.780 0.617-0.094 0.001
 
 I= 13/2- (2)  8.603  31: 0.155-0.763 0.607-0.162 0.004 0.007 0.002

             ENERGY     K=13/2   9/2   5/2   1/2  -3/2  -7/2 -11/2
  21 LEVELS    TIME=  0.0 SEC



 ******************* EXCITATION ENERGIES, DOMINANT CONFIGURATION AND EXPECTATION VALUES (WITH S.P. UU+VV FACTORS) *******************

  NR  Eex(keV)  I   Kdom  NY    <Jz>  <Jx**2> <Jy**2> <Jz**2> <I.j>/|I|  <Rx**2> <Ry**2> <Rz**2> <R.j>/|R|  <HROTx> <HROTy> <HROTz>

   1    0.0   3/2-   3/2  30   -1.51    2.95    2.94    8.44    1.16       3.56    3.85    6.19   -3.28      0.666   0.261   2.636
   2  168.2   3/2-   3/2  29   -1.02    4.16    4.76    6.46    0.88       4.33    5.65    5.73   -3.45      0.810   0.383   2.440
   3  362.7   5/2-   5/2  31    2.90    2.51    1.73   16.10    2.44       3.59    3.15    7.89   -3.43      0.673   0.213   3.359
   4  619.7   5/2-   3/2  30   -1.51    2.95    2.94    8.44    0.76       5.80    6.52    6.23   -2.80      1.087   0.441   2.654
   5  860.9   5/2-   3/2  29   -1.02    4.16    4.76    6.46    0.55       7.42    7.82    5.65   -3.01      1.390   0.529   2.406
  
   6  933.3   1/2-   1/2  29   -1.02    4.16    4.76    6.46   -0.52       3.97    5.32    7.74   -3.84      0.743   0.360   3.295
   7 1206.9   7/2-   5/2  31    2.90    2.51    1.73   16.10    1.81       6.34    7.41    7.99   -2.82      1.187   0.502   3.400
   8 1306.8   7/2-   3/2  29   -1.02    4.16    4.76    6.47    0.57       6.48   13.96    6.14   -2.54      1.214   0.945   2.613
   9 1306.8   7/2-   3/2  30   -1.51    2.95    2.94    8.44    0.63       5.86   12.28    6.91   -2.36      1.097   0.831   2.942
  10 1497.4   9/2-   9/2  31    2.90    2.51    1.73   16.10    2.42       3.45    7.62    9.90   -1.81      0.647   0.516   4.217
  
  11 1548.6   1/2-   1/2  30   -1.51    2.95    2.94    8.44   -0.65       3.03    2.97   10.20   -3.70      0.568   0.201   4.342
  12 1562.8   3/2-   1/2  29   -1.02    4.16    4.76    6.46   -0.42       7.39    5.73    7.65   -3.55      1.384   0.388   3.256
  13 1753.0   9/2-   1/2  32   -0.94   21.71   25.99    2.33    3.05      13.38   28.21    2.89   -5.23      2.506   1.910   1.231
  14 2157.7   9/2-   3/2  30   -1.51    2.95    2.94    8.44    0.59       6.90   18.88    7.40   -1.98      1.292   1.278   3.150
  15 2551.1   1/2-   1/2  31    2.90    2.51    1.73   16.10    1.43       2.97    2.20   13.46   -4.43      0.556   0.149   5.729
  
  16 2564.2  11/2-   9/2  31    2.90    2.51    1.73   16.10    1.83       5.86   18.74    9.58   -1.61      1.098   1.269   4.080
  17 2715.8  11/2-   3/2  32   -0.94   21.71   25.99    2.33    2.47      15.33   38.24    2.70   -4.70      2.872   2.589   1.148
  18 2980.5  11/2-   3/2  29   -1.02    4.16    4.76    6.46    0.49       8.12   30.38    6.74   -1.85      1.521   2.057   2.867
  19 3420.8  13/2-   1/2  32   -0.94   21.71   25.99    2.33    2.97      19.95   34.46    2.92   -3.87      3.737   2.333   1.244
  20 3742.2  13/2-   9/2  31    2.90    2.51    1.73   16.10    1.53       7.63   30.32    9.73   -1.40      1.430   2.053   4.142
  
  21 4198.5  13/2-   3/2  30   -1.51    2.95    2.94    8.44    0.46       8.66   39.95    8.07   -1.48      1.623   2.704   3.435
