1SPECTRUM OF (Z= 82 A=207) IN PARTICLE-ROTOR  MODEL WITH MODIFIED OSCILLATOR POTENTIAL


 PARITY=-   EPS= 0.237   GAMMA= 40.0   EPS4=0.000   EPS6=0.000   LEVELS:  30  31  32  33  34

 PAIRING FACTORS: GN0= 19.20  GN1=  7.40  IPAIR= 15 ***  E2PLUS(INPUT)=   0.803  E2PLUR(INPUT)=   0.000

 CORIOLIS ATTENUATION PARAMETERS:  CHSI=0.000  ETA=  1.00

 MOMENT OF INERTIA PARAMETERS:   A1=  0.677 MEV   A2=  0.082 MEV   A3=  0.19160 MEV


 DELTA=0.850 MEV  LAMBDA=53.4187 MEV   HW0= 7.4565 MEV   LAMBDA/HW0= 7.1641

 E2ENERGY=0.803 MEV  HBAR**2/B= 9017./A**(7/3)=1524.2/A**2 MEV

 IREC=0  =>  RECOIL TERMS j+j-, j+j+, jzjz, ETC TREATED AS ONE-BODY OPERATORS WITH UU+VV PAIRING FACTORS



 S. P. LEVEL   EQP       U     V        (UU + VV)**1.00

     30       2.251    0.192 0.981      1.000 0.984 0.791 0.749 0.505
     31       1.251    0.365 0.931      0.984 1.000 0.887 0.855 0.651
     32       0.858    0.753 0.658      0.791 0.887 1.000 0.998 0.928
     33       0.881    0.794 0.607      0.749 0.855 0.998 1.000 0.950
     34       1.365    0.944 0.330      0.505 0.651 0.928 0.950 1.000

  R CORE   ENERGY   A0R/A00=1.000    R3= 0     2  
   2( 1)    0.803                   -0.574 0.819
   2( 2)    2.997                    0.819 0.574

  R CORE   ENERGY   A0R/A00=1.000    R3= 0     2  
   3( 1)    3.800                    0.000 1.000

  R CORE   ENERGY   A0R/A00=1.000    R3= 0     2     4  
   4( 1)    2.504                   -0.531 0.676-0.512

  R CORE   ENERGY   A0R/A00=1.000    R3= 0     2     4  
   5( 1)    6.209                    0.000-0.574 0.819

  R CORE   ENERGY   A0R/A00=1.000    R3= 0     2     4     6  
   6( 1)    4.873                   -0.513 0.658-0.481 0.270

  R CORE   ENERGY   A0R/A00=1.000    R3= 0     2     4     6  
   7( 1)    9.562                    0.000-0.425 0.665-0.615
 

             ENERGY     K= 1/2
 
 I=  1/2- (1)  3.538  33: 1.000
 
 I=  1/2- (2)  3.793  31: 1.000

             ENERGY     K= 1/2  -3/2
 
 I=  3/2- (1)  3.337  33: 0.697 0.717
 
 I=  3/2- (2)  3.796  33: 0.717-0.697

             ENERGY     K= 5/2   1/2  -3/2
 
 I=  5/2- (1)  3.722  33:-0.096-0.549 0.830
 
 I=  5/2- (2)  4.628  31: 0.743-0.574 0.344

             ENERGY     K= 5/2   1/2  -3/2  -7/2
 
 I=  7/2- (1)  4.980  33: 0.560-0.471 0.027 0.681
 
 I=  7/2- (2)  5.257  33:-0.326 0.469-0.544 0.614

             ENERGY     K= 9/2   5/2   1/2  -3/2  -7/2
 
 I=  9/2- (1)  5.264  33:-0.046-0.232 0.499-0.633 0.543
 
 I=  9/2- (2)  6.354  31:-0.479 0.559-0.532 0.380-0.176

             ENERGY     K= 9/2   5/2   1/2  -3/2  -7/2 -11/2
 
 I= 11/2- (1)  5.023  32: 0.085 0.385 0.690 0.570 0.208 0.023
 
 I= 11/2- (2)  7.271  34:-0.420 0.561-0.549 0.407-0.205 0.022

             ENERGY     K=13/2   9/2   5/2   1/2  -3/2  -7/2 -11/2
 
 I= 13/2- (1)  6.757  32: 0.038 0.302 0.596 0.197-0.502-0.493-0.134
 
 I= 13/2- (2)  7.551  33: 0.023 0.108-0.294 0.470-0.556 0.508-0.337

             ENERGY     K=13/2   9/2   5/2   1/2  -3/2  -7/2 -11/2
  21 LEVELS    TIME=  0.0 SEC



 ******************* EXCITATION ENERGIES, DOMINANT CONFIGURATION AND EXPECTATION VALUES (WITH S.P. UU+VV FACTORS) *******************

  NR  Eex(keV)  I   Kdom  NY    <Jz>  <Jx**2> <Jy**2> <Jz**2> <I.j>/|I|  <Rx**2> <Ry**2> <Rz**2> <R.j>/|R|  <HROTx> <HROTy> <HROTz>

   1    0.0   3/2-   3/2  33   -0.49    1.36    7.70    2.14    0.62       1.87    7.78    2.90   -2.82      1.265   0.635   0.556
   2  201.4   1/2-   1/2  33   -0.49    1.36    7.70    2.14   -0.40       2.20    7.57    2.88   -3.25      1.489   0.618   0.551
   3  385.0   5/2-   3/2  33   -0.49    1.36    7.70    2.14    0.55       1.93   11.80    2.99   -2.34      1.306   0.963   0.572
   4  456.4   1/2-   1/2  31    0.44    1.60    1.77    7.80    0.76       1.41    1.58    7.61   -3.23      0.955   0.129   1.459
   5  459.4   3/2-   1/2  33   -0.49    1.36    7.70    2.14   -0.26       2.17   10.89    2.90   -2.93      1.471   0.889   0.556
  
   6  748.2   1/2-   1/2  34    0.51    1.18    2.29    6.74   -0.17       1.83    2.95    6.48   -3.09      1.238   0.241   1.242
   7  954.4   3/2-   1/2  34    0.51    1.18    2.29    6.74    0.53       2.07    3.29    6.58   -2.66      1.398   0.268   1.260
   8 1291.3   5/2-   5/2  31    0.44    1.60    1.77    7.80    0.52       1.44    4.98   10.40   -2.35      0.977   0.407   1.994
   9 1634.9   5/2-   5/2  34    0.51    1.18    2.29    6.74    0.39       1.91    4.67   10.07   -2.22      1.295   0.382   1.930
  10 1643.1   7/2-   7/2  33   -0.49    1.36    7.70    2.14    0.35       1.89   13.16    9.13   -2.00      1.277   1.074   1.749
  
  11 1686.3  11/2-   1/2  32    0.00   54.21    5.55    2.43    6.75       3.73    8.61    4.89   -5.26      2.525   0.703   0.938
  12 1920.4   7/2-   7/2  33   -0.49    1.36    7.70    2.14   -0.15       2.24   19.08    6.80   -2.22      1.517   1.557   1.302
  13 1927.4   9/2-   3/2  33   -0.49    1.36    7.70    2.14    0.48       2.03   23.34    5.76   -1.58      1.374   1.905   1.104
  14 2036.9   7/2-   5/2  34    0.51    1.18    2.29    6.74    0.48       2.07   11.23    8.84   -1.76      1.398   0.917   1.693
  15 3017.5   9/2-   5/2  31    0.44    1.60    1.77    7.80    0.49       1.77   15.52   13.75   -1.57      1.201   1.267   2.635
  
  16 3419.7  13/2-   5/2  32    0.00   54.21    5.55    2.43    5.77       3.78   15.92   10.66   -3.97      2.557   1.300   2.042
  17 3671.5   9/2-   9/2  34    0.51    1.18    2.29    6.74   -0.14       1.99   20.75   13.60   -1.81      1.344   1.694   2.606
  18 3934.4  11/2-   5/2  34    0.51    1.18    2.29    6.74    0.46       2.18   26.38   11.89   -1.17      1.475   2.153   2.277
  19 4031.4  11/2-   1/2  33   -0.49    1.36    7.70    2.14   -0.31       2.25   39.16    9.23   -1.83      1.522   3.197   1.769
  20 4214.5  13/2-   3/2  33   -0.49    1.36    7.70    2.14    0.46       2.25   42.60    8.71   -1.09      1.524   3.477   1.670
  
  21 5407.5  13/2-   5/2  31    0.44    1.60    1.77    7.80    0.48       2.37   35.11   15.78   -1.07      1.603   2.866   3.024
