1SPECTRUM OF (Z= 82 A=207) IN PARTICLE-ROTOR  MODEL WITH MODIFIED OSCILLATOR POTENTIAL


 PARITY=-   EPS= 0.190   GAMMA= 38.9   EPS4=0.000   EPS6=0.000   LEVELS:  31  32  33  34  35

 PAIRING FACTORS: GN0= 19.20  GN1=  7.40  IPAIR= 15 ***  E2PLUS(INPUT)=   0.730  E2PLUR(INPUT)=   0.000

 CORIOLIS ATTENUATION PARAMETERS:  CHSI=0.000  ETA=  1.00

 MOMENT OF INERTIA PARAMETERS:   A1=  0.543 MEV   A2=  0.072 MEV   A3=  0.17800 MEV


 DELTA=0.741 MEV  LAMBDA=53.4422 MEV   HW0= 7.4403 MEV   LAMBDA/HW0= 7.1828

 E2ENERGY=0.730 MEV  HBAR**2/B= 5142./A**(7/3)= 869.3/A**2 MEV

 IREC=0  =>  RECOIL TERMS j+j-, j+j+, jzjz, ETC TREATED AS ONE-BODY OPERATORS WITH UU+VV PAIRING FACTORS



 S. P. LEVEL   EQP       U     V        (UU + VV)**1.00

     31       1.492    0.257 0.966      1.000 0.970 0.764 0.587 0.425
     32       0.877    0.483 0.876      0.970 1.000 0.897 0.765 0.631
     33       0.790    0.820 0.573      0.764 0.897 1.000 0.971 0.908
     34       1.105    0.933 0.360      0.587 0.765 0.971 1.000 0.982
     35       2.121    0.984 0.178      0.425 0.631 0.908 0.982 1.000

  R CORE   ENERGY   A0R/A00=1.000    R3= 0     2  
   2( 1)    0.730                   -0.591 0.807
   2( 2)    2.442                    0.807 0.591

  R CORE   ENERGY   A0R/A00=1.000    R3= 0     2  
   3( 1)    3.172                    0.000 1.000

  R CORE   ENERGY   A0R/A00=1.000    R3= 0     2     4  
   4( 1)    2.237                   -0.556 0.688-0.466

  R CORE   ENERGY   A0R/A00=1.000    R3= 0     2     4  
   5( 1)    5.362                    0.000-0.591 0.807

  R CORE   ENERGY   A0R/A00=1.000    R3= 0     2     4     6  
   6( 1)    4.310                   -0.533 0.671-0.464 0.225

  R CORE   ENERGY   A0R/A00=1.000    R3= 0     2     4     6  
   7( 1)    8.378                    0.000-0.449 0.677-0.583
 

             ENERGY     K= 1/2
 
 I=  1/2- (1)  3.000  32: 1.000
 
 I=  1/2- (2)  3.073  33: 1.000

             ENERGY     K= 1/2  -3/2
 
 I=  3/2- (1)  2.918  32: 0.565 0.825
 
 I=  3/2- (2)  3.157  33: 0.999-0.052

             ENERGY     K= 5/2   1/2  -3/2
 
 I=  5/2- (1)  3.223  32:-0.037-0.564 0.825
 
 I=  5/2- (2)  3.794  33: 0.965-0.175-0.198

             ENERGY     K= 5/2   1/2  -3/2  -7/2
 
 I=  7/2- (1)  4.113  33: 0.660-0.650 0.376-0.012
 
 I=  7/2- (2)  4.413  32: 0.404-0.285-0.172 0.852

             ENERGY     K= 9/2   5/2   1/2  -3/2  -7/2
 
 I=  9/2- (1)  4.568  32:-0.018-0.242 0.509-0.636 0.526
 
 I=  9/2- (2)  5.634  31:-0.416 0.570-0.566 0.394-0.160

             ENERGY     K= 9/2   5/2   1/2  -3/2  -7/2 -11/2
 
 I= 11/2- (1)  4.659  34: 0.082 0.383 0.693 0.570 0.204 0.021
 
 I= 11/2- (2)  5.788  33:-0.412 0.572-0.560 0.397-0.178 0.004

             ENERGY     K=13/2   9/2   5/2   1/2  -3/2  -7/2 -11/2
 
 I= 13/2- (1)  5.570  35: 0.004 0.083 0.381 0.694 0.570 0.203 0.024
 
 I= 13/2- (2)  6.237  34: 0.036 0.296 0.598 0.200-0.507-0.490-0.129

             ENERGY     K=13/2   9/2   5/2   1/2  -3/2  -7/2 -11/2
  21 LEVELS    TIME=  0.0 SEC



 ******************* EXCITATION ENERGIES, DOMINANT CONFIGURATION AND EXPECTATION VALUES (WITH S.P. UU+VV FACTORS) *******************

  NR  Eex(keV)  I   Kdom  NY    <Jz>  <Jx**2> <Jy**2> <Jz**2> <I.j>/|I|  <Rx**2> <Ry**2> <Rz**2> <R.j>/|R|  <HROTx> <HROTy> <HROTz>

   1    0.0   3/2-   3/2  32   -0.53    1.32    7.07    1.95    0.67       1.98    6.89    2.64   -2.67      1.075   0.496   0.471
   2   81.8   1/2-   1/2  32   -0.53    1.32    7.07    1.95   -0.36       2.10    6.86    2.74   -3.11      1.142   0.494   0.487
   3  154.7   1/2-   1/2  33    0.59    1.23    2.08    6.14   -0.18       1.94    2.77    5.80   -2.96      1.051   0.200   1.032
   4  239.3   3/2-   1/2  33    0.59    1.23    2.08    6.14    0.62       2.07    2.94    5.81   -2.51      1.122   0.211   1.035
   5  305.1   5/2-   3/2  32   -0.53    1.32    7.07    1.95    0.59       2.00   10.97    2.66   -2.18      1.084   0.790   0.473
  
   6  332.4   3/2-   1/2  32   -0.53    1.32    7.07    1.95   -0.35       2.07   10.67    2.69   -2.80      1.126   0.768   0.479
   7  411.9   1/2-   1/2  31    0.35    1.60    1.40    5.81    0.76       1.36    1.19    5.71   -2.84      0.736   0.085   1.016
   8  875.9   5/2-   5/2  33    0.59    1.23    2.08    6.14    0.57       2.01    3.45    9.36   -2.02      1.091   0.248   1.665
   9 1191.0   5/2-   5/2  31    0.35    1.60    1.40    5.81    0.51       1.42    4.67    8.48   -1.92      0.771   0.336   1.509
  10 1195.5   7/2-   5/2  33    0.59    1.23    2.08    6.14    0.55       2.07   10.77    8.00   -1.59      1.124   0.775   1.425
  
  11 1495.4   7/2-   7/2  32   -0.53    1.32    7.07    1.95    0.56       2.03    9.93    9.67   -1.74      1.100   0.715   1.722
  12 1649.7   9/2-   3/2  32   -0.53    1.32    7.07    1.95    0.54       2.10   22.35    5.30   -1.41      1.138   1.609   0.944
  13 1651.3   7/2-   1/2  32   -0.53    1.32    7.07    1.95   -0.38       2.16   21.52    5.46   -2.20      1.172   1.549   0.971
  14 1741.4  11/2-   1/2  34    0.00   54.67    5.49    2.48    6.78       3.80    8.61    4.90   -5.31      2.062   0.619   0.873
  15 2652.3  13/2-   1/2  35   -0.02   39.60   16.13    6.78    5.80       0.62   20.46    9.21   -4.00      0.338   1.473   1.638
  
  16 2716.4   9/2-   5/2  31    0.35    1.60    1.40    5.81    0.48       1.91   15.76   11.08   -1.19      1.035   1.134   1.972
  17 2770.2   9/2-   9/2  33    0.59    1.23    2.08    6.14   -0.05       2.13   19.34   13.20   -1.64      1.157   1.392   2.350
  18 2869.9  11/2-   5/2  33    0.59    1.23    2.08    6.14    0.52       2.23   25.94   10.80   -1.01      1.209   1.867   1.923
  19 3319.0  13/2-   5/2  34    0.00   54.67    5.49    2.48    5.79       3.86   16.05   10.56   -4.02      2.097   1.155   1.880
  20 3628.6  11/2-   1/2  32   -0.53    1.32    7.07    1.95   -0.42       2.41   40.66    8.06   -1.80      1.308   2.927   1.435
  
  21 3653.8  13/2-   3/2  32   -0.53    1.32    7.07    1.95    0.51       2.37   41.57    7.96   -0.94      1.286   2.992   1.417
