1SPECTRUM OF (Z= 82 A=207) IN PARTICLE-ROTOR  MODEL WITH MODIFIED OSCILLATOR POTENTIAL


 PARITY=-   EPS= 0.303   GAMMA= 51.0   EPS4=0.000   EPS6=0.000   LEVELS:  30  31  32  33  34

 PAIRING FACTORS: GN0= 19.20  GN1=  7.40  IPAIR= 15 ***  E2PLUS(INPUT)=   0.730  E2PLUR(INPUT)=   0.000

 CORIOLIS ATTENUATION PARAMETERS:  CHSI=0.000  ETA=  1.00

 MOMENT OF INERTIA PARAMETERS:   A1=  3.549 MEV   A2=  0.100 MEV   A3=  0.14382 MEV


 DELTA=0.688 MEV  LAMBDA=53.2234 MEV   HW0= 7.4833 MEV   LAMBDA/HW0= 7.1122

 E2ENERGY=0.730 MEV  HBAR**2/B=16170./A**(7/3)=2733.6/A**2 MEV

 IREC=0  =>  RECOIL TERMS j+j-, j+j+, jzjz, ETC TREATED AS ONE-BODY OPERATORS WITH UU+VV PAIRING FACTORS



 S. P. LEVEL   EQP       U     V        (UU + VV)**1.00

     30       1.408    0.253 0.968      1.000 0.988 0.970 0.470 0.417
     31       0.946    0.396 0.918      0.988 1.000 0.996 0.598 0.550
     32       0.818    0.480 0.877      0.970 0.996 1.000 0.670 0.625
     33       1.528    0.973 0.232      0.470 0.598 0.670 1.000 0.998
     34       2.014    0.985 0.174      0.417 0.550 0.625 0.998 1.000

  R CORE   ENERGY   A0R/A00=1.000    R3= 0     2  
   2( 1)    0.730                   -0.505 0.863
   2( 2)   14.441                    0.863 0.505

  R CORE   ENERGY   A0R/A00=1.000    R3= 0     2  
   3( 1)   15.171                    0.000 1.000

  R CORE   ENERGY   A0R/A00=1.000    R3= 0     2     4  
   4( 1)    2.428                    0.387-0.570 0.725

  R CORE   ENERGY   A0R/A00=1.000    R3= 0     2     4  
   5( 1)   17.361                    0.000-0.505 0.863

  R CORE   ENERGY   A0R/A00=1.000    R3= 0     2     4     6  
   6( 1)    5.083                   -0.333 0.477-0.503 0.639

  R CORE   ENERGY   A0R/A00=1.000    R3= 0     2     4     6  
   7( 1)   20.521                    0.000 0.320-0.593 0.739
 

             ENERGY     K= 1/2
 
 I=  1/2- (1)  6.059  32: 1.000
 
 I=  1/2- (2) 12.543  34: 1.000

             ENERGY     K= 1/2  -3/2
 
 I=  3/2- (1)  6.719  32:-0.505 0.863
 
 I=  3/2- (2)  8.324  34: 0.854 0.520

             ENERGY     K= 5/2   1/2  -3/2
 
 I=  5/2- (1)  6.837  32: 0.788-0.505 0.353
 
 I=  5/2- (2)  8.912  34:-0.502-0.387 0.774

             ENERGY     K= 5/2   1/2  -3/2  -7/2
 
 I=  7/2- (1)  8.369  32:-0.287 0.388-0.493 0.724
 
 I=  7/2- (2)  9.781  34: 0.637-0.475 0.108 0.597

             ENERGY     K= 9/2   5/2   1/2  -3/2  -7/2
 
 I=  9/2- (1)  8.582  32: 0.687-0.476 0.387-0.313 0.232
 
 I=  9/2- (2) 10.785  34:-0.466-0.059 0.357-0.543 0.597

             ENERGY     K= 9/2   5/2   1/2  -3/2  -7/2 -11/2
 
 I= 11/2- (1) 10.976  32: 0.211-0.279 0.335-0.389 0.457-0.637
 
 I= 11/2- (2) 12.215  34: 0.500-0.485 0.370-0.180-0.094 0.580

             ENERGY     K=13/2   9/2   5/2   1/2  -3/2  -7/2 -11/2
 
 I= 13/2- (1)  5.485  33: 0.014 0.131 0.414 0.653 0.562 0.257 0.052
 
 I= 13/2- (2) 11.284  32: 0.614-0.444 0.381-0.333 0.287-0.236 0.176

             ENERGY     K=13/2   9/2   5/2   1/2  -3/2  -7/2 -11/2
  21 LEVELS    TIME=  0.0 SEC



 ******************* EXCITATION ENERGIES, DOMINANT CONFIGURATION AND EXPECTATION VALUES (WITH S.P. UU+VV FACTORS) *******************

  NR  Eex(keV)  I   Kdom  NY    <Jz>  <Jx**2> <Jy**2> <Jz**2> <I.j>/|I|  <Rx**2> <Ry**2> <Rz**2> <R.j>/|R|  <HROTx> <HROTy> <HROTz>

   1    0.0  13/2-   1/2  33   -0.00   41.32   13.19    8.45    5.97       0.18   16.55   11.59   -4.00      0.640   1.650   1.667
   2  574.8   1/2-   1/2  32    0.41    1.09    2.83   10.51    0.67       0.98    2.69   10.35   -3.70      3.485   0.268   1.489
   3 1234.0   3/2-   3/2  32    0.41    1.09    2.83   10.51   -0.32       0.98    5.38   13.07   -3.42      3.485   0.536   1.879
   4 1352.0   5/2-   5/2  32    0.41    1.09    2.83   10.51    0.47       0.98    5.93   13.51   -2.89      3.485   0.591   1.943
   5 2839.1   3/2-   1/2  34   -0.36    1.56    8.18    2.53    0.64       1.40    8.87    3.29   -3.00      4.953   0.884   0.473
  
   6 2884.9   7/2-   7/2  32    0.41    1.09    2.83   10.51   -0.36       0.98   12.43   19.61   -2.76      3.492   1.239   2.821
   7 3097.5   9/2-   9/2  32    0.41    1.09    2.83   10.51    0.44       0.98   13.43   20.41   -2.08      3.492   1.338   2.935
   8 3427.1   5/2-   3/2  34   -0.36    1.56    8.18    2.53    0.45       1.40   11.61    5.34   -2.55      4.972   1.157   0.768
   9 4296.8   7/2-   5/2  34   -0.36    1.56    8.18    2.53    0.33       1.40   14.62    9.42   -2.18      4.956   1.457   1.354
  10 5300.3   9/2-   7/2  34   -0.36    1.56    8.18    2.53    0.33       1.42   20.79   11.55   -1.83      5.038   2.072   1.662
  
  11 5491.6  11/2-  11/2  32    0.41    1.09    2.83   10.51   -0.37       0.99   24.28   29.35   -2.25      3.517   2.420   4.221
  12 5799.4  13/2-  13/2  32    0.41    1.09    2.83   10.51    0.43       0.99   25.73   30.50   -1.51      3.516   2.564   4.387
  13 6730.0  11/2-  11/2  34   -0.36    1.56    8.18    2.53    0.22       1.40   24.68   19.35   -1.63      4.958   2.460   2.783
  14 7058.8   1/2-   1/2  34   -0.36    1.56    8.18    2.53   -0.50       2.61    8.13    3.14   -3.41      9.268   0.810   0.452
  15 7360.0   3/2-   3/2  34   -0.36    1.56    8.18    2.53   -0.19       2.61   10.60    3.54   -3.09      9.266   1.057   0.509
  
  16 8062.8  13/2-   7/2  34   -0.36    1.56    8.18    2.53    0.30       1.46   36.04   19.31   -1.35      5.165   3.592   2.777
  17 8099.9   5/2-   5/2  34   -0.36    1.56    8.18    2.53   -0.21       2.61   11.35    8.30   -2.73      9.247   1.131   1.193
  18 8778.4   7/2-   7/2  34   -0.36    1.56    8.18    2.53   -0.09       2.61   17.52    8.62   -2.36      9.264   1.746   1.240
  1910162.8   9/2-   9/2  34   -0.36    1.56    8.18    2.53   -0.20       2.59   17.73   18.65   -2.12      9.185   1.767   2.682
  2010875.5  11/2-   1/2  31    0.00   55.60    4.57    3.04    6.85       3.90    7.35    5.76   -5.39     13.854   0.732   0.828
  
  2111094.9   1/2-   1/2  30   -0.30    3.02    7.33    5.79   -0.63       3.80    7.85    6.34   -3.94     13.477   0.782   0.912
