1SPECTRUM OF (Z= 82 A=207) IN PARTICLE-ROTOR  MODEL WITH MODIFIED OSCILLATOR POTENTIAL


 PARITY=-   EPS= 0.190   GAMMA=  1.6   EPS4=0.000   EPS6=0.000   LEVELS:  29  30  31  32  33

 PAIRING FACTORS: GN0= 19.20  GN1=  7.40  IPAIR= 15 ***  E2PLUS(INPUT)=   0.730  E2PLUR(INPUT)=   0.000

 CORIOLIS ATTENUATION PARAMETERS:  CHSI=0.000  ETA=  1.00

 MOMENT OF INERTIA PARAMETERS:   A1=  0.126 MEV   A2=  0.118 MEV   A3=113.70971 MEV


 DELTA=0.927 MEV  LAMBDA=53.4725 MEV   HW0= 7.4421 MEV   LAMBDA/HW0= 7.1851

 E2ENERGY=0.730 MEV  HBAR**2/B= 6669./A**(7/3)=1127.4/A**2 MEV

 IREC=0  =>  RECOIL TERMS j+j-, j+j+, jzjz, ETC TREATED AS ONE-BODY OPERATORS WITH UU+VV PAIRING FACTORS



 S. P. LEVEL   EQP       U     V        (UU + VV)**1.00

     29       2.264    0.210 0.978      1.000 1.000 1.000 0.824 0.732
     30       2.186    0.217 0.976      1.000 1.000 1.000 0.828 0.737
     31       2.000    0.239 0.971      1.000 1.000 1.000 0.841 0.752
     32       0.929    0.727 0.687      0.824 0.828 0.841 1.000 0.989
     33       0.988    0.820 0.573      0.732 0.737 0.752 0.989 1.000

  R CORE   ENERGY   A0R/A00=1.000    R3= 0     2  
   2( 1)    0.730                    1.000-0.000
   2( 2)  455.082                    0.000 1.000

  R CORE   ENERGY   A0R/A00=1.000    R3= 0     2  
   3( 1)  455.812                    0.000 1.000

  R CORE   ENERGY   A0R/A00=1.000    R3= 0     2     4  
   4( 1)    2.433                    1.000-0.000 0.000

  R CORE   ENERGY   A0R/A00=1.000    R3= 0     2     4  
   5( 1)  458.002                    0.000 1.000-0.000

  R CORE   ENERGY   A0R/A00=1.000    R3= 0     2     4     6  
   6( 1)    5.110                    1.000-0.000 0.000-0.000

  R CORE   ENERGY   A0R/A00=1.000    R3= 0     2     4     6  
   7( 1)  461.165                    0.000 1.000-0.000 0.000
 

             ENERGY     K= 1/2
 
 I=  1/2- (1) 34.453  30: 1.000
 
 I=  1/2- (2)427.614  31: 1.000

             ENERGY     K= 1/2  -3/2
 
 I=  3/2- (1)  4.234  32:-0.000 1.000
 
 I=  3/2- (2) 34.334  31: 0.000 1.000

             ENERGY     K= 5/2   1/2  -3/2
 
 I=  5/2- (1)  4.842  32: 0.000-0.000 1.000
 
 I=  5/2- (2)  6.030  33: 1.000-0.000-0.000

             ENERGY     K= 5/2   1/2  -3/2  -7/2
 
 I=  7/2- (1)  5.694  32: 0.000 0.000-1.000 0.000
 
 I=  7/2- (2)  6.882  33: 1.000-0.000 0.000 0.000

             ENERGY     K= 9/2   5/2   1/2  -3/2  -7/2
 
 I=  9/2- (1)  3.569  29: 1.000-0.000 0.000-0.000 0.000
 
 I=  9/2- (2)  6.789  32: 0.000-0.000 0.000-1.000 0.000

             ENERGY     K= 9/2   5/2   1/2  -3/2  -7/2 -11/2
 
 I= 11/2- (1)  4.908  29: 1.000-0.000 0.000-0.000 0.000 0.000
 
 I= 11/2- (2)  8.127  32:-0.000 0.000 0.000-1.000 0.000 0.000

             ENERGY     K=13/2   9/2   5/2   1/2  -3/2  -7/2 -11/2
 
 I= 13/2- (1)  6.489  29:-0.000 1.000-0.000 0.000-0.000 0.000 0.000
 
 I= 13/2- (2)  9.709  32:-0.000 0.000-0.000 0.000-1.000 0.000-0.000

             ENERGY     K=13/2   9/2   5/2   1/2  -3/2  -7/2 -11/2
  21 LEVELS    TIME=  0.0 SEC



 ******************* EXCITATION ENERGIES, DOMINANT CONFIGURATION AND EXPECTATION VALUES (WITH S.P. UU+VV FACTORS) *******************

  NR  Eex(keV)  I   Kdom  NY    <Jz>  <Jx**2> <Jy**2> <Jz**2> <I.j>/|I|  <Rx**2> <Ry**2> <Rz**2> <R.j>/|R|  <HROTx> <HROTy> <HROTz>

   1    0.0   9/2-   9/2  29    4.50    2.28    2.27   20.24    4.07       4.53    4.52    0.00   -1.51      0.569   0.532   0.207
   2  664.6   3/2-   3/2  32   -1.49    1.69    1.54    2.25    1.15       2.44    2.29    0.02   -1.49      0.306   0.269   2.729
   3 1272.9   5/2-   3/2  32   -1.49    1.69    1.54    2.25    0.76       4.94    4.79    0.02   -1.04      0.620   0.564   2.729
   4 1338.3  11/2-   9/2  29    4.50    2.28    2.27   20.24    3.39      10.03   10.02    0.00   -1.01      1.260   1.179   0.207
   5 2124.6   7/2-   3/2  32   -1.49    1.69    1.54    2.25    0.56       8.44    8.29    0.02   -0.79      1.060   0.976   2.729
  
   6 2461.1   5/2-   5/2  33    2.48    1.67    1.47    6.21    2.10       2.92    2.72    0.04   -1.32      0.367   0.320   4.355
   7 2920.0  13/2-   9/2  29    4.50    2.28    2.27   20.24    2.90      16.52   16.52    0.00   -0.79      2.076   1.944   0.207
   8 3219.6   9/2-   3/2  32   -1.49    1.69    1.54    2.25    0.45      12.94   12.79    0.02   -0.64      1.625   1.505   2.729
   9 3312.8   7/2-   5/2  33    2.48    1.67    1.47    6.21    1.56       6.42    6.22    0.04   -0.88      0.807   0.732   4.355
  10 4407.8   9/2-   5/2  33    2.48    1.67    1.47    6.21    1.25      10.92   10.72    0.04   -0.67      1.372   1.262   4.356
  
  11 4557.9  11/2-   3/2  32   -1.49    1.69    1.54    2.25    0.37      18.43   18.29    0.02   -0.53      2.316   2.153   2.729
  12 5746.1  11/2-   5/2  33    2.48    1.67    1.47    6.21    1.04      16.42   16.22    0.04   -0.55      2.063   1.909   4.355
  13 6139.5  13/2-   3/2  32   -1.49    1.69    1.54    2.25    0.32      24.93   24.80    0.02   -0.46      3.132   2.919   2.729
  14 7328.1  13/2-   5/2  33    2.48    1.67    1.47    6.21    0.89      22.92   22.73    0.04   -0.46      2.879   2.675   4.355
  1530764.5   3/2-   3/2  31   -1.36    2.77    5.06    2.12    1.06       3.52    5.81    0.27   -2.55      0.443   0.684  31.208
  
  1630883.9   1/2-   1/2  30    0.36    4.98    3.02    0.39    0.23       4.97    3.50    0.27   -2.77      0.625   0.412  31.230
  1731264.8   3/2-   1/2  30    0.36    4.98    3.02    0.39    0.08       7.24    4.31    0.27   -2.39      0.910   0.507  31.230
  1831372.8   5/2-   3/2  31   -1.36    2.77    5.06    2.12    0.69       6.02    8.31    0.27   -2.07      0.757   0.978  31.208
  1932224.5   7/2-   3/2  31   -1.36    2.77    5.06    2.12    0.52       9.53   11.80    0.27   -1.70      1.197   1.389  31.208
  20*******   1/2-   1/2  31   -1.36    2.77    5.06    2.12   -0.79       3.27    5.07    3.73   -3.06      0.410   0.596 424.608
  
  21*******   1/2-   1/2  33    2.48    1.67    1.47    6.21    1.42       1.94    1.74    3.98   -2.94      0.244   0.204 452.045
