1SPECTRUM OF (Z= 82 A=207) IN PARTICLE-ROTOR  MODEL WITH MODIFIED OSCILLATOR POTENTIAL


 PARITY=-   EPS= 0.389   GAMMA= 37.1   EPS4=0.000   EPS6=0.000   LEVELS:  30  31  32  33  34

 PAIRING FACTORS: GN0= 19.20  GN1=  7.40  IPAIR= 15 ***  E2PLUS(INPUT)=   0.730  E2PLUR(INPUT)=   0.000

 CORIOLIS ATTENUATION PARAMETERS:  CHSI=0.000  ETA=  1.00

 MOMENT OF INERTIA PARAMETERS:   A1=  0.447 MEV   A2=  0.069 MEV   A3=  0.18513 MEV


 DELTA=0.832 MEV  LAMBDA=53.3324 MEV   HW0= 7.5356 MEV   LAMBDA/HW0= 7.0774

 E2ENERGY=0.730 MEV  HBAR**2/B=20710./A**(7/3)=3501.1/A**2 MEV

 IREC=0  =>  RECOIL TERMS j+j-, j+j+, jzjz, ETC TREATED AS ONE-BODY OPERATORS WITH UU+VV PAIRING FACTORS



 S. P. LEVEL   EQP       U     V        (UU + VV)**1.00

     30       1.468    0.297 0.955      1.000 0.980 0.859 0.670 0.569
     31       0.989    0.479 0.878      0.980 1.000 0.943 0.803 0.720
     32       0.837    0.744 0.668      0.859 0.943 1.000 0.956 0.910
     33       1.092    0.908 0.420      0.670 0.803 0.956 1.000 0.992
     34       1.455    0.954 0.300      0.569 0.720 0.910 0.992 1.000

  R CORE   ENERGY   A0R/A00=1.000    R3= 0     2  
   2( 1)    0.730                   -0.626 0.780
   2( 2)    2.074                    0.780 0.626

  R CORE   ENERGY   A0R/A00=1.000    R3= 0     2  
   3( 1)    2.804                    0.000 1.000

  R CORE   ENERGY   A0R/A00=1.000    R3= 0     2     4  
   4( 1)    2.163                   -0.597 0.704-0.385

  R CORE   ENERGY   A0R/A00=1.000    R3= 0     2     4  
   5( 1)    4.994                    0.000-0.626 0.780

  R CORE   ENERGY   A0R/A00=1.000    R3= 0     2     4     6  
   6( 1)    4.113                   -0.562 0.688-0.430 0.161

  R CORE   ENERGY   A0R/A00=1.000    R3= 0     2     4     6  
   7( 1)    7.942                    0.000-0.497 0.695-0.519
 

             ENERGY     K= 1/2
 
 I=  1/2- (1)  4.388  34: 1.000
 
 I=  1/2- (2)  4.597  31: 1.000

             ENERGY     K= 1/2  -3/2
 
 I=  3/2- (1)  4.730  31:-0.501 0.865
 
 I=  3/2- (2)  5.024  34:-0.650 0.760

             ENERGY     K= 5/2   1/2  -3/2
 
 I=  5/2- (1)  5.178  34: 0.708-0.617 0.344
 
 I=  5/2- (2)  5.605  31: 0.518-0.652 0.553

             ENERGY     K= 5/2   1/2  -3/2  -7/2
 
 I=  7/2- (1)  5.954  31:-0.245 0.511-0.629 0.532
 
 I=  7/2- (2)  6.380  34:-0.438 0.608-0.560 0.352

             ENERGY     K= 9/2   5/2   1/2  -3/2  -7/2
 
 I=  9/2- (1)  5.592  32:-0.038-0.331-0.731-0.577-0.147
 
 I=  9/2- (2)  6.672  34:-0.361 0.569-0.591 0.412-0.164

             ENERGY     K= 9/2   5/2   1/2  -3/2  -7/2 -11/2
 
 I= 11/2- (1)  6.916  32:-0.195-0.609-0.247 0.579 0.438 0.057
 
 I= 11/2- (2)  7.746  31: 0.116-0.320 0.518-0.584 0.466-0.238

             ENERGY     K=13/2   9/2   5/2   1/2  -3/2  -7/2 -11/2
 
 I= 13/2- (1)  6.126  32:-0.003 0.032 0.328 0.734 0.577 0.140-0.001
 
 I= 13/2- (2)  8.540  32:-0.062-0.458-0.461 0.357-0.015-0.626-0.233

             ENERGY     K=13/2   9/2   5/2   1/2  -3/2  -7/2 -11/2
  21 LEVELS    TIME=  0.0 SEC



 ******************* EXCITATION ENERGIES, DOMINANT CONFIGURATION AND EXPECTATION VALUES (WITH S.P. UU+VV FACTORS) *******************

  NR  Eex(keV)  I   Kdom  NY    <Jz>  <Jx**2> <Jy**2> <Jz**2> <I.j>/|I|  <Rx**2> <Ry**2> <Rz**2> <R.j>/|R|  <HROTx> <HROTy> <HROTz>

   1    0.0   1/2-   1/2  34    0.41    1.73    2.26   11.15    0.60       1.67    2.19   10.99   -3.79      0.747   0.150   2.035
   2  209.4   1/2-   1/2  31   -0.38    3.97    7.20    6.46   -0.17       3.96    7.63    7.09   -4.11      1.773   0.523   1.312
   3  342.7   3/2-   3/2  31   -0.38    3.97    7.20    6.46    0.36       3.96    8.58    7.45   -3.79      1.773   0.588   1.380
   4  636.8   3/2-   3/2  34    0.41    1.73    2.26   11.15   -0.28       1.78    5.12   13.09   -3.51      0.796   0.351   2.423
   5  790.1   5/2-   5/2  34    0.41    1.73    2.26   11.15    0.42       1.76    6.06   13.62   -3.01      0.786   0.416   2.521
  
   6 1083.8   1/2-   1/2  30    0.97    2.20    2.03   14.71    0.14       2.75    2.70   13.99   -4.27      1.228   0.185   2.590
   7 1204.8   9/2-   1/2  32   -0.39   32.01   19.53    4.40    4.79       4.65   22.19    6.24   -5.59      2.079   1.521   1.156
   8 1217.1   5/2-   1/2  31   -0.38    3.97    7.20    6.46   -0.17       4.38   13.77    9.25   -3.47      1.958   0.944   1.713
   9 1353.6   3/2-   1/2  30    0.97    2.20    2.03   14.71    0.60       3.24    2.96   14.15   -3.94      1.451   0.203   2.619
  10 1566.4   7/2-   3/2  31   -0.38    3.97    7.20    6.46    0.28       4.31   16.57   10.28   -2.96      1.926   1.136   1.903
  
  11 1638.6   5/2-   5/2  30    0.97    2.20    2.03   14.71    0.72       2.89    4.63   15.91   -3.47      1.295   0.317   2.946
  12 1738.0  13/2-   1/2  32   -0.39   32.01   19.53    4.40    4.86       5.40   25.17    6.20   -3.63      2.415   1.726   1.148
  13 1992.6   7/2-   1/2  34    0.41    1.73    2.26   11.15   -0.28       2.43   15.86   14.86   -2.83      1.086   1.087   2.751
  14 2199.1   7/2-   5/2  30    0.97    2.20    2.03   14.71    0.62       3.28   10.76   15.73   -3.02      1.469   0.738   2.912
  15 2284.0   9/2-   1/2  34    0.41    1.73    2.26   11.15    0.37       2.42   18.13   15.62   -2.21      1.082   1.243   2.892
  
  16 2528.0  11/2-   5/2  32   -0.39   32.01   19.53    4.40    3.97       4.75   28.87   10.66   -4.84      2.127   1.979   1.973
  17 2793.9   9/2-   1/2  31   -0.38    3.97    7.20    6.46   -0.16       5.05   28.06   10.85   -2.78      2.260   1.924   2.009
  18 3358.3  11/2-   3/2  31   -0.38    3.97    7.20    6.46    0.24       5.09   33.68   11.73   -2.28      2.276   2.309   2.171
  19 3785.8  11/2-   5/2  30    0.97    2.20    2.03   14.71    0.58       3.45   25.99   18.27   -2.24      1.543   1.781   3.381
  20 4152.4  13/2-   7/2  32   -0.39   32.01   19.53    4.40    3.43       4.98   35.23   16.54   -4.24      2.226   2.415   3.062
  
  21 4287.2  13/2-   1/2  34    0.41    1.73    2.26   11.15    0.36       3.16   38.71   17.03   -1.65      1.413   2.653   3.154
