1SPECTRUM OF (Z= 82 A=207) IN PARTICLE-ROTOR  MODEL WITH MODIFIED OSCILLATOR POTENTIAL


 PARITY=-   EPS= 0.440   GAMMA=  2.1   EPS4=0.000   EPS6=0.000   LEVELS:  30  31  32  33  34

 PAIRING FACTORS: GN0= 19.20  GN1=  7.40  IPAIR= 15 ***  E2PLUS(INPUT)=   0.730  E2PLUR(INPUT)=   0.000

 CORIOLIS ATTENUATION PARAMETERS:  CHSI=0.000  ETA=  1.00

 MOMENT OF INERTIA PARAMETERS:   A1=  0.127 MEV   A2=  0.117 MEV   A3= 69.82491 MEV


 DELTA=0.848 MEV  LAMBDA=53.4829 MEV   HW0= 7.5945 MEV   LAMBDA/HW0= 7.0423

 E2ENERGY=0.730 MEV  HBAR**2/B=35729./A**(7/3)=6040.0/A**2 MEV

 IREC=0  =>  RECOIL TERMS j+j-, j+j+, jzjz, ETC TREATED AS ONE-BODY OPERATORS WITH UU+VV PAIRING FACTORS



 S. P. LEVEL   EQP       U     V        (UU + VV)**1.00

     30       1.114    0.419 0.908      1.000 0.974 0.921 0.899 0.643
     31       0.874    0.614 0.789      0.974 1.000 0.986 0.975 0.801
     32       0.851    0.739 0.674      0.921 0.986 1.000 0.999 0.890
     33       0.865    0.774 0.634      0.899 0.975 0.999 1.000 0.913
     34       1.668    0.965 0.263      0.643 0.801 0.890 0.913 1.000

  R CORE   ENERGY   A0R/A00=1.000    R3= 0     2  
   2( 1)    0.730                    1.000-0.000
   2( 2)  279.543                    0.000 1.000

  R CORE   ENERGY   A0R/A00=1.000    R3= 0     2  
   3( 1)  280.273                    0.000 1.000

  R CORE   ENERGY   A0R/A00=1.000    R3= 0     2     4  
   4( 1)    2.433                    1.000-0.000 0.000

  R CORE   ENERGY   A0R/A00=1.000    R3= 0     2     4  
   5( 1)  282.463                    0.000 1.000-0.000

  R CORE   ENERGY   A0R/A00=1.000    R3= 0     2     4     6  
   6( 1)    5.110                    1.000-0.001 0.000-0.000

  R CORE   ENERGY   A0R/A00=1.000    R3= 0     2     4     6  
   7( 1)  285.626                    0.000 1.000-0.000 0.000
 

             ENERGY     K= 1/2
 
 I=  1/2- (1)  6.297  32: 1.000
 
 I=  1/2- (2) 74.179  31: 1.000

             ENERGY     K= 1/2  -3/2
 
 I=  3/2- (1)  6.130  32: 1.000 0.000
 
 I=  3/2- (2) 72.941  33: 0.001 1.000

             ENERGY     K= 5/2   1/2  -3/2
 
 I=  5/2- (1)  7.625  32: 0.000-1.000 0.000
 
 I=  5/2- (2)  9.075  30: 1.000-0.000 0.000

             ENERGY     K= 5/2   1/2  -3/2  -7/2
 
 I=  7/2- (1)  4.568  34: 0.000 0.000-0.000 1.000
 
 I=  7/2- (2)  7.236  32: 0.000-1.000 0.000-0.000

             ENERGY     K= 9/2   5/2   1/2  -3/2  -7/2
 
 I=  9/2- (1)  5.663  34:-0.000 0.000 0.000 0.000-1.000
 
 I=  9/2- (2)  9.926  32:-0.000 0.000-1.000 0.000-0.000

             ENERGY     K= 9/2   5/2   1/2  -3/2  -7/2 -11/2
 
 I= 11/2- (1)  7.001  34:-0.000 0.000 0.000-0.000 1.000-0.000
 
 I= 11/2- (2)  9.315  32: 0.000-0.000 1.000-0.000-0.000 0.000

             ENERGY     K=13/2   9/2   5/2   1/2  -3/2  -7/2 -11/2
 
 I= 13/2- (1)  8.583  34:-0.000 0.000-0.000 0.000-0.000 1.000-0.000
 
 I= 13/2- (2) 13.201  32:-0.000 0.000-0.000 1.000-0.001 0.000-0.000

             ENERGY     K=13/2   9/2   5/2   1/2  -3/2  -7/2 -11/2
  21 LEVELS    TIME=  0.0 SEC



 ******************* EXCITATION ENERGIES, DOMINANT CONFIGURATION AND EXPECTATION VALUES (WITH S.P. UU+VV FACTORS) *******************

  NR  Eex(keV)  I   Kdom  NY    <Jz>  <Jx**2> <Jy**2> <Jz**2> <I.j>/|I|  <Rx**2> <Ry**2> <Rz**2> <R.j>/|R|  <HROTx> <HROTy> <HROTz>

   1    0.0   7/2-   7/2  34   -3.49    2.32    2.19   12.22    3.08       4.07    3.94    0.03   -1.59      0.516   0.459   1.926
   2 1095.0   9/2-   7/2  34   -3.49    2.32    2.19   12.22    2.46       8.57    8.44    0.03   -1.09      1.086   0.984   1.926
   3 1562.3   3/2-   1/2  32    0.51   12.58   14.73    0.29    0.88      12.86   15.03    0.03   -4.90      1.630   1.752   1.897
   4 1729.1   1/2-   1/2  32    0.51   12.58   14.73    0.29   -0.55      13.56   15.70    0.03   -5.19      1.718   1.831   1.897
   5 2433.3  11/2-   7/2  34   -3.49    2.32    2.19   12.22    2.04      14.06   13.94    0.03   -0.85      1.782   1.626   1.926
  
   6 2667.8   7/2-   1/2  32    0.51   12.58   14.73    0.29    0.80      17.40   19.58    0.03   -4.01      2.205   2.283   1.897
   7 3057.0   5/2-   1/2  32    0.51   12.58   14.73    0.29   -0.65      19.02   21.15    0.03   -4.66      2.411   2.466   1.897
   8 4014.9  13/2-   7/2  34   -3.49    2.32    2.19   12.22    1.75      20.56   20.45    0.03   -0.70      2.605   2.384   1.926
   9 4506.9   5/2-   5/2  30    2.49   24.62   22.42    6.21    2.10      25.87   23.67    0.03   -6.68      3.279   2.760   1.922
  10 4746.7  11/2-   1/2  32    0.51   12.58   14.73    0.29    0.77      25.92   28.14    0.03   -3.12      3.286   3.281   1.897
  
  11 5358.1   9/2-   1/2  32    0.51   12.58   14.73    0.29   -0.68      28.48   30.61    0.03   -4.03      3.609   3.569   1.897
  12 5358.5   7/2-   5/2  30    2.49   24.62   22.42    6.21    1.57      29.37   27.17    0.03   -6.25      3.723   3.168   1.922
  13 6453.5   9/2-   5/2  30    2.49   24.62   22.42    6.21    1.25      33.87   31.67    0.03   -5.81      4.293   3.693   1.922
  14 7791.8  11/2-   5/2  30    2.49   24.62   22.42    6.21    1.04      39.37   37.18    0.03   -5.38      4.989   4.334   1.922
  15 8632.5  13/2-   1/2  32    0.51   12.58   14.73    0.29   -0.69      41.92   44.08    0.03   -3.50      5.313   5.139   1.897
  
  16 9373.7  13/2-   5/2  30    2.49   24.62   22.42    6.21    0.89      45.86   43.68    0.03   -4.97      5.812   5.093   1.922
  1768373.3   3/2-   3/2  33   -1.02    2.55    7.74    1.82    0.79       3.30    8.49    1.01   -2.96      0.418   0.989  70.669
  1868981.3   5/2-   3/2  33   -1.02    2.55    7.74    1.82    0.52       5.79   10.99    1.01   -2.51      0.733   1.282  70.670
  1969611.4   1/2-   1/2  31    0.02    6.93    3.29    0.80   -0.14       6.98    3.99    1.03   -3.21      0.885   0.466  71.954
  2069889.7   3/2-   1/2  31    0.02    6.93    3.29    0.80    0.14       9.06    4.13    1.03   -2.85      1.148   0.481  71.954
  
  21*******   1/2-   1/2  33   -1.02    2.55    7.74    1.82   -0.66       3.18    7.73    3.08   -3.39      0.403   0.901 215.287
