1SPECTRUM OF (Z= 82 A=207) IN PARTICLE-ROTOR  MODEL WITH MODIFIED OSCILLATOR POTENTIAL


 PARITY=-   EPS= 0.364   GAMMA=  2.5   EPS4=0.000   EPS6=0.000   LEVELS:  30  31  32  33  34

 PAIRING FACTORS: GN0= 19.20  GN1=  7.40  IPAIR= 15 ***  E2PLUS(INPUT)=   0.730  E2PLUR(INPUT)=   0.000

 CORIOLIS ATTENUATION PARAMETERS:  CHSI=0.000  ETA=  1.00

 MOMENT OF INERTIA PARAMETERS:   A1=  0.128 MEV   A2=  0.116 MEV   A3= 47.77752 MEV


 DELTA=0.885 MEV  LAMBDA=53.4144 MEV   HW0= 7.5326 MEV   LAMBDA/HW0= 7.0911

 E2ENERGY=0.730 MEV  HBAR**2/B=24423./A**(7/3)=4128.7/A**2 MEV

 IREC=0  =>  RECOIL TERMS j+j-, j+j+, jzjz, ETC TREATED AS ONE-BODY OPERATORS WITH UU+VV PAIRING FACTORS



 S. P. LEVEL   EQP       U     V        (UU + VV)**1.00

     30       1.232    0.390 0.921      1.000 0.991 0.898 0.888 0.748
     31       1.005    0.512 0.859      0.991 1.000 0.950 0.942 0.831
     32       0.893    0.755 0.655      0.898 0.950 1.000 1.000 0.964
     33       0.900    0.770 0.638      0.888 0.942 1.000 1.000 0.970
     34       1.140    0.903 0.430      0.748 0.831 0.964 0.970 1.000

  R CORE   ENERGY   A0R/A00=1.000    R3= 0     2  
   2( 1)    0.730                    1.000-0.000
   2( 2)  191.353                    0.000 1.000

  R CORE   ENERGY   A0R/A00=1.000    R3= 0     2  
   3( 1)  192.083                    0.000 1.000

  R CORE   ENERGY   A0R/A00=1.000    R3= 0     2     4  
   4( 1)    2.433                    1.000-0.000 0.000

  R CORE   ENERGY   A0R/A00=1.000    R3= 0     2     4  
   5( 1)  194.273                    0.000 1.000-0.000

  R CORE   ENERGY   A0R/A00=1.000    R3= 0     2     4     6  
   6( 1)    5.110                    1.000-0.001 0.000-0.000

  R CORE   ENERGY   A0R/A00=1.000    R3= 0     2     4     6  
   7( 1)  197.437                    0.000 1.000-0.000 0.000
 

             ENERGY     K= 1/2
 
 I=  1/2- (1) 51.177  30: 1.000
 
 I=  1/2- (2)149.787  31: 1.000

             ENERGY     K= 1/2  -3/2
 
 I=  3/2- (1) 50.256  31: 0.001 1.000
 
 I=  3/2- (2) 51.481  30: 1.000-0.002

             ENERGY     K= 5/2   1/2  -3/2
 
 I=  5/2- (1)  7.784  33: 1.000-0.000-0.000
 
 I=  5/2- (2) 50.864  31: 0.000 0.003-1.000

             ENERGY     K= 5/2   1/2  -3/2  -7/2
 
 I=  7/2- (1)  3.173  32: 0.000 0.000-0.000 1.000
 
 I=  7/2- (2)  8.636  33: 1.000-0.000 0.000 0.000

             ENERGY     K= 9/2   5/2   1/2  -3/2  -7/2
 
 I=  9/2- (1)  3.074  34: 1.000-0.000 0.000 0.000-0.000
 
 I=  9/2- (2)  4.268  32:-0.000 0.000-0.000 0.000-1.000

             ENERGY     K= 9/2   5/2   1/2  -3/2  -7/2 -11/2
 
 I= 11/2- (1)  4.412  34: 1.000-0.000 0.000-0.000 0.000 0.000
 
 I= 11/2- (2)  5.606  32:-0.000 0.000 0.000-0.000 1.000-0.000

             ENERGY     K=13/2   9/2   5/2   1/2  -3/2  -7/2 -11/2
 
 I= 13/2- (1)  5.994  34: 0.000-1.000 0.001-0.000-0.000 0.000 0.000
 
 I= 13/2- (2)  7.188  32:-0.000 0.000-0.000 0.000-0.001 1.000-0.000

             ENERGY     K=13/2   9/2   5/2   1/2  -3/2  -7/2 -11/2
  21 LEVELS    TIME=  0.0 SEC



 ******************* EXCITATION ENERGIES, DOMINANT CONFIGURATION AND EXPECTATION VALUES (WITH S.P. UU+VV FACTORS) *******************

  NR  Eex(keV)  I   Kdom  NY    <Jz>  <Jx**2> <Jy**2> <Jz**2> <I.j>/|I|  <Rx**2> <Ry**2> <Rz**2> <R.j>/|R|  <HROTx> <HROTy> <HROTz>

   1    0.0   9/2-   9/2  34    4.49    2.38    2.24   20.19    4.06       4.63    4.49    0.02   -1.52      0.592   0.518   0.825
   2   98.6   7/2-   7/2  32   -3.49    2.29    2.19   12.22    3.08       4.04    3.94    0.03   -1.58      0.516   0.455   1.309
   3 1193.6   9/2-   7/2  32   -3.49    2.29    2.19   12.22    2.46       8.53    8.44    0.03   -1.08      1.091   0.975   1.309
   4 1338.3  11/2-   9/2  34    4.49    2.38    2.24   20.19    3.38      10.13    9.99    0.02   -1.02      1.294   1.154   0.824
   5 2531.9  11/2-   7/2  32   -3.49    2.29    2.19   12.22    2.04      14.03   13.95    0.03   -0.84      1.793   1.611   1.309
  
   6 2920.0  13/2-   9/2  34    4.49    2.38    2.24   20.19    2.89      16.62   16.50    0.02   -0.80      2.124   1.906   0.825
   7 4113.5  13/2-   7/2  32   -3.49    2.29    2.19   12.22    1.75      20.52   20.46    0.03   -0.70      2.622   2.364   1.309
   8 4710.3   5/2-   5/2  33    2.49   24.89   24.07    6.23    2.11      26.14   25.32    0.01   -6.82      3.341   2.925   0.619
   9 5562.0   7/2-   5/2  33    2.49   24.89   24.07    6.23    1.57      29.64   28.82    0.01   -6.40      3.788   3.329   0.619
  10 6657.0   9/2-   5/2  33    2.49   24.89   24.07    6.23    1.25      34.13   33.32    0.01   -5.96      4.362   3.850   0.619
  
  11 7995.3  11/2-   5/2  33    2.49   24.89   24.07    6.23    1.04      39.63   38.83    0.01   -5.53      5.064   4.486   0.619
  12 9576.8  13/2-   5/2  33    2.49   24.89   24.07    6.23    0.89      46.11   45.34    0.01   -5.12      5.893   5.239   0.619
  1347181.8   3/2-   3/2  31   -1.02    2.42    7.33    1.82    0.79       3.18    8.08    1.00   -2.87      0.406   0.933  47.912
  1447789.6   5/2-   3/2  31   -1.02    2.42    7.33    1.82    0.52       5.66   10.59    1.00   -2.42      0.723   1.223  47.912
  1548102.9   1/2-   1/2  30    0.02    6.59    3.09    0.79   -0.11       6.60    3.79    1.02   -3.13      0.843   0.438  48.664
  
  1648406.4   3/2-   1/2  30    0.02    6.59    3.09    0.79    0.11       8.84    3.94    1.02   -2.76      1.129   0.455  48.665
  1748641.2   7/2-   3/2  31   -1.02    2.42    7.33    1.82    0.39       9.19   14.05    1.00   -2.04      1.174   1.623  47.912
  1849116.6   5/2-   1/2  30    0.02    6.59    3.09    0.79   -0.10      10.11    8.68    1.02   -2.42      1.291   1.003  48.665
  19*******   1/2-   1/2  31   -1.02    2.42    7.33    1.82   -0.65       3.07    7.28    3.09   -3.31      0.393   0.841 147.548
  20*******   3/2-   1/2  31   -1.02    2.42    7.33    1.82   -0.22       3.38    9.69    3.09   -2.98      0.432   1.119 147.548
  
  21*******   1/2-   1/2  33    2.49   24.89   24.07    6.23    1.44      25.14   24.32    3.99   -7.38      3.213   2.809 190.631
