1SPECTRUM OF (Z= 82 A=207) IN PARTICLE-ROTOR  MODEL WITH MODIFIED OSCILLATOR POTENTIAL


 PARITY=-   EPS= 0.493   GAMMA=  0.0   EPS4=0.000   EPS6=0.000   LEVELS:  32  33  34  35  36

 PAIRING FACTORS: GN0= 19.20  GN1=  7.40  IPAIR= 15 ***  E2PLUS(INPUT)=   0.730  E2PLUR(INPUT)=   0.000

 CORIOLIS ATTENUATION PARAMETERS:  CHSI=0.700  ETA=  5.00

     FOR ETA .NE. 1, THE ANGULAR MOMENTUM EXPECTATION VALUES OF THE ENERGY EIGENSTATES ARE CALCULATED ONLY APPROXIMATELY

 MOMENT OF INERTIA PARAMETERS:   A1=  0.122 MEV   A2=  0.122 MEV   A3=121.91924 MEV


 DELTA=0.850 MEV  LAMBDA=53.4224 MEV   HW0= 7.6473 MEV   LAMBDA/HW0= 6.9858

 E2ENERGY=0.730 MEV  HBAR**2/B=45066./A**(7/3)=7618.3/A**2 MEV

 IREC=0  =>  RECOIL TERMS j+j-, j+j+, jzjz, ETC TREATED AS ONE-BODY OPERATORS WITH UU+VV PAIRING FACTORS



 S. P. LEVEL   EQP       U     V        (UU + VV)**5.00

     32       0.989    0.869 0.494      1.000 0.985 0.850 0.810 0.737
     33       1.103    0.905 0.426      0.985 1.000 0.925 0.895 0.834
     34       1.692    0.966 0.260      0.850 0.925 1.000 0.997 0.979
     35       1.920    0.974 0.227      0.810 0.895 0.997 1.000 0.992
     36       2.526    0.985 0.171      0.737 0.834 0.979 0.992 1.000

  R CORE   ENERGY   A0R/A00=1.000    R3= 0     2  
   2( 1)    0.732                    1.000 0.000
   2( 2)  487.921                    0.000 1.000

  R CORE   ENERGY   A0R/A00=1.000    R3= 0     2  
   3( 1)  488.652                    0.000 1.000

  R CORE   ENERGY   A0R/A00=1.000    R3= 0     2     4  
   4( 1)    2.438                    1.000 0.000 0.000

  R CORE   ENERGY   A0R/A00=1.000    R3= 0     2     4  
   5( 1)  490.847                    0.000 1.000 0.000

  R CORE   ENERGY   A0R/A00=1.000    R3= 0     2     4     6  
   6( 1)    5.121                    1.000 0.000 0.000 0.000

  R CORE   ENERGY   A0R/A00=1.000    R3= 0     2     4     6  
   7( 1)  494.017                    0.000 1.000 0.000 0.000

          AXIAL SYMMETRY => K RESTRICTED TO OMEGA

                     K
     S.P. ORB#: 32  0.50
     S.P. ORB#: 33 -1.50
     S.P. ORB#: 34 -3.50
     S.P. ORB#: 35  0.50
     S.P. ORB#: 36 -1.50
 

             ENERGY    K= OMEGA
 
 I=  1/2- (1)  2.387  32: 1.000
 
 I=  1/2- (2)  5.947  35:-1.000
 
 I=  1/2- (3)147.406  33:-1.000
 
 I=  1/2- (4)148.829  36: 1.000
 
 I=  1/2- (5)635.672  34: 1.000

             ENERGY    K= OMEGA
 
 I=  3/2- (1)  2.478  32:-0.684
                      33: 0.729
 
 I=  3/2- (2)  2.687  32: 0.729
                      33: 0.684

             ENERGY    K= OMEGA
 
 I=  5/2- (1)  3.106  32: 0.422
                      33: 0.907
 
 I=  5/2- (2)  3.550  32: 0.907
                      33:-0.422
 
 I=  5/2- (3)  6.873  35:-1.000
 
 I=  5/2- (4)  7.340  36: 1.000
 
 I=  5/2- (5)*******  34: 1.000

             ENERGY    K= OMEGA
 
 I=  7/2- (1)  3.754  32: 0.775
                      33:-0.632
 
 I=  7/2- (2)  4.228  32: 0.632
                      33: 0.775
 
 I=  7/2- (3)  7.594  34: 1.000
 
 I=  7/2- (4)  7.897  35:-0.999
 
 I=  7/2- (5)  8.194  36: 0.999

             ENERGY    K= OMEGA
 
 I=  9/2- (1)  4.979  32: 0.471
                      33: 0.882
 
 I=  9/2- (2)  5.687  32: 0.882
                      33:-0.471
 
 I=  9/2- (3)  8.691  34: 1.000
 
 I=  9/2- (4)  8.775  35:-1.000
 
 I=  9/2- (5)  9.291  36: 1.000

             ENERGY    K= OMEGA
 
 I= 11/2- (1)  6.006  32: 0.799
                      33:-0.601
 
 I= 11/2- (2)  6.744  32: 0.601
                      33: 0.799
 
 I= 11/2- (3) 10.032  34: 1.000
 
 I= 11/2- (4) 10.383  35:-0.997
                      36:-0.071
 
 I= 11/2- (5) 10.633  35:-0.071
                      36: 0.997

             ENERGY    K= OMEGA
 
 I= 13/2- (1)  7.828  32: 0.491
                      33: 0.871
 
 I= 13/2- (2)  8.800  32: 0.871
                      33:-0.491
 
 I= 13/2- (3) 11.617  34: 1.000
 
 I= 13/2- (4) 11.652  35:-0.999
 
 I= 13/2- (5) 12.217  36: 0.999

             ENERGY     K=-3/2
  32 LEVELS    TIME=  0.0 SEC



 ******************* EXCITATION ENERGIES, DOMINANT CONFIGURATION AND EXPECTATION VALUES (WITH S.P. UU+VV FACTORS) *******************

  NR  Eex(keV)  I   Kdom  NY    <Jz>  <Jx**2> <Jy**2> <Jz**2> <I.j>/|I|  <Rx**2> <Ry**2> <Rz**2> <R.j>/|R|  <HROTx> <HROTy> <HROTz>

   1    0.0   1/2-   1/2  32    0.50    5.26    5.26    0.25    0.03       5.73    5.73    0.00   -3.17      0.699   0.699   0.000
   2   91.7   3/2-  -3/2  33   -0.56    5.27    5.27    1.31    1.10       5.68    5.68    0.00   -2.89      0.714   0.714   0.000
   3  300.0   3/2-   1/2  32   -0.44    5.27    5.27    1.19    0.42       6.93    6.93    0.00   -2.93      0.822   0.822   0.000
   4  719.8   5/2-  -3/2  33   -1.14    5.28    5.28    1.89    0.86       8.07    8.07    0.00   -2.47      1.012   1.012   0.000
   5 1163.2   5/2-   1/2  32    0.14    5.26    5.26    0.61   -0.24      10.65   10.65    0.00   -2.57      1.270   1.270   0.000
  
   6 1367.2   7/2-   1/2  32   -0.30    5.27    5.27    1.05    0.74      10.75   10.75    0.00   -1.87      1.360   1.360   0.000
   7 1841.7   7/2-  -3/2  33   -0.70    5.28    5.28    1.45    0.12      13.40   13.40    0.00   -2.23      1.585   1.585   0.000
   8 2592.7   9/2-  -3/2  33   -1.06    5.28    5.28    1.81    0.60      15.57   15.57    0.00   -1.68      1.951   1.951   0.000
   9 3300.5   9/2-   1/2  32    0.06    5.27    5.27    0.69   -0.32      19.59   19.59    0.00   -2.05      2.337   2.337   0.000
  10 3560.0   1/2-   1/2  35    0.50   16.36   16.36    0.25    0.40      16.51   16.51    0.00   -5.68      2.013   2.013   0.000
  
  11 3619.1  11/2-   1/2  32   -0.22    5.27    5.27    0.97    0.64      19.81   19.81    0.00   -1.22      2.488   2.488   0.000
  12 4357.8  11/2-  -3/2  33   -0.78    5.28    5.28    1.53    0.00      23.90   23.90    0.00   -1.75      2.841   2.841   0.000
  13 4486.5   5/2-   1/2  35    0.50   16.36   16.36    0.25    0.19      20.31   20.31    0.00   -5.09      2.476   2.476   0.000
  14 4953.2   5/2-  -3/2  36   -1.50   16.49   16.49    2.25    0.76      19.74   19.74   -0.00   -5.25      2.407   2.407  -0.000
  15 5207.0   7/2-  -7/2  34   -3.50   22.45   22.45   12.25    3.09      24.20   24.20    0.00   -6.45      2.951   2.951   0.000
  
  16 5441.3  13/2-  -3/2  33   -1.02    5.28    5.28    1.77    0.50      27.07   27.07    0.00   -1.20      3.376   3.376   0.000
  17 5510.2   7/2-   1/2  35    0.50   16.36   16.36    0.25   -0.04      24.51   24.51    0.00   -4.73      2.988   2.988   0.000
  18 5807.0   7/2-  -3/2  36   -1.50   16.49   16.49    2.25    0.56      23.25   23.25   -0.00   -4.84      2.834   2.834  -0.000
  19 6304.2   9/2-  -7/2  34   -3.50   22.45   22.45   12.25    2.46      28.70   28.70    0.00   -5.93      3.500   3.500   0.000
  20 6388.2   9/2-   1/2  35    0.50   16.36   16.36    0.25    0.15      28.11   28.11    0.00   -4.30      3.427   3.427   0.000
  
  21 6412.9  13/2-   1/2  32    0.02    5.27    5.27    0.73   -0.36      32.54   32.54    0.00   -1.71      3.892   3.892   0.000
  22 6904.2   9/2-  -3/2  36   -1.50   16.49   16.49    2.25    0.45      27.75   27.75   -0.00   -4.43      3.383   3.383  -0.000
  23 7645.3  11/2-  -7/2  34   -3.50   22.45   22.45   12.25    2.05      34.20   34.20    0.00   -5.43      4.170   4.170   0.000
  24 7996.5  11/2-   1/2  35    0.49   16.36   16.36    0.26   -0.05      34.69   34.69    0.00   -4.00      4.230   4.230   0.000
  25 8246.2  11/2-  -3/2  36   -1.49   16.49   16.49    2.24    0.37      33.26   33.26   -0.00   -4.05      4.055   4.055  -0.000
  
  26 9230.3  13/2-  -7/2  34   -3.50   22.45   22.45   12.25    1.75      40.70   40.70    0.00   -4.98      4.963   4.963   0.000
  27 9265.1  13/2-   1/2  35    0.50   16.36   16.36    0.25    0.14      39.90   39.90    0.00   -3.58      4.865   4.865   0.000
  28 9830.6  13/2-  -3/2  36   -1.50   16.49   16.49    2.25    0.32      39.75   39.75   -0.00   -3.70      4.846   4.846  -0.000
  29*******   1/2-  -3/2  33    0.00    0.00    0.00    0.00    0.00       0.00    0.00    0.00   -0.00      0.000   0.000   0.000
  30*******   1/2-  -3/2  36    0.00    0.00    0.00    0.00    0.00       0.00    0.00    0.00   -0.00      0.000   0.000   0.000
  
  31*******   1/2-  -7/2  34    0.00    0.00    0.00    0.00    0.00       0.00    0.00    0.00   -0.00      0.000   0.000   0.000
  32*******   5/2-  -7/2  34   -0.00    0.00    0.00    0.00    0.00       0.00    0.00   -0.00   -0.00      0.000   0.000  -0.000
