1SPECTRUM OF (Z= 82 A=207) IN PARTICLE-ROTOR  MODEL WITH MODIFIED OSCILLATOR POTENTIAL


 PARITY=-   EPS= 0.346   GAMMA= 20.0   EPS4=0.000   EPS6=0.000   LEVELS:  25  26  27  28  29  30  31  32  33  34  35  36  37  38  39

 PAIRING FACTORS: GN0= 19.20  GN1=  7.40  IPAIR= 15 ***  E2PLUS(INPUT)=   0.730  E2PLUR(INPUT)=   0.000

 CORIOLIS ATTENUATION PARAMETERS:  CHSI=1.000  ETA=  1.00

 MOMENT OF INERTIA PARAMETERS:   A1=  0.174 MEV   A2=  0.074 MEV   A3=  0.61522 MEV


 DELTA=0.936 MEV  LAMBDA=53.3153 MEV   HW0= 7.5162 MEV   LAMBDA/HW0= 7.0934

 E2ENERGY=0.730 MEV  HBAR**2/B=17470./A**(7/3)=2953.3/A**2 MEV

 IREC=0  =>  RECOIL TERMS j+j-, j+j+, jzjz, ETC TREATED AS ONE-BODY OPERATORS WITH UU+VV PAIRING FACTORS



 S. P. LEVEL   EQP       U     V        (UU + VV)**1.00

     25       3.645    0.129 0.992      1.000 1.000 1.000 0.992 0.980 0.958 0.878 0.876 0.577 0.548 0.414 0.336 0.290 0.277 0.249
     26       3.284    0.144 0.990      1.000 1.000 1.000 0.994 0.983 0.963 0.885 0.883 0.589 0.560 0.427 0.349 0.304 0.291 0.263
     27       3.001    0.158 0.987      1.000 1.000 1.000 0.995 0.985 0.966 0.891 0.890 0.600 0.572 0.440 0.363 0.318 0.305 0.276
     28       1.905    0.254 0.967      0.992 0.994 0.995 1.000 0.997 0.987 0.931 0.930 0.676 0.650 0.526 0.452 0.409 0.397 0.369
     29       1.527    0.324 0.946      0.980 0.983 0.985 0.997 1.000 0.996 0.956 0.954 0.728 0.703 0.586 0.516 0.475 0.462 0.436
     30       1.259    0.407 0.913      0.958 0.963 0.966 0.987 0.996 1.000 0.978 0.977 0.786 0.764 0.656 0.590 0.551 0.540 0.515
     31       0.984    0.588 0.809      0.878 0.885 0.891 0.931 0.956 0.978 1.000 1.000 0.898 0.882 0.799 0.746 0.713 0.703 0.682
     32       0.981    0.592 0.806      0.876 0.883 0.890 0.930 0.954 0.977 1.000 1.000 0.899 0.883 0.802 0.748 0.716 0.706 0.685
     33       1.134    0.885 0.466      0.577 0.589 0.600 0.676 0.728 0.786 0.898 0.899 1.000 0.999 0.982 0.963 0.949 0.945 0.935
     34       1.195    0.900 0.435      0.548 0.560 0.572 0.650 0.703 0.764 0.882 0.883 0.999 1.000 0.988 0.972 0.960 0.956 0.946
     35       1.673    0.956 0.293      0.414 0.427 0.440 0.526 0.586 0.656 0.799 0.802 0.982 0.988 1.000 0.996 0.991 0.989 0.985
     36       2.271    0.978 0.211      0.336 0.349 0.363 0.452 0.516 0.590 0.746 0.748 0.963 0.972 0.996 1.000 0.999 0.998 0.996
     37       2.894    0.986 0.164      0.290 0.304 0.318 0.409 0.475 0.551 0.713 0.716 0.949 0.960 0.991 0.999 1.000 1.000 0.999
     38       3.146    0.989 0.150      0.277 0.291 0.305 0.397 0.462 0.540 0.703 0.706 0.945 0.956 0.989 0.998 1.000 1.000 1.000
     39       3.892    0.993 0.121      0.249 0.263 0.276 0.369 0.436 0.515 0.682 0.685 0.935 0.946 0.985 0.996 0.999 1.000 1.000

  R CORE   ENERGY   A0R/A00=1.000    R3= 0     2  
   2( 1)    0.730                    0.996-0.087
   2( 2)    2.724                    0.087 0.996

  R CORE   ENERGY   A0R/A00=1.000    R3= 0     2  
   3( 1)    3.454                    0.000 1.000

  R CORE   ENERGY   A0R/A00=1.000    R3= 0     2     4  
   4( 1)    2.276                    0.955-0.296 0.010

  R CORE   ENERGY   A0R/A00=1.000    R3= 0     2     4  
   5( 1)    5.644                    0.000 0.996-0.087

  R CORE   ENERGY   A0R/A00=1.000    R3= 0     2     4     6  
   6( 1)    4.430                    0.878-0.476 0.045-0.001

  R CORE   ENERGY   A0R/A00=1.000    R3= 0     2     4     6  
   7( 1)    8.693                    0.000 0.982-0.189 0.009
 

             ENERGY     K= 1/2
 
 I=  1/2- (1)  3.222  25:-0.194
                      26:-0.085
                      29:-0.504
                      30: 0.110
                      34: 0.825
                      38: 0.064
 
 I=  1/2- (2)  4.377  25: 0.054
                      26:-0.065
                      29: 0.059
                      30:-0.366
                      32: 0.319
                      34: 0.119
                      35:-0.849
                      38: 0.127
 
 I=  1/2- (3)  5.217  25:-0.214
                      26:-0.146
                      27:-0.277
                      29:-0.741
                      34:-0.520
                      35:-0.166
                      38:-0.085
 
 I=  1/2- (4)  5.411  25:-0.146
                      26: 0.973
                      27:-0.124
                      29:-0.098
                      35:-0.059
 
 I=  1/2- (5)  6.145  28:-0.372
                      31: 0.555
                      33:-0.487
                      37: 0.556
                      39: 0.082

             ENERGY     K= 1/2  -3/2
 
 I=  3/2- (1)  3.151  25: 0.133-0.115
                      27: 0.019-0.106
                      29: 0.307-0.340
                      30:-0.053 0.165
                      34:-0.513-0.657
                      35:-0.023 0.093
                      38: 0.060 0.095
 
 I=  3/2- (2)  3.269  25: 0.168 0.097
                      26:-0.158 0.015
                      27: 0.042 0.085
                      29: 0.346 0.323
                      30:-0.033 0.136
                      34:-0.539 0.519
                      35: 0.047 0.274
                      38:-0.021 0.214

             ENERGY     K= 5/2   1/2  -3/2
 
 I=  5/2- (1)  3.189  25: 0.008-0.066-0.122
                      26:-0.007-0.211-0.035
                      27:-0.005 0.006-0.130
                      29: 0.003-0.202-0.300
                      30: 0.128 0.063 0.166
                      32:-0.381-0.014-0.000
                      34: 0.004 0.323-0.562
                      35: 0.261 0.059 0.103
                      38:-0.283-0.010 0.102
 
 I=  5/2- (2)  3.636  26:-0.000 0.185-0.000
                      27:-0.003 0.018-0.079
                      29: 0.027 0.207 0.194
                      30: 0.200-0.078 0.030
                      32:-0.750 0.033 0.017
                      34:-0.010-0.292 0.315
                      35: 0.157-0.091-0.026
                      38:-0.216 0.010-0.029
 
 I=  5/2- (3)  4.006  25: 0.127 0.187-0.095
                      27:-0.070 0.016-0.062
                      29:-0.066 0.296-0.328
                      30: 0.008-0.035-0.415
                      34: 0.028-0.340-0.347
                      35: 0.072 0.034-0.432
                      38:-0.062-0.046-0.345
 
 I=  5/2- (4)  4.528  25:-0.189 0.059 0.028
                      26:-0.018 0.094 0.064
                      27: 0.111 0.042 0.088
                      29: 0.113 0.262-0.021
                      30:-0.043-0.157 0.297
                      32: 0.398 0.057 0.021
                      34:-0.075-0.280-0.093
                      35: 0.481-0.244 0.176
                      38:-0.363-0.029 0.140
 
 I=  5/2- (5)  4.700  25: 0.323 0.066 0.097
                      26: 0.096 0.003-0.027
                      27:-0.224-0.044 0.099
                      29:-0.265-0.152 0.100
                      30: 0.062-0.055-0.524
                      32: 0.114 0.105-0.123
                      34: 0.147 0.252 0.179
                      35: 0.334-0.219 0.169
                      38:-0.258 0.084 0.084

             ENERGY     K= 5/2   1/2  -3/2  -7/2
 
 I=  7/2- (1)  2.758  25: 0.192-0.012-0.002 0.018
                      27:-0.109 0.009-0.007 0.040
                      29:-0.101 0.008 0.013 0.112
                      30: 0.015-0.001-0.030 0.894
                      32: 0.009-0.000-0.008 0.214
                      35: 0.020-0.002 0.016-0.243
                      38:-0.016-0.000 0.009-0.121
 
 I=  7/2- (2)  3.582  28:-0.039-0.519-0.174-0.006
                      31: 0.041 0.400-0.515-0.019
                      33: 0.334-0.297 0.024 0.004
                      36: 0.018-0.025 0.187-0.125
                      37: 0.057 0.063 0.043 0.020
                      39:-0.103 0.022-0.001-0.001
 
 I=  7/2- (3)  3.824  25:-0.035-0.115 0.141 0.060
                      27: 0.018-0.010 0.166 0.183
                      29: 0.028-0.186 0.235-0.089
                      30: 0.166 0.035-0.235-0.008
                      32:-0.537 0.010-0.007-0.004
                      34:-0.004 0.217 0.389-0.032
                      35: 0.285 0.007-0.148 0.003
                      38:-0.320-0.028-0.133 0.002
 
 I=  7/2- (4)  4.226  25:-0.043-0.197-0.039-0.031
                      26:-0.034 0.214-0.031-0.016
                      27: 0.038-0.049-0.054-0.109
                      29: 0.057-0.403-0.134 0.079
                      30:-0.068 0.055-0.155 0.054
                      32: 0.204 0.015 0.013 0.009
                      34:-0.057 0.641-0.236 0.037
                      35:-0.077-0.008-0.281 0.018
                      38: 0.098-0.027-0.236 0.020
 
 I=  7/2- (5)  4.364  25: 0.102 0.015 0.057-0.125
                      26:-0.067-0.127 0.052-0.056
                      27:-0.061-0.001-0.020-0.446
                      29:-0.107-0.063 0.358 0.280
                      30:-0.066 0.023 0.057-0.072
                      32: 0.447-0.040 0.029-0.008
                      34: 0.066 0.049 0.474 0.154
                      35: 0.171 0.040-0.017 0.010
                      38:-0.106-0.064-0.010 0.000

             ENERGY     K= 9/2   5/2   1/2  -3/2  -7/2
 
 I=  9/2- (1)  2.297  25: 0.002-0.050 0.006 0.005-0.067
                      27: 0.000 0.024-0.004 0.019-0.206
                      29: 0.018 0.023-0.004-0.008 0.124
                      30: 0.173-0.011 0.000-0.009 0.127
                      32:-0.895 0.039-0.000-0.003 0.033
                      35:-0.252 0.012-0.002 0.005-0.036
                      38: 0.122-0.006-0.000 0.003-0.018
 
 I=  9/2- (2)  3.613  25: 0.062 0.249-0.032 0.006-0.024
                      27:-0.033-0.141 0.017 0.013-0.058
                      29:-0.023-0.130 0.009-0.020-0.099
                      30: 0.030 0.018-0.001 0.068-0.857
                      32:-0.138 0.024-0.002 0.016-0.204
                      34: 0.013 0.060 0.001-0.040 0.025
                      35:-0.040 0.032 0.002-0.023 0.229
                      38: 0.021-0.026 0.001-0.011 0.114
 
 I=  9/2- (3)  4.226  28: 0.001 0.006 0.107-0.053-0.004
                      31:-0.002-0.038-0.337-0.555-0.031
                      33:-0.019-0.585-0.151 0.066 0.015
                      36: 0.002-0.026 0.033-0.055-0.390
                      37:-0.004-0.079-0.001 0.041 0.052
                      39:-0.159 0.016 0.021-0.002-0.003
 
 I=  9/2- (4)  4.294  25: 0.006 0.036 0.050 0.107 0.024
                      26:-0.002-0.023 0.314 0.015 0.011
                      27:-0.003-0.016-0.015 0.109 0.091
                      29:-0.002-0.031 0.227 0.284-0.079
                      30: 0.014-0.085-0.056-0.162-0.020
                      32:-0.051 0.249 0.001 0.005-0.009
                      34: 0.002 0.020-0.391 0.560-0.058
                      35: 0.016-0.227-0.033-0.137 0.017
                      38:-0.023 0.250 0.006-0.137 0.013
 
 I=  9/2- (5)  4.972  25:-0.004-0.076-0.034-0.040-0.103
                      26: 0.006 0.017 0.214-0.002-0.041
                      27: 0.001 0.034 0.050-0.166-0.293
                      29:-0.000 0.043 0.173 0.198 0.113
                      30:-0.012 0.183-0.100 0.191-0.036
                      32: 0.049-0.728 0.071 0.038-0.007
                      34:-0.000-0.002-0.176 0.197 0.019
                      35:-0.003 0.074-0.129 0.009 0.013
                      38: 0.010-0.136 0.027 0.006 0.008

             ENERGY     K= 9/2   5/2   1/2  -3/2  -7/2 -11/2
 
 I= 11/2- (1)  2.872  28:-0.004-0.087-0.542-0.242-0.021-0.000
                      31: 0.003 0.070 0.296-0.511-0.053-0.001
                      33: 0.027 0.411-0.148 0.022 0.010 0.001
                      36:-0.001 0.018-0.027 0.086-0.248-0.011
                      37: 0.004 0.060-0.045 0.020 0.037 0.001
                      39: 0.107-0.049 0.009 0.001-0.002-0.000
 
 I= 11/2- (2)  3.290  25:-0.014-0.081 0.017-0.014 0.086 0.022
                      27: 0.007 0.038-0.004-0.040 0.264 0.064
                      29: 0.023 0.036-0.003 0.016-0.162-0.028
                      30: 0.165-0.022 0.000 0.023-0.179-0.004
                      32:-0.855 0.081-0.003 0.006-0.046-0.002
                      34: 0.011-0.019 0.005 0.010-0.056-0.011
                      35:-0.238 0.021-0.001-0.008 0.050 0.002
                      38: 0.115-0.008-0.000-0.004 0.025 0.001
 
 I= 11/2- (3)  4.628  25: 0.032 0.277-0.045-0.004 0.029-0.000
                      26: 0.006 0.051-0.057 0.047 0.018 0.000
                      27:-0.015-0.158 0.036-0.029 0.079 0.003
                      29:-0.005-0.151 0.028 0.035 0.078-0.027
                      30: 0.037 0.019-0.002-0.107 0.801-0.169
                      32:-0.187 0.041-0.001-0.025 0.191-0.042
                      34: 0.006 0.074-0.055 0.067-0.031 0.002
                      35:-0.058 0.047-0.012 0.042-0.216 0.051
                      38: 0.031-0.037 0.002 0.023-0.109 0.028
 
 I= 11/2- (4)  5.300  28: 0.032 0.350 0.312 0.420 0.131 0.004
                      31:-0.026-0.180 0.336-0.124 0.261 0.010
                      33:-0.157 0.103-0.426 0.064-0.006-0.002
                      36:-0.010 0.018-0.035 0.285-0.109 0.053
                      37:-0.032 0.020 0.094 0.032-0.012-0.010
                      39: 0.088-0.132 0.028-0.005-0.001 0.001
 
 I= 11/2- (5)  5.536  28: 0.005-0.059-0.373-0.148-0.001 0.002
                      31:-0.007 0.010 0.186 0.040 0.042 0.006
                      33:-0.078-0.432-0.315-0.074-0.024-0.002
                      36: 0.002-0.010 0.044 0.283 0.521 0.056
                      37:-0.014-0.023 0.156 0.046-0.062-0.006
                      39:-0.300-0.147-0.008-0.001 0.004 0.000

             ENERGY     K=13/2   9/2   5/2   1/2  -3/2  -7/2 -11/2
 
 I= 13/2- (1)  4.209  28: 0.000 0.015 0.098 0.118-0.135-0.045-0.003
                      31:-0.000-0.013-0.086-0.227-0.464-0.116-0.008
                      33:-0.003-0.092-0.577-0.123 0.040 0.022 0.002
                      36:-0.000 0.000-0.020 0.015-0.094-0.475-0.049
                      37:-0.000-0.013-0.069 0.008 0.029 0.066 0.005
                      39:-0.004-0.245-0.043 0.007 0.001-0.004-0.000
 
 I= 13/2- (2)  4.413  25: 0.001 0.011 0.103-0.029-0.017 0.094 0.008
                      27:-0.000-0.005-0.049 0.018-0.066 0.290 0.019
                      29: 0.004-0.019-0.047 0.017 0.035-0.182-0.000
                      30: 0.042-0.153 0.031-0.005 0.039-0.206 0.024
                      32:-0.225 0.792-0.121 0.005 0.011-0.053 0.006
                      34: 0.004-0.011 0.026-0.023 0.032-0.066-0.001
                      35:-0.071 0.221-0.033 0.006-0.016 0.058-0.007
                      38: 0.039-0.108 0.015 0.001-0.010 0.030-0.004
 
 I= 13/2- (3)  5.310  28: 0.001 0.054 0.396 0.128-0.395-0.175-0.009
                      31:-0.001-0.044-0.207 0.409 0.177-0.360-0.025
                      33:-0.008-0.277 0.006 0.297-0.091 0.017 0.006
                      36: 0.000-0.013 0.012-0.036 0.192-0.046-0.154
                      37:-0.001-0.053 0.022 0.029-0.065 0.038 0.024
                      39:-0.052-0.041 0.098-0.028 0.006-0.000-0.002
 
 I= 13/2- (4)  5.545  25: 0.000 0.063 0.026-0.013-0.006 0.013 0.084
                      27:-0.001-0.031-0.013 0.008-0.022 0.036 0.258
                      29:-0.016-0.032-0.011 0.006 0.010-0.032-0.143
                      30:-0.157-0.034 0.014-0.004 0.028-0.088-0.099
                      32: 0.842 0.186-0.056 0.004 0.006-0.021-0.028
                      34:-0.015 0.010 0.005-0.003 0.002-0.005-0.050
                      35: 0.268 0.040-0.004-0.001-0.004 0.019 0.033
                      38:-0.150-0.014-0.003 0.001-0.001 0.008 0.019
 
 I= 13/2- (5)  5.803  25: 0.014 0.020-0.285 0.077-0.017 0.034 0.000
                      26: 0.002-0.000-0.056 0.041 0.031 0.018-0.000
                      27:-0.007-0.013 0.160-0.039-0.030 0.096 0.006
                      29:-0.005-0.022 0.146-0.019 0.037 0.055-0.046
                      30: 0.002-0.037-0.015 0.008-0.150 0.748-0.288
                      32:-0.005 0.216-0.056 0.006-0.033 0.177-0.071
                      34: 0.002 0.004-0.062-0.019 0.081-0.042 0.002
                      35:-0.002 0.073-0.055-0.000 0.035-0.198 0.087
                      38: 0.001-0.042 0.046-0.005 0.012-0.099 0.047

             ENERGY     K=13/2   9/2   5/2   1/2  -3/2  -7/2 -11/2
  32 LEVELS    TIME=  0.0 SEC



 ******************* EXCITATION ENERGIES, DOMINANT CONFIGURATION AND EXPECTATION VALUES (WITH S.P. UU+VV FACTORS) *******************

  NR  Eex(keV)  I   Kdom  NY    <Jz>  <Jx**2> <Jy**2> <Jz**2> <I.j>/|I|  <Rx**2> <Ry**2> <Rz**2> <R.j>/|R|  <HROTx> <HROTy> <HROTz>

   1    0.0   9/2-   9/2  32    3.60    2.72    2.33   18.04    4.15       2.83    3.10    0.62   -0.96      0.492   0.230   0.384
   2  460.8   7/2-   7/2  30   -2.90    2.40    2.32   11.48    3.20       2.48    2.93    1.12   -1.37      0.432   0.217   0.687
   3  574.7  11/2-   1/2  28    0.01   26.18   22.22    3.04    6.42       4.61    5.55    0.27   -4.04      0.803   0.412   0.167
   4  854.4   3/2-   3/2  34   -0.67    2.95    6.82    2.08    1.18       2.79    7.04    1.22   -2.88      0.485   0.522   0.750
   5  892.5   5/2-   3/2  34    0.22    3.12    4.97    3.89    2.01       1.92    5.51    1.37   -2.03      0.335   0.409   0.845
  
   6  924.8   1/2-   1/2  34    0.23    2.64    7.16    1.20    0.09       3.03    7.35    1.22   -3.21      0.528   0.545   0.750
   7  971.8   3/2-   1/2  34   -0.52    2.17    6.29    2.11    0.99       2.09    7.07    1.34   -2.67      0.364   0.524   0.822
   8  993.4  11/2-   9/2  32    3.06    3.00    2.57   17.46    3.70       5.65    8.20    0.67   -0.24      0.983   0.609   0.411
   9 1285.4   7/2-   1/2  28    0.04   18.99   25.90    2.19    5.86       7.57    8.35    0.39   -5.90      1.319   0.619   0.237
  10 1315.7   9/2-   7/2  30   -2.44    2.53    2.55   11.38    2.79       4.95    7.42    1.12   -0.71      0.862   0.550   0.691
  
  11 1339.3   5/2-   5/2  32    2.06    2.84    3.36    9.79    2.49       3.24    4.44    2.34   -2.73      0.565   0.330   1.442
  12 1527.0   7/2-   5/2  32    0.73    3.54    2.95    6.11    2.03       4.17    6.50    1.53   -1.30      0.726   0.482   0.943
  13 1709.2   5/2-   3/2  35   -0.82    2.57    3.48    3.24    0.91       4.30    6.76    1.60   -1.85      0.748   0.502   0.984
  14 1912.5  13/2-   5/2  33    0.00   28.96   19.70    7.28    6.03       6.76   13.01    0.79   -3.06      1.177   0.966   0.484
  15 1929.1   7/2-   1/2  34    0.01    2.31    5.98    2.52    1.07       4.50   12.10    1.44   -1.54      0.784   0.898   0.883
  
  16 1929.2   9/2-   5/2  33    0.04   23.66   24.35    5.54    5.70       7.31   13.31    1.00   -5.42      1.273   0.988   0.616
  17 1996.9   9/2-   3/2  34   -0.11    3.11    6.10    3.12    1.82       4.68   12.94    1.32   -0.75      0.815   0.961   0.811
  18 2067.0   7/2-   3/2  34   -0.50    3.91    5.63   10.11    2.43       4.37    9.92    1.79   -2.49      0.761   0.736   1.099
  19 2079.8   1/2-   1/2  35    0.74    2.68    0.97    4.28    1.03       2.35    0.74    3.79   -2.68      0.409   0.055   2.333
  20 2116.2  13/2-   9/2  32    2.76    3.09    2.78   17.07    3.40       7.35   15.83    1.00    0.17      1.280   1.175   0.614
  
  21 2230.7   5/2-   5/2  35    1.80    2.33    3.49    9.71    2.06       3.44    5.93    2.73   -2.71      0.599   0.440   1.678
  22 2330.7  11/2-   7/2  30   -2.09    2.58    2.79   11.30    2.51       6.86   14.28    1.31   -0.36      1.195   1.059   0.807
  23 2403.1   5/2-   3/2  30    0.21    3.07    4.21    8.04    1.74       3.39    7.73    2.64   -2.74      0.591   0.574   1.627
  24 2675.6   9/2-   5/2  32    1.48    3.64    3.33   11.76    2.32       5.69   12.16    2.53   -1.59      0.992   0.902   1.559
  25 2920.3   1/2-   1/2  29   -1.09    4.57    4.57    2.48   -0.59       4.59    4.99    3.82   -3.31      0.799   0.371   2.348
  
  26 3003.4  11/2-   1/2  33    0.03   28.15   19.36    3.18    5.95       5.11    6.43    3.76   -3.87      0.890   0.477   2.312
  27 3012.8  13/2-   1/2  31   -0.00   29.38   20.05    3.36    6.17       4.16    7.01    4.19   -2.47      0.725   0.520   2.575
  28 3114.5   1/2-   1/2  26    0.55    2.66   11.92    1.64    0.67       2.57   11.91    1.34   -3.93      0.448   0.884   0.823
  29 3238.7  11/2-   7/2  36   -0.02   24.07   18.49    7.64    4.97       9.26   16.13    1.14   -3.98      1.613   1.197   0.703
  30 3248.3  13/2-  13/2  32    3.32    2.88    2.51   17.83    4.21       4.78    3.24    5.18    1.70      0.833   0.240   3.187
  
  31 3506.2  13/2-   7/2  30   -1.94    2.65    2.75   11.42    2.31       8.47   23.17    1.66   -0.12      1.475   1.719   1.024
  32 3848.5   1/2-   1/2  37    0.38   12.60   17.19    0.77   -2.20      14.37   20.11    0.64   -5.48      2.502   1.492   0.393
