1SPECTRUM OF (Z= 82 A=207) IN PARTICLE-ROTOR  MODEL WITH MODIFIED OSCILLATOR POTENTIAL


 PARITY=-   EPS= 0.098   GAMMA= 53.7   EPS4=0.000   EPS6=0.000   LEVELS:  28  29  30  31  32

 PAIRING FACTORS: GN0= 19.20  GN1=  7.40  IPAIR= 15 ***  E2PLUS(INPUT)=   0.730  E2PLUR(INPUT)=   0.000

 CORIOLIS ATTENUATION PARAMETERS:  CHSI=0.000  ETA=  1.00

 MOMENT OF INERTIA PARAMETERS:   A1=  7.359 MEV   A2=  0.106 MEV   A3=  0.13717 MEV


 DELTA=0.400 MEV  LAMBDA=53.4888 MEV   HW0= 7.4187 MEV   LAMBDA/HW0= 7.2100

 E2ENERGY=0.730 MEV  HBAR**2/B= 1734./A**(7/3)= 293.2/A**2 MEV

 IREC=0  =>  RECOIL TERMS j+j-, j+j+, jzjz, ETC TREATED AS ONE-BODY OPERATORS WITH UU+VV PAIRING FACTORS



 S. P. LEVEL   EQP       U     V        (UU + VV)**1.00

     28       3.960    0.051 0.999      1.000 1.000 1.000 0.999 0.995
     29       2.770    0.072 0.997      1.000 1.000 1.000 1.000 0.997
     30       2.584    0.078 0.997      1.000 1.000 1.000 1.000 0.998
     31       2.046    0.098 0.995      0.999 1.000 1.000 1.000 0.999
     32       1.370    0.148 0.989      0.995 0.997 0.998 0.999 1.000

  R CORE   ENERGY   A0R/A00=1.000    R3= 0     2  
   2( 1)    0.730                   -0.502 0.865
   2( 2)   29.678                    0.865 0.502

  R CORE   ENERGY   A0R/A00=1.000    R3= 0     2  
   3( 1)   30.408                    0.000 1.000

  R CORE   ENERGY   A0R/A00=1.000    R3= 0     2     4  
   4( 1)    2.432                    0.379-0.563 0.735

  R CORE   ENERGY   A0R/A00=1.000    R3= 0     2     4  
   5( 1)   32.598                    0.000-0.502 0.865

  R CORE   ENERGY   A0R/A00=1.000    R3= 0     2     4     6  
   6( 1)    5.104                   -0.319 0.461-0.499 0.661

  R CORE   ENERGY   A0R/A00=1.000    R3= 0     2     4     6  
   7( 1)   35.761                    0.000 0.315-0.588 0.745
 

             ENERGY     K= 1/2
 
 I=  1/2- (1)  4.218  31: 1.000
 
 I=  1/2- (2) 11.667  32: 1.000

             ENERGY     K= 1/2  -3/2
 
 I=  3/2- (1)  4.739  31:-0.500 0.866
 
 I=  3/2- (2)  4.867  29: 0.867 0.498

             ENERGY     K= 5/2   1/2  -3/2
 
 I=  5/2- (1)  5.087  31: 0.788-0.502 0.355
 
 I=  5/2- (2)  5.476  29:-0.558-0.354 0.750

             ENERGY     K= 5/2   1/2  -3/2  -7/2
 
 I=  7/2- (1)  6.302  31:-0.279 0.377-0.487 0.737
 
 I=  7/2- (2)  6.326  29: 0.651-0.488 0.126 0.568

             ENERGY     K= 9/2   5/2   1/2  -3/2  -7/2
 
 I=  9/2- (1)  6.928  31: 0.695-0.471 0.380-0.310 0.234
 
 I=  9/2- (2)  7.421  29: 0.569-0.001-0.309 0.504-0.571

             ENERGY     K= 9/2   5/2   1/2  -3/2  -7/2 -11/2
 
 I= 11/2- (1)  8.754  29:-0.513 0.492-0.377 0.191 0.075-0.557
 
 I= 11/2- (2)  8.774  30: 0.601-0.157-0.266 0.493-0.380-0.395

             ENERGY     K=13/2   9/2   5/2   1/2  -3/2  -7/2 -11/2
 
 I= 13/2- (1)  9.736  31: 0.634-0.441 0.370-0.321 0.278-0.233 0.179
 
 I= 13/2- (2) 10.336  29: 0.552-0.128-0.106 0.277-0.398 0.468-0.462

             ENERGY     K=13/2   9/2   5/2   1/2  -3/2  -7/2 -11/2
  21 LEVELS    TIME=  0.0 SEC



 ******************* EXCITATION ENERGIES, DOMINANT CONFIGURATION AND EXPECTATION VALUES (WITH S.P. UU+VV FACTORS) *******************

  NR  Eex(keV)  I   Kdom  NY    <Jz>  <Jx**2> <Jy**2> <Jz**2> <I.j>/|I|  <Rx**2> <Ry**2> <Rz**2> <R.j>/|R|  <HROTx> <HROTy> <HROTz>

   1    0.0   1/2-   1/2  31    0.16    0.49    1.70    2.98    0.56       0.21    1.67    3.07   -2.11      1.573   0.177   0.421
   2  520.9   3/2-   3/2  31    0.16    0.49    1.70    2.98   -0.09       0.21    4.02    5.05   -1.76      1.573   0.427   0.692
   3  649.1   3/2-   1/2  29    0.12    2.23    2.50    1.57    1.11       0.20    3.25    2.31   -1.73      1.435   0.345   0.317
   4  869.2   5/2-   5/2  31    0.16    0.49    1.70    2.98    0.31       0.21    5.11    6.74   -1.22      1.574   0.543   0.924
   5 1257.5   5/2-   3/2  29    0.12    2.23    2.50    1.57    0.72       0.19    5.75    4.81   -1.27      1.435   0.611   0.660
  
   6 1273.7   5/2-   1/2  30   -0.08    6.04    2.42    1.60    2.03       0.29    3.67    2.85   -1.56      2.128   0.390   0.390
   7 2084.3   7/2-   7/2  31    0.16    0.49    1.70    2.98   -0.16       0.21   10.64   11.32   -1.23      1.574   1.130   1.552
   8 2108.1   7/2-   5/2  29    0.12    2.23    2.50    1.57    0.54       0.20    9.31    8.25   -0.99      1.436   0.989   1.131
   9 2125.2   7/2-   3/2  30   -0.08    6.04    2.42    1.60    1.51       0.29    7.19    6.33   -1.09      2.128   0.764   0.868
  10 2709.7   9/2-   9/2  31    0.16    0.49    1.70    2.98    0.28       0.21   12.67   14.28   -0.73      1.576   1.346   1.959
  
  11 3203.3   9/2-   7/2  29    0.12    2.23    2.50    1.57    0.43       0.20   13.84   12.72   -0.80      1.436   1.470   1.745
  12 3219.3   9/2-   7/2  30   -0.08    6.04    2.42    1.60    1.21       0.29   11.76   10.76   -0.85      2.129   1.248   1.476
  13 4536.5  11/2-  11/2  29    0.12    2.23    2.50    1.57    0.36       0.20   19.59   17.95   -0.67      1.441   2.081   2.463
  14 4555.6  11/2-   9/2  30   -0.08    6.04    2.42    1.60    1.00       0.29   17.39   16.12   -0.70      2.131   1.847   2.212
  15 4618.4  11/2-  11/2  31    0.16    0.49    1.70    2.98   -0.18       0.21   21.47   21.38   -0.95      1.578   2.280   2.933
  
  16 5518.2  13/2-  13/2  31    0.16    0.49    1.70    2.98    0.26       0.22   24.56   25.50   -0.47      1.584   2.608   3.498
  17 6118.5  13/2-  13/2  29    0.12    2.23    2.50    1.57    0.31       0.20   26.22   24.36   -0.58      1.441   2.784   3.341
  18 6133.7  13/2-  11/2  30   -0.08    6.04    2.42    1.60    0.86       0.29   24.14   22.38   -0.59      2.135   2.563   3.070
  19 7449.0   1/2-   1/2  32   -0.49    0.89    5.41    1.78    0.07       1.28    4.92    2.52   -2.72      9.429   0.522   0.345
  20 7844.5   3/2-   3/2  32   -0.49    0.89    5.41    1.78   -0.14       1.28    8.54    2.56   -2.37      9.434   0.907   0.351
  
  21 8772.3   1/2-   1/2  28    4.01    0.80    5.11   17.25    2.59       0.90    5.04   13.48   -4.75      6.645   0.536   1.849
