1SPECTRUM OF (Z= 82 A=207) IN PARTICLE-ROTOR  MODEL WITH MODIFIED OSCILLATOR POTENTIAL


 PARITY=-   EPS= 0.500   GAMMA= 56.1   EPS4=0.000   EPS6=0.000   LEVELS:  29  30  31  32  33

 PAIRING FACTORS: GN0= 19.20  GN1=  7.40  IPAIR= 15 ***  E2PLUS(INPUT)=   0.730  E2PLUR(INPUT)=   0.000

 CORIOLIS ATTENUATION PARAMETERS:  CHSI=0.000  ETA=  1.00

 MOMENT OF INERTIA PARAMETERS:   A1= 19.839 MEV   A2=  0.112 MEV   A3=  0.13116 MEV


 DELTA=0.917 MEV  LAMBDA=53.5149 MEV   HW0= 7.6040 MEV   LAMBDA/HW0= 7.0377

 E2ENERGY=0.730 MEV  HBAR**2/B=45838./A**(7/3)=7748.9/A**2 MEV

 IREC=0  =>  RECOIL TERMS j+j-, j+j+, jzjz, ETC TREATED AS ONE-BODY OPERATORS WITH UU+VV PAIRING FACTORS



 S. P. LEVEL   EQP       U     V        (UU + VV)**1.00

     29       2.406    0.194 0.981      1.000 0.886 0.845 0.661 0.518
     30       0.939    0.627 0.779      0.886 1.000 0.997 0.934 0.855
     31       0.918    0.689 0.725      0.845 0.997 1.000 0.960 0.895
     32       1.056    0.865 0.503      0.661 0.934 0.960 1.000 0.984
     33       1.429    0.940 0.342      0.518 0.855 0.895 0.984 1.000

  R CORE   ENERGY   A0R/A00=1.000    R3= 0     2  
   2( 1)    0.730                   -0.500 0.866
   2( 2)   79.601                    0.866 0.500

  R CORE   ENERGY   A0R/A00=1.000    R3= 0     2  
   3( 1)   80.331                    0.000 1.000

  R CORE   ENERGY   A0R/A00=1.000    R3= 0     2     4  
   4( 1)    2.433                    0.376-0.560 0.738

  R CORE   ENERGY   A0R/A00=1.000    R3= 0     2     4  
   5( 1)   82.521                    0.000-0.500 0.866

  R CORE   ENERGY   A0R/A00=1.000    R3= 0     2     4     6  
   6( 1)    5.109                   -0.314 0.455-0.497 0.669

  R CORE   ENERGY   A0R/A00=1.000    R3= 0     2     4     6  
   7( 1)   85.685                    0.000 0.313-0.587 0.747
 

             ENERGY     K= 1/2
 
 I=  1/2- (1) 28.917  29: 1.000
 
 I=  1/2- (2) 70.137  33: 1.000

             ENERGY     K= 1/2  -3/2
 
 I=  3/2- (1) 25.131  33: 0.866 0.499
 
 I=  3/2- (2) 29.243  29:-0.502 0.865

             ENERGY     K= 5/2   1/2  -3/2
 
 I=  5/2- (1)  9.254  32: 0.250 0.791 0.559
 
 I=  5/2- (2) 25.740  33:-0.559-0.354 0.750

             ENERGY     K= 5/2   1/2  -3/2  -7/2
 
 I=  7/2- (1) 10.105  32: 0.625 0.280-0.650-0.330
 
 I=  7/2- (2) 26.591  33: 0.650-0.485 0.126 0.571

             ENERGY     K= 9/2   5/2   1/2  -3/2  -7/2
 
 I=  9/2- (1) 11.200  32: 0.374 0.500-0.469 0.000 0.624
 
 I=  9/2- (2) 27.686  33: 0.572 0.000-0.307 0.501-0.573

             ENERGY     K= 9/2   5/2   1/2  -3/2  -7/2 -11/2
 
 I= 11/2- (1)  7.260  31:-0.103-0.401-0.672-0.568-0.231-0.031
 
 I= 11/2- (2) 12.538  32: 0.604-0.156-0.262 0.488-0.379-0.400

             ENERGY     K=13/2   9/2   5/2   1/2  -3/2  -7/2 -11/2
 
 I= 13/2- (1)  5.854  30: 0.015 0.137 0.418 0.648 0.561 0.264 0.056
 
 I= 13/2- (2)  8.841  31:-0.056-0.344-0.580-0.180 0.467 0.513 0.171

             ENERGY     K=13/2   9/2   5/2   1/2  -3/2  -7/2 -11/2
  21 LEVELS    TIME=  0.0 SEC



 ******************* EXCITATION ENERGIES, DOMINANT CONFIGURATION AND EXPECTATION VALUES (WITH S.P. UU+VV FACTORS) *******************

  NR  Eex(keV)  I   Kdom  NY    <Jz>  <Jx**2> <Jy**2> <Jz**2> <I.j>/|I|  <Rx**2> <Ry**2> <Rz**2> <R.j>/|R|  <HROTx> <HROTy> <HROTz>

   1    0.0  13/2-   1/2  30   -0.00   41.81   11.71    9.00    6.01       0.08   14.97   12.24   -3.93      1.631   1.680   1.605
   2 1405.2  11/2-   1/2  31    0.00   29.86    7.40    5.62    5.01       0.21   10.16    8.36   -2.99      4.105   1.140   1.097
   3 2986.9  13/2-   5/2  31    0.00   29.86    7.40    5.62    4.29       0.21   16.68   14.84   -2.30      4.105   1.871   1.947
   4 3399.1   5/2-   1/2  32    0.03    5.90    9.20    5.20    2.00       0.31   10.45    6.45   -3.47      6.180   1.173   0.845
   5 4250.8   7/2-   3/2  32    0.03    5.90    9.20    5.20    1.49       0.31   13.96    9.94   -2.92      6.180   1.566   1.304
  
   6 5345.6   9/2-   7/2  32    0.03    5.90    9.20    5.20    1.19       0.31   18.47   14.43   -2.50      6.180   2.072   1.892
   7 6683.7  11/2-   9/2  32    0.03    5.90    9.20    5.20    0.99       0.31   24.00   19.89   -2.16      6.180   2.693   2.609
   8 8264.9  13/2-  11/2  32    0.03    5.90    9.20    5.20    0.85       0.31   30.56   26.34   -1.90      6.181   3.428   3.454
   919276.9   3/2-   1/2  33    0.02    2.04   10.74    5.76    0.83       1.09   11.49    6.51   -3.88     21.560   1.289   0.853
  1019885.2   5/2-   3/2  33    0.02    2.04   10.74    5.76    0.54       1.09   13.99    9.01   -3.45     21.560   1.570   1.181
  
  1120736.6   7/2-   5/2  33    0.02    2.04   10.74    5.76    0.40       1.09   17.51   12.49   -3.04     21.560   1.964   1.638
  1221831.8   9/2-   7/2  33    0.02    2.04   10.74    5.76    0.32       1.09   22.02   16.98   -2.68     21.560   2.470   2.227
  1323063.1   1/2-   1/2  29    0.10    1.01    3.60   14.50   -0.05       1.22    4.08   14.65   -4.29     24.132   0.458   1.922
  1423169.0  11/2-  11/2  33    0.02    2.04   10.74    5.76    0.27       1.09   27.60   22.40   -2.37     21.561   3.096   2.938
  1523388.6   3/2-   3/2  29    0.10    1.01    3.60   14.50    0.08       1.22    4.89   16.45   -3.99     24.132   0.548   2.157
  
  1624062.6   5/2-   5/2  29    0.10    1.01    3.60   14.50   -0.06       1.22    8.54   18.46   -3.63     24.132   0.958   2.421
  1724821.3   7/2-   7/2  29    0.10    1.01    3.60   14.50    0.07       1.22   10.45   22.60   -3.21     24.133   1.173   2.964
  1826035.4   9/2-   9/2  29    0.10    1.01    3.60   14.50   -0.06       1.22   17.00   26.27   -2.91     24.132   1.907   3.445
  1964282.9   1/2-   1/2  33    0.02    2.04   10.74    5.76   -0.64       3.36   11.05    5.98   -4.23     66.684   1.240   0.785
  2064636.3   3/2-   3/2  33    0.02    2.04   10.74    5.76   -0.26       3.36   12.37    7.56   -3.95     66.684   1.387   0.991
  
  2171978.5   1/2-   1/2  32    0.03    5.90    9.20    5.20    1.40       3.78    9.43    5.41   -4.42     75.010   1.058   0.710
