1SPECTRUM OF (Z= 82 A=207) IN PARTICLE-ROTOR  MODEL WITH MODIFIED OSCILLATOR POTENTIAL


 PARITY=-   EPS= 0.467   GAMMA=  0.0   EPS4=0.000   EPS6=0.000   LEVELS:  27  28  29  30  31  32  33  34  35  36  37  38

 PAIRING FACTORS: GN0= 19.20  GN1=  7.40  IPAIR= 15 ***  E2PLUS(INPUT)=   0.730  E2PLUR(INPUT)=   0.000

 CORIOLIS ATTENUATION PARAMETERS:  CHSI=1.000  ETA=  1.00

 MOMENT OF INERTIA PARAMETERS:   A1=  0.122 MEV   A2=  0.122 MEV   A3=121.91923 MEV


 DELTA=0.848 MEV  LAMBDA=53.4595 MEV   HW0= 7.6204 MEV   LAMBDA/HW0= 7.0153

 E2ENERGY=0.730 MEV  HBAR**2/B=40438./A**(7/3)=6835.9/A**2 MEV

 IREC=0  =>  RECOIL TERMS j+j-, j+j+, jzjz, ETC TREATED AS ONE-BODY OPERATORS WITH UU+VV PAIRING FACTORS



 S. P. LEVEL   EQP       U     V        (UU + VV)**1.00

     27       2.422    0.178 0.984      1.000 0.999 0.993 0.984 0.937 0.759 0.686 0.422 0.371 0.366 0.331 0.328
     28       2.020    0.215 0.977      0.999 1.000 0.996 0.990 0.950 0.783 0.713 0.456 0.406 0.401 0.366 0.363
     29       1.499    0.296 0.955      0.993 0.996 1.000 0.998 0.973 0.832 0.769 0.529 0.481 0.476 0.443 0.440
     30       1.296    0.349 0.937      0.984 0.990 0.998 1.000 0.984 0.862 0.804 0.576 0.529 0.525 0.492 0.490
     31       0.967    0.510 0.860      0.937 0.950 0.973 0.984 1.000 0.938 0.897 0.712 0.671 0.667 0.639 0.637
     32       0.866    0.776 0.631      0.759 0.783 0.832 0.862 0.938 1.000 0.994 0.911 0.886 0.884 0.866 0.864
     33       0.927    0.838 0.546      0.686 0.713 0.769 0.804 0.897 0.994 1.000 0.949 0.930 0.928 0.914 0.912
     34       1.724    0.967 0.254      0.422 0.456 0.529 0.576 0.712 0.911 0.949 1.000 0.998 0.998 0.995 0.995
     35       2.168    0.980 0.200      0.371 0.406 0.481 0.529 0.671 0.886 0.930 0.998 1.000 1.000 0.999 0.999
     36       2.222    0.981 0.195      0.366 0.401 0.476 0.525 0.667 0.884 0.928 0.998 1.000 1.000 0.999 0.999
     37       2.727    0.988 0.157      0.331 0.366 0.443 0.492 0.639 0.866 0.914 0.995 0.999 0.999 1.000 1.000
     38       2.775    0.988 0.155      0.328 0.363 0.440 0.490 0.637 0.864 0.912 0.995 0.999 0.999 1.000 1.000

  R CORE   ENERGY   A0R/A00=1.000    R3= 0     2  
   2( 1)    0.732                    1.000 0.000
   2( 2)  487.921                    0.000 1.000

  R CORE   ENERGY   A0R/A00=1.000    R3= 0     2  
   3( 1)  488.652                    0.000 1.000

  R CORE   ENERGY   A0R/A00=1.000    R3= 0     2     4  
   4( 1)    2.438                    1.000 0.000 0.000

  R CORE   ENERGY   A0R/A00=1.000    R3= 0     2     4  
   5( 1)  490.847                    0.000 1.000 0.000

  R CORE   ENERGY   A0R/A00=1.000    R3= 0     2     4     6  
   6( 1)    5.121                    1.000 0.000 0.000 0.000

  R CORE   ENERGY   A0R/A00=1.000    R3= 0     2     4     6  
   7( 1)  494.017                    0.000 1.000 0.000 0.000

          AXIAL SYMMETRY => K RESTRICTED TO OMEGA

                     K
     S.P. ORB#: 27 -5.50
     S.P. ORB#: 28  2.50
     S.P. ORB#: 29 -3.50
     S.P. ORB#: 30  2.50
     S.P. ORB#: 31  0.50
     S.P. ORB#: 32  0.50
     S.P. ORB#: 33 -1.50
     S.P. ORB#: 34 -3.50
     S.P. ORB#: 35 -3.50
     S.P. ORB#: 36  0.50
     S.P. ORB#: 37  4.50
     S.P. ORB#: 38 -1.50
 

             ENERGY    K= OMEGA
 
 I=  1/2- (1)  2.243  32: 1.000
 
 I=  1/2- (2)  4.179  31: 0.929
                      36:-0.369
 
 I=  1/2- (3)  6.490  31: 0.370
                      36: 0.929
 
 I=  1/2- (4)147.230  33:-1.000
 
 I=  1/2- (5)149.078  38: 1.000

             ENERGY    K= OMEGA
 
 I=  3/2- (1)  2.260  32:-0.620
                      33: 0.785
 
 I=  3/2- (2)  2.576  32: 0.785
                      33: 0.620

             ENERGY    K= OMEGA
 
 I=  5/2- (1)  2.849  28:-0.079
                      32:-0.469
                      33:-0.880
 
 I=  5/2- (2)  3.452  28: 0.108
                      32:-0.881
                      33: 0.460
 
 I=  5/2- (3)  3.834  28: 0.991
                      32: 0.059
                      33:-0.120
 
 I=  5/2- (4)  4.516  31:-0.827
                      36: 0.495
                      38: 0.267
 
 I=  5/2- (5)  7.098  30: 0.770
                      36: 0.370
                      38:-0.518

             ENERGY    K= OMEGA
 
 I=  7/2- (1)  3.059  28:-0.217
                      29: 0.063
                      35: 0.973
 
 I=  7/2- (2)  3.425  28:-0.184
                      29:-0.939
                      32:-0.192
                      33: 0.217
 
 I=  7/2- (3)  3.485  29: 0.294
                      32:-0.688
                      33: 0.660
                      35:-0.066
 
 I=  7/2- (4)  4.162  28: 0.130
                      32:-0.697
                      33:-0.702
                      35: 0.050
 
 I=  7/2- (5)  4.790  30:-0.052
                      31:-0.897
                      36:-0.264
                      38:-0.349

             ENERGY    K= OMEGA
 
 I=  9/2- (1)  3.531  28:-0.138
                      29: 0.414
                      35:-0.314
                      37:-0.843
 
 I=  9/2- (2)  4.122  28: 0.261
                      29: 0.241
                      33: 0.070
                      35: 0.895
                      37:-0.259
 
 I=  9/2- (3)  4.641  28:-0.178
                      29: 0.347
                      32:-0.458
                      33:-0.772
                      35: 0.085
                      37: 0.187
 
 I=  9/2- (4)  4.747  28: 0.211
                      29:-0.770
                      32:-0.242
                      33:-0.348
                      35: 0.057
                      37:-0.424
 
 I=  9/2- (5)  5.628  28: 0.168
                      29: 0.068
                      32:-0.847
                      33: 0.493
                      35:-0.075

             ENERGY    K= OMEGA
 
 I= 11/2- (1)  3.760  27: 0.999
 
 I= 11/2- (2)  4.614  27: 0.051
                      28:-0.183
                      29:-0.475
                      35: 0.353
                      37:-0.783
 
 I= 11/2- (3)  5.405  28:-0.306
                      29: 0.282
                      32:-0.094
                      33: 0.133
                      35: 0.847
                      37: 0.287
 
 I= 11/2- (4)  5.681  29: 0.085
                      32: 0.731
                      33:-0.653
                      35: 0.174
 
 I= 11/2- (5)  6.146  30: 0.092
                      31: 0.853
                      34: 0.056
                      36: 0.321
                      38: 0.398

             ENERGY    K= OMEGA
 
 I= 13/2- (1)  5.341  27: 0.995
                      37:-0.090
 
 I= 13/2- (2)  5.959  27: 0.100
                      28: 0.215
                      29:-0.501
                      35: 0.373
                      37: 0.743
 
 I= 13/2- (3)  6.930  28: 0.339
                      29: 0.307
                      32: 0.054
                      33: 0.130
                      35: 0.822
                      37:-0.307
 
 I= 13/2- (4)  7.443  28:-0.093
                      29: 0.121
                      32:-0.524
                      33:-0.817
                      35: 0.180
                      37: 0.059
 
 I= 13/2- (5)  7.695  30:-0.138
                      31:-0.730
                      34: 0.102
                      36: 0.535
                      38: 0.390

             ENERGY     K=-3/2
  32 LEVELS    TIME=  0.0 SEC



 ******************* EXCITATION ENERGIES, DOMINANT CONFIGURATION AND EXPECTATION VALUES (WITH S.P. UU+VV FACTORS) *******************

  NR  Eex(keV)  I   Kdom  NY    <Jz>  <Jx**2> <Jy**2> <Jz**2> <I.j>/|I|  <Rx**2> <Ry**2> <Rz**2> <R.j>/|R|  <HROTx> <HROTy> <HROTz>

   1    0.0   1/2-   1/2  32    0.50    5.19    5.19    0.25    0.05       5.65    5.65    0.00   -3.15      0.688   0.688   0.000
   2   16.6   3/2-  -3/2  33   -0.73    5.20    5.20    1.48    1.17       5.56    5.56   -0.00   -2.89      0.678   0.678  -0.000
   3  333.3   3/2-   1/2  32   -0.27    5.20    5.20    1.02    0.34       6.92    6.92   -0.00   -2.89      0.843   0.843  -0.000
   4  606.0   5/2-  -3/2  33   -1.04    5.21    5.21    1.84    0.88       7.91    7.91   -0.00   -2.43      0.964   0.964  -0.000
   5  816.0   7/2-  -7/2  35   -3.21    2.43    2.43   11.94    3.17       3.71    3.71   -0.00   -1.56      0.452   0.452  -0.000
  
   6 1182.4   7/2-  -7/2  29   -3.05    6.22    6.22   11.13    2.93       8.04    8.04    0.00   -2.98      0.980   0.980   0.001
   7 1209.3   5/2-   1/2  32    0.10    5.20    5.20    0.74   -0.19      10.50   10.50    0.00   -2.55      1.280   1.280   0.000
   8 1241.7   7/2-   1/2  32   -0.73    5.29    5.29    2.21    0.98      10.38   10.38    0.00   -1.95      1.266   1.266   0.000
   9 1287.8   9/2-   9/2  37    2.30    3.16    3.16   17.82    4.02       4.44    4.44    0.00   -1.39      0.542   0.542   0.000
  10 1517.3  11/2- -11/2  27   -5.47    2.75    2.75   30.22    5.06       5.49    5.49    0.00   -1.65      0.669   0.669   0.000
  
  11 1591.2   5/2-   5/2  28    2.44    6.13    6.13    6.17    2.05       7.52    7.52    0.00   -3.19      0.917   0.917   0.000
  12 1878.5   9/2-  -7/2  35   -2.54    2.66    2.66   12.32    2.63       8.09    8.09   -0.00   -1.13      0.986   0.986  -0.000
  13 1918.5   7/2-  -3/2  33   -0.47    5.21    5.21    1.39    0.12      13.29   13.29   -0.00   -2.20      1.621   1.621  -0.000
  14 1935.6   1/2-   1/2  31    0.50   12.78   12.78    0.25    0.93      12.47   12.47    0.00   -5.01      1.520   1.520   0.000
  15 2273.3   5/2-   1/2  31    0.36   13.03   13.03    0.40    1.63      12.77   12.77    0.00   -4.28      1.557   1.557   0.000
  
  16 2370.8  11/2-   9/2  37    1.60    3.46    3.46   16.99    3.44       9.27    9.27    0.00   -0.78      1.130   1.130   0.001
  17 2398.4   9/2-  -3/2  33   -1.00    5.23    5.23    3.87    1.00      14.56   14.56    0.00   -1.73      1.776   1.776   0.000
  18 2504.1   9/2-  -7/2  29   -1.32    5.41    5.41   11.51    2.17      12.75   12.75    0.00   -2.28      1.554   1.554   0.000
  19 2546.6   7/2-   1/2  31    0.26   15.03   15.03    0.51    2.21      14.41   14.41    0.00   -4.07      1.757   1.757   0.000
  20 3097.5  13/2- -11/2  27   -5.41    2.75    2.75   30.12    4.33      11.97   11.97    0.00   -1.11      1.459   1.459   0.000
  
  21 3162.2  11/2-  -7/2  35   -2.21    2.89    2.89   12.07    2.22      13.50   13.50    0.00   -0.88      1.646   1.646   0.000
  22 3385.3   9/2-   1/2  32    0.03    5.21    5.21    1.04   -0.24      19.29   19.29   -0.00   -2.04      2.352   2.352  -0.000
  23 3437.8  11/2-   1/2  32   -0.50    5.11    5.11    1.56    0.72      19.45   19.45   -0.00   -1.20      2.371   2.371  -0.000
  24 3715.9  13/2-   9/2  37    1.18    3.62    3.62   16.56    3.05      14.99   14.99    0.00   -0.46      1.828   1.828   0.001
  25 3903.3  11/2-   1/2  31    0.19   15.43   15.43    0.66    2.36      19.52   19.52    0.00   -2.78      2.379   2.379   0.000
  
  26 4246.7   1/2-   1/2  36    0.50   17.07   17.07    0.25   -0.73      18.20   18.20   -0.00   -5.80      2.219   2.219  -0.000
  27 4686.6  13/2-  -7/2  35   -2.01    3.01    3.01   12.12    1.96      19.74   19.74    0.00   -0.71      2.407   2.407   0.000
  28 4854.8   5/2-   5/2  30    1.15   20.51   20.51    4.35    1.83      21.64   21.64    0.00   -6.07      2.639   2.639   0.000
  29 5199.6  13/2-  -3/2  33   -0.99    5.11    5.11    2.27    0.59      26.53   26.53    0.00   -1.15      3.234   3.234   0.000
  30 5452.3  13/2-   1/2  31    0.19   13.70   13.70    0.79    1.94      24.93   24.93   -0.00   -2.07      3.040   3.040  -0.000
  
  31*******   1/2-  -3/2  33    0.00    0.00    0.00    0.00   -0.00       0.00    0.00   -0.00   -0.00      0.000   0.000  -0.000
  32*******   1/2-  -3/2  38    0.00    0.00    0.00    0.00   -0.00       0.00    0.00   -0.00   -0.00      0.000   0.000  -0.000
