1SPECTRUM OF (Z= 82 A=207) IN PARTICLE-ROTOR  MODEL WITH MODIFIED OSCILLATOR POTENTIAL


 PARITY=-   EPS= 0.286   GAMMA= 55.0   EPS4=0.000   EPS6=0.000   LEVELS:  29  30  31  32  33

 PAIRING FACTORS: GN0= 19.20  GN1=  7.40  IPAIR= 15 ***  E2PLUS(INPUT)=   0.730  E2PLUR(INPUT)=   0.000

 CORIOLIS ATTENUATION PARAMETERS:  CHSI=0.000  ETA=  1.00

 MOMENT OF INERTIA PARAMETERS:   A1= 11.831 MEV   A2=  0.109 MEV   A3=  0.13393 MEV


 DELTA=0.624 MEV  LAMBDA=53.2392 MEV   HW0= 7.4752 MEV   LAMBDA/HW0= 7.1221

 E2ENERGY=0.730 MEV  HBAR**2/B=14906./A**(7/3)=2519.9/A**2 MEV

 IREC=0  =>  RECOIL TERMS j+j-, j+j+, jzjz, ETC TREATED AS ONE-BODY OPERATORS WITH UU+VV PAIRING FACTORS



 S. P. LEVEL   EQP       U     V        (UU + VV)**1.00

     29       1.708    0.186 0.983      1.000 1.000 0.989 0.954 0.374
     30       1.509    0.212 0.977      1.000 1.000 0.992 0.962 0.398
     31       1.000    0.331 0.944      0.989 0.992 1.000 0.988 0.508
     32       0.751    0.471 0.882      0.954 0.962 0.988 1.000 0.634
     33       1.635    0.981 0.195      0.374 0.398 0.508 0.634 1.000

  R CORE   ENERGY   A0R/A00=1.000    R3= 0     2  
   2( 1)    0.730                   -0.501 0.866
   2( 2)   47.568                    0.866 0.501

  R CORE   ENERGY   A0R/A00=1.000    R3= 0     2  
   3( 1)   48.298                    0.000 1.000

  R CORE   ENERGY   A0R/A00=1.000    R3= 0     2     4  
   4( 1)    2.433                    0.377-0.561 0.737

  R CORE   ENERGY   A0R/A00=1.000    R3= 0     2     4  
   5( 1)   50.488                    0.000-0.501 0.866

  R CORE   ENERGY   A0R/A00=1.000    R3= 0     2     4     6  
   6( 1)    5.108                   -0.316 0.457-0.497 0.666

  R CORE   ENERGY   A0R/A00=1.000    R3= 0     2     4     6  
   7( 1)   53.651                    0.000 0.314-0.587 0.746
 

             ENERGY     K= 1/2
 
 I=  1/2- (1)  8.646  31: 1.000
 
 I=  1/2- (2) 47.163  29: 1.000

             ENERGY     K= 1/2  -3/2
 
 I=  3/2- (1)  9.314  31:-0.501 0.866
 
 I=  3/2- (2) 16.575  30: 0.866 0.500

             ENERGY     K= 5/2   1/2  -3/2
 
 I=  5/2- (1)  9.418  31: 0.790-0.501 0.353
 
 I=  5/2- (2) 12.342  29: 0.249 0.791 0.558

             ENERGY     K= 5/2   1/2  -3/2  -7/2
 
 I=  7/2- (1) 10.976  31:-0.281 0.377-0.486 0.737
 
 I=  7/2- (2) 13.194  29: 0.625 0.280-0.651-0.329

             ENERGY     K= 9/2   5/2   1/2  -3/2  -7/2
 
 I=  9/2- (1) 11.162  31: 0.699-0.469 0.377-0.307 0.233
 
 I=  9/2- (2) 14.288  29: 0.373 0.501-0.470 0.001 0.623

             ENERGY     K= 9/2   5/2   1/2  -3/2  -7/2 -11/2
 
 I= 11/2- (1) 13.609  31: 0.203-0.264 0.316-0.373 0.454-0.666
 
 I= 11/2- (2) 15.625  29: 0.604-0.157-0.263 0.489-0.380-0.397

             ENERGY     K=13/2   9/2   5/2   1/2  -3/2  -7/2 -11/2
 
 I= 13/2- (1)  5.572  33: 0.015 0.137 0.417 0.648 0.561 0.263 0.056
 
 I= 13/2- (2) 13.878  31: 0.642-0.441 0.366-0.316 0.273-0.231 0.179

             ENERGY     K=13/2   9/2   5/2   1/2  -3/2  -7/2 -11/2
  21 LEVELS    TIME=  0.0 SEC



 ******************* EXCITATION ENERGIES, DOMINANT CONFIGURATION AND EXPECTATION VALUES (WITH S.P. UU+VV FACTORS) *******************

  NR  Eex(keV)  I   Kdom  NY    <Jz>  <Jx**2> <Jy**2> <Jz**2> <I.j>/|I|  <Rx**2> <Ry**2> <Rz**2> <R.j>/|R|  <HROTx> <HROTy> <HROTz>

   1    0.0  13/2-   1/2  33   -0.00   41.99   11.99    9.45    6.03       0.05   15.26   12.68   -4.03      0.570   1.669   1.698
   2 3073.8   1/2-   1/2  31    0.42    0.68    3.75    9.62    0.72       0.51    3.59    9.45   -3.65      5.989   0.392   1.265
   3 3741.7   3/2-   3/2  31    0.42    0.68    3.75    9.62   -0.32       0.51    6.32   12.20   -3.36      5.989   0.691   1.634
   4 3845.2   5/2-   5/2  31    0.42    0.68    3.75    9.62    0.49       0.51    6.77   12.61   -2.82      5.989   0.741   1.688
   5 5403.2   7/2-   7/2  31    0.42    0.68    3.75    9.62   -0.36       0.51   13.18   19.00   -2.71      5.989   1.442   2.544
  
   6 5589.4   9/2-   9/2  31    0.42    0.68    3.75    9.62    0.46       0.51   13.99   19.72   -2.01      5.989   1.531   2.641
   7 6769.7   5/2-   1/2  29    0.16    5.71    7.95    3.91    1.89       0.76    9.20    5.16   -3.08      8.936   1.007   0.691
   8 7621.2   7/2-   3/2  29    0.16    5.71    7.95    3.91    1.41       0.76   12.72    8.65   -2.55      8.936   1.391   1.158
   9 8036.5  11/2-  11/2  31    0.42    0.68    3.75    9.62   -0.38       0.51   24.17   29.66   -2.21      5.992   2.645   3.973
  10 8305.5  13/2-  13/2  31    0.42    0.68    3.75    9.62    0.45       0.51   25.35   30.71   -1.45      5.992   2.774   4.113
  
  11 8715.8   9/2-   7/2  29    0.16    5.71    7.95    3.91    1.13       0.76   17.25   13.11   -2.15      8.936   1.887   1.756
  1210053.1  11/2-   9/2  29    0.16    5.71    7.95    3.91    0.94       0.76   22.82   18.54   -1.84      8.937   2.497   2.483
  1311002.4   3/2-   1/2  30   -0.16    2.37    7.74    5.31    0.90       1.13    8.49    6.06   -3.45     13.325   0.929   0.812
  1411610.6   5/2-   3/2  30   -0.16    2.37    7.74    5.31    0.59       1.13   11.00    8.55   -3.01     13.325   1.204   1.145
  1511633.2  13/2-  11/2  29    0.16    5.71    7.95    3.91    0.80       0.76   29.45   24.90   -1.61      8.939   3.223   3.335
  
  1612462.1   7/2-   5/2  30   -0.16    2.37    7.74    5.31    0.44       1.13   14.51   12.04   -2.60     13.325   1.588   1.612
  1713556.2   9/2-   7/2  30   -0.16    2.37    7.74    5.31    0.35       1.13   19.08   16.47   -2.26     13.326   2.088   2.206
  1814893.9  11/2-  11/2  30   -0.16    2.37    7.74    5.31    0.29       1.13   24.63   21.92   -1.98     13.327   2.695   2.935
  1941591.0   1/2-   1/2  29    0.16    5.71    7.95    3.91    1.48       3.72    8.05    4.00   -4.10     44.038   0.881   0.536
  2042071.1   3/2-   3/2  29    0.16    5.71    7.95    3.91    0.42       3.72   10.00    5.99   -3.78     44.038   1.094   0.802
  
  2142299.0   1/2-   1/2  30   -0.16    2.37    7.74    5.31   -0.85       3.78    8.15    5.72   -3.85     44.705   0.891   0.766
