1SPECTRUM OF (Z= 82 A=207) IN PARTICLE-ROTOR  MODEL WITH MODIFIED OSCILLATOR POTENTIAL


 PARITY=-   EPS= 0.310   GAMMA= 27.7   EPS4=0.000   EPS6=0.000   LEVELS:  30  31  32  33  34

 PAIRING FACTORS: GN0= 19.20  GN1=  7.40  IPAIR= 15 ***  E2PLUS(INPUT)=   0.730  E2PLUR(INPUT)=   0.000

 CORIOLIS ATTENUATION PARAMETERS:  CHSI=0.000  ETA=  1.00

 MOMENT OF INERTIA PARAMETERS:   A1=  0.216 MEV   A2=  0.062 MEV   A3=  0.28566 MEV


 DELTA=0.906 MEV  LAMBDA=53.3716 MEV   HW0= 7.4924 MEV   LAMBDA/HW0= 7.1234

 E2ENERGY=0.730 MEV  HBAR**2/B=12022./A**(7/3)=2032.3/A**2 MEV

 IREC=0  =>  RECOIL TERMS j+j-, j+j+, jzjz, ETC TREATED AS ONE-BODY OPERATORS WITH UU+VV PAIRING FACTORS



 S. P. LEVEL   EQP       U     V        (UU + VV)**1.00

     30       1.605    0.295 0.955      1.000 0.998 0.751 0.732 0.681
     31       1.362    0.356 0.935      0.998 1.000 0.792 0.774 0.727
     32       1.017    0.853 0.522      0.751 0.792 1.000 1.000 0.995
     33       1.050    0.867 0.498      0.732 0.774 1.000 1.000 0.997
     34       1.158    0.901 0.435      0.681 0.727 0.995 0.997 1.000

  R CORE   ENERGY   A0R/A00=1.000    R3= 0     2  
   2( 1)    0.730                    0.933-0.361
   2( 2)    1.524                    0.361 0.933

  R CORE   ENERGY   A0R/A00=1.000    R3= 0     2  
   3( 1)    2.254                    0.000 1.000

  R CORE   ENERGY   A0R/A00=1.000    R3= 0     2     4  
   4( 1)    1.977                    0.788-0.610 0.079

  R CORE   ENERGY   A0R/A00=1.000    R3= 0     2     4  
   5( 1)    4.444                    0.000 0.933-0.361

  R CORE   ENERGY   A0R/A00=1.000    R3= 0     2     4     6  
   6( 1)    3.708                    0.711-0.676 0.194-0.016

  R CORE   ENERGY   A0R/A00=1.000    R3= 0     2     4     6  
   7( 1)    7.165                    0.000 0.828-0.549 0.110
 

             ENERGY     K= 1/2
 
 I=  1/2- (1)  2.993  34: 1.000
 
 I=  1/2- (2)  3.637  32: 1.000

             ENERGY     K= 1/2  -3/2
 
 I=  3/2- (1)  2.966  34: 0.617 0.787
 
 I=  3/2- (2)  3.171  34: 0.787-0.617

             ENERGY     K= 5/2   1/2  -3/2
 
 I=  5/2- (1)  3.261  34:-0.029-0.552 0.833
 
 I=  5/2- (2)  4.406  32: 0.322-0.925 0.201

             ENERGY     K= 5/2   1/2  -3/2  -7/2
 
 I=  7/2- (1)  4.328  34: 0.282-0.827 0.483-0.054
 
 I=  7/2- (2)  4.638  34: 0.034-0.486-0.818 0.306

             ENERGY     K= 9/2   5/2   1/2  -3/2  -7/2
 
 I=  9/2- (1)  4.543  34:-0.007-0.088 0.589-0.763 0.252
 
 I=  9/2- (2)  5.305  33:-0.010-0.239-0.769-0.587-0.081

             ENERGY     K= 9/2   5/2   1/2  -3/2  -7/2 -11/2
 
 I= 11/2- (1)  3.786  31: 0.036 0.322 0.747 0.565 0.131 0.006
 
 I= 11/2- (2)  5.996  34:-0.071 0.378-0.719 0.554-0.169 0.014

             ENERGY     K=13/2   9/2   5/2   1/2  -3/2  -7/2 -11/2
 
 I= 13/2- (1)  5.695  31: 0.006 0.167 0.615 0.259-0.610-0.391-0.044
 
 I= 13/2- (2)  6.042  33:-0.001-0.001 0.231 0.778 0.581 0.061-0.006

             ENERGY     K=13/2   9/2   5/2   1/2  -3/2  -7/2 -11/2
  21 LEVELS    TIME=  0.0 SEC



 ******************* EXCITATION ENERGIES, DOMINANT CONFIGURATION AND EXPECTATION VALUES (WITH S.P. UU+VV FACTORS) *******************

  NR  Eex(keV)  I   Kdom  NY    <Jz>  <Jx**2> <Jy**2> <Jz**2> <I.j>/|I|  <Rx**2> <Ry**2> <Rz**2> <R.j>/|R|  <HROTx> <HROTy> <HROTz>

   1    0.0   3/2-   3/2  34   -0.48    1.36    8.34    2.24    0.59       1.97    8.41    3.02   -2.95      0.426   0.520   0.862
   2   27.8   1/2-   1/2  34   -0.48    1.36    8.34    2.24   -0.47       2.17    8.36    2.98   -3.36      0.468   0.516   0.851
   3  205.6   3/2-   1/2  34   -0.48    1.36    8.34    2.24   -0.18       2.14   11.24    3.00   -3.04      0.462   0.694   0.858
   4  295.0   5/2-   3/2  34   -0.48    1.36    8.34    2.24    0.45       2.01   12.99    3.03   -2.50      0.435   0.803   0.865
   5  671.3   1/2-   1/2  32    0.42    1.97    1.76    7.61    0.73       1.85    1.55    7.44   -3.25      0.400   0.096   2.124
  
   6  820.1  11/2-   1/2  31    0.03   48.04    7.70    1.52    6.21       3.49   11.95    3.26   -4.65      0.753   0.739   0.931
   7 1336.7   3/2-   1/2  32    0.42    1.97    1.76    7.61   -0.35       3.33    5.28    7.84   -2.96      0.719   0.326   2.240
   8 1362.5   7/2-   1/2  34   -0.48    1.36    8.34    2.24   -0.19       3.56   21.99    3.65   -2.35      0.770   1.359   1.042
   9 1440.0   5/2-   1/2  32    0.42    1.97    1.76    7.61    0.51       3.47    5.57    8.03   -2.38      0.749   0.344   2.295
  10 1577.7   9/2-   3/2  34   -0.48    1.36    8.34    2.24    0.38       3.54   25.82    3.59   -1.75      0.763   1.596   1.027
  
  11 1672.9   7/2-   3/2  34   -0.48    1.36    8.34    2.24    0.49       7.54   12.48    3.79   -2.05      1.628   0.771   1.082
  12 1684.2   5/2-   1/2  34   -0.48    1.36    8.34    2.24   -0.39       7.31   11.50    4.21   -2.73      1.580   0.710   1.202
  13 2339.2   9/2-   1/2  33   -0.58   28.59   23.55    3.43    4.32       5.85   26.81    4.67   -5.58      1.263   1.657   1.335
  14 2570.0   7/2-   1/2  31    0.03   48.04    7.70    1.52    5.99      12.68    9.93    2.88   -6.64      2.738   0.613   0.822
  15 2698.0   9/2-   1/2  32    0.42    1.97    1.76    7.61    0.49       4.41   17.71    9.10   -1.59      0.953   1.094   2.599
  
  16 2729.0  13/2-   5/2  31    0.03   48.04    7.70    1.52    5.19       4.15   22.17    7.23   -3.63      0.896   1.370   2.066
  17 3030.2  11/2-   1/2  34   -0.48    1.36    8.34    2.24   -0.21       4.73   41.02    4.49   -1.86      1.022   2.535   1.282
  18 3076.4  13/2-   1/2  33   -0.58   28.59   23.55    3.43    4.34       8.16   30.91    4.62   -3.82      1.763   1.910   1.320
  19 3224.5   1/2-   1/2  30    2.85    2.37    1.82   16.01    1.42       2.84    2.25   13.42   -4.41      0.613   0.139   3.832
  20 3370.9  13/2-   3/2  34   -0.48    1.36    8.34    2.24    0.34       4.75   46.78    4.41   -1.28      1.027   2.891   1.261
  
  21 3836.7  11/2-   9/2  30    2.85    2.37    1.82   16.01    1.79       5.34   19.20   10.00   -1.62      1.153   1.186   2.858
