1SPECTRUM OF (Z= 82 A=207) IN PARTICLE-ROTOR  MODEL WITH MODIFIED OSCILLATOR POTENTIAL


 PARITY=-   EPS= 0.186   GAMMA= 27.7   EPS4=0.000   EPS6=0.000   LEVELS:  31  32  33  34  35

 PAIRING FACTORS: GN0= 19.20  GN1=  7.40  IPAIR= 15 ***  E2PLUS(INPUT)=   0.730  E2PLUR(INPUT)=   0.000

 CORIOLIS ATTENUATION PARAMETERS:  CHSI=0.000  ETA=  1.00

 MOMENT OF INERTIA PARAMETERS:   A1=  0.216 MEV   A2=  0.062 MEV   A3=  0.28566 MEV


 DELTA=0.806 MEV  LAMBDA=53.4048 MEV   HW0= 7.4397 MEV   LAMBDA/HW0= 7.1783

 E2ENERGY=0.730 MEV  HBAR**2/B= 4328./A**(7/3)= 731.6/A**2 MEV

 IREC=0  =>  RECOIL TERMS j+j-, j+j+, jzjz, ETC TREATED AS ONE-BODY OPERATORS WITH UU+VV PAIRING FACTORS



 S. P. LEVEL   EQP       U     V        (UU + VV)**1.00

     31       1.173    0.370 0.929      1.000 1.000 0.843 0.659 0.542
     32       1.166    0.372 0.928      1.000 1.000 0.845 0.661 0.545
     33       0.850    0.812 0.584      0.843 0.845 1.000 0.960 0.909
     34       1.281    0.943 0.334      0.659 0.661 0.960 1.000 0.989
     35       2.125    0.981 0.193      0.542 0.545 0.909 0.989 1.000

  R CORE   ENERGY   A0R/A00=1.000    R3= 0     2  
   2( 1)    0.730                    0.933-0.361
   2( 2)    1.524                    0.361 0.933

  R CORE   ENERGY   A0R/A00=1.000    R3= 0     2  
   3( 1)    2.254                    0.000 1.000

  R CORE   ENERGY   A0R/A00=1.000    R3= 0     2     4  
   4( 1)    1.977                    0.788-0.610 0.079

  R CORE   ENERGY   A0R/A00=1.000    R3= 0     2     4  
   5( 1)    4.444                    0.000 0.933-0.361

  R CORE   ENERGY   A0R/A00=1.000    R3= 0     2     4     6  
   6( 1)    3.708                    0.711-0.676 0.194-0.016

  R CORE   ENERGY   A0R/A00=1.000    R3= 0     2     4     6  
   7( 1)    7.165                    0.000 0.828-0.549 0.110
 

             ENERGY     K= 1/2
 
 I=  1/2- (1)  2.774  31: 1.000
 
 I=  1/2- (2)  2.802  32: 1.000

             ENERGY     K= 1/2  -3/2
 
 I=  3/2- (1)  2.785  32: 0.394 0.919
 
 I=  3/2- (2)  2.942  33: 1.000-0.005

             ENERGY     K= 5/2   1/2  -3/2
 
 I=  5/2- (1)  3.010  32: 0.015-0.582 0.813
 
 I=  5/2- (2)  3.580  31: 0.248-0.952 0.179

             ENERGY     K= 5/2   1/2  -3/2  -7/2
 
 I=  7/2- (1)  3.926  33: 0.526-0.816 0.239 0.004
 
 I=  7/2- (2)  4.329  32:-0.172 0.501-0.819 0.222

             ENERGY     K= 9/2   5/2   1/2  -3/2  -7/2
 
 I=  9/2- (1)  4.204  32: 0.003-0.140 0.612-0.737 0.250
 
 I=  9/2- (2)  4.902  31:-0.057 0.449-0.799 0.393-0.045

             ENERGY     K= 9/2   5/2   1/2  -3/2  -7/2 -11/2
 
 I= 11/2- (1)  3.839  34: 0.040 0.327 0.742 0.567 0.138 0.007
 
 I= 11/2- (2)  5.418  33:-0.152 0.571-0.728 0.344-0.046-0.001

             ENERGY     K=13/2   9/2   5/2   1/2  -3/2  -7/2 -11/2
 
 I= 13/2- (1)  5.769  34: 0.008 0.177 0.615 0.255-0.601-0.402-0.050
 
 I= 13/2- (2)  5.895  32:-0.001 0.033-0.230 0.599-0.682 0.342-0.065

             ENERGY     K=13/2   9/2   5/2   1/2  -3/2  -7/2 -11/2
  21 LEVELS    TIME=  0.0 SEC



 ******************* EXCITATION ENERGIES, DOMINANT CONFIGURATION AND EXPECTATION VALUES (WITH S.P. UU+VV FACTORS) *******************

  NR  Eex(keV)  I   Kdom  NY    <Jz>  <Jx**2> <Jy**2> <Jz**2> <I.j>/|I|  <Rx**2> <Ry**2> <Rz**2> <R.j>/|R|  <HROTx> <HROTy> <HROTz>

   1    0.0   1/2-   1/2  31    0.16    1.81    1.22    4.03    0.50       1.62    1.21    4.12   -2.51      0.350   0.075   1.177
   2   10.9   3/2-   3/2  32   -0.54    1.45    6.72    1.94    0.68       2.26    6.37    2.58   -2.62      0.487   0.394   0.738
   3   27.9   1/2-   1/2  32   -0.54    1.45    6.72    1.94   -0.20       2.16    6.31    2.73   -3.07      0.466   0.390   0.780
   4  137.6   1/2-   1/2  33    0.71    1.30    1.96    5.58   -0.12       2.02    2.66    5.12   -2.86      0.435   0.165   1.462
   5  168.2   3/2-   1/2  33    0.71    1.30    1.96    5.58    0.66       2.11    2.82    5.12   -2.39      0.456   0.174   1.462
  
   6  236.3   5/2-   3/2  32   -0.54    1.45    6.72    1.94    0.70       2.26    9.86    2.62   -2.10      0.488   0.609   0.748
   7  315.4   3/2-   1/2  32   -0.54    1.45    6.72    1.94   -0.51       2.21   10.89    2.70   -2.79      0.478   0.673   0.772
   8  805.6   5/2-   1/2  31    0.16    1.81    1.22    4.03    0.35       3.51    5.71    4.54   -1.63      0.759   0.353   1.295
   9 1054.2   5/2-   5/2  33    0.71    1.30    1.96    5.58    0.39       2.22    5.53    7.55   -1.97      0.479   0.342   2.158
  10 1064.9  11/2-   1/2  34    0.01   52.65    6.87    1.90    6.58       3.81   11.01    3.69   -5.13      0.823   0.680   1.054
  
  11 1152.4   7/2-   1/2  33    0.71    1.30    1.96    5.58    0.57       2.82   10.96    6.27   -1.47      0.610   0.677   1.790
  12 1429.7   9/2-   3/2  32   -0.54    1.45    6.72    1.94    0.68       3.67   21.18    3.28   -1.27      0.793   1.309   0.936
  13 1554.8   7/2-   3/2  32   -0.54    1.45    6.72    1.94   -0.39       4.21   21.55    3.23   -2.17      0.908   1.332   0.923
  14 1698.4   7/2-   1/2  32   -0.54    1.45    6.72    1.94    0.43       7.01   11.64    3.76   -1.77      1.514   0.720   1.073
  15 2128.0   9/2-   1/2  31    0.16    1.81    1.22    4.03    0.30       4.37   18.76    5.70   -1.04      0.943   1.159   1.627
  
  16 2606.8   9/2-   1/2  33    0.71    1.30    1.96    5.58   -0.25       4.50   24.35    7.20   -1.68      0.971   1.504   2.056
  17 2643.7  11/2-   1/2  33    0.71    1.30    1.96    5.58    0.53       4.01   27.12    7.09   -0.92      0.867   1.676   2.025
  18 2995.1  13/2-   5/2  34    0.01   52.65    6.87    1.90    5.51       4.49   20.97    7.78   -3.98      0.969   1.296   2.223
  19 3121.4  13/2-   3/2  32   -0.54    1.45    6.72    1.94    0.67       4.88   40.51    4.10   -0.77      1.054   2.503   1.172
  20 3338.4  11/2-   3/2  32   -0.54    1.45    6.72    1.94   -0.58       5.01   43.78    4.06   -1.87      1.081   2.705   1.160
  
  21 3351.5  13/2-   1/2  35   -0.17   35.66   20.59    4.91    5.32       2.22   26.96    6.50   -4.03      0.479   1.666   1.856
