1SPECTRUM OF (Z= 82 A=207) IN PARTICLE-ROTOR  MODEL WITH MODIFIED OSCILLATOR POTENTIAL


 PARITY=-   EPS= 0.353   GAMMA=  7.5   EPS4=0.000   EPS6=0.000   LEVELS:  29  30  31  32  33

 PAIRING FACTORS: GN0= 19.20  GN1=  7.40  IPAIR= 15 ***  E2PLUS(INPUT)=   0.730  E2PLUR(INPUT)=   0.000

 CORIOLIS ATTENUATION PARAMETERS:  CHSI=0.000  ETA=  1.00

 MOMENT OF INERTIA PARAMETERS:   A1=  0.140 MEV   A2=  0.103 MEV   A3=  5.17558 MEV


 DELTA=0.917 MEV  LAMBDA=53.3810 MEV   HW0= 7.5243 MEV   LAMBDA/HW0= 7.0945

 E2ENERGY=0.730 MEV  HBAR**2/B=22280./A**(7/3)=3766.5/A**2 MEV

 IREC=0  =>  RECOIL TERMS j+j-, j+j+, jzjz, ETC TREATED AS ONE-BODY OPERATORS WITH UU+VV PAIRING FACTORS



 S. P. LEVEL   EQP       U     V        (UU + VV)**1.00

     29       1.441    0.338 0.941      1.000 0.999 0.945 0.931 0.815
     30       1.332    0.370 0.929      0.999 1.000 0.956 0.943 0.835
     31       0.938    0.628 0.778      0.945 0.956 1.000 0.999 0.960
     32       0.925    0.658 0.753      0.931 0.943 0.999 1.000 0.970
     33       0.977    0.821 0.572      0.815 0.835 0.960 0.970 1.000

  R CORE   ENERGY   A0R/A00=1.000    R3= 0     2  
   2( 1)    0.730                    1.000-0.003
   2( 2)   20.946                    0.003 1.000

  R CORE   ENERGY   A0R/A00=1.000    R3= 0     2  
   3( 1)   21.676                    0.000 1.000

  R CORE   ENERGY   A0R/A00=1.000    R3= 0     2     4  
   4( 1)    2.431                    1.000-0.012 0.000

  R CORE   ENERGY   A0R/A00=1.000    R3= 0     2     4  
   5( 1)   23.866                    0.000 1.000-0.003

  R CORE   ENERGY   A0R/A00=1.000    R3= 0     2     4     6  
   6( 1)    5.097                    1.000-0.026 0.000-0.000

  R CORE   ENERGY   A0R/A00=1.000    R3= 0     2     4     6  
   7( 1)   27.028                    0.000 1.000-0.007 0.000
 

             ENERGY     K= 1/2
 
 I=  1/2- (1) 14.288  29: 1.000
 
 I=  1/2- (2) 21.114  31: 1.000

             ENERGY     K= 1/2  -3/2
 
 I=  3/2- (1)  8.425  30:-0.030 1.000
 
 I=  3/2- (2) 12.658  31: 0.016 1.000

             ENERGY     K= 5/2   1/2  -3/2
 
 I=  5/2- (1)  7.790  33: 1.000-0.003-0.000
 
 I=  5/2- (2)  9.016  30: 0.001 0.043 0.999

             ENERGY     K= 5/2   1/2  -3/2  -7/2
 
 I=  7/2- (1)  6.412  32:-0.000-0.000 0.005-1.000
 
 I=  7/2- (2)  8.641  33: 1.000-0.006 0.000 0.000

             ENERGY     K= 9/2   5/2   1/2  -3/2  -7/2
 
 I=  9/2- (1)  7.506  32:-0.000-0.000 0.000-0.010 1.000
 
 I=  9/2- (2)  9.734  33: 0.006-1.000 0.010 0.000 0.000

             ENERGY     K= 9/2   5/2   1/2  -3/2  -7/2 -11/2
 
 I= 11/2- (1)  8.842  32: 0.000 0.000 0.000-0.017 1.000-0.006
 
 I= 11/2- (2) 11.069  33: 0.011-1.000 0.015-0.001-0.000 0.000

             ENERGY     K=13/2   9/2   5/2   1/2  -3/2  -7/2 -11/2
 
 I= 13/2- (1) 10.417  32: 0.000-0.000-0.000 0.000-0.024 1.000-0.011
 
 I= 13/2- (2) 12.643  33: 0.000-0.017 1.000-0.021-0.001-0.000 0.000

             ENERGY     K=13/2   9/2   5/2   1/2  -3/2  -7/2 -11/2
  21 LEVELS    TIME=  0.0 SEC



 ******************* EXCITATION ENERGIES, DOMINANT CONFIGURATION AND EXPECTATION VALUES (WITH S.P. UU+VV FACTORS) *******************

  NR  Eex(keV)  I   Kdom  NY    <Jz>  <Jx**2> <Jy**2> <Jz**2> <I.j>/|I|  <Rx**2> <Ry**2> <Rz**2> <R.j>/|R|  <HROTx> <HROTy> <HROTz>

   1    0.0   7/2-   7/2  32   -3.22    2.18    2.67   11.18    2.84       3.91    4.44    0.87   -1.56      0.547   0.459   4.481
   2 1094.0   9/2-   7/2  32   -3.22    2.18    2.67   11.18    2.27       8.34    9.01    0.87   -1.11      1.168   0.931   4.483
   3 1377.2   5/2-   5/2  33    2.46   25.27   23.52    6.13    2.08      26.51   24.78    0.10   -6.80      3.713   2.560   0.539
   4 2012.6   3/2-   3/2  30   -1.40   21.17   27.08    2.18    1.16      21.73   27.74    0.23   -6.84      3.045   2.866   1.183
   5 2228.5   7/2-   5/2  33    2.46   25.27   23.52    6.13    1.55      29.97   28.32    0.10   -6.38      4.199   2.925   0.539
  
   6 2429.2  11/2-   7/2  32   -3.22    2.18    2.67   11.18    1.89      13.64   14.70    0.87   -0.88      1.912   1.519   4.486
   7 2603.1   5/2-   3/2  30   -1.40   21.17   27.08    2.18    0.82      24.27   29.84    0.23   -6.51      3.400   3.083   1.201
   8 3321.8   9/2-   5/2  33    2.46   25.27   23.52    6.13    1.23      34.37   32.92    0.10   -5.94      4.815   3.401   0.541
   9 3392.5   7/2-   3/2  30   -1.40   21.17   27.08    2.18    0.71      26.65   33.68    0.24   -6.12      3.734   3.479   1.260
  10 4004.4  13/2-   7/2  32   -3.22    2.18    2.67   11.18    1.62      19.77   21.58    0.87   -0.73      2.770   2.229   4.493
  
  11 4490.5   9/2-   3/2  30   -1.40   21.17   27.08    2.18    0.60      32.26   36.71    0.24   -5.70      4.519   3.792   1.260
  12 4656.3  11/2-   5/2  33    2.46   25.27   23.52    6.13    1.03      39.64   38.65    0.11   -5.51      5.553   3.993   0.546
  13 5672.0  11/2-   3/2  30   -1.40   21.17   27.08    2.18    0.63      34.11   44.22    0.27   -5.26      4.779   4.568   1.405
  14 6230.8  13/2-   5/2  33    2.46   25.27   23.52    6.13    0.88      45.73   45.56    0.11   -5.10      6.406   4.707   0.553
  15 6245.3   3/2-   3/2  31   -0.91    1.97    7.43    2.52    0.72       2.72    8.14    2.03   -2.93      0.381   0.841  10.498
  
  16 6841.8   5/2-   3/2  31   -0.91    1.97    7.43    2.52    0.49       4.94   10.78    2.03   -2.48      0.693   1.114  10.510
  17 7336.0  13/2-   3/2  30   -1.40   21.17   27.08    2.18    0.54      44.50   46.93    0.26   -4.88      6.234   4.849   1.334
  18 7875.1   1/2-   1/2  29   -0.31    5.97    3.76    1.67   -0.23       5.86    4.46    2.23   -3.28      0.821   0.461  11.565
  19 8243.2   3/2-   1/2  29   -0.31    5.97    3.76    1.67    0.00       8.28    4.63    2.24   -2.93      1.160   0.478  11.576
  2014701.3   1/2-   1/2  31   -0.91    1.97    7.43    2.52   -0.62       2.69    7.37    3.68   -3.36      0.377   0.762  19.038
  
  2120525.5   1/2-   1/2  30   -1.40   21.17   27.08    2.18   -0.80      20.11   28.62    3.83   -7.05      2.818   2.957  19.831
