1SPECTRUM OF (Z= 82 A=207) IN PARTICLE-ROTOR  MODEL WITH MODIFIED OSCILLATOR POTENTIAL


 PARITY=-   EPS= 0.500   GAMMA= 22.1   EPS4=0.000   EPS6=0.000   LEVELS:  30  31  32  33  34

 PAIRING FACTORS: GN0= 19.20  GN1=  7.40  IPAIR= 15 ***  E2PLUS(INPUT)=   0.019  E2PLUR(INPUT)=   0.000

 CORIOLIS ATTENUATION PARAMETERS:  CHSI=0.000  ETA=  1.00

 MOMENT OF INERTIA PARAMETERS:   A1=  0.005 MEV   A2=  0.002 MEV   A3=  0.01262 MEV


 DELTA=0.830 MEV  LAMBDA=53.5217 MEV   HW0= 7.6393 MEV   LAMBDA/HW0= 7.0061

 E2ENERGY=0.019 MEV  HBAR**2/B=  906./A**(7/3)= 153.1/A**2 MEV

 IREC=0  =>  RECOIL TERMS j+j-, j+j+, jzjz, ETC TREATED AS ONE-BODY OPERATORS WITH UU+VV PAIRING FACTORS



 S. P. LEVEL   EQP       U     V        (UU + VV)**1.00

     30       1.682    0.255 0.967      1.000 0.797 0.752 0.665 0.629
     31       0.855    0.787 0.616      0.797 1.000 0.998 0.981 0.971
     32       0.895    0.829 0.559      0.752 0.998 1.000 0.992 0.985
     33       1.029    0.892 0.452      0.665 0.981 0.992 1.000 0.999
     34       1.111    0.912 0.410      0.629 0.971 0.985 0.999 1.000

  R CORE   ENERGY   A0R/A00=1.000    R3= 0     2  
   2( 1)    0.019                    0.991-0.132
   2( 2)    0.058                    0.132 0.991

  R CORE   ENERGY   A0R/A00=1.000    R3= 0     2  
   3( 1)    0.077                    0.000 1.000

  R CORE   ENERGY   A0R/A00=1.000    R3= 0     2     4  
   4( 1)    0.057                    0.918-0.395 0.019

  R CORE   ENERGY   A0R/A00=1.000    R3= 0     2     4  
   5( 1)    0.134                    0.000 0.991-0.132

  R CORE   ENERGY   A0R/A00=1.000    R3= 0     2     4     6  
   6( 1)    0.109                    0.827-0.558 0.075-0.002

  R CORE   ENERGY   A0R/A00=1.000    R3= 0     2     4     6  
   7( 1)    0.211                    0.000 0.962-0.274 0.020
 

             ENERGY     K= 1/2
 
 I=  1/2- (1)  0.960  31: 1.000
 
 I=  1/2- (2)  1.017  32: 1.000

             ENERGY     K= 1/2  -3/2
 
 I=  3/2- (1)  0.963  31: 0.998-0.055
 
 I=  3/2- (2)  1.017  32:-0.446 0.895

             ENERGY     K= 5/2   1/2  -3/2
 
 I=  5/2- (1)  0.989  31: 0.307-0.950 0.059
 
 I=  5/2- (2)  1.003  31: 0.942 0.294-0.162

             ENERGY     K= 5/2   1/2  -3/2  -7/2
 
 I=  7/2- (1)  0.992  31: 0.318-0.925 0.206-0.009
 
 I=  7/2- (2)  1.028  31: 0.937 0.340 0.080-0.011

             ENERGY     K= 9/2   5/2   1/2  -3/2  -7/2
 
 I=  9/2- (1)  1.034  31:-0.045 0.587-0.801 0.107 0.000
 
 I=  9/2- (2)  1.058  31: 0.076-0.741-0.487 0.453-0.048

             ENERGY     K= 9/2   5/2   1/2  -3/2  -7/2 -11/2
 
 I= 11/2- (1)  1.035  31: 0.054-0.451 0.830-0.322 0.038-0.001
 
 I= 11/2- (2)  1.089  32: 0.001-0.086 0.621-0.761 0.168-0.007

             ENERGY     K=13/2   9/2   5/2   1/2  -3/2  -7/2 -11/2
 
 I= 13/2- (1)  1.093  31: 0.005-0.127 0.639-0.736 0.182-0.010-0.000
 
 I= 13/2- (2)  1.131  31: 0.010-0.189 0.608 0.400-0.644 0.142-0.009

             ENERGY     K=13/2   9/2   5/2   1/2  -3/2  -7/2 -11/2
  21 LEVELS    TIME=  0.0 SEC



 ******************* EXCITATION ENERGIES, DOMINANT CONFIGURATION AND EXPECTATION VALUES (WITH S.P. UU+VV FACTORS) *******************

  NR  Eex(keV)  I   Kdom  NY    <Jz>  <Jx**2> <Jy**2> <Jz**2> <I.j>/|I|  <Rx**2> <Ry**2> <Rz**2> <R.j>/|R|  <HROTx> <HROTy> <HROTz>

   1    0.0   1/2-   1/2  31    0.75   10.47   21.31    1.50   -0.11      10.90   22.31    1.00   -5.70      0.052   0.041   0.013
   2    3.0   3/2-   1/2  31    0.75   10.47   21.31    1.50    0.70      11.79   21.52    1.01   -5.45      0.056   0.039   0.013
   3   28.9   5/2-   1/2  31    0.75   10.47   21.31    1.50   -0.30      13.73   28.75    1.30   -5.16      0.065   0.052   0.016
   4   31.7   7/2-   1/2  31    0.75   10.47   21.31    1.50    0.68      13.98   28.16    1.51   -4.63      0.066   0.051   0.019
   5   42.8   5/2-   5/2  31    0.75   10.47   21.31    1.50    0.60      12.58   22.08    3.80   -5.08      0.060   0.040   0.048
  
   6   56.6   1/2-   1/2  32   -0.51    4.40    6.87    6.20   -0.20       4.24    7.37    6.96   -4.10      0.020   0.013   0.088
   7   57.5   3/2-   3/2  32   -0.51    4.40    6.87    6.20    0.51       4.26    8.07    6.93   -3.76      0.020   0.015   0.087
   8   64.3   3/2-   3/2  31    0.75   10.47   21.31    1.50   -0.60      11.28   22.11    5.98   -5.49      0.053   0.040   0.075
   9   68.1   7/2-   5/2  31    0.75   10.47   21.31    1.50    0.53      17.71   23.46    3.67   -4.66      0.084   0.043   0.046
  10   73.6   9/2-   1/2  31    0.75   10.47   21.31    1.50   -0.23      15.70   42.44    2.12   -4.43      0.074   0.077   0.027
  
  11   74.7  11/2-   1/2  31    0.75   10.47   21.31    1.50    0.70      15.54   42.95    2.20   -3.74      0.074   0.078   0.028
  12   77.0   5/2-   3/2  32   -0.51    4.40    6.87    6.20    0.36       7.91    9.28    6.93   -3.34      0.037   0.017   0.087
  13   84.7   7/2-   3/2  32   -0.51    4.40    6.87    6.20    0.38       6.59   16.66    6.97   -2.91      0.031   0.030   0.088
  14   98.2   9/2-   5/2  31    0.75   10.47   21.31    1.50    0.25      20.91   30.79    3.80   -4.30      0.099   0.056   0.048
  15  119.8   9/2-   1/2  32   -0.51    4.40    6.87    6.20   -0.22       8.85   28.36    7.22   -2.79      0.042   0.052   0.091
  
  16  129.3  11/2-   3/2  32   -0.51    4.40    6.87    6.20    0.34       9.11   32.85    7.22   -2.20      0.043   0.060   0.091
  17  133.4  13/2-   1/2  31    0.75   10.47   21.31    1.50   -0.29      18.22   65.30    2.62   -3.81      0.086   0.119   0.033
  18  141.1  11/2-   5/2  31    0.75   10.47   21.31    1.50    0.34      29.92   31.32    3.74   -3.88      0.142   0.057   0.047
  19  170.8  13/2-   3/2  31    0.75   10.47   21.31    1.50    0.25      26.79   46.73    5.05   -3.56      0.127   0.085   0.064
  20  176.3  13/2-   1/2  32   -0.51    4.40    6.87    6.20   -0.23      11.01   50.80    7.64   -2.29      0.052   0.092   0.096
  
  21  208.8   1/2-   1/2  33   -0.64    3.00    1.44    8.86   -0.05       3.06    1.33    9.75   -3.55      0.014   0.002   0.123
