1SPECTRUM OF (Z= 82 A=207) IN PARTICLE-ROTOR  MODEL WITH MODIFIED OSCILLATOR POTENTIAL


 PARITY=-   EPS= 0.372   GAMMA= 13.8   EPS4=0.000   EPS6=0.000   LEVELS:  30  31  32  33  34

 PAIRING FACTORS: GN0= 19.20  GN1=  7.40  IPAIR= 15 ***  E2PLUS(INPUT)=   0.730  E2PLUR(INPUT)=   0.000

 CORIOLIS ATTENUATION PARAMETERS:  CHSI=0.000  ETA=  1.00

 MOMENT OF INERTIA PARAMETERS:   A1=  0.156 MEV   A2=  0.088 MEV   A3=  1.41842 MEV


 DELTA=0.902 MEV  LAMBDA=53.4133 MEV   HW0= 7.5360 MEV   LAMBDA/HW0= 7.0878

 E2ENERGY=0.730 MEV  HBAR**2/B=22795./A**(7/3)=3853.5/A**2 MEV

 IREC=0  =>  RECOIL TERMS j+j-, j+j+, jzjz, ETC TREATED AS ONE-BODY OPERATORS WITH UU+VV PAIRING FACTORS



 S. P. LEVEL   EQP       U     V        (UU + VV)**1.00

     30       1.414    0.339 0.941      1.000 0.936 0.871 0.795 0.772
     31       0.914    0.648 0.762      0.936 1.000 0.988 0.957 0.946
     32       0.912    0.757 0.653      0.871 0.988 1.000 0.990 0.985
     33       0.990    0.840 0.542      0.795 0.957 0.990 1.000 0.999
     34       1.028    0.860 0.510      0.772 0.946 0.985 0.999 1.000

  R CORE   ENERGY   A0R/A00=1.000    R3= 0     2  
   2( 1)    0.730                    1.000-0.023
   2( 2)    5.921                    0.023 1.000

  R CORE   ENERGY   A0R/A00=1.000    R3= 0     2  
   3( 1)    6.651                    0.000 1.000

  R CORE   ENERGY   A0R/A00=1.000    R3= 0     2     4  
   4( 1)    2.402                    0.996-0.087 0.001

  R CORE   ENERGY   A0R/A00=1.000    R3= 0     2     4  
   5( 1)    8.841                    0.000 1.000-0.023

  R CORE   ENERGY   A0R/A00=1.000    R3= 0     2     4     6  
   6( 1)    4.947                    0.983-0.181 0.005-0.000

  R CORE   ENERGY   A0R/A00=1.000    R3= 0     2     4     6  
   7( 1)   11.983                    0.000 0.999-0.051 0.001
 

             ENERGY     K= 1/2
 
 I=  1/2- (1)  6.157  34: 1.000
 
 I=  1/2- (2)  8.591  30: 1.000

             ENERGY     K= 1/2  -3/2
 
 I=  3/2- (1)  5.723  34: 0.193 0.981
 
 I=  3/2- (2)  6.377  34: 0.981-0.193

             ENERGY     K= 5/2   1/2  -3/2
 
 I=  5/2- (1)  6.175  34:-0.006-0.381 0.925
 
 I=  5/2- (2)  7.337  33: 1.000-0.007-0.001

             ENERGY     K= 5/2   1/2  -3/2  -7/2
 
 I=  7/2- (1)  3.842  31: 0.000 0.000-0.032 1.000
 
 I=  7/2- (2)  7.170  34: 0.011 0.256 0.966-0.015

             ENERGY     K= 9/2   5/2   1/2  -3/2  -7/2
 
 I=  9/2- (1)  4.074  33: 0.999-0.039 0.001 0.000-0.000
 
 I=  9/2- (2)  4.927  31:-0.000 0.000-0.001 0.063-0.998

             ENERGY     K= 9/2   5/2   1/2  -3/2  -7/2 -11/2
 
 I= 11/2- (1)  5.396  33: 0.997-0.076 0.002-0.000 0.001 0.000
 
 I= 11/2- (2)  6.228  31:-0.001 0.000 0.003-0.100 0.994-0.046

             ENERGY     K=13/2   9/2   5/2   1/2  -3/2  -7/2 -11/2
 
 I= 13/2- (1)  6.923  33: 0.057-0.992 0.116-0.004-0.000 0.001 0.000
 
 I= 13/2- (2)  7.732  31:-0.000 0.001-0.001 0.006-0.141 0.986-0.085

             ENERGY     K=13/2   9/2   5/2   1/2  -3/2  -7/2 -11/2
  21 LEVELS    TIME=  0.0 SEC



 ******************* EXCITATION ENERGIES, DOMINANT CONFIGURATION AND EXPECTATION VALUES (WITH S.P. UU+VV FACTORS) *******************

  NR  Eex(keV)  I   Kdom  NY    <Jz>  <Jx**2> <Jy**2> <Jz**2> <I.j>/|I|  <Rx**2> <Ry**2> <Rz**2> <R.j>/|R|  <HROTx> <HROTy> <HROTz>

   1    0.0   7/2-   7/2  31   -3.16    2.53    1.81   11.22    2.78       4.14    3.71    1.38   -1.49      0.647   0.326   1.955
   2  231.8   9/2-   9/2  33    4.12    2.63    1.82   18.19    3.72       4.66    4.31    1.39   -1.28      0.727   0.380   1.977
   3 1084.3   9/2-   7/2  31   -3.16    2.53    1.81   11.22    2.22       8.23    8.65    1.39   -1.06      1.285   0.762   1.966
   4 1553.0  11/2-   9/2  33    4.12    2.63    1.82   18.19    3.09       9.54   10.49    1.40   -0.90      1.490   0.923   1.992
   5 1880.8   3/2-   3/2  34   -0.58    1.51    8.60    2.00    0.57       2.25    8.90    2.51   -2.98      0.351   0.783   3.561
  
   6 2315.0   1/2-   1/2  34   -0.58    1.51    8.60    2.00   -0.48       2.28    8.57    2.83   -3.39      0.357   0.755   4.018
   7 2332.5   5/2-   3/2  34   -0.58    1.51    8.60    2.00    0.49       2.60   12.82    2.55   -2.52      0.406   1.128   3.613
   8 2385.3  11/2-   7/2  31   -3.16    2.53    1.81   11.22    1.84      12.51   15.39    1.41   -0.84      1.954   1.355   2.004
   9 2534.7   3/2-   1/2  34   -0.58    1.51    8.60    2.00   -0.14       2.24   11.35    2.82   -3.06      0.350   0.999   4.001
  10 3080.6  13/2-   9/2  33    4.12    2.63    1.82   18.19    2.64      14.33   18.73    1.44   -0.71      2.239   1.649   2.045
  
  11 3327.5   7/2-   3/2  34   -0.58    1.51    8.60    2.00    0.40       9.03   13.10    2.52   -2.12      1.410   1.154   3.578
  12 3482.4   3/2-   3/2  31   -3.16    2.53    1.81   11.22    2.44       3.28    2.56    4.00   -3.45      0.512   0.226   5.673
  13 3494.5   5/2-   5/2  33    4.12    2.63    1.82   18.19    3.48       3.86    3.09    3.86   -3.76      0.603   0.272   5.472
  14 3586.4   5/2-   1/2  34   -0.58    1.51    8.60    2.00   -0.41       9.43   11.10    2.79   -2.76      1.472   0.977   3.952
  15 3890.0  13/2-   7/2  31   -3.16    2.53    1.81   11.22    1.57      16.67   24.24    1.47   -0.71      2.603   2.134   2.081
  
  16 3894.5   7/2-   1/2  34   -0.58    1.51    8.60    2.00   -0.13       6.15   19.92    2.82   -2.35      0.961   1.754   3.994
  17 3904.5   9/2-   3/2  34   -0.58    1.51    8.60    2.00    0.43       5.88   24.14    2.59   -1.75      0.919   2.125   3.675
  18 4748.7   1/2-   1/2  30   -0.48    5.05    5.33    3.42   -0.28       4.90    5.98    4.15   -3.62      0.766   0.526   5.886
  19 5779.4  11/2-   3/2  34   -0.58    1.51    8.60    2.00    0.16      17.53   25.88    2.52   -1.64      2.737   2.279   3.578
  20 6270.7  13/2-   3/2  34   -0.58    1.51    8.60    2.00    0.40      10.47   42.20    2.63   -1.25      1.636   3.715   3.734
  
  21 8330.7   1/2-   1/2  32    2.34   25.53   21.50    5.83    1.27      25.92   21.75    3.74   -7.22      4.048   1.915   5.298
