1SPECTRUM OF (Z= 82 A=207) IN PARTICLE-ROTOR  MODEL WITH MODIFIED OSCILLATOR POTENTIAL


 PARITY=-   EPS= 0.153   GAMMA= 30.0   EPS4=0.000   EPS6=0.000   LEVELS:  32  33  34  35  36

 PAIRING FACTORS: GN0= 19.20  GN1=  7.40  IPAIR= 15 ***  E2PLUS(INPUT)=   0.730  E2PLUR(INPUT)=   0.000

 CORIOLIS ATTENUATION PARAMETERS:  CHSI=0.700  ETA=  5.00

     FOR ETA .NE. 1, THE ANGULAR MOMENTUM EXPECTATION VALUES OF THE ENERGY EIGENSTATES ARE CALCULATED ONLY APPROXIMATELY

 MOMENT OF INERTIA PARAMETERS:   A1=  0.243 MEV   A2=  0.061 MEV   A3=  0.24333 MEV


 DELTA=0.643 MEV  LAMBDA=53.3504 MEV   HW0= 7.4303 MEV   LAMBDA/HW0= 7.1802

 E2ENERGY=0.730 MEV  HBAR**2/B= 2888./A**(7/3)= 488.2/A**2 MEV

 IREC=0  =>  RECOIL TERMS j+j-, j+j+, jzjz, ETC TREATED AS ONE-BODY OPERATORS WITH UU+VV PAIRING FACTORS



 S. P. LEVEL   EQP       U     V        (UU + VV)**5.00

     32       1.230    0.271 0.962      1.000 0.680 0.021 0.019 0.010
     33       0.663    0.615 0.788      0.680 1.000 0.260 0.249 0.185
     34       1.603    0.979 0.205      0.021 0.260 1.000 1.000 0.986
     35       1.681    0.981 0.195      0.019 0.249 1.000 1.000 0.990
     36       2.476    0.991 0.131      0.010 0.185 0.986 0.990 1.000

  R CORE   ENERGY   A0R/A00=1.000    R3= 0     2  
   2( 1)    0.730                    0.866-0.500
   2( 2)    1.460                    0.500 0.866

  R CORE   ENERGY   A0R/A00=1.000    R3= 0     2  
   3( 1)    2.190                    0.000 1.000

  R CORE   ENERGY   A0R/A00=1.000    R3= 0     2     4  
   4( 1)    1.947                    0.740-0.661 0.125

  R CORE   ENERGY   A0R/A00=1.000    R3= 0     2     4  
   5( 1)    4.380                    0.000 0.866-0.500

  R CORE   ENERGY   A0R/A00=1.000    R3= 0     2     4     6  
   6( 1)    3.650                   -0.672 0.695-0.254 0.031

  R CORE   ENERGY   A0R/A00=1.000    R3= 0     2     4     6  
   7( 1)    7.057                    0.000 0.747-0.637 0.187
 

             ENERGY     K= 1/2
 
 I=  1/2- (1)  2.144  33: 0.054
                      34: 0.998
 
 I=  1/2- (2)  2.364  32: 0.528
                      33:-0.847
                      34: 0.058
 
 I=  1/2- (3)  2.881  32: 0.849
                      33: 0.529
 
 I=  1/2- (4) 12.870  36: 0.999
 
 I=  1/2- (5) 17.623  35:-0.999

             ENERGY     K= 1/2  -3/2
 
 I=  3/2- (1)  2.354  32:-0.268-0.498
                      33:-0.823-0.056
 
 I=  3/2- (2)  2.835  32: 0.302 0.563
                      33:-0.450 0.177
                      34:-0.506 0.320

             ENERGY     K= 5/2   1/2  -3/2
 
 I=  5/2- (1)  2.727  32: 0.047-0.427 0.612
                      33:-0.473 0.010 0.186
                      34: 0.287-0.294 0.116
 
 I=  5/2- (2)  2.883  32:-0.010 0.260-0.360
                      33: 0.056-0.004-0.046
                      34: 0.418-0.772 0.165
 
 I=  5/2- (3)  3.256  32:-0.140-0.123 0.383
                      33: 0.677-0.452 0.124
                      34:-0.226-0.299-0.009
 
 I=  5/2- (4)  3.457  32: 0.102-0.357 0.039
                      33: 0.189 0.640-0.415
                      34:-0.314-0.318-0.205
 
 I=  5/2- (5)  3.692  32:-0.022-0.225 0.068
                      33: 0.473 0.209-0.178
                      34: 0.672 0.356 0.259

             ENERGY     K= 5/2   1/2  -3/2  -7/2
 
 I=  7/2- (1)  3.351  32:-0.022 0.132 0.109-0.145
                      33:-0.559 0.752-0.227-0.021
                      34: 0.125-0.007-0.056-0.004
 
 I=  7/2- (2)  3.989  32:-0.041 0.184 0.623-0.147
                      33: 0.459 0.300 0.137 0.010
                      34:-0.418 0.241-0.025 0.042
 
 I=  7/2- (3)  4.065  32: 0.048-0.218-0.180 0.068
                      33:-0.144-0.081-0.188 0.040
                      34:-0.233 0.679-0.566 0.117
 
 I=  7/2- (4)  4.248  32: 0.248-0.715 0.506-0.148
                      33: 0.006-0.070-0.150 0.034
                      34: 0.320-0.106-0.084-0.011
 
 I=  7/2- (5)  4.383  32:-0.159 0.389 0.117-0.093
                      33: 0.218-0.064 0.116-0.022
                      34: 0.707 0.092-0.476 0.006

             ENERGY     K= 9/2   5/2   1/2  -3/2  -7/2
 
 I=  9/2- (1)  3.932  32:-0.012 0.140-0.525 0.638-0.232
                      33: 0.118-0.264 0.010 0.160-0.044
                      34:-0.065 0.216-0.249 0.134-0.020
 
 I=  9/2- (2)  4.103  32:-0.001 0.066-0.226 0.272-0.121
                      34: 0.116-0.523 0.681-0.323 0.030
 
 I=  9/2- (3)  4.782  32: 0.047-0.112 0.049 0.148-0.200
                      33:-0.148 0.580-0.641 0.353-0.121
                      34: 0.035-0.031-0.065 0.070-0.032
 
 I=  9/2- (4)  5.314  32:-0.007-0.231 0.164-0.050 0.337
                      33: 0.245-0.536-0.296 0.569-0.069
                      34:-0.088-0.003 0.171 0.031-0.035
 
 I=  9/2- (5)  5.724  32:-0.062 0.166 0.184-0.155-0.481
                      33: 0.670 0.086-0.022-0.067-0.165
                      34:-0.393 0.069 0.151 0.015-0.098

             ENERGY     K= 9/2   5/2   1/2  -3/2  -7/2 -11/2
 
 I= 11/2- (1)  3.928  35:-0.055-0.342-0.694-0.550-0.161-0.011
                      36: 0.043 0.162 0.069-0.161-0.105-0.010
 
 I= 11/2- (2)  4.819  32:-0.003-0.056 0.086 0.044-0.115 0.036
                      33: 0.198-0.586 0.681-0.336 0.045 0.005
                      34:-0.051 0.078-0.006-0.043 0.015 0.001
 
 I= 11/2- (3)  5.745  32:-0.004 0.041-0.106 0.126-0.060 0.005
                      33:-0.049 0.048 0.038-0.080 0.047-0.010
                      34: 0.132-0.432 0.653-0.525 0.215-0.031
 
 I= 11/2- (4)  5.976  32: 0.060-0.250 0.531-0.660 0.378-0.057
                      33: 0.122-0.087-0.064 0.053-0.011 0.007
                      34:-0.015-0.052 0.138-0.129 0.053-0.005
 
 I= 11/2- (5)  6.225  32:-0.083 0.401-0.489-0.189 0.418-0.073
                      33: 0.329-0.135-0.162-0.115 0.159-0.010
                      34:-0.238 0.274 0.016-0.208 0.106-0.001

             ENERGY     K=13/2   9/2   5/2   1/2  -3/2  -7/2 -11/2
 
 I= 13/2- (1)  5.355  35: 0.015 0.209 0.566 0.212-0.518-0.410-0.072
                      36:-0.014-0.148-0.231 0.006-0.117-0.237-0.061
 
 I= 13/2- (2)  5.599  32:-0.003 0.044-0.230 0.536-0.613 0.340-0.075
                      33: 0.029-0.141 0.175-0.010-0.117 0.073-0.011
                      34:-0.014 0.084-0.173 0.192-0.123 0.040-0.004
 
 I= 13/2- (3)  5.813  32:-0.000 0.015-0.082 0.182-0.206 0.124-0.033
                      34: 0.031-0.222 0.537-0.635 0.384-0.104 0.006
 
 I= 13/2- (4)  6.115  35:-0.004-0.043-0.097-0.032 0.085 0.077 0.017
                      36: 0.004-0.005-0.284-0.758-0.558-0.089 0.009
 
 I= 13/2- (5)  6.740  32:-0.012 0.064-0.106 0.043 0.095-0.140 0.062
                      33: 0.034-0.232 0.530-0.622 0.430-0.182 0.040
                      34:-0.008 0.032-0.021-0.030 0.056-0.038 0.012

             ENERGY     K=13/2   9/2   5/2   1/2  -3/2  -7/2 -11/2
  32 LEVELS    TIME=  0.0 SEC



 ******************* EXCITATION ENERGIES, DOMINANT CONFIGURATION AND EXPECTATION VALUES (WITH S.P. UU+VV FACTORS) *******************

  NR  Eex(keV)  I   Kdom  NY    <Jz>  <Jx**2> <Jy**2> <Jz**2> <I.j>/|I|  <Rx**2> <Ry**2> <Rz**2> <R.j>/|R|  <HROTx> <HROTy> <HROTz>

   1    0.0   1/2-   1/2  34    0.52    0.28    2.42    1.91    0.85       0.03    2.22    1.64   -1.97      0.008   0.135   0.401
   2  210.6   3/2-   1/2  33    0.23    1.66    3.30    4.14    1.09       0.82    3.73    4.05   -2.38      0.294   0.226   0.990
   3  220.3   1/2-   1/2  33    0.64    0.75    3.08    4.63    0.39       0.87    3.43    4.24   -2.78      0.298   0.210   1.032
   4  583.5   5/2-   3/2  32    0.02    1.27    4.50    2.82    1.05       0.75    6.91    3.48   -1.64      0.260   0.422   0.894
   5  691.2   3/2-   3/2  32   -0.02    0.92    3.90    2.49    0.11       2.49    5.21    2.92   -2.17      0.549   0.317   0.738
  
   6  737.6   1/2-   1/2  32   -0.40    1.94    5.13    2.61   -0.68       3.28    5.07    3.26   -3.01      0.710   0.307   0.793
   7  739.5   5/2-   1/2  34    0.31    0.52    3.18    1.91    0.59       1.17    7.02    2.65   -1.17      0.291   0.425   0.642
   8 1112.1   5/2-   5/2  33    0.51    1.19    2.74    4.28    0.37       2.78    6.93    5.07   -1.85      0.657   0.419   1.281
   9 1207.9   7/2-   1/2  33    0.70    1.41    2.08    5.17    0.74       1.98   10.62    5.96   -1.33      0.537   0.645   1.460
  10 1313.8   5/2-   1/2  33    0.76    0.78    2.60    4.31    0.20       3.05    7.10    5.11   -1.82      0.789   0.434   1.264
  
  11 1548.2   5/2-   5/2  34    0.36    0.55    2.45    2.73    0.38       3.02    2.83    6.38   -1.32      0.732   0.173   1.486
  12 1784.7  11/2-   1/2  35   -0.00   52.79    7.21    2.36    7.13       3.81    6.50    2.58   -5.50      0.928   0.483   0.780
  13 1788.5   9/2-   3/2  32   -0.28    1.31    5.37    2.23    0.88       2.34   19.05    3.53   -0.91      0.655   1.163   0.898
  14 1845.1   7/2-   3/2  32    0.15    1.25    4.01    3.03    0.88       4.83    8.29    3.90   -1.16      1.348   0.507   0.998
  15 1921.7   7/2-   1/2  34    0.39    0.50    2.73    2.06   -0.18       2.52   16.20    3.71   -1.26      0.642   0.986   0.927
  
  16 1959.7   9/2-   1/2  34    0.39    0.44    2.98    1.92    0.54       2.15   18.99    3.61   -0.54      0.524   1.152   0.878
  17 2104.1   7/2-   1/2  32   -0.40    1.20    5.77    1.92   -0.42       3.02   21.13    3.86   -2.00      0.776   1.284   0.928
  18 2239.3   7/2-   5/2  34    0.30    0.50    3.16    2.09    0.41       4.23    8.18    5.82   -0.96      1.036   0.496   1.384
  19 2638.8   9/2-   1/2  33    0.65    1.27    2.20    5.06   -0.14       3.31   24.47    6.85   -1.56      0.874   1.487   1.703
  20 2675.0  11/2-   1/2  33    0.74    1.40    1.97    5.28    0.64       3.02   26.60    7.06   -0.79      0.787   1.618   1.726
  
  21 3170.5   9/2-   3/2  33    0.53    1.31    2.75    4.60    0.53       5.71   13.06    9.35   -1.13      1.448   0.795   2.260
  22 3211.4  13/2-   5/2  35   -0.01   51.51    8.19    2.64    6.19       4.02   15.91    4.70   -3.85      0.978   1.048   1.529
  23 3455.4  13/2-   3/2  32   -0.38    1.33    5.72    2.07    0.82       3.38   38.62    4.41   -0.50      0.909   2.355   1.111
  24 3580.8   9/2-   9/2  33    0.44    1.21    3.41    3.76    1.09       3.83    5.50   12.99   -0.63      1.065   0.337   3.298
  25 3601.6  11/2-   1/2  34    0.50    0.31    2.53    1.96   -0.38       3.07   37.47    4.58   -1.05      0.756   2.281   1.131
  
  26 3669.8  13/2-   1/2  34    0.45    0.39    2.80    1.93    0.51       3.11   39.02    4.60   -0.23      0.757   2.370   1.121
  27 3832.6  11/2-   3/2  32   -0.46    1.27    6.09    1.95   -0.46       4.15   41.57    4.82   -1.69      1.062   2.526   1.159
  28 3971.9  13/2-   1/2  36   -0.07   38.20   18.50    5.55    5.72       1.46   21.51    8.21   -4.00      0.356   1.381   1.923
  29 4081.4  11/2-   1/2  32   -0.09    1.27    4.79    2.54    0.78       6.48   20.28    8.24   -0.66      1.707   1.237   2.089
  30 4596.0  13/2-   1/2  33    0.70    1.27    2.06    5.19   -0.27       4.24   48.86    7.92   -1.33      1.106   2.971   1.965
  
  3110726.5   1/2-   1/2  36    0.02   37.80   18.81    5.63    3.33      32.00   19.36    5.86   -7.85      7.787   1.175   1.434
  3215479.5   1/2-   1/2  35   -0.10   53.90    6.34    2.12   -4.17      61.46    6.42    2.47   -7.87     14.953   0.394   0.594
