1SPECTRUM OF (Z= 82 A=207) IN PARTICLE-ROTOR  MODEL WITH MODIFIED OSCILLATOR POTENTIAL


 PARITY=-   EPS= 0.440   GAMMA= 12.4   EPS4=0.000   EPS6=0.000   LEVELS:  30  31  32  33  34

 PAIRING FACTORS: GN0= 19.20  GN1=  7.40  IPAIR= 15 ***  E2PLUS(INPUT)=   0.730  E2PLUR(INPUT)=   0.000

 CORIOLIS ATTENUATION PARAMETERS:  CHSI=0.000  ETA=  1.00

 MOMENT OF INERTIA PARAMETERS:   A1=  0.152 MEV   A2=  0.091 MEV   A3=  1.79804 MEV


 DELTA=0.757 MEV  LAMBDA=53.5485 MEV   HW0= 7.5911 MEV   LAMBDA/HW0= 7.0541

 E2ENERGY=0.730 MEV  HBAR**2/B=32621./A**(7/3)=5514.5/A**2 MEV

 IREC=0  =>  RECOIL TERMS j+j-, j+j+, jzjz, ETC TREATED AS ONE-BODY OPERATORS WITH UU+VV PAIRING FACTORS



 S. P. LEVEL   EQP       U     V        (UU + VV)**1.00

     30       1.113    0.365 0.931      1.000 0.996 0.792 0.661 0.625
     31       0.944    0.448 0.894      0.996 1.000 0.844 0.726 0.693
     32       0.858    0.858 0.514      0.792 0.844 1.000 0.982 0.972
     33       1.179    0.940 0.341      0.661 0.726 0.982 1.000 0.999
     34       1.335    0.955 0.297      0.625 0.693 0.972 0.999 1.000

  R CORE   ENERGY   A0R/A00=1.000    R3= 0     2  
   2( 1)    0.730                    1.000-0.016
   2( 2)    7.438                    0.016 1.000

  R CORE   ENERGY   A0R/A00=1.000    R3= 0     2  
   3( 1)    8.168                    0.000 1.000

  R CORE   ENERGY   A0R/A00=1.000    R3= 0     2     4  
   4( 1)    2.414                    0.998-0.061 0.000

  R CORE   ENERGY   A0R/A00=1.000    R3= 0     2     4  
   5( 1)   10.358                    0.000 1.000-0.016

  R CORE   ENERGY   A0R/A00=1.000    R3= 0     2     4     6  
   6( 1)    5.007                    0.992-0.129 0.002-0.000

  R CORE   ENERGY   A0R/A00=1.000    R3= 0     2     4     6  
   7( 1)   13.508                    0.000 0.999-0.036 0.000
 

             ENERGY     K= 1/2
 
 I=  1/2- (1)  5.419  32: 1.000
 
 I=  1/2- (2)  8.090  34: 1.000

             ENERGY     K= 1/2  -3/2
 
 I=  3/2- (1)  5.204  32: 1.000 0.004
 
 I=  3/2- (2)  7.121  34: 0.097 0.995

             ENERGY     K= 5/2   1/2  -3/2
 
 I=  5/2- (1)  6.770  32: 0.017-0.999 0.036
 
 I=  5/2- (2)  7.637  34:-0.006-0.250 0.968

             ENERGY     K= 5/2   1/2  -3/2  -7/2
 
 I=  7/2- (1)  5.754  33: 0.000 0.000-0.028 1.000
 
 I=  7/2- (2)  6.273  32: 0.034-0.999 0.007 0.000

             ENERGY     K= 9/2   5/2   1/2  -3/2  -7/2
 
 I=  9/2- (1)  6.839  33:-0.000 0.001-0.001 0.057-0.998
 
 I=  9/2- (2)  9.049  32:-0.000 0.061-0.995 0.079-0.001

             ENERGY     K= 9/2   5/2   1/2  -3/2  -7/2 -11/2
 
 I= 11/2- (1)  8.150  33:-0.001 0.001 0.002-0.090 0.996-0.026
 
 I= 11/2- (2)  8.281  32: 0.001-0.083 0.996-0.035-0.000 0.000

             ENERGY     K=13/2   9/2   5/2   1/2  -3/2  -7/2 -11/2
 
 I= 13/2- (1)  9.677  33:-0.000 0.001-0.001 0.004-0.128 0.991-0.050
 
 I= 13/2- (2) 11.799  34: 0.000-0.000-0.002 0.490-0.871 0.044-0.000

             ENERGY     K=13/2   9/2   5/2   1/2  -3/2  -7/2 -11/2
  21 LEVELS    TIME=  0.0 SEC



 ******************* EXCITATION ENERGIES, DOMINANT CONFIGURATION AND EXPECTATION VALUES (WITH S.P. UU+VV FACTORS) *******************

  NR  Eex(keV)  I   Kdom  NY    <Jz>  <Jx**2> <Jy**2> <Jz**2> <I.j>/|I|  <Rx**2> <Ry**2> <Rz**2> <R.j>/|R|  <HROTx> <HROTy> <HROTz>

   1    0.0   3/2-   1/2  32    0.65   10.69   19.05    0.92    0.99      10.83   19.25    0.52   -5.20      1.651   1.760   0.935
   2  214.8   1/2-   1/2  32    0.65   10.69   19.05    0.92   -0.53      11.74   20.08    0.52   -5.47      1.790   1.836   0.935
   3  549.7   7/2-   7/2  33   -3.02    2.67    1.84   10.85    2.66       4.29    3.73    1.99   -1.52      0.654   0.341   3.580
   4 1069.2   7/2-   1/2  32    0.65   10.69   19.05    0.92    0.88      14.99   23.93    0.52   -4.33      2.285   2.188   0.942
   5 1566.0   5/2-   1/2  32    0.65   10.69   19.05    0.92   -0.69      16.98   25.99    0.53   -4.96      2.588   2.376   0.947
  
   6 1635.3   9/2-   7/2  33   -3.02    2.67    1.84   10.85    2.12       8.42    8.63    2.00   -1.11      1.283   0.789   3.589
   7 1916.7   3/2-   3/2  34   -0.64    1.52    8.91    2.22    0.55       2.26    9.44    2.55   -3.07      0.345   0.863   4.577
   8 2433.3   5/2-   3/2  34   -0.64    1.52    8.91    2.22    0.45       3.19   12.94    2.58   -2.61      0.487   1.183   4.632
   9 2885.7   1/2-   1/2  34   -0.64    1.52    8.91    2.22   -0.55       2.27    8.96    3.11   -3.46      0.346   0.819   5.589
  10 2946.0  11/2-   7/2  33   -3.02    2.67    1.84   10.85    1.76      12.94   15.14    2.01   -0.88      1.973   1.384   3.614
  
  11 3011.0   5/2-   5/2  30    2.23   26.76   18.02    5.52    1.89      27.96   19.32    0.60   -6.46      4.263   1.766   1.073
  12 3077.1  11/2-   1/2  32    0.65   10.69   19.05    0.92    0.85      21.93   33.81    0.55   -3.41      3.343   3.092   0.988
  13 3087.1   3/2-   1/2  34   -0.64    1.52    8.91    2.22   -0.07       2.26   11.29    3.10   -3.13      0.344   1.032   5.580
  14 3370.5   7/2-   3/2  34   -0.64    1.52    8.91    2.22    0.33       8.64   14.60    2.55   -2.23      1.317   1.335   4.587
  15 3844.8   9/2-   1/2  32    0.65   10.69   19.05    0.92   -0.73      24.66   37.41    0.56   -4.33      3.760   3.421   1.010
  
  16 4114.8   9/2-   3/2  34   -0.64    1.52    8.91    2.22    0.38       6.87   24.06    2.63   -1.85      1.048   2.200   4.736
  17 4472.6  13/2-   7/2  33   -3.02    2.67    1.84   10.85    1.50      17.58   23.54    2.04   -0.74      2.681   2.153   3.664
  18 5175.8   1/2-   1/2  31   -0.49    5.06    5.82    3.76   -0.27       4.94    6.43    4.50   -3.74      0.752   0.588   8.096
  19 5807.0  11/2-   3/2  34   -0.64    1.52    8.91    2.22    0.18      17.80   25.92    2.55   -1.70      2.714   2.371   4.591
  20 6595.3  13/2-   3/2  34   -0.64    1.52    8.91    2.22    0.36      11.70   42.02    2.69   -1.35      1.784   3.842   4.838
  
  21 6992.1  13/2-   1/2  32    0.65   10.69   19.05    0.92   -0.74      33.01   56.10    0.65   -3.78      5.033   5.130   1.175
