 PARITY=-   EPS= 0.231   GAMMA= 23.3   EPS4=0.000   EPS6=0.000   LEVELS:  29  30  31  32  33
0   Z= 82   A=207   IQ=1   GSFAC= 0.75   GR=  0.40   MIN SPIN=  1/2   MAX SPIN= 13/2   KMAX= 13/2

 MICR QUADR MOMENTS:  Q0=1099.755  Q2=-270.514 FM**2


   B(E2) AND Q(E2) IN E2B2 AND EB,   B(M1) AND M(M1) INNM2 AND NM,   T(E2) AND T(M1) IN 1/PS

       E1     II      EF     IF     B(E2)             B(M1)              GD        D       EREL    T(E2)      T(M1)
                                             WU               MWU

       0.0   1/2 -    0.0   1/2    0.0000            0.5303
      71.9   1/2 -    0.0   1/2    0.0000    0.00    0.0023    1.27    0.000    0.000     71.9  0.000E+00  0.149E-04
      71.9   1/2 -   71.9   1/2    0.0000            0.5218
      71.9   1/2 -   56.0   3/2    0.0068    0.93    0.0684   38.19    0.000   -0.004     15.9  0.829E-10  0.481E-05
    1216.9   1/2 -    0.0   1/2    0.0000    0.00    0.0000    0.00    0.000    0.000   1216.9  0.000E+00  0.450E-19


    1216.9   1/2 -   71.9   1/2    0.0000    0.00    0.0000    0.00    0.000    0.000   1145.0  0.000E+00  0.633E-20
    1216.9   1/2 - 1216.9   1/2    0.0000            1.5933
    1216.9   1/2 -   56.0   3/2    0.0000    0.00    0.0000    0.00    0.000    0.007   1160.9  0.272E-25  0.616E-21
    1216.9   1/2 -   83.6   3/2    0.0000    0.00    0.0000    0.00    0.000   -0.004   1133.3  0.350E-24  0.202E-19
    1216.9   1/2 -   99.2   3/2    0.0000    0.00    0.0000    0.00    0.000   -0.014   1117.7  0.290E-24  0.138E-20


    1216.9   1/2 -   93.5   5/2    0.0000    0.00    0.0000    0.00    1.000    0.000   1123.4  0.203E-24  0.000E+00
    1216.9   1/2 -   95.2   5/2    0.0000    0.00    0.0000    0.00    1.000    0.000   1121.7  0.181E-24  0.000E+00
    1216.9   1/2 -  253.5   5/2    0.0000    0.00    0.0000    0.00    1.000    0.000    963.4  0.122E-25  0.000E+00
      56.0   3/2 -    0.0   1/2    0.0000    0.00    0.0036    2.01    0.000    0.000     56.0  0.779E-25  0.112E-04
      56.0   3/2 -   56.0   3/2    1.1077            0.8833


      83.6   3/2 -    0.0   1/2    2.6699  367.04    0.0812   45.36    0.137    0.399     83.6  0.133E-03  0.836E-03
      83.6   3/2 -   71.9   1/2    0.0000    0.00    0.0004    0.22    0.000    0.000     11.7  0.219E-25  0.110E-07
      83.6   3/2 -   56.0   3/2    0.0000    0.00    0.0003    0.19    0.000   -0.000     27.6  0.219E-29  0.129E-06
      83.6   3/2 -   83.6   3/2   -1.6185            0.9775
      99.2   3/2 -    0.0   1/2    0.0000    0.00    0.0001    0.08    0.000    0.000     99.2  0.959E-21  0.231E-05


      99.2   3/2 -   71.9   1/2    2.6939  370.35    0.1556   86.88    0.009   -0.095     27.3  0.497E-06  0.556E-04
      99.2   3/2 -   56.0   3/2    2.0870  286.91    0.0588   32.86    0.044    0.214     43.2  0.381E-05  0.832E-04
      99.2   3/2 -   83.6   3/2    0.0000    0.00    0.0051    2.85    0.000   -0.000     15.6  0.253E-29  0.338E-06
      99.2   3/2 -   99.2   3/2   -1.1077           -0.0834
      99.2   3/2 -   93.5   5/2    0.0168    2.30    0.0052    2.91    0.000   -0.008      5.7  0.121E-11  0.168E-07


      99.2   3/2 -   95.2   5/2    0.0000    0.00    0.0002    0.13    0.000    0.000      4.0  0.277E-29  0.261E-09
      93.5   5/2 -    0.0   1/2    0.0000    0.00    0.0000    0.00    1.000    0.000     93.5  0.140E-20  0.000E+00
      93.5   5/2 -   71.9   1/2    1.0004  137.53    0.0000    0.00    1.000    0.000     21.6  0.575E-07  0.000E+00
      93.5   5/2 -   56.0   3/2    4.2245  580.76    0.0224   12.51    0.155    0.428     37.5  0.381E-05  0.208E-04
      93.5   5/2 -   83.6   3/2    0.0000    0.00    0.0009    0.50    0.000   -0.000      9.9  0.640E-26  0.152E-07


      93.5   5/2 -   93.5   5/2   -0.5476            1.4151
      95.2   5/2 -    0.0   1/2    2.6020  357.71    0.0000    0.00    1.000    0.000     95.2  0.248E-03  0.000E+00
      95.2   5/2 -   71.9   1/2    0.0000    0.00    0.0000    0.00    1.000    0.000     23.3  0.622E-25  0.000E+00
      95.2   5/2 -   56.0   3/2    0.0000    0.00    0.0003    0.19    0.000    0.000     39.2  0.638E-22  0.361E-06
      95.2   5/2 -   83.6   3/2    0.4465   61.38    0.1310   73.16    0.000    0.018     11.6  0.112E-08  0.356E-05


      95.2   5/2 -   93.5   5/2    0.0000    0.00    0.0051    2.87    0.000   -0.000      1.7  0.598E-29  0.429E-09
      95.2   5/2 -   95.2   5/2   -2.6500            1.0217
     253.5   5/2 -    0.0   1/2    0.0352    4.84    0.0000    0.00    1.000    0.000    253.5  0.449E-03  0.000E+00
     253.5   5/2 -   71.9   1/2    0.0000    0.00    0.0000    0.00    1.000    0.000    181.6  0.112E-20  0.000E+00
     253.5   5/2 -   56.0   3/2    0.0000    0.00    0.0012    0.68    0.000   -0.000    197.4  0.114E-21  0.165E-03


     253.5   5/2 -   83.6   3/2    0.1047   14.39    0.0346   19.33    0.057   -0.246    169.8  0.181E-03  0.298E-02
     253.5   5/2 -   99.2   3/2    0.0000    0.00    0.0012    0.67    0.000    0.000    154.3  0.383E-22  0.775E-04
     253.5   5/2 -   93.5   5/2    0.0000    0.00    0.0009    0.51    0.000    0.000    160.0  0.142E-19  0.662E-04
     253.5   5/2 -   95.2   5/2    0.8295  114.03    0.0408   22.80    0.261   -0.594    158.3  0.101E-02  0.285E-02
     253.5   5/2 -  253.5   5/2   -0.3668            0.7864


     253.5   5/2 -  246.3   7/2    0.0000    0.00    0.0004    0.21    0.000    0.000      7.2  0.187E-27  0.246E-08
     253.5   5/2 -  250.0   7/2    1.1873  163.23    0.0049    2.75    0.002   -0.045      3.5  0.772E-11  0.374E-08
     246.3   7/2 -   56.0   3/2    1.4681  201.83    0.0000    0.00    1.000    0.000    190.2  0.446E-02  0.000E+00
     246.3   7/2 -   83.6   3/2    0.0000    0.00    0.0000    0.00    1.000    0.000    162.6  0.992E-21  0.000E+00
     246.3   7/2 -   99.2   3/2    0.4352   59.83    0.0000    0.00    1.000    0.000    147.1  0.365E-03  0.000E+00


     246.3   7/2 -   93.5   5/2    1.1634  159.94    0.0285   15.91    0.398    0.813    152.8  0.118E-02  0.179E-02
     246.3   7/2 -   95.2   5/2    0.0000    0.00    0.0018    1.02    0.000   -0.000    151.1  0.129E-19  0.111E-03
     246.3   7/2 -  246.3   7/2   -2.0111            1.5541
     246.3   7/2 -   82.6  11/2    0.0000    0.00    0.0000    0.00    1.000    0.000    163.7  0.586E-24  0.000E+00
     250.0   7/2 -   56.0   3/2    0.0000    0.00    0.0000    0.00    1.000    0.000    193.9  0.217E-20  0.000E+00


     250.0   7/2 -   83.6   3/2    3.1796  437.12    0.0000    0.00    1.000    0.000    166.3  0.494E-02  0.000E+00
     250.0   7/2 -   99.2   3/2    0.0000    0.00    0.0000    0.00    1.000    0.000    150.8  0.305E-21  0.000E+00
     250.0   7/2 -   93.5   5/2    0.0000    0.00    0.0000    0.02    0.000    0.000    156.5  0.234E-20  0.262E-05
     250.0   7/2 -   95.2   5/2    0.3738   51.39    0.0576   32.17    0.097    0.328    154.8  0.405E-03  0.376E-02
     250.0   7/2 -  246.3   7/2    0.0000    0.00    0.0019    1.04    0.000    0.000      3.7  0.907E-29  0.167E-08


     250.0   7/2 -  250.0   7/2   -1.9998            1.7858
     250.0   7/2 -   82.6  11/2    0.0000    0.00    0.0000    0.00    1.000    0.000    167.4  0.341E-23  0.000E+00
     260.3   7/2 -   56.0   3/2    0.2756   37.88    0.0000    0.00    1.000    0.000    204.3  0.120E-02  0.000E+00
     260.3   7/2 -   83.6   3/2    0.0000    0.00    0.0000    0.00    1.000    0.000    176.7  0.371E-22  0.000E+00
     260.3   7/2 -   99.2   3/2    2.9913  411.23    0.0000    0.00    1.000    0.000    161.2  0.397E-02  0.000E+00


     260.3   7/2 -   93.5   5/2    0.0039    0.54    0.0892   49.83    0.001    0.029    166.8  0.614E-05  0.729E-02
     260.3   7/2 -   95.2   5/2    0.0000    0.00    0.0011    0.62    0.000    0.000    165.2  0.498E-22  0.874E-04
     260.3   7/2 -  253.5   5/2    0.0000    0.00    0.0004    0.21    0.000   -0.000      6.9  0.138E-28  0.213E-08
     260.3   7/2 -  246.3   7/2    0.3179   43.70    0.0031    1.73    0.014   -0.119     14.1  0.214E-08  0.152E-06
     260.3   7/2 -  250.0   7/2    0.0000    0.00    0.0050    2.82    0.000   -0.000     10.4  0.678E-28  0.989E-07


     260.3   7/2 -  260.3   7/2   -3.2464            0.5640
     260.3   7/2 -  257.4   9/2    0.4385   60.29    0.0003    0.16    0.009    0.096      2.9  0.120E-11  0.130E-09
     260.3   7/2 -   82.6  11/2    0.0000    0.00    0.0000    0.00    1.000    0.000    177.7  0.191E-22  0.000E+00
     257.4   9/2 -   93.5   5/2    3.5678  490.48    0.0000    0.00    1.000    0.000    163.9  0.515E-02  0.000E+00
     257.4   9/2 -   95.2   5/2    0.0000    0.00    0.0000    0.00    1.000    0.000    162.2  0.652E-19  0.000E+00


     257.4   9/2 -  253.5   5/2    0.0000    0.00    0.0000    0.00    1.000    0.000      3.9  0.142E-30  0.000E+00
     257.4   9/2 -  246.3   7/2    1.4512  199.51    0.0241   13.48    0.005    0.072     11.1  0.301E-08  0.584E-06
     257.4   9/2 -  250.0   7/2    0.0000    0.00    0.0006    0.36    0.000    0.000      7.4  0.171E-27  0.459E-08
     257.4   9/2 -  257.4   9/2   -1.8009            2.2667
     257.4   9/2 -   82.6  11/2    0.0000    0.00    0.0000    0.00    0.000   -0.011    174.8  0.101E-28  0.821E-25


     275.5   9/2 -   93.5   5/2    0.0000    0.00    0.0000    0.00    1.000    0.000    182.0  0.113E-18  0.000E+00
     275.5   9/2 -   95.2   5/2    3.7250  512.09    0.0000    0.00    1.000    0.000    180.3  0.866E-02  0.000E+00
     275.5   9/2 -  253.5   5/2    0.2261   31.08    0.0000    0.00    1.000    0.000     22.0  0.143E-07  0.000E+00
     275.5   9/2 -  246.3   7/2    0.0000    0.00    0.0001    0.08    0.000   -0.000     29.2  0.458E-27  0.610E-07
     275.5   9/2 -  250.0   7/2    0.0008    0.11    0.1832  102.34    0.000    0.001     25.5  0.110E-09  0.537E-04


     275.5   9/2 -  260.3   7/2    0.0000    0.00    0.0001    0.04    0.000   -0.000     15.2  0.171E-29  0.462E-08
     275.5   9/2 -  257.4   9/2    0.0000    0.00    0.0070    3.93    0.000    0.000     18.1  0.251E-28  0.736E-06
     275.5   9/2 -  275.5   9/2   -2.2426            1.5949
     275.5   9/2 -   82.6  11/2    0.0000    0.00    0.0000    0.00    0.000   -0.004    192.9  0.104E-28  0.736E-24
     508.2   9/2 -   93.5   5/2    0.0000    0.00    0.0000    0.00    1.000    0.000    414.7  0.117E-25  0.000E+00


     508.2   9/2 -   95.2   5/2    0.0000    0.00    0.0000    0.00    1.000    0.000    413.0  0.442E-21  0.000E+00
     508.2   9/2 -  253.5   5/2    0.0000    0.00    0.0000    0.00    1.000    0.000    254.7  0.108E-20  0.000E+00
     508.2   9/2 -  246.3   7/2    0.0000    0.00    0.0000    0.00    0.087    0.308    261.9  0.388E-23  0.409E-22
     508.2   9/2 -  250.0   7/2    0.0000    0.00    0.0000    0.00    0.056   -0.244    258.2  0.291E-22  0.488E-21
     508.2   9/2 -  260.3   7/2    0.0000    0.00    0.0000    0.00    0.140    0.404    247.9  0.643E-22  0.393E-21


     508.2   9/2 -  257.4   9/2    0.0000    0.00    0.0000    0.00    0.007   -0.084    250.8  0.110E-26  0.155E-24
     508.2   9/2 -  275.5   9/2    0.0000    0.00    0.0000    0.00    0.458   -0.919    232.7  0.161E-21  0.190E-21
     508.2   9/2 -  508.2   9/2   -2.3129           -0.7526
     508.2   9/2 -   82.6  11/2    0.3019   41.51    0.0684   38.21    0.357   -0.744    425.6  0.514E-01  0.928E-01
     508.2   9/2 -  484.2  11/2    0.0000    0.00    0.0000    0.00    0.018   -0.136     24.0  0.286E-26  0.154E-24


     508.2   9/2 -  488.0  11/2    0.0000    0.00    0.0000    0.00    0.000    0.008     20.2  0.363E-31  0.622E-27
     508.2   9/2 -  390.2  13/2    3.4533  474.74    0.0000    0.00    1.000    0.000    118.0  0.965E-03  0.000E+00
     508.2   9/2 -  495.4  13/2    0.0000    0.00    0.0000    0.00    1.000    0.000     12.8  0.166E-34  0.000E+00
      82.6  11/2 -   82.6  11/2   -5.5616           -1.2826
     484.2  11/2 -  246.3   7/2    0.0000    0.00    0.0000    0.00    1.000    0.000    237.9  0.180E-19  0.000E+00


     484.2  11/2 -  250.0   7/2    4.3296  595.21    0.0000    0.00    1.000    0.000    234.2  0.372E-01  0.000E+00
     484.2  11/2 -  260.3   7/2    0.0000    0.00    0.0000    0.00    1.000    0.000    223.8  0.298E-20  0.000E+00
     484.2  11/2 -  257.4   9/2    0.0000    0.00    0.0000    0.01    0.000   -0.000    226.8  0.177E-21  0.450E-05
     484.2  11/2 -  275.5   9/2    0.0955   13.13    0.0561   31.32    0.049    0.227    208.7  0.461E-03  0.897E-02
     484.2  11/2 -   82.6  11/2    0.0000    0.00    0.0000    0.00    0.000   -0.001    401.6  0.666E-28  0.627E-22


     484.2  11/2 -  484.2  11/2   -2.0949            2.6049
     484.2  11/2 -  390.2  13/2    0.0000    0.00    0.0000    0.00    0.000   -0.000     94.0  0.308E-32  0.922E-24
     488.0  11/2 -  246.3   7/2    1.7900  246.08    0.0000    0.00    1.000    0.000    241.7  0.180E-01  0.000E+00
     488.0  11/2 -  250.0   7/2    0.0000    0.00    0.0000    0.00    1.000    0.000    238.0  0.582E-20  0.000E+00
     488.0  11/2 -  260.3   7/2    2.5491  350.44    0.0000    0.00    1.000    0.000    227.7  0.190E-01  0.000E+00


     488.0  11/2 -  257.4   9/2    0.2322   31.92    0.1487   83.06    0.054    0.240    230.6  0.185E-02  0.321E-01
     488.0  11/2 -  275.5   9/2    0.0000    0.00    0.0000    0.00    0.000   -0.000    212.5  0.306E-23  0.758E-06
     488.0  11/2 -   82.6  11/2    0.0000    0.00    0.0000    0.00    0.000   -0.017    405.4  0.117E-27  0.414E-24
     488.0  11/2 -  484.2  11/2    0.0000    0.00    0.0073    4.10    0.000    0.000      3.8  0.181E-30  0.719E-08
     488.0  11/2 -  488.0  11/2   -1.8330            1.5969


     488.0  11/2 -  390.2  13/2    0.0000    0.00    0.0000    0.00    0.000    0.011     97.8  0.227E-29  0.175E-25
     390.2  13/2 -  257.4   9/2    0.0000    0.00    0.0000    0.00    1.000    0.000    132.8  0.506E-27  0.000E+00
     390.2  13/2 -  275.5   9/2    0.0000    0.00    0.0000    0.00    1.000    0.000    114.7  0.621E-29  0.000E+00
     390.2  13/2 -   82.6  11/2    1.7390  239.06    0.5860  327.26    0.163    0.441    307.6  0.584E-01  0.300E+00
     390.2  13/2 -  390.2  13/2   -3.7251           -0.2905


     495.4  13/2 -  257.4   9/2    4.5094  619.92    0.0000    0.00    1.000    0.000    238.0  0.420E-01  0.000E+00
     495.4  13/2 -  275.5   9/2    0.0000    0.00    0.0000    0.00    1.000    0.000    219.9  0.153E-22  0.000E+00
     495.4  13/2 -   82.6  11/2    0.0000    0.00    0.0000    0.00    0.000   -0.021    412.8  0.163E-26  0.370E-23
     495.4  13/2 -  484.2  11/2    0.0000    0.00    0.0005    0.27    0.000    0.000     11.2  0.136E-28  0.121E-07
     495.4  13/2 -  488.0  11/2    0.0649    8.92    0.0046    2.57    0.001    0.023      7.4  0.176E-10  0.329E-07


     495.4  13/2 -  390.2  13/2    0.0000    0.00    0.0000    0.00    0.000   -0.012    105.2  0.422E-28  0.310E-24
     495.4  13/2 -  495.4  13/2   -2.0002            3.1407
     517.9  13/2 -  257.4   9/2    0.0000    0.00    0.0000    0.00    1.000    0.000    260.5  0.584E-23  0.000E+00
     517.9  13/2 -  275.5   9/2    4.5490  625.38    0.0000    0.00    1.000    0.000    242.4  0.465E-01  0.000E+00
     517.9  13/2 -  508.2   9/2    0.0000    0.00    0.0000    0.00    1.000    0.000      9.7  0.425E-29  0.000E+00


     517.9  13/2 -   82.6  11/2    0.0000    0.00    0.0000    0.00    0.000    0.021    435.3  0.110E-25  0.238E-22
     517.9  13/2 -  484.2  11/2    0.0054    0.74    0.2096  117.09    0.000   -0.005     33.7  0.288E-08  0.142E-03
     517.9  13/2 -  488.0  11/2    0.0000    0.00    0.0000    0.01    0.000   -0.000     29.9  0.153E-28  0.849E-08
     517.9  13/2 -  390.2  13/2    0.0000    0.00    0.0000    0.00    0.000    0.006    127.7  0.330E-28  0.103E-23
     517.9  13/2 -  495.4  13/2    0.0000    0.00    0.0079    4.40    0.000   -0.000     22.5  0.154E-29  0.158E-05


     517.9  13/2 -  517.9  13/2   -2.0860            2.2822

 TIME=  0.0 SEC
