 PARITY=-   EPS= 0.307   GAMMA= 30.0   EPS4=0.000   EPS6=0.000   LEVELS:  24  25  26  27  28  29  30  31  32  33  34  35  36  37  38
0   Z= 82   A=207   IQ=0   GSFAC= 0.75   GR=  0.40   MIN SPIN=  1/2   MAX SPIN= 13/2   KMAX= 13/2

 MACR QUADR MOMENTS:  Q0= 997.486  Q2=-275.893 FM**2


   B(E2) AND Q(E2) IN E2B2 AND EB,   B(M1) AND M(M1) INNM2 AND NM,   T(E2) AND T(M1) IN 1/PS

       E1     II      EF     IF     B(E2)             B(M1)              GD        D       EREL    T(E2)      T(M1)
                                             WU               MWU

      46.0   1/2 -   46.0   1/2    0.0000            0.5994
      46.0   1/2 -    0.0   3/2    0.4776   65.66    0.2505  139.89    0.003   -0.053     46.0  0.120E-05  0.429E-03
     491.4   1/2 -   46.0   1/2    0.0000    0.00    0.0006    0.32    0.000    0.000    445.4  0.000E+00  0.900E-03
     491.4   1/2 -  491.4   1/2    0.0000            0.5113
     491.4   1/2 -    0.0   3/2    0.0000    0.00    0.0005    0.28    0.000    0.000    491.4  0.276E-18  0.103E-02


     491.4   1/2 -  227.1   3/2    0.0000    0.00    0.0046    2.60    0.000   -0.000    264.4  0.106E-18  0.151E-02
     491.4   1/2 -  289.5   5/2    0.0000    0.00    0.0000    0.00    1.000    0.000    202.0  0.183E-19  0.000E+00
    1683.8   1/2 -   46.0   1/2    0.0000    0.00    0.0616   34.40    0.000    0.000   1637.8  0.000E+00  0.476E+01
    1683.8   1/2 -  491.4   1/2    0.0000    0.00    0.0000    0.01    0.000    0.000   1192.4  0.000E+00  0.344E-03
    1683.8   1/2 - 1683.8   1/2    0.0000            0.4828


    1683.8   1/2 -    0.0   3/2    0.0000    0.00    0.1856  103.64    0.000   -0.000   1683.8  0.712E-18  0.156E+02
    1683.8   1/2 -  227.1   3/2    0.0000    0.00    0.1453   81.16    0.000   -0.000   1456.7  0.295E-17  0.791E+01
    1683.8   1/2 -  289.5   5/2    0.0000    0.00    0.0000    0.00    1.000    0.000   1394.4  0.157E-17  0.000E+00
    1683.8   1/2 - 1259.2   5/2    0.0000    0.00    0.0000    0.00    1.000    0.000    424.6  0.359E-19  0.000E+00
    1828.9   1/2 -   46.0   1/2    0.0000    0.00    0.0000    0.00    0.000    0.000   1782.9  0.000E+00  0.226E-03


    1828.9   1/2 -  491.4   1/2    0.0000    0.00    0.0533   29.77    0.000    0.000   1337.5  0.000E+00  0.224E+01
    1828.9   1/2 - 1683.8   1/2    0.0000    0.00    0.0001    0.04    0.000    0.000    145.1  0.000E+00  0.408E-05
    1828.9   1/2 - 1828.9   1/2    0.0000            0.6272
    1828.9   1/2 -    0.0   3/2    0.0000    0.00    0.0046    2.59    0.000    0.000   1828.9  0.767E-18  0.499E+00
    1828.9   1/2 -  227.1   3/2    0.0000    0.00    0.0334   18.65    0.000   -0.000   1601.8  0.338E-17  0.242E+01


    1828.9   1/2 -  289.5   5/2    0.0000    0.00    0.0000    0.00    1.000    0.000   1539.4  0.184E-17  0.000E+00
    1828.9   1/2 - 1259.2   5/2    0.0000    0.00    0.0000    0.00    1.000    0.000    569.7  0.989E-19  0.000E+00
    1828.9   1/2 - 1718.7   5/2    0.0000    0.00    0.0000    0.00    1.000    0.000    110.2  0.501E-23  0.000E+00
    2266.7   1/2 -   46.0   1/2    0.0000    0.00    0.0279   15.58    0.000    0.000   2220.7  0.000E+00  0.538E+01
    2266.7   1/2 -  491.4   1/2    0.0000    0.00    0.0614   34.31    0.000    0.000   1775.3  0.000E+00  0.605E+01


    2266.7   1/2 - 1683.8   1/2    0.0000    0.00    0.0137    7.67    0.000    0.000    582.9  0.000E+00  0.479E-01
    2266.7   1/2 - 1828.9   1/2    0.0000    0.00    0.0033    1.87    0.000    0.000    437.8  0.000E+00  0.495E-02
    2266.7   1/2 - 2266.7   1/2    0.0000           -0.0565
    2266.7   1/2 -    0.0   3/2    0.0000    0.00    0.0598   33.38    0.000   -0.000   2266.7  0.932E-18  0.123E+02
    2266.7   1/2 -  227.1   3/2    0.0000    0.00    0.0932   52.03    0.000   -0.000   2039.6  0.470E-17  0.139E+02


    2266.7   1/2 -  289.5   5/2    0.0000    0.00    0.0000    0.00    1.000    0.000   1977.3  0.267E-17  0.000E+00
    2266.7   1/2 - 1259.2   5/2    0.0000    0.00    0.0000    0.00    1.000    0.000   1007.5  0.551E-18  0.000E+00
    2266.7   1/2 - 1718.7   5/2    0.0000    0.00    0.0000    0.00    1.000    0.000    548.1  0.631E-20  0.000E+00
    2266.7   1/2 - 2036.3   5/2    0.0000    0.00    0.0000    0.00    1.000    0.000    230.4  0.945E-23  0.000E+00
       0.0   3/2 -    0.0   3/2   -0.4393            0.4939


     227.1   3/2 -   46.0   1/2    2.0435  280.93    0.1614   90.14    0.223   -0.536    181.1  0.486E-02  0.169E-01
     227.1   3/2 -    0.0   3/2    2.1863  300.56    0.2214  123.68    0.261    0.594    227.1  0.161E-01  0.456E-01
     227.1   3/2 -  227.1   3/2    0.4393            0.2128
     289.5   5/2 -   46.0   1/2    0.9013  123.91    0.0000    0.00    1.000    0.000    243.5  0.941E-02  0.000E+00
     289.5   5/2 -    0.0   3/2    3.3614  462.10    0.0289   16.15    0.871    2.598    289.5  0.833E-01  0.123E-01


     289.5   5/2 -  227.1   3/2    0.2075   28.52    0.0135    7.51    0.040    0.204     62.4  0.239E-05  0.575E-04
     289.5   5/2 -  289.5   5/2   -0.4522            1.4559
    1259.2   5/2 -   46.0   1/2    0.0000    0.00    0.0000    0.00    1.000    0.000   1213.3  0.117E-15  0.000E+00
    1259.2   5/2 -  491.4   1/2    2.2130  304.23    0.0000    0.00    1.000    0.000    767.8  0.720E+01  0.000E+00
    1259.2   5/2 -    0.0   3/2    0.0000    0.00    0.0002    0.13    0.000    0.000   1259.2  0.786E-25  0.838E-02


    1259.2   5/2 -  227.1   3/2    0.0000    0.00    0.0000    0.01    0.000   -0.000   1032.2  0.108E-23  0.486E-03
    1259.2   5/2 -  289.5   5/2    0.0000    0.00    0.0010    0.58    0.000    0.000    969.8  0.822E-24  0.166E-01
    1259.2   5/2 - 1259.2   5/2   -0.3619            1.1825
    1718.7   5/2 -   46.0   1/2    1.2917  177.58    0.0000    0.00    1.000    0.000   1672.7  0.206E+03  0.000E+00
    1718.7   5/2 -  491.4   1/2    0.0000    0.00    0.0000    0.00    1.000    0.000   1227.2  0.724E-16  0.000E+00


    1718.7   5/2 - 1683.8   1/2    0.0000    0.00    0.0000    0.00    1.000    0.000     34.8  0.728E-26  0.000E+00
    1718.7   5/2 -    0.0   3/2    0.2088   28.70    0.1136   63.46    0.790    1.940   1718.7  0.382E+02  0.102E+02
    1718.7   5/2 -  227.1   3/2    0.0852   11.72    0.1113   62.18    0.541    1.087   1491.6  0.768E+01  0.650E+01
    1718.7   5/2 -  289.5   5/2    0.0212    2.91    0.0988   55.21    0.233   -0.551   1429.2  0.154E+01  0.508E+01
    1718.7   5/2 - 1259.2   5/2    0.0000    0.00    0.0001    0.05    0.000   -0.000    459.4  0.483E-25  0.156E-03


    1718.7   5/2 - 1718.7   5/2    0.4792            0.7212
    1718.7   5/2 - 1372.1   7/2    1.9547  268.73    0.1006   56.18    0.618   -1.272    346.6  0.119E+00  0.737E-01
    1718.7   5/2 - 1555.5   9/2    0.1808   24.86    0.0000    0.00    1.000    0.000    163.2  0.255E-03  0.000E+00
    2036.3   5/2 -   46.0   1/2    0.0000    0.00    0.0000    0.00    1.000    0.000   1990.3  0.390E-16  0.000E+00
    2036.3   5/2 -  491.4   1/2    0.0631    8.68    0.0000    0.00    1.000    0.000   1544.9  0.678E+01  0.000E+00


    2036.3   5/2 - 1683.8   1/2    0.0000    0.00    0.0000    0.00    1.000    0.000    352.5  0.139E-21  0.000E+00
    2036.3   5/2 - 1828.9   1/2    0.0000    0.00    0.0000    0.00    1.000    0.000    207.4  0.574E-23  0.000E+00
    2036.3   5/2 -    0.0   3/2    0.0000    0.00    0.0007    0.38    0.000   -0.000   2036.3  0.629E-21  0.101E+00
    2036.3   5/2 -  227.1   3/2    0.0000    0.00    0.0001    0.06    0.000    0.000   1809.2  0.191E-21  0.114E-01
    2036.3   5/2 -  289.5   5/2    0.0000    0.00    0.0004    0.22    0.000   -0.000   1746.9  0.329E-22  0.377E-01


    2036.3   5/2 - 1259.2   5/2    2.4793  340.84    0.0145    8.11    0.986    8.454    777.1  0.857E+01  0.120E+00
    2036.3   5/2 - 1718.7   5/2    0.0000    0.00    0.0014    0.76    0.000   -0.000    317.7  0.337E-26  0.763E-03
    2036.3   5/2 - 2036.3   5/2    0.6077            1.4687
    2036.3   5/2 - 1372.1   7/2    0.0000    0.00    0.0000    0.02    0.000    0.000    664.2  0.264E-22  0.158E-03
    2036.3   5/2 - 1727.5   7/2    0.0000    0.00    0.0004    0.23    0.000   -0.000    308.8  0.570E-26  0.215E-03


    2036.3   5/2 - 1555.5   9/2    0.0000    0.00    0.0000    0.00    1.000    0.000    480.9  0.412E-24  0.000E+00
    2408.2   5/2 -   46.0   1/2    0.0000    0.00    0.0000    0.00    1.000    0.000   2362.2  0.183E-16  0.000E+00
    2408.2   5/2 -  491.4   1/2    0.0000    0.00    0.0000    0.00    1.000    0.000   1916.8  0.230E-16  0.000E+00
    2408.2   5/2 - 1683.8   1/2    2.2611  310.84    0.0000    0.00    1.000    0.000    724.4  0.550E+01  0.000E+00
    2408.2   5/2 - 1828.9   1/2    0.0000    0.00    0.0000    0.00    1.000    0.000    579.3  0.264E-15  0.000E+00


    2408.2   5/2 - 2266.7   1/2    0.0000    0.00    0.0000    0.00    1.000    0.000    141.5  0.880E-21  0.000E+00
    2408.2   5/2 -    0.0   3/2    0.0000    0.00    0.0086    4.79    0.000   -0.000   2408.2  0.827E-23  0.211E+01
    2408.2   5/2 -  227.1   3/2    0.0000    0.00    0.0125    6.99    0.000    0.000   2181.1  0.107E-21  0.228E+01
    2408.2   5/2 -  289.5   5/2    0.0000    0.00    0.1050   58.65    0.000   -0.000   2118.8  0.957E-23  0.176E+02
    2408.2   5/2 - 1259.2   5/2    0.0000    0.00    0.0000    0.01    0.000    0.000   1149.0  0.182E-22  0.307E-03


    2408.2   5/2 - 1718.7   5/2    0.0000    0.00    0.0039    2.17    0.000   -0.000    689.5  0.857E-24  0.224E-01
    2408.2   5/2 - 2036.3   5/2    0.0000    0.00    0.0001    0.06    0.000   -0.000    371.9  0.143E-23  0.102E-03
    2408.2   5/2 - 2408.2   5/2   -0.9644            1.3614
    2408.2   5/2 - 1372.1   7/2    0.0000    0.00    0.1851  103.35    0.000    0.000   1036.1  0.284E-23  0.362E+01
    2408.2   5/2 - 1727.5   7/2    0.0000    0.00    0.0442   24.66    0.000    0.000    680.7  0.212E-24  0.245E+00


    2408.2   5/2 - 2358.0   7/2    0.0000    0.00    0.0009    0.48    0.000   -0.000     50.2  0.110E-27  0.193E-05
    2408.2   5/2 - 1555.5   9/2    0.0000    0.00    0.0000    0.00    1.000    0.000    852.7  0.133E-24  0.000E+00
    2408.2   5/2 - 2160.0   9/2    0.0000    0.00    0.0000    0.00    1.000    0.000    248.2  0.188E-27  0.000E+00
    1372.1   7/2 -    0.0   3/2    0.2292   31.52    0.0000    0.00    1.000    0.000   1372.1  0.136E+02  0.000E+00
    1372.1   7/2 -  227.1   3/2    2.5812  354.85    0.0000    0.00    1.000    0.000   1145.0  0.620E+02  0.000E+00


    1372.1   7/2 -  289.5   5/2    0.3110   42.76    0.2670  149.10    0.486    0.973   1082.6  0.564E+01  0.596E+01
    1372.1   7/2 - 1259.2   5/2    0.0000    0.00    0.0022    1.25    0.000   -0.000    112.9  0.647E-27  0.566E-04
    1372.1   7/2 - 1372.1   7/2   -0.9846            0.4475
    1372.1   7/2 -  787.3  11/2    0.0000    0.00    0.0000    0.00    1.000    0.000    584.8  0.197E-20  0.000E+00
    1727.5   7/2 -    0.0   3/2    1.4897  204.80    0.0000    0.00    1.000    0.000   1727.5  0.280E+03  0.000E+00


    1727.5   7/2 -  227.1   3/2    0.1189   16.35    0.0000    0.00    1.000    0.000   1500.5  0.110E+02  0.000E+00
    1727.5   7/2 -  289.5   5/2    0.1788   24.58    0.0014    0.81    0.994  -13.324   1438.1  0.134E+02  0.756E-01
    1727.5   7/2 - 1259.2   5/2    0.0000    0.00    0.0007    0.41    0.000   -0.000    468.3  0.418E-26  0.132E-02
    1727.5   7/2 - 1718.7   5/2    0.0306    4.21    0.0268   14.98    0.000    0.008      8.9  0.207E-10  0.331E-06
    1727.5   7/2 - 1372.1   7/2    0.1770   24.33    0.0254   14.17    0.379    0.781    355.4  0.122E-01  0.201E-01


    1727.5   7/2 - 1727.5   7/2   -0.2499            1.7040
    1727.5   7/2 - 1555.5   9/2    2.0576  282.87    0.0320   17.89    0.569    1.148    172.1  0.379E-02  0.287E-02
    1727.5   7/2 -  787.3  11/2    0.0000    0.00    0.0000    0.00    1.000    0.000    940.2  0.776E-20  0.000E+00
    2358.0   7/2 -    0.0   3/2    0.0000    0.00    0.0000    0.00    1.000    0.000   2358.0  0.855E-21  0.000E+00
    2358.0   7/2 -  227.1   3/2    0.0000    0.00    0.0000    0.00    1.000    0.000   2131.0  0.684E-21  0.000E+00


    2358.0   7/2 -  289.5   5/2    0.0000    0.00    0.0022    1.24    0.000    0.000   2068.6  0.641E-20  0.345E+00
    2358.0   7/2 - 1259.2   5/2    0.2826   38.85    0.1203   67.18    0.663    1.402   1098.8  0.552E+01  0.281E+01
    2358.0   7/2 - 1718.7   5/2    0.0000    0.00    0.0006    0.33    0.000   -0.000    639.4  0.573E-23  0.275E-02
    2358.0   7/2 - 2036.3   5/2    0.0546    7.50    0.0001    0.03    0.985   -8.113    321.7  0.229E-02  0.349E-04
    2358.0   7/2 - 1372.1   7/2    0.0000    0.00    0.0009    0.49    0.000    0.000    986.0  0.198E-22  0.149E-01


    2358.0   7/2 - 1727.5   7/2    0.0000    0.00    0.0010    0.56    0.000   -0.000    630.5  0.770E-22  0.439E-02
    2358.0   7/2 - 2358.0   7/2   -0.6308            1.4945
    2358.0   7/2 - 1555.5   9/2    0.0000    0.00    0.0001    0.04    0.000    0.000    802.6  0.462E-24  0.630E-03
    2358.0   7/2 - 2160.0   9/2    0.0000    0.00    0.0000    0.00    0.000    0.000    198.0  0.124E-29  0.116E-22
    2358.0   7/2 -  787.3  11/2    0.0000    0.00    0.0000    0.00    1.000    0.000   1570.7  0.725E-19  0.000E+00


    2413.5   7/2 -    0.0   3/2    0.0469    6.44    0.0000    0.00    1.000    0.000   2413.5  0.468E+02  0.000E+00
    2413.5   7/2 -  227.1   3/2    0.0665    9.15    0.0000    0.00    1.000    0.000   2186.4  0.406E+02  0.000E+00
    2413.5   7/2 -  289.5   5/2    0.7172   98.60    0.0121    6.78    0.995   13.597   2124.0  0.378E+03  0.205E+01
    2413.5   7/2 - 1259.2   5/2    0.0000    0.00    0.0001    0.05    0.000    0.000   1154.2  0.802E-21  0.265E-02
    2413.5   7/2 - 1718.7   5/2    0.3775   51.90    0.0267   14.89    0.826    2.177    694.8  0.746E+00  0.157E+00


    2413.5   7/2 - 2036.3   5/2    0.0000    0.00    0.0008    0.43    0.000    0.000    377.1  0.985E-24  0.725E-03
    2413.5   7/2 - 2408.2   5/2    0.0000    0.00    0.0068    3.82    0.000   -0.000      5.3  0.354E-35  0.175E-07
    2413.5   7/2 - 1372.1   7/2    0.0731   10.04    0.0001    0.04    0.999   26.987   1041.4  0.109E+01  0.150E-02
    2413.5   7/2 - 1727.5   7/2    3.1957  439.32    0.0692   38.63    0.938    3.882    685.9  0.592E+01  0.393E+00
    2413.5   7/2 - 2358.0   7/2    0.0000    0.00    0.0000    0.01    0.000    0.000     55.4  0.722E-29  0.562E-07


    2413.5   7/2 - 2413.5   7/2    0.9329            1.4216
    2413.5   7/2 - 1555.5   9/2    0.0072    0.99    0.0003    0.16    0.927    3.565    858.0  0.410E-01  0.322E-02
    2413.5   7/2 - 2160.0   9/2    0.0000    0.00    0.0000    0.00    0.000   -0.004    253.4  0.584E-29  0.454E-24
    2413.5   7/2 -  787.3  11/2    0.0000    0.00    0.0000    0.00    1.000    0.000   1626.1  0.524E-20  0.000E+00
    2749.2   7/2 -    0.0   3/2    0.0000    0.00    0.0000    0.00    1.000    0.000   2749.2  0.107E-20  0.000E+00


    2749.2   7/2 -  227.1   3/2    0.0000    0.00    0.0000    0.00    1.000    0.000   2522.2  0.661E-21  0.000E+00
    2749.2   7/2 -  289.5   5/2    0.0000    0.00    0.0000    0.00    0.000   -0.000   2459.8  0.268E-20  0.995E-05
    2749.2   7/2 - 1259.2   5/2    0.0000    0.00    0.1774   99.10    0.000    0.000   1490.0  0.604E-18  0.103E+02
    2749.2   7/2 - 1718.7   5/2    0.0000    0.00    0.0007    0.39    0.000    0.000   1030.6  0.102E-22  0.135E-01
    2749.2   7/2 - 2036.3   5/2    0.0000    0.00    0.1020   56.95    0.000    0.000    712.9  0.666E-18  0.650E+00


    2749.2   7/2 - 2408.2   5/2    0.0000    0.00    0.0001    0.07    0.000    0.000    341.0  0.109E-25  0.850E-04
    2749.2   7/2 - 1372.1   7/2    0.0000    0.00    0.0008    0.47    0.000   -0.000   1377.1  0.278E-22  0.387E-01
    2749.2   7/2 - 1727.5   7/2    0.0000    0.00    0.0003    0.19    0.000   -0.000   1021.7  0.161E-21  0.644E-02
    2749.2   7/2 - 2358.0   7/2    0.0000    0.00    0.1090   60.90    0.000   -0.000    391.2  0.177E-20  0.115E+00
    2749.2   7/2 - 2413.5   7/2    0.0000    0.00    0.0002    0.13    0.000   -0.000    335.8  0.217E-25  0.157E-03


    2749.2   7/2 - 2749.2   7/2    3.6810            0.1979
    2749.2   7/2 - 1555.5   9/2    0.0000    0.00    0.0002    0.11    0.000    0.000   1193.8  0.695E-24  0.602E-02
    2749.2   7/2 - 2160.0   9/2    0.0000    0.00    0.0000    0.00    0.000    0.004    589.2  0.217E-26  0.143E-21
    2749.2   7/2 - 2496.4   9/2    0.0000    0.00    0.0196   10.96    0.000   -0.000    252.8  0.216E-20  0.558E-02
    2749.2   7/2 -  787.3  11/2    0.0000    0.00    0.0000    0.00    1.000    0.000   1961.9  0.578E-20  0.000E+00


    1555.5   9/2 -  289.5   5/2    3.0555  420.06    0.0000    0.00    1.000    0.000   1266.0  0.121E+03  0.000E+00
    1555.5   9/2 - 1259.2   5/2    0.0000    0.00    0.0000    0.00    1.000    0.000    296.2  0.373E-25  0.000E+00
    1555.5   9/2 - 1372.1   7/2    0.0070    0.96    0.0001    0.07    0.556   -1.119    183.4  0.177E-04  0.141E-04
    1555.5   9/2 - 1555.5   9/2   -0.8499            2.4173
    1555.5   9/2 -  787.3  11/2    0.0000    0.00    0.0000    0.00    0.648    1.358    768.1  0.528E-21  0.286E-21


    2160.0   9/2 -  289.5   5/2    0.0000    0.00    0.0000    0.00    1.000    0.000   1870.6  0.303E-23  0.000E+00
    2160.0   9/2 - 1259.2   5/2    0.0000    0.00    0.0000    0.00    1.000    0.000    900.8  0.290E-25  0.000E+00
    2160.0   9/2 - 1718.7   5/2    0.0000    0.00    0.0000    0.00    1.000    0.000    441.4  0.401E-26  0.000E+00
    2160.0   9/2 - 2036.3   5/2    0.0000    0.00    0.0000    0.00    1.000    0.000    123.7  0.604E-29  0.000E+00
    2160.0   9/2 - 1372.1   7/2    0.0000    0.00    0.0000    0.00    0.000    0.003    787.9  0.229E-26  0.286E-21


    2160.0   9/2 - 1727.5   7/2    0.0000    0.00    0.0000    0.00    0.000   -0.013    432.5  0.123E-26  0.724E-23
    2160.0   9/2 - 1555.5   9/2    0.0000    0.00    0.0000    0.00    0.000   -0.001    604.6  0.232E-27  0.261E-21
    2160.0   9/2 - 2160.0   9/2   -4.7584           -0.5985
    2160.0   9/2 -  787.3  11/2    0.0000    0.00    0.8108  452.86    0.000   -0.000   1372.7  0.138E-19  0.369E+02
    2496.4   9/2 -  289.5   5/2    0.0000    0.00    0.0000    0.00    1.000    0.000   2206.9  0.830E-25  0.000E+00


    2496.4   9/2 - 1259.2   5/2    3.1365  431.19    0.0000    0.00    1.000    0.000   1237.2  0.111E+03  0.000E+00
    2496.4   9/2 - 1718.7   5/2    0.0000    0.00    0.0000    0.00    1.000    0.000    777.7  0.159E-23  0.000E+00
    2496.4   9/2 - 2036.3   5/2    0.0025    0.34    0.0000    0.00    1.000    0.000    460.1  0.631E-03  0.000E+00
    2496.4   9/2 - 2408.2   5/2    0.0000    0.00    0.0000    0.00    1.000    0.000     88.2  0.929E-28  0.000E+00
    2496.4   9/2 - 1372.1   7/2    0.0000    0.00    0.0000    0.02    0.000   -0.000   1124.3  0.989E-24  0.110E-02


    2496.4   9/2 - 1727.5   7/2    0.0000    0.00    0.0001    0.06    0.000   -0.000    768.9  0.378E-25  0.928E-03
    2496.4   9/2 - 2358.0   7/2    0.0356    4.89    0.0902   50.40    0.005    0.072    138.3  0.220E-04  0.421E-02
    2496.4   9/2 - 2413.5   7/2    0.0000    0.00    0.0000    0.00    0.000   -0.000     82.9  0.911E-28  0.159E-07
    2496.4   9/2 - 1555.5   9/2    0.0000    0.00    0.0013    0.74    0.000    0.000    940.9  0.711E-28  0.195E-01
    2496.4   9/2 - 2160.0   9/2    0.0000    0.00    0.0000    0.00    0.005   -0.068    336.4  0.433E-26  0.927E-24


    2496.4   9/2 - 2496.4   9/2   -0.8091            1.8851
    2496.4   9/2 -  787.3  11/2    0.0000    0.00    0.0000    0.00    1.000  180.314   1709.1  0.195E-20  0.600E-25
     787.3  11/2 -  787.3  11/2   -5.2240           -1.3196
    3021.7  11/2 - 1372.1   7/2    3.6923  507.60    0.0000    0.00    1.000    0.000   1649.6  0.550E+03  0.000E+00
    3021.7  11/2 - 1727.5   7/2    0.0310    4.26    0.0000    0.00    1.000    0.000   1294.1  0.137E+01  0.000E+00


    3021.7  11/2 - 2358.0   7/2    0.0000    0.00    0.0000    0.00    1.000    0.000    663.6  0.153E-24  0.000E+00
    3021.7  11/2 - 2413.5   7/2    0.0000    0.00    0.0000    0.00    1.000    0.000    608.2  0.333E-05  0.000E+00
    3021.7  11/2 - 2749.2   7/2    0.0000    0.00    0.0000    0.00    1.000    0.000    272.5  0.406E-26  0.000E+00
    3021.7  11/2 - 1555.5   9/2    0.1648   22.66    0.3166  176.82    0.437    0.881   1466.2  0.136E+02  0.176E+02
    3021.7  11/2 - 2160.0   9/2    0.0000    0.00    0.0000    0.00    0.000    0.017    861.6  0.113E-23  0.405E-20


    3021.7  11/2 - 2496.4   9/2    0.0000    0.00    0.0029    1.63    0.000    0.000    525.3  0.107E-26  0.743E-02
    3021.7  11/2 -  787.3  11/2    0.0000    0.00    0.0000    0.00    0.371   -0.768   2234.4  0.429E-19  0.726E-19
    3021.7  11/2 - 3021.7  11/2   -1.0427            1.2272
    3021.7  11/2 - 2531.3  13/2    0.0000    0.00    0.0000    0.00    0.000   -0.002    490.3  0.212E-27  0.357E-22
    3021.7  11/2 - 2633.4  13/2    0.0000    0.00    0.0000    0.00    0.000   -0.006    388.3  0.912E-27  0.287E-22


    2531.3  13/2 - 1555.5   9/2    0.0000    0.00    0.0000    0.00    1.000    0.000    975.9  0.240E-23  0.000E+00
    2531.3  13/2 - 2160.0   9/2    0.0000    0.00    0.0000    0.00    1.000    0.000    371.3  0.968E-22  0.000E+00
    2531.3  13/2 - 2496.4   9/2    0.0000    0.00    0.0000    0.00    1.000    0.000     35.0  0.155E-31  0.000E+00
    2531.3  13/2 -  787.3  11/2    1.7678  243.03    0.5594  312.40    0.870    2.581   1744.0  0.348E+03  0.522E+02
    2531.3  13/2 - 2531.3  13/2   -3.3797           -0.4068


    2633.4  13/2 - 1555.5   9/2    0.0000    0.00    0.0000    0.00    1.000    0.000   1078.0  0.274E-23  0.000E+00
    2633.4  13/2 - 2160.0   9/2    1.9985  274.74    0.0000    0.00    1.000    0.000    473.4  0.580E+00  0.000E+00
    2633.4  13/2 - 2496.4   9/2    0.0000    0.00    0.0000    0.00    1.000    0.000    137.0  0.265E-29  0.000E+00
    2633.4  13/2 -  787.3  11/2    0.0000    0.00    0.0435   24.31    0.000   -0.000   1846.1  0.679E-19  0.482E+01
    2633.4  13/2 - 2531.3  13/2    0.0000    0.00    0.0515   28.75    0.000    0.000    102.1  0.678E-24  0.963E-03


    2633.4  13/2 - 2633.4  13/2   -5.5734            0.0962

 TIME=  0.0 SEC
