 PARITY=-   EPS= 0.159   GAMMA= 40.6   EPS4=0.000   EPS6=0.000   LEVELS:  31  32  33  34  35
0   Z= 82   A=207   IQ=1   GSFAC= 0.75   GR=  0.40   MIN SPIN=  1/2   MAX SPIN= 13/2   KMAX= 13/2

 MICR QUADR MOMENTS:  Q0= 512.109  Q2=-311.262 FM**2


   B(E2) AND Q(E2) IN E2B2 AND EB,   B(M1) AND M(M1) INNM2 AND NM,   T(E2) AND T(M1) IN 1/PS

       E1     II      EF     IF     B(E2)             B(M1)              GD        D       EREL    T(E2)      T(M1)
                                             WU               MWU

       0.0   1/2 -    0.0   1/2    0.0000            0.4825
     657.8   1/2 -    0.0   1/2    0.0000    0.00    0.0130    7.24    0.000    0.000    657.8  0.000E+00  0.650E-01
     657.8   1/2 -  657.8   1/2    0.0000            0.5657
     788.6   1/2 -    0.0   1/2    0.0000    0.00    0.0067    3.73    0.000    0.000    788.6  0.000E+00  0.577E-01
     788.6   1/2 -  657.8   1/2    0.0000    0.00    0.0011    0.59    0.000    0.000    130.8  0.000E+00  0.415E-04


     788.6   1/2 -  788.6   1/2    0.0000            0.5350
     788.6   1/2 -  673.4   3/2    0.0000    0.00    0.0168    9.37    0.000    0.000    115.2  0.340E-17  0.452E-03
     788.6   1/2 -  727.8   3/2    0.0000    0.00    0.0581   32.45    0.000    0.000     60.7  0.170E-21  0.229E-03
     788.6   1/2 -  762.0   3/2    0.1016   13.97    0.1044   58.28    0.000    0.022     26.6  0.166E-07  0.347E-04
     788.6   1/2 -  731.2   5/2    0.0000    0.00    0.0000    0.00    1.000    0.000     57.4  0.190E-21  0.000E+00


     673.4   3/2 -    0.0   1/2    0.0000    0.00    0.0135    7.52    0.000    0.000    673.4  0.181E-16  0.723E-01
     673.4   3/2 -  657.8   1/2    0.5260   72.32    0.0601   33.57    0.001    0.038     15.6  0.593E-08  0.402E-05
     673.4   3/2 -  673.4   3/2   -1.0157            0.7252
     727.8   3/2 -    0.0   1/2    0.8496  116.80    0.3439  192.10    0.476    0.952    727.8  0.212E+01  0.233E+01
     727.8   3/2 -  657.8   1/2    0.0000    0.00    0.0774   43.21    0.000    0.000     70.1  0.358E-21  0.469E-03


     727.8   3/2 -  673.4   3/2    0.0000    0.00    0.0263   14.67    0.000   -0.000     54.5  0.639E-29  0.748E-04
     727.8   3/2 -  727.8   3/2    1.1840           -0.3950
     762.0   3/2 -    0.0   1/2    0.0000    0.00    0.0080    4.45    0.000    0.000    762.0  0.157E-17  0.620E-01
     762.0   3/2 -  657.8   1/2    0.0000    0.00    0.0076    4.27    0.000    0.000    104.2  0.993E-19  0.152E-03
     762.0   3/2 -  673.4   3/2    0.0000    0.00    0.0212   11.83    0.000   -0.000     88.6  0.133E-29  0.259E-03


     762.0   3/2 -  727.8   3/2    0.0000    0.00    0.0130    7.24    0.000   -0.000     34.1  0.175E-32  0.906E-05
     762.0   3/2 -  762.0   3/2   -0.1099            0.7765
     762.0   3/2 -  731.2   5/2    0.0000    0.00    0.0002    0.10    0.000    0.000     30.7  0.500E-30  0.910E-07
     731.2   5/2 -    0.0   1/2    0.8452  116.20    0.0000    0.00    1.000    0.000    731.2  0.216E+01  0.000E+00
     731.2   5/2 -  657.8   1/2    0.0000    0.00    0.0000    0.00    1.000    0.000     73.5  0.451E-21  0.000E+00


     731.2   5/2 -  673.4   3/2    0.0000    0.00    0.0000    0.03    0.000   -0.000     57.9  0.161E-29  0.154E-06
     731.2   5/2 -  727.8   3/2    0.1997   27.45    0.0012    0.69    0.001    0.036      3.4  0.108E-11  0.847E-09
     731.2   5/2 -  731.2   5/2    1.7124            1.6653
    1064.4   5/2 -    0.0   1/2    0.0000    0.00    0.0000    0.00    1.000    0.000   1064.4  0.639E-16  0.000E+00
    1064.4   5/2 -  657.8   1/2    0.0000    0.00    0.0000    0.00    1.000    0.000    406.6  0.686E-15  0.000E+00


    1064.4   5/2 -  788.6   1/2    0.3880   53.35    0.0000    0.00    1.000    0.000    275.8  0.755E-02  0.000E+00
    1064.4   5/2 -  673.4   3/2    0.0000    0.00    0.0053    2.97    0.000   -0.000    391.0  0.100E-25  0.559E-02
    1064.4   5/2 -  727.8   3/2    0.0000    0.00    0.0000    0.01    0.000    0.000    336.5  0.304E-23  0.799E-05
    1064.4   5/2 -  762.0   3/2    1.3489  185.44    0.0110    6.15    0.886    2.787    302.4  0.416E-01  0.536E-02
    1064.4   5/2 -  731.2   5/2    0.0000    0.00    0.0056    3.11    0.000    0.000    333.1  0.949E-26  0.363E-02


    1064.4   5/2 - 1064.4   5/2    0.3586            1.4436
    1285.0   5/2 -    0.0   1/2    0.0000    0.00    0.0000    0.00    1.000    0.000   1285.0  0.248E-15  0.000E+00
    1285.0   5/2 -  657.8   1/2    0.2845   39.11    0.0000    0.00    1.000    0.000    627.2  0.337E+00  0.000E+00
    1285.0   5/2 -  788.6   1/2    0.0000    0.00    0.0000    0.00    1.000    0.000    496.4  0.136E-14  0.000E+00
    1285.0   5/2 -  673.4   3/2    0.4863   66.85    0.0004    0.25    0.996   16.784    611.6  0.508E+00  0.180E-02


    1285.0   5/2 -  727.8   3/2    0.0000    0.00    0.0002    0.09    0.000    0.000    557.1  0.204E-23  0.498E-03
    1285.0   5/2 -  762.0   3/2    0.0000    0.00    0.0054    3.01    0.000    0.000    523.0  0.608E-24  0.136E-01
    1285.0   5/2 -  731.2   5/2    0.0000    0.00    0.0099    5.54    0.000    0.000    553.8  0.419E-25  0.297E-01
    1285.0   5/2 - 1064.4   5/2    0.0000    0.00    0.0003    0.19    0.000   -0.000    220.6  0.319E-26  0.628E-04
    1285.0   5/2 - 1285.0   5/2    1.7058            1.5631


    1636.5   7/2 -  673.4   3/2    0.8619  118.49    0.0000    0.00    1.000    0.000    963.1  0.871E+01  0.000E+00
    1636.5   7/2 -  727.8   3/2    0.0000    0.00    0.0000    0.00    1.000    0.000    908.6  0.519E-22  0.000E+00
    1636.5   7/2 -  762.0   3/2    0.0000    0.00    0.0000    0.00    1.000    0.000    874.5  0.312E-23  0.000E+00
    1636.5   7/2 -  731.2   5/2    0.0000    0.00    0.0315   17.58    0.000    0.000    905.2  0.265E-27  0.411E+00
    1636.5   7/2 - 1064.4   5/2    0.0000    0.00    0.0197   11.03    0.000   -0.000    572.1  0.288E-29  0.651E-01


    1636.5   7/2 - 1285.0   5/2    0.8082  111.10    0.0200   11.17    0.776    1.860    351.5  0.529E-01  0.153E-01
    1636.5   7/2 - 1636.5   7/2    0.9133            1.7279
    2199.7   7/2 -  673.4   3/2    0.0000    0.00    0.0000    0.00    1.000    0.000   1526.4  0.897E-22  0.000E+00
    2199.7   7/2 -  727.8   3/2    0.0000    0.00    0.0000    0.00    1.000    0.000   1471.9  0.467E-19  0.000E+00
    2199.7   7/2 -  762.0   3/2    0.5941   81.67    0.0000    0.00    1.000    0.000   1437.8  0.445E+02  0.000E+00


    2199.7   7/2 -  731.2   5/2    0.0000    0.00    0.0159    8.85    0.000    0.000   1468.5  0.359E-20  0.883E+00
    2199.7   7/2 - 1064.4   5/2    0.2062   28.34    0.0080    4.48    0.958    4.794   1135.3  0.474E+01  0.206E+00
    2199.7   7/2 - 1285.0   5/2    0.0000    0.00    0.0201   11.24    0.000   -0.000    914.7  0.546E-25  0.271E+00
    2199.7   7/2 - 1636.5   7/2    0.0000    0.00    0.0096    5.36    0.000    0.000    563.3  0.732E-24  0.302E-01
    2199.7   7/2 - 2199.7   7/2    2.2902            1.8457


    2283.6   7/2 -  673.4   3/2    0.0000    0.00    0.0000    0.00    1.000    0.000   1610.2  0.476E-21  0.000E+00
    2283.6   7/2 -  727.8   3/2    1.1204  154.03    0.0000    0.00    1.000    0.000   1555.7  0.125E+03  0.000E+00
    2283.6   7/2 -  762.0   3/2    0.0000    0.00    0.0000    0.00    1.000    0.000   1521.6  0.147E-19  0.000E+00
    2283.6   7/2 -  731.2   5/2    0.1288   17.71    0.4214  235.37    0.338    0.715   1552.3  0.142E+02  0.277E+02
    2283.6   7/2 - 1064.4   5/2    0.0000    0.00    0.0205   11.43    0.000    0.000   1219.2  0.229E-20  0.653E+00


    2283.6   7/2 - 1285.0   5/2    0.0000    0.00    0.0290   16.18    0.000   -0.000    998.6  0.643E-23  0.508E+00
    2283.6   7/2 - 1636.5   7/2    0.0000    0.00    0.0325   18.15    0.000    0.000    647.1  0.332E-24  0.155E+00
    2283.6   7/2 - 2199.7   7/2    0.0000    0.00    0.0122    6.79    0.000   -0.000     83.8  0.384E-25  0.126E-03
    2283.6   7/2 - 2283.6   7/2    1.5754            0.4449
    2306.7   9/2 -  731.2   5/2    1.2424  170.79    0.0000    0.00    1.000    0.000   1575.5  0.147E+03  0.000E+00


    2306.7   9/2 - 1064.4   5/2    0.0000    0.00    0.0000    0.00    1.000    0.000   1242.3  0.302E-23  0.000E+00
    2306.7   9/2 - 1285.0   5/2    0.0000    0.00    0.0000    0.00    1.000    0.000   1021.7  0.521E-24  0.000E+00
    2306.7   9/2 - 1636.5   7/2    0.0000    0.00    0.0000    0.01    0.000   -0.000    670.3  0.593E-26  0.116E-03
    2306.7   9/2 - 2199.7   7/2    0.0000    0.00    0.0003    0.16    0.000    0.000    107.0  0.188E-26  0.606E-05
    2306.7   9/2 - 2283.6   7/2    0.0365    5.02    0.0007    0.40    0.019    0.138     23.1  0.296E-08  0.155E-06


    2306.7   9/2 - 2306.7   9/2    1.7481            2.5419
    2416.7   9/2 -  731.2   5/2    0.0000    0.00    0.0000    0.00    1.000    0.000   1685.5  0.102E-19  0.000E+00
    2416.7   9/2 - 1064.4   5/2    1.2026  165.33    0.0000    0.00    1.000    0.000   1352.4  0.664E+02  0.000E+00
    2416.7   9/2 - 1285.0   5/2    0.0000    0.00    0.0000    0.00    1.000    0.000   1131.7  0.377E-22  0.000E+00
    2416.7   9/2 - 1636.5   7/2    0.0000    0.00    0.0061    3.42    0.000   -0.000    780.3  0.128E-23  0.512E-01


    2416.7   9/2 - 2199.7   7/2    0.5744   78.96    0.0042    2.35    0.817    2.110    217.0  0.337E-02  0.757E-03
    2416.7   9/2 - 2283.6   7/2    0.0000    0.00    0.0001    0.06    0.000    0.000    133.2  0.564E-25  0.456E-05
    2416.7   9/2 - 2306.7   9/2    0.0000    0.00    0.0108    6.03    0.000   -0.000    110.0  0.643E-26  0.253E-03
    2416.7   9/2 - 2416.7   9/2    1.1692            2.4023

 TIME=  0.0 SEC
