 PARITY=-   EPS= 0.423   GAMMA=  9.1   EPS4=0.000   EPS6=0.000   LEVELS:  27  28  29  30  31  32  33  34  35  36  37  38  39  40  41
0   Z= 82   A=207   IQ=0   GSFAC= 0.75   GR=  0.40   MIN SPIN=  1/2   MAX SPIN= 13/2   KMAX= 13/2

 MACR QUADR MOMENTS:  Q0=1814.124  Q2=-101.288 FM**2


   B(E2) AND Q(E2) IN E2B2 AND EB,   B(M1) AND M(M1) INNM2 AND NM,   T(E2) AND T(M1) IN 1/PS

       E1     II      EF     IF     B(E2)             B(M1)              GD        D       EREL    T(E2)      T(M1)
                                             WU               MWU

    1521.6   1/2 - 1521.6   1/2    0.0000            0.3384
    1521.6   1/2 - 1474.6   5/2   17.7020 2433.58    0.0000    0.00    1.000    0.000     46.9  0.493E-04  0.000E+00
    1557.6   1/2 - 1521.6   1/2    0.0000    0.00    0.0000    0.00    0.000    0.000     36.0  0.000E+00  0.574E-14
    1557.6   1/2 - 1557.6   1/2    0.0000            0.6216
    1557.6   1/2 - 1535.8   3/2    4.1030  564.06    0.3008  168.00    0.004   -0.067     21.7  0.243E-06  0.544E-04


    1557.6   1/2 - 1474.6   5/2    0.0000    0.00    0.0000    0.00    1.000    0.000     82.9  0.109E-12  0.000E+00
    1535.8   3/2 - 1521.6   1/2    0.0000    0.00    0.0000    0.00    0.000   -0.012     14.3  0.622E-19  0.414E-15
    1535.8   3/2 - 1535.8   3/2    1.3655            0.4416
    1535.8   3/2 - 1474.6   5/2    0.0000    0.00    0.0000    0.00    0.142    0.408     61.2  0.977E-15  0.588E-14
    1535.8   3/2 -    0.0   7/2    0.0009    0.13    0.0000    0.00    1.000    0.000   1535.8  0.949E-01  0.000E+00


    1590.3   3/2 - 1521.6   1/2    4.4606  613.22    0.0605   33.80    0.194   -0.491     68.7  0.835E-04  0.346E-03
    1590.3   3/2 - 1557.6   1/2    0.0000    0.00    0.0000    0.00    0.898   -2.961     32.7  0.827E-16  0.943E-17
    1590.3   3/2 - 1535.8   3/2    0.0000    0.00    0.0000    0.00    0.023    0.154     54.5  0.187E-14  0.786E-13
    1590.3   3/2 - 1590.3   3/2   -3.1158           -0.9858
    1590.3   3/2 - 1474.6   5/2    2.2710  312.21    0.0393   21.92    0.349    0.733    115.7  0.574E-03  0.107E-02


    1590.3   3/2 -    0.0   7/2    0.0000    0.00    0.0000    0.00    1.000    0.000   1590.3  0.131E-10  0.000E+00
    1474.6   5/2 - 1474.6   5/2   -4.8626            0.8271
    1474.6   5/2 -    0.0   7/2    0.0000    0.00    0.0000    0.00    0.417    0.845   1474.6  0.543E-11  0.760E-11
    1474.6   5/2 -  106.6   9/2    0.0000    0.00    0.0000    0.00    1.000    0.000   1368.0  0.102E-10  0.000E+00
    1474.6   5/2 - 1059.4   9/2    0.0000    0.00    0.0000    0.00    1.000    0.000    415.3  0.722E-12  0.000E+00


    2024.1   5/2 - 1521.6   1/2    0.0000    0.00    0.0000    0.00    1.000    0.000    502.5  0.647E-10  0.000E+00
    2024.1   5/2 - 1557.6   1/2    1.2568  172.78    0.0000    0.00    1.000    0.000    466.5  0.339E+00  0.000E+00
    2024.1   5/2 - 1535.8   3/2    7.1296  980.13    0.0764   42.65    0.939    3.928    488.3  0.241E+01  0.156E+00
    2024.1   5/2 - 1590.3   3/2    0.0000    0.00    0.0000    0.00    0.949    4.330    433.8  0.470E-10  0.251E-11
    2024.1   5/2 - 1474.6   5/2    0.0000    0.00    0.0000    0.00    0.245   -0.570    549.5  0.296E-13  0.910E-13


    2024.1   5/2 - 2024.1   5/2   -1.2683            0.8493
    2024.1   5/2 -    0.0   7/2    0.0421    5.78    0.0634   35.43    0.653    1.372   2024.1  0.174E+02  0.926E+01
    2024.1   5/2 - 1599.3   7/2    0.0000    0.00    0.0000    0.00    0.736    1.671    424.8  0.113E-11  0.403E-12
    2024.1   5/2 - 1636.9   7/2    0.0240    3.30    0.0015    0.82    0.629    1.301    387.2  0.255E-02  0.150E-02
    2024.1   5/2 -  106.6   9/2    0.0026    0.36    0.0000    0.00    1.000    0.000   1917.5  0.825E+00  0.000E+00


    2024.1   5/2 - 1059.4   9/2    0.0435    5.98    0.0000    0.00    1.000    0.000    964.8  0.444E+00  0.000E+00
    2250.1   5/2 - 1521.6   1/2    0.0000    0.00    0.0000    0.00    1.000    0.000    728.6  0.136E-09  0.000E+00
    2250.1   5/2 - 1557.6   1/2    0.4243   58.33    0.0000    0.00    1.000    0.000    692.6  0.825E+00  0.000E+00
    2250.1   5/2 - 1535.8   3/2    0.5113   70.29    0.2076  115.95    0.466   -0.933    714.3  0.116E+01  0.133E+01
    2250.1   5/2 - 1590.3   3/2    0.0000    0.00    0.0000    0.00    0.467   -0.935    659.8  0.305E-10  0.349E-10


    2250.1   5/2 - 1474.6   5/2    0.0000    0.00    0.0000    0.00    0.203   -0.505    775.5  0.791E-15  0.310E-14
    2250.1   5/2 - 2024.1   5/2    1.7931  246.50    0.3843  214.61    0.142   -0.407    226.0  0.129E-01  0.781E-01
    2250.1   5/2 - 2250.1   5/2    5.4142           -0.1123
    2250.1   5/2 -    0.0   7/2    0.3118   42.87    0.0175    9.75    0.984    7.916   2250.1  0.219E+03  0.350E+01
    2250.1   5/2 - 1599.3   7/2    0.0000    0.00    0.0000    0.00    0.908   -3.137    650.8  0.137E-09  0.139E-10


    2250.1   5/2 - 1636.9   7/2    0.2695   37.04    0.0084    4.69    0.893   -2.891    613.3  0.285E+00  0.341E-01
    2250.1   5/2 -  106.6   9/2    0.0137    1.89    0.0000    0.00    1.000    0.000   2143.5  0.759E+01  0.000E+00
    2250.1   5/2 - 1059.4   9/2    0.1979   27.20    0.0000    0.00    1.000    0.000   1190.8  0.578E+01  0.000E+00
    2250.1   5/2 - 2123.4   9/2    0.0000    0.00    0.0000    0.00    1.000    0.000    126.7  0.453E-15  0.000E+00
    2656.1   5/2 - 1521.6   1/2    0.0000    0.00    0.0000    0.00    1.000    0.000   1134.5  0.132E-07  0.000E+00


    2656.1   5/2 - 1557.6   1/2    4.5461  624.98    0.0000    0.00    1.000    0.000   1098.5  0.887E+02  0.000E+00
    2656.1   5/2 - 1535.8   3/2    0.4757   65.40    0.0007    0.38    0.998  -24.649   1120.2  0.102E+02  0.169E-01
    2656.1   5/2 - 1590.3   3/2    0.0000    0.00    0.0000    0.00    0.998  -24.367   1065.7  0.120E-09  0.202E-12
    2656.1   5/2 - 1474.6   5/2    0.0000    0.00    0.0000    0.00    0.029   -0.173   1181.4  0.161E-13  0.538E-12
    2656.1   5/2 - 2024.1   5/2    0.3854   52.98    0.0073    4.08    0.936   -3.820    631.9  0.474E+00  0.325E-01


    2656.1   5/2 - 2250.1   5/2    0.9929  136.50    0.0001    0.04    0.999   39.294    405.9  0.133E+00  0.865E-04
    2656.1   5/2 - 2656.1   5/2   -3.7817            1.5991
    2656.1   5/2 -    0.0   7/2    0.0039    0.54    0.0079    4.43    0.708   -1.558   2656.1  0.635E+01  0.261E+01
    2656.1   5/2 - 1599.3   7/2    0.0000    0.00    0.0000    0.00    0.717   -1.593   1056.7  0.470E-10  0.185E-10
    2656.1   5/2 - 1636.9   7/2    0.0054    0.74    0.0022    1.22    0.638   -1.329   1019.2  0.721E-01  0.408E-01


    2656.1   5/2 - 2625.1   7/2    0.1447   19.89    0.4130  230.68    0.000    0.015     30.9  0.499E-07  0.215E-03
    2656.1   5/2 -  106.6   9/2    0.0001    0.02    0.0000    0.00    1.000    0.000   2549.5  0.192E+00  0.000E+00
    2656.1   5/2 - 1059.4   9/2    0.0020    0.28    0.0000    0.00    1.000    0.000   1596.7  0.255E+00  0.000E+00
    2656.1   5/2 - 2123.4   9/2    0.0000    0.00    0.0000    0.00    1.000    0.000    532.6  0.199E-13  0.000E+00
       0.0   7/2 -    0.0   7/2    8.3002           -0.8369


    1599.3   7/2 - 1535.8   3/2    0.0000    0.00    0.0000    0.00    1.000    0.000     63.5  0.319E-14  0.000E+00
    1599.3   7/2 - 1590.3   3/2    7.2900 1002.19    0.0000    0.00    1.000    0.000      9.0  0.535E-08  0.000E+00
    1599.3   7/2 - 1474.6   5/2    0.7441  102.30    0.0686   38.30    0.105   -0.342    124.7  0.274E-03  0.234E-02
    1599.3   7/2 -    0.0   7/2    0.0000    0.00    0.0000    0.00    0.815   -2.101   1599.3  0.109E-08  0.246E-09
    1599.3   7/2 - 1599.3   7/2   -5.4144           -0.8721


    1599.3   7/2 -  106.6   9/2    0.0000    0.00    0.0000    0.00    0.984    7.878   1492.7  0.163E-07  0.262E-09
    1599.3   7/2 - 1059.4   9/2    0.0000    0.00    0.0000    0.00    0.367   -0.762    540.0  0.378E-11  0.652E-11
    1599.3   7/2 - 1279.6  11/2    0.0000    0.00    0.0000    0.00    1.000    0.000    319.7  0.510E-11  0.000E+00
    1636.9   7/2 - 1535.8   3/2    0.0000    0.00    0.0000    0.00    1.000    0.000    101.0  0.228E-09  0.000E+00
    1636.9   7/2 - 1590.3   3/2    0.0000    0.00    0.0000    0.00    1.000    0.000     46.6  0.845E-14  0.000E+00


    1636.9   7/2 - 1474.6   5/2    0.0000    0.00    0.0000    0.00    0.140   -0.403    162.3  0.430E-12  0.265E-11
    1636.9   7/2 -    0.0   7/2    0.0048    0.66    0.0113    6.33    0.438   -0.884   1636.9  0.683E+00  0.875E+00
    1636.9   7/2 - 1599.3   7/2    0.0000    0.00    0.0000    0.00    0.031    0.179     37.5  0.155E-13  0.482E-12
    1636.9   7/2 - 1636.9   7/2    8.3257            1.1868
    1636.9   7/2 -  106.6   9/2    0.4389   60.34    0.0104    5.78    0.986    8.295   1530.3  0.449E+02  0.653E+00


    1636.9   7/2 - 1059.4   9/2    0.0205    2.82    0.0019    1.07    0.713   -1.576    577.5  0.161E-01  0.647E-02
    1636.9   7/2 - 1279.6  11/2    0.2239   30.78    0.0000    0.00    1.000    0.000    357.3  0.159E-01  0.000E+00
    2625.1   7/2 - 1535.8   3/2    5.5453  762.34    0.0000    0.00    1.000    0.000   1089.3  0.104E+03  0.000E+00
    2625.1   7/2 - 1590.3   3/2    0.0000    0.00    0.0000    0.00    1.000    0.000   1034.8  0.214E-08  0.000E+00
    2625.1   7/2 - 1474.6   5/2    0.0000    0.00    0.0000    0.00    0.276   -0.617   1150.5  0.126E-10  0.332E-10


    2625.1   7/2 - 2024.1   5/2    4.4006  604.97    0.0084    4.69    0.992  -11.452    601.0  0.421E+01  0.321E-01
    2625.1   7/2 - 2250.1   5/2    0.0319    4.38    0.0045    2.49    0.411    0.834    375.0  0.289E-02  0.414E-02
    2625.1   7/2 -    0.0   7/2    0.0122    1.68    0.0130    7.26    0.818    2.116   2625.1  0.185E+02  0.414E+01
    2625.1   7/2 - 1599.3   7/2    0.0000    0.00    0.0000    0.00    0.978    6.675   1025.8  0.145E-09  0.325E-11
    2625.1   7/2 - 1636.9   7/2    0.0016    0.22    0.0025    1.41    0.302    0.658    988.3  0.186E-01  0.430E-01


    2625.1   7/2 - 2625.1   7/2   -4.4033            0.7352
    2625.1   7/2 -  106.6   9/2    0.0000    0.01    0.0032    1.78    0.058   -0.248   2518.5  0.552E-01  0.898E+00
    2625.1   7/2 - 1059.4   9/2    0.0012    0.17    0.0607   33.87    0.034    0.187   1565.8  0.143E+00  0.410E+01
    2625.1   7/2 - 2123.4   9/2    0.0000    0.00    0.0000    0.00    0.170    0.453    501.7  0.225E-12  0.110E-11
    2625.1   7/2 - 1279.6  11/2    0.0011    0.15    0.0000    0.00    1.000    0.000   1345.5  0.573E-01  0.000E+00


    2625.1   7/2 - 2131.8  11/2    0.0000    0.00    0.0000    0.00    1.000    0.000    493.4  0.191E-11  0.000E+00
    2625.1   7/2 - 2348.9  11/2    0.0202    2.78    0.0000    0.00    1.000    0.000    276.2  0.397E-03  0.000E+00
     106.6   9/2 -    0.0   7/2    0.6472   88.98    0.0052    2.93    0.493   -0.986    106.6  0.109E-03  0.112E-03
     106.6   9/2 -  106.6   9/2    9.2882            1.3080
    1059.4   9/2 -    0.0   7/2   10.3634 1424.70    0.2846  158.97    0.966   -5.322   1059.4  0.169E+03  0.596E+01


    1059.4   9/2 -  106.6   9/2    0.4415   60.69    0.0396   22.14    0.875    2.647    952.8  0.423E+01  0.603E+00
    1059.4   9/2 - 1059.4   9/2    3.4519           -0.0217
    2123.4   9/2 - 1474.6   5/2    7.8286 1076.24    0.0000    0.00    1.000    0.000    648.8  0.110E+02  0.000E+00
    2123.4   9/2 - 2024.1   5/2    0.0000    0.00    0.0000    0.00    1.000    0.000     99.3  0.371E-14  0.000E+00
    2123.4   9/2 -    0.0   7/2    0.0000    0.00    0.0000    0.00    0.984   -7.909   2123.4  0.428E-08  0.684E-10


    2123.4   9/2 - 1599.3   7/2    0.7533  103.56    0.0406   22.69    0.779    1.879    524.1  0.363E+00  0.103E+00
    2123.4   9/2 - 1636.9   7/2    0.0000    0.00    0.0000    0.00    0.467    0.936    486.5  0.369E-10  0.422E-10
    2123.4   9/2 -  106.6   9/2    0.0000    0.00    0.0000    0.00    0.986   -8.322   2016.8  0.283E-09  0.409E-11
    2123.4   9/2 - 1059.4   9/2    0.0000    0.00    0.0000    0.00    0.972    5.922   1064.1  0.209E-09  0.596E-11
    2123.4   9/2 - 2123.4   9/2   -5.5118            0.9339


    2123.4   9/2 - 1279.6  11/2    0.0000    0.00    0.0000    0.00    0.308    0.668    843.8  0.977E-12  0.219E-11
    2778.0   9/2 - 1474.6   5/2    1.1832  162.66    0.0000    0.00    1.000    0.000   1303.4  0.543E+02  0.000E+00
    2778.0   9/2 - 2024.1   5/2    0.0000    0.00    0.0000    0.00    1.000    0.000    753.9  0.332E-07  0.000E+00
    2778.0   9/2 - 2250.1   5/2    0.0000    0.00    0.0000    0.00    1.000    0.000    527.8  0.693E-07  0.000E+00
    2778.0   9/2 - 2656.1   5/2    0.0000    0.00    0.0000    0.00    1.000    0.000    121.9  0.235E-12  0.000E+00


    2778.0   9/2 -    0.0   7/2    0.0000    0.00    0.0000    0.00    0.874   -2.632   2778.0  0.490E-05  0.707E-06
    2778.0   9/2 - 1599.3   7/2    0.0921   12.66    0.0302   16.88    0.746    1.712   1178.7  0.255E+01  0.871E+00
    2778.0   9/2 - 1636.9   7/2    0.0000    0.00    0.0000    0.00    0.999  -38.365   1141.1  0.285E-03  0.194E-06
    2778.0   9/2 - 2625.1   7/2    0.0000    0.00    0.0000    0.00    0.002    0.045    152.9  0.272E-12  0.137E-09
    2778.0   9/2 -  106.6   9/2    0.0000    0.00    0.0000    0.00    1.000 -392.324   2671.4  0.480E-03  0.311E-08


    2778.0   9/2 - 1059.4   9/2    0.0000    0.00    0.0000    0.00    0.194    0.491   1718.6  0.182E-06  0.752E-06
    2778.0   9/2 - 2123.4   9/2    0.9171  126.07    0.4060  226.77    0.402   -0.819    654.6  0.134E+01  0.200E+01
    2778.0   9/2 - 2778.0   9/2   -0.6233           -0.5102
    2778.0   9/2 - 1279.6  11/2    0.0000    0.00    0.0000    0.00    0.920    3.401   1498.4  0.876E-05  0.757E-06
    2778.0   9/2 - 2131.8  11/2    2.6119  359.07    0.0199   11.11    0.974   -6.166    646.2  0.359E+01  0.944E-01


    2778.0   9/2 - 2348.9  11/2    0.0000    0.00    0.0000    0.00    0.372   -0.770    429.1  0.243E-08  0.410E-08
    2778.0   9/2 - 2677.8  13/2    0.0000    0.00    0.0000    0.00    1.000    0.000    100.2  0.315E-10  0.000E+00
    2779.3   9/2 - 1474.6   5/2    0.0000    0.00    0.0000    0.00    1.000    0.000   1304.7  0.613E-04  0.000E+00
    2779.3   9/2 - 2024.1   5/2    0.0086    1.19    0.0000    0.00    1.000    0.000    755.2  0.259E-01  0.000E+00
    2779.3   9/2 - 2250.1   5/2    0.1223   16.81    0.0000    0.00    1.000    0.000    529.2  0.619E-01  0.000E+00


    2779.3   9/2 - 2656.1   5/2    0.0009    0.12    0.0000    0.00    1.000    0.000    123.2  0.296E-06  0.000E+00
    2779.3   9/2 -    0.0   7/2    0.0020    0.27    0.0016    0.88    0.869   -2.576   2779.3  0.396E+01  0.596E+00
    2779.3   9/2 - 1599.3   7/2    0.0000    0.00    0.0000    0.00    0.647    1.354   1180.0  0.185E-05  0.101E-05
    2779.3   9/2 - 1636.9   7/2   10.6561 1464.94    0.0060    3.36    0.999  -40.010   1142.4  0.253E+03  0.158E+00
    2779.3   9/2 - 2625.1   7/2    0.0004    0.05    0.0019    1.07    0.003    0.057    154.2  0.399E-06  0.124E-03


    2779.3   9/2 -  106.6   9/2    0.2559   35.18    0.0000    0.00    1.000 -399.727   2672.7  0.426E+03  0.265E-02
    2779.3   9/2 - 1059.4   9/2    0.0010    0.14    0.0077    4.28    0.218    0.527   1719.9  0.191E+00  0.686E+00
    2779.3   9/2 - 2123.4   9/2    0.0000    0.00    0.0000    0.00    0.399   -0.816    655.9  0.152E-05  0.229E-05
    2779.3   9/2 - 2778.0   9/2    0.0000    0.00    0.0000    0.00    0.000    0.002      1.3  0.149E-18  0.585E-13
    2779.3   9/2 - 2779.3   9/2    3.3128            1.6100


    2779.3   9/2 - 1279.6  11/2    0.0835   11.47    0.0112    6.26    0.921    3.406   1499.7  0.772E+01  0.666E+00
    2779.3   9/2 - 2131.8  11/2    0.0000    0.00    0.0000    0.00    0.974   -6.141    647.5  0.408E-05  0.108E-06
    2779.3   9/2 - 2348.9  11/2    0.0102    1.41    0.0024    1.34    0.353   -0.739    430.4  0.185E-02  0.338E-02
    2779.3   9/2 - 2677.8  13/2    0.2197   30.21    0.0000    0.00    1.000    0.000    101.5  0.289E-04  0.000E+00
    1279.6  11/2 -    0.0   7/2    0.2671   36.73    0.0000    0.00    1.000    0.000   1279.6  0.112E+02  0.000E+00


    1279.6  11/2 -  106.6   9/2   10.2435 1408.21    0.0104    5.81    0.999  -30.660   1173.0  0.278E+03  0.295E+00
    1279.6  11/2 - 1059.4   9/2    0.1055   14.51    0.0195   10.90    0.154   -0.426    220.3  0.667E-03  0.367E-02
    1279.6  11/2 - 1279.6  11/2    4.1573            1.6821
    2131.8  11/2 -    0.0   7/2    0.0000    0.00    0.0000    0.00    1.000    0.000   2131.8  0.518E-07  0.000E+00
    2131.8  11/2 - 1599.3   7/2    7.0431  968.24    0.0000    0.00    1.000    0.000    532.4  0.368E+01  0.000E+00


    2131.8  11/2 - 1636.9   7/2    0.0000    0.00    0.0000    0.00    1.000    0.000    494.9  0.881E-09  0.000E+00
    2131.8  11/2 -  106.6   9/2    0.0000    0.00    0.0000    0.00    0.988    9.142   2025.2  0.664E-08  0.795E-10
    2131.8  11/2 - 1059.4   9/2    0.0000    0.00    0.0000    0.00    0.966   -5.335   1072.4  0.762E-08  0.268E-09
    2131.8  11/2 - 2123.4   9/2    1.1736  161.34    0.0394   22.01    0.001   -0.038      8.4  0.587E-09  0.406E-06
    2131.8  11/2 - 1279.6  11/2    0.0000    0.00    0.0000    0.00    0.851    2.392    852.2  0.259E-09  0.453E-10


    2131.8  11/2 - 2131.8  11/2   -5.0343           -0.6795
    2348.9  11/2 -    0.0   7/2    2.1950  301.76    0.0000    0.00    1.000    0.000   2348.9  0.191E+04  0.000E+00
    2348.9  11/2 - 1599.3   7/2    0.0000    0.00    0.0000    0.00    1.000    0.000    749.6  0.114E-08  0.000E+00
    2348.9  11/2 - 1636.9   7/2    0.0069    0.95    0.0000    0.00    1.000    0.000    712.0  0.155E-01  0.000E+00
    2348.9  11/2 -  106.6   9/2    0.0728   10.01    0.0172    9.59    0.937    3.844   2242.3  0.503E+02  0.341E+01


    2348.9  11/2 - 1059.4   9/2   10.7760 1481.42    0.3961  221.22    0.969   -5.600   1289.5  0.469E+03  0.149E+02
    2348.9  11/2 - 2123.4   9/2    0.0000    0.00    0.0000    0.00    0.231   -0.548    225.5  0.569E-12  0.190E-11
    2348.9  11/2 - 1279.6  11/2    0.3571   49.09    0.0523   29.23    0.844    2.325   1069.3  0.609E+01  0.113E+01
    2348.9  11/2 - 2131.8  11/2    0.0000    0.00    0.0000    0.00    0.297    0.650    217.1  0.122E-11  0.290E-11
    2348.9  11/2 - 2348.9  11/2    0.4623            0.6448


    3085.3  11/2 -    0.0   7/2    0.0000    0.00    0.0000    0.00    1.000    0.000   3085.3  0.579E-08  0.000E+00
    3085.3  11/2 - 1599.3   7/2    2.3805  327.26    0.0000    0.00    1.000    0.000   1486.0  0.210E+03  0.000E+00
    3085.3  11/2 - 1636.9   7/2    0.0000    0.00    0.0000    0.00    1.000    0.000   1448.4  0.131E-06  0.000E+00
    3085.3  11/2 - 2625.1   7/2    0.0000    0.00    0.0000    0.00    1.000    0.000    460.2  0.491E-11  0.000E+00
    3085.3  11/2 -  106.6   9/2    0.0000    0.00    0.0000    0.00    0.983   -7.623   2978.7  0.152E-08  0.261E-10


    3085.3  11/2 - 1059.4   9/2    0.0000    0.00    0.0000    0.00    0.907   -3.118   2025.9  0.423E-08  0.435E-09
    3085.3  11/2 - 2123.4   9/2    0.2644   36.35    0.1190   66.44    0.588    1.194    961.9  0.266E+01  0.186E+01
    3085.3  11/2 - 2778.0   9/2    4.8258  663.43    0.0037    2.06    0.988   -9.265    307.3  0.161E+00  0.188E-02
    3085.3  11/2 - 2779.3   9/2    0.0000    0.00    0.0000    0.00    0.989   -9.314    306.0  0.177E-06  0.204E-08
    3085.3  11/2 - 1279.6  11/2    0.0000    0.00    0.0000    0.00    0.999  -28.115   1805.7  0.115E-09  0.146E-12


    3085.3  11/2 - 2131.8  11/2    0.9879  135.81    0.0466   26.02    0.930   -3.655    953.5  0.950E+01  0.711E+00
    3085.3  11/2 - 2348.9  11/2    0.0000    0.00    0.0000    0.00    0.995  -14.866    736.4  0.194E-09  0.879E-12
    3085.3  11/2 - 3085.3  11/2   -3.0681           -0.2717
    3085.3  11/2 - 2677.8  13/2    0.0000    0.00    0.0000    0.00    0.950   -4.363    407.5  0.744E-11  0.391E-12
    3085.3  11/2 - 2919.8  13/2    4.0456  556.17    0.1491   83.26    0.340   -0.718    165.5  0.613E-02  0.119E-01


    2677.8  13/2 -  106.6   9/2    2.0529  282.22    0.0000    0.00    1.000    0.000   2571.2  0.281E+04  0.000E+00
    2677.8  13/2 - 1059.4   9/2    0.2469   33.95    0.0000    0.00    1.000    0.000   1618.5  0.335E+02  0.000E+00
    2677.8  13/2 - 2123.4   9/2    0.0000    0.00    0.0000    0.00    1.000    0.000    554.4  0.419E-10  0.000E+00
    2677.8  13/2 - 1279.6  11/2   11.0741 1522.40    0.0220   12.26    0.999  -26.143   1398.2  0.722E+03  0.106E+01
    2677.8  13/2 - 2131.8  11/2    0.0000    0.00    0.0000    0.00    0.955   -4.595    546.0  0.156E-10  0.739E-12


    2677.8  13/2 - 2348.9  11/2    0.0076    1.04    0.0340   18.97    0.016   -0.129    328.9  0.356E-03  0.213E-01
    2677.8  13/2 - 2677.8  13/2    0.9441            2.0653
    2919.8  13/2 -  106.6   9/2    0.0000    0.00    0.0000    0.00    1.000    0.000   2813.2  0.680E-07  0.000E+00
    2919.8  13/2 - 1059.4   9/2    0.0000    0.00    0.0000    0.00    1.000    0.000   1860.4  0.649E-08  0.000E+00
    2919.8  13/2 - 2123.4   9/2    3.6015  495.12    0.0000    0.00    1.000    0.000    796.4  0.141E+02  0.000E+00


    2919.8  13/2 - 2778.0   9/2    2.6821  368.71    0.0000    0.00    1.000    0.000    141.8  0.187E-02  0.000E+00
    2919.8  13/2 - 2779.3   9/2    0.0000    0.00    0.0000    0.00    1.000    0.000    140.5  0.203E-08  0.000E+00
    2919.8  13/2 - 1279.6  11/2    0.0000    0.00    0.0000    0.00    0.999  -42.403   1640.1  0.235E-07  0.131E-10
    2919.8  13/2 - 2131.8  11/2    2.6972  370.80    0.0046    2.54    0.996   15.970    788.0  0.100E+02  0.392E-01
    2919.8  13/2 - 2348.9  11/2    0.0000    0.00    0.0000    0.00    0.689    1.490    570.9  0.522E-11  0.235E-11


    2919.8  13/2 - 2677.8  13/2    0.0000    0.00    0.0000    0.00    0.096    0.326    242.0  0.727E-12  0.682E-11
    2919.8  13/2 - 2919.8  13/2   -3.6398           -0.3126

 TIME=  0.0 SEC
