 PARITY=-   EPS= 0.204   GAMMA= 21.8   EPS4=0.000   EPS6=0.000   LEVELS:  29  30  31  32  33
0   Z= 82   A=207   IQ=1   GSFAC= 0.75   GR=  0.40   MIN SPIN=  1/2   MAX SPIN= 13/2   KMAX= 13/2

 MICR QUADR MOMENTS:  Q0= 937.386  Q2=-229.448 FM**2


   B(E2) AND Q(E2) IN E2B2 AND EB,   B(M1) AND M(M1) INNM2 AND NM,   T(E2) AND T(M1) IN 1/PS

       E1     II      EF     IF     B(E2)             B(M1)              GD        D       EREL    T(E2)      T(M1)
                                             WU               MWU

      65.5   1/2 -   65.5   1/2    0.0000            0.5370
      65.5   1/2 -    0.0   3/2    0.0000    0.00    0.0045    2.51    0.000    0.000     65.5  0.379E-23  0.222E-04
     192.8   1/2 -   65.5   1/2    0.0000    0.00    0.0033    1.83    0.000    0.000    127.3  0.000E+00  0.119E-03
     192.8   1/2 -  192.8   1/2    0.0000            0.4999
     192.8   1/2 -    0.0   3/2    0.0058    0.79    0.0498   27.82    0.003    0.055    192.8  0.187E-04  0.628E-02


     782.3   1/2 -   65.5   1/2    0.0000    0.00    0.0320   17.85    0.000    0.000    716.9  0.000E+00  0.207E+00
     782.3   1/2 -  192.8   1/2    0.0000    0.00    0.0006    0.34    0.000    0.000    589.6  0.000E+00  0.220E-02
     782.3   1/2 -  782.3   1/2    0.0000            0.5696
     782.3   1/2 -    0.0   3/2    0.0000    0.00    0.0151    8.42    0.000    0.000    782.3  0.407E-26  0.127E+00
     782.3   1/2 -  422.4   3/2    0.0000    0.00    0.0237   13.24    0.000    0.000    360.0  0.189E-24  0.195E-01


     782.3   1/2 -  746.9   3/2    0.0000    0.00    0.0231   12.91    0.000    0.000     35.5  0.286E-26  0.181E-04
     782.3   1/2 -  324.0   5/2    0.0000    0.00    0.0000    0.00    1.000    0.000    458.4  0.226E-24  0.000E+00
       0.0   3/2 -    0.0   3/2    1.1970            0.9142
     422.4   3/2 -   65.5   1/2    0.0000    0.00    0.0001    0.07    0.000    0.000    356.9  0.619E-17  0.105E-03
     422.4   3/2 -  192.8   1/2    1.9547  268.72    0.1333   74.45    0.349   -0.732    229.6  0.152E-01  0.284E-01


     422.4   3/2 -    0.0   3/2    1.2449  171.15    0.0267   14.89    0.852    2.403    422.4  0.204E+00  0.353E-01
     422.4   3/2 -  422.4   3/2   -1.1970           -0.0880
     422.4   3/2 -  324.0   5/2    0.0619    8.51    0.0047    2.65    0.081   -0.296     98.4  0.697E-05  0.794E-04
     746.9   3/2 -   65.5   1/2    1.9324  265.66    0.0787   43.95    0.888    2.811    681.4  0.346E+01  0.438E+00
     746.9   3/2 -  192.8   1/2    0.0000    0.00    0.0001    0.03    0.000    0.000    554.1  0.552E-16  0.186E-03


     746.9   3/2 -    0.0   3/2    0.0000    0.00    0.0012    0.67    0.000   -0.000    746.9  0.153E-23  0.885E-02
     746.9   3/2 -  422.4   3/2    0.0000    0.00    0.0024    1.35    0.000    0.000    324.5  0.128E-24  0.145E-02
     746.9   3/2 -  746.9   3/2   -1.4207            1.0172
     746.9   3/2 -  324.0   5/2    0.0000    0.00    0.0004    0.21    0.000   -0.000    422.9  0.328E-24  0.496E-03
     324.0   5/2 -   65.5   1/2    0.0000    0.00    0.0000    0.00    1.000    0.000    258.5  0.429E-18  0.000E+00


     324.0   5/2 -  192.8   1/2    0.6790   93.35    0.0000    0.00    1.000    0.000    131.2  0.322E-03  0.000E+00
     324.0   5/2 -    0.0   3/2    3.0753  422.77    0.0193   10.76    0.921    3.408    324.0  0.134E+00  0.115E-01
     324.0   5/2 -  324.0   5/2   -0.4420            1.3953
     818.7   5/2 -   65.5   1/2    1.8575  255.36    0.0000    0.00    1.000    0.000    753.2  0.549E+01  0.000E+00
     818.7   5/2 -  192.8   1/2    0.0000    0.00    0.0000    0.00    1.000    0.000    625.9  0.976E-16  0.000E+00


     818.7   5/2 -  782.3   1/2    0.0000    0.00    0.0000    0.00    1.000    0.000     36.3  0.179E-30  0.000E+00
     818.7   5/2 -    0.0   3/2    0.0000    0.00    0.0005    0.30    0.000   -0.000    818.7  0.135E-23  0.524E-02
     818.7   5/2 -  422.4   3/2    0.0000    0.00    0.0010    0.56    0.000   -0.000    396.3  0.130E-27  0.110E-02
     818.7   5/2 -  746.9   3/2    0.3567   49.04    0.1410   78.76    0.009    0.095     71.8  0.829E-05  0.918E-03
     818.7   5/2 -  324.0   5/2    0.0000    0.00    0.0039    2.20    0.000    0.000    494.7  0.107E-25  0.839E-02


     818.7   5/2 -  818.7   5/2   -2.3827            1.0148
     818.7   5/2 -  563.2   9/2    0.0000    0.00    0.0000    0.00    1.000    0.000    255.5  0.420E-28  0.000E+00
    1643.7   5/2 -   65.5   1/2    0.0000    0.00    0.0000    0.00    1.000    0.000   1578.2  0.621E-14  0.000E+00
    1643.7   5/2 -  192.8   1/2    1.1595  159.40    0.0000    0.00    1.000    0.000   1450.9  0.910E+02  0.000E+00
    1643.7   5/2 -  782.3   1/2    0.0000    0.00    0.0000    0.00    1.000    0.000    861.3  0.878E-23  0.000E+00


    1643.7   5/2 -    0.0   3/2    0.2702   37.14    0.0060    3.33    0.988    9.208   1643.7  0.395E+02  0.466E+00
    1643.7   5/2 -  422.4   3/2    0.3032   41.69    0.0068    3.81    0.979    6.784   1221.3  0.101E+02  0.218E+00
    1643.7   5/2 -  746.9   3/2    0.0000    0.00    0.0026    1.47    0.000    0.000    896.8  0.523E-24  0.334E-01
    1643.7   5/2 -  324.0   5/2    0.0526    7.23    0.0133    7.40    0.827   -2.189   1319.7  0.257E+01  0.536E+00
    1643.7   5/2 -  818.7   5/2    0.0000    0.00    0.0002    0.12    0.000    0.000    825.0  0.709E-24  0.204E-02


    1643.7   5/2 - 1643.7   5/2   -2.7956            1.3780
    1643.7   5/2 - 1506.0   7/2    1.0738  147.62    0.0417   23.29    0.253    0.581    137.6  0.647E-03  0.191E-02
    1643.7   5/2 -  563.2   9/2    0.0000    0.00    0.0000    0.00    1.000    0.000   1080.5  0.360E-23  0.000E+00
    1506.0   7/2 -    0.0   3/2    1.1867  163.14    0.0000    0.00    1.000    0.000   1506.0  0.112E+03  0.000E+00
    1506.0   7/2 -  422.4   3/2    0.1066   14.65    0.0000    0.00    1.000    0.000   1083.7  0.194E+01  0.000E+00


    1506.0   7/2 -  746.9   3/2    0.0000    0.00    0.0000    0.00    1.000    0.000    759.2  0.194E-24  0.000E+00
    1506.0   7/2 -  324.0   5/2    0.8995  123.66    0.0144    8.04    0.984    7.780   1182.1  0.253E+02  0.418E+00
    1506.0   7/2 -  818.7   5/2    0.0000    0.00    0.0017    0.96    0.000    0.000    687.4  0.855E-25  0.986E-02
    1506.0   7/2 - 1506.0   7/2   -2.0052            1.5647
    1506.0   7/2 -  563.2   9/2    0.0000    0.00    0.0000    0.00    0.000   -0.000    942.9  0.203E-26  0.611E-04


    1739.9   7/2 -    0.0   3/2    0.0496    6.82    0.0000    0.00    1.000    0.000   1739.9  0.965E+01  0.000E+00
    1739.9   7/2 -  422.4   3/2    2.3720  326.09    0.0000    0.00    1.000    0.000   1317.5  0.115E+03  0.000E+00
    1739.9   7/2 -  746.9   3/2    0.0000    0.00    0.0000    0.00    1.000    0.000    993.0  0.171E-24  0.000E+00
    1739.9   7/2 -  324.0   5/2    0.0227    3.12    0.0668   37.29    0.321    0.688   1415.9  0.158E+01  0.334E+01
    1739.9   7/2 -  818.7   5/2    0.0000    0.00    0.0000    0.01    0.000   -0.000    921.2  0.359E-23  0.229E-03


    1739.9   7/2 - 1643.7   5/2    0.4696   64.56    0.1266   70.71    0.023   -0.154     96.2  0.472E-04  0.198E-02
    1739.9   7/2 - 1506.0   7/2    0.2676   36.79    0.0000    0.02    0.996  -16.332    233.8  0.228E-02  0.856E-05
    1739.9   7/2 - 1739.9   7/2   -2.6329            0.6171
    1739.9   7/2 -  563.2   9/2    0.0000    0.00    0.0000    0.00    0.000    0.000   1176.7  0.437E-25  0.187E-07
    1739.9   7/2 - 1672.9   9/2    0.1931   26.54    0.0002    0.13    0.719   -1.601     67.0  0.317E-05  0.124E-05


    1958.0   7/2 -    0.0   3/2    0.0000    0.00    0.0000    0.00    1.000    0.000   1958.0  0.240E-21  0.000E+00
    1958.0   7/2 -  422.4   3/2    0.0000    0.00    0.0000    0.00    1.000    0.000   1535.6  0.165E-21  0.000E+00
    1958.0   7/2 -  746.9   3/2    0.0000    0.00    0.0000    0.00    1.000    0.000   1211.1  0.626E-19  0.000E+00
    1958.0   7/2 -  324.0   5/2    0.0000    0.00    0.0113    6.31    0.000   -0.000   1634.0  0.125E-21  0.868E+00
    1958.0   7/2 -  818.7   5/2    0.0000    0.00    0.0220   12.29    0.000   -0.000   1139.3  0.220E-21  0.573E+00


    1958.0   7/2 - 1643.7   5/2    0.0000    0.00    0.0025    1.39    0.000    0.000    314.3  0.671E-25  0.136E-02
    1958.0   7/2 - 1506.0   7/2    0.0000    0.00    0.0112    6.27    0.000    0.000    452.0  0.877E-25  0.183E-01
    1958.0   7/2 - 1739.9   7/2    0.0000    0.00    0.0003    0.18    0.000   -0.000    218.1  0.174E-25  0.583E-04
    1958.0   7/2 - 1958.0   7/2   -2.0589            1.4978
    1958.0   7/2 -  563.2   9/2    0.0000    0.00    0.0000    0.00    0.000    0.000   1394.8  0.248E-24  0.534E-04


    1958.0   7/2 - 1672.9   9/2    0.0000    0.00    0.0029    1.62    0.000    0.000    285.1  0.170E-25  0.118E-02
    1958.0   7/2 - 1855.0  11/2    0.0000    0.00    0.0000    0.00    1.000    0.000    103.1  0.288E-29  0.000E+00
     563.2   9/2 -  324.0   5/2    0.0000    0.00    0.0000    0.00    1.000    0.000    239.2  0.565E-29  0.000E+00
     563.2   9/2 -  563.2   9/2    5.1558            1.4270
    1672.9   9/2 -  324.0   5/2    2.5467  350.10    0.0000    0.00    1.000    0.000   1348.9  0.139E+03  0.000E+00


    1672.9   9/2 -  818.7   5/2    0.0000    0.00    0.0000    0.00    1.000    0.000    854.2  0.177E-23  0.000E+00
    1672.9   9/2 - 1643.7   5/2    0.1172   16.11    0.0000    0.00    1.000    0.000     29.2  0.306E-07  0.000E+00
    1672.9   9/2 - 1506.0   7/2    1.1782  161.97    0.0228   12.71    0.500    0.999    166.9  0.186E-02  0.186E-02
    1672.9   9/2 -  563.2   9/2    0.0000    0.00    0.0000    0.00    0.000    0.000   1109.7  0.165E-25  0.370E-04
    1672.9   9/2 - 1672.9   9/2   -1.6117            2.2382


    2320.1   9/2 -  324.0   5/2    0.0000    0.00    0.0000    0.00    1.000    0.000   1996.1  0.119E-25  0.000E+00
    2320.1   9/2 -  818.7   5/2    2.7039  371.72    0.0000    0.00    1.000    0.000   1501.4  0.252E+03  0.000E+00
    2320.1   9/2 - 1643.7   5/2    0.0000    0.00    0.0000    0.00    1.000    0.000    676.4  0.469E-26  0.000E+00
    2320.1   9/2 - 1506.0   7/2    0.0000    0.00    0.0002    0.10    0.000    0.000    814.0  0.617E-26  0.163E-02
    2320.1   9/2 - 1739.9   7/2    0.0000    0.00    0.0008    0.42    0.000    0.000    580.2  0.363E-26  0.261E-02


    2320.1   9/2 - 1958.0   7/2    0.0000    0.00    0.0702   39.23    0.000   -0.000    362.1  0.972E-28  0.587E-01
    2320.1   9/2 -  563.2   9/2    0.0000    0.00    0.0000    0.00    0.000    0.000   1756.9  0.100E-25  0.439E-03
    2320.1   9/2 - 1672.9   9/2    0.0000    0.00    0.0049    2.75    0.000   -0.000    647.2  0.420E-26  0.235E-01
    2320.1   9/2 - 2320.1   9/2   -2.1682            1.5309
    2320.1   9/2 - 1855.0  11/2    0.0000    0.00    0.0000    0.01    0.000   -0.000    465.1  0.630E-29  0.319E-04


    1855.0  11/2 - 1506.0   7/2    0.0000    0.00    0.0000    0.00    1.000    0.000    348.9  0.401E-28  0.000E+00
    1855.0  11/2 - 1739.9   7/2    0.0000    0.00    0.0000    0.00    1.000    0.000    115.1  0.112E-28  0.000E+00
    1855.0  11/2 -  563.2   9/2    2.6228  360.56    0.0070    3.90    0.998  -20.842   1291.8  0.115E+03  0.265E+00
    1855.0  11/2 - 1672.9   9/2    0.0000    0.00    0.0000    0.00    0.000   -0.000    182.0  0.162E-29  0.768E-06
    1855.0  11/2 - 1855.0  11/2    2.6920            1.8813


    2854.0  13/2 -  563.2   9/2    0.9219  126.74    0.0000    0.00    1.000    0.000   2290.8  0.710E+03  0.000E+00
    2854.0  13/2 - 1672.9   9/2    0.0000    0.00    0.0000    0.00    1.000    0.000   1181.1  0.109E-23  0.000E+00
    2854.0  13/2 - 2320.1   9/2    0.0000    0.00    0.0000    0.00    1.000    0.000    533.9  0.525E-28  0.000E+00
    2854.0  13/2 - 1855.0  11/2    0.9119  125.37    0.0057    3.16    0.991  -10.554    999.1  0.111E+02  0.994E-01
    2854.0  13/2 - 2854.0  13/2    4.0082            2.2588



 TIME=  0.0 SEC
