 PARITY=-   EPS= 0.211   GAMMA=  0.0   EPS4=0.000   EPS6=0.000   LEVELS:  25  26  27  28  29  30  31  32  33  34  35  36  37  38  39
0   Z= 82   A=207   IQ=0   GSFAC= 0.75   GR=  0.40   MIN SPIN=  1/2   MAX SPIN= 13/2   KMAX= 13/2

 MACR QUADR MOMENTS:  Q0= 787.203  Q2=   0.000 FM**2


   B(E2) AND Q(E2) IN E2B2 AND EB,   B(M1) AND M(M1) INNM2 AND NM,   T(E2) AND T(M1) IN 1/PS

       E1     II      EF     IF     B(E2)             B(M1)              GD        D       EREL    T(E2)      T(M1)
                                             WU               MWU

     399.3   1/2 -  399.3   1/2    0.0000            0.4883
     399.3   1/2 -    0.0   3/2    0.0100    1.38    0.9101  508.29    0.001    0.035    399.3  0.124E-02  0.102E+01
     399.3   1/2 -  113.4   5/2    0.0093    1.29    0.0000    0.00    1.000    0.000    286.0  0.218E-03  0.000E+00
    1677.5   1/2 -  399.3   1/2    0.0000    0.00    0.0050    2.78    0.000    0.000   1278.1  0.000E+00  0.183E+00
    1677.5   1/2 - 1677.5   1/2    0.0000            0.5947


    1677.5   1/2 -    0.0   3/2    0.0823   11.31    0.0478   26.69    0.771    1.833   1677.5  0.133E+02  0.397E+01
    1677.5   1/2 - 1028.5   3/2    0.1021   14.03    0.0058    3.26    0.836   -2.260    649.0  0.143E+00  0.281E-01
    1677.5   1/2 -  113.4   5/2    0.0756   10.39    0.0000    0.00    1.000    0.000   1564.1  0.863E+01  0.000E+00
    1677.5   1/2 -  642.1   5/2    0.1529   21.02    0.0000    0.00    1.000    0.000   1035.4  0.222E+01  0.000E+00
    1677.5   1/2 - 1055.7   5/2    0.1283   17.64    0.0000    0.00    1.000    0.000    621.8  0.146E+00  0.000E+00


       0.0   3/2 -    0.0   3/2    1.4470           -0.8349
    1028.5   3/2 -  399.3   1/2    1.1085  152.39    0.0786   43.90    0.795    1.967    629.2  0.133E+01  0.345E+00
    1028.5   3/2 -    0.0   3/2    0.0517    7.11    0.2902  162.10    0.116    0.361   1028.5  0.726E+00  0.556E+01
    1028.5   3/2 - 1028.5   3/2   -1.4105            0.9721
    1028.5   3/2 -  113.4   5/2    0.0319    4.38    0.0828   46.25    0.183   -0.473    915.1  0.250E+00  0.112E+01


    1028.5   3/2 -  642.1   5/2    0.0036    0.50    0.5707  318.76    0.001   -0.026    386.4  0.383E-03  0.580E+00
    1028.5   3/2 -  751.0   7/2    0.0023    0.32    0.0000    0.00    1.000    0.000    277.5  0.464E-04  0.000E+00
     113.4   5/2 -    0.0   3/2    0.3907   53.71    0.0137    7.66    0.202   -0.504    113.4  0.893E-04  0.352E-03
     113.4   5/2 -  113.4   5/2    1.8837            0.9485
     642.1   5/2 -  399.3   1/2    0.0039    0.54    0.0000    0.00    1.000    0.000    242.7  0.400E-04  0.000E+00


     642.1   5/2 -    0.0   3/2    1.5836  217.71    0.1503   83.94    0.751   -1.735    642.1  0.211E+01  0.700E+00
     642.1   5/2 -  113.4   5/2    0.4867   66.91    0.0635   35.47    0.598    1.219    528.7  0.245E+00  0.165E+00
     642.1   5/2 -  642.1   5/2    0.0274            0.1888
    1055.7   5/2 -  399.3   1/2    1.0721  147.38    0.0000    0.00    1.000    0.000    656.3  0.159E+01  0.000E+00
    1055.7   5/2 -    0.0   3/2    0.0036    0.50    0.0332   18.52    0.078   -0.291   1055.7  0.581E-01  0.687E+00


    1055.7   5/2 - 1028.5   3/2    0.3340   45.92    0.1058   59.10    0.002    0.040     27.2  0.602E-07  0.373E-04
    1055.7   5/2 -  113.4   5/2    0.0838   11.53    0.0460   25.71    0.528   -1.059    942.3  0.760E+00  0.678E+00
    1055.7   5/2 -  642.1   5/2    0.0161    2.22    0.2760  154.15    0.007    0.083    413.6  0.238E-02  0.344E+00
    1055.7   5/2 - 1055.7   5/2   -2.0331            0.9467
    1055.7   5/2 -  751.0   7/2    0.0135    1.86    0.0778   43.44    0.011    0.106    304.7  0.432E-03  0.387E-01


    1813.6   5/2 -  399.3   1/2    0.1529   21.02    0.0000    0.00    1.000    0.000   1414.3  0.106E+02  0.000E+00
    1813.6   5/2 - 1677.5   1/2    0.2500   34.36    0.0000    0.00    1.000    0.000    136.1  0.143E-03  0.000E+00
    1813.6   5/2 -    0.0   3/2    0.0252    3.46    0.0001    0.05    0.998   25.190   1813.6  0.603E+01  0.950E-02
    1813.6   5/2 - 1028.5   3/2    0.0023    0.31    0.0007    0.40    0.578   -1.170    785.1  0.832E-02  0.608E-02
    1813.6   5/2 -  113.4   5/2    0.1183   16.26    0.0076    4.23    0.969    5.597   1700.2  0.205E+02  0.654E+00


    1813.6   5/2 -  642.1   5/2    0.0027    0.37    0.0082    4.56    0.238   -0.559   1171.5  0.722E-01  0.231E+00
    1813.6   5/2 - 1055.7   5/2    0.0568    7.81    0.0159    8.89    0.587   -1.193    758.0  0.173E+00  0.122E+00
    1813.6   5/2 - 1813.6   5/2   -1.1727            1.2700
    1813.6   5/2 -  751.0   7/2    0.0044    0.60    0.0618   34.54    0.052   -0.235   1062.6  0.722E-01  0.131E+01
    1813.6   5/2 - 1313.1   7/2    0.0196    2.69    0.0906   50.57    0.036   -0.194    500.5  0.751E-02  0.200E+00


    1813.6   5/2 - 1781.6   7/2    0.0009    0.12    0.0017    0.97    0.000   -0.019     32.0  0.351E-09  0.101E-05
    1813.6   5/2 - 1257.0   9/2    0.0094    1.30    0.0000    0.00    1.000    0.000    556.6  0.616E-02  0.000E+00
    1813.6   5/2 - 1450.2   9/2    0.2196   30.19    0.0000    0.00    1.000    0.000    363.4  0.170E-01  0.000E+00
    2993.9   5/2 -  399.3   1/2    0.0001    0.01    0.0000    0.00    1.000    0.000   2594.6  0.839E-01  0.000E+00
    2993.9   5/2 - 1677.5   1/2    0.8083  111.13    0.0000    0.00    1.000    0.000   1316.4  0.390E+02  0.000E+00


    2993.9   5/2 -    0.0   3/2    0.0342    4.70    0.0006    0.33    0.997   19.100   2993.9  0.100E+03  0.275E+00
    2993.9   5/2 - 1028.5   3/2    0.0835   11.48    0.0009    0.51    0.996   15.709   1965.4  0.299E+02  0.121E+00
    2993.9   5/2 -  113.4   5/2    0.0027    0.37    0.0003    0.16    0.981   -7.243   2880.5  0.652E+01  0.124E+00
    2993.9   5/2 -  642.1   5/2    0.0524    7.21    0.0067    3.75    0.968    5.469   2351.8  0.460E+02  0.154E+01
    2993.9   5/2 - 1055.7   5/2    0.0249    3.43    0.0008    0.46    0.988    8.925   1938.2  0.832E+01  0.104E+00


    2993.9   5/2 - 1813.6   5/2    0.1380   18.97    0.0068    3.81    0.951   -4.420   1180.3  0.386E+01  0.197E+00
    2993.9   5/2 - 2993.9   5/2   -1.6334            1.6481
    2993.9   5/2 -  751.0   7/2    0.0110    1.51    0.0000    0.00    1.000  579.261   2242.9  0.762E+01  0.230E-04
    2993.9   5/2 - 1313.1   7/2    0.0007    0.09    0.0001    0.08    0.906    3.104   1680.8  0.111E+00  0.115E-01
    2993.9   5/2 - 1781.6   7/2    0.0016    0.22    0.0007    0.40    0.697   -1.516   1212.3  0.511E-01  0.222E-01


    2993.9   5/2 - 2093.1   7/2    0.0000    0.00    0.0000    0.00    0.970   -5.723    900.9  0.331E-11  0.101E-12
    2993.9   5/2 - 2571.4   7/2    0.2223   30.56    0.0189   10.54    0.593   -1.207    422.6  0.365E-01  0.251E-01
    2993.9   5/2 - 1257.0   9/2    0.0001    0.01    0.0000    0.00    1.000    0.000   1736.9  0.102E-01  0.000E+00
    2993.9   5/2 - 1450.2   9/2    0.0030    0.41    0.0000    0.00    1.000    0.000   1543.7  0.322E+00  0.000E+00
    2993.9   5/2 - 2459.1   9/2    0.0244    3.35    0.0000    0.00    1.000    0.000    534.8  0.130E-01  0.000E+00


    2993.9   5/2 - 2612.0   9/2    0.0299    4.11    0.0000    0.00    1.000    0.000    381.9  0.296E-02  0.000E+00
    2993.9   5/2 - 2758.4   9/2    0.0409    5.62    0.0000    0.00    1.000    0.000    235.6  0.362E-03  0.000E+00
     751.0   7/2 -    0.0   3/2    0.2653   36.47    0.0000    0.00    1.000    0.000    751.0  0.773E+00  0.000E+00
     751.0   7/2 -  113.4   5/2    1.8083  248.60    0.0039    2.17    0.992  -11.453    637.6  0.233E+01  0.177E-01
     751.0   7/2 -  642.1   5/2    0.0004    0.06    0.0606   33.85    0.000    0.008    108.9  0.790E-07  0.138E-02


     751.0   7/2 -  751.0   7/2   -0.2763            1.0988
    1313.1   7/2 -    0.0   3/2    0.5882   80.86    0.0000    0.00    1.000    0.000   1313.1  0.280E+02  0.000E+00
    1313.1   7/2 - 1028.5   3/2    0.0773   10.62    0.0000    0.00    1.000    0.000    284.6  0.176E-02  0.000E+00
    1313.1   7/2 -  113.4   5/2    0.0852   11.71    0.1417   79.14    0.375    0.774   1199.8  0.258E+01  0.431E+01
    1313.1   7/2 -  642.1   5/2    1.1896  163.54    0.1709   95.45    0.685   -1.474    671.1  0.198E+01  0.909E+00


    1313.1   7/2 - 1055.7   5/2    0.0015    0.21    0.2335  130.40    0.000    0.017    257.5  0.207E-04  0.701E-01
    1313.1   7/2 -  751.0   7/2    0.1609   22.11    0.1072   59.89    0.247    0.573    562.1  0.110E+00  0.335E+00
    1313.1   7/2 - 1313.1   7/2   -1.1737            0.1215
    1313.1   7/2 - 1257.0   9/2    0.0006    0.08    0.0000    0.00    0.174   -0.459     56.1  0.420E-08  0.199E-07
    1313.1   7/2 -  933.9  11/2    0.0000    0.00    0.0000    0.00    1.000    0.000    379.2  0.221E-16  0.000E+00


    1781.6   7/2 -    0.0   3/2    0.0117    1.61    0.0000    0.00    1.000    0.000   1781.6  0.257E+01  0.000E+00
    1781.6   7/2 - 1028.5   3/2    0.0067    0.93    0.0000    0.00    1.000    0.000    753.1  0.199E-01  0.000E+00
    1781.6   7/2 -  113.4   5/2    0.0030    0.41    0.1873  104.60    0.030   -0.176   1668.2  0.473E+00  0.153E+02
    1781.6   7/2 -  642.1   5/2    0.0181    2.48    0.1166   65.14    0.122   -0.373   1139.5  0.423E+00  0.304E+01
    1781.6   7/2 - 1055.7   5/2    0.0004    0.06    0.0153    8.53    0.010    0.100    725.9  0.103E-02  0.103E+00


    1781.6   7/2 -  751.0   7/2    0.0013    0.18    0.0937   52.32    0.010    0.102   1030.6  0.186E-01  0.180E+01
    1781.6   7/2 - 1313.1   7/2    0.1071   14.73    0.0545   30.47    0.230   -0.547    468.5  0.295E-01  0.987E-01
    1781.6   7/2 - 1781.6   7/2    3.3759           -0.8065
    1781.6   7/2 - 1257.0   9/2    0.0801   11.01    0.0001    0.03    0.996  -16.316    524.6  0.388E-01  0.146E-03
    1781.6   7/2 - 1450.2   9/2    0.0009    0.13    0.0083    4.66    0.008   -0.091    331.4  0.447E-04  0.535E-02


    1781.6   7/2 -  933.9  11/2    0.0000    0.00    0.0000    0.00    1.000    0.000    847.7  0.868E-14  0.000E+00
    2093.1   7/2 -    0.0   3/2    0.0000    0.00    0.0000    0.00    1.000    0.000   2093.1  0.772E-11  0.000E+00
    2093.1   7/2 - 1028.5   3/2    0.0000    0.00    0.0000    0.00    1.000    0.000   1064.5  0.130E-10  0.000E+00
    2093.1   7/2 -  113.4   5/2    0.0000    0.00    0.0000    0.00    0.929   -3.625   1979.7  0.664E-11  0.505E-12
    2093.1   7/2 -  642.1   5/2    0.0000    0.00    0.0000    0.00    0.916    3.299   1451.0  0.104E-10  0.953E-12


    2093.1   7/2 - 1055.7   5/2    0.0000    0.00    0.0000    0.00    0.999  -31.292   1037.4  0.286E-10  0.292E-13
    2093.1   7/2 - 1813.6   5/2    0.0000    0.00    0.0000    0.00    0.962    5.016    279.4  0.751E-14  0.298E-15
    2093.1   7/2 -  751.0   7/2    0.0000    0.00    0.0000    0.00    0.735   -1.666   1342.1  0.366E-11  0.132E-11
    2093.1   7/2 - 1313.1   7/2    0.0000    0.00    0.0000    0.00    0.204    0.506    779.9  0.204E-12  0.795E-12
    2093.1   7/2 - 1781.6   7/2    0.0000    0.00    0.0000    0.00    0.449   -0.902    311.4  0.165E-15  0.203E-15


    2093.1   7/2 - 2093.1   7/2   -1.7884           -2.3520
    2093.1   7/2 - 1257.0   9/2    0.0000    0.00    0.0000    0.00    0.011    0.104    836.0  0.270E-15  0.250E-13
    2093.1   7/2 - 1450.2   9/2    0.0000    0.00    0.0000    0.00    0.293   -0.644    642.9  0.175E-13  0.421E-13
    2093.1   7/2 -  933.9  11/2    2.3020  316.47    0.0000    0.00    1.000    0.000   1159.2  0.588E+02  0.000E+00
    2571.4   7/2 -    0.0   3/2    0.0213    2.93    0.0000    0.00    1.000    0.000   2571.4  0.292E+02  0.000E+00


    2571.4   7/2 - 1028.5   3/2    1.2446  171.10    0.0000    0.00    1.000    0.000   1542.8  0.133E+03  0.000E+00
    2571.4   7/2 -  113.4   5/2    0.0043    0.59    0.0072    4.00    0.714   -1.579   2458.0  0.466E+01  0.187E+01
    2571.4   7/2 -  642.1   5/2    0.1457   20.03    0.0196   10.95    0.950    4.378   1929.3  0.475E+02  0.248E+01
    2571.4   7/2 - 1055.7   5/2    0.2089   28.72    0.0439   24.49    0.884    2.754   1515.7  0.204E+02  0.269E+01
    2571.4   7/2 - 1813.6   5/2    0.0435    5.98    0.0008    0.44    0.956   -4.675    757.7  0.132E+00  0.606E-02


    2571.4   7/2 -  751.0   7/2    0.0284    3.90    0.0478   26.68    0.577   -1.168   1820.4  0.692E+01  0.507E+01
    2571.4   7/2 - 1313.1   7/2    0.0470    6.46    0.1691   94.46    0.234    0.552   1258.2  0.181E+01  0.593E+01
    2571.4   7/2 - 1781.6   7/2    0.0205    2.82    0.0008    0.45    0.916    3.310    789.7  0.769E-01  0.702E-02
    2571.4   7/2 - 2093.1   7/2    0.0000    0.00    0.0000    0.00    0.001   -0.027    478.3  0.675E-14  0.906E-11
    2571.4   7/2 - 2571.4   7/2   -2.1682            1.9447


    2571.4   7/2 - 1257.0   9/2    0.0000    0.01    0.0038    2.14    0.014    0.118   1314.3  0.212E-02  0.153E+00
    2571.4   7/2 - 1450.2   9/2    0.0072    1.00    0.0417   23.26    0.132   -0.389   1121.2  0.157E+00  0.103E+01
    2571.4   7/2 - 2459.1   9/2    0.0223    3.07    0.3575  199.67    0.001   -0.023    112.3  0.487E-05  0.891E-02
    2571.4   7/2 -  933.9  11/2    0.0000    0.00    0.0000    0.00    1.000    0.000   1637.5  0.384E-09  0.000E+00
    2571.4   7/2 - 2217.6  11/2    0.0000    0.00    0.0000    0.00    1.000    0.000    353.7  0.124E-05  0.000E+00


    1257.0   9/2 -  113.4   5/2    0.0474    6.51    0.0000    0.00    1.000    0.000   1143.6  0.113E+01  0.000E+00
    1257.0   9/2 -  642.1   5/2    0.0037    0.50    0.0000    0.00    1.000    0.000    614.9  0.394E-02  0.000E+00
    1257.0   9/2 - 1055.7   5/2    0.0039    0.53    0.0000    0.00    1.000    0.000    201.3  0.157E-04  0.000E+00
    1257.0   9/2 -  751.0   7/2    0.0831   11.42    0.0026    1.48    0.848   -2.360    506.0  0.336E-01  0.604E-02
    1257.0   9/2 - 1257.0   9/2    3.6366            1.3213


    1257.0   9/2 -  933.9  11/2    0.0000    0.00    0.0000    0.00    0.001    0.025    323.1  0.779E-20  0.123E-16
    1450.2   9/2 -  113.4   5/2    0.7111   97.76    0.0000    0.00    1.000    0.000   1336.8  0.370E+02  0.000E+00
    1450.2   9/2 -  642.1   5/2    0.0529    7.27    0.0000    0.00    1.000    0.000    808.1  0.222E+00  0.000E+00
    1450.2   9/2 - 1055.7   5/2    0.1045   14.36    0.0000    0.00    1.000    0.000    394.5  0.122E-01  0.000E+00
    1450.2   9/2 -  751.0   7/2    1.0667  146.64    0.0001    0.04    1.000  -75.407    699.2  0.217E+01  0.382E-03


    1450.2   9/2 - 1313.1   7/2    0.0473    6.51    0.0130    7.24    0.045    0.218    137.0  0.279E-04  0.587E-03
    1450.2   9/2 - 1257.0   9/2    0.3270   44.96    0.0075    4.20    0.529   -1.060    193.2  0.107E-02  0.954E-03
    1450.2   9/2 - 1450.2   9/2   -1.2546            1.6705
    1450.2   9/2 -  933.9  11/2    0.0000    0.00    0.0000    0.00    0.263   -0.597    516.3  0.179E-15  0.500E-15
    2459.1   9/2 -  113.4   5/2    0.0064    0.88    0.0000    0.00    1.000    0.000   2345.7  0.553E+01  0.000E+00


    2459.1   9/2 -  642.1   5/2    0.8210  112.87    0.0000    0.00    1.000    0.000   1817.0  0.198E+03  0.000E+00
    2459.1   9/2 - 1055.7   5/2    0.0837   11.50    0.0000    0.00    1.000    0.000   1403.4  0.556E+01  0.000E+00
    2459.1   9/2 - 1813.6   5/2    0.0064    0.88    0.0000    0.00    1.000    0.000    645.5  0.878E-02  0.000E+00
    2459.1   9/2 -  751.0   7/2    0.0052    0.72    0.2198  122.78    0.046    0.220   1708.1  0.929E+00  0.193E+02
    2459.1   9/2 - 1313.1   7/2    0.7835  107.71    0.0139    7.78    0.981   -7.157   1145.9  0.189E+02  0.369E+00


    2459.1   9/2 - 1781.6   7/2    0.3574   49.13    0.0886   49.51    0.562   -1.133    677.5  0.622E+00  0.485E+00
    2459.1   9/2 - 2093.1   7/2    0.0000    0.00    0.0000    0.00    0.004   -0.066    366.0  0.608E-15  0.138E-12
    2459.1   9/2 - 1257.0   9/2    0.0251    3.45    0.0076    4.25    0.767    1.817   1202.1  0.768E+00  0.233E+00
    2459.1   9/2 - 1450.2   9/2    0.0116    1.59    0.0016    0.89    0.838   -2.271   1008.9  0.148E+00  0.287E-01
    2459.1   9/2 - 2459.1   9/2   -1.1581            0.2428


    2459.1   9/2 -  933.9  11/2    0.0000    0.00    0.0000    0.00    1.000  190.767   1525.2  0.367E-12  0.101E-16
    2459.1   9/2 - 2217.6  11/2    0.0026    0.36    0.0008    0.43    0.122   -0.372    241.5  0.262E-04  0.189E-03
    2612.0   9/2 -  113.4   5/2    0.0288    3.95    0.0000    0.00    1.000    0.000   2498.7  0.342E+02  0.000E+00
    2612.0   9/2 -  642.1   5/2    0.0000    0.00    0.0000    0.00    1.000    0.000   1969.9  0.619E-03  0.000E+00
    2612.0   9/2 - 1055.7   5/2    1.2864  176.85    0.0000    0.00    1.000    0.000   1556.4  0.143E+03  0.000E+00


    2612.0   9/2 - 1813.6   5/2    0.0391    5.38    0.0000    0.00    1.000    0.000    798.4  0.155E+00  0.000E+00
    2612.0   9/2 -  751.0   7/2    0.2031   27.92    0.0006    0.33    0.999   28.827   1861.0  0.553E+02  0.666E-01
    2612.0   9/2 - 1313.1   7/2    0.0268    3.69    0.0426   23.79    0.424    0.858   1298.9  0.121E+01  0.164E+01
    2612.0   9/2 - 1781.6   7/2    0.1519   20.88    0.0293   16.38    0.712   -1.573    830.4  0.732E+00  0.296E+00
    2612.0   9/2 - 2093.1   7/2    0.0000    0.00    0.0000    0.00    0.318    0.682    519.0  0.178E-12  0.382E-12


    2612.0   9/2 - 2571.4   7/2    0.1359   18.69    0.1459   81.50    0.001    0.033     40.7  0.185E-06  0.173E-03
    2612.0   9/2 - 1257.0   9/2    0.0041    0.56    0.0005    0.28    0.910   -3.188   1355.0  0.226E+00  0.222E-01
    2612.0   9/2 - 1450.2   9/2    0.0598    8.22    0.0630   35.17    0.470   -0.942   1161.8  0.154E+01  0.174E+01
    2612.0   9/2 - 2459.1   9/2    0.1097   15.09    0.0301   16.81    0.056    0.243    153.0  0.112E-03  0.190E-02
    2612.0   9/2 - 2612.0   9/2   -2.0953            1.2694


    2612.0   9/2 -  933.9  11/2    0.0000    0.00    0.0000    0.00    0.683   -1.469   1678.1  0.145E-11  0.674E-12
    2612.0   9/2 - 2217.6  11/2    0.0004    0.06    0.0017    0.95    0.027    0.166    394.4  0.504E-04  0.183E-02
    2758.4   9/2 -  113.4   5/2    0.0002    0.02    0.0000    0.00    1.000    0.000   2645.0  0.282E+00  0.000E+00
    2758.4   9/2 -  642.1   5/2    0.3143   43.21    0.0000    0.00    1.000    0.000   2116.3  0.163E+03  0.000E+00
    2758.4   9/2 - 1055.7   5/2    0.0397    5.46    0.0000    0.00    1.000    0.000   1702.7  0.694E+01  0.000E+00


    2758.4   9/2 - 1813.6   5/2    0.0010    0.13    0.0000    0.00    1.000    0.000    944.7  0.880E-02  0.000E+00
    2758.4   9/2 -  751.0   7/2    0.0387    5.32    0.0419   23.40    0.721   -1.606   2007.4  0.154E+02  0.596E+01
    2758.4   9/2 - 1313.1   7/2    0.1178   16.19    0.0737   41.13    0.698   -1.522   1445.2  0.906E+01  0.391E+01
    2758.4   9/2 - 1781.6   7/2    1.4476  199.01    0.1586   88.60    0.858   -2.457    976.7  0.157E+02  0.260E+01
    2758.4   9/2 - 2093.1   7/2    0.0000    0.00    0.0000    0.00    0.452   -0.908    665.3  0.131E-12  0.159E-12


    2758.4   9/2 - 2571.4   7/2    0.0710    9.76    0.0984   54.94    0.017   -0.132    187.0  0.198E-03  0.113E-01
    2758.4   9/2 - 1257.0   9/2    0.0233    3.20    0.0008    0.44    0.979    6.832   1501.3  0.217E+01  0.465E-01
    2758.4   9/2 - 1450.2   9/2    0.0457    6.28    0.0683   38.13    0.443    0.891   1308.2  0.214E+01  0.269E+01
    2758.4   9/2 - 2459.1   9/2    0.2882   39.62    0.1506   84.14    0.106   -0.345    299.3  0.844E-02  0.711E-01
    2758.4   9/2 - 2612.0   9/2    0.0805   11.07    0.2419  135.12    0.005   -0.070    146.3  0.659E-04  0.133E-01


    2758.4   9/2 - 2758.4   9/2    0.3007            0.8558
    2758.4   9/2 -  933.9  11/2    0.0000    0.00    0.0000    0.00    0.425    0.859   1824.5  0.767E-13  0.104E-12
    2758.4   9/2 - 2217.6  11/2    0.0169    2.33    0.0013    0.71    0.729   -1.641    540.7  0.955E-02  0.354E-02
    2758.4   9/2 - 2700.3  11/2    0.0184    2.53    0.0927   51.75    0.000    0.022     58.1  0.148E-06  0.319E-03
    2758.4   9/2 - 2658.3  13/2    0.0000    0.00    0.0000    0.00    1.000    0.000    100.0  0.817E-18  0.000E+00


     933.9  11/2 -  751.0   7/2    0.0000    0.00    0.0000    0.00    1.000    0.000    182.9  0.162E-19  0.000E+00
     933.9  11/2 -  933.9  11/2   -2.3696           -1.8342
    2217.6  11/2 -  751.0   7/2    0.0503    6.91    0.0000    0.00    1.000    0.000   1466.6  0.416E+01  0.000E+00
    2217.6  11/2 - 1313.1   7/2    0.0033    0.45    0.0000    0.00    1.000    0.000    904.5  0.244E-01  0.000E+00
    2217.6  11/2 - 1781.6   7/2    0.0288    3.96    0.0000    0.00    1.000    0.000    436.0  0.554E-02  0.000E+00


    2217.6  11/2 - 2093.1   7/2    0.0000    0.00    0.0000    0.00    1.000    0.000    124.6  0.586E-19  0.000E+00
    2217.6  11/2 - 1257.0   9/2    1.8631  256.13    0.0075    4.20    0.994  -12.589    960.6  0.186E+02  0.117E+00
    2217.6  11/2 - 1450.2   9/2    0.0245    3.37    0.0052    2.91    0.658    1.387    767.4  0.796E-01  0.414E-01
    2217.6  11/2 -  933.9  11/2    0.0000    0.00    0.0000    0.00    0.244    0.569   1283.7  0.798E-15  0.247E-14
    2217.6  11/2 - 2217.6  11/2    1.5850            1.6836


    2700.3  11/2 -  751.0   7/2    1.1884  163.37    0.0000    0.00    1.000    0.000   1949.3  0.408E+03  0.000E+00
    2700.3  11/2 - 1313.1   7/2    0.0369    5.07    0.0000    0.00    1.000    0.000   1387.2  0.231E+01  0.000E+00
    2700.3  11/2 - 1781.6   7/2    0.0024    0.33    0.0000    0.00    1.000    0.000    918.7  0.191E-01  0.000E+00
    2700.3  11/2 - 2093.1   7/2    0.0000    0.00    0.0000    0.00    1.000    0.000    607.3  0.244E-13  0.000E+00
    2700.3  11/2 - 2571.4   7/2    0.0061    0.83    0.0000    0.00    1.000    0.000    128.9  0.264E-05  0.000E+00


    2700.3  11/2 - 1257.0   9/2    0.0018    0.25    0.0001    0.04    0.972    5.847   1443.3  0.138E+00  0.404E-02
    2700.3  11/2 - 1450.2   9/2    0.8478  116.56    0.0137    7.64    0.985   -8.194   1250.1  0.316E+02  0.470E+00
    2700.3  11/2 - 2459.1   9/2    0.0007    0.10    0.0335   18.69    0.001    0.030    241.2  0.724E-05  0.827E-02
    2700.3  11/2 - 2612.0   9/2    0.1125   15.46    0.0208   11.63    0.028    0.171     88.3  0.735E-05  0.252E-03
    2700.3  11/2 -  933.9  11/2    0.0000    0.00    0.0000    0.00    0.876   -2.656   1766.4  0.103E-12  0.146E-13


    2700.3  11/2 - 2217.6  11/2    0.0917   12.60    0.0034    1.91    0.813   -2.082    482.7  0.293E-01  0.676E-02
    2700.3  11/2 - 2700.3  11/2   -1.8673            1.7167
    2700.3  11/2 - 2658.3  13/2    0.0000    0.00    0.0000    0.00    0.004    0.066     42.0  0.986E-23  0.228E-20
    2658.3  13/2 - 1257.0   9/2    0.0000    0.00    0.0000    0.00    1.000    0.000   1401.3  0.299E-17  0.000E+00
    2658.3  13/2 - 1450.2   9/2    0.0000    0.00    0.0000    0.00    1.000    0.000   1208.2  0.130E-14  0.000E+00


    2658.3  13/2 - 2459.1   9/2    0.0000    0.00    0.0000    0.00    1.000    0.000    199.3  0.271E-17  0.000E+00
    2658.3  13/2 - 2612.0   9/2    0.0000    0.00    0.0000    0.00    1.000    0.000     46.3  0.101E-18  0.000E+00
    2658.3  13/2 -  933.9  11/2    0.4700   64.61    0.1761   98.36    0.846    2.345   1724.4  0.874E+02  0.159E+02
    2658.3  13/2 - 2217.6  11/2    0.0000    0.00    0.0000    0.00    0.693   -1.501    440.7  0.128E-18  0.568E-19
    2658.3  13/2 - 2658.3  13/2   -1.6433           -1.1155



 TIME=  0.0 SEC
