 PARITY=-   EPS= 0.432   GAMMA= 30.0   EPS4=0.000   EPS6=0.000   LEVELS:  24  25  26  27  28  29  30  31  32  33  34  35  36  37  38
0   Z= 82   A=207   IQ=0   GSFAC= 0.75   GR=  0.40   MIN SPIN=  1/2   MAX SPIN= 13/2   KMAX= 13/2

 MACR QUADR MOMENTS:  Q0=1511.793  Q2=-348.510 FM**2


   B(E2) AND Q(E2) IN E2B2 AND EB,   B(M1) AND M(M1) INNM2 AND NM,   T(E2) AND T(M1) IN 1/PS

       E1     II      EF     IF     B(E2)             B(M1)              GD        D       EREL    T(E2)      T(M1)
                                             WU               MWU

       0.0   1/2 -    0.0   1/2    0.0000            0.5098
     417.9   1/2 -    0.0   1/2    0.0000    0.00    0.0172    9.63    0.000    0.000    417.9  0.000E+00  0.221E-01
     417.9   1/2 -  417.9   1/2    0.0000           -0.2772
     551.0   1/2 -    0.0   1/2    0.0000    0.00    0.0001    0.08    0.000    0.000    551.0  0.000E+00  0.404E-03
     551.0   1/2 -  417.9   1/2    0.0000    0.00    0.0086    4.81    0.000    0.000    133.1  0.000E+00  0.357E-03


     551.0   1/2 -  551.0   1/2    0.0000            0.6300
     961.9   1/2 -    0.0   1/2    0.0000    0.00    0.0083    4.63    0.000    0.000    961.9  0.000E+00  0.130E+00
     961.9   1/2 -  417.9   1/2    0.0000    0.00    0.1767   98.69    0.000    0.000    544.1  0.000E+00  0.501E+00
     961.9   1/2 -  551.0   1/2    0.0000    0.00    0.1052   58.73    0.000    0.000    411.0  0.000E+00  0.128E+00
     961.9   1/2 -  961.9   1/2    0.0000            0.2401


     961.9   1/2 -  637.3   3/2    0.0000    0.00    0.0151    8.42    0.000   -0.000    324.6  0.451E-25  0.908E-02
     961.9   1/2 -  690.0   3/2    0.0000    0.00    0.0346   19.33    0.000    0.000    271.9  0.100E-24  0.122E-01
     961.9   1/2 -  738.2   5/2    0.0000    0.00    0.0000    0.00    1.000    0.000    223.7  0.807E-27  0.000E+00
     999.4   1/2 -    0.0   1/2    0.0000    0.00    0.0671   37.46    0.000    0.000    999.4  0.000E+00  0.118E+01
     999.4   1/2 -  417.9   1/2    0.0000    0.00    0.0361   20.16    0.000    0.000    581.5  0.000E+00  0.125E+00


     999.4   1/2 -  551.0   1/2    0.0000    0.00    0.0007    0.40    0.000    0.000    448.4  0.000E+00  0.115E-02
     999.4   1/2 -  961.9   1/2    0.0000    0.00    0.0083    4.64    0.000    0.000     37.4  0.000E+00  0.768E-05
     999.4   1/2 -  999.4   1/2    0.0000            0.6495
     999.4   1/2 -  637.3   3/2    0.0000    0.00    0.1042   58.19    0.000    0.000    362.1  0.456E-19  0.870E-01
     999.4   1/2 -  690.0   3/2    0.0000    0.00    0.1213   67.75    0.000   -0.000    309.3  0.192E-18  0.632E-01


     999.4   1/2 -  738.2   5/2    0.0000    0.00    0.0000    0.00    1.000    0.000    261.2  0.151E-19  0.000E+00
     637.3   3/2 -    0.0   1/2    4.3674  600.40    0.2466  137.72    0.833    2.233    637.3  0.560E+01  0.112E+01
     637.3   3/2 -  417.9   1/2    0.0000    0.00    0.0121    6.76    0.000    0.000    219.4  0.624E-19  0.225E-02
     637.3   3/2 -  551.0   1/2    0.0000    0.00    0.0000    0.01    0.000   -0.000     86.3  0.986E-29  0.194E-06
     637.3   3/2 -  637.3   3/2    0.3732           -0.2614


     690.0   3/2 -    0.0   1/2    0.0000    0.00    0.0129    7.18    0.000    0.000    690.0  0.199E-16  0.744E-01
     690.0   3/2 -  417.9   1/2    4.6375  637.54    0.0000    0.00    1.000  238.881    272.2  0.845E-01  0.148E-05
     690.0   3/2 -  551.0   1/2    0.0000    0.00    0.0067    3.75    0.000   -0.000    139.1  0.479E-24  0.318E-03
     690.0   3/2 -  637.3   3/2    0.0000    0.00    0.0031    1.75    0.000   -0.000     52.7  0.399E-28  0.810E-05
     690.0   3/2 -  690.0   3/2   -0.1876            0.7723


     738.2   5/2 -    0.0   1/2    4.9597  681.83    0.0000    0.00    1.000    0.000    738.2  0.133E+02  0.000E+00
     738.2   5/2 -  417.9   1/2    0.0000    0.00    0.0000    0.00    1.000    0.000    320.3  0.457E-18  0.000E+00
     738.2   5/2 -  551.0   1/2    0.0000    0.00    0.0000    0.00    1.000    0.000    187.2  0.182E-28  0.000E+00
     738.2   5/2 -  637.3   3/2    0.1618   22.24    0.0072    4.04    0.136    0.397    100.9  0.206E-04  0.131E-03
     738.2   5/2 -  690.0   3/2    0.0000    0.00    0.0065    3.64    0.000   -0.000     48.2  0.294E-30  0.128E-04


     738.2   5/2 -  738.2   5/2   -2.5432            1.2415
    1308.6   5/2 -    0.0   1/2    0.0000    0.00    0.0000    0.00    1.000    0.000   1308.6  0.135E-15  0.000E+00
    1308.6   5/2 -  417.9   1/2    0.0000    0.00    0.0000    0.00    1.000    0.000    890.7  0.581E-14  0.000E+00
    1308.6   5/2 -  551.0   1/2    3.8890  534.64    0.0000    0.00    1.000    0.000    757.6  0.118E+02  0.000E+00
    1308.6   5/2 -  961.9   1/2    0.0000    0.00    0.0000    0.00    1.000    0.000    346.6  0.733E-24  0.000E+00


    1308.6   5/2 -  999.4   1/2    0.0000    0.00    0.0000    0.00    1.000    0.000    309.2  0.726E-16  0.000E+00
    1308.6   5/2 -  637.3   3/2    0.0000    0.00    0.0002    0.10    0.000    0.000    671.3  0.170E-20  0.934E-03
    1308.6   5/2 -  690.0   3/2    0.0000    0.00    0.0202   11.31    0.000   -0.000    618.5  0.319E-24  0.843E-01
    1308.6   5/2 -  738.2   5/2    0.0000    0.00    0.0007    0.39    0.000    0.000    570.4  0.194E-20  0.229E-02
    1308.6   5/2 - 1308.6   5/2   -1.1112            0.3593


    1310.1   5/2 -    0.0   1/2    0.0000    0.00    0.0000    0.00    1.000    0.000   1310.1  0.632E-17  0.000E+00
    1310.1   5/2 -  417.9   1/2    0.0000    0.00    0.0000    0.00    1.000    0.000    892.2  0.817E-17  0.000E+00
    1310.1   5/2 -  551.0   1/2    0.0000    0.00    0.0000    0.00    1.000    0.000    759.1  0.225E-15  0.000E+00
    1310.1   5/2 -  961.9   1/2    0.0000    0.00    0.0000    0.00    1.000    0.000    348.1  0.322E-20  0.000E+00
    1310.1   5/2 -  999.4   1/2    1.9489  267.92    0.0000    0.00    1.000    0.000    310.7  0.689E-01  0.000E+00


    1310.1   5/2 -  637.3   3/2    0.0000    0.00    0.0170    9.50    0.000   -0.000    672.8  0.145E-20  0.912E-01
    1310.1   5/2 -  690.0   3/2    0.0000    0.00    0.0067    3.73    0.000   -0.000    620.1  0.198E-24  0.280E-01
    1310.1   5/2 -  738.2   5/2    0.0000    0.00    0.1036   57.88    0.000   -0.000    571.9  0.164E-20  0.341E+00
    1310.1   5/2 - 1308.6   5/2    0.0000    0.00    0.0022    1.24    0.000    0.000      1.5  0.318E-28  0.137E-09
    1310.1   5/2 - 1310.1   5/2   -0.9405            1.4805


    1356.4   5/2 -    0.0   1/2    0.0013    0.18    0.0000    0.00    1.000    0.000   1356.4  0.741E-01  0.000E+00
    1356.4   5/2 -  417.9   1/2    0.0000    0.00    0.0000    0.00    1.000    0.000    938.5  0.269E-19  0.000E+00
    1356.4   5/2 -  551.0   1/2    0.0000    0.00    0.0000    0.00    1.000    0.000    805.5  0.109E-22  0.000E+00
    1356.4   5/2 -  961.9   1/2    0.0000    0.00    0.0000    0.00    1.000    0.000    394.5  0.141E-27  0.000E+00
    1356.4   5/2 -  999.4   1/2    0.0000    0.00    0.0000    0.00    1.000    0.000    357.0  0.821E-23  0.000E+00


    1356.4   5/2 -  637.3   3/2    1.7961  246.91    0.0206   11.48    0.969    5.596    719.1  0.421E+01  0.135E+00
    1356.4   5/2 -  690.0   3/2    0.0000    0.00    0.0037    2.08    0.000    0.000    666.4  0.707E-24  0.194E-01
    1356.4   5/2 -  738.2   5/2    4.1041  564.21    0.1108   61.87    0.908    3.133    618.2  0.452E+01  0.461E+00
    1356.4   5/2 - 1308.6   5/2    0.0000    0.00    0.0001    0.07    0.000    0.000     47.9  0.123E-26  0.245E-06
    1356.4   5/2 - 1310.1   5/2    0.0000    0.00    0.0390   21.78    0.000   -0.000     46.3  0.869E-27  0.682E-04


    1356.4   5/2 - 1356.4   5/2    1.5629            0.9700
    1441.7   5/2 -    0.0   1/2    0.0000    0.00    0.0000    0.00    1.000    0.000   1441.7  0.818E-15  0.000E+00
    1441.7   5/2 -  417.9   1/2    4.7961  659.34    0.0000    0.00    1.000    0.000   1023.8  0.658E+02  0.000E+00
    1441.7   5/2 -  551.0   1/2    0.0000    0.00    0.0000    0.00    1.000    0.000    890.7  0.997E-20  0.000E+00
    1441.7   5/2 -  961.9   1/2    0.0000    0.00    0.0000    0.00    1.000    0.000    479.8  0.426E-23  0.000E+00


    1441.7   5/2 -  999.4   1/2    0.0000    0.00    0.0000    0.00    1.000    0.000    442.3  0.599E-18  0.000E+00
    1441.7   5/2 -  637.3   3/2    0.0000    0.00    0.0073    4.09    0.000    0.000    804.4  0.598E-21  0.670E-01
    1441.7   5/2 -  690.0   3/2    0.0101    1.39    0.1059   59.17    0.036   -0.193    751.7  0.296E-01  0.792E+00
    1441.7   5/2 -  738.2   5/2    0.0000    0.00    0.0111    6.22    0.000   -0.000    703.5  0.985E-21  0.682E-01
    1441.7   5/2 - 1308.6   5/2    0.0000    0.00    0.0019    1.07    0.000   -0.000    133.1  0.150E-25  0.798E-04


    1441.7   5/2 - 1310.1   5/2    0.0000    0.00    0.0630   35.21    0.000   -0.000    131.6  0.139E-25  0.253E-02
    1441.7   5/2 - 1356.4   5/2    0.0000    0.00    0.0001    0.04    0.000    0.000     85.3  0.371E-26  0.726E-06
    1441.7   5/2 - 1441.7   5/2   -1.2909            0.6071
    1632.9   7/2 -  637.3   3/2    0.0000    0.00    0.0000    0.00    1.000    0.000    995.6  0.305E-18  0.000E+00
    1632.9   7/2 -  690.0   3/2    6.0071  825.83    0.0000    0.00    1.000    0.000    942.8  0.546E+02  0.000E+00


    1632.9   7/2 -  738.2   5/2    0.0000    0.00    0.0141    7.86    0.000    0.000    894.7  0.135E-19  0.177E+00
    1632.9   7/2 - 1308.6   5/2    0.0000    0.00    0.0121    6.74    0.000   -0.000    324.3  0.352E-24  0.725E-02
    1632.9   7/2 - 1310.1   5/2    0.0000    0.00    0.0769   42.97    0.000   -0.000    322.8  0.158E-24  0.455E-01
    1632.9   7/2 - 1356.4   5/2    0.0000    0.00    0.0015    0.86    0.000   -0.000    276.4  0.737E-22  0.571E-03
    1632.9   7/2 - 1441.7   5/2    0.3120   42.89    0.0000    0.01    0.998  -24.658    191.2  0.971E-03  0.160E-05


    1632.9   7/2 - 1632.9   7/2   -1.5618            1.6140
    1632.9   7/2 - 1524.5  11/2    0.0000    0.00    0.0000    0.00    1.000    0.000    108.4  0.185E-30  0.000E+00
    1686.4   7/2 -  637.3   3/2    5.5473  762.62    0.0000    0.00    1.000    0.000   1049.1  0.860E+02  0.000E+00
    1686.4   7/2 -  690.0   3/2    0.0000    0.00    0.0000    0.00    1.000    0.000    996.4  0.892E-21  0.000E+00
    1686.4   7/2 -  738.2   5/2    0.8427  115.85    0.2369  132.28    0.689    1.489    948.3  0.788E+01  0.355E+01


    1686.4   7/2 - 1308.6   5/2    0.0000    0.00    0.0000    0.02    0.000   -0.000    377.9  0.989E-22  0.264E-04
    1686.4   7/2 - 1310.1   5/2    0.0000    0.00    0.0369   20.58    0.000   -0.000    376.4  0.808E-22  0.346E-01
    1686.4   7/2 - 1356.4   5/2    1.6473  226.46    0.0107    5.95    0.921   -3.416    330.0  0.787E-01  0.674E-02
    1686.4   7/2 - 1441.7   5/2    0.0000    0.00    0.0134    7.47    0.000   -0.000    244.7  0.157E-23  0.345E-02
    1686.4   7/2 - 1632.9   7/2    0.0000    0.00    0.0028    1.59    0.000   -0.000     53.6  0.145E-25  0.771E-05


    1686.4   7/2 - 1686.4   7/2   -2.2384            0.3471
    1686.4   7/2 - 1524.5  11/2    0.0000    0.00    0.0000    0.00    1.000    0.000    161.9  0.251E-29  0.000E+00
    1989.6   7/2 -  637.3   3/2    0.0000    0.00    0.0000    0.00    1.000    0.000   1352.2  0.605E-20  0.000E+00
    1989.6   7/2 -  690.0   3/2    0.0000    0.00    0.0000    0.00    1.000    0.000   1299.5  0.103E-21  0.000E+00
    1989.6   7/2 -  738.2   5/2    0.0000    0.00    0.0001    0.04    0.000   -0.000   1251.4  0.273E-21  0.216E-02


    1989.6   7/2 - 1308.6   5/2    0.0897   12.33    0.0222   12.39    0.565   -1.140    681.0  0.160E+00  0.123E+00
    1989.6   7/2 - 1310.1   5/2    0.0000    0.00    0.0000    0.00    0.000    0.000    679.5  0.297E-17  0.432E-04
    1989.6   7/2 - 1356.4   5/2    0.0000    0.00    0.0000    0.00    0.000   -0.000    633.1  0.286E-22  0.957E-05
    1989.6   7/2 - 1441.7   5/2    0.0000    0.00    0.0048    2.67    0.000    0.000    547.9  0.574E-23  0.138E-01
    1989.6   7/2 - 1632.9   7/2    0.0000    0.00    0.0017    0.97    0.000   -0.000    356.7  0.711E-25  0.139E-02


    1989.6   7/2 - 1686.4   7/2    0.0000    0.00    0.0008    0.45    0.000   -0.000    303.1  0.901E-25  0.398E-03
    1989.6   7/2 - 1989.6   7/2   -1.2954            1.6962
    1989.6   7/2 - 1524.5  11/2    0.0000    0.00    0.0000    0.00    1.000    0.000    465.0  0.301E-26  0.000E+00
    2224.0   7/2 -  637.3   3/2    0.4035   55.48    0.0000    0.00    1.000    0.000   1586.7  0.495E+02  0.000E+00
    2224.0   7/2 -  690.0   3/2    0.0000    0.00    0.0000    0.00    1.000    0.000   1534.0  0.108E-22  0.000E+00


    2224.0   7/2 -  738.2   5/2    0.1601   22.01    0.0034    1.90    0.986    8.483   1485.8  0.141E+02  0.197E+00
    2224.0   7/2 - 1308.6   5/2    0.0000    0.00    0.0002    0.10    0.000   -0.000    915.5  0.317E-19  0.246E-02
    2224.0   7/2 - 1310.1   5/2    0.0000    0.00    0.0981   54.82    0.000    0.000    913.9  0.161E-20  0.132E+01
    2224.0   7/2 - 1356.4   5/2    6.2580  860.31    0.0448   25.00    0.986    8.540    867.6  0.375E+02  0.515E+00
    2224.0   7/2 - 1441.7   5/2    0.0000    0.00    0.0050    2.82    0.000    0.000    782.3  0.246E-20  0.425E-01


    2224.0   7/2 - 1632.9   7/2    0.0000    0.00    0.0091    5.06    0.000    0.000    591.2  0.202E-21  0.329E-01
    2224.0   7/2 - 1686.4   7/2    0.0974   13.39    0.0032    1.77    0.861   -2.484    537.6  0.534E-01  0.865E-02
    2224.0   7/2 - 1989.6   7/2    0.0000    0.00    0.0004    0.21    0.000    0.000    234.5  0.595E-26  0.858E-04
    2224.0   7/2 - 2224.0   7/2    0.9519            1.6770
    2224.0   7/2 - 2055.4   9/2    4.1267  567.31    0.0406   22.70    0.667    1.415    168.6  0.686E-02  0.343E-02


    2224.0   7/2 - 1524.5  11/2    0.0000    0.00    0.0000    0.00    1.000    0.000    699.5  0.169E-25  0.000E+00
    2254.4   7/2 -  637.3   3/2    0.0000    0.00    0.0000    0.00    1.000    0.000   1617.1  0.867E-20  0.000E+00
    2254.4   7/2 -  690.0   3/2    0.0000    0.00    0.0000    0.00    1.000    0.000   1564.4  0.229E-24  0.000E+00
    2254.4   7/2 -  738.2   5/2    0.0000    0.00    0.1104   61.67    0.000    0.000   1516.2  0.232E-20  0.677E+01
    2254.4   7/2 - 1308.6   5/2    0.0000    0.00    0.0002    0.08    0.000   -0.000    945.8  0.475E-14  0.225E-02


    2254.4   7/2 - 1310.1   5/2    0.5347   73.51    0.3776  210.90    0.467    0.936    944.3  0.490E+01  0.560E+01
    2254.4   7/2 - 1356.4   5/2    0.0000    0.00    0.0061    3.38    0.000    0.000    898.0  0.541E-20  0.772E-01
    2254.4   7/2 - 1441.7   5/2    0.0000    0.00    0.1108   61.90    0.000    0.000    812.7  0.720E-22  0.105E+01
    2254.4   7/2 - 1632.9   7/2    0.0000    0.00    0.0931   52.00    0.000    0.000    621.5  0.247E-24  0.393E+00
    2254.4   7/2 - 1686.4   7/2    0.0000    0.00    0.1273   71.10    0.000    0.000    567.9  0.856E-23  0.410E+00


    2254.4   7/2 - 1989.6   7/2    0.0000    0.00    0.0025    1.39    0.000    0.000    264.8  0.119E-24  0.814E-03
    2254.4   7/2 - 2224.0   7/2    0.0000    0.00    0.0593   33.14    0.000   -0.000     30.4  0.800E-27  0.293E-04
    2254.4   7/2 - 2254.4   7/2   -2.0150            0.2770
    2254.4   7/2 - 2055.4   9/2    0.0000    0.00    0.0028    1.56    0.000   -0.000    199.0  0.198E-23  0.386E-03
    2254.4   7/2 - 1524.5  11/2    0.0000    0.00    0.0000    0.00    1.000    0.000    729.9  0.359E-27  0.000E+00


    2055.4   9/2 -  738.2   5/2    6.3171  868.44    0.0000    0.00    1.000    0.000   1317.2  0.306E+03  0.000E+00
    2055.4   9/2 - 1308.6   5/2    0.0000    0.00    0.0000    0.00    1.000    0.000    746.8  0.562E-21  0.000E+00
    2055.4   9/2 - 1310.1   5/2    0.0000    0.00    0.0000    0.00    1.000    0.000    745.3  0.323E-21  0.000E+00
    2055.4   9/2 - 1356.4   5/2    0.2688   36.95    0.0000    0.00    1.000    0.000    699.0  0.547E+00  0.000E+00
    2055.4   9/2 - 1441.7   5/2    0.0000    0.00    0.0000    0.00    1.000    0.000    613.7  0.308E-22  0.000E+00


    2055.4   9/2 - 1632.9   7/2    0.0000    0.00    0.0080    4.48    0.000    0.000    422.5  0.909E-22  0.106E-01
    2055.4   9/2 - 1686.4   7/2    0.2464   33.87    0.0011    0.63    0.954    4.546    369.0  0.206E-01  0.995E-03
    2055.4   9/2 - 1989.6   7/2    0.0000    0.00    0.0000    0.02    0.000    0.000     65.8  0.331E-27  0.143E-06
    2055.4   9/2 - 2055.4   9/2   -1.9101            2.3553
    2055.4   9/2 - 1524.5  11/2    0.0000    0.00    0.0000    0.00    0.000    0.006    530.9  0.621E-28  0.165E-23


    2562.6   9/2 -  738.2   5/2    0.0000    0.00    0.0000    0.00    1.000    0.000   1824.4  0.142E-20  0.000E+00
    2562.6   9/2 - 1308.6   5/2    7.2116  991.41    0.0000    0.00    1.000    0.000   1254.0  0.273E+03  0.000E+00
    2562.6   9/2 - 1310.1   5/2    0.0000    0.00    0.0000    0.00    1.000    0.000   1252.5  0.509E-14  0.000E+00
    2562.6   9/2 - 1356.4   5/2    0.0000    0.00    0.0000    0.00    1.000    0.000   1206.2  0.149E-21  0.000E+00
    2562.6   9/2 - 1441.7   5/2    0.0000    0.00    0.0000    0.00    1.000    0.000   1120.9  0.448E-20  0.000E+00


    2562.6   9/2 - 1632.9   7/2    0.0000    0.00    0.0242   13.52    0.000   -0.000    929.8  0.802E-23  0.342E+00
    2562.6   9/2 - 1686.4   7/2    0.0000    0.00    0.0002    0.10    0.000   -0.000    876.2  0.177E-24  0.206E-02
    2562.6   9/2 - 1989.6   7/2    0.5421   74.52    0.3711  207.25    0.250   -0.577    573.1  0.409E+00  0.123E+01
    2562.6   9/2 - 2224.0   7/2    0.0000    0.00    0.0000    0.02    0.000   -0.000    338.6  0.165E-24  0.217E-04
    2562.6   9/2 - 2254.4   7/2    0.0000    0.00    0.0001    0.04    0.000   -0.000    308.2  0.253E-26  0.379E-04


    2562.6   9/2 - 2055.4   9/2    0.0000    0.00    0.0011    0.59    0.000   -0.000    507.2  0.510E-25  0.243E-02
    2562.6   9/2 - 2562.6   9/2   -1.7744            1.0836
    2562.6   9/2 - 1524.5  11/2    0.0000    0.00    0.0000    0.00    0.000   -0.000   1038.1  0.921E-29  0.242E-20
    2609.4   9/2 -  738.2   5/2    0.0000    0.00    0.0000    0.00    1.000    0.000   1871.2  0.312E-20  0.000E+00
    2609.4   9/2 - 1308.6   5/2    0.0000    0.00    0.0000    0.00    1.000    0.000   1300.9  0.288E-12  0.000E+00


    2609.4   9/2 - 1310.1   5/2    6.6134  909.18    0.0000    0.00    1.000    0.000   1299.4  0.299E+03  0.000E+00
    2609.4   9/2 - 1356.4   5/2    0.0000    0.00    0.0000    0.00    1.000    0.000   1253.0  0.173E-21  0.000E+00
    2609.4   9/2 - 1441.7   5/2    0.0000    0.00    0.0000    0.00    1.000    0.000   1167.7  0.615E-20  0.000E+00
    2609.4   9/2 - 1632.9   7/2    0.0000    0.00    0.0026    1.44    0.000   -0.000    976.6  0.110E-23  0.424E-01
    2609.4   9/2 - 1686.4   7/2    0.0000    0.00    0.0121    6.78    0.000    0.000    923.0  0.555E-24  0.168E+00


    2609.4   9/2 - 1989.6   7/2    0.0000    0.00    0.0003    0.16    0.000    0.000    619.9  0.227E-20  0.120E-02
    2609.4   9/2 - 2224.0   7/2    0.0000    0.00    0.0036    2.04    0.000   -0.000    385.4  0.171E-22  0.367E-02
    2609.4   9/2 - 2254.4   7/2    0.0484    6.65    0.0001    0.06    0.974    6.135    355.0  0.333E-02  0.885E-04
    2609.4   9/2 - 2055.4   9/2    0.0000    0.00    0.1556   86.91    0.000   -0.000    554.0  0.379E-24  0.466E+00
    2609.4   9/2 - 2562.6   9/2    0.0000    0.00    0.0027    1.49    0.000   -0.000     46.8  0.664E-26  0.483E-05


    2609.4   9/2 - 2609.4   9/2   -1.7976            2.4671
    2609.4   9/2 - 1524.5  11/2    0.0000    0.00    0.0000    0.00    0.002    0.046   1084.9  0.132E-25  0.611E-23
    2935.0   9/2 -  738.2   5/2    0.0000    0.00    0.0000    0.00    1.000    0.000   2196.8  0.153E-20  0.000E+00
    2935.0   9/2 - 1308.6   5/2    0.0000    0.00    0.0000    0.00    1.000    0.000   1626.5  0.223E-19  0.000E+00
    2935.0   9/2 - 1310.1   5/2    0.0000    0.00    0.0000    0.00    1.000    0.000   1624.9  0.739E-20  0.000E+00


    2935.0   9/2 - 1356.4   5/2    0.0000    0.00    0.0000    0.00    1.000    0.000   1578.6  0.489E-22  0.000E+00
    2935.0   9/2 - 1441.7   5/2    6.9590  956.68    0.0000    0.00    1.000    0.000   1493.3  0.630E+03  0.000E+00
    2935.0   9/2 - 1632.9   7/2    0.0013    0.18    0.1256   70.14    0.012   -0.110   1302.2  0.594E-01  0.488E+01
    2935.0   9/2 - 1686.4   7/2    0.0000    0.00    0.0076    4.25    0.000   -0.000   1248.6  0.311E-24  0.261E+00
    2935.0   9/2 - 1989.6   7/2    0.0000    0.00    0.0157    8.75    0.000    0.000    945.5  0.811E-23  0.233E+00


    2935.0   9/2 - 2224.0   7/2    0.0000    0.00    0.0002    0.09    0.000   -0.000    711.0  0.969E-24  0.106E-02
    2935.0   9/2 - 2254.4   7/2    0.0000    0.00    0.0004    0.22    0.000   -0.000    680.6  0.707E-25  0.215E-02
    2935.0   9/2 - 2055.4   9/2    0.0000    0.00    0.0103    5.75    0.000    0.000    879.6  0.312E-24  0.123E+00
    2935.0   9/2 - 2562.6   9/2    0.0000    0.00    0.0037    2.07    0.000   -0.000    372.4  0.154E-25  0.336E-02
    2935.0   9/2 - 2609.4   9/2    0.0000    0.00    0.0793   44.30    0.000    0.000    325.6  0.230E-25  0.482E-01


    2935.0   9/2 - 2935.0   9/2   -1.7904            1.4351
    2935.0   9/2 - 1524.5  11/2    0.0000    0.00    0.0000    0.00    0.000    0.000   1410.5  0.264E-25  0.173E-16
    1524.5  11/2 - 1524.5  11/2   -7.4477           -1.1322
    3062.5  11/2 - 1632.9   7/2    8.0223 1102.86    0.0000    0.00    1.000    0.000   1429.7  0.585E+03  0.000E+00
    3062.5  11/2 - 1686.4   7/2    0.0000    0.00    0.0000    0.00    1.000    0.000   1376.1  0.208E-20  0.000E+00


    3062.5  11/2 - 1989.6   7/2    0.0000    0.00    0.0000    0.00    1.000    0.000   1073.0  0.147E-22  0.000E+00
    3062.5  11/2 - 2224.0   7/2    0.0000    0.00    0.0000    0.00    1.000    0.000    838.5  0.165E-23  0.000E+00
    3062.5  11/2 - 2254.4   7/2    0.0000    0.00    0.0000    0.00    1.000    0.000    808.1  0.185E-24  0.000E+00
    3062.5  11/2 - 2055.4   9/2    0.0000    0.00    0.0183   10.24    0.000   -0.000   1007.1  0.352E-23  0.330E+00
    3062.5  11/2 - 2562.6   9/2    0.0000    0.00    0.0136    7.58    0.000    0.000    499.9  0.666E-27  0.299E-01


    3062.5  11/2 - 2609.4   9/2    0.0000    0.00    0.0955   53.31    0.000    0.000    453.1  0.341E-26  0.156E+00
    3062.5  11/2 - 2935.0   9/2    0.1197   16.45    0.0000    0.01    0.986   -8.516    127.5  0.492E-04  0.679E-06
    3062.5  11/2 - 1524.5  11/2    0.0000    0.00    0.0000    0.00    0.000   -0.000   1538.0  0.285E-24  0.116E-16
    3062.5  11/2 - 3062.5  11/2   -2.0004            2.4267

 TIME=  0.0 SEC
