 PARITY=-   EPS= 0.500   GAMMA= 44.6   EPS4=0.000   EPS6=0.000   LEVELS:  29  30  31  32  33
0   Z= 82   A=207   IQ=1   GSFAC= 0.75   GR=  0.40   MIN SPIN=  1/2   MAX SPIN= 13/2   KMAX= 13/2

 MICR QUADR MOMENTS:  Q0=1935.548  Q2=-894.795 FM**2


   B(E2) AND Q(E2) IN E2B2 AND EB,   B(M1) AND M(M1) INNM2 AND NM,   T(E2) AND T(M1) IN 1/PS

       E1     II      EF     IF     B(E2)             B(M1)              GD        D       EREL    T(E2)      T(M1)
                                             WU               MWU

       0.0   1/2 -    0.0   1/2    0.0000            0.4129
    1230.7   1/2 -    0.0   1/2    0.0000    0.00    0.0000    0.01    0.000    0.000   1230.7  0.000E+00  0.601E-03
    1230.7   1/2 - 1230.7   1/2    0.0000            0.6507
    1230.7   1/2 -  480.2   3/2    0.0000    0.00    0.0008    0.45    0.000   -0.000    750.5  0.163E-23  0.603E-02
    1230.7   1/2 -  879.5   5/2    0.0000    0.00    0.0000    0.00    1.000    0.000    351.2  0.314E-24  0.000E+00


    2090.4   1/2 -    0.0   1/2    0.0000    0.00    0.1310   73.17    0.000    0.000   2090.4  0.000E+00  0.211E+02
    2090.4   1/2 - 1230.7   1/2    0.0000    0.00    0.0000    0.02    0.000    0.000    859.7  0.000E+00  0.339E-03
    2090.4   1/2 - 2090.4   1/2    0.0000           -0.7016
    2090.4   1/2 -  480.2   3/2    0.0000    0.00    0.0003    0.18    0.000    0.000   1610.2  0.113E-22  0.236E-01
    2090.4   1/2 - 1636.7   3/2    0.0000    0.00    0.0043    2.43    0.000   -0.000    453.7  0.819E-24  0.715E-02


    2090.4   1/2 -  879.5   5/2    0.0000    0.00    0.0000    0.00    1.000    0.000   1210.9  0.188E-22  0.000E+00
    2090.4   1/2 - 1559.3   5/2    0.0000    0.00    0.0000    0.00    1.000    0.000    531.1  0.222E-27  0.000E+00
     480.2   3/2 -    0.0   1/2    8.6061 1183.12    0.4410  246.32    0.757    1.766    480.2  0.268E+01  0.860E+00
     480.2   3/2 -  480.2   3/2    4.0594           -0.4793
    1636.7   3/2 -    0.0   1/2    0.0000    0.00    0.0004    0.21    0.000   -0.000   1636.7  0.101E-14  0.295E-01


    1636.7   3/2 - 1230.7   1/2    9.6291 1323.76    0.0021    1.17    0.998   22.883    406.0  0.130E+01  0.247E-02
    1636.7   3/2 -  480.2   3/2    0.0000    0.00    0.0003    0.15    0.000    0.000   1156.5  0.404E-23  0.722E-02
    1636.7   3/2 - 1636.7   3/2    3.2940            0.5111
    1636.7   3/2 -  879.5   5/2    0.0000    0.00    0.0002    0.09    0.000   -0.000    757.2  0.102E-23  0.117E-02
    1636.7   3/2 - 1559.3   5/2    0.0000    0.00    0.0000    0.01    0.000   -0.000     77.4  0.265E-29  0.147E-06


    2346.4   3/2 -    0.0   1/2    0.0000    0.00    0.0002    0.09    0.000    0.000   2346.4  0.655E-15  0.359E-01
    2346.4   3/2 - 1230.7   1/2    0.0000    0.00    0.0027    1.53    0.000   -0.000   1115.7  0.261E-23  0.669E-01
    2346.4   3/2 - 2090.4   1/2    8.5914 1181.10    0.0006    0.31    0.999  -26.417    256.0  0.115E+00  0.165E-03
    2346.4   3/2 -  480.2   3/2    0.0000    0.00    0.0234   13.08    0.000    0.000   1866.1  0.112E-22  0.268E+01
    2346.4   3/2 - 1636.7   3/2    0.0000    0.00    0.0030    1.66    0.000    0.000    709.7  0.807E-23  0.186E-01


    2346.4   3/2 - 2346.4   3/2    4.0672            1.1637
    2346.4   3/2 -  879.5   5/2    0.0000    0.00    0.1044   58.28    0.000    0.000   1466.9  0.536E-23  0.580E+01
    2346.4   3/2 - 1559.3   5/2    0.0000    0.00    0.0031    1.76    0.000    0.000    787.1  0.448E-25  0.270E-01
    2346.4   3/2 - 2161.7   5/2    0.0000    0.00    0.0003    0.18    0.000   -0.000    184.7  0.153E-26  0.354E-04
    2346.4   3/2 - 1884.6   7/2    0.0000    0.00    0.0000    0.00    1.000    0.000    461.8  0.153E-25  0.000E+00


     879.5   5/2 -    0.0   1/2    9.6881 1331.87    0.0000    0.00    1.000    0.000    879.5  0.622E+02  0.000E+00
     879.5   5/2 -  480.2   3/2    1.6204  222.77    0.0116    6.46    0.939    3.936    399.2  0.200E+00  0.129E-01
     879.5   5/2 -  879.5   5/2    4.6728            1.6055
    1559.3   5/2 -    0.0   1/2    0.6421   88.27    0.0000    0.00    1.000    0.000   1559.3  0.722E+02  0.000E+00
    1559.3   5/2 - 1230.7   1/2    0.0000    0.00    0.0000    0.00    1.000    0.000    328.6  0.573E-27  0.000E+00


    1559.3   5/2 -  480.2   3/2    2.8192  387.57    0.0008    0.44    1.000   53.489   1079.0  0.503E+02  0.176E-01
    1559.3   5/2 -  879.5   5/2    5.1177  703.55    0.0263   14.72    0.984    7.888    679.8  0.906E+01  0.146E+00
    1559.3   5/2 - 1559.3   5/2   -6.2000            0.0872
    2161.7   5/2 -    0.0   1/2    0.0000    0.00    0.0000    0.00    1.000    0.000   2161.7  0.359E-14  0.000E+00
    2161.7   5/2 - 1230.7   1/2    8.5097 1169.87    0.0000    0.00    1.000    0.000    931.0  0.726E+02  0.000E+00


    2161.7   5/2 - 2090.4   1/2    0.0000    0.00    0.0000    0.00    1.000    0.000     71.3  0.189E-28  0.000E+00
    2161.7   5/2 -  480.2   3/2    0.0000    0.00    0.0001    0.06    0.000   -0.000   1681.5  0.264E-23  0.912E-02
    2161.7   5/2 - 1636.7   3/2    1.8857  259.23    0.0869   48.55    0.806   -2.036    525.0  0.918E+00  0.221E+00
    2161.7   5/2 -  879.5   5/2    0.0000    0.00    0.0000    0.01    0.000   -0.000   1282.3  0.347E-22  0.832E-03
    2161.7   5/2 - 1559.3   5/2    0.0000    0.00    0.0000    0.00    0.000   -0.000    602.5  0.337E-25  0.759E-05


    2161.7   5/2 - 2161.7   5/2    5.9591            1.4654
    2161.7   5/2 - 1884.6   7/2    0.0000    0.00    0.0006    0.31    0.000    0.000    277.1  0.668E-29  0.209E-03
    1884.6   7/2 -  480.2   3/2   12.0195 1652.37    0.0000    0.00    1.000    0.000   1404.4  0.801E+03  0.000E+00
    1884.6   7/2 - 1636.7   3/2    0.0000    0.00    0.0000    0.00    1.000    0.000    247.9  0.117E-26  0.000E+00
    1884.6   7/2 -  879.5   5/2    0.6132   84.30    0.4791  267.60    0.473    0.947   1005.1  0.768E+01  0.856E+01


    1884.6   7/2 - 1559.3   5/2    4.1549  571.19    0.0003    0.17    0.999   31.900    325.3  0.185E+00  0.182E-03
    1884.6   7/2 - 1884.6   7/2    2.9452            0.3693
    2511.5   7/2 -  480.2   3/2    0.2504   34.43    0.0000    0.00    1.000    0.000   2031.3  0.106E+03  0.000E+00
    2511.5   7/2 - 1636.7   3/2    0.0000    0.00    0.0000    0.00    1.000    0.000    874.8  0.299E-25  0.000E+00
    2511.5   7/2 - 2346.4   3/2    0.0000    0.00    0.0000    0.00    1.000    0.000    165.1  0.373E-28  0.000E+00


    2511.5   7/2 -  879.5   5/2    1.4315  196.80    0.0714   39.89    0.974    6.083   1632.0  0.202E+03  0.546E+01
    2511.5   7/2 - 1559.3   5/2   12.6484 1738.83    0.1084   60.52    0.987    8.566    952.2  0.121E+03  0.165E+01
    2511.5   7/2 - 2161.7   5/2    0.0000    0.00    0.0001    0.05    0.000   -0.000    349.8  0.397E-27  0.739E-04
    2511.5   7/2 - 1884.6   7/2    4.7619  654.64    0.0031    1.74    0.998  -20.402    626.9  0.563E+01  0.135E-01
    2511.5   7/2 - 2511.5   7/2    2.1968            0.6370


    2939.2   7/2 -  480.2   3/2    0.0000    0.00    0.0000    0.00    1.000    0.000   2458.9  0.821E-24  0.000E+00
    2939.2   7/2 - 1636.7   3/2   12.0028 1650.07    0.0000    0.00    1.000    0.000   1302.5  0.549E+03  0.000E+00
    2939.2   7/2 - 2346.4   3/2    0.0000    0.00    0.0000    0.00    1.000    0.000    592.8  0.704E-24  0.000E+00
    2939.2   7/2 -  879.5   5/2    0.0000    0.00    0.0004    0.23    0.000   -0.000   2059.7  0.554E-21  0.631E-01
    2939.2   7/2 - 1559.3   5/2    0.0000    0.00    0.0000    0.00    0.000   -0.000   1379.9  0.454E-21  0.259E-03


    2939.2   7/2 - 2161.7   5/2    2.2783  313.21    0.0117    6.54    0.988    9.030    777.4  0.789E+01  0.968E-01
    2939.2   7/2 - 1884.6   7/2    0.0000    0.00    0.0002    0.09    0.000    0.000   1054.5  0.290E-22  0.335E-02
    2939.2   7/2 - 2511.5   7/2    0.0000    0.00    0.0000    0.00    0.000    0.000    427.6  0.137E-25  0.668E-05
    2939.2   7/2 - 2939.2   7/2    4.1125            1.5573
    2939.2   7/2 - 2567.3   9/2    0.0000    0.00    0.0001    0.05    0.000    0.000    371.9  0.218E-24  0.877E-04


    2567.3   9/2 -  879.5   5/2   13.7723 1893.33    0.0000    0.00    1.000    0.000   1687.8  0.230E+04  0.000E+00
    2567.3   9/2 - 1559.3   5/2    0.1446   19.88    0.0000    0.00    1.000    0.000   1008.0  0.184E+01  0.000E+00
    2567.3   9/2 - 2161.7   5/2    0.0000    0.00    0.0000    0.00    1.000    0.000    405.5  0.266E-25  0.000E+00
    2567.3   9/2 - 1884.6   7/2    1.1994  164.88    0.0239   13.33    0.942    4.028    682.6  0.217E+01  0.134E+00
    2567.3   9/2 - 2511.5   7/2    3.4053  468.15    0.0089    4.97    0.452    0.908     55.7  0.224E-04  0.271E-04


    2567.3   9/2 - 2567.3   9/2    3.8224            2.3538

 TIME=  0.0 SEC
