 PARITY=-   EPS= 0.196   GAMMA=  0.0   EPS4=0.000   EPS6=0.000   LEVELS:  29  30  31  32  33
0   Z= 82   A=207   IQ=1   GSFAC= 0.75   GR=  0.40   MIN SPIN=  1/2   MAX SPIN= 13/2   KMAX= 13/2

 MICR QUADR MOMENTS:  Q0=1005.195  Q2=   0.000 FM**2


   B(E2) AND Q(E2) IN E2B2 AND EB,   B(M1) AND M(M1) INNM2 AND NM,   T(E2) AND T(M1) IN 1/PS

       E1     II      EF     IF     B(E2)             B(M1)              GD        D       EREL    T(E2)      T(M1)
                                             WU               MWU

    1297.7   1/2 - 1297.7   1/2    0.0000            0.6095
    1297.7   1/2 -    0.0   3/2    0.0008    0.11    0.0279   15.57    0.031    0.180   1297.7  0.346E-01  0.107E+01
    1297.7   1/2 - 1150.0   3/2    0.0540    7.43    0.0323   18.05    0.025   -0.159    147.7  0.463E-04  0.183E-02
    1297.7   1/2 -   73.3   5/2    0.0014    0.19    0.0000    0.00    1.000    0.000   1224.3  0.475E-01  0.000E+00
    1297.7   1/2 -  131.9   5/2    0.0017    0.23    0.0000    0.00    1.000    0.000   1165.8  0.440E-01  0.000E+00


    1297.7   1/2 - 1250.7   5/2    0.2040   28.04    0.0000    0.00    1.000    0.000     46.9  0.567E-06  0.000E+00
       0.0   3/2 -    0.0   3/2    2.0096           -0.5091
    1150.0   3/2 -    0.0   3/2    0.0000    0.00    0.0057    3.16    0.003   -0.058   1150.0  0.509E-03  0.151E+00
    1150.0   3/2 - 1150.0   3/2    1.9564            0.7360
    1150.0   3/2 -   73.3   5/2    0.0004    0.06    0.0053    2.97    0.063    0.259   1076.7  0.787E-02  0.117E+00


    1150.0   3/2 -  131.9   5/2    0.0004    0.06    0.0029    1.62    0.096   -0.326   1018.1  0.574E-02  0.540E-01
    1150.0   3/2 -  204.2   7/2    0.0008    0.11    0.0000    0.00    1.000    0.000    945.8  0.768E-02  0.000E+00
    1150.0   3/2 -  294.7   7/2    0.0004    0.05    0.0000    0.00    1.000    0.000    855.3  0.205E-02  0.000E+00
      73.3   5/2 -    0.0   3/2    1.5929  218.99    0.0775   43.31    0.071   -0.277     73.3  0.412E-04  0.538E-03
      73.3   5/2 -   73.3   5/2    1.5968            0.6715


     131.9   5/2 -    0.0   3/2    1.8515  254.54    0.1374   76.76    0.140   -0.403    131.9  0.900E-03  0.554E-02
     131.9   5/2 -   73.3   5/2    1.2852  176.68    0.0809   45.19    0.036    0.194     58.5  0.108E-04  0.286E-03
     131.9   5/2 -  131.9   5/2    1.2733            0.7019
    1250.7   5/2 -    0.0   3/2    0.0000    0.01    0.0025    1.40    0.016   -0.127   1250.7  0.139E-02  0.863E-01
    1250.7   5/2 - 1150.0   3/2    3.3429  459.57    0.0031    1.72    0.884    2.762    100.8  0.423E-03  0.555E-04


    1250.7   5/2 -   73.3   5/2    0.0006    0.08    0.0004    0.24    0.576   -1.166   1177.4  0.168E-01  0.123E-01
    1250.7   5/2 -  131.9   5/2    0.0003    0.04    0.0013    0.70    0.157    0.431   1118.9  0.575E-02  0.310E-01
    1250.7   5/2 - 1250.7   5/2   -0.7901            1.1490
    1250.7   5/2 -  204.2   7/2    0.0000    0.00    0.0062    3.44    0.000    0.021   1046.5  0.543E-04  0.124E+00
    1250.7   5/2 -  294.7   7/2    0.0000    0.01    0.0039    2.16    0.006   -0.079    956.0  0.370E-03  0.595E-01


    1250.7   5/2 -  378.4   9/2    0.0009    0.12    0.0000    0.00    1.000    0.000    872.3  0.552E-02  0.000E+00
    1250.7   5/2 -  498.1   9/2    0.0003    0.04    0.0000    0.00    1.000    0.000    752.6  0.821E-03  0.000E+00
    1473.9   5/2 - 1297.7   1/2    1.9411  266.86    0.0000    0.00    1.000    0.000    176.2  0.402E-02  0.000E+00
    1473.9   5/2 -    0.0   3/2    0.0010    0.13    0.0020    1.14    0.414    0.840   1473.9  0.812E-01  0.115E+00
    1473.9   5/2 - 1150.0   3/2    0.0639    8.78    0.0002    0.11    0.961   -4.935    323.9  0.278E-02  0.114E-03


    1473.9   5/2 -   73.3   5/2    0.0002    0.02    0.0052    2.88    0.042    0.210   1400.5  0.110E-01  0.250E+00
    1473.9   5/2 -  131.9   5/2    0.0005    0.07    0.0067    3.75    0.086    0.306   1342.0  0.269E-01  0.286E+00
    1473.9   5/2 - 1250.7   5/2    0.0422    5.81    0.0159    8.89    0.084   -0.303    223.1  0.285E-03  0.311E-02
    1473.9   5/2 - 1473.9   5/2   -2.7980            1.7545
    1473.9   5/2 -  204.2   7/2    0.0002    0.03    0.0040    2.23    0.050   -0.230   1269.7  0.765E-02  0.144E+00


    1473.9   5/2 -  294.7   7/2    0.0002    0.02    0.0053    2.97    0.030   -0.175   1179.1  0.471E-02  0.154E+00
    1473.9   5/2 - 1392.2   7/2    0.0245    3.37    0.0654   36.54    0.002    0.042     81.6  0.108E-05  0.627E-03
    1473.9   5/2 -  378.4   9/2    0.0006    0.08    0.0000    0.00    1.000    0.000   1095.4  0.114E-01  0.000E+00
    1473.9   5/2 -  498.1   9/2    0.0012    0.17    0.0000    0.00    1.000    0.000    975.7  0.131E-01  0.000E+00
    1473.9   5/2 - 1340.1   9/2    0.0000    0.00    0.0000    0.00    1.000    0.000    133.8  0.817E-28  0.000E+00


     204.2   7/2 -    0.0   3/2    0.6857   94.26    0.0000    0.00    1.000    0.000    204.2  0.297E-02  0.000E+00
     204.2   7/2 -   73.3   5/2    2.8672  394.17    0.0413   23.07    0.452   -0.908    130.9  0.134E-02  0.163E-02
     204.2   7/2 -  131.9   5/2    0.0353    4.86    0.0738   41.23    0.002    0.042     72.3  0.854E-06  0.492E-03
     204.2   7/2 -  204.2   7/2   -0.6111            1.1010
     294.7   7/2 -    0.0   3/2    0.7502  103.13    0.0000    0.00    1.000    0.000    294.7  0.203E-01  0.000E+00


     294.7   7/2 -   73.3   5/2    0.0570    7.84    0.1013   56.56    0.019    0.138    221.4  0.370E-03  0.193E-01
     294.7   7/2 -  131.9   5/2    2.7810  382.32    0.0742   41.44    0.408   -0.830    162.9  0.389E-02  0.564E-02
     294.7   7/2 -  204.2   7/2    0.3822   52.54    0.0459   25.63    0.045    0.217     90.5  0.283E-04  0.599E-03
     294.7   7/2 -  294.7   7/2   -0.7315            1.1917
    1392.2   7/2 -    0.0   3/2    0.0000    0.00    0.0000    0.00    1.000    0.000   1392.2  0.103E-02  0.000E+00


    1392.2   7/2 - 1150.0   3/2    1.4397  197.92    0.0000    0.00    1.000    0.000    242.2  0.146E-01  0.000E+00
    1392.2   7/2 -   73.3   5/2    0.0004    0.05    0.0010    0.58    0.302   -0.658   1318.9  0.181E-01  0.417E-01
    1392.2   7/2 -  131.9   5/2    0.0000    0.01    0.0015    0.86    0.030    0.175   1260.4  0.165E-02  0.541E-01
    1392.2   7/2 - 1250.7   5/2    2.0281  278.81    0.0010    0.56    0.966    5.321    141.5  0.140E-02  0.495E-04
    1392.2   7/2 -  204.2   7/2    0.0004    0.06    0.0000    0.00    0.993  -12.324   1188.0  0.124E-01  0.816E-04


    1392.2   7/2 -  294.7   7/2    0.0002    0.02    0.0003    0.14    0.370    0.767   1097.5  0.351E-02  0.598E-02
    1392.2   7/2 - 1392.2   7/2   -2.0865            1.4442
    1392.2   7/2 -  378.4   9/2    0.0000    0.01    0.0076    4.23    0.004   -0.061   1013.8  0.516E-03  0.139E+00
    1392.2   7/2 -  498.1   9/2    0.0000    0.00    0.0053    2.95    0.000   -0.010    894.1  0.680E-05  0.664E-01
    1392.2   7/2 - 1340.1   9/2    0.0000    0.00    0.0000    0.00    0.457    0.918     52.1  0.898E-29  0.107E-28


    1392.2   7/2 -  595.2  11/2    0.0009    0.12    0.0000    0.00    1.000    0.000    797.0  0.350E-02  0.000E+00
    1392.2   7/2 -  742.9  11/2    0.0002    0.03    0.0000    0.00    1.000    0.000    649.3  0.275E-03  0.000E+00
    1629.3   7/2 -    0.0   3/2    0.0002    0.03    0.0000    0.00    1.000    0.000   1629.3  0.286E-01  0.000E+00
    1629.3   7/2 - 1150.0   3/2    0.0110    1.51    0.0000    0.00    1.000    0.000    479.3  0.339E-02  0.000E+00
    1629.3   7/2 -   73.3   5/2    0.0003    0.05    0.0023    1.26    0.200    0.500   1556.0  0.373E-01  0.150E+00


    1629.3   7/2 -  131.9   5/2    0.0007    0.10    0.0029    1.60    0.284    0.630   1497.4  0.669E-01  0.169E+00
    1629.3   7/2 - 1250.7   5/2    0.0627    8.62    0.0123    6.89    0.335    0.711    378.6  0.595E-02  0.118E-01
    1629.3   7/2 - 1473.9   5/2    0.3326   45.73    0.4047  226.05    0.014   -0.117    155.4  0.368E-03  0.268E-01
    1629.3   7/2 -  204.2   7/2    0.0001    0.01    0.0085    4.75    0.011    0.106   1425.1  0.485E-02  0.433E+00
    1629.3   7/2 -  294.7   7/2    0.0003    0.04    0.0107    5.99    0.035    0.192   1334.6  0.165E-01  0.449E+00


    1629.3   7/2 - 1392.2   7/2    0.0208    2.86    0.0103    5.76    0.073    0.280    237.1  0.190E-03  0.242E-02
    1629.3   7/2 - 1629.3   7/2   -3.2722            0.3186
    1629.3   7/2 -  378.4   9/2    0.0002    0.03    0.0055    3.08    0.040   -0.205   1250.9  0.798E-02  0.190E+00
    1629.3   7/2 -  498.1   9/2    0.0003    0.04    0.0072    4.04    0.033   -0.186   1131.2  0.636E-02  0.184E+00
    1629.3   7/2 - 1340.1   9/2    0.0000    0.00    0.0000    0.00    0.496    0.991    289.2  0.295E-26  0.300E-26


    1629.3   7/2 - 1574.4   9/2    0.0299    4.10    0.0037    2.07    0.017    0.130     54.9  0.182E-06  0.108E-04
    1629.3   7/2 -  595.2  11/2    0.0004    0.06    0.0000    0.00    1.000    0.000   1034.1  0.644E-02  0.000E+00
    1629.3   7/2 -  742.9  11/2    0.0011    0.16    0.0000    0.00    1.000    0.000    886.4  0.758E-02  0.000E+00
    1629.3   7/2 - 1571.6  11/2    0.0000    0.00    0.0000    0.00    1.000    0.000     57.7  0.323E-29  0.000E+00
     378.4   9/2 -   73.3   5/2    1.4945  205.46    0.0000    0.00    1.000    0.000    305.1  0.482E-01  0.000E+00


     378.4   9/2 -  131.9   5/2    0.0675    9.28    0.0000    0.00    1.000    0.000    246.6  0.751E-03  0.000E+00
     378.4   9/2 -  204.2   7/2    2.1788  299.53    0.0488   27.23    0.485   -0.970    174.2  0.427E-02  0.454E-02
     378.4   9/2 -  294.7   7/2    0.0720    9.90    0.0849   47.40    0.004    0.064     83.7  0.362E-05  0.877E-03
     378.4   9/2 -  378.4   9/2   -1.8012            1.5257
     498.1   9/2 -   73.3   5/2    0.0418    5.75    0.0000    0.00    1.000    0.000    424.8  0.706E-02  0.000E+00


     498.1   9/2 -  131.9   5/2    1.5551  213.79    0.0000    0.00    1.000    0.000    366.3  0.125E+00  0.000E+00
     498.1   9/2 -  204.2   7/2    0.0839   11.54    0.1173   65.54    0.041    0.207    293.9  0.225E-02  0.524E-01
     498.1   9/2 -  294.7   7/2    2.1172  291.05    0.0743   41.51    0.450   -0.904    203.4  0.899E-02  0.110E-01
     498.1   9/2 -  378.4   9/2    0.1522   20.92    0.0295   16.49    0.049    0.226    119.7  0.456E-04  0.891E-03
     498.1   9/2 -  498.1   9/2   -1.8567            1.6419


    1340.1   9/2 -   73.3   5/2    0.0000    0.00    0.0000    0.00    1.000    0.000   1266.8  0.815E-26  0.000E+00
    1340.1   9/2 -  131.9   5/2    0.0000    0.00    0.0000    0.00    1.000    0.000   1208.2  0.274E-24  0.000E+00
    1340.1   9/2 - 1250.7   5/2    0.0000    0.00    0.0000    0.00    1.000    0.000     89.4  0.167E-27  0.000E+00
    1340.1   9/2 -  204.2   7/2    0.0000    0.00    0.0000    0.00    0.336    0.711   1135.9  0.655E-25  0.130E-24
    1340.1   9/2 -  294.7   7/2    0.0000    0.00    0.0000    0.00    0.662   -1.400   1045.4  0.205E-24  0.105E-24


    1340.1   9/2 -  378.4   9/2    0.0000    0.00    0.0000    0.00    0.000    0.012    961.7  0.910E-29  0.621E-25
    1340.1   9/2 -  498.1   9/2    0.0000    0.00    0.0000    0.00    0.033   -0.184    842.0  0.129E-26  0.384E-25
    1340.1   9/2 - 1340.1   9/2    5.4829            1.3669
    1340.1   9/2 -  595.2  11/2    0.0000    0.00    0.0000    0.00    0.152    0.423    744.9  0.110E-25  0.614E-25
    1340.1   9/2 -  742.9  11/2    0.0000    0.00    0.0000    0.00    0.524   -1.050    597.2  0.200E-25  0.182E-25


    1340.1   9/2 -  854.2  13/2    0.0000    0.00    0.0000    0.00    1.000    0.000    485.9  0.914E-27  0.000E+00
    1340.1   9/2 - 1029.4  13/2    0.0000    0.00    0.0000    0.00    1.000    0.000    310.7  0.163E-26  0.000E+00
    1574.4   9/2 -   73.3   5/2    0.0001    0.01    0.0000    0.00    1.000    0.000   1501.0  0.859E-02  0.000E+00
    1574.4   9/2 -  131.9   5/2    0.0000    0.00    0.0000    0.00    1.000    0.000   1442.5  0.667E-05  0.000E+00
    1574.4   9/2 - 1250.7   5/2    2.1623  297.27    0.0000    0.00    1.000    0.000    323.6  0.936E-01  0.000E+00


    1574.4   9/2 - 1473.9   5/2    0.0513    7.05    0.0000    0.00    1.000    0.000    100.5  0.642E-05  0.000E+00
    1574.4   9/2 -  204.2   7/2    0.0005    0.07    0.0012    0.68    0.354   -0.740   1370.2  0.300E-01  0.548E-01
    1574.4   9/2 -  294.7   7/2    0.0001    0.01    0.0018    1.00    0.035    0.191   1279.6  0.240E-02  0.659E-01
    1574.4   9/2 - 1392.2   7/2    1.2818  176.22    0.0043    2.38    0.874    2.628    182.1  0.314E-02  0.454E-03
    1574.4   9/2 -  378.4   9/2    0.0003    0.04    0.0000    0.00    0.996   15.974   1195.9  0.900E-02  0.353E-04


    1574.4   9/2 -  498.1   9/2    0.0001    0.02    0.0002    0.10    0.340    0.718   1076.2  0.200E-02  0.387E-02
    1574.4   9/2 - 1340.1   9/2    0.0000    0.00    0.0000    0.00    0.028    0.171    234.3  0.253E-25  0.867E-24
    1574.4   9/2 - 1574.4   9/2   -2.8176            1.9789
    1574.4   9/2 -  595.2  11/2    0.0001    0.02    0.0070    3.93    0.011   -0.106    979.1  0.130E-02  0.116E+00
    1574.4   9/2 -  742.9  11/2    0.0000    0.00    0.0050    2.78    0.000    0.010    831.5  0.545E-05  0.503E-01


    1574.4   9/2 - 1571.6  11/2    0.0000    0.00    0.0000    0.00    0.001   -0.028      2.8  0.248E-35  0.309E-32
    1574.4   9/2 -  854.2  13/2    0.0009    0.12    0.0000    0.00    1.000    0.000    720.1  0.210E-02  0.000E+00
    1574.4   9/2 - 1029.4  13/2    0.0001    0.02    0.0000    0.00    1.000    0.000    545.0  0.764E-04  0.000E+00
    1825.2   9/2 -   73.3   5/2    0.0001    0.02    0.0000    0.00    1.000    0.000   1751.9  0.225E-01  0.000E+00
    1825.2   9/2 -  131.9   5/2    0.0002    0.03    0.0000    0.00    1.000    0.000   1693.4  0.378E-01  0.000E+00


    1825.2   9/2 - 1250.7   5/2    0.0148    2.03    0.0000    0.00    1.000    0.000    574.5  0.113E-01  0.000E+00
    1825.2   9/2 - 1473.9   5/2    2.7946  384.19    0.0000    0.00    1.000    0.000    351.4  0.183E+00  0.000E+00
    1825.2   9/2 -  204.2   7/2    0.0003    0.04    0.0016    0.89    0.248    0.575   1621.1  0.396E-01  0.120E+00
    1825.2   9/2 -  294.7   7/2    0.0008    0.11    0.0021    1.15    0.384    0.789   1530.5  0.808E-01  0.130E+00
    1825.2   9/2 - 1392.2   7/2    0.0574    7.89    0.0003    0.16    0.964   -5.163    433.0  0.107E-01  0.400E-03


    1825.2   9/2 - 1629.3   7/2    0.2221   30.53    0.0021    1.19    0.735    1.667    196.0  0.783E-03  0.282E-03
    1825.2   9/2 -  378.4   9/2    0.0000    0.00    0.0043    2.42    0.010    0.101   1446.8  0.237E-02  0.231E+00
    1825.2   9/2 -  498.1   9/2    0.0002    0.03    0.0059    3.27    0.045    0.217   1327.1  0.113E-01  0.241E+00
    1825.2   9/2 - 1340.1   9/2    0.0000    0.00    0.0000    0.00    0.085   -0.306    485.1  0.179E-25  0.191E-24
    1825.2   9/2 - 1574.4   9/2    0.0118    1.62    0.0317   17.71    0.016   -0.127    250.9  0.143E-03  0.882E-02


    1825.2   9/2 - 1825.2   9/2   -3.5764            2.5904
    1825.2   9/2 -  595.2  11/2    0.0002    0.03    0.0020    1.12    0.100   -0.333   1230.0  0.729E-02  0.659E-01
    1825.2   9/2 -  742.9  11/2    0.0004    0.05    0.0030    1.68    0.090   -0.315   1082.3  0.666E-02  0.672E-01
    1825.2   9/2 - 1571.6  11/2    0.0000    0.00    0.0000    0.00    0.000    0.019    253.7  0.288E-28  0.802E-25
    1825.2   9/2 - 1798.0  11/2    0.0322    4.43    0.0998   55.75    0.000    0.013     27.3  0.596E-08  0.357E-04


    1825.2   9/2 -  854.2  13/2    0.0004    0.05    0.0000    0.00    1.000    0.000    971.0  0.370E-02  0.000E+00
    1825.2   9/2 - 1029.4  13/2    0.0011    0.15    0.0000    0.00    1.000    0.000    795.9  0.426E-02  0.000E+00
     595.2  11/2 -  204.2   7/2    2.0962  288.18    0.0000    0.00    1.000    0.000    391.0  0.234E+00  0.000E+00
     595.2  11/2 -  294.7   7/2    0.0269    3.69    0.0000    0.00    1.000    0.000    300.5  0.803E-03  0.000E+00
     595.2  11/2 -  378.4   9/2    1.6062  220.81    0.0538   30.02    0.493   -0.987    216.8  0.938E-02  0.964E-02


     595.2  11/2 -  498.1   9/2    0.0696    9.56    0.0915   51.10    0.005    0.070     97.1  0.733E-05  0.147E-02
     595.2  11/2 -  595.2  11/2   -2.5281            1.9403
     742.9  11/2 -  204.2   7/2    0.0167    2.30    0.0000    0.00    1.000    0.000    538.7  0.926E-02  0.000E+00
     742.9  11/2 -  294.7   7/2    2.1244  292.05    0.0000    0.00    1.000    0.000    448.2  0.469E+00  0.000E+00
     742.9  11/2 -  378.4   9/2    0.0759   10.43    0.1264   70.62    0.052    0.235    364.5  0.595E-02  0.108E+00


     742.9  11/2 -  498.1   9/2    1.5712  216.00    0.0748   41.76    0.466   -0.934    244.8  0.169E-01  0.193E-01
     742.9  11/2 -  595.2  11/2    0.0723    9.93    0.0212   11.82    0.049    0.227    147.7  0.620E-04  0.120E-02
     742.9  11/2 -  742.9  11/2   -2.5560            2.0700
    1571.6  11/2 -  204.2   7/2    0.0000    0.00    0.0000    0.00    1.000    0.000   1367.4  0.501E-24  0.000E+00
    1571.6  11/2 -  294.7   7/2    0.0000    0.00    0.0000    0.00    1.000    0.000   1276.9  0.340E-25  0.000E+00


    1571.6  11/2 - 1392.2   7/2    0.0000    0.00    0.0000    0.00    1.000    0.000    179.4  0.100E-25  0.000E+00
    1571.6  11/2 -  378.4   9/2    0.0000    0.00    0.0000    0.00    0.931   -3.677   1193.2  0.391E-24  0.289E-25
    1571.6  11/2 -  498.1   9/2    0.0000    0.00    0.0000    0.00    0.795    1.971   1073.5  0.157E-24  0.404E-25
    1571.6  11/2 - 1340.1   9/2    3.1628  434.81    0.0093    5.21    0.926   -3.547    231.5  0.256E-01  0.204E-02
    1571.6  11/2 -  595.2  11/2    0.0000    0.00    0.0000    0.00    0.048   -0.224    976.4  0.786E-26  0.157E-24


    1571.6  11/2 -  742.9  11/2    0.0000    0.00    0.0000    0.00    0.082    0.298    828.7  0.696E-27  0.783E-26
    1571.6  11/2 - 1571.6  11/2    2.7615            1.8270
    1571.6  11/2 -  854.2  13/2    0.0000    0.00    0.0000    0.00    0.041   -0.206    717.4  0.528E-26  0.125E-24
    1571.6  11/2 - 1029.4  13/2    0.0000    0.00    0.0000    0.00    0.169    0.451    542.2  0.962E-26  0.474E-25
    1798.0  11/2 -  204.2   7/2    0.0002    0.02    0.0000    0.00    1.000    0.000   1593.8  0.206E-01  0.000E+00


    1798.0  11/2 -  294.7   7/2    0.0000    0.00    0.0000    0.00    1.000    0.000   1503.3  0.100E-03  0.000E+00
    1798.0  11/2 - 1392.2   7/2    2.5714  353.50    0.0000    0.00    1.000    0.000    405.7  0.345E+00  0.000E+00
    1798.0  11/2 - 1629.3   7/2    0.0392    5.39    0.0000    0.00    1.000    0.000    168.7  0.653E-04  0.000E+00
    1798.0  11/2 -  378.4   9/2    0.0006    0.08    0.0008    0.43    0.509   -1.017   1419.5  0.405E-01  0.391E-01
    1798.0  11/2 -  498.1   9/2    0.0001    0.01    0.0012    0.69    0.049    0.228   1299.8  0.249E-02  0.479E-01


    1798.0  11/2 - 1340.1   9/2    0.0000    0.00    0.0000    0.00    0.595    1.212    457.9  0.353E-25  0.240E-25
    1798.0  11/2 - 1574.4   9/2    0.8632  118.66    0.0000    0.01    0.999  -33.715    223.6  0.589E-02  0.518E-05
    1798.0  11/2 -  595.2  11/2    0.0002    0.03    0.0003    0.18    0.404    0.823   1202.8  0.673E-02  0.994E-02
    1798.0  11/2 -  742.9  11/2    0.0001    0.01    0.0000    0.01    0.730   -1.646   1055.1  0.119E-02  0.438E-03
    1798.0  11/2 - 1571.6  11/2    0.0000    0.00    0.0000    0.00    0.019   -0.140    226.4  0.137E-25  0.698E-24


    1798.0  11/2 - 1798.0  11/2   -3.2744            2.1753
    1798.0  11/2 -  854.2  13/2    0.0002    0.03    0.0091    5.06    0.013   -0.113    943.7  0.172E-02  0.134E+00
    1798.0  11/2 - 1029.4  13/2    0.0000    0.00    0.0069    3.87    0.000    0.015    768.6  0.132E-04  0.554E-01
    2068.2  11/2 -  204.2   7/2    0.0001    0.02    0.0000    0.00    1.000    0.000   1864.0  0.335E-01  0.000E+00
    2068.2  11/2 -  294.7   7/2    0.0003    0.04    0.0000    0.00    1.000    0.000   1773.5  0.626E-01  0.000E+00


    2068.2  11/2 - 1392.2   7/2    0.0140    1.92    0.0000    0.00    1.000    0.000    676.0  0.241E-01  0.000E+00
    2068.2  11/2 - 1629.3   7/2    2.9769  409.25    0.0000    0.00    1.000    0.000    438.9  0.592E+00  0.000E+00
    2068.2  11/2 -  378.4   9/2    0.0002    0.03    0.0035    1.98    0.122    0.372   1689.8  0.417E-01  0.301E+00
    2068.2  11/2 -  498.1   9/2    0.0008    0.11    0.0044    2.47    0.239    0.561   1570.1  0.947E-01  0.301E+00
    2068.2  11/2 - 1340.1   9/2    0.0000    0.00    0.0000    0.00    0.997  -17.490    728.1  0.323E-24  0.106E-26


    2068.2  11/2 - 1574.4   9/2    0.0483    6.64    0.0341   19.02    0.193    0.489    493.9  0.173E-01  0.722E-01
    2068.2  11/2 - 1825.2   9/2    0.1645   22.62    0.3785  211.38    0.017   -0.133    243.0  0.170E-02  0.956E-01
    2068.2  11/2 -  595.2  11/2    0.0000    0.00    0.0091    5.10    0.003    0.050   1473.0  0.129E-02  0.514E+00
    2068.2  11/2 -  742.9  11/2    0.0002    0.02    0.0118    6.58    0.017    0.132   1325.3  0.835E-02  0.483E+00
    2068.2  11/2 - 1571.6  11/2    0.0000    0.00    0.0000    0.00    0.701    1.531    496.6  0.431E-25  0.184E-25


    2068.2  11/2 - 1798.0  11/2    0.0070    0.97    0.0210   11.71    0.017    0.130    270.3  0.124E-03  0.728E-02
    2068.2  11/2 - 2068.2  11/2   -3.7921            1.1542
    2068.2  11/2 -  854.2  13/2    0.0002    0.03    0.0045    2.54    0.043   -0.212   1214.0  0.640E-02  0.143E+00
    2068.2  11/2 - 1029.4  13/2    0.0004    0.06    0.0062    3.48    0.049   -0.227   1038.9  0.631E-02  0.123E+00
    2068.2  11/2 - 1845.1  13/2    0.0000    0.00    0.0000    0.00    0.300    0.654    223.1  0.711E-27  0.166E-26


    2068.2  11/2 - 2062.3  13/2    0.0298    4.09    0.0038    2.15    0.000    0.014      5.9  0.263E-11  0.140E-07
     854.2  13/2 -  378.4   9/2    2.4725  339.91    0.0000    0.00    1.000    0.000    475.8  0.736E+00  0.000E+00
     854.2  13/2 -  498.1   9/2    0.0131    1.81    0.0000    0.00    1.000    0.000    356.1  0.919E-03  0.000E+00
     854.2  13/2 -  595.2  11/2    1.2113  166.53    0.0566   31.64    0.499   -0.997    259.0  0.172E-01  0.173E-01
     854.2  13/2 -  742.9  11/2    0.0594    8.16    0.0949   53.00    0.005    0.073    111.3  0.124E-04  0.230E-02


     854.2  13/2 -  854.2  13/2   -3.0100            2.3542
    1029.4  13/2 -  378.4   9/2    0.0080    1.09    0.0000    0.00    1.000    0.000    650.9  0.114E-01  0.000E+00
    1029.4  13/2 -  498.1   9/2    2.4869  341.88    0.0000    0.00    1.000    0.000    531.3  0.128E+01  0.000E+00
    1029.4  13/2 -  595.2  11/2    0.0631    8.68    0.1312   73.25    0.059    0.251    434.2  0.119E-01  0.189E+00
    1029.4  13/2 -  742.9  11/2    1.1921  163.89    0.0742   41.45    0.477   -0.956    286.5  0.281E-01  0.307E-01


    1029.4  13/2 -  854.2  13/2    0.0386    5.31    0.0156    8.70    0.050    0.230    175.1  0.777E-04  0.147E-02
    1029.4  13/2 - 1029.4  13/2   -3.0243            2.4925
    1845.1  13/2 -  378.4   9/2    0.0000    0.00    0.0000    0.00    1.000    0.000   1466.7  0.594E-25  0.000E+00
    1845.1  13/2 -  498.1   9/2    0.0000    0.00    0.0000    0.00    1.000    0.000   1347.0  0.138E-23  0.000E+00
    1845.1  13/2 - 1340.1   9/2    0.5522   75.92    0.0000    0.00    1.000    0.000    505.0  0.221E+00  0.000E+00


    1845.1  13/2 - 1574.4   9/2    0.0000    0.00    0.0000    0.00    1.000    0.000    270.8  0.146E-24  0.000E+00
    1845.1  13/2 - 1825.2   9/2    0.0000    0.00    0.0000    0.00    1.000    0.000     19.9  0.638E-32  0.000E+00
    1845.1  13/2 -  595.2  11/2    0.0000    0.00    0.0000    0.00    0.169    0.451   1249.9  0.440E-25  0.217E-24
    1845.1  13/2 -  742.9  11/2    0.0000    0.00    0.0000    0.00    0.659   -1.389   1102.2  0.300E-24  0.155E-24
    1845.1  13/2 - 1571.6  11/2    3.5785  491.96    0.0149    8.32    0.926   -3.530    273.6  0.669E-01  0.537E-02


    1845.1  13/2 - 1798.0  11/2    0.0000    0.00    0.0000    0.00    0.011    0.106     47.2  0.236E-30  0.211E-28
    1845.1  13/2 -  854.2  13/2    0.0000    0.00    0.0000    0.00    0.507   -1.014    990.9  0.168E-25  0.163E-25
    1845.1  13/2 - 1029.4  13/2    0.0000    0.00    0.0000    0.00    0.176   -0.462    815.8  0.477E-25  0.224E-24
    1845.1  13/2 - 1845.1  13/2    1.0052            2.2700
    2062.3  13/2 -  378.4   9/2    0.0002    0.03    0.0000    0.00    1.000    0.000   1683.9  0.379E-01  0.000E+00


    2062.3  13/2 -  498.1   9/2    0.0000    0.00    0.0000    0.00    1.000    0.000   1564.2  0.119E-03  0.000E+00
    2062.3  13/2 - 1340.1   9/2    0.0000    0.00    0.0000    0.00    1.000    0.000    722.2  0.898E-23  0.000E+00
    2062.3  13/2 - 1574.4   9/2    2.8275  388.71    0.0000    0.00    1.000    0.000    488.0  0.954E+00  0.000E+00
    2062.3  13/2 - 1825.2   9/2    0.0307    4.22    0.0000    0.00    1.000    0.000    237.1  0.280E-03  0.000E+00
    2062.3  13/2 -  595.2  11/2    0.0006    0.09    0.0012    0.65    0.444   -0.893   1467.1  0.513E-01  0.644E-01


    2062.3  13/2 -  742.9  11/2    0.0000    0.01    0.0017    0.97    0.030    0.175   1319.4  0.215E-02  0.700E-01
    2062.3  13/2 - 1571.6  11/2    0.0000    0.00    0.0000    0.00    0.557    1.121    490.7  0.381E-25  0.303E-25
    2062.3  13/2 - 1798.0  11/2    0.6112   84.03    0.0042    2.37    0.875    2.640    264.4  0.963E-02  0.138E-02
    2062.3  13/2 -  854.2  13/2    0.0002    0.02    0.0001    0.05    0.639    1.330   1208.1  0.520E-02  0.294E-02
    2062.3  13/2 - 1029.4  13/2    0.0000    0.01    0.0000    0.01    0.737    1.674   1033.0  0.712E-03  0.254E-03


    2062.3  13/2 - 1845.1  13/2    0.0000    0.00    0.0000    0.00    0.016   -0.126    217.2  0.120E-25  0.753E-24
    2062.3  13/2 - 2062.3  13/2   -3.5853            2.8263
    2350.0  13/2 -  378.4   9/2    0.0001    0.02    0.0000    0.00    1.000    0.000   1971.6  0.442E-01  0.000E+00
    2350.0  13/2 -  498.1   9/2    0.0003    0.05    0.0000    0.00    1.000    0.000   1851.9  0.928E-01  0.000E+00
    2350.0  13/2 - 1340.1   9/2    0.0000    0.00    0.0000    0.00    1.000    0.000   1009.9  0.677E-23  0.000E+00


    2350.0  13/2 - 1574.4   9/2    0.0125    1.72    0.0000    0.00    1.000    0.000    775.7  0.428E-01  0.000E+00
    2350.0  13/2 - 1825.2   9/2    3.1008  426.28    0.0000    0.00    1.000    0.000    524.8  0.151E+01  0.000E+00
    2350.0  13/2 -  595.2  11/2    0.0002    0.03    0.0016    0.91    0.217    0.527   1754.8  0.432E-01  0.156E+00
    2350.0  13/2 -  742.9  11/2    0.0008    0.11    0.0022    1.25    0.401    0.819   1607.1  0.109E+00  0.163E+00
    2350.0  13/2 - 1571.6  11/2    0.0000    0.00    0.0000    0.00    0.889   -2.835    778.4  0.327E-25  0.407E-26


    2350.0  13/2 - 1798.0  11/2    0.0429    5.89    0.0003    0.15    0.971   -5.804    552.1  0.268E-01  0.796E-03
    2350.0  13/2 - 2068.2  11/2    0.1296   17.81    0.0024    1.32    0.751    1.737    281.8  0.281E-02  0.931E-03
    2350.0  13/2 -  854.2  13/2    0.0000    0.00    0.0033    1.86    0.004    0.060   1495.8  0.702E-03  0.196E+00
    2350.0  13/2 - 1029.4  13/2    0.0001    0.02    0.0049    2.74    0.031    0.180   1320.7  0.644E-02  0.199E+00
    2350.0  13/2 - 1845.1  13/2    0.0000    0.00    0.0000    0.00    0.148   -0.417    504.9  0.609E-25  0.350E-24


    2350.0  13/2 - 2062.3  13/2    0.0046    0.63    0.0449   25.10    0.006   -0.076    287.7  0.110E-03  0.188E-01
    2350.0  13/2 - 2350.0  13/2   -3.9506            3.3688

 TIME=  0.0 SEC
