 PARITY=-   EPS= 0.132   GAMMA= 48.0   EPS4=0.000   EPS6=0.000   LEVELS:  28  29  30  31  32
0   Z= 82   A=207   IQ=1   GSFAC= 0.75   GR=  0.40   MIN SPIN=  1/2   MAX SPIN= 13/2   KMAX= 13/2

 MICR QUADR MOMENTS:  Q0= 360.623  Q2=-290.950 FM**2


   B(E2) AND Q(E2) IN E2B2 AND EB,   B(M1) AND M(M1) INNM2 AND NM,   T(E2) AND T(M1) IN 1/PS

       E1     II      EF     IF     B(E2)             B(M1)              GD        D       EREL    T(E2)      T(M1)
                                             WU               MWU

       0.0   1/2 -    0.0   1/2    0.0000            0.5113
    1343.8   1/2 -    0.0   1/2    0.0000    0.00    0.0118    6.59    0.000    0.000   1343.8  0.000E+00  0.504E+00
    1343.8   1/2 - 1343.8   1/2    0.0000            0.5280
    1343.8   1/2 -  546.8   3/2    0.0000    0.00    0.0009    0.52    0.000    0.000    797.0  0.767E-25  0.836E-02
    1343.8   1/2 -  734.6   5/2    0.0000    0.00    0.0000    0.00    1.000    0.000    609.2  0.290E-25  0.000E+00


     546.8   3/2 -    0.0   1/2    0.5745   78.98    0.0001    0.07    0.999  -31.008    546.8  0.343E+00  0.356E-03
     546.8   3/2 -  546.8   3/2    1.0702            0.4300
    1527.0   3/2 -    0.0   1/2    0.0000    0.00    0.0006    0.32    0.000   -0.000   1527.0  0.133E-18  0.364E-01
    1527.0   3/2 - 1343.8   1/2    0.4144   56.97    0.0038    2.12    0.717    1.593    183.2  0.104E-02  0.411E-03
    1527.0   3/2 -  546.8   3/2    0.0000    0.00    0.0001    0.06    0.000   -0.000    980.2  0.156E-25  0.188E-02


    1527.0   3/2 - 1527.0   3/2    0.9152            0.7705
    1527.0   3/2 -  734.6   5/2    0.0000    0.00    0.0133    7.45    0.000    0.000    792.4  0.225E-26  0.117E+00
    2011.9   3/2 -    0.0   1/2    0.0000    0.00    0.0130    7.26    0.000    0.000   2011.9  0.230E-18  0.186E+01
    2011.9   3/2 - 1343.8   1/2    0.1812   24.90    0.0985   55.00    0.363   -0.754    668.1  0.294E+00  0.517E+00
    2011.9   3/2 -  546.8   3/2    0.0000    0.00    0.0114    6.39    0.000   -0.000   1465.1  0.358E-25  0.633E+00


    2011.9   3/2 - 1527.0   3/2    0.1790   24.61    0.0261   14.58    0.528   -1.057    484.9  0.586E-01  0.524E-01
    2011.9   3/2 - 2011.9   3/2   -0.9152            0.0221
    2011.9   3/2 -  734.6   5/2    0.0000    0.00    0.0000    0.02    0.000    0.000   1277.3  0.159E-25  0.140E-02
    2011.9   3/2 - 1907.3   5/2    0.3429   47.14    0.0002    0.13    0.916   -3.312    104.7  0.525E-04  0.479E-05
    2011.9   3/2 - 2002.3   7/2    0.0000    0.00    0.0000    0.00    1.000    0.000      9.6  0.143E-34  0.000E+00


     734.6   5/2 -    0.0   1/2    0.5770   79.33    0.0000    0.00    1.000    0.000    734.6  0.151E+01  0.000E+00
     734.6   5/2 -  546.8   3/2    0.1630   22.41    0.0411   22.93    0.088   -0.312    187.8  0.465E-03  0.479E-02
     734.6   5/2 -  734.6   5/2    1.5181            1.2813
    1907.3   5/2 -    0.0   1/2    0.0000    0.00    0.0000    0.00    1.000    0.000   1907.3  0.389E-18  0.000E+00
    1907.3   5/2 - 1343.8   1/2    0.3984   54.77    0.0000    0.00    1.000    0.000    563.4  0.276E+00  0.000E+00


    1907.3   5/2 -  546.8   3/2    0.0000    0.00    0.0000    0.01    0.000    0.000   1360.5  0.176E-24  0.802E-03
    1907.3   5/2 - 1527.0   3/2    0.3914   53.80    0.0001    0.04    0.998  -24.414    380.3  0.380E-01  0.637E-04
    1907.3   5/2 -  734.6   5/2    0.0000    0.00    0.0147    8.19    0.000   -0.000   1172.7  0.243E-24  0.416E+00
    1907.3   5/2 - 1907.3   5/2    0.8152            1.5941
    2863.0   5/2 -    0.0   1/2    0.0000    0.00    0.0000    0.00    1.000    0.000   2863.0  0.133E-17  0.000E+00


    2863.0   5/2 - 1343.8   1/2    0.1796   24.69    0.0000    0.00    1.000    0.000   1519.2  0.177E+02  0.000E+00
    2863.0   5/2 -  546.8   3/2    0.0000    0.00    0.0179   10.02    0.000    0.000   2316.2  0.207E-24  0.392E+01
    2863.0   5/2 - 1527.0   3/2    0.0191    2.62    0.1567   87.53    0.131    0.388   1336.0  0.990E+00  0.658E+01
    2863.0   5/2 - 2011.9   3/2    0.5299   72.85    0.0002    0.13    0.999   33.463    851.1  0.289E+01  0.258E-02
    2863.0   5/2 -  734.6   5/2    0.0000    0.00    0.0019    1.06    0.000    0.000   2128.4  0.822E-24  0.323E+00


    2863.0   5/2 - 1907.3   5/2    0.1076   14.80    0.0050    2.81    0.931    3.678    955.7  0.105E+01  0.774E-01
    2863.0   5/2 - 2863.0   5/2    1.0984            0.4693
    2863.0   5/2 - 2002.3   7/2    0.0000    0.00    0.0008    0.47    0.000    0.000    860.6  0.989E-25  0.935E-02
    2863.0   5/2 - 2723.9   7/2    0.0112    1.54    0.0101    5.64    0.015   -0.122    139.0  0.711E-05  0.477E-03
    2863.0   5/2 - 2327.6   9/2    0.0000    0.00    0.0000    0.00    1.000    0.000    535.4  0.168E-26  0.000E+00


    2002.3   7/2 -  546.8   3/2    0.7448  102.39    0.0000    0.00    1.000    0.000   1455.5  0.594E+02  0.000E+00
    2002.3   7/2 - 1527.0   3/2    0.0000    0.00    0.0000    0.00    1.000    0.000    475.4  0.622E-25  0.000E+00
    2002.3   7/2 -  734.6   5/2    0.0810   11.13    0.0000    0.02    1.000  -49.494   1267.7  0.323E+01  0.132E-02
    2002.3   7/2 - 1907.3   5/2    0.0000    0.00    0.0029    1.61    0.000    0.000     95.1  0.552E-29  0.437E-04
    2002.3   7/2 - 2002.3   7/2    1.7508            1.1882


    2723.9   7/2 -  546.8   3/2    0.0000    0.00    0.0000    0.00    1.000    0.000   2177.1  0.105E-22  0.000E+00
    2723.9   7/2 - 1527.0   3/2    0.6123   84.17    0.0000    0.00    1.000    0.000   1196.9  0.184E+02  0.000E+00
    2723.9   7/2 - 2011.9   3/2    0.0010    0.14    0.0000    0.00    1.000    0.000    712.0  0.232E-02  0.000E+00
    2723.9   7/2 -  734.6   5/2    0.0000    0.00    0.0005    0.28    0.000   -0.000   1989.3  0.651E-24  0.706E-01
    2723.9   7/2 - 1907.3   5/2    0.1045   14.36    0.0000    0.01    0.999   42.618    816.7  0.463E+00  0.255E-03


    2723.9   7/2 - 2002.3   7/2    0.0000    0.00    0.0002    0.10    0.000   -0.000    721.6  0.873E-24  0.116E-02
    2723.9   7/2 - 2723.9   7/2    1.8928            1.6638
    2723.9   7/2 - 2327.6   9/2    0.0000    0.00    0.0131    7.32    0.000    0.000    396.3  0.263E-27  0.144E-01
    2327.6   9/2 -  734.6   5/2    0.8314  114.29    0.0000    0.00    1.000    0.000   1593.0  0.104E+03  0.000E+00
    2327.6   9/2 - 1907.3   5/2    0.0000    0.00    0.0000    0.00    1.000    0.000    420.3  0.246E-26  0.000E+00


    2327.6   9/2 - 2002.3   7/2    0.0485    6.67    0.0497   27.74    0.067   -0.268    325.2  0.215E-02  0.301E-01
    2327.6   9/2 - 2327.6   9/2    1.8857            2.0411

 TIME=  0.0 SEC
