 PARITY=-   EPS= 0.386   GAMMA= 24.4   EPS4=0.000   EPS6=0.000   LEVELS:  30  31  32  33  34
0   Z= 82   A=207   IQ=1   GSFAC= 0.75   GR=  0.40   MIN SPIN=  1/2   MAX SPIN= 13/2   KMAX= 13/2

 MICR QUADR MOMENTS:  Q0=2102.841  Q2=-395.726 FM**2


   B(E2) AND Q(E2) IN E2B2 AND EB,   B(M1) AND M(M1) INNM2 AND NM,   T(E2) AND T(M1) IN 1/PS

       E1     II      EF     IF     B(E2)             B(M1)              GD        D       EREL    T(E2)      T(M1)
                                             WU               MWU

       0.0   1/2 -    0.0   1/2    0.0000            0.5829
     816.2   1/2 -    0.0   1/2    0.0000    0.00    0.0249   13.92    0.000    0.000    816.2  0.000E+00  0.238E+00
     816.2   1/2 -  816.2   1/2    0.0000           -0.1188
     816.2   1/2 -  135.4   3/2    0.0000    0.00    0.0501   27.97    0.000   -0.000    680.8  0.717E-24  0.278E+00
     816.2   1/2 -  340.6   3/2    0.0000    0.00    0.0184   10.29    0.000   -0.000    475.5  0.536E-24  0.349E-01


     816.2   1/2 -  723.8   3/2    5.6719  779.75    0.0213   11.90    0.612   -1.255     92.4  0.466E-03  0.296E-03
     816.2   1/2 -  425.1   5/2    0.0000    0.00    0.0000    0.00    1.000    0.000    391.1  0.459E-24  0.000E+00
    2560.4   1/2 -    0.0   1/2    0.0000    0.00    0.0066    3.68    0.000    0.000   2560.4  0.000E+00  0.194E+01
    2560.4   1/2 -  816.2   1/2    0.0000    0.00    0.0073    4.08    0.000    0.000   1744.3  0.000E+00  0.683E+00
    2560.4   1/2 - 2560.4   1/2    0.0000            0.3671


    2560.4   1/2 -  135.4   3/2    0.0000    0.00    0.0001    0.04    0.000    0.000   2425.0  0.982E-18  0.195E-01
    2560.4   1/2 -  340.6   3/2    0.0000    0.00    0.0117    6.53    0.000   -0.000   2219.8  0.831E-18  0.225E+01
    2560.4   1/2 -  723.8   3/2    0.0000    0.00    0.0000    0.02    0.000    0.000   1836.7  0.791E-18  0.319E-02
    2560.4   1/2 -  425.1   5/2    0.0000    0.00    0.0000    0.00    1.000    0.000   2135.4  0.898E-18  0.000E+00
    2560.4   1/2 - 1391.5   5/2    0.0000    0.00    0.0000    0.00    1.000    0.000   1168.9  0.728E-19  0.000E+00


    2560.4   1/2 - 1475.5   5/2    2.8153  387.03    0.0000    0.00    1.000    0.000   1084.9  0.516E+02  0.000E+00
     135.4   3/2 -    0.0   1/2    4.0527  557.15    0.1364   76.15    0.274   -0.615    135.4  0.225E-02  0.596E-02
     135.4   3/2 -  135.4   3/2   -2.6001            0.0821
     340.6   3/2 -    0.0   1/2    5.3675  737.90    0.0805   44.95    0.843   -2.316    340.6  0.300E+00  0.560E-01
     340.6   3/2 -  135.4   3/2    6.0579  832.81    0.1420   79.31    0.555    1.116    205.2  0.269E-01  0.216E-01


     340.6   3/2 -  340.6   3/2    2.6001            0.6445
     723.8   3/2 -    0.0   1/2    0.0000    0.00    0.0024    1.37    0.000   -0.000    723.8  0.784E-19  0.163E-01
     723.8   3/2 -  135.4   3/2    0.0000    0.00    0.0137    7.65    0.000    0.000    588.4  0.884E-24  0.491E-01
     723.8   3/2 -  340.6   3/2    0.0000    0.00    0.0007    0.38    0.000    0.000    383.1  0.230E-25  0.678E-03
     723.8   3/2 -  723.8   3/2    4.0396            0.8631


     723.8   3/2 -  425.1   5/2    0.0000    0.00    0.0023    1.28    0.000    0.000    298.7  0.441E-25  0.107E-02
     425.1   5/2 -    0.0   1/2    4.5879  630.72    0.0000    0.00    1.000    0.000    425.1  0.777E+00  0.000E+00
     425.1   5/2 -  135.4   3/2    9.6146 1321.76    0.0153    8.56    0.973    6.041    289.7  0.239E+00  0.655E-02
     425.1   5/2 -  340.6   3/2    3.3911  466.19    0.0051    2.84    0.767    1.816     84.4  0.177E-03  0.538E-04
     425.1   5/2 -  425.1   5/2   -1.8747            1.4171


    1391.5   5/2 -    0.0   1/2    0.0000    0.00    0.0000    0.00    1.000    0.000   1391.5  0.133E-17  0.000E+00
    1391.5   5/2 -  816.2   1/2    1.7221  236.75    0.0000    0.00    1.000    0.000    575.4  0.132E+01  0.000E+00
    1391.5   5/2 -  135.4   3/2    0.0000    0.00    0.0011    0.64    0.000    0.000   1256.1  0.229E-23  0.397E-01
    1391.5   5/2 -  340.6   3/2    0.0000    0.00    0.0013    0.72    0.000   -0.000   1050.9  0.162E-21  0.263E-01
    1391.5   5/2 -  723.8   3/2   10.5803 1454.52    0.0024    1.34    0.999   36.910    667.7  0.171E+02  0.126E-01


    1391.5   5/2 -  425.1   5/2    0.0000    0.00    0.0095    5.29    0.000   -0.000    966.5  0.379E-22  0.150E+00
    1391.5   5/2 - 1391.5   5/2   -1.0144            0.9235
    1475.5   5/2 -    0.0   1/2    0.0000    0.00    0.0000    0.00    1.000    0.000   1475.5  0.279E-19  0.000E+00
    1475.5   5/2 -  816.2   1/2    0.0000    0.00    0.0000    0.00    1.000    0.000    659.4  0.227E-21  0.000E+00
    1475.5   5/2 -  135.4   3/2    0.0000    0.00    0.0001    0.04    0.000   -0.000   1340.1  0.262E-21  0.303E-02


    1475.5   5/2 -  340.6   3/2    0.0000    0.00    0.0007    0.37    0.000   -0.000   1134.9  0.120E-20  0.168E-01
    1475.5   5/2 -  723.8   3/2    0.0000    0.00    0.0009    0.48    0.000   -0.000    751.8  0.307E-20  0.640E-02
    1475.5   5/2 -  425.1   5/2    0.0000    0.00    0.0005    0.26    0.000    0.000   1050.5  0.897E-22  0.947E-02
    1475.5   5/2 - 1391.5   5/2    0.0000    0.00    0.0002    0.10    0.000   -0.000     84.0  0.301E-26  0.181E-05
    1475.5   5/2 - 1475.5   5/2    7.5905            1.2684


    1532.6   7/2 -  135.4   3/2    5.6060  770.68    0.0000    0.00    1.000    0.000   1397.2  0.364E+03  0.000E+00
    1532.6   7/2 -  340.6   3/2    6.4584  887.87    0.0000    0.00    1.000    0.000   1192.0  0.190E+03  0.000E+00
    1532.6   7/2 -  723.8   3/2    0.0000    0.00    0.0000    0.00    1.000    0.000    808.8  0.535E-22  0.000E+00
    1532.6   7/2 -  425.1   5/2    0.0623    8.56    0.1950  108.93    0.213    0.521   1107.5  0.127E+01  0.466E+01
    1532.6   7/2 - 1391.5   5/2    0.0000    0.00    0.0134    7.50    0.000   -0.000    141.1  0.254E-25  0.664E-03


    1532.6   7/2 - 1475.5   5/2    0.0000    0.00    0.0001    0.07    0.000   -0.000     57.1  0.400E-27  0.382E-06
    1532.6   7/2 - 1532.6   7/2   -5.2090            0.5227
    1790.1   7/2 -  135.4   3/2    3.3633  462.37    0.0000    0.00    1.000    0.000   1654.7  0.509E+03  0.000E+00
    1790.1   7/2 -  340.6   3/2    3.0616  420.89    0.0000    0.00    1.000    0.000   1449.5  0.239E+03  0.000E+00
    1790.1   7/2 -  723.8   3/2    0.0000    0.00    0.0000    0.00    1.000    0.000   1066.3  0.962E-21  0.000E+00


    1790.1   7/2 -  425.1   5/2    3.5434  487.12    0.0079    4.40    0.998   24.099   1365.1  0.205E+03  0.353E+00
    1790.1   7/2 - 1391.5   5/2    0.0000    0.00    0.0030    1.65    0.000    0.000    398.6  0.701E-24  0.330E-02
    1790.1   7/2 - 1475.5   5/2    0.0000    0.00    0.0001    0.04    0.000   -0.000    314.6  0.156E-23  0.410E-04
    1790.1   7/2 - 1532.6   7/2    0.9728  133.74    0.0106    5.94    0.808    2.050    257.5  0.134E-01  0.320E-02
    1790.1   7/2 - 1790.1   7/2   -4.7247            1.4936


    1790.1   7/2 - 1713.3   9/2    6.6260  910.90    0.0189   10.55    0.589    1.197     76.8  0.215E-03  0.150E-03
    1857.4   7/2 -  135.4   3/2    0.0000    0.00    0.0000    0.00    1.000    0.000   1722.0  0.212E-21  0.000E+00
    1857.4   7/2 -  340.6   3/2    0.0000    0.00    0.0000    0.00    1.000    0.000   1516.8  0.391E-22  0.000E+00
    1857.4   7/2 -  723.8   3/2    7.9833 1097.50    0.0000    0.00    1.000    0.000   1133.6  0.182E+03  0.000E+00
    1857.4   7/2 -  425.1   5/2    0.0000    0.00    0.0141    7.85    0.000    0.000   1432.3  0.644E-22  0.727E+00


    1857.4   7/2 - 1391.5   5/2    4.8224  662.96    0.0116    6.46    0.984    7.921    465.9  0.129E+01  0.206E-01
    1857.4   7/2 - 1475.5   5/2    0.0000    0.00    0.0000    0.01    0.000    0.000    381.9  0.488E-22  0.255E-04
    1857.4   7/2 - 1532.6   7/2    0.0000    0.00    0.0189   10.57    0.000   -0.000    324.8  0.173E-24  0.114E-01
    1857.4   7/2 - 1790.1   7/2    0.0000    0.00    0.0032    1.76    0.000   -0.000     67.3  0.286E-27  0.169E-04
    1857.4   7/2 - 1857.4   7/2   -3.0506            1.7274


    1857.4   7/2 - 1713.3   9/2    0.0000    0.00    0.0005    0.27    0.000    0.000    144.0  0.150E-27  0.256E-04
    1713.3   9/2 -  425.1   5/2   12.8588 1767.75    0.0000    0.00    1.000    0.000   1288.3  0.557E+03  0.000E+00
    1713.3   9/2 - 1391.5   5/2    0.0000    0.00    0.0000    0.00    1.000    0.000    321.8  0.483E-25  0.000E+00
    1713.3   9/2 - 1475.5   5/2    0.0000    0.00    0.0000    0.00    1.000    0.000    237.8  0.261E-25  0.000E+00
    1713.3   9/2 - 1532.6   7/2    0.2720   37.39    0.0028    1.56    0.687    1.483    180.7  0.640E-03  0.291E-03


    1713.3   9/2 - 1713.3   9/2   -4.0820            2.2883
    2650.7   9/2 -  425.1   5/2    0.0000    0.00    0.0000    0.00    1.000    0.000   2225.7  0.673E-21  0.000E+00
    2650.7   9/2 - 1391.5   5/2    0.0000    0.00    0.0000    0.00    1.000    0.000   1259.2  0.108E-20  0.000E+00
    2650.7   9/2 - 1475.5   5/2    0.0000    0.00    0.0000    0.00    1.000    0.000   1175.2  0.158E-21  0.000E+00
    2650.7   9/2 - 1532.6   7/2    0.0000    0.00    0.0000    0.00    0.000   -0.003   1118.1  0.130E-23  0.191E-18


    2650.7   9/2 - 1790.1   7/2    0.0000    0.00    0.0000    0.00    0.000    0.011    860.6  0.183E-23  0.142E-19
    2650.7   9/2 - 1857.4   7/2    0.0000    0.00    0.0000    0.00    0.002    0.047    793.3  0.197E-22  0.887E-20
    2650.7   9/2 - 1713.3   9/2    0.0000    0.00    0.0000    0.00    0.000    0.002    937.4  0.117E-23  0.188E-18
    2650.7   9/2 - 2650.7   9/2   -8.7196            0.4296
    2912.6   9/2 -  425.1   5/2    0.0000    0.00    0.0000    0.00    1.000    0.000   2487.6  0.571E-21  0.000E+00


    2912.6   9/2 - 1391.5   5/2   10.6758 1467.65    0.0000    0.00    1.000    0.000   1521.1  0.106E+04  0.000E+00
    2912.6   9/2 - 1475.5   5/2    0.0000    0.00    0.0000    0.00    1.000    0.000   1437.1  0.579E-19  0.000E+00
    2912.6   9/2 - 1532.6   7/2    0.0000    0.00    0.0005    0.30    0.000    0.000   1380.0  0.181E-21  0.250E-01
    2912.6   9/2 - 1790.1   7/2    0.0000    0.00    0.0014    0.77    0.000    0.000   1122.5  0.229E-21  0.342E-01
    2912.6   9/2 - 1857.4   7/2    1.7032  234.14    0.0056    3.11    0.996   15.364   1055.3  0.272E+02  0.115E+00


    2912.6   9/2 - 1713.3   9/2    0.0000    0.00    0.0191   10.69    0.000    0.000   1199.3  0.343E-24  0.581E+00
    2912.6   9/2 - 2650.7   9/2    0.0000    0.00    0.0000    0.00    0.000    0.008    261.9  0.833E-24  0.117E-19
    2912.6   9/2 - 2912.6   9/2   -3.6404            1.4440

 TIME=  0.0 SEC
