 PARITY=-   EPS= 0.460   GAMMA= 36.5   EPS4=0.000   EPS6=0.000   LEVELS:  30  31  32  33  34
0   Z= 82   A=207   IQ=1   GSFAC= 0.75   GR=  0.40   MIN SPIN=  1/2   MAX SPIN= 13/2   KMAX= 13/2

 MICR QUADR MOMENTS:  Q0=2116.014  Q2=-662.737 FM**2


   B(E2) AND Q(E2) IN E2B2 AND EB,   B(M1) AND M(M1) INNM2 AND NM,   T(E2) AND T(M1) IN 1/PS

       E1     II      EF     IF     B(E2)             B(M1)              GD        D       EREL    T(E2)      T(M1)
                                             WU               MWU

       0.0   1/2 -    0.0   1/2    0.0000           -0.6714
     428.2   1/2 -    0.0   1/2    0.0000    0.00    0.0037    2.04    0.000    0.000    428.2  0.000E+00  0.505E-02
     428.2   1/2 -  428.2   1/2    0.0000            0.6072
     428.2   1/2 -  190.4   3/2    0.0000    0.00    0.0030    1.67    0.000   -0.000    237.8  0.145E-18  0.708E-03
     190.4   3/2 -    0.0   1/2    7.0983  975.83    0.0020    1.13    0.989   -9.405    190.4  0.217E-01  0.245E-03


     190.4   3/2 -  190.4   3/2    3.6602            1.1760
     725.1   3/2 -    0.0   1/2    0.0000    0.00    0.0006    0.31    0.000    0.000    725.1  0.279E-16  0.377E-02
     725.1   3/2 -  428.2   1/2   10.3521 1423.14    0.0668   37.31    0.904    3.076    296.8  0.291E+00  0.308E-01
     725.1   3/2 -  190.4   3/2    0.0000    0.00    0.0027    1.50    0.000   -0.000    534.6  0.150E-25  0.723E-02
     725.1   3/2 -  725.1   3/2   -2.8340            0.7444


    1358.1   3/2 -    0.0   1/2    3.5570  489.00    0.0034    1.89    0.999  -36.676   1358.1  0.201E+03  0.149E+00
    1358.1   3/2 -  428.2   1/2    0.0000    0.00    0.0052    2.91    0.000    0.000    929.9  0.330E-16  0.738E-01
    1358.1   3/2 -  190.4   3/2    3.9921  548.81    0.0029    1.61    0.999   36.189   1167.7  0.106E+03  0.807E-01
    1358.1   3/2 -  725.1   3/2    0.0000    0.00    0.0000    0.00    0.000    0.000    633.1  0.142E-20  0.384E-05
    1358.1   3/2 - 1358.1   3/2   -3.6602            1.0558


    1358.1   3/2 -  979.1   5/2    7.2181  992.31    0.0263   14.70    0.965   -5.226    379.1  0.689E+00  0.252E-01
    1358.1   3/2 - 1210.1   5/2    0.0000    0.00    0.0003    0.16    0.000    0.000    148.0  0.109E-24  0.164E-04
     979.1   5/2 -    0.0   1/2    8.4459 1161.10    0.0000    0.00    1.000    0.000    979.1  0.927E+02  0.000E+00
     979.1   5/2 -  428.2   1/2    0.0000    0.00    0.0000    0.00    1.000    0.000    550.8  0.576E-17  0.000E+00
     979.1   5/2 -  190.4   3/2    2.8341  389.61    0.2558  142.85    0.827    2.186    788.6  0.105E+02  0.221E+01


     979.1   5/2 -  725.1   3/2    0.0000    0.00    0.0068    3.82    0.000    0.000    254.0  0.170E-26  0.197E-02
     979.1   5/2 -  979.1   5/2    1.8930            0.2681
    1210.1   5/2 -    0.0   1/2    0.0000    0.00    0.0000    0.00    1.000    0.000   1210.1  0.202E-15  0.000E+00
    1210.1   5/2 -  428.2   1/2    5.7848  795.26    0.0000    0.00    1.000    0.000    781.9  0.206E+02  0.000E+00
    1210.1   5/2 -  190.4   3/2    0.0000    0.00    0.0015    0.85    0.000   -0.000   1019.7  0.200E-22  0.282E-01


    1210.1   5/2 -  725.1   3/2    0.2786   38.30    0.0291   16.25    0.610   -1.250    485.0  0.912E-01  0.584E-01
    1210.1   5/2 -  979.1   5/2    0.0000    0.00    0.0005    0.26    0.000    0.000    231.0  0.617E-25  0.102E-03
    1210.1   5/2 - 1210.1   5/2    6.6388            1.6472
    1723.9   5/2 -    0.0   1/2    0.0000    0.00    0.0000    0.00    1.000    0.000   1723.9  0.573E-15  0.000E+00
    1723.9   5/2 -  428.2   1/2    2.8024  385.26    0.0000    0.00    1.000    0.000   1295.6  0.125E+03  0.000E+00


    1723.9   5/2 -  190.4   3/2    0.0000    0.00    0.0060    3.36    0.000   -0.000   1533.4  0.194E-20  0.382E+00
    1723.9   5/2 -  725.1   3/2    1.8146  249.46    0.0822   45.91    0.939    3.907    998.8  0.220E+02  0.144E+01
    1723.9   5/2 - 1358.1   3/2    0.0000    0.00    0.0023    1.26    0.000    0.000    365.7  0.217E-21  0.194E-02
    1723.9   5/2 -  979.1   5/2    0.0000    0.00    0.0053    2.94    0.000    0.000    744.8  0.311E-23  0.383E-01
    1723.9   5/2 - 1210.1   5/2    1.6108  221.45    0.0190   10.60    0.940    3.941    513.8  0.703E+00  0.453E-01


    1723.9   5/2 - 1723.9   5/2   -0.5085            0.7906
    1723.9   5/2 - 1427.0   7/2    0.0000    0.00    0.0003    0.15    0.000    0.000    296.9  0.437E-24  0.123E-03
    1723.9   5/2 - 1660.2   7/2    5.5169  758.43    0.0181   10.08    0.462   -0.926     63.6  0.703E-04  0.819E-04
    1427.0   7/2 -  190.4   3/2   11.2935 1552.57    0.0000    0.00    1.000    0.000   1236.6  0.398E+03  0.000E+00
    1427.0   7/2 -  725.1   3/2    0.0000    0.00    0.0000    0.00    1.000    0.000    701.9  0.262E-21  0.000E+00


    1427.0   7/2 - 1358.1   3/2    0.6128   84.25    0.0000    0.00    1.000    0.000     68.9  0.116E-04  0.000E+00
    1427.0   7/2 -  979.1   5/2    0.1019   14.01    0.0073    4.05    0.661   -1.398    447.9  0.224E-01  0.115E-01
    1427.0   7/2 - 1210.1   5/2    0.0000    0.00    0.0013    0.70    0.000    0.000    216.9  0.441E-24  0.226E-03
    1427.0   7/2 - 1427.0   7/2    2.3498            2.0603
    1660.2   7/2 -  190.4   3/2    0.0000    0.00    0.0000    0.00    1.000    0.000   1469.8  0.316E-20  0.000E+00


    1660.2   7/2 -  725.1   3/2   10.7907 1483.45    0.0000    0.00    1.000    0.000    935.1  0.941E+02  0.000E+00
    1660.2   7/2 - 1358.1   3/2    0.0000    0.00    0.0000    0.00    1.000    0.000    302.1  0.138E-23  0.000E+00
    1660.2   7/2 -  979.1   5/2    0.0000    0.00    0.0001    0.05    0.000    0.000    681.2  0.157E-23  0.529E-03
    1660.2   7/2 - 1210.1   5/2    6.4090  881.08    0.0484   27.01    0.949    4.315    450.1  0.144E+01  0.776E-01
    1660.2   7/2 - 1427.0   7/2    0.0000    0.00    0.0027    1.50    0.000   -0.000    233.2  0.595E-25  0.600E-03


    1660.2   7/2 - 1660.2   7/2    0.4693            1.6280
    2883.1   7/2 -  190.4   3/2    0.1139   15.66    0.0000    0.00    1.000    0.000   2692.6  0.197E+03  0.000E+00
    2883.1   7/2 -  725.1   3/2    0.0000    0.00    0.0000    0.00    1.000    0.000   2158.0  0.285E-21  0.000E+00
    2883.1   7/2 - 1358.1   3/2    4.2104  578.82    0.0000    0.00    1.000    0.000   1525.0  0.424E+03  0.000E+00
    2883.1   7/2 -  979.1   5/2    0.0014    0.20    0.0001    0.05    0.974    6.086   1904.0  0.434E+00  0.117E-01


    2883.1   7/2 - 1210.1   5/2    0.0000    0.00    0.0062    3.45    0.000    0.000   1673.0  0.204E-22  0.509E+00
    2883.1   7/2 - 1723.9   5/2    0.0000    0.00    0.0009    0.49    0.000    0.000   1159.2  0.371E-21  0.241E-01
    2883.1   7/2 - 1427.0   7/2    5.4917  754.97    0.0010    0.56    1.000   89.740   1456.1  0.439E+03  0.544E-01
    2883.1   7/2 - 1660.2   7/2    0.0000    0.00    0.0000    0.02    0.000    0.000   1222.9  0.568E-21  0.118E-02
    2883.1   7/2 - 2883.1   7/2    5.8768            2.0569


    2883.1   7/2 - 2513.9   9/2    3.7648  517.57    0.0223   12.47    0.941   -3.991    369.2  0.315E+00  0.198E-01
    2513.9   9/2 -  979.1   5/2   14.5101 1994.77    0.0000    0.00    1.000    0.000   1534.9  0.151E+04  0.000E+00
    2513.9   9/2 - 1210.1   5/2    0.0000    0.00    0.0000    0.00    1.000    0.000   1303.8  0.586E-22  0.000E+00
    2513.9   9/2 - 1723.9   5/2    0.0000    0.00    0.0000    0.00    1.000    0.000    790.1  0.190E-23  0.000E+00
    2513.9   9/2 - 1427.0   7/2    0.7935  109.09    0.2898  161.83    0.692    1.498   1086.9  0.147E+02  0.655E+01


    2513.9   9/2 - 1660.2   7/2    0.0000    0.00    0.0097    5.43    0.000    0.000    853.7  0.886E-23  0.107E+00
    2513.9   9/2 - 2513.9   9/2    0.5153            1.1090
    2933.7   9/2 -  979.1   5/2    0.0000    0.00    0.0000    0.00    1.000    0.000   1954.6  0.122E-20  0.000E+00
    2933.7   9/2 - 1210.1   5/2    9.7259 1337.06    0.0000    0.00    1.000    0.000   1723.6  0.181E+04  0.000E+00
    2933.7   9/2 - 1723.9   5/2    3.2952  453.00    0.0000    0.00    1.000    0.000   1209.9  0.104E+03  0.000E+00


    2933.7   9/2 - 1427.0   7/2    0.0000    0.00    0.0059    3.30    0.000   -0.000   1506.7  0.774E-21  0.356E+00
    2933.7   9/2 - 1660.2   7/2    0.6365   87.51    0.1077   60.16    0.869    2.578   1273.5  0.260E+02  0.392E+01
    2933.7   9/2 - 2883.1   7/2    0.0000    0.00    0.0007    0.38    0.000    0.000     50.6  0.843E-30  0.156E-05
    2933.7   9/2 - 2513.9   9/2    0.0000    0.00    0.0007    0.37    0.000    0.000    419.8  0.813E-25  0.871E-03
    2933.7   9/2 - 2933.7   9/2    3.1380            2.1139



 TIME=  0.0 SEC
