 PARITY=-   EPS= 0.287   GAMMA= 30.0   EPS4=0.000   EPS6=0.000   LEVELS:  24  25  26  27  28  29  30  31  32  33  34  35  36  37  38
0   Z= 82   A=207   IQ=0   GSFAC= 0.75   GR=  0.40   MIN SPIN=  1/2   MAX SPIN= 13/2   KMAX= 13/2

 MACR QUADR MOMENTS:  Q0= 922.666  Q2=-262.372 FM**2


   B(E2) AND Q(E2) IN E2B2 AND EB,   B(M1) AND M(M1) INNM2 AND NM,   T(E2) AND T(M1) IN 1/PS

       E1     II      EF     IF     B(E2)             B(M1)              GD        D       EREL    T(E2)      T(M1)
                                             WU               MWU

      49.5   1/2 -   49.5   1/2    0.0000            0.5895
      49.5   1/2 -    0.0   3/2    0.2869   39.44    0.2146  119.85    0.002   -0.048     49.5  0.104E-05  0.457E-03
     495.1   1/2 -   49.5   1/2    0.0000    0.00    0.0008    0.45    0.000    0.000    445.7  0.000E+00  0.124E-02
     495.1   1/2 -  495.1   1/2    0.0000            0.5095
     495.1   1/2 -    0.0   3/2    0.0000    0.00    0.0007    0.41    0.000    0.000    495.1  0.172E-18  0.158E-02


     495.1   1/2 -  231.4   3/2    0.0000    0.00    0.0035    1.93    0.000   -0.000    263.8  0.938E-19  0.111E-02
     495.1   1/2 -  283.2   5/2    0.0000    0.00    0.0000    0.00    1.000    0.000    211.9  0.202E-19  0.000E+00
    1628.4   1/2 -   49.5   1/2    0.0000    0.00    0.0000    0.02    0.000    0.000   1579.0  0.000E+00  0.257E-02
    1628.4   1/2 -  495.1   1/2    0.0000    0.00    0.0515   28.76    0.000    0.000   1133.3  0.000E+00  0.132E+01
    1628.4   1/2 - 1628.4   1/2    0.0000            0.6216


    1628.4   1/2 -    0.0   3/2    0.0000    0.00    0.0057    3.17    0.000    0.000   1628.4  0.420E-18  0.431E+00
    1628.4   1/2 -  231.4   3/2    0.0000    0.00    0.0346   19.33    0.000   -0.000   1397.1  0.248E-17  0.166E+01
    1628.4   1/2 -  283.2   5/2    0.0000    0.00    0.0000    0.00    1.000    0.000   1345.2  0.132E-17  0.000E+00
    1628.4   1/2 - 1260.8   5/2    0.0000    0.00    0.0000    0.00    1.000    0.000    367.6  0.186E-19  0.000E+00
    1920.0   1/2 -   49.5   1/2    0.0000    0.00    0.0604   33.76    0.000    0.000   1870.5  0.000E+00  0.696E+01


    1920.0   1/2 -  495.1   1/2    0.0000    0.00    0.0000    0.01    0.000    0.000   1424.8  0.000E+00  0.915E-03
    1920.0   1/2 - 1628.4   1/2    0.0000    0.00    0.0001    0.06    0.000    0.000    291.5  0.000E+00  0.453E-04
    1920.0   1/2 - 1920.0   1/2    0.0000            0.4799
    1920.0   1/2 -    0.0   3/2    0.0000    0.00    0.1683   93.99    0.000    0.000   1920.0  0.486E-18  0.210E+02
    1920.0   1/2 -  231.4   3/2    0.0000    0.00    0.1689   94.35    0.000    0.000   1688.6  0.325E-17  0.143E+02


    1920.0   1/2 -  283.2   5/2    0.0000    0.00    0.0000    0.00    1.000    0.000   1636.7  0.179E-17  0.000E+00
    1920.0   1/2 - 1260.8   5/2    0.0000    0.00    0.0000    0.00    1.000    0.000    659.2  0.138E-18  0.000E+00
    1920.0   1/2 - 1729.4   5/2    0.0000    0.00    0.0000    0.00    1.000    0.000    190.6  0.551E-22  0.000E+00
    2179.1   1/2 -   49.5   1/2    0.0000    0.00    0.0441   24.62    0.000    0.000   2129.6  0.000E+00  0.749E+01
    2179.1   1/2 -  495.1   1/2    0.0000    0.00    0.0469   26.18    0.000    0.000   1683.9  0.000E+00  0.394E+01


    2179.1   1/2 - 1628.4   1/2    0.0000    0.00    0.0060    3.33    0.000    0.000    550.7  0.000E+00  0.175E-01
    2179.1   1/2 - 1920.0   1/2    0.0000    0.00    0.0203   11.32    0.000    0.000    259.1  0.000E+00  0.621E-02
    2179.1   1/2 - 2179.1   1/2    0.0000           -0.2167
    2179.1   1/2 -    0.0   3/2    0.0000    0.00    0.0822   45.92    0.000   -0.000   2179.1  0.545E-18  0.150E+02
    2179.1   1/2 -  231.4   3/2    0.0000    0.00    0.1392   77.72    0.000   -0.000   1947.7  0.395E-17  0.181E+02


    2179.1   1/2 -  283.2   5/2    0.0000    0.00    0.0000    0.00    1.000    0.000   1895.9  0.222E-17  0.000E+00
    2179.1   1/2 - 1260.8   5/2    0.0000    0.00    0.0000    0.00    1.000    0.000    918.3  0.372E-18  0.000E+00
    2179.1   1/2 - 1729.4   5/2    0.0000    0.00    0.0000    0.00    1.000    0.000    449.7  0.240E-20  0.000E+00
    2179.1   1/2 - 2042.5   5/2    0.0000    0.00    0.0000    0.00    1.000    0.000    136.6  0.590E-24  0.000E+00
       0.0   3/2 -    0.0   3/2   -0.2442            0.5685


     231.4   3/2 -   49.5   1/2    1.8241  250.77    0.1604   89.57    0.207   -0.511    181.9  0.443E-02  0.170E-01
     231.4   3/2 -    0.0   3/2    1.9379  266.41    0.1967  109.87    0.268    0.605    231.4  0.157E-01  0.429E-01
     231.4   3/2 -  231.4   3/2    0.2442            0.1502
     283.2   5/2 -   49.5   1/2    0.7808  107.34    0.0000    0.00    1.000    0.000    233.8  0.665E-02  0.000E+00
     283.2   5/2 -    0.0   3/2    2.9688  408.13    0.0277   15.49    0.856    2.440    283.2  0.660E-01  0.111E-01


     283.2   5/2 -  231.4   3/2    0.1142   15.70    0.0111    6.21    0.019    0.138     51.8  0.522E-06  0.273E-04
     283.2   5/2 -  283.2   5/2   -0.3918            1.4516
    1260.8   5/2 -   49.5   1/2    0.0000    0.00    0.0000    0.00    1.000    0.000   1211.3  0.101E-15  0.000E+00
    1260.8   5/2 -  495.1   1/2    1.9198  263.92    0.0000    0.00    1.000    0.000    765.7  0.616E+01  0.000E+00
    1260.8   5/2 -    0.0   3/2    0.0000    0.00    0.0002    0.11    0.000   -0.000   1260.8  0.134E-25  0.669E-02


    1260.8   5/2 -  231.4   3/2    0.0000    0.00    0.0001    0.04    0.000   -0.000   1029.4  0.167E-25  0.153E-02
    1260.8   5/2 -  283.2   5/2    0.0000    0.00    0.0012    0.67    0.000    0.000    977.6  0.101E-25  0.198E-01
    1260.8   5/2 - 1260.8   5/2   -0.3672            1.1517
    1729.4   5/2 -   49.5   1/2    1.1248  154.63    0.0000    0.00    1.000    0.000   1679.9  0.184E+03  0.000E+00
    1729.4   5/2 -  495.1   1/2    0.0000    0.00    0.0000    0.00    1.000    0.000   1234.2  0.648E-16  0.000E+00


    1729.4   5/2 - 1628.4   1/2    0.0000    0.00    0.0000    0.00    1.000    0.000    100.9  0.151E-23  0.000E+00
    1729.4   5/2 -    0.0   3/2    0.1968   27.06    0.1112   62.08    0.786    1.916   1729.4  0.371E+02  0.101E+02
    1729.4   5/2 -  231.4   3/2    0.0624    8.58    0.0939   52.42    0.508    1.017   1498.0  0.574E+01  0.555E+01
    1729.4   5/2 -  283.2   5/2    0.0159    2.18    0.0913   51.01    0.201   -0.502   1446.1  0.122E+01  0.486E+01
    1729.4   5/2 - 1260.8   5/2    0.0000    0.00    0.0001    0.07    0.000   -0.000    468.6  0.174E-26  0.213E-03


    1729.4   5/2 - 1729.4   5/2    0.3380            0.7466
    1729.4   5/2 - 1388.8   7/2    1.7009  233.83    0.0903   50.46    0.602   -1.230    340.6  0.951E-01  0.628E-01
    1729.4   5/2 - 1717.8   7/2    0.0235    3.23    0.0385   21.51    0.000    0.008     11.6  0.604E-10  0.106E-05
    1729.4   5/2 - 1543.3   9/2    0.1558   21.42    0.0000    0.00    1.000    0.000    186.1  0.424E-03  0.000E+00
    2042.5   5/2 -   49.5   1/2    0.0000    0.00    0.0000    0.00    1.000    0.000   1993.0  0.267E-16  0.000E+00


    2042.5   5/2 -  495.1   1/2    0.0433    5.96    0.0000    0.00    1.000    0.000   1547.3  0.469E+01  0.000E+00
    2042.5   5/2 - 1628.4   1/2    0.0000    0.00    0.0000    0.00    1.000    0.000    414.1  0.233E-21  0.000E+00
    2042.5   5/2 - 1920.0   1/2    0.0000    0.00    0.0000    0.00    1.000    0.000    122.5  0.233E-24  0.000E+00
    2042.5   5/2 -    0.0   3/2    0.0000    0.00    0.0009    0.50    0.000   -0.000   2042.5  0.959E-21  0.136E+00
    2042.5   5/2 -  231.4   3/2    0.0000    0.00    0.0001    0.05    0.000    0.000   1811.1  0.237E-21  0.963E-02


    2042.5   5/2 -  283.2   5/2    0.0000    0.00    0.0003    0.16    0.000   -0.000   1759.3  0.475E-22  0.275E-01
    2042.5   5/2 - 1260.8   5/2    2.1164  290.95    0.0115    6.42    0.987    8.834    781.7  0.754E+01  0.966E-01
    2042.5   5/2 - 1729.4   5/2    0.0000    0.00    0.0011    0.59    0.000   -0.000    313.1  0.182E-26  0.575E-03
    2042.5   5/2 - 2042.5   5/2    0.4678            1.4563
    2042.5   5/2 - 1388.8   7/2    0.0000    0.00    0.0000    0.01    0.000    0.000    653.7  0.291E-22  0.473E-04


    2042.5   5/2 - 1717.8   7/2    0.0000    0.00    0.0003    0.18    0.000   -0.000    324.7  0.176E-25  0.196E-03
    2042.5   5/2 - 1543.3   9/2    0.0000    0.00    0.0000    0.00    1.000    0.000    499.2  0.696E-24  0.000E+00
    2328.4   5/2 -   49.5   1/2    0.0000    0.00    0.0000    0.00    1.000    0.000   2278.9  0.236E-18  0.000E+00
    2328.4   5/2 -  495.1   1/2    0.0000    0.00    0.0000    0.00    1.000    0.000   1833.2  0.139E-18  0.000E+00
    2328.4   5/2 - 1628.4   1/2    0.0000    0.00    0.0000    0.00    1.000    0.000    699.9  0.127E-19  0.000E+00


    2328.4   5/2 - 1920.0   1/2    0.0000    0.00    0.0000    0.00    1.000    0.000    408.4  0.189E-20  0.000E+00
    2328.4   5/2 - 2179.1   1/2    0.0000    0.00    0.0000    0.00    1.000    0.000    149.3  0.338E-22  0.000E+00
    2328.4   5/2 -    0.0   3/2    0.0000    0.00    0.0140    7.84    0.000    0.000   2328.4  0.339E-22  0.312E+01
    2328.4   5/2 -  231.4   3/2    0.0000    0.00    0.0089    4.98    0.000   -0.000   2097.0  0.439E-21  0.145E+01
    2328.4   5/2 -  283.2   5/2    0.0000    0.00    0.0088    4.89    0.000    0.000   2045.1  0.586E-22  0.132E+01


    2328.4   5/2 - 1260.8   5/2    0.0000    0.00    0.0077    4.30    0.000   -0.000   1067.6  0.404E-21  0.165E+00
    2328.4   5/2 - 1729.4   5/2    0.0000    0.00    0.0080    4.48    0.000   -0.000    599.0  0.672E-23  0.303E-01
    2328.4   5/2 - 2042.5   5/2    0.0000    0.00    0.0270   15.06    0.000   -0.000    285.9  0.330E-25  0.111E-01
    2328.4   5/2 - 2328.4   5/2    3.3730            0.9121
    2328.4   5/2 - 1388.8   7/2    0.0000    0.00    0.0029    1.60    0.000   -0.000    939.6  0.617E-23  0.418E-01


    2328.4   5/2 - 1717.8   7/2    0.0000    0.00    0.0000    0.00    0.000   -0.000    610.6  0.617E-24  0.200E-04
    2328.4   5/2 - 1543.3   9/2    0.0000    0.00    0.0000    0.00    1.000    0.000    785.1  0.163E-24  0.000E+00
    1388.8   7/2 -    0.0   3/2    0.1188   16.33    0.0000    0.00    1.000    0.000   1388.8  0.749E+01  0.000E+00
    1388.8   7/2 -  231.4   3/2    2.3082  317.32    0.0000    0.00    1.000    0.000   1157.4  0.585E+02  0.000E+00
    1388.8   7/2 -  283.2   5/2    0.2798   38.47    0.2451  136.90    0.492    0.983   1105.5  0.564E+01  0.583E+01


    1388.8   7/2 - 1260.8   5/2    0.0000    0.00    0.0017    0.95    0.000   -0.000    128.0  0.218E-28  0.626E-04
    1388.8   7/2 - 1388.8   7/2   -0.8354            0.4860
    1388.8   7/2 -  782.4  11/2    0.0000    0.00    0.0000    0.00    1.000    0.000    606.3  0.113E-30  0.000E+00
    1717.8   7/2 -    0.0   3/2    1.3297  182.80    0.0000    0.00    1.000    0.000   1717.8  0.243E+03  0.000E+00
    1717.8   7/2 -  231.4   3/2    0.0566    7.79    0.0000    0.00    1.000    0.000   1486.4  0.501E+01  0.000E+00


    1717.8   7/2 -  283.2   5/2    0.1231   16.92    0.0028    1.58    0.984   -7.877   1434.5  0.912E+01  0.147E+00
    1717.8   7/2 - 1260.8   5/2    0.0000    0.00    0.0006    0.36    0.000   -0.000    457.0  0.200E-28  0.108E-02
    1717.8   7/2 - 1388.8   7/2    0.1567   21.54    0.0288   16.11    0.290    0.638    329.0  0.737E-02  0.181E-01
    1717.8   7/2 - 1717.8   7/2   -0.1578            1.6996
    1717.8   7/2 - 1543.3   9/2    1.7857  245.49    0.0292   16.29    0.564    1.137    174.5  0.352E-02  0.273E-02


    1717.8   7/2 -  782.4  11/2    0.0000    0.00    0.0000    0.00    1.000    0.000    935.3  0.136E-27  0.000E+00
    2370.8   7/2 -    0.0   3/2    0.0000    0.00    0.0000    0.00    1.000    0.000   2370.8  0.951E-12  0.000E+00
    2370.8   7/2 -  231.4   3/2    0.0000    0.00    0.0000    0.00    1.000    0.000   2139.4  0.875E-12  0.000E+00
    2370.8   7/2 -  283.2   5/2    0.0000    0.00    0.0017    0.96    0.000    0.000   2087.6  0.811E-11  0.274E+00
    2370.8   7/2 - 1260.8   5/2    0.2286   31.43    0.1053   58.79    0.650    1.362   1110.0  0.470E+01  0.253E+01


    2370.8   7/2 - 1729.4   5/2    0.0000    0.00    0.0004    0.25    0.000   -0.000    641.4  0.113E-13  0.209E-02
    2370.8   7/2 - 2042.5   5/2    0.0111    1.53    0.0000    0.01    0.985   -8.048    328.3  0.518E-03  0.800E-05
    2370.8   7/2 - 2328.4   5/2    0.0000    0.00    0.0110    6.14    0.000    0.000     42.4  0.425E-24  0.148E-04
    2370.8   7/2 - 1388.8   7/2    0.0000    0.00    0.0012    0.69    0.000    0.000    982.0  0.127E-13  0.207E-01
    2370.8   7/2 - 1717.8   7/2    0.0000    0.00    0.0007    0.41    0.000   -0.000    653.0  0.109E-12  0.361E-02


    2370.8   7/2 - 2370.8   7/2   -0.6000            1.5187
    2370.8   7/2 - 1543.3   9/2    0.0000    0.00    0.0000    0.02    0.000    0.000    827.5  0.397E-15  0.270E-03
    2370.8   7/2 -  782.4  11/2    0.0000    0.00    0.0000    0.00    1.000    0.000   1588.4  0.207E-16  0.000E+00
    2406.4   7/2 -    0.0   3/2    0.0379    5.21    0.0000    0.00    1.000    0.000   2406.4  0.373E+02  0.000E+00
    2406.4   7/2 -  231.4   3/2    0.0599    8.23    0.0000    0.00    1.000    0.000   2175.0  0.356E+02  0.000E+00


    2406.4   7/2 -  283.2   5/2    0.6309   86.73    0.0105    5.88    0.995   13.679   2123.2  0.332E+03  0.177E+01
    2406.4   7/2 - 1260.8   5/2    0.0000    0.00    0.0001    0.04    0.000    0.000   1145.6  0.433E-21  0.174E-02
    2406.4   7/2 - 1729.4   5/2    0.3215   44.19    0.0264   14.75    0.795    1.967    677.0  0.558E+00  0.144E+00
    2406.4   7/2 - 2042.5   5/2    0.0000    0.00    0.0008    0.43    0.000    0.000    363.9  0.524E-24  0.660E-03
    2406.4   7/2 - 2328.4   5/2    0.0000    0.00    0.0012    0.68    0.000   -0.000     78.0  0.831E-29  0.101E-04


    2406.4   7/2 - 1388.8   7/2    0.0426    5.85    0.0001    0.03    0.998   23.414   1017.6  0.567E+00  0.103E-02
    2406.4   7/2 - 1717.8   7/2    2.8198  387.65    0.0605   33.82    0.939    3.913    688.6  0.533E+01  0.348E+00
    2406.4   7/2 - 2370.8   7/2    0.0000    0.00    0.0000    0.00    0.000   -0.000     35.6  0.217E-20  0.493E-08
    2406.4   7/2 - 2406.4   7/2    0.7480            1.4266
    2406.4   7/2 - 1543.3   9/2    0.0036    0.49    0.0001    0.08    0.925    3.516    863.1  0.209E-01  0.169E-02


    2406.4   7/2 -  782.4  11/2    0.0000    0.00    0.0000    0.00    1.000    0.000   1624.0  0.204E-24  0.000E+00
    2666.1   7/2 -    0.0   3/2    0.0000    0.00    0.0000    0.00    1.000    0.000   2666.1  0.643E-22  0.000E+00
    2666.1   7/2 -  231.4   3/2    0.0000    0.00    0.0000    0.00    1.000    0.000   2434.7  0.608E-22  0.000E+00
    2666.1   7/2 -  283.2   5/2    0.0000    0.00    0.0000    0.00    0.000   -0.000   2382.9  0.301E-21  0.116E-04
    2666.1   7/2 - 1260.8   5/2    0.0000    0.00    0.1582   88.37    0.000   -0.000   1405.3  0.130E-21  0.773E+01


    2666.1   7/2 - 1729.4   5/2    0.0000    0.00    0.0007    0.39    0.000   -0.000    936.7  0.116E-23  0.102E-01
    2666.1   7/2 - 2042.5   5/2    0.0000    0.00    0.1408   78.66    0.000   -0.000    623.6  0.145E-21  0.601E+00
    2666.1   7/2 - 2328.4   5/2    0.0000    0.00    0.0066    3.68    0.000    0.000    337.7  0.628E-26  0.446E-02
    2666.1   7/2 - 1388.8   7/2    0.0000    0.00    0.0005    0.27    0.000    0.000   1277.3  0.134E-23  0.174E-01
    2666.1   7/2 - 1717.8   7/2    0.0000    0.00    0.0003    0.18    0.000    0.000    948.3  0.144E-22  0.480E-02


    2666.1   7/2 - 2370.8   7/2    0.0000    0.00    0.0830   46.36    0.000    0.000    295.3  0.461E-19  0.376E-01
    2666.1   7/2 - 2406.4   7/2    0.0000    0.00    0.0003    0.15    0.000    0.000    259.7  0.283E-29  0.809E-04
    2666.1   7/2 - 2666.1   7/2    3.9211           -0.0372
    2666.1   7/2 - 1543.3   9/2    0.0000    0.00    0.0001    0.08    0.000   -0.000   1122.8  0.121E-25  0.336E-02
    2666.1   7/2 - 2434.0   9/2    0.0000    0.00    0.0000    0.00    0.001    0.024    232.1  0.511E-30  0.851E-27


    2666.1   7/2 - 2494.5   9/2    0.0000    0.00    0.0153    8.56    0.000    0.000    171.6  0.130E-24  0.136E-02
    2666.1   7/2 -  782.4  11/2    0.0000    0.00    0.0000    0.00    1.000    0.000   1883.7  0.115E-21  0.000E+00
    1543.3   9/2 -  283.2   5/2    2.6414  363.12    0.0000    0.00    1.000    0.000   1260.0  0.102E+03  0.000E+00
    1543.3   9/2 - 1260.8   5/2    0.0000    0.00    0.0000    0.00    1.000    0.000    282.5  0.371E-27  0.000E+00
    1543.3   9/2 - 1388.8   7/2    0.0028    0.38    0.0003    0.16    0.138   -0.400    154.5  0.299E-05  0.187E-04


    1543.3   9/2 - 1543.3   9/2   -0.7325            2.4086
    1543.3   9/2 -  782.4  11/2    0.0000    0.00    0.0000    0.00    0.000    0.008    760.8  0.198E-28  0.307E-24
    2434.0   9/2 -  283.2   5/2    0.0000    0.00    0.0000    0.00    1.000    0.000   2150.8  0.295E-25  0.000E+00
    2434.0   9/2 - 1260.8   5/2    0.0000    0.00    0.0000    0.00    1.000    0.000   1173.2  0.264E-22  0.000E+00
    2434.0   9/2 - 1729.4   5/2    0.0000    0.00    0.0000    0.00    1.000    0.000    704.6  0.243E-27  0.000E+00


    2434.0   9/2 - 2042.5   5/2    0.0000    0.00    0.0000    0.00    1.000    0.000    391.5  0.109E-26  0.000E+00
    2434.0   9/2 - 2328.4   5/2    0.0000    0.00    0.0000    0.00    1.000    0.000    105.6  0.501E-30  0.000E+00
    2434.0   9/2 - 1388.8   7/2    0.0000    0.00    0.0000    0.00    0.000    0.009   1045.2  0.264E-27  0.330E-23
    2434.0   9/2 - 1717.8   7/2    0.0000    0.00    0.0000    0.00    0.000    0.006    716.2  0.548E-28  0.137E-23
    2434.0   9/2 - 2370.8   7/2    0.0000    0.00    0.0000    0.00    0.000    0.011     63.2  0.319E-26  0.265E-22


    2434.0   9/2 - 2406.4   7/2    0.0000    0.00    0.0000    0.00    0.000   -0.000     27.6  0.151E-35  0.110E-27
    2434.0   9/2 - 1543.3   9/2    0.0000    0.00    0.0000    0.00    0.015   -0.122    890.7  0.177E-25  0.119E-23
    2434.0   9/2 - 2434.0   9/2   -4.4428           -0.7019
    2434.0   9/2 -  782.4  11/2    0.0000    0.00    0.7968  445.04    0.000   -0.000   1651.6  0.424E-27  0.632E+02
    2494.5   9/2 -  283.2   5/2    0.0000    0.00    0.0000    0.00    1.000    0.000   2211.3  0.560E-22  0.000E+00


    2494.5   9/2 - 1260.8   5/2    2.7162  373.41    0.0000    0.00    1.000    0.000   1233.7  0.947E+02  0.000E+00
    2494.5   9/2 - 1729.4   5/2    0.0000    0.00    0.0000    0.00    1.000    0.000    765.1  0.891E-26  0.000E+00
    2494.5   9/2 - 2042.5   5/2    0.0005    0.07    0.0000    0.00    1.000    0.000    452.0  0.111E-03  0.000E+00
    2494.5   9/2 - 2328.4   5/2    0.0000    0.00    0.0000    0.00    1.000    0.000    166.1  0.983E-28  0.000E+00
    2494.5   9/2 - 1388.8   7/2    0.0000    0.00    0.0001    0.05    0.000   -0.000   1105.7  0.347E-26  0.193E-02


    2494.5   9/2 - 1717.8   7/2    0.0000    0.00    0.0001    0.05    0.000    0.000    776.7  0.203E-24  0.675E-03
    2494.5   9/2 - 2370.8   7/2    0.0143    1.97    0.0980   54.73    0.002    0.039    123.7  0.506E-05  0.327E-02
    2494.5   9/2 - 2406.4   7/2    0.0000    0.00    0.0000    0.00    0.000   -0.000     88.1  0.268E-28  0.769E-08
    2494.5   9/2 - 1543.3   9/2    0.0000    0.00    0.0015    0.86    0.000    0.000    951.2  0.110E-25  0.232E-01
    2494.5   9/2 - 2434.0   9/2    0.0000    0.00    0.0000    0.00    0.065    0.264     60.5  0.860E-25  0.123E-23


    2494.5   9/2 - 2494.5   9/2   -0.7145            1.8426
    2494.5   9/2 -  782.4  11/2    0.0000    0.00    0.0000    0.00    0.000   -0.001   1712.1  0.900E-25  0.184E-18
     782.4  11/2 -  782.4  11/2   -4.8814           -1.3429
    3043.6  11/2 - 1388.8   7/2    3.1997  439.87    0.0000    0.00    1.000    0.000   1654.8  0.484E+03  0.000E+00
    3043.6  11/2 - 1717.8   7/2    0.0188    2.58    0.0000    0.00    1.000    0.000   1325.8  0.938E+00  0.000E+00


    3043.6  11/2 - 2370.8   7/2    0.0000    0.00    0.0000    0.00    1.000    0.000    672.8  0.251E-18  0.000E+00
    3043.6  11/2 - 2406.4   7/2    0.0000    0.00    0.0000    0.00    1.000    0.000    637.2  0.109E-05  0.000E+00
    3043.6  11/2 - 2666.1   7/2    0.0000    0.00    0.0000    0.00    1.000    0.000    377.5  0.378E-28  0.000E+00
    3043.6  11/2 - 1543.3   9/2    0.1450   19.93    0.2906  162.32    0.438    0.882   1500.3  0.134E+02  0.173E+02
    3043.6  11/2 - 2434.0   9/2    0.0000    0.00    0.0000    0.00    0.044    0.215    609.6  0.231E-25  0.501E-24


    3043.6  11/2 - 2494.5   9/2    0.0000    0.00    0.0022    1.23    0.000    0.000    549.1  0.168E-27  0.639E-02
    3043.6  11/2 -  782.4  11/2    0.0000    0.00    0.0000    0.00    0.017    0.130   2261.2  0.159E-23  0.945E-22
    3043.6  11/2 - 3043.6  11/2   -0.8992            1.2583
    3043.6  11/2 - 2529.3  13/2    0.0000    0.00    0.0000    0.00    0.000   -0.020    514.3  0.188E-27  0.452E-24
    3043.6  11/2 - 2730.5  13/2    0.0000    0.00    0.0000    0.00    0.001   -0.025    313.1  0.319E-28  0.520E-25


    2529.3  13/2 - 1543.3   9/2    0.0000    0.00    0.0000    0.00    1.000    0.000    986.0  0.118E-23  0.000E+00
    2529.3  13/2 - 2434.0   9/2    0.0000    0.00    0.0000    0.00    1.000    0.000     95.3  0.244E-26  0.000E+00
    2529.3  13/2 - 2494.5   9/2    0.0000    0.00    0.0000    0.00    1.000    0.000     34.8  0.117E-31  0.000E+00
    2529.3  13/2 -  782.4  11/2    1.5536  213.58    0.5663  316.26    0.853    2.409   1746.9  0.308E+03  0.531E+02
    2529.3  13/2 - 2529.3  13/2   -3.1468           -0.4278


    2730.5  13/2 - 1543.3   9/2    0.0000    0.00    0.0000    0.00    1.000    0.000   1187.3  0.192E-22  0.000E+00
    2730.5  13/2 - 2434.0   9/2    1.6700  229.58    0.0000    0.00    1.000    0.000    296.5  0.467E-01  0.000E+00
    2730.5  13/2 - 2494.5   9/2    0.0000    0.00    0.0000    0.00    1.000    0.000    236.1  0.359E-22  0.000E+00
    2730.5  13/2 -  782.4  11/2    0.0000    0.00    0.0424   23.68    0.000   -0.000   1948.1  0.204E-20  0.552E+01
    2730.5  13/2 - 2529.3  13/2    0.0000    0.00    0.0464   25.90    0.000    0.000    201.3  0.435E-24  0.665E-02


    2730.5  13/2 - 2730.5  13/2   -5.2165           -0.0188

 TIME=  0.0 SEC
