 PARITY=-   EPS= 0.463   GAMMA=  4.8   EPS4=0.000   EPS6=0.000   LEVELS:  30  31  32  33  34
0   Z= 82   A=207   IQ=1   GSFAC= 0.75   GR=  0.40   MIN SPIN=  1/2   MAX SPIN= 13/2   KMAX= 13/2

 MICR QUADR MOMENTS:  Q0=3033.449  Q2= -91.339 FM**2


   B(E2) AND Q(E2) IN E2B2 AND EB,   B(M1) AND M(M1) INNM2 AND NM,   T(E2) AND T(M1) IN 1/PS

       E1     II      EF     IF     B(E2)             B(M1)              GD        D       EREL    T(E2)      T(M1)
                                             WU               MWU

      66.8   1/2 -   66.8   1/2    0.0000            0.7201
      66.8   1/2 -    0.0   3/2   36.6132 5033.38    0.3553  198.45    0.242   -0.565     66.8  0.596E-03  0.187E-02
       0.0   3/2 -    0.0   3/2   -6.0668           -0.3167
    1328.0   5/2 -   66.8   1/2   18.3084 2516.93    0.0000    0.00    1.000    0.000   1261.2  0.713E+03  0.000E+00
    1328.0   5/2 -    0.0   3/2    5.2306  719.08    0.0284   15.89    0.996   14.994   1328.0  0.264E+03  0.117E+01


    1328.0   5/2 - 1328.0   5/2   -8.6657            1.7972
    1328.0   5/2 - 1172.0   7/2    3.4859  479.22    0.3045  170.05    0.162   -0.440    156.0  0.393E-02  0.204E-01
    2916.0   5/2 -   66.8   1/2    0.0000    0.00    0.0000    0.00    1.000    0.000   2849.2  0.308E-19  0.000E+00
    2916.0   5/2 -    0.0   3/2    0.0000    0.00    0.0000    0.00    0.000    0.000   2916.0  0.195E-21  0.763E-05
    2916.0   5/2 - 1328.0   5/2    0.0000    0.00    0.0000    0.00    0.000    0.000   1588.0  0.705E-23  0.633E-05


    2916.0   5/2 - 2916.0   5/2   10.8341           -0.3453
    2916.0   5/2 - 1172.0   7/2    0.0000    0.00    0.0000    0.00    0.000    0.001   1744.0  0.104E-11  0.776E-06
    2916.0   5/2 - 2447.4   7/2    0.0000    0.00    0.5232  292.20    0.000   -0.000    468.6  0.169E-24  0.947E+00
    1172.0   7/2 -    0.0   3/2   23.5398 3236.12    0.0000    0.00    1.000    0.000   1172.0  0.635E+03  0.000E+00
    1172.0   7/2 - 1172.0   7/2  -10.1095            0.4269


    2447.4   7/2 -    0.0   3/2    0.0000    0.00    0.0000    0.00    1.000    0.000   2447.4  0.249E-21  0.000E+00
    2447.4   7/2 - 1328.0   5/2    0.0000    0.00    0.0000    0.00    0.000    0.000   1119.4  0.553E-24  0.111E-05
    2447.4   7/2 - 1172.0   7/2    0.0000    0.00    0.0000    0.00    0.000   -0.001   1275.5  0.424E-11  0.218E-05
    2447.4   7/2 - 2447.4   7/2   14.1566           -0.4861

 TIME=  0.0 SEC
