 PARITY=-   EPS= 0.414   GAMMA= 22.8   EPS4=0.000   EPS6=0.000   LEVELS:  30  31  32  33  34
0   Z= 82   A=207   IQ=1   GSFAC= 0.75   GR=  0.40   MIN SPIN=  1/2   MAX SPIN= 13/2   KMAX= 13/2

 MICR QUADR MOMENTS:  Q0=2350.392  Q2=-375.600 FM**2


   B(E2) AND Q(E2) IN E2B2 AND EB,   B(M1) AND M(M1) INNM2 AND NM,   T(E2) AND T(M1) IN 1/PS

       E1     II      EF     IF     B(E2)             B(M1)              GD        D       EREL    T(E2)      T(M1)
                                             WU               MWU

     211.4   1/2 -  211.4   1/2    0.0000           -0.2988
     211.4   1/2 -    0.0   3/2    0.0000    0.00    0.0156    8.72    0.000    0.000    211.4  0.253E-19  0.260E-02
     211.4   1/2 -   13.0   3/2    6.8471  941.30    0.0028    1.57    0.985   -8.143    198.5  0.257E-01  0.388E-03
    1241.5   1/2 -  211.4   1/2    0.0000    0.00    0.1099   61.40    0.000    0.000   1030.0  0.000E+00  0.211E+01
    1241.5   1/2 - 1241.5   1/2    0.0000            0.6486


    1241.5   1/2 -    0.0   3/2    1.8892  259.71    0.2067  115.46    0.907   -3.125   1241.5  0.680E+02  0.696E+01
    1241.5   1/2 -   13.0   3/2    0.0000    0.00    0.0005    0.27    0.000    0.000   1228.5  0.470E-16  0.156E-01
    1241.5   1/2 -  865.0   3/2    0.0000    0.00    0.1361   76.03    0.000   -0.000    376.5  0.762E-25  0.128E+00
    1241.5   1/2 -  608.8   5/2    1.8387  252.78    0.0000    0.00    1.000    0.000    632.7  0.227E+01  0.000E+00
    1241.5   1/2 -  740.7   5/2    0.0000    0.00    0.0000    0.00    1.000    0.000    500.8  0.229E-22  0.000E+00


    1241.5   1/2 - 1104.1   5/2    0.0000    0.00    0.0000    0.00    1.000    0.000    137.3  0.190E-26  0.000E+00
    2653.0   1/2 -  211.4   1/2    0.0000    0.00    0.0237   13.24    0.000    0.000   2441.5  0.000E+00  0.607E+01
    2653.0   1/2 - 1241.5   1/2    0.0000    0.00    0.0646   36.06    0.000    0.000   1411.5  0.000E+00  0.320E+01
    2653.0   1/2 - 2653.0   1/2    0.0000            0.3770
    2653.0   1/2 -    0.0   3/2    0.0000    0.00    0.0005    0.27    0.000    0.000   2653.0  0.188E-16  0.159E+00


    2653.0   1/2 -   13.0   3/2    0.0000    0.00    0.0072    4.03    0.000    0.000   2640.0  0.742E-17  0.234E+01
    2653.0   1/2 -  865.0   3/2    0.0000    0.00    0.0070    3.91    0.000    0.000   1788.0  0.252E-17  0.704E+00
    2653.0   1/2 -  608.8   5/2    0.0000    0.00    0.0000    0.00    1.000    0.000   2044.2  0.497E-17  0.000E+00
    2653.0   1/2 -  740.7   5/2    0.0000    0.00    0.0000    0.00    1.000    0.000   1912.3  0.120E-21  0.000E+00
    2653.0   1/2 - 1104.1   5/2    0.0000    0.00    0.0000    0.00    1.000    0.000   1548.8  0.264E-17  0.000E+00


       0.0   3/2 -    0.0   3/2    4.8012           -0.2601
      13.0   3/2 -    0.0   3/2    0.0000    0.00    0.0896   50.06    0.000    0.000     13.0  0.132E-24  0.344E-05
      13.0   3/2 -   13.0   3/2    4.2646            0.9598
     865.0   3/2 -  211.4   1/2    8.1281 1117.41    0.0009    0.51    1.000  -51.126    653.6  0.118E+02  0.452E-02
     865.0   3/2 -    0.0   3/2    0.0000    0.00    0.0462   25.79    0.000    0.000    865.0  0.106E-16  0.526E+00


     865.0   3/2 -   13.0   3/2    2.5065  344.58    0.0001    0.03    1.000  154.480    852.0  0.137E+02  0.575E-03
     865.0   3/2 -  865.0   3/2   -4.2646            0.8248
     865.0   3/2 -  608.8   5/2    0.0000    0.00    0.0030    1.70    0.000   -0.000    256.3  0.132E-26  0.901E-03
     865.0   3/2 -  740.7   5/2    5.4643  751.20    0.0164    9.19    0.781    1.886    124.3  0.198E-02  0.556E-03
     608.8   5/2 -  211.4   1/2    0.0000    0.00    0.0000    0.00    1.000    0.000    397.3  0.387E-26  0.000E+00


     608.8   5/2 -    0.0   3/2   18.3465 2522.17    0.1827  102.06    0.963   -5.078    608.8  0.187E+02  0.726E+00
     608.8   5/2 -   13.0   3/2    0.0000    0.00    0.0778   43.45    0.000    0.000    595.8  0.122E-16  0.290E+00
     608.8   5/2 -  608.8   5/2   -1.3779            0.1793
     740.7   5/2 -  211.4   1/2    0.0000    0.00    0.0000    0.00    1.000    0.000    529.3  0.533E-06  0.000E+00
     740.7   5/2 -    0.0   3/2    0.0000    0.00    0.0586   32.72    0.000    0.000    740.7  0.295E-16  0.419E+00


     740.7   5/2 -   13.0   3/2   14.8735 2044.73    0.0168    9.36    0.997   18.052    727.7  0.370E+02  0.114E+00
     740.7   5/2 -  608.8   5/2    0.0000    0.00    0.0563   31.42    0.000   -0.000    131.9  0.922E-26  0.227E-02
     740.7   5/2 -  740.7   5/2   -1.9947            1.2288
    1104.1   5/2 -  211.4   1/2   11.3139 1555.37    0.0000    0.00    1.000    0.000    892.7  0.783E+02  0.000E+00
    1104.1   5/2 -    0.0   3/2    0.0000    0.00    0.0076    4.26    0.000    0.000   1104.1  0.324E-18  0.181E+00


    1104.1   5/2 -   13.0   3/2    0.0216    2.97    0.0167    9.30    0.517    1.035   1091.2  0.408E+00  0.381E+00
    1104.1   5/2 -  865.0   3/2    3.8105  523.84    0.0849   47.43    0.640   -1.334    239.1  0.364E-01  0.204E-01
    1104.1   5/2 -  608.8   5/2    0.0000    0.00    0.0102    5.69    0.000   -0.000    495.4  0.332E-25  0.218E-01
    1104.1   5/2 -  740.7   5/2    1.0009  137.60    0.0000    0.02    1.000   45.721    363.4  0.774E-01  0.370E-04
    1104.1   5/2 - 1104.1   5/2   -6.2309            0.5173


    1104.1   5/2 - 1071.4   7/2    1.0903  149.89    0.0039    2.18    0.172   -0.456     32.8  0.504E-06  0.242E-05
    1071.4   7/2 -    0.0   3/2    0.0000    0.00    0.0000    0.00    1.000    0.000   1071.4  0.122E-15  0.000E+00
    1071.4   7/2 -   13.0   3/2    9.8466 1353.66    0.0000    0.00    1.000    0.000   1058.4  0.160E+03  0.000E+00
    1071.4   7/2 -  865.0   3/2    1.6613  228.38    0.0000    0.00    1.000    0.000    206.3  0.758E-02  0.000E+00
    1071.4   7/2 -  608.8   5/2    0.0000    0.00    0.0462   25.81    0.000    0.000    462.6  0.195E-22  0.805E-01


    1071.4   7/2 -  740.7   5/2    9.9952 1374.09    0.0202   11.26    0.974    6.130    330.7  0.482E+00  0.128E-01
    1071.4   7/2 - 1071.4   7/2   -3.9019            1.6737
    1345.6   7/2 -    0.0   3/2    8.6855 1194.04    0.0000    0.00    1.000    0.000   1345.6  0.467E+03  0.000E+00
    1345.6   7/2 -   13.0   3/2    0.0000    0.00    0.0000    0.00    1.000    0.000   1332.6  0.325E-15  0.000E+00
    1345.6   7/2 -  865.0   3/2    0.0000    0.00    0.0000    0.00    1.000    0.000    480.6  0.550E-24  0.000E+00


    1345.6   7/2 -  608.8   5/2    9.2792 1275.65    0.1307   73.00    0.964   -5.169    736.8  0.246E+02  0.920E+00
    1345.6   7/2 -  740.7   5/2    0.0000    0.00    0.0649   36.24    0.000    0.000    604.9  0.452E-21  0.253E+00
    1345.6   7/2 - 1104.1   5/2    0.0000    0.00    0.0000    0.00    0.000   -0.000    241.4  0.336E-26  0.518E-06
    1345.6   7/2 - 1071.4   7/2    0.0000    0.00    0.0059    3.29    0.000   -0.000    274.2  0.639E-24  0.214E-02
    1345.6   7/2 - 1345.6   7/2   -2.9968            1.1337


    2210.1   7/2 -    0.0   3/2    0.0000    0.00    0.0000    0.00    1.000    0.000   2210.1  0.176E-21  0.000E+00
    2210.1   7/2 -   13.0   3/2    0.0000    0.00    0.0000    0.00    1.000    0.000   2197.1  0.632E-22  0.000E+00
    2210.1   7/2 -  865.0   3/2    0.0000    0.00    0.0000    0.00    1.000    0.000   1345.1  0.582E-23  0.000E+00
    2210.1   7/2 -  608.8   5/2    0.0000    0.00    0.0001    0.07    0.000    0.000   1601.3  0.958E-22  0.846E-02
    2210.1   7/2 -  740.7   5/2    0.0000    0.00    0.0014    0.79    0.000   -0.000   1469.4  0.297E-21  0.786E-01


    2210.1   7/2 - 1104.1   5/2    0.0000    0.00    0.0003    0.20    0.000    0.000   1106.0  0.733E-21  0.832E-02
    2210.1   7/2 - 1071.4   7/2    0.0000    0.00    0.0019    1.05    0.000   -0.000   1138.8  0.567E-26  0.488E-01
    2210.1   7/2 - 1345.6   7/2    0.0000    0.00    0.0000    0.01    0.000   -0.000    864.5  0.164E-22  0.110E-03
    2210.1   7/2 - 2210.1   7/2    1.7502            1.6042
    2210.1   7/2 - 2202.6   9/2    0.0000    0.00    0.0047    2.64    0.000   -0.000      7.5  0.707E-33  0.349E-07


    2202.6   9/2 -  608.8   5/2   12.2943 1690.15    0.0000    0.00    1.000    0.000   1593.9  0.154E+04  0.000E+00
    2202.6   9/2 -  740.7   5/2    0.0000    0.00    0.0000    0.00    1.000    0.000   1461.9  0.333E-19  0.000E+00
    2202.6   9/2 - 1104.1   5/2    0.0000    0.00    0.0000    0.00    1.000    0.000   1098.5  0.395E-22  0.000E+00
    2202.6   9/2 - 1071.4   7/2    0.0000    0.00    0.1197   66.83    0.000    0.000   1131.3  0.100E-20  0.305E+01
    2202.6   9/2 - 1345.6   7/2    5.8611  805.75    0.3226  180.20    0.902   -3.041    857.1  0.331E+02  0.357E+01


    2202.6   9/2 - 2202.6   9/2   -3.6258            0.9452
    2506.0   9/2 -  608.8   5/2    0.0000    0.00    0.0000    0.00    1.000    0.000   1897.3  0.206E-21  0.000E+00
    2506.0   9/2 -  740.7   5/2    8.2312 1131.58    0.0000    0.00    1.000    0.000   1765.3  0.172E+04  0.000E+00
    2506.0   9/2 - 1104.1   5/2    6.7222  924.13    0.0000    0.00    1.000    0.000   1401.9  0.444E+03  0.000E+00
    2506.0   9/2 - 1071.4   7/2    2.6615  365.89    0.0532   29.72    0.986    8.448   1434.7  0.197E+03  0.277E+01


    2506.0   9/2 - 1345.6   7/2    0.0000    0.00    0.1087   60.70    0.000    0.000   1160.5  0.284E-22  0.299E+01
    2506.0   9/2 - 2210.1   7/2    0.0000    0.00    0.0010    0.55    0.000   -0.000    295.9  0.355E-25  0.445E-03
    2506.0   9/2 - 2202.6   9/2    0.0000    0.00    0.0306   17.11    0.000    0.000    303.4  0.173E-25  0.151E-01
    2506.0   9/2 - 2506.0   9/2   -4.5755            1.6755
    2749.1  11/2 - 1071.4   7/2   17.0665 2346.20    0.0000    0.00    1.000    0.000   1677.7  0.277E+04  0.000E+00


    2749.1  11/2 - 1345.6   7/2    0.0000    0.00    0.0000    0.00    1.000    0.000   1403.5  0.186E-20  0.000E+00
    2749.1  11/2 - 2210.1   7/2    0.0000    0.00    0.0000    0.00    1.000    0.000    538.9  0.445E-26  0.000E+00
    2749.1  11/2 - 2202.6   9/2    0.0000    0.00    0.0496   27.73    0.000    0.000    546.4  0.590E-25  0.143E+00
    2749.1  11/2 - 2506.0   9/2    1.7561  241.42    0.0188   10.53    0.792    1.953    243.0  0.182E-01  0.476E-02
    2749.1  11/2 - 2749.1  11/2   -5.3948            2.4953



 TIME=  0.0 SEC
