 PARITY=-   EPS= 0.270   GAMMA= 42.9   EPS4=0.000   EPS6=0.000   LEVELS:  24  25  26  27  28  29  30  31  32  33  34  35  36  37  38
0   Z= 82   A=207   IQ=0   GSFAC= 0.75   GR=  0.40   MIN SPIN=  1/2   MAX SPIN= 13/2   KMAX= 13/2

 MACR QUADR MOMENTS:  Q0= 684.141  Q2=-355.841 FM**2


   B(E2) AND Q(E2) IN E2B2 AND EB,   B(M1) AND M(M1) INNM2 AND NM,   T(E2) AND T(M1) IN 1/PS

       E1     II      EF     IF     B(E2)             B(M1)              GD        D       EREL    T(E2)      T(M1)
                                             WU               MWU

     129.9   1/2 -  129.9   1/2    0.0000            0.4001
     129.9   1/2 -    0.0   3/2    0.1672   22.98    0.0111    6.20    0.150    0.420    129.9  0.754E-04  0.428E-03
     129.9   1/2 -    1.5   5/2    1.4448  198.63    0.0000    0.00    1.000    0.000    128.4  0.614E-03  0.000E+00
     208.8   1/2 -  129.9   1/2    0.0000    0.00    0.0022    1.23    0.000    0.000     78.9  0.000E+00  0.190E-04
     208.8   1/2 -  208.8   1/2    0.0000            0.6977


     208.8   1/2 -    0.0   3/2    0.6556   90.12    0.5506  307.50    0.035   -0.190    208.8  0.318E-02  0.883E-01
     208.8   1/2 -  135.9   3/2    1.1863  163.09    0.0205   11.47    0.176    0.461     72.9  0.298E-04  0.140E-03
     208.8   1/2 -    1.5   5/2    0.0929   12.77    0.0000    0.00    1.000    0.000    207.3  0.434E-03  0.000E+00
       0.0   3/2 -    0.0   3/2   -0.5627           -0.9545
     135.9   3/2 -  129.9   1/2    0.0010    0.14    0.0001    0.04    0.000   -0.018      6.0  0.997E-13  0.309E-09


     135.9   3/2 -    0.0   3/2    0.5639   77.52    0.0269   15.03    0.212   -0.518    135.9  0.319E-03  0.119E-02
     135.9   3/2 -  135.9   3/2    0.5002            0.7322
     135.9   3/2 -    1.5   5/2    0.6625   91.07    0.1006   56.18    0.076    0.287    134.4  0.354E-03  0.430E-02
       1.5   5/2 -    0.0   3/2    0.5255   72.24    0.0003    0.18    0.003    0.052      1.5  0.570E-13  0.209E-10
       1.5   5/2 -    1.5   5/2    0.9321            0.9754


     739.9   5/2 -  129.9   1/2    0.4354   59.86    0.0000    0.00    1.000    0.000    610.0  0.449E+00  0.000E+00
     739.9   5/2 -  208.8   1/2    0.0095    1.31    0.0000    0.00    1.000    0.000    531.0  0.490E-02  0.000E+00
     739.9   5/2 -    0.0   3/2    0.1510   20.76    0.0061    3.42    0.903   -3.057    739.9  0.409E+00  0.437E-01
     739.9   5/2 -  135.9   3/2    0.0033    0.45    0.1288   71.96    0.006    0.080    603.9  0.319E-02  0.499E+00
     739.9   5/2 -    1.5   5/2    0.6261   86.07    0.0712   39.78    0.769    1.822    738.3  0.168E+01  0.505E+00


     739.9   5/2 -  739.9   5/2   -0.6888            0.3357
     739.9   5/2 -  696.9   7/2    0.3987   54.81    0.0065    3.65    0.072    0.279     42.9  0.711E-06  0.910E-05
     739.9   5/2 -  716.5   9/2    0.1041   14.32    0.0000    0.00    1.000    0.000     23.4  0.891E-08  0.000E+00
     790.2   5/2 -  129.9   1/2    0.0684    9.40    0.0000    0.00    1.000    0.000    660.3  0.105E+00  0.000E+00
     790.2   5/2 -  208.8   1/2    0.3060   42.07    0.0000    0.00    1.000    0.000    581.4  0.248E+00  0.000E+00


     790.2   5/2 -    0.0   3/2    0.6490   89.22    0.0000    0.00    1.000    0.000    790.2  0.244E+01  0.133E-05
     790.2   5/2 -  135.9   3/2    0.0797   10.96    0.2806  156.71    0.078   -0.290    654.3  0.117E+00  0.138E+01
     790.2   5/2 -    1.5   5/2    0.0414    5.69    0.0588   32.82    0.233   -0.551    788.7  0.154E+00  0.507E+00
     790.2   5/2 -  739.9   5/2    0.2557   35.15    0.0614   34.27    0.007   -0.086     50.4  0.101E-05  0.138E-03
     790.2   5/2 -  790.2   5/2    0.4379            0.1845


     790.2   5/2 -  696.9   7/2    0.1778   24.44    0.0001    0.05    0.918    3.350     93.3  0.154E-04  0.137E-05
     790.2   5/2 -  716.5   9/2    0.0071    0.97    0.0000    0.00    1.000    0.000     73.8  0.188E-06  0.000E+00
    1149.3   5/2 -  129.9   1/2    0.0858   11.80    0.0000    0.00    1.000    0.000   1019.4  0.115E+01  0.000E+00
    1149.3   5/2 -  208.8   1/2    0.4139   56.91    0.0000    0.00    1.000    0.000    940.4  0.371E+01  0.000E+00
    1149.3   5/2 -    0.0   3/2    0.1431   19.67    0.0064    3.57    0.953    4.527   1149.3  0.350E+01  0.171E+00


    1149.3   5/2 -  135.9   3/2    0.6413   88.16    0.0002    0.09    1.000   52.923   1013.4  0.836E+01  0.298E-02
    1149.3   5/2 -    1.5   5/2    0.0005    0.07    0.0182   10.16    0.024   -0.157   1147.7  0.119E-01  0.484E+00
    1149.3   5/2 -  739.9   5/2    0.3717   51.10    0.0503   28.09    0.462    0.927    409.4  0.522E-01  0.608E-01
    1149.3   5/2 -  790.2   5/2    0.1913   26.30    0.0047    2.62    0.785    1.910    359.0  0.139E-01  0.382E-02
    1149.3   5/2 - 1149.3   5/2    0.7299            1.2897


    1149.3   5/2 -  696.9   7/2    0.0145    2.00    0.1026   57.32    0.020   -0.142    452.4  0.336E-02  0.167E+00
    1149.3   5/2 -  843.7   7/2    0.0142    1.95    0.0028    1.57    0.246    0.571    305.6  0.461E-03  0.142E-02
    1149.3   5/2 -  716.5   9/2    0.0597    8.21    0.0000    0.00    1.000    0.000    432.8  0.111E-01  0.000E+00
    1761.2   5/2 -  129.9   1/2    0.1033   14.20    0.0000    0.00    1.000    0.000   1631.3  0.146E+02  0.000E+00
    1761.2   5/2 -  208.8   1/2    0.4454   61.23    0.0000    0.00    1.000    0.000   1552.4  0.490E+02  0.000E+00


    1761.2   5/2 -    0.0   3/2    0.0257    3.54    0.0114    6.35    0.830    2.206   1761.2  0.532E+01  0.109E+01
    1761.2   5/2 -  135.9   3/2    0.1082   14.87    0.0145    8.12    0.932    3.692   1625.3  0.150E+02  0.110E+01
    1761.2   5/2 -    1.5   5/2    0.0003    0.04    0.0100    5.58    0.054   -0.239   1759.7  0.545E-01  0.958E+00
    1761.2   5/2 -  739.9   5/2    0.2585   35.53    0.0243   13.55    0.885    2.776   1021.4  0.351E+01  0.455E+00
    1761.2   5/2 -  790.2   5/2    0.0126    1.73    0.0174    9.71    0.321   -0.688    971.0  0.133E+00  0.280E+00


    1761.2   5/2 - 1149.3   5/2    0.1756   24.14    0.1319   73.67    0.257    0.588    612.0  0.184E+00  0.532E+00
    1761.2   5/2 - 1761.2   5/2    0.9935            0.8399
    1761.2   5/2 -  696.9   7/2    0.0016    0.22    0.0615   34.34    0.020   -0.144   1064.3  0.272E-01  0.130E+01
    1761.2   5/2 -  843.7   7/2    0.0482    6.63    0.0124    6.90    0.695    1.509    917.6  0.383E+00  0.168E+00
    1761.2   5/2 -  716.5   9/2    0.0038    0.52    0.0000    0.00    1.000    0.000   1044.8  0.574E-01  0.000E+00


     696.9   7/2 -    0.0   3/2    0.8216  112.96    0.0000    0.00    1.000    0.000    696.9  0.165E+01  0.000E+00
     696.9   7/2 -  135.9   3/2    0.0949   13.04    0.0000    0.00    1.000    0.000    561.0  0.643E-01  0.000E+00
     696.9   7/2 -    1.5   5/2    0.3516   48.33    0.2312  129.13    0.338    0.714    695.4  0.697E+00  0.137E+01
     696.9   7/2 -  696.9   7/2    1.8688           -0.5169
     843.7   7/2 -    0.0   3/2    0.0176    2.42    0.0000    0.00    1.000    0.000    843.7  0.918E-01  0.000E+00


     843.7   7/2 -  135.9   3/2    0.6836   93.98    0.0000    0.00    1.000    0.000    707.7  0.148E+01  0.000E+00
     843.7   7/2 -    1.5   5/2    0.5859   80.55    0.0000    0.00    1.000  493.099    842.1  0.303E+01  0.124E-04
     843.7   7/2 -  739.9   5/2    0.2029   27.89    0.0000    0.00    0.998  -23.898    103.8  0.298E-04  0.522E-07
     843.7   7/2 -  790.2   5/2    0.3090   42.48    0.0306   17.07    0.020    0.141     53.4  0.164E-05  0.819E-04
     843.7   7/2 -  696.9   7/2    0.0988   13.58    0.0418   23.32    0.034   -0.188    146.7  0.820E-04  0.232E-02


     843.7   7/2 -  843.7   7/2    1.3169            1.3903
     843.7   7/2 -  716.5   9/2    0.3533   48.57    0.0348   19.43    0.102    0.337    127.2  0.143E-03  0.126E-02
    1845.8   7/2 -    0.0   3/2    0.1729   23.77    0.0000    0.00    1.000    0.000   1845.8  0.452E+02  0.000E+00
    1845.8   7/2 -  135.9   3/2    0.3987   54.81    0.0000    0.00    1.000    0.000   1709.9  0.711E+02  0.000E+00
    1845.8   7/2 -    1.5   5/2    0.0017    0.24    0.0047    2.64    0.460   -0.923   1844.3  0.445E+00  0.522E+00


    1845.8   7/2 -  739.9   5/2    0.1436   19.74    0.0010    0.56    0.992   11.040   1106.0  0.290E+01  0.238E-01
    1845.8   7/2 -  790.2   5/2    0.3491   48.00    0.0274   15.32    0.908    3.136   1055.6  0.558E+01  0.568E+00
    1845.8   7/2 - 1149.3   5/2    0.7149   98.28    0.0701   39.15    0.774    1.852    696.5  0.143E+01  0.417E+00
    1845.8   7/2 - 1761.2   5/2    0.0294    4.04    0.0564   31.51    0.003   -0.051     84.6  0.155E-05  0.601E-03
    1845.8   7/2 -  696.9   7/2    0.0131    1.80    0.0011    0.60    0.917   -3.328   1148.9  0.320E+00  0.289E-01


    1845.8   7/2 -  843.7   7/2    0.2104   28.93    0.0320   17.88    0.821    2.139   1002.2  0.260E+01  0.567E+00
    1845.8   7/2 - 1845.8   7/2    0.8262            1.3508
    1845.8   7/2 -  716.5   9/2    0.0018    0.24    0.0018    1.00    0.466   -0.934   1129.4  0.398E-01  0.455E-01
    2059.5   7/2 -    0.0   3/2    0.0258    3.55    0.0000    0.00    1.000    0.000   2059.5  0.117E+02  0.000E+00
    2059.5   7/2 -  135.9   3/2    0.0146    2.00    0.0000    0.00    1.000    0.000   1923.6  0.468E+01  0.000E+00


    2059.5   7/2 -    1.5   5/2    0.0011    0.15    0.0015    0.83    0.691    1.496   2058.0  0.508E+00  0.227E+00
    2059.5   7/2 -  739.9   5/2    0.6788   93.32    0.0473   26.42    0.945    4.162   1319.7  0.331E+02  0.191E+01
    2059.5   7/2 -  790.2   5/2    0.1366   18.78    0.0960   53.64    0.614   -1.260   1269.3  0.549E+01  0.346E+01
    2059.5   7/2 - 1149.3   5/2    0.0032    0.43    0.0634   35.42    0.028    0.169    910.3  0.241E-01  0.842E+00
    2059.5   7/2 - 1761.2   5/2    0.2486   34.18    0.0060    3.37    0.718   -1.595    298.3  0.716E-02  0.282E-02


    2059.5   7/2 -  696.9   7/2    0.0756   10.40    0.0117    6.52    0.893    2.888   1362.6  0.433E+01  0.520E+00
    2059.5   7/2 -  843.7   7/2    0.0297    4.09    0.0001    0.06    0.997   17.515   1215.9  0.964E+00  0.314E-02
    2059.5   7/2 - 1845.8   7/2    0.0456    6.27    0.0872   48.70    0.016    0.129    213.7  0.248E-03  0.150E-01
    2059.5   7/2 - 2059.5   7/2    1.0525            1.0011
    2059.5   7/2 -  716.5   9/2    0.0097    1.34    0.0019    1.05    0.866   -2.547   1343.1  0.520E+00  0.801E-01


    2059.5   7/2 - 2013.3  11/2    0.0143    1.97    0.0000    0.00    1.000    0.000     46.3  0.371E-07  0.000E+00
    2428.9   7/2 -    0.0   3/2    0.1471   20.23    0.0000    0.00    1.000    0.000   2428.9  0.152E+03  0.000E+00
    2428.9   7/2 -  135.9   3/2    0.0743   10.21    0.0000    0.00    1.000    0.000   2293.0  0.574E+02  0.000E+00
    2428.9   7/2 -    1.5   5/2    0.0234    3.22    0.0309   17.25    0.756   -1.759   2427.4  0.240E+02  0.778E+01
    2428.9   7/2 -  739.9   5/2    0.0021    0.29    0.0372   20.80    0.102    0.337   1689.1  0.359E+00  0.316E+01


    2428.9   7/2 -  790.2   5/2    0.0014    0.19    0.0083    4.62    0.235    0.554   1638.7  0.197E+00  0.641E+00
    2428.9   7/2 - 1149.3   5/2    0.0757   10.41    0.1380   77.09    0.384    0.789   1279.6  0.317E+01  0.509E+01
    2428.9   7/2 - 1761.2   5/2    0.3629   49.89    0.0043    2.38    0.963   -5.132    667.7  0.587E+00  0.223E-01
    2428.9   7/2 -  696.9   7/2    0.0383    5.26    0.0551   30.78    0.591   -1.201   1732.0  0.727E+01  0.504E+01
    2428.9   7/2 -  843.7   7/2    0.0001    0.01    0.0010    0.57    0.096   -0.325   1585.3  0.755E-02  0.714E-01


    2428.9   7/2 - 1845.8   7/2    0.0419    5.76    0.0775   43.31    0.113    0.357    583.1  0.345E-01  0.271E+00
    2428.9   7/2 - 2059.5   7/2    0.0189    2.60    0.0452   25.27    0.038   -0.199    369.4  0.159E-02  0.401E-01
    2428.9   7/2 - 2428.9   7/2    2.0296            0.1595
    2428.9   7/2 -  716.5   9/2    0.0031    0.43    0.0000    0.00    1.000 -160.779   1712.5  0.560E+00  0.216E-04
    2428.9   7/2 - 2126.3   9/2    0.0121    1.66    0.0017    0.95    0.311   -0.672    302.6  0.373E-03  0.827E-03


    2428.9   7/2 - 2191.4   9/2    0.0278    3.82    0.0105    5.88    0.094    0.321    237.5  0.256E-03  0.248E-02
    2428.9   7/2 - 2329.0   9/2    0.0751   10.32    0.0119    6.67    0.042   -0.209     99.9  0.913E-05  0.210E-03
    2428.9   7/2 - 2013.3  11/2    0.0299    4.11    0.0000    0.00    1.000    0.000    415.7  0.452E-02  0.000E+00
    2428.9   7/2 - 2310.1  11/2    0.0047    0.65    0.0000    0.00    1.000    0.000    118.8  0.136E-05  0.000E+00
    2428.9   7/2 - 2322.7  11/2    0.0000    0.00    0.0000    0.00    1.000    0.000    106.2  0.493E-14  0.000E+00


     716.5   9/2 -    1.5   5/2    1.1306  155.43    0.0000    0.00    1.000    0.000    714.9  0.258E+01  0.000E+00
     716.5   9/2 -  696.9   7/2    0.1581   21.74    0.0015    0.86    0.026    0.165     19.6  0.551E-08  0.203E-06
     716.5   9/2 -  716.5   9/2    2.5629            1.7112
    2126.3   9/2 -    1.5   5/2    0.1127   15.49    0.0000    0.00    1.000    0.000   2124.8  0.595E+02  0.000E+00
    2126.3   9/2 -  739.9   5/2    0.4728   64.99    0.0000    0.00    1.000    0.000   1386.5  0.295E+02  0.000E+00


    2126.3   9/2 -  790.2   5/2    0.2099   28.86    0.0000    0.00    1.000    0.000   1336.1  0.109E+02  0.000E+00
    2126.3   9/2 - 1149.3   5/2    0.2033   27.95    0.0000    0.00    1.000    0.000    977.0  0.221E+01  0.000E+00
    2126.3   9/2 - 1761.2   5/2    0.0525    7.22    0.0000    0.00    1.000    0.000    365.1  0.415E-02  0.000E+00
    2126.3   9/2 -  696.9   7/2    0.4601   63.26    0.0015    0.86    0.998  -20.574   1429.4  0.335E+02  0.791E-01
    2126.3   9/2 -  843.7   7/2    0.0828   11.38    0.2152  120.19    0.305    0.662   1282.7  0.351E+01  0.799E+01


    2126.3   9/2 - 1845.8   7/2    0.0190    2.62    0.0479   26.75    0.021    0.147    280.5  0.403E-03  0.186E-01
    2126.3   9/2 - 2059.5   7/2    0.2147   29.51    0.0749   41.84    0.009    0.094     66.8  0.348E-05  0.393E-03
    2126.3   9/2 -  716.5   9/2    0.0910   12.51    0.0007    0.38    0.995   13.611   1409.9  0.618E+01  0.334E-01
    2126.3   9/2 - 2126.3   9/2    1.9918            0.9755
    2126.3   9/2 - 2013.3  11/2    0.1136   15.62    0.2063  115.24    0.005    0.070    113.1  0.256E-04  0.525E-02


    2126.3   9/2 - 1309.7  13/2    0.0000    0.00    0.0000    0.00    1.000    0.000    816.7  0.566E-13  0.000E+00
    2126.3   9/2 - 2016.4  13/2    0.0466    6.40    0.0000    0.00    1.000    0.000    109.9  0.913E-05  0.000E+00
    2191.4   9/2 -    1.5   5/2    0.0206    2.83    0.0000    0.00    1.000    0.000   2189.9  0.126E+02  0.000E+00
    2191.4   9/2 -  739.9   5/2    0.1578   21.70    0.0000    0.00    1.000    0.000   1451.5  0.124E+02  0.000E+00
    2191.4   9/2 -  790.2   5/2    1.0741  147.66    0.0000    0.00    1.000    0.000   1401.2  0.708E+02  0.000E+00


    2191.4   9/2 - 1149.3   5/2    0.1837   25.26    0.0000    0.00    1.000    0.000   1042.1  0.275E+01  0.000E+00
    2191.4   9/2 - 1761.2   5/2    0.0193    2.65    0.0000    0.00    1.000    0.000    430.2  0.347E-02  0.000E+00
    2191.4   9/2 -  696.9   7/2    0.0053    0.72    0.0022    1.22    0.788   -1.925   1494.5  0.478E+00  0.129E+00
    2191.4   9/2 -  843.7   7/2    0.6349   87.28    0.0287   16.01    0.965   -5.281   1347.8  0.344E+02  0.124E+01
    2191.4   9/2 - 1845.8   7/2    0.1999   27.49    0.0851   47.55    0.163    0.441    345.6  0.120E-01  0.618E-01


    2191.4   9/2 - 2059.5   7/2    0.0014    0.20    0.1063   59.37    0.000    0.013    131.9  0.691E-06  0.429E-02
    2191.4   9/2 -  716.5   9/2    0.0213    2.92    0.0081    4.53    0.798   -1.988   1474.9  0.181E+01  0.458E+00
    2191.4   9/2 - 2126.3   9/2    0.0072    0.98    0.0763   42.62    0.000   -0.017     65.1  0.102E-06  0.370E-03
    2191.4   9/2 - 2191.4   9/2    1.3702            1.5576
    2191.4   9/2 - 2013.3  11/2    0.0232    3.19    0.0008    0.42    0.405    0.825    178.2  0.508E-04  0.747E-04


    2191.4   9/2 - 1309.7  13/2    0.0000    0.00    0.0000    0.00    1.000    0.000    881.7  0.247E-11  0.000E+00
    2191.4   9/2 - 2016.4  13/2    0.0091    1.26    0.0000    0.00    1.000    0.000    175.0  0.183E-04  0.000E+00
    2329.0   9/2 -    1.5   5/2    0.2222   30.54    0.0000    0.00    1.000    0.000   2327.4  0.185E+03  0.000E+00
    2329.0   9/2 -  739.9   5/2    0.3226   44.35    0.0000    0.00    1.000    0.000   1589.1  0.399E+02  0.000E+00
    2329.0   9/2 -  790.2   5/2    0.0239    3.29    0.0000    0.00    1.000    0.000   1538.7  0.252E+01  0.000E+00


    2329.0   9/2 - 1149.3   5/2    0.4433   60.94    0.0000    0.00    1.000    0.000   1179.7  0.124E+02  0.000E+00
    2329.0   9/2 - 1761.2   5/2    0.0375    5.16    0.0000    0.00    1.000    0.000    567.7  0.270E-01  0.000E+00
    2329.0   9/2 -  696.9   7/2    0.1689   23.22    0.0020    1.14    0.993  -12.354   1632.1  0.239E+02  0.156E+00
    2329.0   9/2 -  843.7   7/2    0.0117    1.60    0.1103   61.61    0.139    0.402   1485.3  0.103E+01  0.636E+01
    2329.0   9/2 - 1845.8   7/2    0.4742   65.19    0.0052    2.92    0.936    3.831    483.2  0.152E+00  0.104E-01


    2329.0   9/2 - 2059.5   7/2    0.0436    5.99    0.0015    0.85    0.590    1.200    269.5  0.755E-03  0.524E-03
    2329.0   9/2 -  716.5   9/2    0.0025    0.35    0.0648   36.18    0.066   -0.266   1612.5  0.337E+00  0.478E+01
    2329.0   9/2 - 2126.3   9/2    0.0377    5.19    0.1598   89.23    0.007    0.082    202.7  0.157E-03  0.234E-01
    2329.0   9/2 - 2191.4   9/2    0.0520    7.15    0.0057    3.17    0.107   -0.347    137.6  0.313E-04  0.260E-03
    2329.0   9/2 - 2329.0   9/2    1.8877            1.3319


    2329.0   9/2 - 2013.3  11/2    0.0416    5.72    0.0452   25.25    0.060   -0.252    315.7  0.159E-02  0.250E-01
    2329.0   9/2 - 2310.1  11/2    0.1628   22.38    0.0000    0.01    0.805   -2.031     18.9  0.473E-08  0.115E-08
    2329.0   9/2 - 2322.7  11/2    0.0000    0.00    0.0000    0.00    0.040   -0.203      6.3  0.134E-18  0.324E-17
    2329.0   9/2 - 1309.7  13/2    0.0000    0.00    0.0000    0.00    1.000    0.000   1019.3  0.211E-10  0.000E+00
    2329.0   9/2 - 2016.4  13/2    0.0104    1.43    0.0000    0.00    1.000    0.000    312.6  0.380E-03  0.000E+00


    2013.3  11/2 -  696.9   7/2    1.4013  192.64    0.0000    0.00    1.000    0.000   1316.3  0.676E+02  0.000E+00
    2013.3  11/2 -  843.7   7/2    0.1087   14.94    0.0000    0.00    1.000    0.000   1169.6  0.290E+01  0.000E+00
    2013.3  11/2 - 1845.8   7/2    0.0003    0.04    0.0000    0.00    1.000    0.000    167.4  0.508E-06  0.000E+00
    2013.3  11/2 -  716.5   9/2    0.0448    6.16    0.1844  102.97    0.221    0.532   1296.8  0.201E+01  0.708E+01
    2013.3  11/2 - 2013.3  11/2    2.9550           -0.0400


    2013.3  11/2 - 1309.7  13/2    0.0000    0.00    0.0000    0.00    0.094   -0.322    703.6  0.158E-12  0.153E-11
    2310.1  11/2 -  696.9   7/2    0.0287    3.94    0.0000    0.00    1.000    0.000   1613.2  0.382E+01  0.000E+00
    2310.1  11/2 -  843.7   7/2    1.1145  153.22    0.0000    0.00    1.000    0.000   1466.5  0.922E+02  0.000E+00
    2310.1  11/2 - 1845.8   7/2    0.0245    3.37    0.0000    0.00    1.000    0.000    464.3  0.645E-02  0.000E+00
    2310.1  11/2 - 2059.5   7/2    0.0258    3.54    0.0000    0.00    1.000    0.000    250.6  0.311E-03  0.000E+00


    2310.1  11/2 -  716.5   9/2    0.5927   81.48    0.0037    2.06    0.996   16.809   1593.7  0.743E+02  0.263E+00
    2310.1  11/2 - 2126.3   9/2    0.0051    0.70    0.0000    0.02    0.795   -1.970    183.8  0.131E-04  0.337E-05
    2310.1  11/2 - 2191.4   9/2    0.1663   22.87    0.0250   13.95    0.061    0.255    118.7  0.479E-04  0.736E-03
    2310.1  11/2 - 2013.3  11/2    0.0048    0.66    0.0001    0.04    0.811   -2.069    296.9  0.136E-03  0.318E-04
    2310.1  11/2 - 2310.1  11/2    2.0129            2.1340


    2310.1  11/2 - 1309.7  13/2    0.0000    0.00    0.0000    0.00    0.376   -0.776   1000.5  0.688E-08  0.114E-07
    2310.1  11/2 - 2016.4  13/2    0.1347   18.52    0.0255   14.25    0.240    0.562    293.7  0.359E-02  0.114E-01
    2322.7  11/2 -  696.9   7/2    0.0000    0.00    0.0000    0.00    1.000    0.000   1625.8  0.350E-07  0.000E+00
    2322.7  11/2 -  843.7   7/2    0.0000    0.00    0.0000    0.00    1.000    0.000   1479.1  0.618E-06  0.000E+00
    2322.7  11/2 - 1845.8   7/2    0.0000    0.00    0.0000    0.00    1.000    0.000    476.9  0.506E-10  0.000E+00


    2322.7  11/2 - 2059.5   7/2    0.0000    0.00    0.0000    0.00    1.000    0.000    263.2  0.265E-11  0.000E+00
    2322.7  11/2 -  716.5   9/2    0.0000    0.00    0.0000    0.00    0.996   14.984   1606.2  0.510E-06  0.227E-08
    2322.7  11/2 - 2126.3   9/2    0.0000    0.00    0.0000    0.00    0.826    2.178    196.4  0.123E-12  0.260E-13
    2322.7  11/2 - 2191.4   9/2    0.0000    0.00    0.0000    0.00    0.073    0.280    131.3  0.508E-12  0.650E-11
    2322.7  11/2 - 2013.3  11/2    0.0000    0.00    0.0000    0.00    0.007   -0.081    309.5  0.168E-13  0.253E-11


    2322.7  11/2 - 2310.1  11/2    0.0000    0.00    0.0000    0.00    0.000    0.013     12.6  0.157E-15  0.881E-12
    2322.7  11/2 - 2322.7  11/2   -4.1870           -1.5661
    2322.7  11/2 - 1309.7  13/2    0.0927   12.75    0.0978   54.64    0.403   -0.821   1013.1  0.121E+01  0.179E+01
    2322.7  11/2 - 2016.4  13/2    0.0000    0.00    0.0000    0.00    0.246    0.572    306.3  0.289E-10  0.883E-10
    1309.7  13/2 -  716.5   9/2    0.0000    0.00    0.0000    0.00    1.000    0.000    593.2  0.168E-11  0.000E+00


    1309.7  13/2 - 1309.7  13/2   -4.3511           -1.0774
    2016.4  13/2 -  716.5   9/2    1.4927  205.21    0.0000    0.00    1.000    0.000   1299.9  0.676E+02  0.000E+00
    2016.4  13/2 - 2013.3  11/2    0.0305    4.19    0.0002    0.13    0.001    0.030      3.1  0.114E-12  0.124E-09
    2016.4  13/2 - 1309.7  13/2    0.0000    0.00    0.0000    0.00    0.468    0.937    706.7  0.194E-10  0.221E-10
    2016.4  13/2 - 2016.4  13/2    3.3152            2.3526



 TIME=  0.0 SEC
