 PARITY=-   EPS= 0.448   GAMMA= 16.2   EPS4=0.000   EPS6=0.000   LEVELS:  30  31  32  33  34
0   Z= 82   A=207   IQ=1   GSFAC= 0.75   GR=  0.40   MIN SPIN=  1/2   MAX SPIN= 13/2   KMAX= 13/2

 MICR QUADR MOMENTS:  Q0=2758.662  Q2=-272.925 FM**2


   B(E2) AND Q(E2) IN E2B2 AND EB,   B(M1) AND M(M1) INNM2 AND NM,   T(E2) AND T(M1) IN 1/PS

       E1     II      EF     IF     B(E2)             B(M1)              GD        D       EREL    T(E2)      T(M1)
                                             WU               MWU

     205.9   1/2 -  205.9   1/2    0.0000            0.7052
     205.9   1/2 -    0.0   3/2   30.2297 4155.81    0.3675  205.25    0.707   -1.555    205.9  0.136E+00  0.564E-01
    2674.7   1/2 -  205.9   1/2    0.0000    0.00    0.0000    0.00    0.000    0.000   2468.8  0.000E+00  0.546E-18
    2674.7   1/2 - 2674.7   1/2    0.0000           -0.3441
    2674.7   1/2 -    0.0   3/2    0.0000    0.00    0.0000    0.00    0.996  -15.231   2674.7  0.235E-15  0.101E-17


    2674.7   1/2 - 1809.7   3/2    0.0000    0.00    0.0004    0.21    0.000   -0.000    865.0  0.293E-21  0.429E-02
    2674.7   1/2 - 2644.9   3/2    8.6168 1184.59    0.0085    4.74    0.384   -0.790     29.8  0.247E-05  0.395E-05
    2674.7   1/2 - 1537.4   5/2    0.0000    0.00    0.0000    0.00    1.000    0.000   1137.4  0.498E-17  0.000E+00
    2674.7   1/2 - 2419.0   5/2    0.0000    0.00    0.0000    0.00    1.000    0.000    255.7  0.287E-24  0.000E+00
       0.0   3/2 -    0.0   3/2   -5.5260           -0.3146


    1809.7   3/2 -  205.9   1/2    0.0000    0.00    0.0000    0.00    0.103    0.339   1603.8  0.929E-21  0.810E-20
    1809.7   3/2 -    0.0   3/2    0.0000    0.00    0.0000    0.00    0.000    0.003   1809.7  0.192E-24  0.173E-19
    1809.7   3/2 - 1809.7   3/2    5.5291           -0.7993
    1809.7   3/2 - 1537.4   5/2    0.0000    0.00    0.0000    0.00    0.007   -0.081    272.3  0.447E-25  0.678E-23
    1809.7   3/2 - 1063.2   7/2    0.0000    0.00    0.0000    0.00    1.000    0.000    746.5  0.141E-24  0.000E+00


    2644.9   3/2 -  205.9   1/2    0.0000    0.00    0.0000    0.00    0.999  -27.040   2439.1  0.211E-16  0.289E-19
    2644.9   3/2 -    0.0   3/2    0.0000    0.00    0.0000    0.00    0.001   -0.035   2644.9  0.371E-23  0.303E-20
    2644.9   3/2 - 1809.7   3/2    0.0000    0.00    0.0042    2.32    0.000    0.000    835.3  0.308E-23  0.426E-01
    2644.9   3/2 - 2644.9   3/2    4.2747            1.0805
    2644.9   3/2 - 1537.4   5/2    0.0000    0.00    0.0000    0.00    0.018   -0.134   1107.6  0.563E-23  0.315E-21


    2644.9   3/2 - 2419.0   5/2    0.0000    0.00    0.0019    1.04    0.000    0.000    225.9  0.127E-25  0.378E-03
    2644.9   3/2 - 1063.2   7/2    0.0000    0.00    0.0000    0.00    1.000    0.000   1581.7  0.181E-24  0.000E+00
    2644.9   3/2 - 2124.6   7/2    0.0000    0.00    0.0000    0.00    1.000    0.000    520.3  0.220E-25  0.000E+00
    1537.4   5/2 -  205.9   1/2   15.3305 2107.56    0.0000    0.00    1.000    0.000   1331.5  0.783E+03  0.000E+00
    1537.4   5/2 -    0.0   3/2    4.3570  598.97    0.0218   12.17    0.997   18.099   1537.4  0.456E+03  0.139E+01


    1537.4   5/2 - 1537.4   5/2   -7.5835            1.8187
    1537.4   5/2 - 1063.2   7/2    2.6927  370.18    0.3044  170.02    0.580   -1.174    474.2  0.787E+00  0.571E+00
    2419.0   5/2 -  205.9   1/2    0.0000    0.00    0.0000    0.00    1.000    0.000   2213.2  0.165E-20  0.000E+00
    2419.0   5/2 -    0.0   3/2    0.0000    0.00    0.0000    0.00    0.001   -0.027   2419.0  0.186E-22  0.250E-19
    2419.0   5/2 - 1809.7   3/2   25.9614 3569.03    0.3517  196.45    0.950   -4.359    609.4  0.266E+02  0.140E+01


    2419.0   5/2 - 1537.4   5/2    0.0000    0.00    0.0000    0.00    0.000   -0.014    881.7  0.917E-24  0.458E-20
    2419.0   5/2 - 2419.0   5/2   -1.9295           -0.0299
    2419.0   5/2 - 1063.2   7/2    0.0000    0.00    0.0000    0.00    0.001   -0.023   1355.8  0.132E-23  0.249E-20
    2419.0   5/2 - 2124.6   7/2    0.0274    3.77    0.0146    8.15    0.101   -0.336    294.4  0.740E-03  0.655E-02
    1063.2   7/2 -    0.0   3/2   19.6548 2702.03    0.0000    0.00    1.000    0.000   1063.2  0.326E+03  0.000E+00


    1063.2   7/2 - 1063.2   7/2   -8.8794            0.4196
    2124.6   7/2 -    0.0   3/2    0.0000    0.00    0.0000    0.00    1.000    0.000   2124.6  0.295E-23  0.000E+00
    2124.6   7/2 - 1809.7   3/2    1.2541  172.40    0.0000    0.00    1.000    0.000    314.9  0.474E-01  0.000E+00
    2124.6   7/2 - 1537.4   5/2    0.0000    0.00    0.0000    0.00    0.000   -0.012    587.2  0.225E-26  0.152E-22
    2124.6   7/2 - 1063.2   7/2    0.0000    0.00    0.0000    0.00    0.004    0.066   1061.4  0.228E-23  0.515E-21


    2124.6   7/2 - 2124.6   7/2   12.6307           -0.4027
    2985.0  11/2 - 1063.2   7/2   23.2579 3197.36    0.0000    0.00    1.000    0.000   1921.8  0.744E+04  0.000E+00
    2985.0  11/2 - 2124.6   7/2    0.0000    0.00    0.0000    0.00    1.000    0.000    860.4  0.733E-23  0.000E+00
    2985.0  11/2 - 2985.0  11/2   -9.6538            1.1643

 TIME=  0.0 SEC
