 PARITY=-   EPS= 0.310   GAMMA=  0.0   EPS4=0.000   EPS6=0.000   LEVELS:  31  32  33  34  35
0   Z= 82   A=207   IQ=1   GSFAC= 0.75   GR=  0.40   MIN SPIN=  1/2   MAX SPIN= 13/2   KMAX= 13/2

 MICR QUADR MOMENTS:  Q0=1864.686  Q2=   0.001 FM**2


   B(E2) AND Q(E2) IN E2B2 AND EB,   B(M1) AND M(M1) INNM2 AND NM,   T(E2) AND T(M1) IN 1/PS

       E1     II      EF     IF     B(E2)             B(M1)              GD        D       EREL    T(E2)      T(M1)
                                             WU               MWU

     163.8   7/2 -  163.8   7/2    8.7019           -0.7358
     163.8   7/2 -    0.0   9/2    0.1209   16.61    0.0000    0.02    0.985   -8.065    163.8  0.174E-03  0.268E-05
       0.0   9/2 -    0.0   9/2   10.1152            1.3773
     468.3   9/2 -  163.8   7/2   11.6419 1600.46    0.3181  177.65    0.702   -1.534    304.5  0.372E+00  0.158E+00
     468.3   9/2 -    0.0   9/2    0.0685    9.42    0.0076    4.27    0.577    1.167    468.3  0.188E-01  0.138E-01


     468.3   9/2 -  468.3   9/2    3.4462            0.0646
     468.3   9/2 -  362.8  11/2    0.0308    4.24    0.0022    1.21    0.099   -0.332    105.5  0.492E-05  0.446E-04
     362.8  11/2 -  163.8   7/2    0.0447    6.15    0.0000    0.00    1.000    0.000    199.0  0.170E-03  0.000E+00
     362.8  11/2 -    0.0   9/2   10.8755 1495.10    0.0089    4.96    0.991  -10.575    362.8  0.834E+00  0.746E-02
     362.8  11/2 -  362.8  11/2    5.0354            1.8176


     840.4  11/2 -  163.8   7/2    2.4707  339.66    0.0000    0.00    1.000    0.000    676.5  0.427E+01  0.000E+00
     840.4  11/2 -    0.0   9/2    0.0165    2.26    0.0033    1.84    0.710    1.563    840.4  0.842E-01  0.345E-01
     840.4  11/2 -  468.3   9/2   11.8178 1624.64    0.4807  268.49    0.702   -1.536    372.1  0.103E+01  0.436E+00
     840.4  11/2 -  362.8  11/2    0.0695    9.55    0.0113    6.32    0.493    0.986    477.6  0.211E-01  0.217E-01
     840.4  11/2 -  840.4  11/2    0.2923            0.7433


     840.4  11/2 -  791.7  13/2    0.0058    0.80    0.0063    3.53    0.002   -0.039     48.7  0.196E-07  0.129E-04
     791.7  13/2 -    0.0   9/2    1.9217  264.19    0.0000    0.00    1.000    0.000    791.7  0.729E+01  0.000E+00
     791.7  13/2 -  468.3   9/2    0.0571    7.84    0.0000    0.00    1.000    0.000    323.3  0.246E-02  0.000E+00
     791.7  13/2 -  362.8  11/2   12.2483 1683.83    0.0155    8.65    0.990  -10.041    428.9  0.217E+01  0.215E-01
     791.7  13/2 -  791.7  13/2    1.7589            2.2442



 TIME=  0.0 SEC
