 PARITY=-   EPS= 0.129   GAMMA=  2.4   EPS4=0.000   EPS6=0.000   LEVELS:  28  29  30  31  32
0   Z= 82   A=207   IQ=1   GSFAC= 0.75   GR=  0.40   MIN SPIN=  1/2   MAX SPIN= 13/2   KMAX= 13/2

 MICR QUADR MOMENTS:  Q0= 549.825  Q2= -18.989 FM**2


   B(E2) AND Q(E2) IN E2B2 AND EB,   B(M1) AND M(M1) INNM2 AND NM,   T(E2) AND T(M1) IN 1/PS

       E1     II      EF     IF     B(E2)             B(M1)              GD        D       EREL    T(E2)      T(M1)
                                             WU               MWU

       0.0   3/2 -    0.0   3/2    1.0997           -0.4389
     608.3   5/2 -    0.0   3/2    1.0310  141.74    0.1887  105.41    0.584   -1.184    608.3  0.105E+01  0.748E+00
     608.3   5/2 -  608.3   5/2   -0.3927            0.2524
    1460.0   7/2 -    0.0   3/2    0.4296   59.06    0.0000    0.00    1.000    0.000   1460.0  0.348E+02  0.000E+00
    1460.0   7/2 -  608.3   5/2    0.6444   88.59    0.2528  141.17    0.562   -1.132    851.7  0.352E+01  0.275E+01


    1460.0   7/2 - 1460.0   7/2   -1.0996            0.8126
    1460.0   7/2 - 1361.0   9/2    0.0000    0.00    0.0000    0.00    0.000   -0.000     99.0  0.167E-32  0.707E-15
    1932.5   7/2 -    0.0   3/2    0.0000    0.00    0.0000    0.00    1.000    0.000   1932.5  0.280E-22  0.000E+00
    1932.5   7/2 -  608.3   5/2    0.0000    0.00    0.0000    0.00    0.000    0.000   1324.2  0.634E-23  0.310E-10
    1932.5   7/2 - 1460.0   7/2    0.0000    0.00    0.0000    0.00    0.000    0.000    472.6  0.293E-23  0.382E-11


    1932.5   7/2 - 1932.5   7/2    2.5659           -0.4793
    1932.5   7/2 - 1361.0   9/2    0.0000    0.00    0.0074    4.14    0.000    0.000    571.6  0.371E-27  0.243E-01
    1361.0   9/2 -  608.3   5/2    0.0000    0.00    0.0000    0.00    1.000    0.000    752.7  0.520E-28  0.000E+00
    1361.0   9/2 - 1361.0   9/2    2.9991            1.3450
    2555.0   9/2 -  608.3   5/2    0.6444   88.59    0.0000    0.00    1.000    0.000   1946.6  0.220E+03  0.000E+00


    2555.0   9/2 - 1460.0   7/2    0.4218   57.98    0.2831  158.13    0.553   -1.113   1095.0  0.810E+01  0.654E+01
    2555.0   9/2 - 1932.5   7/2    0.0000    0.00    0.0000    0.00    0.000    0.000    622.4  0.294E-24  0.132E-10
    2555.0   9/2 - 1361.0   9/2    0.0000    0.00    0.0000    0.00    0.000    0.000   1194.0  0.476E-25  0.902E-12
    2555.0   9/2 - 2555.0   9/2   -1.4994            1.3129
    2699.3  11/2 - 1460.0   7/2    0.0000    0.00    0.0000    0.00    1.000    0.000   1239.3  0.140E-28  0.000E+00


    2699.3  11/2 - 1932.5   7/2    0.0000    0.00    0.0000    0.00    1.000    0.000    766.8  0.139E-30  0.000E+00
    2699.3  11/2 - 1361.0   9/2    0.9463  130.09    0.0103    5.78    0.991  -10.655   1338.3  0.496E+02  0.437E+00
    2699.3  11/2 - 2555.0   9/2    0.0000    0.00    0.0000    0.00    0.000   -0.000    144.3  0.813E-30  0.598E-14
    2699.3  11/2 - 2699.3  11/2    1.5105            1.8084

 TIME=  0.0 SEC
