 PARITY=-   EPS= 0.095   GAMMA= 20.0   EPS4=0.000   EPS6=0.000   LEVELS:  32  33  34  35  36
0   Z= 82   A=207   IQ=0   GSFAC= 0.75   GR=  0.40   MIN SPIN=  1/2   MAX SPIN= 13/2   KMAX= 13/2

 MACR QUADR MOMENTS:  Q0= 307.758  Q2= -69.456 FM**2


   B(E2) AND Q(E2) IN E2B2 AND EB,   B(M1) AND M(M1) INNM2 AND NM,   T(E2) AND T(M1) IN 1/PS

       E1     II      EF     IF     B(E2)             B(M1)              GD        D       EREL    T(E2)      T(M1)
                                             WU               MWU

       0.0   1/2 -    0.0   1/2    0.0000            0.4691
    2581.3   1/2 -    0.0   1/2    0.0000    0.00    0.0000    0.01    0.000    0.000   2581.3  0.000E+00  0.782E-02
    2581.3   1/2 - 2581.3   1/2    0.0000            0.3439
    2581.3   1/2 -  732.9   3/2    0.0000    0.00    0.0000    0.00    0.858   -2.460   1848.4  0.303E-03  0.501E-04
    2581.3   1/2 - 1599.9   3/2    0.0249    3.42    0.0975   54.44    0.146   -0.413    981.4  0.276E+00  0.162E+01


    2581.3   1/2 -  727.6   5/2    0.0000    0.00    0.0000    0.00    1.000    0.000   1853.6  0.511E-02  0.000E+00
    2581.3   1/2 - 1525.5   5/2    0.0560    7.70    0.0000    0.00    1.000    0.000   1055.8  0.896E+00  0.000E+00
    2581.3   1/2 - 2299.5   5/2    0.0014    0.19    0.0000    0.00    1.000    0.000    281.8  0.301E-04  0.000E+00
    3039.5   1/2 -    0.0   1/2    0.0000    0.00    0.0001    0.06    0.000    0.000   3039.5  0.000E+00  0.541E-01
    3039.5   1/2 - 2581.3   1/2    0.0000    0.00    0.0169    9.45    0.000    0.000    458.3  0.000E+00  0.287E-01


    3039.5   1/2 - 3039.5   1/2    0.0000            0.6508
    3039.5   1/2 -  732.9   3/2    0.0000    0.00    0.0007    0.38    0.013    0.116   2306.6  0.199E-02  0.147E+00
    3039.5   1/2 - 1599.9   3/2    0.0285    3.91    0.1042   58.22    0.282   -0.626   1439.6  0.215E+01  0.547E+01
    3039.5   1/2 -  727.6   5/2    0.0000    0.00    0.0000    0.00    1.000    0.000   2311.9  0.266E-02  0.000E+00
    3039.5   1/2 - 1525.5   5/2    0.0057    0.78    0.0000    0.00    1.000    0.000   1514.1  0.554E+00  0.000E+00


    3039.5   1/2 - 2299.5   5/2    0.0444    6.10    0.0000    0.00    1.000    0.000    740.0  0.120E+00  0.000E+00
    3039.5   1/2 - 2626.5   5/2    0.0011    0.15    0.0000    0.00    1.000    0.000    413.0  0.160E-03  0.000E+00
     732.9   3/2 -    0.0   1/2    0.1969   27.07    0.0836   46.70    0.467    0.936    732.9  0.508E+00  0.579E+00
     732.9   3/2 -  732.9   3/2   -0.5763            0.7285
     732.9   3/2 -  727.6   5/2    0.0695    9.56    0.0879   49.09    0.000    0.004      5.2  0.336E-11  0.223E-06


    1599.9   3/2 -    0.0   1/2    0.0000    0.00    0.0133    7.42    0.002    0.046   1599.9  0.204E-02  0.957E+00
    1599.9   3/2 -  732.9   3/2    0.0001    0.01    0.0114    6.38    0.004   -0.065    867.0  0.560E-03  0.131E+00
    1599.9   3/2 - 1599.9   3/2    0.6288           -0.2410
    1599.9   3/2 -  727.6   5/2    0.0001    0.02    0.0025    1.39    0.027    0.166    872.3  0.798E-03  0.291E-01
    1599.9   3/2 - 1525.5   5/2    0.0654    8.99    0.0218   12.16    0.011   -0.107     74.4  0.182E-05  0.158E-03


     727.6   5/2 -    0.0   1/2    0.1981   27.24    0.0000    0.00    1.000    0.000    727.6  0.493E+00  0.000E+00
     727.6   5/2 -  727.6   5/2   -0.8112            1.1268
    1525.5   5/2 -    0.0   1/2    0.0000    0.00    0.0000    0.00    1.000    0.000   1525.5  0.141E-02  0.000E+00
    1525.5   5/2 -  732.9   3/2    0.0004    0.05    0.0023    1.29    0.070    0.273    792.6  0.151E-02  0.202E-01
    1525.5   5/2 -  727.6   5/2    0.0018    0.25    0.0020    1.09    0.291    0.641    797.8  0.717E-02  0.174E-01


    1525.5   5/2 - 1525.5   5/2    0.9448            1.0212
    2299.5   5/2 -    0.0   1/2    0.0001    0.02    0.0000    0.00    1.000    0.000   2299.5  0.871E-01  0.000E+00
    2299.5   5/2 -  732.9   3/2    0.0003    0.05    0.0071    3.97    0.076   -0.286   1566.6  0.394E-01  0.482E+00
    2299.5   5/2 - 1599.9   3/2    0.2717   37.35    0.1510   84.31    0.379   -0.781    699.6  0.555E+00  0.910E+00
    2299.5   5/2 -  727.6   5/2    0.0006    0.08    0.0080    4.44    0.109   -0.349   1571.9  0.664E-01  0.544E+00


    2299.5   5/2 - 1525.5   5/2    0.0521    7.17    0.0399   22.26    0.352    0.737    774.0  0.177E+00  0.325E+00
    2299.5   5/2 - 2299.5   5/2   -0.0085            0.4299
    2299.5   5/2 - 2242.8   7/2    0.0000    0.01    0.0243   13.56    0.000   -0.002     56.7  0.276E-09  0.779E-04
    2299.5   5/2 - 2291.8   7/2    0.0012    0.16    0.0162    9.05    0.000   -0.002      7.7  0.377E-12  0.128E-06
    2299.5   5/2 - 2263.8   9/2    0.0000    0.00    0.0000    0.00    1.000    0.000     35.7  0.311E-11  0.000E+00


    2626.5   5/2 -    0.0   1/2    0.0092    1.27    0.0000    0.00    1.000    0.000   2626.5  0.140E+02  0.000E+00
    2626.5   5/2 - 2581.3   1/2    0.0007    0.09    0.0000    0.00    1.000    0.000     45.2  0.156E-08  0.000E+00
    2626.5   5/2 -  732.9   3/2    0.0154    2.12    0.0121    6.77    0.759    1.777   1893.6  0.457E+01  0.145E+01
    2626.5   5/2 - 1599.9   3/2    0.0015    0.20    0.0011    0.62    0.488   -0.976   1026.6  0.202E-01  0.212E-01
    2626.5   5/2 -  727.6   5/2    0.0484    6.66    0.0139    7.76    0.897    2.952   1898.8  0.146E+02  0.167E+01


    2626.5   5/2 - 1525.5   5/2    0.0009    0.12    0.0000    0.00    0.992   11.171   1101.0  0.179E-01  0.143E-03
    2626.5   5/2 - 2299.5   5/2    0.0014    0.20    0.0031    1.71    0.033    0.186    327.0  0.649E-04  0.188E-02
    2626.5   5/2 - 2626.5   5/2    0.9137            1.4801
    2626.5   5/2 - 2242.8   7/2    0.0009    0.12    0.0007    0.39    0.114    0.358    383.7  0.899E-04  0.700E-03
    2626.5   5/2 - 2291.8   7/2    0.0052    0.71    0.0062    3.44    0.061    0.255    334.6  0.265E-03  0.406E-02


    2626.5   5/2 - 2263.8   9/2    0.0088    1.20    0.0000    0.00    1.000    0.000    362.7  0.670E-03  0.000E+00
    2242.8   7/2 -  732.9   3/2    0.0341    4.69    0.0000    0.00    1.000    0.000   1509.9  0.327E+01  0.000E+00
    2242.8   7/2 - 1599.9   3/2    0.0216    2.97    0.0000    0.00    1.000    0.000    642.9  0.289E-01  0.000E+00
    2242.8   7/2 -  727.6   5/2    0.0030    0.42    0.0062    3.48    0.438    0.883   1515.2  0.297E+00  0.381E+00
    2242.8   7/2 - 1525.5   5/2    0.2663   36.61    0.0000    0.00    1.000    0.000    717.3  0.617E+00  0.156E-06


    2242.8   7/2 - 2242.8   7/2    0.0025            1.4549
    2291.8   7/2 -  732.9   3/2    0.2255   31.00    0.0000    0.00    1.000    0.000   1559.0  0.253E+02  0.000E+00
    2291.8   7/2 - 1599.9   3/2    0.0042    0.58    0.0000    0.00    1.000    0.000    691.9  0.818E-02  0.000E+00
    2291.8   7/2 -  727.6   5/2    0.0245    3.36    0.1266   70.70    0.247    0.572   1564.2  0.279E+01  0.853E+01
    2291.8   7/2 - 1525.5   5/2    0.0357    4.91    0.0004    0.23    0.972   -5.923    766.4  0.115E+00  0.328E-02


    2291.8   7/2 - 2242.8   7/2    0.0138    1.89    0.0005    0.30    0.041   -0.206     49.0  0.476E-07  0.112E-05
    2291.8   7/2 - 2291.8   7/2   -0.6660            1.1942
    2291.8   7/2 - 2263.8   9/2    0.0077    1.06    0.0368   20.53    0.000    0.011     28.0  0.163E-08  0.143E-04
    2263.8   9/2 -  727.6   5/2    0.2873   39.49    0.0000    0.00    1.000    0.000   1536.2  0.300E+02  0.000E+00
    2263.8   9/2 - 1525.5   5/2    0.0002    0.03    0.0000    0.00    1.000    0.000    738.3  0.619E-03  0.000E+00


    2263.8   9/2 - 2242.8   7/2    0.0065    0.89    0.0090    5.03    0.000    0.015     21.0  0.324E-09  0.147E-05
    2263.8   9/2 - 2263.8   9/2   -0.8107            2.0260

 TIME=  0.0 SEC
