 PARITY=-   EPS= 0.264   GAMMA= 24.0   EPS4=0.000   EPS6=0.000   LEVELS:  29  30  31  32  33
0   Z= 82   A=207   IQ=1   GSFAC= 0.75   GR=  0.40   MIN SPIN=  1/2   MAX SPIN= 13/2   KMAX= 13/2

 MICR QUADR MOMENTS:  Q0=1309.151  Q2=-311.636 FM**2


   B(E2) AND Q(E2) IN E2B2 AND EB,   B(M1) AND M(M1) INNM2 AND NM,   T(E2) AND T(M1) IN 1/PS

       E1     II      EF     IF     B(E2)             B(M1)              GD        D       EREL    T(E2)      T(M1)
                                             WU               MWU

      74.2   1/2 -   74.2   1/2    0.0000            0.5394
      74.2   1/2 -    0.0   3/2    0.1116   15.35    0.0896   50.05    0.005   -0.069     74.2  0.307E-05  0.645E-03
     542.9   1/2 -   74.2   1/2    0.0000    0.00    0.0017    0.95    0.000    0.000    468.7  0.000E+00  0.308E-02
     542.9   1/2 -  542.9   1/2    0.0000            0.5307
     542.9   1/2 -    0.0   3/2    0.0000    0.00    0.0159    8.91    0.000    0.000    542.9  0.152E-25  0.449E-01


     542.9   1/2 -  274.1   3/2    0.0000    0.00    0.0054    3.00    0.000    0.000    268.8  0.861E-26  0.184E-02
     542.9   1/2 -  260.4   5/2    0.0000    0.00    0.0000    0.00    1.000    0.000    282.5  0.597E-26  0.000E+00
    2163.6   1/2 -   74.2   1/2    0.0000    0.00    0.0508   28.35    0.000    0.000   2089.4  0.000E+00  0.815E+01
    2163.6   1/2 -  542.9   1/2    0.0000    0.00    0.0132    7.38    0.000    0.000   1620.7  0.000E+00  0.991E+00
    2163.6   1/2 - 2163.6   1/2    0.0000           -0.1195


    2163.6   1/2 -    0.0   3/2    0.0000    0.00    0.0259   14.47    0.000    0.000   2163.6  0.326E-24  0.462E+01
    2163.6   1/2 -  274.1   3/2    0.0000    0.00    0.1379   77.01    0.000    0.000   1889.5  0.597E-23  0.164E+02
    2163.6   1/2 - 1130.2   3/2    0.0000    0.00    0.0135    7.53    0.000   -0.000   1033.4  0.781E-24  0.262E+00
    2163.6   1/2 -  260.4   5/2    0.0000    0.00    0.0000    0.00    1.000    0.000   1903.2  0.481E-23  0.000E+00
    2163.6   1/2 - 1248.7   5/2    0.0000    0.00    0.0000    0.00    1.000    0.000    914.9  0.718E-24  0.000E+00


    2163.6   1/2 - 1476.6   5/2    0.0000    0.00    0.0000    0.00    1.000    0.000    687.0  0.936E-25  0.000E+00
       0.0   3/2 -    0.0   3/2    0.9564            0.8171
     274.1   3/2 -   74.2   1/2    3.7402  514.19    0.1730   96.65    0.374   -0.774    199.9  0.146E-01  0.243E-01
     274.1   3/2 -    0.0   3/2    3.3412  459.33    0.1015   56.69    0.632    1.309    274.1  0.631E-01  0.368E-01
     274.1   3/2 -  274.1   3/2   -0.9564           -0.0383


     274.1   3/2 -  260.4   5/2    0.0042    0.58    0.0055    3.06    0.000    0.010     13.7  0.249E-10  0.248E-06
    1130.2   3/2 -   74.2   1/2    0.0000    0.00    0.0049    2.75    0.000    0.000   1056.0  0.232E-16  0.102E+00
    1130.2   3/2 -  542.9   1/2    3.7581  516.64    0.0875   48.88    0.911    3.204    587.3  0.320E+01  0.312E+00
    1130.2   3/2 -    0.0   3/2    0.0000    0.00    0.0001    0.06    0.000   -0.000   1130.2  0.126E-24  0.291E-02
    1130.2   3/2 -  274.1   3/2    0.0000    0.00    0.0121    6.77    0.000   -0.000    856.1  0.290E-25  0.134E+00


    1130.2   3/2 - 1130.2   3/2   -1.9760            0.9206
    1130.2   3/2 -  260.4   5/2    0.0000    0.00    0.0042    2.36    0.000    0.000    869.8  0.330E-25  0.489E-01
     260.4   5/2 -   74.2   1/2    1.4689  201.94    0.0000    0.00    1.000    0.000    186.2  0.401E-02  0.000E+00
     260.4   5/2 -    0.0   3/2    5.8739  807.52    0.0249   13.89    0.917    3.332    260.4  0.858E-01  0.773E-02
     260.4   5/2 -  260.4   5/2   -0.7181            1.4221


    1248.7   5/2 -   74.2   1/2    0.0000    0.00    0.0000    0.00    1.000    0.000   1174.5  0.390E-16  0.000E+00
    1248.7   5/2 -  542.9   1/2    3.7106  510.11    0.0000    0.00    1.000    0.000    705.8  0.793E+01  0.000E+00
    1248.7   5/2 -    0.0   3/2    0.0000    0.00    0.0001    0.04    0.000    0.000   1248.7  0.161E-23  0.247E-02
    1248.7   5/2 -  274.1   3/2    0.0000    0.00    0.0001    0.07    0.000    0.000    974.6  0.144E-23  0.203E-02
    1248.7   5/2 - 1130.2   3/2    0.6170   84.82    0.1204   67.25    0.048    0.223    118.5  0.176E-03  0.353E-02


    1248.7   5/2 -  260.4   5/2    0.0000    0.00    0.0085    4.74    0.000    0.000    988.3  0.232E-24  0.144E+00
    1248.7   5/2 - 1248.7   5/2   -3.0400            1.0505
    1248.7   5/2 - 1094.0   9/2    0.0000    0.00    0.0000    0.00    1.000    0.000    154.8  0.164E-27  0.000E+00
    1476.6   5/2 -   74.2   1/2    0.0000    0.00    0.0000    0.00    1.000    0.000   1402.4  0.337E-11  0.000E+00
    1476.6   5/2 -  542.9   1/2    0.0000    0.00    0.0000    0.00    1.000    0.000    933.7  0.736E-22  0.000E+00


    1476.6   5/2 -    0.0   3/2    0.0000    0.00    0.0002    0.10    0.000   -0.000   1476.6  0.107E-11  0.101E-01
    1476.6   5/2 -  274.1   3/2    0.0000    0.00    0.0001    0.03    0.000   -0.000   1202.5  0.514E-12  0.160E-02
    1476.6   5/2 - 1130.2   3/2    0.0000    0.00    0.0000    0.01    0.000   -0.000    346.4  0.528E-25  0.141E-04
    1476.6   5/2 -  260.4   5/2    0.0000    0.00    0.0001    0.04    0.000    0.000   1216.2  0.120E-12  0.246E-02
    1476.6   5/2 - 1248.7   5/2    0.0000    0.00    0.0005    0.31    0.000    0.000    227.9  0.591E-26  0.114E-03


    1476.6   5/2 - 1476.6   5/2    4.7321            0.8032
    1476.6   5/2 - 1392.7   7/2    0.0000    0.00    0.0000    0.00    0.000    0.000     83.9  0.353E-17  0.483E-07
    1476.6   5/2 - 1429.1   7/2    0.0000    0.00    0.0000    0.00    0.000   -0.000     47.6  0.296E-19  0.374E-08
    1476.6   5/2 - 1094.0   9/2    1.5187  208.79    0.0000    0.00    1.000    0.000    382.7  0.152E+00  0.000E+00
    1476.6   5/2 - 1434.0   9/2    0.0000    0.00    0.0000    0.00    1.000    0.000     42.6  0.114E-19  0.000E+00


    1392.7   7/2 -    0.0   3/2    1.4680  201.81    0.0000    0.00    1.000    0.000   1392.7  0.938E+02  0.000E+00
    1392.7   7/2 -  274.1   3/2    1.5588  214.30    0.0000    0.00    1.000    0.000   1118.6  0.333E+02  0.000E+00
    1392.7   7/2 - 1130.2   3/2    0.0000    0.00    0.0000    0.00    1.000    0.000    262.5  0.238E-26  0.000E+00
    1392.7   7/2 -  260.4   5/2    1.5588  214.29    0.0634   35.40    0.956    4.675   1132.3  0.354E+02  0.162E+01
    1392.7   7/2 - 1248.7   5/2    0.0000    0.00    0.0007    0.40    0.000   -0.000    144.0  0.152E-27  0.372E-04


    1392.7   7/2 - 1392.7   7/2   -1.8730            1.4874
    1392.7   7/2 - 1094.0   9/2    0.0000    0.00    0.0000    0.01    0.000    0.000    298.7  0.106E-25  0.101E-04
    1392.7   7/2 -  740.2  11/2    0.0000    0.00    0.0000    0.00    1.000    0.000    652.5  0.935E-24  0.000E+00
    1429.1   7/2 -    0.0   3/2    1.0694  147.01    0.0000    0.00    1.000    0.000   1429.1  0.778E+02  0.000E+00
    1429.1   7/2 -  274.1   3/2    3.2356  444.81    0.0000    0.00    1.000    0.000   1155.0  0.811E+02  0.000E+00


    1429.1   7/2 - 1130.2   3/2    0.0000    0.00    0.0000    0.00    1.000    0.000    298.9  0.384E-26  0.000E+00
    1429.1   7/2 -  260.4   5/2    0.0338    4.64    0.0904   50.49    0.261   -0.595   1168.7  0.898E+00  0.254E+01
    1429.1   7/2 - 1248.7   5/2    0.0000    0.00    0.0097    5.44    0.000    0.000    180.4  0.108E-28  0.101E-02
    1429.1   7/2 - 1392.7   7/2    0.2286   31.43    0.0227   12.66    0.009   -0.096     36.4  0.178E-06  0.192E-04
    1429.1   7/2 - 1429.1   7/2   -4.2817            0.5808


    1429.1   7/2 - 1094.0   9/2    0.0000    0.00    0.0000    0.00    0.000    0.000    335.1  0.563E-26  0.339E-06
    1429.1   7/2 -  740.2  11/2    0.0000    0.00    0.0000    0.00    1.000    0.000    688.9  0.148E-23  0.000E+00
    2093.4   7/2 -    0.0   3/2    0.0000    0.00    0.0000    0.00    1.000    0.000   2093.4  0.550E-26  0.000E+00
    2093.4   7/2 -  274.1   3/2    0.0000    0.00    0.0000    0.00    1.000    0.000   1819.3  0.385E-27  0.000E+00
    2093.4   7/2 - 1130.2   3/2    0.0000    0.00    0.0000    0.00    1.000    0.000    963.2  0.746E-25  0.000E+00


    2093.4   7/2 -  260.4   5/2    0.0000    0.00    0.0000    0.00    0.000    0.000   1833.0  0.307E-25  0.753E-17
    2093.4   7/2 - 1248.7   5/2    0.0000    0.00    0.0000    0.00    0.000   -0.017    844.7  0.514E-26  0.181E-22
    2093.4   7/2 - 1476.6   5/2    0.0000    0.00    0.0000    0.00    0.140    0.404    616.7  0.221E-25  0.135E-24
    2093.4   7/2 - 1392.7   7/2    0.0000    0.00    0.0000    0.00    0.000   -0.000    700.7  0.148E-23  0.126E-16
    2093.4   7/2 - 1429.1   7/2    0.0000    0.00    0.0000    0.00    0.000    0.000    664.3  0.145E-23  0.324E-16


    2093.4   7/2 - 2093.4   7/2   -5.1509           -1.7875
    2093.4   7/2 - 1094.0   9/2    0.0000    0.00    0.0000    0.00    0.004    0.067    999.4  0.689E-28  0.153E-25
    2093.4   7/2 - 1434.0   9/2    0.0000    0.00    0.0000    0.00    0.000   -0.000    659.4  0.761E-28  0.573E-17
    2093.4   7/2 -  740.2  11/2    5.0607  695.72    0.0000    0.00    1.000    0.000   1353.2  0.280E+03  0.000E+00
    1094.0   9/2 -  260.4   5/2    0.0000    0.00    0.0000    0.00    1.000    0.000    833.5  0.392E-23  0.000E+00


    1094.0   9/2 - 1094.0   9/2    7.1603            1.5702
    1094.0   9/2 -  740.2  11/2    0.0000    0.00    0.0000    0.00    0.991   10.268    353.7  0.772E-27  0.732E-29
    1434.0   9/2 -  260.4   5/2    5.0609  695.75    0.0000    0.00    1.000    0.000   1173.6  0.137E+03  0.000E+00
    1434.0   9/2 - 1248.7   5/2    0.0000    0.00    0.0000    0.00    1.000    0.000    185.3  0.149E-27  0.000E+00
    1434.0   9/2 - 1392.7   7/2    1.5854  217.95    0.0221   12.35    0.078    0.291     41.3  0.233E-05  0.275E-04


    1434.0   9/2 - 1429.1   7/2    0.9067  124.64    0.0035    1.93    0.004    0.067      4.9  0.324E-10  0.732E-08
    1434.0   9/2 - 1094.0   9/2    0.0000    0.00    0.0000    0.01    0.000    0.000    340.1  0.784E-27  0.636E-05
    1434.0   9/2 - 1434.0   9/2   -2.1572            2.2782
    1434.0   9/2 -  740.2  11/2    0.0000    0.00    0.0000    0.00    0.000    0.000    693.8  0.828E-29  0.528E-18
    2540.6   9/2 -  260.4   5/2    0.0000    0.00    0.0000    0.00    1.000    0.000   2280.2  0.748E-24  0.000E+00


    2540.6   9/2 - 1248.7   5/2    5.2361  719.83    0.0000    0.00    1.000    0.000   1291.9  0.230E+03  0.000E+00
    2540.6   9/2 - 1476.6   5/2    0.0000    0.00    0.0000    0.00    1.000    0.000   1064.0  0.210E-21  0.000E+00
    2540.6   9/2 - 1392.7   7/2    0.0000    0.00    0.0003    0.19    0.000    0.000   1147.9  0.529E-24  0.893E-02
    2540.6   9/2 - 1429.1   7/2    0.0000    0.00    0.0002    0.11    0.000    0.000   1111.5  0.406E-24  0.466E-02
    2540.6   9/2 - 2093.4   7/2    0.0000    0.00    0.0000    0.00    0.000   -0.000    447.2  0.209E-28  0.831E-21


    2540.6   9/2 - 1094.0   9/2    0.0000    0.00    0.0001    0.05    0.000   -0.000   1446.7  0.124E-25  0.498E-02
    2540.6   9/2 - 1434.0   9/2    0.0000    0.00    0.0127    7.11    0.000   -0.000   1106.6  0.215E-26  0.303E+00
    2540.6   9/2 - 2540.6   9/2   -2.5418            1.6874
    2540.6   9/2 -  740.2  11/2    0.0000    0.00    0.0000    0.00    0.000    0.003   1800.4  0.243E-26  0.385E-21
    2540.6   9/2 - 2234.6  11/2    0.0000    0.00    0.0004    0.22    0.000    0.000    306.0  0.121E-29  0.202E-03


     740.2  11/2 -  740.2  11/2   -6.5513           -1.2502
    2234.6  11/2 - 1392.7   7/2    0.0000    0.00    0.0000    0.00    1.000    0.000    841.9  0.658E-24  0.000E+00
    2234.6  11/2 - 1429.1   7/2    0.0000    0.00    0.0000    0.00    1.000    0.000    805.5  0.686E-24  0.000E+00
    2234.6  11/2 - 2093.4   7/2    0.0000    0.00    0.0000    0.00    1.000    0.000    141.2  0.282E-29  0.000E+00
    2234.6  11/2 - 1094.0   9/2    4.9521  680.79    0.0026    1.43    0.999  -41.764   1140.7  0.117E+03  0.669E-01


    2234.6  11/2 - 1434.0   9/2    0.0000    0.00    0.0000    0.01    0.000    0.000    800.6  0.114E-24  0.191E-03
    2234.6  11/2 -  740.2  11/2    0.0000    0.00    0.0000    0.00    0.114   -0.358   1494.4  0.390E-24  0.304E-23
    2234.6  11/2 - 2234.6  11/2    3.6670            2.0034
    2868.7  13/2 - 1094.0   9/2    0.0000    0.00    0.0000    0.00    1.000    0.000   1774.8  0.763E-22  0.000E+00
    2868.7  13/2 - 1434.0   9/2    0.0000    0.00    0.0000    0.00    1.000    0.000   1434.7  0.148E-21  0.000E+00


    2868.7  13/2 - 2540.6   9/2    0.0000    0.00    0.0000    0.00    1.000    0.000    328.1  0.277E-29  0.000E+00
    2868.7  13/2 -  740.2  11/2    2.4159  332.13    0.5713  319.07    0.930    3.644   2128.5  0.129E+04  0.970E+02
    2868.7  13/2 - 2234.6  11/2    0.0000    0.00    0.0000    0.00    0.435    0.878    634.1  0.463E-24  0.601E-24
    2868.7  13/2 - 2868.7  13/2   -4.4072           -0.2722

 TIME=  0.0 SEC
