 PARITY=-   EPS= 0.387   GAMMA= 40.0   EPS4=0.000   EPS6=0.000   LEVELS:  30  31  32  33  34
0   Z= 82   A=207   IQ=1   GSFAC= 0.75   GR=  0.40   MIN SPIN=  1/2   MAX SPIN= 13/2   KMAX= 13/2

 MICR QUADR MOMENTS:  Q0=1585.337  Q2=-651.743 FM**2


   B(E2) AND Q(E2) IN E2B2 AND EB,   B(M1) AND M(M1) INNM2 AND NM,   T(E2) AND T(M1) IN 1/PS

       E1     II      EF     IF     B(E2)             B(M1)              GD        D       EREL    T(E2)      T(M1)
                                             WU               MWU

       0.0   1/2 -    0.0   1/2    0.0000            0.5389
     809.4   1/2 -    0.0   1/2    0.0000    0.00    0.0045    2.53    0.000    0.000    809.4  0.000E+00  0.422E-01
     809.4   1/2 -  809.4   1/2    0.0000           -0.5688
     809.4   1/2 -  627.8   3/2    0.0000    0.00    0.0170    9.51    0.000   -0.000    181.6  0.129E-19  0.180E-02
     809.4   1/2 -  796.9   5/2    0.0000    0.00    0.0000    0.00    1.000    0.000     12.5  0.295E-25  0.000E+00


    1548.4   1/2 -    0.0   1/2    0.0000    0.00    0.0240   13.41    0.000    0.000   1548.4  0.000E+00  0.157E+01
    1548.4   1/2 -  809.4   1/2    0.0000    0.00    0.0010    0.57    0.000    0.000    739.0  0.000E+00  0.721E-02
    1548.4   1/2 - 1548.4   1/2    0.0000            0.5809
    1548.4   1/2 -  627.8   3/2    0.0000    0.00    0.1455   81.25    0.000    0.000    920.6  0.481E-24  0.200E+01
    1548.4   1/2 -  952.8   3/2    0.0000    0.00    0.0023    1.28    0.000   -0.000    595.6  0.158E-23  0.852E-02


    1548.4   1/2 -  796.9   5/2    0.0000    0.00    0.0000    0.00    1.000    0.000    751.5  0.889E-24  0.000E+00
     627.8   3/2 -    0.0   1/2    5.5949  769.16    0.1621   90.55    0.904    3.071    627.8  0.666E+01  0.706E+00
     627.8   3/2 -  627.8   3/2    2.7364           -0.0902
     952.8   3/2 -    0.0   1/2    0.0000    0.00    0.0099    5.51    0.000   -0.000    952.8  0.231E-16  0.150E+00
     952.8   3/2 -  809.4   1/2    5.0567  695.17    0.0032    1.77    0.958   -4.764    143.4  0.374E-02  0.165E-03


     952.8   3/2 -  627.8   3/2    0.0000    0.00    0.0042    2.35    0.000    0.000    325.0  0.541E-25  0.254E-02
     952.8   3/2 -  952.8   3/2    3.1680            1.1330
     952.8   3/2 -  796.9   5/2    0.0000    0.00    0.0117    6.52    0.000   -0.000    155.9  0.146E-28  0.779E-03
    1907.4   3/2 -    0.0   1/2    0.0000    0.00    0.0450   25.14    0.000    0.000   1907.4  0.698E-16  0.550E+01
    1907.4   3/2 -  809.4   1/2    0.0000    0.00    0.0005    0.26    0.000    0.000   1098.0  0.846E-16  0.110E-01


    1907.4   3/2 - 1548.4   1/2    6.3266  869.74    0.0574   32.03    0.908    3.139    359.0  0.460E+00  0.467E-01
    1907.4   3/2 -  627.8   3/2    0.0000    0.00    0.0382   21.32    0.000    0.000   1279.6  0.236E-21  0.141E+01
    1907.4   3/2 -  952.8   3/2    0.0000    0.00    0.0055    3.09    0.000   -0.000    954.6  0.280E-23  0.846E-01
    1907.4   3/2 - 1907.4   3/2   -1.6331            0.6697
    1907.4   3/2 -  796.9   5/2    0.0000    0.00    0.0011    0.60    0.000    0.000   1110.5  0.548E-22  0.260E-01


    1907.4   3/2 - 1862.1   5/2    0.0000    0.00    0.0006    0.33    0.000   -0.000     45.3  0.189E-31  0.974E-06
     796.9   5/2 -    0.0   1/2    5.4830  753.77    0.0000    0.00    1.000    0.000    796.9  0.215E+02  0.000E+00
     796.9   5/2 -  627.8   3/2    1.1558  158.89    0.0076    4.25    0.751   -1.735    169.1  0.195E-02  0.648E-03
     796.9   5/2 -  796.9   5/2    4.0083            1.5580
    1862.1   5/2 -    0.0   1/2    0.0000    0.00    0.0000    0.00    1.000    0.000   1862.1  0.725E-15  0.000E+00


    1862.1   5/2 -  809.4   1/2    5.5616  764.58    0.0000    0.00    1.000    0.000   1052.6  0.877E+02  0.000E+00
    1862.1   5/2 - 1548.4   1/2    0.0000    0.00    0.0000    0.00    1.000    0.000    313.7  0.286E-24  0.000E+00
    1862.1   5/2 -  627.8   3/2    0.0000    0.00    0.0101    5.66    0.000   -0.000   1234.3  0.354E-22  0.335E+00
    1862.1   5/2 -  952.8   3/2    1.8724  257.41    0.2073  115.77    0.838    2.275    909.3  0.142E+02  0.274E+01
    1862.1   5/2 -  796.9   5/2    0.0000    0.00    0.0001    0.08    0.000   -0.000   1065.2  0.464E-23  0.307E-02


    1862.1   5/2 - 1862.1   5/2    3.0317            0.2928
    1862.1   5/2 - 1467.1   9/2    0.0000    0.00    0.0000    0.00    1.000    0.000    394.9  0.290E-28  0.000E+00
    2193.1   5/2 -    0.0   1/2    0.0000    0.00    0.0000    0.00    1.000    0.000   2193.1  0.820E-16  0.000E+00
    2193.1   5/2 -  809.4   1/2    0.0000    0.00    0.0000    0.00    1.000    0.000   1383.6  0.158E-15  0.000E+00
    2193.1   5/2 - 1548.4   1/2    3.7190  511.26    0.0000    0.00    1.000    0.000    644.7  0.505E+01  0.000E+00


    2193.1   5/2 -  627.8   3/2    0.0000    0.00    0.0001    0.08    0.000    0.000   1565.3  0.159E-25  0.939E-02
    2193.1   5/2 -  952.8   3/2    0.0000    0.00    0.0010    0.55    0.000    0.000   1240.3  0.389E-25  0.333E-01
    2193.1   5/2 - 1907.4   3/2    0.6191   85.10    0.0166    9.26    0.679   -1.453    285.6  0.144E-01  0.680E-02
    2193.1   5/2 -  796.9   5/2    0.0000    0.00    0.0388   21.68    0.000    0.000   1396.2  0.115E-23  0.186E+01
    2193.1   5/2 - 1862.1   5/2    0.0000    0.00    0.0005    0.29    0.000   -0.000    331.0  0.343E-24  0.336E-03


    2193.1   5/2 - 2193.1   5/2    5.6570            1.6307
    2193.1   5/2 - 2094.2   7/2    0.0000    0.00    0.0816   45.59    0.000   -0.000     98.9  0.563E-34  0.139E-02
    2193.1   5/2 - 1467.1   9/2    0.0000    0.00    0.0000    0.00    1.000    0.000    725.9  0.114E-27  0.000E+00
    2094.2   7/2 -  627.8   3/2    7.5285 1034.98    0.0000    0.00    1.000    0.000   1466.4  0.623E+03  0.000E+00
    2094.2   7/2 -  952.8   3/2    0.0000    0.00    0.0000    0.00    1.000    0.000   1141.4  0.509E-26  0.000E+00


    2094.2   7/2 - 1907.4   3/2    0.0000    0.00    0.0000    0.00    1.000    0.000    186.8  0.138E-26  0.000E+00
    2094.2   7/2 -  796.9   5/2    0.9592  131.87    0.2232  124.65    0.834    2.239   1297.3  0.430E+02  0.858E+01
    2094.2   7/2 - 1862.1   5/2    0.0000    0.00    0.0077    4.28    0.000   -0.000    232.1  0.759E-28  0.169E-02
    2094.2   7/2 - 2094.2   7/2    2.9307            0.8697
    2094.2   7/2 - 1467.1   9/2    0.0000    0.00    0.0000    0.00    0.000    0.000    627.0  0.238E-30  0.431E-23


    2219.4   7/2 -  627.8   3/2    0.0000    0.00    0.0000    0.00    1.000    0.000   1591.6  0.232E-19  0.000E+00
    2219.4   7/2 -  952.8   3/2    7.2613  998.24    0.0000    0.00    1.000    0.000   1266.6  0.289E+03  0.000E+00
    2219.4   7/2 - 1907.4   3/2    0.0000    0.00    0.0000    0.00    1.000    0.000    312.0  0.116E-27  0.000E+00
    2219.4   7/2 -  796.9   5/2    0.0000    0.00    0.0107    5.98    0.000   -0.000   1422.5  0.137E-20  0.542E+00
    2219.4   7/2 - 1862.1   5/2    0.3205   44.07    0.0069    3.87    0.804   -2.025    357.3  0.228E-01  0.556E-02


    2219.4   7/2 - 2193.1   5/2    0.0000    0.00    0.0014    0.78    0.000    0.000     26.3  0.370E-32  0.446E-06
    2219.4   7/2 - 2094.2   7/2    0.0000    0.00    0.0039    2.19    0.000    0.000    125.2  0.142E-25  0.135E-03
    2219.4   7/2 - 2219.4   7/2    3.8790            2.0212
    2219.4   7/2 - 1467.1   9/2    0.0000    0.00    0.0000    0.00    0.024   -0.156    752.2  0.550E-28  0.226E-26
    2827.4   7/2 -  627.8   3/2    0.0000    0.00    0.0000    0.00    1.000    0.000   2199.6  0.855E-23  0.000E+00


    2827.4   7/2 -  952.8   3/2    0.0000    0.00    0.0000    0.00    1.000    0.000   1874.6  0.581E-22  0.000E+00
    2827.4   7/2 - 1907.4   3/2    6.9207  951.42    0.0000    0.00    1.000    0.000    920.0  0.556E+02  0.000E+00
    2827.4   7/2 -  796.9   5/2    0.0000    0.00    0.0515   28.77    0.000    0.000   2030.5  0.140E-22  0.759E+01
    2827.4   7/2 - 1862.1   5/2    0.0000    0.00    0.0004    0.20    0.000    0.000    965.3  0.293E-22  0.563E-02
    2827.4   7/2 - 2193.1   5/2    4.3710  600.90    0.0403   22.51    0.968    5.500    634.4  0.548E+01  0.181E+00


    2827.4   7/2 - 2094.2   7/2    0.0000    0.00    0.0219   12.21    0.000    0.000    733.2  0.273E-26  0.152E+00
    2827.4   7/2 - 2219.4   7/2    0.0000    0.00    0.0070    3.90    0.000   -0.000    608.0  0.141E-24  0.276E-01
    2827.4   7/2 - 2827.4   7/2    1.3941            1.5624
    2827.4   7/2 - 1467.1   9/2    0.0000    0.00    0.0000    0.00    0.000   -0.007   1360.3  0.230E-27  0.430E-23
    2827.4   7/2 - 2408.0   9/2    0.0000    0.00    0.0019    1.07    0.000    0.000    419.4  0.466E-26  0.248E-02


    2827.4   7/2 - 2797.9  11/2    0.0000    0.00    0.0000    0.00    1.000    0.000     29.5  0.340E-26  0.000E+00
    1467.1   9/2 -  796.9   5/2    0.0000    0.00    0.0000    0.00    1.000    0.000    670.2  0.559E-28  0.000E+00
    1467.1   9/2 - 1467.1   9/2   -8.7799           -0.7578
    1467.1   9/2 - 1147.7  13/2    4.8916  672.47    0.0000    0.00    1.000    0.000    319.4  0.198E+00  0.000E+00
    2408.0   9/2 -  796.9   5/2    8.4854 1166.53    0.0000    0.00    1.000    0.000   1611.1  0.112E+04  0.000E+00


    2408.0   9/2 - 1862.1   5/2    0.0000    0.00    0.0000    0.00    1.000    0.000    545.9  0.182E-24  0.000E+00
    2408.0   9/2 - 2193.1   5/2    0.0000    0.00    0.0000    0.00    1.000    0.000    214.9  0.129E-30  0.000E+00
    2408.0   9/2 - 2094.2   7/2    0.0897   12.33    0.0191   10.67    0.243   -0.566    313.8  0.333E-02  0.104E-01
    2408.0   9/2 - 2219.4   7/2    0.0000    0.00    0.0107    5.98    0.000   -0.000    188.6  0.588E-26  0.126E-02
    2408.0   9/2 - 1467.1   9/2    0.0000    0.00    0.0000    0.00    0.000    0.001    940.9  0.754E-29  0.479E-23


    2408.0   9/2 - 2408.0   9/2    3.2895            2.3172
    2408.0   9/2 - 1147.7  13/2    0.0000    0.00    0.0000    0.00    1.000    0.000   1260.3  0.129E-26  0.000E+00
    2797.9  11/2 - 2094.2   7/2    0.0000    0.00    0.0000    0.00    1.000    0.000    703.7  0.930E-19  0.000E+00
    2797.9  11/2 - 2219.4   7/2    0.0000    0.00    0.0000    0.00    1.000    0.000    578.5  0.684E-20  0.000E+00
    2797.9  11/2 - 1467.1   9/2    7.7221 1061.59    0.3494  195.15    0.964    5.209   1330.8  0.393E+03  0.145E+02


    2797.9  11/2 - 2408.0   9/2    0.0000    0.00    0.0000    0.00    0.432    0.872    389.9  0.884E-21  0.116E-20
    2797.9  11/2 - 2797.9  11/2   -4.6483            0.0330
    2797.9  11/2 - 1147.7  13/2    0.3714   51.06    0.0120    6.71    0.983   -7.641   1650.2  0.554E+02  0.950E+00
    1147.7  13/2 - 1147.7  13/2  -10.4979           -0.1025

 TIME=  0.0 SEC
