 PARITY=-   EPS= 0.052   GAMMA= 45.0   EPS4=0.000   EPS6=0.000   LEVELS:  32  33  34  35  36
0   Z= 82   A=207   IQ=0   GSFAC= 0.75   GR=  0.40   MIN SPIN=  1/2   MAX SPIN= 13/2   KMAX= 13/2

 MACR QUADR MOMENTS:  Q0= 121.689  Q2= -82.884 FM**2


   B(E2) AND Q(E2) IN E2B2 AND EB,   B(M1) AND M(M1) INNM2 AND NM,   T(E2) AND T(M1) IN 1/PS

       E1     II      EF     IF     B(E2)             B(M1)              GD        D       EREL    T(E2)      T(M1)
                                             WU               MWU

       0.0   1/2 -    0.0   1/2    0.0000            0.5182
     614.4   1/2 -    0.0   1/2    0.0000    0.00    0.0052    2.91    0.000    0.000    614.4  0.000E+00  0.212E-01
     614.4   1/2 -  614.4   1/2    0.0000            0.2437
     614.4   1/2 -  355.2   5/2    0.0830   11.41    0.0000    0.00    1.000    0.000    259.2  0.118E-02  0.000E+00
     637.0   3/2 -    0.0   1/2    0.0465    6.40    0.2139  119.47    0.058    0.247    637.0  0.596E-01  0.973E+00


     637.0   3/2 -  614.4   1/2    0.0000    0.00    0.0144    8.04    0.000   -0.001     22.6  0.882E-12  0.294E-05
     637.0   3/2 -  637.0   3/2    0.2372           -0.0668
     637.0   3/2 -  355.2   5/2    0.0168    2.31    0.0033    1.87    0.217    0.526    281.8  0.365E-03  0.132E-02
     670.2   3/2 -    0.0   1/2    0.0057    0.78    0.0166    9.25    0.097    0.327    670.2  0.941E-02  0.878E-01
     670.2   3/2 -  614.4   1/2    0.0095    1.30    0.0109    6.07    0.002    0.043     55.8  0.625E-07  0.332E-04


     670.2   3/2 -  637.0   3/2    0.0182    2.50    0.0604   33.73    0.000   -0.015     33.1  0.888E-08  0.387E-04
     670.2   3/2 -  670.2   3/2   -0.1287            0.2173
     670.2   3/2 -  355.2   5/2    0.0417    5.73    0.0005    0.29    0.844    2.330    315.0  0.158E-02  0.290E-03
     355.2   5/2 -    0.0   1/2    0.0079    1.09    0.0000    0.00    1.000    0.000    355.2  0.546E-03  0.000E+00
     355.2   5/2 -  355.2   5/2    0.3536            1.1057


     843.4   5/2 -    0.0   1/2    0.0453    6.23    0.0000    0.00    1.000    0.000    843.4  0.236E+00  0.000E+00
     843.4   5/2 -  614.4   1/2    0.0056    0.77    0.0000    0.00    1.000    0.000    229.0  0.432E-04  0.000E+00
     843.4   5/2 -  637.0   3/2    0.0064    0.88    0.0039    2.19    0.046   -0.219    206.4  0.291E-04  0.608E-03
     843.4   5/2 -  670.2   3/2    0.0117    1.61    0.0007    0.41    0.249    0.576    173.2  0.222E-04  0.672E-04
     843.4   5/2 -  355.2   5/2    0.0005    0.06    0.0101    5.62    0.008    0.087    488.2  0.157E-03  0.206E-01


     843.4   5/2 -  843.4   5/2    0.4378            1.5775
    2103.9   5/2 -    0.0   1/2    0.0001    0.01    0.0000    0.00    1.000    0.000   2103.9  0.275E-01  0.000E+00
    2103.9   5/2 -  614.4   1/2    0.0192    2.63    0.0000    0.00    1.000    0.000   1489.5  0.171E+01  0.000E+00
    2103.9   5/2 -  637.0   3/2    0.0067    0.92    0.0117    6.56    0.458    0.920   1466.9  0.552E+00  0.653E+00
    2103.9   5/2 -  670.2   3/2    0.0303    4.16    0.0059    3.28    0.880    2.711   1433.7  0.224E+01  0.305E+00


    2103.9   5/2 -  355.2   5/2    0.0073    1.00    0.0000    0.00    1.000  133.169   1748.7  0.145E+01  0.819E-04
    2103.9   5/2 -  843.4   5/2    0.0011    0.15    0.0212   11.82    0.053    0.236   1260.5  0.416E-01  0.746E+00
    2103.9   5/2 - 2103.9   5/2    0.2299            0.7943
    2103.9   5/2 - 1721.7   7/2    0.0229    3.15    0.0021    1.15    0.529    1.059    382.2  0.228E-02  0.203E-02
    2103.9   5/2 - 1360.0   9/2    0.0009    0.13    0.0000    0.00    1.000    0.000    743.9  0.257E-02  0.000E+00


    1721.7   7/2 -  637.0   3/2    0.0064    0.87    0.0000    0.00    1.000    0.000   1084.7  0.116E+00  0.000E+00
    1721.7   7/2 -  670.2   3/2    0.0361    4.96    0.0000    0.00    1.000    0.000   1051.5  0.566E+00  0.000E+00
    1721.7   7/2 -  355.2   5/2    0.0238    3.27    0.0089    4.99    0.775    1.857   1366.5  0.138E+01  0.401E+00
    1721.7   7/2 -  843.4   5/2    0.0027    0.37    0.0001    0.05    0.943    4.062    878.3  0.170E-01  0.103E-02
    1721.7   7/2 - 1721.7   7/2    0.3627            1.3790


    1721.7   7/2 - 1360.0   9/2    0.0165    2.27    0.0020    1.09    0.434    0.875    361.8  0.125E-02  0.163E-02
    2234.7   7/2 -  637.0   3/2    0.0593    8.15    0.0000    0.00    1.000    0.000   1597.7  0.753E+01  0.000E+00
    2234.7   7/2 -  670.2   3/2    0.0105    1.44    0.0000    0.00    1.000    0.000   1564.5  0.120E+01  0.000E+00
    2234.7   7/2 -  355.2   5/2    0.0006    0.09    0.0044    2.45    0.259    0.591   1879.5  0.179E+00  0.513E+00
    2234.7   7/2 -  843.4   5/2    0.0070    0.96    0.3161  176.53    0.029    0.172   1391.3  0.444E+00  0.150E+02


    2234.7   7/2 - 2103.9   5/2    0.0001    0.01    0.0053    2.97    0.000    0.015    130.8  0.495E-07  0.209E-03
    2234.7   7/2 - 1721.7   7/2    0.0000    0.00    0.0131    7.30    0.000   -0.007    513.0  0.164E-05  0.311E-01
    2234.7   7/2 - 2234.7   7/2    0.4970            0.4951
    2234.7   7/2 - 1360.0   9/2    0.0001    0.02    0.0017    0.97    0.033    0.185    874.7  0.699E-03  0.204E-01
    1360.0   9/2 -  355.2   5/2    0.0685    9.41    0.0000    0.00    1.000    0.000   1004.7  0.856E+00  0.000E+00


    1360.0   9/2 -  843.4   5/2    0.0008    0.12    0.0000    0.00    1.000    0.000    516.5  0.379E-03  0.000E+00
    1360.0   9/2 - 1360.0   9/2    0.5291            1.8975
    2557.5   9/2 -  355.2   5/2    0.0014    0.19    0.0000    0.00    1.000    0.000   2202.3  0.864E+00  0.000E+00
    2557.5   9/2 -  843.4   5/2    0.0760   10.45    0.0000    0.00    1.000    0.000   1714.1  0.137E+02  0.000E+00
    2557.5   9/2 - 2103.9   5/2    0.0000    0.00    0.0000    0.00    1.000    0.000    453.6  0.781E-05  0.000E+00


    2557.5   9/2 - 1721.7   7/2    0.0007    0.10    0.0033    1.85    0.094    0.321    835.8  0.351E-02  0.340E-01
    2557.5   9/2 - 2234.7   7/2    0.0037    0.51    0.0023    1.29    0.105   -0.342    322.8  0.160E-03  0.137E-02
    2557.5   9/2 - 1360.0   9/2    0.0000    0.00    0.0037    2.08    0.004    0.063   1197.5  0.454E-03  0.113E+00
    2557.5   9/2 - 2557.5   9/2    0.5356            2.4830

 TIME=  0.0 SEC
