 PARITY=-   EPS= 0.052   GAMMA=  5.0   EPS4=0.000   EPS6=0.000   LEVELS:  32  33  34  35  36
0   Z= 82   A=207   IQ=0   GSFAC= 0.75   GR=  0.40   MIN SPIN=  1/2   MAX SPIN= 13/2   KMAX= 13/2

 MACR QUADR MOMENTS:  Q0= 175.850  Q2= -10.057 FM**2


   B(E2) AND Q(E2) IN E2B2 AND EB,   B(M1) AND M(M1) INNM2 AND NM,   T(E2) AND T(M1) IN 1/PS

       E1     II      EF     IF     B(E2)             B(M1)              GD        D       EREL    T(E2)      T(M1)
                                             WU               MWU

       0.0   1/2 -    0.0   1/2    0.0000            0.4755
     737.5   3/2 -    0.0   1/2    0.0614    8.44    0.0363   20.25    0.390    0.799    737.5  0.164E+00  0.256E+00
     737.5   3/2 -  737.5   3/2   -0.3505            0.7857
     737.5   3/2 -  721.9   5/2    0.0265    3.64    0.0838   46.81    0.000    0.007     15.6  0.301E-09  0.563E-05
    1551.2   3/2 -    0.0   1/2    0.0001    0.01    0.2799  156.32    0.001    0.024   1551.2  0.110E-01  0.184E+02


    1551.2   3/2 -  737.5   3/2    0.0004    0.05    0.1946  108.70    0.001    0.031    813.6  0.173E-02  0.184E+01
    1551.2   3/2 - 1551.2   3/2    0.3506           -0.2466
    1551.2   3/2 -  721.9   5/2    0.0001    0.01    0.0422   23.55    0.001    0.033    829.2  0.450E-03  0.423E+00
    1551.2   3/2 - 1238.5   5/2    0.0125    1.71    0.0072    4.04    0.104   -0.341    312.7  0.454E-03  0.390E-02
     721.9   5/2 -    0.0   1/2    0.0614    8.44    0.0000    0.00    1.000    0.000    721.9  0.147E+00  0.000E+00


     721.9   5/2 -  721.9   5/2   -0.5013            1.1940
    1238.5   5/2 -    0.0   1/2    0.0001    0.01    0.0000    0.00    1.000    0.000   1238.5  0.187E-02  0.000E+00
    1238.5   5/2 -  737.5   3/2    0.0000    0.00    0.0198   11.08    0.000    0.001    501.0  0.247E-07  0.439E-01
    1238.5   5/2 -  721.9   5/2    0.0002    0.02    0.0177    9.91    0.002    0.042    516.6  0.757E-04  0.430E-01
    1238.5   5/2 - 1238.5   5/2    0.5679            1.0039


    2239.2   5/2 -    0.0   1/2    0.0001    0.01    0.0000    0.00    1.000    0.000   2239.2  0.486E-01  0.000E+00
    2239.2   5/2 -  737.5   3/2    0.0001    0.01    0.2192  122.41    0.000   -0.022   1501.7  0.609E-02  0.131E+02
    2239.2   5/2 - 1551.2   3/2    0.0970   13.33    0.0962   53.75    0.248   -0.575    688.1  0.182E+00  0.552E+00
    2239.2   5/2 -  721.9   5/2    0.0000    0.00    0.2124  118.63    0.000    0.013   1517.3  0.214E-02  0.131E+02
    2239.2   5/2 - 1238.5   5/2    0.0116    1.59    0.0177    9.91    0.311    0.672   1000.7  0.142E+00  0.313E+00


    2239.2   5/2 - 2239.2   5/2   -0.0663            0.4419
    2239.2   5/2 - 1994.4   7/2    0.0001    0.01    0.0158    8.85    0.000   -0.016    244.9  0.105E-05  0.409E-02
    1994.4   7/2 -  737.5   3/2    0.0004    0.06    0.0000    0.00    1.000    0.000   1256.8  0.166E-01  0.000E+00
    1994.4   7/2 - 1551.2   3/2    0.0064    0.87    0.0000    0.00    1.000    0.000    443.2  0.133E-02  0.000E+00
    1994.4   7/2 -  721.9   5/2    0.0002    0.03    0.0250   13.97    0.011   -0.104   1272.5  0.980E-02  0.907E+00


    1994.4   7/2 - 1238.5   5/2    0.1027   14.11    0.0000    0.00    1.000  -75.318    755.9  0.309E+00  0.545E-04
    1994.4   7/2 - 1994.4   7/2    0.0453            1.4052
    2443.2   7/2 -  737.5   3/2    0.0783   10.77    0.0000    0.00    1.000    0.000   1705.7  0.138E+02  0.000E+00
    2443.2   7/2 - 1551.2   3/2    0.0000    0.00    0.0000    0.00    1.000    0.000    892.1  0.123E-04  0.000E+00
    2443.2   7/2 -  721.9   5/2    0.0087    1.19    0.0486   27.15    0.268    0.606   1721.3  0.160E+01  0.436E+01


    2443.2   7/2 - 1238.5   5/2    0.0008    0.11    0.0026    1.46    0.230   -0.546   1204.7  0.239E-01  0.802E-01
    2443.2   7/2 - 2239.2   5/2    0.0004    0.06    0.0399   22.27    0.000    0.017    204.0  0.177E-05  0.596E-02
    2443.2   7/2 - 1994.4   7/2    0.0006    0.09    0.0357   19.92    0.002   -0.050    448.9  0.140E-03  0.568E-01
    2443.2   7/2 - 2443.2   7/2   -0.5789            1.5566
    2443.2   7/2 - 2414.5   9/2    0.0064    0.89    0.0747   41.71    0.000    0.007     28.7  0.153E-08  0.310E-04


    2414.5   9/2 -  721.9   5/2    0.0877   12.05    0.0000    0.00    1.000    0.000   1692.6  0.149E+02  0.000E+00
    2414.5   9/2 - 1238.5   5/2    0.0000    0.00    0.0000    0.00    1.000    0.000   1176.0  0.459E-03  0.000E+00
    2414.5   9/2 - 2239.2   5/2    0.0000    0.00    0.0000    0.00    1.000    0.000    175.3  0.490E-07  0.000E+00
    2414.5   9/2 - 1994.4   7/2    0.0005    0.07    0.0117    6.51    0.006    0.075    420.2  0.849E-04  0.152E-01
    2414.5   9/2 - 2414.5   9/2   -0.6372            2.0081


    2991.8   9/2 -  721.9   5/2    0.0002    0.03    0.0000    0.00    1.000    0.000   2269.9  0.140E+00  0.000E+00
    2991.8   9/2 - 1238.5   5/2    0.0335    4.60    0.0000    0.00    1.000    0.000   1753.3  0.677E+01  0.000E+00
    2991.8   9/2 - 2239.2   5/2    0.0042    0.58    0.0000    0.00    1.000    0.000    752.5  0.124E-01  0.000E+00
    2991.8   9/2 - 1994.4   7/2    0.0821   11.28    0.0031    1.71    0.949   -4.306    997.4  0.988E+00  0.533E-01
    2991.8   9/2 - 2443.2   7/2    0.0006    0.09    0.0476   26.56    0.003    0.052    548.5  0.379E-03  0.138E+00


    2991.8   9/2 - 2414.5   9/2    0.0001    0.02    0.0451   25.17    0.001    0.024    577.2  0.872E-04  0.153E+00
    2991.8   9/2 - 2991.8   9/2   -0.2239            1.6741

 TIME=  0.0 SEC
