 PARITY=-   EPS= 0.001   GAMMA= 24.0   EPS4=0.000   EPS6=0.000   LEVELS:  32  33  34  35  36
0   Z= 82   A=207   IQ=1   GSFAC= 0.75   GR=  0.40   MIN SPIN=  1/2   MAX SPIN= 13/2   KMAX= 13/2

 MICR QUADR MOMENTS:  Q0=   3.532  Q2=  -1.107 FM**2


   B(E2) AND Q(E2) IN E2B2 AND EB,   B(M1) AND M(M1) INNM2 AND NM,   T(E2) AND T(M1) IN 1/PS

       E1     II      EF     IF     B(E2)             B(M1)              GD        D       EREL    T(E2)      T(M1)
                                             WU               MWU

       0.0   1/2 -    0.0   1/2    0.0000            0.4787
    2713.2   1/2 -    0.0   1/2    0.0000    0.00    0.0000    0.00    0.000    0.000   2713.2  0.000E+00  0.287E-03
    2713.2   1/2 - 2713.2   1/2    0.0000            0.2113
    2713.2   1/2 -  730.0   3/2    0.0000    0.00    0.0000    0.00    0.000    0.000   1983.2  0.411E-22  0.835E-03
    2713.2   1/2 - 1889.8   3/2    0.0000    0.00    0.0000    0.00    0.000    0.000    823.4  0.271E-25  0.114E-06


    2713.2   1/2 - 1914.4   3/2    0.0000    0.00    0.0000    0.01    0.000   -0.000    798.8  0.349E-22  0.140E-03
    2713.2   1/2 -  730.0   5/2    0.0000    0.00    0.0000    0.00    1.000    0.000   1983.2  0.212E-20  0.000E+00
    2713.2   1/2 - 1451.2   5/2    0.0000    0.00    0.0000    0.00    1.000    0.000   1262.1  0.708E-03  0.000E+00
    2713.2   1/2 - 1889.8   5/2    0.0000    0.00    0.0000    0.00    1.000    0.000    823.4  0.417E-25  0.000E+00
     730.0   3/2 -    0.0   1/2    0.0000    0.00    0.0001    0.03    0.163    0.441    730.0  0.713E-04  0.366E-03


     730.0   3/2 -  730.0   3/2   -0.0054            0.4332
     730.0   3/2 -  730.0   5/2    0.0000    0.00    0.0461   25.76    0.000    0.000      0.0  0.782E-27  0.131E-13
    1889.8   3/2 -    0.0   1/2    0.0000    0.00    0.0000    0.00    0.541    1.086   1889.8  0.445E-03  0.377E-03
    1889.8   3/2 -  730.0   3/2    0.0000    0.00    0.0000    0.01    0.374   -0.773   1159.8  0.389E-03  0.650E-03
    1889.8   3/2 - 1889.8   3/2    0.0054            0.4184


    1889.8   3/2 -  730.0   5/2    0.0000    0.00    0.0000    0.00    0.506    1.012   1159.8  0.167E-03  0.163E-03
    1889.8   3/2 - 1451.2   5/2    0.0000    0.00    0.0000    0.00    0.000   -0.000    438.7  0.211E-35  0.644E-05
    1889.8   3/2 - 1889.8   5/2    0.0000    0.00    0.0442   24.66    0.000   -0.000      0.0  0.902E-27  0.137E-13
    1914.4   3/2 -    0.0   1/2    0.0000    0.00    0.0001    0.03    0.000   -0.000   1914.4  0.108E-23  0.713E-02
    1914.4   3/2 -  730.0   3/2    0.0000    0.00    0.0000    0.01    0.000    0.000   1184.4  0.241E-24  0.592E-03


    1914.4   3/2 - 1889.8   3/2    0.0000    0.00    0.0000    0.02    0.000   -0.000     24.6  0.788E-32  0.823E-08
    1914.4   3/2 - 1914.4   3/2    0.0046            0.6084
    1914.4   3/2 -  730.0   5/2    0.0000    0.00    0.0000    0.00    0.000    0.000   1184.4  0.157E-22  0.139E-03
    1914.4   3/2 - 1451.2   5/2    0.0000    0.00    0.0001    0.05    0.000    0.000    463.3  0.387E-35  0.160E-03
    1914.4   3/2 - 1889.8   5/2    0.0000    0.00    0.0000    0.00    0.000    0.000     24.6  0.419E-33  0.909E-09


     730.0   5/2 -    0.0   1/2    0.0000    0.00    0.0000    0.00    1.000    0.000    730.0  0.713E-04  0.000E+00
     730.0   5/2 -  730.0   5/2   -0.0077            1.2675
    1451.2   5/2 -    0.0   1/2    0.0000    0.00    0.0000    0.00    1.000    0.000   1451.2  0.925E-24  0.000E+00
    1451.2   5/2 -  730.0   3/2    0.0000    0.00    0.0000    0.00    0.000    0.000    721.1  0.289E-32  0.737E-06
    1451.2   5/2 -  730.0   5/2    0.0000    0.00    0.0000    0.00    0.000   -0.000    721.2  0.446E-22  0.137E-08


    1451.2   5/2 - 1451.2   5/2    0.0130            1.0166
    1889.8   5/2 -    0.0   1/2    0.0000    0.00    0.0000    0.00    1.000    0.000   1889.8  0.445E-03  0.000E+00
    1889.8   5/2 -  730.0   3/2    0.0000    0.00    0.0000    0.00    0.506    1.012   1159.8  0.111E-03  0.108E-03
    1889.8   5/2 -  730.0   5/2    0.0000    0.00    0.0000    0.00    0.783    1.898   1159.8  0.444E-03  0.123E-03
    1889.8   5/2 - 1451.2   5/2    0.0000    0.00    0.0000    0.00    0.000    0.000    438.7  0.473E-30  0.631E-06


    1889.8   5/2 - 1889.8   5/2    0.0077            1.2745
    2113.4   7/2 -  730.0   3/2    0.0000    0.01    0.0000    0.00    1.000    0.000   1383.4  0.225E-02  0.000E+00
    2113.4   7/2 - 1889.8   3/2    0.0000    0.00    0.0000    0.00    1.000    0.000    223.6  0.801E-08  0.000E+00
    2113.4   7/2 - 1914.4   3/2    0.0000    0.00    0.0000    0.00    1.000    0.000    199.0  0.249E-29  0.000E+00
    2113.4   7/2 -  730.0   5/2    0.0000    0.00    0.0001    0.04    0.072    0.278   1383.4  0.250E-03  0.324E-02


    2113.4   7/2 - 1451.2   5/2    0.0000    0.00    0.0000    0.00    0.000   -0.000    662.2  0.503E-30  0.135E-05
    2113.4   7/2 - 1889.8   5/2    0.0000    0.00    0.0000    0.00    0.002    0.045    223.6  0.891E-09  0.444E-06
    2113.4   7/2 - 2113.4   7/2   -0.0049            1.1718
    2113.4   7/2 - 2113.4   9/2    0.0000    0.00    0.0423   23.61    0.000    0.000      0.0  0.126E-26  0.755E-13
    2298.8   7/2 -  730.0   3/2    0.0000    0.00    0.0000    0.00    1.000    0.000   1568.8  0.295E-26  0.000E+00


    2298.8   7/2 - 1889.8   3/2    0.0000    0.00    0.0000    0.00    1.000    0.000    409.0  0.569E-30  0.000E+00
    2298.8   7/2 - 1914.4   3/2    0.0000    0.00    0.0000    0.00    1.000    0.000    384.4  0.235E-32  0.000E+00
    2298.8   7/2 -  730.0   5/2    0.0000    0.00    0.0000    0.00    0.000   -0.000   1568.8  0.192E-20  0.204E-04
    2298.8   7/2 - 1451.2   5/2    0.0000    0.01    0.0001    0.04    0.231    0.548    847.7  0.226E-03  0.752E-03
    2298.8   7/2 - 1889.8   5/2    0.0000    0.00    0.0000    0.00    0.000    0.000    409.0  0.231E-29  0.161E-05


    2298.8   7/2 - 2113.4   7/2    0.0000    0.00    0.0000    0.00    0.000    0.000    185.4  0.160E-31  0.105E-06
    2298.8   7/2 - 2298.8   7/2    0.0033            1.4065
    2298.8   7/2 - 2113.4   9/2    0.0000    0.00    0.0000    0.00    0.000    0.000    185.5  0.428E-32  0.320E-08
    2619.8   7/2 -  730.0   3/2    0.0000    0.00    0.0000    0.00    1.000    0.000   1889.8  0.794E-04  0.000E+00
    2619.8   7/2 - 1889.8   3/2    0.0000    0.00    0.0000    0.00    1.000    0.000    730.0  0.127E-04  0.000E+00


    2619.8   7/2 - 1914.4   3/2    0.0000    0.00    0.0000    0.00    1.000    0.000    705.4  0.602E-26  0.000E+00
    2619.8   7/2 -  730.0   5/2    0.0000    0.00    0.0000    0.00    0.914    3.262   1889.8  0.715E-03  0.671E-04
    2619.8   7/2 - 1451.2   5/2    0.0000    0.00    0.0000    0.00    0.000    0.000   1168.7  0.625E-28  0.385E-05
    2619.8   7/2 - 1889.8   5/2    0.0000    0.01    0.0000    0.01    0.637    1.323    730.0  0.115E-03  0.654E-04
    2619.8   7/2 - 2113.4   7/2    0.0000    0.00    0.0000    0.01    0.023    0.152    506.4  0.749E-06  0.325E-04


    2619.8   7/2 - 2298.8   7/2    0.0000    0.00    0.0000    0.00    0.000   -0.000    321.0  0.308E-31  0.149E-07
    2619.8   7/2 - 2619.8   7/2   -0.0000            1.6671
    2619.8   7/2 - 2113.4   9/2    0.0000    0.00    0.0000    0.00    0.420    0.851    506.5  0.824E-05  0.114E-04
    2113.4   9/2 -  730.0   5/2    0.0000    0.01    0.0000    0.00    1.000    0.000   1383.4  0.250E-02  0.000E+00
    2113.4   9/2 - 1451.2   5/2    0.0000    0.00    0.0000    0.00    1.000    0.000    662.2  0.780E-31  0.000E+00


    2113.4   9/2 - 1889.8   5/2    0.0000    0.00    0.0000    0.00    1.000    0.000    223.5  0.890E-08  0.000E+00
    2113.4   9/2 - 2113.4   9/2   -0.0054            2.0609
    2986.0   9/2 -  730.0   5/2    0.0000    0.00    0.0000    0.00    1.000    0.000   2256.1  0.599E-20  0.000E+00
    2986.0   9/2 - 1451.2   5/2    0.0000    0.00    0.0000    0.00    1.000    0.000   1534.9  0.216E-02  0.000E+00
    2986.0   9/2 - 1889.8   5/2    0.0000    0.00    0.0000    0.00    1.000    0.000   1096.2  0.230E-28  0.000E+00


    2986.0   9/2 - 2113.4   7/2    0.0000    0.00    0.0000    0.00    0.000    0.000    872.6  0.855E-30  0.155E-05
    2986.0   9/2 - 2298.8   7/2    0.0000    0.00    0.0001    0.03    0.052    0.234    687.2  0.177E-04  0.323E-03
    2986.0   9/2 - 2619.8   7/2    0.0000    0.00    0.0000    0.00    0.000    0.000    366.2  0.149E-31  0.878E-06
    2986.0   9/2 - 2113.4   9/2    0.0000    0.00    0.0000    0.00    0.000   -0.000    872.7  0.155E-30  0.718E-06
    2986.0   9/2 - 2986.0   9/2    0.0102            1.8051



 TIME=  0.0 SEC
