 PARITY=-   EPS= 0.339   GAMMA= 26.1   EPS4=0.000   EPS6=0.000   LEVELS:  30  31  32  33  34
0   Z= 82   A=207   IQ=1   GSFAC= 0.75   GR=  0.40   MIN SPIN=  1/2   MAX SPIN= 13/2   KMAX= 13/2

 MICR QUADR MOMENTS:  Q0=1743.326  Q2=-403.053 FM**2


   B(E2) AND Q(E2) IN E2B2 AND EB,   B(M1) AND M(M1) INNM2 AND NM,   T(E2) AND T(M1) IN 1/PS

       E1     II      EF     IF     B(E2)             B(M1)              GD        D       EREL    T(E2)      T(M1)
                                             WU               MWU

       0.0   1/2 -    0.0   1/2    0.0000            0.5086
     484.1   1/2 -    0.0   1/2    0.0000    0.00    0.0157    8.79    0.000    0.000    484.1  0.000E+00  0.314E-01
     484.1   1/2 -  484.1   1/2    0.0000           -0.3031
    2096.6   1/2 -    0.0   1/2    0.0000    0.00    0.0218   12.18    0.000    0.000   2096.6  0.000E+00  0.354E+01
    2096.6   1/2 -  484.1   1/2    0.0000    0.00    0.0003    0.19    0.000    0.000   1612.5  0.000E+00  0.258E-01


    2096.6   1/2 - 2096.6   1/2    0.0000            0.3070
    2096.6   1/2 -  530.7   3/2    0.0000    0.00    0.0001    0.05    0.000    0.000   1565.9  0.528E-23  0.550E-02
    2096.6   1/2 -  641.7   3/2    0.0000    0.00    0.0521   29.12    0.000   -0.000   1454.9  0.286E-23  0.283E+01
    2096.6   1/2 - 1170.1   3/2    0.0000    0.00    0.0109    6.08    0.000   -0.000    926.5  0.282E-23  0.152E+00
    2096.6   1/2 -  722.7   5/2    2.6015  357.64    0.0000    0.00    1.000    0.000   1373.9  0.155E+03  0.000E+00


    2096.6   1/2 -  773.9   5/2    0.0000    0.00    0.0000    0.00    1.000    0.000   1322.7  0.421E-17  0.000E+00
    2096.6   1/2 - 1307.0   5/2    0.0000    0.00    0.0000    0.00    1.000    0.000    789.6  0.241E-24  0.000E+00
     530.7   3/2 -    0.0   1/2    0.0000    0.00    0.0057    3.16    0.000   -0.000    530.7  0.188E-18  0.149E-01
     530.7   3/2 -  484.1   1/2    3.5594  489.33    0.0074    4.16    0.419   -0.848     46.6  0.955E-05  0.133E-04
     530.7   3/2 -  530.7   3/2    2.8373            1.0256


     641.7   3/2 -    0.0   1/2    6.6372  912.44    0.0742   41.45    0.962    5.052    641.7  0.881E+01  0.345E+00
     641.7   3/2 -  484.1   1/2    0.0000    0.00    0.0025    1.41    0.000   -0.000    157.5  0.667E-26  0.174E-03
     641.7   3/2 -  530.7   3/2    0.0000    0.00    0.0001    0.06    0.000    0.000    110.9  0.397E-26  0.263E-05
     641.7   3/2 -  641.7   3/2   -2.6446            0.7819
    1170.1   3/2 -    0.0   1/2    0.0000    0.00    0.0000    0.00    0.000   -0.000   1170.1  0.882E-17  0.374E-05


    1170.1   3/2 -  484.1   1/2    3.1332  430.74    0.0082    4.59    0.992  -11.150    686.0  0.581E+01  0.467E-01
    1170.1   3/2 -  530.7   3/2    2.6887  369.63    0.0057    3.20    0.993   11.524    639.4  0.351E+01  0.264E-01
    1170.1   3/2 -  641.7   3/2    0.0000    0.00    0.0080    4.46    0.000    0.000    528.5  0.128E-22  0.208E-01
    1170.1   3/2 - 1170.1   3/2   -2.8373            0.7642
    1170.1   3/2 -  722.7   5/2    0.0000    0.00    0.0010    0.54    0.000   -0.000    447.4  0.103E-24  0.153E-02


    1170.1   3/2 -  773.9   5/2    0.0000    0.00    0.0039    2.20    0.000    0.000    396.2  0.878E-23  0.430E-02
     722.7   5/2 -    0.0   1/2    0.0000    0.00    0.0000    0.00    1.000    0.000    722.7  0.139E-19  0.000E+00
     722.7   5/2 -  484.1   1/2    0.0000    0.00    0.0000    0.00    1.000    0.000    238.6  0.190E-26  0.000E+00
     722.7   5/2 -  530.7   3/2    0.0000    0.00    0.0021    1.19    0.000   -0.000    192.0  0.100E-26  0.264E-03
     722.7   5/2 -  641.7   3/2    0.0000    0.00    0.0002    0.13    0.000   -0.000     81.0  0.201E-25  0.226E-05


     722.7   5/2 -  722.7   5/2    6.3276            1.1528
     773.9   5/2 -    0.0   1/2    6.6308  911.56    0.0000    0.00    1.000    0.000    773.9  0.225E+02  0.000E+00
     773.9   5/2 -  484.1   1/2    0.0000    0.00    0.0000    0.00    1.000    0.000    289.8  0.497E-24  0.000E+00
     773.9   5/2 -  530.7   3/2    0.0000    0.00    0.0076    4.22    0.000   -0.000    243.2  0.292E-24  0.191E-02
     773.9   5/2 -  641.7   3/2    0.8760  120.43    0.0836   46.67    0.113    0.357    132.3  0.433E-03  0.340E-02


     773.9   5/2 -  722.7   5/2    0.0000    0.00    0.0029    1.60    0.000   -0.000     51.2  0.138E-23  0.679E-05
     773.9   5/2 -  773.9   5/2   -3.0861            1.1038
    1307.0   5/2 -    0.0   1/2    0.0000    0.00    0.0000    0.00    1.000    0.000   1307.0  0.104E-16  0.000E+00
    1307.0   5/2 -  484.1   1/2    2.1352  293.54    0.0000    0.00    1.000    0.000    822.9  0.983E+01  0.000E+00
    1307.0   5/2 -  530.7   3/2    4.5412  624.30    0.0531   29.65    0.973    5.977    776.3  0.156E+02  0.437E+00


    1307.0   5/2 -  641.7   3/2    0.0000    0.00    0.0086    4.82    0.000    0.000    665.3  0.290E-25  0.448E-01
    1307.0   5/2 - 1170.1   3/2    6.0975  838.25    0.0007    0.36    0.992  -11.015    136.9  0.357E-02  0.294E-04
    1307.0   5/2 -  722.7   5/2    0.0000    0.00    0.0009    0.50    0.000   -0.000    584.3  0.740E-27  0.315E-02
    1307.0   5/2 -  773.9   5/2    0.0000    0.00    0.0000    0.00    0.000    0.000    533.0  0.760E-25  0.180E-04
    1307.0   5/2 - 1307.0   5/2   -0.6496            1.0885


    1551.1   7/2 -  530.7   3/2    6.5885  905.75    0.0000    0.00    1.000    0.000   1020.4  0.889E+02  0.000E+00
    1551.1   7/2 -  641.7   3/2    0.0000    0.00    0.0000    0.00    1.000    0.000    909.4  0.236E-22  0.000E+00
    1551.1   7/2 - 1170.1   3/2    0.7826  107.58    0.0000    0.00    1.000    0.000    381.0  0.766E-01  0.000E+00
    1551.1   7/2 -  722.7   5/2    0.0000    0.00    0.0000    0.02    0.000    0.000    828.4  0.714E-16  0.357E-03
    1551.1   7/2 -  773.9   5/2    0.0000    0.00    0.0055    3.08    0.000    0.000    777.2  0.787E-23  0.455E-01


    1551.1   7/2 - 1307.0   5/2    2.0753  285.30    0.0405   22.61    0.679    1.455    244.1  0.220E-01  0.104E-01
    1551.1   7/2 - 1551.1   7/2   -2.1917            1.7237
    1551.1   7/2 - 1452.5   9/2    0.0000    0.00    0.0000    0.00    0.001    0.036     98.6  0.469E-29  0.354E-26
    1563.6   7/2 -  530.7   3/2    0.0000    0.00    0.0000    0.00    1.000    0.000   1032.9  0.108E-16  0.000E+00
    1563.6   7/2 -  641.7   3/2    0.0000    0.00    0.0000    0.00    1.000    0.000    921.9  0.215E-23  0.000E+00


    1563.6   7/2 - 1170.1   3/2    0.0000    0.00    0.0000    0.00    1.000    0.000    393.5  0.103E-19  0.000E+00
    1563.6   7/2 -  722.7   5/2   10.3237 1419.25    0.0026    1.47    0.999   43.915    840.9  0.530E+02  0.275E-01
    1563.6   7/2 -  773.9   5/2    0.0000    0.00    0.0040    2.24    0.000   -0.000    789.7  0.126E-17  0.348E-01
    1563.6   7/2 - 1307.0   5/2    0.0000    0.00    0.0023    1.29    0.000   -0.000    256.6  0.321E-20  0.687E-03
    1563.6   7/2 - 1551.1   7/2    0.0000    0.00    0.0026    1.45    0.000    0.000     12.5  0.866E-27  0.892E-07


    1563.6   7/2 - 1563.6   7/2    1.4807            1.5022
    1563.6   7/2 - 1452.5   9/2    0.0000    0.00    0.0000    0.00    0.077    0.289    111.1  0.150E-27  0.180E-26
    1953.2   7/2 -  530.7   3/2    0.0000    0.00    0.0000    0.00    1.000    0.000   1422.4  0.107E-20  0.000E+00
    1953.2   7/2 -  641.7   3/2    8.1152 1115.63    0.0000    0.00    1.000    0.000   1311.5  0.384E+03  0.000E+00
    1953.2   7/2 - 1170.1   3/2    0.0000    0.00    0.0000    0.00    1.000    0.000    783.0  0.210E-23  0.000E+00


    1953.2   7/2 -  722.7   5/2    0.0000    0.00    0.0029    1.64    0.000   -0.000   1230.4  0.518E-20  0.961E-01
    1953.2   7/2 -  773.9   5/2    0.5967   82.04    0.0850   47.48    0.871    2.601   1179.2  0.166E+02  0.245E+01
    1953.2   7/2 - 1307.0   5/2    0.0000    0.00    0.0048    2.69    0.000    0.000    646.2  0.444E-23  0.229E-01
    1953.2   7/2 - 1551.1   7/2    0.0000    0.00    0.0001    0.06    0.000    0.000    402.0  0.613E-24  0.128E-03
    1953.2   7/2 - 1563.6   7/2    0.0000    0.00    0.0004    0.23    0.000    0.000    389.5  0.954E-25  0.421E-03


    1953.2   7/2 - 1953.2   7/2   -2.5867            1.4925
    1953.2   7/2 - 1452.5   9/2    0.0000    0.00    0.0000    0.00    0.000   -0.002    500.6  0.508E-25  0.823E-20
    1953.2   7/2 - 1856.4   9/2    0.0000    0.00    0.0011    0.60    0.000    0.000     96.7  0.594E-27  0.172E-04
    1452.5   9/2 -  722.7   5/2    0.0000    0.00    0.0000    0.00    1.000    0.000    729.8  0.963E-23  0.000E+00
    1452.5   9/2 -  773.9   5/2    0.0000    0.00    0.0000    0.00    1.000    0.000    678.6  0.623E-25  0.000E+00


    1452.5   9/2 - 1307.0   5/2    0.0000    0.00    0.0000    0.00    1.000    0.000    145.6  0.244E-30  0.000E+00
    1452.5   9/2 - 1452.5   9/2   -7.8464           -0.0865
    1856.4   9/2 -  722.7   5/2    2.8428  390.81    0.0000    0.00    1.000    0.000   1133.7  0.650E+02  0.000E+00
    1856.4   9/2 -  773.9   5/2    0.0000    0.00    0.0000    0.00    1.000    0.000   1082.5  0.159E-17  0.000E+00
    1856.4   9/2 - 1307.0   5/2    0.0000    0.00    0.0000    0.00    1.000    0.000    549.4  0.168E-25  0.000E+00


    1856.4   9/2 - 1551.1   7/2    0.0000    0.00    0.0004    0.20    0.000   -0.000    305.3  0.211E-19  0.178E-03
    1856.4   9/2 - 1563.6   7/2    0.4482   61.61    0.0009    0.49    0.968    5.491    292.8  0.118E-01  0.390E-03
    1856.4   9/2 - 1452.5   9/2    0.0000    0.00    0.0000    0.00    0.007    0.086    403.9  0.231E-25  0.309E-23
    1856.4   9/2 - 1856.4   9/2    8.0797            1.9522
    2063.7   9/2 -  722.7   5/2    0.0000    0.00    0.0000    0.00    1.000    0.000   1341.0  0.134E-18  0.000E+00


    2063.7   9/2 -  773.9   5/2    9.3446 1284.64    0.0000    0.00    1.000    0.000   1289.8  0.407E+03  0.000E+00
    2063.7   9/2 - 1307.0   5/2    0.0000    0.00    0.0000    0.00    1.000    0.000    756.8  0.109E-23  0.000E+00
    2063.7   9/2 - 1551.1   7/2    0.0000    0.00    0.0131    7.30    0.000   -0.000    512.6  0.150E-24  0.310E-01
    2063.7   9/2 - 1563.6   7/2    0.0000    0.00    0.0046    2.58    0.000    0.000    500.1  0.246E-22  0.102E-01
    2063.7   9/2 - 1953.2   7/2    0.1344   18.48    0.0942   52.59    0.012    0.110    110.6  0.271E-04  0.224E-02


    2063.7   9/2 - 1452.5   9/2    0.0000    0.00    0.0000    0.00    0.001    0.028    611.2  0.956E-23  0.119E-19
    2063.7   9/2 - 1856.4   9/2    0.0000    0.00    0.0018    1.00    0.000    0.000    207.3  0.746E-23  0.280E-03
    2063.7   9/2 - 2063.7   9/2   -2.7625            1.8387
    2834.3  11/2 - 1551.1   7/2    0.0000    0.00    0.0000    0.00    1.000    0.000   1283.2  0.103E-13  0.000E+00
    2834.3  11/2 - 1563.6   7/2    0.0000    0.00    0.0000    0.00    1.000    0.000   1270.7  0.540E-10  0.000E+00


    2834.3  11/2 - 1953.2   7/2    0.0000    0.00    0.0000    0.00    1.000    0.000    881.2  0.314E-16  0.000E+00
    2834.3  11/2 - 1452.5   9/2    4.2933  590.22    0.1621   90.54    0.972    5.920   1381.8  0.264E+03  0.753E+01
    2834.3  11/2 - 1856.4   9/2    0.0000    0.00    0.0000    0.00    0.999   43.702    977.9  0.209E-10  0.109E-13
    2834.3  11/2 - 2063.7   9/2    0.0000    0.00    0.0000    0.00    0.000   -0.004    770.6  0.279E-18  0.159E-13
    2834.3  11/2 - 2834.3  11/2   -5.0143            0.6556


    2834.3  11/2 - 2679.4  13/2    0.1175   16.15    0.0523   29.20    0.036   -0.193    154.9  0.128E-03  0.342E-02
    2874.0  11/2 - 1551.1   7/2    0.0000    0.00    0.0000    0.00    1.000    0.000   1322.8  0.349E-15  0.000E+00
    2874.0  11/2 - 1563.6   7/2    4.8680  669.23    0.0000    0.00    1.000    0.000   1310.3  0.229E+03  0.000E+00
    2874.0  11/2 - 1953.2   7/2    0.0000    0.00    0.0000    0.00    1.000    0.000    920.8  0.119E-21  0.000E+00
    2874.0  11/2 - 1452.5   9/2    0.0000    0.00    0.0000    0.00    0.984    7.739   1421.4  0.301E-19  0.502E-21


    2874.0  11/2 - 1856.4   9/2    6.9760  959.02    0.0024    1.36    1.000   45.344   1017.5  0.928E+02  0.452E-01
    2874.0  11/2 - 2063.7   9/2    0.0000    0.00    0.0071    3.97    0.000    0.000    810.2  0.461E-20  0.665E-01
    2874.0  11/2 - 2834.3  11/2    0.0000    0.00    0.0000    0.00    0.001    0.032     39.6  0.458E-18  0.446E-15
    2874.0  11/2 - 2874.0  11/2    2.9116            2.2918
    2874.0  11/2 - 2679.4  13/2    0.0000    0.00    0.0000    0.00    0.057   -0.247    194.5  0.302E-25  0.497E-24


    2679.4  13/2 - 1452.5   9/2    7.0759  972.76    0.0000    0.00    1.000    0.000   1226.9  0.240E+03  0.000E+00
    2679.4  13/2 - 1856.4   9/2    0.0000    0.00    0.0000    0.00    1.000    0.000    823.0  0.311E-22  0.000E+00
    2679.4  13/2 - 2063.7   9/2    0.0000    0.00    0.0000    0.00    1.000    0.000    615.7  0.470E-23  0.000E+00
    2679.4  13/2 - 2679.4  13/2   -8.9029            0.6742

 TIME=  0.0 SEC
