 PARITY=-   EPS= 0.067   GAMMA= 23.1   EPS4=0.000   EPS6=0.000   LEVELS:  32  33  34  35  36
0   Z= 82   A=207   IQ=1   GSFAC= 0.75   GR=  0.40   MIN SPIN=  1/2   MAX SPIN= 13/2   KMAX= 13/2

 MICR QUADR MOMENTS:  Q0= 223.456  Q2= -76.534 FM**2


   B(E2) AND Q(E2) IN E2B2 AND EB,   B(M1) AND M(M1) INNM2 AND NM,   T(E2) AND T(M1) IN 1/PS

       E1     II      EF     IF     B(E2)             B(M1)              GD        D       EREL    T(E2)      T(M1)
                                             WU               MWU

       0.0   1/2 -    0.0   1/2    0.0000            0.4678
    2612.9   1/2 -    0.0   1/2    0.0000    0.00    0.0033    1.85    0.000    0.000   2612.9  0.000E+00  0.104E+01
    2612.9   1/2 - 2612.9   1/2    0.0000            0.3232
    2612.9   1/2 -  739.6   3/2    0.0000    0.00    0.0097    5.42    0.000   -0.000   1873.3  0.924E-19  0.112E+01
    2612.9   1/2 - 1926.6   3/2    0.0000    0.00    0.0003    0.19    0.000   -0.000    686.3  0.212E-15  0.194E-02


    2612.9   1/2 - 2123.8   3/2    0.0000    0.00    0.0435   24.29    0.000   -0.000    489.1  0.110E-22  0.895E-01
    2612.9   1/2 -  723.4   5/2    0.0000    0.00    0.0000    0.00    1.000    0.000   1889.5  0.147E-18  0.000E+00
    2612.9   1/2 - 1875.3   5/2    0.0820   11.28    0.0000    0.00    1.000    0.000    737.6  0.218E+00  0.000E+00
    2612.9   1/2 - 1972.5   5/2    0.0000    0.00    0.0000    0.00    1.000    0.000    640.4  0.671E-22  0.000E+00
    2691.9   1/2 -    0.0   1/2    0.0000    0.00    0.0001    0.03    0.000    0.000   2691.9  0.000E+00  0.187E-01


    2691.9   1/2 - 2612.9   1/2    0.0000    0.00    0.0136    7.58    0.000    0.000     79.0  0.000E+00  0.118E-03
    2691.9   1/2 - 2691.9   1/2    0.0000            0.5821
    2691.9   1/2 -  739.6   3/2    0.0000    0.00    0.0093    5.17    0.000   -0.000   1952.3  0.334E-26  0.121E+01
    2691.9   1/2 - 1926.6   3/2    0.0651    8.95    0.1359   75.88    0.163   -0.441    765.3  0.208E+00  0.107E+01
    2691.9   1/2 - 2123.8   3/2    0.0000    0.00    0.2006  112.05    0.000   -0.000    568.1  0.129E-27  0.647E+00


    2691.9   1/2 -  723.4   5/2    0.0000    0.00    0.0000    0.00    1.000    0.000   1968.5  0.557E-26  0.000E+00
    2691.9   1/2 - 1875.3   5/2    0.0000    0.00    0.0000    0.00    1.000    0.000    816.6  0.301E-22  0.000E+00
    2691.9   1/2 - 1972.5   5/2    0.0000    0.00    0.0000    0.00    1.000    0.000    719.4  0.252E-27  0.000E+00
     739.6   3/2 -    0.0   1/2    0.1117   15.35    0.0741   41.37    0.364    0.756    739.6  0.301E+00  0.527E+00
     739.6   3/2 -  739.6   3/2   -0.3650            0.6392


     739.6   3/2 -  723.4   5/2    0.0272    3.73    0.0712   39.76    0.000    0.008     16.2  0.371E-09  0.534E-05
    1926.6   3/2 -    0.0   1/2    0.0000    0.00    0.1049   58.58    0.000   -0.000   1926.6  0.138E-19  0.132E+02
    1926.6   3/2 -  739.6   3/2    0.0000    0.00    0.0844   47.14    0.000    0.000   1187.1  0.281E-27  0.248E+01
    1926.6   3/2 - 1926.6   3/2    0.4785           -0.0361
    1926.6   3/2 -  723.4   5/2    0.0000    0.00    0.0205   11.45    0.000   -0.000   1203.3  0.707E-28  0.628E+00


    1926.6   3/2 - 1875.3   5/2    0.0000    0.00    0.0006    0.32    0.000   -0.000     51.3  0.715E-35  0.137E-05
    2123.8   3/2 -    0.0   1/2    0.0110    1.51    0.0551   30.78    0.384    0.790   2123.8  0.580E+01  0.929E+01
    2123.8   3/2 -  739.6   3/2    0.0564    7.75    0.0863   48.21    0.465   -0.931   1384.2  0.350E+01  0.403E+01
    2123.8   3/2 - 1926.6   3/2    0.0000    0.00    0.0000    0.02    0.000    0.000    197.2  0.165E-29  0.403E-05
    2123.8   3/2 - 2123.8   3/2    0.3650            0.2255


    2123.8   3/2 -  723.4   5/2    0.0249    3.42    0.0209   11.68    0.618    1.272   1400.5  0.164E+01  0.101E+01
    2123.8   3/2 - 1875.3   5/2    0.0000    0.00    0.0000    0.00    0.000   -0.000    248.5  0.141E-29  0.424E-06
    2123.8   3/2 - 1972.5   5/2    0.0166    2.28    0.0148    8.27    0.017   -0.133    151.3  0.160E-04  0.902E-03
     723.4   5/2 -    0.0   1/2    0.1131   15.55    0.0000    0.00    1.000    0.000    723.4  0.273E+00  0.000E+00
     723.4   5/2 -  723.4   5/2   -0.5011            1.1694


    1875.3   5/2 -    0.0   1/2    0.0000    0.00    0.0000    0.00    1.000    0.000   1875.3  0.114E-19  0.000E+00
    1875.3   5/2 -  739.6   3/2    0.0000    0.00    0.0001    0.05    0.000    0.000   1135.7  0.340E-26  0.226E-02
    1875.3   5/2 -  723.4   5/2    0.0000    0.00    0.0001    0.06    0.000   -0.000   1151.9  0.103E-25  0.280E-02
    1875.3   5/2 - 1875.3   5/2    0.8221            1.2063
    1972.5   5/2 -    0.0   1/2    0.0095    1.30    0.0000    0.00    1.000    0.000   1972.5  0.346E+01  0.000E+00


    1972.5   5/2 -  739.6   3/2    0.0192    2.64    0.0121    6.78    0.625    1.292   1232.9  0.669E+00  0.401E+00
    1972.5   5/2 - 1926.6   3/2    0.0000    0.00    0.0001    0.03    0.000    0.000     45.9  0.700E-33  0.905E-07
    1972.5   5/2 -  723.4   5/2    0.0680    9.35    0.0135    7.52    0.845    2.337   1249.2  0.252E+01  0.462E+00
    1972.5   5/2 - 1875.3   5/2    0.0000    0.00    0.0057    3.16    0.000   -0.000     97.2  0.116E-27  0.916E-04
    1972.5   5/2 - 1972.5   5/2    0.5535            1.4073


    2176.3   7/2 -  739.6   3/2    0.1502   20.65    0.0000    0.00    1.000    0.000   1436.7  0.112E+02  0.000E+00
    2176.3   7/2 - 1926.6   3/2    0.0000    0.00    0.0000    0.00    1.000    0.000    249.7  0.104E-29  0.000E+00
    2176.3   7/2 - 2123.8   3/2    0.0042    0.58    0.0000    0.00    1.000    0.000     52.5  0.205E-07  0.000E+00
    2176.3   7/2 -  723.4   5/2    0.0147    2.02    0.1126   62.90    0.160    0.437   1452.9  0.116E+01  0.608E+01
    2176.3   7/2 - 1875.3   5/2    0.0000    0.00    0.0004    0.25    0.000    0.000    301.0  0.733E-28  0.215E-03


    2176.3   7/2 - 1972.5   5/2    0.0046    0.63    0.0046    2.55    0.028    0.169    203.8  0.195E-04  0.680E-03
    2176.3   7/2 - 2176.3   7/2   -0.3042            1.1701
    2176.3   7/2 - 2133.6   9/2    0.0039    0.54    0.0343   19.15    0.000    0.012     42.7  0.683E-08  0.470E-04
    2650.1   7/2 -  739.6   3/2    0.0000    0.00    0.0000    0.00    1.000    0.000   1910.5  0.471E-23  0.000E+00
    2650.1   7/2 - 1926.6   3/2    0.0000    0.00    0.0000    0.00    1.000    0.000    723.4  0.231E-26  0.000E+00


    2650.1   7/2 - 2123.8   3/2    0.0000    0.00    0.0000    0.00    1.000    0.000    526.2  0.847E-24  0.000E+00
    2650.1   7/2 -  723.4   5/2    0.0000    0.00    0.0009    0.51    0.000    0.000   1926.7  0.527E-21  0.114E+00
    2650.1   7/2 - 1875.3   5/2    0.1669   22.94    0.0046    2.59    0.937    3.871    774.8  0.568E+00  0.379E-01
    2650.1   7/2 - 1972.5   5/2    0.0000    0.00    0.0013    0.75    0.000   -0.000    677.5  0.434E-22  0.737E-02
    2650.1   7/2 - 2176.3   7/2    0.0000    0.00    0.0002    0.09    0.000    0.000    473.8  0.276E-24  0.287E-03


    2650.1   7/2 - 2650.1   7/2    0.2378            1.5377
    2650.1   7/2 - 2133.6   9/2    0.0000    0.00    0.0005    0.30    0.000   -0.000    516.5  0.312E-23  0.129E-02
    2716.4   7/2 -  739.6   3/2    0.0003    0.04    0.0000    0.00    1.000    0.000   1976.8  0.119E+00  0.000E+00
    2716.4   7/2 - 1926.6   3/2    0.0000    0.00    0.0000    0.00    1.000    0.000    789.7  0.154E-25  0.000E+00
    2716.4   7/2 - 2123.8   3/2    0.0187    2.57    0.0000    0.00    1.000    0.000    592.5  0.166E-01  0.000E+00


    2716.4   7/2 -  723.4   5/2    0.0175    2.40    0.0131    7.34    0.786    1.914   1993.0  0.671E+01  0.183E+01
    2716.4   7/2 - 1875.3   5/2    0.0000    0.00    0.0009    0.53    0.000   -0.000    841.1  0.317E-21  0.990E-02
    2716.4   7/2 - 1972.5   5/2    0.1807   24.84    0.0170    9.51    0.803    2.017    743.8  0.502E+00  0.123E+00
    2716.4   7/2 - 2176.3   7/2    0.0105    1.44    0.0409   22.86    0.049    0.227    540.1  0.587E-02  0.113E+00
    2716.4   7/2 - 2650.1   7/2    0.0000    0.00    0.0051    2.85    0.000   -0.000     66.3  0.647E-28  0.262E-04


    2716.4   7/2 - 2716.4   7/2   -0.0121            1.6258
    2716.4   7/2 - 2133.6   9/2    0.0774   10.65    0.0101    5.66    0.643    1.342    582.8  0.635E-01  0.353E-01
    2133.6   9/2 -  723.4   5/2    0.1659   22.81    0.0000    0.00    1.000    0.000   1410.2  0.113E+02  0.000E+00
    2133.6   9/2 - 1875.3   5/2    0.0000    0.00    0.0000    0.00    1.000    0.000    258.3  0.618E-30  0.000E+00
    2133.6   9/2 - 1972.5   5/2    0.0048    0.66    0.0000    0.00    1.000    0.000    161.1  0.636E-05  0.000E+00


    2133.6   9/2 - 2133.6   9/2   -0.3423            2.0910

 TIME=  0.0 SEC
