 PARITY=-   EPS= 0.440   GAMMA= 46.4   EPS4=0.000   EPS6=0.000   LEVELS:  30  31  32  33  34
0   Z= 82   A=207   IQ=1   GSFAC= 0.75   GR=  0.40   MIN SPIN=  1/2   MAX SPIN= 13/2   KMAX= 13/2

 MICR QUADR MOMENTS:  Q0=1559.787  Q2=-832.375 FM**2


   B(E2) AND Q(E2) IN E2B2 AND EB,   B(M1) AND M(M1) INNM2 AND NM,   T(E2) AND T(M1) IN 1/PS

       E1     II      EF     IF     B(E2)             B(M1)              GD        D       EREL    T(E2)      T(M1)
                                             WU               MWU

     305.0   1/2 -  305.0   1/2    0.0000            0.5614
     857.8   1/2 -  305.0   1/2    0.0000    0.00    0.0000    0.02    0.000    0.000    552.8  0.000E+00  0.110E-03
     857.8   1/2 -  857.8   1/2    0.0000            0.3689
    2565.7   1/2 -  305.0   1/2    0.0000    0.00    0.0005    0.28    0.000    0.000   2260.7  0.000E+00  0.103E+00
    2565.7   1/2 -  857.8   1/2    0.0000    0.00    0.1460   81.52    0.000    0.000   1707.8  0.000E+00  0.128E+02


    2565.7   1/2 - 2565.7   1/2    0.0000           -0.5941
    2565.7   1/2 -  861.4   3/2    0.0000    0.00    0.0479   26.77    0.000   -0.000   1704.3  0.573E-15  0.418E+01
    2565.7   1/2 - 1369.1   3/2    0.0000    0.00    0.0000    0.02    0.000    0.000   1196.6  0.297E-15  0.969E-03
    2565.7   1/2 - 1149.9   5/2    0.0000    0.00    0.0000    0.00    1.000    0.000   1415.8  0.340E-15  0.000E+00
    2565.7   1/2 - 1711.4   5/2    0.0000    0.00    0.0000    0.00    1.000    0.000    854.3  0.926E-16  0.000E+00


    2565.7   1/2 - 2184.9   5/2    0.0000    0.00    0.0000    0.00    1.000    0.000    380.8  0.307E-19  0.000E+00
     861.4   3/2 -  305.0   1/2    6.5657  902.61    0.2286  127.69    0.860    2.482    556.4  0.427E+01  0.693E+00
     861.4   3/2 -  857.8   1/2    0.0000    0.00    0.0000    0.01    0.000   -0.000      3.5  0.330E-34  0.964E-11
     861.4   3/2 -  861.4   3/2    3.5235           -0.2864
    1369.1   3/2 -  305.0   1/2    0.0000    0.00    0.0000    0.01    0.000   -0.000   1064.1  0.751E-14  0.259E-03


    1369.1   3/2 -  857.8   1/2    6.4967  893.13    0.3822  213.45    0.755    1.755    511.2  0.277E+01  0.899E+00
    1369.1   3/2 -  861.4   3/2    0.0000    0.00    0.0000    0.02    0.000    0.000    507.7  0.164E-24  0.781E-04
    1369.1   3/2 - 1369.1   3/2    3.5665           -0.3871
    1369.1   3/2 - 1149.9   5/2    0.0000    0.00    0.0000    0.01    0.000    0.000    219.2  0.239E-26  0.283E-05
    2789.6   3/2 -  305.0   1/2    0.0000    0.00    0.0243   13.55    0.000   -0.000   2484.6  0.186E-14  0.655E+01


    2789.6   3/2 -  857.8   1/2    0.0000    0.00    0.0000    0.01    0.000    0.000   1931.8  0.323E-21  0.203E-02
    2789.6   3/2 - 2565.7   1/2    6.4959  893.02    0.0014    0.76    0.994  -12.917    224.0  0.446E-01  0.268E-03
    2789.6   3/2 -  861.4   3/2    0.0000    0.00    0.0174    9.71    0.000    0.000   1928.2  0.568E-22  0.219E+01
    2789.6   3/2 - 1369.1   3/2    0.0000    0.00    0.0286   15.99    0.000    0.000   1420.6  0.505E-22  0.144E+01
    2789.6   3/2 - 2789.6   3/2    3.5670            1.1184


    2789.6   3/2 - 1149.9   5/2    0.0000    0.00    0.0085    4.72    0.000   -0.000   1639.7  0.169E-22  0.656E+00
    2789.6   3/2 - 1711.4   5/2    0.0000    0.00    0.1113   62.17    0.000    0.000   1078.3  0.330E-23  0.246E+01
    2789.6   3/2 - 2184.9   5/2    0.0000    0.00    0.0059    3.32    0.000    0.000    604.7  0.377E-24  0.231E-01
    2789.6   3/2 - 2420.9   7/2    0.0000    0.00    0.0000    0.00    1.000    0.000    368.7  0.133E-17  0.000E+00
    2789.6   3/2 - 2742.0   7/2    0.0000    0.00    0.0000    0.00    1.000    0.000     47.6  0.532E-29  0.000E+00


    1149.9   5/2 -  305.0   1/2    6.5637  902.34    0.0000    0.00    1.000    0.000    844.9  0.345E+02  0.000E+00
    1149.9   5/2 -  857.8   1/2    0.0000    0.00    0.0000    0.00    1.000    0.000    292.1  0.861E-25  0.000E+00
    1149.9   5/2 -  861.4   3/2    1.8077  248.52    0.0031    1.71    0.971   -5.829    288.5  0.441E-01  0.130E-02
    1149.9   5/2 - 1149.9   5/2    5.0025            1.6635
    1711.4   5/2 -  305.0   1/2    0.0000    0.00    0.0000    0.00    1.000    0.000   1406.4  0.340E-13  0.000E+00


    1711.4   5/2 -  857.8   1/2    7.2883 1001.96    0.0000    0.00    1.000    0.000    853.5  0.403E+02  0.000E+00
    1711.4   5/2 -  861.4   3/2    0.0000    0.00    0.0000    0.01    0.000    0.000    850.0  0.120E-24  0.106E-03
    1711.4   5/2 - 1369.1   3/2    1.1623  159.79    0.0136    7.57    0.874    2.638    342.3  0.666E-01  0.957E-02
    1711.4   5/2 - 1149.9   5/2    0.0000    0.00    0.0000    0.02    0.000   -0.000    561.5  0.209E-24  0.899E-04
    1711.4   5/2 - 1711.4   5/2    3.8169            1.5015


    2184.9   5/2 -  305.0   1/2    0.0000    0.00    0.0000    0.00    1.000    0.000   1879.9  0.273E-14  0.000E+00
    2184.9   5/2 -  857.8   1/2    0.1374   18.89    0.0000    0.00    1.000    0.000   1327.0  0.690E+01  0.000E+00
    2184.9   5/2 -  861.4   3/2    0.0000    0.00    0.0000    0.00    0.000    0.000   1323.5  0.958E-23  0.140E-04
    2184.9   5/2 - 1369.1   3/2    1.7566  241.48    0.0011    0.59    0.999   27.635    815.8  0.774E+01  0.101E-01
    2184.9   5/2 - 1149.9   5/2    0.0000    0.00    0.0000    0.00    0.000    0.000   1035.0  0.113E-24  0.281E-04


    2184.9   5/2 - 1711.4   5/2    4.3480  597.74    0.0373   20.84    0.948    4.255    473.5  0.126E+01  0.697E-01
    2184.9   5/2 - 2184.9   5/2   -5.1243            0.1588
    2420.9   7/2 -  861.4   3/2    8.6296 1186.35    0.0000    0.00    1.000    0.000   1559.6  0.971E+03  0.000E+00
    2420.9   7/2 - 1369.1   3/2    0.0000    0.00    0.0000    0.00    1.000    0.000   1051.9  0.197E-12  0.000E+00
    2420.9   7/2 - 1149.9   5/2    0.9763  134.21    0.3016  168.46    0.784    1.904   1271.0  0.395E+02  0.109E+02


    2420.9   7/2 - 1711.4   5/2    0.0000    0.00    0.0000    0.01    0.000   -0.000    709.6  0.146E-14  0.965E-04
    2420.9   7/2 - 2184.9   5/2    0.0000    0.00    0.0000    0.00    0.000    0.000    236.1  0.927E-16  0.144E-06
    2420.9   7/2 - 2420.9   7/2    5.4617            0.5305
    2420.9   7/2 - 1898.2  11/2    0.0000    0.00    0.0000    0.00    1.000    0.000    522.7  0.228E-17  0.000E+00
    2742.0   7/2 -  861.4   3/2    0.0000    0.00    0.0000    0.00    1.000    0.000   1880.6  0.144E-20  0.000E+00


    2742.0   7/2 - 1369.1   3/2    7.5103 1032.48    0.0000    0.00    1.000    0.000   1373.0  0.447E+03  0.000E+00
    2742.0   7/2 - 1149.9   5/2    0.0000    0.00    0.0000    0.01    0.000   -0.000   1592.1  0.821E-24  0.713E-03
    2742.0   7/2 - 1711.4   5/2    0.4281   58.86    0.3303  184.47    0.488    0.977   1030.7  0.607E+01  0.636E+01
    2742.0   7/2 - 2184.9   5/2    5.4234  745.58    0.0033    1.82    0.997   18.910    557.1  0.355E+01  0.993E-02
    2742.0   7/2 - 2420.9   7/2    0.0000    0.00    0.0000    0.01    0.000    0.000    321.1  0.151E-16  0.122E-04


    2742.0   7/2 - 2742.0   7/2    1.1590            0.5142
    2742.0   7/2 - 1898.2  11/2    0.0000    0.00    0.0000    0.00    1.000    0.000    843.8  0.221E-25  0.000E+00
    2933.1   9/2 - 1149.9   5/2    9.6447 1325.90    0.0000    0.00    1.000    0.000   1783.2  0.212E+04  0.000E+00
    2933.1   9/2 - 1711.4   5/2    0.0000    0.00    0.0000    0.00    1.000    0.000   1221.8  0.956E-22  0.000E+00
    2933.1   9/2 - 2184.9   5/2    0.0000    0.00    0.0000    0.00    1.000    0.000    748.3  0.601E-23  0.000E+00


    2933.1   9/2 - 2420.9   7/2    0.4872   66.97    0.0049    2.73    0.948   -4.258    512.2  0.209E+00  0.116E-01
    2933.1   9/2 - 2742.0   7/2    0.0000    0.00    0.0000    0.00    0.000   -0.000    191.1  0.108E-26  0.911E-06
    2933.1   9/2 - 2933.1   9/2    5.8957            2.5124
    2933.1   9/2 - 1898.2  11/2    0.0000    0.00    0.0000    0.00    0.002   -0.039   1034.9  0.939E-25  0.610E-22
    2933.1   9/2 -    0.0  13/2    0.0000    0.00    0.0000    0.00    1.000    0.000   2933.1  0.895E-18  0.000E+00


    1898.2  11/2 - 1898.2  11/2  -10.9631           -0.5076
    1898.2  11/2 -    0.0  13/2    0.0000    0.00    0.3728  208.22    0.000    0.000   1898.2  0.294E-24  0.449E+02
       0.0  13/2 -    0.0  13/2  -11.7670           -0.2138

 TIME=  0.0 SEC
