 PARITY=-   EPS= 0.100   GAMMA= 45.0   EPS4=0.000   EPS6=0.000   LEVELS:  28  29  30  31  32
0   Z= 82   A=207   IQ=1   GSFAC= 0.75   GR=  0.40   MIN SPIN=  1/2   MAX SPIN= 13/2   KMAX= 13/2

 MICR QUADR MOMENTS:  Q0= 284.378  Q2=-213.999 FM**2


   B(E2) AND Q(E2) IN E2B2 AND EB,   B(M1) AND M(M1) INNM2 AND NM,   T(E2) AND T(M1) IN 1/PS

       E1     II      EF     IF     B(E2)             B(M1)              GD        D       EREL    T(E2)      T(M1)
                                             WU               MWU

       0.0   1/2 -    0.0   1/2    0.0000            0.5365
      10.2   1/2 -    0.0   1/2    0.0000    0.00    0.0221   12.32    0.000    0.000     10.2  0.000E+00  0.415E-06
      10.2   1/2 -   10.2   1/2    0.0000            0.5175
      25.5   3/2 -    0.0   1/2    0.2435   33.47    0.0003    0.17    0.261    0.594     25.5  0.319E-07  0.905E-07
      25.5   3/2 -   10.2   1/2    0.0495    6.81    0.0025    1.38    0.003   -0.057     15.3  0.499E-09  0.154E-06


      25.5   3/2 -   25.5   3/2    0.8099            0.4150
     156.7   3/2 -    0.0   1/2    0.0046    0.64    0.0281   15.70    0.003    0.053    156.7  0.536E-05  0.190E-02
     156.7   3/2 -   10.2   1/2    0.2070   28.45    0.0163    9.13    0.159   -0.434    146.5  0.170E-03  0.904E-03
     156.7   3/2 -   25.5   3/2    0.0010    0.14    0.0289   16.14    0.000   -0.021    131.2  0.484E-06  0.115E-02
     156.7   3/2 -  156.7   3/2    0.4218            0.4279


     156.7   3/2 -  130.5   5/2    0.2766   38.02    0.0060    3.34    0.022   -0.149     26.3  0.422E-07  0.191E-05
     130.5   5/2 -    0.0   1/2    0.1765   24.27    0.0000    0.00    1.000    0.000    130.5  0.814E-04  0.000E+00
     130.5   5/2 -   10.2   1/2    0.0855   11.76    0.0000    0.00    1.000    0.000    120.2  0.262E-04  0.000E+00
     130.5   5/2 -   25.5   3/2    0.0672    9.24    0.0029    1.64    0.149    0.418    105.0  0.105E-04  0.597E-04
     130.5   5/2 -  130.5   5/2    0.7055            1.2594


     277.1   5/2 -    0.0   1/2    0.0760   10.45    0.0000    0.00    1.000    0.000    277.1  0.151E-02  0.000E+00
     277.1   5/2 -   10.2   1/2    0.2432   33.44    0.0000    0.00    1.000    0.000    266.8  0.401E-02  0.000E+00
     277.1   5/2 -   25.5   3/2    0.0785   10.79    0.0631   35.24    0.052   -0.234    251.6  0.965E-03  0.177E-01
     277.1   5/2 -  156.7   3/2    0.0056    0.77    0.0157    8.74    0.004   -0.060    120.3  0.173E-05  0.480E-03
     277.1   5/2 -  130.5   5/2    0.0080    1.10    0.0232   12.98    0.005   -0.072    146.6  0.664E-05  0.129E-02


     277.1   5/2 -  277.1   5/2    1.0405            1.3993
     477.4   5/2 -    0.0   1/2    0.0725    9.97    0.0000    0.00    1.000    0.000    477.4  0.220E-01  0.000E+00
     477.4   5/2 -   10.2   1/2    0.0028    0.39    0.0000    0.00    1.000    0.000    467.2  0.764E-03  0.000E+00
     477.4   5/2 -   25.5   3/2    0.0014    0.19    0.1491   83.27    0.001    0.037    451.9  0.325E-03  0.242E+00
     477.4   5/2 -  156.7   3/2    0.0720    9.89    0.0002    0.09    0.970    5.726    320.7  0.298E-02  0.909E-04


     477.4   5/2 -  130.5   5/2    0.0571    7.85    0.0030    1.68    0.614    1.260    347.0  0.350E-02  0.221E-02
     477.4   5/2 -  277.1   5/2    0.0112    1.55    0.0184   10.30    0.017   -0.130    200.4  0.443E-04  0.261E-02
     477.4   5/2 -  477.4   5/2    0.7606            0.4672
     477.4   5/2 -  354.1   7/2    0.0048    0.66    0.0249   13.89    0.002    0.045    123.3  0.167E-05  0.821E-03
     477.4   5/2 -  464.2   9/2    0.0002    0.03    0.0000    0.00    1.000    0.000     13.2  0.121E-11  0.000E+00


     354.1   7/2 -   25.5   3/2    0.3954   54.36    0.0000    0.00    1.000    0.000    328.6  0.185E-01  0.000E+00
     354.1   7/2 -  156.7   3/2    0.0004    0.05    0.0000    0.00    1.000    0.000    197.4  0.137E-05  0.000E+00
     354.1   7/2 -  130.5   5/2    0.0099    1.36    0.0006    0.34    0.360   -0.750    223.6  0.677E-04  0.120E-03
     354.1   7/2 -  277.1   5/2    0.0261    3.59    0.0063    3.50    0.017   -0.131     77.0  0.863E-06  0.504E-04
     354.1   7/2 -  354.1   7/2    1.3804            1.0368


     464.2   9/2 -  130.5   5/2    0.4751   65.32    0.0000    0.00    1.000    0.000    333.7  0.240E-01  0.000E+00
     464.2   9/2 -  277.1   5/2    0.0014    0.19    0.0000    0.00    1.000    0.000    187.1  0.396E-05  0.000E+00
     464.2   9/2 -  354.1   7/2    0.0396    5.44    0.0014    0.80    0.188    0.482    110.1  0.782E-05  0.337E-04
     464.2   9/2 -  464.2   9/2    1.0251            2.0641

 TIME=  0.0 SEC
