 PARITY=-   EPS= 0.372   GAMMA= 60.0   EPS4=0.000   EPS6=0.000   LEVELS:  30  31  32  33  34
0   Z= 82   A=207   IQ=1   GSFAC= 0.75   GR=  0.40   MIN SPIN=  1/2   MAX SPIN= 13/2   KMAX= 13/2

 MICR QUADR MOMENTS:  Q0= 771.977  Q2=-945.474 FM**2


   B(E2) AND Q(E2) IN E2B2 AND EB,   B(M1) AND M(M1) INNM2 AND NM,   T(E2) AND T(M1) IN 1/PS

       E1     II      EF     IF     B(E2)             B(M1)              GD        D       EREL    T(E2)      T(M1)
                                             WU               MWU

       0.0   1/2 -    0.0   1/2    0.0000            0.5273
     223.8   3/2 -    0.0   1/2    0.0000    0.00    0.0324   18.11    0.000   -0.000    223.8  0.319E-20  0.640E-02
     223.8   3/2 -  223.8   3/2   -3.0879            0.6344
     596.9   3/2 -    0.0   1/2    4.7424  651.96    0.2424  135.40    0.829    2.198    596.9  0.438E+01  0.908E+00
     596.9   3/2 -  223.8   3/2    0.0000    0.00    0.0259   14.49    0.000   -0.000    373.1  0.253E-20  0.237E-01


     596.9   3/2 -  596.9   3/2    3.0879           -0.3015
     596.9   3/2 -  348.5   5/2    0.0000    0.00    0.0000    0.00    0.339   -0.716    248.4  0.916E-20  0.179E-19
     348.5   5/2 -    0.0   1/2    0.0000    0.00    0.0000    0.00    1.000    0.000    348.5  0.116E-18  0.000E+00
     348.5   5/2 -  223.8   3/2    0.0000    0.00    0.2501  139.69    0.000   -0.000    124.7  0.691E-21  0.853E-02
     348.5   5/2 -  348.5   5/2   -5.5141           -0.1059


     821.2   5/2 -    0.0   1/2    4.7424  651.96    0.0000    0.00    1.000    0.000    821.2  0.216E+02  0.000E+00
     821.2   5/2 -  223.8   3/2    0.0000    0.00    0.0043    2.42    0.000    0.000    597.4  0.220E-11  0.162E-01
     821.2   5/2 -  596.9   3/2    1.3550  186.27    0.0006    0.31    0.988   -9.165    224.3  0.939E-02  0.112E-03
     821.2   5/2 -  348.5   5/2    0.0000    0.00    0.0000    0.00    0.000    0.000    472.7  0.311E-21  0.577E-13
     821.2   5/2 -  821.2   5/2    4.4113            1.6521


     833.4   5/2 -    0.0   1/2    0.0623    8.57    0.0000    0.00    1.000    0.000    833.4  0.306E+00  0.000E+00
     833.4   5/2 -  223.8   3/2    8.0230 1102.96    0.0001    0.05    1.000 -154.480    609.6  0.824E+01  0.346E-03
     833.4   5/2 -  596.9   3/2    0.0178    2.45    0.0265   14.79    0.025   -0.161    236.5  0.161E-03  0.616E-02
     833.4   5/2 -  348.5   5/2    0.0000    0.00    0.1058   59.08    0.000    0.000    484.9  0.222E-07  0.212E+00
     833.4   5/2 -  821.2   5/2    0.0712    9.79    0.0038    2.12    0.002   -0.044     12.2  0.234E-09  0.121E-06


     833.4   5/2 -  833.4   5/2    1.1463            0.9595
    1202.0   7/2 -  223.8   3/2    0.0000    0.00    0.0000    0.00    1.000    0.000    978.2  0.124E-11  0.000E+00
    1202.0   7/2 -  596.9   3/2    0.0000    0.00    0.0000    0.00    1.000    0.000    605.1  0.202E-13  0.000E+00
    1202.0   7/2 -  348.5   5/2    8.4686 1164.21    0.1205   67.30    0.973    5.957    853.5  0.468E+02  0.132E+01
    1202.0   7/2 -  821.2   5/2    0.0000    0.00    0.0000    0.00    0.004    0.059    380.8  0.208E-15  0.589E-13


    1202.0   7/2 -  833.4   5/2    0.0000    0.00    0.1983  110.76    0.000   -0.000    368.6  0.562E-08  0.175E+00
    1202.0   7/2 - 1202.0   7/2   -1.0293            0.5338
    1686.7   7/2 -  223.8   3/2    3.3874  465.68    0.0000    0.00    1.000    0.000   1462.9  0.277E+03  0.000E+00
    1686.7   7/2 -  596.9   3/2    0.0000    0.00    0.0000    0.00    1.000    0.000   1089.7  0.264E-13  0.000E+00
    1686.7   7/2 -  348.5   5/2    0.0000    0.00    0.0134    7.48    0.000   -0.000   1338.2  0.161E-13  0.565E+00


    1686.7   7/2 -  821.2   5/2    0.0000    0.00    0.0232   12.94    0.000   -0.000    865.4  0.894E-11  0.264E+00
    1686.7   7/2 -  833.4   5/2    5.0144  689.35    0.0014    0.76    0.999  -43.130    853.2  0.277E+02  0.149E-01
    1686.7   7/2 - 1202.0   7/2    0.0000    0.00    0.1429   79.82    0.000    0.000    484.7  0.217E-13  0.286E+00
    1686.7   7/2 - 1686.7   7/2    3.0879            1.4088
    2213.9   7/2 -  223.8   3/2    0.0000    0.00    0.0000    0.00    1.000    0.000   1990.1  0.369E-15  0.000E+00


    2213.9   7/2 -  596.9   3/2    6.0974  838.23    0.0000    0.00    1.000    0.000   1617.0  0.822E+03  0.000E+00
    2213.9   7/2 -  348.5   5/2    0.0000    0.00    0.0000    0.00    0.741    1.691   1865.4  0.500E-16  0.175E-16
    2213.9   7/2 -  821.2   5/2    0.6775   93.14    0.3117  174.08    0.745    1.709   1392.7  0.433E+02  0.148E+02
    2213.9   7/2 -  833.4   5/2    0.0089    1.22    0.0216   12.04    0.353    0.739   1380.5  0.544E+00  0.998E+00
    2213.9   7/2 - 1202.0   7/2    0.0000    0.00    0.0000    0.00    0.980   -7.003   1011.9  0.245E-12  0.500E-14


    2213.9   7/2 - 1686.7   7/2    0.0000    0.00    0.0309   17.25    0.000   -0.000    527.2  0.640E-15  0.797E-01
    2213.9   7/2 - 2213.9   7/2    5.1465            0.4839
    2213.9   7/2 - 1985.4  11/2    0.0000    0.00    0.0000    0.00    1.000    0.000    228.5  0.534E-21  0.000E+00
    2299.0   9/2 -  348.5   5/2    2.3712  325.98    0.0000    0.00    1.000    0.000   1950.5  0.817E+03  0.000E+00
    2299.0   9/2 -  821.2   5/2    0.0000    0.00    0.0000    0.00    1.000    0.000   1477.8  0.609E-16  0.000E+00


    2299.0   9/2 -  833.4   5/2    0.0000    0.00    0.0000    0.00    1.000    0.000   1465.6  0.157E-05  0.000E+00
    2299.0   9/2 - 1202.0   7/2    7.1855  987.82    0.1749   97.71    0.972    5.853   1097.0  0.139E+03  0.406E+01
    2299.0   9/2 - 1686.7   7/2    0.0000    0.00    0.1751   97.78    0.000    0.000    612.3  0.309E-15  0.707E+00
    2299.0   9/2 - 2213.9   7/2    0.0000    0.00    0.0000    0.00    0.006    0.079     85.1  0.248E-24  0.397E-22
    2299.0   9/2 - 2299.0   9/2    1.4036            1.0850


    2299.0   9/2 - 1985.4  11/2    0.0000    0.00    0.0000    0.00    0.557    1.121    313.6  0.633E-20  0.504E-20
    2299.0   9/2 - 1901.1  13/2    0.0000    0.00    0.0000    0.00    1.000    0.000    397.9  0.567E-09  0.000E+00
    2617.6   9/2 -  348.5   5/2    0.0000    0.00    0.0000    0.00    1.000    0.000   2269.1  0.405E-13  0.000E+00
    2617.6   9/2 -  821.2   5/2    6.7749  931.37    0.0000    0.00    1.000    0.000   1796.4  0.155E+04  0.000E+00
    2617.6   9/2 -  833.4   5/2    0.0890   12.24    0.0000    0.00    1.000    0.000   1784.2  0.196E+02  0.000E+00


    2617.6   9/2 - 1202.0   7/2    0.0000    0.00    0.0000    0.00    0.836    2.261   1415.6  0.506E-13  0.990E-14
    2617.6   9/2 - 1686.7   7/2    0.0000    0.00    0.0086    4.83    0.000    0.000    931.0  0.615E-15  0.123E+00
    2617.6   9/2 - 2213.9   7/2    0.4106   56.45    0.0006    0.35    0.987   -8.615    403.7  0.537E-01  0.724E-03
    2617.6   9/2 - 2299.0   9/2    0.0000    0.00    0.0000    0.00    0.057    0.246    318.6  0.214E-18  0.353E-17
    2617.6   9/2 - 2617.6   9/2    5.6144            2.5350


    2617.6   9/2 - 1985.4  11/2    0.0000    0.00    0.0000    0.00    0.296    0.648    632.2  0.267E-20  0.635E-20
    2617.6   9/2 - 1901.1  13/2    0.0000    0.00    0.0000    0.00    1.000    0.000    716.5  0.133E-07  0.000E+00
    2784.0   9/2 -  348.5   5/2    0.0000    0.00    0.0000    0.00    1.000    0.000   2435.5  0.932E-14  0.000E+00
    2784.0   9/2 -  821.2   5/2    0.0000    0.00    0.0000    0.00    1.000    0.000   1962.7  0.502E-09  0.000E+00
    2784.0   9/2 -  833.4   5/2    5.0144  689.35    0.0000    0.00    1.000    0.000   1950.5  0.173E+04  0.000E+00


    2784.0   9/2 - 1202.0   7/2    0.0000    0.00    0.0250   13.97    0.000   -0.000   1582.0  0.140E-10  0.174E+01
    2784.0   9/2 - 1686.7   7/2    3.3258  457.22    0.0004    0.24    1.000  -80.431   1097.3  0.645E+02  0.998E-02
    2784.0   9/2 - 2213.9   7/2    0.0000    0.00    0.0216   12.08    0.000    0.000    570.1  0.336E-16  0.705E-01
    2784.0   9/2 - 2299.0   9/2    0.0000    0.00    0.1592   88.90    0.000    0.000    485.0  0.829E-18  0.320E+00
    2784.0   9/2 - 2617.6   9/2    0.0000    0.00    0.0314   17.56    0.000    0.000    166.3  0.115E-17  0.255E-02


    2784.0   9/2 - 2784.0   9/2    4.2108            1.8009
    2784.0   9/2 - 1985.4  11/2    0.0000    0.00    0.0000    0.00    0.679   -1.455    798.6  0.761E-19  0.360E-19
    2784.0   9/2 - 1901.1  13/2    0.0000    0.00    0.0000    0.00    1.000    0.000    882.9  0.171E-07  0.000E+00
    1985.4  11/2 - 1202.0   7/2    0.0000    0.00    0.0000    0.00    1.000    0.000    783.4  0.374E-18  0.000E+00
    1985.4  11/2 - 1686.7   7/2    0.0000    0.00    0.0000    0.00    1.000    0.000    298.7  0.121E-20  0.000E+00


    1985.4  11/2 - 1985.4  11/2   -9.3316           -0.7183
    1985.4  11/2 - 1901.1  13/2    0.0000    0.00    0.4921  274.85    0.000   -0.000     84.3  0.927E-11  0.519E-02
    1901.1  13/2 - 1901.1  13/2  -10.0357           -0.5015

 TIME=  0.0 SEC
