 PARITY=-   EPS= 0.123   GAMMA= 55.0   EPS4=0.000   EPS6=0.000   LEVELS:  28  29  30  31  32
0   Z= 82   A=207   IQ=1   GSFAC= 0.75   GR=  0.40   MIN SPIN=  1/2   MAX SPIN= 13/2   KMAX= 13/2

 MICR QUADR MOMENTS:  Q0= 288.633  Q2=-296.155 FM**2


   B(E2) AND Q(E2) IN E2B2 AND EB,   B(M1) AND M(M1) INNM2 AND NM,   T(E2) AND T(M1) IN 1/PS

       E1     II      EF     IF     B(E2)             B(M1)              GD        D       EREL    T(E2)      T(M1)
                                             WU               MWU

       0.0   1/2 -    0.0   1/2    0.0000            0.5185
     608.7   3/2 -    0.0   1/2    0.5115   70.31    0.0002    0.13    0.998  -23.456    608.7  0.521E+00  0.947E-03
     608.7   3/2 -  608.7   3/2    1.0140            0.4241
    1277.0   3/2 -    0.0   1/2    0.0000    0.00    0.2118  118.27    0.000    0.000   1277.0  0.767E-14  0.776E+01
    1277.0   3/2 -  608.7   3/2    0.0000    0.00    0.1694   94.63    0.000   -0.000    668.4  0.105E-14  0.890E+00


    1277.0   3/2 - 1277.0   3/2   -1.0142           -0.0502
    1277.0   3/2 -  810.9   5/2    0.0000    0.00    0.0424   23.67    0.000   -0.000    466.2  0.213E-16  0.756E-01
     810.9   5/2 -    0.0   1/2    0.5115   70.32    0.0000    0.00    1.000    0.000    810.9  0.219E+01  0.000E+00
     810.9   5/2 -  608.7   3/2    0.1461   20.09    0.0416   23.21    0.091   -0.316    202.2  0.602E-03  0.605E-02
     810.9   5/2 -  810.9   5/2    1.4483            1.2997


    1885.4   5/2 -    0.0   1/2    0.0000    0.00    0.0000    0.00    1.000    0.000   1885.4  0.122E-20  0.000E+00
    1885.4   5/2 -  608.7   3/2    0.0000    0.00    0.1695   94.64    0.000    0.000   1276.7  0.108E-12  0.621E+01
    1885.4   5/2 - 1277.0   3/2    0.8767  120.53    0.0733   40.93    0.754    1.752    608.4  0.891E+00  0.290E+00
    1885.4   5/2 -  810.9   5/2    0.0000    0.00    0.1937  108.16    0.000    0.000   1074.5  0.817E-22  0.423E+01
    1885.4   5/2 - 1885.4   5/2    0.3621            0.5306


    2122.6   5/2 -    0.0   1/2    0.0000    0.00    0.0000    0.00    1.000    0.000   2122.6  0.160E-22  0.000E+00
    2122.6   5/2 -  608.7   3/2    0.0000    0.00    0.0000    0.00    0.000    0.000   1513.9  0.501E-22  0.627E-07
    2122.6   5/2 - 1277.0   3/2    0.0000    0.00    0.0266   14.84    0.000   -0.000    845.6  0.320E-21  0.283E+00
    2122.6   5/2 -  810.9   5/2    0.0000    0.00    0.0000    0.00    0.000   -0.000   1311.7  0.275E-23  0.329E-06
    2122.6   5/2 - 1885.4   5/2    0.0000    0.00    0.0114    6.36    0.000    0.000    237.2  0.335E-22  0.268E-02


    2122.6   5/2 - 2122.6   5/2   -1.8110            0.6548
    2230.9   7/2 -  608.7   3/2    0.6578   90.43    0.0000    0.00    1.000    0.000   1622.2  0.901E+02  0.000E+00
    2230.9   7/2 - 1277.0   3/2    0.0000    0.00    0.0000    0.00    1.000    0.000    953.8  0.229E-14  0.000E+00
    2230.9   7/2 -  810.9   5/2    0.0730   10.04    0.0003    0.17    0.997  -18.490   1420.0  0.515E+01  0.151E-01
    2230.9   7/2 - 1885.4   5/2    0.0000    0.00    0.0453   25.33    0.000   -0.000    345.5  0.198E-24  0.329E-01


    2230.9   7/2 - 2122.6   5/2    0.0000    0.00    0.0000    0.00    0.000   -0.000    108.3  0.314E-27  0.182E-09
    2230.9   7/2 - 2230.9   7/2    1.6893            1.1585
    2736.6   7/2 -  608.7   3/2    0.0000    0.00    0.0000    0.00    1.000    0.000   2128.0  0.580E-12  0.000E+00
    2736.6   7/2 - 1277.0   3/2    0.3655   50.24    0.0000    0.00    1.000    0.000   1459.6  0.295E+02  0.000E+00
    2736.6   7/2 -  810.9   5/2    0.0000    0.00    0.1512   84.42    0.000    0.000   1925.8  0.455E-20  0.190E+02


    2736.6   7/2 - 1885.4   5/2    0.5480   75.34    0.0984   54.96    0.737    1.672    851.2  0.299E+01  0.107E+01
    2736.6   7/2 - 2122.6   5/2    0.0000    0.00    0.0014    0.79    0.000   -0.000    614.1  0.206E-20  0.576E-02
    2736.6   7/2 - 2230.9   7/2    0.0000    0.00    0.2017  112.64    0.000    0.000    505.8  0.530E-22  0.459E+00
    2736.6   7/2 - 2736.6   7/2    1.0132            1.0272
    2736.6   7/2 - 2594.3   9/2    0.0000    0.00    0.0707   39.50    0.000   -0.000    142.3  0.641E-26  0.359E-02


    2974.2   7/2 -  608.7   3/2    0.0000    0.00    0.0000    0.00    1.000    0.000   2365.5  0.461E-17  0.000E+00
    2974.2   7/2 - 1277.0   3/2    0.0000    0.00    0.0000    0.00    1.000    0.000   1697.1  0.791E-16  0.000E+00
    2974.2   7/2 -  810.9   5/2    0.0000    0.00    0.0000    0.00    0.000   -0.000   2163.3  0.323E-18  0.662E-06
    2974.2   7/2 - 1885.4   5/2    0.0000    0.00    0.0214   11.93    0.000    0.000   1088.8  0.110E-16  0.485E+00
    2974.2   7/2 - 2122.6   5/2    0.9133  125.55    0.0113    6.31    0.976    6.377    851.6  0.499E+01  0.123E+00


    2974.2   7/2 - 2230.9   7/2    0.0000    0.00    0.0000    0.00    0.000    0.000    743.3  0.128E-19  0.475E-07
    2974.2   7/2 - 2736.6   7/2    0.0000    0.00    0.0152    8.50    0.000    0.000    237.5  0.246E-20  0.359E-02
    2974.2   7/2 - 2974.2   7/2   -0.3384            1.1255
    2974.2   7/2 - 2594.3   9/2    0.0000    0.00    0.0000    0.00    0.000   -0.000    379.8  0.395E-22  0.652E-07
    2594.3   9/2 -  810.9   5/2    0.7310  100.49    0.0000    0.00    1.000    0.000   1783.5  0.161E+03  0.000E+00


    2594.3   9/2 - 1885.4   5/2    0.0000    0.00    0.0000    0.00    1.000    0.000    708.9  0.995E-23  0.000E+00
    2594.3   9/2 - 2122.6   5/2    0.0000    0.00    0.0000    0.00    1.000    0.000    471.8  0.612E-25  0.000E+00
    2594.3   9/2 - 2230.9   7/2    0.0443    6.09    0.0463   25.87    0.080   -0.296    363.5  0.343E-02  0.391E-01
    2594.3   9/2 - 2594.3   9/2    1.8421            2.0880

 TIME=  0.0 SEC
