 PARITY=-   EPS= 0.174   GAMMA= 49.4   EPS4=0.000   EPS6=0.000   LEVELS:  31  32  33  34  35
0   Z= 82   A=207   IQ=1   GSFAC= 0.75   GR=  0.40   MIN SPIN=  1/2   MAX SPIN= 13/2   KMAX= 13/2

 MICR QUADR MOMENTS:  Q0= 482.686  Q2=-392.656 FM**2


   B(E2) AND Q(E2) IN E2B2 AND EB,   B(M1) AND M(M1) INNM2 AND NM,   T(E2) AND T(M1) IN 1/PS

       E1     II      EF     IF     B(E2)             B(M1)              GD        D       EREL    T(E2)      T(M1)
                                             WU               MWU

       0.0   1/2 -    0.0   1/2    0.0000            0.4961
    1767.8   1/2 -    0.0   1/2    0.0000    0.00    0.0310   17.30    0.000    0.000   1767.8  0.000E+00  0.301E+01
    1767.8   1/2 - 1767.8   1/2    0.0000            0.5798
    1767.8   1/2 -  670.7   3/2    0.0000    0.00    0.0418   23.37    0.000   -0.000   1097.1  0.248E-14  0.972E+00
    1767.8   1/2 -  769.4   5/2    0.0000    0.00    0.0000    0.00    1.000    0.000    998.4  0.272E-14  0.000E+00


    2307.7   1/2 -    0.0   1/2    0.0000    0.00    0.0068    3.82    0.000    0.000   2307.7  0.000E+00  0.148E+01
    2307.7   1/2 - 1767.8   1/2    0.0000    0.00    0.0006    0.33    0.000    0.000    539.9  0.000E+00  0.166E-02
    2307.7   1/2 - 2307.7   1/2    0.0000            0.5615
    2307.7   1/2 -  670.7   3/2    0.0000    0.00    0.0012    0.68    0.000   -0.000   1637.0  0.147E-16  0.939E-01
    2307.7   1/2 - 1822.4   3/2    0.0014    0.19    0.2200  122.85    0.001    0.032    485.3  0.456E-03  0.443E+00


    2307.7   1/2 - 2073.6   3/2    0.0000    0.00    0.0351   19.58    0.000   -0.000    234.1  0.565E-26  0.792E-02
    2307.7   1/2 -  769.4   5/2    0.0000    0.00    0.0000    0.00    1.000    0.000   1538.3  0.891E-23  0.000E+00
    2307.7   1/2 - 2270.9   5/2    0.6814   93.68    0.0000    0.00    1.000    0.000     36.8  0.562E-06  0.000E+00
     670.7   3/2 -    0.0   1/2    1.0405  143.05    0.0099    5.54    0.970    5.718    670.7  0.172E+01  0.527E-01
     670.7   3/2 -  670.7   3/2    1.4404            0.2813


    1822.4   3/2 -    0.0   1/2    0.0000    0.00    0.0127    7.08    0.000   -0.000   1822.4  0.280E-23  0.135E+01
    1822.4   3/2 - 1767.8   1/2    0.0000    0.00    0.0025    1.38    0.000   -0.000     54.6  0.338E-22  0.707E-05
    1822.4   3/2 -  670.7   3/2    0.0000    0.00    0.0104    5.83    0.000    0.000   1151.6  0.652E-14  0.281E+00
    1822.4   3/2 - 1822.4   3/2   -1.1919            0.4119
    1822.4   3/2 -  769.4   5/2    0.0000    0.00    0.0049    2.73    0.000    0.000   1053.0  0.200E-23  0.101E+00


    2073.6   3/2 -    0.0   1/2    0.0000    0.00    0.0008    0.46    0.000    0.000   2073.6  0.109E-25  0.129E+00
    2073.6   3/2 - 1767.8   1/2    0.9283  127.61    0.0135    7.56    0.816    2.109    305.8  0.303E-01  0.681E-02
    2073.6   3/2 -  670.7   3/2    0.0000    0.00    0.0326   18.20    0.000    0.000   1402.9  0.304E-14  0.158E+01
    2073.6   3/2 - 1822.4   3/2    0.0000    0.00    0.0087    4.85    0.000    0.000    251.2  0.659E-25  0.242E-02
    2073.6   3/2 - 2073.6   3/2    0.3404            0.8705


    2073.6   3/2 -  769.4   5/2    0.0000    0.00    0.0665   37.16    0.000   -0.000   1304.2  0.354E-26  0.260E+01
     769.4   5/2 -    0.0   1/2    1.0421  143.26    0.0000    0.00    1.000    0.000    769.4  0.343E+01  0.000E+00
     769.4   5/2 -  670.7   3/2    0.2951   40.57    0.0227   12.67    0.081   -0.296     98.6  0.336E-04  0.383E-03
     769.4   5/2 -  769.4   5/2    2.0530            1.3488
    2270.9   5/2 -    0.0   1/2    0.0000    0.00    0.0000    0.00    1.000    0.000   2270.9  0.276E-23  0.000E+00


    2270.9   5/2 - 1767.8   1/2    0.0000    0.00    0.0000    0.00    1.000    0.000    503.1  0.738E-15  0.000E+00
    2270.9   5/2 -  670.7   3/2    0.0000    0.00    0.0051    2.87    0.000   -0.000   1600.1  0.783E-13  0.370E+00
    2270.9   5/2 - 1822.4   3/2    1.7369  238.79    0.0223   12.46    0.916    3.295    448.5  0.385E+00  0.354E-01
    2270.9   5/2 - 2073.6   3/2    0.0000    0.00    0.0050    2.82    0.000    0.000    197.3  0.241E-25  0.682E-03
    2270.9   5/2 -  769.4   5/2    0.0000    0.00    0.0156    8.70    0.000   -0.000   1501.5  0.896E-24  0.928E+00


    2270.9   5/2 - 2270.9   5/2    0.4904            1.2226
    2550.9   5/2 -    0.0   1/2    0.0000    0.00    0.0000    0.00    1.000    0.000   2550.9  0.159E-22  0.000E+00
    2550.9   5/2 - 1767.8   1/2    0.7948  109.26    0.0000    0.00    1.000    0.000    783.1  0.286E+01  0.000E+00
    2550.9   5/2 - 2307.7   1/2    0.0000    0.00    0.0000    0.00    1.000    0.000    243.2  0.287E-25  0.000E+00
    2550.9   5/2 -  670.7   3/2    0.0000    0.00    0.0037    2.05    0.000    0.000   1880.2  0.344E-14  0.429E+00


    2550.9   5/2 - 1822.4   3/2    0.0000    0.00    0.0017    0.92    0.000   -0.000    728.5  0.101E-22  0.112E-01
    2550.9   5/2 - 2073.6   3/2    0.3662   50.34    0.0152    8.51    0.791   -1.948    477.3  0.111E+00  0.292E-01
    2550.9   5/2 -  769.4   5/2    0.0000    0.00    0.0283   15.78    0.000    0.000   1781.5  0.699E-23  0.281E+01
    2550.9   5/2 - 2270.9   5/2    0.0000    0.00    0.0000    0.01    0.000   -0.000    280.0  0.649E-25  0.547E-05
    2550.9   5/2 - 2550.9   5/2    2.0711            1.6535


    2550.9   5/2 - 2326.9   7/2    0.0000    0.00    0.0523   29.21    0.000   -0.000    223.9  0.248E-31  0.103E-01
    2550.9   5/2 - 2500.2   9/2    0.0000    0.00    0.0000    0.00    1.000    0.000     50.7  0.130E-29  0.000E+00
    2326.9   7/2 -  670.7   3/2    1.3451  184.91    0.0000    0.00    1.000    0.000   1656.2  0.205E+03  0.000E+00
    2326.9   7/2 - 1822.4   3/2    0.0000    0.00    0.0000    0.00    1.000    0.000    504.6  0.116E-25  0.000E+00
    2326.9   7/2 - 2073.6   3/2    0.0000    0.00    0.0000    0.00    1.000    0.000    253.4  0.108E-27  0.000E+00


    2326.9   7/2 -  769.4   5/2    0.1484   20.40    0.0137    7.65    0.948    4.268   1557.6  0.166E+02  0.911E+00
    2326.9   7/2 - 2270.9   5/2    0.0000    0.00    0.0040    2.25    0.000    0.000     56.1  0.294E-31  0.125E-04
    2326.9   7/2 - 2326.9   7/2    2.3708            1.0479
    2500.2   9/2 -  769.4   5/2    1.4971  205.81    0.0000    0.00    1.000    0.000   1730.8  0.284E+03  0.000E+00
    2500.2   9/2 - 2270.9   5/2    0.0000    0.00    0.0000    0.00    1.000    0.000    229.3  0.127E-26  0.000E+00


    2500.2   9/2 - 2326.9   7/2    0.0877   12.06    0.0271   15.14    0.063   -0.259    173.2  0.167E-03  0.248E-02
    2500.2   9/2 - 2500.2   9/2    2.5754            2.1426
    2500.2   9/2 - 1079.1  13/2    0.0000    0.00    0.0000    0.00    1.000    0.000   1421.1  0.223E-13  0.000E+00
    1079.1  13/2 - 1079.1  13/2   -4.6999           -0.6368

 TIME=  0.0 SEC
