 PARITY=-   EPS= 0.462   GAMMA=  0.0   EPS4=0.000   EPS6=0.000   LEVELS:  30  31  32  33  34
0   Z= 82   A=207   IQ=1   GSFAC= 0.75   GR=  0.40   MIN SPIN=  1/2   MAX SPIN= 13/2   KMAX= 13/2

 MICR QUADR MOMENTS:  Q0=3041.762  Q2=  -0.000 FM**2


   B(E2) AND Q(E2) IN E2B2 AND EB,   B(M1) AND M(M1) INNM2 AND NM,   T(E2) AND T(M1) IN 1/PS

       E1     II      EF     IF     B(E2)             B(M1)              GD        D       EREL    T(E2)      T(M1)
                                             WU               MWU

       0.0   1/2 -    0.0   1/2    0.0000            0.6658
     134.9   1/2 -    0.0   1/2    0.0000    0.00    0.0000    0.00    0.000    0.000    134.9  0.000E+00  0.427E-16
     134.9   1/2 -  134.9   1/2    0.0000            0.7693
     134.9   1/2 -    6.7   3/2    0.0000    0.00    0.0000    0.00    0.402   -0.820    128.2  0.753E-16  0.112E-15
     134.9   1/2 -   51.6   3/2    0.0000    0.00    0.0000    0.00    0.000   -0.001     83.3  0.528E-27  0.498E-21


     134.9   1/2 -  132.6   3/2   36.8138 5060.95    0.3665  204.70    0.000   -0.019      2.3  0.295E-10  0.795E-07
     134.9   1/2 -   33.9   5/2    0.0000    0.00    0.0000    0.00    1.000    0.000    101.0  0.500E-16  0.000E+00
     134.9   1/2 -   70.8   5/2    0.0000    0.00    0.0000    0.00    1.000    0.000     64.1  0.784E-28  0.000E+00
       6.7   3/2 -    0.0   1/2   18.4069 2530.48    0.6053  338.04    0.001   -0.031      6.7  0.309E-08  0.324E-05
       6.7   3/2 -    6.7   3/2   -6.0835           -0.7896


      51.6   3/2 -    0.0   1/2    0.0000    0.00    0.0000    0.02    0.000   -0.000     51.6  0.256E-27  0.885E-07
      51.6   3/2 -    6.7   3/2    0.0000    0.00    0.0000    0.02    0.000    0.000     44.9  0.484E-17  0.466E-07
      51.6   3/2 -   51.6   3/2    6.0835            0.9363
      51.6   3/2 -   33.9   5/2    0.0000    0.00    0.0000    0.00    0.000   -0.000     17.7  0.720E-18  0.712E-09
      51.6   3/2 -   49.6   7/2    0.0000    0.00    0.0000    0.00    1.000    0.000      2.0  0.254E-28  0.000E+00


     132.6   3/2 -    0.0   1/2    0.0000    0.00    0.0000    0.00    0.342   -0.721    132.6  0.446E-16  0.858E-16
     132.6   3/2 -    6.7   3/2    0.0000    0.00    0.0000    0.00    0.617    1.268    125.9  0.543E-16  0.337E-16
     132.6   3/2 -   51.6   3/2    0.0000    0.00    0.0000    0.00    0.192    0.488     81.0  0.873E-17  0.367E-16
     132.6   3/2 -  132.6   3/2   -6.0835           -0.3555
     132.6   3/2 -   33.9   5/2    0.0000    0.00    0.0000    0.00    0.723    1.614     98.7  0.935E-17  0.359E-17


     132.6   3/2 -   70.8   5/2    0.0000    0.00    0.0000    0.00    0.806    2.040     61.8  0.579E-17  0.139E-17
     132.6   3/2 -   49.6   7/2    0.0000    0.00    0.0000    0.00    1.000    0.000     83.0  0.439E-17  0.000E+00
     132.6   3/2 -   97.7   7/2    0.0000    0.00    0.0000    0.00    1.000    0.000     34.9  0.185E-18  0.000E+00
      33.9   5/2 -    0.0   1/2   18.4069 2530.48    0.0000    0.00    1.000    0.000     33.9  0.101E-04  0.000E+00
      33.9   5/2 -    6.7   3/2    5.2591  722.99    0.0000    0.01    0.991   10.450     27.2  0.955E-06  0.875E-08


      33.9   5/2 -   33.9   5/2   -8.6908            1.9833
      70.8   5/2 -    0.0   1/2    0.0000    0.00    0.0000    0.00    1.000    0.000     70.8  0.273E-26  0.000E+00
      70.8   5/2 -    6.7   3/2    0.0000    0.00    0.0000    0.02    0.000   -0.000     64.1  0.492E-16  0.136E-06
      70.8   5/2 -   51.6   3/2   31.5547 4337.96    0.0207   11.56    0.280    0.624     19.2  0.101E-05  0.258E-05
      70.8   5/2 -   33.9   5/2    0.0000    0.00    0.0000    0.02    0.000    0.000     36.9  0.791E-18  0.295E-07


      70.8   5/2 -   70.8   5/2   -2.1727            1.2347
      70.8   5/2 -   49.6   7/2    0.0000    0.00    0.0000    0.01    0.000    0.000     21.2  0.351E-23  0.175E-08
     174.8   5/2 -    0.0   1/2    0.0000    0.00    0.0000    0.00    1.000    0.000    174.8  0.260E-15  0.000E+00
     174.8   5/2 -  134.9   1/2   18.4069 2530.48    0.0000    0.00    1.000    0.000     40.0  0.229E-04  0.000E+00
     174.8   5/2 -    6.7   3/2    0.0000    0.00    0.0000    0.00    0.923    3.457    168.1  0.896E-16  0.750E-17


     174.8   5/2 -   51.6   3/2    0.0000    0.00    0.0000    0.00    0.942    4.040    123.2  0.125E-15  0.765E-17
     174.8   5/2 -  132.6   3/2    5.2591  722.99    0.0387   21.62    0.144    0.410     42.3  0.865E-05  0.514E-04
     174.8   5/2 -   33.9   5/2    0.0000    0.00    0.0000    0.00    0.192   -0.488    140.9  0.193E-15  0.812E-15
     174.8   5/2 -   70.8   5/2    0.0000    0.00    0.0000    0.00    0.019   -0.140    104.0  0.223E-17  0.114E-15
     174.8   5/2 -  174.8   5/2   -8.6908            1.8506


     174.8   5/2 -   49.6   7/2    0.0000    0.00    0.0000    0.00    0.035   -0.191    125.2  0.450E-17  0.124E-15
     174.8   5/2 -   97.7   7/2    0.0000    0.00    0.0000    0.00    0.739    1.685     77.1  0.100E-16  0.352E-17
     174.8   5/2 -  169.5   7/2    3.5061  482.00    0.3141  175.45    0.000   -0.015      5.4  0.194E-09  0.866E-06
     174.8   5/2 -   98.6   9/2    0.0000    0.00    0.0000    0.00    1.000    0.000     76.3  0.470E-17  0.000E+00
     174.8   5/2 -  132.3   9/2    0.0000    0.00    0.0000    0.00    1.000    0.000     42.6  0.640E-18  0.000E+00


      49.6   7/2 -    6.7   3/2   23.6660 3253.47    0.0000    0.00    1.000    0.000     42.9  0.419E-04  0.000E+00
      49.6   7/2 -   33.9   5/2    2.6296  361.50    0.7782  434.63    0.001   -0.024     15.7  0.306E-07  0.530E-04
      49.6   7/2 -   49.6   7/2  -10.1392            0.0013
      97.7   7/2 -    6.7   3/2    0.0000    0.00    0.0000    0.00    1.000    0.000     91.0  0.118E-15  0.000E+00
      97.7   7/2 -   51.6   3/2   13.1478 1807.48    0.0000    0.00    1.000    0.000     46.1  0.334E-04  0.000E+00


      97.7   7/2 -   33.9   5/2    0.0000    0.00    0.0000    0.01    0.000    0.000     63.8  0.183E-15  0.119E-06
      97.7   7/2 -   70.8   5/2   19.7217 2711.22    0.0277   15.48    0.263    0.597     26.9  0.338E-05  0.948E-05
      97.7   7/2 -   49.6   7/2    0.0000    0.00    0.0000    0.02    0.000   -0.000     48.1  0.635E-22  0.681E-07
      97.7   7/2 -   97.7   7/2   -6.0835            1.5765
     169.5   7/2 -    6.7   3/2    0.0000    0.00    0.0000    0.00    1.000    0.000    162.7  0.638E-16  0.000E+00


     169.5   7/2 -   51.6   3/2    0.0000    0.00    0.0000    0.00    1.000    0.000    117.8  0.189E-20  0.000E+00
     169.5   7/2 -  132.6   3/2   23.6660 3253.47    0.0000    0.00    1.000    0.000     36.9  0.197E-04  0.000E+00
     169.5   7/2 -   33.9   5/2    0.0000    0.00    0.0000    0.00    0.124   -0.376    135.5  0.502E-17  0.355E-16
     169.5   7/2 -   70.8   5/2    0.0000    0.00    0.0000    0.00    0.826    2.177     98.6  0.116E-20  0.245E-21
     169.5   7/2 -   49.6   7/2    0.0000    0.00    0.0000    0.00    0.917   -3.332    119.8  0.175E-20  0.158E-21


     169.5   7/2 -   97.7   7/2    0.0000    0.00    0.0000    0.00    0.036   -0.192     71.7  0.948E-22  0.257E-20
     169.5   7/2 -  169.5   7/2  -10.1392            0.3801
     169.5   7/2 -   98.6   9/2    0.0000    0.00    0.0000    0.00    0.454    0.912     70.9  0.822E-23  0.988E-23
     169.5   7/2 -  132.3   9/2    0.0000    0.00    0.0000    0.00    0.289    0.637     37.2  0.721E-23  0.178E-22
     169.5   7/2 -  123.3  11/2    0.0000    0.00    0.0000    0.00    1.000    0.000     46.2  0.345E-22  0.000E+00


      98.6   9/2 -   33.9   5/2   26.2956 3614.98    0.0000    0.00    1.000    0.000     64.7  0.363E-03  0.000E+00
      98.6   9/2 -   70.8   5/2    0.0000    0.00    0.0000    0.00    1.000    0.000     27.8  0.454E-22  0.000E+00
      98.6   9/2 -   49.6   7/2    1.5937  219.09    0.0000    0.02    0.990    9.823     49.0  0.547E-05  0.567E-07
      98.6   9/2 -   97.7   7/2    0.0000    0.00    0.0000    0.01    0.000   -0.000      0.9  0.954E-30  0.117E-12
      98.6   9/2 -   98.6   9/2  -11.0610            2.9189


     132.3   9/2 -   33.9   5/2    0.0000    0.00    0.0000    0.00    1.000    0.000     98.3  0.160E-14  0.000E+00
     132.3   9/2 -   70.8   5/2   19.7217 2711.23    0.0000    0.00    1.000    0.000     61.5  0.211E-03  0.000E+00
     132.3   9/2 -   49.6   7/2    0.0000    0.00    0.0000    0.01    0.000   -0.000     82.7  0.155E-20  0.242E-06
     132.3   9/2 -   97.7   7/2   12.9087 1774.62    0.0310   17.34    0.256    0.587     34.6  0.778E-05  0.226E-04
     132.3   9/2 -   98.6   9/2    0.0000    0.00    0.0000    0.02    0.000    0.000     33.7  0.765E-22  0.239E-07


     132.3   9/2 -  132.3   9/2   -8.2957            1.9381
     132.3   9/2 -  123.3  11/2    0.0000    0.00    0.0000    0.01    0.000    0.000      9.0  0.182E-25  0.172E-09
     245.5   9/2 -   33.9   5/2    0.0000    0.00    0.0000    0.00    1.000    0.000    211.6  0.464E-15  0.000E+00
     245.5   9/2 -   70.8   5/2    0.0000    0.00    0.0000    0.00    1.000    0.000    174.7  0.351E-20  0.000E+00
     245.5   9/2 -  174.8   5/2   26.2956 3614.98    0.0000    0.00    1.000    0.000     70.7  0.566E-03  0.000E+00


     245.5   9/2 -   49.6   7/2    0.0000    0.00    0.0000    0.00    0.756    1.759    195.9  0.106E-20  0.343E-21
     245.5   9/2 -   97.7   7/2    0.0000    0.00    0.0000    0.00    0.865    2.533    147.8  0.991E-21  0.155E-21
     245.5   9/2 -  169.5   7/2    1.5937  219.09    0.0430   24.02    0.129    0.386     76.1  0.495E-04  0.333E-03
     245.5   9/2 -   98.6   9/2    0.0000    0.00    0.0000    0.00    0.132   -0.389    146.9  0.235E-20  0.155E-19
     245.5   9/2 -  132.3   9/2    0.0000    0.00    0.0000    0.00    0.093   -0.320    113.2  0.257E-21  0.252E-20


     245.5   9/2 -  245.5   9/2  -11.0610            2.7217
     245.5   9/2 -  123.3  11/2    0.0000    0.00    0.0000    0.00    0.028   -0.168    122.3  0.102E-21  0.358E-20
     245.5   9/2 -  174.5  11/2    0.0000    0.00    0.0000    0.00    0.465    0.932     71.0  0.211E-22  0.242E-22
     245.5   9/2 -  237.1  11/2    1.2872  176.96    0.2999  167.48    0.000   -0.015      8.5  0.684E-09  0.321E-05
     245.5   9/2 -  194.0  13/2    0.0000    0.00    0.0000    0.00    1.000    0.000     51.5  0.230E-22  0.000E+00


     245.5   9/2 -  224.5  13/2    0.0000    0.00    0.0000    0.00    1.000    0.000     21.1  0.164E-24  0.000E+00
     123.3  11/2 -   49.6   7/2   27.8892 3834.06    0.0000    0.00    1.000    0.000     73.6  0.736E-03  0.000E+00
     123.3  11/2 -   97.7   7/2    0.0000    0.00    0.0000    0.00    1.000    0.000     25.5  0.721E-23  0.000E+00
     123.3  11/2 -   98.6   9/2    1.0727  147.46    0.8254  460.97    0.001   -0.023     24.7  0.120E-06  0.218E-03
     123.3  11/2 -  123.3  11/2  -11.6991            0.7930


     174.5  11/2 -   49.6   7/2    0.0000    0.00    0.0000    0.00    1.000    0.000    124.9  0.224E-19  0.000E+00
     174.5  11/2 -   97.7   7/2   23.4270 3220.61    0.0000    0.00    1.000    0.000     76.8  0.765E-03  0.000E+00
     174.5  11/2 -  169.5   7/2    0.0000    0.00    0.0000    0.00    1.000    0.000      5.1  0.504E-27  0.000E+00
     174.5  11/2 -   98.6   9/2    0.0000    0.00    0.0000    0.01    0.000    0.000     75.9  0.316E-20  0.179E-06
     174.5  11/2 -  132.3   9/2    9.0104 1238.70    0.0329   18.39    0.253    0.582     42.3  0.148E-04  0.437E-04


     174.5  11/2 -  123.3  11/2    0.0000    0.00    0.0000    0.02    0.000   -0.000     51.3  0.156E-21  0.850E-07
     174.5  11/2 -  174.5  11/2   -9.6935            2.3103
     237.1  11/2 -   49.6   7/2    0.0000    0.00    0.0000    0.00    1.000    0.000    187.4  0.253E-19  0.000E+00
     237.1  11/2 -   97.7   7/2    0.0000    0.00    0.0000    0.00    1.000    0.000    139.4  0.157E-19  0.000E+00
     237.1  11/2 -  169.5   7/2   27.8892 3834.06    0.0000    0.00    1.000    0.000     67.6  0.480E-03  0.000E+00


     237.1  11/2 -   98.6   9/2    0.0000    0.00    0.0000    0.00    0.025   -0.160    138.5  0.158E-21  0.612E-20
     237.1  11/2 -  132.3   9/2    0.0000    0.00    0.0000    0.00    0.672    1.432    104.8  0.145E-20  0.708E-21
     237.1  11/2 -  123.3  11/2    0.0000    0.00    0.0000    0.00    0.403   -0.821    113.8  0.200E-20  0.297E-20
     237.1  11/2 -  174.5  11/2    0.0000    0.00    0.0000    0.00    0.027   -0.167     62.5  0.190E-21  0.682E-20
     237.1  11/2 -  237.1  11/2  -11.6991            1.1506


     237.1  11/2 -  194.0  13/2    0.0000    0.00    0.0000    0.00    0.140    0.403     43.1  0.389E-24  0.239E-23
     237.1  11/2 -  224.5  13/2    0.0000    0.00    0.0000    0.00    0.021    0.147     12.6  0.312E-25  0.144E-23
     194.0  13/2 -   98.6   9/2   28.9620 3981.53    0.0000    0.00    1.000    0.000     95.4  0.279E-02  0.000E+00
     194.0  13/2 -  132.3   9/2    0.0000    0.00    0.0000    0.00    1.000    0.000     61.7  0.577E-20  0.000E+00
     194.0  13/2 -  123.3  11/2    0.7723  106.17    0.0000    0.02    0.989    9.694     70.7  0.167E-04  0.177E-06


     194.0  13/2 -  174.5  11/2    0.0000    0.00    0.0000    0.01    0.000   -0.000     19.4  0.458E-23  0.156E-08
     194.0  13/2 -  194.0  13/2  -12.1670            3.7780
     224.5  13/2 -   98.6   9/2    0.0000    0.00    0.0000    0.00    1.000    0.000    125.9  0.114E-18  0.000E+00
     224.5  13/2 -  132.3   9/2   25.7439 3539.13    0.0000    0.00    1.000    0.000     92.2  0.209E-02  0.000E+00
     224.5  13/2 -  123.3  11/2    0.0000    0.00    0.0000    0.01    0.000   -0.000    101.2  0.197E-20  0.411E-06


     224.5  13/2 -  174.5  11/2    6.6199  910.06    0.0341   19.05    0.251    0.579     49.9  0.251E-04  0.748E-04
     224.5  13/2 -  194.0  13/2    0.0000    0.00    0.0000    0.02    0.000    0.000     30.5  0.115E-21  0.180E-07
     224.5  13/2 -  224.5  13/2  -10.6462            2.6889
     346.9  13/2 -   98.6   9/2    0.0000    0.00    0.0000    0.00    1.000    0.000    248.4  0.426E-19  0.000E+00
     346.9  13/2 -  132.3   9/2    0.0000    0.00    0.0000    0.00    1.000    0.000    214.7  0.113E-19  0.000E+00


     346.9  13/2 -  245.5   9/2   28.9620 3981.53    0.0000    0.00    1.000    0.000    101.4  0.379E-02  0.000E+00
     346.9  13/2 -  123.3  11/2    0.0000    0.00    0.0000    0.00    0.620    1.278    223.7  0.126E-20  0.771E-21
     346.9  13/2 -  174.5  11/2    0.0000    0.00    0.0000    0.00    0.806    2.038    172.4  0.957E-21  0.231E-21
     346.9  13/2 -  237.1  11/2    0.7723  106.17    0.0447   24.94    0.126    0.380    109.9  0.151E-03  0.104E-02
     346.9  13/2 -  194.0  13/2    0.0000    0.00    0.0000    0.00    0.094   -0.322    153.0  0.299E-20  0.289E-19


     346.9  13/2 -  224.5  13/2    0.0000    0.00    0.0000    0.00    0.083   -0.301    122.5  0.461E-21  0.508E-20
     346.9  13/2 -  346.9  13/2  -12.1670            3.5508

 TIME=  0.0 SEC
