 PARITY=-   EPS= 0.370   GAMMA= 17.6   EPS4=0.000   EPS6=0.000   LEVELS:  30  31  32  33  34
0   Z= 82   A=207   IQ=1   GSFAC= 0.75   GR=  0.40   MIN SPIN=  1/2   MAX SPIN= 13/2   KMAX= 13/2

 MICR QUADR MOMENTS:  Q0=2162.558  Q2=-278.019 FM**2


   B(E2) AND Q(E2) IN E2B2 AND EB,   B(M1) AND M(M1) INNM2 AND NM,   T(E2) AND T(M1) IN 1/PS

       E1     II      EF     IF     B(E2)             B(M1)              GD        D       EREL    T(E2)      T(M1)
                                             WU               MWU

     143.6   1/2 -  143.6   1/2    0.0000            0.5604
     143.6   1/2 -    0.0   3/2    0.6655   91.49    0.0712   39.79    0.118   -0.365    143.6  0.496E-03  0.371E-02
       0.0   3/2 -    0.0   3/2    2.6847            0.9373
     352.5   3/2 -  143.6   1/2    9.2787 1275.59    0.2515  140.45    0.527   -1.056    208.9  0.450E-01  0.403E-01
     352.5   3/2 -    0.0   3/2    6.0268  828.53    0.1047   58.45    0.832    2.227    352.5  0.400E+00  0.807E-01


     352.5   3/2 -  352.5   3/2   -2.6847           -0.1837
     352.5   3/2 -  132.3   7/2    0.0000    0.00    0.0000    0.00    1.000    0.000    220.2  0.136E-26  0.000E+00
     910.1   3/2 -  143.6   1/2    0.0000    0.00    0.0000    0.03    0.000    0.000    766.5  0.536E-23  0.360E-03
     910.1   3/2 -    0.0   3/2    0.0000    0.00    0.0011    0.59    0.000    0.000    910.1  0.174E-25  0.141E-01
     910.1   3/2 -  352.5   3/2    0.0000    0.00    0.0000    0.02    0.000   -0.000    557.6  0.790E-24  0.829E-04


     910.1   3/2 -  910.1   3/2    4.3396           -0.8611
     910.1   3/2 -  376.2   5/2    0.0000    0.00    0.0006    0.35    0.000    0.000    533.9  0.373E-25  0.169E-02
     910.1   3/2 -  132.3   7/2    1.4364  197.46    0.0000    0.00    1.000    0.000    777.8  0.499E+01  0.000E+00
     376.2   5/2 -  143.6   1/2    2.8517  392.03    0.0000    0.00    1.000    0.000    232.6  0.237E-01  0.000E+00
     376.2   5/2 -    0.0   3/2   14.6239 2010.41    0.0384   21.47    0.974    6.110    376.2  0.134E+01  0.360E-01


     376.2   5/2 -  352.5   3/2    0.0242    3.33    0.0033    1.84    0.003    0.054     23.7  0.221E-08  0.771E-06
     376.2   5/2 -  376.2   5/2   -1.7843            1.4424
     376.2   5/2 -  132.3   7/2    0.0000    0.00    0.0000    0.00    0.000   -0.000    243.9  0.170E-28  0.111E-05
    1213.5   5/2 -  143.6   1/2    0.0000    0.00    0.0000    0.00    1.000    0.000   1069.8  0.606E-21  0.000E+00
    1213.5   5/2 -    0.0   3/2    0.0000    0.00    0.0003    0.19    0.000    0.000   1213.5  0.103E-21  0.105E-01


    1213.5   5/2 -  352.5   3/2    0.0000    0.00    0.0001    0.03    0.000    0.000    861.0  0.503E-22  0.578E-03
    1213.5   5/2 -  910.1   3/2    0.0000    0.00    0.0016    0.89    0.000   -0.000    303.3  0.493E-24  0.783E-03
    1213.5   5/2 -  376.2   5/2    0.0000    0.00    0.0001    0.07    0.000   -0.000    837.3  0.834E-23  0.133E-02
    1213.5   5/2 - 1213.5   5/2    7.7451            0.8718
    1213.5   5/2 -  132.3   7/2    0.0000    0.00    0.0242   13.54    0.000    0.000   1081.1  0.853E-24  0.539E+00


    1213.5   5/2 -  629.7   9/2    1.3465  185.11    0.0000    0.00    1.000    0.000    583.7  0.111E+01  0.000E+00
    1213.5   5/2 - 1186.8   9/2    0.0000    0.00    0.0000    0.00    1.000    0.000     26.6  0.273E-30  0.000E+00
    1521.4   5/2 -  143.6   1/2    0.0000    0.00    0.0000    0.00    1.000    0.000   1377.8  0.255E-18  0.000E+00
    1521.4   5/2 -    0.0   3/2    0.0000    0.00    0.0003    0.18    0.000   -0.000   1521.4  0.845E-19  0.195E-01
    1521.4   5/2 -  352.5   3/2    0.0000    0.00    0.0002    0.11    0.000   -0.000   1168.9  0.519E-19  0.537E-02


    1521.4   5/2 -  910.1   3/2   15.9547 2193.36    0.3823  213.54    0.915   -3.288    611.3  0.166E+02  0.154E+01
    1521.4   5/2 -  376.2   5/2    0.0000    0.00    0.0005    0.27    0.000   -0.000   1145.2  0.873E-20  0.129E-01
    1521.4   5/2 - 1213.5   5/2    0.0000    0.00    0.0009    0.49    0.000   -0.000    308.0  0.373E-26  0.448E-03
    1521.4   5/2 - 1521.4   5/2   -1.4981           -0.0702
    1521.4   5/2 -  132.3   7/2    0.0665    9.15    0.0051    2.84    0.946    4.184   1389.1  0.420E+01  0.240E+00


    1521.4   5/2 - 1464.0   7/2    0.0000    0.00    0.0007    0.41    0.000   -0.000     57.4  0.938E-26  0.246E-05
    1521.4   5/2 -  629.7   9/2    0.0000    0.00    0.0000    0.00    1.000    0.000    891.7  0.639E-23  0.000E+00
    1521.4   5/2 - 1186.8   9/2    1.8311  251.73    0.0000    0.00    1.000    0.000    334.6  0.937E-01  0.000E+00
     132.3   7/2 -    0.0   3/2    0.0000    0.00    0.0000    0.00    1.000    0.000    132.3  0.236E-30  0.000E+00
     132.3   7/2 -  132.3   7/2   10.1012           -0.4994


    1464.0   7/2 -    0.0   3/2    6.7828  932.47    0.0000    0.00    1.000    0.000   1464.0  0.557E+03  0.000E+00
    1464.0   7/2 -  352.5   3/2    0.1794   24.67    0.0000    0.00    1.000    0.000   1111.5  0.371E+01  0.000E+00
    1464.0   7/2 -  910.1   3/2    0.0000    0.00    0.0000    0.00    1.000    0.000    553.9  0.782E-28  0.000E+00
    1464.0   7/2 -  376.2   5/2    5.5762  766.58    0.0059    3.31    0.999   27.777   1087.8  0.104E+03  0.134E+00
    1464.0   7/2 - 1213.5   5/2    0.0000    0.00    0.0000    0.01    0.000   -0.000    250.6  0.708E-25  0.459E-05


    1464.0   7/2 -  132.3   7/2    0.0000    0.00    0.0000    0.00    0.000   -0.000   1331.7  0.515E-25  0.307E-03
    1464.0   7/2 - 1464.0   7/2   -5.7873            1.4113
    1464.0   7/2 -  629.7   9/2    0.0000    0.00    0.0000    0.00    0.000   -0.000    834.3  0.456E-24  0.626E-04
    1464.0   7/2 - 1186.8   9/2    0.0000    0.00    0.0000    0.01    0.000   -0.000    277.2  0.312E-27  0.850E-05
    1674.4   7/2 -    0.0   3/2    0.0001    0.02    0.0000    0.00    1.000    0.000   1674.4  0.205E-01  0.000E+00


    1674.4   7/2 -  352.5   3/2   11.9192 1638.59    0.0000    0.00    1.000    0.000   1321.9  0.587E+03  0.000E+00
    1674.4   7/2 -  910.1   3/2    0.0000    0.00    0.0000    0.00    1.000    0.000    764.3  0.162E-24  0.000E+00
    1674.4   7/2 -  376.2   5/2    0.8026  110.33    0.1564   87.37    0.857    2.448   1298.2  0.361E+02  0.602E+01
    1674.4   7/2 - 1213.5   5/2    0.0000    0.00    0.0000    0.00    0.000   -0.000    461.0  0.355E-23  0.971E-05
    1674.4   7/2 - 1521.4   5/2    0.0000    0.00    0.0001    0.07    0.000   -0.000    153.0  0.233E-23  0.777E-05


    1674.4   7/2 -  132.3   7/2    0.0000    0.00    0.0000    0.00    0.000   -0.000   1542.1  0.240E-24  0.245E-06
    1674.4   7/2 - 1464.0   7/2    0.7433  102.18    0.0687   38.40    0.249    0.576    210.4  0.374E-02  0.113E-01
    1674.4   7/2 - 1674.4   7/2   -5.5588            0.6234
    1674.4   7/2 -  629.7   9/2    0.0000    0.00    0.0000    0.00    0.000   -0.000   1044.7  0.296E-25  0.293E-04
    1674.4   7/2 - 1186.8   9/2    0.0000    0.00    0.0000    0.01    0.000   -0.000    487.6  0.849E-28  0.326E-04


     629.7   9/2 -  376.2   5/2    0.0000    0.00    0.0000    0.00    1.000    0.000    253.5  0.192E-26  0.000E+00
     629.7   9/2 -  132.3   7/2    0.0000    0.00    0.0018    0.99    0.000    0.000    497.4  0.377E-23  0.384E-02
     629.7   9/2 -  629.7   9/2   11.7772            1.6475
    1186.8   9/2 -  376.2   5/2    0.0000    0.00    0.0000    0.00    1.000    0.000    810.6  0.175E-25  0.000E+00
    1186.8   9/2 -  132.3   7/2   15.3101 2104.74    0.2540  141.87    0.979   -6.816   1054.5  0.244E+03  0.524E+01


    1186.8   9/2 -  629.7   9/2    0.0000    0.00    0.0010    0.55    0.000   -0.000    557.1  0.158E-23  0.300E-02
    1186.8   9/2 - 1186.8   9/2    3.9628            0.2572
    1836.3   9/2 -  376.2   5/2   11.9743 1646.15    0.0000    0.00    1.000    0.000   1460.1  0.970E+03  0.000E+00
    1836.3   9/2 - 1213.5   5/2    0.0000    0.00    0.0000    0.00    1.000    0.000    622.9  0.241E-23  0.000E+00
    1836.3   9/2 - 1521.4   5/2    0.0000    0.00    0.0000    0.00    1.000    0.000    314.9  0.114E-22  0.000E+00


    1836.3   9/2 -  132.3   7/2    0.0000    0.00    0.0000    0.01    0.000   -0.000   1704.0  0.417E-24  0.841E-03
    1836.3   9/2 - 1464.0   7/2    5.8970  810.69    0.0428   23.92    0.930    3.637    372.3  0.515E+00  0.389E-01
    1836.3   9/2 - 1674.4   7/2    0.0420    5.77    0.0054    3.01    0.124    0.376    161.9  0.569E-04  0.402E-03
    1836.3   9/2 -  629.7   9/2    0.0000    0.00    0.0000    0.00    0.000   -0.000   1206.6  0.126E-23  0.112E-03
    1836.3   9/2 - 1186.8   9/2    0.0000    0.00    0.0000    0.01    0.000    0.000    649.5  0.279E-26  0.925E-04


    1836.3   9/2 - 1836.3   9/2   -5.2405            2.2256
    1909.8  11/2 -  132.3   7/2    0.0000    0.00    0.0000    0.00    1.000    0.000   1777.5  0.253E-21  0.000E+00
    1909.8  11/2 - 1464.0   7/2    0.0000    0.00    0.0000    0.00    1.000    0.000    445.8  0.531E-27  0.000E+00
    1909.8  11/2 - 1674.4   7/2    0.0000    0.00    0.0000    0.00    1.000    0.000    235.4  0.170E-26  0.000E+00
    1909.8  11/2 -  629.7   9/2   14.1745 1948.63    0.0010    0.56    1.000 -126.462   1280.1  0.594E+03  0.372E-01


    1909.8  11/2 - 1186.8   9/2    0.0000    0.00    0.0012    0.64    0.000    0.000    723.0  0.123E-22  0.766E-02
    1909.8  11/2 - 1836.3   9/2    0.0000    0.00    0.0000    0.01    0.000   -0.000     73.5  0.920E-33  0.943E-07
    1909.8  11/2 - 1909.8  11/2    5.9015            2.0657
    2407.6  11/2 -  132.3   7/2    3.8107  523.87    0.0000    0.00    1.000    0.000   2275.3  0.283E+04  0.000E+00
    2407.6  11/2 - 1464.0   7/2    0.0000    0.00    0.0000    0.00    1.000    0.000    943.6  0.202E-24  0.000E+00


    2407.6  11/2 - 1674.4   7/2    0.0000    0.00    0.0000    0.00    1.000    0.000    733.2  0.157E-24  0.000E+00
    2407.6  11/2 -  629.7   9/2    0.0000    0.00    0.0003    0.17    0.000    0.000   1777.9  0.687E-20  0.295E-01
    2407.6  11/2 - 1186.8   9/2   14.4199 1982.37    0.3875  216.43    0.975   -6.200   1220.8  0.477E+03  0.124E+02
    2407.6  11/2 - 1836.3   9/2    0.0000    0.00    0.0000    0.02    0.000    0.000    571.2  0.670E-28  0.138E-03
    2407.6  11/2 - 1909.8  11/2    0.0000    0.00    0.0026    1.47    0.000   -0.000    497.7  0.110E-23  0.569E-02


    2407.6  11/2 - 2407.6  11/2    0.5077            0.9155

 TIME=  0.0 SEC
