 PARITY=-   EPS= 0.370   GAMMA= 21.2   EPS4=0.000   EPS6=0.000   LEVELS:  30  31  32  33  34
0   Z= 82   A=207   IQ=1   GSFAC= 0.75   GR=  0.40   MIN SPIN=  1/2   MAX SPIN= 13/2   KMAX= 13/2

 MICR QUADR MOMENTS:  Q0=2080.888  Q2=-336.256 FM**2


   B(E2) AND Q(E2) IN E2B2 AND EB,   B(M1) AND M(M1) INNM2 AND NM,   T(E2) AND T(M1) IN 1/PS

       E1     II      EF     IF     B(E2)             B(M1)              GD        D       EREL    T(E2)      T(M1)
                                             WU               MWU

      39.0   1/2 -   39.0   1/2    0.0000            0.5815
      39.0   1/2 -    0.0   3/2    2.0154  277.06    0.1648   92.05    0.013   -0.113     39.0  0.221E-05  0.172E-03
       0.0   3/2 -    0.0   3/2    0.9188            0.6865
     252.4   3/2 -   39.0   1/2    8.0566 1107.58    0.2199  122.82    0.536   -1.075    213.4  0.435E-01  0.376E-01
     252.4   3/2 -    0.0   3/2    8.6444 1188.39    0.2005  111.98    0.656    1.380    252.4  0.108E+00  0.567E-01


     252.4   3/2 -  252.4   3/2   -0.9188            0.0418
     831.2   3/2 -   39.0   1/2    0.0000    0.00    0.0002    0.14    0.000   -0.000    792.2  0.351E-22  0.217E-02
     831.2   3/2 -    0.0   3/2    0.0000    0.00    0.0012    0.69    0.000   -0.000    831.2  0.110E-23  0.125E-01
     831.2   3/2 -  252.4   3/2    0.0000    0.00    0.0000    0.00    0.000    0.000    578.8  0.541E-28  0.168E-04
     831.2   3/2 -  831.2   3/2    4.2050           -0.6513


     831.2   3/2 -  330.2   5/2    0.0000    0.00    0.0007    0.40    0.000   -0.000    501.0  0.544E-25  0.159E-02
     330.2   5/2 -   39.0   1/2    3.3019  453.92    0.0000    0.00    1.000    0.000    291.3  0.844E-01  0.000E+00
     330.2   5/2 -    0.0   3/2   13.0546 1794.67    0.0334   18.66    0.967    5.435    330.2  0.626E+00  0.212E-01
     330.2   5/2 -  252.4   3/2    0.4724   64.94    0.0072    4.03    0.216    0.524     77.9  0.165E-04  0.601E-04
     330.2   5/2 -  330.2   5/2   -1.6767            1.4625


    1412.0   5/2 -   39.0   1/2    0.0000    0.00    0.0000    0.00    1.000    0.000   1373.1  0.141E-20  0.000E+00
    1412.0   5/2 -    0.0   3/2    0.0000    0.00    0.0003    0.17    0.000    0.000   1412.0  0.646E-22  0.153E-01
    1412.0   5/2 -  252.4   3/2    0.0000    0.00    0.0001    0.08    0.000    0.000   1159.7  0.773E-22  0.384E-02
    1412.0   5/2 -  831.2   3/2    0.0000    0.00    0.0008    0.43    0.000    0.000    580.8  0.805E-21  0.264E-02
    1412.0   5/2 -  330.2   5/2    0.0000    0.00    0.0001    0.08    0.000   -0.000   1081.8  0.112E-22  0.330E-02


    1412.0   5/2 - 1412.0   5/2    7.4811            1.0333
    1446.6   5/2 -   39.0   1/2    0.0000    0.00    0.0000    0.00    1.000    0.000   1407.6  0.105E-19  0.000E+00
    1446.6   5/2 -    0.0   3/2    0.0000    0.00    0.0001    0.05    0.000    0.000   1446.6  0.108E-20  0.471E-02
    1446.6   5/2 -  252.4   3/2    0.0000    0.00    0.0006    0.31    0.000    0.000   1194.2  0.198E-20  0.166E-01
    1446.6   5/2 -  831.2   3/2   14.7328 2025.39    0.2985  166.69    0.928   -3.600    615.4  0.159E+02  0.122E+01


    1446.6   5/2 -  330.2   5/2    0.0000    0.00    0.0008    0.44    0.000    0.000   1116.4  0.267E-21  0.191E-01
    1446.6   5/2 - 1412.0   5/2    0.0000    0.00    0.0007    0.39    0.000   -0.000     34.6  0.141E-25  0.505E-06
    1446.6   5/2 - 1446.6   5/2   -1.3603            0.0313
    1480.3   7/2 -    0.0   3/2    5.5532  763.43    0.0000    0.00    1.000    0.000   1480.3  0.482E+03  0.000E+00
    1480.3   7/2 -  252.4   3/2    3.9574  544.04    0.0000    0.00    1.000    0.000   1227.9  0.135E+03  0.000E+00


    1480.3   7/2 -  831.2   3/2    0.0000    0.00    0.0000    0.00    1.000    0.000    649.1  0.905E-25  0.000E+00
    1480.3   7/2 -  330.2   5/2    1.2158  167.15    0.0596   33.26    0.949   -4.326   1150.0  0.298E+02  0.159E+01
    1480.3   7/2 - 1412.0   5/2    0.0000    0.00    0.0000    0.00    0.000    0.000     68.2  0.769E-30  0.139E-07
    1480.3   7/2 - 1446.6   5/2    0.0000    0.00    0.0001    0.06    0.000   -0.000     33.7  0.438E-30  0.761E-07
    1480.3   7/2 - 1480.3   7/2   -7.3207            0.6184


    1549.3   7/2 -    0.0   3/2    1.2159  167.16    0.0000    0.00    1.000    0.000   1549.3  0.132E+03  0.000E+00
    1549.3   7/2 -  252.4   3/2    7.0218  965.32    0.0000    0.00    1.000    0.000   1296.9  0.314E+03  0.000E+00
    1549.3   7/2 -  831.2   3/2    0.0000    0.00    0.0000    0.00    1.000    0.000    718.1  0.763E-21  0.000E+00
    1549.3   7/2 -  330.2   5/2    3.7617  517.14    0.1487   83.07    0.963    5.104   1219.1  0.124E+03  0.474E+01
    1549.3   7/2 - 1412.0   5/2    0.0000    0.00    0.0000    0.01    0.000   -0.000    137.3  0.455E-26  0.655E-06


    1549.3   7/2 - 1446.6   5/2    0.0000    0.00    0.0006    0.34    0.000    0.000    102.7  0.353E-25  0.115E-04
    1549.3   7/2 - 1480.3   7/2    0.0000    0.00    0.0747   41.74    0.000   -0.000     69.0  0.721E-11  0.432E-03
    1549.3   7/2 - 1549.3   7/2   -3.2788            1.3419
    1617.2   7/2 -    0.0   3/2    0.0000    0.00    0.0000    0.00    1.000    0.000   1617.2  0.207E-18  0.000E+00
    1617.2   7/2 -  252.4   3/2    0.0000    0.00    0.0000    0.00    1.000    0.000   1364.8  0.384E-18  0.000E+00


    1617.2   7/2 -  831.2   3/2    2.4166  332.21    0.0000    0.00    1.000    0.000    786.0  0.884E+01  0.000E+00
    1617.2   7/2 -  330.2   5/2    0.0000    0.00    0.0000    0.01    0.000    0.000   1286.9  0.177E-18  0.969E-03
    1617.2   7/2 - 1412.0   5/2    0.0000    0.00    0.0054    3.04    0.000    0.000    205.1  0.118E-24  0.828E-03
    1617.2   7/2 - 1446.6   5/2    0.2058   28.29    0.0390   21.77    0.096   -0.326    170.6  0.363E-03  0.341E-02
    1617.2   7/2 - 1480.3   7/2    0.0000    0.00    0.0001    0.07    0.000   -0.000    136.9  0.212E-25  0.591E-05


    1617.2   7/2 - 1549.3   7/2    0.0000    0.00    0.0000    0.00    0.000   -0.000     67.9  0.923E-28  0.496E-08
    1617.2   7/2 - 1617.2   7/2    8.6645           -0.1390
    1706.3   9/2 -  330.2   5/2   11.7474 1614.97    0.0000    0.00    1.000    0.000   1376.1  0.707E+03  0.000E+00
    1706.3   9/2 - 1412.0   5/2    0.0000    0.00    0.0000    0.00    1.000    0.000    294.3  0.924E-25  0.000E+00
    1706.3   9/2 - 1446.6   5/2    0.0000    0.00    0.0000    0.00    1.000    0.000    259.7  0.715E-25  0.000E+00


    1706.3   9/2 - 1480.3   7/2    3.1419  431.93    0.0144    8.04    0.885    2.780    226.0  0.226E-01  0.293E-02
    1706.3   9/2 - 1549.3   7/2    2.4637  338.70    0.0274   15.31    0.606    1.239    157.0  0.287E-02  0.187E-02
    1706.3   9/2 - 1617.2   7/2    0.0000    0.00    0.0001    0.06    0.000    0.000     89.1  0.201E-24  0.129E-05
    1706.3   9/2 - 1706.3   9/2   -4.5866            2.2762
    2281.0   9/2 -  330.2   5/2    0.0000    0.00    0.0000    0.00    1.000    0.000   1950.8  0.164E-20  0.000E+00


    2281.0   9/2 - 1412.0   5/2    1.9249  264.63    0.0000    0.00    1.000    0.000    869.0  0.116E+02  0.000E+00
    2281.0   9/2 - 1446.6   5/2    0.0000    0.00    0.0000    0.00    1.000    0.000    834.4  0.115E-19  0.000E+00
    2281.0   9/2 - 1480.3   7/2    0.0000    0.00    0.0000    0.00    0.000   -0.000    800.7  0.505E-23  0.505E-04
    2281.0   9/2 - 1549.3   7/2    0.0000    0.00    0.0000    0.02    0.000   -0.000    731.7  0.241E-23  0.263E-03
    2281.0   9/2 - 1617.2   7/2    0.0000    0.00    0.0007    0.40    0.000   -0.000    663.8  0.252E-21  0.372E-02


    2281.0   9/2 - 1706.3   9/2    0.0000    0.00    0.0000    0.02    0.000    0.000    574.7  0.536E-23  0.997E-04
    2281.0   9/2 - 2281.0   9/2   10.6925            1.8300
    2542.2   9/2 -  330.2   5/2    0.0000    0.00    0.0000    0.00    1.000    0.000   2212.0  0.636E-21  0.000E+00
    2542.2   9/2 - 1412.0   5/2    0.0000    0.00    0.0000    0.00    1.000    0.000   1130.2  0.328E-20  0.000E+00
    2542.2   9/2 - 1446.6   5/2    4.3923  603.82    0.0000    0.00    1.000    0.000   1095.6  0.846E+02  0.000E+00


    2542.2   9/2 - 1480.3   7/2    0.0000    0.00    0.0000    0.00    0.000   -0.000   1061.9  0.446E-23  0.577E-05
    2542.2   9/2 - 1549.3   7/2    0.0000    0.00    0.0003    0.14    0.000    0.000    992.9  0.186E-19  0.443E-02
    2542.2   9/2 - 1617.2   7/2   11.5443 1587.05    0.2237  124.93    0.968   -5.533    925.0  0.954E+02  0.312E+01
    2542.2   9/2 - 1706.3   9/2    0.0000    0.00    0.0003    0.16    0.000   -0.000    835.9  0.457E-24  0.286E-02
    2542.2   9/2 - 2281.0   9/2    0.0000    0.00    0.0011    0.63    0.000    0.000    261.2  0.627E-23  0.356E-03


    2542.2   9/2 - 2542.2   9/2    2.4051            0.5934

 TIME=  0.0 SEC
