 PARITY=-   EPS= 0.452   GAMMA= 12.6   EPS4=0.000   EPS6=0.000   LEVELS:  30  31  32  33  34
0   Z= 82   A=207   IQ=1   GSFAC= 0.75   GR=  0.40   MIN SPIN=  1/2   MAX SPIN= 13/2   KMAX= 13/2

 MICR QUADR MOMENTS:  Q0=2853.315  Q2=-219.296 FM**2


   B(E2) AND Q(E2) IN E2B2 AND EB,   B(M1) AND M(M1) INNM2 AND NM,   T(E2) AND T(M1) IN 1/PS

       E1     II      EF     IF     B(E2)             B(M1)              GD        D       EREL    T(E2)      T(M1)
                                             WU               MWU

     146.0   1/2 -  146.0   1/2    0.0000            0.6929
     146.0   1/2 -    0.0   3/2   32.3854 4452.16    0.3678  205.44    0.565   -1.141    146.0  0.262E-01  0.201E-01
    2811.0   1/2 -  146.0   1/2    0.0000    0.00    0.0000    0.00    0.000    0.000   2665.0  0.000E+00  0.772E-15
    2811.0   1/2 - 2811.0   1/2    0.0000            0.5586
    2811.0   1/2 -    0.0   3/2    0.0000    0.00    0.0000    0.00    0.814    2.090   2811.0  0.639E-15  0.146E-15


    2811.0   1/2 - 1954.7   3/2    0.0002    0.02    0.0033    1.84    0.026    0.165    856.3  0.988E-03  0.364E-01
    2811.0   1/2 - 1453.9   5/2    0.0000    0.00    0.0000    0.00    1.000    0.000   1357.1  0.253E-16  0.000E+00
    2811.0   1/2 - 2464.3   5/2    4.6452  638.60    0.0000    0.00    1.000    0.000    346.6  0.284E+00  0.000E+00
       0.0   3/2 -    0.0   3/2   -5.7081           -0.3103
    1954.7   3/2 -  146.0   1/2    0.0000    0.00    0.0000    0.00    0.000   -0.000   1808.7  0.178E-21  0.196E-13


    1954.7   3/2 -    0.0   3/2    0.0000    0.00    0.0000    0.00    0.000    0.000   1954.7  0.277E-24  0.192E-13
    1954.7   3/2 - 1954.7   3/2    5.4485            1.0969
    1954.7   3/2 - 1453.9   5/2    0.0000    0.00    0.0000    0.00    0.000   -0.000    500.8  0.756E-25  0.836E-16
    1954.7   3/2 - 1064.4   7/2    0.0000    0.00    0.0000    0.00    1.000    0.000    890.3  0.638E-25  0.000E+00
    1954.7   3/2 - 1112.9   7/2    0.0000    0.00    0.0000    0.00    1.000    0.000    841.8  0.364E-17  0.000E+00


    1453.9   5/2 -  146.0   1/2   16.2829 2238.49    0.0000    0.00    1.000    0.000   1307.9  0.760E+03  0.000E+00
    1453.9   5/2 -    0.0   3/2    4.6370  637.47    0.0214   11.94    0.997   17.828   1453.9  0.367E+03  0.116E+01
    1453.9   5/2 - 1453.9   5/2   -8.0661            1.7856
    1453.9   5/2 - 1064.4   7/2    0.0000    0.00    0.0000    0.00    0.505   -1.010    389.5  0.132E-20  0.130E-20
    1453.9   5/2 - 1112.9   7/2    3.0183  414.94    0.3115  173.95    0.439   -0.884    341.0  0.170E+00  0.217E+00


    2464.3   5/2 -  146.0   1/2    0.0000    0.00    0.0000    0.00    1.000    0.000   2318.3  0.295E-13  0.000E+00
    2464.3   5/2 -    0.0   3/2    0.0000    0.00    0.0000    0.00    0.219    0.529   2464.3  0.102E-13  0.365E-13
    2464.3   5/2 - 1954.7   3/2   27.1585 3733.60    0.0465   25.94    0.991   10.261    509.7  0.114E+02  0.108E+00
    2464.3   5/2 - 1453.9   5/2    0.0000    0.00    0.0000    0.00    0.163    0.441   1010.5  0.480E-15  0.247E-14
    2464.3   5/2 - 2464.3   5/2   -2.0569            1.3679


    2464.3   5/2 - 1064.4   7/2    0.0000    0.00    0.0000    0.02    0.000   -0.000   1399.9  0.741E-18  0.162E-02
    2464.3   5/2 - 1112.9   7/2    0.0000    0.00    0.0000    0.00    0.184   -0.475   1351.5  0.186E-15  0.821E-15
    2464.3   5/2 - 2148.2   9/2    0.0000    0.00    0.0000    0.00    1.000    0.000    316.2  0.349E-20  0.000E+00
    1064.4   7/2 -    0.0   3/2    0.0000    0.00    0.0000    0.00    1.000    0.000   1064.4  0.140E-17  0.000E+00
    1064.4   7/2 - 1064.4   7/2   13.3310           -0.5413


    1112.9   7/2 -    0.0   3/2   20.9248 2876.62    0.0000    0.00    1.000    0.000   1112.9  0.436E+03  0.000E+00
    1112.9   7/2 - 1064.4   7/2    0.0000    0.00    0.0000    0.00    0.407   -0.828     48.5  0.426E-16  0.621E-16
    1112.9   7/2 - 1112.9   7/2   -9.4051            0.4336
    2148.2   9/2 - 1453.9   5/2    0.0000    0.00    0.0000    0.00    1.000    0.000    694.3  0.905E-24  0.000E+00
    2148.2   9/2 - 1064.4   7/2   27.3418 3758.80    0.2612  145.90    0.988   -9.232   1083.8  0.499E+03  0.585E+01


    2148.2   9/2 - 1112.9   7/2    0.0000    0.00    0.0000    0.00    0.987   -8.819   1035.3  0.137E-09  0.176E-11
    2148.2   9/2 - 2148.2   9/2    5.2300            0.2079

 TIME=  0.0 SEC
