 PARITY=-   EPS= 0.251   GAMMA=  0.0   EPS4=0.000   EPS6=0.000   LEVELS:  25  26  27  28  29  30  31  32  33  34  35  36  37  38  39
0   Z= 82   A=207   IQ=0   GSFAC= 0.75   GR=  0.40   MIN SPIN=  1/2   MAX SPIN= 13/2   KMAX= 13/2

 MACR QUADR MOMENTS:  Q0= 961.914  Q2=   0.000 FM**2


   B(E2) AND Q(E2) IN E2B2 AND EB,   B(M1) AND M(M1) INNM2 AND NM,   T(E2) AND T(M1) IN 1/PS

       E1     II      EF     IF     B(E2)             B(M1)              GD        D       EREL    T(E2)      T(M1)
                                             WU               MWU

     613.3   1/2 -  613.3   1/2    0.0000            0.4867
     613.3   1/2 -    0.0   3/2    0.0114    1.57    0.9894  552.61    0.003    0.055    613.3  0.121E-01  0.402E+01
     613.3   1/2 -  177.3   5/2    0.0229    3.14    0.0000    0.00    1.000    0.000    436.0  0.439E-02  0.000E+00
    1092.1   1/2 -  613.3   1/2    0.0000    0.00    0.0039    2.20    0.000    0.000    478.9  0.000E+00  0.762E-02
    1092.1   1/2 - 1092.1   1/2    0.0000            0.6096


    1092.1   1/2 -    0.0   3/2    0.1784   24.52    0.0167    9.31    0.898    2.975   1092.1  0.338E+01  0.382E+00
    1092.1   1/2 -  915.4   3/2    0.0440    6.04    0.0070    3.89    0.120   -0.369    176.7  0.924E-04  0.677E-03
    1092.1   1/2 -  177.3   5/2    0.2054   28.24    0.0000    0.00    1.000    0.000    914.8  0.161E+01  0.000E+00
    1092.1   1/2 -  664.5   5/2    0.1919   26.38    0.0000    0.00    1.000    0.000    427.6  0.335E-01  0.000E+00
    1092.1   1/2 - 1025.8   5/2    0.8651  118.93    0.0000    0.00    1.000    0.000     66.3  0.135E-04  0.000E+00


       0.0   3/2 -    0.0   3/2    1.7080           -0.8478
     915.4   3/2 -  613.3   1/2    0.1219   16.75    0.0178    9.93    0.303    0.659    302.1  0.374E-02  0.863E-02
     915.4   3/2 -    0.0   3/2    0.0000    0.00    0.0275   15.38    0.000   -0.020    915.4  0.152E-03  0.372E+00
     915.4   3/2 -  915.4   3/2    1.5677            0.7704
     915.4   3/2 -  177.3   5/2    0.4740   65.16    0.0005    0.29    0.997   18.644    738.1  0.127E+01  0.364E-02


     915.4   3/2 -  664.5   5/2    0.1066   14.65    0.0437   24.41    0.096    0.326    250.9  0.129E-02  0.121E-01
     915.4   3/2 -  782.4   7/2    0.0339    4.66    0.0000    0.00    1.000    0.000    133.0  0.172E-04  0.000E+00
     915.4   3/2 -  826.5   7/2    0.2615   35.95    0.0000    0.00    1.000    0.000     88.9  0.177E-04  0.000E+00
     177.3   5/2 -    0.0   3/2    0.6208   85.34    0.0166    9.29    0.448   -0.902    177.3  0.133E-02  0.163E-02
     177.3   5/2 -  177.3   5/2    1.9302            0.9328


     664.5   5/2 -  613.3   1/2    0.0115    1.57    0.0000    0.00    1.000    0.000     51.3  0.494E-07  0.000E+00
     664.5   5/2 -    0.0   3/2    2.2949  315.49    0.1445   80.70    0.829   -2.205    664.5  0.363E+01  0.746E+00
     664.5   5/2 -  177.3   5/2    0.6595   90.66    0.0653   36.48    0.624    1.289    487.2  0.221E+00  0.133E+00
     664.5   5/2 -  664.5   5/2    0.0436            0.1748
     664.5   5/2 -  346.8   9/2    0.0001    0.02    0.0000    0.00    1.000    0.000    317.7  0.566E-05  0.000E+00


    1025.8   5/2 -  613.3   1/2    0.6260   86.05    0.0000    0.00    1.000    0.000    412.6  0.913E-01  0.000E+00
    1025.8   5/2 -    0.0   3/2    0.0169    2.32    0.0135    7.51    0.478   -0.957   1025.8  0.234E+00  0.256E+00
    1025.8   5/2 -  915.4   3/2    1.2833  176.42    0.0068    3.80    0.615    1.263    110.4  0.257E-03  0.161E-03
    1025.8   5/2 -  177.3   5/2    0.5390   74.09    0.0174    9.74    0.939   -3.927    848.5  0.289E+01  0.188E+00
    1025.8   5/2 -  664.5   5/2    0.0902   12.40    0.1470   82.10    0.053    0.236    361.3  0.677E-02  0.122E+00


    1025.8   5/2 - 1025.8   5/2   -1.3593            0.9336
    1025.8   5/2 -  782.4   7/2    0.0039    0.54    0.0064    3.56    0.025    0.159    243.4  0.407E-04  0.162E-02
    1025.8   5/2 -  826.5   7/2    0.0626    8.61    0.0184   10.27    0.086    0.306    199.3  0.240E-03  0.256E-02
    1025.8   5/2 -  346.8   9/2    0.0000    0.00    0.0000    0.00    1.000    0.000    679.0  0.684E-07  0.000E+00
    1546.7   5/2 -  613.3   1/2    1.1952  164.30    0.0000    0.00    1.000    0.000    933.5  0.103E+02  0.000E+00


    1546.7   5/2 - 1092.1   1/2    0.1411   19.40    0.0000    0.00    1.000    0.000    454.6  0.334E-01  0.000E+00
    1546.7   5/2 -    0.0   3/2    0.0165    2.26    0.0173    9.66    0.612    1.256   1546.7  0.178E+01  0.113E+01
    1546.7   5/2 -  915.4   3/2    0.4281   58.85    0.0006    0.35    0.995   13.753    631.3  0.524E+00  0.277E-02
    1546.7   5/2 -  177.3   5/2    0.0650    8.94    0.0453   25.30    0.651    1.366   1369.4  0.382E+01  0.205E+01
    1546.7   5/2 -  664.5   5/2    0.0001    0.01    0.1492   83.34    0.000   -0.019    882.2  0.674E-03  0.180E+01


    1546.7   5/2 - 1025.8   5/2    0.1936   26.62    0.0008    0.45    0.978    6.702    520.9  0.906E-01  0.202E-02
    1546.7   5/2 - 1546.7   5/2   -2.1891            1.3546
    1546.7   5/2 -  782.4   7/2    0.0001    0.01    0.0018    1.03    0.019    0.140    764.3  0.282E-03  0.145E-01
    1546.7   5/2 -  826.5   7/2    0.0013    0.17    0.1391   77.70    0.003   -0.057    720.2  0.297E-02  0.915E+00
    1546.7   5/2 - 1293.3   7/2    0.0169    2.32    0.2564  143.20    0.003   -0.054    253.4  0.216E-03  0.734E-01


    1546.7   5/2 - 1360.7   7/2    0.0000    0.00    0.0000    0.00    0.000    0.021    186.1  0.339E-13  0.783E-10
    1546.7   5/2 -  346.8   9/2    0.0000    0.00    0.0000    0.00    1.000    0.000   1199.9  0.559E-05  0.000E+00
    1546.7   5/2 - 1422.1   9/2    0.0868   11.93    0.0000    0.00    1.000    0.000    124.7  0.319E-04  0.000E+00
    2399.2   5/2 -  613.3   1/2    0.0000    0.00    0.0000    0.00    1.000    0.000   1785.9  0.256E-02  0.000E+00
    2399.2   5/2 - 1092.1   1/2    1.2102  166.37    0.0000    0.00    1.000    0.000   1307.0  0.563E+02  0.000E+00


    2399.2   5/2 -    0.0   3/2    0.0526    7.23    0.0002    0.12    0.999  -31.837   2399.2  0.510E+02  0.503E-01
    2399.2   5/2 -  915.4   3/2    0.6945   95.47    0.0019    1.07    0.998   23.552   1483.8  0.609E+02  0.110E+00
    2399.2   5/2 -  177.3   5/2    0.0018    0.25    0.0001    0.07    0.980    6.978   2221.9  0.119E+01  0.244E-01
    2399.2   5/2 -  664.5   5/2    0.0797   10.95    0.0005    0.28    0.997   18.324   1734.6  0.153E+02  0.455E-01
    2399.2   5/2 - 1025.8   5/2    0.1980   27.22    0.0001    0.07    1.000  -45.641   1373.3  0.118E+02  0.567E-02


    2399.2   5/2 - 1546.7   5/2    0.0836   11.50    0.0117    6.55    0.782   -1.896    852.4  0.459E+00  0.128E+00
    2399.2   5/2 - 2399.2   5/2   -1.9826            1.6668
    2399.2   5/2 -  782.4   7/2    0.0008    0.11    0.0004    0.23    0.789    1.932   1616.7  0.113E+00  0.302E-01
    2399.2   5/2 -  826.5   7/2    0.0205    2.82    0.0003    0.16    0.992   11.051   1572.7  0.240E+01  0.197E-01
    2399.2   5/2 - 1293.3   7/2    0.0177    2.44    0.0040    2.23    0.790   -1.942   1105.9  0.358E+00  0.949E-01


    2399.2   5/2 - 1360.7   7/2    0.0000    0.00    0.0000    0.00    0.858    2.458   1038.5  0.325E-08  0.538E-09
    2399.2   5/2 - 2353.6   7/2    0.5201   71.50    0.0215   12.03    0.034    0.186     45.5  0.124E-05  0.357E-04
    2399.2   5/2 -  346.8   9/2    0.0000    0.00    0.0000    0.00    1.000    0.000   2052.4  0.285E-03  0.000E+00
    2399.2   5/2 - 1422.1   9/2    0.0108    1.48    0.0000    0.00    1.000    0.000    977.1  0.117E+00  0.000E+00
    2399.2   5/2 - 1684.2   9/2    0.0003    0.05    0.0000    0.00    1.000    0.000    715.0  0.781E-03  0.000E+00


     782.4   7/2 -    0.0   3/2    0.0040    0.55    0.0000    0.00    1.000    0.000    782.4  0.142E-01  0.000E+00
     782.4   7/2 -  177.3   5/2    0.1940   26.67    0.1637   91.41    0.231    0.548    605.1  0.192E+00  0.638E+00
     782.4   7/2 -  664.5   5/2    0.0309    4.24    0.0698   38.96    0.004    0.065    117.9  0.858E-05  0.201E-02
     782.4   7/2 -  782.4   7/2    3.9799           -0.9853
     782.4   7/2 -  346.8   9/2    0.0911   12.53    0.0000    0.03    0.996  -15.573    435.6  0.174E-01  0.719E-04


     782.4   7/2 -  348.8  11/2    0.0000    0.00    0.0000    0.00    1.000    0.000    433.6  0.781E-09  0.000E+00
     826.5   7/2 -    0.0   3/2    0.4395   60.42    0.0000    0.00    1.000    0.000    826.5  0.207E+01  0.000E+00
     826.5   7/2 -  177.3   5/2    2.3615  324.65    0.0385   21.52    0.947   -4.232    649.2  0.332E+01  0.186E+00
     826.5   7/2 -  664.5   5/2    0.0002    0.03    0.0403   22.53    0.000   -0.010    162.0  0.312E-06  0.302E-02
     826.5   7/2 -  782.4   7/2    0.2295   31.55    0.0176    9.81    0.017   -0.133     44.1  0.465E-06  0.264E-04


     826.5   7/2 -  826.5   7/2   -0.2770            1.0773
     826.5   7/2 -  346.8   9/2    0.0222    3.05    0.0025    1.39    0.586   -1.190    479.7  0.687E-02  0.485E-02
     826.5   7/2 -  348.8  11/2    0.0000    0.00    0.0000    0.00    1.000    0.000    477.7  0.606E-08  0.000E+00
    1293.3   7/2 -    0.0   3/2    0.8311  114.26    0.0000    0.00    1.000    0.000   1293.3  0.367E+02  0.000E+00
    1293.3   7/2 -  915.4   3/2    0.1622   22.30    0.0000    0.00    1.000    0.000    377.9  0.152E-01  0.000E+00


    1293.3   7/2 -  177.3   5/2    0.1291   17.75    0.0834   46.58    0.572    1.156   1116.0  0.273E+01  0.204E+01
    1293.3   7/2 -  664.5   5/2    1.6277  223.77    0.2006  112.02    0.690   -1.491    628.8  0.195E+01  0.878E+00
    1293.3   7/2 - 1025.8   5/2    0.0064    0.87    0.1241   69.30    0.003    0.050    267.5  0.106E-03  0.418E-01
    1293.3   7/2 -  782.4   7/2    0.0351    4.83    0.0011    0.62    0.851   -2.388    510.9  0.149E-01  0.261E-02
    1293.3   7/2 -  826.5   7/2    0.2684   36.89    0.1735   96.88    0.189    0.483    466.8  0.726E-01  0.311E+00


    1293.3   7/2 - 1293.3   7/2   -1.6406            0.2602
    1293.3   7/2 -  346.8   9/2    0.0029    0.40    0.0015    0.81    0.551   -1.108    946.5  0.267E-01  0.217E-01
    1293.3   7/2 -  348.8  11/2    0.0000    0.00    0.0000    0.00    1.000    0.000    944.5  0.236E-08  0.000E+00
    1360.7   7/2 -    0.0   3/2    0.0000    0.00    0.0000    0.00    1.000    0.000   1360.7  0.114E-06  0.000E+00
    1360.7   7/2 -  915.4   3/2    0.0000    0.00    0.0000    0.00    1.000    0.000    445.3  0.355E-09  0.000E+00


    1360.7   7/2 -  177.3   5/2    0.0000    0.00    0.0000    0.00    1.000  190.355   1183.4  0.517E-06  0.142E-10
    1360.7   7/2 -  664.5   5/2    0.0000    0.00    0.0000    0.00    0.168    0.450    696.2  0.534E-09  0.264E-08
    1360.7   7/2 - 1025.8   5/2    0.0000    0.00    0.0000    0.00    0.174    0.459    334.8  0.795E-11  0.378E-10
    1360.7   7/2 -  782.4   7/2    0.0000    0.00    0.0000    0.00    0.402    0.821    578.2  0.300E-08  0.445E-08
    1360.7   7/2 -  826.5   7/2    0.0000    0.00    0.0000    0.00    0.028    0.171    534.2  0.171E-08  0.586E-07


    1360.7   7/2 - 1293.3   7/2    0.0000    0.00    0.0000    0.00    0.002    0.043     67.4  0.209E-13  0.114E-10
    1360.7   7/2 - 1360.7   7/2   -2.2347           -2.2579
    1360.7   7/2 -  346.8   9/2    0.0000    0.00    0.0000    0.00    0.317    0.681   1013.9  0.341E-09  0.735E-09
    1360.7   7/2 -  348.8  11/2    3.4666  476.57    0.0000    0.00    1.000    0.000   1011.8  0.449E+02  0.000E+00
    1360.7   7/2 - 1338.5  11/2    0.0000    0.00    0.0000    0.00    1.000    0.000     22.1  0.466E-20  0.000E+00


    2353.6   7/2 -    0.0   3/2    0.0152    2.09    0.0000    0.00    1.000    0.000   2353.6  0.134E+02  0.000E+00
    2353.6   7/2 -  915.4   3/2    1.0849  149.14    0.0000    0.00    1.000    0.000   1438.2  0.815E+02  0.000E+00
    2353.6   7/2 -  177.3   5/2    0.0534    7.34    0.0000    0.01    1.000  109.349   2176.3  0.318E+02  0.266E-02
    2353.6   7/2 -  664.5   5/2    0.0821   11.29    0.0000    0.01    1.000 -108.961   1689.1  0.138E+02  0.116E-02
    2353.6   7/2 - 1025.8   5/2    1.1070  152.18    0.0079    4.43    0.994   13.064   1327.8  0.557E+02  0.327E+00


    2353.6   7/2 - 1546.7   5/2    0.3178   43.70    0.0000    0.00    1.000 -203.279    806.9  0.133E+01  0.320E-04
    2353.6   7/2 -  782.4   7/2    0.0141    1.95    0.0000    0.00    1.000  159.554   1571.2  0.165E+01  0.649E-04
    2353.6   7/2 -  826.5   7/2    0.1835   25.22    0.0001    0.08    1.000  -44.838   1527.1  0.186E+02  0.925E-02
    2353.6   7/2 - 1293.3   7/2    0.0548    7.53    0.0034    1.91    0.926    3.537   1060.3  0.896E+00  0.716E-01
    2353.6   7/2 - 1360.7   7/2    0.0000    0.00    0.0000    0.00    0.891   -2.863    993.0  0.152E-07  0.186E-08


    2353.6   7/2 - 2353.6   7/2   -1.5417            1.4967
    2353.6   7/2 -  346.8   9/2    0.0022    0.31    0.0005    0.26    0.932    3.691   2006.9  0.885E+00  0.650E-01
    2353.6   7/2 - 1422.1   9/2    0.0240    3.30    0.0005    0.29    0.965    5.248    931.6  0.205E+00  0.746E-02
    2353.6   7/2 - 1684.2   9/2    0.0006    0.09    0.0012    0.66    0.143    0.408    669.5  0.103E-02  0.622E-02
    2353.6   7/2 -  348.8  11/2    0.0000    0.00    0.0000    0.00    1.000    0.000   2004.8  0.411E-07  0.000E+00


    2353.6   7/2 - 1338.5  11/2    0.0010    0.14    0.0000    0.00    1.000    0.000   1015.1  0.133E-01  0.000E+00
     346.8   9/2 -  177.3   5/2    0.0010    0.14    0.0000    0.00    1.000    0.000    169.5  0.176E-05  0.000E+00
     346.8   9/2 -  346.8   9/2    4.9025            1.2821
    1422.1   9/2 -  177.3   5/2    1.1652  160.18    0.0000    0.00    1.000    0.000   1244.7  0.425E+02  0.000E+00
    1422.1   9/2 -  664.5   5/2    0.0176    2.42    0.0000    0.00    1.000    0.000    757.5  0.535E-01  0.000E+00


    1422.1   9/2 - 1025.8   5/2    0.4949   68.04    0.0000    0.00    1.000    0.000    396.2  0.590E-01  0.000E+00
    1422.1   9/2 -  782.4   7/2    0.2111   29.02    0.0053    2.96    0.919   -3.361    639.6  0.276E+00  0.244E-01
    1422.1   9/2 -  826.5   7/2    1.2060  165.80    0.0013    0.75    0.996   14.909    595.6  0.110E+01  0.496E-02
    1422.1   9/2 - 1293.3   7/2    0.1108   15.23    0.0180   10.04    0.066    0.266    128.7  0.478E-04  0.675E-03
    1422.1   9/2 - 1360.7   7/2    0.0000    0.00    0.0000    0.00    0.822    2.151     61.4  0.113E-12  0.245E-13


    1422.1   9/2 -  346.8   9/2    0.0044    0.60    0.0023    1.29    0.603   -1.232   1075.3  0.766E-01  0.505E-01
    1422.1   9/2 - 1422.1   9/2   -2.1975            1.6806
    1422.1   9/2 -  348.8  11/2    0.0000    0.00    0.0000    0.00    0.991  -10.795   1073.2  0.747E-11  0.641E-13
    1422.1   9/2 - 1338.5  11/2    0.0000    0.00    0.0046    2.57    0.000    0.001     83.5  0.527E-10  0.471E-04
    1684.2   9/2 -  177.3   5/2    0.0092    1.26    0.0000    0.00    1.000    0.000   1506.9  0.869E+00  0.000E+00


    1684.2   9/2 -  664.5   5/2    0.0321    4.41    0.0000    0.00    1.000    0.000   1019.6  0.431E+00  0.000E+00
    1684.2   9/2 - 1025.8   5/2    0.0016    0.21    0.0000    0.00    1.000    0.000    658.3  0.234E-02  0.000E+00
    1684.2   9/2 - 1546.7   5/2    0.0000    0.00    0.0000    0.00    1.000    0.000    137.4  0.185E-07  0.000E+00
    1684.2   9/2 -  782.4   7/2    2.6847  369.08    0.1227   68.54    0.925   -3.511    901.7  0.195E+02  0.158E+01
    1684.2   9/2 -  826.5   7/2    0.2518   34.62    0.2375  132.64    0.351   -0.735    857.7  0.143E+01  0.264E+01


    1684.2   9/2 - 1293.3   7/2    0.0060    0.82    0.0841   46.96    0.007   -0.087    390.9  0.665E-03  0.884E-01
    1684.2   9/2 - 1360.7   7/2    0.0000    0.00    0.0000    0.00    0.028    0.168    323.5  0.141E-10  0.497E-09
    1684.2   9/2 -  346.8   9/2    0.0722    9.92    0.0163    9.10    0.846    2.343   1337.4  0.377E+01  0.686E+00
    1684.2   9/2 - 1422.1   9/2    0.0177    2.43    0.0950   53.06    0.009   -0.094    262.1  0.267E-03  0.301E-01
    1684.2   9/2 - 1684.2   9/2    1.5142           -0.1893


    1684.2   9/2 -  348.8  11/2    0.0000    0.00    0.0000    0.00    0.852   -2.395   1335.3  0.701E-11  0.122E-11
    1684.2   9/2 - 1338.5  11/2    0.0219    3.01    0.0053    2.93    0.257   -0.587    345.6  0.132E-02  0.382E-02
    2426.9   9/2 -  177.3   5/2    0.0000    0.00    0.0000    0.00    1.000    0.000   2249.6  0.810E-08  0.000E+00
    2426.9   9/2 -  664.5   5/2    0.0000    0.00    0.0000    0.00    1.000    0.000   1762.4  0.329E-07  0.000E+00
    2426.9   9/2 - 1025.8   5/2    0.0000    0.00    0.0000    0.00    1.000    0.000   1401.1  0.532E-08  0.000E+00


    2426.9   9/2 - 1546.7   5/2    0.0000    0.00    0.0000    0.00    1.000    0.000    880.2  0.298E-14  0.000E+00
    2426.9   9/2 - 2399.2   5/2    0.0000    0.00    0.0000    0.00    1.000    0.000     27.7  0.370E-19  0.000E+00
    2426.9   9/2 -  782.4   7/2    0.0000    0.00    0.0000    0.00    0.722    1.612   1644.4  0.104E-06  0.401E-07
    2426.9   9/2 -  826.5   7/2    0.0000    0.00    0.0000    0.00    0.692    1.499   1600.4  0.426E-06  0.190E-06
    2426.9   9/2 - 1293.3   7/2    0.0000    0.00    0.0000    0.00    0.963    5.104   1133.6  0.576E-08  0.221E-09


    2426.9   9/2 - 1360.7   7/2    0.7695  105.78    0.3822  213.47    0.613    1.260   1066.2  0.129E+02  0.815E+01
    2426.9   9/2 - 2353.6   7/2    0.0000    0.00    0.0000    0.00    0.014    0.119     73.2  0.261E-14  0.183E-12
    2426.9   9/2 -  346.8   9/2    0.0000    0.00    0.0000    0.00    0.983    7.612   2080.1  0.564E-12  0.973E-14
    2426.9   9/2 - 1422.1   9/2    0.0000    0.00    0.0000    0.00    0.267   -0.604   1004.8  0.932E-11  0.256E-10
    2426.9   9/2 - 1684.2   9/2    0.0000    0.00    0.0000    0.00    0.985    8.157    742.7  0.779E-11  0.117E-12


    2426.9   9/2 - 2426.9   9/2   -0.7333           -1.6364
    2426.9   9/2 -  348.8  11/2    1.0484  144.13    0.1544   86.23    0.953   -4.508   2078.0  0.496E+03  0.244E+02
    2426.9   9/2 - 1338.5  11/2    0.0000    0.00    0.0000    0.00    0.468    0.937   1088.3  0.210E-11  0.239E-11
    2426.9   9/2 - 2125.7  13/2    2.5813  354.86    0.0000    0.00    1.000    0.000    301.1  0.780E-01  0.000E+00
    2457.0   9/2 -  177.3   5/2    0.1177   16.18    0.0000    0.00    1.000    0.000   2279.7  0.884E+02  0.000E+00


    2457.0   9/2 -  664.5   5/2    0.7438  102.25    0.0000    0.00    1.000    0.000   1792.5  0.168E+03  0.000E+00
    2457.0   9/2 - 1025.8   5/2    1.1652  160.19    0.0000    0.00    1.000    0.000   1431.2  0.854E+02  0.000E+00
    2457.0   9/2 - 1546.7   5/2    0.0005    0.07    0.0000    0.00    1.000    0.000    910.3  0.407E-02  0.000E+00
    2457.0   9/2 - 2399.2   5/2    0.0040    0.55    0.0000    0.00    1.000    0.000     57.9  0.319E-07  0.000E+00
    2457.0   9/2 -  782.4   7/2    0.0486    6.68    0.0020    1.12    0.979   -6.864   1674.6  0.781E+01  0.166E+00


    2457.0   9/2 -  826.5   7/2    0.3001   41.25    0.0421   23.54    0.929   -3.623   1630.5  0.422E+02  0.321E+01
    2457.0   9/2 - 1293.3   7/2    0.2967   40.79    0.0442   24.70    0.863   -2.510   1163.7  0.773E+01  0.123E+01
    2457.0   9/2 - 1360.7   7/2    0.0000    0.00    0.0000    0.00    0.679   -1.453   1096.4  0.187E-07  0.884E-08
    2457.0   9/2 - 2353.6   7/2    0.3252   44.70    0.0290   16.20    0.077    0.288    103.4  0.468E-04  0.564E-03
    2457.0   9/2 -  346.8   9/2    0.0011    0.15    0.0000    0.03    0.987    8.610   2110.2  0.559E+00  0.754E-02


    2457.0   9/2 - 1422.1   9/2    0.0388    5.33    0.0139    7.79    0.674   -1.436   1035.0  0.562E+00  0.272E+00
    2457.0   9/2 - 1684.2   9/2    0.0181    2.49    0.0000    0.00    0.999   36.602    772.9  0.609E-01  0.455E-04
    2457.0   9/2 - 2426.9   9/2    0.0000    0.00    0.0000    0.00    0.000   -0.018     30.1  0.245E-16  0.728E-13
    2457.0   9/2 - 2457.0   9/2   -2.7036            0.6537
    2457.0   9/2 -  348.8  11/2    0.0000    0.00    0.0000    0.00    0.955   -4.586   2108.2  0.547E-07  0.260E-08


    2457.0   9/2 - 1338.5  11/2    0.0000    0.00    0.0005    0.26    0.046    0.220   1118.5  0.561E-03  0.116E-01
    2457.0   9/2 - 2125.7  13/2    0.0000    0.00    0.0000    0.00    1.000    0.000    331.3  0.132E-10  0.000E+00
     348.8  11/2 -  346.8   9/2    0.0000    0.00    0.0000    0.00    0.000   -0.005      2.1  0.113E-25  0.391E-21
     348.8  11/2 -  348.8  11/2   -2.9308           -1.7316
    1338.5  11/2 -  782.4   7/2    0.0329    4.52    0.0000    0.00    1.000    0.000    556.1  0.213E-01  0.000E+00


    1338.5  11/2 -  826.5   7/2    0.0153    2.10    0.0000    0.00    1.000    0.000    512.0  0.656E-02  0.000E+00
    1338.5  11/2 - 1293.3   7/2    0.0003    0.04    0.0000    0.00    1.000    0.000     45.2  0.644E-09  0.000E+00
    1338.5  11/2 -  346.8   9/2    2.8742  395.12    0.0048    2.69    0.998  -20.155    991.8  0.336E+02  0.828E-01
    1338.5  11/2 -  348.8  11/2    0.0000    0.00    0.0000    0.00    0.709    1.560    989.7  0.271E-12  0.111E-12
    1338.5  11/2 - 1338.5  11/2    2.1639            1.6629


    2774.3  11/2 -  782.4   7/2    0.3216   44.21    0.0000    0.00    1.000    0.000   1991.9  0.123E+03  0.000E+00
    2774.3  11/2 -  826.5   7/2    1.4481  199.07    0.0000    0.00    1.000    0.000   1947.8  0.495E+03  0.000E+00
    2774.3  11/2 - 1293.3   7/2    0.0061    0.84    0.0000    0.00    1.000    0.000   1481.0  0.534E+00  0.000E+00
    2774.3  11/2 - 1360.7   7/2    0.0000    0.00    0.0000    0.00    1.000    0.000   1413.6  0.865E-06  0.000E+00
    2774.3  11/2 - 2353.6   7/2    0.0754   10.36    0.0000    0.00    1.000    0.000    420.7  0.121E-01  0.000E+00


    2774.3  11/2 -  346.8   9/2    0.0001    0.01    0.0011    0.60    0.182   -0.472   2427.5  0.597E-01  0.268E+00
    2774.3  11/2 - 1422.1   9/2    1.0358  142.40    0.0000    0.00    1.000    0.000   1352.3  0.571E+02  0.342E-04
    2774.3  11/2 - 1684.2   9/2    0.2157   29.65    0.0500   27.93    0.780   -1.885   1090.1  0.405E+01  0.114E+01
    2774.3  11/2 - 2426.9   9/2    0.0000    0.00    0.0000    0.00    0.068   -0.270    347.4  0.339E-12  0.466E-11
    2774.3  11/2 - 2457.0   9/2    0.1857   25.52    0.0217   12.10    0.374   -0.773    317.3  0.728E-02  0.122E-01


    2774.3  11/2 -  348.8  11/2    0.0000    0.00    0.0000    0.00    0.002    0.041   2425.5  0.436E-12  0.257E-09
    2774.3  11/2 - 1338.5  11/2    0.0003    0.05    0.0104    5.82    0.045   -0.216   1435.8  0.253E-01  0.542E+00
    2774.3  11/2 - 2774.3  11/2   -2.2426            1.4192
    2774.3  11/2 - 2125.7  13/2    0.0000    0.00    0.0000    0.00    0.897    2.954    648.6  0.821E-12  0.941E-13
    2774.3  11/2 - 2550.2  13/2    0.0003    0.05    0.0022    1.21    0.005    0.073    224.2  0.229E-05  0.429E-03


    2799.2  11/2 -  782.4   7/2    0.4305   59.19    0.0000    0.00    1.000    0.000   2016.8  0.175E+03  0.000E+00
    2799.2  11/2 -  826.5   7/2    0.3854   52.99    0.0000    0.00    1.000    0.000   1972.7  0.140E+03  0.000E+00
    2799.2  11/2 - 1293.3   7/2    0.1170   16.08    0.0000    0.00    1.000    0.000   1505.9  0.111E+02  0.000E+00
    2799.2  11/2 - 1360.7   7/2    0.0000    0.00    0.0000    0.00    1.000    0.000   1438.6  0.363E-07  0.000E+00
    2799.2  11/2 - 2353.6   7/2    0.0016    0.22    0.0000    0.00    1.000    0.000    445.6  0.348E-03  0.000E+00


    2799.2  11/2 -  346.8   9/2    0.0180    2.47    0.0055    3.06    0.932    3.697   2452.4  0.195E+02  0.142E+01
    2799.2  11/2 - 1422.1   9/2    0.0126    1.73    0.1436   80.22    0.103   -0.339   1377.2  0.759E+00  0.660E+01
    2799.2  11/2 - 1684.2   9/2    2.5993  357.34    0.3228  180.29    0.874   -2.634   1115.1  0.547E+02  0.788E+01
    2799.2  11/2 - 2426.9   9/2    0.0000    0.00    0.0000    0.00    0.931   -3.680    372.4  0.167E-12  0.123E-13
    2799.2  11/2 - 2457.0   9/2    0.0177    2.43    0.0007    0.40    0.665   -1.410    342.2  0.101E-02  0.510E-03


    2799.2  11/2 -  348.8  11/2    0.0000    0.00    0.0000    0.00    0.127   -0.381   2450.4  0.525E-11  0.361E-10
    2799.2  11/2 - 1338.5  11/2    0.0709    9.75    0.0218   12.18    0.828    2.193   1460.7  0.575E+01  0.120E+01
    2799.2  11/2 - 2774.3  11/2    0.0947   13.02    0.1330   74.29    0.000   -0.018     24.9  0.111E-07  0.363E-04
    2799.2  11/2 - 2799.2  11/2   -0.4724            0.5801
    2799.2  11/2 - 2125.7  13/2    0.0000    0.00    0.0000    0.00    0.945   -4.146    673.5  0.283E-12  0.165E-13


    2799.2  11/2 - 2550.2  13/2    0.0012    0.16    0.0115    6.44    0.004   -0.067    249.1  0.139E-04  0.314E-02
    2125.7  13/2 -  346.8   9/2    0.0000    0.00    0.0000    0.00    1.000    0.000   1778.9  0.140E-10  0.000E+00
    2125.7  13/2 - 1422.1   9/2    0.0000    0.00    0.0000    0.00    1.000    0.000    703.7  0.353E-14  0.000E+00
    2125.7  13/2 - 1684.2   9/2    0.0000    0.00    0.0000    0.00    1.000    0.000    441.6  0.548E-13  0.000E+00
    2125.7  13/2 -  348.8  11/2    0.6781   93.22    0.1568   87.56    0.904    3.077   1776.9  0.147E+03  0.155E+02


    2125.7  13/2 - 1338.5  11/2    0.0000    0.00    0.0000    0.00    0.870   -2.583    787.2  0.847E-13  0.127E-13
    2125.7  13/2 - 2125.7  13/2   -2.0583           -1.0388
    2550.2  13/2 -  346.8   9/2    0.5776   79.40    0.0000    0.00    1.000    0.000   2203.4  0.366E+03  0.000E+00
    2550.2  13/2 - 1422.1   9/2    0.0054    0.75    0.0000    0.00    1.000    0.000   1128.1  0.121E+00  0.000E+00
    2550.2  13/2 - 1684.2   9/2    0.0515    7.08    0.0000    0.00    1.000    0.000    866.0  0.306E+00  0.000E+00


    2550.2  13/2 - 2426.9   9/2    0.0000    0.00    0.0000    0.00    1.000    0.000    123.3  0.103E-15  0.000E+00
    2550.2  13/2 - 2457.0   9/2    0.0006    0.08    0.0000    0.00    1.000    0.000     93.1  0.485E-07  0.000E+00
    2550.2  13/2 -  348.8  11/2    0.0000    0.00    0.0000    0.00    0.965    5.258   2201.3  0.289E-11  0.105E-12
    2550.2  13/2 - 1338.5  11/2    3.0977  425.86    0.0097    5.44    0.997  -17.985   1211.6  0.987E+02  0.305E+00
    2550.2  13/2 - 2125.7  13/2    0.0000    0.00    0.0000    0.00    0.039    0.203    424.4  0.355E-14  0.866E-13


    2550.2  13/2 - 2550.2  13/2    0.4411            2.0507

 TIME=  0.0 SEC
