 PARITY=-   EPS= 0.410   GAMMA=  5.6   EPS4=0.000   EPS6=0.000   LEVELS:  30  31  32  33  34
0   Z= 82   A=207   IQ=1   GSFAC= 0.75   GR=  0.40   MIN SPIN=  1/2   MAX SPIN= 13/2   KMAX= 13/2

 MICR QUADR MOMENTS:  Q0=2607.193  Q2= -94.614 FM**2


   B(E2) AND Q(E2) IN E2B2 AND EB,   B(M1) AND M(M1) INNM2 AND NM,   T(E2) AND T(M1) IN 1/PS

       E1     II      EF     IF     B(E2)             B(M1)              GD        D       EREL    T(E2)      T(M1)
                                             WU               MWU

      67.2   1/2 -   67.2   1/2    0.0000            0.8419
      67.2   1/2 -   54.1   3/2   27.0427 3717.68    0.6412  358.11    0.005   -0.071     13.1  0.128E-06  0.255E-04
      67.2   1/2 -    0.0   5/2    0.0000    0.00    0.0000    0.00    1.000    0.000     67.2  0.148E-26  0.000E+00
     666.7   1/2 -   67.2   1/2    0.0000    0.00    0.0000    0.00    0.000    0.000    599.5  0.000E+00  0.606E-19
     666.7   1/2 -  666.7   1/2    0.0000            0.4025


     666.7   1/2 -   54.1   3/2    0.0000    0.00    0.0000    0.00    0.899   -2.989    612.6  0.525E-18  0.588E-19
     666.7   1/2 -  317.3   3/2    0.0346    4.76    0.0000    0.02    0.987    8.796    349.4  0.220E-02  0.285E-04
     666.7   1/2 -    0.0   5/2    0.0000    0.00    0.0000    0.00    1.000    0.000    666.7  0.127E-20  0.000E+00
     666.7   1/2 -  124.2   5/2    0.0000    0.00    0.0000    0.00    1.000    0.000    542.5  0.429E-18  0.000E+00
     666.7   1/2 -  341.1   5/2    0.1285   17.66    0.0000    0.00    1.000    0.000    325.7  0.574E-02  0.000E+00


     676.3   1/2 -   67.2   1/2    0.0000    0.00    0.0000    0.00    0.000    0.000    609.1  0.000E+00  0.966E-21
     676.3   1/2 -  666.7   1/2    0.0000    0.00    0.0751   41.96    0.000    0.000      9.6  0.000E+00  0.116E-05
     676.3   1/2 -  676.3   1/2    0.0000            0.1833
     676.3   1/2 -   54.1   3/2    0.0000    0.00    0.0000    0.00    0.017   -0.131    622.2  0.131E-24  0.764E-23
     676.3   1/2 -  317.3   3/2    0.0000    0.00    0.0000    0.01    0.000   -0.000    359.0  0.603E-22  0.166E-04


     676.3   1/2 -    0.0   5/2    0.0000    0.00    0.0000    0.00    1.000    0.000    676.3  0.310E-26  0.000E+00
     676.3   1/2 -  124.2   5/2    0.0000    0.00    0.0000    0.00    1.000    0.000    552.0  0.725E-25  0.000E+00
     676.3   1/2 -  341.1   5/2    0.0000    0.00    0.0000    0.00    1.000    0.000    335.2  0.159E-21  0.000E+00
      54.1   3/2 -   54.1   3/2   -5.2150           -0.5948
      54.1   3/2 -    0.0   5/2    0.0000    0.00    0.0000    0.00    0.000   -0.000     54.1  0.716E-30  0.104E-11


      54.1   3/2 -   22.5   7/2    0.0000    0.00    0.0000    0.00    1.000    0.000     31.5  0.263E-28  0.000E+00
      54.1   3/2 -   33.8   7/2    0.0000    0.00    0.0000    0.00    1.000    0.000     20.2  0.150E-28  0.000E+00
     317.3   3/2 -   67.2   1/2    0.0000    0.00    0.0000    0.00    0.771    1.832    250.1  0.375E-23  0.112E-23
     317.3   3/2 -   54.1   3/2    0.0000    0.00    0.0000    0.00    0.005    0.068    263.2  0.322E-26  0.692E-24
     317.3   3/2 -  317.3   3/2    5.2036            1.0994


     317.3   3/2 -    0.0   5/2    0.0000    0.00    0.0000    0.00    0.000   -0.001    317.3  0.137E-28  0.144E-22
     317.3   3/2 -  124.2   5/2    0.0000    0.00    0.0000    0.00    0.000    0.008    193.0  0.641E-29  0.903E-25
     317.3   3/2 -   22.5   7/2    0.0000    0.00    0.0000    0.00    1.000    0.000    294.7  0.148E-28  0.000E+00
     317.3   3/2 -   33.8   7/2    0.0000    0.00    0.0000    0.00    1.000    0.000    283.4  0.401E-28  0.000E+00
     317.3   3/2 -   93.7   7/2    0.0000    0.00    0.0000    0.00    1.000    0.000    223.6  0.311E-27  0.000E+00


     677.1   3/2 -   67.2   1/2    0.0000    0.00    0.0000    0.00    0.988   -9.241    609.9  0.257E-18  0.301E-20
     677.1   3/2 -  666.7   1/2   13.5414 1861.60    0.1963  109.62    0.005   -0.072     10.4  0.199E-07  0.386E-05
     677.1   3/2 -  676.3   1/2    0.0000    0.00    0.0903   50.41    0.000    0.000      0.8  0.188E-32  0.834E-09
     677.1   3/2 -   54.1   3/2    0.0000    0.00    0.0000    0.00    0.000    0.010    623.0  0.460E-25  0.450E-21
     677.1   3/2 -  317.3   3/2    0.0917   12.61    0.0002    0.12    0.975    6.230    359.8  0.675E-02  0.174E-03


     677.1   3/2 -  677.1   3/2   -5.2036           -0.1562
     677.1   3/2 -    0.0   5/2    0.0000    0.00    0.0000    0.00    0.004   -0.060    677.1  0.439E-27  0.121E-24
     677.1   3/2 -  124.2   5/2    0.0000    0.00    0.0000    0.00    0.000    0.007    552.9  0.459E-26  0.839E-22
     677.1   3/2 -  341.1   5/2    0.0382    5.25    0.0000    0.00    0.997  -19.400    336.0  0.200E-02  0.530E-05
     677.1   3/2 -   22.5   7/2    0.0000    0.00    0.0000    0.00    1.000    0.000    654.6  0.223E-25  0.000E+00


     677.1   3/2 -   33.8   7/2    0.0000    0.00    0.0000    0.00    1.000    0.000    643.3  0.594E-25  0.000E+00
     677.1   3/2 -   93.7   7/2    0.0000    0.00    0.0000    0.00    1.000    0.000    583.4  0.247E-26  0.000E+00
       0.0   5/2 -    0.0   5/2    9.3120           -0.3342
     124.2   5/2 -   67.2   1/2   13.5270 1859.61    0.0000    0.00    1.000    0.000     57.0  0.997E-04  0.000E+00
     124.2   5/2 -   54.1   3/2    3.8664  531.54    0.0365   20.39    0.266    0.601     70.2  0.802E-04  0.222E-03


     124.2   5/2 -    0.0   5/2    0.0000    0.00    0.0000    0.00    0.000    0.000    124.2  0.252E-27  0.556E-08
     124.2   5/2 -  124.2   5/2   -7.4451            2.0168
     124.2   5/2 -   22.5   7/2    0.0000    0.00    0.0000    0.00    0.031   -0.179    101.7  0.677E-27  0.210E-25
     124.2   5/2 -   33.8   7/2    0.0000    0.00    0.0000    0.00    0.000   -0.000     90.4  0.341E-26  0.253E-08
     124.2   5/2 -   93.7   7/2    2.5716  353.54    0.5495  306.89    0.003   -0.055     30.6  0.839E-06  0.277E-03


     124.2   5/2 -   66.0   9/2    0.0000    0.00    0.0000    0.00    1.000    0.000     58.2  0.169E-32  0.000E+00
     124.2   5/2 -   77.3   9/2    0.0000    0.00    0.0000    0.00    1.000    0.000     46.9  0.212E-30  0.000E+00
     341.1   5/2 -   67.2   1/2    0.0000    0.00    0.0000    0.00    1.000    0.000    273.9  0.147E-22  0.000E+00
     341.1   5/2 -   54.1   3/2    0.0000    0.00    0.0000    0.00    0.017   -0.132    287.0  0.131E-25  0.750E-24
     341.1   5/2 -  317.3   3/2   23.2173 3191.78    0.0453   25.29    0.168    0.449     23.8  0.216E-05  0.107E-04


     341.1   5/2 -    0.0   5/2    0.0000    0.00    0.0000    0.00    0.000    0.005    341.1  0.139E-27  0.498E-23
     341.1   5/2 -  124.2   5/2    0.0000    0.00    0.0000    0.00    0.000    0.011    216.8  0.740E-28  0.668E-24
     341.1   5/2 -  341.1   5/2   -1.8445            1.3506
     341.1   5/2 -   22.5   7/2    0.0000    0.00    0.0000    0.00    0.000   -0.000    318.5  0.193E-28  0.241E-08
     341.1   5/2 -   33.8   7/2    0.0000    0.00    0.0000    0.00    0.000   -0.006    307.2  0.340E-27  0.947E-23


     341.1   5/2 -   93.7   7/2    0.0000    0.00    0.0000    0.00    0.000   -0.016    247.4  0.249E-28  0.931E-25
     341.1   5/2 -   66.0   9/2    0.0000    0.00    0.0000    0.00    1.000    0.000    275.0  0.168E-30  0.000E+00
     341.1   5/2 -   77.3   9/2    0.0000    0.00    0.0000    0.00    1.000    0.000    263.7  0.548E-27  0.000E+00
     341.1   5/2 -  219.8   9/2    0.0000    0.00    0.0000    0.00    1.000    0.000    121.2  0.149E-28  0.000E+00
      22.5   7/2 -    0.0   5/2    0.0000    0.00    0.0000    0.00    0.047   -0.221     22.5  0.579E-26  0.118E-24


      22.5   7/2 -   22.5   7/2   12.1677           -0.7403
      33.8   7/2 -    0.0   5/2   24.1477 3319.69    0.1759   98.24    0.098   -0.330     33.8  0.131E-04  0.120E-03
      33.8   7/2 -   22.5   7/2    0.0000    0.00    0.0000    0.00    0.049   -0.227     11.3  0.495E-27  0.961E-26
      33.8   7/2 -   33.8   7/2    1.7398            0.3563
      93.7   7/2 -   54.1   3/2   17.3884 2390.45    0.0000    0.00    1.000    0.000     39.6  0.206E-04  0.000E+00


      93.7   7/2 -    0.0   5/2    0.0000    0.00    0.0000    0.00    0.000    0.000     93.7  0.139E-27  0.449E-10
      93.7   7/2 -   22.5   7/2    0.0000    0.00    0.0000    0.00    0.964   -5.162     71.1  0.558E-27  0.209E-28
      93.7   7/2 -   33.8   7/2    0.0000    0.00    0.0000    0.00    0.000    0.000     59.8  0.152E-26  0.131E-11
      93.7   7/2 -   93.7   7/2   -8.6899            0.1425
      93.7   7/2 -   66.0   9/2    0.0000    0.00    0.0000    0.00    0.049   -0.228     27.6  0.741E-31  0.142E-29


      93.7   7/2 -   77.3   9/2    0.0000    0.00    0.0000    0.00    0.000    0.000     16.3  0.946E-32  0.901E-11
      66.0   9/2 -    0.0   5/2    0.0000    0.00    0.0000    0.00    1.000    0.000     66.0  0.214E-28  0.000E+00
      66.0   9/2 -   22.5   7/2   22.9466 3154.57    0.3174  177.24    0.087   -0.308     43.5  0.436E-04  0.459E-03
      66.0   9/2 -   33.8   7/2    0.0000    0.00    0.0000    0.00    0.050   -0.229     32.2  0.540E-25  0.103E-23
      66.0   9/2 -   66.0   9/2    4.7425            0.0425


      77.3   9/2 -    0.0   5/2    6.7654  930.07    0.0000    0.00    1.000    0.000     77.3  0.228E-03  0.000E+00
      77.3   9/2 -   22.5   7/2    0.0000    0.00    0.0000    0.00    0.162   -0.440     54.8  0.738E-25  0.382E-24
      77.3   9/2 -   33.8   7/2   20.4850 2816.17    0.2554  142.63    0.095   -0.324     43.5  0.388E-04  0.369E-03
      77.3   9/2 -   66.0   9/2    0.0000    0.00    0.0000    0.00    0.234    0.553     11.3  0.921E-29  0.302E-28
      77.3   9/2 -   77.3   9/2   -2.3659            0.9397


     219.8   9/2 -    0.0   5/2    0.0000    0.00    0.0000    0.00    1.000    0.000    219.8  0.228E-26  0.000E+00
     219.8   9/2 -  124.2   5/2   19.3314 2657.57    0.0000    0.00    1.000    0.000     95.6  0.188E-02  0.000E+00
     219.8   9/2 -   22.5   7/2    0.0000    0.00    0.0000    0.00    0.440    0.887    197.3  0.961E-26  0.122E-25
     219.8   9/2 -   33.8   7/2    0.0000    0.00    0.0000    0.00    0.000    0.000    186.0  0.314E-25  0.376E-07
     219.8   9/2 -   93.7   7/2    1.1735  161.32    0.0405   22.63    0.242    0.565    126.2  0.458E-03  0.143E-02


     219.8   9/2 -   66.0   9/2    0.0000    0.00    0.0000    0.00    0.140   -0.404    153.8  0.100E-29  0.612E-29
     219.8   9/2 -   77.3   9/2    0.0000    0.00    0.0000    0.00    0.000    0.000    142.5  0.592E-27  0.626E-07
     219.8   9/2 -  219.8   9/2   -9.4685            2.9138
     219.8   9/2 -  119.1  11/2    0.0000    0.00    0.0000    0.00    0.011   -0.106    100.7  0.106E-26  0.941E-25
     219.8   9/2 -  130.4  11/2    0.0000    0.00    0.0000    0.00    0.000   -0.000     89.4  0.454E-28  0.713E-08


     219.8   9/2 -  171.9  11/2    0.9416  129.44    0.5243  292.84    0.003   -0.054     48.0  0.292E-05  0.102E-02
     219.8   9/2 -  181.9  13/2    0.0000    0.00    0.0000    0.00    1.000    0.000     37.9  0.362E-30  0.000E+00
     219.8   9/2 -  193.2  13/2    0.0000    0.00    0.0000    0.00    1.000    0.000     26.7  0.806E-31  0.000E+00
     119.1  11/2 -   22.5   7/2    4.9219  676.64    0.0000    0.00    1.000    0.000     96.6  0.506E-03  0.000E+00
     119.1  11/2 -   33.8   7/2    0.0000    0.00    0.0000    0.00    1.000    0.000     85.3  0.422E-24  0.000E+00


     119.1  11/2 -   93.7   7/2    0.0000    0.00    0.0000    0.00    1.000    0.000     25.5  0.249E-28  0.000E+00
     119.1  11/2 -   66.0   9/2   23.1616 3184.12    0.4868  271.90    0.085   -0.305     53.1  0.120E-03  0.129E-02
     119.1  11/2 -   77.3   9/2    0.0000    0.00    0.0000    0.00    0.058   -0.248     41.8  0.319E-24  0.518E-23
     119.1  11/2 -  119.1  11/2    0.2916            0.7064
     130.4  11/2 -   22.5   7/2    0.0000    0.00    0.0000    0.00    1.000    0.000    107.9  0.515E-23  0.000E+00


     130.4  11/2 -   33.8   7/2   11.4828 1578.59    0.0000    0.00    1.000    0.000     96.6  0.118E-02  0.000E+00
     130.4  11/2 -   93.7   7/2    0.0000    0.00    0.0000    0.00    1.000    0.000     36.8  0.196E-28  0.000E+00
     130.4  11/2 -   66.0   9/2    0.0000    0.00    0.0000    0.00    0.122   -0.372     64.4  0.508E-25  0.366E-24
     130.4  11/2 -   77.3   9/2   15.7539 2165.76    0.2985  166.72    0.094   -0.321     53.1  0.813E-04  0.787E-03
     130.4  11/2 -  119.1  11/2    0.0000    0.00    0.0000    0.00    0.000   -0.022     11.3  0.478E-28  0.101E-24


     130.4  11/2 -  130.4  11/2   -4.8626            1.4656
     171.9  11/2 -   22.5   7/2    0.0000    0.00    0.0000    0.00    1.000    0.000    149.3  0.364E-25  0.000E+00
     171.9  11/2 -   33.8   7/2    0.0000    0.00    0.0000    0.00    1.000    0.000    138.0  0.131E-24  0.000E+00
     171.9  11/2 -   93.7   7/2   20.4956 2817.62    0.0000    0.00    1.000    0.000     78.2  0.732E-03  0.000E+00
     171.9  11/2 -   66.0   9/2    0.0000    0.00    0.0000    0.00    0.649   -1.359    105.9  0.138E-29  0.749E-30


     171.9  11/2 -   77.3   9/2    0.0000    0.00    0.0000    0.00    0.000   -0.000     94.6  0.101E-29  0.967E-10
     171.9  11/2 -  119.1  11/2    0.0000    0.00    0.0000    0.00    0.119   -0.368     52.7  0.786E-27  0.581E-26
     171.9  11/2 -  130.4  11/2    0.0000    0.00    0.0000    0.00    0.000    0.000     41.4  0.214E-28  0.147E-09
     171.9  11/2 -  171.9  11/2  -10.0220            0.9135
     181.9  13/2 -   66.0   9/2    9.1293 1255.04    0.0000    0.00    1.000    0.000    115.9  0.233E-02  0.000E+00


     181.9  13/2 -   77.3   9/2    0.0000    0.00    0.0000    0.00    1.000    0.000    104.6  0.984E-23  0.000E+00
     181.9  13/2 -  119.1  11/2   19.8469 2728.44    0.5885  328.67    0.084   -0.303     62.8  0.236E-03  0.256E-02
     181.9  13/2 -  130.4  11/2    0.0000    0.00    0.0000    0.00    0.062   -0.257     51.5  0.174E-24  0.263E-23
     181.9  13/2 -  171.9  11/2    0.0000    0.00    0.0000    0.00    0.003    0.057     10.0  0.414E-34  0.128E-31
     181.9  13/2 -  181.9  13/2   -2.5979            1.2988


     193.2  13/2 -   66.0   9/2    0.0000    0.00    0.0000    0.00    1.000    0.000    127.2  0.503E-23  0.000E+00
     193.2  13/2 -   77.3   9/2   14.6046 2007.77    0.0000    0.00    1.000    0.000    115.9  0.372E-02  0.000E+00
     193.2  13/2 -  119.1  11/2    0.0000    0.00    0.0000    0.00    0.120   -0.370     74.0  0.486E-23  0.355E-22
     193.2  13/2 -  130.4  11/2   12.1494 1670.24    0.3247  181.37    0.093   -0.320     62.7  0.144E-03  0.141E-02
     193.2  13/2 -  171.9  11/2    0.0000    0.00    0.0000    0.00    0.000    0.000     21.3  0.190E-32  0.139E-09


     193.2  13/2 -  181.9  13/2    0.0000    0.00    0.0000    0.00    0.000   -0.020     11.3  0.444E-28  0.113E-24
     193.2  13/2 -  193.2  13/2   -6.5052            1.9568
     353.9  13/2 -   66.0   9/2    0.0000    0.00    0.0000    0.00    1.000    0.000    287.9  0.293E-28  0.000E+00
     353.9  13/2 -   77.3   9/2    0.0000    0.00    0.0000    0.00    1.000    0.000    276.6  0.178E-25  0.000E+00
     353.9  13/2 -  219.8   9/2   21.3028 2928.59    0.0000    0.00    1.000    0.000    134.1  0.113E-01  0.000E+00


     353.9  13/2 -  119.1  11/2    0.0000    0.00    0.0000    0.00    0.283    0.628    234.8  0.503E-25  0.127E-24
     353.9  13/2 -  130.4  11/2    0.0000    0.00    0.0000    0.00    0.000    0.000    223.5  0.387E-26  0.351E-06
     353.9  13/2 -  171.9  11/2    0.5701   78.37    0.0420   23.47    0.238    0.558    182.0  0.139E-02  0.446E-02
     353.9  13/2 -  181.9  13/2    0.0000    0.00    0.0000    0.00    0.039   -0.202    172.0  0.508E-27  0.125E-25
     353.9  13/2 -  193.2  13/2    0.0000    0.00    0.0000    0.00    0.000   -0.000    160.7  0.519E-27  0.294E-06


     353.9  13/2 -  353.9  13/2  -10.4047            3.7553

 TIME=  0.0 SEC
