 PARITY=-   EPS= 0.358   GAMMA= 30.0   EPS4=0.000   EPS6=0.000   LEVELS:  24  25  26  27  28  29  30  31  32  33  34  35  36  37  38
0   Z= 82   A=207   IQ=0   GSFAC= 0.75   GR=  0.40   MIN SPIN=  1/2   MAX SPIN= 13/2   KMAX= 13/2

 MACR QUADR MOMENTS:  Q0=1196.946  Q2=-307.938 FM**2


   B(E2) AND Q(E2) IN E2B2 AND EB,   B(M1) AND M(M1) INNM2 AND NM,   T(E2) AND T(M1) IN 1/PS

       E1     II      EF     IF     B(E2)             B(M1)              GD        D       EREL    T(E2)      T(M1)
                                             WU               MWU

      38.1   1/2 -   38.1   1/2    0.0000            0.6222
      38.1   1/2 -    0.0   3/2    1.3260  182.30    0.3552  198.37    0.004   -0.061     38.1  0.130E-05  0.346E-03
     534.4   1/2 -   38.1   1/2    0.0000    0.00    0.0002    0.13    0.000    0.000    496.3  0.000E+00  0.501E-03
     534.4   1/2 -  534.4   1/2    0.0000            0.5190
     534.4   1/2 -    0.0   3/2    0.0000    0.00    0.0001    0.03    0.000    0.000    534.4  0.765E-18  0.155E-03


     534.4   1/2 -  222.9   3/2    0.0000    0.00    0.0080    4.44    0.000   -0.000    311.6  0.199E-18  0.424E-02
     534.4   1/2 -  308.0   5/2    0.0000    0.00    0.0000    0.00    1.000    0.000    226.4  0.298E-19  0.000E+00
     703.7   1/2 -   38.1   1/2    0.0000    0.00    0.0642   35.84    0.000    0.000    665.6  0.000E+00  0.333E+00
     703.7   1/2 -  534.4   1/2    0.0000    0.00    0.0000    0.00    0.000    0.000    169.2  0.000E+00  0.154E-06
     703.7   1/2 -  703.7   1/2    0.0000            0.4927


     703.7   1/2 -    0.0   3/2    0.0000    0.00    0.2234  124.76    0.000   -0.000    703.7  0.937E-18  0.137E+01
     703.7   1/2 -  222.9   3/2    0.0000    0.00    0.0906   50.62    0.000   -0.000    480.8  0.540E-18  0.177E+00
     703.7   1/2 -  308.0   5/2    0.0000    0.00    0.0000    0.00    1.000    0.000    395.6  0.150E-18  0.000E+00
    1022.9   1/2 -   38.1   1/2    0.0000    0.00    0.0369   20.62    0.000    0.000    984.8  0.000E+00  0.621E+00
    1022.9   1/2 -  534.4   1/2    0.0000    0.00    0.0001    0.07    0.000    0.000    488.5  0.000E+00  0.269E-03


    1022.9   1/2 -  703.7   1/2    0.0000    0.00    0.0158    8.85    0.000    0.000    319.3  0.000E+00  0.908E-02
    1022.9   1/2 - 1022.9   1/2    0.0000           -0.1662
    1022.9   1/2 -    0.0   3/2    0.0000    0.00    0.1130   63.12    0.000    0.000   1022.9  0.127E-17  0.213E+01
    1022.9   1/2 -  222.9   3/2    0.0000    0.00    0.0744   41.58    0.000    0.000    800.1  0.144E-17  0.671E+00
    1022.9   1/2 -  308.0   5/2    0.0000    0.00    0.0000    0.00    1.000    0.000    714.9  0.604E-18  0.000E+00


    1448.4   1/2 -   38.1   1/2    0.0000    0.00    0.0130    7.25    0.000    0.000   1410.3  0.000E+00  0.640E+00
    1448.4   1/2 -  534.4   1/2    0.0000    0.00    0.0751   41.94    0.000    0.000    913.9  0.000E+00  0.101E+01
    1448.4   1/2 -  703.7   1/2    0.0000    0.00    0.0084    4.67    0.000    0.000    744.7  0.000E+00  0.607E-01
    1448.4   1/2 - 1022.9   1/2    0.0000    0.00    0.1191   66.53    0.000    0.000    425.5  0.000E+00  0.161E+00
    1448.4   1/2 - 1448.4   1/2    0.0000            0.1593


    1448.4   1/2 -    0.0   3/2    0.0000    0.00    0.0419   23.39    0.000    0.000   1448.4  0.217E-23  0.224E+01
    1448.4   1/2 -  222.9   3/2    0.0000    0.00    0.0512   28.60    0.000    0.000   1225.5  0.225E-23  0.166E+01
    1448.4   1/2 -  308.0   5/2    0.0000    0.00    0.0000    0.00    1.000    0.000   1140.4  0.139E-23  0.000E+00
    1448.4   1/2 - 1311.2   5/2    0.0000    0.00    0.0000    0.00    1.000    0.000    137.2  0.148E-26  0.000E+00
    1448.4   1/2 - 1432.4   5/2    0.0000    0.00    0.0000    0.00    1.000    0.000     16.0  0.127E-31  0.000E+00


       0.0   3/2 -    0.0   3/2   -1.0314            0.2861
     222.9   3/2 -   38.1   1/2    2.5645  352.55    0.1537   85.87    0.283   -0.628    184.8  0.674E-02  0.171E-01
     222.9   3/2 -    0.0   3/2    2.6985  370.97    0.2639  147.40    0.260    0.593    222.9  0.181E-01  0.514E-01
     222.9   3/2 -  222.9   3/2    1.0314            0.3934
     308.0   5/2 -   38.1   1/2    1.2621  173.50    0.0000    0.00    1.000    0.000    269.9  0.221E-01  0.000E+00


     308.0   5/2 -    0.0   3/2    4.3602  599.42    0.0301   16.81    0.905    3.087    308.0  0.148E+00  0.155E-01
     308.0   5/2 -  222.9   3/2    0.6525   89.70    0.0209   11.68    0.136    0.396     85.2  0.357E-04  0.227E-03
     308.0   5/2 -  308.0   5/2   -0.6275            1.4664
    1311.2   5/2 -   38.1   1/2    0.0000    0.00    0.0000    0.00    1.000    0.000   1273.1  0.137E-15  0.000E+00
    1311.2   5/2 -  534.4   1/2    3.0821  423.72    0.0000    0.00    1.000    0.000    776.8  0.106E+02  0.000E+00


    1311.2   5/2 -  703.7   1/2    0.0000    0.00    0.0000    0.00    1.000    0.000    607.5  0.250E-15  0.000E+00
    1311.2   5/2 - 1022.9   1/2    0.0000    0.00    0.0000    0.00    1.000    0.000    288.3  0.866E-19  0.000E+00
    1311.2   5/2 -    0.0   3/2    0.0000    0.00    0.0003    0.19    0.000    0.000   1311.2  0.809E-24  0.133E-01
    1311.2   5/2 -  222.9   3/2    0.0000    0.00    0.0000    0.01    0.000    0.000   1088.4  0.177E-23  0.462E-03
    1311.2   5/2 -  308.0   5/2    0.0000    0.00    0.0007    0.41    0.000    0.000   1003.2  0.984E-24  0.131E-01


    1311.2   5/2 - 1311.2   5/2   -0.4082            1.2511
    1432.4   5/2 -   38.1   1/2    0.0000    0.00    0.0000    0.00    1.000    0.000   1394.3  0.688E-16  0.000E+00
    1432.4   5/2 -  534.4   1/2    0.0000    0.00    0.0000    0.00    1.000    0.000    897.9  0.183E-14  0.000E+00
    1432.4   5/2 -  703.7   1/2    3.1943  439.14    0.0000    0.00    1.000    0.000    728.7  0.801E+01  0.000E+00
    1432.4   5/2 - 1022.9   1/2    0.0000    0.00    0.0000    0.00    1.000    0.000    409.5  0.284E-17  0.000E+00


    1432.4   5/2 -    0.0   3/2    0.0000    0.00    0.0038    2.13    0.000   -0.000   1432.4  0.371E-23  0.197E+00
    1432.4   5/2 -  222.9   3/2    0.0000    0.00    0.0138    7.72    0.000   -0.000   1209.5  0.157E-23  0.431E+00
    1432.4   5/2 -  308.0   5/2    0.0000    0.00    0.1045   58.34    0.000    0.000   1124.3  0.585E-24  0.261E+01
    1432.4   5/2 - 1311.2   5/2    0.0000    0.00    0.0000    0.00    0.000   -0.000    121.2  0.711E-26  0.355E-07
    1432.4   5/2 - 1432.4   5/2   -1.5604            1.3132


    1432.4   5/2 - 1332.7   7/2    0.0000    0.00    0.1705   95.20    0.000    0.000     99.6  0.118E-27  0.297E-02
    1690.8   5/2 -   38.1   1/2    1.7698  243.31    0.0000    0.00    1.000    0.000   1652.7  0.266E+03  0.000E+00
    1690.8   5/2 -  534.4   1/2    0.0000    0.00    0.0000    0.00    1.000    0.000   1156.3  0.484E-16  0.000E+00
    1690.8   5/2 -  703.7   1/2    0.0000    0.00    0.0000    0.00    1.000    0.000    987.1  0.679E-17  0.000E+00
    1690.8   5/2 - 1022.9   1/2    0.0000    0.00    0.0000    0.00    1.000    0.000    667.8  0.201E-18  0.000E+00


    1690.8   5/2 - 1448.4   1/2    0.0000    0.00    0.0000    0.00    1.000    0.000    242.4  0.337E-26  0.000E+00
    1690.8   5/2 -    0.0   3/2    0.2252   30.96    0.1110   61.97    0.801    2.005   1690.8  0.380E+02  0.944E+01
    1690.8   5/2 -  222.9   3/2    0.1691   23.24    0.1629   91.00    0.608    1.245   1467.9  0.141E+02  0.907E+01
    1690.8   5/2 -  308.0   5/2    0.0414    5.69    0.1180   65.90    0.317   -0.682   1382.7  0.255E+01  0.549E+01
    1690.8   5/2 - 1311.2   5/2    0.0000    0.00    0.0001    0.03    0.000   -0.000    379.5  0.196E-25  0.503E-04


    1690.8   5/2 - 1432.4   5/2    0.0000    0.00    0.0041    2.27    0.000    0.000    258.4  0.164E-26  0.123E-02
    1690.8   5/2 - 1690.8   5/2    0.8836            0.6572
    1690.8   5/2 - 1332.7   7/2    2.7062  372.04    0.1227   68.55    0.662   -1.400    358.0  0.194E+00  0.991E-01
    1690.8   5/2 - 1588.4   9/2    0.2557   35.15    0.0000    0.00    1.000    0.000    102.3  0.350E-04  0.000E+00
    1908.8   5/2 -   38.1   1/2    0.0000    0.00    0.0000    0.00    1.000    0.000   1870.7  0.330E-17  0.000E+00


    1908.8   5/2 -  534.4   1/2    0.0000    0.00    0.0000    0.00    1.000    0.000   1374.4  0.320E-17  0.000E+00
    1908.8   5/2 -  703.7   1/2    0.0000    0.00    0.0000    0.00    1.000    0.000   1205.1  0.347E-17  0.000E+00
    1908.8   5/2 - 1022.9   1/2    0.0000    0.00    0.0000    0.00    1.000    0.000    885.9  0.534E-17  0.000E+00
    1908.8   5/2 - 1448.4   1/2    0.0000    0.00    0.0000    0.00    1.000    0.000    460.4  0.154E-21  0.000E+00
    1908.8   5/2 -    0.0   3/2    0.0000    0.00    0.0001    0.08    0.000   -0.000   1908.8  0.832E-21  0.174E-01


    1908.8   5/2 -  222.9   3/2    0.0000    0.00    0.0005    0.26    0.000    0.000   1686.0  0.447E-21  0.386E-01
    1908.8   5/2 -  308.0   5/2    0.0000    0.00    0.0016    0.90    0.000    0.000   1600.8  0.799E-22  0.116E+00
    1908.8   5/2 - 1311.2   5/2    0.0000    0.00    0.1195   66.74    0.000    0.000    597.6  0.233E-23  0.449E+00
    1908.8   5/2 - 1432.4   5/2    0.0000    0.00    0.0008    0.42    0.000   -0.000    476.4  0.335E-22  0.145E-02
    1908.8   5/2 - 1690.8   5/2    0.0000    0.00    0.0010    0.55    0.000   -0.000    218.1  0.991E-26  0.181E-03


    1908.8   5/2 - 1908.8   5/2   -0.2679           -0.0226
    1908.8   5/2 - 1332.7   7/2    0.0000    0.00    0.0002    0.09    0.000    0.000    576.1  0.269E-22  0.523E-03
    1908.8   5/2 - 1756.3   7/2    0.0000    0.00    0.0000    0.01    0.000   -0.000    152.6  0.289E-26  0.133E-05
    1908.8   5/2 - 1588.4   9/2    0.0000    0.00    0.0000    0.00    1.000    0.000    320.4  0.130E-24  0.000E+00
    1908.8   5/2 - 1707.6   9/2    0.0000    0.00    0.0000    0.00    1.000    0.000    201.2  0.538E-26  0.000E+00


    1332.7   7/2 -    0.0   3/2    0.7250   99.67    0.0000    0.00    1.000    0.000   1332.7  0.372E+02  0.000E+00
    1332.7   7/2 -  222.9   3/2    3.2276  443.71    0.0000    0.00    1.000    0.000   1109.9  0.663E+02  0.000E+00
    1332.7   7/2 -  308.0   5/2    0.3957   54.40    0.3167  176.88    0.476    0.954   1024.7  0.545E+01  0.600E+01
    1332.7   7/2 - 1311.2   5/2    0.0000    0.00    0.0038    2.13    0.000   -0.000     21.5  0.135E-30  0.669E-06
    1332.7   7/2 - 1332.7   7/2   -1.3806            0.3666


    1332.7   7/2 -  670.1  11/2    0.0000    0.00    0.0000    0.00    1.000    0.000    662.7  0.769E-26  0.000E+00
    1756.3   7/2 -    0.0   3/2    1.8800  258.46    0.0000    0.00    1.000    0.000   1756.3  0.383E+03  0.000E+00
    1756.3   7/2 -  222.9   3/2    0.3963   54.48    0.0000    0.00    1.000    0.000   1533.4  0.410E+02  0.000E+00
    1756.3   7/2 -  308.0   5/2    0.3843   52.83    0.0000    0.02    1.000 -112.225   1448.2  0.299E+02  0.237E-02
    1756.3   7/2 - 1311.2   5/2    0.0000    0.00    0.0010    0.56    0.000   -0.000    445.0  0.113E-25  0.154E-02


    1756.3   7/2 - 1432.4   5/2    0.0000    0.00    0.0340   19.00    0.000   -0.000    323.9  0.806E-26  0.203E-01
    1756.3   7/2 - 1690.8   5/2    0.0767   10.55    0.0228   12.76    0.010    0.100     65.5  0.113E-05  0.113E-03
    1756.3   7/2 - 1332.7   7/2    0.2410   33.13    0.0196   10.96    0.604    1.236    423.5  0.401E-01  0.262E-01
    1756.3   7/2 - 1756.3   7/2   -0.5540            1.6977
    1756.3   7/2 - 1588.4   9/2    2.8541  392.37    0.0384   21.42    0.592    1.205    167.9  0.464E-02  0.319E-02


    1756.3   7/2 - 1707.6   9/2    0.0000    0.00    0.0000    0.00    0.000    0.005     48.7  0.146E-31  0.544E-27
    1756.3   7/2 -  670.1  11/2    0.0000    0.00    0.0000    0.00    1.000    0.000   1086.2  0.122E-23  0.000E+00
    2251.5   7/2 -    0.0   3/2    0.0000    0.00    0.0000    0.00    1.000    0.000   2251.5  0.449E-23  0.000E+00
    2251.5   7/2 -  222.9   3/2    0.0000    0.00    0.0000    0.00    1.000    0.000   2028.7  0.216E-24  0.000E+00
    2251.5   7/2 -  308.0   5/2    0.0000    0.00    0.0837   46.75    0.000    0.000   1943.5  0.383E-23  0.108E+02


    2251.5   7/2 - 1311.2   5/2    0.0000    0.00    0.0759   42.42    0.000    0.000    940.3  0.330E-24  0.111E+01
    2251.5   7/2 - 1432.4   5/2    0.0000    0.00    0.0193   10.76    0.000   -0.000    819.1  0.125E-25  0.186E+00
    2251.5   7/2 - 1690.8   5/2    0.0000    0.00    0.0199   11.12    0.000    0.000    560.8  0.296E-25  0.618E-01
    2251.5   7/2 - 1908.8   5/2    0.0000    0.00    0.0122    6.82    0.000    0.000    342.7  0.524E-23  0.865E-02
    2251.5   7/2 - 1332.7   7/2    0.0000    0.00    0.0938   52.38    0.000   -0.000    918.8  0.151E-25  0.128E+01


    2251.5   7/2 - 1756.3   7/2    0.0000    0.00    0.0047    2.63    0.000   -0.000    495.3  0.556E-26  0.101E-01
    2251.5   7/2 - 2251.5   7/2   -0.9464            1.4808
    2251.5   7/2 - 1588.4   9/2    0.0000    0.00    0.0008    0.42    0.000    0.000    663.1  0.281E-27  0.386E-02
    2251.5   7/2 - 1707.6   9/2    0.0000    0.00    0.0000    0.00    0.000   -0.001    543.9  0.213E-29  0.748E-23
    2251.5   7/2 -  670.1  11/2    0.0000    0.00    0.0000    0.00    1.000    0.000   1581.5  0.238E-24  0.000E+00


    2354.3   7/2 -    0.0   3/2    0.0000    0.00    0.0000    0.00    1.000    0.000   2354.3  0.122E-20  0.000E+00
    2354.3   7/2 -  222.9   3/2    0.0000    0.00    0.0000    0.00    1.000    0.000   2131.5  0.599E-21  0.000E+00
    2354.3   7/2 -  308.0   5/2    0.0000    0.00    0.0000    0.00    0.000   -0.000   2046.3  0.587E-20  0.822E-03
    2354.3   7/2 - 1311.2   5/2    0.0000    0.00    0.1738   97.05    0.000   -0.000   1043.1  0.183E-19  0.347E+01
    2354.3   7/2 - 1432.4   5/2    0.0000    0.00    0.0001    0.06    0.000   -0.000    922.0  0.950E-23  0.152E-02


    2354.3   7/2 - 1690.8   5/2    0.0000    0.00    0.0003    0.15    0.000    0.000    663.6  0.173E-22  0.134E-02
    2354.3   7/2 - 1908.8   5/2    0.7489  102.95    0.0645   36.05    0.615   -1.263    445.5  0.160E+00  0.100E+00
    2354.3   7/2 - 1332.7   7/2    0.0000    0.00    0.0022    1.24    0.000   -0.000   1021.6  0.377E-22  0.416E-01
    2354.3   7/2 - 1756.3   7/2    0.0000    0.00    0.0002    0.13    0.000   -0.000    598.1  0.559E-22  0.902E-03
    2354.3   7/2 - 2251.5   7/2    0.0000    0.00    0.0009    0.50    0.000    0.000    102.8  0.104E-29  0.171E-04


    2354.3   7/2 - 2354.3   7/2    0.8903            1.1184
    2354.3   7/2 - 1588.4   9/2    0.0000    0.00    0.0004    0.22    0.000   -0.000    765.9  0.451E-24  0.310E-02
    2354.3   7/2 - 1707.6   9/2    0.0000    0.00    0.0000    0.00    0.000   -0.000    646.8  0.371E-27  0.676E-20
    2354.3   7/2 -  670.1  11/2    0.0000    0.00    0.0000    0.00    1.000    0.000   1684.3  0.451E-22  0.000E+00
    2370.9   7/2 -    0.0   3/2    0.0000    0.00    0.0000    0.00    1.000    0.000   2370.9  0.848E-18  0.000E+00


    2370.9   7/2 -  222.9   3/2    0.0000    0.00    0.0000    0.00    1.000    0.000   2148.0  0.525E-18  0.000E+00
    2370.9   7/2 -  308.0   5/2    0.0000    0.00    0.0038    2.12    0.000    0.000   2062.9  0.469E-17  0.588E+00
    2370.9   7/2 - 1311.2   5/2    0.4346   59.75    0.1541   86.06    0.687    1.482   1059.7  0.708E+01  0.323E+01
    2370.9   7/2 - 1432.4   5/2    0.0000    0.00    0.0010    0.56    0.000    0.000    938.5  0.203E-20  0.145E-01
    2370.9   7/2 - 1690.8   5/2    0.0000    0.00    0.0010    0.56    0.000   -0.000    680.1  0.105E-19  0.558E-02


    2370.9   7/2 - 1908.8   5/2    0.0000    0.00    0.0708   39.56    0.000    0.000    462.1  0.124E-18  0.123E+00
    2370.9   7/2 - 1332.7   7/2    0.0000    0.00    0.0004    0.20    0.000    0.000   1038.1  0.291E-19  0.698E-02
    2370.9   7/2 - 1756.3   7/2    0.0000    0.00    0.0015    0.86    0.000   -0.000    614.6  0.490E-19  0.632E-02
    2370.9   7/2 - 2251.5   7/2    0.0000    0.00    0.0276   15.42    0.000   -0.000    119.4  0.165E-27  0.826E-03
    2370.9   7/2 - 2354.3   7/2    0.0000    0.00    0.1525   85.16    0.000    0.000     16.5  0.144E-26  0.122E-04


    2370.9   7/2 - 2370.9   7/2   -0.8020            1.4180
    2370.9   7/2 - 1588.4   9/2    0.0000    0.00    0.0002    0.13    0.000    0.000    782.5  0.845E-21  0.196E-02
    2370.9   7/2 - 1707.6   9/2    0.0000    0.00    0.0000    0.00    0.049    0.228    663.3  0.618E-25  0.119E-23
    2370.9   7/2 -  670.1  11/2    0.0000    0.00    0.0000    0.00    1.000    0.000   1700.8  0.672E-20  0.000E+00
    1588.4   9/2 -  308.0   5/2    4.2901  589.78    0.0000    0.00    1.000    0.000   1280.4  0.180E+03  0.000E+00


    1588.4   9/2 - 1311.2   5/2    0.0000    0.00    0.0000    0.00    1.000    0.000    277.2  0.999E-26  0.000E+00
    1588.4   9/2 - 1432.4   5/2    0.0000    0.00    0.0000    0.00    1.000    0.000    156.0  0.266E-27  0.000E+00
    1588.4   9/2 - 1332.7   7/2    0.0223    3.06    0.0000    0.00    1.000 -161.027    255.7  0.297E-03  0.114E-07
    1588.4   9/2 - 1588.4   9/2   -1.1908            2.4385
    1588.4   9/2 -  670.1  11/2    0.0000    0.00    0.0000    0.00    0.000   -0.005    918.4  0.851E-26  0.298E-21


    1707.6   9/2 -  308.0   5/2    0.0000    0.00    0.0000    0.00    1.000    0.000   1399.6  0.173E-25  0.000E+00
    1707.6   9/2 - 1311.2   5/2    0.0000    0.00    0.0000    0.00    1.000    0.000    396.4  0.315E-26  0.000E+00
    1707.6   9/2 - 1432.4   5/2    0.0000    0.00    0.0000    0.00    1.000    0.000    275.2  0.544E-28  0.000E+00
    1707.6   9/2 - 1690.8   5/2    0.0000    0.00    0.0000    0.00    1.000    0.000     16.8  0.143E-33  0.000E+00
    1707.6   9/2 - 1332.7   7/2    0.0000    0.00    0.0000    0.00    0.001    0.027    374.8  0.131E-28  0.185E-25


    1707.6   9/2 - 1588.4   9/2    0.0000    0.00    0.0000    0.00    0.829    2.205    119.2  0.672E-25  0.138E-25
    1707.6   9/2 - 1707.6   9/2   -5.5812           -0.2171
    1707.6   9/2 -  670.1  11/2    0.0000    0.00    0.8367  467.28    0.000   -0.000   1037.5  0.369E-25  0.164E+02
    2558.7   9/2 -  308.0   5/2    0.0000    0.00    0.0000    0.00    1.000    0.000   2250.7  0.275E-21  0.000E+00
    2558.7   9/2 - 1311.2   5/2    4.3910  603.66    0.0000    0.00    1.000    0.000   1247.5  0.162E+03  0.000E+00


    2558.7   9/2 - 1432.4   5/2    0.0000    0.00    0.0000    0.00    1.000    0.000   1126.3  0.348E-20  0.000E+00
    2558.7   9/2 - 1690.8   5/2    0.0000    0.00    0.0000    0.00    1.000    0.000    867.9  0.331E-24  0.000E+00
    2558.7   9/2 - 1908.8   5/2    0.0000    0.00    0.0000    0.00    1.000    0.000    649.9  0.128E-23  0.000E+00
    2558.7   9/2 - 1332.7   7/2    0.0000    0.00    0.0000    0.00    0.000    0.000   1226.0  0.325E-24  0.701E-04
    2558.7   9/2 - 1756.3   7/2    0.0000    0.00    0.0002    0.13    0.000    0.000    802.4  0.171E-24  0.209E-02


    2558.7   9/2 - 2251.5   7/2    0.0000    0.00    0.0091    5.06    0.000    0.000    307.2  0.141E-29  0.462E-02
    2558.7   9/2 - 2354.3   7/2    0.0000    0.00    0.0234   13.07    0.000    0.000    204.4  0.121E-23  0.352E-02
    2558.7   9/2 - 2370.9   7/2    0.1001   13.76    0.0741   41.40    0.032    0.182    187.8  0.285E-03  0.864E-02
    2558.7   9/2 - 1588.4   9/2    0.0000    0.00    0.0010    0.55    0.000    0.000    970.3  0.276E-26  0.159E-01
    2558.7   9/2 - 1707.6   9/2    0.0000    0.00    0.0000    0.00    0.275    0.616    851.1  0.421E-23  0.111E-22


    2558.7   9/2 - 2558.7   9/2   -1.0964            1.9821
    2558.7   9/2 -  670.1  11/2    0.0000    0.00    0.0000    0.00    0.000    0.004   1888.6  0.175E-23  0.138E-18
    2558.7   9/2 - 2405.4  13/2    0.0000    0.00    0.0000    0.00    1.000    0.000    153.3  0.732E-28  0.000E+00
    2715.7   9/2 -  308.0   5/2    0.0000    0.00    0.0000    0.00    1.000    0.000   2407.6  0.644E-22  0.000E+00
    2715.7   9/2 - 1311.2   5/2    0.0000    0.00    0.0000    0.00    1.000    0.000   1404.4  0.858E-21  0.000E+00


    2715.7   9/2 - 1432.4   5/2    4.1743  573.86    0.0000    0.00    1.000    0.000   1283.3  0.177E+03  0.000E+00
    2715.7   9/2 - 1690.8   5/2    0.0000    0.00    0.0000    0.00    1.000    0.000   1024.9  0.531E-24  0.000E+00
    2715.7   9/2 - 1908.8   5/2    0.0000    0.00    0.0000    0.00    1.000    0.000    806.8  0.182E-22  0.000E+00
    2715.7   9/2 - 1332.7   7/2    0.0000    0.00    0.0022    1.21    0.000   -0.000   1382.9  0.364E-24  0.101E+00
    2715.7   9/2 - 1756.3   7/2    0.0000    0.00    0.0128    7.14    0.000    0.000    959.4  0.107E-24  0.199E+00


    2715.7   9/2 - 2251.5   7/2    0.0000    0.00    0.0059    3.27    0.000    0.000    464.1  0.299E-28  0.103E-01
    2715.7   9/2 - 2354.3   7/2    0.0000    0.00    0.0000    0.00    0.000   -0.000    361.3  0.420E-25  0.269E-05
    2715.7   9/2 - 2370.9   7/2    0.0000    0.00    0.0000    0.01    0.000    0.000    344.8  0.586E-23  0.719E-05
    2715.7   9/2 - 1588.4   9/2    0.0000    0.00    0.1493   83.38    0.000   -0.000   1127.2  0.962E-25  0.376E+01
    2715.7   9/2 - 1707.6   9/2    0.0000    0.00    0.0000    0.00    0.972   -5.859   1008.1  0.170E-23  0.495E-25


    2715.7   9/2 - 2558.7   9/2    0.0000    0.00    0.0000    0.01    0.000    0.000    157.0  0.551E-25  0.126E-05
    2715.7   9/2 - 2715.7   9/2   -1.2580            2.3485
    2715.7   9/2 -  670.1  11/2    0.0000    0.00    0.0000    0.00    0.000   -0.009   2045.6  0.111E-23  0.142E-19
    2715.7   9/2 - 2405.4  13/2    0.0000    0.00    0.0000    0.00    1.000    0.000    310.2  0.135E-26  0.000E+00
     670.1  11/2 -  670.1  11/2   -6.1110           -1.2523


    2969.9  11/2 - 1332.7   7/2    5.1554  708.74    0.0000    0.00    1.000    0.000   1637.1  0.740E+03  0.000E+00
    2969.9  11/2 - 1756.3   7/2    0.0687    9.44    0.0000    0.00    1.000    0.000   1213.6  0.221E+01  0.000E+00
    2969.9  11/2 - 2251.5   7/2    0.0000    0.00    0.0000    0.00    1.000    0.000    718.4  0.473E-25  0.000E+00
    2969.9  11/2 - 2354.3   7/2    0.0000    0.00    0.0000    0.00    1.000    0.000    615.5  0.722E-25  0.000E+00
    2969.9  11/2 - 2370.9   7/2    0.0000    0.00    0.0000    0.00    1.000    0.000    599.0  0.197E-23  0.000E+00


    2969.9  11/2 - 1588.4   9/2    0.2198   30.21    0.3770  210.55    0.435    0.878   1381.5  0.135E+02  0.175E+02
    2969.9  11/2 - 1707.6   9/2    0.0000    0.00    0.0000    0.00    0.933    3.734   1262.3  0.209E-19  0.150E-20
    2969.9  11/2 - 2558.7   9/2    0.0000    0.00    0.0050    2.79    0.000    0.000    411.2  0.302E-27  0.612E-02
    2969.9  11/2 - 2715.7   9/2    0.0000    0.00    0.1395   77.94    0.000    0.000    254.2  0.221E-27  0.404E-01
    2969.9  11/2 -  670.1  11/2    0.0000    0.00    0.0000    0.00    0.000    0.011   2299.8  0.310E-23  0.277E-19


    2969.9  11/2 - 2969.9  11/2   -1.4500            1.1567
    2969.9  11/2 - 2405.4  13/2    0.0000    0.00    0.0000    0.00    0.000   -0.000    564.5  0.161E-27  0.172E-20
    2969.9  11/2 - 2814.5  13/2    0.0000    0.00    0.0000    0.00    0.015   -0.124    155.4  0.119E-25  0.779E-24
    3053.1  11/2 - 1332.7   7/2    0.0000    0.00    0.0000    0.00    1.000    0.000   1720.4  0.101E-19  0.000E+00
    3053.1  11/2 - 1756.3   7/2    0.0000    0.00    0.0000    0.00    1.000    0.000   1296.9  0.481E-22  0.000E+00


    3053.1  11/2 - 2251.5   7/2    0.0000    0.00    0.0000    0.00    1.000    0.000    801.6  0.436E-26  0.000E+00
    3053.1  11/2 - 2354.3   7/2    0.0000    0.00    0.0000    0.00    1.000    0.000    698.8  0.164E-25  0.000E+00
    3053.1  11/2 - 2370.9   7/2    0.0000    0.00    0.0000    0.00    1.000    0.000    682.3  0.227E-24  0.000E+00
    3053.1  11/2 - 1588.4   9/2    0.0000    0.00    0.0000    0.00    0.874    2.638   1464.7  0.109E-19  0.157E-20
    3053.1  11/2 - 1707.6   9/2    2.4662  339.04    0.2090  116.73    0.937    3.848   1345.6  0.133E+03  0.896E+01


    3053.1  11/2 - 2558.7   9/2    0.0000    0.00    0.0000    0.00    0.037    0.196    494.5  0.128E-24  0.333E-23
    3053.1  11/2 - 2715.7   9/2    0.0000    0.00    0.0000    0.00    0.004   -0.065    337.5  0.338E-26  0.789E-24
    3053.1  11/2 -  670.1  11/2    0.0000    0.00    0.1466   81.89    0.000    0.000   2383.1  0.219E-23  0.349E+02
    3053.1  11/2 - 2969.9  11/2    0.0000    0.00    0.0000    0.00    0.062   -0.258     83.3  0.246E-25  0.371E-24
    3053.1  11/2 - 3053.1  11/2   -3.4388            0.5209


    3053.1  11/2 - 2405.4  13/2    0.0000    0.00    0.6665  372.25    0.000    0.000    647.7  0.134E-25  0.319E+01
    3053.1  11/2 - 2814.5  13/2    0.0493    6.77    0.0547   30.55    0.034   -0.189    238.7  0.466E-03  0.131E-01
    2405.4  13/2 - 1588.4   9/2    0.0000    0.00    0.0000    0.00    1.000    0.000    817.0  0.666E-25  0.000E+00
    2405.4  13/2 - 1707.6   9/2    0.0000    0.00    0.0000    0.00    1.000    0.000    697.8  0.162E-23  0.000E+00
    2405.4  13/2 -  670.1  11/2    2.3750  326.50    0.5396  301.39    0.902    3.031   1735.4  0.456E+03  0.496E+02


    2405.4  13/2 - 2405.4  13/2   -3.9920           -0.3459
    2814.5  13/2 - 1588.4   9/2    0.0000    0.00    0.0000    0.00    1.000    0.000   1226.0  0.368E-20  0.000E+00
    2814.5  13/2 - 1707.6   9/2    3.1186  428.73    0.0000    0.00    1.000    0.000   1106.9  0.632E+02  0.000E+00
    2814.5  13/2 - 2558.7   9/2    0.0000    0.00    0.0000    0.00    1.000    0.000    255.8  0.455E-26  0.000E+00
    2814.5  13/2 - 2715.7   9/2    0.0000    0.00    0.0000    0.00    1.000    0.000     98.8  0.593E-29  0.000E+00


    2814.5  13/2 -  670.1  11/2    0.0000    0.00    0.0413   23.09    0.000   -0.000   2144.4  0.185E-21  0.717E+01
    2814.5  13/2 - 2405.4  13/2    0.0000    0.00    0.0769   42.95    0.000    0.000    409.0  0.482E-24  0.926E-01
    2814.5  13/2 - 2814.5  13/2   -6.4076            0.5306

 TIME=  0.0 SEC
