 PARITY=-   EPS= 0.311   GAMMA= 40.0   EPS4=0.000   EPS6=0.000   LEVELS:  29  30  31  32  33
0   Z= 82   A=207   IQ=1   GSFAC= 0.75   GR=  0.40   MIN SPIN=  1/2   MAX SPIN= 13/2   KMAX= 13/2

 MICR QUADR MOMENTS:  Q0=1235.676  Q2=-571.747 FM**2


   B(E2) AND Q(E2) IN E2B2 AND EB,   B(M1) AND M(M1) INNM2 AND NM,   T(E2) AND T(M1) IN 1/PS

       E1     II      EF     IF     B(E2)             B(M1)              GD        D       EREL    T(E2)      T(M1)
                                             WU               MWU

       0.0   1/2 -    0.0   1/2    0.0000            0.5168
    2115.7   1/2 -    0.0   1/2    0.0000    0.00    0.0098    5.48    0.000    0.000   2115.7  0.000E+00  0.164E+01
    2115.7   1/2 - 2115.7   1/2    0.0000           -0.4270
    2115.7   1/2 -  675.9   3/2    0.0000    0.00    0.0189   10.57    0.000   -0.000   1439.8  0.684E-16  0.994E+00
    2115.7   1/2 -  765.5   5/2    0.0000    0.00    0.0000    0.00    1.000    0.000   1350.2  0.731E-16  0.000E+00


    2788.9   1/2 -    0.0   1/2    0.0000    0.00    0.0404   22.55    0.000    0.000   2788.9  0.000E+00  0.154E+02
    2788.9   1/2 - 2115.7   1/2    0.0000    0.00    0.0091    5.09    0.000    0.000    673.2  0.000E+00  0.489E-01
    2788.9   1/2 - 2788.9   1/2    0.0000            0.4809
    2788.9   1/2 -  675.9   3/2    0.0000    0.00    0.2372  132.47    0.000   -0.000   2113.1  0.329E-23  0.394E+02
    2788.9   1/2 - 2192.2   3/2    0.0000    0.00    0.0000    0.00    0.000   -0.000    596.7  0.111E-23  0.130E-04


    2788.9   1/2 - 2360.9   3/2    0.0000    0.00    0.0000    0.00    0.000    0.000    428.0  0.581E-25  0.550E-05
    2788.9   1/2 -  765.5   5/2    0.0000    0.00    0.0000    0.00    1.000    0.000   2023.4  0.166E-22  0.000E+00
     675.9   3/2 -    0.0   1/2    3.7853  520.38    0.0970   54.17    0.925    3.515    675.9  0.651E+01  0.527E+00
     675.9   3/2 -  675.9   3/2    2.3093            0.0655
    2192.2   3/2 -    0.0   1/2    0.0000    0.00    0.0119    6.65    0.000   -0.000   2192.2  0.252E-15  0.221E+01


    2192.2   3/2 - 2115.7   1/2    3.4419  473.18    0.0060    3.35    0.699   -1.525     76.5  0.110E-03  0.473E-04
    2192.2   3/2 -  675.9   3/2    0.0000    0.00    0.0038    2.14    0.000    0.000   1516.3  0.340E-20  0.235E+00
    2192.2   3/2 - 2192.2   3/2    2.6470            1.0805
    2192.2   3/2 -  765.5   5/2    0.0000    0.00    0.0199   11.14    0.000   -0.000   1426.7  0.110E-20  0.102E+01
    2192.2   3/2 - 2172.0   7/2    0.0000    0.00    0.0000    0.00    1.000    0.000     20.2  0.221E-30  0.000E+00


    2360.9   3/2 -    0.0   1/2    0.5530   76.03    0.0376   20.97    0.983    7.543   2360.9  0.495E+03  0.870E+01
    2360.9   3/2 - 2115.7   1/2    0.0000    0.00    0.0134    7.50    0.000    0.000    245.2  0.643E-21  0.349E-02
    2360.9   3/2 -  675.9   3/2    1.6861  231.79    0.0623   34.80    0.982   -7.298   1685.0  0.279E+03  0.525E+01
    2360.9   3/2 - 2192.2   3/2    0.0000    0.00    0.0079    4.42    0.000   -0.000    168.7  0.720E-25  0.668E-03
    2360.9   3/2 - 2360.9   3/2   -2.3093            0.7405


    2360.9   3/2 -  765.5   5/2    0.7236   99.47    0.0131    7.30    0.990    9.884   1595.4  0.912E+02  0.934E+00
    2360.9   3/2 - 2172.0   7/2    0.3736   51.36    0.0000    0.00    1.000    0.000    188.9  0.110E-02  0.000E+00
     765.5   5/2 -    0.0   1/2    3.7188  511.24    0.0000    0.00    1.000    0.000    765.5  0.119E+02  0.000E+00
     765.5   5/2 -  675.9   3/2    0.7983  109.74    0.0119    6.65    0.272   -0.611     89.6  0.564E-04  0.151E-03
     765.5   5/2 -  765.5   5/2    3.3975            1.4727


    2815.8   5/2 -    0.0   1/2    0.4243   58.33    0.0000    0.00    1.000    0.000   2815.8  0.916E+03  0.000E+00
    2815.8   5/2 - 2115.7   1/2    0.0000    0.00    0.0000    0.00    1.000    0.000    700.2  0.104E-18  0.000E+00
    2815.8   5/2 - 2788.9   1/2    0.0000    0.00    0.0000    0.00    1.000    0.000     26.9  0.492E-32  0.000E+00
    2815.8   5/2 -  675.9   3/2    0.0075    1.04    0.0300   16.73    0.444    0.894   2140.0  0.413E+01  0.517E+01
    2815.8   5/2 - 2192.2   3/2    0.0000    0.00    0.0050    2.78    0.000   -0.000    623.7  0.950E-22  0.213E-01


    2815.8   5/2 - 2360.9   3/2    4.0188  552.49    0.0103    5.74    0.982    7.490    454.9  0.956E+00  0.170E-01
    2815.8   5/2 -  765.5   5/2    1.8341  252.14    0.0335   18.72    0.994   12.627   2050.3  0.811E+03  0.509E+01
    2815.8   5/2 - 2815.8   5/2   -0.3865            1.4546
    2815.8   5/2 - 2172.0   7/2    0.6312   86.78    0.0243   13.58    0.882   -2.732    643.9  0.852E+00  0.114E+00
    2815.8   5/2 - 2351.7   9/2    0.4619   63.50    0.0000    0.00    1.000    0.000    464.1  0.121E+00  0.000E+00


    2815.8   5/2 - 2578.8   9/2    0.0000    0.00    0.0000    0.00    1.000    0.000    237.1  0.390E-25  0.000E+00
    2172.0   7/2 -  675.9   3/2    5.0475  693.90    0.0000    0.00    1.000    0.000   1496.1  0.462E+03  0.000E+00
    2172.0   7/2 -  765.5   5/2    0.6371   87.59    0.1423   79.49    0.860    2.478   1406.5  0.428E+02  0.697E+01
    2172.0   7/2 - 2172.0   7/2    2.6494            1.0286
    2172.0   7/2 - 1331.2  11/2    0.0000    0.00    0.0000    0.00    1.000    0.000    840.8  0.114E-17  0.000E+00


    2351.7   9/2 -  765.5   5/2    5.6597  778.06    0.0000    0.00    1.000    0.000   1586.2  0.693E+03  0.000E+00
    2351.7   9/2 - 2172.0   7/2    0.0750   10.32    0.0280   15.67    0.057   -0.245    179.8  0.172E-03  0.287E-02
    2351.7   9/2 - 2351.7   9/2    2.9880            2.2010
    2351.7   9/2 - 1331.2  11/2    0.0000    0.00    0.0000    0.00    0.738    1.680   1020.6  0.267E-18  0.948E-19
    2351.7   9/2 - 1495.9  13/2    0.0000    0.00    0.0000    0.00    1.000    0.000    855.9  0.317E-24  0.000E+00


    2578.8   9/2 -  765.5   5/2    0.0000    0.00    0.0000    0.00    1.000    0.000   1813.3  0.108E-19  0.000E+00
    2578.8   9/2 - 2172.0   7/2    0.0000    0.00    0.0000    0.00    0.026   -0.165    406.8  0.747E-25  0.275E-23
    2578.8   9/2 - 2351.7   9/2    0.0000    0.00    0.0000    0.00    0.019    0.138    227.0  0.649E-25  0.338E-23
    2578.8   9/2 - 2578.8   9/2   -7.2568           -0.9817
    2578.8   9/2 - 1331.2  11/2    0.0000    0.00    0.3502  195.59    0.000   -0.000   1247.6  0.111E-16  0.120E+02


    2578.8   9/2 - 1495.9  13/2    2.5807  354.78    0.0000    0.00    1.000    0.000   1082.9  0.469E+02  0.000E+00
    1331.2  11/2 - 1331.2  11/2   -8.0308           -1.4558
    1495.9  13/2 - 1331.2  11/2    0.0000    0.00    0.0089    4.97    0.000    0.000    164.7  0.135E-22  0.699E-03
    1495.9  13/2 - 1495.9  13/2   -8.6677           -0.3442
    2905.9  13/2 - 2351.7   9/2    0.0000    0.00    0.0000    0.00    1.000    0.000    554.2  0.146E-23  0.000E+00


    2905.9  13/2 - 2578.8   9/2    0.0000    0.00    0.0000    0.00    1.000    0.000    327.1  0.127E-24  0.000E+00
    2905.9  13/2 - 1331.2  11/2    4.8938  672.77    0.5830  325.58    0.935    3.799   1574.7  0.578E+03  0.401E+02
    2905.9  13/2 - 1495.9  13/2    0.0000    0.00    0.0053    2.94    0.000    0.000   1410.0  0.992E-21  0.260E+00
    2905.9  13/2 - 2905.9  13/2   -4.7886           -0.5700

 TIME=  0.0 SEC
