 PARITY=-   EPS= 0.169   GAMMA= 12.7   EPS4=0.000   EPS6=0.000   LEVELS:  31  32  33  34  35
0   Z= 82   A=207   IQ=1   GSFAC= 0.75   GR=  0.40   MIN SPIN=  1/2   MAX SPIN= 13/2   KMAX= 13/2

 MICR QUADR MOMENTS:  Q0= 775.567  Q2=-120.293 FM**2


   B(E2) AND Q(E2) IN E2B2 AND EB,   B(M1) AND M(M1) INNM2 AND NM,   T(E2) AND T(M1) IN 1/PS

       E1     II      EF     IF     B(E2)             B(M1)              GD        D       EREL    T(E2)      T(M1)
                                             WU               MWU

       0.0   1/2 -    0.0   1/2    0.0000            0.4762
     710.0   3/2 -    0.0   1/2    1.2050  165.65    0.0944   52.72    0.817    2.112    710.0  0.265E+01  0.595E+00
     710.0   3/2 -  710.0   3/2   -1.5391            0.8367
    2218.1   3/2 -    0.0   1/2    0.0000    0.00    0.0241   13.46    0.000    0.000   2218.1  0.233E-20  0.463E+01
    2218.1   3/2 -  710.0   3/2    0.0000    0.00    0.0224   12.54    0.000    0.000   1508.1  0.211E-24  0.136E+01


    2218.1   3/2 - 2218.1   3/2    1.4777            0.8890
    2218.1   3/2 -  743.3   5/2    0.0000    0.00    0.0066    3.66    0.000   -0.000   1474.8  0.813E-29  0.370E+00
     743.3   5/2 -    0.0   1/2    1.2056  165.74    0.0000    0.00    1.000    0.000    743.3  0.334E+01  0.000E+00
     743.3   5/2 -  710.0   3/2    0.3357   46.15    0.0772   43.10    0.003    0.058     33.3  0.167E-06  0.501E-04
     743.3   5/2 -  743.3   5/2   -2.1983            1.0719


    2737.5   5/2 -    0.0   1/2    0.0000    0.00    0.0000    0.00    1.000    0.000   2737.5  0.328E-19  0.000E+00
    2737.5   5/2 -  710.0   3/2    0.0000    0.00    0.0146    8.15    0.000   -0.000   2027.5  0.659E-23  0.214E+01
    2737.5   5/2 - 2218.1   3/2    2.0961  288.16    0.0140    7.85    0.965    5.282    519.4  0.967E+00  0.346E-01
    2737.5   5/2 -  743.3   5/2    0.0000    0.00    0.0245   13.71    0.000    0.000   1994.2  0.112E-23  0.343E+01
    2737.5   5/2 - 2737.5   5/2   -0.4434            1.2490


    2737.5   5/2 - 2378.2   7/2    0.0000    0.00    0.0136    7.57    0.000    0.000    359.3  0.288E-19  0.111E-01
    2737.5   5/2 - 2438.2   9/2    0.0000    0.00    0.0000    0.00    1.000    0.000    299.3  0.273E-29  0.000E+00
    2378.2   7/2 -  710.0   3/2    1.5652  215.17    0.0000    0.00    1.000    0.000   1668.2  0.247E+03  0.000E+00
    2378.2   7/2 - 2218.1   3/2    0.0000    0.00    0.0000    0.00    1.000    0.000    160.1  0.299E-21  0.000E+00
    2378.2   7/2 -  743.3   5/2    0.1730   23.79    0.1287   71.88    0.714    1.578   1635.0  0.247E+02  0.990E+01


    2378.2   7/2 - 2378.2   7/2   -2.4912            1.4944
    2438.2   9/2 -  743.3   5/2    1.7385  238.99    0.0000    0.00    1.000    0.000   1694.9  0.297E+03  0.000E+00
    2438.2   9/2 - 2378.2   7/2    0.0962   13.22    0.0766   42.81    0.003    0.056     60.0  0.911E-06  0.291E-03
    2438.2   9/2 - 2438.2   9/2   -2.7173            1.8460

 TIME=  0.0 SEC
