 PARITY=-   EPS= 0.159   GAMMA=  0.0   EPS4=0.000   EPS6=0.000   LEVELS:  31  32  33  34  35
0   Z= 82   A=207   IQ=1   GSFAC= 0.75   GR=  0.40   MIN SPIN=  1/2   MAX SPIN= 13/2   KMAX= 13/2

 MICR QUADR MOMENTS:  Q0= 742.679  Q2=  -0.000 FM**2


   B(E2) AND Q(E2) IN E2B2 AND EB,   B(M1) AND M(M1) INNM2 AND NM,   T(E2) AND T(M1) IN 1/PS

       E1     II      EF     IF     B(E2)             B(M1)              GD        D       EREL    T(E2)      T(M1)
                                             WU               MWU

       0.0   1/2 -    0.0   1/2    0.0000            0.4851
     146.6   3/2 -    0.0   1/2    0.0000    0.00    0.3141  175.40    0.000   -0.000    146.6  0.454E-15  0.174E-01
     146.6   3/2 -  146.6   3/2    1.4854           -0.4739
     785.3   3/2 -    0.0   1/2    1.0973  150.85    0.0916   51.13    0.837    2.264    785.3  0.400E+01  0.780E+00
     785.3   3/2 -  146.6   3/2    0.0000    0.00    0.2512  140.32    0.000    0.000    638.8  0.686E-26  0.115E+01


     785.3   3/2 -  785.3   3/2   -1.4854            0.8510
     785.3   3/2 -  215.3   5/2    0.0000    0.00    0.0000    0.00    0.000   -0.007    570.0  0.104E-18  0.223E-14
    1835.2   3/2 -    0.0   1/2    0.0000    0.00    0.0383   21.36    0.000   -0.000   1835.2  0.741E-24  0.416E+01
    1835.2   3/2 -  146.6   3/2    0.0000    0.00    0.0653   36.45    0.000   -0.000   1688.7  0.188E-11  0.553E+01
    1835.2   3/2 -  785.3   3/2    0.0000    0.00    0.0306   17.09    0.000    0.000   1049.9  0.117E-11  0.623E+00


    1835.2   3/2 - 1835.2   3/2    1.4854            0.6714
    1835.2   3/2 -  215.3   5/2    0.0000    0.00    0.0025    1.42    0.000   -0.000   1619.9  0.553E-18  0.191E+00
    1835.2   3/2 -  817.1   5/2    0.0000    0.00    0.0436   24.33    0.000   -0.000   1018.1  0.184E-18  0.809E+00
    1835.2   3/2 -  817.6   5/2    0.0000    0.00    0.0077    4.27    0.000    0.000   1017.7  0.462E-28  0.142E+00
    1835.2   3/2 - 1154.1   7/2    0.0000    0.00    0.0000    0.00    1.000    0.000    681.1  0.385E-21  0.000E+00


    1835.2   3/2 - 1755.9   7/2    0.0000    0.00    0.0000    0.00    1.000    0.000     79.3  0.280E-25  0.000E+00
     215.3   5/2 -    0.0   1/2    0.0000    0.00    0.0000    0.00    1.000    0.000    215.3  0.187E-20  0.000E+00
     215.3   5/2 -  146.6   3/2    0.0000    0.00    0.0021    1.18    0.000    0.000     68.7  0.106E-22  0.121E-04
     215.3   5/2 -  215.3   5/2    2.6524            1.1600
     817.1   5/2 -    0.0   1/2    0.0000    0.00    0.0000    0.00    1.000    0.000    817.1  0.725E-05  0.000E+00


     817.1   5/2 -  146.6   3/2    1.8811  258.61    0.2020  112.79    0.744   -1.704    670.6  0.311E+01  0.107E+01
     817.1   5/2 -  785.3   3/2    0.0000    0.00    0.2516  140.52    0.000    0.000     31.8  0.185E-12  0.142E-03
     817.1   5/2 -  215.3   5/2    0.0000    0.00    0.0009    0.51    0.000   -0.000    601.8  0.364E-18  0.349E-02
     817.1   5/2 -  817.1   5/2   -0.5305            0.2252
     817.6   5/2 -    0.0   1/2    1.0973  150.85    0.0000    0.00    1.000    0.000    817.6  0.489E+01  0.000E+00


     817.6   5/2 -  146.6   3/2    0.0000    0.00    0.0419   23.39    0.000   -0.000    671.0  0.111E-13  0.223E+00
     817.6   5/2 -  785.3   3/2    0.3135   43.10    0.0829   46.29    0.003    0.052     32.2  0.133E-06  0.487E-04
     817.6   5/2 -  215.3   5/2    0.0000    0.00    0.0000    0.00    0.001    0.029    602.2  0.365E-18  0.421E-15
     817.6   5/2 -  817.1   5/2    0.0000    0.00    0.2863  159.91    0.000    0.000      0.4  0.245E-21  0.332E-09
     817.6   5/2 -  817.6   5/2   -2.1219            1.0731


    1154.1   7/2 -  146.6   3/2    0.0000    0.00    0.0000    0.00    1.000    0.000   1007.5  0.286E-18  0.000E+00
    1154.1   7/2 -  785.3   3/2    0.0000    0.00    0.0000    0.00    1.000    0.000    368.8  0.886E-22  0.000E+00
    1154.1   7/2 -  215.3   5/2    1.9595  269.38    0.0029    1.61    0.998   20.366    938.8  0.174E+02  0.420E-01
    1154.1   7/2 -  817.1   5/2    0.0000    0.00    0.0017    0.95    0.000    0.000    337.0  0.182E-19  0.115E-02
    1154.1   7/2 -  817.6   5/2    0.0000    0.00    0.0000    0.00    0.000    0.000    336.6  0.649E-23  0.137E-15


    1154.1   7/2 - 1154.1   7/2    0.4951            1.5184
    1755.9   7/2 -  146.6   3/2    0.7838  107.75    0.0000    0.00    1.000    0.000   1609.3  0.103E+03  0.000E+00
    1755.9   7/2 -  785.3   3/2    0.0000    0.00    0.0000    0.00    1.000    0.000    970.6  0.412E-11  0.000E+00
    1755.9   7/2 -  215.3   5/2    0.0000    0.00    0.0001    0.06    0.000   -0.000   1540.6  0.136E-16  0.731E-02
    1755.9   7/2 -  817.1   5/2    1.1757  161.63    0.2696  150.56    0.727   -1.632    938.8  0.105E+02  0.393E+01


    1755.9   7/2 -  817.6   5/2    0.0000    0.00    0.2243  125.29    0.000    0.000    938.4  0.127E-11  0.326E+01
    1755.9   7/2 - 1154.1   7/2    0.0000    0.00    0.0012    0.68    0.000   -0.000    601.8  0.580E-20  0.465E-02
    1755.9   7/2 - 1755.9   7/2   -1.4854            0.7931
    2650.0   7/2 -  146.6   3/2    0.0000    0.00    0.0000    0.00    1.000    0.000   2503.4  0.847E-09  0.000E+00
    2650.0   7/2 -  785.3   3/2    1.4108  193.95    0.0000    0.00    1.000    0.000   1864.7  0.388E+03  0.000E+00


    2650.0   7/2 - 1835.2   3/2    0.0000    0.00    0.0000    0.00    1.000    0.000    814.8  0.633E-24  0.000E+00
    2650.0   7/2 -  215.3   5/2    0.0000    0.00    0.0000    0.00    0.991   10.420   2434.7  0.494E-16  0.455E-18
    2650.0   7/2 -  817.1   5/2    0.0000    0.00    0.0671   37.46    0.000   -0.003   1832.9  0.588E-04  0.727E+01
    2650.0   7/2 -  817.6   5/2    0.1568   21.55    0.1177   65.74    0.756    1.761   1832.5  0.395E+02  0.127E+02
    2650.0   7/2 - 1154.1   7/2    0.0000    0.00    0.0000    0.00    0.097   -0.329   1495.9  0.900E-19  0.833E-18


    2650.0   7/2 - 1755.9   7/2    0.0000    0.00    0.2991  167.05    0.000   -0.000    894.1  0.541E-19  0.376E+01
    2650.0   7/2 - 2650.0   7/2   -2.4756            1.5605
    2650.0   7/2 - 2361.1   9/2    0.0000    0.00    0.0000    0.00    0.025    0.162    288.9  0.227E-19  0.870E-18
    2361.1   9/2 -  215.3   5/2    0.5487   75.43    0.0000    0.00    1.000    0.000   2145.8  0.305E+03  0.000E+00
    2361.1   9/2 -  817.1   5/2    0.0000    0.00    0.0000    0.00    1.000    0.000   1544.0  0.215E-15  0.000E+00


    2361.1   9/2 -  817.6   5/2    0.0000    0.00    0.0000    0.00    1.000    0.000   1543.6  0.130E-14  0.000E+00
    2361.1   9/2 - 1154.1   7/2    1.6626  228.57    0.0042    2.34    0.998   20.018   1207.0  0.520E+02  0.130E+00
    2361.1   9/2 - 1755.9   7/2    0.0000    0.00    0.0015    0.83    0.000    0.000    605.2  0.349E-18  0.579E-02
    2361.1   9/2 - 2361.1   9/2   -0.6752            1.8906
    2708.0   9/2 -  215.3   5/2    0.0000    0.00    0.0000    0.00    1.000    0.000   2492.7  0.557E-15  0.000E+00


    2708.0   9/2 -  817.1   5/2    0.0000    0.00    0.0000    0.00    1.000    0.000   1890.8  0.687E-03  0.000E+00
    2708.0   9/2 -  817.6   5/2    1.5676  215.51    0.0000    0.00    1.000    0.000   1890.4  0.462E+03  0.000E+00
    2708.0   9/2 - 1154.1   7/2    0.0000    0.00    0.0000    0.00    0.055    0.240   1553.9  0.131E-19  0.228E-18
    2708.0   9/2 - 1755.9   7/2    0.0000    0.00    0.0837   46.77    0.000    0.000    952.1  0.407E-20  0.127E+01
    2708.0   9/2 - 2650.0   7/2    0.0950   13.06    0.0921   51.43    0.002    0.049     58.0  0.759E-06  0.316E-03


    2708.0   9/2 - 2361.1   9/2    0.0000    0.00    0.0000    0.00    0.151   -0.421    346.9  0.634E-18  0.357E-17
    2708.0   9/2 - 2708.0   9/2   -2.7007            1.8096
    2962.9   9/2 -  215.3   5/2    0.0000    0.00    0.0000    0.00    1.000    0.000   2747.6  0.314E-14  0.000E+00
    2962.9   9/2 -  817.1   5/2    1.1757  161.63    0.0000    0.00    1.000    0.000   2145.8  0.652E+03  0.000E+00
    2962.9   9/2 -  817.6   5/2    0.0000    0.00    0.0000    0.00    1.000    0.000   2145.4  0.819E-10  0.000E+00


    2962.9   9/2 - 1154.1   7/2    0.0000    0.00    0.0002    0.12    0.000   -0.000   1808.8  0.258E-15  0.221E-01
    2962.9   9/2 - 1755.9   7/2    0.7695  105.79    0.3026  169.00    0.720   -1.603   1207.0  0.241E+02  0.936E+01
    2962.9   9/2 - 2650.0   7/2    0.0000    0.00    0.2094  116.93    0.000    0.000    312.9  0.927E-19  0.113E+00
    2962.9   9/2 - 2361.1   9/2    0.0000    0.00    0.0013    0.75    0.000    0.000    601.8  0.110E-17  0.518E-02
    2962.9   9/2 - 2708.0   9/2    0.0000    0.00    0.3045  170.09    0.000    0.000    254.9  0.466E-18  0.888E-01


    2962.9   9/2 - 2962.9   9/2   -2.0255            1.2971

 TIME=  0.0 SEC
