 PARITY=-   EPS= 0.261   GAMMA= 20.0   EPS4=0.000   EPS6=0.000   LEVELS:  29  30  31  32  33
0   Z= 82   A=207   IQ=1   GSFAC= 0.75   GR=  0.40   MIN SPIN=  1/2   MAX SPIN= 13/2   KMAX= 13/2

 MICR QUADR MOMENTS:  Q0=1345.296  Q2=-255.950 FM**2


   B(E2) AND Q(E2) IN E2B2 AND EB,   B(M1) AND M(M1) INNM2 AND NM,   T(E2) AND T(M1) IN 1/PS

       E1     II      EF     IF     B(E2)             B(M1)              GD        D       EREL    T(E2)      T(M1)
                                             WU               MWU

     195.5   1/2 -  195.5   1/2    0.0000            0.5211
     195.5   1/2 -    0.0   3/2    0.0187    2.57    0.0510   28.46    0.010   -0.099    195.5  0.651E-04  0.670E-02
     708.6   1/2 -  195.5   1/2    0.0000    0.00    0.0018    1.02    0.000    0.000    513.2  0.000E+00  0.436E-02
     708.6   1/2 -  708.6   1/2    0.0000            0.5355
     708.6   1/2 -    0.0   3/2    0.0000    0.00    0.0058    3.22    0.000   -0.000    708.6  0.119E-19  0.361E-01


     708.6   1/2 -  417.6   3/2    0.0000    0.00    0.0000    0.02    0.000   -0.000    291.0  0.573E-19  0.171E-04
     708.6   1/2 -  345.0   5/2    0.0000    0.00    0.0000    0.00    1.000    0.000    363.6  0.843E-19  0.000E+00
       0.0   3/2 -    0.0   3/2    1.7603            0.9415
     417.6   3/2 -  195.5   1/2    3.8518  529.53    0.1822  101.75    0.420   -0.850    222.1  0.254E-01  0.351E-01
     417.6   3/2 -    0.0   3/2    2.3201  318.95    0.0496   27.72    0.850    2.377    417.6  0.360E+00  0.636E-01


     417.6   3/2 -  417.6   3/2   -1.7603           -0.1407
     417.6   3/2 -  345.0   5/2    0.0315    4.33    0.0042    2.34    0.027   -0.166     72.6  0.775E-06  0.282E-04
    1374.4   3/2 -  195.5   1/2    0.0000    0.00    0.0002    0.12    0.000   -0.000   1178.9  0.307E-16  0.638E-02
    1374.4   3/2 -  708.6   1/2    3.7772  519.27    0.1068   59.66    0.916    3.296    665.8  0.603E+01  0.555E+00
    1374.4   3/2 -    0.0   3/2    0.0000    0.00    0.0008    0.47    0.000   -0.000   1374.4  0.723E-26  0.385E-01


    1374.4   3/2 -  417.6   3/2    0.0000    0.00    0.0029    1.63    0.000    0.000    956.8  0.922E-24  0.450E-01
    1374.4   3/2 - 1374.4   3/2   -2.4552            0.9608
    1374.4   3/2 -  345.0   5/2    0.0000    0.00    0.0012    0.65    0.000   -0.000   1029.4  0.670E-24  0.222E-01
     345.0   5/2 -  195.5   1/2    1.2414  170.66    0.0000    0.00    1.000    0.000    149.5  0.113E-02  0.000E+00
     345.0   5/2 -    0.0   3/2    6.0431  830.77    0.0272   15.18    0.948    4.283    345.0  0.360E+00  0.196E-01


     345.0   5/2 -  345.0   5/2   -0.8537            1.4093
     345.0   5/2 -   89.9   9/2    0.0000    0.00    0.0000    0.00    1.000    0.000    255.1  0.729E-28  0.000E+00
    1475.0   5/2 -  195.5   1/2    0.0000    0.00    0.0000    0.00    1.000    0.000   1279.6  0.148E-19  0.000E+00
    1475.0   5/2 -  708.6   1/2    0.0000    0.00    0.0000    0.00    1.000    0.000    766.4  0.104E-14  0.000E+00
    1475.0   5/2 -    0.0   3/2    0.0000    0.00    0.0002    0.09    0.000   -0.000   1475.0  0.557E-20  0.959E-02


    1475.0   5/2 -  417.6   3/2    0.0000    0.00    0.0000    0.01    0.000   -0.000   1057.4  0.165E-20  0.405E-03
    1475.0   5/2 - 1374.4   3/2    0.0000    0.00    0.0000    0.00    0.000   -0.000    100.7  0.985E-20  0.548E-07
    1475.0   5/2 -  345.0   5/2    0.0000    0.00    0.0001    0.04    0.000    0.000   1130.0  0.414E-21  0.161E-02
    1475.0   5/2 - 1475.0   5/2    4.8310            0.7327
    1475.0   5/2 -   89.9   9/2    0.9213  126.66    0.0000    0.00    1.000    0.000   1385.1  0.573E+02  0.000E+00


    1478.6   5/2 -  195.5   1/2    0.0000    0.00    0.0000    0.00    1.000    0.000   1283.2  0.458E-16  0.000E+00
    1478.6   5/2 -  708.6   1/2    3.7338  513.31    0.0000    0.00    1.000    0.000    770.0  0.123E+02  0.000E+00
    1478.6   5/2 -    0.0   3/2    0.0000    0.00    0.0004    0.25    0.000    0.000   1478.6  0.495E-21  0.252E-01
    1478.6   5/2 -  417.6   3/2    0.0000    0.00    0.0002    0.13    0.000   -0.000   1061.0  0.141E-21  0.485E-02
    1478.6   5/2 - 1374.4   3/2    0.9042  124.31    0.1294   72.28    0.050    0.229    104.3  0.136E-03  0.258E-02


    1478.6   5/2 -  345.0   5/2    0.0000    0.00    0.0039    2.18    0.000    0.000   1133.6  0.407E-22  0.100E+00
    1478.6   5/2 - 1475.0   5/2    0.0000    0.00    0.0001    0.03    0.000    0.000      3.6  0.507E-27  0.423E-10
    1478.6   5/2 - 1478.6   5/2   -3.5942            1.0397
    1478.6   5/2 -   89.9   9/2    0.0000    0.00    0.0000    0.00    1.000    0.000   1388.7  0.784E-15  0.000E+00
    1488.0   7/2 -    0.0   3/2    2.5198  346.40    0.0000    0.00    1.000    0.000   1488.0  0.224E+03  0.000E+00


    1488.0   7/2 -  417.6   3/2    0.0147    2.02    0.0000    0.00    1.000    0.000   1070.4  0.252E+00  0.000E+00
    1488.0   7/2 - 1374.4   3/2    0.0000    0.00    0.0000    0.00    1.000    0.000    113.6  0.737E-29  0.000E+00
    1488.0   7/2 -  345.0   5/2    2.0654  283.93    0.0131    7.34    0.993   11.930   1143.0  0.491E+02  0.345E+00
    1488.0   7/2 - 1475.0   5/2    0.0000    0.00    0.0000    0.00    0.000    0.000     12.9  0.631E-30  0.332E-09
    1488.0   7/2 - 1478.6   5/2    0.0000    0.00    0.0021    1.17    0.000   -0.000      9.3  0.104E-31  0.301E-07


    1488.0   7/2 - 1488.0   7/2   -3.2899            1.5499
    1488.0   7/2 -   89.9   9/2    0.0000    0.00    0.0000    0.00    0.000    0.000   1398.1  0.210E-24  0.215E-03
    1488.0   7/2 -  870.6  11/2    0.0000    0.00    0.0000    0.00    1.000    0.000    617.3  0.467E-24  0.000E+00
    1488.0   7/2 - 1383.1  11/2    0.0000    0.00    0.0000    0.00    1.000    0.000    104.9  0.222E-29  0.000E+00
    1736.0   7/2 -    0.0   3/2    0.0239    3.29    0.0000    0.00    1.000    0.000   1736.0  0.460E+01  0.000E+00


    1736.0   7/2 -  417.6   3/2    4.8932  672.69    0.0000    0.00    1.000    0.000   1318.4  0.238E+03  0.000E+00
    1736.0   7/2 - 1374.4   3/2    0.0000    0.00    0.0000    0.00    1.000    0.000    361.6  0.200E-26  0.000E+00
    1736.0   7/2 -  345.0   5/2    0.1194   16.42    0.0999   55.79    0.616    1.266   1391.0  0.759E+01  0.473E+01
    1736.0   7/2 - 1475.0   5/2    0.0000    0.00    0.0000    0.00    0.000    0.000    260.9  0.217E-23  0.242E-06
    1736.0   7/2 - 1478.6   5/2    0.0000    0.00    0.0001    0.06    0.000    0.000    257.3  0.177E-24  0.305E-04


    1736.0   7/2 - 1488.0   7/2    0.4240   58.29    0.0123    6.88    0.595    1.211    248.0  0.485E-02  0.331E-02
    1736.0   7/2 - 1736.0   7/2   -3.6083            0.5726
    1736.0   7/2 -   89.9   9/2    0.0000    0.00    0.0000    0.00    0.000   -0.000   1646.1  0.124E-26  0.242E-04
    1736.0   7/2 -  870.6  11/2    0.0000    0.00    0.0000    0.00    1.000    0.000    865.3  0.156E-25  0.000E+00
    1736.0   7/2 - 1383.1  11/2    0.0000    0.00    0.0000    0.00    1.000    0.000    352.9  0.258E-27  0.000E+00


    2035.1   7/2 -    0.0   3/2    0.0000    0.00    0.0000    0.00    1.000    0.000   2035.1  0.139E-21  0.000E+00
    2035.1   7/2 -  417.6   3/2    0.0000    0.00    0.0000    0.00    1.000    0.000   1617.5  0.638E-22  0.000E+00
    2035.1   7/2 - 1374.4   3/2    0.0000    0.00    0.0000    0.00    1.000    0.000    660.7  0.605E-25  0.000E+00
    2035.1   7/2 -  345.0   5/2    0.0000    0.00    0.0000    0.00    0.005   -0.073   1690.1  0.772E-22  0.143E-19
    2035.1   7/2 - 1475.0   5/2    0.0000    0.00    0.0000    0.00    0.127    0.381    560.0  0.799E-25  0.551E-24


    2035.1   7/2 - 1478.6   5/2    0.0000    0.00    0.0000    0.00    0.000   -0.004    556.4  0.478E-26  0.248E-21
    2035.1   7/2 - 1488.0   7/2    0.0000    0.00    0.0000    0.00    0.000    0.006    547.1  0.659E-24  0.164E-19
    2035.1   7/2 - 1736.0   7/2    0.0000    0.00    0.0000    0.00    0.000   -0.001    299.1  0.149E-26  0.168E-20
    2035.1   7/2 - 2035.1   7/2   -5.0525           -1.6890
    2035.1   7/2 -   89.9   9/2    0.0000    0.00    0.0000    0.00    0.933   -3.728   1945.2  0.345E-24  0.249E-25


    2035.1   7/2 - 1739.4   9/2    0.0000    0.00    0.0000    0.00    0.000    0.004    295.7  0.100E-25  0.786E-21
    2035.1   7/2 -  870.6  11/2    6.0179  827.31    0.0000    0.00    1.000    0.000   1164.4  0.157E+03  0.000E+00
    2035.1   7/2 - 1383.1  11/2    0.0000    0.00    0.0000    0.00    1.000    0.000    652.0  0.124E-23  0.000E+00
      89.9   9/2 -   89.9   9/2    7.3717            1.4884
    1739.4   9/2 -  345.0   5/2    4.9271  677.35    0.0000    0.00    1.000    0.000   1394.4  0.317E+03  0.000E+00


    1739.4   9/2 - 1475.0   5/2    0.0000    0.00    0.0000    0.00    1.000    0.000    264.3  0.466E-24  0.000E+00
    1739.4   9/2 - 1478.6   5/2    0.0000    0.00    0.0000    0.00    1.000    0.000    260.7  0.375E-25  0.000E+00
    1739.4   9/2 - 1488.0   7/2    2.4730  339.98    0.0316   17.62    0.774    1.853    251.4  0.303E-01  0.882E-02
    1739.4   9/2 - 1736.0   7/2    0.0648    8.91    0.0012    0.65    0.000   -0.021      3.4  0.359E-12  0.800E-09
    1739.4   9/2 -   89.9   9/2    0.0000    0.00    0.0000    0.00    0.000    0.000   1649.5  0.697E-26  0.168E-03


    1739.4   9/2 - 1739.4   9/2   -2.7895            2.2253
    1739.4   9/2 -  870.6  11/2    0.0000    0.00    0.0000    0.00    0.000   -0.000    868.7  0.767E-28  0.279E-20
    1739.4   9/2 - 1383.1  11/2    0.0000    0.00    0.0000    0.01    0.000    0.000    356.3  0.490E-31  0.714E-05
     870.6  11/2 -   89.9   9/2    0.0000    0.00    0.0000    0.00    0.999  -32.863    780.7  0.454E-23  0.420E-26
     870.6  11/2 -  870.6  11/2   -6.3214           -1.1390


    1383.1  11/2 -   89.9   9/2    5.4750  752.67    0.0048    2.66    0.999  -36.524   1293.2  0.242E+03  0.181E+00
    1383.1  11/2 -  870.6  11/2    0.0000    0.00    0.0000    0.00    0.006   -0.078    512.4  0.304E-26  0.497E-24
    1383.1  11/2 - 1383.1  11/2    3.7887            1.9321
    2676.5  13/2 -   89.9   9/2    1.5207  209.06    0.0000    0.00    1.000    0.000   2586.6  0.215E+04  0.000E+00
    2676.5  13/2 - 1739.4   9/2    0.0000    0.00    0.0000    0.00    1.000    0.000    937.1  0.446E-26  0.000E+00


    2676.5  13/2 -  870.6  11/2    0.0000    0.00    0.0000    0.00    0.981   -7.224   1805.8  0.237E-21  0.454E-23
    2676.5  13/2 - 1383.1  11/2    4.4006  604.97    0.0065    3.61    0.999  -28.104   1293.4  0.194E+03  0.246E+00
    2676.5  13/2 - 2676.5  13/2    2.9678            2.3483

 TIME=  0.0 SEC
