 PARITY=-   EPS= 0.315   GAMMA=  0.0   EPS4=0.000   EPS6=0.000   LEVELS:  25  26  27  28  29  30  31  32  33  34  35  36  37  38  39
0   Z= 82   A=207   IQ=0   GSFAC= 0.75   GR=  0.40   MIN SPIN=  1/2   MAX SPIN= 13/2   KMAX= 13/2

 MACR QUADR MOMENTS:  Q0=1263.937  Q2=   0.000 FM**2


   B(E2) AND Q(E2) IN E2B2 AND EB,   B(M1) AND M(M1) INNM2 AND NM,   T(E2) AND T(M1) IN 1/PS

       E1     II      EF     IF     B(E2)             B(M1)              GD        D       EREL    T(E2)      T(M1)
                                             WU               MWU

     816.9   1/2 -  816.9   1/2    0.0000            0.6021
     816.9   1/2 -  657.9   3/2    0.1119   15.38    0.0237   13.23    0.077   -0.288    159.1  0.139E-03  0.168E-02
     816.9   1/2 -  733.6   3/2    3.9354  541.01    0.5448  304.27    0.034   -0.186     83.3  0.193E-03  0.555E-02
     816.9   1/2 -  689.0   5/2    2.0105  276.39    0.0000    0.00    1.000    0.000    128.0  0.842E-03  0.000E+00
    1741.3   1/2 -  816.9   1/2    0.0000    0.00    0.0061    3.42    0.000    0.000    924.4  0.000E+00  0.852E-01


    1741.3   1/2 - 1741.3   1/2    0.0000            0.5113
    1741.3   1/2 -  657.9   3/2    0.0730   10.04    0.3261  182.16    0.154    0.427   1083.4  0.133E+01  0.730E+01
    1741.3   1/2 -  733.6   3/2    0.0906   12.45    0.2832  158.16    0.184    0.475   1007.7  0.115E+01  0.510E+01
    1741.3   1/2 -  689.0   5/2    0.1263   17.36    0.0000    0.00    1.000    0.000   1052.3  0.199E+01  0.000E+00
    1741.3   1/2 - 1408.5   5/2    0.1006   13.83    0.0000    0.00    1.000    0.000    332.8  0.501E-02  0.000E+00


    1741.3   1/2 - 1525.3   5/2    0.0750   10.31    0.0000    0.00    1.000    0.000    216.0  0.430E-03  0.000E+00
     657.9   3/2 -  657.9   3/2    2.2365            0.3496
     657.9   3/2 -   75.7   7/2    0.0028    0.38    0.0000    0.00    1.000    0.000    582.2  0.225E-02  0.000E+00
     733.6   3/2 -  657.9   3/2    0.2624   36.08    0.2428  135.63    0.004    0.066     75.7  0.798E-05  0.186E-02
     733.6   3/2 -  733.6   3/2   -0.7985           -0.8090


     733.6   3/2 -  689.0   5/2    1.6595  228.14    0.0013    0.75    0.630    1.306     44.6  0.359E-05  0.211E-05
     733.6   3/2 -   75.7   7/2    0.0000    0.00    0.0000    0.00    1.000    0.000    657.9  0.447E-04  0.000E+00
     689.0   5/2 -  657.9   3/2    2.0965  288.22    0.0131    7.34    0.097    0.327     31.1  0.745E-06  0.696E-05
     689.0   5/2 -  689.0   5/2   -0.8860            1.0522
     689.0   5/2 -   75.7   7/2    0.0044    0.60    0.1331   74.34    0.009    0.093    613.3  0.465E-02  0.540E+00


     689.0   5/2 -    0.0   9/2    0.0000    0.00    0.0000    0.00    1.000    0.000    689.0  0.415E-06  0.000E+00
    1408.5   5/2 -  816.9   1/2    0.3225   44.33    0.0000    0.00    1.000    0.000    591.6  0.285E+00  0.000E+00
    1408.5   5/2 -  657.9   3/2    2.5783  354.45    0.0010    0.58    0.999  -31.133    750.6  0.750E+01  0.773E-02
    1408.5   5/2 -  733.6   3/2    0.7036   96.73    0.0012    0.69    0.994  -13.398    674.9  0.120E+01  0.670E-02
    1408.5   5/2 -  689.0   5/2    0.0009    0.13    0.0020    1.09    0.147    0.415    719.5  0.222E-02  0.129E-01


    1408.5   5/2 - 1408.5   5/2   -1.0046            0.0969
    1408.5   5/2 -   75.7   7/2    0.0039    0.53    0.0014    0.78    0.774   -1.848   1332.8  0.198E+00  0.579E-01
    1408.5   5/2 -    0.0   9/2    0.0005    0.06    0.0000    0.00    1.000    0.000   1408.5  0.310E-01  0.000E+00
    1408.5   5/2 - 1011.1   9/2    0.0073    1.00    0.0000    0.00    1.000    0.000    397.4  0.878E-03  0.000E+00
    1525.3   5/2 -  816.9   1/2    0.8209  112.85    0.0000    0.00    1.000    0.000    708.4  0.179E+01  0.000E+00


    1525.3   5/2 -  657.9   3/2    0.0022    0.30    0.0005    0.30    0.676   -1.444    867.5  0.130E-01  0.625E-02
    1525.3   5/2 -  733.6   3/2    0.2013   27.68    0.0023    1.26    0.975   -6.221    791.7  0.764E+00  0.197E-01
    1525.3   5/2 -  689.0   5/2    1.6953  233.06    0.0005    0.29    0.999  -39.458    836.4  0.846E+01  0.544E-02
    1525.3   5/2 - 1408.5   5/2    0.4362   59.96    0.0025    1.41    0.620   -1.278    116.8  0.116E-03  0.709E-04
    1525.3   5/2 - 1525.3   5/2    2.2136            1.2988


    1525.3   5/2 -   75.7   7/2    0.0045    0.62    0.2819  157.45    0.023    0.153   1449.6  0.353E+00  0.151E+02
    1525.3   5/2 - 1485.8   7/2    1.2644  173.82    0.0006    0.32    0.706    1.551     39.6  0.150E-05  0.622E-06
    1525.3   5/2 -    0.0   9/2    0.0000    0.01    0.0000    0.00    1.000    0.000   1525.3  0.430E-02  0.000E+00
    1525.3   5/2 - 1011.1   9/2    0.0010    0.13    0.0000    0.00    1.000    0.000    514.2  0.420E-03  0.000E+00
    2338.3   5/2 -  816.9   1/2    1.1041  151.79    0.0000    0.00    1.000    0.000   1521.3  0.110E+03  0.000E+00


    2338.3   5/2 - 1741.3   1/2    0.2377   32.68    0.0000    0.00    1.000    0.000    596.9  0.220E+00  0.000E+00
    2338.3   5/2 -  657.9   3/2    0.3933   54.06    0.0107    5.99    0.986    8.475   1680.4  0.643E+02  0.895E+00
    2338.3   5/2 -  733.6   3/2    0.2688   36.95    0.0000    0.02    1.000 -111.475   1604.6  0.349E+02  0.281E-02
    2338.3   5/2 -  689.0   5/2    0.0060    0.83    0.0028    1.54    0.804   -2.025   1649.3  0.894E+00  0.218E+00
    2338.3   5/2 - 1408.5   5/2    0.0038    0.52    0.2142  119.61    0.010   -0.103    929.7  0.320E-01  0.303E+01


    2338.3   5/2 - 1525.3   5/2    1.5437  212.22    0.0051    2.83    0.993  -11.811    812.9  0.669E+01  0.479E-01
    2338.3   5/2 - 2338.3   5/2   -1.4763            1.1367
    2338.3   5/2 -   75.7   7/2    0.0012    0.16    0.0223   12.43    0.159    0.435   2262.6  0.860E+00  0.454E+01
    2338.3   5/2 - 1485.8   7/2    0.1123   15.44    0.0134    7.47    0.809    2.057    852.5  0.617E+00  0.146E+00
    2338.3   5/2 - 1555.9   7/2    0.0000    0.00    0.0000    0.00    0.937    3.841    782.4  0.134E-08  0.907E-10


    2338.3   5/2 - 1597.6   7/2    0.0001    0.01    0.1074   59.97    0.000   -0.020    740.7  0.294E-03  0.768E+00
    2338.3   5/2 -    0.0   9/2    0.0000    0.00    0.0000    0.00    1.000    0.000   2338.3  0.135E-01  0.000E+00
    2338.3   5/2 - 1011.1   9/2    0.0012    0.17    0.0000    0.00    1.000    0.000   1327.1  0.623E-01  0.000E+00
    2338.3   5/2 - 1669.0   9/2    0.0147    2.02    0.0000    0.00    1.000    0.000    669.3  0.240E-01  0.000E+00
    2592.2   5/2 -  816.9   1/2    0.1697   23.33    0.0000    0.00    1.000    0.000   1775.3  0.365E+02  0.000E+00


    2592.2   5/2 - 1741.3   1/2    2.8315  389.25    0.0000    0.00    1.000    0.000    850.9  0.154E+02  0.000E+00
    2592.2   5/2 -  657.9   3/2    0.0022    0.31    0.0059    3.30    0.497    0.993   1934.3  0.742E+00  0.752E+00
    2592.2   5/2 -  733.6   3/2    0.0008    0.12    0.0000    0.00    1.000   48.922   1858.6  0.228E+00  0.954E-04
    2592.2   5/2 -  689.0   5/2    0.0003    0.04    0.0000    0.00    0.998  -21.241   1903.2  0.968E-01  0.215E-03
    2592.2   5/2 - 1408.5   5/2    0.0483    6.64    0.1723   96.25    0.214    0.522   1183.7  0.137E+01  0.503E+01


    2592.2   5/2 - 1525.3   5/2    0.0264    3.63    0.0001    0.06    0.995  -14.533   1066.9  0.446E+00  0.211E-02
    2592.2   5/2 - 2338.3   5/2    0.0469    6.45    0.0808   45.12    0.025    0.161    254.0  0.604E-03  0.233E-01
    2592.2   5/2 - 2592.2   5/2   -3.4676            1.5483
    2592.2   5/2 -   75.7   7/2    0.0007    0.10    0.0008    0.42    0.806    2.038   2516.5  0.879E+00  0.212E+00
    2592.2   5/2 - 1485.8   7/2    0.0002    0.03    0.0003    0.15    0.371   -0.769   1106.5  0.373E-02  0.632E-02


    2592.2   5/2 - 1555.9   7/2    0.0000    0.00    0.0000    0.00    0.007   -0.086   1036.3  0.324E-10  0.443E-08
    2592.2   5/2 - 1597.6   7/2    0.0005    0.07    0.2251  125.69    0.001    0.039    994.6  0.578E-02  0.390E+01
    2592.2   5/2 - 2509.9   7/2    0.0353    4.85    0.1490   83.22    0.001   -0.033     82.3  0.163E-05  0.146E-02
    2592.2   5/2 -    0.0   9/2    0.0000    0.00    0.0000    0.00    1.000    0.000   2592.2  0.375E-01  0.000E+00
    2592.2   5/2 - 1011.1   9/2    0.0005    0.07    0.0000    0.00    1.000    0.000   1581.1  0.581E-01  0.000E+00


    2592.2   5/2 - 1669.0   9/2    0.0006    0.08    0.0000    0.00    1.000    0.000    923.2  0.482E-02  0.000E+00
      75.7   7/2 -   75.7   7/2    5.6817           -0.9458
      75.7   7/2 -    0.0   9/2    0.2870   39.45    0.0027    1.53    0.294   -0.646     75.7  0.870E-05  0.208E-04
    1485.8   7/2 -  657.9   3/2    0.8899  122.34    0.0000    0.00    1.000    0.000    827.9  0.422E+01  0.000E+00
    1485.8   7/2 -  733.6   3/2    0.6290   86.47    0.0000    0.00    1.000    0.000    752.1  0.185E+01  0.000E+00


    1485.8   7/2 -  689.0   5/2    2.8762  395.40    0.0119    6.63    0.991   10.322    796.8  0.113E+02  0.106E+00
    1485.8   7/2 - 1408.5   5/2    0.0005    0.07    0.0082    4.59    0.000    0.016     77.3  0.179E-07  0.666E-04
    1485.8   7/2 -   75.7   7/2    0.0087    1.20    0.0443   24.74    0.213    0.521   1410.1  0.593E+00  0.219E+01
    1485.8   7/2 - 1485.8   7/2   -1.5067            1.4142
    1485.8   7/2 -    0.0   9/2    0.0022    0.30    0.0077    4.29    0.301   -0.656   1485.8  0.191E+00  0.443E+00


    1485.8   7/2 - 1011.1   9/2    0.0045    0.61    0.2343  130.84    0.003    0.055    474.7  0.131E-02  0.441E+00
    1485.8   7/2 -  848.8  11/2    0.0000    0.00    0.0000    0.00    1.000    0.000    637.0  0.929E-09  0.000E+00
    1485.8   7/2 - 1064.6  11/2    0.0012    0.17    0.0000    0.00    1.000    0.000    421.2  0.195E-03  0.000E+00
    1555.9   7/2 -  657.9   3/2    0.0000    0.00    0.0000    0.00    1.000    0.000    898.0  0.121E-07  0.000E+00
    1555.9   7/2 -  733.6   3/2    0.0000    0.00    0.0000    0.00    1.000    0.000    822.3  0.235E-09  0.000E+00


    1555.9   7/2 -  689.0   5/2    0.0000    0.00    0.0000    0.00    0.804    2.023    866.9  0.327E-08  0.798E-09
    1555.9   7/2 - 1408.5   5/2    0.0000    0.00    0.0000    0.00    0.442   -0.890    147.4  0.193E-11  0.244E-11
    1555.9   7/2 - 1525.3   5/2    0.0000    0.00    0.0000    0.00    0.002    0.047     30.6  0.497E-16  0.227E-13
    1555.9   7/2 -   75.7   7/2    0.0000    0.00    0.0000    0.00    0.961   -4.954   1480.2  0.443E-08  0.180E-09
    1555.9   7/2 - 1485.8   7/2    0.0000    0.00    0.0000    0.00    0.001   -0.023     70.1  0.150E-14  0.275E-11


    1555.9   7/2 - 1555.9   7/2   -2.8612           -2.0871
    1555.9   7/2 -    0.0   9/2    0.0000    0.00    0.0000    0.00    0.932    3.695   1555.9  0.239E-07  0.175E-08
    1555.9   7/2 - 1011.1   9/2    0.0000    0.00    0.0000    0.00    0.008   -0.087    544.8  0.692E-12  0.906E-10
    1555.9   7/2 -  848.8  11/2    6.0875  836.87    0.0000    0.00    1.000    0.000    707.1  0.131E+02  0.000E+00
    1555.9   7/2 - 1064.6  11/2    0.0000    0.00    0.0000    0.00    1.000    0.000    491.3  0.138E-10  0.000E+00


    1597.6   7/2 -  657.9   3/2    0.9567  131.52    0.0000    0.00    1.000    0.000    939.7  0.855E+01  0.000E+00
    1597.6   7/2 -  733.6   3/2    2.3219  319.20    0.0000    0.00    1.000    0.000    864.0  0.136E+02  0.000E+00
    1597.6   7/2 -  689.0   5/2    0.0023    0.32    0.1109   61.96    0.012    0.110    908.6  0.176E-01  0.146E+01
    1597.6   7/2 - 1408.5   5/2    1.3947  191.74    0.2903  162.13    0.106   -0.345    189.1  0.411E-02  0.345E-01
    1597.6   7/2 - 1525.3   5/2    0.0300    4.12    0.1305   72.88    0.001   -0.029     72.3  0.722E-06  0.867E-03


    1597.6   7/2 -   75.7   7/2    0.0065    0.89    0.0004    0.20    0.966    5.321   1521.9  0.644E+00  0.227E-01
    1597.6   7/2 - 1485.8   7/2    0.0027    0.38    0.0116    6.49    0.002    0.045    111.8  0.585E-06  0.286E-03
    1597.6   7/2 - 1555.9   7/2    0.0000    0.00    0.0000    0.00    0.000    0.003     41.7  0.564E-17  0.524E-12
    1597.6   7/2 - 1597.6   7/2   -3.6289           -0.4269
    1597.6   7/2 -    0.0   9/2    0.0001    0.01    0.0002    0.14    0.342    0.721   1597.6  0.903E-02  0.174E-01


    1597.6   7/2 - 1011.1   9/2    0.0000    0.00    0.0042    2.33    0.000   -0.002    586.5  0.880E-07  0.148E-01
    1597.6   7/2 -  848.8  11/2    0.0000    0.00    0.0000    0.00    1.000    0.000    748.8  0.622E-08  0.000E+00
    1597.6   7/2 - 1064.6  11/2    0.0009    0.13    0.0000    0.00    1.000    0.000    533.0  0.478E-03  0.000E+00
    2509.9   7/2 -  657.9   3/2    0.4416   60.71    0.0000    0.00    1.000    0.000   1852.0  0.117E+03  0.000E+00
    2509.9   7/2 -  733.6   3/2    0.4671   64.22    0.0000    0.00    1.000    0.000   1776.3  0.101E+03  0.000E+00


    2509.9   7/2 -  689.0   5/2    0.0097    1.33    0.0012    0.67    0.949   -4.299   1820.9  0.236E+01  0.128E+00
    2509.9   7/2 - 1408.5   5/2    1.1880  163.32    0.0044    2.48    0.996   14.985   1101.4  0.235E+02  0.105E+00
    2509.9   7/2 - 1525.3   5/2    1.9032  261.65    0.0066    3.68    0.995  -13.935    984.5  0.215E+02  0.111E+00
    2509.9   7/2 - 2338.3   5/2    0.1005   13.82    0.1089   60.81    0.018    0.137    171.6  0.183E-03  0.969E-02
    2509.9   7/2 -   75.7   7/2    0.0040    0.55    0.0194   10.83    0.457   -0.917   2434.2  0.414E+01  0.492E+01


    2509.9   7/2 - 1485.8   7/2    0.4234   58.21    0.0044    2.48    0.986    8.333   1024.1  0.582E+01  0.838E-01
    2509.9   7/2 - 1555.9   7/2    0.0000    0.00    0.0000    0.00    0.394    0.807    954.0  0.201E-07  0.308E-07
    2509.9   7/2 - 1597.6   7/2    0.0932   12.81    0.0101    5.65    0.842    2.304    912.3  0.718E+00  0.135E+00
    2509.9   7/2 - 2509.9   7/2   -0.8383            1.0292
    2509.9   7/2 -    0.0   9/2    0.0365    5.01    0.0002    0.11    0.999   28.975   2509.9  0.443E+02  0.528E-01


    2509.9   7/2 - 1011.1   9/2    0.0003    0.05    0.0411   22.97    0.013    0.114   1498.8  0.316E-01  0.244E+01
    2509.9   7/2 - 1669.0   9/2    0.0003    0.04    0.0020    1.09    0.067    0.268    840.9  0.147E-02  0.205E-01
    2509.9   7/2 -  848.8  11/2    0.0000    0.00    0.0000    0.00    1.000    0.000   1661.1  0.665E-06  0.000E+00
    2509.9   7/2 - 1064.6  11/2    0.0249    3.43    0.0000    0.00    1.000    0.000   1445.3  0.192E+01  0.000E+00
    2509.9   7/2 - 2177.0  11/2    0.0007    0.10    0.0000    0.00    1.000    0.000    332.9  0.356E-04  0.000E+00


       0.0   9/2 -    0.0   9/2    6.4584            1.2819
    1011.1   9/2 -  689.0   5/2    0.0160    2.20    0.0000    0.00    1.000    0.000    322.1  0.677E-03  0.000E+00
    1011.1   9/2 -   75.7   7/2    5.0719  697.26    0.2463  137.54    0.926   -3.534    935.4  0.443E+02  0.355E+01
    1011.1   9/2 -    0.0   9/2    0.1689   23.22    0.0309   17.26    0.795    1.968   1011.1  0.218E+01  0.562E+00
    1011.1   9/2 - 1011.1   9/2    2.1935           -0.2353


    1011.1   9/2 -  848.8  11/2    0.0000    0.00    0.0000    0.00    0.016   -0.128    162.3  0.573E-16  0.350E-14
    1669.0   9/2 -  689.0   5/2    3.3902  466.07    0.0000    0.00    1.000    0.000    980.0  0.374E+02  0.000E+00
    1669.0   9/2 - 1408.5   5/2    0.0089    1.23    0.0000    0.00    1.000    0.000    260.5  0.131E-03  0.000E+00
    1669.0   9/2 - 1525.3   5/2    0.1592   21.88    0.0000    0.00    1.000    0.000    143.7  0.119E-03  0.000E+00
    1669.0   9/2 -   75.7   7/2    0.0127    1.75    0.0005    0.30    0.976    6.402   1593.3  0.159E+01  0.388E-01


    1669.0   9/2 - 1485.8   7/2    1.7266  237.36    0.0045    2.49    0.900    3.001    183.2  0.435E-02  0.483E-03
    1669.0   9/2 - 1555.9   7/2    0.0000    0.00    0.0000    0.00    0.354    0.740    113.1  0.543E-13  0.991E-13
    1669.0   9/2 - 1597.6   7/2    0.0000    0.00    0.0034    1.89    0.000   -0.002     71.4  0.872E-10  0.217E-04
    1669.0   9/2 -    0.0   9/2    0.0015    0.21    0.0012    0.66    0.713   -1.576   1669.0  0.241E+00  0.970E-01
    1669.0   9/2 - 1011.1   9/2    0.0253    3.47    0.0221   12.34    0.256    0.586    657.9  0.380E-01  0.111E+00


    1669.0   9/2 - 1669.0   9/2   -3.6286            1.7696
    1669.0   9/2 -  848.8  11/2    0.0000    0.00    0.0000    0.00    0.976   -6.334    820.2  0.121E-11  0.301E-13
    1669.0   9/2 - 1064.6  11/2    0.0005    0.07    0.0099    5.54    0.012   -0.112    604.4  0.485E-03  0.386E-01
    2741.5   9/2 -  689.0   5/2    0.0000    0.00    0.0000    0.00    1.000    0.000   2052.5  0.171E-10  0.000E+00
    2741.5   9/2 - 1408.5   5/2    0.0000    0.00    0.0000    0.00    1.000    0.000   1333.0  0.580E-09  0.000E+00


    2741.5   9/2 - 1525.3   5/2    0.0000    0.00    0.0000    0.00    1.000    0.000   1216.2  0.438E-11  0.000E+00
    2741.5   9/2 - 2338.3   5/2    0.0000    0.00    0.0000    0.00    1.000    0.000    403.3  0.397E-11  0.000E+00
    2741.5   9/2 - 2592.2   5/2    0.0000    0.00    0.0000    0.00    1.000    0.000    149.3  0.453E-14  0.000E+00
    2741.5   9/2 -   75.7   7/2    0.0000    0.00    0.0000    0.00    0.927    3.571   2665.8  0.796E-10  0.624E-11
    2741.5   9/2 - 1485.8   7/2    0.0000    0.00    0.0000    0.00    0.889    2.825   1255.7  0.876E-08  0.110E-08


    2741.5   9/2 - 1555.9   7/2    1.4942  205.42    0.2476  138.28    0.855    2.425   1185.6  0.427E+02  0.726E+01
    2741.5   9/2 - 1597.6   7/2    0.0000    0.00    0.0000    0.00    0.842    2.306   1143.9  0.125E-07  0.235E-08
    2741.5   9/2 - 2509.9   7/2    0.0000    0.00    0.0000    0.00    0.101    0.336    231.6  0.580E-11  0.514E-10
    2741.5   9/2 -    0.0   9/2    0.0000    0.00    0.0000    0.00    0.992   11.095   2741.5  0.249E-08  0.202E-10
    2741.5   9/2 - 1011.1   9/2    0.0000    0.00    0.0000    0.00    0.984    7.827   1730.4  0.603E-11  0.985E-13


    2741.5   9/2 - 1669.0   9/2    0.0000    0.00    0.0000    0.00    0.301   -0.656   1072.5  0.199E-12  0.462E-12
    2741.5   9/2 - 2741.5   9/2   -1.5555           -1.2403
    2741.5   9/2 -  848.8  11/2    1.6545  227.45    0.2355  131.52    0.946   -4.177   1892.7  0.490E+03  0.281E+02
    2741.5   9/2 - 1064.6  11/2    0.0000    0.00    0.0000    0.00    0.963   -5.125   1676.9  0.122E-08  0.463E-10
    2741.5   9/2 - 2177.0  11/2    0.0000    0.00    0.0000    0.00    0.010    0.098    564.5  0.777E-14  0.803E-12


    2741.5   9/2 - 2347.7  13/2    0.0000    0.00    0.0000    0.00    1.000    0.000    393.8  0.383E-11  0.000E+00
     848.8  11/2 -   75.7   7/2    0.0000    0.00    0.0000    0.00    1.000    0.000    773.1  0.305E-11  0.000E+00
     848.8  11/2 -    0.0   9/2    0.0000    0.00    0.0000    0.00    0.999  -27.392    848.8  0.125E-09  0.166E-12
     848.8  11/2 -  848.8  11/2   -4.0100           -1.5023
    1064.6  11/2 -   75.7   7/2    0.1076   14.79    0.0000    0.00    1.000    0.000    988.9  0.124E+01  0.000E+00


    1064.6  11/2 -    0.0   9/2    4.9585  681.67    0.0070    3.89    0.998  -23.660   1064.6  0.827E+02  0.148E+00
    1064.6  11/2 - 1011.1   9/2    0.0483    6.63    0.0104    5.80    0.009   -0.096     53.5  0.257E-06  0.279E-04
    1064.6  11/2 -  848.8  11/2    0.0000    0.00    0.0000    0.00    0.086    0.306    215.8  0.221E-12  0.236E-11
    1064.6  11/2 - 1064.6  11/2    2.8486            1.6452
    2177.0  11/2 -   75.7   7/2    1.1100  152.59    0.0000    0.00    1.000    0.000   2101.3  0.555E+03  0.000E+00


    2177.0  11/2 - 1485.8   7/2    0.0140    1.92    0.0000    0.00    1.000    0.000    691.2  0.269E-01  0.000E+00
    2177.0  11/2 - 1555.9   7/2    0.0000    0.00    0.0000    0.00    1.000    0.000    621.1  0.168E-10  0.000E+00
    2177.0  11/2 - 1597.6   7/2    0.0095    1.31    0.0000    0.00    1.000    0.000    579.4  0.757E-02  0.000E+00
    2177.0  11/2 -    0.0   9/2    0.0390    5.37    0.0103    5.73    0.926    3.537   2177.0  0.233E+02  0.186E+01
    2177.0  11/2 - 1011.1   9/2    5.1479  707.70    0.3405  190.17    0.934   -3.774   1165.9  0.135E+03  0.950E+01


    2177.0  11/2 - 1669.0   9/2    0.0042    0.58    0.1138   63.58    0.007   -0.081    508.0  0.174E-02  0.263E+00
    2177.0  11/2 -  848.8  11/2    0.0000    0.00    0.0000    0.00    0.748    1.723   1328.2  0.752E-10  0.253E-10
    2177.0  11/2 - 1064.6  11/2    0.1532   21.07    0.0485   27.09    0.730    1.646   1112.4  0.318E+01  0.118E+01
    2177.0  11/2 - 2177.0  11/2    0.1157            0.3848
    2347.7  13/2 -    0.0   9/2    0.9912  136.26    0.0000    0.00    1.000    0.000   2347.7  0.862E+03  0.000E+00


    2347.7  13/2 - 1011.1   9/2    0.1195   16.43    0.0000    0.00    1.000    0.000   1336.6  0.622E+01  0.000E+00
    2347.7  13/2 - 1669.0   9/2    0.0008    0.11    0.0000    0.00    1.000    0.000    678.7  0.143E-02  0.000E+00
    2347.7  13/2 -  848.8  11/2    0.0000    0.00    0.0000    0.00    0.917   -3.328   1498.9  0.609E-09  0.550E-10
    2347.7  13/2 - 1064.6  11/2    5.3499  735.48    0.0151    8.42    0.998  -20.126   1283.2  0.227E+03  0.561E+00
    2347.7  13/2 - 2177.0  11/2    0.0050    0.69    0.0206   11.49    0.005   -0.070    170.8  0.891E-05  0.180E-02


    2347.7  13/2 - 2347.7  13/2    0.5770            2.0112
    3058.0  13/2 -    0.0   9/2    0.0000    0.00    0.0000    0.00    1.000    0.000   3058.0  0.152E-07  0.000E+00
    3058.0  13/2 - 1011.1   9/2    0.0000    0.00    0.0000    0.00    1.000    0.000   2046.9  0.264E-08  0.000E+00
    3058.0  13/2 - 1669.0   9/2    0.0000    0.00    0.0000    0.00    1.000    0.000   1389.0  0.283E-10  0.000E+00
    3058.0  13/2 - 2741.5   9/2    3.5629  489.81    0.0000    0.00    1.000    0.000    316.5  0.138E+00  0.000E+00


    3058.0  13/2 -  848.8  11/2    1.0571  145.33    0.1074   59.98    0.971    5.771   2209.2  0.679E+03  0.204E+02
    3058.0  13/2 - 1064.6  11/2    0.0000    0.00    0.0000    0.00    0.946   -4.180   1993.4  0.335E-08  0.191E-09
    3058.0  13/2 - 2177.0  11/2    0.0000    0.00    0.0000    0.00    0.815   -2.099    881.1  0.360E-10  0.818E-11
    3058.0  13/2 - 2347.7  13/2    0.0000    0.00    0.0000    0.00    0.318    0.683    710.3  0.236E-10  0.505E-10
    3058.0  13/2 - 3058.0  13/2   -3.3055           -0.5027



 TIME=  0.0 SEC
