 PARITY=-   EPS= 0.050   GAMMA= 10.0   EPS4=0.000   EPS6=0.000   LEVELS:  32  33  34  35  36
0   Z= 82   A=207   IQ=0   GSFAC= 0.75   GR=  0.40   MIN SPIN=  1/2   MAX SPIN= 13/2   KMAX= 13/2

 MACR QUADR MOMENTS:  Q0= 166.837  Q2= -19.317 FM**2


   B(E2) AND Q(E2) IN E2B2 AND EB,   B(M1) AND M(M1) INNM2 AND NM,   T(E2) AND T(M1) IN 1/PS

       E1     II      EF     IF     B(E2)             B(M1)              GD        D       EREL    T(E2)      T(M1)
                                             WU               MWU

       0.0   1/2 -    0.0   1/2    0.0000            0.4759
     736.5   3/2 -    0.0   1/2    0.0554    7.62    0.0356   19.91    0.369    0.765    736.5  0.147E+00  0.251E+00
     736.5   3/2 -  736.5   3/2   -0.3319            0.7732
     736.5   3/2 -  722.8   5/2    0.0237    3.26    0.0829   46.28    0.000    0.006     13.7  0.138E-09  0.373E-05
    1590.7   3/2 -    0.0   1/2    0.0001    0.01    0.2663  148.73    0.001    0.023   1590.7  0.104E-01  0.189E+02


    1590.7   3/2 -  736.5   3/2    0.0003    0.04    0.1876  104.78    0.001    0.028    854.2  0.163E-02  0.206E+01
    1590.7   3/2 - 1590.7   3/2    0.3329           -0.2109
    1590.7   3/2 -  722.8   5/2    0.0001    0.01    0.0407   22.72    0.001    0.035    867.9  0.564E-03  0.468E+00
    1590.7   3/2 - 1265.7   5/2    0.0116    1.59    0.0071    3.96    0.107   -0.346    325.0  0.513E-03  0.429E-02
     722.8   5/2 -    0.0   1/2    0.0554    7.62    0.0000    0.00    1.000    0.000    722.8  0.133E+00  0.000E+00


     722.8   5/2 -  722.8   5/2   -0.4743            1.1947
    1265.7   5/2 -    0.0   1/2    0.0000    0.01    0.0000    0.00    1.000    0.000   1265.7  0.172E-02  0.000E+00
    1265.7   5/2 -  736.5   3/2    0.0000    0.00    0.0195   10.89    0.000    0.003    529.2  0.555E-06  0.508E-01
    1265.7   5/2 -  722.8   5/2    0.0002    0.03    0.0174    9.71    0.002    0.046    542.9  0.105E-03  0.490E-01
    1265.7   5/2 - 1265.7   5/2    0.5376            1.0013


    2280.5   5/2 -    0.0   1/2    0.0001    0.01    0.0000    0.00    1.000    0.000   2280.5  0.450E-01  0.000E+00
    2280.5   5/2 -  736.5   3/2    0.0001    0.01    0.2072  115.70    0.000   -0.021   1544.0  0.576E-02  0.134E+02
    2280.5   5/2 - 1590.7   3/2    0.0872   11.98    0.0896   50.02    0.243   -0.567    689.8  0.166E+00  0.517E+00
    2280.5   5/2 -  722.8   5/2    0.0000    0.00    0.2023  112.97    0.000    0.012   1557.7  0.206E-02  0.135E+02
    2280.5   5/2 - 1265.7   5/2    0.0107    1.47    0.0170    9.49    0.310    0.670   1014.8  0.140E+00  0.313E+00


    2280.5   5/2 - 2280.5   5/2   -0.0595            0.4642
    2280.5   5/2 - 2017.3   7/2    0.0001    0.01    0.0144    8.05    0.000   -0.017    263.2  0.129E-05  0.462E-02
    2017.3   7/2 -  736.5   3/2    0.0005    0.07    0.0000    0.00    1.000    0.000   1280.8  0.202E-01  0.000E+00
    2017.3   7/2 - 1590.7   3/2    0.0058    0.80    0.0000    0.00    1.000    0.000    426.6  0.999E-03  0.000E+00
    2017.3   7/2 -  722.8   5/2    0.0002    0.03    0.0236   13.20    0.011   -0.106   1294.5  0.100E-01  0.902E+00


    2017.3   7/2 - 1265.7   5/2    0.0922   12.67    0.0000    0.00    1.000  -79.607    751.6  0.270E+00  0.426E-04
    2017.3   7/2 - 2017.3   7/2    0.0427            1.4101
    2435.0   7/2 -  736.5   3/2    0.0709    9.74    0.0000    0.00    1.000    0.000   1698.5  0.122E+02  0.000E+00
    2435.0   7/2 - 1590.7   3/2    0.0000    0.00    0.0000    0.00    1.000    0.000    844.3  0.149E-05  0.000E+00
    2435.0   7/2 -  722.8   5/2    0.0078    1.08    0.0497   27.78    0.243    0.566   1712.2  0.141E+01  0.439E+01


    2435.0   7/2 - 1265.7   5/2    0.0008    0.11    0.0027    1.50    0.219   -0.529   1169.3  0.211E-01  0.754E-01
    2435.0   7/2 - 2280.5   5/2    0.0003    0.04    0.0400   22.34    0.000    0.011    154.5  0.287E-06  0.260E-02
    2435.0   7/2 - 2017.3   7/2    0.0006    0.08    0.0351   19.58    0.002   -0.046    417.8  0.947E-04  0.450E-01
    2435.0   7/2 - 2435.0   7/2   -0.5431            1.5220
    2435.0   7/2 - 2408.6   9/2    0.0056    0.77    0.0711   39.74    0.000    0.006     26.5  0.886E-09  0.232E-04


    2435.0   7/2 - 2345.3  11/2    0.0000    0.00    0.0000    0.00    1.000    0.000     89.8  0.739E-24  0.000E+00
    2408.6   9/2 -  722.8   5/2    0.0793   10.91    0.0000    0.00    1.000    0.000   1685.8  0.132E+02  0.000E+00
    2408.6   9/2 - 1265.7   5/2    0.0000    0.00    0.0000    0.00    1.000    0.000   1142.9  0.539E-03  0.000E+00
    2408.6   9/2 - 2280.5   5/2    0.0000    0.00    0.0000    0.00    1.000    0.000    128.1  0.112E-07  0.000E+00
    2408.6   9/2 - 2017.3   7/2    0.0006    0.08    0.0117    6.51    0.005    0.073    391.3  0.662E-04  0.123E-01


    2408.6   9/2 - 2408.6   9/2   -0.5972            2.0143
    2408.6   9/2 - 2345.3  11/2    0.0000    0.00    0.0000    0.00    0.000   -0.008     63.3  0.252E-25  0.383E-21
    3007.0   9/2 -  722.8   5/2    0.0002    0.03    0.0000    0.00    1.000    0.000   2284.2  0.154E+00  0.000E+00
    3007.0   9/2 - 1265.7   5/2    0.0305    4.19    0.0000    0.00    1.000    0.000   1741.4  0.595E+01  0.000E+00
    3007.0   9/2 - 2280.5   5/2    0.0038    0.52    0.0000    0.00    1.000    0.000    726.6  0.941E-02  0.000E+00


    3007.0   9/2 - 2017.3   7/2    0.0733   10.07    0.0033    1.82    0.938   -3.905    989.8  0.849E+00  0.557E-01
    3007.0   9/2 - 2435.0   7/2    0.0007    0.09    0.0460   25.66    0.003    0.058    572.0  0.513E-03  0.151E+00
    3007.0   9/2 - 2408.6   9/2    0.0001    0.02    0.0432   24.15    0.001    0.028    598.5  0.127E-03  0.163E+00
    3007.0   9/2 - 3007.0   9/2   -0.2098            1.6702
    3007.0   9/2 - 2345.3  11/2    0.0000    0.00    0.0000    0.00    0.775    1.857    661.8  0.134E-18  0.390E-19


    2345.3  11/2 - 2017.3   7/2    0.0000    0.00    0.0000    0.00    1.000    0.000    328.0  0.191E-20  0.000E+00
    2345.3  11/2 - 2345.3  11/2   -0.6687           -1.4343

 TIME=  0.0 SEC
