 PARITY=-   EPS= 0.414   GAMMA= 15.0   EPS4=0.000   EPS6=0.000   LEVELS:  30  31  32  33  34
0   Z= 82   A=207   IQ=1   GSFAC= 0.75   GR=  0.40   MIN SPIN=  1/2   MAX SPIN= 13/2   KMAX= 13/2

 MICR QUADR MOMENTS:  Q0=2538.528  Q2=-246.977 FM**2


   B(E2) AND Q(E2) IN E2B2 AND EB,   B(M1) AND M(M1) INNM2 AND NM,   T(E2) AND T(M1) IN 1/PS

       E1     II      EF     IF     B(E2)             B(M1)              GD        D       EREL    T(E2)      T(M1)
                                             WU               MWU

     744.6   1/2 -  744.6   1/2    0.0000            0.5570
     744.6   1/2 -  529.7   3/2    0.6241   85.79    0.0449   25.07    0.308   -0.667    214.9  0.349E-02  0.784E-02
     529.7   3/2 -  529.7   3/2    3.8511            1.0186
     529.7   3/2 -    0.0   7/2    0.0000    0.00    0.0000    0.00    1.000    0.000    529.7  0.199E-25  0.000E+00
     952.9   3/2 -  744.6   1/2   12.7508 1752.92    0.2754  153.81    0.582   -1.180    208.3  0.610E-01  0.438E-01


     952.9   3/2 -  529.7   3/2    5.6867  781.77    0.0754   42.13    0.903    3.059    423.2  0.942E+00  0.101E+00
     952.9   3/2 -  952.9   3/2   -3.8511           -0.2609
     952.9   3/2 -  949.4   5/2    0.0037    0.52    0.0032    1.77    0.000    0.003      3.5  0.237E-13  0.237E-08
     952.9   3/2 -    0.0   7/2    0.0000    0.00    0.0000    0.00    1.000    0.000    952.9  0.201E-24  0.000E+00
    1621.6   3/2 -  744.6   1/2    0.0000    0.00    0.0000    0.00    0.000   -0.000    877.0  0.208E-23  0.623E-04


    1621.6   3/2 -  529.7   3/2    0.0000    0.00    0.0037    2.09    0.000   -0.000   1091.9  0.500E-26  0.855E-01
    1621.6   3/2 -  952.9   3/2    0.0000    0.00    0.0002    0.14    0.000    0.000    668.7  0.444E-24  0.128E-02
    1621.6   3/2 - 1621.6   3/2    5.0839           -0.9004
    1621.6   3/2 -  949.4   5/2    0.0000    0.00    0.0022    1.24    0.000   -0.000    672.2  0.120E-23  0.118E-01
    1621.6   3/2 -    0.0   7/2    1.0255  140.98    0.0000    0.00    1.000    0.000   1621.6  0.140E+03  0.000E+00


     949.4   5/2 -  744.6   1/2    3.1535  433.53    0.0000    0.00    1.000    0.000    204.8  0.139E-01  0.000E+00
     949.4   5/2 -  529.7   3/2   20.1348 2768.02    0.0437   24.39    0.983    7.504    419.7  0.320E+01  0.568E-01
     949.4   5/2 -  949.4   5/2   -2.1702            1.4357
     949.4   5/2 -    0.0   7/2    0.0000    0.00    0.0000    0.00    0.000    0.000    949.4  0.225E-24  0.113E-03
    2075.1   5/2 -  744.6   1/2    9.7474 1340.01    0.0000    0.00    1.000    0.000   1330.5  0.496E+03  0.000E+00


    2075.1   5/2 -  529.7   3/2    1.8071  248.43    0.0118    6.57    0.996   15.942   1545.4  0.194E+03  0.765E+00
    2075.1   5/2 -  952.9   3/2    3.9256  539.67    0.0026    1.43    0.999   36.638   1122.2  0.852E+02  0.635E-01
    2075.1   5/2 - 1621.6   3/2    0.0000    0.00    0.0003    0.19    0.000    0.000    453.5  0.553E-22  0.565E-03
    2075.1   5/2 -  949.4   5/2    0.7341  100.92    0.0063    3.53    0.990  -10.103   1125.7  0.162E+02  0.159E+00
    2075.1   5/2 - 2075.1   5/2   -6.8704            1.6504


    2075.1   5/2 -    0.0   7/2    0.0000    0.00    0.0000    0.00    0.000   -0.000   2075.1  0.390E-21  0.343E-03
    2075.1   5/2 - 1977.8   7/2    2.4411  335.59    0.1340   74.86    0.107    0.346     97.3  0.260E-03  0.217E-02
    2075.1   5/2 -  980.8   9/2    0.0000    0.00    0.0000    0.00    1.000    0.000   1094.3  0.958E-22  0.000E+00
    2075.1   5/2 - 1073.0   9/2    0.0000    0.00    0.0000    0.00    1.000    0.000   1002.1  0.154E-21  0.000E+00
    2231.0   5/2 -  744.6   1/2    0.0000    0.00    0.0000    0.00    1.000    0.000   1486.4  0.981E-12  0.000E+00


    2231.0   5/2 -  529.7   3/2    0.0000    0.00    0.0016    0.87    0.000    0.000   1701.3  0.300E-12  0.134E+00
    2231.0   5/2 -  952.9   3/2    0.0000    0.00    0.0002    0.12    0.000    0.000   1278.1  0.181E-12  0.798E-02
    2231.0   5/2 - 1621.6   3/2   21.9856 3022.46    0.3991  222.89    0.934   -3.766    609.4  0.225E+02  0.159E+01
    2231.0   5/2 -  949.4   5/2    0.0000    0.00    0.0014    0.81    0.000    0.000   1281.6  0.364E-13  0.536E-01
    2231.0   5/2 - 2075.1   5/2    0.0000    0.00    0.0002    0.13    0.000   -0.000    155.9  0.165E-16  0.159E-04


    2231.0   5/2 - 2231.0   5/2   -1.7882           -0.0888
    2231.0   5/2 -    0.0   7/2    0.0806   11.08    0.0021    1.15    0.993   11.617   2231.0  0.543E+02  0.403E+00
    2231.0   5/2 - 1977.8   7/2    0.0000    0.00    0.0027    1.53    0.000    0.000    253.2  0.312E-16  0.785E-03
    2231.0   5/2 -  980.8   9/2    0.0000    0.00    0.0000    0.00    1.000    0.000   1250.1  0.130E-13  0.000E+00
    2231.0   5/2 - 1073.0   9/2    1.2049  165.65    0.0000    0.00    1.000    0.000   1158.0  0.306E+02  0.000E+00


       0.0   7/2 -    0.0   7/2   11.8632           -0.5516
    1977.8   7/2 -  529.7   3/2    9.2623 1273.33    0.0000    0.00    1.000    0.000   1448.1  0.720E+03  0.000E+00
    1977.8   7/2 -  952.9   3/2    0.2434   33.46    0.0000    0.00    1.000    0.000   1024.9  0.336E+01  0.000E+00
    1977.8   7/2 - 1621.6   3/2    0.0000    0.00    0.0000    0.00    1.000    0.000    356.2  0.289E-27  0.000E+00
    1977.8   7/2 -  949.4   5/2    9.0886 1249.44    0.0157    8.75    0.998   20.621   1028.4  0.128E+03  0.300E+00


    1977.8   7/2 -    0.0   7/2    0.0000    0.00    0.0000    0.00    0.000   -0.000   1977.8  0.468E-24  0.119E-02
    1977.8   7/2 - 1977.8   7/2   -6.2790            1.4823
    1977.8   7/2 -  980.8   9/2    0.0000    0.00    0.0000    0.01    0.000    0.000    996.9  0.871E-26  0.183E-03
    1977.8   7/2 - 1073.0   9/2    0.0000    0.00    0.0000    0.02    0.000    0.000    904.8  0.452E-24  0.526E-03
    2295.7   7/2 -  529.7   3/2    0.0065    0.90    0.0000    0.00    1.000    0.000   1766.0  0.137E+01  0.000E+00


    2295.7   7/2 -  952.9   3/2   16.3080 2241.93    0.0000    0.00    1.000    0.000   1342.8  0.869E+03  0.000E+00
    2295.7   7/2 - 1621.6   3/2    0.0000    0.00    0.0000    0.00    1.000    0.000    674.1  0.349E-23  0.000E+00
    2295.7   7/2 -  949.4   5/2    0.7895  108.54    0.1345   75.12    0.881    2.716   1346.3  0.426E+02  0.578E+01
    2295.7   7/2 - 2075.1   5/2    4.0202  552.67    0.2114  118.06    0.391   -0.801    220.6  0.256E-01  0.399E-01
    2295.7   7/2 - 2231.0   5/2    0.0000    0.00    0.0004    0.21    0.000    0.000     64.7  0.605E-19  0.182E-05


    2295.7   7/2 -    0.0   7/2    0.0000    0.00    0.0000    0.00    0.000    0.000   2295.7  0.255E-22  0.159E-03
    2295.7   7/2 - 1977.8   7/2    0.8030  110.40    0.0597   33.35    0.485    0.971    317.9  0.318E-01  0.338E-01
    2295.7   7/2 - 2295.7   7/2   -7.1696            0.5694
    2295.7   7/2 -  980.8   9/2    0.0000    0.00    0.0000    0.00    0.000    0.000   1314.8  0.739E-25  0.654E-04
    2295.7   7/2 - 1073.0   9/2    0.0000    0.00    0.0000    0.01    0.000   -0.000   1222.7  0.464E-25  0.299E-03


    2295.7   7/2 - 2284.8  11/2    0.0000    0.00    0.0000    0.00    1.000    0.000     10.9  0.582E-33  0.000E+00
     980.8   9/2 -  949.4   5/2    0.0000    0.00    0.0000    0.00    1.000    0.000     31.4  0.484E-33  0.000E+00
     980.8   9/2 -    0.0   7/2    0.0000    0.00    0.0022    1.23    0.000    0.000    980.8  0.563E-22  0.367E-01
     980.8   9/2 -  980.8   9/2   13.8463            1.6272
    1073.0   9/2 -  949.4   5/2    0.0000    0.00    0.0000    0.00    1.000    0.000    123.6  0.992E-29  0.000E+00


    1073.0   9/2 -    0.0   7/2   21.4764 2952.45    0.2652  148.11    0.985   -8.039   1073.0  0.373E+03  0.577E+01
    1073.0   9/2 -  980.8   9/2    0.0000    0.00    0.0009    0.51    0.000   -0.000     92.2  0.449E-24  0.127E-04
    1073.0   9/2 - 1073.0   9/2    4.6615            0.2042
    2482.2   9/2 -  949.4   5/2   15.7426 2164.20    0.0000    0.00    1.000    0.000   1532.8  0.163E+04  0.000E+00
    2482.2   9/2 - 2075.1   5/2    0.7254   99.72    0.0000    0.00    1.000    0.000    407.1  0.990E-01  0.000E+00


    2482.2   9/2 - 2231.0   5/2    0.0000    0.00    0.0000    0.00    1.000    0.000    251.3  0.119E-16  0.000E+00
    2482.2   9/2 -    0.0   7/2    0.0000    0.00    0.0000    0.01    0.000    0.000   2482.2  0.679E-21  0.337E-02
    2482.2   9/2 - 1977.8   7/2    7.9298 1090.14    0.0507   28.33    0.965    5.251    504.5  0.316E+01  0.115E+00
    2482.2   9/2 - 2295.7   7/2    0.0243    3.34    0.0047    2.62    0.111    0.354    186.6  0.669E-04  0.535E-03
    2482.2   9/2 -  980.8   9/2    0.0000    0.00    0.0000    0.00    0.000   -0.000   1501.4  0.533E-22  0.363E-03


    2482.2   9/2 - 1073.0   9/2    0.0000    0.00    0.0000    0.01    0.000    0.000   1409.2  0.115E-23  0.906E-03
    2482.2   9/2 - 2482.2   9/2   -6.5360            2.1982
    2482.2   9/2 - 2284.8  11/2    0.0000    0.00    0.0000    0.02    0.000    0.000    197.4  0.139E-26  0.382E-05
    2482.2   9/2 - 2348.3  11/2    0.0000    0.00    0.0001    0.05    0.000    0.000    133.9  0.225E-27  0.402E-05
    2284.8  11/2 -    0.0   7/2    0.0000    0.00    0.0000    0.00    1.000    0.000   2284.8  0.278E-17  0.000E+00


    2284.8  11/2 - 1977.8   7/2    0.0000    0.00    0.0000    0.00    1.000    0.000    307.0  0.219E-27  0.000E+00
    2284.8  11/2 -  980.8   9/2   19.8617 2730.48    0.0013    0.74    1.000 -133.310   1304.0  0.914E+03  0.514E-01
    2284.8  11/2 - 1073.0   9/2    0.0000    0.00    0.0016    0.89    0.000    0.000   1211.8  0.104E-17  0.500E-01
    2284.8  11/2 - 2284.8  11/2    6.9756            2.0479
    2348.3  11/2 -    0.0   7/2    4.9182  676.13    0.0000    0.00    1.000    0.000   2348.3  0.429E+04  0.000E+00


    2348.3  11/2 - 1977.8   7/2    0.0000    0.00    0.0000    0.00    1.000    0.000    370.6  0.305E-26  0.000E+00
    2348.3  11/2 - 2295.7   7/2    0.0000    0.00    0.0000    0.00    1.000    0.000     52.7  0.300E-30  0.000E+00
    2348.3  11/2 -  980.8   9/2    0.0000    0.00    0.0001    0.04    0.000    0.000   1367.5  0.238E-18  0.353E-02
    2348.3  11/2 - 1073.0   9/2   21.0694 2896.50    0.4064  227.00    0.983   -7.645   1275.4  0.867E+03  0.148E+02
    2348.3  11/2 - 2284.8  11/2    0.0000    0.00    0.0021    1.19    0.000   -0.000     63.5  0.245E-25  0.960E-05


    2348.3  11/2 - 2348.3  11/2    0.4498            0.8553

 TIME=  0.0 SEC
