 PARITY=-   EPS= 0.059   GAMMA= 25.0   EPS4=0.000   EPS6=0.000   LEVELS:  32  33  34  35  36
0   Z= 82   A=207   IQ=0   GSFAC= 0.75   GR=  0.40   MIN SPIN=  1/2   MAX SPIN= 13/2   KMAX= 13/2

 MACR QUADR MOMENTS:  Q0= 180.734  Q2= -55.252 FM**2


   B(E2) AND Q(E2) IN E2B2 AND EB,   B(M1) AND M(M1) INNM2 AND NM,   T(E2) AND T(M1) IN 1/PS

       E1     II      EF     IF     B(E2)             B(M1)              GD        D       EREL    T(E2)      T(M1)
                                             WU               MWU

     181.6   1/2 -  181.6   1/2    0.0000            0.4778
     181.6   1/2 -    0.0   3/2    0.0062    0.85    0.4271  238.55    0.000   -0.018    181.6  0.149E-04  0.450E-01
     181.6   1/2 -   33.6   5/2    0.0041    0.56    0.0000    0.00    1.000    0.000    148.0  0.354E-05  0.000E+00
     942.9   1/2 -  181.6   1/2    0.0000    0.00    0.0002    0.12    0.000    0.000    761.2  0.000E+00  0.172E-02
     942.9   1/2 -  942.9   1/2    0.0000            0.4227


     942.9   1/2 -    0.0   3/2    0.0185    2.54    0.0016    0.89    0.877    2.667    942.9  0.168E+00  0.236E-01
     942.9   1/2 -  913.1   3/2    0.0005    0.07    0.0168    9.37    0.000    0.004     29.8  0.143E-09  0.780E-05
     942.9   1/2 -   33.6   5/2    0.0274    3.76    0.0000    0.00    1.000    0.000    909.3  0.208E+00  0.000E+00
     942.9   1/2 -  738.3   5/2    0.0027    0.37    0.0000    0.00    1.000    0.000    204.6  0.118E-04  0.000E+00
     942.9   1/2 -  927.3   5/2    0.0010    0.14    0.0000    0.00    1.000    0.000     15.5  0.109E-10  0.000E+00


    1312.2   1/2 -  181.6   1/2    0.0000    0.00    0.0005    0.28    0.000    0.000   1130.6  0.000E+00  0.127E-01
    1312.2   1/2 -  942.9   1/2    0.0000    0.00    0.0241   13.45    0.000    0.000    369.4  0.000E+00  0.214E-01
    1312.2   1/2 - 1312.2   1/2    0.0000            0.4238
    1312.2   1/2 -    0.0   3/2    0.0046    0.64    0.0323   18.05    0.146   -0.414   1312.2  0.220E+00  0.129E+01
    1312.2   1/2 -  913.1   3/2    0.0000    0.00    0.0010    0.58    0.001   -0.025    399.2  0.705E-06  0.117E-02


    1312.2   1/2 -   33.6   5/2    0.0086    1.18    0.0000    0.00    1.000    0.000   1278.6  0.357E+00  0.000E+00
    1312.2   1/2 -  738.3   5/2    0.0395    5.43    0.0000    0.00    1.000    0.000    573.9  0.300E-01  0.000E+00
    1312.2   1/2 -  927.3   5/2    0.0000    0.00    0.0000    0.00    1.000    0.000    384.9  0.151E-06  0.000E+00
       0.0   3/2 -    0.0   3/2    0.3640           -0.0116
     913.1   3/2 -  181.6   1/2    0.0716    9.84    0.0720   40.22    0.269    0.607    731.5  0.183E+00  0.496E+00


     913.1   3/2 -    0.0   3/2    0.0000    0.00    0.2152  120.18    0.000   -0.001    913.1  0.166E-05  0.288E+01
     913.1   3/2 -  913.1   3/2   -0.2728            0.5632
     913.1   3/2 -   33.6   5/2    0.0006    0.08    0.0683   38.13    0.004    0.066    879.5  0.354E-02  0.817E+00
     913.1   3/2 -  738.3   5/2    0.0052    0.72    0.1802  100.67    0.001    0.025    174.8  0.104E-04  0.169E-01
     913.1   3/2 -  763.6   7/2    0.0000    0.00    0.0000    0.00    1.000    0.000    149.5  0.321E-07  0.000E+00


      33.6   5/2 -    0.0   3/2    0.0305    4.19    0.0212   11.85    0.001   -0.034     33.6  0.159E-07  0.142E-04
      33.6   5/2 -   33.6   5/2    0.4795            0.8855
     738.3   5/2 -  181.6   1/2    0.0001    0.01    0.0000    0.00    1.000    0.000    556.7  0.466E-04  0.000E+00
     738.3   5/2 -    0.0   3/2    0.0801   11.01    0.0850   47.46    0.263   -0.597    738.3  0.214E+00  0.602E+00
     738.3   5/2 -   33.6   5/2    0.0275    3.78    0.0328   18.34    0.224    0.537    704.7  0.584E-01  0.202E+00


     738.3   5/2 -  738.3   5/2    0.1273            0.6087
     927.3   5/2 -  181.6   1/2    0.0728   10.01    0.0000    0.00    1.000    0.000    745.7  0.205E+00  0.000E+00
     927.3   5/2 -    0.0   3/2    0.0000    0.00    0.0307   17.15    0.001    0.022    927.3  0.217E-03  0.431E+00
     927.3   5/2 -  913.1   3/2    0.0099    1.36    0.0426   23.78    0.000    0.006     14.2  0.709E-10  0.216E-05
     927.3   5/2 -   33.6   5/2    0.0000    0.00    0.0449   25.10    0.000   -0.020    893.7  0.236E-03  0.565E+00


     927.3   5/2 -  738.3   5/2    0.0005    0.07    0.1378   76.99    0.000   -0.010    189.0  0.151E-05  0.164E-01
     927.3   5/2 -  927.3   5/2   -0.3896            1.2158
     927.3   5/2 -  763.6   7/2    0.0027    0.37    0.0582   32.52    0.001   -0.029    163.8  0.387E-05  0.450E-02
    1712.5   5/2 -  181.6   1/2    0.0001    0.01    0.0000    0.00    1.000    0.000   1530.9  0.542E-02  0.000E+00
    1712.5   5/2 -  942.9   1/2    0.0602    8.28    0.0000    0.00    1.000    0.000    769.6  0.198E+00  0.000E+00


    1712.5   5/2 - 1312.2   1/2    0.0005    0.06    0.0000    0.00    1.000    0.000    400.2  0.570E-04  0.000E+00
    1712.5   5/2 -    0.0   3/2    0.0002    0.02    0.0014    0.79    0.199   -0.499   1712.5  0.313E-01  0.126E+00
    1712.5   5/2 -  913.1   3/2    0.0007    0.09    0.0005    0.25    0.394   -0.806    799.4  0.265E-02  0.408E-02
    1712.5   5/2 -   33.6   5/2    0.0011    0.15    0.0009    0.50    0.707    1.553   1678.9  0.180E+00  0.745E-01
    1712.5   5/2 -  738.3   5/2    0.0010    0.13    0.0041    2.31    0.132    0.390    974.2  0.102E-01  0.673E-01


    1712.5   5/2 -  927.3   5/2    0.0041    0.57    0.0001    0.07    0.932   -3.712    785.1  0.150E-01  0.109E-02
    1712.5   5/2 - 1712.5   5/2   -0.4627            1.1915
    1712.5   5/2 -  763.6   7/2    0.0205    2.81    0.0004    0.24    0.967    5.425    948.9  0.192E+00  0.653E-02
    1712.5   5/2 - 1484.4   7/2    0.0030    0.42    0.0014    0.78    0.073    0.280    228.1  0.228E-04  0.291E-03
    1712.5   5/2 - 1391.9   9/2    0.0173    2.38    0.0000    0.00    1.000    0.000    320.5  0.713E-03  0.000E+00


    2006.5   5/2 -  181.6   1/2    0.0026    0.36    0.0000    0.00    1.000    0.000   1824.9  0.638E+00  0.000E+00
    2006.5   5/2 -  942.9   1/2    0.0011    0.15    0.0000    0.00    1.000    0.000   1063.7  0.177E-01  0.000E+00
    2006.5   5/2 - 1312.2   1/2    0.0002    0.03    0.0000    0.00    1.000    0.000    694.3  0.410E-03  0.000E+00
    2006.5   5/2 -    0.0   3/2    0.0000    0.00    0.0031    1.72    0.001    0.030   2006.5  0.392E-03  0.439E+00
    2006.5   5/2 -  913.1   3/2    0.0111    1.53    0.0031    1.75    0.746    1.714   1093.5  0.212E+00  0.720E-01


    2006.5   5/2 -   33.6   5/2    0.0002    0.02    0.0042    2.33    0.097    0.329   1972.9  0.608E-01  0.564E+00
    2006.5   5/2 -  738.3   5/2    0.0000    0.00    0.0034    1.92    0.002    0.045   1268.2  0.252E-03  0.123E+00
    2006.5   5/2 -  927.3   5/2    0.0424    5.83    0.0044    2.45    0.887    2.795   1079.2  0.758E+00  0.970E-01
    2006.5   5/2 - 1712.5   5/2    0.0181    2.48    0.0317   17.71    0.033    0.185    294.1  0.485E-03  0.142E-01
    2006.5   5/2 - 2006.5   5/2    0.3090            1.2696


    2006.5   5/2 -  763.6   7/2    0.0008    0.10    0.0009    0.48    0.486    0.972   1243.0  0.275E-01  0.290E-01
    2006.5   5/2 - 1484.4   7/2    0.0000    0.00    0.0611   34.14    0.000   -0.007    522.2  0.773E-05  0.153E+00
    2006.5   5/2 - 1391.9   9/2    0.0005    0.06    0.0000    0.00    1.000    0.000    614.6  0.491E-03  0.000E+00
     763.6   7/2 -    0.0   3/2    0.0116    1.60    0.0000    0.00    1.000    0.000    763.6  0.369E-01  0.000E+00
     763.6   7/2 -   33.6   5/2    0.0953   13.10    0.0022    1.22    0.941   -4.008    730.0  0.241E+00  0.150E-01


     763.6   7/2 -  738.3   5/2    0.0007    0.10    0.0168    9.39    0.000    0.004     25.3  0.903E-10  0.478E-05
     763.6   7/2 -  763.6   7/2    0.0399            1.3641
    1484.4   7/2 -    0.0   3/2    0.0511    7.03    0.0000    0.00    1.000    0.000   1484.4  0.449E+01  0.000E+00
    1484.4   7/2 -  913.1   3/2    0.0038    0.53    0.0000    0.00    1.000    0.000    571.3  0.284E-02  0.000E+00
    1484.4   7/2 -   33.6   5/2    0.0048    0.67    0.0132    7.39    0.348    0.730   1450.7  0.379E+00  0.711E+00


    1484.4   7/2 -  738.3   5/2    0.0296    4.07    0.0178    9.93    0.391   -0.802    746.1  0.835E-01  0.130E+00
    1484.4   7/2 -  927.3   5/2    0.0011    0.15    0.0848   47.37    0.003   -0.052    557.0  0.692E-03  0.258E+00
    1484.4   7/2 -  763.6   7/2    0.0043    0.60    0.0008    0.45    0.663    1.401    720.8  0.103E-01  0.526E-02
    1484.4   7/2 - 1484.4   7/2    0.2012            1.1852
    1484.4   7/2 - 1391.9   9/2    0.0037    0.52    0.0582   32.52    0.000   -0.020     92.4  0.308E-06  0.809E-03


    2168.2   7/2 -    0.0   3/2    0.0002    0.03    0.0000    0.00    1.000    0.000   2168.2  0.135E+00  0.000E+00
    2168.2   7/2 -  913.1   3/2    0.0316    4.35    0.0000    0.00    1.000    0.000   1255.1  0.120E+01  0.000E+00
    2168.2   7/2 -   33.6   5/2    0.0003    0.05    0.0007    0.41    0.593    1.207   2134.6  0.183E+00  0.126E+00
    2168.2   7/2 -  738.3   5/2    0.0243    3.34    0.0007    0.39    0.980    7.044   1429.9  0.177E+01  0.357E-01
    2168.2   7/2 -  927.3   5/2    0.0049    0.67    0.0162    9.05    0.242    0.566   1240.9  0.174E+00  0.545E+00


    2168.2   7/2 - 1712.5   5/2    0.0012    0.16    0.0280   15.66    0.006   -0.077    455.7  0.280E-03  0.467E-01
    2168.2   7/2 - 2006.5   5/2    0.0001    0.01    0.1729   96.56    0.000   -0.002    161.7  0.766E-07  0.129E-01
    2168.2   7/2 -  763.6   7/2    0.0039    0.54    0.0092    5.16    0.368   -0.762   1404.6  0.262E+00  0.451E+00
    2168.2   7/2 - 1484.4   7/2    0.0419    5.76    0.1197   66.86    0.102   -0.337    683.9  0.764E-01  0.674E+00
    2168.2   7/2 - 2168.2   7/2    0.3324            0.9471


    2168.2   7/2 - 1391.9   9/2    0.0032    0.44    0.0341   19.07    0.038    0.199    776.3  0.111E-01  0.281E+00
    2350.5   7/2 -    0.0   3/2    0.0001    0.01    0.0000    0.00    1.000    0.000   2350.5  0.888E-01  0.000E+00
    2350.5   7/2 -  913.1   3/2    0.0550    7.56    0.0000    0.00    1.000    0.000   1437.4  0.412E+01  0.000E+00
    2350.5   7/2 -   33.6   5/2    0.0001    0.01    0.0178    9.94    0.018   -0.136   2316.9  0.716E-01  0.389E+01
    2350.5   7/2 -  738.3   5/2    0.0118    1.62    0.0638   35.61    0.249   -0.576   1612.2  0.156E+01  0.470E+01


    2350.5   7/2 -  927.3   5/2    0.0043    0.60    0.0950   53.05    0.060    0.253   1423.1  0.309E+00  0.482E+01
    2350.5   7/2 - 1712.5   5/2    0.0025    0.35    0.0005    0.30    0.569    1.149    638.0  0.327E-02  0.248E-02
    2350.5   7/2 - 2006.5   5/2    0.0011    0.15    0.0350   19.53    0.003   -0.051    343.9  0.649E-04  0.250E-01
    2350.5   7/2 -  763.6   7/2    0.0036    0.49    0.0601   33.56    0.094    0.323   1586.9  0.440E+00  0.423E+01
    2350.5   7/2 - 1484.4   7/2    0.0122    1.68    0.0483   26.97    0.116    0.362    866.1  0.725E-01  0.552E+00


    2350.5   7/2 - 2168.2   7/2    0.0125    1.72    0.0108    6.04    0.026   -0.163    182.2  0.307E-04  0.115E-02
    2350.5   7/2 - 2350.5   7/2   -0.1770            0.9763
    2350.5   7/2 - 1391.9   9/2    0.0007    0.10    0.0386   21.54    0.012    0.108    958.5  0.696E-02  0.598E+00
    2350.5   7/2 - 2184.5   9/2    0.0057    0.79    0.0081    4.51    0.013    0.116    165.9  0.877E-05  0.650E-03
    2350.5   7/2 - 2315.0   9/2    0.0008    0.11    0.0003    0.14    0.003   -0.053     35.5  0.553E-09  0.199E-06


    2350.5   7/2 - 2348.6  11/2    0.0026    0.36    0.0000    0.00    1.000    0.000      1.9  0.699E-15  0.000E+00
    2539.7   7/2 -    0.0   3/2    0.0001    0.01    0.0000    0.00    1.000    0.000   2539.7  0.135E+00  0.000E+00
    2539.7   7/2 -  913.1   3/2    0.0021    0.29    0.0000    0.00    1.000    0.000   1626.6  0.290E+00  0.000E+00
    2539.7   7/2 -   33.6   5/2    0.0002    0.02    0.0024    1.32    0.227    0.541   2506.1  0.192E+00  0.656E+00
    2539.7   7/2 -  738.3   5/2    0.0068    0.94    0.0084    4.71    0.645   -1.348   1801.4  0.158E+01  0.867E+00


    2539.7   7/2 -  927.3   5/2    0.0003    0.04    0.0062    3.48    0.074    0.283   1612.4  0.368E-01  0.460E+00
    2539.7   7/2 - 1712.5   5/2    0.0002    0.02    0.0441   24.62    0.002    0.044    827.3  0.853E-03  0.439E+00
    2539.7   7/2 - 2006.5   5/2    0.0007    0.10    0.0009    0.53    0.132   -0.390    533.2  0.384E-03  0.252E-02
    2539.7   7/2 -  763.6   7/2    0.0002    0.03    0.0000    0.01    0.961   -4.961   1776.2  0.533E-01  0.217E-02
    2539.7   7/2 - 1484.4   7/2    0.0003    0.04    0.0039    2.18    0.060    0.253   1055.4  0.515E-02  0.806E-01


    2539.7   7/2 - 2168.2   7/2    0.0052    0.72    0.0110    6.16    0.043    0.213    371.5  0.452E-03  0.996E-02
    2539.7   7/2 - 2350.5   7/2    0.0089    1.23    0.0268   14.98    0.008   -0.091    189.3  0.264E-04  0.320E-02
    2539.7   7/2 - 2539.7   7/2   -0.4916            1.3670
    2539.7   7/2 - 1391.9   9/2    0.0175    2.40    0.0085    4.76    0.652    1.368   1147.8  0.425E+00  0.227E+00
    2539.7   7/2 - 2184.5   9/2    0.0020    0.28    0.0137    7.67    0.013    0.113    355.2  0.139E-03  0.108E-01


    2539.7   7/2 - 2315.0   9/2    0.0020    0.27    0.0003    0.17    0.187    0.480    224.8  0.137E-04  0.595E-04
    2539.7   7/2 - 2358.0   9/2    0.0019    0.26    0.0041    2.31    0.010   -0.103    181.7  0.460E-05  0.436E-03
    2539.7   7/2 - 2348.6  11/2    0.0101    1.38    0.0000    0.00    1.000    0.000    191.1  0.313E-04  0.000E+00
    1391.9   9/2 -   33.6   5/2    0.0622    8.55    0.0000    0.00    1.000    0.000   1358.3  0.351E+01  0.000E+00
    1391.9   9/2 -  738.3   5/2    0.0049    0.67    0.0000    0.00    1.000    0.000    653.6  0.713E-02  0.000E+00


    1391.9   9/2 -  927.3   5/2    0.0014    0.19    0.0000    0.00    1.000    0.000    464.6  0.364E-03  0.000E+00
    1391.9   9/2 -  763.6   7/2    0.0360    4.94    0.0153    8.53    0.392   -0.803    628.4  0.430E-01  0.667E-01
    1391.9   9/2 - 1391.9   9/2    0.1174            1.5831
    2184.5   9/2 -   33.6   5/2    0.0004    0.06    0.0000    0.00    1.000    0.000   2150.9  0.252E+00  0.000E+00
    2184.5   9/2 -  738.3   5/2    0.0119    1.63    0.0000    0.00    1.000    0.000   1446.2  0.917E+00  0.000E+00


    2184.5   9/2 -  927.3   5/2    0.0156    2.15    0.0000    0.00    1.000    0.000   1257.2  0.599E+00  0.000E+00
    2184.5   9/2 - 1712.5   5/2    0.0031    0.42    0.0000    0.00    1.000    0.000    472.1  0.876E-03  0.000E+00
    2184.5   9/2 - 2006.5   5/2    0.0010    0.13    0.0000    0.00    1.000    0.000    178.0  0.210E-05  0.000E+00
    2184.5   9/2 -  763.6   7/2    0.0259    3.56    0.0128    7.14    0.739   -1.683   1421.0  0.183E+01  0.645E+00
    2184.5   9/2 - 1484.4   7/2    0.0003    0.03    0.0273   15.25    0.003    0.056    700.2  0.516E-03  0.165E+00


    2184.5   9/2 - 2168.2   7/2    0.0026    0.36    0.0264   14.72    0.000   -0.004     16.3  0.366E-10  0.202E-05
    2184.5   9/2 - 1391.9   9/2    0.0411    5.64    0.0217   12.11    0.452    0.908    792.6  0.157E+00  0.190E+00
    2184.5   9/2 - 2184.5   9/2    0.5450            1.6495
    2315.0   9/2 -   33.6   5/2    0.0000    0.00    0.0000    0.00    1.000    0.000   2281.4  0.527E-02  0.000E+00
    2315.0   9/2 -  738.3   5/2    0.0196    2.69    0.0000    0.00    1.000    0.000   1576.7  0.233E+01  0.000E+00


    2315.0   9/2 -  927.3   5/2    0.0714    9.81    0.0000    0.00    1.000    0.000   1387.6  0.448E+01  0.000E+00
    2315.0   9/2 - 1712.5   5/2    0.0054    0.74    0.0000    0.00    1.000    0.000    602.5  0.522E-02  0.000E+00
    2315.0   9/2 - 2006.5   5/2    0.0016    0.22    0.0000    0.00    1.000    0.000    308.4  0.549E-04  0.000E+00
    2315.0   9/2 -  763.6   7/2    0.0000    0.00    0.0000    0.00    0.955   -4.624   1551.4  0.129E-02  0.604E-04
    2315.0   9/2 - 1484.4   7/2    0.0070    0.96    0.0011    0.63    0.746    1.713    830.6  0.336E-01  0.115E-01


    2315.0   9/2 - 2168.2   7/2    0.0015    0.21    0.0013    0.75    0.017   -0.131    146.7  0.128E-05  0.745E-04
    2315.0   9/2 - 1391.9   9/2    0.0043    0.59    0.0211   11.76    0.108   -0.347    923.0  0.351E-01  0.291E+00
    2315.0   9/2 - 2184.5   9/2    0.0101    1.39    0.0000    0.01    0.820   -2.132    130.4  0.466E-05  0.103E-05
    2315.0   9/2 - 2315.0   9/2   -0.1300            2.4960
    2358.0   9/2 -   33.6   5/2    0.0000    0.00    0.0000    0.00    1.000    0.000   2324.4  0.380E-04  0.000E+00


    2358.0   9/2 -  738.3   5/2    0.0440    6.04    0.0000    0.00    1.000    0.000   1619.7  0.598E+01  0.000E+00
    2358.0   9/2 -  927.3   5/2    0.0144    1.98    0.0000    0.00    1.000    0.000   1430.7  0.105E+01  0.000E+00
    2358.0   9/2 - 1712.5   5/2    0.0034    0.47    0.0000    0.00    1.000    0.000    645.6  0.469E-02  0.000E+00
    2358.0   9/2 - 2006.5   5/2    0.0000    0.00    0.0000    0.00    1.000    0.000    351.5  0.859E-06  0.000E+00
    2358.0   9/2 -  763.6   7/2    0.0205    2.82    0.0372   20.77    0.493    0.986   1594.5  0.258E+01  0.265E+01


    2358.0   9/2 - 1484.4   7/2    0.0356    4.90    0.0805   44.94    0.190   -0.484    873.7  0.221E+00  0.944E+00
    2358.0   9/2 - 2168.2   7/2    0.0124    1.70    0.0097    5.43    0.031    0.178    189.8  0.373E-04  0.117E-02
    2358.0   9/2 - 2350.5   7/2    0.0001    0.02    0.0703   39.26    0.000   -0.000      7.6  0.395E-13  0.534E-06
    2358.0   9/2 - 1391.9   9/2    0.0005    0.07    0.0530   29.62    0.007   -0.081    966.1  0.552E-02  0.842E+00
    2358.0   9/2 - 2184.5   9/2    0.0018    0.24    0.0116    6.50    0.003    0.056    173.5  0.336E-05  0.107E-02


    2358.0   9/2 - 2315.0   9/2    0.0018    0.24    0.0016    0.87    0.001    0.038     43.1  0.321E-08  0.220E-05
    2358.0   9/2 - 2358.0   9/2    0.0305            1.1439
    2358.0   9/2 - 2348.6  11/2    0.0000    0.00    0.0000    0.01    0.000   -0.009      9.4  0.250E-13  0.346E-09
    2348.6  11/2 -  763.6   7/2    0.0796   10.94    0.0000    0.00    1.000    0.000   1585.0  0.971E+01  0.000E+00
    2348.6  11/2 - 1484.4   7/2    0.0004    0.05    0.0000    0.00    1.000    0.000    864.3  0.221E-02  0.000E+00


    2348.6  11/2 - 2168.2   7/2    0.0011    0.15    0.0000    0.00    1.000    0.000    180.4  0.254E-05  0.000E+00
    2348.6  11/2 - 1391.9   9/2    0.0358    4.92    0.0039    2.19    0.853   -2.405    956.7  0.350E+00  0.604E-01
    2348.6  11/2 - 2184.5   9/2    0.0178    2.45    0.0007    0.41    0.312   -0.674    164.1  0.259E-04  0.570E-04
    2348.6  11/2 - 2315.0   9/2    0.0004    0.06    0.0607   33.91    0.000    0.002     33.7  0.219E-09  0.407E-04
    2348.6  11/2 - 2348.6  11/2    0.0781            2.2031



 TIME=  0.0 SEC
