 PARITY=-   EPS= 0.173   GAMMA= 10.0   EPS4=0.000   EPS6=0.000   LEVELS:  32  33  34  35  36
0   Z= 82   A=207   IQ=0   GSFAC= 0.75   GR=  0.40   MIN SPIN=  1/2   MAX SPIN= 13/2   KMAX= 13/2

 MACR QUADR MOMENTS:  Q0= 618.079  Q2= -59.117 FM**2


   B(E2) AND Q(E2) IN E2B2 AND EB,   B(M1) AND M(M1) INNM2 AND NM,   T(E2) AND T(M1) IN 1/PS

       E1     II      EF     IF     B(E2)             B(M1)              GD        D       EREL    T(E2)      T(M1)
                                             WU               MWU

       0.0   1/2 -    0.0   1/2    0.0000            0.4868
     705.1   3/2 -    0.0   1/2    0.7616  104.70    0.0979   54.66    0.728    1.638    705.1  0.162E+01  0.604E+00
     705.1   3/2 -  705.1   3/2   -1.2333            0.8509
    1811.2   3/2 -    0.0   1/2    0.0000    0.00    0.0899   50.22    0.000   -0.008   1811.2  0.651E-03  0.940E+01
    1811.2   3/2 -  705.1   3/2    0.0000    0.00    0.0732   40.90    0.000   -0.014   1106.0  0.354E-03  0.174E+01


    1811.2   3/2 - 1811.2   3/2    1.2386           -0.4237
    1811.2   3/2 -  746.4   5/2    0.0000    0.00    0.0186   10.38    0.000   -0.006   1064.8  0.150E-04  0.395E+00
     746.4   5/2 -    0.0   1/2    0.7616  104.70    0.0000    0.00    1.000    0.000    746.4  0.215E+01  0.000E+00
     746.4   5/2 -  705.1   3/2    0.2160   29.69    0.0841   47.00    0.003    0.055     41.3  0.315E-06  0.104E-03
     746.4   5/2 -  746.4   5/2   -1.7619            1.0709


    2223.2   5/2 -    0.0   1/2    0.0001    0.01    0.0000    0.00    1.000    0.000   2223.2  0.411E-01  0.000E+00
    2223.2   5/2 -  705.1   3/2    0.0002    0.03    0.0369   20.62    0.008    0.092   1518.0  0.191E-01  0.227E+01
    2223.2   5/2 - 1811.2   3/2    0.6556   90.13    0.0784   43.80    0.496   -0.992    412.0  0.950E-01  0.965E-01
    2223.2   5/2 -  746.4   5/2    0.0003    0.05    0.0425   23.72    0.012    0.109   1476.8  0.288E-01  0.241E+01
    2223.2   5/2 - 2223.2   5/2    0.8785            0.6744


    2617.2   5/2 -    0.0   1/2    0.0000    0.01    0.0000    0.00    1.000    0.000   2617.2  0.586E-01  0.000E+00
    2617.2   5/2 -  705.1   3/2    0.0002    0.02    0.0343   19.13    0.012   -0.109   1912.0  0.499E-01  0.421E+01
    2617.2   5/2 - 1811.2   3/2    0.6466   88.89    0.1134   63.35    0.720   -1.602    806.0  0.268E+01  0.105E+01
    2617.2   5/2 -  746.4   5/2    0.0004    0.06    0.0405   22.62    0.024   -0.158   1870.8  0.116E+00  0.467E+01
    2617.2   5/2 - 2223.2   5/2    0.4876   67.04    0.0781   43.60    0.402    0.820    394.0  0.565E-01  0.840E-01


    2617.2   5/2 - 2617.2   5/2    0.8946            0.7873
    2617.2   5/2 - 2383.3   7/2    0.0006    0.08    0.0131    7.31    0.002   -0.040    233.9  0.481E-05  0.295E-02
    2617.2   5/2 - 2458.0   9/2    0.0000    0.01    0.0000    0.00    1.000    0.000    159.2  0.550E-07  0.000E+00
    2383.3   7/2 -  705.1   3/2    0.9820  135.00    0.0000    0.00    1.000    0.000   1678.1  0.159E+03  0.000E+00
    2383.3   7/2 - 1811.2   3/2    0.0000    0.00    0.0000    0.00    1.000    0.000    572.1  0.457E-05  0.000E+00


    2383.3   7/2 -  746.4   5/2    0.1090   14.98    0.1281   71.54    0.612    1.257   1636.9  0.156E+02  0.989E+01
    2383.3   7/2 - 2223.2   5/2    0.0005    0.06    0.0100    5.58    0.001    0.028    160.1  0.581E-06  0.721E-03
    2383.3   7/2 - 2383.3   7/2   -2.0369            1.5396
    2963.8   7/2 -  705.1   3/2    0.0001    0.01    0.0000    0.00    1.000    0.000   2258.7  0.653E-01  0.000E+00
    2963.8   7/2 - 1811.2   3/2    0.2750   37.80    0.0000    0.00    1.000    0.000   1152.7  0.683E+01  0.000E+00


    2963.8   7/2 -  746.4   5/2    0.0002    0.02    0.0353   19.69    0.016    0.129   2217.4  0.113E+00  0.677E+01
    2963.8   7/2 - 2223.2   5/2    1.0654  146.46    0.0401   22.39    0.910   -3.179    740.6  0.290E+01  0.287E+00
    2963.8   7/2 - 2617.2   5/2    0.0164    2.25    0.0686   38.32    0.020    0.141    346.6  0.100E-02  0.503E-01
    2963.8   7/2 - 2383.3   7/2    0.0007    0.10    0.0442   24.69    0.004    0.061    580.5  0.570E-03  0.152E+00
    2963.8   7/2 - 2963.8   7/2   -0.4127            1.1275


    2963.8   7/2 - 2458.0   9/2    0.0004    0.06    0.0145    8.09    0.005    0.074    505.8  0.182E-03  0.330E-01
    2458.0   9/2 -  746.4   5/2    1.0910  149.99    0.0000    0.00    1.000    0.000   1711.6  0.196E+03  0.000E+00
    2458.0   9/2 - 2223.2   5/2    0.0001    0.01    0.0000    0.00    1.000    0.000    234.8  0.528E-06  0.000E+00
    2458.0   9/2 - 2383.3   7/2    0.0646    8.88    0.0894   49.91    0.003    0.053     74.7  0.184E-05  0.656E-03
    2458.0   9/2 - 2458.0   9/2   -2.2235            1.8232



 TIME=  0.0 SEC
