 PARITY=-   EPS= 0.036   GAMMA= 30.0   EPS4=0.000   EPS6=0.000   LEVELS:  24  25  26  27  28  29  30  31  32  33  34  35  36  37  38
0   Z= 82   A=207   IQ=0   GSFAC= 0.75   GR=  0.40   MIN SPIN=  1/2   MAX SPIN= 13/2   KMAX= 13/2

 MACR QUADR MOMENTS:  Q0= 104.188  Q2= -40.785 FM**2


   B(E2) AND Q(E2) IN E2B2 AND EB,   B(M1) AND M(M1) INNM2 AND NM,   T(E2) AND T(M1) IN 1/PS

       E1     II      EF     IF     B(E2)             B(M1)              GD        D       EREL    T(E2)      T(M1)
                                             WU               MWU

    1862.4   1/2 - 1862.4   1/2    0.0000           -0.0206
    1862.4   1/2 -  681.4   3/2    0.0000    0.00    0.0059    3.32    0.000   -0.000   1181.0  0.419E-18  0.172E+00
    1862.4   1/2 - 1575.8   3/2    0.0000    0.00    0.0000    0.01    0.000    0.000    286.5  0.157E-17  0.612E-05
    1862.4   1/2 - 1410.4   5/2    0.0000    0.00    0.0000    0.00    1.000    0.000    452.0  0.162E-20  0.000E+00
    1862.4   1/2 - 1447.3   5/2    0.0000    0.00    0.0000    0.00    1.000    0.000    415.1  0.743E-21  0.000E+00


    2084.0   1/2 - 1862.4   1/2    0.0000    0.00    0.0001    0.05    0.000    0.000    221.6  0.000E+00  0.159E-04
    2084.0   1/2 - 2084.0   1/2    0.0000            0.7870
    2084.0   1/2 -  681.4   3/2    0.0000    0.00    0.0015    0.86    0.000   -0.000   1402.6  0.183E-17  0.751E-01
    2084.0   1/2 - 1575.8   3/2    0.0303    4.17    0.5628  314.35    0.010   -0.098    508.2  0.125E-01  0.130E+01
    2084.0   1/2 - 1410.4   5/2    0.0000    0.00    0.0000    0.00    1.000    0.000    673.6  0.222E-19  0.000E+00


    2084.0   1/2 - 1447.3   5/2    0.0000    0.00    0.0000    0.00    1.000    0.000    636.7  0.101E-19  0.000E+00
    2084.0   1/2 - 1883.8   5/2    0.0000    0.00    0.0000    0.00    1.000    0.000    200.2  0.539E-18  0.000E+00
    2461.4   1/2 - 1862.4   1/2    0.0000    0.00    0.0002    0.13    0.000    0.000    599.0  0.000E+00  0.872E-03
    2461.4   1/2 - 2084.0   1/2    0.0000    0.00    0.0111    6.22    0.000    0.000    377.4  0.000E+00  0.105E-01
    2461.4   1/2 - 2461.4   1/2    0.0000            0.6645


    2461.4   1/2 -  681.4   3/2    0.0000    0.00    0.0004    0.20    0.000    0.000   1780.0  0.233E-16  0.360E-01
    2461.4   1/2 - 1575.8   3/2    0.0000    0.00    0.3634  202.96    0.000   -0.000    885.6  0.526E-16  0.444E+01
    2461.4   1/2 - 1410.4   5/2    0.0000    0.00    0.0000    0.00    1.000    0.000   1051.0  0.788E-18  0.000E+00
    2461.4   1/2 - 1447.3   5/2    0.0000    0.00    0.0000    0.00    1.000    0.000   1014.1  0.242E-18  0.000E+00
    2461.4   1/2 - 1883.8   5/2    0.0000    0.00    0.0000    0.00    1.000    0.000    577.6  0.202E-17  0.000E+00


    2461.4   1/2 - 2186.6   5/2    0.0000    0.00    0.0000    0.00    1.000    0.000    274.8  0.220E-21  0.000E+00
    2461.4   1/2 - 2345.9   5/2    0.0000    0.00    0.0000    0.00    1.000    0.000    115.5  0.204E-21  0.000E+00
    2611.9   1/2 - 1862.4   1/2    0.0000    0.00    0.0027    1.52    0.000    0.000    749.5  0.000E+00  0.201E-01
    2611.9   1/2 - 2084.0   1/2    0.0000    0.00    0.0061    3.41    0.000    0.000    527.9  0.000E+00  0.158E-01
    2611.9   1/2 - 2461.4   1/2    0.0000    0.00    0.0130    7.26    0.000    0.000    150.5  0.000E+00  0.780E-03


    2611.9   1/2 - 2611.9   1/2    0.0000            0.2714
    2611.9   1/2 -  681.4   3/2    0.0000    0.00    0.0002    0.10    0.000   -0.000   1930.5  0.191E-21  0.219E-01
    2611.9   1/2 - 1575.8   3/2    0.0000    0.00    0.0066    3.67    0.000    0.000   1036.1  0.694E-22  0.129E+00
    2611.9   1/2 - 1410.4   5/2    0.0000    0.00    0.0000    0.00    1.000    0.000   1201.5  0.720E-23  0.000E+00
    2611.9   1/2 - 1447.3   5/2    0.0000    0.00    0.0000    0.00    1.000    0.000   1164.6  0.285E-23  0.000E+00


    2611.9   1/2 - 1883.8   5/2    0.0000    0.00    0.0000    0.00    1.000    0.000    728.1  0.634E-23  0.000E+00
    2611.9   1/2 - 2186.6   5/2    0.0000    0.00    0.0000    0.00    1.000    0.000    425.3  0.318E-24  0.000E+00
    2611.9   1/2 - 2345.9   5/2    0.0000    0.00    0.0000    0.00    1.000    0.000    266.0  0.415E-23  0.000E+00
    2741.9   1/2 - 1862.4   1/2    0.0000    0.00    0.0000    0.00    0.000    0.000    879.5  0.000E+00  0.887E-04
    2741.9   1/2 - 2084.0   1/2    0.0000    0.00    0.0006    0.33    0.000    0.000    657.9  0.000E+00  0.292E-02


    2741.9   1/2 - 2461.4   1/2    0.0000    0.00    0.0068    3.80    0.000    0.000    280.5  0.000E+00  0.264E-02
    2741.9   1/2 - 2611.9   1/2    0.0000    0.00    0.0002    0.11    0.000    0.000    130.0  0.000E+00  0.769E-05
    2741.9   1/2 - 2741.9   1/2    0.0000            0.4714
    2741.9   1/2 -  681.4   3/2    0.0000    0.00    0.0188   10.48    0.000    0.000   2060.5  0.199E-15  0.289E+01
    2741.9   1/2 - 1575.8   3/2    0.0000    0.00    0.2976  166.19    0.000    0.000   1166.0  0.226E-16  0.830E+01


    2741.9   1/2 - 1410.4   5/2    0.0000    0.00    0.0000    0.00    1.000    0.000   1331.5  0.106E-16  0.000E+00
    2741.9   1/2 - 1447.3   5/2    0.0000    0.00    0.0000    0.00    1.000    0.000   1294.6  0.178E-17  0.000E+00
    2741.9   1/2 - 1883.8   5/2    0.0000    0.00    0.0000    0.00    1.000    0.000    858.0  0.315E-17  0.000E+00
    2741.9   1/2 - 2186.6   5/2    0.0000    0.00    0.0000    0.00    1.000    0.000    555.3  0.160E-19  0.000E+00
    2741.9   1/2 - 2345.9   5/2    0.0000    0.00    0.0000    0.00    1.000    0.000    396.0  0.208E-19  0.000E+00


     681.4   3/2 -  681.4   3/2    0.2197           -1.0349
     681.4   3/2 -    0.0   7/2    0.0249    3.42    0.0000    0.00    1.000    0.000    681.4  0.445E-01  0.000E+00
    1575.8   3/2 -  681.4   3/2    0.0000    0.00    0.0008    0.42    0.000    0.000    894.4  0.448E-24  0.946E-02
    1575.8   3/2 - 1575.8   3/2   -0.2381           -0.6105
    1575.8   3/2 - 1410.4   5/2    0.0000    0.00    0.0008    0.46    0.000    0.000    165.5  0.350E-27  0.650E-04


    1575.8   3/2 - 1447.3   5/2    0.0000    0.00    0.0000    0.00    0.000    0.000    128.6  0.103E-28  0.342E-07
    1575.8   3/2 -    0.0   7/2    0.0000    0.00    0.0000    0.00    1.000    0.000   1575.8  0.249E-22  0.000E+00
    1575.8   3/2 - 1302.8   7/2    0.0000    0.00    0.0000    0.00    1.000    0.000    273.0  0.410E-22  0.000E+00
    1575.8   3/2 - 1456.3   7/2    0.0000    0.00    0.0000    0.00    1.000    0.000    119.6  0.121E-27  0.000E+00
    1410.4   5/2 -  681.4   3/2    0.0367    5.04    0.4697  262.34    0.028   -0.170    729.0  0.921E-01  0.320E+01


    1410.4   5/2 - 1410.4   5/2   -0.0432           -0.1511
    1410.4   5/2 -    0.0   7/2    0.0030    0.41    0.0251   14.03    0.140    0.404   1410.4  0.203E+00  0.124E+01
    1410.4   5/2 - 1302.8   7/2    0.0000    0.00    0.0008    0.44    0.000    0.000    107.6  0.254E-29  0.172E-04
    1410.4   5/2 -  739.2   9/2    0.0000    0.00    0.0000    0.00    1.000    0.000    671.2  0.158E-21  0.000E+00
    1410.4   5/2 - 1164.0   9/2    0.0244    3.35    0.0000    0.00    1.000    0.000    246.3  0.270E-03  0.000E+00


    1447.3   5/2 -  681.4   3/2    0.0000    0.00    0.0003    0.18    0.000   -0.000    765.9  0.632E-18  0.252E-02
    1447.3   5/2 - 1410.4   5/2    0.0000    0.00    0.0001    0.07    0.000   -0.000     36.9  0.133E-26  0.104E-06
    1447.3   5/2 - 1447.3   5/2    0.3854            0.5767
    1447.3   5/2 -    0.0   7/2    0.0000    0.00    0.0002    0.12    0.000   -0.000   1447.3  0.123E-17  0.110E-01
    1447.3   5/2 - 1302.8   7/2    0.0000    0.00    0.0000    0.00    0.000   -0.000    144.4  0.185E-27  0.794E-07


    1447.3   5/2 -  739.2   9/2    0.0230    3.17    0.0000    0.00    1.000    0.000    708.1  0.500E-01  0.000E+00
    1447.3   5/2 - 1164.0   9/2    0.0000    0.00    0.0000    0.00    1.000    0.000    283.2  0.298E-20  0.000E+00
    1883.8   5/2 - 1862.4   1/2    0.0209    2.87    0.0000    0.00    1.000    0.000     21.5  0.116E-08  0.000E+00
    1883.8   5/2 -  681.4   3/2    0.0000    0.00    0.0000    0.01    0.000    0.000   1202.4  0.371E-25  0.802E-03
    1883.8   5/2 - 1575.8   3/2    0.0000    0.00    0.0000    0.00    0.000    0.000    308.0  0.413E-29  0.404E-05


    1883.8   5/2 - 1410.4   5/2    0.0000    0.00    0.0013    0.72    0.000   -0.000    473.5  0.628E-30  0.242E-02
    1883.8   5/2 - 1447.3   5/2    0.0000    0.00    0.0002    0.11    0.000    0.000    436.6  0.133E-25  0.301E-03
    1883.8   5/2 - 1883.8   5/2    0.3020            0.7748
    1883.8   5/2 -    0.0   7/2    0.0000    0.00    0.0046    2.58    0.000    0.000   1883.8  0.757E-24  0.543E+00
    1883.8   5/2 - 1302.8   7/2    0.0000    0.00    0.0015    0.84    0.000   -0.000    581.0  0.100E-25  0.517E-02


    1883.8   5/2 - 1456.3   7/2    0.0000    0.00    0.0310   17.33    0.000    0.000    427.6  0.407E-26  0.427E-01
    1883.8   5/2 -  739.2   9/2    0.0000    0.00    0.0000    0.00    1.000    0.000   1144.7  0.254E-25  0.000E+00
    1883.8   5/2 - 1164.0   9/2    0.0000    0.00    0.0000    0.00    1.000    0.000    719.8  0.816E-27  0.000E+00
    2186.6   5/2 - 1862.4   1/2    0.0000    0.00    0.0000    0.00    1.000    0.000    324.2  0.469E-22  0.000E+00
    2186.6   5/2 - 2084.0   1/2    0.0000    0.00    0.0000    0.00    1.000    0.000    102.6  0.226E-24  0.000E+00


    2186.6   5/2 -  681.4   3/2    0.0000    0.00    0.0012    0.64    0.000   -0.000   1505.2  0.153E-22  0.692E-01
    2186.6   5/2 - 1575.8   3/2    0.0000    0.00    0.0001    0.03    0.000    0.000    610.7  0.319E-20  0.236E-03
    2186.6   5/2 - 1410.4   5/2    0.0000    0.00    0.0012    0.65    0.000   -0.000    776.2  0.117E-27  0.955E-02
    2186.6   5/2 - 1447.3   5/2    0.0000    0.00    0.0000    0.02    0.000    0.000    739.3  0.294E-25  0.289E-03
    2186.6   5/2 - 1883.8   5/2    0.0000    0.00    0.0179    9.98    0.000   -0.000    302.7  0.276E-25  0.873E-02


    2186.6   5/2 - 2186.6   5/2    0.0093            0.7741
    2186.6   5/2 -    0.0   7/2    0.0000    0.00    0.0002    0.11    0.000   -0.000   2186.6  0.178E-23  0.349E-01
    2186.6   5/2 - 1302.8   7/2    0.0038    0.52    0.0007    0.40    0.739   -1.682    883.8  0.247E-01  0.874E-02
    2186.6   5/2 - 1456.3   7/2    0.0000    0.00    0.0003    0.19    0.000   -0.000    730.3  0.559E-22  0.230E-02
    2186.6   5/2 -  739.2   9/2    0.0000    0.00    0.0000    0.00    1.000    0.000   1447.4  0.298E-24  0.000E+00


    2186.6   5/2 - 1164.0   9/2    0.0000    0.00    0.0000    0.00    1.000    0.000   1022.6  0.165E-23  0.000E+00
    2345.9   5/2 - 1862.4   1/2    0.0066    0.91    0.0000    0.00    1.000    0.000    483.6  0.213E-02  0.000E+00
    2345.9   5/2 - 2084.0   1/2    0.0000    0.00    0.0000    0.00    1.000    0.000    261.9  0.218E-18  0.000E+00
    2345.9   5/2 -  681.4   3/2    0.0000    0.00    0.0006    0.36    0.000   -0.000   1664.5  0.149E-26  0.521E-01
    2345.9   5/2 - 1575.8   3/2    0.0000    0.00    0.0001    0.03    0.000   -0.000    770.1  0.110E-22  0.468E-03


    2345.9   5/2 - 1410.4   5/2    0.0000    0.00    0.0017    0.95    0.000   -0.000    935.6  0.671E-26  0.246E-01
    2345.9   5/2 - 1447.3   5/2    0.0000    0.00    0.0001    0.04    0.000   -0.000    898.7  0.596E-23  0.825E-03
    2345.9   5/2 - 1883.8   5/2    0.0138    1.90    0.0000    0.02    0.985   -8.236    462.1  0.354E-02  0.522E-04
    2345.9   5/2 - 2186.6   5/2    0.0000    0.00    0.0005    0.28    0.000   -0.000    159.4  0.115E-27  0.352E-04
    2345.9   5/2 - 2345.9   5/2   -0.2789            0.7751


    2345.9   5/2 -    0.0   7/2    0.0000    0.00    0.0009    0.48    0.000    0.000   2345.9  0.722E-23  0.194E+00
    2345.9   5/2 - 1302.8   7/2    0.0000    0.00    0.0257   14.36    0.000    0.000   1043.1  0.135E-24  0.514E+00
    2345.9   5/2 - 1456.3   7/2    0.0000    0.00    0.0057    3.16    0.000    0.000    889.7  0.482E-24  0.702E-01
    2345.9   5/2 -  739.2   9/2    0.0000    0.00    0.0000    0.00    1.000    0.000   1606.7  0.322E-25  0.000E+00
    2345.9   5/2 - 1164.0   9/2    0.0000    0.00    0.0000    0.00    1.000    0.000   1181.9  0.332E-25  0.000E+00


    2345.9   5/2 - 2341.7   9/2    0.0000    0.00    0.0000    0.00    1.000    0.000      4.3  0.295E-35  0.000E+00
       0.0   7/2 -    0.0   7/2    0.5011           -0.6947
    1302.8   7/2 -  681.4   3/2    0.0000    0.00    0.0000    0.00    1.000    0.000    621.4  0.178E-24  0.000E+00
    1302.8   7/2 -    0.0   7/2    0.0000    0.00    0.0000    0.00    0.000    0.000   1302.8  0.308E-25  0.240E-04
    1302.8   7/2 - 1302.8   7/2   -0.4914            1.0250


    1302.8   7/2 -  739.2   9/2    0.0000    0.00    0.0000    0.00    0.000   -0.000    563.6  0.217E-26  0.385E-06
    1302.8   7/2 - 1164.0   9/2    0.0000    0.00    0.0000    0.01    0.000   -0.000    138.8  0.323E-27  0.118E-05
    1302.8   7/2 - 1107.7  11/2    0.0000    0.00    0.0000    0.00    1.000    0.000    195.1  0.168E-27  0.000E+00
    1456.3   7/2 -  681.4   3/2    0.0000    0.00    0.0000    0.00    1.000    0.000    774.9  0.194E-26  0.000E+00
    1456.3   7/2 - 1410.4   5/2    0.0000    0.00    0.0003    0.18    0.000    0.000     45.9  0.812E-32  0.548E-06


    1456.3   7/2 - 1447.3   5/2    0.0000    0.00    0.0002    0.10    0.000    0.000      9.0  0.169E-33  0.229E-08
    1456.3   7/2 -    0.0   7/2    0.0000    0.00    0.0228   12.73    0.000   -0.000   1456.3  0.120E-23  0.124E+01
    1456.3   7/2 - 1302.8   7/2    0.0000    0.00    0.0000    0.00    0.000    0.000    153.4  0.942E-24  0.479E-07
    1456.3   7/2 - 1456.3   7/2    0.5006            1.0188
    1456.3   7/2 -  739.2   9/2    0.0000    0.00    0.0212   11.83    0.000   -0.000    717.1  0.178E-25  0.137E+00


    1456.3   7/2 - 1164.0   9/2    0.0000    0.00    0.0070    3.88    0.000   -0.000    292.2  0.550E-28  0.306E-02
    1456.3   7/2 - 1107.7  11/2    0.0000    0.00    0.0000    0.00    1.000    0.000    348.6  0.148E-26  0.000E+00
    2420.5   7/2 -  681.4   3/2    0.0123    1.69    0.0000    0.00    1.000    0.000   1739.1  0.238E+01  0.000E+00
    2420.5   7/2 - 1575.8   3/2    0.0000    0.00    0.0000    0.00    1.000    0.000    844.7  0.697E-21  0.000E+00
    2420.5   7/2 - 1410.4   5/2    0.0256    3.52    0.6126  342.12    0.029   -0.172   1010.2  0.329E+00  0.111E+02


    2420.5   7/2 - 1447.3   5/2    0.0000    0.00    0.0000    0.00    0.000    0.000    973.3  0.114E-15  0.115E-03
    2420.5   7/2 - 1883.8   5/2    0.0000    0.00    0.0002    0.11    0.000    0.000    536.7  0.360E-23  0.550E-03
    2420.5   7/2 - 2186.6   5/2    0.0000    0.00    0.0006    0.31    0.000    0.000    234.0  0.139E-26  0.126E-03
    2420.5   7/2 - 2345.9   5/2    0.0000    0.00    0.0017    0.97    0.000   -0.000     74.6  0.482E-27  0.126E-04
    2420.5   7/2 -    0.0   7/2    0.0000    0.01    0.0133    7.44    0.013   -0.114   2420.5  0.435E-01  0.333E+01


    2420.5   7/2 - 1302.8   7/2    0.0000    0.00    0.0007    0.40    0.000    0.000   1117.7  0.323E-22  0.178E-01
    2420.5   7/2 - 1456.3   7/2    0.0000    0.00    0.0002    0.13    0.000    0.000    964.3  0.264E-24  0.363E-02
    2420.5   7/2 - 2420.5   7/2   -0.1544            0.4919
    2420.5   7/2 -  739.2   9/2    0.0000    0.00    0.0000    0.00    0.000   -0.000   1681.3  0.616E-16  0.361E-04
    2420.5   7/2 - 1164.0   9/2    0.0061    0.85    0.0373   20.82    0.153    0.425   1256.5  0.235E+00  0.130E+01


    2420.5   7/2 - 2341.7   9/2    0.0000    0.00    0.0023    1.28    0.000   -0.000     78.9  0.169E-28  0.197E-04
    2420.5   7/2 - 1107.7  11/2    0.0010    0.13    0.0000    0.00    1.000    0.000   1312.8  0.467E-01  0.000E+00
    2420.5   7/2 - 2148.5  11/2    0.0000    0.00    0.0000    0.00    1.000    0.000    272.0  0.991E-19  0.000E+00
    2436.4   7/2 -  681.4   3/2    0.0000    0.00    0.0000    0.00    1.000    0.000   1755.0  0.852E-16  0.000E+00
    2436.4   7/2 - 1575.8   3/2    0.0000    0.00    0.0000    0.00    1.000    0.000    860.5  0.230E-21  0.000E+00


    2436.4   7/2 - 1410.4   5/2    0.0000    0.00    0.0003    0.15    0.000   -0.000   1026.0  0.125E-16  0.511E-02
    2436.4   7/2 - 1447.3   5/2    0.0371    5.09    0.0174    9.70    0.591   -1.203    989.1  0.428E+00  0.296E+00
    2436.4   7/2 - 1883.8   5/2    0.0000    0.00    0.0000    0.02    0.000    0.000    552.5  0.125E-23  0.126E-03
    2436.4   7/2 - 2186.6   5/2    0.0000    0.00    0.0000    0.02    0.000   -0.000    249.8  0.861E-27  0.938E-05
    2436.4   7/2 - 2345.9   5/2    0.0000    0.00    0.0000    0.00    0.000    0.000     90.4  0.368E-27  0.325E-07


    2436.4   7/2 -    0.0   7/2    0.0000    0.00    0.0000    0.01    0.000    0.000   2436.4  0.152E-17  0.455E-02
    2436.4   7/2 - 1302.8   7/2    0.0000    0.00    0.0000    0.01    0.000    0.000   1133.6  0.587E-23  0.270E-03
    2436.4   7/2 - 1456.3   7/2    0.0000    0.00    0.0007    0.37    0.000   -0.000    980.1  0.342E-24  0.110E-01
    2436.4   7/2 - 2420.5   7/2    0.0000    0.00    0.0002    0.09    0.000    0.000     15.8  0.124E-26  0.115E-07
    2436.4   7/2 - 2436.4   7/2    0.1061            1.0698


    2436.4   7/2 -  739.2   9/2    0.0017    0.23    0.0010    0.58    0.761    1.786   1697.2  0.285E+00  0.893E-01
    2436.4   7/2 - 1164.0   9/2    0.0000    0.00    0.0002    0.11    0.000   -0.000   1272.3  0.860E-17  0.687E-02
    2436.4   7/2 - 2341.7   9/2    0.0000    0.00    0.0000    0.01    0.000   -0.000     94.7  0.182E-28  0.229E-06
    2436.4   7/2 - 1107.7  11/2    0.0000    0.00    0.0000    0.00    1.000    0.000   1328.7  0.170E-17  0.000E+00
    2436.4   7/2 - 2148.5  11/2    0.0241    3.31    0.0000    0.00    1.000    0.000    287.9  0.581E-03  0.000E+00


     739.2   9/2 -    0.0   7/2    0.0000    0.00    0.0004    0.21    0.000   -0.000    739.2  0.275E-25  0.272E-02
     739.2   9/2 -  739.2   9/2    0.5800            1.3137
    1164.0   9/2 -    0.0   7/2    0.0319    4.38    0.3243  181.13    0.085   -0.304   1164.0  0.831E+00  0.900E+01
    1164.0   9/2 -  739.2   9/2    0.0000    0.00    0.0001    0.04    0.000    0.000    424.8  0.951E-23  0.863E-04
    1164.0   9/2 - 1164.0   9/2    0.2302            0.1558


    1164.0   9/2 - 1107.7  11/2    0.0002    0.03    0.1052   58.76    0.000   -0.002     56.3  0.147E-08  0.331E-03
    2341.7   9/2 - 1410.4   5/2    0.0000    0.00    0.0000    0.00    1.000    0.000    931.3  0.201E-24  0.000E+00
    2341.7   9/2 - 1447.3   5/2    0.0000    0.00    0.0000    0.00    1.000    0.000    894.4  0.103E-23  0.000E+00
    2341.7   9/2 - 1883.8   5/2    0.0000    0.00    0.0000    0.00    1.000    0.000    457.8  0.354E-26  0.000E+00
    2341.7   9/2 - 2186.6   5/2    0.0199    2.74    0.0000    0.00    1.000    0.000    155.1  0.218E-04  0.000E+00


    2341.7   9/2 -    0.0   7/2    0.0000    0.00    0.0000    0.00    0.000   -0.000   2341.7  0.193E-21  0.744E-04
    2341.7   9/2 - 1302.8   7/2    0.0294    4.04    0.0091    5.08    0.707    1.555   1038.9  0.434E+00  0.179E+00
    2341.7   9/2 - 1456.3   7/2    0.0000    0.00    0.0000    0.00    0.000    0.000    885.4  0.683E-21  0.777E-05
    2341.7   9/2 -  739.2   9/2    0.0000    0.00    0.0000    0.00    0.000   -0.000   1602.5  0.170E-23  0.117E-04
    2341.7   9/2 - 1164.0   9/2    0.0000    0.00    0.0000    0.02    0.000   -0.000   1177.6  0.230E-24  0.126E-02


    2341.7   9/2 - 2341.7   9/2   -0.2307            1.5053
    2341.7   9/2 - 1107.7  11/2    0.0000    0.00    0.0000    0.01    0.000   -0.000   1234.0  0.462E-25  0.761E-03
    2341.7   9/2 - 2148.5  11/2    0.0000    0.00    0.0000    0.00    0.000    0.000    193.2  0.286E-28  0.138E-08
    2341.7   9/2 - 1847.7  13/2    0.0000    0.00    0.0000    0.00    1.000    0.000    493.9  0.149E-25  0.000E+00
    2588.6   9/2 - 1410.4   5/2    0.0000    0.00    0.0000    0.00    1.000    0.000   1178.2  0.216E-26  0.000E+00


    2588.6   9/2 - 1447.3   5/2    0.0000    0.00    0.0000    0.00    1.000    0.000   1141.3  0.148E-23  0.000E+00
    2588.6   9/2 - 1883.8   5/2    0.0000    0.00    0.0000    0.00    1.000    0.000    704.8  0.436E-26  0.000E+00
    2588.6   9/2 - 2186.6   5/2    0.0000    0.00    0.0000    0.00    1.000    0.000    402.0  0.695E-27  0.000E+00
    2588.6   9/2 - 2345.9   5/2    0.0000    0.00    0.0000    0.00    1.000    0.000    242.7  0.849E-28  0.000E+00
    2588.6   9/2 -    0.0   7/2    0.0000    0.00    0.0055    3.09    0.000    0.000   2588.6  0.834E-23  0.169E+01


    2588.6   9/2 - 1302.8   7/2    0.0000    0.00    0.0000    0.00    0.000    0.000   1285.8  0.381E-20  0.159E-03
    2588.6   9/2 - 1456.3   7/2    0.0317    4.36    0.0100    5.60    0.737   -1.676   1132.3  0.720E+00  0.256E+00
    2588.6   9/2 - 2420.5   7/2    0.0000    0.00    0.0007    0.40    0.000   -0.000    168.1  0.995E-28  0.600E-04
    2588.6   9/2 - 2436.4   7/2    0.0000    0.00    0.0000    0.00    0.000    0.000    152.2  0.130E-28  0.357E-06
    2588.6   9/2 -  739.2   9/2    0.0000    0.00    0.0044    2.44    0.000    0.000   1849.4  0.388E-26  0.486E+00


    2588.6   9/2 - 1164.0   9/2    0.0000    0.00    0.0131    7.31    0.000    0.000   1424.6  0.483E-24  0.666E+00
    2588.6   9/2 - 2341.7   9/2    0.0000    0.00    0.0000    0.02    0.000   -0.000    246.9  0.377E-25  0.117E-04
    2588.6   9/2 - 2588.6   9/2    0.2302            1.4971
    2588.6   9/2 - 1107.7  11/2    0.0000    0.00    0.0018    1.01    0.000    0.000   1480.9  0.472E-27  0.103E+00
    2588.6   9/2 - 2148.5  11/2    0.0000    0.00    0.0164    9.15    0.000   -0.000    440.1  0.200E-28  0.246E-01


    2588.6   9/2 - 1847.7  13/2    0.0000    0.00    0.0000    0.00    1.000    0.000    740.9  0.690E-26  0.000E+00
    2588.6   9/2 - 2460.3  13/2    0.0000    0.00    0.0000    0.00    1.000    0.000    128.2  0.211E-29  0.000E+00
    2799.9   9/2 - 1410.4   5/2    0.0000    0.00    0.0000    0.00    1.000    0.000   1389.5  0.136E-24  0.000E+00
    2799.9   9/2 - 1447.3   5/2    0.0000    0.00    0.0000    0.00    1.000    0.000   1352.7  0.286E-22  0.000E+00
    2799.9   9/2 - 1883.8   5/2    0.0307    4.23    0.0000    0.00    1.000    0.000    916.1  0.242E+00  0.000E+00


    2799.9   9/2 - 2186.6   5/2    0.0000    0.00    0.0000    0.00    1.000    0.000    613.3  0.138E-24  0.000E+00
    2799.9   9/2 - 2345.9   5/2    0.0054    0.75    0.0000    0.00    1.000    0.000    454.0  0.128E-02  0.000E+00
    2799.9   9/2 -    0.0   7/2    0.0000    0.00    0.0000    0.01    0.000   -0.000   2799.9  0.114E-23  0.688E-02
    2799.9   9/2 - 1302.8   7/2    0.0000    0.00    0.0003    0.19    0.000    0.000   1497.1  0.894E-24  0.198E-01
    2799.9   9/2 - 1456.3   7/2    0.0000    0.00    0.0003    0.15    0.000   -0.000   1343.7  0.279E-22  0.116E-01


    2799.9   9/2 - 2420.5   7/2    0.0000    0.00    0.0000    0.01    0.000   -0.000    379.4  0.100E-23  0.147E-04
    2799.9   9/2 - 2436.4   7/2    0.0000    0.00    0.0001    0.05    0.000    0.000    363.5  0.221E-24  0.730E-04
    2799.9   9/2 -  739.2   9/2    0.0000    0.00    0.0000    0.02    0.000   -0.000   2060.7  0.140E-24  0.497E-02
    2799.9   9/2 - 1164.0   9/2    0.0000    0.00    0.0020    1.12    0.000    0.000   1635.9  0.125E-25  0.154E+00
    2799.9   9/2 - 2341.7   9/2    0.0000    0.00    0.0133    7.44    0.000    0.000    458.2  0.818E-26  0.226E-01


    2799.9   9/2 - 2588.6   9/2    0.0000    0.00    0.0135    7.54    0.000   -0.000    211.3  0.516E-27  0.224E-02
    2799.9   9/2 - 2799.9   9/2    0.0553            1.5800
    2799.9   9/2 - 1107.7  11/2    0.0000    0.00    0.0015    0.81    0.000   -0.000   1692.2  0.802E-26  0.124E+00
    2799.9   9/2 - 2148.5  11/2    0.0000    0.00    0.0000    0.01    0.000   -0.000    651.4  0.154E-27  0.101E-03
    2799.9   9/2 - 2653.8  11/2    0.0000    0.00    0.0102    5.70    0.000    0.000    146.1  0.363E-29  0.560E-03


    2799.9   9/2 - 2704.8  11/2    0.0000    0.00    0.0016    0.87    0.000   -0.000     95.1  0.245E-32  0.235E-04
    2799.9   9/2 - 2711.3  11/2    0.0000    0.00    0.0038    2.13    0.000   -0.000     88.6  0.307E-31  0.467E-04
    2799.9   9/2 - 1847.7  13/2    0.0000    0.00    0.0000    0.00    1.000    0.000    952.2  0.859E-25  0.000E+00
    2799.9   9/2 - 2460.3  13/2    0.0000    0.00    0.0000    0.00    1.000    0.000    339.6  0.235E-26  0.000E+00
    1107.7  11/2 -    0.0   7/2    0.0189    2.60    0.0000    0.00    1.000    0.000   1107.7  0.385E+00  0.000E+00


    1107.7  11/2 -  739.2   9/2    0.0000    0.00    0.0002    0.10    0.000    0.000    368.5  0.596E-27  0.151E-03
    1107.7  11/2 - 1107.7  11/2    0.5932            0.0352
    2148.5  11/2 -    0.0   7/2    0.0000    0.00    0.0000    0.00    1.000    0.000   2148.5  0.847E-23  0.000E+00
    2148.5  11/2 - 1302.8   7/2    0.0000    0.00    0.0000    0.00    1.000    0.000    845.7  0.982E-24  0.000E+00
    2148.5  11/2 - 1456.3   7/2    0.0000    0.00    0.0000    0.00    1.000    0.000    692.2  0.207E-25  0.000E+00


    2148.5  11/2 -  739.2   9/2    0.0295    4.06    0.0128    7.13    0.761   -1.784   1409.3  0.200E+01  0.629E+00
    2148.5  11/2 - 1164.0   9/2    0.0000    0.00    0.0003    0.19    0.000   -0.000    984.5  0.244E-21  0.571E-02
    2148.5  11/2 - 1107.7  11/2    0.0000    0.00    0.0000    0.00    0.000   -0.000   1040.8  0.314E-24  0.155E-04
    2148.5  11/2 - 2148.5  11/2    0.3190            1.7965
    2148.5  11/2 - 1847.7  13/2    0.0001    0.02    0.0033    1.87    0.002   -0.045    300.7  0.331E-05  0.160E-02


    2653.8  11/2 -    0.0   7/2    0.0000    0.00    0.0000    0.00    1.000    0.000   2653.8  0.365E-18  0.000E+00
    2653.8  11/2 - 1302.8   7/2    0.0000    0.00    0.0000    0.00    1.000    0.000   1351.0  0.595E-19  0.000E+00
    2653.8  11/2 - 1456.3   7/2    0.0192    2.64    0.0000    0.00    1.000    0.000   1197.5  0.578E+00  0.000E+00
    2653.8  11/2 - 2420.5   7/2    0.0000    0.00    0.0000    0.00    1.000    0.000    233.3  0.116E-22  0.000E+00
    2653.8  11/2 - 2436.4   7/2    0.0000    0.00    0.0000    0.00    1.000    0.000    217.4  0.153E-27  0.000E+00


    2653.8  11/2 -  739.2   9/2    0.0000    0.00    0.0001    0.05    0.000   -0.000   1914.6  0.161E-22  0.120E-01
    2653.8  11/2 - 1164.0   9/2    0.0000    0.00    0.0016    0.92    0.000   -0.000   1489.8  0.237E-18  0.960E-01
    2653.8  11/2 - 2341.7   9/2    0.0000    0.00    0.0000    0.02    0.000   -0.000    312.1  0.346E-24  0.194E-04
    2653.8  11/2 - 2588.6   9/2    0.0003    0.04    0.0030    1.66    0.000   -0.016     65.2  0.374E-08  0.145E-04
    2653.8  11/2 - 1107.7  11/2    0.0000    0.00    0.0221   12.32    0.000    0.000   1546.1  0.366E-19  0.144E+01


    2653.8  11/2 - 2148.5  11/2    0.0000    0.00    0.0019    1.07    0.000    0.000    505.3  0.781E-25  0.436E-02
    2653.8  11/2 - 2653.8  11/2    0.5855            1.8029
    2653.8  11/2 - 1847.7  13/2    0.0000    0.00    0.0201   11.21    0.000   -0.000    806.1  0.611E-26  0.185E+00
    2653.8  11/2 - 2460.3  13/2    0.0000    0.00    0.0061    3.39    0.000    0.000    193.5  0.349E-24  0.773E-03
    2704.8  11/2 -    0.0   7/2    0.0027    0.37    0.0000    0.00    1.000    0.000   2704.8  0.471E+01  0.000E+00


    2704.8  11/2 - 1302.8   7/2    0.0000    0.00    0.0000    0.00    1.000    0.000   1402.0  0.570E-14  0.000E+00
    2704.8  11/2 - 1456.3   7/2    0.0000    0.00    0.0000    0.00    1.000    0.000   1248.5  0.509E-18  0.000E+00
    2704.8  11/2 - 2420.5   7/2    0.0160    2.20    0.0000    0.00    1.000    0.000    284.3  0.362E-03  0.000E+00
    2704.8  11/2 - 2436.4   7/2    0.0000    0.00    0.0000    0.00    1.000    0.000    268.4  0.924E-20  0.000E+00
    2704.8  11/2 -  739.2   9/2    0.0000    0.00    0.0000    0.00    0.000    0.000   1965.6  0.244E-20  0.104E-03


    2704.8  11/2 - 1164.0   9/2    0.0308    4.23    0.4175  233.19    0.108   -0.348   1540.8  0.326E+01  0.269E+02
    2704.8  11/2 - 2341.7   9/2    0.0000    0.00    0.0002    0.12    0.000   -0.000    363.1  0.124E-18  0.182E-03
    2704.8  11/2 - 2588.6   9/2    0.0000    0.00    0.0073    4.07    0.000   -0.000    116.2  0.515E-25  0.201E-03
    2704.8  11/2 - 1107.7  11/2    0.0040    0.54    0.0375   20.96    0.157   -0.431   1597.1  0.501E+00  0.269E+01
    2704.8  11/2 - 2148.5  11/2    0.0000    0.00    0.0001    0.06    0.000   -0.000    556.3  0.307E-23  0.322E-03


    2704.8  11/2 - 2653.8  11/2    0.0000    0.00    0.0005    0.30    0.000    0.000     51.0  0.195E-24  0.125E-05
    2704.8  11/2 - 2704.8  11/2    0.1235            0.7644
    2704.8  11/2 - 1847.7  13/2    0.0000    0.00    0.0000    0.00    0.000    0.000    857.1  0.488E-25  0.523E-04
    2704.8  11/2 - 2460.3  13/2    0.0012    0.17    0.0947   52.90    0.001    0.023    244.5  0.132E-04  0.244E-01
    2711.3  11/2 -    0.0   7/2    0.0000    0.00    0.0000    0.00    1.000    0.000   2711.3  0.174E-14  0.000E+00


    2711.3  11/2 - 1302.8   7/2    0.0218    3.00    0.0000    0.00    1.000    0.000   1408.5  0.147E+01  0.000E+00
    2711.3  11/2 - 1456.3   7/2    0.0000    0.00    0.0000    0.00    1.000    0.000   1255.0  0.375E-20  0.000E+00
    2711.3  11/2 - 2420.5   7/2    0.0000    0.00    0.0000    0.00    1.000    0.000    290.7  0.147E-18  0.000E+00
    2711.3  11/2 - 2436.4   7/2    0.0000    0.00    0.0000    0.00    1.000    0.000    274.9  0.171E-25  0.000E+00
    2711.3  11/2 -  739.2   9/2    0.0000    0.00    0.0000    0.00    0.000   -0.000   1972.1  0.143E-21  0.137E-04


    2711.3  11/2 - 1164.0   9/2    0.0000    0.00    0.0001    0.05    0.000    0.000   1547.2  0.121E-14  0.612E-02
    2711.3  11/2 - 2341.7   9/2    0.0004    0.06    0.0036    2.01    0.011    0.103    369.6  0.342E-04  0.320E-02
    2711.3  11/2 - 2588.6   9/2    0.0000    0.00    0.0001    0.04    0.000    0.000    122.7  0.233E-26  0.207E-05
    2711.3  11/2 - 1107.7  11/2    0.0000    0.00    0.0000    0.01    0.000   -0.000   1603.6  0.186E-15  0.710E-03
    2711.3  11/2 - 2148.5  11/2    0.0000    0.00    0.0000    0.00    0.000   -0.000    562.8  0.612E-26  0.663E-05


    2711.3  11/2 - 2653.8  11/2    0.0000    0.00    0.0000    0.01    0.000   -0.000     57.5  0.250E-28  0.426E-07
    2711.3  11/2 - 2704.8  11/2    0.0000    0.00    0.0002    0.09    0.000   -0.000      6.5  0.235E-25  0.736E-09
    2711.3  11/2 - 2711.3  11/2   -0.5507            1.8194
    2711.3  11/2 - 1847.7  13/2    0.0000    0.00    0.0000    0.00    0.000    0.000    863.5  0.549E-25  0.297E-05
    2711.3  11/2 - 2460.3  13/2    0.0000    0.00    0.0000    0.01    0.000   -0.000    250.9  0.549E-20  0.411E-05


    1847.7  13/2 -  739.2   9/2    0.0181    2.49    0.0000    0.00    1.000    0.000   1108.6  0.370E+00  0.000E+00
    1847.7  13/2 - 1164.0   9/2    0.0000    0.00    0.0000    0.00    1.000    0.000    683.7  0.136E-22  0.000E+00
    1847.7  13/2 - 1107.7  11/2    0.0000    0.00    0.0004    0.22    0.000    0.000    740.0  0.399E-23  0.287E-02
    1847.7  13/2 - 1847.7  13/2    0.6544            2.0944
    2460.3  13/2 -  739.2   9/2    0.0000    0.00    0.0000    0.00    1.000    0.000   1721.2  0.411E-22  0.000E+00


    2460.3  13/2 - 1164.0   9/2    0.0254    3.49    0.0000    0.00    1.000    0.000   1296.3  0.113E+01  0.000E+00
    2460.3  13/2 - 2341.7   9/2    0.0000    0.00    0.0000    0.00    1.000    0.000    118.7  0.479E-30  0.000E+00
    2460.3  13/2 - 1107.7  11/2    0.0222    3.05    0.2964  165.53    0.087   -0.308   1352.6  0.123E+01  0.129E+02
    2460.3  13/2 - 2148.5  11/2    0.0000    0.00    0.0002    0.10    0.000   -0.000    311.9  0.125E-27  0.934E-04
    2460.3  13/2 - 1847.7  13/2    0.0000    0.00    0.0000    0.02    0.000   -0.000    612.6  0.465E-23  0.155E-03


    2460.3  13/2 - 2460.3  13/2    0.3286            0.9047

 TIME=  0.0 SEC
