 PARITY=-   EPS= 0.111   GAMMA=  0.0   EPS4=0.000   EPS6=0.000   LEVELS:  32  33  34  35  36
0   Z= 82   A=207   IQ=1   GSFAC= 0.75   GR=  0.40   MIN SPIN=  1/2   MAX SPIN= 13/2   KMAX= 13/2

 MICR QUADR MOMENTS:  Q0= 444.511  Q2=   0.000 FM**2


   B(E2) AND Q(E2) IN E2B2 AND EB,   B(M1) AND M(M1) INNM2 AND NM,   T(E2) AND T(M1) IN 1/PS

       E1     II      EF     IF     B(E2)             B(M1)              GD        D       EREL    T(E2)      T(M1)
                                             WU               MWU

       0.0   1/2 -    0.0   1/2    0.0000            0.4796
     391.6   3/2 -    0.0   1/2    0.3930   54.03    0.0758   42.34    0.355    0.742    391.6  0.441E-01  0.801E-01
     391.6   3/2 -  391.6   3/2   -0.8888            0.8251
     391.6   3/2 -  377.3   5/2    0.0003    0.04    0.0014    0.80    0.000   -0.005     14.3  0.214E-11  0.735E-07
     555.1   3/2 -    0.0   1/2    0.0000    0.01    0.0467   26.08    0.000    0.014    555.1  0.278E-04  0.141E+00


     555.1   3/2 -  391.6   3/2    0.0002    0.02    0.0333   18.60    0.000    0.010    163.6  0.247E-06  0.256E-02
     555.1   3/2 -  555.1   3/2    0.8888           -0.4200
     555.1   3/2 -  377.3   5/2    0.0454    6.25    0.0036    2.00    0.218   -0.528    177.8  0.986E-04  0.354E-03
     555.1   3/2 -  393.6   5/2    0.0000    0.01    0.0083    4.65    0.000   -0.010    161.5  0.626E-07  0.618E-03
     377.3   5/2 -    0.0   1/2    0.0005    0.07    0.0000    0.00    1.000    0.000    377.3  0.487E-04  0.000E+00


     377.3   5/2 -  377.3   5/2    1.4980            1.0809
     393.6   5/2 -    0.0   1/2    0.3926   53.97    0.0000    0.00    1.000    0.000    393.6  0.453E-01  0.000E+00
     393.6   5/2 -  391.6   3/2    0.1121   15.42    0.0764   42.68    0.000    0.002      2.0  0.487E-13  0.115E-07
     393.6   5/2 -  377.3   5/2    0.0030    0.41    0.0018    1.02    0.000   -0.017     16.3  0.417E-10  0.140E-06
     393.6   5/2 -  393.6   5/2   -1.2662            1.0827


     906.3   5/2 -    0.0   1/2    0.0000    0.00    0.0000    0.00    1.000    0.000    906.3  0.836E-04  0.000E+00
     906.3   5/2 -  391.6   3/2    0.0000    0.01    0.0370   20.64    0.000   -0.015    514.7  0.193E-04  0.887E-01
     906.3   5/2 -  555.1   3/2    0.6435   88.46    0.1772   98.95    0.237   -0.557    351.1  0.419E-01  0.135E+00
     906.3   5/2 -  377.3   5/2    0.0433    5.96    0.0143    7.97    0.371    0.767    529.0  0.219E-01  0.372E-01
     906.3   5/2 -  393.6   5/2    0.0001    0.02    0.0405   22.65    0.000    0.022    512.7  0.478E-04  0.961E-01


     906.3   5/2 -  906.3   5/2   -0.2318            0.3237
     906.3   5/2 -  805.5   7/2    0.0007    0.09    0.0194   10.83    0.000   -0.016    100.8  0.853E-07  0.349E-03
     805.5   7/2 -  391.6   3/2    0.0000    0.00    0.0000    0.00    1.000    0.000    413.9  0.164E-05  0.000E+00
     805.5   7/2 -  555.1   3/2    0.0257    3.53    0.0000    0.00    1.000    0.000    250.4  0.308E-03  0.000E+00
     805.5   7/2 -  377.3   5/2    0.6749   92.78    0.0002    0.09    0.998   22.668    428.2  0.119E+00  0.231E-03


     805.5   7/2 -  393.6   5/2    0.0009    0.12    0.0030    1.69    0.032    0.183    411.9  0.124E-03  0.371E-02
     805.5   7/2 -  805.5   7/2    0.1878            1.4057
    1307.2   7/2 -  391.6   3/2    0.5048   69.39    0.0000    0.00    1.000    0.000    915.6  0.396E+01  0.000E+00
    1307.2   7/2 -  555.1   3/2    0.0002    0.02    0.0000    0.00    1.000    0.000    752.1  0.517E-03  0.000E+00
    1307.2   7/2 -  377.3   5/2    0.0000    0.00    0.0007    0.41    0.003    0.054    929.9  0.298E-04  0.103E-01


    1307.2   7/2 -  393.6   5/2    0.0562    7.72    0.0943   52.66    0.256    0.587    913.6  0.436E+00  0.127E+01
    1307.2   7/2 -  906.3   5/2    0.0007    0.09    0.0057    3.20    0.013    0.115    400.9  0.866E-04  0.650E-02
    1307.2   7/2 -  805.5   7/2    0.0001    0.01    0.0033    1.85    0.004   -0.061    501.7  0.272E-04  0.737E-02
    1307.2   7/2 - 1307.2   7/2   -1.4804            1.5603
    1394.8   7/2 -  391.6   3/2    0.0006    0.08    0.0000    0.00    1.000    0.000   1003.2  0.738E-02  0.000E+00


    1394.8   7/2 -  555.1   3/2    0.2549   35.05    0.0000    0.00    1.000    0.000    839.7  0.130E+01  0.000E+00
    1394.8   7/2 -  377.3   5/2    0.0136    1.86    0.0171    9.53    0.363    0.755   1017.5  0.180E+00  0.316E+00
    1394.8   7/2 -  393.6   5/2    0.0000    0.00    0.0333   18.62    0.000    0.010   1001.2  0.564E-04  0.589E+00
    1394.8   7/2 -  906.3   5/2    0.4326   59.47    0.2164  120.86    0.249   -0.575    488.5  0.147E+00  0.444E+00
    1394.8   7/2 -  805.5   7/2    0.0248    3.41    0.0177    9.91    0.252    0.580    589.3  0.215E-01  0.639E-01


    1394.8   7/2 - 1307.2   7/2    0.0002    0.03    0.0338   18.86    0.000    0.006     87.6  0.121E-07  0.399E-03
    1394.8   7/2 - 1394.8   7/2   -0.7818            0.8896
    1394.8   7/2 - 1310.9   9/2    0.0000    0.01    0.0088    4.91    0.000   -0.005     83.9  0.185E-08  0.914E-04
    1394.8   7/2 - 1360.1   9/2    0.0014    0.19    0.0348   19.45    0.000    0.006     34.7  0.857E-09  0.257E-04
    1310.9   9/2 -  377.3   5/2    0.0019    0.26    0.0000    0.00    1.000    0.000    933.6  0.164E-01  0.000E+00


    1310.9   9/2 -  393.6   5/2    0.5592   76.88    0.0000    0.00    1.000    0.000    917.3  0.443E+01  0.000E+00
    1310.9   9/2 -  906.3   5/2    0.0000    0.00    0.0000    0.00    1.000    0.000    404.6  0.363E-05  0.000E+00
    1310.9   9/2 -  805.5   7/2    0.0007    0.10    0.0011    0.59    0.105    0.342    505.4  0.283E-03  0.242E-02
    1310.9   9/2 - 1307.2   7/2    0.0339    4.67    0.0843   47.09    0.000    0.002      3.7  0.276E-12  0.735E-07
    1310.9   9/2 - 1310.9   9/2   -1.6151            1.8403


    1360.1   9/2 -  377.3   5/2    0.2043   28.09    0.0000    0.00    1.000    0.000    982.8  0.229E+01  0.000E+00
    1360.1   9/2 -  393.6   5/2    0.0018    0.25    0.0000    0.00    1.000    0.000    966.5  0.189E-01  0.000E+00
    1360.1   9/2 -  906.3   5/2    0.0210    2.89    0.0000    0.00    1.000    0.000    453.8  0.494E-02  0.000E+00
    1360.1   9/2 -  805.5   7/2    0.5507   75.71    0.0000    0.02    1.000  -57.533    554.6  0.352E+00  0.106E-03
    1360.1   9/2 - 1307.2   7/2    0.0001    0.01    0.0066    3.69    0.000    0.005     52.9  0.483E-09  0.172E-04


    1360.1   9/2 - 1310.9   9/2    0.0003    0.04    0.0056    3.11    0.000    0.009     49.2  0.934E-09  0.117E-04
    1360.1   9/2 - 1360.1   9/2   -0.5142            1.7500
    2018.6   9/2 -  377.3   5/2    0.0010    0.13    0.0000    0.00    1.000    0.000   1641.3  0.138E+00  0.000E+00
    2018.6   9/2 -  393.6   5/2    0.0000    0.00    0.0000    0.00    1.000    0.000   1625.0  0.142E-04  0.000E+00
    2018.6   9/2 -  906.3   5/2    0.3900   53.62    0.0000    0.00    1.000    0.000   1112.3  0.810E+01  0.000E+00


    2018.6   9/2 -  805.5   7/2    0.0149    2.05    0.0325   18.14    0.319    0.684   1213.1  0.477E+00  0.102E+01
    2018.6   9/2 - 1307.2   7/2    0.0005    0.07    0.0333   18.62    0.005   -0.072    711.4  0.109E-02  0.211E+00
    2018.6   9/2 - 1394.8   7/2    0.3033   41.70    0.2076  115.97    0.283   -0.628    623.8  0.350E+00  0.887E+00
    2018.6   9/2 - 1310.9   9/2    0.0000    0.00    0.0358   20.02    0.000   -0.009    707.7  0.178E-04  0.224E+00
    2018.6   9/2 - 1360.1   9/2    0.0139    1.91    0.0172    9.62    0.195    0.492    658.5  0.209E-01  0.866E-01


    2018.6   9/2 - 2018.6   9/2   -1.1036            1.4328
    2042.2  11/2 -  805.5   7/2    0.3477   47.79    0.0000    0.00    1.000    0.000   1236.7  0.123E+02  0.000E+00
    2042.2  11/2 - 1307.2   7/2    0.0000    0.01    0.0000    0.00    1.000    0.000    735.0  0.106E-03  0.000E+00
    2042.2  11/2 - 1394.8   7/2    0.0146    2.01    0.0000    0.00    1.000    0.000    647.4  0.202E-01  0.000E+00
    2042.2  11/2 - 1310.9   9/2    0.0005    0.07    0.0051    2.87    0.038   -0.198    731.3  0.139E-02  0.354E-01


    2042.2  11/2 - 1360.1   9/2    0.4086   56.17    0.0006    0.33    0.996  -14.986    682.1  0.736E+00  0.328E-02
    2042.2  11/2 - 2018.6   9/2    0.0032    0.44    0.0387   21.64    0.000    0.006     23.6  0.284E-09  0.895E-05
    2042.2  11/2 - 2042.2  11/2   -0.9314            2.1311
    2746.0  11/2 -  805.5   7/2    0.0000    0.01    0.0000    0.00    1.000    0.000   1940.5  0.122E-01  0.000E+00
    2746.0  11/2 - 1307.2   7/2    0.5847   80.38    0.0000    0.00    1.000    0.000   1438.7  0.440E+02  0.000E+00


    2746.0  11/2 - 1394.8   7/2    0.0072    0.99    0.0000    0.00    1.000    0.000   1351.2  0.396E+00  0.000E+00
    2746.0  11/2 - 1310.9   9/2    0.0221    3.04    0.0861   48.08    0.268    0.606   1435.1  0.164E+01  0.448E+01
    2746.0  11/2 - 1360.1   9/2    0.0007    0.10    0.0000    0.02    0.972    5.878   1385.9  0.462E-01  0.134E-02
    2746.0  11/2 - 2018.6   9/2    0.0064    0.89    0.0009    0.48    0.732    1.654    727.4  0.160E-01  0.585E-02
    2746.0  11/2 - 2042.2  11/2    0.0003    0.04    0.0045    2.52    0.020   -0.143    703.8  0.568E-03  0.277E-01


    2746.0  11/2 - 2746.0  11/2   -1.6979            2.4036
    2777.6  11/2 -  805.5   7/2    0.0011    0.15    0.0000    0.00    1.000    0.000   1972.1  0.404E+00  0.000E+00
    2777.6  11/2 - 1307.2   7/2    0.0107    1.47    0.0000    0.00    1.000    0.000   1470.4  0.897E+00  0.000E+00
    2777.6  11/2 - 1394.8   7/2    0.4634   63.71    0.0000    0.00    1.000    0.000   1382.8  0.286E+02  0.000E+00
    2777.6  11/2 - 1310.9   9/2    0.0007    0.10    0.0478   26.72    0.022    0.150   1466.7  0.601E-01  0.266E+01


    2777.6  11/2 - 1360.1   9/2    0.0126    1.73    0.0459   25.66    0.276    0.617   1417.5  0.877E+00  0.230E+01
    2777.6  11/2 - 2018.6   9/2    0.2185   30.04    0.2131  118.99    0.291   -0.640    759.0  0.672E+00  0.164E+01
    2777.6  11/2 - 2042.2  11/2    0.0078    1.07    0.0161    8.97    0.154    0.427    735.4  0.205E-01  0.112E+00
    2777.6  11/2 - 2746.0  11/2    0.0007    0.10    0.0217   12.14    0.000    0.005     31.7  0.287E-09  0.122E-04
    2777.6  11/2 - 2777.6  11/2   -1.3273            1.8055


    2777.6  11/2 - 2752.0  13/2    0.0005    0.07    0.0029    1.65    0.000   -0.009     25.7  0.710E-10  0.877E-06
    2752.0  13/2 - 1310.9   9/2    0.6183   85.00    0.0000    0.00    1.000    0.000   1441.1  0.469E+02  0.000E+00
    2752.0  13/2 - 1360.1   9/2    0.0001    0.01    0.0000    0.00    1.000    0.000   1391.9  0.438E-02  0.000E+00
    2752.0  13/2 - 2018.6   9/2    0.0000    0.00    0.0000    0.00    1.000    0.000    733.4  0.212E-04  0.000E+00
    2752.0  13/2 - 2042.2  11/2    0.0003    0.04    0.0024    1.32    0.040    0.203    709.8  0.615E-03  0.149E-01


    2752.0  13/2 - 2746.0  11/2    0.0160    2.20    0.0931   52.02    0.000    0.002      6.0  0.152E-11  0.354E-06
    2752.0  13/2 - 2752.0  13/2   -1.7776            2.6098
    2853.0  13/2 - 1310.9   9/2    0.0000    0.00    0.0000    0.00    1.000    0.000   1542.2  0.244E-04  0.000E+00
    2853.0  13/2 - 1360.1   9/2    0.4402   60.51    0.0000    0.00    1.000    0.000   1493.0  0.398E+02  0.000E+00
    2853.0  13/2 - 2018.6   9/2    0.0098    1.35    0.0000    0.00    1.000    0.000    834.4  0.484E-01  0.000E+00


    2853.0  13/2 - 2042.2  11/2    0.3055   41.99    0.0025    1.38    0.983   -7.496    810.9  0.131E+01  0.232E-01
    2853.0  13/2 - 2746.0  11/2    0.0003    0.04    0.0147    8.22    0.000    0.012    107.1  0.493E-07  0.318E-03
    2853.0  13/2 - 2777.6  11/2    0.0040    0.55    0.0420   23.46    0.000    0.019     75.4  0.120E-06  0.317E-03
    2853.0  13/2 - 2752.0  13/2    0.0000    0.01    0.0087    4.87    0.000    0.006    101.1  0.536E-08  0.159E-03
    2853.0  13/2 - 2853.0  13/2   -1.2028            2.4981



 TIME=  0.0 SEC
