 PARITY=-   EPS= 0.364   GAMMA=  7.5   EPS4=0.000   EPS6=0.000   LEVELS:  30  31  32  33  34
0   Z= 82   A=207   IQ=1   GSFAC= 0.75   GR=  0.40   MIN SPIN=  1/2   MAX SPIN= 13/2   KMAX= 13/2

 MICR QUADR MOMENTS:  Q0=2254.279  Q2=-112.098 FM**2


   B(E2) AND Q(E2) IN E2B2 AND EB,   B(M1) AND M(M1) INNM2 AND NM,   T(E2) AND T(M1) IN 1/PS

       E1     II      EF     IF     B(E2)             B(M1)              GD        D       EREL    T(E2)      T(M1)
                                             WU               MWU

     917.5   7/2 -  917.5   7/2   10.5222           -0.6611
     917.5   7/2 -    0.0   9/2    0.0000    0.00    0.0029    1.63    0.000   -0.000    917.5  0.132E-20  0.396E-01
       0.0   9/2 -    0.0   9/2   12.2983            1.4316
    2011.7   9/2 -  917.5   7/2   17.1513 2357.87    0.2942  164.29    0.980   -6.956   1094.2  0.328E+03  0.678E+01
    2011.7   9/2 -    0.0   9/2    0.0000    0.00    0.0005    0.30    0.000    0.000   2011.7  0.745E-24  0.779E-01


    2011.7   9/2 - 2011.7   9/2    4.1046            0.1073
    2011.7   9/2 - 1337.1  11/2    0.0000    0.00    0.0024    1.33    0.000   -0.000    674.6  0.690E-25  0.128E-01
    1337.1  11/2 -  917.5   7/2    0.0000    0.00    0.0000    0.00    1.000    0.000    419.6  0.490E-22  0.000E+00
    1337.1  11/2 -    0.0   9/2   15.9008 2185.95    0.0067    3.72    1.000  -54.406   1337.1  0.829E+03  0.280E+00
    1337.1  11/2 - 1337.1  11/2    6.1992            1.8818


    2914.7  13/2 -    0.0   9/2    2.7898  383.53    0.0000    0.00    1.000    0.000   2914.7  0.716E+04  0.000E+00
    2914.7  13/2 - 2011.7   9/2    0.0000    0.00    0.0000    0.00    1.000    0.000    903.0  0.805E-26  0.000E+00
    2914.7  13/2 - 1337.1  11/2   17.9717 2470.64    0.0106    5.93    1.000  -54.031   1577.6  0.214E+04  0.734E+00
    2914.7  13/2 - 2914.7  13/2    2.2698            2.3175

 TIME=  0.0 SEC
