 PARITY=-   EPS= 0.345   GAMMA= 33.0   EPS4=0.000   EPS6=0.000   LEVELS:  30  31  32  33  34
0   Z= 82   A=207   IQ=1   GSFAC= 0.75   GR=  0.40   MIN SPIN=  1/2   MAX SPIN= 13/2   KMAX= 13/2

 MICR QUADR MOMENTS:  Q0=1596.212  Q2=-510.651 FM**2


   B(E2) AND Q(E2) IN E2B2 AND EB,   B(M1) AND M(M1) INNM2 AND NM,   T(E2) AND T(M1) IN 1/PS

       E1     II      EF     IF     B(E2)             B(M1)              GD        D       EREL    T(E2)      T(M1)
                                             WU               MWU

       0.0   1/2 -    0.0   1/2    0.0000            0.5194
     714.8   1/2 -    0.0   1/2    0.0000    0.00    0.0123    6.89    0.000    0.000    714.8  0.000E+00  0.792E-01
     714.8   1/2 -  714.8   1/2    0.0000           -0.4408
     714.8   1/2 -  663.5   3/2    0.0000    0.00    0.0007    0.37    0.000   -0.000     51.3  0.283E-23  0.158E-05
    1735.6   1/2 -    0.0   1/2    0.0000    0.00    0.0211   11.79    0.000    0.000   1735.6  0.000E+00  0.194E+01


    1735.6   1/2 -  714.8   1/2    0.0000    0.00    0.0077    4.28    0.000    0.000   1020.8  0.000E+00  0.144E+00
    1735.6   1/2 - 1735.6   1/2    0.0000            0.4501
    1735.6   1/2 -  663.5   3/2    0.0000    0.00    0.1375   76.78    0.000   -0.000   1072.1  0.520E-23  0.298E+01
    1735.6   1/2 -  817.7   3/2    0.0000    0.00    0.0000    0.02    0.000   -0.000    917.9  0.297E-23  0.577E-03
    1735.6   1/2 - 1384.9   3/2    0.0000    0.00    0.0134    7.49    0.000    0.000    350.7  0.324E-26  0.102E-01


    1735.6   1/2 -  770.8   5/2    0.0000    0.00    0.0000    0.00    1.000    0.000    964.8  0.799E-23  0.000E+00
    1735.6   1/2 - 1624.8   5/2    0.0000    0.00    0.0000    0.00    1.000    0.000    110.8  0.246E-25  0.000E+00
    1735.6   1/2 - 1668.6   5/2    0.0000    0.00    0.0000    0.00    1.000    0.000     67.0  0.195E-26  0.000E+00
     663.5   3/2 -    0.0   1/2    5.7727  793.60    0.1168   65.22    0.938    3.884    663.5  0.906E+01  0.600E+00
     663.5   3/2 -  663.5   3/2    0.6126            0.3659


     817.7   3/2 -    0.0   1/2    0.0000    0.00    0.0025    1.39    0.000   -0.000    817.7  0.103E-17  0.240E-01
     817.7   3/2 -  714.8   1/2    3.9479  542.73    0.0051    2.86    0.850   -2.380    103.0  0.557E-03  0.984E-04
     817.7   3/2 -  663.5   3/2    0.0000    0.00    0.0003    0.19    0.000   -0.000    154.2  0.140E-24  0.220E-04
     817.7   3/2 -  817.7   3/2    2.9046            1.0831
     817.7   3/2 -  770.8   5/2    0.0000    0.00    0.0160    8.93    0.000   -0.000     46.9  0.114E-29  0.290E-04


    1384.9   3/2 -    0.0   1/2    0.3337   45.88    0.0149    8.30    0.968    5.464   1384.9  0.207E+02  0.695E+00
    1384.9   3/2 -  714.8   1/2    0.0000    0.00    0.0072    4.04    0.000    0.000    670.1  0.324E-19  0.383E-01
    1384.9   3/2 -  663.5   3/2    5.9198  813.82    0.1048   58.54    0.953   -4.514    721.4  0.141E+02  0.693E+00
    1384.9   3/2 -  817.7   3/2    0.0000    0.00    0.0040    2.24    0.000   -0.000    567.2  0.604E-25  0.129E-01
    1384.9   3/2 - 1384.9   3/2   -0.6126            0.4369


    1384.9   3/2 -  770.8   5/2    2.7529  378.45    0.0169    9.44    0.977    6.525    614.1  0.293E+01  0.689E-01
     770.8   5/2 -    0.0   1/2    5.4917  754.97    0.0000    0.00    1.000    0.000    770.8  0.182E+02  0.000E+00
     770.8   5/2 -  714.8   1/2    0.0000    0.00    0.0000    0.00    1.000    0.000     56.0  0.218E-23  0.000E+00
     770.8   5/2 -  663.5   3/2    0.1299   17.86    0.0324   18.12    0.031   -0.179    107.3  0.226E-04  0.706E-03
     770.8   5/2 -  770.8   5/2    1.6534            1.3570


    1624.8   5/2 -    0.0   1/2    0.0000    0.00    0.0000    0.00    1.000    0.000   1624.8  0.343E-16  0.000E+00
    1624.8   5/2 -  714.8   1/2    4.5211  621.53    0.0000    0.00    1.000    0.000    910.0  0.344E+02  0.000E+00
    1624.8   5/2 -  663.5   3/2    0.0000    0.00    0.0173    9.64    0.000   -0.000    961.3  0.283E-20  0.270E+00
    1624.8   5/2 -  817.7   3/2    2.1441  294.76    0.1138   63.56    0.895    2.917    807.1  0.896E+01  0.105E+01
    1624.8   5/2 - 1384.9   3/2    0.0000    0.00    0.0001    0.07    0.000   -0.000    239.9  0.391E-23  0.310E-04


    1624.8   5/2 -  770.8   5/2    0.0000    0.00    0.0000    0.01    0.000    0.000    854.0  0.179E-19  0.107E-03
    1624.8   5/2 - 1624.8   5/2    0.3040            0.6170
    1624.8   5/2 - 1292.7   9/2    0.0000    0.00    0.0000    0.00    1.000    0.000    332.1  0.129E-27  0.000E+00
    1668.6   5/2 -    0.0   1/2    0.5605   77.05    0.0000    0.00    1.000    0.000   1668.6  0.885E+02  0.000E+00
    1668.6   5/2 -  714.8   1/2    0.0000    0.00    0.0000    0.00    1.000    0.000    953.9  0.130E-19  0.000E+00


    1668.6   5/2 -  663.5   3/2    1.2049  165.65    0.0272   15.19    0.969    5.570   1005.1  0.151E+02  0.486E+00
    1668.6   5/2 -  817.7   3/2    0.0000    0.00    0.0001    0.03    0.000    0.000    850.9  0.548E-19  0.554E-03
    1668.6   5/2 - 1384.9   3/2    0.9006  123.81    0.0231   12.87    0.686    1.477    283.7  0.202E-01  0.927E-02
    1668.6   5/2 -  770.8   5/2    6.2138  854.24    0.0247   13.78    0.993   11.861    897.8  0.442E+02  0.314E+00
    1668.6   5/2 - 1624.8   5/2    0.0000    0.00    0.0012    0.67    0.000    0.000     43.8  0.634E-28  0.177E-05


    1668.6   5/2 - 1668.6   5/2   -0.4408            1.4446
    1668.6   5/2 - 1292.7   9/2    0.0000    0.00    0.0000    0.00    1.000    0.000    376.0  0.629E-26  0.000E+00
    1879.9   7/2 -  663.5   3/2    7.1020  976.35    0.0000    0.00    1.000    0.000   1216.4  0.231E+03  0.000E+00
    1879.9   7/2 -  817.7   3/2    0.0000    0.00    0.0000    0.00    1.000    0.000   1062.1  0.754E-14  0.000E+00
    1879.9   7/2 - 1384.9   3/2    0.1295   17.80    0.0000    0.00    1.000    0.000    495.0  0.469E-01  0.000E+00


    1879.9   7/2 -  770.8   5/2    0.9391  129.10    0.1567   87.49    0.836    2.261   1109.0  0.192E+02  0.376E+01
    1879.9   7/2 - 1624.8   5/2    0.0000    0.00    0.0001    0.07    0.000    0.000    255.1  0.402E-19  0.374E-04
    1879.9   7/2 - 1668.6   5/2    0.4842   66.57    0.0056    3.15    0.727   -1.630    211.2  0.248E-02  0.935E-03
    1879.9   7/2 - 1879.9   7/2    0.0934            1.3438
    1879.9   7/2 - 1292.7   9/2    0.0000    0.00    0.0000    0.00    0.789   -1.935    587.2  0.104E-21  0.278E-22


    1949.3   7/2 -  663.5   3/2    0.0000    0.00    0.0000    0.00    1.000    0.000   1285.8  0.355E-20  0.000E+00
    1949.3   7/2 -  817.7   3/2    6.6097  908.67    0.0000    0.00    1.000    0.000   1131.6  0.150E+03  0.000E+00
    1949.3   7/2 - 1384.9   3/2    0.0000    0.00    0.0000    0.00    1.000    0.000    564.4  0.343E-24  0.000E+00
    1949.3   7/2 -  770.8   5/2    0.0000    0.00    0.0011    0.61    0.000   -0.000   1178.5  0.650E-22  0.315E-01
    1949.3   7/2 - 1624.8   5/2    0.0448    6.16    0.0212   11.82    0.134    0.393    324.5  0.197E-02  0.127E-01


    1949.3   7/2 - 1668.6   5/2    0.0000    0.00    0.0001    0.05    0.000    0.000    280.7  0.412E-23  0.350E-04
    1949.3   7/2 - 1879.9   7/2    0.0000    0.00    0.0008    0.42    0.000    0.000     69.5  0.709E-22  0.445E-05
    1949.3   7/2 - 1949.3   7/2    0.4828            1.8759
    1949.3   7/2 - 1292.7   9/2    0.0000    0.00    0.0000    0.00    0.000   -0.013    656.7  0.787E-28  0.463E-24
    2425.0   7/2 -  663.5   3/2    0.3839   52.77    0.0000    0.00    1.000    0.000   1761.5  0.794E+02  0.000E+00


    2425.0   7/2 -  817.7   3/2    0.0000    0.00    0.0000    0.00    1.000    0.000   1607.3  0.209E-21  0.000E+00
    2425.0   7/2 - 1384.9   3/2    1.1304  155.40    0.0000    0.00    1.000    0.000   1040.1  0.168E+02  0.000E+00
    2425.0   7/2 -  770.8   5/2    0.7345  100.97    0.0000    0.01    1.000  303.614   1654.2  0.111E+03  0.121E-02
    2425.0   7/2 - 1624.8   5/2    0.0000    0.00    0.0000    0.00    0.000   -0.000    800.2  0.166E-19  0.595E-04
    2425.0   7/2 - 1668.6   5/2    7.9348 1090.83    0.0326   18.21    0.990    9.825    756.4  0.240E+02  0.248E+00


    2425.0   7/2 - 1879.9   7/2    0.3850   52.93    0.0592   33.09    0.572    1.157    545.2  0.226E+00  0.169E+00
    2425.0   7/2 - 1949.3   7/2    0.0000    0.00    0.0000    0.00    0.000   -0.000    475.7  0.181E-24  0.552E-05
    2425.0   7/2 - 2425.0   7/2   -0.2404            1.6064
    2425.0   7/2 - 1292.7   9/2    0.0000    0.00    0.0000    0.00    0.101   -0.336   1132.4  0.145E-23  0.129E-22
    2425.0   7/2 - 2076.4   9/2    5.2992  728.51    0.0057    3.20    0.987    8.831    348.6  0.333E+00  0.427E-02


    1292.7   9/2 -  770.8   5/2    0.0000    0.00    0.0000    0.00    1.000    0.000    521.9  0.317E-25  0.000E+00
    1292.7   9/2 - 1292.7   9/2   -8.0126           -0.5578
    2076.4   9/2 -  770.8   5/2    8.1637 1122.30    0.0000    0.00    1.000    0.000   1305.6  0.378E+03  0.000E+00
    2076.4   9/2 - 1624.8   5/2    0.0000    0.00    0.0000    0.00    1.000    0.000    451.6  0.294E-22  0.000E+00
    2076.4   9/2 - 1668.6   5/2    0.2715   37.33    0.0000    0.00    1.000    0.000    407.8  0.374E-01  0.000E+00


    2076.4   9/2 - 1879.9   7/2    0.0869   11.95    0.0616   34.40    0.036    0.194    196.6  0.311E-03  0.823E-02
    2076.4   9/2 - 1949.3   7/2    0.0000    0.00    0.0160    8.94    0.000    0.000    127.1  0.663E-28  0.578E-03
    2076.4   9/2 - 1292.7   9/2    0.0000    0.00    0.0000    0.00    0.048   -0.224    783.7  0.304E-24  0.607E-23
    2076.4   9/2 - 2076.4   9/2   -0.1441            2.0404
    2076.4   9/2 - 1847.7  13/2    0.0000    0.00    0.0000    0.00    1.000    0.000    228.8  0.215E-27  0.000E+00


    2642.6  11/2 - 1879.9   7/2    0.0000    0.00    0.0000    0.00    1.000    0.000    762.8  0.102E-20  0.000E+00
    2642.6  11/2 - 1949.3   7/2    0.0000    0.00    0.0000    0.00    1.000    0.000    693.3  0.913E-24  0.000E+00
    2642.6  11/2 - 2425.0   7/2    0.0000    0.00    0.0000    0.00    1.000    0.000    217.6  0.114E-28  0.000E+00
    2642.6  11/2 - 1292.7   9/2    5.7619  792.12    0.2980  166.43    0.961    4.942   1350.0  0.315E+03  0.129E+02
    2642.6  11/2 - 2076.4   9/2    0.0000    0.00    0.0000    0.00    0.001    0.028    566.2  0.442E-26  0.576E-23


    2642.6  11/2 - 2642.6  11/2   -4.5904            0.2209
    2642.6  11/2 - 1847.7  13/2    0.1859   25.56    0.0375   20.95    0.685   -1.473    795.0  0.720E+00  0.332E+00
    1847.7  13/2 - 1292.7   9/2    4.6956  645.52    0.0000    0.00    1.000    0.000    555.0  0.302E+01  0.000E+00
    1847.7  13/2 - 1847.7  13/2   -9.4232            0.1370

 TIME=  0.0 SEC
