 PARITY=-   EPS= 0.291   GAMMA= 10.0   EPS4=0.000   EPS6=0.000   LEVELS:  29  30  31  32  33
0   Z= 82   A=207   IQ=1   GSFAC= 0.75   GR=  0.40   MIN SPIN=  1/2   MAX SPIN= 13/2   KMAX= 13/2

 MICR QUADR MOMENTS:  Q0=1669.318  Q2=-133.549 FM**2


   B(E2) AND Q(E2) IN E2B2 AND EB,   B(M1) AND M(M1) INNM2 AND NM,   T(E2) AND T(M1) IN 1/PS

       E1     II      EF     IF     B(E2)             B(M1)              GD        D       EREL    T(E2)      T(M1)
                                             WU               MWU

     508.4   7/2 -  508.4   7/2    7.7956           -0.6865
     508.4   7/2 -    0.0   9/2    0.0000    0.00    0.0035    1.95    0.000    0.000    508.4  0.332E-22  0.808E-02
       0.0   9/2 -    0.0   9/2    9.1111            1.4179
    1601.0   9/2 -  508.4   7/2    9.3976 1291.93    0.3015  168.42    0.963   -5.079   1092.7  0.179E+03  0.692E+01
    1601.0   9/2 -    0.0   9/2    0.0000    0.00    0.0007    0.38    0.000   -0.000   1601.0  0.936E-24  0.485E-01


    1601.0   9/2 - 1601.0   9/2    3.0500            0.0868
    1601.0   9/2 - 1334.6  11/2    0.0000    0.00    0.0028    1.58    0.000    0.000    266.5  0.251E-27  0.940E-03
    1334.6  11/2 -  508.4   7/2    0.0000    0.00    0.0000    0.00    1.000    0.000    826.2  0.867E-21  0.000E+00
    1334.6  11/2 -    0.0   9/2    8.7092 1197.30    0.0072    4.02    0.999  -38.672   1334.6  0.450E+03  0.301E+00
    1334.6  11/2 - 1334.6  11/2    4.6015            1.8702


    2930.5  11/2 -  508.4   7/2    2.0403  280.49    0.0000    0.00    1.000    0.000   2422.1  0.208E+04  0.000E+00
    2930.5  11/2 -    0.0   9/2    0.0000    0.00    0.0000    0.01    0.000   -0.000   2930.5  0.504E-20  0.113E-01
    2930.5  11/2 - 1601.0   9/2    9.4517 1299.37    0.4625  258.30    0.962   -5.004   1329.4  0.479E+03  0.191E+02
    2930.5  11/2 - 1334.6  11/2    0.0000    0.00    0.0011    0.62    0.000   -0.000   1595.9  0.970E-22  0.793E-01
    2930.5  11/2 - 2930.5  11/2    0.2236            0.7441


    2930.5  11/2 - 2903.1  13/2    0.0000    0.00    0.0024    1.32    0.000    0.000     27.3  0.466E-30  0.854E-06
    2903.1  13/2 -    0.0   9/2    1.5507  213.18    0.0000    0.00    1.000    0.000   2903.1  0.390E+04  0.000E+00
    2903.1  13/2 - 1601.0   9/2    0.0000    0.00    0.0000    0.00    1.000    0.000   1302.1  0.355E-25  0.000E+00
    2903.1  13/2 - 1334.6  11/2    9.8079 1348.34    0.0115    6.41    0.999  -38.191   1568.5  0.114E+04  0.779E+00
    2903.1  13/2 - 2903.1  13/2    1.7130            2.3075



 TIME=  0.0 SEC
