 PARITY=-   EPS= 0.194   GAMMA=  0.0   EPS4=0.000   EPS6=0.000   LEVELS:  24  25  26  27  28  29  30  31  32  33  34  35  36  37  38
0   Z= 82   A=207   IQ=0   GSFAC= 0.75   GR=  0.40   MIN SPIN=  1/2   MAX SPIN= 13/2   KMAX= 13/2

 MACR QUADR MOMENTS:  Q0= 715.862  Q2=   0.000 FM**2


   B(E2) AND Q(E2) IN E2B2 AND EB,   B(M1) AND M(M1) INNM2 AND NM,   T(E2) AND T(M1) IN 1/PS

       E1     II      EF     IF     B(E2)             B(M1)              GD        D       EREL    T(E2)      T(M1)
                                             WU               MWU

     277.5   1/2 -  277.5   1/2    0.0000            0.4870
     277.5   1/2 -    0.0   3/2    0.0104    1.42    0.8680  484.81    0.001    0.025    277.5  0.208E-03  0.327E+00
     277.5   1/2 -   63.0   5/2    0.0097    1.34    0.0000    0.00    1.000    0.000    214.5  0.539E-04  0.000E+00
    1783.9   1/2 -  277.5   1/2    0.0000    0.00    0.0053    2.96    0.000    0.000   1506.4  0.000E+00  0.319E+00
    1783.9   1/2 - 1783.9   1/2    0.0000            0.5893


    1783.9   1/2 -    0.0   3/2    0.0705    9.69    0.0630   35.19    0.712    1.571   1783.9  0.155E+02  0.630E+01
    1783.9   1/2 -  924.6   3/2    0.0588    8.08    0.0007    0.38    0.978   -6.608    859.3  0.336E+00  0.770E-02
    1783.9   1/2 -   63.0   5/2    0.0566    7.77    0.0000    0.00    1.000    0.000   1720.9  0.104E+02  0.000E+00
    1783.9   1/2 -  624.6   5/2    0.1434   19.72    0.0000    0.00    1.000    0.000   1159.3  0.366E+01  0.000E+00
    1783.9   1/2 -  948.9   5/2    0.0712    9.78    0.0000    0.00    1.000    0.000    835.0  0.352E+00  0.000E+00


       0.0   3/2 -    0.0   3/2    1.3089           -0.8575
     924.6   3/2 -  277.5   1/2    0.9497  130.56    0.0750   41.89    0.786    1.917    647.0  0.131E+01  0.358E+00
     924.6   3/2 -    0.0   3/2    0.0444    6.10    0.2603  145.40    0.092    0.318    924.6  0.366E+00  0.362E+01
     924.6   3/2 -  924.6   3/2   -1.3319            0.9965
     924.6   3/2 -   63.0   5/2    0.0217    2.98    0.0686   38.29    0.140   -0.403    861.5  0.125E+00  0.772E+00


     924.6   3/2 -  624.6   5/2    0.0059    0.82    0.5599  312.68    0.001   -0.026    300.0  0.176E-03  0.266E+00
     924.6   3/2 -  699.0   7/2    0.0020    0.27    0.0000    0.00    1.000    0.000    225.5  0.139E-04  0.000E+00
      63.0   5/2 -    0.0   3/2    0.2814   38.68    0.0102    5.69    0.071   -0.276     63.0  0.341E-05  0.449E-04
      63.0   5/2 -   63.0   5/2    1.7996            0.9725
     624.6   5/2 -  277.5   1/2    0.0025    0.34    0.0000    0.00    1.000    0.000    347.1  0.151E-03  0.000E+00


     624.6   5/2 -    0.0   3/2    1.3432  184.66    0.1471   82.13    0.712   -1.572    624.6  0.156E+01  0.631E+00
     624.6   5/2 -   63.0   5/2    0.3709   50.99    0.0556   31.04    0.593    1.208    561.6  0.253E+00  0.173E+00
     624.6   5/2 -  624.6   5/2   -0.0505            0.1587
     948.9   5/2 -  277.5   1/2    0.9282  127.60    0.0000    0.00    1.000    0.000    671.4  0.154E+01  0.000E+00
     948.9   5/2 -    0.0   3/2    0.0034    0.47    0.0314   17.55    0.064   -0.260    948.9  0.321E-01  0.472E+00


     948.9   5/2 -  924.6   3/2    0.2747   37.76    0.1090   60.89    0.001    0.032     24.3  0.286E-07  0.276E-04
     948.9   5/2 -   63.0   5/2    0.0608    8.36    0.0396   22.14    0.455   -0.913    885.9  0.405E+00  0.485E+00
     948.9   5/2 -  624.6   5/2    0.0097    1.33    0.2759  154.07    0.003    0.051    324.3  0.423E-03  0.166E+00
     948.9   5/2 -  948.9   5/2   -1.9000            0.9530
     948.9   5/2 -  699.0   7/2    0.0110    1.51    0.0699   39.06    0.007    0.082    249.9  0.131E-03  0.192E-01


    1862.6   5/2 -  277.5   1/2    0.0848   11.66    0.0000    0.00    1.000    0.000   1585.1  0.104E+02  0.000E+00
    1862.6   5/2 - 1783.9   1/2    0.2107   28.96    0.0000    0.00    1.000    0.000     78.7  0.778E-05  0.000E+00
    1862.6   5/2 -    0.0   3/2    0.0216    2.97    0.0002    0.10    0.997  -16.915   1862.6  0.592E+01  0.207E-01
    1862.6   5/2 -  924.6   3/2    0.0028    0.38    0.0031    1.72    0.353   -0.738    938.1  0.244E-01  0.448E-01
    1862.6   5/2 -   63.0   5/2    0.0989   13.60    0.0034    1.89    0.985    8.108   1799.6  0.228E+02  0.347E+00


    1862.6   5/2 -  624.6   5/2    0.0012    0.16    0.0023    1.29    0.350   -0.734   1238.0  0.417E-01  0.773E-01
    1862.6   5/2 -  948.9   5/2    0.0349    4.80    0.0237   13.23    0.460   -0.924    913.7  0.271E+00  0.318E+00
    1862.6   5/2 - 1862.6   5/2   -1.0143            1.1639
    1862.6   5/2 -  699.0   7/2    0.0029    0.39    0.0520   29.07    0.049   -0.227   1163.6  0.744E-01  0.144E+01
    1862.6   5/2 - 1281.2   7/2    0.0212    2.92    0.0819   45.75    0.057   -0.246    581.5  0.172E-01  0.283E+00


    1862.6   5/2 - 1350.8   9/2    0.1804   24.81    0.0000    0.00    1.000    0.000    511.9  0.774E-01  0.000E+00
    1862.6   5/2 - 1535.3   9/2    0.0249    3.42    0.0000    0.00    1.000    0.000    327.4  0.114E-02  0.000E+00
     699.0   7/2 -    0.0   3/2    0.2008   27.61    0.0000    0.00    1.000    0.000    699.0  0.409E+00  0.000E+00
     699.0   7/2 -   63.0   5/2    1.5160  208.42    0.0024    1.36    0.994  -13.206    636.0  0.192E+01  0.110E-01
     699.0   7/2 -  624.6   5/2    0.0001    0.01    0.0543   30.31    0.000    0.003     74.4  0.285E-08  0.394E-03


     699.0   7/2 -  699.0   7/2   -0.2034            1.1300
    1281.2   7/2 -    0.0   3/2    0.5119   70.37    0.0000    0.00    1.000    0.000   1281.2  0.216E+02  0.000E+00
    1281.2   7/2 -  924.6   3/2    0.0579    7.96    0.0000    0.00    1.000    0.000    356.6  0.407E-02  0.000E+00
    1281.2   7/2 -   63.0   5/2    0.0697    9.58    0.1229   68.66    0.368    0.764   1218.2  0.228E+01  0.391E+01
    1281.2   7/2 -  624.6   5/2    0.9712  133.51    0.2011  112.32    0.591   -1.201    656.6  0.145E+01  0.100E+01


    1281.2   7/2 -  948.9   5/2    0.0018    0.25    0.2471  138.01    0.001    0.024    332.3  0.903E-04  0.160E+00
    1281.2   7/2 -  699.0   7/2    0.1261   17.33    0.1095   61.15    0.213    0.520    582.1  0.103E+00  0.380E+00
    1281.2   7/2 - 1281.2   7/2   -1.1581            0.0868
    1281.2   7/2 - 1276.5  11/2    0.0000    0.00    0.0000    0.00    1.000    0.000      4.6  0.613E-25  0.000E+00
    2047.9   7/2 -    0.0   3/2    0.0047    0.65    0.0000    0.00    1.000    0.000   2047.9  0.207E+01  0.000E+00


    2047.9   7/2 -  924.6   3/2    0.0062    0.86    0.0000    0.00    1.000    0.000   1123.3  0.136E+00  0.000E+00
    2047.9   7/2 -   63.0   5/2    0.0017    0.23    0.2544  142.11    0.018   -0.134   1984.9  0.628E+00  0.350E+02
    2047.9   7/2 -  624.6   5/2    0.0052    0.72    0.1105   61.73    0.062   -0.258   1423.3  0.372E+00  0.561E+01
    2047.9   7/2 -  948.9   5/2    0.0002    0.03    0.0106    5.91    0.018    0.135   1099.0  0.450E-02  0.247E+00
    2047.9   7/2 - 1862.6   5/2    0.0001    0.01    0.0025    1.38    0.001    0.028    185.2  0.221E-06  0.276E-03


    2047.9   7/2 -  699.0   7/2    0.0005    0.07    0.0987   55.10    0.007    0.083   1348.8  0.291E-01  0.426E+01
    2047.9   7/2 - 1281.2   7/2    0.0447    6.15    0.0428   23.90    0.299   -0.653    766.7  0.145E+00  0.339E+00
    2047.9   7/2 - 2047.9   7/2    3.0881           -0.8880
    2047.9   7/2 - 1350.8   9/2    0.0076    1.04    0.0056    3.14    0.313    0.675    697.1  0.153E-01  0.335E-01
    2047.9   7/2 - 1535.3   9/2    0.0372    5.12    0.0016    0.89    0.810   -2.067    512.6  0.161E-01  0.376E-02


    2047.9   7/2 - 1276.5  11/2    0.0000    0.00    0.0000    0.00    1.000    0.000    771.3  0.296E-12  0.000E+00
    2407.2   7/2 -    0.0   3/2    0.0000    0.00    0.0000    0.00    1.000    0.000   2407.2  0.967E-10  0.000E+00
    2407.2   7/2 -  924.6   3/2    0.0000    0.00    0.0000    0.00    1.000    0.000   1482.7  0.351E-09  0.000E+00
    2407.2   7/2 -   63.0   5/2    0.0000    0.00    0.0000    0.00    0.403   -0.822   2344.2  0.143E-10  0.212E-10
    2407.2   7/2 -  624.6   5/2    0.0000    0.00    0.0000    0.00    0.640    1.332   1782.6  0.193E-10  0.109E-10


    2407.2   7/2 -  948.9   5/2    0.0000    0.00    0.0000    0.00    0.827    2.184   1458.3  0.425E-10  0.891E-11
    2407.2   7/2 - 1862.6   5/2    0.0000    0.00    0.0000    0.00    0.993  -12.056    544.6  0.405E-13  0.279E-15
    2407.2   7/2 -  699.0   7/2    0.0000    0.00    0.0000    0.00    0.612   -1.256   1708.2  0.146E-10  0.928E-11
    2407.2   7/2 - 1281.2   7/2    0.0000    0.00    0.0000    0.00    0.105    0.342   1126.1  0.283E-11  0.242E-10
    2407.2   7/2 - 2047.9   7/2    0.0000    0.00    0.0000    0.00    0.728    1.636    359.4  0.464E-13  0.173E-13


    2407.2   7/2 - 2407.2   7/2   -1.6002           -2.3799
    2407.2   7/2 - 1350.8   9/2    0.0000    0.00    0.0000    0.00    0.044   -0.214   1056.5  0.168E-12  0.366E-11
    2407.2   7/2 - 1535.3   9/2    0.0000    0.00    0.0000    0.00    0.103   -0.339    872.0  0.605E-13  0.526E-12
    2407.2   7/2 - 1276.5  11/2    1.9593  269.36    0.0000    0.00    1.000    0.000   1130.7  0.442E+02  0.000E+00
    2407.2   7/2 - 2352.9  11/2    0.0000    0.00    0.0000    0.00    1.000    0.000     54.4  0.545E-19  0.000E+00


    2503.4   7/2 -    0.0   3/2    0.0153    2.10    0.0000    0.00    1.000    0.000   2503.4  0.183E+02  0.000E+00
    2503.4   7/2 -  924.6   3/2    1.0846  149.10    0.0000    0.00    1.000    0.000   1578.9  0.130E+03  0.000E+00
    2503.4   7/2 -   63.0   5/2    0.0042    0.57    0.0090    5.03    0.657   -1.383   2440.4  0.440E+01  0.230E+01
    2503.4   7/2 -  624.6   5/2    0.1117   15.35    0.0174    9.69    0.940    3.968   1878.8  0.319E+02  0.203E+01
    2503.4   7/2 -  948.9   5/2    0.1637   22.50    0.0458   25.59    0.857    2.446   1554.5  0.181E+02  0.303E+01


    2503.4   7/2 - 1862.6   5/2    0.0263    3.62    0.0015    0.82    0.837   -2.266    640.8  0.347E-01  0.676E-02
    2503.4   7/2 -  699.0   7/2    0.0205    2.81    0.0378   21.09    0.550   -1.106   1804.4  0.478E+01  0.390E+01
    2503.4   7/2 - 1281.2   7/2    0.0336    4.61    0.1650   92.18    0.174    0.459   1222.3  0.112E+01  0.530E+01
    2503.4   7/2 - 2047.9   7/2    0.0202    2.77    0.0005    0.31    0.841   -2.302    455.6  0.483E-02  0.911E-03
    2503.4   7/2 - 2407.2   7/2    0.0000    0.00    0.0000    0.00    0.000   -0.006     96.2  0.136E-16  0.370E-12


    2503.4   7/2 - 2503.4   7/2   -2.0409            1.9619
    2503.4   7/2 - 1350.8   9/2    0.0043    0.60    0.0333   18.59    0.107   -0.347   1152.7  0.108E+00  0.897E+00
    2503.4   7/2 - 1535.3   9/2    0.0008    0.10    0.0086    4.82    0.054   -0.238    968.2  0.781E-02  0.138E+00
    2503.4   7/2 - 2436.7   9/2    0.0082    1.12    0.5278  294.79    0.000   -0.007     66.7  0.132E-06  0.276E-02
    2503.4   7/2 - 1276.5  11/2    0.0000    0.00    0.0000    0.00    1.000    0.000   1226.9  0.291E-09  0.000E+00


    2503.4   7/2 - 2352.9  11/2    0.0044    0.60    0.0000    0.00    1.000    0.000    150.6  0.415E-05  0.000E+00
    1350.8   9/2 -   63.0   5/2    0.5300   72.87    0.0000    0.00    1.000    0.000   1287.7  0.229E+02  0.000E+00
    1350.8   9/2 -  624.6   5/2    0.0451    6.21    0.0000    0.00    1.000    0.000    726.2  0.111E+00  0.000E+00
    1350.8   9/2 -  948.9   5/2    0.0679    9.34    0.0000    0.00    1.000    0.000    401.9  0.868E-02  0.000E+00
    1350.8   9/2 -  699.0   7/2    0.8532  117.30    0.0001    0.08    0.999  -43.040    651.7  0.122E+01  0.661E-03


    1350.8   9/2 - 1281.2   7/2    0.0304    4.18    0.0087    4.84    0.012    0.109     69.6  0.605E-06  0.513E-04
    1350.8   9/2 - 1350.8   9/2   -0.7980            1.6755
    1350.8   9/2 - 1276.5  11/2    0.0000    0.00    0.0000    0.00    0.634   -1.316     74.2  0.782E-19  0.451E-19
    1535.3   9/2 -   63.0   5/2    0.0807   11.09    0.0000    0.00    1.000    0.000   1472.2  0.681E+01  0.000E+00
    1535.3   9/2 -  624.6   5/2    0.0096    1.31    0.0000    0.00    1.000    0.000    910.6  0.731E-01  0.000E+00


    1535.3   9/2 -  948.9   5/2    0.0124    1.71    0.0000    0.00    1.000    0.000    586.3  0.105E-01  0.000E+00
    1535.3   9/2 -  699.0   7/2    0.1137   15.63    0.0005    0.27    0.991   10.700    836.2  0.567E+00  0.496E-02
    1535.3   9/2 - 1281.2   7/2    0.0039    0.54    0.0035    1.96    0.048    0.224    254.1  0.508E-04  0.101E-02
    1535.3   9/2 - 1350.8   9/2    0.5031   69.16    0.0045    2.53    0.724   -1.619    184.5  0.131E-02  0.500E-03
    1535.3   9/2 - 1535.3   9/2    2.9260            1.3057


    1535.3   9/2 - 1276.5  11/2    0.0000    0.00    0.0000    0.00    0.957   -4.716    258.7  0.579E-16  0.261E-17
    2436.7   9/2 -   63.0   5/2    0.0069    0.95    0.0000    0.00    1.000    0.000   2373.7  0.638E+01  0.000E+00
    2436.7   9/2 -  624.6   5/2    0.7809  107.36    0.0000    0.00    1.000    0.000   1812.1  0.186E+03  0.000E+00
    2436.7   9/2 -  948.9   5/2    0.1791   24.62    0.0000    0.00    1.000    0.000   1487.8  0.159E+02  0.000E+00
    2436.7   9/2 - 1862.6   5/2    0.0128    1.75    0.0000    0.00    1.000    0.000    574.1  0.971E-02  0.000E+00


    2436.7   9/2 -  699.0   7/2    0.0005    0.08    0.1793  100.15    0.006    0.080   1737.7  0.106E+00  0.166E+02
    2436.7   9/2 - 1281.2   7/2    0.6178   84.93    0.0358   20.01    0.941   -3.995   1155.6  0.155E+02  0.973E+00
    2436.7   9/2 - 2047.9   7/2    0.0990   13.60    0.0470   26.26    0.181   -0.470    388.9  0.107E-01  0.487E-01
    2436.7   9/2 - 2407.2   7/2    0.0000    0.00    0.0000    0.00    0.000   -0.004     29.5  0.101E-19  0.816E-15
    2436.7   9/2 - 1350.8   9/2    0.0115    1.58    0.0031    1.74    0.751    1.736   1086.0  0.212E+00  0.704E-01


    2436.7   9/2 - 1535.3   9/2    0.0012    0.17    0.0004    0.20    0.660   -1.392    901.5  0.900E-02  0.465E-02
    2436.7   9/2 - 2436.7   9/2   -1.6675            0.2954
    2436.7   9/2 - 1276.5  11/2    0.0000    0.00    0.0000    0.00    0.682    1.465   1160.2  0.573E-15  0.267E-15
    2436.7   9/2 - 2352.9  11/2    0.0000    0.01    0.0034    1.87    0.000    0.008     83.9  0.235E-08  0.348E-04
    2550.5   9/2 -   63.0   5/2    0.0186    2.55    0.0000    0.00    1.000    0.000   2487.5  0.216E+02  0.000E+00


    2550.5   9/2 -  624.6   5/2    0.0707    9.73    0.0000    0.00    1.000    0.000   1925.9  0.229E+02  0.000E+00
    2550.5   9/2 -  948.9   5/2    1.0340  142.15    0.0000    0.00    1.000    0.000   1601.6  0.133E+03  0.000E+00
    2550.5   9/2 - 1862.6   5/2    0.0187    2.57    0.0000    0.00    1.000    0.000    687.9  0.351E-01  0.000E+00
    2550.5   9/2 -  699.0   7/2    0.1882   25.87    0.0013    0.71    0.997   18.807   1851.5  0.499E+02  0.141E+00
    2550.5   9/2 - 1281.2   7/2    0.1036   14.25    0.0113    6.31    0.911    3.202   1269.3  0.417E+01  0.406E+00


    2550.5   9/2 - 2047.9   7/2    0.0152    2.10    0.0063    3.53    0.297   -0.650    502.6  0.596E-02  0.141E-01
    2550.5   9/2 - 2407.2   7/2    0.0000    0.00    0.0000    0.00    0.030    0.177    143.3  0.490E-15  0.156E-13
    2550.5   9/2 - 2503.4   7/2    0.1504   20.67    0.0424   23.66    0.005    0.074     47.1  0.423E-06  0.777E-04
    2550.5   9/2 - 1350.8   9/2    0.0600    8.25    0.0221   12.35    0.730   -1.646   1199.7  0.182E+01  0.672E+00
    2550.5   9/2 - 1535.3   9/2    0.0132    1.81    0.0081    4.54    0.537   -1.077   1015.3  0.174E+00  0.150E+00


    2550.5   9/2 - 2436.7   9/2    0.0356    4.90    0.0573   31.99    0.006    0.075    113.8  0.828E-05  0.148E-02
    2550.5   9/2 - 2550.5   9/2   -2.0087            1.8712
    2550.5   9/2 - 1276.5  11/2    0.0000    0.00    0.0000    0.00    0.825   -2.169   1274.0  0.451E-12  0.958E-13
    2550.5   9/2 - 2352.9  11/2    0.0174    2.39    0.0046    2.55    0.093    0.321    197.6  0.639E-04  0.621E-03
    2956.4   9/2 -   63.0   5/2    0.0003    0.03    0.0000    0.00    1.000    0.000   2893.3  0.619E+00  0.000E+00


    2956.4   9/2 -  624.6   5/2    0.0904   12.43    0.0000    0.00    1.000    0.000   2331.8  0.761E+02  0.000E+00
    2956.4   9/2 -  948.9   5/2    0.0031    0.43    0.0000    0.00    1.000    0.000   2007.5  0.123E+01  0.000E+00
    2956.4   9/2 - 1862.6   5/2    0.0086    1.18    0.0000    0.00    1.000    0.000   1093.7  0.163E+00  0.000E+00
    2956.4   9/2 -  699.0   7/2    0.0090    1.24    0.1298   72.49    0.197   -0.495   2257.3  0.643E+01  0.263E+02
    2956.4   9/2 - 1281.2   7/2    0.0185    2.55    0.1034   57.77    0.259   -0.590   1675.2  0.298E+01  0.856E+01


    2956.4   9/2 - 2047.9   7/2    1.5141  208.15    0.2156  120.44    0.801   -2.004    908.5  0.114E+02  0.285E+01
    2956.4   9/2 - 2407.2   7/2    0.0000    0.00    0.0000    0.00    0.117   -0.364    549.1  0.201E-12  0.151E-11
    2956.4   9/2 - 2503.4   7/2    0.0194    2.66    0.0749   41.81    0.035   -0.192    452.9  0.450E-02  0.122E+00
    2956.4   9/2 - 1350.8   9/2    0.0000    0.00    0.0865   48.29    0.001    0.026   1605.6  0.419E-02  0.630E+01
    2956.4   9/2 - 1535.3   9/2    0.0298    4.10    0.0411   22.96    0.504    1.008   1421.1  0.211E+01  0.208E+01


    2956.4   9/2 - 2436.7   9/2    0.1145   15.74    0.0837   46.75    0.204   -0.506    519.6  0.529E-01  0.207E+00
    2956.4   9/2 - 2550.5   9/2    0.0058    0.80    0.1171   65.37    0.006   -0.075    405.9  0.779E-03  0.138E+00
    2956.4   9/2 - 2956.4   9/2    0.8261            0.1188
    2956.4   9/2 - 1276.5  11/2    0.0000    0.00    0.0000    0.00    0.368   -0.762   1679.8  0.342E-14  0.588E-14
    2956.4   9/2 - 2352.9  11/2    0.0069    0.95    0.0012    0.68    0.588    1.194    603.5  0.673E-02  0.473E-02


    2956.4   9/2 - 2662.9  11/2    0.0008    0.11    0.0320   17.90    0.002    0.039    293.4  0.220E-04  0.142E-01
    1276.5  11/2 -  699.0   7/2    0.0000    0.00    0.0000    0.00    1.000    0.000    577.5  0.349E-14  0.000E+00
    1276.5  11/2 - 1276.5  11/2   -2.2633           -1.8056
    2352.9  11/2 -  699.0   7/2    0.1856   25.52    0.0000    0.00    1.000    0.000   1653.8  0.280E+02  0.000E+00
    2352.9  11/2 - 1281.2   7/2    0.0005    0.07    0.0000    0.00    1.000    0.000   1071.7  0.849E-02  0.000E+00


    2352.9  11/2 - 2047.9   7/2    0.0109    1.50    0.0000    0.00    1.000    0.000    305.0  0.352E-03  0.000E+00
    2352.9  11/2 - 1350.8   9/2    0.5736   78.85    0.0034    1.90    0.992  -10.847   1002.1  0.707E+01  0.601E-01
    2352.9  11/2 - 1535.3   9/2    0.8556  117.62    0.0008    0.43    0.998  -22.705    817.6  0.381E+01  0.740E-02
    2352.9  11/2 - 1276.5  11/2    0.0000    0.00    0.0000    0.00    0.617   -1.270   1076.3  0.208E-13  0.129E-13
    2352.9  11/2 - 2352.9  11/2    0.8597            1.7440


    2662.9  11/2 -  699.0   7/2    0.8251  113.44    0.0000    0.00    1.000    0.000   1963.9  0.294E+03  0.000E+00
    2662.9  11/2 - 1281.2   7/2    0.0362    4.98    0.0000    0.00    1.000    0.000   1381.8  0.223E+01  0.000E+00
    2662.9  11/2 - 2047.9   7/2    0.0050    0.69    0.0000    0.00    1.000    0.000    615.1  0.537E-02  0.000E+00
    2662.9  11/2 - 2407.2   7/2    0.0000    0.00    0.0000    0.00    1.000    0.000    255.7  0.557E-15  0.000E+00
    2662.9  11/2 - 2503.4   7/2    0.0033    0.45    0.0000    0.00    1.000    0.000    159.5  0.409E-05  0.000E+00


    2662.9  11/2 - 1350.8   9/2    0.2462   33.85    0.0062    3.47    0.979   -6.881   1312.2  0.117E+02  0.247E+00
    2662.9  11/2 - 1535.3   9/2    0.5890   80.97    0.0047    2.61    0.991  -10.551   1127.7  0.131E+02  0.118E+00
    2662.9  11/2 - 2436.7   9/2    0.0001    0.02    0.0323   18.03    0.000   -0.012    226.2  0.103E-05  0.658E-02
    2662.9  11/2 - 2550.5   9/2    0.0845   11.61    0.0597   33.33    0.012    0.111    112.4  0.185E-04  0.149E-02
    2662.9  11/2 - 1276.5  11/2    0.0000    0.00    0.0000    0.00    0.079    0.293   1386.4  0.121E-12  0.141E-11


    2662.9  11/2 - 2352.9  11/2    0.2710   37.25    0.0023    1.28    0.887   -2.802    310.1  0.948E-02  0.121E-02
    2662.9  11/2 - 2662.9  11/2   -1.2057            1.6769

 TIME=  0.0 SEC
