 PARITY=-   EPS= 0.317   GAMMA=  0.0   EPS4=0.000   EPS6=0.000   LEVELS:  26  27  28  29  30  31  32  33  34  35  36  37  38  39  40
0   Z= 82   A=207   IQ=0   GSFAC= 0.75   GR=  0.40   MIN SPIN=  1/2   MAX SPIN= 13/2   KMAX= 13/2

 MACR QUADR MOMENTS:  Q0=1273.869  Q2=   0.000 FM**2


   B(E2) AND Q(E2) IN E2B2 AND EB,   B(M1) AND M(M1) INNM2 AND NM,   T(E2) AND T(M1) IN 1/PS

       E1     II      EF     IF     B(E2)             B(M1)              GD        D       EREL    T(E2)      T(M1)
                                             WU               MWU

     812.2   1/2 -  812.2   1/2    0.0000            0.6293
     812.2   1/2 -  686.9   3/2    0.9883  135.87    0.1619   90.43    0.062   -0.258    125.3  0.372E-03  0.560E-02
    1778.5   1/2 -  812.2   1/2    0.0000    0.00    0.0100    5.59    0.000    0.000    966.3  0.000E+00  0.159E+00
    1778.5   1/2 - 1778.5   1/2    0.0000            0.5161
    1778.5   1/2 -  686.9   3/2    0.0018    0.24    0.0380   21.24    0.037    0.197   1091.5  0.337E-01  0.870E+00


    1778.5   1/2 -  832.9   3/2    0.2296   31.56    0.7338  409.81    0.162    0.440    945.6  0.212E+01  0.109E+02
    1778.5   1/2 -  921.2   5/2    0.2411   33.14    0.0000    0.00    1.000    0.000    857.2  0.136E+01  0.000E+00
    1778.5   1/2 - 1426.7   5/2    0.1073   14.76    0.0000    0.00    1.000    0.000    351.7  0.705E-02  0.000E+00
    1778.5   1/2 - 1620.0   5/2    0.3773   51.87    0.0000    0.00    1.000    0.000    158.5  0.460E-03  0.000E+00
     686.9   3/2 -  686.9   3/2    1.7664            0.6251


     686.9   3/2 -   58.3   7/2    0.0013    0.18    0.0000    0.00    1.000    0.000    628.6  0.160E-02  0.000E+00
     832.9   3/2 -  812.2   1/2    1.2971  178.32    0.1148   64.10    0.003   -0.058     20.7  0.595E-07  0.178E-04
     832.9   3/2 -  686.9   3/2    0.7743  106.44    0.0299   16.68    0.277    0.619    145.9  0.625E-03  0.163E-02
     832.9   3/2 -  832.9   3/2    0.3192           -1.0115
     832.9   3/2 -   58.3   7/2    0.0008    0.10    0.0000    0.00    1.000    0.000    774.6  0.256E-02  0.000E+00


     921.2   5/2 -  812.2   1/2    0.4862   66.84    0.0000    0.00    1.000    0.000    109.0  0.913E-04  0.000E+00
     921.2   5/2 -  686.9   3/2    2.8832  396.36    0.0149    8.32    0.881    2.714    234.3  0.248E-01  0.337E-02
     921.2   5/2 -  832.9   3/2    0.0144    1.98    0.0006    0.31    0.124   -0.376     88.4  0.947E-06  0.669E-05
     921.2   5/2 -  921.2   5/2    0.0536            1.1872
     921.2   5/2 -   58.3   7/2    0.0049    0.68    0.2013  112.43    0.012    0.112    862.9  0.287E-01  0.228E+01


     921.2   5/2 -    0.0   9/2    0.0000    0.00    0.0000    0.00    1.000    0.000    921.2  0.654E-04  0.000E+00
    1426.7   5/2 -  812.2   1/2    0.5008   68.85    0.0000    0.00    1.000    0.000    614.5  0.535E+00  0.000E+00
    1426.7   5/2 -  686.9   3/2    0.7083   97.37    0.0001    0.06    1.000  -49.889    739.8  0.191E+01  0.769E-03
    1426.7   5/2 -  832.9   3/2    3.3980  467.14    0.0149    8.32    0.982   -7.466    593.9  0.306E+01  0.549E-01
    1426.7   5/2 -  921.2   5/2    0.0205    2.82    0.0021    1.17    0.634   -1.316    505.5  0.825E-02  0.477E-02


    1426.7   5/2 - 1426.7   5/2   -1.3322            0.1469
    1426.7   5/2 -   58.3   7/2    0.0049    0.68    0.0042    2.32    0.607    1.243   1368.4  0.289E+00  0.187E+00
    1426.7   5/2 -    0.0   9/2    0.0004    0.06    0.0000    0.00    1.000    0.000   1426.7  0.295E-01  0.000E+00
    1426.7   5/2 -  996.9   9/2    0.0090    1.24    0.0000    0.00    1.000    0.000    429.8  0.162E-02  0.000E+00
    1620.0   5/2 -  812.2   1/2    0.8701  119.62    0.0000    0.00    1.000    0.000    807.8  0.365E+01  0.000E+00


    1620.0   5/2 -  686.9   3/2    0.5658   77.79    0.0006    0.35    0.998  -23.350    933.1  0.488E+01  0.895E-02
    1620.0   5/2 -  832.9   3/2    0.0019    0.26    0.0001    0.04    0.920   -3.389    787.1  0.702E-02  0.611E-03
    1620.0   5/2 -  921.2   5/2    2.2621  310.98    0.0057    3.18    0.993  -11.596    698.8  0.460E+01  0.342E-01
    1620.0   5/2 - 1426.7   5/2    0.1241   17.06    0.0447   24.99    0.067   -0.268    193.3  0.408E-03  0.569E-02
    1620.0   5/2 - 1620.0   5/2    1.6541            1.3469


    1620.0   5/2 -   58.3   7/2    0.0018    0.25    0.2180  121.78    0.014    0.119   1561.7  0.208E+00  0.146E+02
    1620.0   5/2 - 1507.2   7/2    0.4822   66.29    0.0377   21.04    0.101    0.336    112.8  0.107E-03  0.952E-03
    1620.0   5/2 - 1568.7   7/2    0.0000    0.00    0.0000    0.00    0.009    0.093     51.3  0.279E-13  0.324E-11
    1620.0   5/2 -    0.0   9/2    0.0001    0.01    0.0000    0.00    1.000    0.000   1620.0  0.116E-01  0.000E+00
    1620.0   5/2 -  996.9   9/2    0.0004    0.06    0.0000    0.00    1.000    0.000    623.1  0.468E-03  0.000E+00


    2344.1   5/2 -  812.2   1/2    1.1068  152.16    0.0000    0.00    1.000    0.000   1531.9  0.114E+03  0.000E+00
    2344.1   5/2 - 1778.5   1/2    0.1945   26.74    0.0000    0.00    1.000    0.000    565.6  0.137E+00  0.000E+00
    2344.1   5/2 -  686.9   3/2    0.5569   76.57    0.0071    3.97    0.993   12.212   1657.2  0.849E+02  0.569E+00
    2344.1   5/2 -  832.9   3/2    0.0824   11.32    0.0088    4.93    0.937   -3.842   1511.2  0.792E+01  0.536E+00
    2344.1   5/2 -  921.2   5/2    0.0123    1.69    0.0089    4.97    0.659    1.391   1422.9  0.873E+00  0.451E+00


    2344.1   5/2 - 1426.7   5/2    0.0703    9.67    0.2127  118.80    0.162   -0.439    917.4  0.558E+00  0.289E+01
    2344.1   5/2 - 1620.0   5/2    1.5972  219.58    0.0003    0.15    1.000  -45.747    724.1  0.388E+01  0.185E-02
    2344.1   5/2 - 2344.1   5/2   -1.4000            1.1360
    2344.1   5/2 -   58.3   7/2    0.0015    0.21    0.0246   13.72    0.184    0.476   2285.8  0.117E+01  0.516E+01
    2344.1   5/2 - 1507.2   7/2    0.0855   11.76    0.0532   29.69    0.439    0.884    836.9  0.428E+00  0.548E+00


    2344.1   5/2 - 1568.7   7/2    0.0000    0.00    0.0000    0.00    0.508    1.015    775.4  0.122E-07  0.118E-07
    2344.1   5/2 - 2048.4   7/2    0.0609    8.37    0.0015    0.84    0.710    1.565    295.7  0.168E-02  0.686E-03
    2344.1   5/2 -    0.0   9/2    0.0000    0.00    0.0000    0.00    1.000    0.000   2344.1  0.167E-01  0.000E+00
    2344.1   5/2 -  996.9   9/2    0.0011    0.15    0.0000    0.00    1.000    0.000   1347.2  0.604E-01  0.000E+00
    2344.1   5/2 - 2271.3   9/2    0.0016    0.22    0.0000    0.00    1.000    0.000     72.8  0.402E-07  0.000E+00


    2700.2   5/2 -  812.2   1/2    0.2631   36.17    0.0000    0.00    1.000    0.000   1888.0  0.770E+02  0.000E+00
    2700.2   5/2 - 1778.5   1/2    2.7885  383.34    0.0000    0.00    1.000    0.000    921.7  0.226E+02  0.000E+00
    2700.2   5/2 -  686.9   3/2    0.1064   14.63    0.0092    5.15    0.970    5.693   2013.3  0.429E+02  0.132E+01
    2700.2   5/2 -  832.9   3/2    0.0031    0.42    0.0041    2.31    0.642    1.339   1867.3  0.851E+00  0.474E+00
    2700.2   5/2 -  921.2   5/2    0.0034    0.46    0.0002    0.12    0.972    5.927   1779.0  0.732E+00  0.208E-01


    2700.2   5/2 - 1426.7   5/2    0.0981   13.49    0.1356   75.74    0.448    0.902   1273.5  0.401E+01  0.493E+01
    2700.2   5/2 - 1620.0   5/2    0.0021    0.29    0.0163    9.13    0.095    0.323   1080.2  0.379E-01  0.362E+00
    2700.2   5/2 - 2344.1   5/2    0.0092    1.26    0.1152   64.36    0.007    0.084    356.1  0.642E-03  0.916E-01
    2700.2   5/2 - 2700.2   5/2   -3.4731            1.6574
    2700.2   5/2 -   58.3   7/2    0.0015    0.21    0.0008    0.44    0.903    3.045   2641.9  0.236E+01  0.255E+00


    2700.2   5/2 - 1507.2   7/2    0.0135    1.85    0.0090    5.02    0.597    1.216   1193.0  0.397E+00  0.269E+00
    2700.2   5/2 - 1568.7   7/2    0.0000    0.00    0.0000    0.00    0.612    1.257   1131.5  0.109E-07  0.690E-08
    2700.2   5/2 - 2048.4   7/2    0.0032    0.44    0.3239  180.90    0.003   -0.054    651.8  0.456E-02  0.158E+01
    2700.2   5/2 - 2519.3   7/2    0.1351   18.58    0.1697   94.81    0.018   -0.134    180.9  0.319E-03  0.177E-01
    2700.2   5/2 -    0.0   9/2    0.0001    0.01    0.0000    0.00    1.000    0.000   2700.2  0.106E+00  0.000E+00


    2700.2   5/2 -  996.9   9/2    0.0008    0.12    0.0000    0.00    1.000    0.000   1703.2  0.148E+00  0.000E+00
    2700.2   5/2 - 2271.3   9/2    0.0347    4.78    0.0000    0.00    1.000    0.000    428.9  0.615E-02  0.000E+00
    2700.2   5/2 - 2528.2   9/2    0.0000    0.00    0.0000    0.00    1.000    0.000    171.9  0.522E-16  0.000E+00
      58.3   7/2 -   58.3   7/2    5.7299           -0.9436
      58.3   7/2 -    0.0   9/2    0.3000   41.24    0.0030    1.65    0.193   -0.489     58.3  0.247E-05  0.103E-04


    1507.2   7/2 -  686.9   3/2    1.4967  205.75    0.0000    0.00    1.000    0.000    820.3  0.678E+01  0.000E+00
    1507.2   7/2 -  832.9   3/2    0.5065   69.63    0.0000    0.00    1.000    0.000    674.3  0.862E+00  0.000E+00
    1507.2   7/2 -  921.2   5/2    3.0460  418.75    0.0060    3.37    0.992  -10.955    586.0  0.257E+01  0.214E-01
    1507.2   7/2 - 1426.7   5/2    0.0239    3.29    0.0833   46.51    0.001   -0.036     80.5  0.986E-06  0.764E-03
    1507.2   7/2 -   58.3   7/2    0.0038    0.52    0.0377   21.07    0.127    0.382   1448.9  0.295E+00  0.202E+01


    1507.2   7/2 - 1507.2   7/2   -1.8882            1.0470
    1507.2   7/2 -    0.0   9/2    0.0021    0.29    0.0062    3.45    0.350   -0.733   1507.2  0.200E+00  0.373E+00
    1507.2   7/2 -  996.9   9/2    0.0009    0.12    0.1861  103.94    0.001    0.030    510.3  0.384E-03  0.435E+00
    1507.2   7/2 -  792.5  11/2    0.0000    0.00    0.0000    0.00    1.000    0.000    714.7  0.316E-06  0.000E+00
    1507.2   7/2 - 1067.6  11/2    0.0017    0.24    0.0000    0.00    1.000    0.000    439.6  0.344E-03  0.000E+00


    1568.7   7/2 -  686.9   3/2    0.0000    0.00    0.0000    0.00    1.000    0.000    881.8  0.244E-06  0.000E+00
    1568.7   7/2 -  832.9   3/2    0.0000    0.00    0.0000    0.00    1.000    0.000    735.9  0.465E-07  0.000E+00
    1568.7   7/2 -  921.2   5/2    0.0000    0.00    0.0000    0.00    0.986   -8.352    647.5  0.835E-07  0.120E-08
    1568.7   7/2 - 1426.7   5/2    0.0000    0.00    0.0000    0.00    0.005   -0.068    142.0  0.596E-12  0.129E-09
    1568.7   7/2 -   58.3   7/2    0.0000    0.00    0.0000    0.00    0.105    0.343   1510.4  0.515E-08  0.437E-07


    1568.7   7/2 - 1507.2   7/2    0.0000    0.00    0.0000    0.00    0.000    0.011     61.5  0.359E-13  0.273E-09
    1568.7   7/2 - 1568.7   7/2   -2.8755           -2.0849
    1568.7   7/2 -    0.0   9/2    0.0000    0.00    0.0000    0.00    0.434   -0.876   1568.7  0.585E-08  0.763E-08
    1568.7   7/2 -  996.9   9/2    0.0000    0.00    0.0000    0.00    0.001    0.039    571.8  0.172E-10  0.115E-07
    1568.7   7/2 -  792.5  11/2    5.9577  819.04    0.0000    0.00    1.000    0.000    776.2  0.205E+02  0.000E+00


    1568.7   7/2 - 1067.6  11/2    0.0000    0.00    0.0000    0.00    1.000    0.000    501.1  0.739E-11  0.000E+00
    2048.4   7/2 -  686.9   3/2    0.0796   10.95    0.0000    0.00    1.000    0.000   1361.5  0.454E+01  0.000E+00
    2048.4   7/2 -  832.9   3/2    2.5534  351.03    0.0000    0.00    1.000    0.000   1215.5  0.827E+02  0.000E+00
    2048.4   7/2 -  921.2   5/2    0.3974   54.64    0.1260   70.38    0.735    1.667   1127.2  0.882E+01  0.318E+01
    2048.4   7/2 - 1426.7   5/2    2.0012  275.12    0.2166  120.97    0.712   -1.573    621.7  0.227E+01  0.916E+00


    2048.4   7/2 - 1620.0   5/2    0.1201   16.51    0.0695   38.79    0.180   -0.469    428.4  0.211E-01  0.961E-01
    2048.4   7/2 -   58.3   7/2    0.0116    1.59    0.0128    7.12    0.713    1.578   1990.1  0.440E+01  0.177E+01
    2048.4   7/2 - 1507.2   7/2    0.1683   23.14    0.1363   76.14    0.200    0.501    541.2  0.953E-01  0.380E+00
    2048.4   7/2 - 1568.7   7/2    0.0000    0.00    0.0000    0.00    0.313    0.674    479.7  0.132E-08  0.290E-08
    2048.4   7/2 - 2048.4   7/2   -2.8933            0.1234


    2048.4   7/2 -    0.0   9/2    0.0001    0.01    0.0028    1.55    0.087   -0.308   2048.4  0.399E-01  0.421E+00
    2048.4   7/2 -  996.9   9/2    0.0007    0.10    0.0723   40.35    0.007    0.087   1051.4  0.111E-01  0.148E+01
    2048.4   7/2 -  792.5  11/2    0.0000    0.00    0.0000    0.00    1.000    0.000   1255.9  0.477E-07  0.000E+00
    2048.4   7/2 - 1067.6  11/2    0.0003    0.03    0.0000    0.00    1.000    0.000    980.7  0.281E-02  0.000E+00
    2519.3   7/2 -  686.9   3/2    0.8972  123.35    0.0000    0.00    1.000    0.000   1832.4  0.226E+03  0.000E+00


    2519.3   7/2 -  832.9   3/2    0.0054    0.74    0.0000    0.00    1.000    0.000   1686.4  0.892E+00  0.000E+00
    2519.3   7/2 -  921.2   5/2    0.0490    6.74    0.0056    3.11    0.940    3.951   1598.1  0.624E+01  0.399E+00
    2519.3   7/2 - 1426.7   5/2    0.6147   84.51    0.0088    4.90    0.983    7.611   1092.6  0.117E+02  0.202E+00
    2519.3   7/2 - 1620.0   5/2    2.4841  341.50    0.0096    5.34    0.993  -12.072    899.3  0.178E+02  0.122E+00
    2519.3   7/2 - 2344.1   5/2    0.1246   17.12    0.1033   57.70    0.025    0.160    175.2  0.251E-03  0.977E-02


    2519.3   7/2 -   58.3   7/2    0.0036    0.50    0.0232   12.94    0.397   -0.811   2461.0  0.400E+01  0.608E+01
    2519.3   7/2 - 1507.2   7/2    0.5570   76.57    0.0137    7.65    0.967    5.373   1012.1  0.722E+01  0.250E+00
    2519.3   7/2 - 1568.7   7/2    0.0000    0.00    0.0000    0.00    1.000  -73.453    950.6  0.119E-06  0.221E-10
    2519.3   7/2 - 2048.4   7/2    0.0036    0.50    0.0007    0.41    0.434    0.876    470.9  0.103E-02  0.134E-02
    2519.3   7/2 - 2519.3   7/2   -0.5729            1.0580


    2519.3   7/2 -    0.0   9/2    0.0441    6.06    0.0002    0.10    0.999   32.672   2519.3  0.545E+02  0.511E-01
    2519.3   7/2 -  996.9   9/2    0.0009    0.12    0.0501   27.96    0.027    0.167   1522.3  0.868E-01  0.311E+01
    2519.3   7/2 - 2271.3   9/2    0.1832   25.19    0.0044    2.47    0.639   -1.330    248.0  0.210E-02  0.119E-02
    2519.3   7/2 -  792.5  11/2    0.0000    0.00    0.0000    0.00    1.000    0.000   1726.7  0.125E-06  0.000E+00
    2519.3   7/2 - 1067.6  11/2    0.0293    4.02    0.0000    0.00    1.000    0.000   1451.6  0.230E+01  0.000E+00


    2519.3   7/2 - 2165.9  11/2    0.0004    0.06    0.0000    0.00    1.000    0.000    353.4  0.279E-04  0.000E+00
       0.0   9/2 -    0.0   9/2    6.5065            1.2809
     996.9   9/2 -  921.2   5/2    0.0057    0.78    0.0000    0.00    1.000    0.000     75.7  0.173E-06  0.000E+00
     996.9   9/2 -   58.3   7/2    5.1565  708.88    0.2468  137.82    0.927   -3.572    938.6  0.458E+02  0.359E+01
     996.9   9/2 -    0.0   9/2    0.1767   24.29    0.0315   17.62    0.794    1.964    996.9  0.212E+01  0.550E+00


     996.9   9/2 -  996.9   9/2    2.2356           -0.2178
     996.9   9/2 -  792.5  11/2    0.0000    0.00    0.0000    0.00    0.195   -0.492    204.4  0.985E-15  0.407E-14
    2271.3   9/2 -  921.2   5/2    3.0358  417.34    0.0000    0.00    1.000    0.000   1350.1  0.166E+03  0.000E+00
    2271.3   9/2 - 1426.7   5/2    0.0573    7.88    0.0000    0.00    1.000    0.000    844.6  0.300E+00  0.000E+00
    2271.3   9/2 - 1620.0   5/2    0.1115   15.33    0.0000    0.00    1.000    0.000    651.3  0.159E+00  0.000E+00


    2271.3   9/2 -   58.3   7/2    0.0022    0.30    0.0026    1.44    0.740    1.689   2213.0  0.141E+01  0.493E+00
    2271.3   9/2 - 1507.2   7/2    2.1681  298.05    0.0049    2.76    0.994   13.335    764.1  0.689E+01  0.387E-01
    2271.3   9/2 - 1568.7   7/2    0.0000    0.00    0.0000    0.00    0.993   11.890    702.6  0.956E-07  0.676E-09
    2271.3   9/2 - 2048.4   7/2    0.1734   23.83    0.0034    1.90    0.637    1.324    222.9  0.116E-02  0.664E-03
    2271.3   9/2 -    0.0   9/2    0.0022    0.31    0.0024    1.37    0.765   -1.806   2271.3  0.164E+01  0.504E+00


    2271.3   9/2 -  996.9   9/2    0.0072    0.99    0.0535   29.89    0.132    0.390   1274.4  0.296E+00  0.195E+01
    2271.3   9/2 - 2271.3   9/2   -3.1091            2.0091
    2271.3   9/2 -  792.5  11/2    0.0000    0.00    0.0000    0.00    0.965   -5.290   1478.8  0.234E-10  0.835E-12
    2271.3   9/2 - 1067.6  11/2    0.0006    0.08    0.0136    7.59    0.039   -0.202   1203.7  0.171E-01  0.417E+00
    2271.3   9/2 - 2165.9  11/2    0.0000    0.01    0.1793  100.14    0.000   -0.001    105.5  0.640E-08  0.370E-02


    2528.2   9/2 -  921.2   5/2    0.0000    0.00    0.0000    0.00    1.000    0.000   1607.0  0.712E-08  0.000E+00
    2528.2   9/2 - 1426.7   5/2    0.0000    0.00    0.0000    0.00    1.000    0.000   1101.5  0.116E-09  0.000E+00
    2528.2   9/2 - 1620.0   5/2    0.0000    0.00    0.0000    0.00    1.000    0.000    908.2  0.486E-10  0.000E+00
    2528.2   9/2 - 2344.1   5/2    0.0000    0.00    0.0000    0.00    1.000    0.000    184.1  0.190E-12  0.000E+00
    2528.2   9/2 -   58.3   7/2    0.0000    0.00    0.0000    0.00    0.687    1.480   2469.9  0.285E-11  0.130E-11


    2528.2   9/2 - 1507.2   7/2    0.0000    0.00    0.0000    0.00    0.777    1.866   1021.0  0.425E-06  0.122E-06
    2528.2   9/2 - 1568.7   7/2    1.3908  191.20    0.2742  153.12    0.764    1.799    959.5  0.138E+02  0.426E+01
    2528.2   9/2 - 2048.4   7/2    0.0000    0.00    0.0000    0.00    0.541    1.086    479.9  0.113E-09  0.962E-10
    2528.2   9/2 - 2519.3   7/2    0.0000    0.00    0.0000    0.00    0.001    0.030      9.0  0.201E-18  0.229E-15
    2528.2   9/2 -    0.0   9/2    0.0000    0.00    0.0000    0.00    0.413    0.838   2528.2  0.874E-12  0.124E-11


    2528.2   9/2 -  996.9   9/2    0.0000    0.00    0.0000    0.00    0.244    0.569   1531.3  0.105E-11  0.324E-11
    2528.2   9/2 - 2271.3   9/2    0.0000    0.00    0.0000    0.00    0.069   -0.272    256.9  0.165E-13  0.223E-12
    2528.2   9/2 - 2528.2   9/2   -0.7939           -1.4581
    2528.2   9/2 -  792.5  11/2    1.9311  265.48    0.1627   90.89    0.961   -4.978   1735.7  0.371E+03  0.150E+02
    2528.2   9/2 - 1067.6  11/2    0.0000    0.00    0.0000    0.00    0.945   -4.132   1460.6  0.146E-09  0.855E-11


    2528.2   9/2 - 2165.9  11/2    0.0000    0.00    0.0000    0.00    0.061   -0.255    362.4  0.757E-14  0.116E-12
    2528.2   9/2 - 2353.8  13/2    0.0000    0.00    0.0000    0.00    1.000    0.000    174.4  0.366E-13  0.000E+00
    2528.2   9/2 - 2439.9  13/2    4.3901  603.53    0.0000    0.00    1.000    0.000     88.4  0.288E-03  0.000E+00
     792.5  11/2 -   58.3   7/2    0.0000    0.00    0.0000    0.00    1.000    0.000    734.2  0.130E-11  0.000E+00
     792.5  11/2 -    0.0   9/2    0.0000    0.00    0.0000    0.00    0.994  -12.959    792.5  0.120E-10  0.717E-13


     792.5  11/2 -  792.5  11/2   -3.8064           -1.5562
    1067.6  11/2 -   58.3   7/2    0.1122   15.42    0.0000    0.00    1.000    0.000   1009.3  0.143E+01  0.000E+00
    1067.6  11/2 -    0.0   9/2    5.0362  692.35    0.0072    4.00    0.998  -23.581   1067.6  0.852E+02  0.153E+00
    1067.6  11/2 -  996.9   9/2    0.0505    6.94    0.0114    6.35    0.015   -0.124     70.7  0.109E-05  0.707E-04
    1067.6  11/2 -  792.5  11/2    0.0000    0.00    0.0000    0.00    0.118    0.365    275.1  0.916E-13  0.687E-12


    1067.6  11/2 - 1067.6  11/2    2.8668            1.6433
    2165.9  11/2 -   58.3   7/2    1.1244  154.58    0.0000    0.00    1.000    0.000   2107.5  0.570E+03  0.000E+00
    2165.9  11/2 - 1507.2   7/2    0.0056    0.77    0.0000    0.00    1.000    0.000    658.6  0.850E-02  0.000E+00
    2165.9  11/2 - 1568.7   7/2    0.0000    0.00    0.0000    0.00    1.000    0.000    597.1  0.110E-09  0.000E+00
    2165.9  11/2 - 2048.4   7/2    0.0095    1.31    0.0000    0.00    1.000    0.000    117.5  0.260E-05  0.000E+00


    2165.9  11/2 -    0.0   9/2    0.0405    5.57    0.0106    5.90    0.926    3.531   2165.9  0.236E+02  0.189E+01
    2165.9  11/2 -  996.9   9/2    5.2457  721.15    0.3489  194.84    0.934   -3.774   1168.9  0.140E+03  0.981E+01
    2165.9  11/2 -  792.5  11/2    0.0000    0.00    0.0000    0.00    0.941    4.010   1373.3  0.130E-11  0.809E-13
    2165.9  11/2 - 1067.6  11/2    0.1593   21.90    0.0492   27.49    0.730    1.645   1098.2  0.310E+01  0.115E+01
    2165.9  11/2 - 2165.9  11/2    0.1400            0.4029


    2353.8  13/2 -    0.0   9/2    1.0075  138.51    0.0000    0.00    1.000    0.000   2353.8  0.888E+03  0.000E+00
    2353.8  13/2 -  996.9   9/2    0.1245   17.11    0.0000    0.00    1.000    0.000   1356.9  0.698E+01  0.000E+00
    2353.8  13/2 - 2271.3   9/2    0.0016    0.21    0.0000    0.00    1.000    0.000     82.5  0.726E-07  0.000E+00
    2353.8  13/2 -  792.5  11/2    0.0000    0.00    0.0000    0.00    0.990   10.030   1561.3  0.197E-08  0.196E-10
    2353.8  13/2 - 1067.6  11/2    5.4319  746.75    0.0156    8.69    0.998  -20.003   1286.2  0.233E+03  0.583E+00


    2353.8  13/2 - 2165.9  11/2    0.0053    0.73    0.0220   12.30    0.006   -0.077    188.0  0.152E-04  0.257E-02
    2353.8  13/2 - 2353.8  13/2    0.5765            2.0089
    2439.9  13/2 -    0.0   9/2    0.0000    0.00    0.0000    0.00    1.000    0.000   2439.9  0.449E-08  0.000E+00
    2439.9  13/2 -  996.9   9/2    0.0000    0.00    0.0000    0.00    1.000    0.000   1443.0  0.293E-10  0.000E+00
    2439.9  13/2 - 2271.3   9/2    0.0000    0.00    0.0000    0.00    1.000    0.000    168.6  0.103E-15  0.000E+00


    2439.9  13/2 -  792.5  11/2    1.2515  172.04    0.0995   55.55    0.959    4.865   1647.4  0.185E+03  0.783E+01
    2439.9  13/2 - 1067.6  11/2    0.0000    0.00    0.0000    0.00    1.000 -873.270   1372.3  0.207E-08  0.263E-14
    2439.9  13/2 - 2165.9  11/2    0.0000    0.00    0.0000    0.00    0.040   -0.203    274.0  0.135E-14  0.326E-13
    2439.9  13/2 - 2353.8  13/2    0.0000    0.00    0.0000    0.00    0.004    0.060     86.1  0.400E-15  0.111E-12
    2439.9  13/2 - 2439.9  13/2   -2.5794           -0.8549



 TIME=  0.0 SEC
