 PARITY=-   EPS= 0.340   GAMMA= 35.3   EPS4=0.000   EPS6=0.000   LEVELS:  30  31  32  33  34
0   Z= 82   A=207   IQ=1   GSFAC= 0.75   GR=  0.40   MIN SPIN=  1/2   MAX SPIN= 13/2   KMAX= 13/2

 MICR QUADR MOMENTS:  Q0=1508.504  Q2=-538.768 FM**2


   B(E2) AND Q(E2) IN E2B2 AND EB,   B(M1) AND M(M1) INNM2 AND NM,   T(E2) AND T(M1) IN 1/PS

       E1     II      EF     IF     B(E2)             B(M1)              GD        D       EREL    T(E2)      T(M1)
                                             WU               MWU

       0.0   1/2 -    0.0   1/2    0.0000            0.5204
    1051.9   1/2 -    0.0   1/2    0.0000    0.00    0.0098    5.46    0.000    0.000   1051.9  0.000E+00  0.200E+00
    1051.9   1/2 - 1051.9   1/2    0.0000           -0.4618
    1051.9   1/2 -  667.3   3/2    0.0000    0.00    0.0057    3.16    0.000   -0.000    384.6  0.285E-18  0.566E-02
    1051.9   1/2 -  769.6   5/2    0.0000    0.00    0.0000    0.00    1.000    0.000    282.3  0.868E-19  0.000E+00


     667.3   3/2 -    0.0   1/2    5.1171  703.47    0.1140   63.68    0.933    3.722    667.3  0.826E+01  0.596E+00
     667.3   3/2 -  667.3   3/2    1.5426            0.2082
    1137.9   3/2 -    0.0   1/2    0.0000    0.00    0.0058    3.24    0.000   -0.000   1137.9  0.247E-16  0.150E+00
    1137.9   3/2 - 1051.9   1/2    3.9237  539.41    0.0050    2.81    0.800   -1.998     86.0  0.225E-03  0.564E-04
    1137.9   3/2 -  667.3   3/2    0.0000    0.00    0.0016    0.88    0.000    0.000    470.6  0.220E-23  0.288E-02


    1137.9   3/2 - 1137.9   3/2    2.8662            1.0941
    1137.9   3/2 -  769.6   5/2    0.0000    0.00    0.0163    9.08    0.000   -0.000    368.3  0.153E-25  0.143E-01
    1559.5   3/2 -    0.0   1/2    0.5650   77.67    0.0225   12.58    0.977    6.504   1559.5  0.636E+02  0.150E+01
    1559.5   3/2 - 1051.9   1/2    0.0000    0.00    0.0088    4.89    0.000    0.000    507.6  0.628E-19  0.202E-01
    1559.5   3/2 -  667.3   3/2    4.4985  618.43    0.0945   52.75    0.963   -5.126    892.2  0.310E+02  0.118E+01


    1559.5   3/2 - 1137.9   3/2    0.0000    0.00    0.0038    2.14    0.000    0.000    421.6  0.148E-25  0.505E-02
    1559.5   3/2 - 1559.5   3/2   -1.5426            0.5935
    1559.5   3/2 -  769.6   5/2    1.9865  273.10    0.0164    9.14    0.981    7.246    789.9  0.745E+01  0.142E+00
     769.6   5/2 -    0.0   1/2    4.8913  672.42    0.0000    0.00    1.000    0.000    769.6  0.161E+02  0.000E+00
     769.6   5/2 -  667.3   3/2    0.4458   61.28    0.0208   11.60    0.135   -0.395    102.3  0.611E-04  0.392E-03


     769.6   5/2 -  769.6   5/2    2.6683            1.4212
    1906.2   5/2 -    0.0   1/2    0.6883   94.62    0.0000    0.00    1.000    0.000   1906.2  0.211E+03  0.000E+00
    1906.2   5/2 - 1051.9   1/2    0.0000    0.00    0.0000    0.00    1.000    0.000    854.3  0.103E-17  0.000E+00
    1906.2   5/2 -  667.3   3/2    0.5846   80.37    0.0272   15.21    0.958    4.780   1238.9  0.208E+02  0.911E+00
    1906.2   5/2 - 1137.9   3/2    0.0000    0.00    0.0007    0.38    0.000    0.000    768.3  0.847E-26  0.537E-02


    1906.2   5/2 - 1559.5   3/2    2.1168  291.01    0.0244   13.65    0.878    2.687    346.7  0.129E+00  0.179E-01
    1906.2   5/2 -  769.6   5/2    4.6324  636.83    0.0268   14.97    0.994   12.442   1136.6  0.107E+03  0.692E+00
    1906.2   5/2 - 1906.2   5/2   -0.9061            1.4486
    1906.2   5/2 - 1482.5   9/2    0.0000    0.00    0.0000    0.00    1.000    0.000    423.7  0.242E-26  0.000E+00
    2031.1   5/2 -    0.0   1/2    0.0000    0.00    0.0000    0.00    1.000    0.000   2031.1  0.507E-15  0.000E+00


    2031.1   5/2 - 1051.9   1/2    4.4444  610.99    0.0000    0.00    1.000    0.000    979.2  0.488E+02  0.000E+00
    2031.1   5/2 -  667.3   3/2    0.0000    0.00    0.0172    9.59    0.000   -0.000   1363.8  0.194E-21  0.767E+00
    2031.1   5/2 - 1137.9   3/2    1.9014  261.39    0.1352   75.51    0.886    2.789    893.2  0.132E+02  0.170E+01
    2031.1   5/2 - 1559.5   3/2    0.0000    0.00    0.0007    0.42    0.000    0.000    471.6  0.128E-26  0.138E-02
    2031.1   5/2 -  769.6   5/2    0.0000    0.00    0.0000    0.03    0.000   -0.000   1261.5  0.232E-23  0.160E-02


    2031.1   5/2 - 1906.2   5/2    0.0000    0.00    0.0030    1.66    0.000    0.000    124.9  0.879E-30  0.102E-03
    2031.1   5/2 - 2031.1   5/2    1.1362            0.5385
    2031.1   5/2 - 1961.5   7/2    0.0000    0.00    0.0021    1.17    0.000    0.000     69.5  0.122E-30  0.124E-04
    2031.1   5/2 - 1482.5   9/2    0.0000    0.00    0.0000    0.00    1.000    0.000    548.6  0.104E-28  0.000E+00
    1961.5   7/2 -  667.3   3/2    6.5092  894.85    0.0000    0.00    1.000    0.000   1294.3  0.288E+03  0.000E+00


    1961.5   7/2 - 1137.9   3/2    0.0000    0.00    0.0000    0.00    1.000    0.000    823.6  0.242E-25  0.000E+00
    1961.5   7/2 - 1559.5   3/2    0.2650   36.43    0.0000    0.00    1.000    0.000    402.0  0.340E-01  0.000E+00
    1961.5   7/2 -  769.6   5/2    0.9033  124.17    0.1596   89.16    0.848    2.360   1191.9  0.265E+02  0.476E+01
    1961.5   7/2 - 1906.2   5/2    0.5434   74.70    0.0123    6.86    0.086   -0.306     55.4  0.345E-05  0.367E-04
    1961.5   7/2 - 1961.5   7/2    0.8997            1.2473


    1961.5   7/2 - 1482.5   9/2    0.0000    0.00    0.0000    0.00    0.000    0.000    479.1  0.185E-27  0.416E-20
    1961.5   7/2 -  773.9  11/2    0.0000    0.00    0.0000    0.00    1.000    0.000   1187.6  0.653E-25  0.000E+00
    2306.6   7/2 -  667.3   3/2    0.0000    0.00    0.0000    0.00    1.000    0.000   1639.4  0.152E-20  0.000E+00
    2306.6   7/2 - 1137.9   3/2    6.2504  859.27    0.0000    0.00    1.000    0.000   1168.7  0.166E+03  0.000E+00
    2306.6   7/2 - 1559.5   3/2    0.0000    0.00    0.0000    0.00    1.000    0.000    747.1  0.660E-23  0.000E+00


    2306.6   7/2 -  769.6   5/2    0.0000    0.00    0.0044    2.45    0.000    0.000   1537.0  0.224E-21  0.281E+00
    2306.6   7/2 - 1906.2   5/2    0.0000    0.00    0.0001    0.08    0.000    0.000    400.5  0.179E-23  0.166E-03
    2306.6   7/2 - 2031.1   5/2    0.0028    0.39    0.0169    9.44    0.009   -0.094    275.6  0.546E-04  0.622E-02
    2306.6   7/2 - 1961.5   7/2    0.0000    0.00    0.0025    1.39    0.000   -0.000    345.1  0.246E-25  0.180E-02
    2306.6   7/2 - 2306.6   7/2    1.7473            1.9169


    2306.6   7/2 - 1482.5   9/2    0.0000    0.00    0.0000    0.00    0.000    0.004    824.2  0.256E-26  0.142E-21
    2306.6   7/2 - 2166.6   9/2    0.0000    0.00    0.0201   11.24    0.000   -0.000    140.0  0.623E-26  0.972E-03
    2306.6   7/2 -  773.9  11/2    0.0000    0.00    0.0000    0.00    1.000    0.000   1532.7  0.563E-28  0.000E+00
    2666.3   7/2 -  667.3   3/2    0.4034   55.45    0.0000    0.00    1.000    0.000   1999.1  0.157E+03  0.000E+00
    2666.3   7/2 - 1137.9   3/2    0.0000    0.00    0.0000    0.00    1.000    0.000   1528.4  0.287E-20  0.000E+00


    2666.3   7/2 - 1559.5   3/2    1.0882  149.60    0.0000    0.00    1.000    0.000   1106.9  0.221E+02  0.000E+00
    2666.3   7/2 -  769.6   5/2    1.0051  138.17    0.0004    0.23    1.000   78.488   1896.7  0.301E+03  0.489E-01
    2666.3   7/2 - 1906.2   5/2    6.6654  916.33    0.0349   19.49    0.987    8.748    760.2  0.206E+02  0.270E+00
    2666.3   7/2 - 2031.1   5/2    0.0000    0.00    0.0004    0.20    0.000    0.000    635.3  0.588E-25  0.159E-02
    2666.3   7/2 - 1961.5   7/2    0.2036   27.99    0.0644   35.94    0.521    1.044    704.8  0.432E+00  0.397E+00


    2666.3   7/2 - 2306.6   7/2    0.0000    0.00    0.0000    0.01    0.000   -0.000    359.7  0.322E-24  0.210E-04
    2666.3   7/2 - 2666.3   7/2    0.0444            1.6371
    2666.3   7/2 - 1482.5   9/2    0.0000    0.00    0.0000    0.00    0.000    0.001   1183.9  0.936E-24  0.220E-17
    2666.3   7/2 - 2166.6   9/2    4.5804  629.69    0.0072    4.03    0.991   10.487    499.7  0.174E+01  0.158E-01
    2666.3   7/2 -  773.9  11/2    0.0000    0.00    0.0000    0.00    1.000    0.000   1892.4  0.168E-23  0.000E+00


    1482.5   9/2 -  769.6   5/2    0.0000    0.00    0.0000    0.00    1.000    0.000    712.9  0.142E-24  0.000E+00
    1482.5   9/2 - 1482.5   9/2   -7.8898           -0.7243
    1482.5   9/2 -  773.9  11/2    0.0000    0.00    0.4179  233.40    0.000    0.000    708.5  0.477E-26  0.262E+01
    2166.6   9/2 -  769.6   5/2    7.4595 1025.49    0.0000    0.00    1.000    0.000   1397.0  0.484E+03  0.000E+00
    2166.6   9/2 - 1906.2   5/2    0.4269   58.68    0.0000    0.00    1.000    0.000    260.5  0.624E-02  0.000E+00


    2166.6   9/2 - 2031.1   5/2    0.0000    0.00    0.0000    0.00    1.000    0.000    135.6  0.316E-29  0.000E+00
    2166.6   9/2 - 1961.5   7/2    0.0150    2.06    0.0496   27.69    0.009    0.094    205.1  0.664E-04  0.753E-02
    2166.6   9/2 - 1482.5   9/2    0.0000    0.00    0.0000    0.00    0.000    0.007    684.2  0.133E-22  0.247E-18
    2166.6   9/2 - 2166.6   9/2    0.8936            2.0982
    2166.6   9/2 -  773.9  11/2    0.0000    0.00    0.0000    0.00    0.000    0.000   1392.7  0.179E-25  0.231E-16


    2166.6   9/2 - 1636.1  13/2    0.0000    0.00    0.0000    0.00    1.000    0.000    530.6  0.173E-23  0.000E+00
     773.9  11/2 -  773.9  11/2   -8.7012           -1.3762
    2822.5  11/2 - 1961.5   7/2    0.0000    0.00    0.0000    0.00    1.000    0.000    860.9  0.427E-22  0.000E+00
    2822.5  11/2 - 2306.6   7/2    0.0000    0.00    0.0000    0.00    1.000    0.000    515.8  0.467E-24  0.000E+00
    2822.5  11/2 - 2666.3   7/2    0.0000    0.00    0.0000    0.00    1.000    0.000    156.1  0.641E-29  0.000E+00


    2822.5  11/2 - 1482.5   9/2    5.8948  810.39    0.3423  191.16    0.955    4.630   1340.0  0.311E+03  0.145E+02
    2822.5  11/2 - 2166.6   9/2    0.0000    0.00    0.0000    0.00    0.000    0.002    655.8  0.304E-23  0.723E-18
    2822.5  11/2 -  773.9  11/2    0.0000    0.00    0.0686   38.30    0.000   -0.000   2048.5  0.613E-21  0.104E+02
    2822.5  11/2 - 2822.5  11/2   -4.3637            0.0716
    2822.5  11/2 - 1636.1  13/2    0.2403   33.03    0.0257   14.37    0.901   -3.019   1186.4  0.689E+01  0.756E+00


    2822.5  11/2 - 2364.9  13/2    0.0000    0.00    0.3481  194.40    0.000   -0.000    457.6  0.107E-17  0.587E+00
    1636.1  13/2 - 1482.5   9/2    3.7478  515.23    0.0000    0.00    1.000    0.000    153.6  0.391E-02  0.000E+00
    1636.1  13/2 -  773.9  11/2    0.0000    0.00    0.0159    8.89    0.000    0.000    862.1  0.362E-26  0.180E+00
    1636.1  13/2 - 1636.1  13/2   -9.3619           -0.0539
    2364.9  13/2 - 1482.5   9/2    0.0000    0.00    0.0000    0.00    1.000    0.000    882.4  0.161E-14  0.000E+00


    2364.9  13/2 - 2166.6   9/2    0.0000    0.00    0.0000    0.00    1.000    0.000    198.3  0.464E-19  0.000E+00
    2364.9  13/2 -  773.9  11/2    5.4269  746.06    0.5630  314.46    0.944    4.112   1591.0  0.675E+03  0.399E+02
    2364.9  13/2 - 1636.1  13/2    0.0000    0.00    0.0148    8.25    0.000   -0.000    728.8  0.207E-14  0.101E+00
    2364.9  13/2 - 2364.9  13/2   -5.3681           -0.4884

 TIME=  0.0 SEC
