 PARITY=-   EPS= 0.148   GAMMA= 18.0   EPS4=0.000   EPS6=0.000   LEVELS:  31  32  33  34  35
0   Z= 82   A=207   IQ=1   GSFAC= 0.75   GR=  0.40   MIN SPIN=  1/2   MAX SPIN= 13/2   KMAX= 13/2

 MICR QUADR MOMENTS:  Q0= 618.515  Q2=-149.934 FM**2


   B(E2) AND Q(E2) IN E2B2 AND EB,   B(M1) AND M(M1) INNM2 AND NM,   T(E2) AND T(M1) IN 1/PS

       E1     II      EF     IF     B(E2)             B(M1)              GD        D       EREL    T(E2)      T(M1)
                                             WU               MWU

       0.0   1/2 -    0.0   1/2    0.0000            0.4736
    1724.6   1/2 -    0.0   1/2    0.0000    0.00    0.0001    0.06    0.000    0.000   1724.6  0.000E+00  0.105E-01
    1724.6   1/2 - 1724.6   1/2    0.0000            0.5834
    1724.6   1/2 -  718.2   3/2    0.0000    0.00    0.0017    0.96    0.000   -0.000   1006.3  0.820E-19  0.309E-01
    1724.6   1/2 - 1554.3   3/2    0.0000    0.00    0.0061    3.38    0.000   -0.000    170.3  0.198E-21  0.527E-03


    1724.6   1/2 -  737.7   5/2    0.0000    0.00    0.0000    0.00    1.000    0.000    986.9  0.112E-18  0.000E+00
    2080.8   1/2 -    0.0   1/2    0.0000    0.00    0.0065    3.63    0.000    0.000   2080.8  0.000E+00  0.103E+01
    2080.8   1/2 - 1724.6   1/2    0.0000    0.00    0.0092    5.12    0.000    0.000    356.2  0.000E+00  0.729E-02
    2080.8   1/2 - 2080.8   1/2    0.0000            0.4464
    2080.8   1/2 -  718.2   3/2    0.0000    0.00    0.0194   10.84    0.000    0.000   1362.6  0.249E-24  0.864E+00


    2080.8   1/2 - 1554.3   3/2    0.0498    6.85    0.0319   17.79    0.231    0.548    526.5  0.246E-01  0.818E-01
    2080.8   1/2 -  737.7   5/2    0.0000    0.00    0.0000    0.00    1.000    0.000   1343.1  0.293E-24  0.000E+00
    2080.8   1/2 - 1962.8   5/2    0.6368   87.54    0.0000    0.00    1.000    0.000    118.1  0.178E-03  0.000E+00
     718.2   3/2 -    0.0   1/2    0.7871  108.21    0.0994   55.54    0.739    1.682    718.2  0.184E+01  0.648E+00
     718.2   3/2 -  718.2   3/2   -1.1844            0.7831


    1554.3   3/2 -    0.0   1/2    0.0000    0.00    0.0204   11.38    0.000    0.000   1554.3  0.528E-20  0.135E+01
    1554.3   3/2 -  718.2   3/2    0.0000    0.00    0.0232   12.93    0.000   -0.000    836.0  0.225E-25  0.238E+00
    1554.3   3/2 - 1554.3   3/2    1.0435            0.8683
    1554.3   3/2 -  737.7   5/2    0.0000    0.00    0.0073    4.10    0.000    0.000    816.6  0.583E-26  0.703E-01
    2326.3   3/2 -    0.0   1/2    0.0000    0.00    0.0201   11.20    0.000   -0.000   2326.3  0.270E-17  0.444E+01


    2326.3   3/2 - 1724.6   1/2    0.7832  107.66    0.0088    4.91    0.957    4.730    601.7  0.754E+00  0.337E-01
    2326.3   3/2 - 2080.8   1/2    0.0000    0.00    0.0063    3.53    0.000   -0.000    245.5  0.877E-21  0.165E-02
    2326.3   3/2 -  718.2   3/2    0.0000    0.00    0.0130    7.27    0.000   -0.000   1608.1  0.204E-23  0.953E+00
    2326.3   3/2 - 1554.3   3/2    0.0000    0.00    0.0085    4.77    0.000    0.000    772.1  0.995E-19  0.692E-01
    2326.3   3/2 - 2326.3   3/2   -0.0123            1.0404


    2326.3   3/2 -  737.7   5/2    0.0000    0.00    0.0022    1.22    0.000    0.000   1588.6  0.843E-24  0.154E+00
    2326.3   3/2 - 1962.8   5/2    0.0000    0.00    0.0002    0.13    0.000   -0.000    363.6  0.689E-21  0.193E-03
    2326.3   3/2 - 2316.0   7/2    0.0000    0.00    0.0000    0.00    1.000    0.000     10.3  0.106E-34  0.000E+00
     737.7   5/2 -    0.0   1/2    0.7906  108.69    0.0000    0.00    1.000    0.000    737.7  0.211E+01  0.000E+00
     737.7   5/2 -  718.2   3/2    0.1966   27.03    0.0685   38.27    0.001    0.027     19.5  0.669E-08  0.888E-05


     737.7   5/2 -  737.7   5/2   -1.6818            1.0964
    1962.8   5/2 -    0.0   1/2    0.0000    0.00    0.0000    0.00    1.000    0.000   1962.8  0.148E-18  0.000E+00
    1962.8   5/2 - 1724.6   1/2    0.0000    0.00    0.0000    0.00    1.000    0.000    238.2  0.450E-20  0.000E+00
    1962.8   5/2 -  718.2   3/2    0.0000    0.00    0.0082    4.60    0.000    0.000   1244.5  0.370E-25  0.279E+00
    1962.8   5/2 - 1554.3   3/2    1.3548  186.25    0.0108    6.00    0.936    3.818    408.5  0.188E+00  0.129E-01


    1962.8   5/2 -  737.7   5/2    0.0000    0.00    0.0215   11.98    0.000    0.000   1225.1  0.260E-24  0.694E+00
    1962.8   5/2 - 1962.8   5/2   -0.2472            1.3134
    2471.7   5/2 -    0.0   1/2    0.0000    0.00    0.0000    0.00    1.000    0.000   2471.7  0.368E-17  0.000E+00
    2471.7   5/2 - 1724.6   1/2    0.7901  108.62    0.0000    0.00    1.000    0.000    747.1  0.224E+01  0.000E+00
    2471.7   5/2 - 2080.8   1/2    0.0000    0.00    0.0000    0.00    1.000    0.000    390.9  0.261E-24  0.000E+00


    2471.7   5/2 -  718.2   3/2    0.0000    0.00    0.0002    0.09    0.000    0.000   1753.4  0.309E-25  0.154E-01
    2471.7   5/2 - 1554.3   3/2    0.0000    0.00    0.0008    0.44    0.000    0.000    917.4  0.189E-25  0.107E-01
    2471.7   5/2 - 2326.3   3/2    0.0517    7.11    0.1895  105.85    0.004    0.063    145.4  0.409E-04  0.102E-01
    2471.7   5/2 -  737.7   5/2    0.0000    0.00    0.0008    0.47    0.000    0.000   1734.0  0.123E-24  0.777E-01
    2471.7   5/2 - 1962.8   5/2    0.0000    0.00    0.0050    2.80    0.000   -0.000    508.9  0.737E-25  0.116E-01


    2471.7   5/2 - 2471.7   5/2   -1.5922            0.9705
    2471.7   5/2 - 2316.0   7/2    0.0000    0.00    0.0051    2.84    0.000    0.000    155.7  0.106E-30  0.338E-03
    2471.7   5/2 - 2346.7   9/2    0.0000    0.00    0.0000    0.00    1.000    0.000    125.0  0.141E-31  0.000E+00
    2316.0   7/2 -  718.2   3/2    1.0488  144.19    0.0000    0.00    1.000    0.000   1597.7  0.133E+03  0.000E+00
    2316.0   7/2 - 1554.3   3/2    0.0000    0.00    0.0000    0.00    1.000    0.000    761.7  0.353E-25  0.000E+00


    2316.0   7/2 -  737.7   5/2    0.1120   15.39    0.1506   84.09    0.562    1.133   1578.3  0.134E+02  0.104E+02
    2316.0   7/2 - 1962.8   5/2    0.0000    0.00    0.0167    9.31    0.000    0.000    353.2  0.738E-28  0.129E-01
    2316.0   7/2 - 2316.0   7/2   -1.6619            1.3260
    2346.7   9/2 -  737.7   5/2    1.1622  159.78    0.0000    0.00    1.000    0.000   1609.0  0.153E+03  0.000E+00
    2346.7   9/2 - 1962.8   5/2    0.0000    0.00    0.0000    0.00    1.000    0.000    384.0  0.126E-27  0.000E+00


    2346.7   9/2 - 2316.0   7/2    0.0464    6.38    0.0495   27.66    0.001    0.025     30.7  0.155E-07  0.253E-04
    2346.7   9/2 - 2346.7   9/2   -1.8060            1.9668

 TIME=  0.0 SEC
