 PARITY=-   EPS= 0.386   GAMMA= 26.7   EPS4=0.000   EPS6=0.000   LEVELS:  29  30  31  32  33
0   Z= 82   A=207   IQ=1   GSFAC= 0.75   GR=  0.40   MIN SPIN=  1/2   MAX SPIN= 13/2   KMAX= 13/2

 MICR QUADR MOMENTS:  Q0=2033.238  Q2=-433.436 FM**2


   B(E2) AND Q(E2) IN E2B2 AND EB,   B(M1) AND M(M1) INNM2 AND NM,   T(E2) AND T(M1) IN 1/PS

       E1     II      EF     IF     B(E2)             B(M1)              GD        D       EREL    T(E2)      T(M1)
                                             WU               MWU

       0.0   1/2 -    0.0   1/2    0.0000           -0.4182
     884.8   1/2 -    0.0   1/2    0.0000    0.00    0.0178    9.96    0.000    0.000    884.8  0.000E+00  0.217E+00
     884.8   1/2 -  884.8   1/2    0.0000            0.7149
     884.8   1/2 -  130.3   3/2    0.0000    0.00    0.0018    1.02    0.000   -0.000    754.6  0.384E-20  0.138E-01
     884.8   1/2 -  241.9   3/2    3.4129  469.18    0.1657   92.54    0.855   -2.429    642.9  0.457E+01  0.775E+00


     884.8   1/2 -  733.5   3/2    0.0000    0.00    0.0161    8.97    0.000    0.000    151.3  0.583E-27  0.980E-03
    1478.8   1/2 -    0.0   1/2    0.0000    0.00    0.0048    2.67    0.000    0.000   1478.8  0.000E+00  0.272E+00
    1478.8   1/2 -  884.8   1/2    0.0000    0.00    0.1076   60.09    0.000    0.000    594.0  0.000E+00  0.397E+00
    1478.8   1/2 - 1478.8   1/2    0.0000            0.4097
    1478.8   1/2 -  130.3   3/2    0.0000    0.00    0.0025    1.42    0.000    0.000   1348.6  0.623E-18  0.110E+00


    1478.8   1/2 -  241.9   3/2    0.0000    0.00    0.0001    0.08    0.000    0.000   1237.0  0.495E-17  0.468E-02
    1478.8   1/2 -  733.5   3/2    0.0000    0.00    0.0087    4.87    0.000   -0.000    745.3  0.216E-19  0.635E-01
    1478.8   1/2 -  902.3   5/2    0.0000    0.00    0.0000    0.00    1.000    0.000    576.5  0.920E-19  0.000E+00
    1478.8   1/2 -  903.2   5/2    0.0000    0.00    0.0000    0.00    1.000    0.000    575.7  0.161E-19  0.000E+00
    1478.8   1/2 - 1041.4   5/2    0.0000    0.00    0.0000    0.00    1.000    0.000    437.4  0.147E-20  0.000E+00


     130.3   3/2 -    0.0   1/2    5.3840  740.16    0.0054    3.01    0.922   -3.430    130.3  0.246E-02  0.209E-03
     130.3   3/2 -  130.3   3/2    2.6604            1.0372
     241.9   3/2 -    0.0   1/2    0.0000    0.00    0.0043    2.37    0.000   -0.000    241.9  0.191E-21  0.106E-02
     241.9   3/2 -  130.3   3/2    0.0000    0.00    0.0021    1.17    0.000   -0.000    111.6  0.119E-23  0.511E-04
     241.9   3/2 -  241.9   3/2    4.2460           -0.2436


     733.5   3/2 -    0.0   1/2    3.5880  493.26    0.0094    5.26    0.993  -11.923    733.5  0.929E+01  0.654E-01
     733.5   3/2 -  130.3   3/2    5.4519  749.49    0.0097    5.42    0.993   11.904    603.2  0.531E+01  0.375E-01
     733.5   3/2 -  241.9   3/2    0.0000    0.00    0.0120    6.68    0.000   -0.000    491.6  0.115E-21  0.250E-01
     733.5   3/2 -  733.5   3/2   -2.6604            0.8908
     902.3   5/2 -    0.0   1/2    0.0000    0.00    0.0000    0.00    1.000    0.000    902.3  0.506E-12  0.000E+00


     902.3   5/2 -  884.8   1/2    0.9550  131.29    0.0000    0.00    1.000    0.000     17.5  0.191E-07  0.000E+00
     902.3   5/2 -  130.3   3/2    0.0000    0.00    0.0138    7.71    0.000   -0.000    772.1  0.664E-13  0.112E+00
     902.3   5/2 -  241.9   3/2   12.6636 1740.92    0.2638  147.32    0.936   -3.810    660.4  0.194E+02  0.134E+01
     902.3   5/2 -  733.5   3/2    0.0000    0.00    0.0008    0.47    0.000    0.000    168.8  0.138E-15  0.715E-04
     902.3   5/2 -  902.3   5/2   -0.9272            0.0412


     903.2   5/2 -    0.0   1/2    6.4810  890.98    0.0000    0.00    1.000    0.000    903.2  0.475E+02  0.000E+00
     903.2   5/2 -  884.8   1/2    0.0000    0.00    0.0000    0.00    1.000    0.000     18.3  0.936E-27  0.000E+00
     903.2   5/2 -  130.3   3/2    1.8542  254.90    0.1073   59.92    0.877    2.675    772.9  0.624E+01  0.872E+00
     903.2   5/2 -  241.9   3/2    0.0000    0.00    0.0089    4.94    0.000   -0.000    661.3  0.781E-18  0.451E-01
     903.2   5/2 -  733.5   3/2    7.6881 1056.92    0.0295   16.45    0.839   -2.282    169.7  0.132E-01  0.253E-02


     903.2   5/2 -  902.3   5/2    0.0000    0.00    0.0080    4.49    0.000    0.000      0.8  0.654E-28  0.824E-10
     903.2   5/2 -  903.2   5/2   -2.1047            0.7447
    1041.4   5/2 -    0.0   1/2    2.3402  321.72    0.0000    0.00    1.000    0.000   1041.4  0.350E+02  0.000E+00
    1041.4   5/2 -  884.8   1/2    0.0000    0.00    0.0000    0.00    1.000    0.000    156.6  0.158E-27  0.000E+00
    1041.4   5/2 -  130.3   3/2    5.6928  782.61    0.0001    0.04    1.000 -207.407    911.2  0.436E+02  0.101E-02


    1041.4   5/2 -  241.9   3/2    0.0000    0.00    0.0013    0.70    0.000   -0.000    799.5  0.181E-20  0.113E-01
    1041.4   5/2 -  733.5   3/2    1.4745  202.70    0.1008   56.32    0.490    0.980    307.9  0.498E-01  0.518E-01
    1041.4   5/2 -  902.3   5/2    0.0000    0.00    0.0010    0.57    0.000   -0.000    139.1  0.974E-17  0.487E-04
    1041.4   5/2 -  903.2   5/2    1.4344  197.20    0.0587   32.80    0.245    0.569    138.3  0.884E-03  0.273E-02
    1041.4   5/2 - 1041.4   5/2   -4.6225            1.0502


    1129.4   7/2 -  130.3   3/2    9.3067 1279.44    0.0000    0.00    1.000    0.000    999.2  0.113E+03  0.000E+00
    1129.4   7/2 -  241.9   3/2    0.0000    0.00    0.0000    0.00    1.000    0.000    887.6  0.512E-20  0.000E+00
    1129.4   7/2 -  733.5   3/2    0.7295  100.29    0.0000    0.00    1.000    0.000    396.0  0.866E-01  0.000E+00
    1129.4   7/2 -  902.3   5/2    0.0000    0.00    0.0012    0.68    0.000   -0.000    227.1  0.239E-16  0.253E-03
    1129.4   7/2 -  903.2   5/2    0.3030   41.65    0.0319   17.79    0.252    0.581    226.3  0.219E-02  0.650E-02


    1129.4   7/2 - 1041.4   5/2    7.1876  988.11    0.0071    3.95    0.845    2.336     88.0  0.463E-03  0.848E-04
    1129.4   7/2 - 1129.4   7/2   -2.7592            1.7555
    1452.8   7/2 -  130.3   3/2    0.0000    0.00    0.0000    0.00    1.000    0.000   1322.6  0.132E-18  0.000E+00
    1452.8   7/2 -  241.9   3/2    7.2895 1002.12    0.0000    0.00    1.000    0.000   1211.0  0.232E+03  0.000E+00
    1452.8   7/2 -  733.5   3/2    0.0000    0.00    0.0000    0.00    1.000    0.000    719.3  0.394E-28  0.000E+00


    1452.8   7/2 -  902.3   5/2    4.7244  649.48    0.1170   65.35    0.895   -2.912    550.5  0.291E+01  0.344E+00
    1452.8   7/2 -  903.2   5/2    0.0000    0.00    0.0000    0.03    0.000   -0.000    549.7  0.111E-18  0.145E-03
    1452.8   7/2 - 1041.4   5/2    0.0000    0.00    0.0050    2.81    0.000   -0.000    411.4  0.536E-26  0.617E-02
    1452.8   7/2 - 1129.4   7/2    0.0000    0.00    0.0001    0.07    0.000   -0.000    323.4  0.752E-26  0.730E-04
    1452.8   7/2 - 1452.8   7/2   -0.6637            1.1740


    1883.2   7/2 -  130.3   3/2    0.0000    0.00    0.0000    0.00    1.000    0.000   1753.0  0.535E-21  0.000E+00
    1883.2   7/2 -  241.9   3/2    0.0000    0.00    0.0000    0.00    1.000    0.000   1641.4  0.112E-20  0.000E+00
    1883.2   7/2 -  733.5   3/2    0.0000    0.00    0.0000    0.00    1.000    0.000   1149.7  0.160E-22  0.000E+00
    1883.2   7/2 -  902.3   5/2    0.0000    0.00    0.0006    0.34    0.000   -0.000    980.9  0.130E-21  0.101E-01
    1883.2   7/2 -  903.2   5/2    0.0000    0.00    0.0013    0.74    0.000   -0.000    980.1  0.553E-23  0.219E-01


    1883.2   7/2 - 1041.4   5/2    0.0000    0.00    0.0009    0.49    0.000   -0.000    841.8  0.167E-22  0.923E-02
    1883.2   7/2 - 1129.4   7/2    0.0000    0.00    0.0061    3.42    0.000   -0.000    753.8  0.361E-24  0.462E-01
    1883.2   7/2 - 1452.8   7/2    0.0000    0.00    0.0000    0.00    0.000    0.000    430.4  0.140E-25  0.749E-05
    1883.2   7/2 - 1883.2   7/2    1.3865            1.6258
    1982.5   9/2 -  902.3   5/2    0.0000    0.00    0.0000    0.00    1.000    0.000   1080.1  0.408E-23  0.000E+00


    1982.5   9/2 -  903.2   5/2    0.0000    0.00    0.0000    0.00    1.000    0.000   1079.3  0.611E-22  0.000E+00
    1982.5   9/2 - 1041.4   5/2    0.0000    0.00    0.0000    0.00    1.000    0.000    941.0  0.150E-24  0.000E+00
    1982.5   9/2 - 1129.4   7/2    0.0000    0.00    0.0000    0.00    0.001   -0.034    853.0  0.600E-24  0.518E-21
    1982.5   9/2 - 1452.8   7/2    0.0000    0.00    0.0000    0.00    0.201    0.501    529.6  0.200E-26  0.795E-26
    1982.5   9/2 - 1883.2   7/2    0.0000    0.00    0.0000    0.00    0.000   -0.001     99.2  0.243E-27  0.284E-21


    1982.5   9/2 - 1982.5   9/2   -8.8430            0.3235
    2316.2   9/2 -  902.3   5/2    9.4550 1299.81    0.0000    0.00    1.000    0.000   1413.9  0.652E+03  0.000E+00
    2316.2   9/2 -  903.2   5/2    0.0000    0.00    0.0000    0.00    1.000    0.000   1413.0  0.365E-16  0.000E+00
    2316.2   9/2 - 1041.4   5/2    0.0000    0.00    0.0000    0.00    1.000    0.000   1274.8  0.114E-20  0.000E+00
    2316.2   9/2 - 1129.4   7/2    0.0000    0.00    0.0203   11.34    0.000   -0.000   1186.7  0.240E-19  0.597E+00


    2316.2   9/2 - 1452.8   7/2    3.6885  507.07    0.4106  229.34    0.823   -2.154    863.4  0.216E+02  0.465E+01
    2316.2   9/2 - 1883.2   7/2    0.0000    0.00    0.0243   13.55    0.000   -0.000    433.0  0.193E-25  0.346E-01
    2316.2   9/2 - 1982.5   9/2    0.0000    0.00    0.0000    0.00    0.016   -0.129    333.7  0.926E-24  0.554E-22
    2316.2   9/2 - 2316.2   9/2   -1.4029            0.7765
    2366.8   9/2 -  902.3   5/2    0.0000    0.00    0.0000    0.00    1.000    0.000   1464.5  0.114E-10  0.000E+00


    2366.8   9/2 -  903.2   5/2   12.9396 1778.86    0.0000    0.00    1.000    0.000   1463.7  0.106E+04  0.000E+00
    2366.8   9/2 - 1041.4   5/2    0.0242    3.32    0.0000    0.00    1.000    0.000   1325.4  0.121E+01  0.000E+00
    2366.8   9/2 - 1129.4   7/2    0.5957   81.89    0.1551   86.65    0.803    2.019   1237.4  0.211E+02  0.517E+01
    2366.8   9/2 - 1452.8   7/2    0.0000    0.00    0.0171    9.54    0.000   -0.000    914.0  0.203E-19  0.230E+00
    2366.8   9/2 - 1883.2   7/2    0.0000    0.00    0.0000    0.00    0.000   -0.000    483.6  0.822E-26  0.330E-06


    2366.8   9/2 - 1982.5   9/2    0.0000    0.00    0.0000    0.00    0.003   -0.058    384.3  0.722E-24  0.212E-21
    2366.8   9/2 - 2316.2   9/2    0.0000    0.00    0.0041    2.32    0.000    0.000     50.6  0.170E-25  0.947E-05
    2366.8   9/2 - 2366.8   9/2   -3.2555            1.4422
    2677.6  11/2 - 1129.4   7/2   13.9554 1918.51    0.0000    0.00    1.000    0.000   1548.2  0.151E+04  0.000E+00
    2677.6  11/2 - 1452.8   7/2    0.0000    0.00    0.0000    0.00    1.000    0.000   1224.8  0.378E-21  0.000E+00


    2677.6  11/2 - 1883.2   7/2    0.0000    0.00    0.0000    0.00    1.000    0.000    794.4  0.247E-23  0.000E+00
    2677.6  11/2 - 1982.5   9/2    0.0000    0.00    0.0000    0.00    0.886    2.791    695.2  0.552E-22  0.709E-23
    2677.6  11/2 - 2316.2   9/2    0.0000    0.00    0.0008    0.46    0.000   -0.000    361.5  0.123E-22  0.681E-03
    2677.6  11/2 - 2366.8   9/2    0.1045   14.36    0.0293   16.35    0.193    0.489    310.8  0.370E-02  0.155E-01
    2677.6  11/2 - 2677.6  11/2   -3.4678            2.5771


    2980.3  11/2 - 1129.4   7/2    0.0000    0.00    0.0000    0.00    1.000    0.000   1850.9  0.170E-20  0.000E+00
    2980.3  11/2 - 1452.8   7/2    0.0000    0.00    0.0000    0.00    1.000    0.000   1527.5  0.803E-20  0.000E+00
    2980.3  11/2 - 1883.2   7/2    0.0000    0.00    0.0000    0.00    1.000    0.000   1097.1  0.112E-21  0.000E+00
    2980.3  11/2 - 1982.5   9/2    4.8443  665.96    0.0733   40.95    0.979    6.753    997.9  0.585E+02  0.128E+01
    2980.3  11/2 - 2316.2   9/2    0.0000    0.00    0.0000    0.00    0.041    0.206    664.2  0.403E-23  0.946E-22


    2980.3  11/2 - 2366.8   9/2    0.0000    0.00    0.0000    0.00    0.000    0.017    613.5  0.885E-24  0.314E-20
    2980.3  11/2 - 2677.6  11/2    0.0000    0.00    0.0000    0.00    0.003    0.058    302.7  0.127E-23  0.379E-21
    2980.3  11/2 - 2980.3  11/2   -5.5701            0.9023

 TIME=  0.0 SEC
