 PARITY=-   EPS= 0.398   GAMMA= 25.2   EPS4=0.000   EPS6=0.000   LEVELS:  30  31  32  33  34
0   Z= 82   A=207   IQ=1   GSFAC= 0.75   GR=  0.40   MIN SPIN=  1/2   MAX SPIN= 13/2   KMAX= 13/2

 MICR QUADR MOMENTS:  Q0=2163.945  Q2=-412.035 FM**2


   B(E2) AND Q(E2) IN E2B2 AND EB,   B(M1) AND M(M1) INNM2 AND NM,   T(E2) AND T(M1) IN 1/PS

       E1     II      EF     IF     B(E2)             B(M1)              GD        D       EREL    T(E2)      T(M1)
                                             WU               MWU

       0.0   1/2 -    0.0   1/2    0.0000           -0.3449
     922.8   1/2 -    0.0   1/2    0.0000    0.00    0.0806   45.01    0.000    0.000    922.8  0.000E+00  0.111E+01
     922.8   1/2 -  922.8   1/2    0.0000            0.6500
     922.8   1/2 -   58.5   3/2    3.0255  415.93    0.1479   82.60    0.914   -3.255    864.3  0.178E+02  0.168E+01
     922.8   1/2 -  114.3   3/2    0.0000    0.00    0.0017    0.92    0.000   -0.000    808.5  0.574E-23  0.154E-01


     922.8   1/2 -  669.8   3/2    0.0000    0.00    0.0840   46.92    0.000    0.000    253.0  0.123E-25  0.239E-01
     922.8   1/2 -  715.7   5/2    1.7166  235.99    0.0000    0.00    1.000    0.000    207.1  0.798E-02  0.000E+00
     922.8   1/2 -  841.3   5/2    0.0000    0.00    0.0000    0.00    1.000    0.000     81.5  0.144E-25  0.000E+00
    1796.1   1/2 -    0.0   1/2    0.0000    0.00    0.0000    0.02    0.000    0.000   1796.1  0.000E+00  0.430E-02
    1796.1   1/2 -  922.8   1/2    0.0000    0.00    0.1003   56.05    0.000    0.000    873.3  0.000E+00  0.118E+01


    1796.1   1/2 - 1796.1   1/2    0.0000            0.4050
    1796.1   1/2 -   58.5   3/2    0.0000    0.00    0.0001    0.03    0.000    0.000   1737.6  0.516E-22  0.469E-02
    1796.1   1/2 -  114.3   3/2    0.0000    0.00    0.0004    0.22    0.000   -0.000   1681.8  0.827E-23  0.331E-01
    1796.1   1/2 -  669.8   3/2    0.0000    0.00    0.0214   11.93    0.000    0.000   1126.3  0.140E-22  0.537E+00
    1796.1   1/2 -  715.7   5/2    0.0000    0.00    0.0000    0.00    1.000    0.000   1080.4  0.691E-22  0.000E+00


    1796.1   1/2 -  841.3   5/2    0.0000    0.00    0.0000    0.00    1.000    0.000    954.8  0.159E-21  0.000E+00
    1796.1   1/2 - 1003.4   5/2    0.0000    0.00    0.0000    0.00    1.000    0.000    792.6  0.160E-22  0.000E+00
      58.5   3/2 -    0.0   1/2    0.0000    0.00    0.0112    6.23    0.000   -0.000     58.5  0.384E-24  0.393E-04
      58.5   3/2 -   58.5   3/2    4.4818           -0.2140
     114.3   3/2 -    0.0   1/2    5.1015  701.32    0.0064    3.56    0.879   -2.694    114.3  0.121E-02  0.167E-03


     114.3   3/2 -   58.5   3/2    0.0000    0.00    0.0253   14.14    0.000   -0.000     55.8  0.135E-28  0.774E-04
     114.3   3/2 -  114.3   3/2    3.1135            1.0309
     669.8   3/2 -    0.0   1/2    4.8899  672.23    0.0029    1.63    0.998  -22.852    669.8  0.804E+01  0.154E-01
     669.8   3/2 -   58.5   3/2    0.0000    0.00    0.0526   29.36    0.000   -0.000    611.3  0.991E-23  0.211E+00
     669.8   3/2 -  114.3   3/2    5.1701  710.75    0.0025    1.41    0.998   20.929    555.5  0.334E+01  0.762E-02


     669.8   3/2 -  669.8   3/2   -3.1135            0.8090
     715.7   5/2 -    0.0   1/2    0.0000    0.00    0.0000    0.00    1.000    0.000    715.7  0.579E-19  0.000E+00
     715.7   5/2 -   58.5   3/2   14.8828 2046.00    0.2115  118.11    0.955   -4.590    657.2  0.223E+02  0.106E+01
     715.7   5/2 -  114.3   3/2    0.0000    0.00    0.0568   31.72    0.000   -0.000    601.4  0.727E-21  0.217E+00
     715.7   5/2 -  669.8   3/2    0.0000    0.00    0.0010    0.55    0.000    0.000     45.9  0.408E-26  0.169E-05


     715.7   5/2 -  715.7   5/2   -1.2012            0.1682
     841.3   5/2 -    0.0   1/2    5.1314  705.44    0.0000    0.00    1.000    0.000    841.3  0.264E+02  0.000E+00
     841.3   5/2 -   58.5   3/2    0.0000    0.00    0.0441   24.61    0.000   -0.000    782.8  0.101E-19  0.372E+00
     841.3   5/2 -  114.3   3/2    4.4635  613.61    0.0579   32.36    0.966    5.313    727.0  0.111E+02  0.392E+00
     841.3   5/2 -  669.8   3/2    8.9996 1237.21    0.0092    5.13    0.952   -4.470    171.5  0.163E-01  0.816E-03


     841.3   5/2 -  715.7   5/2    0.0000    0.00    0.0425   23.71    0.000    0.000    125.6  0.146E-24  0.148E-02
     841.3   5/2 -  841.3   5/2   -1.7072            0.8722
    1003.4   5/2 -    0.0   1/2    4.6672  641.62    0.0000    0.00    1.000    0.000   1003.4  0.579E+02  0.000E+00
    1003.4   5/2 -  922.8   1/2    0.0000    0.00    0.0000    0.00    1.000    0.000     80.7  0.338E-28  0.000E+00
    1003.4   5/2 -   58.5   3/2    0.0000    0.00    0.0033    1.86    0.000   -0.000    944.9  0.853E-21  0.494E-01


    1003.4   5/2 -  114.3   3/2    5.2756  725.26    0.0026    1.45    0.999  -33.355    889.2  0.358E+02  0.321E-01
    1003.4   5/2 -  669.8   3/2    0.2298   31.59    0.1052   58.78    0.144    0.410    333.7  0.116E-01  0.688E-01
    1003.4   5/2 -  715.7   5/2    0.0000    0.00    0.0019    1.06    0.000   -0.000    287.8  0.226E-23  0.798E-03
    1003.4   5/2 -  841.3   5/2    0.9251  127.18    0.0538   30.03    0.239    0.560    162.1  0.126E-02  0.403E-02
    1003.4   5/2 - 1003.4   5/2   -5.6714            0.9199


    1151.8   7/2 -   58.5   3/2    0.0000    0.00    0.0000    0.00    1.000    0.000   1093.3  0.115E-21  0.000E+00
    1151.8   7/2 -  114.3   3/2    9.8285 1351.17    0.0000    0.00    1.000    0.000   1037.5  0.144E+03  0.000E+00
    1151.8   7/2 -  669.8   3/2    1.0247  140.87    0.0000    0.00    1.000    0.000    482.0  0.325E+00  0.000E+00
    1151.8   7/2 -  715.7   5/2    0.0000    0.00    0.0148    8.28    0.000   -0.000    436.1  0.576E-22  0.216E-01
    1151.8   7/2 -  841.3   5/2    1.5500  213.09    0.0329   18.35    0.759    1.775    310.5  0.545E-01  0.173E-01


    1151.8   7/2 - 1003.4   5/2    7.0553  969.92    0.0016    0.90    0.985    8.173    148.3  0.618E-02  0.925E-04
    1151.8   7/2 - 1151.8   7/2   -3.3009            1.7636
    1291.1   7/2 -   58.5   3/2    7.9062 1086.90    0.0000    0.00    1.000    0.000   1232.6  0.274E+03  0.000E+00
    1291.1   7/2 -  114.3   3/2    0.0000    0.00    0.0000    0.00    1.000    0.000   1176.8  0.867E-21  0.000E+00
    1291.1   7/2 -  669.8   3/2    0.0000    0.00    0.0000    0.00    1.000    0.000    621.3  0.361E-26  0.000E+00


    1291.1   7/2 -  715.7   5/2    6.7379  926.28    0.1219   68.08    0.927   -3.562    575.4  0.518E+01  0.409E+00
    1291.1   7/2 -  841.3   5/2    0.0000    0.00    0.0098    5.45    0.000   -0.000    449.8  0.314E-21  0.156E-01
    1291.1   7/2 - 1003.4   5/2    0.0000    0.00    0.0201   11.22    0.000   -0.000    287.6  0.256E-23  0.841E-02
    1291.1   7/2 - 1151.8   7/2    0.0000    0.00    0.0001    0.03    0.000    0.000    139.3  0.511E-26  0.281E-05
    1291.1   7/2 - 1291.1   7/2   -1.6344            1.1996


    1981.0   7/2 -   58.5   3/2    0.0000    0.00    0.0000    0.00    1.000    0.000   1922.5  0.460E-23  0.000E+00
    1981.0   7/2 -  114.3   3/2    0.0000    0.00    0.0000    0.00    1.000    0.000   1866.7  0.563E-23  0.000E+00
    1981.0   7/2 -  669.8   3/2    0.0000    0.00    0.0000    0.00    1.000    0.000   1311.2  0.430E-23  0.000E+00
    1981.0   7/2 -  715.7   5/2    0.0000    0.00    0.0000    0.00    0.000    0.000   1265.3  0.423E-21  0.185E-05
    1981.0   7/2 -  841.3   5/2    0.0000    0.00    0.0024    1.32    0.000    0.000   1139.7  0.138E-20  0.617E-01


    1981.0   7/2 - 1003.4   5/2    0.0000    0.00    0.0000    0.00    0.000    0.000    977.5  0.217E-21  0.128E-03
    1981.0   7/2 - 1151.8   7/2    0.0000    0.00    0.0039    2.18    0.000    0.000    829.2  0.121E-25  0.391E-01
    1981.0   7/2 - 1291.1   7/2    0.0000    0.00    0.0005    0.29    0.000   -0.000    689.9  0.480E-25  0.302E-02
    1981.0   7/2 - 1981.0   7/2    1.5504            1.6292
    2233.4   9/2 -  715.7   5/2   10.1455 1394.75    0.0000    0.00    1.000    0.000   1517.7  0.997E+03  0.000E+00


    2233.4   9/2 -  841.3   5/2    0.0000    0.00    0.0000    0.00    1.000    0.000   1392.1  0.127E-18  0.000E+00
    2233.4   9/2 - 1003.4   5/2    0.0000    0.00    0.0000    0.00    1.000    0.000   1230.0  0.157E-20  0.000E+00
    2233.4   9/2 - 1151.8   7/2    0.0000    0.00    0.0853   47.66    0.000   -0.000   1081.7  0.325E-22  0.190E+01
    2233.4   9/2 - 1291.1   7/2    4.3440  597.19    0.3435  191.86    0.886   -2.790    942.4  0.394E+02  0.506E+01
    2233.4   9/2 - 1981.0   7/2    0.0000    0.00    0.0114    6.35    0.000   -0.000    252.5  0.407E-28  0.322E-02


    2233.4   9/2 - 2233.4   9/2   -1.9777            0.8825
    2319.9   9/2 -  715.7   5/2    0.0000    0.00    0.0000    0.00    1.000    0.000   1604.2  0.165E-17  0.000E+00
    2319.9   9/2 -  841.3   5/2   13.6132 1871.47    0.0000    0.00    1.000    0.000   1478.6  0.117E+04  0.000E+00
    2319.9   9/2 - 1003.4   5/2    0.6188   85.07    0.0000    0.00    1.000    0.000   1316.5  0.299E+02  0.000E+00
    2319.9   9/2 - 1151.8   7/2    0.8748  120.27    0.0937   52.31    0.898    2.973   1168.2  0.232E+02  0.263E+01


    2319.9   9/2 - 1291.1   7/2    0.0000    0.00    0.0776   43.32    0.000   -0.000   1028.9  0.291E-19  0.149E+01
    2319.9   9/2 - 1981.0   7/2    0.0000    0.00    0.0011    0.63    0.000   -0.000    339.0  0.140E-24  0.767E-03
    2319.9   9/2 - 2233.4   9/2    0.0000    0.00    0.0199   11.11    0.000    0.000     86.5  0.201E-25  0.227E-03
    2319.9   9/2 - 2319.9   9/2   -3.9462            1.4483
    2857.4   9/2 -  715.7   5/2    0.0000    0.00    0.0000    0.00    1.000    0.000   2141.7  0.661E-21  0.000E+00


    2857.4   9/2 -  841.3   5/2    0.0000    0.00    0.0000    0.00    1.000    0.000   2016.1  0.426E-21  0.000E+00
    2857.4   9/2 - 1003.4   5/2    0.0000    0.00    0.0000    0.00    1.000    0.000   1853.9  0.653E-21  0.000E+00
    2857.4   9/2 - 1151.8   7/2    0.0000    0.00    0.0002    0.09    0.000   -0.000   1705.6  0.460E-21  0.140E-01
    2857.4   9/2 - 1291.1   7/2    0.0000    0.00    0.0042    2.34    0.000    0.000   1566.3  0.662E-23  0.284E+00
    2857.4   9/2 - 1981.0   7/2    6.9606  956.90    0.0157    8.79    0.996   15.349    876.4  0.439E+02  0.186E+00


    2857.4   9/2 - 2233.4   9/2    0.0000    0.00    0.0017    0.93    0.000    0.000    623.9  0.420E-24  0.710E-02
    2857.4   9/2 - 2319.9   9/2    0.0000    0.00    0.0015    0.81    0.000   -0.000    537.4  0.242E-24  0.399E-02
    2857.4   9/2 - 2857.4   9/2    2.1957            2.0456
    2857.4   9/2 - 2771.6  11/2    0.0000    0.00    0.0002    0.11    0.000    0.000     85.7  0.894E-28  0.214E-05
    2771.6  11/2 - 1151.8   7/2   15.3382 2108.61    0.0000    0.00    1.000    0.000   1619.9  0.209E+04  0.000E+00


    2771.6  11/2 - 1291.1   7/2    0.0000    0.00    0.0000    0.00    1.000    0.000   1480.5  0.156E-21  0.000E+00
    2771.6  11/2 - 1981.0   7/2    0.0000    0.00    0.0000    0.00    1.000    0.000    790.6  0.260E-23  0.000E+00
    2771.6  11/2 - 2233.4   9/2    0.0000    0.00    0.0143    7.99    0.000    0.000    538.2  0.760E-23  0.392E-01
    2771.6  11/2 - 2319.9   9/2    0.2659   36.55    0.0273   15.22    0.580    1.175    451.7  0.610E-01  0.442E-01
    2771.6  11/2 - 2771.6  11/2   -4.2646            2.5880


    2991.2  11/2 - 1151.8   7/2    0.0000    0.00    0.0000    0.00    1.000    0.000   1839.4  0.183E-18  0.000E+00
    2991.2  11/2 - 1291.1   7/2   13.3410 1834.05    0.0000    0.00    1.000    0.000   1700.1  0.231E+04  0.000E+00
    2991.2  11/2 - 1981.0   7/2    0.0000    0.00    0.0000    0.00    1.000    0.000   1010.2  0.193E-24  0.000E+00
    2991.2  11/2 - 2233.4   9/2    3.4505  474.36    0.1198   66.92    0.920   -3.385    757.7  0.105E+02  0.917E+00
    2991.2  11/2 - 2319.9   9/2    0.0000    0.00    0.0079    4.40    0.000   -0.000    671.2  0.209E-20  0.419E-01


    2991.2  11/2 - 2857.4   9/2    0.0000    0.00    0.0001    0.05    0.000   -0.000    133.8  0.210E-28  0.410E-05
    2991.2  11/2 - 2771.6  11/2    0.0000    0.00    0.0003    0.16    0.000    0.000    219.5  0.141E-23  0.541E-04
    2991.2  11/2 - 2991.2  11/2   -3.0466            2.2185

 TIME=  0.0 SEC
