 PARITY=-   EPS= 0.467   GAMMA= 30.0   EPS4=0.000   EPS6=0.000   LEVELS:  32  33  34  35  36
0   Z= 82   A=207   IQ=0   GSFAC= 0.75   GR=  0.40   MIN SPIN=  1/2   MAX SPIN= 13/2   KMAX= 13/2

 MACR QUADR MOMENTS:  Q0=1672.900  Q2=-365.377 FM**2


   B(E2) AND Q(E2) IN E2B2 AND EB,   B(M1) AND M(M1) INNM2 AND NM,   T(E2) AND T(M1) IN 1/PS

       E1     II      EF     IF     B(E2)             B(M1)              GD        D       EREL    T(E2)      T(M1)
                                             WU               MWU

       0.0   1/2 -    0.0   1/2    0.0000           -0.6077
     893.3   1/2 -    0.0   1/2    0.0000    0.00    0.0161    8.98    0.000    0.000    893.3  0.000E+00  0.202E+00
     893.3   1/2 -  893.3   1/2    0.0000            0.5450
     893.3   1/2 -  216.1   3/2    0.0580    7.98    0.0119    6.64    0.608    1.246    677.2  0.101E+00  0.650E-01
     893.3   1/2 -  847.3   3/2    0.1932   26.56    0.0000    0.01    0.919   -3.369     45.9  0.483E-06  0.425E-07


    2386.8   1/2 -    0.0   1/2    0.0000    0.00    0.0000    0.00    0.000    0.000   2386.8  0.000E+00  0.785E-20
    2386.8   1/2 -  893.3   1/2    0.0000    0.00    0.0000    0.00    0.000    0.000   1493.5  0.000E+00  0.232E-19
    2386.8   1/2 - 2386.8   1/2    0.0000            0.5413
    2386.8   1/2 -  216.1   3/2    0.0000    0.00    0.0000    0.00    0.999   26.590   2170.8  0.798E-15  0.113E-17
    2386.8   1/2 -  847.3   3/2    0.0000    0.00    0.0000    0.00    0.997   17.608   1539.5  0.359E-15  0.116E-17


    2386.8   1/2 -  938.2   5/2    0.0000    0.00    0.0000    0.00    1.000    0.000   1448.6  0.385E-12  0.000E+00
    2386.8   1/2 - 1314.8   5/2    0.0000    0.00    0.0000    0.00    1.000    0.000   1072.0  0.189E-11  0.000E+00
    2386.8   1/2 - 1662.7   5/2    0.0000    0.00    0.0000    0.00    1.000    0.000    724.1  0.229E-14  0.000E+00
    2386.8   1/2 - 2059.8   5/2    0.0000    0.00    0.0000    0.00    1.000    0.000    327.0  0.244E-14  0.000E+00
    2386.8   1/2 - 2184.9   5/2    0.0000    0.00    0.0000    0.00    1.000    0.000    201.9  0.387E-15  0.000E+00


     216.1   3/2 -    0.0   1/2    4.2832  588.83    0.0018    1.00    0.987   -8.787    216.1  0.246E-01  0.319E-03
     216.1   3/2 -  216.1   3/2    1.5655            1.0572
     847.3   3/2 -    0.0   1/2    1.7174  236.10    0.0054    3.00    0.994  -12.604    847.3  0.915E+01  0.576E-01
     847.3   3/2 -  216.1   3/2    4.8500  666.75    0.0089    4.99    0.993   12.242    631.3  0.593E+01  0.396E-01
     847.3   3/2 -  847.3   3/2   -1.5375            1.0774


     938.2   5/2 -    0.0   1/2    5.1234  704.34    0.0000    0.00    1.000    0.000    938.2  0.454E+02  0.000E+00
     938.2   5/2 -  893.3   1/2    0.0477    6.56    0.0000    0.00    1.000    0.000     44.9  0.106E-06  0.000E+00
     938.2   5/2 -  216.1   3/2    0.4562   62.71    0.2196  122.63    0.429    0.867    722.1  0.109E+01  0.146E+01
     938.2   5/2 -  847.3   3/2    4.2227  580.52    0.0323   18.03    0.428   -0.865     90.8  0.319E-03  0.426E-03
     938.2   5/2 -  938.2   5/2   -1.5531            0.4063


    1314.8   5/2 -    0.0   1/2    0.9344  128.46    0.0000    0.00    1.000    0.000   1314.8  0.448E+02  0.000E+00
    1314.8   5/2 -  893.3   1/2    0.1105   15.19    0.0000    0.00    1.000    0.000    421.5  0.179E-01  0.000E+00
    1314.8   5/2 -  216.1   3/2    3.4642  476.24    0.0000    0.00    1.000    0.000   1098.7  0.677E+02  0.352E-04
    1314.8   5/2 -  847.3   3/2    2.4453  336.17    0.0818   45.67    0.819    2.128    467.5  0.666E+00  0.147E+00
    1314.8   5/2 -  938.2   5/2    0.7640  105.04    0.0566   31.59    0.570    1.153    376.6  0.706E-01  0.532E-01


    1314.8   5/2 - 1314.8   5/2   -2.8291            1.1708
    1314.8   5/2 - 1209.4   7/2    6.0134  826.69    0.0145    8.11    0.761    1.785    105.4  0.952E-03  0.299E-03
    1662.7   5/2 -    0.0   1/2    0.0031    0.43    0.0000    0.00    1.000    0.000   1662.7  0.484E+00  0.000E+00
    1662.7   5/2 -  893.3   1/2    2.9789  409.52    0.0000    0.00    1.000    0.000    769.4  0.980E+01  0.000E+00
    1662.7   5/2 -  216.1   3/2    0.2233   30.70    0.0002    0.09    0.999  -43.961   1446.6  0.173E+02  0.893E-02


    1662.7   5/2 -  847.3   3/2    0.0228    3.13    0.0200   11.18    0.344    0.724    815.4  0.100E+00  0.191E+00
    1662.7   5/2 -  938.2   5/2    0.2637   36.25    0.0058    3.25    0.943    4.060    724.5  0.642E+00  0.390E-01
    1662.7   5/2 - 1314.8   5/2    0.7088   97.45    0.0029    1.65    0.953    4.492    347.9  0.441E-01  0.219E-02
    1662.7   5/2 - 1662.7   5/2    3.8283            1.4827
    1662.7   5/2 - 1209.4   7/2    0.0081    1.12    0.0051    2.86    0.184    0.476    453.3  0.190E-02  0.838E-02


    2059.8   5/2 -    0.0   1/2    0.0265    3.64    0.0000    0.00    1.000    0.000   2059.8  0.120E+02  0.000E+00
    2059.8   5/2 -  893.3   1/2    1.9417  266.94    0.0000    0.00    1.000    0.000   1166.6  0.512E+02  0.000E+00
    2059.8   5/2 -  216.1   3/2    0.0950   13.06    0.0130    7.24    0.945    4.157   1843.8  0.247E+02  0.143E+01
    2059.8   5/2 -  847.3   3/2    0.8083  111.12    0.0281   15.67    0.967   -5.419   1212.5  0.258E+02  0.880E+00
    2059.8   5/2 -  938.2   5/2    1.0381  142.71    0.0201   11.22    0.978   -6.714   1121.7  0.225E+02  0.499E+00


    2059.8   5/2 - 1314.8   5/2    0.7409  101.86    0.0292   16.31    0.907    3.125    745.1  0.208E+01  0.213E+00
    2059.8   5/2 - 1662.7   5/2    1.6696  229.52    0.0002    0.13    0.999  -27.710    397.1  0.201E+00  0.262E-03
    2059.8   5/2 - 2059.8   5/2    0.4667            0.8286
    2059.8   5/2 - 1209.4   7/2    0.4018   55.23    0.0006    0.33    0.997  -18.325    850.4  0.218E+01  0.649E-02
    2184.9   5/2 -    0.0   1/2    0.0097    1.33    0.0000    0.00    1.000    0.000   2184.9  0.590E+01  0.000E+00


    2184.9   5/2 -  893.3   1/2    0.5244   72.09    0.0000    0.00    1.000    0.000   1291.6  0.230E+02  0.000E+00
    2184.9   5/2 -  216.1   3/2    0.0556    7.64    0.0240   13.42    0.861    2.493   1968.8  0.201E+02  0.323E+01
    2184.9   5/2 -  847.3   3/2    0.3514   48.31    0.0847   47.31    0.837   -2.268   1337.6  0.184E+02  0.357E+01
    2184.9   5/2 -  938.2   5/2    1.5060  207.04    0.0073    4.08    0.996  -14.905   1246.7  0.553E+02  0.249E+00
    2184.9   5/2 - 1314.8   5/2    0.1194   16.42    0.0326   18.18    0.658    1.387    870.1  0.727E+00  0.377E+00


    2184.9   5/2 - 1662.7   5/2    1.4298  196.56    0.0466   26.05    0.853    2.407    522.2  0.677E+00  0.117E+00
    2184.9   5/2 - 2059.8   5/2    2.1236  291.94    0.0475   26.50    0.327   -0.696    125.0  0.792E-03  0.163E-02
    2184.9   5/2 - 2184.9   5/2    3.0565            0.6986
    2184.9   5/2 - 1209.4   7/2    0.0971   13.35    0.0056    3.15    0.919    3.371    975.5  0.105E+01  0.921E-01
    2184.9   5/2 - 2151.9   7/2    1.3908  191.20    0.0001    0.04    0.940   -3.966     33.0  0.661E-06  0.420E-07


    1209.4   7/2 -  216.1   3/2    6.6780  918.05    0.0000    0.00    1.000    0.000    993.4  0.788E+02  0.000E+00
    1209.4   7/2 -  847.3   3/2    0.3301   45.39    0.0000    0.00    1.000    0.000    362.1  0.251E-01  0.000E+00
    1209.4   7/2 -  938.2   5/2    0.0002    0.03    0.0121    6.75    0.001   -0.031    271.3  0.419E-05  0.425E-02
    1209.4   7/2 - 1209.4   7/2   -1.7491            1.8250
    2151.9   7/2 -  216.1   3/2    0.0822   11.30    0.0000    0.00    1.000    0.000   1935.9  0.273E+02  0.000E+00


    2151.9   7/2 -  847.3   3/2    0.1260   17.32    0.0000    0.00    1.000    0.000   1304.6  0.581E+01  0.000E+00
    2151.9   7/2 -  938.2   5/2    0.0087    1.19    0.0015    0.82    0.859    2.464   1213.7  0.279E+00  0.459E-01
    2151.9   7/2 - 1314.8   5/2    0.0199    2.73    0.0000    0.01    0.998   20.791    837.1  0.997E-01  0.231E-03
    2151.9   7/2 - 1662.7   5/2    3.8943  535.37    0.0442   24.69    0.936    3.823    489.2  0.133E+01  0.911E-01
    2151.9   7/2 - 2059.8   5/2    0.6153   84.59    0.0137    7.67    0.208   -0.513     92.1  0.497E-04  0.189E-03


    2151.9   7/2 - 1209.4   7/2    0.0132    1.82    0.0127    7.08    0.391   -0.801    942.5  0.120E+00  0.187E+00
    2151.9   7/2 - 2151.9   7/2   -0.8563            1.6717
    2527.1   7/2 -  216.1   3/2    0.0000    0.00    0.0000    0.00    1.000    0.000   2311.0  0.365E-16  0.000E+00
    2527.1   7/2 -  847.3   3/2    0.0000    0.00    0.0000    0.00    1.000    0.000   1679.7  0.753E-16  0.000E+00
    2527.1   7/2 -  938.2   5/2    0.0000    0.00    0.0000    0.00    0.296   -0.649   1588.9  0.161E-13  0.382E-13


    2527.1   7/2 - 1314.8   5/2    0.0000    0.00    0.0000    0.00    0.198   -0.498   1212.3  0.896E-13  0.362E-12
    2527.1   7/2 - 1662.7   5/2    0.0000    0.00    0.0000    0.00    0.102   -0.338    864.4  0.125E-15  0.110E-14
    2527.1   7/2 - 2059.8   5/2    0.0000    0.00    0.0000    0.00    0.037   -0.197    467.2  0.369E-15  0.947E-14
    2527.1   7/2 - 2184.9   5/2    0.0000    0.00    0.0000    0.00    0.021   -0.146    342.2  0.138E-15  0.649E-14
    2527.1   7/2 - 1209.4   7/2    0.0000    0.00    0.0000    0.00    0.964    5.146   1317.6  0.128E-17  0.484E-19


    2527.1   7/2 - 2151.9   7/2    0.0000    0.00    0.0000    0.00    0.182    0.472    375.2  0.398E-20  0.179E-19
    2527.1   7/2 - 2527.1   7/2   -5.8821           -0.0312
    2527.1   7/2 - 2333.1   9/2    0.0000    0.00    0.0000    0.00    0.906    3.109    193.9  0.330E-21  0.341E-22
    2710.0   7/2 -  216.1   3/2    0.0006    0.08    0.0000    0.00    1.000    0.000   2493.9  0.670E+00  0.000E+00
    2710.0   7/2 -  847.3   3/2    2.5864  355.57    0.0000    0.00    1.000    0.000   1862.7  0.708E+03  0.000E+00


    2710.0   7/2 -  938.2   5/2    0.5326   73.22    0.0140    7.82    0.988    9.099   1771.8  0.113E+03  0.137E+01
    2710.0   7/2 - 1314.8   5/2    0.7390  101.59    0.1663   92.90    0.857    2.448   1395.2  0.477E+02  0.795E+01
    2710.0   7/2 - 1662.7   5/2    0.2682   36.86    0.0000    0.01    1.000   98.873   1047.3  0.412E+01  0.422E-03
    2710.0   7/2 - 2059.8   5/2    2.1915  301.28    0.0136    7.58    0.979   -6.876    650.1  0.311E+01  0.657E-01
    2710.0   7/2 - 2184.9   5/2    3.5943  494.12    0.0421   23.49    0.942   -4.041    525.1  0.175E+01  0.107E+00


    2710.0   7/2 - 1209.4   7/2    0.0103    1.42    0.0076    4.26    0.679    1.456   1500.6  0.960E+00  0.453E+00
    2710.0   7/2 - 2151.9   7/2    0.0016    0.22    0.0015    0.85    0.185   -0.477    558.1  0.105E-02  0.464E-02
    2710.0   7/2 - 2527.1   7/2    0.0000    0.00    0.0000    0.00    0.019   -0.140    182.9  0.127E-22  0.644E-21
    2710.0   7/2 - 2710.0   7/2   -0.6025            0.8182
    2710.0   7/2 - 2333.1   9/2    4.8484  666.53    0.0198   11.06    0.960   -4.910    376.9  0.450E+00  0.186E-01


    2710.0   7/2 - 2672.9  11/2    0.0747   10.27    0.0000    0.00    1.000    0.000     37.0  0.635E-07  0.000E+00
    2936.7   7/2 -  216.1   3/2    0.0017    0.24    0.0000    0.00    1.000    0.000   2720.6  0.314E+01  0.000E+00
    2936.7   7/2 -  847.3   3/2    0.8449  116.15    0.0000    0.00    1.000    0.000   2089.4  0.410E+03  0.000E+00
    2936.7   7/2 -  938.2   5/2    0.0521    7.16    0.0035    1.95    0.976    6.432   1998.5  0.203E+02  0.490E+00
    2936.7   7/2 - 1314.8   5/2    0.6369   87.55    0.0040    2.26    0.997   16.949   1621.9  0.872E+02  0.304E+00


    2936.7   7/2 - 1662.7   5/2    0.3311   45.52    0.0046    2.58    0.988    8.973   1274.0  0.136E+02  0.168E+00
    2936.7   7/2 - 2059.8   5/2    0.5304   72.92    0.0006    0.34    0.998   21.456    876.9  0.335E+01  0.729E-02
    2936.7   7/2 - 2184.9   5/2    0.1742   23.95    0.0160    8.96    0.810   -2.062    751.8  0.510E+00  0.120E+00
    2936.7   7/2 - 1209.4   7/2    1.9056  261.97    0.0051    2.87    0.999   27.705   1727.3  0.357E+03  0.466E+00
    2936.7   7/2 - 2151.9   7/2    0.0006    0.09    0.0000    0.02    0.898   -2.974    784.8  0.228E-02  0.258E-03


    2936.7   7/2 - 2527.1   7/2    0.0000    0.00    0.0000    0.00    0.960   -4.880    409.6  0.121E-19  0.507E-21
    2936.7   7/2 - 2710.0   7/2    0.0763   10.48    0.0421   23.49    0.061    0.254    226.7  0.557E-03  0.863E-02
    2936.7   7/2 - 2936.7   7/2    5.4361            1.9859
    2936.7   7/2 - 2333.1   9/2    0.1230   16.91    0.0004    0.24    0.986   -8.533    603.6  0.120E+00  0.165E-02
    2936.7   7/2 - 2672.9  11/2    0.0051    0.71    0.0000    0.00    1.000    0.000    263.8  0.802E-04  0.000E+00


    2333.1   9/2 -  938.2   5/2    8.5865 1180.42    0.0000    0.00    1.000    0.000   1395.0  0.553E+03  0.000E+00
    2333.1   9/2 - 1314.8   5/2    0.0383    5.27    0.0000    0.00    1.000    0.000   1018.3  0.512E+00  0.000E+00
    2333.1   9/2 - 1662.7   5/2    0.0483    6.64    0.0000    0.00    1.000    0.000    670.4  0.798E-01  0.000E+00
    2333.1   9/2 - 2059.8   5/2    0.0240    3.30    0.0000    0.00    1.000    0.000    273.3  0.446E-03  0.000E+00
    2333.1   9/2 - 2184.9   5/2    0.0083    1.14    0.0000    0.00    1.000    0.000    148.2  0.721E-05  0.000E+00


    2333.1   9/2 - 1209.4   7/2    0.1813   24.92    0.2776  155.03    0.364    0.756   1123.7  0.396E+01  0.693E+01
    2333.1   9/2 - 2151.9   7/2    0.0118    1.62    0.0052    2.90    0.049    0.227    181.2  0.280E-04  0.543E-03
    2333.1   9/2 - 2333.1   9/2   -2.1519            1.1468
    2672.9  11/2 - 1209.4   7/2    9.4293 1296.29    0.0000    0.00    1.000    0.000   1463.5  0.772E+03  0.000E+00
    2672.9  11/2 - 2151.9   7/2    0.0529    7.28    0.0000    0.00    1.000    0.000    521.0  0.248E-01  0.000E+00


    2672.9  11/2 - 2527.1   7/2    0.0000    0.00    0.0000    0.00    1.000    0.000    145.9  0.123E-23  0.000E+00
    2672.9  11/2 - 2333.1   9/2    0.0037    0.51    0.0134    7.46    0.022    0.149    339.8  0.204E-03  0.922E-02
    2672.9  11/2 - 2672.9  11/2   -2.2990            2.6122

 TIME=  0.0 SEC
