 PARITY=-   EPS= 0.190   GAMMA= 38.9   EPS4=0.000   EPS6=0.000   LEVELS:  31  32  33  34  35
0   Z= 82   A=207   IQ=1   GSFAC= 0.75   GR=  0.40   MIN SPIN=  1/2   MAX SPIN= 13/2   KMAX= 13/2

 MICR QUADR MOMENTS:  Q0= 661.539  Q2=-359.550 FM**2


   B(E2) AND Q(E2) IN E2B2 AND EB,   B(M1) AND M(M1) INNM2 AND NM,   T(E2) AND T(M1) IN 1/PS

       E1     II      EF     IF     B(E2)             B(M1)              GD        D       EREL    T(E2)      T(M1)
                                             WU               MWU

      81.8   1/2 -   81.8   1/2    0.0000            0.5543
      81.8   1/2 -    0.0   3/2    0.0084    1.16    0.1523   85.08    0.000    0.016     81.8  0.377E-06  0.147E-02
     154.7   1/2 -   81.8   1/2    0.0000    0.00    0.0004    0.24    0.000    0.000     72.9  0.000E+00  0.298E-05
     154.7   1/2 -  154.7   1/2    0.0000            0.5873
     154.7   1/2 -    0.0   3/2    0.0000    0.00    0.0094    5.25    0.000   -0.000    154.7  0.676E-27  0.613E-03


     411.9   1/2 -   81.8   1/2    0.0000    0.00    0.0033    1.82    0.000    0.000    330.1  0.000E+00  0.206E-02
     411.9   1/2 -  154.7   1/2    0.0000    0.00    0.0263   14.68    0.000    0.000    257.2  0.000E+00  0.787E-02
     411.9   1/2 -  411.9   1/2    0.0000            0.5031
     411.9   1/2 -    0.0   3/2    0.0000    0.00    0.0073    4.06    0.000   -0.000    411.9  0.421E-27  0.894E-02
     411.9   1/2 -  239.3   3/2    0.0000    0.00    0.0412   23.03    0.000    0.000    172.6  0.240E-26  0.373E-02


     411.9   1/2 -  332.4   3/2    0.0000    0.00    0.0008    0.43    0.000    0.000     79.5  0.261E-28  0.681E-05
     411.9   1/2 -  305.1   5/2    0.0000    0.00    0.0000    0.00    1.000    0.000    106.8  0.823E-28  0.000E+00
       0.0   3/2 -    0.0   3/2   -0.4688            0.6600
     239.3   3/2 -   81.8   1/2    0.0000    0.00    0.0064    3.57    0.000   -0.000    157.5  0.648E-16  0.440E-03
     239.3   3/2 -  154.7   1/2    0.9386  129.03    0.0617   34.45    0.070    0.275     84.6  0.497E-04  0.658E-03


     239.3   3/2 -    0.0   3/2    0.0000    0.00    0.0168    9.37    0.000    0.000    239.3  0.350E-25  0.405E-02
     239.3   3/2 -  239.3   3/2   -1.2113            0.7625
     332.4   3/2 -   81.8   1/2    1.3808  189.82    0.0991   55.34    0.378   -0.779    250.6  0.166E-01  0.274E-01
     332.4   3/2 -  154.7   1/2    0.0000    0.00    0.0184   10.27    0.000   -0.000    177.7  0.526E-24  0.182E-02
     332.4   3/2 -    0.0   3/2    1.2757  175.38    0.1091   60.95    0.472    0.946    332.4  0.631E-01  0.705E-01


     332.4   3/2 -  239.3   3/2    0.0000    0.00    0.0008    0.44    0.000   -0.000     93.1  0.919E-27  0.113E-04
     332.4   3/2 -  332.4   3/2    0.4688            0.1010
     332.4   3/2 -  305.1   5/2    0.0002    0.03    0.0116    6.47    0.000    0.003     27.2  0.372E-10  0.412E-05
     305.1   5/2 -   81.8   1/2    0.5536   76.11    0.0000    0.00    1.000    0.000    223.4  0.375E-02  0.000E+00
     305.1   5/2 -  154.7   1/2    0.0000    0.00    0.0000    0.00    1.000    0.000    150.5  0.599E-25  0.000E+00


     305.1   5/2 -    0.0   3/2    2.1758  299.12    0.0173    9.65    0.890    2.851    305.1  0.702E-01  0.864E-02
     305.1   5/2 -  239.3   3/2    0.0000    0.00    0.0054    3.03    0.000    0.000     65.8  0.243E-28  0.272E-04
     305.1   5/2 -  305.1   5/2    0.2809            1.4193
     875.9   5/2 -   81.8   1/2    0.0000    0.00    0.0000    0.00    1.000    0.000    794.2  0.122E-12  0.000E+00
     875.9   5/2 -  154.7   1/2    0.5424   74.57    0.0000    0.00    1.000    0.000    721.3  0.129E+01  0.000E+00


     875.9   5/2 -  411.9   1/2    0.0000    0.00    0.0000    0.00    1.000    0.000    464.0  0.125E-24  0.000E+00
     875.9   5/2 -    0.0   3/2    0.0000    0.00    0.0036    2.03    0.000    0.000    875.9  0.350E-25  0.431E-01
     875.9   5/2 -  239.3   3/2    0.4927   67.73    0.0003    0.18    0.998  -20.984    636.6  0.629E+00  0.143E-02
     875.9   5/2 -  332.4   3/2    0.0000    0.00    0.0000    0.01    0.000   -0.000    543.6  0.290E-23  0.418E-04
     875.9   5/2 -  305.1   5/2    0.0000    0.00    0.0001    0.06    0.000    0.000    570.8  0.650E-27  0.360E-03


     875.9   5/2 -  875.9   5/2    2.3649            1.6551
    1191.0   5/2 -   81.8   1/2    0.0000    0.00    0.0000    0.00    1.000    0.000   1109.2  0.366E-14  0.000E+00
    1191.0   5/2 -  154.7   1/2    0.0000    0.00    0.0000    0.00    1.000    0.000   1036.3  0.112E-15  0.000E+00
    1191.0   5/2 -  411.9   1/2    1.2879  177.06    0.0000    0.00    1.000    0.000    779.1  0.451E+01  0.000E+00
    1191.0   5/2 -    0.0   3/2    0.0000    0.00    0.0009    0.52    0.000    0.000   1191.0  0.127E-25  0.275E-01


    1191.0   5/2 -  239.3   3/2    0.0000    0.00    0.0366   20.42    0.000    0.000    951.7  0.511E-16  0.555E+00
    1191.0   5/2 -  332.4   3/2    0.0000    0.00    0.0005    0.30    0.000    0.000    858.6  0.835E-25  0.607E-02
    1191.0   5/2 -  305.1   5/2    0.0000    0.00    0.0059    3.31    0.000   -0.000    885.9  0.562E-25  0.724E-01
    1191.0   5/2 -  875.9   5/2    0.0000    0.00    0.0363   20.27    0.000    0.000    315.0  0.389E-19  0.200E-01
    1191.0   5/2 - 1191.0   5/2    1.8916            1.2611


    1195.5   7/2 -    0.0   3/2    0.0000    0.00    0.0000    0.00    1.000    0.000   1195.5  0.562E-23  0.000E+00
    1195.5   7/2 -  239.3   3/2    1.3625  187.31    0.0000    0.00    1.000    0.000    956.2  0.133E+02  0.000E+00
    1195.5   7/2 -  332.4   3/2    0.0000    0.00    0.0000    0.00    1.000    0.000    863.1  0.791E-22  0.000E+00
    1195.5   7/2 -  305.1   5/2    0.0000    0.00    0.0146    8.18    0.000    0.000    890.4  0.215E-24  0.182E+00
    1195.5   7/2 -  875.9   5/2    1.1565  158.99    0.0242   13.53    0.772    1.838    319.6  0.470E-01  0.139E-01


    1195.5   7/2 - 1191.0   5/2    0.0000    0.00    0.0052    2.88    0.000   -0.000      4.5  0.512E-28  0.840E-08
    1195.5   7/2 - 1195.5   7/2    0.9495            1.7739
    1495.4   7/2 -    0.0   3/2    0.8179  112.44    0.0000    0.00    1.000    0.000   1495.4  0.746E+02  0.000E+00
    1495.4   7/2 -  239.3   3/2    0.0000    0.00    0.0000    0.00    1.000    0.000   1256.1  0.335E-22  0.000E+00
    1495.4   7/2 -  332.4   3/2    0.0036    0.50    0.0000    0.00    1.000    0.000   1163.0  0.939E-01  0.000E+00


    1495.4   7/2 -  305.1   5/2    0.3720   51.14    0.0353   19.73    0.912    3.215   1190.2  0.108E+02  0.105E+01
    1495.4   7/2 -  875.9   5/2    0.0000    0.00    0.0147    8.21    0.000    0.000    619.4  0.465E-25  0.615E-01
    1495.4   7/2 - 1191.0   5/2    0.0000    0.00    0.0025    1.39    0.000    0.000    304.4  0.350E-27  0.123E-02
    1495.4   7/2 - 1195.5   7/2    0.0000    0.00    0.0062    3.44    0.000   -0.000    299.9  0.524E-26  0.293E-02
    1495.4   7/2 - 1495.4   7/2    2.5125            1.7635


    1651.3   7/2 -    0.0   3/2    0.0009    0.12    0.0000    0.00    1.000    0.000   1651.3  0.135E+00  0.000E+00
    1651.3   7/2 -  239.3   3/2    0.0000    0.00    0.0000    0.00    1.000    0.000   1412.0  0.977E-22  0.000E+00
    1651.3   7/2 -  332.4   3/2    1.7142  235.66    0.0000    0.00    1.000    0.000   1319.0  0.835E+02  0.000E+00
    1651.3   7/2 -  305.1   5/2    0.1486   20.42    0.1493   83.39    0.556    1.118   1346.2  0.801E+01  0.641E+01
    1651.3   7/2 -  875.9   5/2    0.0000    0.00    0.0063    3.53    0.000    0.000    775.4  0.721E-24  0.518E-01


    1651.3   7/2 - 1191.0   5/2    0.0000    0.00    0.0004    0.21    0.000    0.000    460.4  0.129E-25  0.657E-03
    1651.3   7/2 - 1195.5   7/2    0.0000    0.00    0.0027    1.48    0.000   -0.000    455.8  0.221E-25  0.443E-02
    1651.3   7/2 - 1495.4   7/2    0.1803   24.79    0.0592   33.06    0.049    0.227    156.0  0.203E-03  0.395E-02
    1651.3   7/2 - 1651.3   7/2    1.3166            0.6942
    1651.3   7/2 - 1649.7   9/2    0.0000    0.00    0.0010    0.55    0.000    0.000      1.6  0.110E-17  0.773E-10


    1649.7   9/2 -  305.1   5/2    1.8236  250.70    0.0000    0.00    1.000    0.000   1344.6  0.978E+02  0.000E+00
    1649.7   9/2 -  875.9   5/2    0.0000    0.00    0.0000    0.00    1.000    0.000    773.8  0.143E-25  0.000E+00
    1649.7   9/2 - 1191.0   5/2    0.0000    0.00    0.0000    0.00    1.000    0.000    458.7  0.850E-26  0.000E+00
    1649.7   9/2 - 1195.5   7/2    0.0000    0.00    0.0062    3.48    0.000    0.000    454.2  0.203E-25  0.103E-01
    1649.7   9/2 - 1495.4   7/2    0.9766  134.26    0.0078    4.34    0.675    1.441    154.3  0.104E-02  0.502E-03


    1649.7   9/2 - 1649.7   9/2    1.1840            2.4172
    2716.4   9/2 -  305.1   5/2    0.0000    0.00    0.0000    0.00    1.000    0.000   2411.3  0.319E-24  0.000E+00
    2716.4   9/2 -  875.9   5/2    0.0000    0.00    0.0000    0.00    1.000    0.000   1840.5  0.476E-24  0.000E+00
    2716.4   9/2 - 1191.0   5/2    1.9041  261.77    0.0000    0.00    1.000    0.000   1525.4  0.192E+03  0.000E+00
    2716.4   9/2 - 1195.5   7/2    0.0000    0.00    0.0704   39.31    0.000    0.000   1520.9  0.242E-27  0.436E+01


    2716.4   9/2 - 1495.4   7/2    0.0000    0.00    0.0007    0.41    0.000    0.000   1221.1  0.367E-27  0.238E-01
    2716.4   9/2 - 1651.3   7/2    0.0000    0.00    0.0002    0.13    0.000    0.000   1065.1  0.496E-26  0.507E-02
    2716.4   9/2 - 1649.7   9/2    0.0000    0.00    0.0073    4.05    0.000    0.000   1066.7  0.138E-26  0.155E+00
    2716.4   9/2 - 2716.4   9/2    1.6401            1.8946
    2716.4   9/2 - 1741.4  11/2    0.0000    0.00    0.0000    0.00    0.846    2.345    975.0  0.406E-19  0.738E-20


    2716.4   9/2 - 2652.3  13/2    0.0000    0.00    0.0000    0.00    1.000    0.000     64.1  0.427E-33  0.000E+00
    2770.2   9/2 -  305.1   5/2    0.0000    0.00    0.0000    0.00    1.000    0.000   2465.1  0.405E-21  0.000E+00
    2770.2   9/2 -  875.9   5/2    0.8697  119.56    0.0000    0.00    1.000    0.000   1894.3  0.259E+03  0.000E+00
    2770.2   9/2 - 1191.0   5/2    0.0000    0.00    0.0000    0.00    1.000    0.000   1579.2  0.111E-14  0.000E+00
    2770.2   9/2 - 1195.5   7/2    0.0119    1.63    0.1212   67.70    0.144    0.411   1574.7  0.140E+01  0.833E+01


    2770.2   9/2 - 1495.4   7/2    0.0000    0.00    0.0007    0.38    0.000   -0.000   1274.9  0.851E-23  0.251E-01
    2770.2   9/2 - 1651.3   7/2    0.0000    0.00    0.0012    0.66    0.000   -0.000   1118.9  0.985E-25  0.291E-01
    2770.2   9/2 - 1649.7   9/2    0.0000    0.00    0.0044    2.48    0.000   -0.000   1120.5  0.186E-23  0.110E+00
    2770.2   9/2 - 2716.4   9/2    0.0000    0.00    0.0012    0.67    0.000    0.000     53.8  0.491E-25  0.330E-05
    2770.2   9/2 - 2770.2   9/2    2.3176            2.0273


    2770.2   9/2 - 1741.4  11/2    0.0000    0.00    0.0000    0.00    0.979    6.764   1028.8  0.184E-17  0.403E-19
    2770.2   9/2 - 2652.3  13/2    0.0000    0.00    0.0000    0.00    1.000    0.000    117.9  0.788E-29  0.000E+00
    1741.4  11/2 - 1195.5   7/2    0.0000    0.00    0.0000    0.00    1.000    0.000    545.9  0.954E-18  0.000E+00
    1741.4  11/2 - 1495.4   7/2    0.0000    0.00    0.0000    0.00    1.000    0.000    246.1  0.107E-21  0.000E+00
    1741.4  11/2 - 1651.3   7/2    0.0000    0.00    0.0000    0.00    1.000    0.000     90.1  0.279E-22  0.000E+00


    1741.4  11/2 - 1649.7   9/2    0.0000    0.00    0.0000    0.00    0.001    0.026     91.7  0.715E-24  0.106E-20
    1741.4  11/2 - 1741.4  11/2   -4.6926           -1.5013
    2869.9  11/2 - 1195.5   7/2    2.1339  293.36    0.0000    0.00    1.000    0.000   1674.4  0.343E+03  0.000E+00
    2869.9  11/2 - 1495.4   7/2    0.0000    0.00    0.0000    0.00    1.000    0.000   1374.5  0.506E-23  0.000E+00
    2869.9  11/2 - 1651.3   7/2    0.0000    0.00    0.0000    0.00    1.000    0.000   1218.5  0.815E-23  0.000E+00


    2869.9  11/2 - 1649.7   9/2    0.0000    0.00    0.0189   10.55    0.000    0.000   1220.2  0.899E-26  0.604E+00
    2869.9  11/2 - 2716.4   9/2    0.0000    0.00    0.0024    1.36    0.000   -0.000    153.4  0.292E-30  0.155E-03
    2869.9  11/2 - 2770.2   9/2    0.1628   22.38    0.0268   14.96    0.040    0.205     99.6  0.195E-04  0.466E-03
    2869.9  11/2 - 1741.4  11/2    0.0000    0.00    0.0000    0.00    0.096    0.325   1128.4  0.366E-17  0.346E-16
    2869.9  11/2 - 2869.9  11/2    1.3095            2.6023


    2869.9  11/2 - 2652.3  13/2    0.0000    0.00    0.0000    0.00    0.000   -0.001    217.5  0.314E-31  0.120E-24
    2652.3  13/2 - 1649.7   9/2    0.0000    0.00    0.0000    0.00    1.000    0.000   1002.6  0.188E-25  0.000E+00
    2652.3  13/2 - 1741.4  11/2    0.0000    0.00    0.0154    8.61    0.000    0.000    910.9  0.162E-20  0.205E+00
    2652.3  13/2 - 2652.3  13/2   -5.0512           -0.5328

 TIME=  0.0 SEC
