 PARITY=-   EPS= 0.286   GAMMA= 35.0   EPS4=0.000   EPS6=0.000   LEVELS:  29  30  31  32  33
0   Z= 82   A=207   IQ=1   GSFAC= 0.75   GR=  0.40   MIN SPIN=  1/2   MAX SPIN= 13/2   KMAX= 13/2

 MICR QUADR MOMENTS:  Q0=1235.707  Q2=-479.434 FM**2


   B(E2) AND Q(E2) IN E2B2 AND EB,   B(M1) AND M(M1) INNM2 AND NM,   T(E2) AND T(M1) IN 1/PS

       E1     II      EF     IF     B(E2)             B(M1)              GD        D       EREL    T(E2)      T(M1)
                                             WU               MWU

      97.4   1/2 -   97.4   1/2    0.0000            0.6023
      97.4   1/2 -    0.0   3/2    0.5220   71.77    0.2777  155.11    0.012   -0.111     97.4  0.557E-04  0.451E-02
     257.5   1/2 -   97.4   1/2    0.0000    0.00    0.0006    0.35    0.000    0.000    160.1  0.000E+00  0.448E-04
     257.5   1/2 -  257.5   1/2    0.0000            0.5094
     257.5   1/2 -    0.0   3/2    0.0000    0.00    0.0027    1.52    0.000   -0.000    257.5  0.326E-17  0.815E-03


    1995.0   1/2 -   97.4   1/2    0.0000    0.00    0.0196   10.96    0.000    0.000   1897.6  0.000E+00  0.236E+01
    1995.0   1/2 -  257.5   1/2    0.0000    0.00    0.0161    9.02    0.000    0.000   1737.5  0.000E+00  0.149E+01
    1995.0   1/2 - 1995.0   1/2    0.0000           -0.3446
    1995.0   1/2 -    0.0   3/2    0.0000    0.00    0.0489   27.29    0.000    0.000   1995.0  0.461E-17  0.683E+01
    1995.0   1/2 -  297.5   3/2    0.0000    0.00    0.0537   30.00    0.000    0.000   1697.5  0.291E-16  0.462E+01


    1995.0   1/2 -  939.9   3/2    0.0000    0.00    0.0084    4.71    0.000   -0.000   1055.1  0.377E-17  0.174E+00
    1995.0   1/2 -  312.1   5/2    0.0000    0.00    0.0000    0.00    1.000    0.000   1682.9  0.173E-16  0.000E+00
    1995.0   1/2 - 1018.0   5/2    0.0000    0.00    0.0000    0.00    1.000    0.000    977.0  0.376E-17  0.000E+00
    1995.0   1/2 - 1608.1   5/2    0.0000    0.00    0.0000    0.00    1.000    0.000    386.9  0.135E-19  0.000E+00
       0.0   3/2 -    0.0   3/2   -1.2376            0.4030


     297.5   3/2 -   97.4   1/2    3.6914  507.47    0.1402   78.29    0.422   -0.855    200.1  0.145E-01  0.198E-01
     297.5   3/2 -  257.5   1/2    0.0000    0.00    0.0004    0.25    0.000    0.000     40.0  0.210E-20  0.498E-06
     297.5   3/2 -    0.0   3/2    3.1906  438.62    0.2222  124.09    0.468    0.939    297.5  0.907E-01  0.103E+00
     297.5   3/2 -  297.5   3/2    1.2376            0.3003
     939.9   3/2 -   97.4   1/2    0.0000    0.00    0.0005    0.28    0.000    0.000    842.6  0.849E-14  0.520E-02


     939.9   3/2 -  257.5   1/2    3.6216  497.88    0.0714   39.87    0.942    4.047    682.5  0.654E+01  0.399E+00
     939.9   3/2 -    0.0   3/2    0.0000    0.00    0.0001    0.04    0.000    0.000    939.9  0.127E-26  0.100E-02
     939.9   3/2 -  297.5   3/2    0.0000    0.00    0.0023    1.29    0.000    0.000    642.4  0.172E-27  0.108E-01
     939.9   3/2 -  939.9   3/2    1.4049            0.3348
     939.9   3/2 -  312.1   5/2    0.0000    0.00    0.0007    0.41    0.000    0.000    627.8  0.151E-25  0.316E-02


     312.1   5/2 -   97.4   1/2    1.5238  209.49    0.0000    0.00    1.000    0.000    214.7  0.849E-02  0.000E+00
     312.1   5/2 -  257.5   1/2    0.0000    0.00    0.0000    0.00    1.000    0.000     54.6  0.410E-20  0.000E+00
     312.1   5/2 -    0.0   3/2    6.0078  825.91    0.0297   16.59    0.932    3.696    312.1  0.217E+00  0.159E-01
     312.1   5/2 -  297.5   3/2    0.3416   46.97    0.0175    9.77    0.003    0.054     14.6  0.278E-08  0.961E-06
     312.1   5/2 -  312.1   5/2   -0.1315            1.4183


    1018.0   5/2 -   97.4   1/2    0.0000    0.00    0.0000    0.00    1.000    0.000    920.7  0.129E-13  0.000E+00
    1018.0   5/2 -  257.5   1/2    3.5415  486.87    0.0000    0.00    1.000    0.000    760.6  0.110E+02  0.000E+00
    1018.0   5/2 -    0.0   3/2    0.0000    0.00    0.0000    0.02    0.000   -0.000   1018.0  0.632E-26  0.586E-03
    1018.0   5/2 -  297.5   3/2    0.0000    0.00    0.0000    0.00    0.000    0.000    720.5  0.499E-27  0.448E-04
    1018.0   5/2 -  939.9   3/2    0.3300   45.36    0.0299   16.68    0.045   -0.216     78.1  0.117E-04  0.250E-03


    1018.0   5/2 -  312.1   5/2    0.0000    0.00    0.0020    1.11    0.000    0.000    705.9  0.229E-25  0.123E-01
    1018.0   5/2 - 1018.0   5/2    2.2110            1.3382
    1608.1   5/2 -   97.4   1/2    1.8572  255.32    0.0000    0.00    1.000    0.000   1510.7  0.178E+03  0.000E+00
    1608.1   5/2 -  257.5   1/2    0.0000    0.00    0.0000    0.00    1.000    0.000   1350.6  0.461E-13  0.000E+00
    1608.1   5/2 -    0.0   3/2    0.3660   50.31    0.1558   87.03    0.808    2.052   1608.1  0.480E+02  0.114E+02


    1608.1   5/2 -  297.5   3/2    0.1141   15.68    0.1659   92.64    0.450   -0.905   1310.6  0.538E+01  0.657E+01
    1608.1   5/2 -  939.9   3/2    0.0000    0.00    0.0004    0.21    0.000   -0.000    668.1  0.208E-24  0.197E-02
    1608.1   5/2 -  312.1   5/2    0.0079    1.09    0.1399   78.16    0.062    0.257   1295.9  0.353E+00  0.536E+01
    1608.1   5/2 - 1018.0   5/2    0.0000    0.00    0.0001    0.05    0.000    0.000    590.0  0.423E-24  0.311E-03
    1608.1   5/2 - 1608.1   5/2    3.8836            0.3854


    1608.1   5/2 - 1454.2   7/2    3.8903  534.82    0.0752   42.02    0.459   -0.921    153.9  0.409E-02  0.483E-02
    1454.2   7/2 -    0.0   3/2    0.9640  132.53    0.0000    0.00    1.000    0.000   1454.2  0.765E+02  0.000E+00
    1454.2   7/2 -  297.5   3/2    3.2827  451.28    0.0000    0.00    1.000    0.000   1156.7  0.829E+02  0.000E+00
    1454.2   7/2 -  939.9   3/2    0.0000    0.00    0.0000    0.00    1.000    0.000    514.3  0.899E-25  0.000E+00
    1454.2   7/2 -  312.1   5/2    0.9181  126.21    0.2953  164.90    0.738    1.677   1142.1  0.218E+02  0.774E+01


    1454.2   7/2 - 1018.0   5/2    0.0000    0.00    0.0000    0.00    0.000    0.000    436.2  0.186E-28  0.269E-05
    1454.2   7/2 - 1454.2   7/2    0.1978            0.4151
    1454.2   7/2 -  830.8  11/2    0.0000    0.00    0.0000    0.00    1.000    0.000    623.4  0.153E-27  0.000E+00
    1683.3   7/2 -    0.0   3/2    1.2536  172.34    0.0000    0.00    1.000    0.000   1683.3  0.207E+03  0.000E+00
    1683.3   7/2 -  297.5   3/2    1.4692  201.97    0.0000    0.00    1.000    0.000   1385.8  0.916E+02  0.000E+00


    1683.3   7/2 -  939.9   3/2    0.0000    0.00    0.0000    0.00    1.000    0.000    743.4  0.780E-24  0.000E+00
    1683.3   7/2 -  312.1   5/2    0.0355    4.88    0.0018    0.98    0.964   -5.141   1371.2  0.210E+01  0.794E-01
    1683.3   7/2 - 1018.0   5/2    0.0000    0.00    0.0016    0.88    0.000    0.000    665.3  0.797E-26  0.814E-02
    1683.3   7/2 - 1608.1   5/2    0.0032    0.43    0.0003    0.14    0.047    0.222     75.2  0.929E-07  0.188E-05
    1683.3   7/2 - 1454.2   7/2    0.0149    2.05    0.0100    5.59    0.051    0.233    229.1  0.115E-03  0.212E-02


    1683.3   7/2 - 1683.3   7/2    4.6942            2.0334
    1683.3   7/2 - 1629.7   9/2    3.0518  419.55    0.0233   13.03    0.207    0.510     53.6  0.164E-04  0.631E-04
    1683.3   7/2 -  830.8  11/2    0.0000    0.00    0.0000    0.00    1.000    0.000    852.4  0.743E-26  0.000E+00
    2245.7   7/2 -    0.0   3/2    0.0000    0.00    0.0000    0.00    1.000    0.000   2245.7  0.318E-20  0.000E+00
    2245.7   7/2 -  297.5   3/2    0.0000    0.00    0.0000    0.00    1.000    0.000   1948.2  0.533E-22  0.000E+00


    2245.7   7/2 -  939.9   3/2    4.6520  639.53    0.0000    0.00    1.000    0.000   1305.8  0.215E+03  0.000E+00
    2245.7   7/2 -  312.1   5/2    0.0000    0.00    0.0001    0.05    0.000    0.000   1933.6  0.867E-26  0.117E-01
    2245.7   7/2 - 1018.0   5/2    0.5765   79.26    0.1123   62.73    0.843    2.316   1227.7  0.196E+02  0.366E+01
    2245.7   7/2 - 1608.1   5/2    0.0000    0.00    0.0002    0.11    0.000   -0.000    637.6  0.500E-25  0.894E-03
    2245.7   7/2 - 1454.2   7/2    0.0000    0.00    0.0022    1.22    0.000   -0.000    791.5  0.284E-24  0.191E-01


    2245.7   7/2 - 1683.3   7/2    0.0000    0.00    0.0006    0.35    0.000   -0.000    562.4  0.190E-23  0.199E-02
    2245.7   7/2 - 2245.7   7/2    0.8866            1.3600
    2245.7   7/2 - 1629.7   9/2    0.0000    0.00    0.0005    0.29    0.000    0.000    616.0  0.644E-23  0.216E-02
    2245.7   7/2 -  830.8  11/2    0.0000    0.00    0.0000    0.00    1.000    0.000   1414.9  0.180E-26  0.000E+00
    1629.7   9/2 -  312.1   5/2    5.1927  713.86    0.0000    0.00    1.000    0.000   1317.6  0.252E+03  0.000E+00


    1629.7   9/2 - 1018.0   5/2    0.0000    0.00    0.0000    0.00    1.000    0.000    611.7  0.393E-26  0.000E+00
    1629.7   9/2 - 1608.1   5/2    0.2329   32.01    0.0000    0.00    1.000    0.000     21.6  0.135E-07  0.000E+00
    1629.7   9/2 - 1454.2   7/2    0.4365   60.01    0.0016    0.92    0.850    2.383    175.5  0.887E-03  0.156E-03
    1629.7   9/2 - 1629.7   9/2    0.5779            2.4610
    1629.7   9/2 -  830.8  11/2    0.0000    0.00    0.0000    0.00    0.089    0.313    798.9  0.263E-27  0.270E-26


    2387.1   9/2 -  312.1   5/2    0.0000    0.00    0.0000    0.00    1.000    0.000   2075.0  0.981E-22  0.000E+00
    2387.1   9/2 - 1018.0   5/2    5.2907  727.33    0.0000    0.00    1.000    0.000   1369.1  0.310E+03  0.000E+00
    2387.1   9/2 - 1608.1   5/2    0.0000    0.00    0.0000    0.00    1.000    0.000    779.0  0.117E-23  0.000E+00
    2387.1   9/2 - 1454.2   7/2    0.0000    0.00    0.0000    0.01    0.000   -0.000    932.9  0.749E-26  0.292E-03
    2387.1   9/2 - 1683.3   7/2    0.0000    0.00    0.0000    0.00    0.000    0.000    703.8  0.155E-24  0.965E-05


    2387.1   9/2 - 2245.7   7/2    0.0011    0.14    0.0658   36.78    0.000    0.015    141.4  0.726E-06  0.328E-02
    2387.1   9/2 - 1629.7   9/2    0.0000    0.00    0.0028    1.59    0.000   -0.000    757.4  0.485E-25  0.217E-01
    2387.1   9/2 - 2387.1   9/2    0.8709            1.9844
    2387.1   9/2 -  830.8  11/2    0.0000    0.00    0.0000    0.00    0.000   -0.001   1556.3  0.742E-28  0.600E-22
     830.8  11/2 -  830.8  11/2   -7.4023           -1.4166


    2427.8  13/2 - 1629.7   9/2    0.0000    0.00    0.0000    0.00    1.000    0.000    798.2  0.328E-26  0.000E+00
    2427.8  13/2 - 2387.1   9/2    0.0000    0.00    0.0000    0.00    1.000    0.000     40.7  0.136E-32  0.000E+00
    2427.8  13/2 -  830.8  11/2    3.9564  543.90    0.5760  321.67    0.924    3.485   1597.0  0.501E+03  0.413E+02
    2427.8  13/2 - 2427.8  13/2   -4.5406           -0.5230

 TIME=  0.0 SEC
