 PARITY=-   EPS= 0.058   GAMMA= 30.0   EPS4=0.000   EPS6=0.000   LEVELS:  24  25  26  27  28  29  30  31  32  33  34  35  36  37  38
0   Z= 82   A=207   IQ=0   GSFAC= 0.75   GR=  0.40   MIN SPIN=  1/2   MAX SPIN= 13/2   KMAX= 13/2

 MACR QUADR MOMENTS:  Q0= 169.069  Q2= -64.477 FM**2


   B(E2) AND Q(E2) IN E2B2 AND EB,   B(M1) AND M(M1) INNM2 AND NM,   T(E2) AND T(M1) IN 1/PS

       E1     II      EF     IF     B(E2)             B(M1)              GD        D       EREL    T(E2)      T(M1)
                                             WU               MWU

     814.8   1/2 -  814.8   1/2    0.0000            0.4668
    1566.1   3/2 -  814.8   1/2    0.0734   10.09    0.1071   59.84    0.211    0.518    751.3  0.214E+00  0.800E+00
    1566.1   3/2 - 1566.1   3/2   -0.0333            0.2723
    1566.1   3/2 - 1529.8   5/2    0.0000    0.01    0.0214   11.95    0.000    0.001     36.3  0.342E-10  0.180E-04
    2313.2   3/2 -  814.8   1/2    0.0000    0.00    0.0202   11.30    0.000   -0.000   1498.4  0.118E-07  0.120E+01


    2313.2   3/2 - 1566.1   3/2    0.0729   10.02    0.0916   51.17    0.235   -0.555    747.1  0.207E+00  0.672E+00
    2313.2   3/2 - 2313.2   3/2    0.0333            0.5936
    2313.2   3/2 - 1529.8   5/2    0.0303    4.16    0.0200   11.16    0.392    0.803    783.4  0.109E+00  0.169E+00
    2313.2   3/2 - 2248.6   5/2    0.0001    0.01    0.0615   34.34    0.000    0.002     64.6  0.119E-08  0.292E-03
    2313.2   3/2 - 2124.1   7/2    0.0000    0.00    0.0000    0.00    1.000    0.000    189.0  0.918E-31  0.000E+00


    1529.8   5/2 -  814.8   1/2    0.0732   10.07    0.0000    0.00    1.000    0.000    715.0  0.167E+00  0.000E+00
    1529.8   5/2 - 1529.8   5/2    0.0067            1.3546
    1529.8   5/2 - 1199.2   9/2    0.0000    0.00    0.0000    0.00    1.000    0.000    330.6  0.255E-20  0.000E+00
    2248.6   5/2 -  814.8   1/2    0.0002    0.02    0.0000    0.00    1.000    0.000   1433.8  0.134E-01  0.000E+00
    2248.6   5/2 - 1566.1   3/2    0.0209    2.87    0.0156    8.71    0.302    0.658    682.5  0.378E-01  0.872E-01


    2248.6   5/2 - 1529.8   5/2    0.0847   11.64    0.0156    8.71    0.660    1.395    718.8  0.198E+00  0.102E+00
    2248.6   5/2 - 2248.6   5/2    0.0178            1.2001
    2248.6   5/2 - 2124.1   7/2    0.0000    0.00    0.0000    0.00    0.000   -0.001    124.4  0.230E-31  0.149E-25
    2248.6   5/2 - 1199.2   9/2    0.0000    0.00    0.0000    0.00    1.000    0.000   1049.4  0.446E-19  0.000E+00
    2945.7   5/2 -  814.8   1/2    0.0000    0.00    0.0000    0.00    1.000    0.000   2130.9  0.485E-19  0.000E+00


    2945.7   5/2 - 1566.1   3/2    0.0000    0.00    0.0003    0.18    0.000   -0.000   1379.6  0.305E-22  0.150E-01
    2945.7   5/2 - 2313.2   3/2    0.0000    0.00    0.0001    0.07    0.000    0.000    632.5  0.636E-21  0.575E-03
    2945.7   5/2 - 1529.8   5/2    0.0000    0.00    0.0020    1.09    0.000    0.000   1415.9  0.556E-22  0.977E-01
    2945.7   5/2 - 2248.6   5/2    0.0000    0.00    0.0076    4.22    0.000   -0.000    697.1  0.234E-21  0.451E-01
    2945.7   5/2 - 2945.7   5/2    0.6256            1.2034


    2945.7   5/2 - 2124.1   7/2    0.0000    0.00    0.0000    0.00    0.000    0.000    821.6  0.695E-31  0.367E-16
    2945.7   5/2 - 2605.7   7/2    0.0000    0.00    0.0000    0.00    0.000    0.001    340.0  0.151E-26  0.290E-20
    2945.7   5/2 - 2788.2   7/2    0.0000    0.00    0.0053    2.98    0.000   -0.000    157.5  0.373E-24  0.367E-03
    2945.7   5/2 - 1199.2   9/2    0.0000    0.00    0.0000    0.00    1.000    0.000   1746.5  0.249E-18  0.000E+00
    2945.7   5/2 - 2736.2   9/2    0.0000    0.00    0.0000    0.00    1.000    0.000    209.5  0.135E-24  0.000E+00


    2965.7   5/2 -  814.8   1/2    0.0000    0.00    0.0000    0.00    1.000    0.000   2150.9  0.321E-20  0.000E+00
    2965.7   5/2 - 1566.1   3/2    0.0000    0.00    0.0000    0.00    0.001   -0.038   1399.6  0.231E-22  0.162E-19
    2965.7   5/2 - 2313.2   3/2    0.0000    0.00    0.0000    0.00    0.844   -2.323    652.5  0.751E-21  0.139E-21
    2965.7   5/2 - 1529.8   5/2    0.0000    0.00    0.0000    0.00    0.000    0.009   1435.9  0.293E-22  0.333E-18
    2965.7   5/2 - 2248.6   5/2    0.0000    0.00    0.0000    0.00    0.003   -0.056    717.1  0.292E-21  0.937E-19


    2965.7   5/2 - 2945.7   5/2    0.0000    0.00    0.0000    0.00    0.000    0.001     20.0  0.146E-27  0.690E-22
    2965.7   5/2 - 2965.7   5/2   -0.5488           -0.4456
    2965.7   5/2 - 2124.1   7/2    0.0000    0.00    1.4277  797.40    0.000   -0.000    841.5  0.134E-28  0.150E+02
    2965.7   5/2 - 2605.7   7/2    0.0000    0.00    0.0016    0.87    0.000    0.000    360.0  0.545E-26  0.128E-02
    2965.7   5/2 - 2788.2   7/2    0.0000    0.00    0.0000    0.00    0.000   -0.021    177.4  0.699E-24  0.166E-20


    2965.7   5/2 - 1199.2   9/2    0.0000    0.00    0.0000    0.00    1.000    0.000   1766.5  0.574E-18  0.000E+00
    2965.7   5/2 - 2736.2   9/2    0.0000    0.00    0.0000    0.00    1.000    0.000    229.5  0.206E-24  0.000E+00
    3046.0   5/2 -  814.8   1/2    0.0000    0.00    0.0000    0.00    1.000    0.000   2231.2  0.193E-02  0.000E+00
    3046.0   5/2 - 1566.1   3/2    0.0000    0.00    0.0145    8.08    0.003    0.059   1479.9  0.289E-02  0.825E+00
    3046.0   5/2 - 2313.2   3/2    0.1056   14.52    0.0754   42.13    0.343   -0.722    732.8  0.272E+00  0.522E+00


    3046.0   5/2 - 1529.8   5/2    0.0000    0.00    0.0138    7.73    0.002    0.040   1516.2  0.135E-02  0.849E+00
    3046.0   5/2 - 2248.6   5/2    0.0253    3.47    0.0791   44.15    0.123    0.375    797.4  0.994E-01  0.705E+00
    3046.0   5/2 - 2945.7   5/2    0.0000    0.00    0.0000    0.01    0.000    0.000    100.3  0.225E-24  0.169E-06
    3046.0   5/2 - 2965.7   5/2    0.0000    0.00    0.0000    0.00    0.018   -0.135     80.3  0.229E-25  0.125E-23
    3046.0   5/2 - 3046.0   5/2   -0.0245            0.7618


    3046.0   5/2 - 2124.1   7/2    0.0000    0.00    0.0000    0.00    0.000   -0.000    921.8  0.572E-28  0.119E-18
    3046.0   5/2 - 2605.7   7/2    0.0000    0.00    0.0000    0.00    0.129    0.386    440.3  0.106E-23  0.714E-23
    3046.0   5/2 - 2788.2   7/2    0.0647    8.89    0.0268   14.97    0.100   -0.333    257.7  0.898E-03  0.808E-02
    3046.0   5/2 - 2979.0   7/2    0.0028    0.39    0.0479   26.74    0.000   -0.014     67.0  0.465E-07  0.254E-03
    3046.0   5/2 - 1199.2   9/2    0.0000    0.00    0.0000    0.00    1.000    0.000   1846.8  0.117E-18  0.000E+00


    3046.0   5/2 - 2736.2   9/2    0.0055    0.76    0.0000    0.00    1.000    0.000    309.8  0.192E-03  0.000E+00
    2124.1   7/2 - 1566.1   3/2    0.0000    0.00    0.0000    0.00    1.000    0.000    558.1  0.150E-29  0.000E+00
    2124.1   7/2 - 1529.8   5/2    0.0000    0.00    0.0000    0.00    0.001    0.037    594.4  0.229E-29  0.169E-26
    2124.1   7/2 - 2124.1   7/2   -0.7891           -0.8481
    2124.1   7/2 - 1199.2   9/2    0.0000    0.00    1.1875  663.23    0.000   -0.000    925.0  0.794E-19  0.165E+02


    2124.1   7/2 -    0.0  11/2    0.0000    0.00    0.0000    0.00    1.000    0.000   2124.1  0.162E-26  0.000E+00
    2124.1   7/2 - 1886.9  11/2    0.0676    9.29    0.0000    0.00    1.000    0.000    237.2  0.619E-03  0.000E+00
    2605.7   7/2 - 1566.1   3/2    0.0000    0.00    0.0000    0.00    1.000    0.000   1039.6  0.102E-21  0.000E+00
    2605.7   7/2 - 2313.2   3/2    0.0000    0.00    0.0000    0.00    1.000    0.000    292.5  0.192E-26  0.000E+00
    2605.7   7/2 - 1529.8   5/2    0.0000    0.00    0.0000    0.00    0.053    0.238   1075.9  0.130E-22  0.231E-21


    2605.7   7/2 - 2248.6   5/2    0.0000    0.00    0.0000    0.00    0.140    0.404    357.1  0.244E-25  0.149E-24
    2605.7   7/2 - 2124.1   7/2    0.0000    0.00    0.0072    4.00    0.000   -0.000    481.5  0.404E-24  0.141E-01
    2605.7   7/2 - 2605.7   7/2   -0.7818           -2.0050
    2605.7   7/2 - 1199.2   9/2    0.0000    0.00    0.0238   13.31    0.000   -0.000   1406.5  0.190E-18  0.117E+01
    2605.7   7/2 -    0.0  11/2    0.0600    8.25    0.0000    0.00    1.000    0.000   2605.7  0.879E+02  0.000E+00


    2605.7   7/2 - 1886.9  11/2    0.0000    0.00    0.0000    0.00    1.000    0.000    718.7  0.147E-23  0.000E+00
    2788.2   7/2 - 1566.1   3/2    0.0895   12.31    0.0000    0.00    1.000    0.000   1222.2  0.298E+01  0.000E+00
    2788.2   7/2 - 2313.2   3/2    0.0001    0.01    0.0000    0.00    1.000    0.000    475.0  0.289E-04  0.000E+00
    2788.2   7/2 - 1529.8   5/2    0.0108    1.49    0.1268   70.84    0.086    0.306   1258.5  0.418E+00  0.445E+01
    2788.2   7/2 - 2248.6   5/2    0.0034    0.47    0.0000    0.02    0.943    4.051    539.6  0.189E-02  0.115E-03


    2788.2   7/2 - 2124.1   7/2    0.0000    0.00    0.0000    0.00    0.361    0.752    664.1  0.499E-24  0.881E-24
    2788.2   7/2 - 2605.7   7/2    0.0000    0.00    0.0000    0.00    0.007    0.084    182.6  0.345E-25  0.485E-23
    2788.2   7/2 - 2788.2   7/2    0.0215            1.0561
    2788.2   7/2 - 1199.2   9/2    0.0000    0.00    0.0000    0.00    0.067    0.267   1589.0  0.132E-18  0.185E-17
    2788.2   7/2 - 2736.2   9/2    0.0019    0.25    0.0176    9.82    0.000    0.014     52.0  0.863E-08  0.436E-04


    2788.2   7/2 -    0.0  11/2    0.0000    0.00    0.0000    0.00    1.000    0.000   2788.2  0.120E-19  0.000E+00
    2788.2   7/2 - 1886.9  11/2    0.0000    0.00    0.0000    0.00    1.000    0.000    901.3  0.119E-23  0.000E+00
    2788.2   7/2 - 2702.7  11/2    0.0000    0.00    0.0000    0.00    1.000    0.000     85.6  0.428E-31  0.000E+00
    2979.0   7/2 - 1566.1   3/2    0.0021    0.29    0.0000    0.00    1.000    0.000   1412.9  0.147E+00  0.000E+00
    2979.0   7/2 - 2313.2   3/2    0.0127    1.75    0.0000    0.00    1.000    0.000    665.8  0.203E-01  0.000E+00


    2979.0   7/2 - 1529.8   5/2    0.0000    0.00    0.0114    6.35    0.000   -0.012   1449.2  0.934E-04  0.609E+00
    2979.0   7/2 - 2248.6   5/2    0.1145   15.74    0.0222   12.40    0.656    1.381    730.4  0.290E+00  0.152E+00
    2979.0   7/2 - 2945.7   5/2    0.0000    0.00    0.0006    0.34    0.000    0.000     33.3  0.760E-29  0.395E-06
    2979.0   7/2 - 2965.7   5/2    0.0000    0.00    0.0000    0.00    0.000    0.002     13.3  0.686E-31  0.283E-25
    2979.0   7/2 - 2124.1   7/2    0.0000    0.00    0.0000    0.00    0.063    0.259    854.8  0.865E-28  0.128E-26


    2979.0   7/2 - 2605.7   7/2    0.0000    0.00    0.0000    0.00    0.113   -0.357    373.3  0.474E-25  0.372E-24
    2979.0   7/2 - 2788.2   7/2    0.0060    0.83    0.0586   32.74    0.003    0.051    190.7  0.186E-04  0.716E-02
    2979.0   7/2 - 2979.0   7/2   -0.0494            1.5384
    2979.0   7/2 - 1199.2   9/2    0.0000    0.00    0.0000    0.00    0.855    2.424   1779.8  0.573E-17  0.976E-18
    2979.0   7/2 - 2736.2   9/2    0.0656    9.01    0.0092    5.12    0.226    0.540    242.8  0.674E-03  0.231E-02


    2979.0   7/2 -    0.0  11/2    0.0000    0.00    0.0000    0.00    1.000    0.000   2979.0  0.138E-24  0.000E+00
    2979.0   7/2 - 1886.9  11/2    0.0000    0.00    0.0000    0.00    1.000    0.000   1092.0  0.392E-28  0.000E+00
    2979.0   7/2 - 2702.7  11/2    0.0000    0.00    0.0000    0.00    1.000    0.000    276.3  0.397E-31  0.000E+00
    1199.2   9/2 - 1199.2   9/2   -0.9148           -1.2095
    1199.2   9/2 -    0.0  11/2    0.0000    0.00    0.6548  365.70    0.000    0.000   1199.2  0.560E-20  0.199E+02


    1199.2   9/2 -  636.2  13/2    0.0636    8.74    0.0000    0.00    1.000    0.000    563.0  0.438E-01  0.000E+00
    2736.2   9/2 - 1529.8   5/2    0.1015   13.96    0.0000    0.00    1.000    0.000   1206.4  0.317E+01  0.000E+00
    2736.2   9/2 - 2248.6   5/2    0.0001    0.01    0.0000    0.00    1.000    0.000    487.6  0.190E-04  0.000E+00
    2736.2   9/2 - 2124.1   7/2    0.0000    0.00    0.0000    0.00    0.081    0.297    612.0  0.559E-25  0.632E-24
    2736.2   9/2 - 2605.7   7/2    0.0000    0.00    0.0000    0.00    0.003   -0.052    130.5  0.554E-28  0.203E-25


    2736.2   9/2 - 1199.2   9/2    0.0000    0.00    0.0000    0.00    0.005   -0.070   1537.0  0.105E-18  0.217E-16
    2736.2   9/2 - 2736.2   9/2   -0.0241            2.2098
    2736.2   9/2 -    0.0  11/2    0.0000    0.00    0.0000    0.00    0.220    0.532   2736.2  0.497E-24  0.176E-23
    2736.2   9/2 - 1886.9  11/2    0.0000    0.00    0.0000    0.00    0.003   -0.050    849.2  0.101E-25  0.402E-23
    2736.2   9/2 - 2702.7  11/2    0.0000    0.00    0.0000    0.00    0.000   -0.002     33.5  0.698E-33  0.291E-27


    2736.2   9/2 -  636.2  13/2    0.0000    0.00    0.0000    0.00    1.000    0.000   2100.0  0.495E-24  0.000E+00
    2736.2   9/2 - 1764.2  13/2    0.0000    0.00    0.0000    0.00    1.000    0.000    971.9  0.245E-25  0.000E+00
       0.0  11/2 -    0.0  11/2   -1.0089           -1.4998
    1886.9  11/2 - 1199.2   9/2    0.0000    0.00    0.0418   23.35    0.000    0.000    687.8  0.387E-21  0.239E+00
    1886.9  11/2 -    0.0  11/2    0.0000    0.00    0.0076    4.26    0.000    0.000   1886.9  0.897E-25  0.903E+00


    1886.9  11/2 - 1886.9  11/2   -1.0054           -0.2223
    1886.9  11/2 -  636.2  13/2    0.0000    0.00    1.1739  655.62    0.000    0.000   1250.7  0.269E-26  0.404E+02
    1886.9  11/2 - 1764.2  13/2    0.0000    0.00    0.0015    0.84    0.000    0.000    122.7  0.299E-33  0.490E-04
    2702.7  11/2 - 2124.1   7/2    0.0000    0.00    0.0000    0.00    1.000    0.000    578.5  0.426E-25  0.000E+00
    2702.7  11/2 - 2605.7   7/2    0.0000    0.00    0.0000    0.00    1.000    0.000     97.0  0.102E-30  0.000E+00


    2702.7  11/2 - 1199.2   9/2    0.0768   10.55    0.4974  277.81    0.195    0.492   1503.5  0.720E+01  0.298E+02
    2702.7  11/2 -    0.0  11/2    0.0000    0.00    0.1114   62.23    0.000   -0.000   2702.7  0.222E-24  0.387E+02
    2702.7  11/2 - 1886.9  11/2    0.0000    0.00    0.0547   30.54    0.000    0.000    815.7  0.972E-24  0.522E+00
    2702.7  11/2 - 2702.7  11/2   -0.5110           -0.3140
    2702.7  11/2 -  636.2  13/2    0.0024    0.34    0.0382   21.36    0.159   -0.435   2066.4  0.113E+01  0.594E+01


    2702.7  11/2 - 1764.2  13/2    0.0000    0.00    0.5396  301.40    0.000   -0.000    938.4  0.143E-29  0.785E+01
     636.2  13/2 -    0.0  11/2    0.0000    0.00    0.0193   10.76    0.000    0.000    636.2  0.539E-27  0.873E-01
     636.2  13/2 -  636.2  13/2   -1.0792           -0.5713
    1764.2  13/2 - 1199.2   9/2    0.0000    0.00    0.0000    0.00    1.000    0.000    565.1  0.731E-21  0.000E+00
    1764.2  13/2 -    0.0  11/2    0.0702    9.65    0.6144  343.13    0.198    0.496   1764.2  0.146E+02  0.594E+02


    1764.2  13/2 -  636.2  13/2    0.0000    0.00    0.0215   12.03    0.000   -0.000   1128.0  0.218E-25  0.544E+00
    1764.2  13/2 - 1764.2  13/2   -0.6283           -0.5691

 TIME=  0.0 SEC
