 PARITY=-   EPS= 0.054   GAMMA=  0.0   EPS4=0.000   EPS6=0.000   LEVELS:  32  33  34  35  36
0   Z= 82   A=207   IQ=1   GSFAC= 0.75   GR=  0.40   MIN SPIN=  1/2   MAX SPIN= 13/2   KMAX= 13/2

 MICR QUADR MOMENTS:  Q0= 310.529  Q2=  -0.000 FM**2


   B(E2) AND Q(E2) IN E2B2 AND EB,   B(M1) AND M(M1) INNM2 AND NM,   T(E2) AND T(M1) IN 1/PS

       E1     II      EF     IF     B(E2)             B(M1)              GD        D       EREL    T(E2)      T(M1)
                                             WU               MWU

     152.9   1/2 -  152.9   1/2    0.0000            0.4754
     152.9   1/2 -    0.0   3/2    0.0002    0.03    0.5463  305.09    0.000   -0.003    152.9  0.240E-06  0.343E-01
     152.9   1/2 -   27.5   5/2    0.0002    0.03    0.0000    0.00    1.000    0.000    125.4  0.926E-07  0.000E+00
       0.0   3/2 -    0.0   3/2    0.6203           -0.1706
     356.1   3/2 -  152.9   1/2    0.1917   26.36    0.0521   29.12    0.095    0.324    203.2  0.810E-03  0.770E-02


     356.1   3/2 -    0.0   3/2    0.0005    0.06    0.2367  132.19    0.000   -0.013    356.1  0.329E-04  0.188E+00
     356.1   3/2 -  356.1   3/2   -0.6203            0.6954
     356.1   3/2 -   27.5   5/2    0.0000    0.00    0.0666   37.18    0.000    0.002    328.6  0.219E-06  0.416E-01
     356.1   3/2 -  204.1   5/2    0.0001    0.01    0.2253  125.84    0.000   -0.002    151.9  0.863E-07  0.139E-01
     356.1   3/2 -  352.8   5/2    0.0824   11.32    0.1210   67.59    0.000    0.002      3.2  0.349E-12  0.712E-07


     356.1   3/2 -  226.3   7/2    0.0000    0.00    0.0000    0.00    1.000    0.000    129.8  0.137E-07  0.000E+00
      27.5   5/2 -    0.0   3/2    0.0708    9.73    0.0185   10.34    0.002   -0.045     27.5  0.136E-07  0.678E-05
      27.5   5/2 -   27.5   5/2    0.8218            0.9360
     204.1   5/2 -  152.9   1/2    0.0014    0.20    0.0000    0.00    1.000    0.000     51.3  0.616E-08  0.000E+00
     204.1   5/2 -    0.0   3/2    0.2560   35.20    0.0912   50.95    0.075   -0.285    204.1  0.111E-02  0.137E-01


     204.1   5/2 -   27.5   5/2    0.0836   11.49    0.0190   10.62    0.087    0.308    176.6  0.175E-03  0.184E-02
     204.1   5/2 -  204.1   5/2    0.0596            0.7218
     352.8   5/2 -  152.9   1/2    0.1903   26.17    0.0000    0.00    1.000    0.000    200.0  0.742E-03  0.000E+00
     352.8   5/2 -    0.0   3/2    0.0019    0.26    0.0523   29.22    0.003   -0.056    352.8  0.126E-03  0.404E-01
     352.8   5/2 -   27.5   5/2    0.0000    0.01    0.0622   34.72    0.000    0.007    325.3  0.179E-05  0.377E-01


     352.8   5/2 -  204.1   5/2    0.0014    0.19    0.2208  123.32    0.000   -0.010    148.7  0.123E-05  0.128E-01
     352.8   5/2 -  352.8   5/2   -0.8814            0.9677
     352.8   5/2 -  226.3   7/2    0.0001    0.01    0.0649   36.26    0.000    0.004    126.5  0.299E-07  0.232E-02
     226.3   7/2 -    0.0   3/2    0.0406    5.58    0.0000    0.00    1.000    0.000    226.3  0.294E-03  0.000E+00
     226.3   7/2 -   27.5   5/2    0.3018   41.49    0.0053    2.98    0.608   -1.245    198.8  0.114E-02  0.738E-03


     226.3   7/2 -  204.1   5/2    0.0001    0.01    0.0392   21.90    0.000    0.001     22.2  0.664E-11  0.751E-05
     226.3   7/2 -  226.3   7/2   -0.0383            1.2946
     473.2   7/2 -    0.0   3/2    0.0965   13.26    0.0000    0.00    1.000    0.000    473.2  0.279E-01  0.000E+00
     473.2   7/2 -  356.1   3/2    0.0002    0.03    0.0000    0.00    1.000    0.000    117.2  0.659E-07  0.000E+00
     473.2   7/2 -   27.5   5/2    0.0112    1.54    0.0318   17.76    0.046    0.220    445.7  0.240E-02  0.496E-01


     473.2   7/2 -  204.1   5/2    0.2335   32.10    0.0963   53.77    0.109   -0.349    269.1  0.402E-02  0.330E-01
     473.2   7/2 -  352.8   5/2    0.0010    0.14    0.1111   62.05    0.000    0.010    120.4  0.313E-06  0.341E-02
     473.2   7/2 -  226.3   7/2    0.0305    4.19    0.0139    7.78    0.085    0.304    246.9  0.342E-03  0.369E-02
     473.2   7/2 -  473.2   7/2   -0.3768            1.1996
     492.5   9/2 -   27.5   5/2    0.1195   16.42    0.0000    0.00    1.000    0.000    465.0  0.317E-01  0.000E+00


     492.5   9/2 -  204.1   5/2    0.0142    1.95    0.0000    0.00    1.000    0.000    288.4  0.345E-03  0.000E+00
     492.5   9/2 -  352.8   5/2    0.0000    0.01    0.0000    0.00    1.000    0.000    139.7  0.243E-07  0.000E+00
     492.5   9/2 -  226.3   7/2    0.2335   32.10    0.0098    5.45    0.540   -1.084    266.2  0.381E-02  0.324E-02
     492.5   9/2 -  473.2   7/2    0.0034    0.46    0.0412   22.99    0.000    0.005     19.3  0.110E-09  0.520E-05
     492.5   9/2 -  492.5   9/2   -0.4765            1.7145



 TIME=  0.0 SEC
