 PARITY=-   EPS= 0.321   GAMMA= 40.8   EPS4=0.000   EPS6=0.000   LEVELS:  30  31  32  33  34
0   Z= 82   A=207   IQ=1   GSFAC= 0.75   GR=  0.40   MIN SPIN=  1/2   MAX SPIN= 13/2   KMAX= 13/2

 MICR QUADR MOMENTS:  Q0=1260.063  Q2=-593.581 FM**2


   B(E2) AND Q(E2) IN E2B2 AND EB,   B(M1) AND M(M1) INNM2 AND NM,   T(E2) AND T(M1) IN 1/PS

       E1     II      EF     IF     B(E2)             B(M1)              GD        D       EREL    T(E2)      T(M1)
                                             WU               MWU

       0.0   1/2 -    0.0   1/2    0.0000            0.5201
     789.3   1/2 -    0.0   1/2    0.0000    0.00    0.0082    4.60    0.000    0.000    789.3  0.000E+00  0.714E-01
     789.3   1/2 -  789.3   1/2    0.0000           -0.4484
     789.3   1/2 -   43.1   3/2    0.0000    0.00    0.0200   11.15    0.000   -0.000    746.3  0.116E-25  0.146E+00
     789.3   1/2 -  163.3   3/2    0.0000    0.00    0.0233   13.03    0.000    0.000    626.1  0.120E-26  0.101E+00


     789.3   1/2 -   49.6   5/2    0.0000    0.00    0.0000    0.00    1.000    0.000    739.8  0.458E-25  0.000E+00
     789.3   1/2 -  195.0   5/2    0.0000    0.00    0.0000    0.00    1.000    0.000    594.4  0.602E-27  0.000E+00
     789.3   1/2 -  231.7   5/2    0.0000    0.00    0.0000    0.00    1.000    0.000    557.6  0.298E-30  0.000E+00
     985.5   1/2 -    0.0   1/2    0.0000    0.00    0.0003    0.16    0.000    0.000    985.5  0.000E+00  0.471E-02
     985.5   1/2 -  789.3   1/2    0.0000    0.00    0.0119    6.66    0.000    0.000    196.2  0.000E+00  0.158E-02


     985.5   1/2 -  985.5   1/2    0.0000            0.6314
     985.5   1/2 -   43.1   3/2    0.0000    0.00    0.0013    0.72    0.000   -0.000    942.4  0.209E-19  0.191E-01
     985.5   1/2 -  163.3   3/2    0.0000    0.00    0.0048    2.68    0.000    0.000    822.3  0.161E-20  0.470E-01
     985.5   1/2 -  795.1   3/2    0.0000    0.00    0.0188   10.48    0.000   -0.000    190.5  0.414E-20  0.228E-02
     985.5   1/2 -   49.6   5/2    0.0000    0.00    0.0000    0.00    1.000    0.000    936.0  0.299E-19  0.000E+00


     985.5   1/2 -  195.0   5/2    0.0000    0.00    0.0000    0.00    1.000    0.000    790.6  0.126E-20  0.000E+00
     985.5   1/2 -  231.7   5/2    0.0000    0.00    0.0000    0.00    1.000    0.000    753.8  0.724E-21  0.000E+00
      43.1   3/2 -    0.0   1/2    3.9600  544.40    0.1075   60.03    0.045    0.218     43.1  0.718E-05  0.151E-03
      43.1   3/2 -   43.1   3/2    2.4365            0.0217
     163.3   3/2 -    0.0   1/2    0.6006   82.57    0.0351   19.61    0.240    0.562    163.3  0.850E-03  0.269E-02


     163.3   3/2 -   43.1   3/2    1.6082  221.08    0.0568   31.74    0.221   -0.532    120.2  0.492E-03  0.174E-02
     163.3   3/2 -  163.3   3/2   -2.4365            0.7803
     163.3   3/2 -   49.6   5/2    0.6929   95.26    0.0119    6.66    0.342    0.722    113.7  0.161E-03  0.308E-03
     163.3   3/2 -  140.8   7/2    0.3519   48.38    0.0000    0.00    1.000    0.000     22.4  0.243E-07  0.000E+00
     795.1   3/2 -    0.0   1/2    0.0000    0.00    0.0119    6.67    0.000   -0.000    795.1  0.100E-19  0.106E+00


     795.1   3/2 -  789.3   1/2    3.6544  502.39    0.0056    3.12    0.015   -0.122      5.7  0.271E-09  0.183E-07
     795.1   3/2 -   43.1   3/2    0.0000    0.00    0.0041    2.31    0.000    0.000    752.0  0.119E-26  0.309E-01
     795.1   3/2 -  163.3   3/2    0.0000    0.00    0.0070    3.88    0.000   -0.000    631.8  0.299E-26  0.308E-01
     795.1   3/2 -  795.1   3/2    2.7208            1.0889
     795.1   3/2 -   49.6   5/2    0.0000    0.00    0.0178    9.94    0.000   -0.000    745.5  0.481E-26  0.130E+00


     795.1   3/2 -  195.0   5/2    0.0000    0.00    0.0079    4.41    0.000   -0.000    600.1  0.146E-26  0.300E-01
     795.1   3/2 -  231.7   5/2    0.0000    0.00    0.0028    1.57    0.000   -0.000    563.4  0.799E-27  0.887E-02
     795.1   3/2 -  140.8   7/2    0.0000    0.00    0.0000    0.00    1.000    0.000    654.2  0.112E-26  0.000E+00
     795.1   3/2 -  246.0   7/2    0.0000    0.00    0.0000    0.00    1.000    0.000    549.1  0.579E-27  0.000E+00
     795.1   3/2 -  303.0   7/2    0.0000    0.00    0.0000    0.00    1.000    0.000    492.1  0.392E-26  0.000E+00


      49.6   5/2 -    0.0   1/2    3.8972  535.76    0.0000    0.00    1.000    0.000     49.6  0.142E-04  0.000E+00
      49.6   5/2 -   43.1   3/2    0.8828  121.36    0.0101    5.66    0.003   -0.050      6.5  0.123E-09  0.485E-07
      49.6   5/2 -   49.6   5/2    3.5640            1.4950
     195.0   5/2 -    0.0   1/2    0.3837   52.75    0.0000    0.00    1.000    0.000    195.0  0.132E-02  0.000E+00
     195.0   5/2 -   43.1   3/2    0.0051    0.70    0.0300   16.76    0.003   -0.052    151.9  0.505E-05  0.185E-02


     195.0   5/2 -  163.3   3/2    4.9468  680.06    0.0037    2.07    0.481    0.964     31.7  0.193E-05  0.208E-05
     195.0   5/2 -   49.6   5/2    1.6961  233.17    0.0342   19.09    0.421    0.853    145.4  0.134E-02  0.185E-02
     195.0   5/2 -  195.0   5/2    0.0751            1.4616
     195.0   5/2 -  140.8   7/2    0.7937  109.11    0.0255   14.23    0.059   -0.251     54.1  0.450E-05  0.711E-04
     195.0   5/2 -  153.6   9/2    0.4387   60.30    0.0000    0.00    1.000    0.000     41.4  0.651E-06  0.000E+00


     231.7   5/2 -    0.0   1/2    0.2797   38.46    0.0000    0.00    1.000    0.000    231.7  0.228E-02  0.000E+00
     231.7   5/2 -   43.1   3/2    1.2732  175.03    0.0030    1.68    0.913   -3.234    188.6  0.371E-02  0.355E-03
     231.7   5/2 -  163.3   3/2    1.5515  213.29    0.1575   87.96    0.031   -0.179     68.4  0.284E-04  0.888E-03
     231.7   5/2 -   49.6   5/2    0.1737   23.87    0.0052    2.89    0.435   -0.878    182.1  0.425E-03  0.551E-03
     231.7   5/2 -  195.0   5/2    1.3574  186.61    0.0021    1.18    0.376   -0.776     36.7  0.111E-05  0.184E-05


     231.7   5/2 -  231.7   5/2   -3.6390            0.4285
     231.7   5/2 -  140.8   7/2    1.2311  169.24    0.0040    2.24    0.637   -1.326     90.8  0.930E-04  0.529E-04
     231.7   5/2 -  153.6   9/2    0.0000    0.00    0.0000    0.00    1.000    0.000     78.1  0.237E-09  0.000E+00
     140.8   7/2 -   43.1   3/2    5.2900  727.24    0.0000    0.00    1.000    0.000     97.8  0.576E-03  0.000E+00
     140.8   7/2 -   49.6   5/2    0.6599   90.73    0.1545   86.29    0.024    0.157     91.3  0.510E-04  0.207E-02


     140.8   7/2 -  140.8   7/2    2.9659            0.9617
     246.0   7/2 -   43.1   3/2    0.1226   16.86    0.0000    0.00    1.000    0.000    202.9  0.514E-03  0.000E+00
     246.0   7/2 -  163.3   3/2    1.5959  219.39    0.0000    0.00    1.000    0.000     82.7  0.753E-04  0.000E+00
     246.0   7/2 -   49.6   5/2    0.8613  118.40    0.0066    3.67    0.778    1.872    196.4  0.307E-02  0.876E-03
     246.0   7/2 -  195.0   5/2    4.2482  584.02    0.0153    8.54    0.334    0.707     51.0  0.178E-04  0.356E-04


     246.0   7/2 -  231.7   5/2    0.7605  104.55    0.0053    2.96    0.020   -0.142     14.3  0.546E-08  0.270E-06
     246.0   7/2 -  140.8   7/2    0.0320    4.40    0.0626   34.95    0.004   -0.063    105.1  0.501E-05  0.128E-02
     246.0   7/2 -  246.0   7/2    1.4687            1.7747
     246.0   7/2 -  153.6   9/2    2.0395  280.39    0.0121    6.75    0.500    0.999     92.4  0.167E-03  0.168E-03
     303.0   7/2 -   43.1   3/2    0.1036   14.24    0.0000    0.00    1.000    0.000    259.9  0.150E-02  0.000E+00


     303.0   7/2 -  163.3   3/2    0.8297  114.07    0.0000    0.00    1.000    0.000    139.7  0.539E-03  0.000E+00
     303.0   7/2 -   49.6   5/2    0.1233   16.95    0.0015    0.85    0.784   -1.903    253.4  0.157E-02  0.434E-03
     303.0   7/2 -  195.0   5/2    0.0000    0.00    0.1160   64.77    0.000    0.001    108.0  0.398E-08  0.257E-02
     303.0   7/2 -  231.7   5/2    4.6386  637.68    0.0005    0.27    0.971   -5.821     71.3  0.104E-03  0.308E-05
     303.0   7/2 -  140.8   7/2    1.8477  254.01    0.0129    7.18    0.724   -1.618    162.2  0.253E-02  0.965E-03


     303.0   7/2 -  246.0   7/2    1.0948  150.51    0.0023    1.27    0.521   -1.042     57.1  0.808E-05  0.743E-05
     303.0   7/2 -  303.0   7/2    1.7999            0.6872
     303.0   7/2 -  153.6   9/2    0.0039    0.54    0.0043    2.40    0.014   -0.119    149.4  0.356E-05  0.252E-03
     303.0   7/2 -  279.7  11/2    0.3494   48.04    0.0000    0.00    1.000    0.000     23.3  0.290E-07  0.000E+00
     153.6   9/2 -   49.6   5/2    5.9166  813.38    0.0000    0.00    1.000    0.000    104.0  0.878E-03  0.000E+00


     153.6   9/2 -  140.8   7/2    0.1066   14.65    0.0230   12.87    0.001   -0.023     12.7  0.433E-09  0.834E-06
     153.6   9/2 -  153.6   9/2    3.3410            2.2425
     316.5   9/2 -   49.6   5/2    0.0355    4.88    0.0000    0.00    1.000    0.000    266.9  0.587E-03  0.000E+00
     316.5   9/2 -  195.0   5/2    3.0691  421.92    0.0000    0.00    1.000    0.000    121.5  0.991E-03  0.000E+00
     316.5   9/2 -  231.7   5/2    0.0181    2.48    0.0000    0.00    1.000    0.000     84.8  0.964E-06  0.000E+00


     316.5   9/2 -  140.8   7/2    0.0200    2.75    0.0178    9.93    0.023    0.155    175.6  0.408E-04  0.170E-02
     316.5   9/2 -  246.0   7/2    2.4009  330.06    0.0010    0.57    0.890   -2.838     70.5  0.510E-04  0.634E-05
     316.5   9/2 -  303.0   7/2    0.0142    1.95    0.0010    0.55    0.002   -0.042     13.5  0.762E-10  0.425E-07
     316.5   9/2 -  153.6   9/2    1.7130  235.49    0.0271   15.15    0.537    1.078    162.9  0.240E-02  0.206E-02
     316.5   9/2 -  316.5   9/2    4.3399            2.4664


     316.5   9/2 -  279.7  11/2    0.5196   71.43    0.0223   12.43    0.021   -0.148     36.7  0.423E-06  0.194E-04
     316.5   9/2 -  299.0  13/2    0.5081   69.85    0.0000    0.00    1.000    0.000     17.4  0.993E-08  0.000E+00
     372.0   9/2 -   49.6   5/2    0.0216    2.96    0.0000    0.00    1.000    0.000    322.5  0.917E-03  0.000E+00
     372.0   9/2 -  195.0   5/2    0.2291   31.50    0.0000    0.00    1.000    0.000    177.0  0.486E-03  0.000E+00
     372.0   9/2 -  231.7   5/2    2.3820  327.47    0.0000    0.00    1.000    0.000    140.3  0.158E-02  0.000E+00


     372.0   9/2 -  140.8   7/2    0.5683   78.13    0.0005    0.27    0.978   -6.659    231.2  0.458E-02  0.103E-03
     372.0   9/2 -  246.0   7/2    0.1360   18.69    0.1439   80.35    0.010    0.102    126.1  0.528E-04  0.507E-02
     372.0   9/2 -  303.0   7/2    5.2280  718.72    0.0070    3.91    0.712   -1.571     69.0  0.999E-04  0.405E-04
     372.0   9/2 -  153.6   9/2    0.1670   22.96    0.0057    3.18    0.493   -0.985    218.5  0.101E-02  0.104E-02
     372.0   9/2 -  316.5   9/2    0.0567    7.80    0.0038    2.14    0.031   -0.178     55.6  0.367E-06  0.115E-04


     372.0   9/2 -  372.0   9/2    1.8295            1.1766
     372.0   9/2 -  279.7  11/2    1.8543  254.92    0.0059    3.30    0.650   -1.361     92.3  0.151E-03  0.816E-04
     372.0   9/2 -  299.0  13/2    0.0002    0.03    0.0000    0.00    1.000    0.000     73.0  0.534E-08  0.000E+00
     279.7  11/2 -  140.8   7/2    6.8958  948.00    0.0000    0.00    1.000    0.000    138.9  0.435E-02  0.000E+00
     279.7  11/2 -  246.0   7/2    0.0595    8.18    0.0000    0.00    1.000    0.000     33.8  0.320E-07  0.000E+00


     279.7  11/2 -  153.6   9/2    0.2866   39.40    0.1883  105.16    0.017    0.130    126.2  0.112E-03  0.666E-02
     279.7  11/2 -  279.7  11/2    2.4543            1.8796
     390.6  11/2 -  140.8   7/2    0.0647    8.90    0.0000    0.00    1.000    0.000    249.8  0.768E-03  0.000E+00
     390.6  11/2 -  246.0   7/2    4.0936  562.77    0.0000    0.00    1.000    0.000    144.7  0.316E-02  0.000E+00
     390.6  11/2 -  303.0   7/2    0.0088    1.21    0.0000    0.00    1.000    0.000     87.6  0.553E-06  0.000E+00


     390.6  11/2 -  153.6   9/2    0.3957   54.40    0.0009    0.52    0.943    4.075    237.1  0.361E-02  0.218E-03
     390.6  11/2 -  316.5   9/2    2.7350  375.99    0.0191   10.67    0.353    0.739     74.2  0.748E-04  0.137E-03
     390.6  11/2 -  372.0   9/2    0.9611  132.13    0.0095    5.29    0.024   -0.156     18.6  0.261E-07  0.107E-05
     390.6  11/2 -  279.7  11/2    0.0168    2.31    0.0589   32.90    0.002    0.049    110.9  0.344E-05  0.141E-02
     390.6  11/2 -  390.6  11/2    3.1207            2.5870


     390.6  11/2 -  299.0  13/2    2.3720  326.08    0.0085    4.73    0.620    1.276     91.6  0.186E-03  0.114E-03
     502.7  11/2 -  140.8   7/2    0.0030    0.41    0.0000    0.00    1.000    0.000    361.9  0.225E-03  0.000E+00
     502.7  11/2 -  246.0   7/2    0.1106   15.20    0.0000    0.00    1.000    0.000    256.8  0.151E-02  0.000E+00
     502.7  11/2 -  303.0   7/2    3.0047  413.07    0.0000    0.00    1.000    0.000    199.7  0.117E-01  0.000E+00
     502.7  11/2 -  153.6   9/2    0.0244    3.36    0.0005    0.26    0.817   -2.116    349.2  0.155E-02  0.346E-03


     502.7  11/2 -  316.5   9/2    0.0606    8.33    0.0915   51.12    0.016    0.126    186.3  0.166E-03  0.104E-01
     502.7  11/2 -  372.0   9/2    1.4523  199.65    0.0016    0.90    0.914    3.264    130.7  0.676E-03  0.635E-04
     502.7  11/2 -  279.7  11/2    1.1092  152.49    0.0093    5.21    0.804   -2.025    223.0  0.746E-02  0.182E-02
     502.7  11/2 -  390.6  11/2    0.2693   37.02    0.0030    1.68    0.438   -0.883    112.1  0.582E-04  0.747E-04
     502.7  11/2 -  502.7  11/2    5.7258            1.3780


     502.7  11/2 -  299.0  13/2    0.0001    0.01    0.0034    1.93    0.000    0.022    203.7  0.249E-06  0.513E-03
     502.7  11/2 -  441.0  13/2    0.0000    0.00    0.0000    0.00    0.002    0.050     61.7  0.129E-30  0.523E-28
     299.0  13/2 -  153.6   9/2    7.1776  986.74    0.0000    0.00    1.000    0.000    145.5  0.571E-02  0.000E+00
     299.0  13/2 -  279.7  11/2    0.0048    0.66    0.0368   20.58    0.000   -0.006     19.3  0.157E-09  0.466E-05
     299.0  13/2 -  299.0  13/2    2.5552            2.9636


     441.0  13/2 -  153.6   9/2    0.0000    0.00    0.0000    0.00    1.000    0.000    287.4  0.442E-26  0.000E+00
     441.0  13/2 -  316.5   9/2    0.0000    0.00    0.0000    0.00    1.000    0.000    124.5  0.390E-27  0.000E+00
     441.0  13/2 -  372.0   9/2    0.0000    0.00    0.0000    0.00    1.000    0.000     69.0  0.159E-29  0.000E+00
     441.0  13/2 -  279.7  11/2    0.0000    0.00    0.0000    0.00    0.000   -0.007    161.2  0.222E-31  0.455E-27
     441.0  13/2 -  390.6  11/2    0.0000    0.00    0.0000    0.00    0.221   -0.533     50.4  0.881E-31  0.310E-30


     441.0  13/2 -  299.0  13/2    0.0000    0.00    0.0000    0.00    0.566   -1.143    141.9  0.222E-26  0.170E-26
     441.0  13/2 -  441.0  13/2   -8.9183           -0.3428
     517.7  13/2 -  153.6   9/2    0.0000    0.00    0.0000    0.00    1.000    0.000    364.1  0.869E-06  0.000E+00
     517.7  13/2 -  316.5   9/2    4.0117  551.51    0.0000    0.00    1.000    0.000    201.3  0.162E-01  0.000E+00
     517.7  13/2 -  372.0   9/2    0.1194   16.41    0.0000    0.00    1.000    0.000    145.7  0.956E-04  0.000E+00


     517.7  13/2 -  279.7  11/2    0.0020    0.28    0.0084    4.70    0.009    0.097    238.0  0.188E-04  0.200E-02
     517.7  13/2 -  390.6  11/2    0.5484   75.39    0.0162    9.07    0.274   -0.615    127.1  0.222E-03  0.587E-03
     517.7  13/2 -  502.7  11/2    0.0422    5.81    0.0000    0.00    0.926    3.535     15.0  0.388E-09  0.310E-10
     517.7  13/2 -  299.0  13/2    0.9650  132.67    0.0186   10.38    0.632    1.312    218.7  0.589E-02  0.342E-02
     517.7  13/2 -  441.0  13/2    0.0000    0.00    0.0000    0.00    0.285   -0.631     76.7  0.142E-26  0.357E-26


     517.7  13/2 -  517.7  13/2    6.3818            3.3374

 TIME=  0.0 SEC
