 PARITY=-   EPS= 0.408   GAMMA= 46.4   EPS4=0.000   EPS6=0.000   LEVELS:  30  31  32  33  34
0   Z= 82   A=207   IQ=1   GSFAC= 0.75   GR=  0.40   MIN SPIN=  1/2   MAX SPIN= 13/2   KMAX= 13/2

 MICR QUADR MOMENTS:  Q0=1430.475  Q2=-784.837 FM**2


   B(E2) AND Q(E2) IN E2B2 AND EB,   B(M1) AND M(M1) INNM2 AND NM,   T(E2) AND T(M1) IN 1/PS

       E1     II      EF     IF     B(E2)             B(M1)              GD        D       EREL    T(E2)      T(M1)
                                             WU               MWU

     162.2   1/2 -  162.2   1/2    0.0000            0.5518
    1412.9   1/2 -  162.2   1/2    0.0000    0.00    0.0000    0.01    0.000    0.000   1250.7  0.000E+00  0.337E-03
    1412.9   1/2 - 1412.9   1/2    0.0000            0.3692
    1412.9   1/2 -  746.0   3/2    0.0000    0.00    0.0000    0.00    0.000   -0.000    666.9  0.414E-24  0.311E-04
    1412.9   1/2 -  989.1   5/2    0.0000    0.00    0.0000    0.00    1.000    0.000    423.8  0.549E-25  0.000E+00


    2907.6   1/2 -  162.2   1/2    0.0000    0.00    0.0010    0.57    0.000    0.000   2745.4  0.000E+00  0.369E+00
    2907.6   1/2 - 1412.9   1/2    0.0000    0.00    0.1436   80.20    0.000    0.000   1494.7  0.000E+00  0.844E+01
    2907.6   1/2 - 2907.6   1/2    0.0000           -0.5504
    2907.6   1/2 -  746.0   3/2    0.0000    0.00    0.0371   20.71    0.000   -0.000   2161.6  0.966E-22  0.659E+01
    2907.6   1/2 - 1948.3   3/2    0.0000    0.00    0.0004    0.23    0.000    0.000    959.3  0.200E-22  0.640E-02


    2907.6   1/2 -  989.1   5/2    0.0000    0.00    0.0000    0.00    1.000    0.000   1918.4  0.102E-21  0.000E+00
    2907.6   1/2 - 2254.9   5/2    0.0000    0.00    0.0000    0.00    1.000    0.000    652.6  0.447E-23  0.000E+00
    2907.6   1/2 - 2823.0   5/2    0.0000    0.00    0.0000    0.00    1.000    0.000     84.5  0.193E-28  0.000E+00
     746.0   3/2 -  162.2   1/2    5.6993  783.51    0.2015  112.53    0.870    2.585    583.8  0.471E+01  0.706E+00
     746.0   3/2 -  746.0   3/2    3.2826           -0.2375


    1948.3   3/2 -  162.2   1/2    0.0000    0.00    0.0000    0.00    0.000   -0.000   1786.1  0.355E-14  0.285E-03
    1948.3   3/2 - 1412.9   1/2    5.6395  775.28    0.3468  193.69    0.764    1.797    535.4  0.303E+01  0.937E+00
    1948.3   3/2 -  746.0   3/2    0.0000    0.00    0.0000    0.00    0.000    0.000   1202.3  0.486E-26  0.238E-03
    1948.3   3/2 - 1948.3   3/2    3.3230           -0.3460
    1948.3   3/2 -  989.1   5/2    0.0000    0.00    0.0000    0.00    0.000    0.000    959.1  0.393E-25  0.705E-04


     989.1   5/2 -  162.2   1/2    5.6895  782.16    0.0000    0.00    1.000    0.000    826.9  0.268E+02  0.000E+00
     989.1   5/2 -  746.0   3/2    1.5623  214.77    0.0036    2.02    0.946   -4.203    243.2  0.162E-01  0.917E-03
     989.1   5/2 -  989.1   5/2    4.6765            1.6347
    2254.9   5/2 -  162.2   1/2    0.0000    0.00    0.0000    0.00    1.000    0.000   2092.7  0.864E-14  0.000E+00
    2254.9   5/2 - 1412.9   1/2    6.2120  853.99    0.0000    0.00    1.000    0.000    842.0  0.321E+02  0.000E+00


    2254.9   5/2 -  746.0   3/2    0.0000    0.00    0.0000    0.00    0.000    0.000   1509.0  0.435E-26  0.177E-03
    2254.9   5/2 - 1948.3   3/2    1.1259  154.78    0.0115    6.40    0.865    2.530    306.7  0.372E-01  0.582E-02
    2254.9   5/2 -  989.1   5/2    0.0000    0.00    0.0000    0.00    0.000   -0.000   1265.8  0.238E-24  0.254E-03
    2254.9   5/2 - 2254.9   5/2    3.8650            1.5098
    2823.0   5/2 -  162.2   1/2    0.0000    0.00    0.0000    0.00    1.000    0.000   2660.8  0.798E-15  0.000E+00


    2823.0   5/2 - 1412.9   1/2    0.1729   23.76    0.0000    0.00    1.000    0.000   1410.1  0.118E+02  0.000E+00
    2823.0   5/2 -  746.0   3/2    0.0000    0.00    0.0000    0.00    0.000    0.000   2077.0  0.205E-22  0.776E-05
    2823.0   5/2 - 1948.3   3/2    1.3355  183.59    0.0007    0.36    0.999   32.990    874.8  0.835E+01  0.767E-02
    2823.0   5/2 -  989.1   5/2    0.0000    0.00    0.0000    0.00    0.000   -0.000   1833.9  0.861E-23  0.291E-04
    2823.0   5/2 - 2254.9   5/2    3.0001  412.43    0.0234   13.08    0.966    5.354    568.1  0.217E+01  0.755E-01


    2823.0   5/2 - 2823.0   5/2   -5.0805            0.1824
    2823.0   5/2 - 2322.5   7/2    0.0000    0.00    0.0000    0.00    0.000    0.000    500.5  0.357E-25  0.292E-06
    2823.0   5/2 - 2756.5   9/2    0.0000    0.00    0.0000    0.00    1.000    0.000     66.5  0.690E-29  0.000E+00
    2322.5   7/2 -  746.0   3/2    7.4824 1028.63    0.0000    0.00    1.000    0.000   1576.5  0.889E+03  0.000E+00
    2322.5   7/2 - 1948.3   3/2    0.0000    0.00    0.0000    0.00    1.000    0.000    374.2  0.884E-26  0.000E+00


    2322.5   7/2 -  989.1   5/2    0.8509  116.97    0.2666  148.90    0.797    1.983   1333.4  0.437E+02  0.111E+02
    2322.5   7/2 - 2254.9   5/2    0.0000    0.00    0.0000    0.00    0.000   -0.000     67.6  0.589E-31  0.232E-07
    2322.5   7/2 - 2322.5   7/2    5.1001            0.5806
    2322.5   7/2 - 1835.2  11/2    0.0000    0.00    0.0000    0.00    1.000    0.000    487.3  0.117E-27  0.000E+00
    2756.5   9/2 -  989.1   5/2    8.3434 1147.00    0.0000    0.00    1.000    0.000   1767.4  0.176E+04  0.000E+00


    2756.5   9/2 - 2254.9   5/2    0.0000    0.00    0.0000    0.00    1.000    0.000    501.6  0.612E-26  0.000E+00
    2756.5   9/2 - 2322.5   7/2    0.4176   57.41    0.0057    3.19    0.905   -3.090    434.0  0.785E-01  0.822E-02
    2756.5   9/2 - 2756.5   9/2    5.5398            2.4780
    2756.5   9/2 - 1835.2  11/2    0.0000    0.00    0.0000    0.00    0.000    0.015    921.3  0.173E-26  0.762E-23
    2756.5   9/2 -    0.0  13/2    0.0000    0.00    0.0000    0.00    1.000    0.000   2756.5  0.379E-21  0.000E+00


    1835.2  11/2 - 1835.2  11/2  -10.2052           -0.5157
    1835.2  11/2 -    0.0  13/2    0.0000    0.00    0.4351  243.02    0.000    0.000   1835.2  0.514E-24  0.473E+02
       0.0  13/2 -    0.0  13/2  -10.9574           -0.2960

 TIME=  0.0 SEC
