 PARITY=-   EPS= 0.074   GAMMA= 36.0   EPS4=0.000   EPS6=0.000   LEVELS:  32  33  34  35  36
0   Z= 82   A=207   IQ=1   GSFAC= 0.75   GR=  0.40   MIN SPIN=  1/2   MAX SPIN= 13/2   KMAX= 13/2

 MICR QUADR MOMENTS:  Q0= 222.365  Q2=-124.503 FM**2


   B(E2) AND Q(E2) IN E2B2 AND EB,   B(M1) AND M(M1) INNM2 AND NM,   T(E2) AND T(M1) IN 1/PS

       E1     II      EF     IF     B(E2)             B(M1)              GD        D       EREL    T(E2)      T(M1)
                                             WU               MWU

       0.0   1/2 -    0.0   1/2    0.0000            0.4652
    2388.8   1/2 -    0.0   1/2    0.0000    0.00    0.0036    2.03    0.000    0.000   2388.8  0.000E+00  0.872E+00
    2388.8   1/2 - 2388.8   1/2    0.0000            0.3466
    2388.8   1/2 -  767.2   3/2    0.0000    0.00    0.0044    2.44    0.000    0.000   1621.6  0.156E-19  0.328E+00
    2388.8   1/2 - 1912.1   3/2    0.0000    0.00    0.0095    5.31    0.000   -0.000    476.6  0.103E-28  0.181E-01


    2388.8   1/2 - 2299.2   3/2    0.0000    0.00    0.0007    0.41    0.000   -0.000     89.5  0.159E-24  0.928E-05
    2388.8   1/2 -  704.5   5/2    0.0000    0.00    0.0000    0.00    1.000    0.000   1684.3  0.917E-26  0.000E+00
    2388.8   1/2 - 1874.5   5/2    0.0000    0.00    0.0000    0.00    1.000    0.000    514.3  0.563E-30  0.000E+00
    2411.4   1/2 -    0.0   1/2    0.0000    0.00    0.0053    2.99    0.000    0.000   2411.4  0.000E+00  0.132E+01
    2411.4   1/2 - 2388.8   1/2    0.0000    0.00    0.0039    2.18    0.000    0.000     22.6  0.000E+00  0.797E-06


    2411.4   1/2 - 2411.4   1/2    0.0000            0.4090
    2411.4   1/2 -  767.2   3/2    0.0000    0.00    0.0820   45.82    0.000   -0.000   1644.2  0.631E-18  0.642E+01
    2411.4   1/2 - 1912.1   3/2    0.0000    0.00    0.0181   10.10    0.000   -0.000    499.3  0.115E-26  0.396E-01
    2411.4   1/2 - 2299.2   3/2    0.1840   25.29    0.0364   20.35    0.042    0.210    112.2  0.399E-04  0.905E-03
    2411.4   1/2 -  704.5   5/2    0.0000    0.00    0.0000    0.00    1.000    0.000   1707.0  0.959E-26  0.000E+00


    2411.4   1/2 - 1874.5   5/2    0.0000    0.00    0.0000    0.00    1.000    0.000    537.0  0.578E-30  0.000E+00
     767.2   3/2 -    0.0   1/2    0.1555   21.38    0.1818  101.56    0.259    0.591    767.2  0.504E+00  0.145E+01
     767.2   3/2 -  767.2   3/2    0.3970           -0.1036
     767.2   3/2 -  704.5   5/2    0.0354    4.87    0.0009    0.51    0.095   -0.324     62.8  0.420E-06  0.400E-05
    1912.1   3/2 -    0.0   1/2    0.0045    0.62    0.0033    1.85    0.774   -1.853   1912.1  0.140E+01  0.409E+00


    1912.1   3/2 -  767.2   3/2    0.0817   11.22    0.0332   18.52    0.691   -1.496   1144.9  0.196E+01  0.876E+00
    1912.1   3/2 - 1912.1   3/2   -0.3970            0.9715
    1912.1   3/2 -  704.5   5/2    0.0305    4.19    0.0070    3.92    0.814    2.095   1207.7  0.955E+00  0.218E+00
    1912.1   3/2 - 1874.5   5/2    0.0438    6.03    0.1291   72.13    0.000    0.018     37.7  0.406E-07  0.122E-03
    2299.2   3/2 -    0.0   1/2    0.0000    0.00    0.0031    1.75    0.000    0.000   2299.2  0.148E-17  0.671E+00


    2299.2   3/2 -  767.2   3/2    0.0000    0.00    0.0138    7.71    0.000   -0.000   1532.0  0.554E-18  0.873E+00
    2299.2   3/2 - 1912.1   3/2    0.0000    0.00    0.0225   12.58    0.000   -0.000    387.1  0.665E-27  0.230E-01
    2299.2   3/2 - 2299.2   3/2   -0.4719            0.6570
    2299.2   3/2 -  704.5   5/2    0.0000    0.00    0.0001    0.04    0.000   -0.000   1594.8  0.522E-25  0.526E-02
    2299.2   3/2 - 1874.5   5/2    0.0000    0.00    0.0169    9.45    0.000    0.000    424.8  0.115E-27  0.228E-01


    2299.2   3/2 - 2153.5   7/2    0.0000    0.00    0.0000    0.00    1.000    0.000    145.7  0.158E-30  0.000E+00
     704.5   5/2 -    0.0   1/2    0.1537   21.12    0.0000    0.00    1.000    0.000    704.5  0.325E+00  0.000E+00
     704.5   5/2 -  704.5   5/2    0.6053            1.5202
    1874.5   5/2 -    0.0   1/2    0.0064    0.88    0.0000    0.00    1.000    0.000   1874.5  0.180E+01  0.000E+00
    1874.5   5/2 -  767.2   3/2    0.0210    2.89    0.0054    3.02    0.768    1.817   1107.2  0.426E+00  0.129E+00


    1874.5   5/2 -  704.5   5/2    0.0838   11.52    0.0052    2.93    0.938    3.895   1170.0  0.224E+01  0.148E+00
    1874.5   5/2 - 1874.5   5/2   -0.5720            1.0380
    2565.0   5/2 -    0.0   1/2    0.0000    0.00    0.0000    0.00    1.000    0.000   2565.0  0.163E-17  0.000E+00
    2565.0   5/2 - 2388.8   1/2    0.0000    0.00    0.0000    0.00    1.000    0.000    176.2  0.152E-23  0.000E+00
    2565.0   5/2 - 2411.4   1/2    0.0586    8.06    0.0000    0.00    1.000    0.000    153.6  0.611E-04  0.000E+00


    2565.0   5/2 -  767.2   3/2    0.0000    0.00    0.0003    0.19    0.000    0.000   1797.8  0.589E-18  0.342E-01
    2565.0   5/2 - 1912.1   3/2    0.0000    0.00    0.0019    1.04    0.000    0.000    652.9  0.694E-23  0.915E-02
    2565.0   5/2 - 2299.2   3/2    0.0659    9.06    0.0004    0.24    0.881   -2.721    265.8  0.107E-02  0.144E-03
    2565.0   5/2 -  704.5   5/2    0.0000    0.00    0.0033    1.85    0.000   -0.000   1860.6  0.431E-23  0.375E+00
    2565.0   5/2 - 1874.5   5/2    0.0000    0.00    0.0086    4.82    0.000   -0.000    690.6  0.269E-23  0.500E-01


    2565.0   5/2 - 2565.0   5/2    0.8037            1.3335
    2565.0   5/2 - 2153.5   7/2    0.0000    0.00    0.0143    8.01    0.000   -0.000    411.5  0.353E-24  0.176E-01
    2565.0   5/2 - 2078.9   9/2    0.0000    0.00    0.0000    0.00    1.000    0.000    486.1  0.591E-25  0.000E+00
    2153.5   7/2 -  767.2   3/2    0.1952   26.83    0.0000    0.00    1.000    0.000   1386.3  0.122E+02  0.000E+00
    2153.5   7/2 - 1912.1   3/2    0.0072    0.99    0.0000    0.00    1.000    0.000    241.4  0.717E-04  0.000E+00


    2153.5   7/2 -  704.5   5/2    0.0247    3.39    0.2045  114.24    0.149    0.419   1449.0  0.192E+01  0.110E+02
    2153.5   7/2 - 1874.5   5/2    0.0002    0.03    0.0056    3.14    0.002   -0.045    279.0  0.428E-05  0.215E-02
    2153.5   7/2 - 2153.5   7/2    0.4227            0.7883
    2153.5   7/2 - 2078.9   9/2    0.0012    0.16    0.0033    1.86    0.001   -0.037     74.6  0.337E-07  0.243E-04
    2591.8   7/2 -  767.2   3/2    0.0035    0.48    0.0000    0.00    1.000    0.000   1824.6  0.860E+00  0.000E+00


    2591.8   7/2 - 1912.1   3/2    0.0263    3.62    0.0000    0.00    1.000    0.000    679.7  0.466E-01  0.000E+00
    2591.8   7/2 - 2299.2   3/2    0.0000    0.00    0.0000    0.00    1.000    0.000    292.6  0.250E-27  0.000E+00
    2591.8   7/2 -  704.5   5/2    0.0082    1.13    0.0024    1.32    0.895   -2.924   1887.4  0.239E+01  0.280E+00
    2591.8   7/2 - 1874.5   5/2    0.2466   33.90    0.0361   20.18    0.709    1.560    717.4  0.572E+00  0.235E+00
    2591.8   7/2 - 2565.0   5/2    0.0000    0.00    0.0011    0.62    0.000    0.000     26.8  0.154E-31  0.379E-06


    2591.8   7/2 - 2153.5   7/2    0.0072    0.99    0.0425   23.75    0.022    0.150    438.3  0.142E-02  0.630E-01
    2591.8   7/2 - 2591.8   7/2   -0.0224            1.6149
    2591.8   7/2 - 2078.9   9/2    0.1058   14.54    0.0098    5.47    0.663    1.403    512.9  0.458E-01  0.233E-01
    2078.9   9/2 -  704.5   5/2    0.2180   29.97    0.0000    0.00    1.000    0.000   1374.4  0.130E+02  0.000E+00
    2078.9   9/2 - 1874.5   5/2    0.0078    1.07    0.0000    0.00    1.000    0.000    204.5  0.340E-04  0.000E+00


    2078.9   9/2 - 2078.9   9/2    0.4559            2.3377

 TIME=  0.0 SEC
