 PARITY=-   EPS= 0.369   GAMMA= 21.4   EPS4=0.000   EPS6=0.000   LEVELS:  30  31  32  33  34
0   Z= 82   A=207   IQ=1   GSFAC= 0.75   GR=  0.40   MIN SPIN=  1/2   MAX SPIN= 13/2   KMAX= 13/2

 MICR QUADR MOMENTS:  Q0=2067.287  Q2=-340.138 FM**2


   B(E2) AND Q(E2) IN E2B2 AND EB,   B(M1) AND M(M1) INNM2 AND NM,   T(E2) AND T(M1) IN 1/PS

       E1     II      EF     IF     B(E2)             B(M1)              GD        D       EREL    T(E2)      T(M1)
                                             WU               MWU

      32.1   1/2 -   32.1   1/2    0.0000            0.5822
      32.1   1/2 -    0.0   3/2    2.0685  284.37    0.1700   94.95    0.009   -0.093     32.1  0.855E-06  0.986E-04
       0.0   3/2 -    0.0   3/2    0.8090            0.6703
     225.8   3/2 -   32.1   1/2    7.9283 1089.94    0.2170  121.19    0.487   -0.975    193.7  0.264E-01  0.278E-01
     225.8   3/2 -    0.0   3/2    8.6370 1187.37    0.2042  114.04    0.599    1.223    225.8  0.618E-01  0.414E-01


     225.8   3/2 -  225.8   3/2   -0.8090            0.0571
     730.8   3/2 -   32.1   1/2    0.0000    0.00    0.0003    0.15    0.000   -0.000    698.7  0.216E-22  0.164E-02
     730.8   3/2 -    0.0   3/2    0.0000    0.00    0.0014    0.76    0.000   -0.000    730.8  0.126E-25  0.929E-02
     730.8   3/2 -  225.8   3/2    0.0000    0.00    0.0000    0.00    0.000   -0.000    505.0  0.130E-24  0.127E-04
     730.8   3/2 -  730.8   3/2    4.1810           -0.6266


     730.8   3/2 -  296.0   5/2    0.0000    0.00    0.0008    0.44    0.000   -0.000    434.8  0.185E-24  0.114E-02
     296.0   5/2 -   32.1   1/2    3.2972  453.28    0.0000    0.00    1.000    0.000    263.9  0.515E-01  0.000E+00
     296.0   5/2 -    0.0   3/2   12.8679 1769.01    0.0330   18.43    0.959    4.866    296.0  0.357E+00  0.151E-01
     296.0   5/2 -  225.8   3/2    0.5040   69.29    0.0074    4.13    0.189    0.482     70.2  0.105E-04  0.450E-04
     296.0   5/2 -  296.0   5/2   -1.6544            1.4624


    1228.2   5/2 -   32.1   1/2    0.0000    0.00    0.0000    0.00    1.000    0.000   1196.1  0.324E-21  0.000E+00
    1228.2   5/2 -    0.0   3/2    0.0000    0.00    0.0003    0.17    0.000    0.000   1228.2  0.105E-23  0.995E-02
    1228.2   5/2 -  225.8   3/2    0.0000    0.00    0.0001    0.08    0.000    0.000   1002.4  0.128E-23  0.261E-02
    1228.2   5/2 -  730.8   3/2    0.0000    0.00    0.0007    0.38    0.000    0.000    497.4  0.317E-23  0.149E-02
    1228.2   5/2 -  296.0   5/2    0.0000    0.00    0.0002    0.08    0.000   -0.000    932.2  0.122E-24  0.214E-02


    1228.2   5/2 - 1228.2   5/2    7.4350            1.0429
    1287.4   5/2 -   32.1   1/2    0.0000    0.00    0.0000    0.00    1.000    0.000   1255.4  0.626E-13  0.000E+00
    1287.4   5/2 -    0.0   3/2    0.0000    0.00    0.0001    0.05    0.000    0.000   1287.4  0.119E-13  0.335E-02
    1287.4   5/2 -  225.8   3/2    0.0000    0.00    0.0006    0.34    0.000    0.000   1061.7  0.148E-13  0.129E-01
    1287.4   5/2 -  730.8   3/2   14.5338 1998.03    0.2891  161.49    0.915   -3.286    556.7  0.948E+01  0.878E+00


    1287.4   5/2 -  296.0   5/2    0.0000    0.00    0.0009    0.49    0.000    0.000    991.5  0.218E-14  0.150E-01
    1287.4   5/2 - 1228.2   5/2    0.0000    0.00    0.0007    0.37    0.000   -0.000     59.3  0.955E-18  0.244E-05
    1287.4   5/2 - 1287.4   5/2   -1.3411            0.0437
    1337.6   7/2 -    0.0   3/2    5.1558  708.79    0.0000    0.00    1.000    0.000   1337.6  0.269E+03  0.000E+00
    1337.6   7/2 -  225.8   3/2    4.6322  636.81    0.0000    0.00    1.000    0.000   1111.8  0.960E+02  0.000E+00


    1337.6   7/2 -  730.8   3/2    0.0000    0.00    0.0000    0.00    1.000    0.000    606.9  0.202E-21  0.000E+00
    1337.6   7/2 -  296.0   5/2    0.8665  119.12    0.0764   42.66    0.895   -2.921   1041.7  0.130E+02  0.152E+01
    1337.6   7/2 - 1228.2   5/2    0.0000    0.00    0.0000    0.00    0.000   -0.000    109.5  0.874E-27  0.383E-07
    1337.6   7/2 - 1287.4   5/2    0.0000    0.00    0.0001    0.04    0.000   -0.000     50.2  0.173E-21  0.163E-06
    1337.6   7/2 - 1337.6   7/2   -7.2461            0.5473


    1399.5   7/2 -    0.0   3/2    1.5588  214.30    0.0000    0.00    1.000    0.000   1399.5  0.102E+03  0.000E+00
    1399.5   7/2 -  225.8   3/2    6.1977  852.03    0.0000    0.00    1.000    0.000   1173.7  0.168E+03  0.000E+00
    1399.5   7/2 -  730.8   3/2    0.0000    0.00    0.0000    0.00    1.000    0.000    668.8  0.551E-23  0.000E+00
    1399.5   7/2 -  296.0   5/2    3.9838  547.68    0.1343   75.02    0.962    5.004   1103.5  0.795E+02  0.318E+01
    1399.5   7/2 - 1228.2   5/2    0.0000    0.00    0.0000    0.01    0.000   -0.000    171.4  0.595E-27  0.124E-05


    1399.5   7/2 - 1287.4   5/2    0.0000    0.00    0.0007    0.40    0.000    0.000    112.1  0.344E-18  0.177E-04
    1399.5   7/2 - 1337.6   7/2    0.0245    3.37    0.0572   31.94    0.001   -0.034     61.9  0.272E-06  0.239E-03
    1399.5   7/2 - 1399.5   7/2   -3.2468            1.4093
    1503.3   7/2 -    0.0   3/2    0.0000    0.00    0.0000    0.00    1.000    0.000   1503.3  0.117E-19  0.000E+00
    1503.3   7/2 -  225.8   3/2    0.0000    0.00    0.0000    0.00    1.000    0.000   1277.5  0.134E-19  0.000E+00


    1503.3   7/2 -  730.8   3/2    2.6928  370.19    0.0000    0.00    1.000    0.000    772.5  0.904E+01  0.000E+00
    1503.3   7/2 -  296.0   5/2    0.0000    0.00    0.0000    0.02    0.000    0.000   1207.3  0.818E-20  0.107E-02
    1503.3   7/2 - 1228.2   5/2    0.0000    0.00    0.0046    2.57    0.000    0.000    275.1  0.579E-25  0.168E-02
    1503.3   7/2 - 1287.4   5/2    0.3170   43.58    0.0461   25.75    0.182   -0.471    215.8  0.181E-02  0.816E-02
    1503.3   7/2 - 1337.6   7/2    0.0000    0.00    0.0002    0.10    0.000    0.000    165.6  0.131E-23  0.143E-04


    1503.3   7/2 - 1399.5   7/2    0.0000    0.00    0.0000    0.00    0.000   -0.000    103.7  0.778E-26  0.631E-07
    1503.3   7/2 - 1503.3   7/2    8.2994           -0.0824
    1534.7   9/2 -  296.0   5/2   11.6442 1600.77    0.0000    0.00    1.000    0.000   1238.7  0.414E+03  0.000E+00
    1534.7   9/2 - 1228.2   5/2    0.0000    0.00    0.0000    0.00    1.000    0.000    306.5  0.277E-25  0.000E+00
    1534.7   9/2 - 1287.4   5/2    0.0000    0.00    0.0000    0.00    1.000    0.000    247.2  0.123E-17  0.000E+00


    1534.7   9/2 - 1337.6   7/2    2.6953  370.53    0.0115    6.40    0.864    2.516    197.0  0.977E-02  0.154E-02
    1534.7   9/2 - 1399.5   7/2    2.8519  392.07    0.0296   16.54    0.549    1.104    135.2  0.157E-02  0.129E-02
    1534.7   9/2 - 1503.3   7/2    0.0000    0.00    0.0001    0.08    0.000    0.000     31.4  0.803E-28  0.739E-07
    1534.7   9/2 - 1534.7   9/2   -4.5101            2.2792
    2056.1   9/2 -  296.0   5/2    0.0000    0.00    0.0000    0.00    1.000    0.000   1760.2  0.446E-24  0.000E+00


    2056.1   9/2 - 1228.2   5/2    2.0218  277.95    0.0000    0.00    1.000    0.000    828.0  0.960E+01  0.000E+00
    2056.1   9/2 - 1287.4   5/2    0.0000    0.00    0.0000    0.00    1.000    0.000    768.7  0.459E-13  0.000E+00
    2056.1   9/2 - 1337.6   7/2    0.0000    0.00    0.0000    0.00    0.000    0.000    718.5  0.178E-24  0.237E-04
    2056.1   9/2 - 1399.5   7/2    0.0000    0.00    0.0000    0.03    0.000    0.000    656.6  0.219E-29  0.226E-03
    2056.1   9/2 - 1503.3   7/2    0.0000    0.00    0.0006    0.36    0.000    0.000    552.9  0.131E-27  0.190E-02


    2056.1   9/2 - 1534.7   9/2    0.0000    0.00    0.0000    0.02    0.000    0.000    521.5  0.267E-23  0.854E-04
    2056.1   9/2 - 2056.1   9/2   10.5315            1.8402
    2326.1   9/2 -  296.0   5/2    0.0000    0.00    0.0000    0.00    1.000    0.000   2030.2  0.258E-23  0.000E+00
    2326.1   9/2 - 1228.2   5/2    0.0000    0.00    0.0000    0.00    1.000    0.000   1098.0  0.314E-22  0.000E+00
    2326.1   9/2 - 1287.4   5/2    4.7510  653.14    0.0000    0.00    1.000    0.000   1038.7  0.701E+02  0.000E+00


    2326.1   9/2 - 1337.6   7/2    0.0000    0.00    0.0000    0.00    0.000   -0.000    988.5  0.955E-20  0.610E-04
    2326.1   9/2 - 1399.5   7/2    0.0000    0.00    0.0003    0.17    0.000    0.000    926.6  0.130E-21  0.428E-02
    2326.1   9/2 - 1503.3   7/2   11.0020 1512.49    0.2243  125.27    0.958   -4.798    822.9  0.506E+02  0.220E+01
    2326.1   9/2 - 1534.7   9/2    0.0000    0.00    0.0004    0.20    0.000    0.000    791.5  0.211E-25  0.313E-02
    2326.1   9/2 - 2056.1   9/2    0.0000    0.00    0.0011    0.61    0.000    0.000    270.0  0.282E-25  0.377E-03


    2326.1   9/2 - 2326.1   9/2    2.1442            0.6308

 TIME=  0.0 SEC
