 PARITY=-   EPS= 0.078   GAMMA=  4.0   EPS4=0.000   EPS6=0.000   LEVELS:  32  33  34  35  36
0   Z= 82   A=207   IQ=1   GSFAC= 0.75   GR=  0.40   MIN SPIN=  1/2   MAX SPIN= 13/2   KMAX= 13/2

 MICR QUADR MOMENTS:  Q0= 282.289  Q2= -16.895 FM**2


   B(E2) AND Q(E2) IN E2B2 AND EB,   B(M1) AND M(M1) INNM2 AND NM,   T(E2) AND T(M1) IN 1/PS

       E1     II      EF     IF     B(E2)             B(M1)              GD        D       EREL    T(E2)      T(M1)
                                             WU               MWU

       0.0   1/2 -    0.0   1/2    0.0000            0.4759
     736.1   3/2 -    0.0   1/2    0.1585   21.80    0.0620   34.61    0.490    0.980    736.1  0.418E+00  0.435E+00
     736.1   3/2 -  736.1   3/2   -0.5645            0.7804
     736.1   3/2 -  725.9   5/2    0.0679    9.34    0.1034   57.74    0.000    0.007     10.1  0.883E-10  0.189E-05
     834.2   3/2 -    0.0   1/2    0.0000    0.00    0.2224  124.22    0.000    0.000    834.2  0.153E-22  0.227E+01


     834.2   3/2 -  736.1   3/2    0.0000    0.00    0.1779   99.37    0.000    0.000     98.2  0.342E-27  0.296E-02
     834.2   3/2 -  834.2   3/2    0.5646           -0.3295
     834.2   3/2 -  725.9   5/2    0.0000    0.00    0.0445   24.84    0.000   -0.000    108.3  0.251E-27  0.994E-03
     725.9   5/2 -    0.0   1/2    0.1585   21.80    0.0000    0.00    1.000    0.000    725.9  0.390E+00  0.000E+00
     725.9   5/2 -  725.9   5/2   -0.8065            1.1001


     834.9   5/2 -    0.0   1/2    0.0000    0.00    0.0000    0.00    1.000    0.000    834.9  0.510E-26  0.000E+00
     834.9   5/2 -  736.1   3/2    0.0000    0.00    0.0000    0.00    0.000    0.000     98.8  0.846E-34  0.924E-12
     834.9   5/2 -  834.2   3/2    0.0000    0.00    0.0010    0.58    0.000    0.000      0.7  0.000E+00  0.589E-11
     834.9   5/2 -  725.9   5/2    0.0000    0.00    0.0000    0.00    0.000    0.000    109.0  0.448E-29  0.223E-11
     834.9   5/2 -  834.9   5/2    1.0082            1.1108


    1442.6   5/2 -    0.0   1/2    0.0000    0.00    0.0000    0.00    1.000    0.000   1442.6  0.455E-12  0.000E+00
    1442.6   5/2 -  736.1   3/2    0.0000    0.00    0.1779   99.37    0.000   -0.000    706.5  0.367E-14  0.110E+01
    1442.6   5/2 -  834.2   3/2    0.2718   37.36    0.1509   84.29    0.316   -0.680    608.3  0.276E+00  0.598E+00
    1442.6   5/2 -  725.9   5/2    0.0000    0.00    0.2033  113.57    0.000   -0.000    716.6  0.157E-13  0.132E+01
    1442.6   5/2 -  834.9   5/2    0.0000    0.00    0.0004    0.25    0.000    0.000    607.6  0.211E-13  0.176E-02


    1442.6   5/2 - 1442.6   5/2   -0.2016            0.3304
    1686.6   7/2 -  736.1   3/2    0.0000    0.00    0.0000    0.00    1.000    0.000    950.5  0.347E-29  0.000E+00
    1686.6   7/2 -  834.2   3/2    0.0000    0.00    0.0000    0.00    1.000    0.000    852.3  0.468E-29  0.000E+00
    1686.6   7/2 -  725.9   5/2    0.0000    0.00    0.0000    0.00    0.000    0.000    960.6  0.244E-24  0.409E-08
    1686.6   7/2 -  834.9   5/2    0.2831   38.92    0.0015    0.81    0.990    9.891    851.6  0.155E+01  0.158E-01


    1686.6   7/2 - 1442.6   5/2    0.0000    0.00    0.0008    0.46    0.000   -0.000    244.0  0.220E-15  0.213E-03
    1686.6   7/2 - 1686.6   7/2    0.1883            1.4802
    2294.2   7/2 -  736.1   3/2    0.0000    0.00    0.0000    0.00    1.000    0.000   1558.1  0.287E-27  0.000E+00
    2294.2   7/2 -  834.2   3/2    0.1133   15.57    0.0000    0.00    1.000    0.000   1459.9  0.916E+01  0.000E+00
    2294.2   7/2 -  725.9   5/2    0.0000    0.00    0.1589   88.73    0.000   -0.000   1568.2  0.322E-25  0.108E+02


    2294.2   7/2 -  834.9   5/2    0.0000    0.00    0.0001    0.03    0.000    0.000   1459.2  0.136E-26  0.301E-02
    2294.2   7/2 - 1442.6   5/2    0.1698   23.35    0.2020  112.84    0.297   -0.650    851.6  0.928E+00  0.220E+01
    2294.2   7/2 - 1686.6   7/2    0.0000    0.00    0.0006    0.33    0.000   -0.000    607.6  0.289E-32  0.235E-02
    2294.2   7/2 - 2294.2   7/2   -0.5644            0.8735
    2443.3   7/2 -  736.1   3/2    0.2039   28.03    0.0000    0.00    1.000    0.000   1707.2  0.361E+02  0.000E+00


    2443.3   7/2 -  834.2   3/2    0.0000    0.00    0.0000    0.00    1.000    0.000   1609.0  0.124E-08  0.000E+00
    2443.3   7/2 -  725.9   5/2    0.0227    3.11    0.0797   44.51    0.367    0.762   1717.3  0.413E+01  0.710E+01
    2443.3   7/2 -  834.9   5/2    0.0000    0.00    0.0000    0.00    0.000    0.019   1608.3  0.494E-11  0.141E-07
    2443.3   7/2 - 1442.6   5/2    0.0000    0.00    0.0477   26.62    0.000    0.000   1000.7  0.175E-09  0.841E+00
    2443.3   7/2 - 1686.6   7/2    0.0000    0.00    0.0000    0.00    0.000    0.002    756.7  0.304E-14  0.938E-09


    2443.3   7/2 - 2294.2   7/2    0.0000    0.00    0.2118  118.30    0.000   -0.000    149.1  0.507E-14  0.124E-01
    2443.3   7/2 - 2443.3   7/2   -0.9406            1.4968
    2443.3   7/2 - 2425.0   9/2    0.0171    2.36    0.0957   53.43    0.000    0.006     18.3  0.424E-09  0.102E-04
    2425.0   9/2 -  725.9   5/2    0.2265   31.14    0.0000    0.00    1.000    0.000   1699.1  0.391E+02  0.000E+00
    2425.0   9/2 -  834.9   5/2    0.0000    0.00    0.0000    0.00    1.000    0.000   1590.1  0.178E-09  0.000E+00


    2425.0   9/2 - 1442.6   5/2    0.0000    0.00    0.0000    0.00    1.000    0.000    982.5  0.258E-12  0.000E+00
    2425.0   9/2 - 1686.6   7/2    0.0000    0.00    0.0000    0.00    0.002   -0.040    738.5  0.116E-10  0.733E-08
    2425.0   9/2 - 2294.2   7/2    0.0000    0.00    0.0593   33.12    0.000   -0.000    130.8  0.183E-16  0.234E-02
    2425.0   9/2 - 2425.0   9/2   -1.0261            1.8468
    2781.4   9/2 -  725.9   5/2    0.0000    0.00    0.0000    0.00    1.000    0.000   2055.5  0.103E-17  0.000E+00


    2781.4   9/2 -  834.9   5/2    0.0793   10.90    0.0000    0.00    1.000    0.000   1946.5  0.270E+02  0.000E+00
    2781.4   9/2 - 1442.6   5/2    0.0000    0.00    0.0000    0.00    1.000    0.000   1338.9  0.307E-12  0.000E+00
    2781.4   9/2 - 1686.6   7/2    0.2402   33.02    0.0021    1.18    0.990    9.721   1094.9  0.461E+01  0.488E-01
    2781.4   9/2 - 2294.2   7/2    0.0000    0.00    0.0007    0.40    0.000   -0.000    487.3  0.474E-22  0.147E-02
    2781.4   9/2 - 2443.3   7/2    0.0000    0.00    0.0000    0.00    0.000    0.001    338.2  0.172E-14  0.923E-09


    2781.4   9/2 - 2425.0   9/2    0.0000    0.00    0.0000    0.00    0.000    0.007    356.4  0.152E-13  0.273E-09
    2781.4   9/2 - 2781.4   9/2   -0.2564            1.8593

 TIME=  0.0 SEC
