 PARITY=-   EPS= 0.056   GAMMA= 60.0   EPS4=0.000   EPS6=0.000   LEVELS:  32  33  34  35  36
0   Z= 82   A=207   IQ=1   GSFAC= 0.75   GR=  0.40   MIN SPIN=  1/2   MAX SPIN= 13/2   KMAX= 13/2

 MICR QUADR MOMENTS:  Q0= 200.927  Q2=-246.077 FM**2


   B(E2) AND Q(E2) IN E2B2 AND EB,   B(M1) AND M(M1) INNM2 AND NM,   T(E2) AND T(M1) IN 1/PS

       E1     II      EF     IF     B(E2)             B(M1)              GD        D       EREL    T(E2)      T(M1)
                                             WU               MWU

     167.6   1/2 -  167.6   1/2    0.0000            0.4643
    1932.7   1/2 -  167.6   1/2    0.0000    0.00    0.0203   11.35    0.000    0.000   1765.1  0.000E+00  0.197E+01
    1932.7   1/2 - 1932.7   1/2    0.0000            0.3826
    1932.7   1/2 -  939.1   3/2    0.0000    0.00    0.2608  145.65    0.000   -0.000    993.6  0.779E-09  0.450E+01
    1932.7   1/2 -  872.3   5/2    0.0000    0.00    0.0000    0.00    1.000    0.000   1060.3  0.147E-20  0.000E+00


     939.1   3/2 -  167.6   1/2    0.3213   44.16    0.1587   88.61    0.455    0.914    771.6  0.107E+01  0.128E+01
     939.1   3/2 -  939.1   3/2    0.8037           -0.1303
     939.1   3/2 -  872.3   5/2    0.1377   18.93    0.0005    0.30    0.438   -0.883     66.8  0.223E-05  0.286E-05
    2123.3   3/2 -  167.6   1/2    0.0000    0.00    0.0095    5.29    0.000   -0.000   1955.8  0.109E-18  0.125E+01
    2123.3   3/2 - 1932.7   1/2    0.0000    0.00    0.0097    5.41    0.000   -0.000    190.7  0.442E-23  0.118E-02


    2123.3   3/2 -  939.1   3/2    0.0000    0.00    0.0076    4.23    0.000    0.000   1184.2  0.746E-08  0.222E+00
    2123.3   3/2 - 2123.3   3/2   -0.8037            0.3326
    2123.3   3/2 -  872.3   5/2    0.0000    0.00    0.0019    1.06    0.000    0.000   1251.0  0.769E-20  0.653E-01
    2930.6   3/2 -  167.6   1/2    0.0000    0.00    0.1304   72.82    0.000   -0.000   2763.0  0.565E-06  0.484E+02
    2930.6   3/2 - 1932.7   1/2    0.3213   44.16    0.0427   23.83    0.839    2.280    997.9  0.388E+01  0.746E+00


    2930.6   3/2 -  939.1   3/2    0.0000    0.00    0.1496   83.53    0.000    0.000   1991.4  0.507E-07  0.208E+02
    2930.6   3/2 - 2123.3   3/2    0.0000    0.00    0.0077    4.33    0.000    0.000    807.2  0.518E-08  0.717E-01
    2930.6   3/2 - 2930.6   3/2    0.8037            0.1906
    2930.6   3/2 -  872.3   5/2    0.0000    0.00    0.0012    0.64    0.000   -0.000   2058.2  0.645E-08  0.177E+00
    2930.6   3/2 - 2486.5   5/2    0.1377   18.93    0.0022    1.25    0.894   -2.902    444.0  0.290E-01  0.344E-02


    2930.6   3/2 - 2732.9   5/2    0.0000    0.00    0.0116    6.49    0.000   -0.000    197.7  0.117E-10  0.158E-02
    2930.6   3/2 - 2672.5   7/2    0.0000    0.00    0.0000    0.00    1.000    0.000    258.0  0.120E-11  0.000E+00
     872.3   5/2 -  167.6   1/2    0.3213   44.16    0.0000    0.00    1.000    0.000    704.8  0.681E+00  0.000E+00
     872.3   5/2 -  872.3   5/2    1.1481            1.5255
    2486.5   5/2 -  167.6   1/2    0.0000    0.00    0.0000    0.00    1.000    0.000   2319.0  0.102E-06  0.000E+00


    2486.5   5/2 - 1932.7   1/2    0.3213   44.16    0.0000    0.00    1.000    0.000    553.9  0.204E+00  0.000E+00
    2486.5   5/2 -  939.1   3/2    0.0000    0.00    0.0008    0.43    0.000   -0.000   1547.4  0.102E-08  0.501E-01
    2486.5   5/2 - 2123.3   3/2    0.0000    0.00    0.0013    0.72    0.000    0.000    363.2  0.279E-19  0.109E-02
    2486.5   5/2 -  872.3   5/2    0.0000    0.00    0.0568   31.73    0.000   -0.000   1614.2  0.377E-19  0.421E+01
    2486.5   5/2 - 2486.5   5/2    1.1481            1.3143


    2732.9   5/2 -  167.6   1/2    0.0000    0.00    0.0000    0.00    1.000    0.000   2565.3  0.350E-15  0.000E+00
    2732.9   5/2 - 1932.7   1/2    0.0000    0.00    0.0000    0.00    1.000    0.000    800.2  0.120E-15  0.000E+00
    2732.9   5/2 -  939.1   3/2    0.0000    0.00    0.0076    4.24    0.000   -0.000   1793.8  0.102E-06  0.770E+00
    2732.9   5/2 - 2123.3   3/2    0.5507   75.71    0.0121    6.76    0.921    3.423    609.5  0.565E+00  0.482E-01
    2732.9   5/2 -  872.3   5/2    0.0000    0.00    0.0087    4.84    0.000   -0.000   1860.5  0.803E-16  0.982E+00


    2732.9   5/2 - 2486.5   5/2    0.0000    0.00    0.0089    4.95    0.000   -0.000    246.3  0.396E-18  0.233E-02
    2732.9   5/2 - 2732.9   5/2    0.2870            0.8035
    2732.9   5/2 - 2672.5   7/2    0.0000    0.00    0.0027    1.51    0.000    0.000     60.4  0.635E-24  0.105E-04
    2732.9   5/2 - 2552.2   9/2    0.0000    0.00    0.0000    0.00    1.000    0.000    180.7  0.138E-20  0.000E+00
    2672.5   7/2 -  939.1   3/2    0.4130   56.78    0.0000    0.00    1.000    0.000   1733.4  0.789E+02  0.000E+00


    2672.5   7/2 - 2123.3   3/2    0.0000    0.00    0.0000    0.00    1.000    0.000    549.2  0.116E-20  0.000E+00
    2672.5   7/2 -  872.3   5/2    0.0459    6.31    0.2040  113.94    0.336    0.711   1800.2  0.106E+02  0.209E+02
    2672.5   7/2 - 2486.5   5/2    0.0000    0.00    0.1676   93.63    0.000   -0.000    186.0  0.153E-24  0.190E-01
    2672.5   7/2 - 2672.5   7/2    1.3395            0.6564
    2672.5   7/2 - 2552.2   9/2    0.0348    4.78    0.0005    0.28    0.408   -0.831    120.3  0.107E-04  0.155E-04


    2552.2   9/2 -  872.3   5/2    0.4589   63.09    0.0000    0.00    1.000    0.000   1679.9  0.749E+02  0.000E+00
    2552.2   9/2 - 2486.5   5/2    0.0000    0.00    0.0000    0.00    1.000    0.000     65.7  0.411E-25  0.000E+00
    2552.2   9/2 - 2552.2   9/2    1.4613            2.3911
    2552.2   9/2 -    0.0  13/2    0.0000    0.00    0.0000    0.00    1.000    0.000   2552.2  0.604E-23  0.000E+00
       0.0  13/2 -    0.0  13/2   -2.6120           -0.7153



 TIME=  0.0 SEC
