 PARITY=-   EPS= 0.423   GAMMA= 32.7   EPS4=0.000   EPS6=0.000   LEVELS:  29  30  31  32  33
0   Z= 82   A=207   IQ=1   GSFAC= 0.75   GR=  0.40   MIN SPIN=  1/2   MAX SPIN= 13/2   KMAX= 13/2

 MICR QUADR MOMENTS:  Q0=2054.021  Q2=-559.898 FM**2


   B(E2) AND Q(E2) IN E2B2 AND EB,   B(M1) AND M(M1) INNM2 AND NM,   T(E2) AND T(M1) IN 1/PS

       E1     II      EF     IF     B(E2)             B(M1)              GD        D       EREL    T(E2)      T(M1)
                                             WU               MWU

       0.0   1/2 -    0.0   1/2    0.0000           -0.5395
     509.4   1/2 -    0.0   1/2    0.0000    0.00    0.0140    7.80    0.000    0.000    509.4  0.000E+00  0.325E-01
     509.4   1/2 -  509.4   1/2    0.0000            0.6137
     509.4   1/2 -  194.4   3/2    0.0000    0.00    0.0005    0.26    0.000    0.000    315.0  0.482E-24  0.253E-03
     805.3   1/2 -    0.0   1/2    0.0000    0.00    0.0414   23.15    0.000    0.000    805.3  0.000E+00  0.381E+00


     805.3   1/2 -  509.4   1/2    0.0000    0.00    0.0799   44.62    0.000    0.000    296.0  0.000E+00  0.365E-01
     805.3   1/2 -  805.3   1/2    0.0000            0.5076
     805.3   1/2 -  194.4   3/2    0.0000    0.00    0.0000    0.03    0.000   -0.000    610.9  0.327E-18  0.184E-03
     194.4   3/2 -    0.0   1/2    5.9472  817.59    0.0034    1.90    0.979   -6.770    194.4  0.202E-01  0.440E-03
     194.4   3/2 -  194.4   3/2    3.3591            1.1175


     850.4   3/2 -    0.0   1/2    0.0000    0.00    0.0002    0.10    0.000    0.000    850.4  0.539E-17  0.199E-02
     850.4   3/2 -  509.4   1/2    6.0864  836.72    0.0052    2.90    0.990   -9.718    341.0  0.342E+00  0.362E-02
     850.4   3/2 -  805.3   1/2    0.0000    0.00    0.0000    0.03    0.000   -0.000     45.0  0.199E-22  0.795E-07
     850.4   3/2 -  194.4   3/2    0.0000    0.00    0.0012    0.66    0.000    0.000    655.9  0.148E-21  0.589E-02
     850.4   3/2 -  850.4   3/2    3.2728            0.5065


     991.7   3/2 -    0.0   1/2    3.6936  507.77    0.0014    0.81    0.999  -41.684    991.7  0.432E+02  0.249E-01
     991.7   3/2 -  509.4   1/2    0.0000    0.00    0.0117    6.51    0.000   -0.000    482.3  0.690E-24  0.230E-01
     991.7   3/2 -  805.3   1/2    0.0000    0.00    0.0123    6.88    0.000   -0.000    186.4  0.305E-21  0.140E-02
     991.7   3/2 -  194.4   3/2    4.0288  553.86    0.0013    0.72    0.999   37.136    797.3  0.158E+02  0.115E-01
     991.7   3/2 -  850.4   3/2    0.0000    0.00    0.0090    5.04    0.000   -0.000    141.3  0.693E-25  0.448E-03


     991.7   3/2 -  991.7   3/2   -3.3591            0.9561
     991.7   3/2 -  883.6   5/2    9.5909 1318.51    0.0364   20.33    0.681   -1.460    108.1  0.172E-02  0.808E-03
     883.6   5/2 -    0.0   1/2    7.4084 1018.47    0.0000    0.00    1.000    0.000    883.6  0.487E+02  0.000E+00
     883.6   5/2 -  509.4   1/2    0.0000    0.00    0.0000    0.00    1.000    0.000    374.3  0.228E-23  0.000E+00
     883.6   5/2 -  805.3   1/2    0.0000    0.00    0.0000    0.00    1.000    0.000     78.3  0.713E-23  0.000E+00


     883.6   5/2 -  194.4   3/2    2.6962  370.66    0.1491   83.29    0.856    2.440    689.2  0.512E+01  0.859E+00
     883.6   5/2 -  850.4   3/2    0.0000    0.00    0.0167    9.33    0.000    0.000     33.3  0.837E-28  0.108E-04
     883.6   5/2 -  883.6   5/2   -0.2024            0.4704
    1338.0   5/2 -    0.0   1/2    0.0000    0.00    0.0000    0.00    1.000    0.000   1338.0  0.700E-16  0.000E+00
    1338.0   5/2 -  509.4   1/2    8.1352 1118.38    0.0000    0.00    1.000    0.000    828.6  0.388E+02  0.000E+00


    1338.0   5/2 -  805.3   1/2    0.0000    0.00    0.0000    0.00    1.000    0.000    532.6  0.643E-17  0.000E+00
    1338.0   5/2 -  194.4   3/2    0.0000    0.00    0.0153    8.53    0.000    0.000   1143.6  0.450E-20  0.402E+00
    1338.0   5/2 -  850.4   3/2    1.9038  261.72    0.2157  120.49    0.593   -1.206    487.6  0.640E+00  0.440E+00
    1338.0   5/2 -  991.7   3/2    0.0000    0.00    0.0046    2.58    0.000   -0.000    346.3  0.460E-23  0.338E-02
    1338.0   5/2 -  883.6   5/2    0.0000    0.00    0.0009    0.48    0.000    0.000    454.3  0.465E-23  0.143E-02


    1338.0   5/2 - 1338.0   5/2   -0.2390            0.6060
    1385.2   5/2 -    0.0   1/2    0.0000    0.00    0.0000    0.00    1.000    0.000   1385.2  0.547E-17  0.000E+00
    1385.2   5/2 -  509.4   1/2    0.0000    0.00    0.0000    0.00    1.000    0.000    875.8  0.147E-18  0.000E+00
    1385.2   5/2 -  805.3   1/2    3.5355  486.04    0.0000    0.00    1.000    0.000    579.8  0.283E+01  0.000E+00
    1385.2   5/2 -  194.4   3/2    0.0000    0.00    0.0081    4.55    0.000    0.000   1190.7  0.938E-20  0.242E+00


    1385.2   5/2 -  850.4   3/2    0.0000    0.00    0.0041    2.27    0.000   -0.000    534.8  0.268E-20  0.109E-01
    1385.2   5/2 -  991.7   3/2    0.0000    0.00    0.0002    0.11    0.000   -0.000    393.5  0.646E-23  0.202E-03
    1385.2   5/2 -  883.6   5/2    0.0000    0.00    0.0109    6.08    0.000   -0.000    501.5  0.347E-22  0.242E-01
    1385.2   5/2 - 1338.0   5/2    0.0000    0.00    0.0216   12.04    0.000    0.000     47.2  0.360E-25  0.398E-04
    1385.2   5/2 - 1385.2   5/2    6.9028            1.5228


    1385.2   5/2 - 1354.0   7/2    0.0000    0.00    0.0000    0.02    0.000   -0.000     31.2  0.178E-27  0.173E-07
    1354.0   7/2 -  194.4   3/2   10.2615 1410.69    0.0000    0.00    1.000    0.000   1159.5  0.262E+03  0.000E+00
    1354.0   7/2 -  850.4   3/2    0.0000    0.00    0.0000    0.00    1.000    0.000    503.6  0.537E-23  0.000E+00
    1354.0   7/2 -  991.7   3/2    0.7991  109.86    0.0000    0.00    1.000    0.000    362.3  0.608E-01  0.000E+00
    1354.0   7/2 -  883.6   5/2    0.0380    5.22    0.0142    7.96    0.290    0.639    470.3  0.107E-01  0.261E-01


    1354.0   7/2 - 1338.0   5/2    0.0000    0.00    0.0009    0.50    0.000    0.000     16.0  0.215E-29  0.641E-07
    1354.0   7/2 - 1354.0   7/2   -0.2343            1.9473
    1821.0   7/2 -  194.4   3/2    0.0000    0.00    0.0000    0.00    1.000    0.000   1626.6  0.174E-21  0.000E+00
    1821.0   7/2 -  850.4   3/2    0.0000    0.00    0.0000    0.00    1.000    0.000    970.7  0.589E-21  0.000E+00
    1821.0   7/2 -  991.7   3/2    0.0000    0.00    0.0000    0.00    1.000    0.000    829.4  0.189E-20  0.000E+00


    1821.0   7/2 -  883.6   5/2    0.0000    0.00    0.0032    1.79    0.000   -0.000    937.4  0.589E-22  0.464E-01
    1821.0   7/2 - 1338.0   5/2    0.0000    0.00    0.0409   22.86    0.000    0.000    483.1  0.272E-20  0.812E-01
    1821.0   7/2 - 1385.2   5/2    8.0300 1103.92    0.0285   15.93    0.974    6.089    435.9  0.154E+01  0.416E-01
    1821.0   7/2 - 1354.0   7/2    0.0000    0.00    0.0000    0.01    0.000   -0.000    467.1  0.419E-27  0.231E-04
    1821.0   7/2 - 1821.0   7/2    0.0110            1.5240


    2081.3   7/2 -  194.4   3/2    0.0000    0.00    0.0000    0.00    1.000    0.000   1886.9  0.306E-21  0.000E+00
    2081.3   7/2 -  850.4   3/2   10.3626 1424.59    0.0000    0.00    1.000    0.000   1231.0  0.357E+03  0.000E+00
    2081.3   7/2 -  991.7   3/2    0.0000    0.00    0.0000    0.00    1.000    0.000   1089.6  0.485E-23  0.000E+00
    2081.3   7/2 -  883.6   5/2    0.0000    0.00    0.0012    0.66    0.000    0.000   1197.7  0.352E-23  0.355E-01
    2081.3   7/2 - 1338.0   5/2    0.0018    0.25    0.0154    8.62    0.043    0.213    743.3  0.504E-02  0.112E+00


    2081.3   7/2 - 1385.2   5/2    0.0000    0.00    0.0003    0.18    0.000   -0.000    696.2  0.207E-24  0.191E-02
    2081.3   7/2 - 1354.0   7/2    0.0000    0.00    0.0001    0.07    0.000   -0.000    727.4  0.467E-25  0.835E-03
    2081.3   7/2 - 1821.0   7/2    0.0000    0.00    0.0236   13.18    0.000    0.000    260.3  0.509E-28  0.732E-02
    2081.3   7/2 - 2081.3   7/2   -0.4492            1.6665
    2258.6   9/2 -  883.6   5/2   13.7304 1887.58    0.0000    0.00    1.000    0.000   1374.9  0.823E+03  0.000E+00


    2258.6   9/2 - 1338.0   5/2    0.0000    0.00    0.0000    0.00    1.000    0.000    920.6  0.523E-21  0.000E+00
    2258.6   9/2 - 1385.2   5/2    0.0000    0.00    0.0000    0.00    1.000    0.000    873.4  0.376E-24  0.000E+00
    2258.6   9/2 - 1354.0   7/2    0.7089   97.46    0.1918  107.10    0.677    1.448    904.6  0.524E+01  0.250E+01
    2258.6   9/2 - 1821.0   7/2    0.0000    0.00    0.0384   21.44    0.000    0.000    437.5  0.151E-27  0.566E-01
    2258.6   9/2 - 2081.3   7/2    0.0000    0.00    0.0224   12.49    0.000    0.000    177.2  0.556E-26  0.219E-02


    2258.6   9/2 - 2258.6   9/2   -1.1627            1.2025
    2631.0   9/2 -  883.6   5/2    0.0000    0.00    0.0000    0.00    1.000    0.000   1747.4  0.166E-19  0.000E+00
    2631.0   9/2 - 1338.0   5/2   13.7683 1892.79    0.0000    0.00    1.000    0.000   1293.0  0.607E+03  0.000E+00
    2631.0   9/2 - 1385.2   5/2    0.0000    0.00    0.0000    0.00    1.000    0.000   1245.9  0.134E-17  0.000E+00
    2631.0   9/2 - 1354.0   7/2    0.0000    0.00    0.0220   12.29    0.000    0.000   1277.1  0.504E-22  0.806E+00


    2631.0   9/2 - 1821.0   7/2    0.0000    0.00    0.1480   82.64    0.000   -0.000    810.0  0.534E-24  0.138E+01
    2631.0   9/2 - 2081.3   7/2    0.7074   97.25    0.3124  174.50    0.322   -0.689    549.7  0.433E+00  0.913E+00
    2631.0   9/2 - 2258.6   9/2    0.0000    0.00    0.0016    0.89    0.000   -0.000    372.4  0.316E-24  0.146E-02
    2631.0   9/2 - 2631.0   9/2   -1.2889            1.2427
    2944.6   9/2 -  883.6   5/2    0.0000    0.00    0.0000    0.00    1.000    0.000   2060.9  0.133E-25  0.000E+00


    2944.6   9/2 - 1338.0   5/2    0.0000    0.00    0.0000    0.00    1.000    0.000   1606.6  0.307E-22  0.000E+00
    2944.6   9/2 - 1385.2   5/2    0.0000    0.00    0.0000    0.00    1.000    0.000   1559.4  0.705E-21  0.000E+00
    2944.6   9/2 - 1354.0   7/2    0.0000    0.00    0.0000    0.00    0.000   -0.003   1590.6  0.202E-25  0.205E-20
    2944.6   9/2 - 1821.0   7/2    0.0000    0.00    0.0000    0.00    0.000   -0.016   1123.5  0.208E-22  0.771E-19
    2944.6   9/2 - 2081.3   7/2    0.0000    0.00    0.0000    0.00    0.000   -0.020    863.3  0.997E-25  0.246E-21


    2944.6   9/2 - 2258.6   9/2    0.0000    0.00    0.0000    0.00    0.007    0.083    686.0  0.114E-22  0.164E-20
    2944.6   9/2 - 2631.0   9/2    0.0000    0.00    0.0000    0.00    0.011   -0.107    313.6  0.354E-23  0.311E-21
    2944.6   9/2 - 2944.6   9/2   -9.7534            0.3082
    2972.2  11/2 - 1354.0   7/2   14.7531 2028.17    0.0000    0.00    1.000    0.000   1618.3  0.200E+04  0.000E+00
    2972.2  11/2 - 1821.0   7/2    0.0000    0.00    0.0000    0.00    1.000    0.000   1151.2  0.103E-21  0.000E+00


    2972.2  11/2 - 2081.3   7/2    0.0000    0.00    0.0000    0.00    1.000    0.000    890.9  0.721E-25  0.000E+00
    2972.2  11/2 - 2258.6   9/2    0.0523    7.19    0.0136    7.57    0.577    1.167    713.7  0.118E+00  0.867E-01
    2972.2  11/2 - 2631.0   9/2    0.0000    0.00    0.0016    0.90    0.000   -0.000    341.2  0.194E-28  0.113E-02
    2972.2  11/2 - 2944.6   9/2    0.0000    0.00    0.0000    0.00    0.001    0.028     27.6  0.284E-32  0.365E-29
    2972.2  11/2 - 2972.2  11/2   -1.3313            2.7820



 TIME=  0.0 SEC
