 PARITY=-   EPS= 0.426   GAMMA=  2.6   EPS4=0.000   EPS6=0.000   LEVELS:  30  31  32  33  34
0   Z= 82   A=207   IQ=1   GSFAC= 0.75   GR=  0.40   MIN SPIN=  1/2   MAX SPIN= 13/2   KMAX= 13/2

 MICR QUADR MOMENTS:  Q0=2737.413  Q2= -46.497 FM**2


   B(E2) AND Q(E2) IN E2B2 AND EB,   B(M1) AND M(M1) INNM2 AND NM,   T(E2) AND T(M1) IN 1/PS

       E1     II      EF     IF     B(E2)             B(M1)              GD        D       EREL    T(E2)      T(M1)
                                             WU               MWU

    1681.6   1/2 - 1681.6   1/2    0.0000            0.8212
    1681.6   1/2 - 1447.6   3/2   29.8153 4098.84    0.5540  309.40    0.671   -1.429    234.0  0.255E+00  0.125E+00
    1447.6   3/2 - 1447.6   3/2   -5.4748           -0.5259
    1447.6   3/2 -    0.0   7/2    0.0000    0.00    0.0000    0.00    1.000    0.000   1447.6  0.210E-10  0.000E+00
       0.0   7/2 -    0.0   7/2   12.7747           -0.7598


    2508.3   7/2 - 1447.6   3/2   19.1672 2634.99    0.0000    0.00    1.000    0.000   1060.7  0.314E+03  0.000E+00
    2508.3   7/2 -    0.0   7/2    0.0000    0.00    0.0000    0.00    0.999  -26.147   2508.3  0.401E-08  0.587E-11
    2508.3   7/2 - 2508.3   7/2   -9.1247            0.2109
    2508.3   7/2 - 1095.0   9/2    0.0000    0.00    0.0000    0.00    0.991  -10.411   1413.3  0.296E-09  0.273E-11
    2508.3   7/2 - 2433.2  11/2    0.0000    0.00    0.0000    0.00    1.000    0.000     75.1  0.321E-16  0.000E+00


    1095.0   9/2 -    0.0   7/2   25.2978 3477.80    0.3232  180.50    0.985   -8.066   1095.0  0.486E+03  0.747E+01
    1095.0   9/2 - 1095.0   9/2    4.9772            0.0266
    2433.2  11/2 -    0.0   7/2    5.4212  745.28    0.0000    0.00    1.000    0.000   2433.2  0.564E+04  0.000E+00
    2433.2  11/2 - 1095.0   9/2   25.5408 3511.21    0.4958  276.90    0.985   -7.997   1338.2  0.134E+04  0.209E+02
    2433.2  11/2 - 2433.2  11/2    0.3010            0.6929



 TIME=  0.0 SEC
