 PARITY=-   EPS= 0.479   GAMMA=  0.0   EPS4=0.000   EPS6=0.000   LEVELS:  32  33  34  35  36
0   Z= 82   A=207   IQ=0   GSFAC= 0.75   GR=  0.40   MIN SPIN=  1/2   MAX SPIN= 13/2   KMAX= 13/2

 MACR QUADR MOMENTS:  Q0=2204.519  Q2=   0.000 FM**2


   B(E2) AND Q(E2) IN E2B2 AND EB,   B(M1) AND M(M1) INNM2 AND NM,   T(E2) AND T(M1) IN 1/PS

       E1     II      EF     IF     B(E2)             B(M1)              GD        D       EREL    T(E2)      T(M1)
                                             WU               MWU

       0.0   1/2 -    0.0   1/2    0.0000            0.6680
      78.5   3/2 -    0.0   1/2    3.8468  528.83    0.2388  133.37    0.064   -0.262     78.5  0.140E-03  0.204E-02
      78.5   3/2 -   78.5   3/2    0.9006            0.2394
     292.5   3/2 -    0.0   1/2    5.8217  800.34    0.3759  209.96    0.479   -0.958    292.5  0.152E+00  0.166E+00
     292.5   3/2 -   78.5   3/2    9.2651 1273.71    0.2910  162.51    0.503    1.005    213.9  0.507E-01  0.502E-01


     292.5   3/2 -  292.5   3/2   -0.9006           -0.0956
     697.1   5/2 -    0.0   1/2    1.6010  220.09    0.0000    0.00    1.000    0.000    697.1  0.321E+01  0.000E+00
     697.1   5/2 -   78.5   3/2   10.9716 1508.32    0.0117    6.53    0.996   15.776    618.5  0.121E+02  0.487E-01
     697.1   5/2 -  292.5   3/2    3.3158  455.83    0.0060    3.38    0.984    7.886    404.6  0.439E+00  0.705E-02
     697.1   5/2 -  697.1   5/2   -2.3569            1.3546


    1157.1   5/2 -    0.0   1/2    8.0675 1109.07    0.0000    0.00    1.000    0.000   1157.1  0.204E+03  0.000E+00
    1157.1   5/2 -   78.5   3/2    0.1075   14.78    0.0023    1.27    0.974    6.179   1078.6  0.191E+01  0.501E-01
    1157.1   5/2 -  292.5   3/2    4.9420  679.40    0.0016    0.90    0.999   39.941    864.6  0.291E+02  0.183E-01
    1157.1   5/2 -  697.1   5/2    0.8588  118.06    0.0244   13.65    0.838   -2.270    460.0  0.216E+00  0.419E-01
    1157.1   5/2 - 1157.1   5/2   -5.5164            1.8747


    1157.1   5/2 - 1085.4   7/2    0.0000    0.00    0.0000    0.00    0.373    0.771     71.8  0.310E-29  0.522E-29
    1085.4   7/2 -   78.5   3/2    0.0000    0.00    0.0000    0.00    1.000    0.000   1006.8  0.361E-23  0.000E+00
    1085.4   7/2 -  292.5   3/2    0.0000    0.00    0.0000    0.00    1.000    0.000    792.9  0.570E-24  0.000E+00
    1085.4   7/2 -  697.1   5/2    0.0000    0.00    0.0000    0.00    0.978    6.731    388.3  0.593E-25  0.131E-26
    1085.4   7/2 - 1085.4   7/2   10.2878           -0.7720


    1359.6   7/2 -   78.5   3/2    9.0996 1250.97    0.0000    0.00    1.000    0.000   1281.0  0.383E+03  0.000E+00
    1359.6   7/2 -  292.5   3/2    0.9308  127.96    0.0000    0.00    1.000    0.000   1067.1  0.157E+02  0.000E+00
    1359.6   7/2 -  697.1   5/2    5.2789  725.71    0.0291   16.23    0.982   -7.435    662.5  0.822E+01  0.149E+00
    1359.6   7/2 - 1157.1   5/2    0.0031    0.43    0.4242  236.94    0.000    0.014    202.4  0.130E-04  0.619E-01
    1359.6   7/2 - 1085.4   7/2    0.0000    0.00    0.0000    0.00    0.284   -0.629    274.2  0.310E-26  0.782E-26


    1359.6   7/2 - 1359.6   7/2   -6.0713            0.6688
    1831.9   7/2 -   78.5   3/2    0.0046    0.63    0.0000    0.00    1.000    0.000   1753.4  0.923E+00  0.000E+00
    1831.9   7/2 -  292.5   3/2    9.3020 1278.78    0.0000    0.00    1.000    0.000   1539.5  0.981E+03  0.000E+00
    1831.9   7/2 -  697.1   5/2    3.5936  494.03    0.1290   72.06    0.961    4.987   1134.9  0.825E+02  0.332E+01
    1831.9   7/2 - 1157.1   5/2    2.8647  393.82    0.2369  132.32    0.792   -1.954    674.8  0.489E+01  0.128E+01


    1831.9   7/2 - 1085.4   7/2    0.0000    0.00    0.0000    0.00    0.608    1.245    746.6  0.146E-24  0.941E-25
    1831.9   7/2 - 1359.6   7/2    0.4525   62.21    0.1895  105.85    0.270    0.608    472.4  0.130E+00  0.352E+00
    1831.9   7/2 - 1831.9   7/2   -5.6862            0.9033
    2182.6   9/2 -  697.1   5/2    0.0000    0.00    0.0000    0.00    1.000    0.000   1485.6  0.257E-20  0.000E+00
    2182.6   9/2 - 1157.1   5/2    0.0000    0.00    0.0000    0.00    1.000    0.000   1025.5  0.152E-22  0.000E+00


    2182.6   9/2 - 1085.4   7/2   16.4071 2255.56    0.3269  182.55    0.977   -6.472   1097.3  0.318E+03  0.760E+01
    2182.6   9/2 - 1359.6   7/2    0.0000    0.00    0.0000    0.00    0.992   11.366    823.1  0.401E-22  0.310E-24
    2182.6   9/2 - 1831.9   7/2    0.0000    0.00    0.0000    0.00    0.982    7.384    350.7  0.481E-24  0.883E-26
    2182.6   9/2 - 2182.6   9/2    4.0082            0.0166
    2569.5   9/2 -  697.1   5/2   10.9305 1502.67    0.0000    0.00    1.000    0.000   1872.4  0.307E+04  0.000E+00


    2569.5   9/2 - 1157.1   5/2    0.1672   22.99    0.0000    0.00    1.000    0.000   1412.3  0.115E+02  0.000E+00
    2569.5   9/2 - 1085.4   7/2    0.0000    0.00    0.0000    0.00    0.991  -10.519   1484.1  0.233E-20  0.210E-22
    2569.5   9/2 - 1359.6   7/2    3.3856  465.44    0.0120    6.70    0.997   16.927   1209.9  0.107E+03  0.374E+00
    2569.5   9/2 - 1831.9   7/2    2.1235  291.93    0.0129    7.20    0.984    7.878    737.5  0.565E+01  0.911E-01
    2569.5   9/2 - 2182.6   9/2    0.0000    0.00    0.0000    0.00    0.160   -0.436    386.8  0.713E-24  0.375E-23


    2569.5   9/2 - 2569.5   9/2   -6.4410            2.1407

 TIME=  0.0 SEC
