 PARITY=-   EPS= 0.037   GAMMA= 30.0   EPS4=0.000   EPS6=0.000   LEVELS:  32  33  34  35  36
0   Z= 82   A=207   IQ=0   GSFAC= 0.75   GR=  0.40   MIN SPIN=  1/2   MAX SPIN= 13/2   KMAX= 13/2

 MACR QUADR MOMENTS:  Q0= 107.117  Q2= -41.882 FM**2


   B(E2) AND Q(E2) IN E2B2 AND EB,   B(M1) AND M(M1) INNM2 AND NM,   T(E2) AND T(M1) IN 1/PS

       E1     II      EF     IF     B(E2)             B(M1)              GD        D       EREL    T(E2)      T(M1)
                                             WU               MWU

    1617.9   1/2 - 1617.9   1/2    0.0000            0.4786
    2348.8   3/2 - 1617.9   1/2    0.0298    4.09    0.0597   33.35    0.156    0.429    730.8  0.757E-01  0.410E+00
    2348.8   3/2 - 2348.8   3/2   -0.0026            0.3371
    2348.8   3/2 - 2327.9   5/2    0.0000    0.00    0.0240   13.39    0.000   -0.000     20.9  0.263E-12  0.383E-05
    3060.2   3/2 - 1617.9   1/2    0.0000    0.00    0.0128    7.13    0.002   -0.050   1442.3  0.165E-02  0.674E+00


    3060.2   3/2 - 2348.8   3/2    0.0286    3.94    0.0570   31.82    0.150   -0.420    711.5  0.637E-01  0.361E+00
    3060.2   3/2 - 3060.2   3/2    0.0053            0.6209
    3060.2   3/2 - 2327.9   5/2    0.0129    1.77    0.0119    6.65    0.287    0.634    732.3  0.331E-01  0.823E-01
    3060.2   3/2 - 2950.2   5/2    0.0000    0.00    0.0488   27.27    0.000    0.001    110.0  0.233E-08  0.114E-02
    3060.2   3/2 - 2678.6   7/2    0.0000    0.00    0.0000    0.00    1.000    0.000    381.7  0.468E-15  0.000E+00


    2327.9   5/2 - 1617.9   1/2    0.0291    4.00    0.0000    0.00    1.000    0.000    710.0  0.640E-01  0.000E+00
    2327.9   5/2 - 2327.9   5/2    0.0202            1.3744
    2327.9   5/2 - 1692.0   9/2    0.0000    0.00    0.0000    0.00    1.000    0.000    635.9  0.553E-17  0.000E+00
    2950.2   5/2 - 1617.9   1/2    0.0005    0.07    0.0000    0.00    1.000    0.000   1332.3  0.258E-01  0.000E+00
    2950.2   5/2 - 2348.8   3/2    0.0050    0.69    0.0210   11.73    0.056    0.244    601.5  0.479E-02  0.805E-01


    2950.2   5/2 - 2327.9   5/2    0.0233    3.20    0.0079    4.41    0.442    0.890    622.3  0.265E-01  0.335E-01
    2950.2   5/2 - 2950.2   5/2    0.0953            0.9988
    2950.2   5/2 - 2678.6   7/2    0.0000    0.00    0.0000    0.00    0.000    0.010    271.7  0.231E-18  0.234E-14
    2950.2   5/2 - 1692.0   9/2    0.0000    0.00    0.0000    0.00    1.000    0.000   1258.2  0.286E-15  0.000E+00
    2678.6   7/2 - 2348.8   3/2    0.0000    0.00    0.0000    0.00    1.000    0.000    329.8  0.701E-18  0.000E+00


    2678.6   7/2 - 2327.9   5/2    0.0000    0.00    0.0000    0.00    0.000    0.013    350.7  0.971E-19  0.581E-15
    2678.6   7/2 - 2678.6   7/2   -0.4484           -2.3040
    2678.6   7/2 - 1692.0   9/2    0.0030    0.41    0.0482   26.90    0.040    0.203    986.5  0.337E-01  0.814E+00
    2678.6   7/2 -    0.0  11/2    0.0223    3.07    0.0000    0.00    1.000    0.000   2678.6  0.376E+02  0.000E+00
    1692.0   9/2 - 1692.0   9/2   -0.5744           -1.1787


    1692.0   9/2 -    0.0  11/2    0.0055    0.76    0.2536  141.64    0.041   -0.207   1692.0  0.931E+00  0.216E+02
    1692.0   9/2 - 1012.4  13/2    0.0168    2.31    0.0000    0.00    1.000    0.000    679.6  0.297E-01  0.000E+00
    1692.0   9/2 - 1508.5  13/2    0.0082    1.13    0.0000    0.00    1.000    0.000    183.5  0.208E-04  0.000E+00
       0.0  11/2 -    0.0  11/2   -0.6086           -1.7709
    1012.4  13/2 -    0.0  11/2    0.0098    1.35    0.1425   79.58    0.047    0.221   1012.4  0.128E+00  0.260E+01


    1012.4  13/2 - 1012.4  13/2   -0.6128           -0.5497
    1508.5  13/2 -    0.0  11/2    0.0207    2.85    0.2539  141.78    0.114    0.359   1508.5  0.198E+01  0.153E+02
    1508.5  13/2 - 1012.4  13/2    0.0031    0.42    0.0038    2.12    0.121   -0.372    496.1  0.113E-02  0.815E-02
    1508.5  13/2 - 1508.5  13/2   -0.4318           -1.0326

 TIME=  0.0 SEC
