 PARITY=-   EPS= 0.219   GAMMA= 45.9   EPS4=0.000   EPS6=0.000   LEVELS:  25  26  27  28  29  30  31  32  33  34  35  36  37  38  39
0   Z= 82   A=207   IQ=0   GSFAC= 0.75   GR=  0.40   MIN SPIN=  1/2   MAX SPIN= 13/2   KMAX= 13/2

 MACR QUADR MOMENTS:  Q0= 511.868  Q2=-318.178 FM**2


   B(E2) AND Q(E2) IN E2B2 AND EB,   B(M1) AND M(M1) INNM2 AND NM,   T(E2) AND T(M1) IN 1/PS

       E1     II      EF     IF     B(E2)             B(M1)              GD        D       EREL    T(E2)      T(M1)
                                             WU               MWU

     129.0   1/2 -  129.0   1/2    0.0000            0.5800
     129.0   1/2 -   33.7   3/2    0.1919   26.38    0.2453  137.01    0.005   -0.070     95.3  0.184E-04  0.374E-02
     129.0   1/2 -  113.9   3/2    1.1394  156.64    0.0442   24.68    0.004    0.064     15.1  0.111E-07  0.270E-05
     129.0   1/2 -    0.0   5/2    0.6699   92.10    0.0000    0.00    1.000    0.000    129.0  0.293E-03  0.000E+00
     900.9   1/2 -  129.0   1/2    0.0000    0.00    0.0098    5.47    0.000    0.000    771.9  0.000E+00  0.793E-01


     900.9   1/2 -  900.9   1/2    0.0000            0.5008
     900.9   1/2 -   33.7   3/2    0.0651    8.95    0.2229  124.49    0.132   -0.390    867.2  0.389E+00  0.256E+01
     900.9   1/2 -  113.9   3/2    0.0342    4.70    0.0271   15.14    0.351   -0.736    787.0  0.126E+00  0.233E+00
     900.9   1/2 -    0.0   5/2    0.1085   14.92    0.0000    0.00    1.000    0.000    900.9  0.786E+00  0.000E+00
    1889.0   1/2 -  129.0   1/2    0.0000    0.00    0.0642   35.86    0.000    0.000   1759.9  0.000E+00  0.616E+01


    1889.0   1/2 -  900.9   1/2    0.0000    0.00    0.0001    0.06    0.000    0.000    988.1  0.000E+00  0.178E-02
    1889.0   1/2 - 1889.0   1/2    0.0000            0.5207
    1889.0   1/2 -   33.7   3/2    0.1173   16.13    0.1148   64.12    0.709    1.561   1855.2  0.315E+02  0.129E+02
    1889.0   1/2 -  113.9   3/2    0.0745   10.24    0.4821  269.24    0.252    0.581   1775.1  0.160E+02  0.475E+02
    1889.0   1/2 -    0.0   5/2    0.2263   31.12    0.0000    0.00    1.000    0.000   1889.0  0.664E+02  0.000E+00


    1889.0   1/2 -  975.8   5/2    0.0007    0.09    0.0000    0.00    1.000    0.000    913.2  0.520E-02  0.000E+00
    1889.0   1/2 - 1565.6   5/2    0.0196    2.69    0.0000    0.00    1.000    0.000    323.4  0.846E-03  0.000E+00
    1889.0   1/2 - 1675.5   5/2    0.1058   14.55    0.0000    0.00    1.000    0.000    213.4  0.572E-03  0.000E+00
      33.7   3/2 -   33.7   3/2   -0.7440           -0.8781
      33.7   3/2 -    0.0   5/2    0.7784  107.01    0.0059    3.28    0.095    0.324     33.7  0.415E-06  0.397E-05


     113.9   3/2 -   33.7   3/2    0.4053   55.71    0.1277   71.31    0.014   -0.119     80.2  0.164E-04  0.116E-02
     113.9   3/2 -  113.9   3/2    0.7453            0.4301
     113.9   3/2 -    0.0   5/2    0.5057   69.52    0.0624   34.86    0.068    0.270    113.9  0.118E-03  0.162E-02
       0.0   5/2 -    0.0   5/2    0.8608            1.0354
     975.8   5/2 -  129.0   1/2    0.4481   61.60    0.0000    0.00    1.000    0.000    846.7  0.238E+01  0.000E+00


     975.8   5/2 -  900.9   1/2    0.0001    0.02    0.0000    0.00    1.000    0.000     74.9  0.317E-08  0.000E+00
     975.8   5/2 -   33.7   3/2    0.5017   68.97    0.0046    2.57    0.985    8.188    942.0  0.454E+01  0.677E-01
     975.8   5/2 -  113.9   3/2    0.0123    1.69    0.3560  198.80    0.017   -0.133    861.9  0.712E-01  0.401E+01
     975.8   5/2 -    0.0   5/2    0.1258   17.29    0.0711   39.70    0.539    1.081    975.8  0.136E+01  0.116E+01
     975.8   5/2 -  975.8   5/2    1.0862           -0.0370


     975.8   5/2 -  749.3   7/2    0.4271   58.71    0.0287   16.05    0.346    0.727    226.5  0.310E-02  0.587E-02
     975.8   5/2 -  759.0   9/2    0.0367    5.05    0.0000    0.00    1.000    0.000    216.8  0.215E-03  0.000E+00
    1565.6   5/2 -  129.0   1/2    0.0062    0.86    0.0000    0.00    1.000    0.000   1436.5  0.466E+00  0.000E+00
    1565.6   5/2 -  900.9   1/2    0.7426  102.08    0.0000    0.00    1.000    0.000    664.6  0.117E+01  0.000E+00
    1565.6   5/2 -   33.7   3/2    0.0000    0.00    0.0004    0.24    0.034   -0.188   1531.8  0.950E-03  0.270E-01


    1565.6   5/2 -  113.9   3/2    0.0332    4.57    0.0303   16.91    0.616   -1.266   1451.7  0.261E+01  0.163E+01
    1565.6   5/2 -    0.0   5/2    0.0365    5.02    0.0143    8.00    0.812   -2.081   1565.6  0.419E+01  0.967E+00
    1565.6   5/2 -  975.8   5/2    0.0168    2.31    0.0506   28.28    0.074   -0.283    589.8  0.147E-01  0.183E+00
    1565.6   5/2 - 1565.6   5/2    1.4624            1.2168
    1565.6   5/2 -  749.3   7/2    0.0000    0.00    0.1375   76.78    0.000    0.004    816.2  0.208E-04  0.132E+01


    1565.6   5/2 -  991.6   7/2    0.0518    7.13    0.0076    4.27    0.608   -1.245    573.9  0.394E-01  0.254E-01
    1565.6   5/2 -  759.0   9/2    0.0220    3.02    0.0000    0.00    1.000    0.000    806.6  0.915E-01  0.000E+00
    1675.5   5/2 -  129.0   1/2    0.0040    0.55    0.0000    0.00    1.000    0.000   1546.5  0.434E+00  0.000E+00
    1675.5   5/2 -  900.9   1/2    0.0118    1.62    0.0000    0.00    1.000    0.000    774.6  0.401E-01  0.000E+00
    1675.5   5/2 -   33.7   3/2    0.0990   13.61    0.0029    1.60    0.985    8.047   1641.8  0.144E+02  0.223E+00


    1675.5   5/2 -  113.9   3/2    0.0068    0.94    0.0162    9.02    0.417    0.846   1561.6  0.774E+00  0.108E+01
    1675.5   5/2 -    0.0   5/2    0.0951   13.08    0.0019    1.08    0.990    9.783   1675.5  0.153E+02  0.160E+00
    1675.5   5/2 -  975.8   5/2    0.0630    8.66    0.0016    0.89    0.931   -3.664    699.8  0.129E+00  0.960E-02
    1675.5   5/2 - 1565.6   5/2    0.2295   31.56    0.0412   23.03    0.045    0.216    110.0  0.451E-04  0.965E-03
    1675.5   5/2 - 1675.5   5/2   -1.3763            0.6322


    1675.5   5/2 -  749.3   7/2    0.0025    0.34    0.0969   54.12    0.015   -0.123    926.2  0.205E-01  0.136E+01
    1675.5   5/2 -  991.6   7/2    0.1243   17.08    0.0361   20.18    0.527    1.056    683.9  0.227E+00  0.203E+00
    1675.5   5/2 -  759.0   9/2    0.0022    0.30    0.0000    0.00    1.000    0.000    916.6  0.171E-01  0.000E+00
    2509.6   5/2 -  129.0   1/2    0.1111   15.28    0.0000    0.00    1.000    0.000   2380.5  0.104E+03  0.000E+00
    2509.6   5/2 -  900.9   1/2    0.0005    0.06    0.0000    0.00    1.000    0.000   1608.6  0.620E-01  0.000E+00


    2509.6   5/2 - 1889.0   1/2    0.0042    0.58    0.0000    0.00    1.000    0.000    620.6  0.473E-02  0.000E+00
    2509.6   5/2 -   33.7   3/2    0.0163    2.24    0.0004    0.23    0.994   12.890   2475.8  0.185E+02  0.111E+00
    2509.6   5/2 -  113.9   3/2    0.0371    5.10    0.0266   14.86    0.847   -2.354   2395.7  0.357E+02  0.644E+01
    2509.6   5/2 -    0.0   5/2    0.0012    0.17    0.0003    0.15    0.952    4.475   2509.6  0.151E+01  0.754E-01
    2509.6   5/2 -  975.8   5/2    0.0800   11.00    0.0671   37.48    0.660    1.394   1533.8  0.828E+01  0.426E+01


    2509.6   5/2 - 1565.6   5/2    0.0043    0.60    0.0038    2.15    0.410   -0.834    944.0  0.396E-01  0.569E-01
    2509.6   5/2 - 1675.5   5/2    0.1950   26.80    0.0722   40.30    0.566    1.141    834.0  0.960E+00  0.737E+00
    2509.6   5/2 - 2509.6   5/2    0.3516            0.9057
    2509.6   5/2 -  749.3   7/2    0.0075    1.03    0.0674   37.67    0.192    0.487   1760.2  0.154E+01  0.647E+01
    2509.6   5/2 -  991.6   7/2    0.0278    3.83    0.0064    3.55    0.875    2.644   1517.9  0.274E+01  0.391E+00


    2509.6   5/2 -  759.0   9/2    0.0012    0.16    0.0000    0.00    1.000    0.000   1750.6  0.232E+00  0.000E+00
     749.3   7/2 -   33.7   3/2    0.6174   84.88    0.0000    0.00    1.000    0.000    715.6  0.141E+01  0.000E+00
     749.3   7/2 -  113.9   3/2    0.1440   19.80    0.0000    0.00    1.000    0.000    635.4  0.182E+00  0.000E+00
     749.3   7/2 -    0.0   5/2    0.2070   28.46    0.2521  140.82    0.242    0.565    749.3  0.597E+00  0.187E+01
     749.3   7/2 -  749.3   7/2    1.5772           -0.4731


     991.6   7/2 -   33.7   3/2    0.0087    1.19    0.0000    0.00    1.000    0.000    957.9  0.852E-01  0.000E+00
     991.6   7/2 -  113.9   3/2    0.6999   96.22    0.0000    0.00    1.000    0.000    877.7  0.445E+01  0.000E+00
     991.6   7/2 -    0.0   5/2    0.3924   53.95    0.0004    0.21    0.999  -26.706    991.6  0.459E+01  0.644E-02
     991.6   7/2 -  975.8   5/2    0.0124    1.70    0.0136    7.61    0.000   -0.013     15.9  0.152E-09  0.958E-06
     991.6   7/2 -  749.3   7/2    0.0461    6.34    0.0556   31.08    0.033   -0.184    242.3  0.470E-03  0.139E-01


     991.6   7/2 -  991.6   7/2    1.4881            1.4755
     991.6   7/2 -  759.0   9/2    0.3087   42.43    0.0299   16.68    0.279    0.623    232.7  0.257E-02  0.662E-02
    2571.6   7/2 -   33.7   3/2    0.0556    7.64    0.0000    0.00    1.000    0.000   2537.9  0.714E+02  0.000E+00
    2571.6   7/2 -  113.9   3/2    0.0991   13.62    0.0000    0.00    1.000    0.000   2457.7  0.108E+03  0.000E+00
    2571.6   7/2 -    0.0   5/2    0.0002    0.03    0.0103    5.75    0.086    0.307   2571.6  0.291E+00  0.308E+01


    2571.6   7/2 -  975.8   5/2    0.0001    0.01    0.0002    0.08    0.543    1.089   1595.8  0.128E-01  0.108E-01
    2571.6   7/2 - 1565.6   5/2    0.0260    3.57    0.0008    0.45    0.957    4.741   1006.0  0.327E+00  0.145E-01
    2571.6   7/2 - 1675.5   5/2    1.0937  150.36    0.0683   38.15    0.899    2.985    896.1  0.771E+01  0.865E+00
    2571.6   7/2 - 2509.6   5/2    0.0070    0.97    0.0887   49.53    0.000   -0.015     62.0  0.789E-07  0.373E-03
    2571.6   7/2 -  749.3   7/2    0.0119    1.63    0.0107    5.99    0.718   -1.597   1822.3  0.291E+01  0.114E+01


    2571.6   7/2 -  991.6   7/2    0.0745   10.24    0.0181   10.11    0.877    2.668   1580.0  0.895E+01  0.126E+01
    2571.6   7/2 - 2571.6   7/2    0.2154            1.1328
    2571.6   7/2 -  759.0   9/2    0.0096    1.32    0.0001    0.08    0.993  -12.143   1812.6  0.230E+01  0.156E-01
    2571.6   7/2 - 2239.6  11/2    0.0000    0.00    0.0000    0.00    1.000    0.000    332.0  0.442E-06  0.000E+00
    2829.7   7/2 -   33.7   3/2    0.0128    1.76    0.0000    0.00    1.000    0.000   2796.0  0.267E+02  0.000E+00


    2829.7   7/2 -  113.9   3/2    0.0051    0.70    0.0000    0.00    1.000    0.000   2715.8  0.914E+01  0.000E+00
    2829.7   7/2 -    0.0   5/2    0.0023    0.32    0.0587   32.78    0.179   -0.467   2829.7  0.510E+01  0.234E+02
    2829.7   7/2 -  975.8   5/2    0.0080    1.11    0.0501   27.97    0.277    0.619   1854.0  0.215E+01  0.562E+01
    2829.7   7/2 - 1565.6   5/2    0.0822   11.30    0.1187   66.30    0.434    0.876   1264.2  0.324E+01  0.422E+01
    2829.7   7/2 - 1675.5   5/2    0.0316    4.34    0.0139    7.78    0.677    1.447   1154.2  0.789E+00  0.377E+00


    2829.7   7/2 - 2509.6   5/2    0.0368    5.06    0.0354   19.79    0.069    0.272    320.2  0.151E-02  0.205E-01
    2829.7   7/2 -  749.3   7/2    0.0010    0.13    0.0103    5.74    0.218   -0.528   2080.4  0.455E+00  0.163E+01
    2829.7   7/2 -  991.6   7/2    0.0003    0.04    0.0566   31.62    0.012   -0.109   1838.1  0.735E-01  0.619E+01
    2829.7   7/2 - 2571.6   7/2    0.0094    1.30    0.0159    8.86    0.027   -0.166    258.1  0.132E-03  0.480E-02
    2829.7   7/2 - 2829.7   7/2    1.9911            0.1123


    2829.7   7/2 -  759.0   9/2    0.0002    0.03    0.0018    0.98    0.291   -0.641   2070.8  0.112E+00  0.274E+00
    2829.7   7/2 - 2627.6   9/2    0.0353    4.85    0.0386   21.58    0.025    0.161    202.2  0.145E-03  0.562E-02
    2829.7   7/2 - 2667.3   9/2    0.0424    5.83    0.0384   21.43    0.020   -0.142    162.4  0.584E-04  0.289E-02
    2829.7   7/2 - 2239.6  11/2    0.0183    2.52    0.0000    0.00    1.000    0.000    590.2  0.160E-01  0.000E+00
    2829.7   7/2 - 2711.9  11/2    0.0000    0.00    0.0000    0.00    1.000    0.000    117.9  0.130E-08  0.000E+00


     759.0   9/2 -    0.0   5/2    0.9416  129.44    0.0000    0.00    1.000    0.000    759.0  0.289E+01  0.000E+00
     759.0   9/2 -  749.3   7/2    0.1071   14.72    0.0019    1.08    0.004    0.060      9.7  0.110E-09  0.307E-07
     759.0   9/2 -  759.0   9/2    1.9244            1.8453
    2627.6   9/2 -    0.0   5/2    0.0174    2.39    0.0000    0.00    1.000    0.000   2627.6  0.265E+02  0.000E+00
    2627.6   9/2 -  975.8   5/2    0.4640   63.78    0.0000    0.00    1.000    0.000   1651.8  0.696E+02  0.000E+00


    2627.6   9/2 - 1565.6   5/2    0.2795   38.42    0.0000    0.00    1.000    0.000   1062.0  0.461E+01  0.000E+00
    2627.6   9/2 - 1675.5   5/2    0.0933   12.82    0.0000    0.00    1.000    0.000    952.0  0.890E+00  0.000E+00
    2627.6   9/2 - 2509.6   5/2    0.0270    3.72    0.0000    0.00    1.000    0.000    118.0  0.755E-05  0.000E+00
    2627.6   9/2 -  749.3   7/2    0.1564   21.50    0.0002    0.12    0.999  -43.090   1878.2  0.446E+02  0.240E-01
    2627.6   9/2 -  991.6   7/2    0.0326    4.48    0.1397   78.04    0.302    0.657   1635.9  0.465E+01  0.108E+02


    2627.6   9/2 - 2571.6   7/2    0.0086    1.18    0.0342   19.09    0.001    0.023     56.0  0.573E-07  0.105E-03
    2627.6   9/2 -  759.0   9/2    0.0144    1.98    0.0004    0.22    0.989   -9.495   1868.6  0.399E+01  0.443E-01
    2627.6   9/2 - 2627.6   9/2    1.9911            1.4767
    2627.6   9/2 - 2239.6  11/2    0.0871   11.98    0.2641  147.52    0.033    0.186    388.0  0.934E-02  0.271E+00
    2627.6   9/2 - 2052.4  13/2    0.0000    0.00    0.0000    0.00    1.000    0.000    575.2  0.348E-11  0.000E+00


    2627.6   9/2 - 2254.7  13/2    0.0431    5.92    0.0000    0.00    1.000    0.000    372.8  0.378E-02  0.000E+00
    2667.3   9/2 -    0.0   5/2    0.0190    2.61    0.0000    0.00    1.000    0.000   2667.3  0.312E+02  0.000E+00
    2667.3   9/2 -  975.8   5/2    0.4792   65.87    0.0000    0.00    1.000    0.000   1691.6  0.810E+02  0.000E+00
    2667.3   9/2 - 1565.6   5/2    0.3256   44.76    0.0000    0.00    1.000    0.000   1101.8  0.645E+01  0.000E+00
    2667.3   9/2 - 1675.5   5/2    0.1027   14.12    0.0000    0.00    1.000    0.000    991.8  0.120E+01  0.000E+00


    2667.3   9/2 - 2509.6   5/2    0.0043    0.59    0.0000    0.00    1.000    0.000    157.8  0.516E-05  0.000E+00
    2667.3   9/2 -  749.3   7/2    0.1092   15.01    0.0006    0.32    0.998  -22.041   1918.0  0.346E+02  0.712E-01
    2667.3   9/2 -  991.6   7/2    0.0029    0.40    0.2146  119.85    0.026    0.162   1675.7  0.466E+00  0.178E+02
    2667.3   9/2 - 2571.6   7/2    0.0725    9.97    0.0101    5.65    0.044   -0.213     95.7  0.711E-05  0.156E-03
    2667.3   9/2 -  759.0   9/2    0.0050    0.69    0.0358   20.00    0.262    0.595   1908.4  0.155E+01  0.438E+01


    2667.3   9/2 - 2627.6   9/2    0.0107    1.48    0.1223   68.30    0.000    0.010     39.8  0.131E-07  0.136E-03
    2667.3   9/2 - 2667.3   9/2    2.0318            0.9735
    2667.3   9/2 - 2239.6  11/2    0.0849   11.67    0.0154    8.62    0.411   -0.835    427.8  0.148E-01  0.213E-01
    2667.3   9/2 - 2052.4  13/2    0.0000    0.00    0.0000    0.00    1.000    0.000    615.0  0.603E-11  0.000E+00
    2667.3   9/2 - 2254.7  13/2    0.0095    1.31    0.0000    0.00    1.000    0.000    412.6  0.139E-02  0.000E+00


    2239.6  11/2 -  749.3   7/2    1.1339  155.88    0.0000    0.00    1.000    0.000   1490.3  0.102E+03  0.000E+00
    2239.6  11/2 -  991.6   7/2    0.0160    2.20    0.0000    0.00    1.000    0.000   1247.9  0.591E+00  0.000E+00
    2239.6  11/2 -  759.0   9/2    0.0664    9.13    0.2744  153.28    0.269    0.607   1480.6  0.577E+01  0.157E+02
    2239.6  11/2 - 2239.6  11/2    2.1286            0.1485
    2239.6  11/2 - 2052.4  13/2    0.0000    0.00    0.0000    0.00    0.284    0.630    187.2  0.527E-14  0.133E-13


    2711.9  11/2 -  749.3   7/2    0.0002    0.03    0.0000    0.00    1.000    0.000   1962.6  0.799E-01  0.000E+00
    2711.9  11/2 -  991.6   7/2    1.0383  142.73    0.0000    0.00    1.000    0.000   1720.2  0.191E+03  0.000E+00
    2711.9  11/2 - 2571.6   7/2    0.0057    0.79    0.0000    0.00    1.000    0.000    140.3  0.380E-05  0.000E+00
    2711.9  11/2 -  759.0   9/2    0.2134   29.34    0.0009    0.51    0.998  -24.957   1952.9  0.739E+02  0.119E+00
    2711.9  11/2 - 2627.6   9/2    0.0089    1.22    0.0186   10.40    0.002   -0.048     84.3  0.461E-06  0.196E-03


    2711.9  11/2 - 2667.3   9/2    0.0158    2.17    0.0010    0.54    0.022    0.150     44.5  0.338E-07  0.150E-05
    2711.9  11/2 - 2239.6  11/2    0.0079    1.08    0.0372   20.80    0.032   -0.181    472.3  0.226E-02  0.691E-01
    2711.9  11/2 - 2711.9  11/2    1.9627            2.2929
    2711.9  11/2 - 2052.4  13/2    0.0000    0.00    0.0000    0.00    0.824    2.167    659.5  0.135E-10  0.288E-11
    2711.9  11/2 - 2254.7  13/2    0.1421   19.54    0.0251   13.99    0.451    0.907    457.2  0.346E-01  0.421E-01


    2052.4  13/2 -  759.0   9/2    0.0000    0.00    0.0000    0.00    1.000    0.000   1293.4  0.215E-08  0.000E+00
    2052.4  13/2 - 2052.4  13/2   -3.5713           -1.1755
    2254.7  13/2 -  759.0   9/2    1.1797  162.18    0.0000    0.00    1.000    0.000   1495.7  0.108E+03  0.000E+00
    2254.7  13/2 - 2239.6  11/2    0.0369    5.08    0.0019    1.05    0.003    0.056     15.1  0.357E-09  0.114E-06
    2254.7  13/2 - 2052.4  13/2    0.0000    0.00    0.0000    0.00    0.039    0.201    202.3  0.100E-11  0.248E-10


    2254.7  13/2 - 2254.7  13/2    2.2966            2.5327

 TIME=  0.0 SEC
