 PARITY=-   EPS= 0.392   GAMMA=  3.3   EPS4=0.000   EPS6=0.000   LEVELS:  30  31  32  33  34
0   Z= 82   A=207   IQ=1   GSFAC= 0.75   GR=  0.40   MIN SPIN=  1/2   MAX SPIN= 13/2   KMAX= 13/2

 MICR QUADR MOMENTS:  Q0=2481.534  Q2= -52.705 FM**2


   B(E2) AND Q(E2) IN E2B2 AND EB,   B(M1) AND M(M1) INNM2 AND NM,   T(E2) AND T(M1) IN 1/PS

       E1     II      EF     IF     B(E2)             B(M1)              GD        D       EREL    T(E2)      T(M1)
                                             WU               MWU

    2334.4   1/2 - 2334.4   1/2    0.0000            0.8881
    2334.4   1/2 - 1915.7   3/2   24.5014 3368.31    0.7658  427.72    0.795   -1.971    418.6  0.384E+01  0.989E+00
    1915.7   3/2 - 1915.7   3/2   -4.9632           -0.6972
    1915.7   3/2 -    0.0   7/2    0.0000    0.00    0.0000    0.00    1.000    0.000   1915.7  0.182E-10  0.000E+00
       0.0   7/2 -    0.0   7/2   11.5806           -0.7514


    2853.3   7/2 - 1915.7   3/2   15.7513 2165.40    0.0000    0.00    1.000    0.000    937.6  0.139E+03  0.000E+00
    2853.3   7/2 -    0.0   7/2    0.0000    0.00    0.0000    0.00    1.000 -439.136   2853.3  0.616E-10  0.321E-15
    2853.3   7/2 - 2853.3   7/2   -8.2718            0.0374
    2853.3   7/2 - 1095.0   9/2    0.0000    0.00    0.0000    0.00    0.993  -11.985   1758.3  0.627E-21  0.437E-23
    2853.3   7/2 - 2433.2  11/2    0.0000    0.00    0.0000    0.00    1.000    0.000    420.1  0.621E-23  0.000E+00


    1095.0   9/2 -    0.0   7/2   20.7894 2858.01    0.3207  179.09    0.982   -7.340   1095.0  0.399E+03  0.741E+01
    1095.0   9/2 - 1095.0   9/2    4.5121            0.0334
    2433.2  11/2 -    0.0   7/2    4.4554  612.50    0.0000    0.00    1.000    0.000   2433.2  0.464E+04  0.000E+00
    2433.2  11/2 - 1095.0   9/2   20.9887 2885.40    0.4919  274.74    0.981   -7.278   1338.2  0.110E+04  0.207E+02
    2433.2  11/2 - 2433.2  11/2    0.2733            0.6987



 TIME=  0.0 SEC
