1SPECTRUM OF (Z= 81 A=207) IN PARTICLE-ROTOR  MODEL WITH MODIFIED OSCILLATOR POTENTIAL


 PARITY=+   EPS= 0.842   GAMMA= 34.0   EPS4=0.000   EPS6=0.000   LEVELS:  19  20  21  22  23

 PAIRING FACTORS: GN0= 19.20  GN1=  7.40  IPAIR= 15 ***  E2PLUS(INPUT)=   0.210  E2PLUR(INPUT)=   0.000

 CORIOLIS ATTENUATION PARAMETERS:  CHSI=1.000  ETA=  1.00

 MOMENT OF INERTIA PARAMETERS:   A1=  0.095 MEV   A2=  0.018 MEV   A3=  0.05820 MEV


 DELTA=0.864 MEV  LAMBDA=40.2788 MEV   HW0= 7.0052 MEV   LAMBDA/HW0= 5.7498

 E2ENERGY=0.210 MEV  HBAR**2/B=26165./A**(7/3)=4423.2/A**2 MEV

 IREC=0  =>  RECOIL TERMS j+j-, j+j+, jzjz, ETC TREATED AS ONE-BODY OPERATORS WITH UU+VV PAIRING FACTORS



 S. P. LEVEL   EQP       U     V        (UU + VV)**1.00

     19       1.780    0.251 0.968      1.000 0.978 0.825 0.623 0.573
     20       1.082    0.446 0.895      0.978 1.000 0.924 0.772 0.731
     21       0.872    0.754 0.657      0.825 0.924 1.000 0.956 0.936
     22       1.161    0.913 0.407      0.623 0.772 0.956 1.000 0.998
     23       1.320    0.937 0.349      0.573 0.731 0.936 0.998 1.000

  R CORE   ENERGY   A0R/A00=1.000    R3= 0     2  
   2( 1)    0.210                    0.716-0.698
   2( 2)    0.475                    0.698 0.716

  R CORE   ENERGY   A0R/A00=1.000    R3= 0     2  
   3( 1)    0.685                    0.000 1.000

  R CORE   ENERGY   A0R/A00=1.000    R3= 0     2     4  
   4( 1)    0.584                   -0.663 0.706-0.249

  R CORE   ENERGY   A0R/A00=1.000    R3= 0     2     4  
   5( 1)    1.315                    0.000 0.716-0.698

  R CORE   ENERGY   A0R/A00=1.000    R3= 0     2     4     6  
   6( 1)    1.098                   -0.610 0.702-0.358 0.083
 

             ENERGY     K= 1/2
 
 I=  1/2+ (1)  2.191  19: 0.103
                      23:-0.995
 
 I=  1/2+ (2)  2.314  19: 0.995
                      23: 0.103

             ENERGY     K= 1/2  -3/2
 
 I=  3/2+ (1)  2.301  19:-0.099 0.046
                      23: 0.732-0.672
 
 I=  3/2+ (2)  2.349  20:-0.866-0.484
                      22: 0.109 0.058

             ENERGY     K= 5/2   1/2  -3/2
 
 I=  5/2+ (1)  2.417  19:-0.026 0.082-0.126
                      23: 0.312-0.698 0.627
 
 I=  5/2+ (2)  2.517  19: 0.277-0.927-0.041
                      23: 0.075-0.196-0.131

             ENERGY     K= 5/2   1/2  -3/2  -7/2
 
 I=  7/2+ (1)  2.123  20:-0.235-0.797-0.552-0.056
 
 I=  7/2+ (2)  2.640  19:-0.124 0.061 0.018 0.005
                      23: 0.413-0.673 0.562-0.204

             ENERGY     K= 9/2   5/2   1/2  -3/2  -7/2
 
 I=  9/2+ (1)  2.428  21:-0.043-0.345-0.728-0.571-0.153
 
 I=  9/2+ (2)  2.429  20:-0.057-0.574-0.329 0.695 0.272

             ENERGY     K= 9/2   5/2   1/2  -3/2  -7/2 -11/2
 
 I= 11/2+ (1)  2.571  20: 0.080-0.055-0.861-0.486 0.116 0.021
 
 I= 11/2+ (2)  2.830  21: 0.216 0.617 0.232-0.566-0.441-0.064

             ENERGY     K=13/2   9/2   5/2   1/2  -3/2  -7/2 -11/2
 
 I= 13/2+ (1)  1.658  21:-0.005-0.084-0.381-0.694-0.569-0.203-0.025
 
 I= 13/2+ (2)  2.907  20: 0.018 0.101-0.508-0.380 0.755 0.097-0.080

             ENERGY     K=13/2   9/2   5/2   1/2  -3/2  -7/2 -11/2
  21 LEVELS    TIME=  0.0 SEC



 ******************* EXCITATION ENERGIES, DOMINANT CONFIGURATION AND EXPECTATION VALUES (WITH S.P. UU+VV FACTORS) *******************

  NR  Eex(keV)  I   Kdom  NY    <Jz>  <Jx**2> <Jy**2> <Jz**2> <I.j>/|I|  <Rx**2> <Ry**2> <Rz**2> <R.j>/|R|  <HROTx> <HROTy> <HROTz>

   1    0.0  13/2+   1/2  21    0.02   61.06    7.98    1.88    7.15       3.28   12.30    4.30   -4.72      0.311   0.225   0.250
   2  464.5   7/2+   1/2  20   -0.11   16.85   14.71    1.42    2.88       6.06   17.15    2.64   -4.24      0.574   0.314   0.154
   3  532.1   1/2+   1/2  23   -0.04    2.63    2.08    9.09    0.03       2.97    2.14    9.38   -3.62      0.281   0.039   0.546
   4  642.3   3/2+   1/2  23   -0.04    2.62    2.09    9.08   -0.14       3.11    4.78   10.20   -3.31      0.294   0.087   0.594
   5  655.3   1/2+   1/2  19    0.07    3.13   10.84    1.78    0.78       2.40   10.79    1.96   -3.87      0.227   0.197   0.114
  
   6  691.1   3/2+   1/2  20   -0.09   16.42   15.07    1.32    2.48       9.05   15.86    2.05   -5.39      0.857   0.290   0.119
   7  725.6   3/2+   3/2  23   -0.04    2.56    2.48    8.82    0.13       4.29    2.70   10.09   -3.29      0.406   0.049   0.587
   8  758.9   5/2+   1/2  23   -0.04    2.59    2.23    8.99    0.17       3.50    7.43   10.64   -2.87      0.332   0.136   0.619
   9  769.8   9/2+   1/2  21    0.02   61.06    7.98    1.88    6.96      12.04   10.59    3.81   -7.06      1.141   0.194   0.222
  10  770.7   9/2+   3/2  20   -0.11   16.83   14.72    1.42    2.24       6.25   23.69    5.53   -3.67      0.592   0.433   0.322
  
  11  858.8   5/2+   1/2  19    0.07    3.22   10.29    2.16    0.64       3.59   14.18    2.85   -3.03      0.340   0.259   0.166
  12  869.9   5/2+   3/2  20   -0.09   16.38   15.09    1.32    1.64       9.17   18.61    4.07   -4.95      0.868   0.340   0.237
  13  912.6  11/2+   1/2  20   -0.12   16.95   14.61    1.46    2.70       9.44   24.60    2.49   -2.80      0.894   0.450   0.145
  14  981.5   7/2+   1/2  23   -0.04    2.65    2.14    9.02   -0.15       3.79   15.41   11.52   -2.60      0.359   0.282   0.670
  15 1088.0   7/2+   3/2  19    0.07    3.16   10.39    2.12    0.28       3.67   21.02    4.47   -2.69      0.347   0.384   0.260
  
  16 1145.6   9/2+   1/2  23   -0.04    2.58    2.24    8.99    0.18       4.12   20.51   12.16   -2.13      0.390   0.375   0.708
  17 1172.0  11/2+   5/2  21    0.02   61.06    7.98    1.88    5.77      12.19   17.08    8.44   -5.93      1.154   0.312   0.491
  18 1213.5  11/2+   5/2  20   -0.11   16.87   14.68    1.44    2.12       7.80   25.59   10.02   -3.08      0.739   0.468   0.583
  19 1248.5  13/2+   3/2  20   -0.11   16.90   14.65    1.44    2.08       8.74   39.04    4.87   -2.54      0.828   0.714   0.283
  20 1525.0   1/2+   1/2  20   -0.59   14.92   14.56    2.62   -1.15      16.93   14.46    3.46   -5.61      1.604   0.265   0.201
  
  21 1651.7  13/2+   7/2  21    0.02   61.06    7.98    1.88    4.93      12.37   24.44   14.07   -5.12      1.172   0.447   0.819
