1SPECTRUM OF (Z= 81 A=207) IN PARTICLE-ROTOR  MODEL WITH MODIFIED OSCILLATOR POTENTIAL


 PARITY=+   EPS= 0.569   GAMMA= 13.0   EPS4=0.000   EPS6=0.000   LEVELS:  19  20  21  22

 PAIRING FACTORS: GN0= 19.20  GN1=  7.40  IPAIR= 15 ***  E2PLUS(INPUT)=   0.210  E2PLUR(INPUT)=   0.000

 CORIOLIS ATTENUATION PARAMETERS:  CHSI=0.000  ETA=  1.00

 MOMENT OF INERTIA PARAMETERS:   A1=  0.044 MEV   A2=  0.026 MEV   A3=  0.46816 MEV


 DELTA=0.854 MEV  LAMBDA=39.9764 MEV   HW0= 6.7048 MEV   LAMBDA/HW0= 5.9623

 E2ENERGY=0.210 MEV  HBAR**2/B=15553./A**(7/3)=2629.2/A**2 MEV

 IREC=1  =>  RECOIL TERMS j+j-, j+j+, jzjz, ETC TREATED AS TWO-BODY OPERATORS WITH APPROPRIATE PAIRING FACTORS



 S. P. LEVEL   EQP       U     V        (UU + VV)**1.00

     19       1.688    0.262 0.965      1.000 0.944 0.775 0.744
     20       0.916    0.565 0.825      0.944 1.000 0.940 0.922
     21       0.902    0.813 0.582      0.775 0.940 1.000 0.999
     22       0.937    0.840 0.542      0.744 0.922 0.999 1.000

  R CORE   ENERGY   A0R/A00=1.000    R3= 0     2  
   2( 1)    0.210                    1.000-0.018
   2( 2)    1.943                    0.018 1.000

  R CORE   ENERGY   A0R/A00=1.000    R3= 0     2  
   3( 1)    2.153                    0.000 1.000

  R CORE   ENERGY   A0R/A00=1.000    R3= 0     2     4  
   4( 1)    0.693                    0.997-0.071 0.000

  R CORE   ENERGY   A0R/A00=1.000    R3= 0     2     4  
   5( 1)    2.783                    0.000 1.000-0.018

  R CORE   ENERGY   A0R/A00=1.000    R3= 0     2     4     6  
   6( 1)    1.434                    0.989-0.149 0.003-0.000
 

             ENERGY     K= 1/2
 
 I=  1/2+ (1)  1.111  22: 1.000
 
 I=  1/2+ (2)  1.612  21: 1.000

             ENERGY     K= 1/2  -3/2
 
 I=  3/2+ (1)  1.136  22: 1.000 0.019
 
 I=  3/2+ (2)  1.387  21: 0.999 0.050

             ENERGY     K= 5/2   1/2  -3/2
 
 I=  5/2+ (1)  1.436  22: 0.012-0.997 0.081
 
 I=  5/2+ (2)  1.449  20: 1.000-0.016 0.000

             ENERGY     K= 5/2   1/2  -3/2  -7/2
 
 I=  7/2+ (1)  1.502  22:-0.028 0.999 0.015-0.000
 
 I=  7/2+ (2)  1.581  21:-0.014 0.997 0.081-0.001

             ENERGY     K= 9/2   5/2   1/2  -3/2  -7/2
 
 I=  9/2+ (1)  2.003  20: 0.033-0.998 0.056-0.001-0.000
 
 I=  9/2+ (2)  2.015  22:-0.000 0.041-0.984 0.171-0.003

             ENERGY     K= 9/2   5/2   1/2  -3/2  -7/2 -11/2
 
 I= 11/2+ (1)  2.057  21: 0.000-0.043 0.996 0.082-0.003 0.000
 
 I= 11/2+ (2)  2.142  22:-0.001 0.070-0.997 0.016 0.001-0.000

             ENERGY     K=13/2   9/2   5/2   1/2  -3/2  -7/2 -11/2
 
 I= 13/2+ (1)  2.812  20: 0.001-0.098 0.989-0.113 0.003 0.001-0.000
 
 I= 13/2+ (2)  2.826  22: 0.000-0.002 0.080-0.959 0.270-0.010 0.000

             ENERGY     K=13/2   9/2   5/2   1/2  -3/2  -7/2 -11/2
  21 LEVELS    TIME=  0.0 SEC



 ******************* EXCITATION ENERGIES, DOMINANT CONFIGURATION AND EXPECTATION VALUES (WITH S.P. UU+VV FACTORS) *******************

  NR  Eex(keV)  I   Kdom  NY    <Jz>  <Jx**2> <Jy**2> <Jz**2> <I.j>/|I|  <Rx**2> <Ry**2> <Rz**2> <R.j>/|R|  <HROTx> <HROTy> <HROTz>

   1    0.0   1/2+   1/2  22    0.29    0.93    0.46    0.21   -0.18       1.76    0.74    0.16   -1.07      0.078   0.019   0.077
   2   25.0   3/2+   1/2  22    0.29    0.93    0.46    0.21    0.40       1.50    2.12    0.17   -0.42      0.067   0.055   0.077
   3  276.4   3/2+   1/2  21    0.46    9.07    5.56    0.30    1.60       6.65    5.72    0.09   -3.35      0.295   0.148   0.043
   4  324.7   5/2+   1/2  22    0.29    0.93    0.46    0.21   -0.22       6.26    5.18    0.19   -0.66      0.277   0.134   0.087
   5  338.1   5/2+   5/2  20    2.36    6.32    4.91    5.65    2.00       7.52    6.21    0.08   -2.95      0.333   0.161   0.039
  
   6  391.3   7/2+   1/2  22    0.29    0.93    0.46    0.21    0.35       6.21    8.16    0.17   -0.05      0.275   0.211   0.079
   7  470.3   7/2+   1/2  21    0.46    9.07    5.56    0.30    1.54       8.34   10.02    0.11   -2.05      0.369   0.259   0.051
   8  500.7   1/2+   1/2  21    0.46    9.07    5.56    0.30   -1.34      11.28    6.64    0.08   -3.79      0.499   0.172   0.038
   9  582.2   7/2+   5/2  20    2.36    6.32    4.91    5.65    1.49      10.85    9.89    0.09   -2.40      0.480   0.256   0.040
  10  892.5   9/2+   5/2  20    2.36    6.32    4.91    5.65    1.19      14.74   14.99    0.10   -2.01      0.653   0.388   0.046
  
  11  903.6   9/2+   1/2  22    0.29    0.93    0.46    0.21   -0.18      12.53   15.39    0.27   -0.47      0.555   0.399   0.124
  12  946.4  11/2+   1/2  21    0.46    9.07    5.56    0.30    1.51      14.04   18.50    0.12   -1.04      0.622   0.479   0.054
  13  963.1   5/2+   1/2  21    0.46    9.07    5.56    0.30   -1.14      16.71   13.54    0.17   -3.32      0.740   0.351   0.081
  14 1031.1  11/2+   1/2  22    0.29    0.93    0.46    0.21    0.32      13.82   19.47    0.19    0.06      0.612   0.504   0.088
  15 1266.5  11/2+   5/2  20    2.36    6.32    4.91    5.65    0.99      18.94   21.77    0.13   -1.72      0.839   0.564   0.059
  
  16 1497.1   3/2+   3/2  22    0.29    0.93    0.46    0.21   -0.24       1.68    1.24    3.34   -0.82      0.074   0.032   1.564
  17 1632.6   9/2+   1/2  21    0.46    9.07    5.56    0.30   -0.84      20.56   27.00    0.50   -2.76      0.910   0.699   0.232
  18 1701.4  13/2+   5/2  20    2.36    6.32    4.91    5.65    0.84      23.16   30.51    0.17   -1.50      1.026   0.790   0.080
  19 1714.8  13/2+   1/2  22    0.29    0.93    0.46    0.21   -0.14      18.77   33.06    0.43   -0.35      0.832   0.856   0.201
  20 1884.3   1/2+   1/2  20    2.36    6.32    4.91    5.65    1.35       6.55    5.19    3.53   -4.02      0.290   0.135   1.654
  
  21 2469.1  13/2+   1/2  21    0.46    9.07    5.56    0.30   -0.35      21.72   45.67    1.14   -2.10      0.962   1.183   0.533
