


         KAPPAP      MYP     KAPPAN      MYN
    0    0.1200    0.0000    0.1200    0.0000
    1    0.1200    0.0000    0.1200    0.0000
    2    0.1050    0.0000    0.1050    0.0000
    3    0.0900    0.3000    0.0900    0.2500
    4    0.0650    0.5700    0.0700    0.3900
    5    0.0600    0.6500    0.0620    0.4300
    6    0.0540    0.6900    0.0620    0.3400
    7    0.0540    0.6900    0.0620    0.2600
    8    0.0540    0.6900    0.0620    0.2600


     KAPPA    MY     EPS   GAMMA    EPS4     EPS6     W0/W00   NMAX  COUPL     OMROT      EFAC      QFAC
      SEE TABLE     0.501   10.0   0.000    0.000    1.03259     8     0     0.00000   6.63825   6.25165


                     **** PROTONS ****                     **** STRETCHED COORDINATES ****
    SYMMETRY R1= 1


   BASIS FUNCTIONS /N,L,J,OMEGA>,   PARITY -


   1 / 7 7 15/2 13/2>    15 / 7 5 11/2  1/2>    29 / 7 7 13/2 -7/2>    43 / 5 5 11/2  1/2>    57 / 5 5 11/2-11/2>
   2 / 7 7 13/2 13/2>    16 / 7 5  9/2  1/2>    30 / 7 5 11/2 -7/2>    44 / 5 5  9/2  1/2>    58 / 3 3  7/2  5/2>
   3 / 7 7 15/2  9/2>    17 / 7 3  7/2  1/2>    31 / 7 5  9/2 -7/2>    45 / 5 3  7/2  1/2>    59 / 3 3  5/2  5/2>
   4 / 7 7 13/2  9/2>    18 / 7 3  5/2  1/2>    32 / 7 3  7/2 -7/2>    46 / 5 3  5/2  1/2>    60 / 3 3  7/2  1/2>
   5 / 7 5 11/2  9/2>    19 / 7 1  3/2  1/2>    33 / 7 7 15/2-11/2>    47 / 5 1  3/2  1/2>    61 / 3 3  5/2  1/2>
   6 / 7 5  9/2  9/2>    20 / 7 1  1/2  1/2>    34 / 7 7 13/2-11/2>    48 / 5 1  1/2  1/2>    62 / 3 1  3/2  1/2>
   7 / 7 7 15/2  5/2>    21 / 7 7 15/2 -3/2>    35 / 7 5 11/2-11/2>    49 / 5 5 11/2 -3/2>    63 / 3 1  1/2  1/2>
   8 / 7 7 13/2  5/2>    22 / 7 7 13/2 -3/2>    36 / 7 7 15/2-15/2>    50 / 5 5  9/2 -3/2>    64 / 3 3  7/2 -3/2>
   9 / 7 5 11/2  5/2>    23 / 7 5 11/2 -3/2>    37 / 5 5 11/2  9/2>    51 / 5 3  7/2 -3/2>    65 / 3 3  5/2 -3/2>
  10 / 7 5  9/2  5/2>    24 / 7 5  9/2 -3/2>    38 / 5 5  9/2  9/2>    52 / 5 3  5/2 -3/2>    66 / 3 1  3/2 -3/2>
  11 / 7 3  7/2  5/2>    25 / 7 3  7/2 -3/2>    39 / 5 5 11/2  5/2>    53 / 5 1  3/2 -3/2>    67 / 3 3  7/2 -7/2>
  12 / 7 3  5/2  5/2>    26 / 7 3  5/2 -3/2>    40 / 5 5  9/2  5/2>    54 / 5 5 11/2 -7/2>    68 / 1 1  3/2  1/2>
  13 / 7 7 15/2  1/2>    27 / 7 1  3/2 -3/2>    41 / 5 3  7/2  5/2>    55 / 5 5  9/2 -7/2>    69 / 1 1  1/2  1/2>
  14 / 7 7 13/2  1/2>    28 / 7 7 15/2 -7/2>    42 / 5 3  5/2  5/2>    56 / 5 3  7/2 -7/2>    70 / 1 1  3/2 -3/2>


    SINGLE PARTICLE (PARITY-) WAVE FUNCTIONS IN THE ENERGY INTERVAL 0.0<E<7.0

 E=2.1292   0.933307/ 68>-0.357860/ 69> 0.029566/ 70>

 E=2.5402   0.033728/ 68> 0.169341/ 69> 0.984980/ 70>

 E=2.8306  -0.357492/ 68>-0.918292/ 69> 0.170117/ 70>

 E=3.4729  -0.018427/ 58> 0.002723/ 59>-0.777735/ 60> 0.187554/ 61>-0.551919/ 62> 0.223656/ 63>-0.066597/ 64>
           -0.010401/ 65>-0.020632/ 66>-0.000678/ 67>

 E=3.7942  -0.007177/ 58> 0.000438/ 59>-0.024389/ 60>-0.109910/ 61> 0.084920/ 62>-0.093397/ 63>-0.908782/ 64>
           -0.212328/ 65>-0.316615/ 66>-0.011244/ 67>

 E=4.1050  -0.236207/ 58> 0.035398/ 59>-0.486211/ 60>-0.607369/ 61> 0.268112/ 62>-0.492533/ 63> 0.132967/ 64>
            0.044239/ 65> 0.059536/ 66> 0.001202/ 67>

 E=4.1935   0.938952/ 58>-0.164227/ 59>-0.066472/ 60>-0.263182/ 61>-0.074022/ 62>-0.104512/ 63> 0.032929/ 64>
           -0.014996/ 65> 0.001435/ 66> 0.001433/ 67>

 E=4.5340   0.167268/ 58>-0.032891/ 59>-0.313491/ 60> 0.515538/ 61> 0.586526/ 62>-0.070980/ 63>-0.159137/ 64>
            0.434626/ 65> 0.188122/ 66>-0.090651/ 67>

 E=4.6336   0.030923/ 58>-0.001428/ 59>-0.071839/ 60> 0.131333/ 61> 0.124296/ 62>-0.046441/ 63> 0.084838/ 64>
           -0.069217/ 65>-0.224442/ 66> 0.946923/ 67>

 E=4.6985  -0.061869/ 58> 0.012974/ 59> 0.181029/ 60>-0.278404/ 61>-0.319752/ 62> 0.046390/ 63>-0.269224/ 64>
            0.775787/ 65> 0.228873/ 66> 0.233710/ 67>

 E=4.9013   0.001531/ 37> 0.068525/ 39>-0.009648/ 40> 0.021834/ 41>-0.003364/ 42> 0.773723/ 43>-0.094573/ 44>
            0.515619/ 45>-0.112998/ 46> 0.244591/ 47>-0.093326/ 48> 0.179125/ 49> 0.018552/ 50> 0.083190/ 51>
            0.014096/ 52> 0.018683/ 53> 0.007877/ 54> 0.000870/ 55> 0.001326/ 56>

 E=5.0358  -0.035396/ 58>-0.206864/ 59>-0.053935/ 60>-0.180668/ 61> 0.169509/ 62> 0.381132/ 63>-0.182233/ 64>
           -0.344699/ 65> 0.748020/ 66> 0.186679/ 67>

 E=5.1080  -0.000326/ 37>-0.013574/ 39> 0.004834/ 40>-0.005484/ 41> 0.001488/ 42>-0.104670/ 43> 0.089286/ 44>
           -0.127965/ 45> 0.084810/ 46>-0.090590/ 47> 0.054295/ 48> 0.836468/ 49> 0.168886/ 50> 0.436268/ 51>
            0.114125/ 52> 0.110817/ 53> 0.046434/ 54> 0.006938/ 55> 0.008327/ 56> 0.000518/ 57>

 E=5.1812  -0.139387/ 58>-0.807535/ 59>-0.051775/ 60>-0.154864/ 61> 0.154333/ 62> 0.329919/ 63> 0.090649/ 64>
            0.160627/ 65>-0.361727/ 66>-0.065311/ 67>

 E=5.3513  -0.093493/ 58>-0.524987/ 59> 0.109158/ 60> 0.312123/ 61>-0.310733/ 62>-0.651374/ 63>-0.066983/ 64>
           -0.111680/ 65> 0.259336/ 66> 0.035401/ 67>

 E=5.3923  -0.031212/ 37> 0.003601/ 38>-0.906951/ 39> 0.180374/ 40>-0.316286/ 41> 0.061550/ 42>-0.048142/ 43>
           -0.023110/ 44> 0.116084/ 45>-0.068003/ 46> 0.119561/ 47>-0.065856/ 48> 0.008859/ 49> 0.012297/ 50>
            0.014043/ 51> 0.007395/ 52> 0.005194/ 53>

 E=5.4735   0.003906/ 37>-0.000752/ 38> 0.104051/ 39>-0.053332/ 40> 0.044923/ 41>-0.015835/ 42>-0.331744/ 43>
           -0.652801/ 44> 0.039564/ 45>-0.552181/ 46> 0.219507/ 47>-0.278040/ 48> 0.105127/ 49>-0.025886/ 50>
            0.062106/ 51>-0.003006/ 52> 0.015195/ 53> 0.007862/ 54> 0.001446/ 56>

 E=5.7535  -0.000563/ 37>-0.016244/ 39> 0.004889/ 40>-0.008462/ 41> 0.001953/ 42> 0.048564/ 43>-0.037427/ 44>
           -0.055425/ 45>-0.008880/ 46>-0.052136/ 47> 0.014168/ 48> 0.065471/ 49>-0.101972/ 50>-0.154468/ 51>
           -0.099422/ 52>-0.077666/ 53> 0.936181/ 54> 0.164458/ 55> 0.177674/ 56> 0.017227/ 57>

 E=5.7913  -0.003326/ 37> 0.000337/ 38>-0.084730/ 39> 0.010495/ 40>-0.039865/ 41> 0.006693/ 42> 0.247860/ 43>
           -0.259983/ 44>-0.263977/ 45>-0.005220/ 46>-0.307793/ 47> 0.125336/ 48> 0.233144/ 49>-0.669613/ 50>
           -0.097760/ 51>-0.344660/ 52>-0.095581/ 53>-0.192474/ 54>-0.054637/ 55>-0.040222/ 56>-0.003629/ 57>


 E=5.9299   0.003764/ 37>-0.000357/ 38> 0.092076/ 39>-0.007431/ 40> 0.047842/ 41>-0.007242/ 42>-0.368666/ 43>
            0.417347/ 44> 0.371418/ 45> 0.074574/ 46> 0.431588/ 47>-0.148746/ 48> 0.174988/ 49>-0.477497/ 50>
           -0.035910/ 51>-0.251391/ 52>-0.059709/ 53>-0.011120/ 54>-0.017098/ 55>-0.004307/ 56>

 E=6.1725   0.975316/ 37>-0.128856/ 38> 0.034636/ 39> 0.054047/ 40>-0.155693/ 41> 0.048064/ 42> 0.007517/ 43>
            0.009370/ 44>-0.021336/ 45>-0.008480/ 46> 0.014571/ 47>-0.018168/ 48> 0.006439/ 49> 0.005116/ 50>
           -0.012756/ 51>-0.000847/ 52>-0.005218/ 53>-0.003071/ 54>-0.000835/ 55>-0.000862/ 56>

 E=6.2194   0.007416/  3>-0.000723/  4> 0.001586/  5> 0.136330/  7>-0.013165/  8> 0.056769/  9>-0.007423/ 10>
            0.013373/ 11>-0.001951/ 12> 0.754401/ 13>-0.034891/ 14> 0.458817/ 15>-0.036227/ 16> 0.209700/ 17>
           -0.032817/ 18> 0.079312/ 19>-0.025692/ 20> 0.330015/ 21> 0.024354/ 22> 0.169930/ 23> 0.019552/ 24>
            0.058882/ 25> 0.010482/ 26> 0.011706/ 27> 0.031194/ 28> 0.003083/ 29> 0.009738/ 30> 0.001148/ 31>
            0.001248/ 32> 0.001004/ 33>

 E=6.2329   0.095785/ 37>-0.026069/ 38>-0.224663/ 39>-0.823829/ 40> 0.121489/ 41>-0.217933/ 42>-0.065757/ 43>
           -0.150112/ 44> 0.167081/ 45> 0.196989/ 46>-0.025616/ 47> 0.171659/ 48>-0.104506/ 49>-0.099695/ 50>
            0.201462/ 51> 0.041856/ 52> 0.097595/ 53> 0.045865/ 54> 0.006943/ 55> 0.012084/ 56> 0.000913/ 57>


 E=6.3220   0.010586/ 37>-0.007144/ 38>-0.094287/ 39>-0.349765/ 40> 0.047091/ 41>-0.095265/ 42> 0.046198/ 43>
            0.142237/ 44>-0.120853/ 45>-0.130876/ 46> 0.042090/ 47>-0.135905/ 48> 0.339380/ 49> 0.330387/ 50>
           -0.651454/ 51>-0.123733/ 52>-0.319057/ 53>-0.124829/ 54>-0.018464/ 55>-0.034828/ 56>-0.002511/ 57>


 E=6.3954  -0.005898/  3> 0.000730/  4>-0.001322/  5>-0.091653/  7> 0.013683/  8>-0.041246/  9> 0.007401/ 10>
           -0.010449/ 11> 0.001863/ 12>-0.272591/ 13> 0.054486/ 14>-0.205295/ 15> 0.046447/ 16>-0.113617/ 17>
            0.034173/ 18>-0.051393/ 19> 0.021880/ 20> 0.775340/ 21> 0.105348/ 22> 0.436760/ 23> 0.079778/ 24>
            0.166211/ 25> 0.040070/ 26> 0.036325/ 27> 0.097793/ 28> 0.012640/ 29> 0.032097/ 30> 0.004622/ 31>
            0.004318/ 32> 0.003532/ 33> 0.000352/ 34> 0.000434/ 35>

 E=6.5755   0.003860/ 37> 0.003288/ 38> 0.058334/ 39> 0.223208/ 40>-0.002850/ 41> 0.061604/ 42>-0.223429/ 43>
           -0.443176/ 44> 0.433282/ 45> 0.438552/ 46>-0.034959/ 47> 0.418140/ 48> 0.147647/ 49> 0.148997/ 50>
           -0.272392/ 51>-0.038913/ 52>-0.138893/ 53>-0.036379/ 54>-0.005324/ 55>-0.011935/ 56>-0.000675/ 57>


 E=6.5960  -0.001634/  1>-0.073246/  3> 0.009472/  4>-0.016701/  5> 0.001884/  6>-0.870870/  7> 0.135396/  8>
           -0.398151/  9> 0.075578/ 10>-0.103160/ 11> 0.019344/ 12> 0.094984/ 13> 0.022297/ 14> 0.136623/ 15>
            0.098854/ 17>-0.015336/ 18> 0.049633/ 19>-0.017628/ 20>-0.031556/ 21>-0.001359/ 22>-0.014475/ 23>
           -0.002126/ 24>-0.005058/ 25>-0.001349/ 26>-0.001142/ 27>-0.007026/ 28>-0.000778/ 29>-0.002259/ 30>


 E=6.6378  -0.000338/ 37> 0.000456/ 39>-0.000378/ 40>-0.001500/ 41> 0.000461/ 43>-0.000483/ 44>-0.001786/ 45>
            0.000862/ 46> 0.002849/ 47> 0.000851/ 48> 0.001699/ 49>-0.002084/ 50>-0.007949/ 51> 0.005079/ 52>
            0.018287/ 53> 0.015826/ 54>-0.027797/ 55>-0.151319/ 56> 0.987741/ 57>

 E=6.7197   0.011542/ 37>-0.001469/ 38>-0.017943/ 39> 0.016341/ 40> 0.057720/ 41>-0.011302/ 42>-0.009608/ 43>
            0.018447/ 44> 0.036387/ 45>-0.042077/ 46>-0.052417/ 47> 0.016476/ 48>-0.023100/ 49> 0.068648/ 50>
            0.089144/ 51>-0.214165/ 52>-0.048940/ 53>-0.189583/ 54> 0.936484/ 55> 0.111351/ 56> 0.049720/ 57>


 E=6.8226  -0.139319/ 37> 0.017795/ 38> 0.259459/ 39>-0.238586/ 40>-0.830307/ 41> 0.159351/ 42> 0.031523/ 43>
           -0.089564/ 44>-0.140730/ 45> 0.191555/ 46> 0.225803/ 47>-0.051974/ 48> 0.012214/ 49>-0.034112/ 50>
           -0.034739/ 51> 0.076150/ 52> 0.021270/ 53>-0.023020/ 54> 0.112145/ 55> 0.012097/ 56> 0.001604/ 57>


 E=6.8770   0.002520/  7> 0.001529/  9> 0.000394/ 11>-0.005920/ 13> 0.014132/ 14> 0.000630/ 15> 0.015796/ 16>
           -0.003370/ 17> 0.011687/ 18>-0.005399/ 19> 0.005788/ 20> 0.038930/ 21>-0.010974/ 22> 0.122398/ 23>
            0.018173/ 24> 0.079166/ 25> 0.019507/ 26> 0.022278/ 27>-0.917966/ 28>-0.148707/ 29>-0.319966/ 30>
           -0.055262/ 31>-0.045665/ 32>-0.053146/ 33>-0.006248/ 34>-0.006853/ 35>-0.000626/ 36>

 E=6.9219  -0.001357/  3>-0.002352/  4>-0.000370/  6>-0.020756/  7>-0.075593/  8> 0.007005/  9>-0.033342/ 10>
            0.006828/ 11>-0.006445/ 12>-0.189798/ 13>-0.683204/ 14> 0.039254/ 15>-0.536540/ 16> 0.143157/ 17>
           -0.322041/ 18> 0.143451/ 19>-0.142360/ 20> 0.075541/ 21>-0.144299/ 22> 0.043867/ 23>-0.076865/ 24>
            0.011847/ 25>-0.023649/ 26>-0.000393/ 27>-0.011491/ 28>-0.010740/ 29>-0.004749/ 30>-0.003166/ 31>
           -0.000839/ 32>-0.000879/ 33>

  Q20Q22:  0.00 SEC    QTME:  0.00 SEC



    SYMMETRY R1= 1


   BASIS FUNCTIONS /N,L,J,OMEGA>,   PARITY +


   1 / 8 8 17/2 17/2>    20 / 8 6 11/2  1/2>    39 / 8 4  7/2 -7/2>    58 / 6 4  7/2  1/2>    77 / 4 2  5/2  5/2>
   2 / 8 8 17/2 13/2>    21 / 8 4  9/2  1/2>    40 / 8 8 17/2-11/2>    59 / 6 2  5/2  1/2>    78 / 4 4  9/2  1/2>
   3 / 8 8 15/2 13/2>    22 / 8 4  7/2  1/2>    41 / 8 8 15/2-11/2>    60 / 6 2  3/2  1/2>    79 / 4 4  7/2  1/2>
   4 / 8 6 13/2 13/2>    23 / 8 2  5/2  1/2>    42 / 8 6 13/2-11/2>    61 / 6 0  1/2  1/2>    80 / 4 2  5/2  1/2>
   5 / 8 8 17/2  9/2>    24 / 8 2  3/2  1/2>    43 / 8 6 11/2-11/2>    62 / 6 6 13/2 -3/2>    81 / 4 2  3/2  1/2>
   6 / 8 8 15/2  9/2>    25 / 8 0  1/2  1/2>    44 / 8 8 17/2-15/2>    63 / 6 6 11/2 -3/2>    82 / 4 0  1/2  1/2>
   7 / 8 6 13/2  9/2>    26 / 8 8 17/2 -3/2>    45 / 8 8 15/2-15/2>    64 / 6 4  9/2 -3/2>    83 / 4 4  9/2 -3/2>
   8 / 8 6 11/2  9/2>    27 / 8 8 15/2 -3/2>    46 / 6 6 13/2 13/2>    65 / 6 4  7/2 -3/2>    84 / 4 4  7/2 -3/2>
   9 / 8 4  9/2  9/2>    28 / 8 6 13/2 -3/2>    47 / 6 6 13/2  9/2>    66 / 6 2  5/2 -3/2>    85 / 4 2  5/2 -3/2>
  10 / 8 8 17/2  5/2>    29 / 8 6 11/2 -3/2>    48 / 6 6 11/2  9/2>    67 / 6 2  3/2 -3/2>    86 / 4 2  3/2 -3/2>
  11 / 8 8 15/2  5/2>    30 / 8 4  9/2 -3/2>    49 / 6 4  9/2  9/2>    68 / 6 6 13/2 -7/2>    87 / 4 4  9/2 -7/2>
  12 / 8 6 13/2  5/2>    31 / 8 4  7/2 -3/2>    50 / 6 6 13/2  5/2>    69 / 6 6 11/2 -7/2>    88 / 4 4  7/2 -7/2>
  13 / 8 6 11/2  5/2>    32 / 8 2  5/2 -3/2>    51 / 6 6 11/2  5/2>    70 / 6 4  9/2 -7/2>    89 / 2 2  5/2  5/2>
  14 / 8 4  9/2  5/2>    33 / 8 2  3/2 -3/2>    52 / 6 4  9/2  5/2>    71 / 6 4  7/2 -7/2>    90 / 2 2  5/2  1/2>
  15 / 8 4  7/2  5/2>    34 / 8 8 17/2 -7/2>    53 / 6 4  7/2  5/2>    72 / 6 6 13/2-11/2>    91 / 2 2  3/2  1/2>
  16 / 8 2  5/2  5/2>    35 / 8 8 15/2 -7/2>    54 / 6 2  5/2  5/2>    73 / 6 6 11/2-11/2>    92 / 2 0  1/2  1/2>
  17 / 8 8 17/2  1/2>    36 / 8 6 13/2 -7/2>    55 / 6 6 13/2  1/2>    74 / 4 4  9/2  9/2>    93 / 2 2  5/2 -3/2>
  18 / 8 8 15/2  1/2>    37 / 8 6 11/2 -7/2>    56 / 6 6 11/2  1/2>    75 / 4 4  9/2  5/2>    94 / 2 2  3/2 -3/2>
  19 / 8 6 13/2  1/2>    38 / 8 4  9/2 -7/2>    57 / 6 4  9/2  1/2>    76 / 4 4  7/2  5/2>    95 / 0 0  1/2  1/2>


    SINGLE PARTICLE (PARITY+) WAVE FUNCTIONS IN THE ENERGY INTERVAL 0.0<E<7.0

 E=1.5000   1.000000/ 95>

 E=2.7769  -0.003556/ 89>-0.813085/ 90> 0.270266/ 91>-0.514175/ 92>-0.037114/ 93>-0.009118/ 94>

 E=3.1767   0.009287/ 89> 0.062689/ 90> 0.138504/ 91>-0.099473/ 92> 0.958429/ 93> 0.219815/ 94>

 E=3.4555  -0.148559/ 89>-0.522320/ 90>-0.682904/ 91> 0.454863/ 92> 0.167149/ 93> 0.062573/ 94>

 E=3.6122   0.956675/ 89>-0.020842/ 90>-0.264558/ 91>-0.114021/ 92> 0.024714/ 93>-0.027135/ 94>

 E=3.8751   0.246347/ 89>-0.232680/ 90> 0.582250/ 91> 0.672050/ 92>-0.070202/ 93> 0.299297/ 94>

 E=4.1036   0.043792/ 89>-0.087008/ 90> 0.180026/ 91> 0.232759/ 92> 0.215772/ 93>-0.925942/ 94>

 E=4.2113  -0.000406/ 74>-0.039294/ 75> 0.006446/ 76>-0.008930/ 77>-0.763216/ 78> 0.149889/ 79>-0.540848/ 80>
            0.182958/ 81>-0.231191/ 82>-0.108296/ 83>-0.013009/ 84>-0.044269/ 85>-0.008081/ 86>-0.002671/ 87>


 E=4.4648  -0.001852/ 75>-0.001762/ 76> 0.016054/ 78>-0.114055/ 79> 0.090858/ 80>-0.105081/ 81> 0.074528/ 82>
           -0.861795/ 83>-0.207298/ 84>-0.404501/ 85>-0.108976/ 86>-0.026527/ 87>-0.003630/ 88>

 E=4.7606  -0.004336/ 74>-0.273879/ 75> 0.042162/ 76>-0.063356/ 77>-0.410845/ 78>-0.606888/ 79> 0.108879/ 80>
           -0.526257/ 81> 0.265110/ 82> 0.130068/ 83> 0.021793/ 84> 0.072718/ 85> 0.016997/ 86> 0.004372/ 87>
            0.000560/ 88>

 E=4.8090  -0.014582/ 74>-0.894386/ 75> 0.197902/ 76>-0.221854/ 77> 0.077236/ 78> 0.269325/ 79> 0.093348/ 80>
            0.148364/ 81> 0.004759/ 82>-0.041188/ 83> 0.019847/ 84>-0.010150/ 85> 0.005323/ 86>-0.002242/ 87>


 E=5.1450   0.002134/ 74> 0.123816/ 75>-0.023761/ 76> 0.036627/ 77>-0.279684/ 78> 0.339360/ 79> 0.363988/ 80>
           -0.028299/ 81> 0.285342/ 82>-0.245258/ 83> 0.637780/ 84> 0.169196/ 85> 0.255189/ 86>-0.117889/ 87>
           -0.010003/ 88>

 E=5.2142   0.000495/ 74> 0.023146/ 75> 0.005796/ 77>-0.056889/ 78> 0.085426/ 79> 0.066127/ 80>-0.021681/ 81>
            0.069082/ 82> 0.020669/ 83> 0.089028/ 84>-0.142112/ 85>-0.019651/ 86> 0.962697/ 87> 0.153495/ 88>


 E=5.2820   0.001772/ 74> 0.101013/ 75>-0.018372/ 76> 0.032115/ 77>-0.329570/ 78> 0.404886/ 79> 0.408362/ 80>
           -0.009292/ 81> 0.322577/ 82> 0.221558/ 83>-0.578443/ 84>-0.085530/ 85>-0.219110/ 86>-0.074624/ 87>
           -0.019888/ 88>

 E=5.5909  -0.003539/ 47> 0.000371/ 48>-0.000506/ 49>-0.097835/ 50> 0.011996/ 51>-0.037838/ 52> 0.005912/ 53>
           -0.006384/ 54>-0.762076/ 55> 0.062112/ 56>-0.498974/ 57> 0.071161/ 58>-0.242686/ 59> 0.066480/ 60>
           -0.085448/ 61>-0.246757/ 62>-0.022694/ 63>-0.125918/ 64>-0.018541/ 65>-0.039259/ 66>-0.007926/ 67>
           -0.016191/ 68>-0.001799/ 69>-0.004175/ 70>-0.000469/ 71>-0.000321/ 72>

 E=5.6426   0.166270/ 74> 0.183836/ 75> 0.701188/ 76>-0.154831/ 77> 0.082067/ 78> 0.195863/ 79>-0.221443/ 80>
           -0.309803/ 81> 0.119771/ 82> 0.153413/ 83> 0.169562/ 84>-0.386739/ 85>-0.089038/ 86>-0.092080/ 87>
           -0.014259/ 88>

 E=5.6747   0.967714/ 74>-0.000814/ 75>-0.102784/ 76>-0.147539/ 77>-0.015360/ 78>-0.045364/ 79> 0.038112/ 80>
            0.074763/ 81>-0.006334/ 82>-0.048395/ 83>-0.054850/ 84> 0.121451/ 85> 0.031144/ 86> 0.027154/ 87>
            0.003580/ 88>

 E=5.7168   0.084179/ 74>-0.145958/ 75>-0.578396/ 76> 0.082314/ 77> 0.023486/ 78> 0.075923/ 79>-0.066057/ 80>
           -0.094971/ 81> 0.049946/ 82> 0.258132/ 83> 0.288176/ 84>-0.647428/ 85>-0.147179/ 86>-0.131114/ 87>
           -0.020158/ 88>

 E=5.7754  -0.001607/ 47>-0.038800/ 50> 0.008663/ 51>-0.016899/ 52> 0.003964/ 53>-0.003172/ 54>-0.179919/ 55>
            0.074551/ 56>-0.166504/ 57> 0.069543/ 58>-0.106848/ 59> 0.052220/ 60>-0.047886/ 61> 0.802532/ 62>
            0.140441/ 63> 0.452726/ 64> 0.105403/ 65> 0.156862/ 66> 0.041091/ 67> 0.067700/ 68> 0.010046/ 69>
            0.018451/ 70> 0.002544/ 71> 0.001484/ 72>

 E=5.9510  -0.000552/ 74> 0.073080/ 75> 0.278749/ 76>-0.028877/ 77>-0.191525/ 78>-0.400018/ 79> 0.437778/ 80>
            0.578952/ 81>-0.202300/ 82> 0.132761/ 83> 0.149873/ 84>-0.323280/ 85>-0.070879/ 86>-0.044735/ 87>
           -0.006694/ 88>

 E=6.0180   0.000557/ 46> 0.049291/ 47>-0.006702/ 48> 0.007508/ 49> 0.887350/ 50>-0.165380/ 51> 0.376608/ 52>
           -0.080126/ 53> 0.069670/ 54>-0.020099/ 55>-0.019383/ 56>-0.117272/ 57> 0.015717/ 58>-0.104836/ 59>
            0.035590/ 60>-0.049465/ 61> 0.008582/ 62>-0.006285/ 63>-0.001742/ 64>-0.003342/ 65>-0.002050/ 66>
           -0.000998/ 67> 0.001772/ 68> 0.000368/ 70>

 E=6.1878   0.001416/ 47>-0.001138/ 48> 0.000338/ 49> 0.015728/ 50>-0.053133/ 51> 0.018986/ 52>-0.020836/ 53>
            0.006073/ 54>-0.270743/ 55>-0.652488/ 56> 0.028135/ 57>-0.552665/ 58> 0.183463/ 59>-0.334741/ 60>
            0.166227/ 61> 0.091005/ 62>-0.068015/ 63> 0.056664/ 64>-0.029188/ 65> 0.017703/ 66>-0.004250/ 67>
            0.012860/ 68>-0.000808/ 69> 0.003522/ 70> 0.000346/ 72>

 E=6.1930   0.039679/ 74>-0.038994/ 75> 0.041905/ 76> 0.192151/ 77>-0.012839/ 78> 0.029474/ 79> 0.057121/ 80>
           -0.079639/ 81>-0.134924/ 82>-0.022410/ 83> 0.073110/ 84> 0.090161/ 85>-0.292190/ 86>-0.142070/ 87>
            0.899916/ 88>

 E=6.2447   0.157082/ 74>-0.170435/ 75> 0.184529/ 76> 0.838700/ 77>-0.024133/ 78> 0.065217/ 79> 0.114167/ 80>
           -0.172734/ 81>-0.280312/ 82>-0.004763/ 83> 0.014913/ 84> 0.014137/ 85>-0.045137/ 86> 0.044571/ 87>
           -0.279389/ 88>

 E=6.3396  -0.003594/ 50> 0.002705/ 51>-0.003013/ 52> 0.001185/ 53>-0.000742/ 54> 0.016170/ 55> 0.001194/ 56>
           -0.013947/ 57>-0.003117/ 58>-0.011613/ 59>-0.001638/ 60>-0.003084/ 61> 0.007565/ 62>-0.002897/ 63>
           -0.129033/ 64>-0.039618/ 65>-0.081722/ 66>-0.024931/ 67> 0.932496/ 68> 0.168701/ 69> 0.269772/ 70>
            0.043166/ 71> 0.033306/ 72> 0.003474/ 73>

 E=6.4507  -0.004237/ 47> 0.000525/ 48>-0.000777/ 49>-0.062515/ 50> 0.006746/ 51>-0.041803/ 52> 0.007871/ 53>
           -0.009760/ 54> 0.232465/ 55>-0.180127/ 56>-0.205865/ 57>-0.293156/ 59> 0.112613/ 60>-0.162105/ 61>
            0.231401/ 62>-0.683247/ 63>-0.095903/ 64>-0.417180/ 65>-0.130945/ 66>-0.122741/ 67>-0.046845/ 68>
           -0.042735/ 69>-0.020595/ 70>-0.009333/ 71>-0.001899/ 72>-0.000532/ 73>

 E=6.4859  -0.043366/ 74> 0.068255/ 75>-0.075213/ 76>-0.331682/ 77>-0.051962/ 78> 0.095396/ 79> 0.205040/ 80>
           -0.252874/ 81>-0.446750/ 82>-0.057710/ 83> 0.186274/ 84> 0.199922/ 85>-0.640637/ 86> 0.043782/ 87>
           -0.264741/ 88>

 E=6.5965   0.006063/ 47>-0.000524/ 48> 0.001152/ 49> 0.082085/ 50> 0.003615/ 51> 0.060951/ 52>-0.007159/ 53>
            0.014546/ 54>-0.395350/ 55> 0.398922/ 56> 0.329172/ 57> 0.125978/ 58> 0.470889/ 59>-0.109275/ 60>
            0.245612/ 61> 0.134305/ 62>-0.408695/ 63> 0.006990/ 64>-0.250781/ 65>-0.045141/ 66>-0.070944/ 67>
            0.005228/ 68>-0.020903/ 69>-0.001561/ 70>-0.004232/ 71>

 E=6.7044   0.020700/ 74>-0.042172/ 75> 0.046625/ 76> 0.201440/ 77> 0.068973/ 78>-0.129838/ 79>-0.264951/ 80>
            0.330563/ 81> 0.571202/ 82>-0.057540/ 83> 0.170795/ 84> 0.191316/ 85>-0.583793/ 86> 0.022760/ 87>
           -0.131407/ 88>

 E=6.7191  -0.018634/ 46>-0.963903/ 47> 0.153005/ 48>-0.154393/ 49>-0.011804/ 50>-0.008548/ 51> 0.138318/ 52>
           -0.038162/ 53> 0.045954/ 54>-0.004448/ 55>-0.001162/ 56> 0.010861/ 57>-0.001371/ 58>-0.008253/ 59>
            0.006937/ 60>-0.010227/ 61>-0.002082/ 62>-0.000899/ 63> 0.003552/ 64>-0.000638/ 65> 0.001722/ 66>
            0.000838/ 68> 0.000381/ 69> 0.000421/ 70>

 E=6.8108  -0.000384/  2>-0.013241/  5> 0.001153/  6>-0.003473/  7> 0.000336/  8>-0.000358/  9>-0.174753/ 10>
            0.013418/ 11>-0.075051/ 12> 0.007926/ 13>-0.020397/ 14> 0.002828/ 15>-0.002851/ 16>-0.737560/ 17>
            0.020719/ 18>-0.418372/ 19> 0.018990/ 20>-0.178284/ 21> 0.015294/ 22>-0.065077/ 23> 0.012684/ 24>
           -0.018534/ 25>-0.396150/ 26>-0.022705/ 27>-0.200497/ 28>-0.017345/ 29>-0.071382/ 30>-0.009730/ 31>
           -0.018280/ 32>-0.003471/ 33>-0.050560/ 34>-0.004287/ 35>-0.017473/ 36>-0.001869/ 37>-0.003247/ 38>

-0.000352/ 39>-0.002372/ 40>-0.000429/ 42>

 E=6.8379   0.000850/ 46> 0.039223/ 47>-0.033279/ 48> 0.009782/ 49>-0.235647/ 50>-0.834353/ 51> 0.106314/ 52>
           -0.329106/ 53> 0.066312/ 54>-0.051399/ 55>-0.111473/ 56> 0.128413/ 57> 0.140611/ 58> 0.015357/ 59>
            0.175255/ 60>-0.072242/ 61>-0.077971/ 62>-0.064614/ 63> 0.118656/ 64> 0.019700/ 65> 0.088272/ 66>
            0.024890/ 67> 0.027784/ 68> 0.003472/ 69> 0.012362/ 70> 0.001795/ 71> 0.001124/ 72>

 E=6.9459   0.001390/ 47>-0.008294/ 48> 0.001134/ 49>-0.064926/ 50>-0.243337/ 51> 0.022761/ 52>-0.100216/ 53>
            0.018178/ 54> 0.045114/ 55> 0.160401/ 56>-0.120837/ 57>-0.102483/ 58> 0.016831/ 59>-0.172619/ 60>
            0.093017/ 61> 0.385770/ 62> 0.327994/ 63>-0.586247/ 64>-0.074628/ 65>-0.445413/ 66>-0.118927/ 67>
           -0.112200/ 68>-0.013053/ 69>-0.054542/ 70>-0.007801/ 71>-0.004643/ 72>-0.000441/ 73>

 E=6.9901  -0.000503/  2>-0.015729/  5> 0.001691/  6>-0.004298/  7> 0.000491/  8>-0.000461/  9>-0.169236/ 10>
            0.019257/ 11>-0.077622/ 12> 0.011084/ 13>-0.022484/ 14> 0.003848/ 15>-0.003337/ 16>-0.334626/ 17>
            0.041820/ 18>-0.222325/ 19> 0.031489/ 20>-0.110006/ 21> 0.020442/ 22>-0.046404/ 23> 0.013686/ 24>
           -0.015330/ 25> 0.746220/ 26> 0.079404/ 27> 0.410874/ 28> 0.057865/ 29> 0.159698/ 30> 0.030840/ 31>
            0.044711/ 32> 0.010362/ 33> 0.134643/ 34> 0.014886/ 35> 0.048844/ 36> 0.006424/ 37> 0.009516/ 38>

 0.001194/ 39> 0.007246/ 40> 0.000702/ 41> 0.001353/ 42>

  Q20Q22:  0.00 SEC    QTME:  0.00 SEC

 Q0= 329.771 HBAR/MW0     Q2= -13.933 HBAR/MW0     GAMMA=  3.4 DEG   FOR 81 PARTICLES;  A=207

1
 **********************************************  SINGLE PARTICLE MATRIX ELEMENTS  ***********************************************


   ENY   EMY     A+B     C      D      E    JZ    S0    S+    S-  <R2S> <R4S>  R2DZ  R2D+  R2D-  Q20S  Q22S   Q20   Q22  RHO2    R2


  5.64+ MY=NY -0.540  0.172   9.01   8.26  1.26 -0.39  0.06  0.25  5.50 40.36  0.95  1.95  0.14 -0.81 -2.23  1.21 -2.10  5.50  5.78
  5.67+ 5.64+  0.034 -0.039  -0.86   0.86  0.69  0.17 -0.01 -0.08  5.50 38.96 -0.24 -0.43 -0.04 -0.55  0.14 -0.70  0.12 -0.00 -0.12
  5.72+ 5.64+ -0.240  0.210  -0.46   1.29 -1.59  0.00  0.03  0.34  5.50 43.32 -0.11  0.79  0.19 -0.03 -0.38 -0.05 -0.33 -0.00  0.01
  5.78+ 5.64+ -0.000 -0.000   0.00  -0.00 -0.00 -0.00  0.00  0.00************ -0.01  0.01  0.00  0.09  0.01  0.12  0.01  0.01  0.03
  5.95+ 5.64+  0.029 -0.204   0.73  -6.29  0.06 -0.01 -0.01 -0.27  5.50 39.70 -0.04 -0.09 -0.14 -0.09  1.73 -0.06  1.49 -0.00 -0.07
  6.02+ 5.64+ -0.000 -0.000   0.00  -0.00  0.00 -0.00 -0.00 -0.00************ -0.08  0.01  0.00  0.07  0.02  0.10  0.02  0.00  0.02
  6.19+ 5.64+ -0.000 -0.000   0.00   0.00  0.00 -0.00 -0.00  0.00************  0.01 -0.01  0.01 -0.21 -0.08 -0.28 -0.07 -0.03 -0.08
  6.19+ 5.64+ -0.660 -2.140   0.16   1.16  0.01 -0.03 -0.21  0.15  5.50 38.71 -0.18  0.06 -0.31  0.04  0.10  0.06  0.09  0.00  0.01
  6.24+ 5.64+ -1.297  0.362   0.50  -1.08  0.04 -0.10 -0.05 -0.01  5.50 44.81 -0.48 -0.23  0.06  0.13  0.41  0.18  0.35  0.00  0.02
  6.34+ 5.64+ -0.000 -0.000  -0.00  -0.00  0.00 -0.00 -0.00  0.00************  0.01  0.00 -0.03 -0.07  0.07 -0.09  0.06 -0.02 -0.03
  6.45+ 5.64+ -0.000 -0.000  -0.00  -0.00  0.00 -0.00 -0.00  0.00************ -0.03 -0.01  0.01 -0.08 -0.02 -0.12 -0.02 -0.02 -0.04

  5.67+ MY=NY  0.025  0.008   4.64   0.19  4.27  0.46  0.01  0.02  5.50 35.94 -0.95  0.08  0.01 -3.87 -0.83 -2.67 -0.94  5.50  5.10
  5.72+ 5.67+ -0.095 -0.042  -0.26  -1.77  0.66  0.07 -0.00 -0.09  5.50 40.92 -0.20  0.00 -0.05 -0.27  0.05 -0.35  0.04 -0.00 -0.06
  5.78+ 5.67+  0.000 -0.000  -0.00  -0.00  0.00  0.00 -0.00 -0.00************  0.00 -0.00 -0.00 -0.03 -0.00 -0.04 -0.00 -0.00 -0.01
  5.95+ 5.67+ -0.035  0.074  -0.15   1.71  0.07  0.00  0.00  0.10  5.50 40.47  0.04  0.05  0.05  0.03 -0.31  0.03 -0.27  0.00  0.02
  6.02+ 5.67+ -0.000  0.000  -0.00  -0.00  0.00  0.00 -0.00  0.00************  0.01 -0.00 -0.00  0.03  0.03  0.04  0.03  0.00  0.01
  6.19+ 5.67+ -0.000  0.000   0.00  -0.00  0.00  0.00 -0.00 -0.00************ -0.00  0.00 -0.00  0.04  0.02  0.06  0.01  0.01  0.02
  6.19+ 5.67+ -0.318  0.336   0.03  -0.90  0.09  0.01 -0.91 -0.02  5.50 36.05  0.04  0.80  0.40 -0.02  0.58 -0.00  0.50 -0.00 -0.02
  6.24+ 5.67+  0.498 -0.018   0.17  -1.87  0.32  0.02  0.28 -0.00  5.50 34.90  0.08 -0.15 -0.10 -0.05  2.21  0.00  1.90 -0.00 -0.08
  6.34+ 5.67+ -0.000 -0.000  -0.00  -0.00  0.00  0.00 -0.00  0.00************ -0.00  0.00 -0.00  0.02 -0.02  0.03 -0.02  0.00  0.01
  6.45+ 5.67+ -0.000 -0.000  -0.00  -0.00  0.00 -0.00 -0.00  0.00************  0.01  0.00 -0.00  0.02  0.00  0.03  0.00  0.01  0.01

  5.72+ MY=NY  0.482  0.175   9.39  -1.25  0.00 -0.43 -0.05  0.35  5.50 38.84  0.85 -1.92  0.22 -0.80  0.26  1.29  0.05  5.50  5.71
  5.78+ 5.72+  0.000 -0.000   0.00  -0.00 -0.00 -0.00  0.00  0.00************ -0.03 -0.01 -0.00  0.14  0.00  0.18  0.00  0.02  0.05
  5.95+ 5.72+  0.103 -0.437   0.04  -1.45 -0.97 -0.01 -0.02 -0.59  5.50 41.56 -0.07 -0.36 -0.31 -0.03  0.47 -0.02  0.40 -0.00 -0.02
  6.02+ 5.72+ -0.000 -0.000   0.00  -0.00 -0.00  0.00 -0.00 -0.00************  0.06  0.01  0.00 -0.04  0.00 -0.05  0.00 -0.00 -0.01
  6.19+ 5.72+ -0.000  0.000  -0.00   0.00  0.00 -0.00 -0.00 -0.00************  0.00 -0.00  0.01 -0.04 -0.00 -0.05 -0.00 -0.01 -0.01
  6.19+ 5.72+ -0.283  1.220  -0.04   1.32  0.01 -0.01 -0.09 -0.07  5.50 36.95 -0.05  0.02  0.28  0.03  0.07  0.04  0.06  0.00  0.00
  6.24+ 5.72+ -1.707 -0.726  -0.34  -1.96  0.03  0.02 -0.10  0.07  5.50 42.94  0.20 -0.31 -0.13  0.00  0.28  0.01  0.24 -0.00 -0.01
  6.34+ 5.72+ -0.000  0.000  -0.00  -0.00 -0.00  0.00 -0.00 -0.00************  0.01 -0.00  0.01 -0.09  0.10 -0.12  0.09 -0.02 -0.04
  6.45+ 5.72+ -0.000 -0.000  -0.00  -0.00 -0.00 -0.00  0.00  0.00************ -0.04  0.01  0.00 -0.12  0.00 -0.17 -0.00 -0.04 -0.06

  5.78+ MY=NY -0.164 -3.059  38.41 -11.15 -1.33 -0.24  0.04 -0.16  7.50 68.41 -0.15  0.03  0.60  7.27  0.28 12.47  0.12  7.50  9.55
  5.95+ 5.78+  0.000 -0.000   0.00  -0.00 -0.00 -0.00 -0.00 -0.00************ -0.01  0.00 -0.00  0.05 -0.01  0.07 -0.01  0.01  0.02
  6.02+ 5.78+  5.921  0.001  -0.64 -11.70 -0.10 -0.00  0.42 -0.03  7.50 67.22  0.07  1.17  0.06  0.27  0.29  0.36  0.26 -0.00  0.05
  6.19+ 5.78+  0.883 -0.689   3.31 -14.82 -0.18 -0.11 -0.14 -0.67  7.50 69.05 -0.57 -0.27  0.19 -0.67  0.96 -0.83  0.82  0.00 -0.17
  6.19+ 5.78+  0.000 -0.000   0.00  -0.00 -0.00 -0.00 -0.00 -0.00************ -0.00  0.00  0.00 -0.00 -0.00 -0.00 -0.00 -0.00 -0.00
  6.24+ 5.78+ -0.000 -0.000  -0.00  -0.00  0.00 -0.00 -0.00  0.00************  0.00  0.00  0.00  0.00  0.00  0.00  0.00  0.00  0.00
  6.34+ 5.78+ -0.033 -0.068   1.15  35.77 -0.14  0.00 -0.00 -0.00  7.50105.92  0.11  0.00  0.03 -0.68 -1.03 -0.90 -0.90 -0.00 -0.11
  6.45+ 5.78+ -0.400  1.086   2.32   0.50  0.07  0.33 -0.04 -0.02  7.50 67.48  1.62 -0.02  0.08 -0.70 -0.11 -0.90 -0.11  0.00 -0.14

  5.95+ MY=NY -0.670 -0.459   8.45  -9.81  0.36 -0.43  0.07 -0.66  5.50 40.67  0.93  2.36 -0.35 -0.68  2.72  1.52  2.16  5.50  5.66
  6.02+ 5.95+ -0.000 -0.000   0.00  -0.00  0.00 -0.00  0.00 -0.00************ -0.02  0.01  0.00  0.01 -0.01  0.02 -0.01  0.00  0.00
  6.19+ 5.95+ -0.000 -0.000  -0.00   0.00  0.00  0.00  0.00  0.00************ -0.03  0.01  0.00  0.23 -0.02  0.31 -0.02  0.04  0.09
  6.19+ 5.95+ -0.019 -0.246  -0.03   0.78  0.01  0.01  0.00  0.01  5.50 31.73  0.00 -0.02 -0.09 -0.01 -0.04 -0.02 -0.03 -0.00 -0.00
  6.24+ 5.95+ -0.310  0.164  -0.02   1.81  0.03  0.03 -0.02  0.00  5.50 43.85  0.03 -0.11  0.05 -0.08 -0.16 -0.11 -0.14 -0.00 -0.01
  6.34+ 5.95+ -0.000 -0.000   0.00   0.00  0.00 -0.00 -0.00 -0.00************  0.00  0.00  0.00 -0.03  0.03 -0.03  0.03 -0.01 -0.01
  6.45+ 5.95+  0.000  0.000   0.00   0.00 -0.00  0.00  0.00 -0.00************  0.03 -0.01 -0.01 -0.08  0.03 -0.10  0.02 -0.01 -0.03

  6.02+ MY=NY  0.184  0.021  37.52  -0.25  2.45  0.36  0.04  0.00  7.50 66.87  0.01  0.04 -0.01  4.96 -0.24  9.49 -0.36  7.50  9.08
  6.19+ 6.02+  0.511 -0.029   1.34  -6.75  0.06 -0.04  0.03  0.00  7.50 59.91 -0.38 -0.10 -0.03 -0.31  0.12 -0.39  0.10 -0.00 -0.07
  6.19+ 6.02+  0.000 -0.000   0.00  -0.00 -0.00  0.00  0.00  0.00************ -0.00  0.00  0.01 -0.02 -0.00 -0.02 -0.00 -0.00 -0.01
  6.24+ 6.02+ -0.000  0.000  -0.00   0.00  0.00  0.00 -0.00  0.00************ -0.01 -0.00 -0.00 -0.06 -0.00 -0.08 -0.00 -0.01 -0.02
  6.34+ 6.02+  0.081  5.904  -0.07   1.27 -0.02 -0.00  0.01  0.36  7.50 64.61 -0.01 -0.05 -1.17 -0.00 -0.07 -0.00 -0.06 -0.00  0.00
  6.45+ 6.02+  0.578 -0.307  -1.67   9.31 -0.16 -0.00  0.73  0.01  7.50 67.23  0.01 -0.08 -0.18  0.27 -0.87  0.33 -0.75 -0.00  0.08

  6.19+ MY=NY -3.370 -0.960  24.85   3.79  0.47 -0.12  0.38 -0.07  7.50 70.22  0.95  2.30 -0.14  8.96 -0.05 14.62 -0.13  7.50  9.91
  6.19+ 6.19+ -0.000 -0.000   0.00   0.00 -0.00  0.00  0.00  0.00************  0.00 -0.00  0.00 -0.01 -0.00 -0.01 -0.00 -0.00 -0.00
  6.24+ 6.19+  0.000 -0.000  -0.00   0.00  0.00  0.00  0.00  0.00************  0.00 -0.00  0.00 -0.01 -0.00 -0.02 -0.00 -0.00 -0.00
  6.34+ 6.19+ -0.051 -0.017   0.08   3.70 -0.04 -0.00 -0.00  0.03  7.50 91.01 -0.05 -0.05 -0.14 -0.07 -0.08 -0.09 -0.07 -0.00 -0.01
  6.45+ 6.19+ -1.556 -4.138   2.85  18.31 -0.15 -0.03 -0.09  0.31  7.50 79.09 -0.82 -0.50 -0.95 -0.67 -0.67 -0.88 -0.59 -0.00 -0.12

  6.19+ MY=NY  0.043 -0.221   3.57   1.81 -2.93  0.47  0.08  0.01  5.50 38.68 -1.32 -0.07 -1.10 -3.88 -1.86 -2.72 -1.83  5.50  5.13
  6.24+ 6.19+  0.107 -0.398  -0.13   0.77  1.38  0.00  0.21  0.02  5.50 49.78  0.05 -0.17 -1.97  0.01 -0.74 -0.01 -0.64  0.00  0.02
  6.34+ 6.19+ -0.000 -0.000   0.00   0.00 -0.00  0.00 -0.00  0.00************ -0.04  0.00  0.00 -0.02 -0.00 -0.03 -0.00  0.00 -0.00
  6.45+ 6.19+ -0.000 -0.000   0.00   0.00 -0.00 -0.00 -0.00  0.00************ -0.00 -0.00  0.00 -0.06 -0.03 -0.08 -0.03 -0.01 -0.02

  6.24+ MY=NY  0.127  0.188   3.37   1.11  1.81  0.49  0.29 -0.01  5.50 41.58 -1.14 -0.25  1.00 -3.88 -1.20 -2.70 -1.26  5.50  5.11
  6.34+ 6.24+ -0.000 -0.000   0.00  -0.00  0.00  0.00 -0.00  0.00************  0.01  0.00  0.01  0.01 -0.00  0.01 -0.00 -0.00  0.00
  6.45+ 6.24+  0.000 -0.000   0.00   0.00 -0.00  0.00  0.00  0.00************ -0.00 -0.00  0.00 -0.02 -0.01 -0.03 -0.01 -0.00 -0.01

  6.34+ MY=NY  0.005 -0.030  33.81   1.14 -3.45 -0.41  0.00  0.00  7.50 65.19  0.32  0.00  0.01  2.45 -0.44  6.27 -0.57  7.50  8.56
  6.45+ 6.34+  0.062 -0.171  -0.83   6.17  0.14  0.00  0.00 -0.00  7.50 75.63 -0.29  0.01 -0.07  0.28 -0.20  0.35 -0.17  0.00  0.07

  6.45+ MY=NY  0.580 -0.206  26.75  15.44 -0.98  0.28  0.12  0.11  7.50 72.30 -0.64  0.15 -1.89  6.24 -1.18 11.10 -1.15  7.50  9.37

 DECOUP:  0.00 SEC



   #   ENERGY +/-(#)    <Q20>    <Q22>     <R2>     <JZ>      #   ENERGY +/-(#)    <Q20>    <Q22>     <R2>     <JZ>

   1   1.5000  +(# 1)   0.6298  -0.0455   1.6054   0.5000    41   6.0180  +(#21)   9.4903  -0.3599   9.0756   2.4475
   2   2.1292  -(# 1)   3.3725  -0.0636   3.0573   0.4983    42   6.1725  -(#21)   0.1144  -0.8246   6.5526   4.4359
   3   2.5402  -(# 2)  -0.2232  -0.4181   2.4804  -1.4413    43   6.1878  +(#22)  14.6191  -0.1327   9.9097   0.4730
   4   2.7769  +(# 2)   6.2126  -0.0754   4.5248   0.4972    44   6.1930  +(#23)  -2.7184  -1.8279   5.1279  -2.9353
   5   2.8306  -(# 3)  -0.0004   0.2545   2.4895   0.4429    45   6.2194  -(#22)  14.8452  -1.4640  11.0015   0.2556
   6   3.1767  +(# 3)   2.5481  -0.4312   3.9368  -1.4346    46   6.2329  -(#23)   4.3811  -1.5222   7.2829   1.9698
   7   3.4555  +(# 4)   2.4961   0.0899   3.9068   0.4811    47   6.2447  +(#24)  -2.6981  -1.2596   5.1079   1.8078
   8   3.4729  -(# 4)   8.6797  -0.1359   5.9331   0.4909    48   6.3220  -(#24)   4.4755  -0.3547   7.2506  -0.8149
   9   3.6122  +(# 5)  -0.9010  -0.6626   3.3790   2.3295    49   6.3396  +(#25)   6.2747  -0.5695   8.5553  -3.4513
  10   3.7942  -(# 5)   5.3211  -0.3413   5.3891  -1.4438    50   6.3954  -(#25)  14.1923   0.3252  10.8208  -1.2030
  11   3.8751  +(# 6)  -0.6959  -0.3132   3.3984   0.4324    51   6.4507  +(#26)  11.1013  -1.1479   9.3728  -0.9792
  12   4.1036  +(# 7)  -0.8431   0.7562   3.3303  -1.3056    52   6.4859  +(#27)  -2.6136  -0.3901   5.0862  -0.5176
  13   4.1050  -(# 6)   5.6808  -0.0361   5.4358   0.5684    53   6.5755  -(#26)   4.8039   1.9316   7.2108   0.3308
  14   4.1935  -(# 7)   2.0572  -0.3995   4.8547   2.3164    54   6.5960  -(#27)  11.6268  -0.1387  10.4179   2.4262
  15   4.2113  +(# 8)  10.8141  -0.2655   7.2894   0.4756    55   6.5965  +(#28)  11.1421   1.1981   9.2833   0.0092
  16   4.4648  +(# 9)   7.9544  -0.2839   6.8198  -1.4262    56   6.6378  -(#28)  -3.6736  -0.9578   5.9351  -5.4549
  17   4.5340  -(# 8)   2.1035  -1.0055   4.8872   0.0257    57   6.7044  +(#29)  -2.4917   3.3066   4.9546  -0.3009
  18   4.6336  -(# 9)  -1.7238  -0.8355   4.2508  -3.2120    58   6.7191  +(#30)   2.8383  -0.7297   7.9967   4.4570
  19   4.6985  -(#10)   2.0056   1.2039   4.7805  -1.1653    59   6.7197  -(#29)   0.4356  -1.2787   6.6241  -3.3340
  20   4.7606  +(#10)   8.7615  -0.0172   6.9417   0.6164    60   6.8108  +(#31)  15.8114  -2.0480  12.1844   0.1560
  21   4.8090  +(#11)   4.8893  -0.3889   6.3201   2.2748    61   6.8226  -(#30)   0.5358  -1.3528   6.6436   2.1880
  22   4.9013  -(#11)  12.3465  -0.5523   8.5532   0.4307    62   6.8379  +(#32)   7.3230  -1.2052   8.7538   2.1947
  23   5.0358  -(#12)  -1.7831  -1.5638   4.2709  -0.9749    63   6.8770  -(#31)   8.6373  -0.4167   9.9376  -3.4577
  24   5.1080  -(#13)  10.2704  -0.0700   8.1920  -1.3973    64   6.9219  -(#32)  16.4788  -0.5273  11.2318   0.4440
  25   5.1450  +(#12)   5.1544  -1.3141   6.4016  -0.6437    65   6.9459  +(#33)   7.5540  -0.5360   8.7643  -1.0514
  26   5.1812  -(#14)  -1.7787  -0.5936   4.2318   1.4981    66   6.9901  +(#34)  15.5664   0.3264  12.0467  -1.0399
  27   5.2142  +(#13)   1.0100  -0.7267   5.6959  -3.3608    67   7.0771  -(#33)   0.7534  -0.7263   6.6537  -0.6117
  28   5.2820  +(#14)   5.2276   1.4940   6.2985  -0.3794    68   7.1332  -(#34)  13.8670  -0.9512  10.8196  -1.0602
  29   5.3513  -(#15)  -1.6689   2.3438   4.1294   0.8965    69   7.1463  +(#35)  -0.7750  -0.8810   7.4087  -5.4607
  30   5.3923  -(#16)   7.1485  -0.4997   7.6962   2.4227    70   7.1586  +(#36)  13.5937   0.1489  11.7296   2.3522
  31   5.4735  -(#17)  11.9943   0.0804   8.4693   0.5007    71   7.2086  +(#37)   8.0257   1.7475   8.7483   0.3346
  32   5.5909  +(#15)  13.8426  -0.9171   9.8142   0.3632    72   7.2177  -(#35)   5.4081  -0.5993   9.4140   4.4654
  33   5.6426  +(#16)   1.2072  -2.1000   5.7847   1.2567    73   7.2432  -(#36)  -3.5781  -1.2934   5.9646   4.4030
  34   5.6747  +(#17)  -2.6723  -0.9359   5.0989   4.2689    74   7.2724  +(#38)   3.4500  -1.0930   8.1122  -3.3828
  35   5.7168  +(#18)   1.2942   0.0460   5.7110   0.0026    75   7.2824  -(#37)  13.8660   0.8804  10.7443   0.1142
  36   5.7535  -(#18)   3.8579  -0.7251   7.1642  -3.3529    76   7.3003  -(#38)   0.8492   3.1418   6.5108  -0.2117
  37   5.7754  +(#19)  12.4679   0.1211   9.5455  -1.3297    77   7.3791  -(#39)  -3.5503  -1.4859   5.9770  -3.3191
  38   5.7913  -(#19)   8.0498  -1.1734   7.8720  -0.9304    78   7.4025  +(#39)  10.8189  -0.2479  11.2895  -3.4484
  39   5.9299  -(#20)   8.2583   1.3711   7.8020  -0.1337    79   7.4037  +(#40)   3.6791  -1.2670   8.1570   2.2467
  40   5.9510  +(#20)   1.5195   2.1635   5.6612   0.3611    80   7.4637  -(#40)  10.0945  -0.8405  10.1946   2.3379



     PARITY: +     DIMENSION:  95     MATRIX:   0.0 SEC     DIAGONALISATION:   0.0 SEC
     PARITY: -     DIMENSION:  70     MATRIX:   0.0 SEC     DIAGONALISATION:   0.0 SEC
      TOTAL TIME:   0.0 SEC
