


         KAPPAP      MYP     KAPPAN      MYN
    0    0.1200    0.0000    0.1200    0.0000
    1    0.1200    0.0000    0.1200    0.0000
    2    0.1050    0.0000    0.1050    0.0000
    3    0.0900    0.3000    0.0900    0.2500
    4    0.0650    0.5700    0.0700    0.3900
    5    0.0600    0.6500    0.0620    0.4300
    6    0.0540    0.6900    0.0620    0.3400
    7    0.0540    0.6900    0.0620    0.2600
    8    0.0540    0.6900    0.0620    0.2600


     KAPPA    MY     EPS   GAMMA    EPS4     EPS6     W0/W00   NMAX  COUPL     OMROT      EFAC      QFAC
      SEE TABLE     1.137   57.0   0.000    0.000    1.13908     8     0     0.00000   7.32280   5.66723


                     **** PROTONS ****                     **** STRETCHED COORDINATES ****
    SYMMETRY R1= 1


   BASIS FUNCTIONS /N,L,J,OMEGA>,   PARITY -


   1 / 7 7 15/2 13/2>    15 / 7 5 11/2  1/2>    29 / 7 7 13/2 -7/2>    43 / 5 5 11/2  1/2>    57 / 5 5 11/2-11/2>
   2 / 7 7 13/2 13/2>    16 / 7 5  9/2  1/2>    30 / 7 5 11/2 -7/2>    44 / 5 5  9/2  1/2>    58 / 3 3  7/2  5/2>
   3 / 7 7 15/2  9/2>    17 / 7 3  7/2  1/2>    31 / 7 5  9/2 -7/2>    45 / 5 3  7/2  1/2>    59 / 3 3  5/2  5/2>
   4 / 7 7 13/2  9/2>    18 / 7 3  5/2  1/2>    32 / 7 3  7/2 -7/2>    46 / 5 3  5/2  1/2>    60 / 3 3  7/2  1/2>
   5 / 7 5 11/2  9/2>    19 / 7 1  3/2  1/2>    33 / 7 7 15/2-11/2>    47 / 5 1  3/2  1/2>    61 / 3 3  5/2  1/2>
   6 / 7 5  9/2  9/2>    20 / 7 1  1/2  1/2>    34 / 7 7 13/2-11/2>    48 / 5 1  1/2  1/2>    62 / 3 1  3/2  1/2>
   7 / 7 7 15/2  5/2>    21 / 7 7 15/2 -3/2>    35 / 7 5 11/2-11/2>    49 / 5 5 11/2 -3/2>    63 / 3 1  1/2  1/2>
   8 / 7 7 13/2  5/2>    22 / 7 7 13/2 -3/2>    36 / 7 7 15/2-15/2>    50 / 5 5  9/2 -3/2>    64 / 3 3  7/2 -3/2>
   9 / 7 5 11/2  5/2>    23 / 7 5 11/2 -3/2>    37 / 5 5 11/2  9/2>    51 / 5 3  7/2 -3/2>    65 / 3 3  5/2 -3/2>
  10 / 7 5  9/2  5/2>    24 / 7 5  9/2 -3/2>    38 / 5 5  9/2  9/2>    52 / 5 3  5/2 -3/2>    66 / 3 1  3/2 -3/2>
  11 / 7 3  7/2  5/2>    25 / 7 3  7/2 -3/2>    39 / 5 5 11/2  5/2>    53 / 5 1  3/2 -3/2>    67 / 3 3  7/2 -7/2>
  12 / 7 3  5/2  5/2>    26 / 7 3  5/2 -3/2>    40 / 5 5  9/2  5/2>    54 / 5 5 11/2 -7/2>    68 / 1 1  3/2  1/2>
  13 / 7 7 15/2  1/2>    27 / 7 1  3/2 -3/2>    41 / 5 3  7/2  5/2>    55 / 5 5  9/2 -7/2>    69 / 1 1  1/2  1/2>
  14 / 7 7 13/2  1/2>    28 / 7 7 15/2 -7/2>    42 / 5 3  5/2  5/2>    56 / 5 3  7/2 -7/2>    70 / 1 1  3/2 -3/2>


    SINGLE PARTICLE (PARITY-) WAVE FUNCTIONS IN THE ENERGY INTERVAL 0.0<E<7.0

 E=2.0102   0.910650/ 68>-0.127248/ 69> 0.393097/ 70>

 E=2.2117  -0.189874/ 68> 0.716104/ 69> 0.671671/ 70>

 E=3.0458  -0.272241/ 58> 0.013674/ 59>-0.770532/ 60> 0.017919/ 61>-0.139309/ 62> 0.016591/ 63>-0.547782/ 64>
           -0.026410/ 65>-0.064128/ 66>-0.084267/ 67>

 E=3.2781  -0.366967/ 68>-0.686296/ 69> 0.627959/ 70>

 E=3.3645  -0.291542/ 58>-0.030573/ 59> 0.176181/ 60>-0.253470/ 61> 0.767144/ 62>-0.278980/ 63>-0.312067/ 64>
            0.059446/ 65> 0.158912/ 66>-0.162077/ 67>

 E=3.4590   0.405697/ 58>-0.060201/ 59> 0.150862/ 60>-0.573223/ 61>-0.180685/ 62>-0.222352/ 63>-0.344037/ 64>
           -0.404203/ 65>-0.337356/ 66> 0.052952/ 67>

 E=3.5871   0.174017/ 58>-0.309354/ 59>-0.010766/ 60>-0.198263/ 61>-0.019633/ 62> 0.533052/ 63>-0.048062/ 64>
           -0.253791/ 65> 0.540100/ 66>-0.437763/ 67>

 E=3.9925   0.081147/ 37>-0.002013/ 38> 0.378599/ 39>-0.009244/ 40> 0.032493/ 41>-0.001298/ 42> 0.689723/ 43>
           -0.004093/ 44> 0.084645/ 45>-0.001290/ 46> 0.008189/ 47>-0.000670/ 48> 0.566385/ 49> 0.009427/ 50>
            0.062164/ 51> 0.002238/ 52> 0.004106/ 53> 0.201454/ 54> 0.005597/ 55> 0.010700/ 56> 0.021588/ 57>


 E=4.3071  -0.433319/ 58>-0.073640/ 59>-0.287015/ 60>-0.520753/ 61>-0.036131/ 62>-0.108550/ 63> 0.583049/ 64>
           -0.254933/ 65> 0.077142/ 66> 0.171096/ 67>

 E=4.4754   0.108193/ 37>-0.037124/ 38> 0.310599/ 39>-0.290114/ 40> 0.047722/ 41>-0.026606/ 42> 0.121374/ 43>
           -0.617644/ 44> 0.032689/ 45>-0.111458/ 46> 0.011417/ 47>-0.016652/ 48>-0.291562/ 49>-0.481789/ 50>
           -0.059402/ 51>-0.070538/ 52>-0.009899/ 53>-0.222121/ 54>-0.128840/ 55>-0.019547/ 56>-0.033580/ 57>


 E=4.4955   0.495116/ 58> 0.048797/ 59>-0.326096/ 60>-0.257486/ 61>-0.023870/ 62>-0.374206/ 63> 0.165936/ 64>
            0.554377/ 65> 0.278728/ 66>-0.163351/ 67>

 E=4.5911  -0.148813/ 58> 0.581349/ 59> 0.116624/ 60> 0.098448/ 61>-0.241224/ 62>-0.316816/ 63> 0.072530/ 64>
           -0.282298/ 65> 0.110155/ 66>-0.600788/ 67>

 E=4.6080  -0.178726/ 37>-0.003443/ 38>-0.252987/ 39>-0.047346/ 40> 0.191413/ 41>-0.018899/ 42> 0.145140/ 43>
           -0.031660/ 44> 0.708696/ 45>-0.040575/ 46> 0.184661/ 47>-0.034401/ 48>-0.056759/ 49> 0.077483/ 50>
            0.454367/ 51> 0.043872/ 52> 0.073522/ 53>-0.271401/ 54> 0.023984/ 55> 0.046128/ 56>-0.064735/ 57>


 E=4.8222  -0.022302/  1> 0.000362/  2>-0.145230/  3> 0.002808/  4>-0.008357/  5>-0.416750/  7> 0.005561/  8>
           -0.037986/  9> 0.000824/ 10>-0.002214/ 11>-0.640393/ 13> 0.001855/ 14>-0.068298/ 15> 0.000352/ 16>
           -0.005604/ 17>-0.000408/ 19>-0.555667/ 21>-0.004701/ 22>-0.056342/ 23>-0.000822/ 24>-0.004160/ 25>
           -0.267848/ 28>-0.004586/ 29>-0.020453/ 30>-0.000511/ 31>-0.000746/ 32>-0.064594/ 33>-0.001254/ 34>
           -0.002259/ 35>-0.005194/ 36>

 E=4.8675  -0.070035/ 37> 0.059274/ 38>-0.074293/ 39> 0.209409/ 40> 0.007361/ 41>-0.047921/ 42> 0.120416/ 43>
           -0.056448/ 44> 0.184268/ 45>-0.569657/ 46> 0.337307/ 47>-0.287343/ 48>-0.160050/ 49> 0.110784/ 50>
           -0.437634/ 51>-0.212362/ 52>-0.088964/ 53> 0.241862/ 54> 0.118851/ 55>-0.064702/ 56> 0.090181/ 57>


 E=4.9754   0.320298/ 37>-0.038938/ 38>-0.100196/ 39>-0.067830/ 40>-0.520157/ 41> 0.082365/ 42> 0.046018/ 43>
           -0.015016/ 44> 0.031862/ 45> 0.210353/ 46> 0.561847/ 47>-0.151669/ 48>-0.007314/ 49> 0.008601/ 50>
           -0.055611/ 51> 0.375383/ 52> 0.177186/ 53>-0.017264/ 54>-0.181979/ 55>-0.087372/ 56> 0.032373/ 57>


 E=5.1758  -0.028719/ 37> 0.164975/ 38> 0.008420/ 39>-0.004205/ 40> 0.011363/ 41>-0.331296/ 42>-0.010367/ 43>
            0.010365/ 44>-0.032480/ 45>-0.079738/ 46> 0.106973/ 47> 0.458659/ 48> 0.022929/ 49>-0.004205/ 50>
            0.011668/ 51>-0.151610/ 52> 0.519008/ 53>-0.047284/ 54> 0.056269/ 55>-0.483771/ 56> 0.316344/ 57>


 E=5.2194   0.189528/ 37> 0.018401/ 38> 0.523486/ 39> 0.163078/ 40> 0.053903/ 41> 0.007394/ 42> 0.196841/ 43>
            0.383185/ 44> 0.028829/ 45> 0.054578/ 46> 0.002033/ 47> 0.009944/ 48>-0.479483/ 49> 0.288538/ 50>
           -0.063236/ 51> 0.029993/ 52>-0.379622/ 54> 0.066903/ 55>-0.027112/ 56>-0.057255/ 57>

 E=5.4286   0.038929/  1>-0.009088/  2> 0.183969/  3>-0.098128/  4> 0.014704/  5>-0.004966/  6> 0.303657/  7>
           -0.339989/  8> 0.039687/  9>-0.036739/ 10> 0.003797/ 11>-0.002142/ 12> 0.094886/ 13>-0.559208/ 14>
            0.014807/ 15>-0.075745/ 16> 0.002147/ 17>-0.008247/ 18> 0.000456/ 19>-0.000799/ 20>-0.245594/ 21>
           -0.474642/ 22>-0.036130/ 23>-0.059834/ 24>-0.004552/ 25>-0.005436/ 26>-0.000540/ 27>-0.269045/ 28>
           -0.202795/ 29>-0.029009/ 30>-0.016750/ 31>-0.001668/ 32>-0.097801/ 33>-0.036509/ 34>-0.004670/ 35>

-0.010188/ 36>

 E=5.5589  -0.212131/ 37> 0.095774/ 38>-0.265955/ 39> 0.471577/ 40>-0.108627/ 41> 0.060834/ 42> 0.304029/ 43>
            0.230058/ 44>-0.071208/ 45> 0.083817/ 46>-0.037500/ 47> 0.026925/ 48> 0.003123/ 49>-0.515273/ 50>
           -0.141955/ 51>-0.111022/ 52>-0.036045/ 53>-0.298845/ 54>-0.284553/ 55>-0.054331/ 56>-0.071415/ 57>


 E=5.5746  -0.423923/ 58>-0.191206/ 59> 0.344705/ 60>-0.312511/ 61>-0.446338/ 62> 0.079992/ 63>-0.152112/ 64>
            0.528120/ 65>-0.115581/ 66>-0.214991/ 67>

 E=5.6542   0.074307/  1> 0.236687/  3> 0.009064/  4>-0.048699/  5> 0.002466/  6> 0.157751/  7> 0.031092/  8>
           -0.309260/  9> 0.014864/ 10>-0.043128/ 11> 0.002575/ 12>-0.135869/ 13> 0.012710/ 14>-0.637521/ 15>
            0.007657/ 16>-0.125639/ 17> 0.003230/ 18>-0.017330/ 19> 0.001983/ 20>-0.006095/ 21>-0.030202/ 22>
           -0.502397/ 23>-0.016570/ 24>-0.088643/ 25>-0.004973/ 26>-0.008118/ 27> 0.250178/ 28>-0.020703/ 29>
           -0.144907/ 30>-0.007980/ 31>-0.012855/ 32> 0.157421/ 33>-0.002311/ 34>-0.010023/ 35> 0.022277/ 36>


 E=5.6648   0.255818/ 37> 0.077916/ 38> 0.048413/ 39> 0.294233/ 40>-0.244639/ 41>-0.012473/ 42>-0.165589/ 43>
           -0.144454/ 44>-0.242425/ 45>-0.463630/ 46>-0.014506/ 47>-0.140350/ 48> 0.272752/ 49> 0.068255/ 50>
            0.408502/ 51>-0.126459/ 52> 0.072779/ 53>-0.364005/ 54> 0.111096/ 55> 0.061049/ 56>-0.147863/ 57>


 E=5.6980   0.028787/ 58>-0.604131/ 59>-0.112252/ 60> 0.249215/ 61> 0.092717/ 62>-0.249432/ 63> 0.235462/ 64>
           -0.084670/ 65>-0.431973/ 66>-0.489351/ 67>

 E=5.8243   0.423749/ 37>-0.071173/ 38>-0.213613/ 39>-0.125361/ 40>-0.338634/ 41> 0.029974/ 42> 0.119144/ 43>
            0.099492/ 44> 0.199980/ 45> 0.161845/ 46>-0.096489/ 47> 0.200678/ 48>-0.095770/ 49>-0.128752/ 50>
           -0.001776/ 51>-0.527244/ 52>-0.153963/ 53> 0.064363/ 54> 0.400109/ 55> 0.083154/ 56>-0.002372/ 57>


 E=5.9839  -0.011432/ 37> 0.397316/ 38> 0.008371/ 39>-0.039611/ 40>-0.057423/ 41>-0.521293/ 42> 0.008596/ 43>
            0.010245/ 44>-0.012521/ 45>-0.022229/ 46> 0.178242/ 47> 0.307562/ 48>-0.029252/ 49> 0.012452/ 50>
           -0.081127/ 51> 0.069148/ 52>-0.048281/ 53> 0.105319/ 54>-0.072856/ 55> 0.415689/ 56>-0.483974/ 57>


 E=6.0588  -0.076248/  1>-0.000914/  2>-0.319225/  3>-0.034949/  4>-0.010315/  5>-0.004752/  6>-0.471924/  7>
           -0.188042/  8>-0.012840/  9>-0.048824/ 10> 0.005082/ 11>-0.005087/ 12>-0.138174/ 13>-0.363712/ 14>
           -0.000703/ 15>-0.117041/ 16> 0.005603/ 17>-0.024740/ 18> 0.003151/ 19>-0.004455/ 20> 0.366139/ 21>
           -0.292724/ 22> 0.005186/ 23>-0.087580/ 24>-0.007873/ 25>-0.014736/ 26>-0.002164/ 27> 0.440574/ 28>
           -0.094260/ 29> 0.013987/ 30>-0.019334/ 31>-0.001517/ 32> 0.180767/ 33>-0.008548/ 34> 0.004113/ 35>

 0.021263/ 36>

 E=6.0772   0.089078/  1>-0.026032/  2> 0.151988/  3>-0.151542/  4>-0.064939/  5> 0.018069/  6>-0.116344/  7>
           -0.169632/  8>-0.278200/  9> 0.214054/ 10>-0.062564/ 11> 0.031301/ 12>-0.100208/ 13> 0.016765/ 14>
           -0.133547/ 15> 0.541714/ 16>-0.057074/ 17> 0.155818/ 18>-0.025762/ 19> 0.032152/ 20> 0.200472/ 21>
           -0.073371/ 22> 0.300912/ 23> 0.397128/ 24> 0.087163/ 25> 0.091403/ 26> 0.017620/ 27>-0.047942/ 28>
           -0.196606/ 29> 0.173220/ 30> 0.080186/ 31> 0.022354/ 32>-0.154794/ 33>-0.079440/ 34> 0.015297/ 35>

-0.032062/ 36>

 E=6.2228   0.131641/  1> 0.002193/  2> 0.123741/  3> 0.021264/  4>-0.174440/  5> 0.003391/  6>-0.135104/  7>
           -0.000619/  8>-0.340584/  9>-0.026641/ 10> 0.105469/ 11>-0.016688/ 12> 0.106102/ 13>-0.021520/ 14>
            0.167215/ 15>-0.033471/ 16> 0.642170/ 17>-0.068317/ 18> 0.236757/ 19>-0.061373/ 20>-0.044725/ 21>
            0.033261/ 22>-0.104579/ 23> 0.105339/ 24> 0.345335/ 25> 0.056452/ 26> 0.076233/ 27>-0.032765/ 28>
           -0.038829/ 29>-0.291901/ 30> 0.016170/ 31> 0.014239/ 32> 0.159697/ 33>-0.020584/ 34>-0.050974/ 35>

 0.047482/ 36>

 E=6.4397   0.041414/  1>-0.033296/  2> 0.038609/  3>-0.097408/  4>-0.026958/  5> 0.044532/  6>-0.060031/  7>
            0.047281/  8>-0.091522/  9> 0.248799/ 10>-0.059876/ 11>-0.000772/ 12> 0.072306/ 13>-0.041910/ 14>
            0.133872/ 15>-0.037159/ 16> 0.117359/ 17>-0.467224/ 18> 0.296111/ 19>-0.277737/ 20>-0.095170/ 21>
            0.028147/ 22>-0.173983/ 23> 0.141327/ 24>-0.439495/ 25>-0.141724/ 26>-0.108879/ 27> 0.133272/ 28>
           -0.031314/ 29> 0.338540/ 30> 0.113357/ 31>-0.021734/ 32>-0.182231/ 33>-0.056969/ 34> 0.080491/ 35>

-0.076246/ 36>

 E=6.5015   0.281495/ 37> 0.063077/ 38> 0.319599/ 39> 0.342526/ 40> 0.152517/ 41> 0.023256/ 42>-0.363675/ 43>
            0.170379/ 44> 0.285332/ 45> 0.022839/ 46> 0.088635/ 47>-0.010929/ 48>-0.025599/ 49>-0.376598/ 50>
            0.233971/ 51>-0.046788/ 52> 0.036464/ 53> 0.410680/ 54>-0.193007/ 55> 0.062566/ 56> 0.108375/ 57>


 E=6.5180  -0.088744/  1> 0.030125/  2>-0.274738/  3> 0.238836/  4>-0.044568/  5> 0.014889/  6>-0.139109/  7>
            0.481484/  8>-0.109758/  9> 0.066824/ 10>-0.016681/ 11> 0.005236/ 12> 0.260387/ 13> 0.162120/ 14>
           -0.111973/ 15> 0.029110/ 16>-0.029945/ 17> 0.004335/ 18>-0.005450/ 19> 0.001087/ 20> 0.085340/ 21>
           -0.409508/ 22>-0.117511/ 23>-0.067131/ 24>-0.026540/ 25>-0.009409/ 26>-0.003490/ 27>-0.274826/ 28>
           -0.393843/ 29>-0.081190/ 30>-0.040327/ 31>-0.007015/ 32>-0.186830/ 33>-0.105868/ 34>-0.015117/ 35>

-0.026878/ 36>

 E=6.5904   0.257368/  1>-0.026656/  2>-0.099258/  3>-0.030027/  4>-0.419611/  5> 0.053600/  6> 0.044736/  7>
            0.008356/  8> 0.094867/  9> 0.088621/ 10> 0.498616/ 11>-0.083210/ 12>-0.020263/ 13>-0.003699/ 14>
           -0.046426/ 15> 0.020636/ 16> 0.014609/ 17>-0.209869/ 18>-0.446145/ 19> 0.120902/ 20> 0.007069/ 21>
           -0.010096/ 22> 0.004309/ 23> 0.006746/ 24> 0.065261/ 25>-0.341536/ 26>-0.138370/ 27> 0.006776/ 28>
            0.026053/ 29> 0.014484/ 30> 0.220423/ 31> 0.076150/ 32>-0.022937/ 33>-0.102082/ 34>-0.035967/ 35>

 0.011409/ 36>

 E=6.7205  -0.156345/  1>-0.021033/  2>-0.296885/  3>-0.138236/  4> 0.086346/  5> 0.006207/  6> 0.094729/  7>
           -0.139237/  8> 0.358479/  9> 0.133938/ 10> 0.058153/ 11> 0.014968/ 12> 0.121363/ 13> 0.105645/ 14>
            0.158183/ 15> 0.401369/ 16> 0.034017/ 17> 0.093004/ 18>-0.003035/ 19> 0.012823/ 20>-0.232387/ 21>
           -0.012967/ 22>-0.364824/ 23> 0.276175/ 24>-0.071627/ 25> 0.046425/ 26>-0.009709/ 27> 0.151405/ 28>
           -0.178334/ 29>-0.220854/ 30> 0.043153/ 31>-0.017419/ 32> 0.273405/ 33>-0.069551/ 34>-0.023535/ 35>

 0.056901/ 36>

 E=6.7304  -0.149598/ 37> 0.164140/ 38>-0.026449/ 39> 0.443819/ 40>-0.208626/ 41> 0.119732/ 42> 0.217270/ 43>
           -0.409230/ 44>-0.047980/ 45> 0.131138/ 46>-0.176292/ 47> 0.125562/ 48>-0.334022/ 49> 0.101947/ 50>
            0.202947/ 51> 0.247185/ 52> 0.079666/ 53> 0.282532/ 54> 0.272360/ 55> 0.108988/ 56> 0.132827/ 57>


 E=6.8134   0.470239/ 37> 0.022018/ 38>-0.283698/ 39> 0.022759/ 40> 0.040934/ 41>-0.094311/ 42> 0.144433/ 43>
           -0.062376/ 44> 0.140875/ 45>-0.238326/ 46>-0.444294/ 47> 0.121595/ 48>-0.082610/ 49> 0.224813/ 50>
           -0.067831/ 51> 0.178792/ 52>-0.085890/ 53> 0.049061/ 54>-0.504240/ 55>-0.070222/ 56> 0.101647/ 57>


 E=6.8171  -0.019013/  1> 0.096895/  2> 0.010110/  3>-0.010476/  4> 0.018548/  5>-0.197422/  6>-0.004388/  7>
            0.005672/  8>-0.011670/  9>-0.006350/ 10> 0.011292/ 11> 0.302047/ 12> 0.002725/ 13>-0.002347/ 14>
            0.003026/ 15>-0.018073/ 16> 0.030059/ 17> 0.085192/ 18>-0.121715/ 19>-0.368793/ 20>-0.004897/ 21>
            0.003621/ 22>-0.014880/ 23>-0.005733/ 24> 0.015433/ 25> 0.133514/ 26>-0.446668/ 27> 0.016627/ 28>
           -0.004634/ 29> 0.048481/ 30>-0.065377/ 31> 0.476043/ 32>-0.057106/ 33> 0.026939/ 34>-0.415716/ 35>

 0.267552/ 36>

 E=6.8772   0.102109/ 58> 0.390193/ 59>-0.136480/ 60>-0.246155/ 61> 0.301948/ 62> 0.517212/ 63> 0.174806/ 64>
            0.172865/ 65>-0.519022/ 66>-0.263819/ 67>

 E=6.9658   0.006104/ 37>-0.547103/ 38>-0.023841/ 39> 0.118443/ 40> 0.067196/ 41> 0.268572/ 42> 0.030555/ 43>
           -0.035774/ 44>-0.002034/ 45>-0.134035/ 46> 0.026150/ 47> 0.280687/ 48>-0.056978/ 49> 0.048891/ 50>
           -0.086495/ 51>-0.059576/ 52> 0.426506/ 53> 0.161653/ 54>-0.068761/ 55> 0.023342/ 56>-0.528929/ 57>


  Q20Q22:  0.00 SEC    QTME:  0.00 SEC



    SYMMETRY R1= 1


   BASIS FUNCTIONS /N,L,J,OMEGA>,   PARITY +


   1 / 8 8 17/2 17/2>    20 / 8 6 11/2  1/2>    39 / 8 4  7/2 -7/2>    58 / 6 4  7/2  1/2>    77 / 4 2  5/2  5/2>
   2 / 8 8 17/2 13/2>    21 / 8 4  9/2  1/2>    40 / 8 8 17/2-11/2>    59 / 6 2  5/2  1/2>    78 / 4 4  9/2  1/2>
   3 / 8 8 15/2 13/2>    22 / 8 4  7/2  1/2>    41 / 8 8 15/2-11/2>    60 / 6 2  3/2  1/2>    79 / 4 4  7/2  1/2>
   4 / 8 6 13/2 13/2>    23 / 8 2  5/2  1/2>    42 / 8 6 13/2-11/2>    61 / 6 0  1/2  1/2>    80 / 4 2  5/2  1/2>
   5 / 8 8 17/2  9/2>    24 / 8 2  3/2  1/2>    43 / 8 6 11/2-11/2>    62 / 6 6 13/2 -3/2>    81 / 4 2  3/2  1/2>
   6 / 8 8 15/2  9/2>    25 / 8 0  1/2  1/2>    44 / 8 8 17/2-15/2>    63 / 6 6 11/2 -3/2>    82 / 4 0  1/2  1/2>
   7 / 8 6 13/2  9/2>    26 / 8 8 17/2 -3/2>    45 / 8 8 15/2-15/2>    64 / 6 4  9/2 -3/2>    83 / 4 4  9/2 -3/2>
   8 / 8 6 11/2  9/2>    27 / 8 8 15/2 -3/2>    46 / 6 6 13/2 13/2>    65 / 6 4  7/2 -3/2>    84 / 4 4  7/2 -3/2>
   9 / 8 4  9/2  9/2>    28 / 8 6 13/2 -3/2>    47 / 6 6 13/2  9/2>    66 / 6 2  5/2 -3/2>    85 / 4 2  5/2 -3/2>
  10 / 8 8 17/2  5/2>    29 / 8 6 11/2 -3/2>    48 / 6 6 11/2  9/2>    67 / 6 2  3/2 -3/2>    86 / 4 2  3/2 -3/2>
  11 / 8 8 15/2  5/2>    30 / 8 4  9/2 -3/2>    49 / 6 4  9/2  9/2>    68 / 6 6 13/2 -7/2>    87 / 4 4  9/2 -7/2>
  12 / 8 6 13/2  5/2>    31 / 8 4  7/2 -3/2>    50 / 6 6 13/2  5/2>    69 / 6 6 11/2 -7/2>    88 / 4 4  7/2 -7/2>
  13 / 8 6 11/2  5/2>    32 / 8 2  5/2 -3/2>    51 / 6 6 11/2  5/2>    70 / 6 4  9/2 -7/2>    89 / 2 2  5/2  5/2>
  14 / 8 4  9/2  5/2>    33 / 8 2  3/2 -3/2>    52 / 6 4  9/2  5/2>    71 / 6 4  7/2 -7/2>    90 / 2 2  5/2  1/2>
  15 / 8 4  7/2  5/2>    34 / 8 8 17/2 -7/2>    53 / 6 4  7/2  5/2>    72 / 6 6 13/2-11/2>    91 / 2 2  3/2  1/2>
  16 / 8 2  5/2  5/2>    35 / 8 8 15/2 -7/2>    54 / 6 2  5/2  5/2>    73 / 6 6 11/2-11/2>    92 / 2 0  1/2  1/2>
  17 / 8 8 17/2  1/2>    36 / 8 6 13/2 -7/2>    55 / 6 6 13/2  1/2>    74 / 4 4  9/2  9/2>    93 / 2 2  5/2 -3/2>
  18 / 8 8 15/2  1/2>    37 / 8 6 11/2 -7/2>    56 / 6 6 11/2  1/2>    75 / 4 4  9/2  5/2>    94 / 2 2  3/2 -3/2>
  19 / 8 6 13/2  1/2>    38 / 8 4  9/2 -7/2>    57 / 6 4  9/2  1/2>    76 / 4 4  7/2  5/2>    95 / 0 0  1/2  1/2>


    SINGLE PARTICLE (PARITY+) WAVE FUNCTIONS IN THE ENERGY INTERVAL 0.0<E<7.0

 E=1.5000   1.000000/ 95>

 E=2.5455  -0.147368/ 89>-0.836667/ 90> 0.064627/ 91>-0.212925/ 92>-0.475397/ 93>-0.052487/ 94>

 E=2.7285   0.351092/ 89>-0.090420/ 90> 0.322175/ 91>-0.745851/ 92> 0.441150/ 93>-0.117705/ 94>

 E=2.9033   0.454427/ 89> 0.170165/ 90>-0.612789/ 91>-0.222616/ 92>-0.374682/ 93>-0.446190/ 94>

 E=3.5530   0.043241/ 74> 0.339704/ 75>-0.012264/ 76> 0.025017/ 77> 0.724080/ 78>-0.007677/ 79> 0.103737/ 80>
           -0.004117/ 81> 0.011179/ 82> 0.565101/ 83> 0.015399/ 84> 0.066292/ 85> 0.004161/ 86> 0.150619/ 87>
            0.005123/ 88>

 E=3.8158   0.296464/ 89> 0.352336/ 90> 0.606245/ 91>-0.037432/ 92>-0.629477/ 93> 0.150973/ 94>

 E=3.9611   0.627316/ 89>-0.265549/ 90>-0.216124/ 91> 0.180804/ 92> 0.088570/ 93> 0.669862/ 94>

 E=3.9674  -0.048013/ 74>-0.271862/ 75> 0.226055/ 76>-0.050255/ 77>-0.163561/ 78> 0.651357/ 79>-0.129248/ 80>
            0.175267/ 81>-0.061518/ 82> 0.348083/ 83> 0.445489/ 84> 0.069948/ 85> 0.066868/ 86> 0.185093/ 87>
            0.068462/ 88>

 E=4.0250  -0.113875/ 74>-0.353884/ 75>-0.005299/ 76> 0.083308/ 77> 0.131452/ 78> 0.017406/ 79> 0.746169/ 80>
           -0.106078/ 81> 0.223697/ 82>-0.085015/ 83> 0.178632/ 84> 0.362350/ 85> 0.065807/ 86>-0.209332/ 87>
            0.024546/ 88>

 E=4.2118  -0.015862/ 74> 0.088598/ 75>-0.256995/ 76> 0.107661/ 77>-0.087640/ 78>-0.005101/ 79>-0.076118/ 80>
            0.555741/ 81>-0.379888/ 82> 0.108198/ 83>-0.155818/ 84> 0.528630/ 85> 0.109972/ 86>-0.340793/ 87>
           -0.062680/ 88>

 E=4.3676  -0.363166/ 74> 0.033250/ 75> 0.096753/ 76> 0.540061/ 77>-0.011679/ 78> 0.021145/ 79> 0.044073/ 80>
           -0.271137/ 81>-0.497876/ 82>-0.010122/ 83> 0.029461/ 84> 0.006326/ 85>-0.434992/ 86> 0.040434/ 87>
            0.224038/ 88>

 E=4.4443   0.010515/ 46> 0.114889/ 47>-0.002728/ 48> 0.004980/ 49> 0.401458/ 50>-0.007371/ 51> 0.037260/ 52>
           -0.001156/ 53> 0.001810/ 54> 0.662913/ 55>-0.002748/ 56> 0.077246/ 57>-0.000652/ 58> 0.007022/ 59>
            0.000543/ 61> 0.561916/ 62> 0.006713/ 63> 0.060904/ 64> 0.001388/ 65> 0.004616/ 66> 0.238567/ 68>
            0.005387/ 69> 0.016902/ 70> 0.000508/ 71> 0.042507/ 72> 0.000866/ 73>

 E=4.7784   0.107090/ 74> 0.516489/ 75> 0.122500/ 76> 0.044318/ 77> 0.235663/ 78> 0.419138/ 79> 0.038448/ 80>
            0.076486/ 81>-0.004214/ 82>-0.538076/ 83> 0.274554/ 84>-0.075608/ 85> 0.025624/ 86>-0.306456/ 87>
            0.032350/ 88>

 E=4.9688  -0.017803/ 46>-0.144889/ 47> 0.069726/ 48>-0.009332/ 49>-0.298229/ 50> 0.325737/ 51>-0.043724/ 52>
            0.035256/ 53>-0.003976/ 54>-0.101605/ 55> 0.593989/ 56>-0.019805/ 57> 0.092351/ 58>-0.004209/ 59>
            0.011875/ 60>-0.001634/ 61> 0.255563/ 62> 0.487575/ 63> 0.044902/ 64> 0.067653/ 65> 0.006976/ 66>
            0.005878/ 67> 0.241683/ 68> 0.173206/ 69> 0.026192/ 70> 0.011568/ 71> 0.063278/ 72> 0.018540/ 73>


 E=5.0403  -0.144054/ 74>-0.386263/ 75> 0.282644/ 76>-0.071667/ 77> 0.357211/ 78> 0.296785/ 79> 0.016350/ 80>
            0.241745/ 81>-0.071456/ 82>-0.119892/ 83>-0.577315/ 84>-0.247801/ 85>-0.128760/ 86>-0.127321/ 87>
           -0.153849/ 88>

 E=5.0458   0.408776/ 89>-0.261150/ 90> 0.319801/ 91> 0.560999/ 92> 0.186849/ 93>-0.559283/ 94>

 E=5.1074  -0.103744/ 74>-0.027955/ 75>-0.505104/ 76> 0.168036/ 77> 0.057737/ 78> 0.055667/ 79> 0.263849/ 80>
            0.427983/ 81>-0.045898/ 82>-0.221157/ 83> 0.074153/ 84>-0.309071/ 85> 0.060507/ 86> 0.538296/ 87>
            0.020176/ 88>

 E=5.1534   0.037858/ 46> 0.214378/ 47> 0.008280/ 48>-0.021404/ 49> 0.197664/ 50> 0.043931/ 51>-0.262449/ 52>
            0.019748/ 53>-0.030862/ 54>-0.134112/ 55> 0.021582/ 56>-0.671081/ 57> 0.016425/ 58>-0.153756/ 59>
            0.010757/ 60>-0.023648/ 61> 0.021697/ 62>-0.049195/ 63>-0.491684/ 64>-0.028356/ 65>-0.091198/ 66>
           -0.008632/ 67> 0.265290/ 68>-0.025196/ 69>-0.097044/ 70>-0.006995/ 71> 0.114681/ 72>-0.001379/ 73>


 E=5.1674  -0.002564/  1>-0.035749/  2> 0.000580/  3>-0.001037/  4>-0.171235/  5> 0.002661/  6>-0.010995/  7>
           -0.426562/ 10> 0.004295/ 11>-0.037593/ 12> 0.000585/ 13>-0.002273/ 14>-0.621279/ 17> 0.001329/ 18>
           -0.061441/ 19>-0.004622/ 21>-0.548588/ 26>-0.003448/ 27>-0.052263/ 28>-0.000526/ 29>-0.003669/ 30>
           -0.290347/ 34>-0.003842/ 35>-0.022556/ 36>-0.000436/ 37>-0.001049/ 38>-0.086021/ 40>-0.001434/ 41>
           -0.004126/ 42>-0.011618/ 44>

 E=5.2649   0.537737/ 74>-0.114195/ 75>-0.123765/ 76>-0.353488/ 77> 0.035151/ 78> 0.035261/ 79> 0.119485/ 80>
            0.063698/ 81>-0.155944/ 82>-0.040989/ 83>-0.029859/ 84> 0.079460/ 85>-0.522314/ 86> 0.035649/ 87>
            0.478986/ 88>

 E=5.4887   0.040815/ 46> 0.168967/ 47>-0.115081/ 48>-0.015128/ 49> 0.008597/ 50>-0.180464/ 51>-0.189162/ 52>
            0.149949/ 53>-0.046430/ 54>-0.097895/ 55> 0.066285/ 56>-0.168891/ 57> 0.590907/ 58>-0.157758/ 59>
            0.227192/ 60>-0.089332/ 61> 0.150580/ 62>-0.067600/ 63> 0.347787/ 64> 0.357485/ 65> 0.103301/ 66>
            0.077065/ 67>-0.164590/ 68>-0.177155/ 69> 0.117140/ 70> 0.035573/ 71>-0.139298/ 72>-0.040257/ 73>


 E=5.5940  -0.083672/ 46>-0.216479/ 47> 0.010163/ 48> 0.089959/ 49> 0.133782/ 50> 0.011019/ 51> 0.438442/ 52>
           -0.039851/ 53>-0.010671/ 54>-0.092669/ 55> 0.025038/ 56>-0.131037/ 57>-0.033302/ 58>-0.645625/ 59>
            0.147514/ 60>-0.263840/ 61> 0.048898/ 62>-0.040157/ 63> 0.134361/ 64>-0.233904/ 65>-0.234086/ 66>
           -0.076630/ 67>-0.007601/ 68> 0.100019/ 69> 0.180474/ 70>-0.016418/ 71>-0.096642/ 72> 0.024714/ 73>


 E=5.6675   0.031541/ 46> 0.252758/ 47> 0.034027/ 48> 0.012984/ 49> 0.513684/ 50> 0.183549/ 51> 0.058480/ 52>
            0.015597/ 53> 0.003032/ 54> 0.173022/ 55> 0.354558/ 56> 0.024556/ 57> 0.043478/ 58> 0.000350/ 59>
            0.002380/ 60>-0.437257/ 62> 0.285206/ 63>-0.057590/ 64> 0.030157/ 65>-0.008168/ 66> 0.000690/ 67>
           -0.418478/ 68> 0.092384/ 69>-0.032596/ 70> 0.004564/ 71>-0.113010/ 72> 0.008300/ 73>

 E=5.7744  -0.003228/ 46> 0.036458/ 47>-0.138595/ 48> 0.033292/ 49>-0.034428/ 50> 0.026253/ 51>-0.044144/ 52>
            0.302261/ 53>-0.101174/ 54> 0.032343/ 55>-0.028615/ 56> 0.073736/ 57> 0.034181/ 58>-0.040636/ 59>
           -0.462717/ 60> 0.266336/ 61>-0.050604/ 62> 0.015145/ 63>-0.085147/ 64> 0.166667/ 65>-0.503991/ 66>
           -0.107435/ 67> 0.100591/ 68>-0.054282/ 69> 0.432459/ 70> 0.074532/ 71>-0.259484/ 72>-0.037675/ 73>


 E=5.8515   0.005835/  1> 0.064614/  2>-0.018720/  3> 0.002404/  4> 0.221058/  5>-0.120277/  6> 0.018587/  7>
           -0.007917/  8> 0.000752/  9> 0.312693/ 10>-0.341930/ 11> 0.036698/ 12>-0.035520/ 13> 0.003260/ 14>
           -0.002414/ 15> 0.091999/ 17>-0.523195/ 18> 0.012223/ 19>-0.063469/ 20> 0.001387/ 21>-0.006049/ 22>
           -0.000527/ 24>-0.242888/ 26>-0.454626/ 27>-0.030991/ 28>-0.052470/ 29>-0.003248/ 30>-0.004506/ 31>
           -0.000337/ 32>-0.295132/ 34>-0.220664/ 35>-0.030298/ 36>-0.019237/ 37>-0.002030/ 38>-0.000820/ 39>

-0.133761/ 40>-0.053833/ 41>-0.008318/ 42>-0.002158/ 43>-0.023793/ 44>-0.004395/ 45>

 E=5.9774  -0.276893/ 46> 0.048886/ 47> 0.037195/ 48> 0.437294/ 49>-0.015001/ 50>-0.004174/ 51>-0.027091/ 52>
           -0.095296/ 53>-0.499451/ 54> 0.004185/ 55> 0.003594/ 56> 0.017137/ 57>-0.028225/ 58>-0.062540/ 59>
            0.214738/ 60> 0.427701/ 61>-0.000488/ 62> 0.005361/ 63> 0.006627/ 64>-0.033187/ 65>-0.053351/ 66>
            0.382868/ 67>-0.005664/ 68>-0.008523/ 69>-0.008598/ 70>-0.259577/ 71> 0.017804/ 72> 0.127534/ 73>


 E=6.0516   0.168837/ 74> 0.396619/ 75> 0.288873/ 76> 0.111936/ 77>-0.374730/ 78> 0.231046/ 79> 0.344189/ 80>
            0.005913/ 81> 0.123825/ 82> 0.059150/ 83>-0.440558/ 84> 0.216877/ 85>-0.048847/ 86> 0.361912/ 87>
           -0.112160/ 88>

 E=6.0568  -0.045251/ 46>-0.250829/ 47> 0.177999/ 48>-0.027941/ 49>-0.190284/ 50> 0.497326/ 51>-0.107589/ 52>
            0.071694/ 53>-0.014980/ 54> 0.272127/ 55> 0.190296/ 56>-0.088811/ 57> 0.044039/ 58>-0.030042/ 59>
            0.010758/ 60>-0.006556/ 61> 0.055811/ 62>-0.460592/ 63>-0.112311/ 64>-0.088209/ 65>-0.028627/ 66>
           -0.011724/ 67>-0.297154/ 68>-0.358563/ 69>-0.071630/ 70>-0.030689/ 71>-0.135247/ 72>-0.055630/ 73>


 E=6.1200   0.012976/  1> 0.110261/  2>-0.004539/  4> 0.247672/  5> 0.006382/  6>-0.077053/  7> 0.003105/  8>
           -0.005482/  9> 0.126705/ 10> 0.018567/ 11>-0.337170/ 12> 0.010267/ 13>-0.047895/ 14> 0.002046/ 15>
           -0.003036/ 16>-0.140755/ 17> 0.006976/ 18>-0.608606/ 19> 0.004197/ 20>-0.106446/ 21> 0.001292/ 22>
           -0.012839/ 23> 0.000494/ 24>-0.001254/ 25>-0.027290/ 26>-0.017020/ 27>-0.500968/ 28>-0.009924/ 29>
           -0.081962/ 30>-0.002623/ 31>-0.008176/ 32>-0.000533/ 33> 0.232633/ 34>-0.013307/ 35>-0.182583/ 36>

-0.006878/ 37>-0.020319/ 38>-0.000826/ 39> 0.190432/ 40>-0.001693/ 41>-0.023744/ 42>-0.000850/ 43>
            0.046929/ 44>

 E=6.2052   0.014524/ 74>-0.082650/ 75> 0.527711/ 76>-0.127000/ 77> 0.196420/ 78>-0.364997/ 79>-0.055788/ 80>
            0.164017/ 81>-0.276483/ 82>-0.320769/ 83> 0.151428/ 84> 0.279126/ 85> 0.221051/ 86> 0.403592/ 87>
            0.067860/ 88>

 E=6.2114  -0.086649/ 46>-0.317652/ 47>-0.110860/ 48> 0.039414/ 49> 0.034123/ 50>-0.190604/ 51> 0.332719/ 52>
            0.070240/ 53> 0.041487/ 54> 0.146964/ 55> 0.125317/ 56> 0.198184/ 57> 0.416912/ 58> 0.039411/ 59>
            0.121877/ 60>-0.014345/ 61>-0.252994/ 62>-0.042554/ 63>-0.408723/ 64> 0.216384/ 65>-0.083381/ 66>
            0.028917/ 67> 0.244082/ 68>-0.172392/ 69>-0.156238/ 70> 0.009768/ 71> 0.231303/ 72>-0.033210/ 73>


 E=6.3073   0.549292/ 74>-0.172153/ 75>-0.062154/ 76> 0.168205/ 77> 0.037175/ 78> 0.038768/ 79> 0.109432/ 80>
           -0.228338/ 81>-0.422375/ 82> 0.002581/ 83> 0.117541/ 84>-0.101692/ 85> 0.058103/ 86> 0.012532/ 87>
           -0.602819/ 88>

 E=6.4183  -0.118271/ 46>-0.278466/ 47> 0.155478/ 48> 0.041839/ 49> 0.239822/ 50> 0.089706/ 51> 0.280662/ 52>
           -0.134814/ 53> 0.070915/ 54>-0.172124/ 55>-0.133228/ 56>-0.258251/ 57>-0.236372/ 58> 0.055432/ 59>
           -0.226028/ 60> 0.100436/ 61> 0.124707/ 62> 0.181284/ 63> 0.065593/ 64> 0.502397/ 65> 0.198200/ 66>
            0.136872/ 67>-0.046193/ 68>-0.304468/ 69>-0.017246/ 70> 0.060118/ 71>-0.088980/ 72>-0.104957/ 73>


 E=6.4218   0.008892/  1> 0.095942/  2> 0.010293/  3> 0.002843/  4> 0.320933/  5> 0.075623/  6> 0.020929/  7>
            0.005124/  8> 0.000545/  9> 0.446531/ 10> 0.234117/ 11> 0.039701/ 12> 0.026006/ 13> 0.002065/ 14>
            0.001890/ 15> 0.130358/ 17> 0.371676/ 18> 0.012951/ 19> 0.049096/ 20> 0.000799/ 21> 0.005210/ 22>
            0.000521/ 24>-0.345067/ 26> 0.319012/ 27>-0.033068/ 28> 0.039841/ 29>-0.001942/ 30> 0.003754/ 31>
           -0.424558/ 34> 0.145656/ 35>-0.033383/ 36> 0.013352/ 37>-0.001373/ 38> 0.000589/ 39>-0.196280/ 40>

 0.031852/ 41>-0.009592/ 42> 0.001282/ 43>-0.035780/ 44> 0.002216/ 45>

 E=6.5346   0.038204/ 46> 0.003019/ 47> 0.335797/ 48>-0.083225/ 49>-0.012229/ 50>-0.095521/ 51>-0.074262/ 52>
           -0.496915/ 53> 0.110169/ 54> 0.040102/ 55> 0.036925/ 56> 0.035928/ 57> 0.032031/ 58> 0.207945/ 59>
            0.352857/ 60>-0.056118/ 61>-0.083009/ 62> 0.002827/ 63>-0.158889/ 64> 0.032999/ 65>-0.126823/ 66>
            0.045008/ 67> 0.182870/ 68>-0.045797/ 69> 0.416151/ 70> 0.022017/ 71>-0.408962/ 72>-0.031779/ 73>


 E=6.6209  -0.023326/  1>-0.148803/  2> 0.049183/  3> 0.008299/  4>-0.179388/  5> 0.156258/  6> 0.111954/  7>
           -0.041267/  8> 0.010845/  9> 0.094703/ 10> 0.114113/ 11> 0.299985/ 12>-0.249978/ 13> 0.061898/ 14>
           -0.041447/ 15> 0.006737/ 16> 0.077302/ 17>-0.061772/ 18> 0.114462/ 19>-0.505714/ 20> 0.031576/ 21>
           -0.118376/ 22> 0.008513/ 23>-0.020162/ 24> 0.003605/ 25>-0.159324/ 26> 0.016163/ 27>-0.277172/ 28>
           -0.401004/ 29>-0.067804/ 30>-0.084064/ 31>-0.012798/ 32>-0.009501/ 33> 0.057449/ 34> 0.167943/ 35>

-0.218138/ 36>-0.119406/ 37>-0.033955/ 38>-0.012569/ 39> 0.203941/ 40> 0.103749/ 41>-0.039773/ 42>
           -0.008863/ 43> 0.074710/ 44> 0.014857/ 45>

 E=6.7245   0.427660/ 46>-0.097152/ 47>-0.055414/ 48>-0.433454/ 49> 0.031454/ 50> 0.016245/ 51> 0.077228/ 52>
            0.073767/ 53> 0.178941/ 54>-0.013895/ 55>-0.009162/ 56>-0.011341/ 57>-0.023524/ 58>-0.078878/ 59>
            0.009800/ 60> 0.165312/ 61> 0.008128/ 62> 0.016424/ 63> 0.018333/ 64> 0.008114/ 65>-0.107709/ 66>
            0.422832/ 67>-0.011090/ 68>-0.045213/ 69> 0.028881/ 70>-0.483710/ 71> 0.012100/ 72> 0.330427/ 73>


 E=6.8127  -0.036438/  1>-0.164894/  2>-0.005465/  3> 0.032821/  4>-0.060246/  5>-0.021091/  6> 0.240073/  7>
           -0.004976/  9> 0.126128/ 10> 0.002535/ 11> 0.271169/ 12> 0.034039/ 13>-0.183148/ 14> 0.019741/ 15>
           -0.029300/ 16>-0.107360/ 17> 0.011127/ 18>-0.171166/ 19> 0.023534/ 20>-0.601280/ 21> 0.023148/ 22>
           -0.181275/ 23> 0.017987/ 24>-0.034977/ 25> 0.024354/ 26>-0.018703/ 27> 0.046668/ 28>-0.051438/ 29>
           -0.404825/ 30>-0.033630/ 31>-0.098237/ 32>-0.011588/ 33> 0.079231/ 34> 0.017444/ 35> 0.326447/ 36>

-0.014049/ 37>-0.049899/ 38>-0.005729/ 39>-0.160527/ 40> 0.015553/ 41> 0.113543/ 42> 0.001366/ 43>
           -0.099596/ 44> 0.001250/ 45>

 E=6.9443   0.015785/  1> 0.131745/  2>-0.060238/  3> 0.008043/  4> 0.282693/  5>-0.279328/  6> 0.055672/  7>
           -0.022123/  8> 0.003484/  9> 0.099394/ 10>-0.455017/ 11> 0.116428/ 12>-0.058517/ 13> 0.019075/ 14>
           -0.005348/ 15> 0.001548/ 16>-0.254276/ 17>-0.141350/ 18> 0.133880/ 19>-0.021645/ 20> 0.032880/ 21>
           -0.003061/ 22> 0.005432/ 23>-0.000649/ 24> 0.000789/ 25>-0.105710/ 26> 0.366579/ 27> 0.130158/ 28>
            0.053038/ 29> 0.027640/ 30> 0.006356/ 31> 0.003652/ 32> 0.000685/ 33> 0.247929/ 34> 0.405460/ 35>

 0.089572/ 36> 0.043201/ 37> 0.010055/ 38> 0.002380/ 39> 0.223815/ 40> 0.149788/ 41> 0.026183/ 42>
            0.007127/ 43> 0.056639/ 44> 0.015935/ 45>

 E=6.9475  -0.065112/ 46>-0.348138/ 47>-0.114208/ 48>-0.035656/ 49>-0.250597/ 50>-0.344436/ 51>-0.168085/ 52>
           -0.032230/ 53>-0.017314/ 54> 0.357239/ 55>-0.136578/ 56>-0.249114/ 57>-0.019815/ 58>-0.067229/ 59>
            0.000702/ 60>-0.010777/ 61> 0.078679/ 62> 0.326372/ 63>-0.222911/ 64> 0.041777/ 65>-0.042990/ 66>
            0.001365/ 67>-0.405689/ 68> 0.239455/ 69>-0.096153/ 70> 0.012822/ 71>-0.193325/ 72> 0.034056/ 73>


  Q20Q22:  0.00 SEC    QTME:  0.00 SEC

 Q0= 331.005 HBAR/MW0     Q2=-275.395 HBAR/MW0     GAMMA= 49.6 DEG   FOR 81 PARTICLES;  A=207

1
 **********************************************  SINGLE PARTICLE MATRIX ELEMENTS  ***********************************************


   ENY   EMY     A+B     C      D      E    JZ    S0    S+    S-  <R2S> <R4S>  R2DZ  R2D+  R2D-  Q20S  Q22S   Q20   Q22  RHO2    R2


  5.05+ MY=NY  0.656  0.344   2.21  -3.42  0.14  0.49  0.96 -0.01  3.50 16.72 -0.63 -0.41  1.31 -1.96  2.39 -0.44  0.76  3.50  3.07
  5.11+ 5.05+ -0.000 -0.000  -0.00  -0.00 -0.00 -0.00  0.00 -0.00************ -0.03  0.00 -0.00  0.03 -0.01  0.06 -0.01  0.03  0.04
  5.15+ 5.05+  0.000  0.000   0.00   0.00 -0.00 -0.00 -0.00  0.00 23.80******  0.00  0.00 -0.00 -0.00 -0.00 -0.00 -0.00  0.00  0.00
  5.17+ 5.05+ -0.000 -0.000  -0.00  -0.00  0.00 -0.00 -0.00 -0.00  8.84 99.00  0.00 -0.00  0.00 -0.00  0.00 -0.00  0.00 -0.00 -0.00
  5.26+ 5.05+ -0.000 -0.000   0.00  -0.00 -0.00 -0.00  0.00 -0.00************ -0.03  0.04  0.03 -0.03 -0.08 -0.03 -0.12  0.09  0.14
  5.49+ 5.05+  0.000 -0.000  -0.00  -0.00  0.00  0.00  0.00 -0.00 95.41******  0.00  0.00  0.00  0.00  0.00  0.00  0.00 -0.00 -0.00
  5.59+ 5.05+ -0.000 -0.000   0.00  -0.00 -0.00 -0.00 -0.00  0.00834.93******  0.00 -0.00 -0.00 -0.00  0.00 -0.00  0.00 -0.00 -0.00
  5.67+ 5.05+ -0.000  0.000  -0.00   0.00  0.00  0.00  0.00  0.00 84.11****** -0.00 -0.00 -0.00 -0.00 -0.00 -0.00 -0.00 -0.00 -0.00
  5.77+ 5.05+  0.000 -0.000  -0.00  -0.00  0.00  0.00  0.00 -0.00795.88****** -0.00  0.00  0.00  0.00  0.00  0.00  0.00 -0.00  0.00
  5.85+ 5.05+  0.000 -0.000  -0.00  -0.00  0.00  0.00  0.00 -0.00  8.95107.83  0.00 -0.00  0.00 -0.00 -0.00 -0.00 -0.00 -0.00 -0.00
  5.98+ 5.05+ -0.000  0.000  -0.00   0.00 -0.00 -0.00 -0.00  0.00************  0.00 -0.00 -0.00  0.00  0.00  0.00  0.00 -0.00 -0.00

  5.11+ MY=NY -0.402 -0.775   9.35  -6.24 -0.36 -0.31 -0.17 -0.74  5.50 38.18  0.75 -0.20 -0.57  0.60 -0.56  3.08 -2.62  5.50  7.31
  5.15+ 5.11+ -0.000 -0.000   0.00  -0.00 -0.00 -0.00 -0.00 -0.00************  0.01 -0.00 -0.00  0.01  0.00  0.02  0.00  0.00  0.00
  5.17+ 5.11+  0.000  0.000   0.00   0.00 -0.00 -0.00  0.00  0.00 10.05******  0.00  0.00 -0.00  0.00 -0.00  0.00 -0.00  0.00  0.00
  5.26+ 5.11+  1.281  0.679   0.94  -2.36 -0.23 -0.29  0.30 -0.30  5.50 38.91 -0.16  0.29  0.27  0.86  0.37  1.42  0.56  0.00  0.04
  5.49+ 5.11+  0.000  0.000   0.00  -0.00 -0.00 -0.00 -0.00  0.00************ -0.01 -0.01 -0.02 -0.04  0.00 -0.05 -0.01 -0.00 -0.01
  5.59+ 5.11+  0.000  0.000   0.00   0.00  0.00  0.00  0.00 -0.00************  0.15 -0.04 -0.04 -0.00 -0.01 -0.01 -0.01  0.01  0.01
  5.67+ 5.11+  0.000 -0.000  -0.00   0.00 -0.00 -0.00  0.00  0.00************  0.01  0.01  0.00 -0.22 -0.08 -0.36 -0.12 -0.01 -0.03
  5.77+ 5.11+  0.000  0.000   0.00   0.00 -0.00 -0.00 -0.00  0.00************ -0.03 -0.12 -0.08  0.03 -0.06  0.03 -0.06  0.00  0.04
  5.85+ 5.11+ -0.000  0.000  -0.00  -0.00 -0.00 -0.00 -0.00  0.00  9.11****** -0.00  0.00  0.00 -0.00 -0.00 -0.00 -0.00 -0.00 -0.00
  5.98+ 5.11+  0.000 -0.000   0.00   0.00  0.00  0.00  0.00 -0.00************ -0.07 -0.01 -0.03 -0.01  0.02 -0.00  0.01  0.00 -0.00

  5.15+ MY=NY  4.425  4.409  25.00  29.15  0.01  0.00  0.49  0.49  7.50 73.05  0.01  0.98 -0.98  4.28 -3.04  8.45 -5.28  7.50 11.62
  5.17+ 5.15+  0.000  0.000   0.00   0.00  0.00  0.00  0.00  0.00************ -0.00 -0.00  0.00 -0.17 -0.07 -0.28 -0.10 -0.00 -0.02
  5.26+ 5.15+  0.000  0.000   0.00  -0.00 -0.00 -0.00  0.00 -0.00************ -0.00  0.00  0.00  0.00  0.00  0.00  0.00  0.00  0.00
  5.49+ 5.15+  0.892 -1.097  -0.06  -1.91  0.92  0.47  0.47 -0.47  7.50 73.12  0.77 -0.20 -0.19  0.75  0.31  1.23  0.47 -0.00  0.04
  5.59+ 5.15+ -0.623 -0.280  -0.43 -11.26 -0.17 -0.08 -0.08  0.08  7.50 70.54 -0.13  0.02  0.05  4.37  1.79  7.18  2.73  0.00  0.26
  5.67+ 5.15+ -1.016  1.012  -0.01  -0.04  0.92  0.04 -0.05  0.05  7.50 63.34  0.62  0.41  0.42  0.02  0.01  0.03  0.01  0.00  0.00
  5.77+ 5.15+  0.045 -0.241  -0.15  -3.44  0.12  0.06  0.06 -0.06  7.50 64.17  0.08 -0.03 -0.02  1.33  0.54  2.18  0.83  0.00  0.08
  5.85+ 5.15+ -0.000  0.000  -0.00  -0.00 -0.00 -0.00 -0.00  0.00************  0.03  0.02  0.02  0.00  0.00  0.01  0.00  0.00  0.00
  5.98+ 5.15+ -0.067  0.016  -0.05  -1.18 -0.04 -0.01 -0.01  0.01  7.50 53.71 -0.02  0.00  0.00  0.45  0.19  0.75  0.28 -0.00  0.03

  5.17+ MY=NY  8.480  8.480  76.62 134.56  0.00  0.00  0.50  0.50  9.50 99.88  0.00  1.41 -1.41  4.84 -4.56  9.56 -7.53  9.50 14.86
  5.26+ 5.17+  0.000  0.000   0.00  -0.00 -0.00 -0.00 -0.00 -0.00  5.33****** -0.00  0.00  0.00 -0.00 -0.00 -0.00 -0.00  0.00  0.00
  5.49+ 5.17+ -0.000  0.000   0.00   0.00 -0.00 -0.00 -0.00  0.00************ -0.00  0.00  0.00  0.00  0.00  0.00  0.00  0.00  0.00
  5.59+ 5.17+  0.000  0.000   0.00   0.00  0.00  0.00  0.00 -0.00************  0.00 -0.00 -0.00  0.01  0.00  0.02  0.01  0.00  0.00
  5.67+ 5.17+  0.000 -0.000   0.00   0.00 -0.00 -0.00  0.00 -0.00************  0.01 -0.01 -0.01  0.00  0.00  0.00  0.00  0.00  0.00
  5.77+ 5.17+ -0.000  0.000   0.00   0.00 -0.00 -0.00 -0.00  0.00************ -0.00  0.00  0.00  0.00  0.00  0.00  0.00  0.00  0.00
  5.85+ 5.17+ -1.224  1.224   0.00   0.00 -1.13 -0.47 -0.47  0.47  9.50 99.91 -0.85  0.34  0.34  0.00 -0.00  0.00 -0.00  0.00  0.00
  5.98+ 5.17+  0.000 -0.000   0.00   0.00  0.00  0.00  0.00 -0.00************  0.00 -0.00 -0.00  0.00  0.00  0.00  0.00  0.00  0.00

  5.26+ MY=NY  0.067  0.444   3.52  -2.79  0.48  0.39 -0.80 -0.11  5.50 38.69 -1.24  0.87  0.47 -3.02 -2.01 -2.86 -4.84  5.50  7.08
  5.49+ 5.26+  0.000  0.000   0.00  -0.00 -0.00  0.00 -0.00 -0.00************  0.01 -0.00  0.00 -0.00 -0.00 -0.00 -0.00 -0.00 -0.00
  5.59+ 5.26+  0.000  0.000   0.00   0.00 -0.00  0.00 -0.00 -0.00************ -0.01  0.01  0.01 -0.03 -0.00 -0.05 -0.01 -0.00 -0.01
  5.67+ 5.26+  0.000  0.000   0.00   0.00 -0.00  0.00 -0.00 -0.00************  0.00  0.00  0.00  0.05  0.02  0.08  0.03  0.00  0.01
  5.77+ 5.26+  0.000  0.000   0.00  -0.00 -0.00  0.00 -0.00 -0.00************ -0.12 -0.01  0.00  0.02 -0.01  0.03 -0.01  0.01  0.02
  5.85+ 5.26+  0.000  0.000   0.00  -0.00 -0.00  0.00 -0.00 -0.00 28.76****** -0.00 -0.00 -0.00 -0.00 -0.00 -0.00 -0.00  0.00  0.00
  5.98+ 5.26+ -0.000  0.000   0.00  -0.00 -0.00 -0.00 -0.00 -0.00************  0.01  0.13  0.17  0.00 -0.09 -0.03 -0.10  0.01  0.05

  5.49+ MY=NY -2.904 -3.333  18.01   8.00 -0.14  0.01  0.47  0.43  7.50 74.01  0.67  1.08 -0.17  5.65 -2.37 10.74 -4.31  7.50 11.65
  5.59+ 5.49+  1.689  0.191  -0.63  -6.12 -0.33  0.08  0.12 -0.11  7.50 83.30  2.10  1.39  1.30  2.01  0.82  3.30  1.24  0.00  0.12
  5.67+ 5.49+ -0.017 -0.041  -1.14   3.34 -0.01 -0.00 -0.02 -0.02  7.50 53.22 -0.00 -0.05  0.05  0.07  0.06  0.13  0.08  0.00 -0.01
  5.77+ 5.49+ -0.508 -0.529   0.67  11.64 -0.14 -0.03 -0.03  0.02  7.50 73.44  0.24  0.19  0.25 -4.13 -1.69 -6.79 -2.57  0.00 -0.24
  5.85+ 5.49+ -0.000 -0.000   0.00   0.00 -0.00 -0.00 -0.00  0.00************ -0.00  0.00 -0.00  0.28  0.11  0.46  0.16  0.01  0.03
  5.98+ 5.49+  0.176  0.113  -0.17  -3.49 -0.00  0.01  0.01 -0.01  7.50 73.11  0.07  0.05  0.03  1.22  0.50  2.01  0.76  0.00  0.07

  5.59+ MY=NY  2.159  1.419  12.78  -1.94  0.68  0.26  0.73  0.22  7.50 78.06 -0.24  0.30 -1.42  5.35 -2.51 10.25 -4.51  7.50 11.64
  5.67+ 5.59+  0.070 -0.004   0.15  -0.76 -0.04 -0.00  0.01  0.01  7.50 58.86 -0.06 -0.03 -0.05 -0.03 -0.02 -0.05 -0.03  0.00  0.00
  5.77+ 5.59+  0.319  2.198  -0.23   6.20 -0.67 -0.37 -0.37  0.39  7.50 78.26 -0.96 -0.06 -0.18 -2.62 -1.09 -4.31 -1.65  0.00 -0.15
  5.85+ 5.59+  0.000  0.000   0.00  -0.00 -0.00 -0.00 -0.00  0.00************ -0.00 -0.00 -0.00 -0.05 -0.02 -0.08 -0.03 -0.00 -0.01
  5.98+ 5.59+  0.412 -0.068   0.23   7.56  0.25  0.11  0.11 -0.11  7.50 74.42  0.12 -0.06 -0.07 -2.82 -1.16 -4.63 -1.76 -0.00 -0.16

  5.67+ MY=NY -5.461 -5.462  38.62  42.37 -0.00 -0.00 -0.44 -0.44  7.50 63.88 -0.00 -0.00  0.00  2.50 -1.57  6.39 -4.08  7.50 10.65
  5.77+ 5.67+  0.030  0.020  -0.36   0.38 -0.01 -0.00 -0.00  0.00  7.50 84.69 -0.01 -0.00 -0.00  0.02  0.00  0.04  0.01  0.00  0.00
  5.85+ 5.67+  0.000  0.000  -0.00  -0.00 -0.00 -0.00 -0.00 -0.00************ -0.00 -0.01  0.01  0.42  0.14  0.69  0.22  0.02  0.06
  5.98+ 5.67+  0.008 -0.002   0.09  -0.15 -0.00  0.00  0.00 -0.00  7.50 74.42  0.00  0.00 -0.00 -0.01 -0.00 -0.02 -0.01 -0.00 -0.00

  5.77+ MY=NY -0.328 -0.608   8.75  -2.91 -1.04 -0.24  0.26  0.66  7.50 77.79  1.83  2.37  0.88  1.73 -3.94  4.31 -6.72  7.50 11.41
  5.85+ 5.77+ -0.000 -0.000   0.00   0.00 -0.00 -0.00  0.00  0.00************ -0.00 -0.00 -0.00  0.03  0.01  0.05  0.02  0.00  0.00
  5.98+ 5.77+  1.867  0.636  -0.52  -1.44  0.29  0.20  0.21 -0.20  7.50 79.48  0.83  0.37  0.24  0.18  0.06  0.29  0.10  0.00  0.02

  5.85+ MY=NY -7.470 -7.470  63.09  97.26 -0.00 -0.00  0.37  0.37  9.50 99.95 -0.00  0.42 -0.42  4.83 -4.25  9.67 -7.21  9.50 14.74
  5.98+ 5.85+  0.000  0.000  -0.00  -0.00 -0.00  0.00 -0.00 -0.00************ -0.00 -0.00 -0.00 -0.01 -0.00 -0.01 -0.00 -0.00 -0.00

  5.98+ MY=NY  0.138 -0.424   3.08   0.39  1.59  0.44  0.86  0.06  7.50 79.05 -1.75 -1.10 -2.60 -4.58 -6.50 -6.05-10.62  7.50 11.03

 DECOUP:  0.00 SEC



   #   ENERGY +/-(#)    <Q20>    <Q22>     <R2>     <JZ>      #   ENERGY +/-(#)    <Q20>    <Q22>     <R2>     <JZ>

   1   1.5000  +(# 1)   0.6562  -0.5851   1.8985   0.5000    41   5.5589  -(#20)   6.2809  -2.6393   8.9829   0.0134
   2   2.0102  -(# 1)   2.4233  -1.2050   3.5419   0.1939    42   5.5746  -(#21)   1.8958   0.3224   4.7464   0.0984
   3   2.2117  -(# 2)   0.7434  -1.7995   3.4623  -0.4302    43   5.5940  +(#22)  10.2453  -4.5112  11.6427   0.7319
   4   2.5455  +(# 2)   4.3655  -1.7589   5.1918   0.0880    44   5.6542  -(#22)   9.1618  -6.2586  13.2045   0.0008
   5   2.7285  +(# 3)   2.5980  -2.4021   5.1161   0.3276    45   5.6648  -(#23)   7.0263  -2.4141   9.0355  -0.1747
   6   2.9033  +(# 4)   0.5792  -3.1085   5.0169   0.2532    46   5.6675  +(#23)   6.3869  -4.0804  10.6526  -0.0004
   7   3.0458  -(# 3)   4.9903  -2.8129   6.7945   0.0108    47   5.6980  -(#24)  -0.9122  -0.6537   4.6056  -0.2171
   8   3.2781  -(# 4)   0.1142   0.0788   2.4882  -0.2636    48   5.7744  +(#24)   4.3115  -6.7180  11.4098  -1.1445
   9   3.3645  -(# 5)   6.6506  -2.1401   6.8348   0.3133    49   5.8243  -(#25)   4.7525  -3.2056   8.9220   0.2653
  10   3.4590  -(# 6)   4.4699  -2.9056   6.7288   0.0478    50   5.8515  +(#25)   9.6658  -7.2129  14.7375  -0.0000
  11   3.5530  +(# 5)   5.8072  -3.7936   8.4040   0.0010    51   5.9774  +(#26)  -6.0506 -10.6204  11.0251   1.7298
  12   3.5871  -(# 7)  -2.3416  -5.5027   6.4902  -0.7889    52   5.9839  -(#26)  -4.2750  -6.6240   8.5951  -0.5148
  13   3.8158  +(# 6)   2.2246  -0.4512   4.1620  -0.1545    53   6.0516  +(#27)   3.1707  -0.4876   6.3737   0.0483
  14   3.9611  +(# 7)  -0.1388  -1.2311   4.0247   0.3900    54   6.0568  +(#28)   6.8727  -3.6958  10.5800   0.0016
  15   3.9674  +(# 8)   7.0854  -3.2187   8.4094  -0.0568    55   6.0588  -(#27)   7.4506  -5.0561  12.3107  -0.0007
  16   3.9925  -(# 8)   6.6992  -4.7458  10.0161   0.0001    56   6.0772  -(#28)  10.0971  -5.7039  13.1482  -0.0315
  17   4.0250  +(# 9)   7.0358  -3.2719   8.4231   0.3067    57   6.1200  +(#29)   9.9449  -7.2041  14.7912   0.0001
  18   4.2118  +(#10)   5.6580  -3.7563   8.3564  -0.5116    58   6.2052  +(#30)   3.7974  -0.1656   6.3583  -0.0772
  19   4.3071  -(# 9)   3.6567  -1.2356   5.8102  -0.0508    59   6.2114  +(#31)   7.6218  -3.4789  10.6371  -0.0437
  20   4.3676  +(#11)  -3.6996  -7.2938   8.0150   1.1228    60   6.2228  -(#29)  11.3224  -5.3146  13.2262   0.2507
  21   4.4443  +(#12)   7.6989  -5.6571  11.6322   0.0000    61   6.3073  +(#32)  -2.6837  -2.6297   6.1281   0.3087
  22   4.4754  -(#10)   7.2430  -4.4229   9.9832  -0.0044    62   6.4183  +(#33)  10.2427  -2.3673  10.6784   0.1100
  23   4.4955  -(#11)   4.1950  -0.8978   5.7695   0.0856    63   6.4218  +(#34)   8.3581  -6.0630  13.9507  -0.0000
  24   4.5911  -(#12)  -1.9060  -3.1877   5.5395  -0.4330    64   6.4397  -(#30)  13.3530  -4.4464  13.2550  -0.8180
  25   4.6080  -(#13)   7.7309  -4.2726  10.0164   0.0610    65   6.5015  -(#31)   4.0375  -1.4891   8.0028   0.0076
  26   4.7784  +(#13)   4.4979  -2.1775   7.4073  -0.0089    66   6.5180  -(#32)   7.6115  -4.6805  12.1751  -0.0001
  27   4.8222  -(#14)   8.6296  -6.5946  13.2457  -0.0000    67   6.5346  +(#35)   2.8398  -5.1931  10.4206  -0.4203
  28   4.8675  -(#15)  11.1439  -2.9079  10.1075  -0.3249    68   6.5904  -(#33)   2.3929  -8.5898  12.8552   1.7917
  29   4.9688  +(#14)   8.0685  -5.3875  11.5873  -0.0004    69   6.6209  +(#36)  10.4841  -6.7172  14.6836  -0.0039
  30   4.9754  -(#16)   3.5254  -5.7987   9.8343   1.0599    70   6.7205  -(#34)   8.1490  -4.6047  12.2520  -0.0062
  31   5.0403  +(#15)   6.9151  -1.1290   7.4349   0.0516    71   6.7245  +(#37)  -5.4266  -8.2982  10.1100   0.5099
  32   5.0458  +(#16)  -0.4421   0.7599   3.0672   0.0957    72   6.7304  -(#35)   5.9456  -0.6364   8.0133  -0.0270
  33   5.1074  +(#17)   3.0774  -2.6170   7.3116  -0.3622    73   6.8127  +(#38)  11.2218  -6.5329  14.7530   0.0442
  34   5.1534  +(#18)   8.4464  -5.2758  11.6151   0.0090    74   6.8134  -(#36)   3.0139  -1.7712   7.9183   0.2462
  35   5.1674  +(#19)   9.5630  -7.5311  14.8593   0.0000    75   6.8171  -(#37)  -7.1836 -12.1695  12.4876  -2.3087
  36   5.1758  -(#17)  -4.5918  -8.8475   9.5293  -1.4227    76   6.8772  -(#38)  -1.0130   1.4598   3.6347  -0.0662
  37   5.2194  -(#18)   5.3886  -3.1557   9.0309  -0.0008    77   6.9443  +(#39)   8.4227  -5.6355  13.7718   0.0001
  38   5.2649  +(#20)  -2.8569  -4.8357   7.0840   0.4880    78   6.9475  +(#40)   5.0207  -2.4320   9.6296   0.0010
  39   5.4286  -(#19)   8.8593  -6.3163  13.1680  -0.0000    79   6.9658  -(#39)  -3.5207  -4.2199   7.6702  -0.3104
  40   5.4887  +(#21)  10.7390  -4.3055  11.6521  -0.1598    80   7.0104  -(#40)  10.2781  -3.5833  12.2323   0.0369



     PARITY: +     DIMENSION:  95     MATRIX:   0.0 SEC     DIAGONALISATION:   0.0 SEC
     PARITY: -     DIMENSION:  70     MATRIX:   0.0 SEC     DIAGONALISATION:   0.0 SEC
      TOTAL TIME:   0.0 SEC
