


         KAPPAP      MYP     KAPPAN      MYN
    0    0.1200    0.0000    0.1200    0.0000
    1    0.1200    0.0000    0.1200    0.0000
    2    0.1050    0.0000    0.1050    0.0000
    3    0.0900    0.3000    0.0900    0.2500
    4    0.0650    0.5700    0.0700    0.3900
    5    0.0600    0.6500    0.0620    0.4300
    6    0.0540    0.6900    0.0620    0.3400
    7    0.0540    0.6900    0.0620    0.2600
    8    0.0540    0.6900    0.0620    0.2600


     KAPPA    MY     EPS   GAMMA    EPS4     EPS6     W0/W00   NMAX  COUPL     OMROT      EFAC      QFAC
      SEE TABLE     0.600    0.0   0.000    0.000    1.04993     8     0     0.00000   6.74973   6.14839


                     **** PROTONS ****                     **** STRETCHED COORDINATES ****
    SYMMETRY R1= 1


   BASIS FUNCTIONS /N,L,J,OMEGA>,   PARITY -


   1 / 7 7 15/2 13/2>    15 / 7 5 11/2  1/2>    29 / 7 7 13/2 -7/2>    43 / 5 5 11/2  1/2>    57 / 5 5 11/2-11/2>
   2 / 7 7 13/2 13/2>    16 / 7 5  9/2  1/2>    30 / 7 5 11/2 -7/2>    44 / 5 5  9/2  1/2>    58 / 3 3  7/2  5/2>
   3 / 7 7 15/2  9/2>    17 / 7 3  7/2  1/2>    31 / 7 5  9/2 -7/2>    45 / 5 3  7/2  1/2>    59 / 3 3  5/2  5/2>
   4 / 7 7 13/2  9/2>    18 / 7 3  5/2  1/2>    32 / 7 3  7/2 -7/2>    46 / 5 3  5/2  1/2>    60 / 3 3  7/2  1/2>
   5 / 7 5 11/2  9/2>    19 / 7 1  3/2  1/2>    33 / 7 7 15/2-11/2>    47 / 5 1  3/2  1/2>    61 / 3 3  5/2  1/2>
   6 / 7 5  9/2  9/2>    20 / 7 1  1/2  1/2>    34 / 7 7 13/2-11/2>    48 / 5 1  1/2  1/2>    62 / 3 1  3/2  1/2>
   7 / 7 7 15/2  5/2>    21 / 7 7 15/2 -3/2>    35 / 7 5 11/2-11/2>    49 / 5 5 11/2 -3/2>    63 / 3 1  1/2  1/2>
   8 / 7 7 13/2  5/2>    22 / 7 7 13/2 -3/2>    36 / 7 7 15/2-15/2>    50 / 5 5  9/2 -3/2>    64 / 3 3  7/2 -3/2>
   9 / 7 5 11/2  5/2>    23 / 7 5 11/2 -3/2>    37 / 5 5 11/2  9/2>    51 / 5 3  7/2 -3/2>    65 / 3 3  5/2 -3/2>
  10 / 7 5  9/2  5/2>    24 / 7 5  9/2 -3/2>    38 / 5 5  9/2  9/2>    52 / 5 3  5/2 -3/2>    66 / 3 1  3/2 -3/2>
  11 / 7 3  7/2  5/2>    25 / 7 3  7/2 -3/2>    39 / 5 5 11/2  5/2>    53 / 5 1  3/2 -3/2>    67 / 3 3  7/2 -7/2>
  12 / 7 3  5/2  5/2>    26 / 7 3  5/2 -3/2>    40 / 5 5  9/2  5/2>    54 / 5 5 11/2 -7/2>    68 / 1 1  3/2  1/2>
  13 / 7 7 15/2  1/2>    27 / 7 1  3/2 -3/2>    41 / 5 3  7/2  5/2>    55 / 5 5  9/2 -7/2>    69 / 1 1  1/2  1/2>
  14 / 7 7 13/2  1/2>    28 / 7 7 15/2 -7/2>    42 / 5 3  5/2  5/2>    56 / 5 3  7/2 -7/2>    70 / 1 1  3/2 -3/2>


    SINGLE PARTICLE (PARITY-) WAVE FUNCTIONS IN THE ENERGY INTERVAL 0.0<E<7.0

 E=2.0651   0.919895/ 68>-0.392165/ 69>

 E=2.5857   1.000000/ 70>

 E=2.8492   0.392165/ 68> 0.919895/ 69>

 E=3.2833   0.731955/ 60>-0.226091/ 61> 0.585629/ 62>-0.264883/ 63>

 E=3.7091   0.905099/ 64> 0.247364/ 65> 0.345842/ 66>

 E=3.9874  -0.521633/ 60>-0.670488/ 61> 0.166715/ 62>-0.500550/ 63>

 E=4.2102   0.981281/ 58>-0.192581/ 59>

 E=4.5527   0.411413/ 60>-0.590544/ 61>-0.680907/ 62> 0.135509/ 63>

 E=4.6286   0.700887/ 43>-0.137991/ 44> 0.575076/ 45>-0.177973/ 46> 0.325615/ 47>-0.145958/ 48>

 E=4.6462   0.351427/ 64>-0.893066/ 65>-0.280948/ 66>

 E=4.7657   1.000000/ 67>

 E=4.9048   0.818888/ 49> 0.200960/ 50> 0.496723/ 51> 0.149656/ 52> 0.141091/ 53>

 E=5.1705   0.239363/ 64> 0.375824/ 65>-0.895244/ 66>

 E=5.2055  -0.404082/ 43>-0.604113/ 44>-0.029359/ 45>-0.575802/ 46> 0.213700/ 47>-0.306085/ 48>

 E=5.2896   0.903322/ 39>-0.216533/ 40> 0.361557/ 41>-0.079992/ 42>

 E=5.3212   0.192581/ 58> 0.981281/ 59>

 E=5.3538   0.151261/ 60> 0.388054/ 61>-0.406953/ 62>-0.812972/ 63>

 E=5.6845   0.352843/ 49>-0.799838/ 50>-0.083402/ 51>-0.461603/ 52>-0.125409/ 53>

 E=5.7203  -0.485472/ 43> 0.520593/ 44> 0.383071/ 45> 0.087716/ 46> 0.543300/ 47>-0.209017/ 48>

 E=5.7504   0.958233/ 54> 0.198416/ 55> 0.205961/ 56>

 E=5.9132   0.724653/ 13>-0.066666/ 14> 0.566879/ 15>-0.081470/ 16> 0.329102/ 17>-0.080663/ 18> 0.154249/ 19>
           -0.061941/ 20>

 E=6.0938   0.788137/ 21> 0.130033/ 22> 0.533043/ 23> 0.116769/ 24> 0.237488/ 25> 0.065901/ 26> 0.058465/ 27>


 E=6.2210  -0.292105/ 39>-0.910123/ 40> 0.126005/ 41>-0.265469/ 42>

 E=6.2714   0.988852/ 37>-0.148901/ 38>

 E=6.2913   0.420307/ 49> 0.400991/ 50>-0.703063/ 51>-0.141949/ 52>-0.384839/ 53>

 E=6.3850   0.852616/  7>-0.164046/  8> 0.463646/  9>-0.105135/ 10> 0.138723/ 11>-0.029499/ 12>

 E=6.4539   0.281384/ 43> 0.510912/ 44>-0.479763/ 45>-0.464114/ 46>-0.002980/ 47>-0.462827/ 48>

 E=6.5468  -0.279230/ 13>-0.579014/ 14>-0.019020/ 15>-0.563740/ 16> 0.161088/ 17>-0.404086/ 18> 0.198364/ 19>
           -0.200064/ 20>

 E=6.7566   0.906738/ 28> 0.177320/ 29> 0.370438/ 30> 0.074482/ 31> 0.060105/ 32>

 E=6.8093   0.225120/ 54>-0.967481/ 55>-0.115333/ 56>

 E=6.8428   1.000000/ 57>

 E=6.8836  -0.289679/ 21> 0.730126/ 22> 0.028825/ 23> 0.545746/ 24> 0.142895/ 25> 0.241067/ 26> 0.076158/ 27>


 E=6.9133  -0.307207/ 39> 0.275831/ 40> 0.891962/ 41>-0.184244/ 42>

 E=6.9531  -0.481889/ 13> 0.434746/ 14> 0.247149/ 15> 0.192871/ 16> 0.530395/ 17>-0.076309/ 18> 0.406004/ 19>
           -0.168866/ 20>

  Q20Q22:  0.00 SEC    QTME:  0.00 SEC



    SYMMETRY R1= 1


   BASIS FUNCTIONS /N,L,J,OMEGA>,   PARITY +


   1 / 8 8 17/2 17/2>    20 / 8 6 11/2  1/2>    39 / 8 4  7/2 -7/2>    58 / 6 4  7/2  1/2>    77 / 4 2  5/2  5/2>
   2 / 8 8 17/2 13/2>    21 / 8 4  9/2  1/2>    40 / 8 8 17/2-11/2>    59 / 6 2  5/2  1/2>    78 / 4 4  9/2  1/2>
   3 / 8 8 15/2 13/2>    22 / 8 4  7/2  1/2>    41 / 8 8 15/2-11/2>    60 / 6 2  3/2  1/2>    79 / 4 4  7/2  1/2>
   4 / 8 6 13/2 13/2>    23 / 8 2  5/2  1/2>    42 / 8 6 13/2-11/2>    61 / 6 0  1/2  1/2>    80 / 4 2  5/2  1/2>
   5 / 8 8 17/2  9/2>    24 / 8 2  3/2  1/2>    43 / 8 6 11/2-11/2>    62 / 6 6 13/2 -3/2>    81 / 4 2  3/2  1/2>
   6 / 8 8 15/2  9/2>    25 / 8 0  1/2  1/2>    44 / 8 8 17/2-15/2>    63 / 6 6 11/2 -3/2>    82 / 4 0  1/2  1/2>
   7 / 8 6 13/2  9/2>    26 / 8 8 17/2 -3/2>    45 / 8 8 15/2-15/2>    64 / 6 4  9/2 -3/2>    83 / 4 4  9/2 -3/2>
   8 / 8 6 11/2  9/2>    27 / 8 8 15/2 -3/2>    46 / 6 6 13/2 13/2>    65 / 6 4  7/2 -3/2>    84 / 4 4  7/2 -3/2>
   9 / 8 4  9/2  9/2>    28 / 8 6 13/2 -3/2>    47 / 6 6 13/2  9/2>    66 / 6 2  5/2 -3/2>    85 / 4 2  5/2 -3/2>
  10 / 8 8 17/2  5/2>    29 / 8 6 11/2 -3/2>    48 / 6 6 11/2  9/2>    67 / 6 2  3/2 -3/2>    86 / 4 2  3/2 -3/2>
  11 / 8 8 15/2  5/2>    30 / 8 4  9/2 -3/2>    49 / 6 4  9/2  9/2>    68 / 6 6 13/2 -7/2>    87 / 4 4  9/2 -7/2>
  12 / 8 6 13/2  5/2>    31 / 8 4  7/2 -3/2>    50 / 6 6 13/2  5/2>    69 / 6 6 11/2 -7/2>    88 / 4 4  7/2 -7/2>
  13 / 8 6 11/2  5/2>    32 / 8 2  5/2 -3/2>    51 / 6 6 11/2  5/2>    70 / 6 4  9/2 -7/2>    89 / 2 2  5/2  5/2>
  14 / 8 4  9/2  5/2>    33 / 8 2  3/2 -3/2>    52 / 6 4  9/2  5/2>    71 / 6 4  7/2 -7/2>    90 / 2 2  5/2  1/2>
  15 / 8 4  7/2  5/2>    34 / 8 8 17/2 -7/2>    53 / 6 4  7/2  5/2>    72 / 6 6 13/2-11/2>    91 / 2 2  3/2  1/2>
  16 / 8 2  5/2  5/2>    35 / 8 8 15/2 -7/2>    54 / 6 2  5/2  5/2>    73 / 6 6 11/2-11/2>    92 / 2 0  1/2  1/2>
  17 / 8 8 17/2  1/2>    36 / 8 6 13/2 -7/2>    55 / 6 6 13/2  1/2>    74 / 4 4  9/2  9/2>    93 / 2 2  5/2 -3/2>
  18 / 8 8 15/2  1/2>    37 / 8 6 11/2 -7/2>    56 / 6 6 11/2  1/2>    75 / 4 4  9/2  5/2>    94 / 2 2  3/2 -3/2>
  19 / 8 6 13/2  1/2>    38 / 8 4  9/2 -7/2>    57 / 6 4  9/2  1/2>    76 / 4 4  7/2  5/2>    95 / 0 0  1/2  1/2>


    SINGLE PARTICLE (PARITY+) WAVE FUNCTIONS IN THE ENERGY INTERVAL 0.0<E<7.0

 E=1.5000   1.000000/ 95>

 E=2.6458   0.788681/ 90>-0.306505/ 91> 0.532951/ 92>

 E=3.1575   0.967782/ 93> 0.251788/ 94>

 E=3.4148   0.543157/ 90> 0.753493/ 91>-0.370443/ 92>

 E=3.7000   1.000000/ 89>

 E=3.9394  -0.288032/ 90> 0.581638/ 91> 0.760746/ 92>

 E=3.9707   0.695577/ 78>-0.192176/ 79> 0.583252/ 80>-0.242660/ 81> 0.283150/ 82>

 E=4.1425  -0.251788/ 93> 0.967782/ 94>

 E=4.3179   0.848411/ 83> 0.242265/ 84> 0.450961/ 85> 0.134687/ 86>

 E=4.5674  -0.469269/ 78>-0.641732/ 79> 0.001351/ 80>-0.559103/ 81> 0.235305/ 82>

 E=4.7615   0.937986/ 75>-0.231809/ 76> 0.257774/ 77>

 E=5.1236  -0.373147/ 83> 0.848975/ 84> 0.142615/ 85> 0.345924/ 86>

 E=5.1299  -0.475907/ 78> 0.548783/ 79> 0.510716/ 80>-0.036255/ 81> 0.458481/ 82>

 E=5.2737   0.984471/ 87> 0.175545/ 88>

 E=5.2898   0.696536/ 55>-0.102708/ 56> 0.574948/ 57>-0.132085/ 58> 0.345216/ 59>-0.127491/ 60> 0.144395/ 61>


 E=5.5182   0.790429/ 62> 0.169275/ 63> 0.527347/ 64> 0.144994/ 65> 0.209159/ 66> 0.060851/ 67>

 E=5.7228   0.276221/ 75> 0.949054/ 76>-0.151653/ 77>

 E=5.7478   0.362276/ 83> 0.381580/ 84>-0.825181/ 85>-0.205499/ 86>

 E=5.8406   1.000000/ 74>

 E=5.8573   0.869431/ 50>-0.197570/ 51> 0.430807/ 52>-0.106677/ 53> 0.089890/ 54>

 E=5.8590   0.349722/ 55> 0.575659/ 56> 0.048988/ 57> 0.572761/ 58>-0.174193/ 59> 0.385737/ 60>-0.191624/ 61>


 E=5.8995   0.241882/ 78> 0.465966/ 79>-0.506256/ 80>-0.652513/ 81> 0.205671/ 82>

 E=6.2711  -0.330966/ 62> 0.755031/ 63> 0.035404/ 64> 0.521868/ 65> 0.140909/ 66> 0.164120/ 67>

 E=6.2746   0.928343/ 68> 0.199014/ 69> 0.308907/ 70> 0.056108/ 71>

 E=6.3258  -0.491512/ 55> 0.483822/ 56> 0.279562/ 57> 0.163014/ 58> 0.543802/ 59>-0.150291/ 60> 0.318270/ 61>


 E=6.3648  -0.175545/ 87> 0.984471/ 88>

 E=6.4126  -0.209487/ 75> 0.213451/ 76> 0.954230/ 77>

 E=6.5084   0.752158/ 17>-0.043696/ 18> 0.556137/ 19>-0.049081/ 20> 0.306625/ 21>-0.046117/ 22> 0.142727/ 23>
           -0.040277/ 24> 0.050135/ 25>

 E=6.6528   0.793769/ 26> 0.099458/ 27> 0.530777/ 28> 0.089134/ 29> 0.245924/ 30> 0.055845/ 31> 0.079671/ 32>
            0.020621/ 33>

 E=6.6757   0.098571/ 83>-0.273762/ 84>-0.308824/ 85> 0.905520/ 86>

 E=6.6916   0.104714/ 78>-0.181553/ 79>-0.377741/ 80> 0.448813/ 81> 0.782274/ 82>

 E=6.7519  -0.294628/ 50>-0.867787/ 51> 0.086008/ 52>-0.383566/ 53> 0.074970/ 54>

 E=6.7534   0.968169/ 47>-0.177771/ 48> 0.176200/ 49>

 E=6.8457   0.460587/ 62> 0.400062/ 63>-0.580179/ 64>-0.062615/ 65>-0.516233/ 66>-0.144171/ 67>

 E=6.9024   0.844059/ 10>-0.134311/ 11> 0.479618/ 12>-0.093357/ 13> 0.168887/ 14>-0.037165/ 15> 0.029521/ 16>


  Q20Q22:  0.00 SEC    QTME:  0.00 SEC

 Q0= 422.826 HBAR/MW0     Q2=   0.000 HBAR/MW0     GAMMA= -0.0 DEG   FOR 81 PARTICLES;  A=207

1
 **********************************************  SINGLE PARTICLE MATRIX ELEMENTS  ***********************************************


   ENY   EMY     A+B     C      D      E    JZ    S0    S+    S-  <R2S> <R4S>  R2DZ  R2D+  R2D-  Q20S  Q22S   Q20   Q22  RHO2    R2


  5.52+ MY=NY  0.000  0.000  36.84   0.00 -1.50 -0.34  0.00  0.00  7.50 68.70 -0.54  0.00 -0.00  7.53 -0.00 14.62 -0.00  7.50 10.42
  5.72+ 5.52+  0.000  0.000   0.00   0.00 -0.00 -0.00  0.00  0.00************ -0.00  0.01  0.00  0.00  0.00  0.00  0.00  0.00  0.00
  5.75+ 5.52+  0.000 -0.000   0.00   0.00 -0.00 -0.00  0.00 -0.00************ -0.03  0.00  0.00  0.15 -0.00  0.23 -0.00  0.02  0.07
  5.84+ 5.52+  0.000  0.000   0.00   0.00 -0.00 -0.00  0.00  0.00  7.50 67.09 -0.00  0.00 -0.00  0.00 -0.00  0.00 -0.00  0.00  0.00
  5.86+ 5.52+  5.936  0.000   0.00   0.00  0.00 -0.00  0.38  0.00  7.50 66.23 -0.00  1.20 -0.00  0.00 -0.00  0.00 -0.00  0.00  0.00
  5.86+ 5.52+  0.000  1.000   0.00  18.56 -0.00 -0.00  0.00  0.76  7.50 68.16 -0.00  0.00 -0.34  0.00 -1.10  0.00 -0.91  0.00  0.00
  5.90+ 5.52+  0.000 -0.000   0.00  -0.00 -0.00 -0.00  0.00 -0.00************ -0.00  0.00  0.00  0.00  0.02  0.00  0.01  0.00  0.00
  6.27+ 5.52+  0.000 -0.000  -6.23   0.00 -0.00 -0.36 -0.00  0.00  7.50 68.60 -2.03  0.00 -0.00  1.32 -0.00  1.84 -0.00  0.00  0.37
  6.27+ 5.52+  0.000 -0.000  -0.00  35.18 -0.00 -0.00  0.00  0.00  7.50 68.66 -0.00  0.00 -0.00  0.00 -0.87  0.00 -0.73  0.00  0.00
  6.33+ 5.52+  0.000 -2.208   0.00 -11.02 -0.00  0.00  0.00  0.22  7.50 75.53  0.00  0.00 -0.28 -0.00  0.46 -0.00  0.38  0.00 -0.00
  6.36+ 5.52+ -0.000 -0.000  -0.00   0.00 -0.00 -0.00 -0.00  0.00  6.01 45.94 -0.00  0.00 -0.00 -0.00 -0.00  0.00 -0.00  0.00  0.00

  5.72+ MY=NY -0.000 -0.000  10.03   0.00  2.50 -0.44  0.00  0.00  5.50 35.57  0.94  0.00  0.00 -0.83 -0.00  1.90 -0.00  5.50  5.88
  5.75+ 5.72+ -0.516  0.000   0.00   0.00 -0.00 -0.00  0.05  0.00  5.50 39.77  0.00  2.12  0.00 -0.00 -0.00  0.00 -0.00  0.00  0.00
  5.84+ 5.72+ -0.000 -0.000   0.00   3.31  0.00 -0.00  0.00  0.00 26.26306.00 -0.00  0.00 -0.00  0.00 -0.16  0.00 -0.13  0.00  0.00
  5.86+ 5.72+  0.000 -0.000   0.00   0.00 -0.00  0.00  0.00  0.00************ -0.11  0.00 -0.00  0.06  0.00  0.09  0.00  0.00  0.02
  5.86+ 5.72+  0.000 -0.000  -0.00   0.00 -0.00  0.00 -0.00  0.00************ -0.00  0.00 -0.00  0.00  0.04  0.00  0.03  0.00  0.00
  5.90+ 5.72+ -0.000  0.000   0.00   7.92  0.00 -0.00  0.00  0.00  5.58 41.82 -0.00  0.00  0.00 -0.00 -2.08  0.00 -1.73  0.00  0.00
  6.27+ 5.72+ -0.000  0.000  -0.00  -0.00 -0.00 -0.00 -0.00 -0.00************ -0.00  0.01 -0.00  0.00  0.00  0.00  0.00  0.00  0.00
  6.27+ 5.72+  0.000 -0.000   0.00   0.00 -0.00 -0.00  0.00  0.00************ -0.00  0.00 -0.05  0.00  0.00  0.00  0.00  0.00  0.00
  6.33+ 5.72+  0.000 -0.000   0.00  -0.00  0.00 -0.00  0.00  0.00  5.61 38.44 -0.00  0.00 -0.00  0.00  0.02  0.00  0.01  0.00  0.00
  6.36+ 5.72+ -0.000 -2.666   0.00   0.00 -0.00 -0.00 -0.00  0.16  5.50 35.75 -0.00  0.00 -0.51 -0.00 -0.00 -0.00 -0.00  0.00  0.00

  5.75+ MY=NY -0.000  0.000   9.41   0.00 -1.50 -0.46  0.00  0.00  5.50 40.78  0.74  0.00  0.00 -0.83 -0.00  1.90 -0.00  5.50  5.88
  5.84+ 5.75+ -0.000 -0.000   0.00  -0.00 -0.00 -0.00  0.00 -0.00  7.80 71.75  0.00  0.00 -0.00 -0.00  0.00  0.00  0.00  0.00  0.00
  5.86+ 5.75+  0.000 -0.000   0.00  -0.00 -0.00 -0.00  0.00 -0.00************ -0.00  0.01 -0.00  0.00  0.00  0.00  0.00  0.00  0.00
  5.86+ 5.75+  0.000 -0.000   0.00  -0.00 -0.00 -0.00 -0.00 -0.00************  0.00  0.00 -0.01 -0.00  0.04 -0.00  0.03  0.00  0.00
  5.90+ 5.75+ -0.000  0.690   0.00   8.91 -0.00 -0.00 -0.00  0.95  5.50 40.81  0.00  0.00  0.48 -0.00 -2.39  0.00 -2.00  0.00  0.00
  6.27+ 5.75+ -0.000  0.000  -0.00  -0.00 -0.00 -0.00 -0.00 -0.00************  0.05  0.00  0.00  0.16  0.00  0.24  0.00  0.05  0.10
  6.27+ 5.75+ -0.000  0.000   0.00   0.00 -0.00 -0.00 -0.00  0.00321.29******  0.00 -0.00 -0.00  0.00  0.13  0.00  0.11  0.00  0.00
  6.33+ 5.75+ -0.000 -0.000  -0.00   0.00 -0.00  0.00 -0.00  0.00************  0.00 -0.00 -0.00 -0.00 -0.03 -0.00 -0.02  0.00  0.00
  6.36+ 5.75+ -0.000 -0.000   0.00   2.28 -0.00  0.00 -0.00  0.00  5.48 35.67 -0.00  0.00 -0.00 -0.00 -0.01 -0.00 -0.01  0.00  0.00

  5.84+ MY=NY  0.000  0.000   4.50   0.00  4.50  0.50 -0.00  0.00  5.50 35.75 -1.00  0.00 -0.00 -4.00  0.00 -2.50  0.00  5.50  5.00
  5.86+ 5.84+  0.000  0.000   0.00   0.00  0.00  0.00  0.00  0.00  7.48 66.13  0.00  0.00 -0.00  0.00  0.02  0.00  0.02  0.00  0.00
  5.86+ 5.84+ -0.000 -0.000   0.00   0.00  0.00 -0.00  0.00  0.00  7.51 71.50  0.00  0.00 -0.00  0.00 -0.00  0.00 -0.00  0.00  0.00
  5.90+ 5.84+  0.000  0.000  -0.00   0.00 -0.00  0.00 -0.00  0.00  5.31 38.39 -0.00 -0.00  0.00  0.00 -0.00  0.00 -0.00 -0.00 -0.00
  6.27+ 5.84+ -0.000 -0.000   0.00   0.00 -0.00 -0.00 -0.00  0.00  7.50 66.83 -0.00 -0.00 -0.00  0.00 -0.00  0.00 -0.00  0.00  0.00
  6.27+ 5.84+  0.000  0.000   0.00   0.00 -0.00 -0.00  0.00  0.00************ -0.00  0.00 -0.00  0.00 -0.00  0.00 -0.00  0.00  0.00
  6.33+ 5.84+ -0.000 -0.000   0.00  -0.00  0.00 -0.00 -0.00  0.00  7.55 86.86 -0.00 -0.00 -0.00 -0.00  0.00 -0.00  0.00  0.00  0.00
  6.36+ 5.84+ -0.527 -0.000   0.00   0.00 -0.00  0.00 -0.99  0.00  5.50 35.75 -0.00  0.82 -0.00 -0.00  0.00 -0.00  0.00  0.00  0.00

  5.86+ MY=NY  0.000  0.000  36.84   0.00  2.50  0.39  0.00  0.00  7.50 66.40  0.16  0.00 -0.00  5.10 -0.00 11.24 -0.00  7.50  9.75
  5.86+ 5.86+ -0.000  0.000   0.00   9.88  0.00  0.00  0.00  0.00  7.50 70.56  0.00  0.00 -0.00  0.00 -0.27  0.00 -0.22  0.00  0.00
  5.90+ 5.86+  0.000  0.000   0.00  -0.00  0.00  0.00 -0.00  0.00 64.69858.80 -0.00  0.00  0.00  0.00  0.02  0.00  0.01  0.00  0.00
  6.27+ 5.86+ -0.795 -0.000   0.00   0.00  0.00 -0.00 -0.85  0.00  7.50 66.18 -0.00 -0.02 -0.00  0.00 -0.00  0.00 -0.00  0.00  0.00
  6.27+ 5.86+ -0.000  5.857   0.00  -0.00  0.00  0.00 -0.00  0.32  7.50 64.90  0.00 -0.00 -1.19  0.00  0.00  0.00  0.00  0.00  0.00
  6.33+ 5.86+ -0.000  0.000   0.00 -20.28  0.00 -0.00 -0.00  0.00  7.50 86.33 -0.00 -0.00 -0.00 -0.00  1.64 -0.00  1.37  0.00 -0.00
  6.36+ 5.86+ -0.000  0.000   0.00  -0.00 -0.00  0.00 -0.00  0.00************ -0.00  0.00  0.00 -0.00  0.00 -0.00  0.00  0.00  0.00

  5.86+ MY=NY -2.602 -0.000  23.64   0.00  0.50 -0.18  0.32  0.00  7.50 71.38  0.71  2.31 -0.00  9.18 -0.00 16.91 -0.00  7.50 10.88
  5.90+ 5.86+  0.000  0.000  -0.00   0.00 -0.00  0.00 -0.00  0.00************ -0.03  0.01  0.00  0.21  0.00  0.31  0.00  0.04  0.10
  6.27+ 5.86+ -0.000 -4.702   0.00  14.50 -0.00 -0.00 -0.00  0.33  7.50 70.92 -0.00 -0.00 -0.93  0.00 -0.39  0.00 -0.32  0.00  0.00
  6.27+ 5.86+ -0.000  0.000   0.00   0.00 -0.00 -0.00 -0.00  0.00  7.50 65.10 -0.00 -0.00 -0.00  0.00 -0.00  0.00 -0.00  0.00  0.00
  6.33+ 5.86+ -3.409  0.000   2.29  -0.00 -0.00 -0.20 -0.20 -0.00  7.50 86.27 -1.64 -0.63  0.00 -0.14  0.00 -0.19  0.00 -0.00 -0.04
  6.36+ 5.86+ -0.000  0.000   0.00   0.00 -0.00 -0.00 -0.00 -0.00  9.89 92.85 -0.00  0.00  0.00 -0.00  0.00 -0.00  0.00  0.00  0.00

  5.90+ MY=NY -0.616  0.000   8.49   0.00  0.50 -0.44  0.06  0.00  5.50 40.95  0.88  2.45  0.00 -0.72 -0.00  2.05 -0.00  5.50  5.91
  6.27+ 5.90+ -0.000  0.000   0.00  -0.00 -0.00 -0.00 -0.00 -0.00************ -0.00 -0.00 -0.02  0.00  0.02  0.00  0.02  0.00  0.00
  6.27+ 5.90+  0.000  0.000   0.00   0.00 -0.00 -0.00  0.00  0.00  8.65144.68  0.00  0.00 -0.00  0.00  0.00  0.00  0.00  0.00  0.00
  6.33+ 5.90+  0.000  0.000  -0.00  -0.00  0.00  0.00  0.00  0.00************  0.09 -0.00  0.00  0.01  0.00  0.03  0.00  0.02  0.02
  6.36+ 5.90+ -0.000  0.000   0.00  -0.00 -0.00  0.00 -0.00 -0.00  5.53 36.32 -0.00  0.00 -0.00 -0.00  0.00 -0.00  0.00  0.00  0.00

  6.27+ MY=NY  0.000 -0.000  28.07  -0.00 -1.50  0.31 -0.00  0.00  7.50 63.78 -0.61 -0.00 -0.00  6.07  0.00 12.59  0.00  7.50 10.02
  6.27+ 6.27+  0.000 -0.000   0.00  -8.15 -0.00 -0.00 -0.00  0.00  7.50 66.21 -0.00  0.00 -0.00  0.00  0.21  0.00  0.17  0.00  0.00
  6.33+ 6.27+  0.000 -1.056  -0.00  22.98  0.00 -0.00  0.00  0.15  7.50 76.53  0.00  0.00 -2.34 -0.00 -1.64 -0.00 -1.37 -0.00 -0.00
  6.36+ 6.27+ -0.000 -0.000   0.00   0.00 -0.00  0.00 -0.00  0.00134.40****** -0.00  0.00 -0.00 -0.00  0.02 -0.00  0.02  0.00  0.00

  6.27+ MY=NY  0.000  0.000  33.59  -0.00 -3.50 -0.42  0.00  0.00  7.50 64.96  0.25  0.00 -0.00  2.50  0.00  7.64  0.00  7.50  9.03
  6.33+ 6.27+  0.000 -0.000   0.00   0.00 -0.00 -0.00  0.00  0.00  7.57 76.72  0.00  0.00 -0.00  0.00 -0.00  0.00 -0.00  0.00  0.00
  6.36+ 6.27+  0.000 -0.000   0.00   0.00 -0.00  0.00 -0.00  0.00************ -0.05  0.00 -0.00 -0.02  0.00 -0.02  0.00  0.00 -0.00

  6.33+ MY=NY  1.514  0.000  25.00  -0.00  0.50  0.35  0.85 -0.00  7.50 71.68 -0.23  0.23  0.00  6.27  0.00 12.88  0.00  7.50 10.08
  6.36+ 6.33+  0.000 -0.000   0.00  -0.00 -0.00  0.00  0.00  0.00  5.50 36.11 -0.00  0.00 -0.00 -0.00  0.00 -0.00  0.00  0.00  0.00

  6.36+ MY=NY -0.000 -0.000   3.78  -0.00 -3.50  0.47 -0.00  0.00  5.50 35.75 -1.31  0.00 -0.00 -3.92  0.00 -2.39  0.00  5.50  5.02

 DECOUP:  0.00 SEC



   #   ENERGY +/-(#)    <Q20>    <Q22>     <R2>     <JZ>      #   ENERGY +/-(#)    <Q20>    <Q22>     <R2>     <JZ>

   1   1.5000  +(# 1)   0.8333   0.0000   1.6667   0.5000    41   5.8590  +(#21)  16.9134  -0.0000  10.8827   0.5000
   2   2.0651  -(# 1)   3.9813  -0.0000   3.2963   0.5000    42   5.8995  +(#22)   2.0532  -0.0000   5.9106   0.5000
   3   2.5857  -(# 2)   0.0000  -0.0000   2.5000  -1.5000    43   5.9132  -(#21)  19.2525  -0.0000  12.3505   0.5000
   4   2.6458  +(# 2)   7.2081  -0.0000   4.9416   0.5000    44   6.0938  -(#22)  16.8304  -0.0000  11.8661  -1.5000
   5   2.8492  -(# 3)   0.1853  -0.0000   2.5371   0.5000    45   6.2210  -(#23)   5.2657   0.0000   7.5531   2.5000
   6   3.1575  +(# 3)   3.1538  -0.0000   4.1308  -1.5000    46   6.2711  +(#23)  12.5920   0.0000  10.0184  -1.5000
   7   3.2833  -(# 4)  10.1955  -0.0000   6.5391   0.5000    47   6.2714  -(#24)   0.7317   0.0000   6.6463   4.5000
   8   3.4148  +(# 4)   3.3095  -0.0000   4.1619   0.5000    48   6.2746  +(#24)   7.6359   0.0000   9.0272  -3.5000
   9   3.7000  +(# 5)  -0.8333   0.0000   3.3333   2.5000    49   6.2913  -(#25)   5.3566   0.0000   7.5713  -1.5000
  10   3.7091  -(# 5)   6.2818   0.0000   5.7564  -1.5000    50   6.3258  +(#25)  12.8807   0.0000  10.0761   0.5000
  11   3.9394  +(# 6)  -0.5176  -0.0000   3.3965   0.5000    51   6.3648  +(#26)  -2.3898   0.0000   5.0220  -3.5000
  12   3.9707  +(# 7)  12.9985  -0.0000   8.0997   0.5000    52   6.3850  -(#26)  13.7807   0.0000  11.2561   2.5000
  13   3.9874  -(# 6)   6.8873   0.0000   5.8775   0.5000    53   6.4126  +(#27)  -2.3891  -0.0000   5.0222   2.5000
  14   4.1425  +(# 8)  -0.6538  -0.0000   3.3692  -1.5000    54   6.4539  -(#27)   5.6699  -0.0000   7.6340   0.5000
  15   4.2102  -(# 7)   2.3454  -0.0000   4.9691   2.5000    55   6.5084  +(#28)  20.6808  -0.0000  13.6362   0.5000
  16   4.3179  +(# 9)   9.2912  -0.0000   7.3582  -1.5000    56   6.5468  -(#28)  19.9211   0.0000  12.4842   0.5000
  17   4.5527  -(# 8)   2.7332  -0.0000   5.0466   0.5000    57   6.6528  +(#29)  18.7787  -0.0000  13.2557  -1.5000
  18   4.5674  +(#10)  10.3155   0.0000   7.5631   0.5000    58   6.6757  +(#30)  -2.3192  -0.0000   5.0362  -1.5000
  19   4.6286  -(# 9)  15.3317   0.0000   9.5663   0.5000    59   6.6916  +(#31)  -2.3205  -0.0000   5.0359   0.5000
  20   4.6462  -(#10)   2.7218  -0.0000   5.0444  -1.5000    60   6.7519  +(#32)   8.4978   0.0000   9.1996   2.5000
  21   4.7615  +(#11)   5.4870   0.0000   6.5974   2.5000    61   6.7534  +(#33)   3.8488   0.0000   8.2698   4.5000
  22   4.7657  -(#11)  -1.6667  -0.0000   4.1667  -3.5000    62   6.7566  -(#29)  10.4048  -0.0000  10.5810  -3.5000
  23   4.9048  -(#12)  12.0020  -0.0000   8.9004  -1.5000    63   6.8093  -(#30)   1.0579  -0.0000   6.7116  -3.5000
  24   5.1236  +(#12)   6.1260  -0.0000   6.7252  -1.5000    64   6.8428  -(#31)  -3.3333  -0.0000   5.8333  -5.5000
  25   5.1299  +(#13)   6.1200  -0.0000   6.7240   0.5000    65   6.8457  +(#34)   8.7124   0.0000   9.2425  -1.5000
  26   5.1705  -(#13)  -1.5036  -0.0000   4.1993  -1.5000    66   6.8836  -(#32)  15.6234  -0.0000  11.6247  -1.5000
  27   5.2055  -(#14)  13.6977   0.0000   9.2395   0.5000    67   6.9024  +(#35)  16.0909  -0.0000  12.7182   2.5000
  28   5.2737  +(#14)   1.5564   0.0000   5.8113  -3.5000    68   6.9133  -(#33)   1.1134  -0.0000   6.7227   2.5000
  29   5.2896  -(#15)   8.4210   0.0000   8.1842   2.5000    69   6.9531  -(#34)  16.2039  -0.0000  11.7408   0.5000
  30   5.2898  +(#15)  17.6009  -0.0000  11.0202   0.5000    70   7.0154  +(#36)   9.2187   0.0000   9.3437   0.5000
  31   5.3212  -(#16)  -1.5121  -0.0000   4.1976   2.5000    71   7.1864  -(#35)   1.3375   0.0000   6.7675  -1.5000
  32   5.3538  -(#17)  -1.4827  -0.0000   4.2035   0.5000    72   7.1923  -(#36)   6.8014   0.0000   9.8603   4.5000
  33   5.5182  +(#16)  14.6209  -0.0000  10.4242  -1.5000    73   7.2207  -(#37)   1.3525   0.0000   6.7705   0.5000
  34   5.6845  -(#18)   9.4301   0.0000   8.3860  -1.5000    74   7.2324  +(#37)  12.9801   0.0000  12.0960  -3.5000
  35   5.7203  -(#19)   9.5435   0.0000   8.4087   0.5000    75   7.2399  +(#38)  22.2904  -0.0000  13.9581   0.5000
  36   5.7228  +(#17)   1.9020  -0.0000   5.8804   2.5000    76   7.2839  +(#39)  -0.0910   0.0000   7.4818  -5.5000
  37   5.7478  +(#18)   1.9020  -0.0000   5.8804  -1.5000    77   7.2893  +(#40)   4.3861   0.0000   8.3772  -3.5000
  38   5.7504  -(#20)   4.6553  -0.0000   7.4311  -3.5000    78   7.3064  -(#38)  11.6239   0.0000  10.8248   2.5000
  39   5.8406  +(#19)  -2.5000   0.0000   5.0000   4.5000    79   7.4124  -(#39)  12.0058  -0.0000  10.9012  -1.5000
  40   5.8573  +(#20)  11.2441  -0.0000   9.7488   2.5000    80   7.4192  +(#41)   4.5299  -0.0000   8.4060   2.5000



     PARITY: +     DIMENSION:  95     MATRIX:   0.0 SEC     DIAGONALISATION:   0.0 SEC
     PARITY: -     DIMENSION:  70     MATRIX:   0.0 SEC     DIAGONALISATION:   0.0 SEC
      TOTAL TIME:   0.0 SEC
