


         KAPPAP      MYP     KAPPAN      MYN
    0    0.1200    0.0000    0.1200    0.0000
    1    0.1200    0.0000    0.1200    0.0000
    2    0.1050    0.0000    0.1050    0.0000
    3    0.0900    0.3000    0.0900    0.2500
    4    0.0650    0.5700    0.0700    0.3900
    5    0.0600    0.6500    0.0620    0.4300
    6    0.0540    0.6900    0.0620    0.3400
    7    0.0540    0.6900    0.0620    0.2600
    8    0.0540    0.6900    0.0620    0.2600


     KAPPA    MY     EPS   GAMMA    EPS4     EPS6     W0/W00   NMAX  COUPL     OMROT      EFAC      QFAC
      SEE TABLE     0.695    0.0   0.000    0.000    1.07095     8     0     0.00000   6.88485   6.02773


                     **** PROTONS ****                     **** STRETCHED COORDINATES ****
    SYMMETRY R1= 1


   BASIS FUNCTIONS /N,L,J,OMEGA>,   PARITY -


   1 / 7 7 15/2 13/2>    15 / 7 5 11/2  1/2>    29 / 7 7 13/2 -7/2>    43 / 5 5 11/2  1/2>    57 / 5 5 11/2-11/2>
   2 / 7 7 13/2 13/2>    16 / 7 5  9/2  1/2>    30 / 7 5 11/2 -7/2>    44 / 5 5  9/2  1/2>    58 / 3 3  7/2  5/2>
   3 / 7 7 15/2  9/2>    17 / 7 3  7/2  1/2>    31 / 7 5  9/2 -7/2>    45 / 5 3  7/2  1/2>    59 / 3 3  5/2  5/2>
   4 / 7 7 13/2  9/2>    18 / 7 3  5/2  1/2>    32 / 7 3  7/2 -7/2>    46 / 5 3  5/2  1/2>    60 / 3 3  7/2  1/2>
   5 / 7 5 11/2  9/2>    19 / 7 1  3/2  1/2>    33 / 7 7 15/2-11/2>    47 / 5 1  3/2  1/2>    61 / 3 3  5/2  1/2>
   6 / 7 5  9/2  9/2>    20 / 7 1  1/2  1/2>    34 / 7 7 13/2-11/2>    48 / 5 1  1/2  1/2>    62 / 3 1  3/2  1/2>
   7 / 7 7 15/2  5/2>    21 / 7 7 15/2 -3/2>    35 / 7 5 11/2-11/2>    49 / 5 5 11/2 -3/2>    63 / 3 1  1/2  1/2>
   8 / 7 7 13/2  5/2>    22 / 7 7 13/2 -3/2>    36 / 7 7 15/2-15/2>    50 / 5 5  9/2 -3/2>    64 / 3 3  7/2 -3/2>
   9 / 7 5 11/2  5/2>    23 / 7 5 11/2 -3/2>    37 / 5 5 11/2  9/2>    51 / 5 3  7/2 -3/2>    65 / 3 3  5/2 -3/2>
  10 / 7 5  9/2  5/2>    24 / 7 5  9/2 -3/2>    38 / 5 5  9/2  9/2>    52 / 5 3  5/2 -3/2>    66 / 3 1  3/2 -3/2>
  11 / 7 3  7/2  5/2>    25 / 7 3  7/2 -3/2>    39 / 5 5 11/2  5/2>    53 / 5 1  3/2 -3/2>    67 / 3 3  7/2 -7/2>
  12 / 7 3  5/2  5/2>    26 / 7 3  5/2 -3/2>    40 / 5 5  9/2  5/2>    54 / 5 5 11/2 -7/2>    68 / 1 1  3/2  1/2>
  13 / 7 7 15/2  1/2>    27 / 7 1  3/2 -3/2>    41 / 5 3  7/2  5/2>    55 / 5 5  9/2 -7/2>    69 / 1 1  1/2  1/2>
  14 / 7 7 13/2  1/2>    28 / 7 7 15/2 -7/2>    42 / 5 3  5/2  5/2>    56 / 5 3  7/2 -7/2>    70 / 1 1  3/2 -3/2>


    SINGLE PARTICLE (PARITY-) WAVE FUNCTIONS IN THE ENERGY INTERVAL 0.0<E<7.0

 E=2.0067   0.909639/ 68>-0.415400/ 69>

 E=2.6196   1.000000/ 70>

 E=2.8737   0.415400/ 68> 0.909639/ 69>

 E=3.1077   0.698985/ 60>-0.251917/ 61> 0.602413/ 62>-0.291645/ 63>

 E=3.6266   0.891993/ 64> 0.271462/ 65> 0.361464/ 66>

 E=3.8859  -0.539371/ 60>-0.677134/ 61> 0.105809/ 62>-0.489258/ 63>

 E=4.2195   0.977870/ 58>-0.209213/ 59>

 E=4.3563   0.634007/ 43>-0.164312/ 44> 0.591380/ 45>-0.222566/ 46> 0.372108/ 47>-0.182501/ 48>

 E=4.5466   0.439435/ 60>-0.575019/ 61>-0.669710/ 62> 0.166549/ 63>

 E=4.6381   0.371978/ 64>-0.895138/ 65>-0.245683/ 66>

 E=4.7169   0.784040/ 49> 0.226464/ 50> 0.525929/ 51> 0.177334/ 52> 0.161082/ 53>

 E=4.8673   1.000000/ 67>

 E=4.9747  -0.444194/ 43>-0.575882/ 44>-0.106677/ 45>-0.578031/ 46> 0.175321/ 47>-0.307920/ 48>

 E=5.1880   0.885853/ 39>-0.239957/ 40> 0.386101/ 41>-0.092798/ 42>

 E=5.2605   0.256866/ 64> 0.353605/ 65>-0.899435/ 66>

 E=5.4083   0.209213/ 58> 0.977870/ 59>

 E=5.4396   0.165520/ 60> 0.383902/ 61>-0.421179/ 62>-0.804880/ 63>

 E=5.5523   0.386085/ 49>-0.781390/ 50>-0.042723/ 51>-0.473449/ 52>-0.119947/ 53>

 E=5.5752   0.641719/ 13>-0.087869/ 14> 0.586015/ 15>-0.119020/ 16> 0.393340/ 17>-0.124349/ 18> 0.209175/ 19>
           -0.094675/ 20>

 E=5.5853   0.514705/ 43>-0.525861/ 44>-0.322869/ 45>-0.095007/ 46>-0.544359/ 47> 0.221250/ 48>

 E=5.7375   0.950852/ 54> 0.217616/ 55> 0.220280/ 56>

 E=5.8213   0.735198/ 21> 0.152727/ 22> 0.565965/ 23> 0.150070/ 24> 0.282084/ 25> 0.089539/ 26> 0.075719/ 27>


 E=6.1848  -0.319376/ 39>-0.900577/ 40> 0.107021/ 41>-0.274785/ 42>

 E=6.1889   0.819426/  7>-0.187111/  8> 0.498443/  9>-0.129730/ 10> 0.163680/ 11>-0.038253/ 12>

 E=6.1935  -0.336693/ 13>-0.514453/ 14>-0.103374/ 15>-0.561808/ 16> 0.119329/ 17>-0.436938/ 18> 0.201518/ 19>
           -0.223379/ 20>

 E=6.2518   0.447793/ 49> 0.409455/ 50>-0.671655/ 51>-0.149151/ 52>-0.398072/ 53>

 E=6.3494   0.986805/ 37>-0.161914/ 38>

 E=6.4045   0.312309/ 43> 0.523069/ 44>-0.472988/ 45>-0.442228/ 46>-0.037714/ 47>-0.456242/ 48>

 E=6.6348  -0.331190/ 21> 0.689996/ 22>-0.023732/ 23> 0.565210/ 24> 0.130389/ 25> 0.265710/ 26> 0.081185/ 27>


 E=6.6421   0.887083/ 28> 0.199394/ 29> 0.400367/ 30> 0.089860/ 31> 0.070413/ 32>

 E=6.6916   0.506070/ 13>-0.455865/ 14>-0.145498/ 15>-0.236136/ 16>-0.494328/ 17> 0.062777/ 18>-0.422180/ 19>
            0.180591/ 20>

 E=6.8692   0.245629/ 54>-0.963253/ 55>-0.108669/ 56>

 E=6.9700  -0.328279/ 39> 0.280485/ 40> 0.880713/ 41>-0.194695/ 42>

  Q20Q22:  0.00 SEC    QTME:  0.00 SEC



    SYMMETRY R1= 1


   BASIS FUNCTIONS /N,L,J,OMEGA>,   PARITY +


   1 / 8 8 17/2 17/2>    20 / 8 6 11/2  1/2>    39 / 8 4  7/2 -7/2>    58 / 6 4  7/2  1/2>    77 / 4 2  5/2  5/2>
   2 / 8 8 17/2 13/2>    21 / 8 4  9/2  1/2>    40 / 8 8 17/2-11/2>    59 / 6 2  5/2  1/2>    78 / 4 4  9/2  1/2>
   3 / 8 8 15/2 13/2>    22 / 8 4  7/2  1/2>    41 / 8 8 15/2-11/2>    60 / 6 2  3/2  1/2>    79 / 4 4  7/2  1/2>
   4 / 8 6 13/2 13/2>    23 / 8 2  5/2  1/2>    42 / 8 6 13/2-11/2>    61 / 6 0  1/2  1/2>    80 / 4 2  5/2  1/2>
   5 / 8 8 17/2  9/2>    24 / 8 2  3/2  1/2>    43 / 8 6 11/2-11/2>    62 / 6 6 13/2 -3/2>    81 / 4 2  3/2  1/2>
   6 / 8 8 15/2  9/2>    25 / 8 0  1/2  1/2>    44 / 8 8 17/2-15/2>    63 / 6 6 11/2 -3/2>    82 / 4 0  1/2  1/2>
   7 / 8 6 13/2  9/2>    26 / 8 8 17/2 -3/2>    45 / 8 8 15/2-15/2>    64 / 6 4  9/2 -3/2>    83 / 4 4  9/2 -3/2>
   8 / 8 6 11/2  9/2>    27 / 8 8 15/2 -3/2>    46 / 6 6 13/2 13/2>    65 / 6 4  7/2 -3/2>    84 / 4 4  7/2 -3/2>
   9 / 8 4  9/2  9/2>    28 / 8 6 13/2 -3/2>    47 / 6 6 13/2  9/2>    66 / 6 2  5/2 -3/2>    85 / 4 2  5/2 -3/2>
  10 / 8 8 17/2  5/2>    29 / 8 6 11/2 -3/2>    48 / 6 6 11/2  9/2>    67 / 6 2  3/2 -3/2>    86 / 4 2  3/2 -3/2>
  11 / 8 8 15/2  5/2>    30 / 8 4  9/2 -3/2>    49 / 6 4  9/2  9/2>    68 / 6 6 13/2 -7/2>    87 / 4 4  9/2 -7/2>
  12 / 8 6 13/2  5/2>    31 / 8 4  7/2 -3/2>    50 / 6 6 13/2  5/2>    69 / 6 6 11/2 -7/2>    88 / 4 4  7/2 -7/2>
  13 / 8 6 11/2  5/2>    32 / 8 2  5/2 -3/2>    51 / 6 6 11/2  5/2>    70 / 6 4  9/2 -7/2>    89 / 2 2  5/2  5/2>
  14 / 8 4  9/2  5/2>    33 / 8 2  3/2 -3/2>    52 / 6 4  9/2  5/2>    71 / 6 4  7/2 -7/2>    90 / 2 2  5/2  1/2>
  15 / 8 4  7/2  5/2>    34 / 8 8 17/2 -7/2>    53 / 6 4  7/2  5/2>    72 / 6 6 13/2-11/2>    91 / 2 2  3/2  1/2>
  16 / 8 2  5/2  5/2>    35 / 8 8 15/2 -7/2>    54 / 6 2  5/2  5/2>    73 / 6 6 11/2-11/2>    92 / 2 0  1/2  1/2>
  17 / 8 8 17/2  1/2>    36 / 8 6 13/2 -7/2>    55 / 6 6 13/2  1/2>    74 / 4 4  9/2  9/2>    93 / 2 2  5/2 -3/2>
  18 / 8 8 15/2  1/2>    37 / 8 6 11/2 -7/2>    56 / 6 6 11/2  1/2>    75 / 4 4  9/2  5/2>    94 / 2 2  3/2 -3/2>
  19 / 8 6 13/2  1/2>    38 / 8 4  9/2 -7/2>    57 / 6 4  9/2  1/2>    76 / 4 4  7/2  5/2>    95 / 0 0  1/2  1/2>


    SINGLE PARTICLE (PARITY+) WAVE FUNCTIONS IN THE ENERGY INTERVAL 0.0<E<7.0

 E=1.5000   1.000000/ 95>

 E=2.5268   0.771186/ 90>-0.331626/ 91> 0.543412/ 92>

 E=3.1328   0.962449/ 93> 0.271462/ 94>

 E=3.3810   0.554212/ 90> 0.769747/ 91>-0.316762/ 92>

 E=3.7411   0.644789/ 78>-0.217656/ 79> 0.599452/ 80>-0.281109/ 81> 0.313859/ 82>

 E=3.7672   1.000000/ 89>

 E=3.9953  -0.313244/ 90> 0.545448/ 91> 0.777409/ 92>

 E=4.1790   0.824384/ 83> 0.267419/ 84> 0.474884/ 85> 0.152850/ 86>

 E=4.1969  -0.271462/ 93> 0.962449/ 94>

 E=4.4014  -0.497611/ 78>-0.628181/ 79>-0.063623/ 80>-0.556557/ 81> 0.209688/ 82>

 E=4.7128   0.928136/ 75>-0.253021/ 76> 0.273028/ 77>

 E=4.9763   0.617717/ 55>-0.127673/ 56> 0.588040/ 57>-0.176615/ 58> 0.400610/ 59>-0.174479/ 60> 0.184959/ 61>


 E=5.0533  -0.400778/ 83> 0.839420/ 84> 0.110353/ 85> 0.350106/ 86>

 E=5.0598  -0.503332/ 78> 0.548156/ 79> 0.473199/ 80>-0.045994/ 81> 0.469200/ 82>

 E=5.2827   0.745161/ 62> 0.193738/ 63> 0.557472/ 64> 0.177782/ 65> 0.242634/ 66> 0.077129/ 67>

 E=5.3163   0.981798/ 87> 0.189931/ 88>

 E=5.5661  -0.397774/ 55>-0.531854/ 56>-0.133927/ 57>-0.573549/ 58> 0.126589/ 59>-0.401488/ 60> 0.186532/ 61>


 E=5.7047   0.843581/ 50>-0.221352/ 51> 0.460929/ 52>-0.127081/ 53> 0.103773/ 54>

 E=5.7486   0.298406/ 75> 0.944205/ 76>-0.139390/ 77>

 E=5.7732   0.384486/ 83> 0.381242/ 84>-0.811972/ 85>-0.218006/ 86>

 E=5.9186   0.264558/ 78> 0.472507/ 79>-0.510311/ 80>-0.642391/ 81> 0.183473/ 82>

 E=5.9763   1.000000/ 74>

 E=6.0797  -0.367870/ 62> 0.726372/ 63>-0.013105/ 64> 0.537783/ 65> 0.130117/ 66> 0.175334/ 67>

 E=6.1276   0.518622/ 55>-0.494193/ 56>-0.198938/ 57>-0.187130/ 58>-0.527031/ 59> 0.153681/ 60>-0.332912/ 61>


 E=6.1536   0.671403/ 17>-0.059111/ 18> 0.583251/ 19>-0.075971/ 20> 0.375911/ 21>-0.078389/ 22> 0.202284/ 23>
           -0.070459/ 24> 0.080207/ 25>

 E=6.2079   0.914847/ 68> 0.220464/ 69> 0.331866/ 70> 0.065696/ 71>

 E=6.3505   0.736113/ 26> 0.119324/ 27> 0.566846/ 28> 0.119482/ 29> 0.298588/ 30> 0.081110/ 31> 0.107733/ 32>
            0.031120/ 33>

 E=6.4876  -0.189931/ 87> 0.981798/ 88>

 E=6.5345  -0.222526/ 75> 0.210847/ 76> 0.951854/ 77>

 E=6.6560  -0.325413/ 50>-0.851462/ 51> 0.059632/ 52>-0.400042/ 53> 0.074353/ 54>

 E=6.6685   0.804848/ 10>-0.155711/ 11> 0.518018/ 12>-0.119118/ 13> 0.203366/ 14>-0.050805/ 15> 0.038764/ 16>


 E=6.7435   0.490188/ 62> 0.415079/ 63>-0.528646/ 64>-0.059229/ 65>-0.529187/ 66>-0.156246/ 67>

 E=6.7755   0.962305/ 47>-0.195257/ 48> 0.189322/ 49>

 E=6.7909   0.109265/ 83>-0.280208/ 84>-0.320948/ 85> 0.898074/ 86>

 E=6.8064   0.115309/ 78>-0.185141/ 79>-0.390223/ 80> 0.443216/ 81> 0.776989/ 82>

 E=6.8382  -0.273393/ 17>-0.523666/ 18>-0.064579/ 19>-0.555063/ 20> 0.117695/ 21>-0.438002/ 22> 0.189329/ 23>
           -0.274224/ 24> 0.148400/ 25>

 E=6.8991  -0.344060/ 55>-0.544349/ 56> 0.402492/ 57> 0.261334/ 58> 0.197107/ 59> 0.532097/ 60>-0.181750/ 61>


  Q20Q22:  0.00 SEC    QTME:  0.00 SEC

 Q0= 587.943 HBAR/MW0     Q2=   0.000 HBAR/MW0     GAMMA= -0.0 DEG   FOR 81 PARTICLES;  A=207

1
 **********************************************  SINGLE PARTICLE MATRIX ELEMENTS  ***********************************************


   ENY   EMY     A+B     C      D      E    JZ    S0    S+    S-  <R2S> <R4S>  R2DZ  R2D+  R2D-  Q20S  Q22S   Q20   Q22  RHO2    R2


  5.32+ MY=NY  0.000  0.000  12.18  -0.00 -3.50 -0.48  0.00  0.00  5.50 35.75  0.53  0.00 -0.00 -1.07  0.00  2.24  0.00  5.50  6.02
  5.57+ 5.32+ -0.000 -0.000   0.00  -0.00 -0.00 -0.00  0.00 -0.00  7.50 68.91  0.00  0.00  0.00  0.00  0.00  0.00  0.00  0.00  0.00
  5.70+ 5.32+  0.000  0.000   0.00   0.00  0.00  0.00  0.00  0.00************  0.00  0.00 -0.01  0.00 -0.00  0.00 -0.00  0.00  0.00
  5.75+ 5.32+  0.000  0.697   0.00   0.00 -0.00 -0.00  0.00  0.96  5.50 35.75 -0.00  0.00  0.48 -0.00 -0.00  0.00 -0.00  0.00  0.00
  5.77+ 5.32+  0.000  0.000   0.00   7.58 -0.00 -0.00  0.00  0.00  5.69 38.20 -0.00  0.00  0.00  0.00 -2.08  0.00 -1.69  0.00  0.00
  5.92+ 5.32+  0.000 -0.000   0.00   0.00 -0.00 -0.00  0.00 -0.00  5.09 39.02  0.00  0.00 -0.00  0.00 -0.00  0.00 -0.00  0.00  0.00
  5.98+ 5.32+  2.945 -0.000   0.00   0.00 -0.00 -0.00  0.15 -0.00  5.50 35.75 -0.00  0.64 -0.00  0.00 -0.00  0.00 -0.00  0.00  0.00
  6.08+ 5.32+  0.000  0.000  -0.00  -0.00 -0.00 -0.00  0.00  0.00  7.37 67.08 -0.00  0.00  0.00  0.00 -0.02  0.00 -0.02  0.00  0.00
  6.13+ 5.32+  0.000  0.000   0.00   0.00 -0.00 -0.00  0.00 -0.00  7.50 77.48 -0.00  0.00  0.00  0.00 -0.00  0.00 -0.00  0.00  0.00
  6.15+ 5.32+  0.000 -0.000   0.00   0.00 -0.00 -0.00  0.00  0.00113.62****** -0.00  0.00 -0.00  0.00  0.00  0.00  0.00  0.00  0.00
  6.21+ 5.32+  0.000  0.000   0.00   0.00 -0.00 -0.00  0.00  0.00************ -0.30  0.00 -0.00  2.73 -0.00  4.69 -0.00  0.79  1.88

  5.57+ MY=NY -2.055 -0.000  23.97  -0.00  0.50 -0.26  0.24 -0.00  7.50 71.49  0.28  2.20  0.00  9.08  0.00 19.00  0.00  7.50 11.90
  5.70+ 5.57+  0.000  0.000   0.00 -11.98  0.00  0.00  0.00 -0.00  8.19 77.64  0.00  0.00 -0.00  0.00  0.31  0.00  0.25  0.00  0.00
  5.75+ 5.57+ -0.000  0.000  -0.00  -0.00  0.00 -0.00 -0.00  0.00  0.97 52.15  0.00  0.00  0.00 -0.00 -0.03 -0.00 -0.03 -0.00 -0.00
  5.77+ 5.57+ -0.000  0.000   0.00  -0.00 -0.00 -0.00 -0.00  0.00************  0.00  0.00  0.00 -0.00 -0.03  0.00 -0.02  0.00  0.00
  5.92+ 5.57+ -0.000  0.000  -0.00  -0.00  0.00 -0.00 -0.00  0.00************  0.03 -0.01  0.00 -0.16 -0.00 -0.26 -0.00 -0.03 -0.09
  5.98+ 5.57+ -0.000  0.000  -0.00  -0.00 -0.00 -0.00 -0.00 -0.00  5.50 63.46 -0.00 -0.00  0.00 -0.00  0.00 -0.00  0.00 -0.00 -0.00
  6.08+ 5.57+ -0.000  4.671   0.00 -11.46 -0.00 -0.00 -0.00 -0.31  7.50 71.94 -0.00 -0.00  0.94  0.00  0.26  0.00  0.21  0.00  0.00
  6.13+ 5.57+ -3.456 -0.000   0.83   0.00 -0.00 -0.20 -0.20  0.00  7.50 84.29 -1.63 -0.63 -0.00  0.11 -0.00  0.16 -0.00 -0.00  0.04
  6.15+ 5.57+ -0.000 -0.000   0.00   0.00  0.00 -0.00 -0.00  0.00************  0.46 -0.04 -0.00 -1.13 -0.00 -1.90 -0.00 -0.26 -0.70
  6.21+ 5.57+ -0.000  0.000   0.00   0.00 -0.00 -0.00 -0.00  0.00 11.65178.38 -0.00 -0.00 -0.00  0.00 -0.00  0.00 -0.00  0.00  0.00

  5.70+ MY=NY  0.000  0.000  35.80  -0.00  2.50  0.41 -0.00  0.00  7.50 66.77  0.29  0.00 -0.00  5.28  0.00 13.25  0.00  7.50 10.57
  5.75+ 5.70+  0.000  0.000   0.00   0.00  0.00  0.00 -0.00  0.00************ -0.11  0.00 -0.00  0.05 -0.00  0.07 -0.00 -0.00  0.01
  5.77+ 5.70+ -0.000  0.000   0.00   0.00  0.00  0.00 -0.00  0.00************ -0.00  0.01 -0.00  0.00 -0.00  0.00 -0.00  0.00  0.00
  5.92+ 5.70+  0.000  0.000   0.00   0.00  0.00  0.00 -0.00  0.00  7.40 65.37  0.00  0.00 -0.00  0.00  0.01  0.00  0.01  0.00  0.00
  5.98+ 5.70+ -0.000  0.000   0.00   0.00  0.00  0.00 -0.00  0.00  7.59 67.72  0.00 -0.00 -0.00  0.00  0.02  0.00  0.02  0.00  0.00
  6.08+ 5.70+ -0.933  0.000   0.00   0.00  0.00  0.00 -0.88  0.00  7.50 66.57  0.00 -0.13 -0.00  0.00 -0.00  0.00 -0.00  0.00  0.00
  6.13+ 5.70+  0.000  0.000   0.00  21.91  0.00  0.00  0.00  0.00  7.48 65.65  0.00  0.00 -0.00  0.00 -1.67  0.00 -1.36  0.00  0.00
  6.15+ 5.70+  0.000  0.000   0.00   0.00  0.00  0.00  0.00  0.00  7.58 66.92  0.00  0.00 -0.00  0.00  0.21  0.00  0.17  0.00  0.00
  6.21+ 5.70+  0.000  5.768   0.00   0.00  0.00  0.00  0.00  0.29  7.50 65.07  0.00  0.00 -1.21  0.00 -0.00  0.00 -0.00  0.00  0.00

  5.75+ MY=NY -0.000 -0.000  10.17   0.00  2.50 -0.45  0.00  0.00  5.50 35.60  0.88  0.00  0.00 -0.86 -0.00  2.55 -0.00  5.50  6.09
  5.77+ 5.75+ -0.468  0.000   0.00   0.00 -0.00 -0.00  0.04  0.00  5.50 39.88  0.00  2.10  0.00 -0.00 -0.00  0.00 -0.00  0.00  0.00
  5.92+ 5.75+ -0.000  0.000   0.00   8.21 -0.00 -0.00  0.00  0.00  5.52 40.92  0.00  0.00  0.00 -0.00 -2.09  0.00 -1.69  0.00  0.00
  5.98+ 5.75+  0.000 -0.000  -0.00   3.58 -0.00  0.00  0.00  0.00 12.81134.54 -0.00  0.00 -0.00 -0.00 -0.15 -0.00 -0.12 -0.00 -0.00
  6.08+ 5.75+ -0.000 -0.000   0.00   0.00 -0.00 -0.00 -0.00  0.00************  0.00  0.01 -0.00  0.00 -0.00  0.00 -0.00  0.00  0.00
  6.13+ 5.75+  0.000  0.000   0.00   0.00  0.00  0.00  0.00 -0.00 29.80364.77  0.00  0.00  0.00  0.00 -0.01  0.00 -0.01  0.00  0.00
  6.15+ 5.75+  0.000 -0.000   0.00   0.00  0.00  0.00  0.00  0.00 39.29524.10 -0.00  0.00 -0.00  0.00  0.00  0.00  0.00  0.00  0.00
  6.21+ 5.75+  0.000  0.000   0.00   0.00 -0.00 -0.00  0.00  0.00************ -0.00  0.00 -0.08  0.00  0.00  0.00  0.00  0.00  0.00

  5.77+ MY=NY -0.000  0.000   9.65   0.00 -1.50 -0.46  0.00  0.00  5.50 40.66  0.69  0.00  0.00 -0.87 -0.00  2.54 -0.00  5.50  6.09
  5.92+ 5.77+ -0.000  0.730   0.00   9.28 -0.00 -0.00 -0.00  0.96  5.50 40.69  0.00 -0.00  0.46 -0.00 -2.41  0.00 -1.95  0.00  0.00
  5.98+ 5.77+ -0.000  0.000   0.00   0.00 -0.00 -0.00 -0.00  0.00  5.53 41.16  0.00 -0.00  0.00  0.00 -0.00  0.00 -0.00  0.00  0.00
  6.08+ 5.77+ -0.000 -0.000   0.00   0.00 -0.00 -0.00 -0.00  0.00************  0.05 -0.00  0.00  0.11 -0.00  0.19 -0.00  0.04  0.08
  6.13+ 5.77+ -0.000  0.000   0.00   0.00 -0.00  0.00  0.00  0.00************ -0.00  0.00  0.00  0.00  0.02  0.00  0.02  0.00  0.00
  6.15+ 5.77+ -0.000 -0.000   0.00   0.00 -0.00  0.00 -0.00  0.00 21.35****** -0.00  0.00  0.00  0.00  0.00  0.00  0.00  0.00  0.00
  6.21+ 5.77+ -0.000  0.000   0.00   0.00 -0.00 -0.00 -0.00  0.00 18.00202.02 -0.00  0.00 -0.00  0.00  0.13  0.00  0.10  0.00  0.00

  5.92+ MY=NY -0.554  0.000   8.85   0.00  0.50 -0.45  0.05  0.00  5.50 40.80  0.81  2.43  0.00 -0.79 -0.00  2.66 -0.00  5.50  6.12
  5.98+ 5.92+ -0.000  0.000   0.00   0.00  0.00 -0.00  0.00  0.00  5.48 40.57  0.00  0.00  0.00 -0.00 -0.00  0.00 -0.00  0.00  0.00
  6.08+ 5.92+ -0.000  0.000   0.00  -0.00 -0.00 -0.00 -0.00  0.00************ -0.00  0.00 -0.01  0.00  0.02  0.00  0.01  0.00  0.00
  6.13+ 5.92+  0.000  0.000   0.00   0.00  0.00  0.00  0.00 -0.00************ -0.09  0.00  0.00 -0.02 -0.00 -0.04 -0.00 -0.02 -0.03
  6.15+ 5.92+  0.000  0.000   0.00   0.00  0.00 -0.00  0.00  0.00  9.40****** -0.00  0.00  0.00  0.00  0.00  0.00  0.00  0.00  0.00
  6.21+ 5.92+  0.000  0.000   0.00   0.00 -0.00 -0.00  0.00  0.00  9.39 89.90  0.00  0.00 -0.00  0.00 -0.00  0.00 -0.00  0.00  0.00

  5.98+ MY=NY  0.000  0.000   4.50  -0.00  4.50  0.50 -0.00  0.00  5.50 35.75 -1.00  0.00 -0.00 -4.00  0.00 -2.20  0.00  5.50  4.99
  6.08+ 5.98+ -0.000  0.000   0.00  -0.00 -0.00  0.00 -0.00 -0.00  7.91 71.65 -0.00 -0.00  0.00  0.00  0.00  0.00  0.00  0.00  0.00
  6.13+ 5.98+  0.000  0.000   0.00  -0.00  0.00  0.00  0.00 -0.00  5.60 48.18 -0.00  0.00  0.00  0.00  0.00  0.00  0.00  0.00  0.00
  6.15+ 5.98+  0.000  0.000   0.00   0.00  0.00  0.00  0.00  0.00 11.58145.76  0.00  0.00 -0.00  0.00  0.00  0.00  0.00  0.00  0.00
  6.21+ 5.98+  0.000  0.000   0.00  -0.00 -0.00 -0.00  0.00  0.00************  0.00  0.00 -0.00  0.00  0.00  0.00  0.00  0.00  0.00

  6.08+ MY=NY -0.000  0.000  28.03  -0.00 -1.50  0.35 -0.00 -0.00  7.50 64.76 -0.37 -0.00  0.00  6.05  0.00 14.40  0.00  7.50 10.84
  6.13+ 6.08+  0.000  0.964   0.00 -23.98  0.00  0.00  0.00 -0.12  7.50 76.94  0.00  0.00  2.29  0.00  1.68  0.00  1.36  0.00  0.00
  6.15+ 6.08+ -0.000  0.000  -0.00  -0.00  0.00 -0.00 -0.00 -0.00************  0.00  0.00  0.04 -0.00 -0.08 -0.00 -0.06 -0.00 -0.00
  6.21+ 6.08+  0.000  0.000   0.00  -9.33 -0.00 -0.00  0.00  0.00 10.59111.40  0.00  0.00 -0.00  0.00  0.23  0.00  0.19  0.00  0.00

  6.13+ MY=NY  1.372 -0.000  25.73   0.00  0.50  0.38  0.88  0.00  7.50 71.35 -0.06  0.28 -0.00  6.17 -0.00 14.58 -0.00  7.50 10.88
  6.15+ 6.13+  0.000 -0.000   0.00   0.00  0.00  0.00  0.00  0.00************  0.14  0.01 -0.00  0.69 -0.00  1.13 -0.00  0.12  0.39
  6.21+ 6.13+  0.000  0.000   0.00   0.00 -0.00 -0.00  0.00  0.00  7.78 70.63  0.00  0.00 -0.00  0.00 -0.00  0.00 -0.00  0.00  0.00

  6.15+ MY=NY  7.177  0.000  57.14   0.00  0.50  0.17  0.67  0.00  9.50112.21  0.63  1.56 -0.00 12.13 -0.00 25.01 -0.00  9.50 15.29
  6.21+ 6.15+  0.000  0.000   0.00   0.00 -0.00 -0.00  0.00  0.00  7.76 70.71  0.00  0.00 -0.00  0.00 -0.00  0.00 -0.00  0.00  0.00

  6.21+ MY=NY  0.000  0.000  33.08   0.00 -3.50 -0.44  0.00 -0.00  7.50 65.13  0.16  0.00 -0.00  2.59  0.00  9.18  0.00  7.50  9.63

 DECOUP:  0.00 SEC



   #   ENERGY +/-(#)    <Q20>    <Q22>     <R2>     <JZ>      #   ENERGY +/-(#)    <Q20>    <Q22>     <R2>     <JZ>

   1   1.5000  +(# 1)   1.0514   0.0000   1.7436   0.5000    41   5.7732  +(#20)   2.5389  -0.0000   6.0882  -1.5000
   2   2.0067  -(# 1)   4.6211  -0.0000   3.5706   0.5000    42   5.8213  -(#22)  19.9136  -0.0000  13.1133  -1.5000
   3   2.5268  +(# 2)   8.2585  -0.0000   5.4132   0.5000    43   5.9186  +(#21)   2.6628  -0.0000   6.1169   0.5000
   4   2.6196  -(# 2)   0.2395  -0.0000   2.5555  -1.5000    44   5.9763  +(#22)  -2.1962   0.0000   4.9912   4.5000
   5   2.8737  -(# 3)   0.3966  -0.0000   2.5919   0.5000    45   6.0797  +(#23)  14.4048   0.0000  10.8371  -1.5000
   6   3.1077  -(# 4)  11.7194   0.0000   7.2150   0.5000    46   6.1276  +(#24)  14.5843  -0.0000  10.8787   0.5000
   7   3.1328  +(# 3)   3.8065  -0.0000   4.3818  -1.5000    47   6.1536  +(#25)  25.0103  -0.0000  15.2940   0.5000
   8   3.3810  +(# 4)   3.9754  -0.0000   4.4210   0.5000    48   6.1848  -(#23)   6.3003   0.0000   7.9596   2.5000
   9   3.6266  -(# 5)   7.3590   0.0000   6.2048  -1.5000    49   6.1889  -(#24)  16.2733   0.0000  12.2700   2.5000
  10   3.7411  +(# 5)  15.0614   0.0000   8.9892   0.5000    50   6.1935  -(#25)  22.6370   0.0000  13.7442   0.5000
  11   3.7672  +(# 6)  -0.5724   0.0000   3.3674   2.5000    51   6.2079  +(#26)   9.1795   0.0000   9.6266  -3.5000
  12   3.8859  -(# 6)   7.8677   0.0000   6.3227   0.5000    52   6.2518  -(#26)   6.3609  -0.0000   7.9736  -1.5000
  13   3.9953  +(# 7)  -0.3352  -0.0000   3.4224   0.5000    53   6.3494  -(#27)   1.4375   0.0000   6.8330   4.5000
  14   4.1790  +(# 8)  10.8265  -0.0000   8.0081  -1.5000    54   6.3505  +(#27)  22.3714  -0.0000  14.6827  -1.5000
  15   4.1969  +(# 9)  -0.4126  -0.0000   3.4044  -1.5000    55   6.4045  -(#28)   6.6066  -0.0000   8.0305   0.5000
  16   4.2195  -(# 7)   3.0139  -0.0000   5.1982   2.5000    56   6.4876  +(#28)  -2.0965   0.0000   5.0143  -3.5000
  17   4.3563  -(# 8)  18.0165   0.0000  10.6738   0.5000    57   6.5345  +(#29)  -2.0992  -0.0000   5.0137   2.5000
  18   4.4014  +(#10)  11.6195   0.0000   8.1919   0.5000    58   6.6348  -(#29)  17.9203   0.0000  12.6515  -1.5000
  19   4.5466  -(# 9)   3.3322  -0.0000   5.2720   0.5000    59   6.6421  -(#30)  12.4019   0.0000  11.3731  -3.5000
  20   4.6381  -(#10)   3.3561  -0.0000   5.2775  -1.5000    60   6.6560  +(#30)   9.9410   0.0000   9.8030   2.5000
  21   4.7128  +(#11)   6.5786  -0.0000   7.0240   2.5000    61   6.6685  +(#31)  19.0721  -0.0000  13.9184   2.5000
  22   4.7169  -(#11)  14.0349  -0.0000   9.7514  -1.5000    62   6.6916  -(#31)  18.2791   0.0000  12.7347   0.5000
  23   4.8673  -(#12)  -1.3843  -0.0000   4.1793  -3.5000    63   6.7435  +(#32)  10.0940   0.0000   9.8384  -1.5000
  24   4.9747  -(#13)  15.3553   0.0000  10.0573   0.5000    64   6.7755  +(#33)   4.9708   0.0000   8.6516   4.5000
  25   4.9763  +(#12)  20.9065   0.0000  12.3433   0.5000    65   6.7909  +(#34)  -2.0393  -0.0000   5.0276  -1.5000
  26   5.0533  +(#13)   7.1209  -0.0000   7.1497  -1.5000    66   6.8064  +(#35)  -2.0413  -0.0000   5.0271   0.5000
  27   5.0598  +(#14)   7.1028  -0.0000   7.1455   0.5000    67   6.8382  +(#36)  25.9301   0.0000  15.5072   0.5000
  28   5.1880  -(#14)   9.9606  -0.0000   8.8075   2.5000    68   6.8692  -(#32)   1.7312  -0.0000   6.9011  -3.5000
  29   5.2605  -(#15)  -1.2520  -0.0000   4.2100  -1.5000    69   6.8991  +(#37)  10.4754   0.0000   9.9268   0.5000
  30   5.2827  +(#15)  17.1699   0.0000  11.4777  -1.5000    70   6.9700  -(#33)   1.7708  -0.0000   6.9102   2.5000
  31   5.3163  +(#16)   2.2427   0.0000   6.0196  -3.5000    71   7.0140  -(#34)  -3.0081  -0.0000   5.8031  -5.5000
  32   5.4083  -(#16)  -1.2438  -0.0000   4.2118   2.5000    72   7.0747  +(#38)  15.4402  -0.0000  13.0770  -3.5000
  33   5.4396  -(#17)  -1.2247  -0.0000   4.2163   0.5000    73   7.1526  -(#35)  13.5055   0.0000  11.6288   2.5000
  34   5.5523  -(#18)  10.8185   0.0000   9.0063  -1.5000    74   7.1631  -(#36)   8.3538   0.0000  10.4353   4.5000
  35   5.5661  +(#17)  18.9995   0.0000  11.9015   0.5000    75   7.2013  +(#39)  21.2390  -0.0000  14.4204  -1.5000
  36   5.5752  -(#19)  23.1401   0.0000  13.8608   0.5000    76   7.2327  -(#37)   1.9587   0.0000   6.9538  -1.5000
  37   5.5853  -(#20)  10.8844  -0.0000   9.0215   0.5000    77   7.2485  -(#38)  13.7802  -0.0000  11.6924  -1.5000
  38   5.7047  +(#18)  13.2506   0.0000  10.5697   2.5000    78   7.2660  -(#39)   1.9691   0.0000   6.9562   0.5000
  39   5.7375  -(#21)   5.7619   0.0000   7.8348  -3.5000    79   7.2740  +(#40)  21.9228  -0.0000  14.5788   0.5000
  40   5.7486  +(#19)   2.5478  -0.0000   6.0903   2.5000    80   7.2883  +(#41)   5.4541  -0.0000   8.7635  -3.5000



     PARITY: +     DIMENSION:  95     MATRIX:   0.0 SEC     DIAGONALISATION:   0.0 SEC
     PARITY: -     DIMENSION:  70     MATRIX:   0.0 SEC     DIAGONALISATION:   0.0 SEC
      TOTAL TIME:   0.0 SEC
