 PARITY=+   EPS= 0.290   GAMMA= 16.0   EPS4=0.000   EPS6=0.000   LEVELS:  17  18  19  20  21  22  23
0   Z= 81   A=207   IQ=1   GSFAC= 0.75   GR=  0.39   MIN SPIN=  1/2   MAX SPIN= 13/2   KMAX= 13/2

 MICR QUADR MOMENTS:  Q0= 994.408  Q2=-152.567 FM**2


   B(E2) AND Q(E2) IN E2B2 AND EB,   B(M1) AND M(M1) INNM2 AND NM,   T(E2) AND T(M1) IN 1/PS

       E1     II      EF     IF     B(E2)             B(M1)              GD        D       EREL    T(E2)      T(M1)
                                             WU               MWU

      35.1   1/2 -   35.1   1/2    0.0000            0.4634
      35.1   1/2 -    0.0   3/2    0.0171    2.36    0.0001    0.06    0.128    0.384     35.1  0.111E-07  0.754E-07
     160.4   1/2 -   35.1   1/2    0.0000    0.00    0.0608   33.94    0.000    0.000    125.4  0.000E+00  0.211E-02
     160.4   1/2 -  160.4   1/2    0.0000           -0.1532
     160.4   1/2 -    0.0   3/2    0.0000    0.00    0.0025    1.40    0.000    0.001    160.4  0.633E-10  0.183E-03


     160.4   1/2 -  122.9   3/2    0.0000    0.00    0.0213   11.89    0.000    0.000     37.5  0.319E-13  0.198E-04
     160.4   1/2 -  157.4   3/2    3.8656  531.41    0.1126   62.87    0.000   -0.015      3.0  0.116E-10  0.540E-07
     160.4   1/2 -   82.7   5/2    0.0000    0.00    0.0000    0.00    1.000    0.000     77.7  0.124E-08  0.000E+00
     160.4   1/2 -  120.7   5/2    0.0000    0.00    0.0000    0.00    1.000    0.000     39.7  0.462E-13  0.000E+00
     661.2   1/2 -   35.1   1/2    0.0000    0.00    0.2263  126.39    0.000    0.000    626.1  0.000E+00  0.978E+00


     661.2   1/2 -  160.4   1/2    0.0000    0.00    0.0058    3.23    0.000    0.000    500.8  0.000E+00  0.128E-01
     661.2   1/2 -  661.2   1/2    0.0000            1.4031
     661.2   1/2 -    0.0   3/2    0.0000    0.00    0.0119    6.62    0.000   -0.013    661.2  0.107E-04  0.603E-01
     661.2   1/2 -  122.9   3/2    0.0000    0.00    0.3417  190.86    0.000    0.000    538.3  0.948E-07  0.938E+00
     661.2   1/2 -  157.4   3/2    0.0000    0.00    0.0409   22.86    0.000    0.008    503.8  0.566E-05  0.921E-01


     661.2   1/2 -   82.7   5/2    0.3226   44.34    0.0000    0.00    1.000    0.000    578.5  0.255E+00  0.000E+00
     661.2   1/2 -  120.7   5/2    0.0000    0.00    0.0000    0.00    1.000    0.000    540.5  0.789E-06  0.000E+00
     661.2   1/2 -  331.3   5/2    0.0000    0.00    0.0000    0.00    1.000    0.000    329.9  0.598E-09  0.000E+00
       0.0   3/2 -    0.0   3/2    1.7410           -0.0340
     122.9   3/2 -   35.1   1/2    2.0123  276.64    0.1343   74.98    0.074    0.283     87.8  0.128E-03  0.160E-02


     122.9   3/2 -    0.0   3/2    0.5133   70.57    0.0231   12.91    0.189   -0.482    122.9  0.176E-03  0.755E-03
     122.9   3/2 -  122.9   3/2   -1.7410            0.8867
     122.9   3/2 -   82.7   5/2    0.0000    0.00    0.0149    8.33    0.000    0.001     40.2  0.633E-11  0.171E-04
     122.9   3/2 -  120.7   5/2    0.1524   20.95    0.0232   12.95    0.000    0.005      2.2  0.899E-13  0.418E-08
     157.4   3/2 -   35.1   1/2    0.0000    0.00    0.0091    5.10    0.000    0.000    122.3  0.360E-11  0.295E-03


     157.4   3/2 -    0.0   3/2    0.0000    0.00    0.0057    3.20    0.000   -0.000    157.4  0.416E-10  0.394E-03
     157.4   3/2 -  122.9   3/2    0.0000    0.00    0.0353   19.72    0.000   -0.000     34.5  0.402E-14  0.256E-04
     157.4   3/2 -  157.4   3/2   -1.9943            0.4952
     157.4   3/2 -   82.7   5/2    0.0000    0.00    0.0000    0.02    0.002    0.044     74.7  0.631E-09  0.325E-06
     157.4   3/2 -  120.7   5/2    0.0000    0.00    0.0173    9.66    0.000   -0.000     36.7  0.328E-13  0.150E-04


      82.7   5/2 -   35.1   1/2    0.0000    0.00    0.0000    0.00    1.000    0.000     47.6  0.883E-11  0.000E+00
      82.7   5/2 -    0.0   3/2    0.0000    0.00    0.3456  193.04    0.000   -0.000     82.7  0.270E-11  0.344E-02
      82.7   5/2 -   82.7   5/2    3.6235            2.9368
      82.7   5/2 -   23.5   9/2    0.0000    0.00    0.0000    0.00    1.000    0.000     59.2  0.597E-15  0.000E+00
     120.7   5/2 -   35.1   1/2    0.5766   79.27    0.0000    0.00    1.000    0.000     85.6  0.324E-04  0.000E+00


     120.7   5/2 -    0.0   3/2    3.0761  422.89    0.0496   27.72    0.385   -0.791    120.7  0.962E-03  0.154E-02
     120.7   5/2 -   82.7   5/2    0.0000    0.00    0.1266   70.69    0.000   -0.000     38.0  0.494E-12  0.122E-03
     120.7   5/2 -  120.7   5/2   -0.6855            0.6938
     120.7   5/2 -   23.5   9/2    0.0000    0.00    0.0000    0.00    1.000    0.000     97.2  0.112E-15  0.000E+00
     331.3   5/2 -   35.1   1/2    0.0000    0.00    0.0000    0.00    1.000    0.000    296.2  0.880E-11  0.000E+00


     331.3   5/2 -  160.4   1/2    0.0000    0.00    0.0000    0.00    1.000    0.000    170.9  0.294E-10  0.000E+00
     331.3   5/2 -    0.0   3/2    0.0000    0.00    0.0000    0.00    1.000    0.000    331.3  0.492E-11  0.154E-17
     331.3   5/2 -  122.9   3/2    0.0000    0.00    0.0000    0.00    1.000 -915.893    208.4  0.668E-12  0.831E-18
     331.3   5/2 -  157.4   3/2    0.0000    0.00    0.0000    0.00    1.000    0.000    173.9  0.960E-11  0.256E-25
     331.3   5/2 -   82.7   5/2    0.0000    0.00    0.0000    0.00    1.000    0.000    248.6  0.948E-11  0.669E-24


     331.3   5/2 -  120.7   5/2    0.0000    0.00    0.0000    0.00    1.000  724.077    210.6  0.423E-12  0.804E-18
     331.3   5/2 -  331.3   5/2   -2.8984            4.4914
     331.3   5/2 -  294.8   7/2    0.0000    0.00    0.0000    0.00    1.000    0.000     36.5  0.492E-16  0.288E-29
     331.3   5/2 -  324.4   7/2    0.0000    0.00    0.0000    0.00    1.000    0.000      6.9  0.101E-18  0.119E-28
     331.3   5/2 -   23.5   9/2    3.7029  509.06    0.0000    0.00    1.000    0.000    307.7  0.125E+00  0.000E+00


     294.8   7/2 -    0.0   3/2    0.0000    0.00    0.0000    0.00    1.000    0.000    294.8  0.645E-06  0.000E+00
     294.8   7/2 -  122.9   3/2    0.0000    0.00    0.0000    0.00    1.000    0.000    171.9  0.129E-08  0.000E+00
     294.8   7/2 -  157.4   3/2    0.0000    0.00    0.0000    0.00    1.000    0.000    137.4  0.205E-14  0.000E+00
     294.8   7/2 -   82.7   5/2    0.0000    0.00    0.0034    1.90    0.000   -0.000    212.1  0.344E-11  0.570E-03
     294.8   7/2 -  120.7   5/2    0.0000    0.00    0.0000    0.00    0.058   -0.247    174.1  0.260E-07  0.425E-06


     294.8   7/2 -  294.8   7/2    4.7345            1.7586
     294.8   7/2 -   23.5   9/2    0.0000    0.00    0.0000    0.00    1.000    0.000    271.2  0.868E-13  0.167E-27
     324.4   7/2 -    0.0   3/2    0.0000    0.00    0.0000    0.00    1.000    0.000    324.4  0.138E-08  0.000E+00
     324.4   7/2 -  122.9   3/2    0.0000    0.00    0.0000    0.00    1.000    0.000    201.5  0.750E-08  0.000E+00
     324.4   7/2 -  157.4   3/2    0.0000    0.00    0.0000    0.00    1.000    0.000    167.0  0.106E-07  0.000E+00


     324.4   7/2 -   82.7   5/2    3.5722  491.09    0.3838  214.35    0.274    0.614    241.7  0.360E-01  0.954E-01
     324.4   7/2 -  120.7   5/2    0.0000    0.00    0.2404  134.28    0.000   -0.000    203.7  0.378E-08  0.358E-01
     324.4   7/2 -  294.8   7/2    0.0000    0.00    0.0015    0.84    0.000    0.000     29.6  0.897E-16  0.688E-06
     324.4   7/2 -  324.4   7/2    0.7338            2.8827
     324.4   7/2 -   23.5   9/2    0.0000    0.00    0.0000    0.00    1.000    0.000    300.9  0.166E-10  0.567E-24


     424.2   7/2 -    0.0   3/2    1.3017  178.95    0.0000    0.00    1.000    0.000    424.2  0.218E+00  0.000E+00
     424.2   7/2 -  122.9   3/2    0.1285   17.66    0.0000    0.00    1.000    0.000    301.3  0.389E-02  0.000E+00
     424.2   7/2 -  157.4   3/2    0.0000    0.00    0.0000    0.00    1.000    0.000    266.8  0.977E-10  0.000E+00
     424.2   7/2 -   82.7   5/2    0.0000    0.00    0.0194   10.82    0.000    0.000    341.5  0.412E-09  0.136E-01
     424.2   7/2 -  120.7   5/2    1.2997  178.68    0.1032   57.64    0.446   -0.897    303.5  0.408E-01  0.508E-01


     424.2   7/2 -  331.3   5/2    0.0000    0.00    0.0000    0.00    1.000 -260.094     92.9  0.166E-14  0.246E-19
     424.2   7/2 -  294.8   7/2    0.0000    0.00    0.0000    0.01    0.007    0.083    129.4  0.290E-08  0.425E-06
     424.2   7/2 -  324.4   7/2    0.0000    0.00    0.2058  114.94    0.000    0.000     99.8  0.509E-11  0.360E-02
     424.2   7/2 -  424.2   7/2   -1.9050            0.9923
     424.2   7/2 -   23.5   9/2    0.0000    0.00    0.0000    0.00    1.000    0.000    400.6  0.147E-10  0.346E-17


      23.5   9/2 -   23.5   9/2   -4.0470            5.7476
     560.5   9/2 -   82.7   5/2    0.0000    0.00    0.0000    0.00    1.000    0.000    477.8  0.679E-08  0.000E+00
     560.5   9/2 -  120.7   5/2    2.5024  344.02    0.0000    0.00    1.000    0.000    439.7  0.502E+00  0.000E+00
     560.5   9/2 -  331.3   5/2    0.0000    0.00    0.0000    0.00    1.000    0.000    229.2  0.150E-12  0.000E+00
     560.5   9/2 -  294.8   7/2    0.0000    0.00    0.0000    0.01    0.004    0.061    265.7  0.147E-07  0.394E-05


     560.5   9/2 -  324.4   7/2    0.0000    0.00    0.0254   14.16    0.000   -0.001    236.0  0.327E-08  0.587E-02
     560.5   9/2 -  424.2   7/2    1.0757  147.88    0.0697   38.94    0.166   -0.446    136.3  0.617E-03  0.311E-02
     560.5   9/2 -   23.5   9/2    0.0000    0.00    0.0000    0.00    1.000    0.000    536.9  0.204E-10  0.816E-17
     560.5   9/2 -  560.5   9/2   -2.2618            1.6495
     560.5   9/2 -   44.1  13/2    0.0000    0.00    0.0000    0.00    1.000    0.000    516.3  0.416E-11  0.000E+00


     604.8   9/2 -   82.7   5/2    0.0000    0.00    0.0000    0.00    1.000    0.000    522.1  0.309E-09  0.000E+00
     604.8   9/2 -  120.7   5/2    0.0000    0.00    0.0000    0.00    1.000    0.000    484.1  0.431E-05  0.000E+00
     604.8   9/2 -  331.3   5/2    0.0000    0.00    0.0000    0.00    1.000    0.000    273.6  0.501E-12  0.000E+00
     604.8   9/2 -  294.8   7/2    3.4059  468.22    0.0107    5.95    0.955    4.614    310.1  0.119E+00  0.559E-02
     604.8   9/2 -  324.4   7/2    0.0000    0.00    0.0025    1.37    0.000    0.000    280.4  0.243E-10  0.954E-03


     604.8   9/2 -  424.2   7/2    0.0000    0.00    0.0000    0.02    0.012   -0.110    180.7  0.440E-07  0.364E-05
     604.8   9/2 -   23.5   9/2    0.0000    0.00    0.0000    0.00    1.000    0.000    581.3  0.317E-10  0.174E-24
     604.8   9/2 -  560.5   9/2    0.0000    0.00    0.0000    0.01    0.001    0.028     44.4  0.172E-10  0.220E-07
     604.8   9/2 -  604.8   9/2    1.8887            2.0781
     604.8   9/2 -   44.1  13/2    0.0000    0.00    0.0000    0.00    1.000    0.000    560.7  0.331E-13  0.000E+00


     970.8  11/2 -  294.8   7/2    0.8135  111.84    0.0000    0.00    1.000    0.000    676.0  0.140E+01  0.000E+00
     970.8  11/2 -  324.4   7/2    0.0000    0.00    0.0000    0.00    1.000    0.000    646.4  0.911E-09  0.000E+00
     970.8  11/2 -  424.2   7/2    0.0000    0.00    0.0000    0.00    1.000    0.000    546.6  0.734E-05  0.000E+00
     970.8  11/2 -   23.5   9/2    0.0000    0.00    0.0000    0.00    1.000    0.000    947.3  0.488E-09  0.124E-21
     970.8  11/2 -  560.5   9/2    0.0000    0.00    0.0001    0.04    0.025   -0.159    410.4  0.205E-05  0.814E-04


     970.8  11/2 -  604.8   9/2    3.2921  452.58    0.0163    9.08    0.949    4.335    366.0  0.264E+00  0.140E-01
     970.8  11/2 -  970.8  11/2    0.2958            2.4199
     970.8  11/2 -   44.1  13/2    0.0000    0.00    0.0000    0.00    1.000    0.000    926.7  0.433E-10  0.230E-23
     983.8  11/2 -  294.8   7/2    0.0000    0.00    0.0000    0.00    1.000    0.000    689.0  0.628E-09  0.000E+00
     983.8  11/2 -  324.4   7/2    1.8387  252.78    0.0000    0.00    1.000    0.000    659.4  0.280E+01  0.000E+00


     983.8  11/2 -  424.2   7/2    0.0000    0.00    0.0000    0.00    1.000    0.000    559.6  0.134E-07  0.000E+00
     983.8  11/2 -   23.5   9/2    0.0000    0.00    0.0000    0.00    1.000    0.000    960.2  0.199E-08  0.102E-21
     983.8  11/2 -  560.5   9/2    0.0000    0.00    0.1915  106.97    0.000   -0.001    423.3  0.237E-06  0.256E+00
     983.8  11/2 -  604.8   9/2    0.0000    0.00    0.0001    0.07    0.000   -0.003    379.0  0.813E-09  0.112E-03
     983.8  11/2 -  970.8  11/2    0.0000    0.00    0.0051    2.83    0.000    0.000     13.0  0.174E-15  0.195E-06


     983.8  11/2 -  983.8  11/2   -1.5668            3.1626
     983.8  11/2 -   44.1  13/2    0.0000    0.00    0.0000    0.00    1.000    0.000    939.7  0.417E-08  0.286E-22
    1075.5  11/2 -  294.8   7/2    0.0000    0.00    0.0000    0.00    1.000    0.000    780.7  0.360E-06  0.000E+00
    1075.5  11/2 -  324.4   7/2    0.0000    0.00    0.0000    0.00    1.000    0.000    751.0  0.130E-06  0.000E+00
    1075.5  11/2 -  424.2   7/2    2.0944  287.93    0.0000    0.00    1.000    0.000    651.3  0.299E+01  0.000E+00


    1075.5  11/2 -   23.5   9/2    0.0000    0.00    0.0000    0.00    0.999  -32.578   1051.9  0.262E-09  0.247E-12
    1075.5  11/2 -  560.5   9/2    0.2904   39.92    0.1726   96.41    0.236   -0.556    515.0  0.128E+00  0.415E+00
    1075.5  11/2 -  604.8   9/2    0.0000    0.00    0.0000    0.03    0.007    0.081    470.6  0.586E-06  0.886E-04
    1075.5  11/2 -  970.8  11/2    0.0000    0.00    0.0000    0.02    0.002    0.045    104.6  0.178E-08  0.876E-06
    1075.5  11/2 -  983.8  11/2    0.0000    0.00    0.2265  126.48    0.000    0.000     91.7  0.108E-09  0.307E-02


    1075.5  11/2 - 1075.5  11/2   -2.5338            1.9222
    1075.5  11/2 -   44.1  13/2    0.0000    0.00    0.0000    0.00    1.000  141.660   1031.3  0.122E-08  0.610E-13
      44.1  13/2 -   23.5   9/2    2.5068  344.63    0.0000    0.00    1.000    0.000     20.6  0.113E-06  0.000E+00
      44.1  13/2 -   44.1  13/2   -4.6220            6.7367
    1218.2  13/2 -   23.5   9/2    0.0000    0.00    0.0000    0.00    1.000    0.000   1194.7  0.449E-09  0.000E+00


    1218.2  13/2 -  560.5   9/2    3.2312  444.21    0.0000    0.00    1.000    0.000    657.8  0.485E+01  0.000E+00
    1218.2  13/2 -  604.8   9/2    0.0000    0.00    0.0000    0.00    1.000    0.000    613.4  0.265E-06  0.000E+00
    1218.2  13/2 -  970.8  11/2    0.0000    0.00    0.0001    0.07    0.001    0.031    247.4  0.306E-07  0.311E-04
    1218.2  13/2 -  983.8  11/2    0.0000    0.00    0.0400   22.32    0.000   -0.001    234.4  0.645E-08  0.906E-02
    1218.2  13/2 - 1075.5  11/2    0.2365   32.51    0.0905   50.52    0.036   -0.192    142.8  0.171E-03  0.463E-02


    1218.2  13/2 -   44.1  13/2    0.0000    0.00    0.0000    0.00    1.000    0.000   1174.1  0.733E-09  0.600E-16
    1218.2  13/2 - 1218.2  13/2   -2.7374            2.4836
    1385.3  13/2 -   23.5   9/2    0.0000    0.00    0.0000    0.00    1.000    0.000   1361.8  0.538E-09  0.000E+00
    1385.3  13/2 -  560.5   9/2    0.0000    0.00    0.0000    0.00    1.000    0.000    824.9  0.245E-05  0.000E+00
    1385.3  13/2 -  604.8   9/2    0.0000    0.00    0.0000    0.00    1.000    0.000    780.5  0.149E-07  0.000E+00


    1385.3  13/2 -  970.8  11/2    0.0000    0.00    0.0004    0.22    0.000    0.004    414.5  0.785E-08  0.495E-03
    1385.3  13/2 -  983.8  11/2    1.5718  216.08    0.7247  404.78    0.195    0.492    401.6  0.200E+00  0.826E+00
    1385.3  13/2 - 1075.5  11/2    0.0000    0.00    0.1618   90.37    0.000    0.001    309.9  0.421E-07  0.848E-01
    1385.3  13/2 -   44.1  13/2    0.0000    0.00    0.0000    0.00    1.000    0.000   1341.2  0.338E-07  0.120E-22
    1385.3  13/2 - 1218.2  13/2    0.0000    0.00    0.2096  117.07    0.000   -0.000    167.1  0.354E-08  0.172E-01


    1385.3  13/2 - 1385.3  13/2   -2.0326            3.4663

 TIME=  0.0 SEC
