 PARITY=+   EPS= 1.100   GAMMA= 49.0   EPS4=0.000   EPS6=0.000   LEVELS:  19  20  21  22
0   Z= 81   A=207   IQ=1   GSFAC= 0.75   GR=  0.39   MIN SPIN=  1/2   MAX SPIN= 13/2   KMAX= 13/2

 MICR QUADR MOMENTS:  Q0=3146.110  Q2=******** FM**2


   B(E2) AND Q(E2) IN E2B2 AND EB,   B(M1) AND M(M1) INNM2 AND NM,   T(E2) AND T(M1) IN 1/PS

       E1     II      EF     IF     B(E2)             B(M1)              GD        D       EREL    T(E2)      T(M1)
                                             WU               MWU

       0.0   1/2 -    0.0   1/2    0.0000           -0.1572
     146.5   3/2 -    0.0   1/2   17.9349 2465.59    0.2280  127.34    0.539    1.082    146.5  0.148E-01  0.126E-01
     146.5   3/2 -  146.5   3/2    5.4183            0.2882
    1444.9   3/2 -    0.0   1/2    6.4992  893.48    0.6031  336.83    0.940    3.949   1444.9  0.499E+03  0.320E+02
    1444.9   3/2 -  146.5   3/2    9.8336 1351.86    0.5612  313.42    0.953   -4.525   1298.4  0.443E+03  0.216E+02


    1444.9   3/2 - 1444.9   3/2   -5.4181            1.3091
    1444.9   3/2 -  249.0   5/2    2.8707  394.65    0.1569   87.62    0.948    4.259   1195.9  0.857E+02  0.472E+01
    1444.9   3/2 -  576.6   7/2    1.0927  150.21    0.0000    0.00    1.000    0.000    868.3  0.658E+01  0.000E+00
     249.0   5/2 -    0.0   1/2   16.6509 2289.07    0.0000    0.00    1.000    0.000    249.0  0.194E+00  0.000E+00
     249.0   5/2 -  146.5   3/2    4.1182  566.15    0.1504   84.01    0.166    0.446    102.5  0.567E-03  0.285E-02


     249.0   5/2 -  249.0   5/2    8.6180            1.0143
     576.6   7/2 -  146.5   3/2   23.3683 3212.54    0.0000    0.00    1.000    0.000    430.0  0.419E+01  0.000E+00
     576.6   7/2 -  249.0   5/2    3.5854  492.89    0.3219  179.80    0.453    0.910    327.6  0.165E+00  0.199E+00
     576.6   7/2 -  576.6   7/2    8.0044            1.4454
     778.6   9/2 -  249.0   5/2   23.9024 3285.97    0.0000    0.00    1.000    0.000    529.7  0.122E+02  0.000E+00


     778.6   9/2 -  576.6   7/2    0.7441  102.30    0.1291   72.08    0.140    0.404    202.1  0.306E-02  0.187E-01
     778.6   9/2 -  778.6   9/2   10.7106            1.8748
     809.4  11/2 -  576.6   7/2    0.0000    0.00    0.0000    0.00    1.000    0.000    232.9  0.237E-13  0.000E+00
     809.4  11/2 -  778.6   9/2    0.0000    0.00    0.0000    0.00    1.000    0.000     30.8  0.589E-19  0.990E-26
     809.4  11/2 -  809.4  11/2  -17.9421            5.8746


    1255.1  11/2 -  576.6   7/2   29.4507 4048.72    0.0000    0.00    1.000    0.000    678.6  0.517E+02  0.000E+00
    1255.1  11/2 -  778.6   9/2    2.2916  315.03    0.3939  219.98    0.478    0.957    476.5  0.687E+00  0.750E+00
    1255.1  11/2 -  809.4  11/2    0.0000    0.00    0.0000    0.00    1.000    0.000    445.7  0.186E-11  0.337E-22
    1255.1  11/2 - 1255.1  11/2    7.8280            2.5761
    1260.4  13/2 -  778.6   9/2    0.0000    0.00    0.0000    0.00    1.000    0.000    481.8  0.109E-12  0.000E+00


    1260.4  13/2 -  809.4  11/2   24.4026 3354.73    0.6105  340.96    0.849   -2.374    451.0  0.555E+01  0.986E+00
    1260.4  13/2 - 1255.1  11/2    0.0000    0.00    0.0000    0.00    1.000    0.000      5.3  0.231E-20  0.352E-29
    1260.4  13/2 - 1260.4  13/2  -10.7270            5.7666

 TIME=  0.0 SEC
