 PARITY=+   EPS= 0.159   GAMMA= 20.0   EPS4=0.000   EPS6=0.000   LEVELS:  19  20  21  22  23  24  25
0   Z= 81   A=207   IQ=1   GSFAC= 0.75   GR=  0.39   MIN SPIN=  1/2   MAX SPIN= 13/2   KMAX= 13/2

 MICR QUADR MOMENTS:  Q0= 403.960  Q2=-109.084 FM**2


   B(E2) AND Q(E2) IN E2B2 AND EB,   B(M1) AND M(M1) INNM2 AND NM,   T(E2) AND T(M1) IN 1/PS

       E1     II      EF     IF     B(E2)             B(M1)              GD        D       EREL    T(E2)      T(M1)
                                             WU               MWU

       0.0   1/2 -    0.0   1/2    0.0000            1.3944
     348.0   1/2 -    0.0   1/2    0.0000    0.00    0.2933  163.80    0.000    0.000    348.0  0.000E+00  0.217E+00
     348.0   1/2 -  348.0   1/2    0.0000            0.6431
     348.0   1/2 -   98.5   3/2    0.0000    0.00    0.0002    0.09    0.000    0.003    249.4  0.457E-09  0.451E-04
     348.0   1/2 -  255.4   3/2    0.0000    0.00    0.0008    0.47    0.000   -0.001     92.5  0.405E-11  0.116E-04


     348.0   1/2 -  280.9   3/2    0.0387    5.32    0.0019    1.07    0.059    0.251     67.1  0.642E-06  0.102E-04
     348.0   1/2 -  241.4   5/2    0.0000    0.00    0.0000    0.00    1.000    0.000    106.5  0.127E-13  0.000E+00
    1133.3   1/2 -    0.0   1/2    0.0000    0.00    0.1452   81.12    0.000    0.000   1133.3  0.000E+00  0.372E+01
    1133.3   1/2 -  348.0   1/2    0.0000    0.00    0.0742   41.44    0.000    0.000    785.3  0.000E+00  0.633E+00
    1133.3   1/2 - 1133.3   1/2    0.0000            0.0424


    1133.3   1/2 -   98.5   3/2    0.0000    0.00    0.0000    0.02    0.024    0.158   1034.8  0.180E-04  0.722E-03
    1133.3   1/2 -  255.4   3/2    0.0000    0.00    0.0021    1.19    0.000    0.001    877.9  0.417E-07  0.253E-01
    1133.3   1/2 -  280.9   3/2    0.0000    0.00    0.0032    1.76    0.004   -0.062    852.4  0.133E-03  0.344E-01
    1133.3   1/2 -  241.4   5/2    0.0000    0.00    0.0000    0.00    1.000    0.000    891.9  0.577E-05  0.000E+00
    1133.3   1/2 -  370.3   5/2    0.0000    0.00    0.0000    0.00    1.000    0.000    763.0  0.116E-05  0.000E+00


    1133.3   1/2 -  394.9   5/2    0.0000    0.00    0.0000    0.00    1.000    0.000    738.4  0.500E-05  0.000E+00
      98.5   3/2 -    0.0   1/2    0.3064   42.13    0.0015    0.85    0.575   -1.163     98.5  0.347E-04  0.257E-04
      98.5   3/2 -   98.5   3/2    0.1538           -0.0439
     255.4   3/2 -    0.0   1/2    0.0444    6.10    0.0024    1.35    0.453    0.911    255.4  0.589E-03  0.710E-03
     255.4   3/2 -   98.5   3/2    0.3391   46.62    0.0000    0.03    0.992   11.038    156.9  0.394E-03  0.323E-05


     255.4   3/2 -  255.4   3/2   -0.1538           -0.2207
     255.4   3/2 -  241.4   5/2    0.0311    4.28    0.3378  188.64    0.000    0.004     14.0  0.205E-09  0.163E-04
     280.9   3/2 -    0.0   1/2    0.0000    0.00    0.0001    0.08    0.000   -0.004    280.9  0.919E-09  0.546E-04
     280.9   3/2 -   98.5   3/2    0.0000    0.00    0.0165    9.21    0.000    0.000    182.4  0.527E-10  0.176E-02
     280.9   3/2 -  255.4   3/2    0.0000    0.00    0.0331   18.50    0.000   -0.000     25.4  0.292E-14  0.960E-05


     280.9   3/2 -  280.9   3/2    0.7463            0.0245
     280.9   3/2 -  241.4   5/2    0.0000    0.00    0.0056    3.11    0.000   -0.000     39.4  0.190E-13  0.601E-05
     241.4   5/2 -    0.0   1/2    0.2910   40.01    0.0000    0.00    1.000    0.000    241.4  0.291E-02  0.000E+00
     241.4   5/2 -   98.5   3/2    0.0452    6.21    0.2915  162.78    0.002    0.047    142.9  0.328E-04  0.150E-01
     241.4   5/2 -  241.4   5/2   -1.2140            2.1465


     370.3   5/2 -    0.0   1/2    0.0359    4.93    0.0000    0.00    1.000    0.000    370.3  0.305E-02  0.000E+00
     370.3   5/2 -  348.0   1/2    0.0000    0.00    0.0000    0.00    1.000    0.000     22.4  0.611E-15  0.000E+00
     370.3   5/2 -   98.5   3/2    0.0992   13.63    0.1310   73.14    0.037   -0.197    271.8  0.180E-02  0.463E-01
     370.3   5/2 -  255.4   3/2    0.4897   67.32    0.0178    9.95    0.201   -0.502    114.9  0.120E-03  0.476E-03
     370.3   5/2 -  280.9   3/2    0.0000    0.00    0.0247   13.78    0.000    0.000     89.5  0.138E-12  0.311E-03


     370.3   5/2 -  241.4   5/2    0.0127    1.74    0.0171    9.55    0.008    0.092    128.9  0.550E-05  0.645E-03
     370.3   5/2 -  370.3   5/2   -0.1698            0.5599
     394.9   5/2 -    0.0   1/2    0.0000    0.00    0.0000    0.00    1.000    0.000    394.9  0.729E-09  0.000E+00
     394.9   5/2 -  348.0   1/2    0.1180   16.22    0.0000    0.00    1.000    0.000     46.9  0.327E-06  0.000E+00
     394.9   5/2 -   98.5   3/2    0.0000    0.00    0.0464   25.92    0.000   -0.000    296.3  0.213E-09  0.213E-01


     394.9   5/2 -  255.4   3/2    0.0000    0.00    0.0001    0.04    0.000   -0.002    139.4  0.142E-10  0.382E-05
     394.9   5/2 -  280.9   3/2    0.5808   79.85    0.0386   21.55    0.119   -0.368    114.0  0.136E-03  0.101E-02
     394.9   5/2 -  241.4   5/2    0.0000    0.00    0.0431   24.09    0.000   -0.000    153.4  0.278E-10  0.274E-02
     394.9   5/2 -  370.3   5/2    0.0000    0.00    0.0063    3.52    0.000    0.000     24.5  0.176E-14  0.164E-05
     394.9   5/2 -  394.9   5/2   -0.1706            0.7843


     394.9   5/2 -  393.8   7/2    0.0000    0.00    0.0140    7.83    0.000    0.000      1.0  0.838E-23  0.284E-09
     393.8   7/2 -   98.5   3/2    0.3898   53.59    0.0000    0.00    1.000    0.000    295.3  0.107E-01  0.000E+00
     393.8   7/2 -  255.4   3/2    0.0020    0.27    0.0000    0.00    1.000    0.000    138.4  0.121E-05  0.000E+00
     393.8   7/2 -  280.9   3/2    0.0000    0.00    0.0000    0.00    1.000    0.000    112.9  0.205E-12  0.000E+00
     393.8   7/2 -  241.4   5/2    0.1231   16.93    0.0063    3.51    0.240   -0.562    152.4  0.123E-03  0.391E-03


     393.8   7/2 -  370.3   5/2    0.1880   25.85    0.0418   23.36    0.002   -0.041     23.5  0.163E-07  0.952E-05
     393.8   7/2 -  393.8   7/2   -0.6026            0.7978
     704.3   7/2 -   98.5   3/2    0.0000    0.00    0.0000    0.00    1.000    0.000    605.7  0.725E-08  0.000E+00
     704.3   7/2 -  255.4   3/2    0.0000    0.00    0.0000    0.00    1.000    0.000    448.8  0.373E-09  0.000E+00
     704.3   7/2 -  280.9   3/2    0.2374   32.63    0.0000    0.00    1.000    0.000    423.4  0.394E-01  0.000E+00


     704.3   7/2 -  241.4   5/2    0.0000    0.00    0.0008    0.42    0.000    0.002    462.8  0.746E-08  0.133E-02
     704.3   7/2 -  370.3   5/2    0.0000    0.00    0.0250   13.95    0.000   -0.000    333.9  0.251E-10  0.164E-01
     704.3   7/2 -  394.9   5/2    0.2004   27.55    0.0841   46.96    0.137   -0.398    309.4  0.693E-02  0.438E-01
     704.3   7/2 -  393.8   7/2    0.0000    0.00    0.0149    8.30    0.000    0.000    310.5  0.103E-08  0.783E-02
     704.3   7/2 -  704.3   7/2   -0.6787            1.0138


     835.7   7/2 -   98.5   3/2    0.0128    1.76    0.0000    0.00    1.000    0.000    737.2  0.339E-01  0.000E+00
     835.7   7/2 -  255.4   3/2    0.2499   34.36    0.0000    0.00    1.000    0.000    580.3  0.201E+00  0.000E+00
     835.7   7/2 -  280.9   3/2    0.0000    0.00    0.0000    0.00    1.000    0.000    554.9  0.288E-09  0.000E+00
     835.7   7/2 -  241.4   5/2    0.0020    0.28    0.0113    6.29    0.042   -0.210    594.3  0.183E-02  0.416E-01
     835.7   7/2 -  370.3   5/2    0.0955   13.13    0.1079   60.29    0.117   -0.365    465.4  0.254E-01  0.191E+00


     835.7   7/2 -  394.9   5/2    0.0000    0.00    0.0241   13.48    0.000   -0.000    440.9  0.475E-08  0.364E-01
     835.7   7/2 -  393.8   7/2    0.0105    1.44    0.0346   19.32    0.039    0.202    441.9  0.215E-02  0.525E-01
     835.7   7/2 -  704.3   7/2    0.0000    0.00    0.0001    0.03    0.000   -0.002    131.5  0.715E-11  0.221E-05
     835.7   7/2 -  835.7   7/2   -1.3575            0.7955
     835.7   7/2 -  750.4   9/2    0.1124   15.45    0.2228  124.44    0.003    0.050     85.3  0.618E-05  0.243E-02


     835.7   7/2 -  808.4   9/2    0.0000    0.00    0.0056    3.14    0.000   -0.000     27.3  0.502E-14  0.202E-05
     750.4   9/2 -  241.4   5/2    0.4103   56.41    0.0000    0.00    1.000    0.000    509.0  0.171E+00  0.000E+00
     750.4   9/2 -  370.3   5/2    0.0870   11.96    0.0000    0.00    1.000    0.000    380.1  0.842E-02  0.000E+00
     750.4   9/2 -  394.9   5/2    0.0000    0.00    0.0000    0.00    1.000    0.000    355.6  0.303E-09  0.000E+00
     750.4   9/2 -  393.8   7/2    0.0018    0.24    0.4543  253.76    0.000   -0.019    356.6  0.125E-03  0.363E+00


     750.4   9/2 -  704.3   7/2    0.0000    0.00    0.0176    9.82    0.000    0.000     46.2  0.421E-13  0.305E-04
     750.4   9/2 -  750.4   9/2   -1.0939            2.8892
     808.4   9/2 -  241.4   5/2    0.0000    0.00    0.0000    0.00    1.000    0.000    567.0  0.355E-08  0.000E+00
     808.4   9/2 -  370.3   5/2    0.0000    0.00    0.0000    0.00    1.000    0.000    438.1  0.841E-09  0.000E+00
     808.4   9/2 -  394.9   5/2    0.4878   67.06    0.0000    0.00    1.000    0.000    413.5  0.720E-01  0.000E+00


     808.4   9/2 -  393.8   7/2    0.0000    0.00    0.0767   42.86    0.000   -0.000    414.6  0.324E-09  0.962E-01
     808.4   9/2 -  704.3   7/2    0.1817   24.98    0.0653   36.46    0.020   -0.145    104.1  0.272E-04  0.130E-02
     808.4   9/2 -  750.4   9/2    0.0000    0.00    0.0535   29.87    0.000   -0.000     58.0  0.349E-12  0.183E-03
     808.4   9/2 -  808.4   9/2   -0.7279            1.7746
     928.6   9/2 -  241.4   5/2    0.0264    3.63    0.0000    0.00    1.000    0.000    687.1  0.493E-01  0.000E+00


     928.6   9/2 -  370.3   5/2    0.2996   41.18    0.0000    0.00    1.000    0.000    558.2  0.198E+00  0.000E+00
     928.6   9/2 -  394.9   5/2    0.0000    0.00    0.0000    0.00    1.000    0.000    533.7  0.144E-08  0.000E+00
     928.6   9/2 -  393.8   7/2    0.0448    6.16    0.0353   19.69    0.201   -0.502    534.8  0.239E-01  0.949E-01
     928.6   9/2 -  704.3   7/2    0.0000    0.00    0.0318   17.77    0.000   -0.000    224.3  0.294E-10  0.632E-02
     928.6   9/2 -  835.7   7/2    0.1348   18.54    0.0988   55.16    0.008   -0.090     92.8  0.113E-04  0.139E-02


     928.6   9/2 -  750.4   9/2    0.0450    6.18    0.0220   12.26    0.043   -0.212    178.1  0.983E-04  0.218E-02
     928.6   9/2 -  808.4   9/2    0.0000    0.00    0.0080    4.48    0.000    0.000    120.2  0.333E-11  0.245E-03
     928.6   9/2 -  928.6   9/2   -1.2091            1.6225
     928.6   9/2 -  901.1  11/2    0.1872   25.73    0.0538   30.06    0.002   -0.043     27.4  0.354E-07  0.195E-04
     901.1  11/2 -  393.8   7/2    0.5477   75.29    0.0000    0.00    1.000    0.000    507.3  0.225E+00  0.000E+00


     901.1  11/2 -  704.3   7/2    0.0000    0.00    0.0000    0.00    1.000    0.000    196.9  0.179E-10  0.000E+00
     901.1  11/2 -  835.7   7/2    0.0014    0.19    0.0000    0.00    1.000    0.000     65.4  0.206E-07  0.000E+00
     901.1  11/2 -  750.4   9/2    0.0170    2.34    0.0001    0.07    0.696   -1.514    150.7  0.161E-04  0.703E-05
     901.1  11/2 -  808.4   9/2    0.0000    0.00    0.0075    4.21    0.000    0.000     92.7  0.114E-15  0.106E-03
     901.1  11/2 -  901.1  11/2   -0.7967            1.5413


    1317.5  11/2 -  393.8   7/2    0.0000    0.00    0.0000    0.00    1.000    0.000    923.7  0.897E-07  0.000E+00
    1317.5  11/2 -  704.3   7/2    0.4537   62.37    0.0000    0.00    1.000    0.000    613.2  0.480E+00  0.000E+00
    1317.5  11/2 -  835.7   7/2    0.0000    0.00    0.0000    0.00    1.000    0.000    481.8  0.175E-09  0.000E+00
    1317.5  11/2 -  750.4   9/2    0.0000    0.00    0.0001    0.05    0.000   -0.006    567.1  0.111E-07  0.299E-03
    1317.5  11/2 -  808.4   9/2    0.0440    6.04    0.1041   58.15    0.071   -0.275    509.1  0.183E-01  0.242E+00


    1317.5  11/2 -  928.6   9/2    0.0000    0.00    0.0176    9.83    0.000    0.000    388.9  0.576E-09  0.182E-01
    1317.5  11/2 -  901.1  11/2    0.0000    0.00    0.0381   21.31    0.000    0.000    416.4  0.868E-08  0.485E-01
    1317.5  11/2 - 1317.5  11/2   -0.7892            1.8420
    1317.5  11/2 - 1113.9  13/2    0.0000    0.00    0.0000    0.00    1.000    0.000    203.6  0.143E-12  0.402E-25
    1569.0  11/2 -  393.8   7/2    0.0000    0.00    0.0000    0.00    1.000    0.000   1175.2  0.192E-09  0.000E+00


    1569.0  11/2 -  704.3   7/2    0.0468    6.44    0.0000    0.00    1.000    0.000    864.8  0.276E+00  0.000E+00
    1569.0  11/2 -  835.7   7/2    0.0000    0.00    0.0000    0.00    1.000    0.000    733.3  0.145E-08  0.000E+00
    1569.0  11/2 -  750.4   9/2    0.0000    0.00    0.0014    0.80    0.000   -0.002    818.6  0.730E-07  0.139E-01
    1569.0  11/2 -  808.4   9/2    0.0045    0.62    0.0000    0.01    0.988    9.089    760.6  0.139E-01  0.169E-03
    1569.0  11/2 -  928.6   9/2    0.0000    0.00    0.0151    8.44    0.000   -0.000    640.5  0.171E-07  0.699E-01


    1569.0  11/2 -  901.1  11/2    0.0000    0.00    0.0295   16.49    0.000    0.000    667.9  0.606E-08  0.155E+00
    1569.0  11/2 - 1317.5  11/2    0.0011    0.15    0.0000    0.01    0.827    2.185    251.5  0.137E-04  0.288E-05
    1569.0  11/2 - 1569.0  11/2   -1.7005            2.1449
    1569.0  11/2 - 1113.9  13/2    0.0000    0.00    0.0000    0.00    1.000    0.000    455.1  0.172E-12  0.131E-21
    1569.0  11/2 - 1409.8  13/2    0.1503   20.66    0.0046    2.56    0.366    0.760    159.3  0.188E-03  0.326E-03


    1569.0  11/2 - 1429.4  13/2    0.0000    0.00    0.0667   37.27    0.000   -0.000    139.6  0.809E-11  0.320E-02
    1113.9  13/2 -  750.4   9/2    0.0000    0.00    0.0000    0.00    1.000    0.000    363.5  0.120E-10  0.000E+00
    1113.9  13/2 -  808.4   9/2    0.0000    0.00    0.0000    0.00    1.000    0.000    305.5  0.116E-13  0.000E+00
    1113.9  13/2 -  928.6   9/2    0.0000    0.00    0.0000    0.00    1.000    0.000    185.3  0.468E-12  0.000E+00
    1113.9  13/2 -  901.1  11/2    0.0000    0.00    0.0000    0.00    1.000    0.000    212.8  0.174E-12  0.834E-24


    1113.9  13/2 - 1113.9  13/2   -2.4280            7.0387
    1409.8  13/2 -  750.4   9/2    0.0000    0.00    0.0000    0.00    1.000    0.000    659.3  0.145E-07  0.000E+00
    1409.8  13/2 -  808.4   9/2    0.6382   87.74    0.0000    0.00    1.000    0.000    601.4  0.612E+00  0.000E+00
    1409.8  13/2 -  928.6   9/2    0.0000    0.00    0.0000    0.00    1.000    0.000    481.2  0.825E-09  0.000E+00
    1409.8  13/2 -  901.1  11/2    0.0000    0.00    0.0948   52.93    0.000   -0.000    508.6  0.478E-09  0.219E+00


    1409.8  13/2 - 1317.5  11/2    0.0403    5.54    0.0950   53.07    0.002   -0.050     92.3  0.329E-05  0.131E-02
    1409.8  13/2 - 1113.9  13/2    0.0000    0.00    0.0000    0.00    1.000    0.000    295.9  0.132E-12  0.162E-24
    1409.8  13/2 - 1409.8  13/2   -0.8387            2.6370
    1429.4  13/2 -  750.4   9/2    0.5516   75.83    0.0000    0.00    1.000    0.000    679.0  0.971E+00  0.000E+00
    1429.4  13/2 -  808.4   9/2    0.0000    0.00    0.0000    0.00    1.000    0.000    621.0  0.107E-07  0.000E+00


    1429.4  13/2 -  928.6   9/2    0.0459    6.32    0.0000    0.00    1.000    0.000    500.9  0.177E-01  0.000E+00
    1429.4  13/2 -  901.1  11/2    0.0085    1.17    0.5495  306.90    0.003   -0.055    528.3  0.427E-02  0.143E+01
    1429.4  13/2 - 1317.5  11/2    0.0000    0.00    0.1010   56.42    0.000    0.000    111.9  0.132E-11  0.249E-02
    1429.4  13/2 - 1113.9  13/2    0.0000    0.00    0.0000    0.00    1.000    0.000    315.5  0.182E-11  0.839E-23
    1429.4  13/2 - 1409.8  13/2    0.0000    0.00    0.0596   33.28    0.000   -0.000     19.7  0.232E-14  0.797E-05


    1429.4  13/2 - 1429.4  13/2   -0.8892            3.5317

 TIME=  0.0 SEC
