 PARITY=+   EPS= 0.175   GAMMA=  6.0   EPS4=0.000   EPS6=0.000   LEVELS:  19  20  21  22  23  24  25
0   Z= 81   A=207   IQ=1   GSFAC= 0.75   GR=  0.39   MIN SPIN=  1/2   MAX SPIN= 13/2   KMAX= 13/2

 MICR QUADR MOMENTS:  Q0= 500.875  Q2= -38.134 FM**2


   B(E2) AND Q(E2) IN E2B2 AND EB,   B(M1) AND M(M1) INNM2 AND NM,   T(E2) AND T(M1) IN 1/PS

       E1     II      EF     IF     B(E2)             B(M1)              GD        D       EREL    T(E2)      T(M1)
                                             WU               MWU

      44.4   1/2 -   44.4   1/2    0.0000            1.4252
      44.4   1/2 -    0.0   5/2    0.0000    0.00    0.0000    0.00    1.000    0.000     44.4  0.622E-14  0.000E+00
     532.0   1/2 -   44.4   1/2    0.0000    0.00    0.0000    0.00    0.000    0.000    487.6  0.000E+00  0.311E-17
     532.0   1/2 -  532.0   1/2    0.0000            2.1463
     532.0   1/2 -  148.2   3/2    0.0000    0.00    0.0000    0.00    1.000    0.000    383.8  0.229E-10  0.214E-24


     532.0   1/2 -  183.4   3/2    0.0000    0.00    0.0000    0.00    1.000    0.000    348.7  0.204E-09  0.317E-23
     532.0   1/2 -    0.0   5/2    0.0007    0.09    0.0000    0.00    1.000    0.000    532.0  0.349E-03  0.000E+00
     532.0   1/2 -  283.7   5/2    1.6840  231.50    0.0000    0.00    1.000    0.000    248.4  0.194E-01  0.000E+00
     532.0   1/2 -  300.3   5/2    0.0000    0.00    0.0000    0.00    1.000    0.000    231.8  0.397E-10  0.000E+00
     148.2   3/2 -   44.4   1/2    0.0000    0.00    0.0005    0.27    0.000    0.001    103.8  0.766E-11  0.940E-05


     148.2   3/2 -  148.2   3/2    1.0059            0.0688
     148.2   3/2 -    0.0   5/2    0.0000    0.00    0.0000    0.00    1.000    0.000    148.2  0.205E-16  0.575E-25
     183.4   3/2 -   44.4   1/2    0.4924   67.70    0.0011    0.64    0.852    2.403    138.9  0.311E-03  0.539E-04
     183.4   3/2 -  148.2   3/2    0.0000    0.00    0.0004    0.22    0.000   -0.000     35.2  0.344E-13  0.307E-06
     183.4   3/2 -  183.4   3/2   -0.9898           -0.0986


     183.4   3/2 -    0.0   5/2    0.0000    0.00    0.0000    0.00    1.000    0.000    183.4  0.422E-11  0.753E-25
    1005.1   3/2 -   44.4   1/2    0.0000    0.00    0.0000    0.00    1.000    0.000    960.7  0.151E-08  0.769E-17
    1005.1   3/2 -  532.0   1/2    0.0001    0.02    1.0840  605.40    0.000   -0.005    473.1  0.433E-04  0.202E+01
    1005.1   3/2 -  148.2   3/2    0.0000    0.00    0.0000    0.00    1.000    0.000    856.9  0.237E-08  0.347E-24
    1005.1   3/2 -  183.4   3/2    0.0000    0.00    0.0000    0.00    1.000    0.000    821.7  0.144E-08  0.183E-22


    1005.1   3/2 - 1005.1   3/2    1.0578            1.3866
    1005.1   3/2 -    0.0   5/2    0.0000    0.00    3.5620 1989.38    0.000   -0.000   1005.1  0.271E-05  0.637E+02
    1005.1   3/2 -  283.7   5/2    0.0001    0.01    0.2541  141.92    0.000   -0.010    721.5  0.156E-03  0.168E+01
    1005.1   3/2 -  300.3   5/2    0.0000    0.00    0.0000    0.00    1.000    0.000    704.8  0.189E-09  0.866E-18
    1005.1   3/2 -  244.9   7/2    0.0000    0.00    0.0000    0.00    1.000    0.000    760.3  0.481E-06  0.000E+00


    1005.1   3/2 -  567.4   7/2    0.0000    0.00    0.0000    0.00    1.000    0.000    437.7  0.117E-09  0.000E+00
    1005.1   3/2 -  621.8   7/2    0.0000    0.00    0.0000    0.00    1.000    0.000    383.4  0.958E-12  0.000E+00
       0.0   5/2 -    0.0   5/2    1.8865            2.5963
     283.7   5/2 -   44.4   1/2    0.0000    0.00    0.0000    0.00    1.000    0.000    239.2  0.154E-10  0.000E+00
     283.7   5/2 -  148.2   3/2    0.0000    0.00    0.0000    0.00    1.000    0.000    135.5  0.392E-13  0.678E-27


     283.7   5/2 -  183.4   3/2    0.0000    0.00    0.0000    0.00    1.000    0.000    100.3  0.573E-13  0.469E-24
     283.7   5/2 -    0.0   5/2    0.0001    0.02    0.0002    0.12    0.036   -0.192    283.7  0.322E-05  0.871E-04
     283.7   5/2 -  283.7   5/2   -1.5451            3.6198
     283.7   5/2 -  244.9   7/2    0.0003    0.05    0.0005    0.30    0.001   -0.026     38.8  0.366E-09  0.555E-06
     300.3   5/2 -   44.4   1/2    0.4902   67.39    0.0000    0.00    1.000    0.000    255.8  0.656E-02  0.000E+00


     300.3   5/2 -  148.2   3/2    0.0000    0.00    0.0002    0.12    0.000    0.001    152.1  0.148E-10  0.130E-04
     300.3   5/2 -  183.4   3/2    0.1391   19.13    0.5956  332.63    0.002    0.047    116.9  0.370E-04  0.167E-01
     300.3   5/2 -    0.0   5/2    0.0000    0.00    0.0000    0.00    1.000    0.000    300.3  0.187E-10  0.996E-22
     300.3   5/2 -  283.7   5/2    0.0000    0.00    0.0000    0.00    1.000  375.478     16.6  0.285E-16  0.201E-21
     300.3   5/2 -  300.3   5/2   -1.4233            2.1873


     300.3   5/2 -  244.9   7/2    0.0000    0.00    0.0000    0.00    1.000    0.000     55.4  0.950E-14  0.718E-24
     300.3   5/2 -  291.5   9/2    0.0000    0.00    0.0000    0.00    1.000    0.000      8.8  0.248E-17  0.000E+00
     244.9   7/2 -  148.2   3/2    0.0000    0.00    0.0000    0.00    1.000    0.000     96.7  0.221E-17  0.000E+00
     244.9   7/2 -  183.4   3/2    0.0000    0.00    0.0000    0.00    1.000    0.000     61.5  0.675E-14  0.000E+00
     244.9   7/2 -    0.0   5/2    0.9908  136.22    0.2622  146.45    0.136    0.396    244.9  0.106E-01  0.677E-01


     244.9   7/2 -  244.9   7/2    0.3529            2.6286
     567.4   7/2 -  148.2   3/2    0.3607   49.58    0.0000    0.00    1.000    0.000    419.2  0.570E-01  0.000E+00
     567.4   7/2 -  183.4   3/2    0.0000    0.00    0.0000    0.00    1.000    0.000    384.0  0.949E-09  0.000E+00
     567.4   7/2 -    0.0   5/2    0.0000    0.00    0.0000    0.00    1.000    0.000    567.4  0.876E-14  0.363E-26
     567.4   7/2 -  283.7   5/2    0.0000    0.00    0.0000    0.00    1.000    0.000    283.7  0.914E-12  0.316E-25


     567.4   7/2 -  300.3   5/2    0.0000    0.00    0.0002    0.14    0.000    0.003    267.1  0.618E-09  0.832E-04
     567.4   7/2 -  244.9   7/2    0.0000    0.00    0.0000    0.00    1.000    0.000    322.6  0.145E-14  0.381E-24
     567.4   7/2 -  567.4   7/2   -1.0141            1.0847
     567.4   7/2 -  291.5   9/2    0.0000    0.00    0.0000    0.00    1.000    0.000    275.9  0.228E-11  0.116E-26
     567.4   7/2 -  559.5   9/2    0.0000    0.00    0.0000    0.00    1.000    0.000      7.9  0.173E-22  0.748E-30


     621.8   7/2 -  148.2   3/2    0.0000    0.00    0.0000    0.00    1.000    0.000    473.6  0.540E-09  0.000E+00
     621.8   7/2 -  183.4   3/2    0.6330   87.02    0.0000    0.00    1.000    0.000    438.4  0.125E+00  0.000E+00
     621.8   7/2 -    0.0   5/2    0.0000    0.00    0.0000    0.00    1.000    0.000    621.8  0.159E-09  0.287E-23
     621.8   7/2 -  283.7   5/2    0.0000    0.00    0.0000    0.00    1.000    0.000    338.1  0.127E-10  0.136E-23
     621.8   7/2 -  300.3   5/2    0.0719    9.89    0.0014    0.78    0.786    1.917    321.5  0.301E-02  0.820E-03


     621.8   7/2 -  244.9   7/2    0.0000    0.00    0.0000    0.00    1.000    0.000    376.9  0.767E-10  0.624E-23
     621.8   7/2 -  567.4   7/2    0.0000    0.00    0.0004    0.23    0.000   -0.000     54.3  0.286E-12  0.116E-05
     621.8   7/2 -  621.8   7/2   -1.6420            0.4688
     621.8   7/2 -  291.5   9/2    0.0000    0.00    0.0000    0.00    1.000    0.000    330.3  0.846E-11  0.992E-23
     621.8   7/2 -  559.5   9/2    0.0000    0.00    0.0000    0.00    1.000    0.000     62.3  0.150E-13  0.795E-28


     291.5   9/2 -    0.0   5/2    0.0000    0.00    0.0000    0.00    1.000    0.000    291.5  0.820E-07  0.000E+00
     291.5   9/2 -  283.7   5/2    0.7977  109.66    0.0000    0.00    1.000    0.000      7.8  0.280E-09  0.000E+00
     291.5   9/2 -  244.9   7/2    0.0001    0.01    0.0001    0.07    0.001   -0.026     46.6  0.150E-09  0.215E-06
     291.5   9/2 -  291.5   9/2   -1.9844            4.6790
     559.5   9/2 -    0.0   5/2    0.2778   38.19    0.0000    0.00    1.000    0.000    559.5  0.186E+00  0.000E+00


     559.5   9/2 -  283.7   5/2    0.0001    0.02    0.0000    0.00    1.000    0.000    275.8  0.217E-05  0.000E+00
     559.5   9/2 -  300.3   5/2    0.0000    0.00    0.0000    0.00    1.000    0.000    259.2  0.713E-11  0.000E+00
     559.5   9/2 -  244.9   7/2    0.8404  115.53    0.3807  212.61    0.132    0.389    314.7  0.316E-01  0.209E+00
     559.5   9/2 -  291.5   9/2    0.0002    0.03    0.0008    0.43    0.014   -0.118    268.0  0.358E-05  0.259E-03
     559.5   9/2 -  559.5   9/2   -0.4781            2.7916


     836.2   9/2 -    0.0   5/2    0.0000    0.00    0.0000    0.00    1.000    0.000    836.2  0.744E-10  0.000E+00
     836.2   9/2 -  283.7   5/2    0.0000    0.00    0.0000    0.00    1.000    0.000    552.5  0.145E-08  0.000E+00
     836.2   9/2 -  300.3   5/2    0.6999   96.22    0.0000    0.00    1.000    0.000    535.9  0.377E+00  0.000E+00
     836.2   9/2 -  244.9   7/2    0.0000    0.00    0.0000    0.00    1.000    0.000    591.4  0.220E-09  0.969E-24
     836.2   9/2 -  567.4   7/2    0.0000    0.00    0.0005    0.28    0.000    0.001    268.8  0.386E-09  0.174E-03


     836.2   9/2 -  621.8   7/2    0.0413    5.67    0.6614  369.41    0.002    0.045    214.4  0.228E-03  0.115E+00
     836.2   9/2 -  291.5   9/2    0.0000    0.00    0.0000    0.00    1.000    0.000    544.7  0.114E-08  0.377E-22
     836.2   9/2 -  559.5   9/2    0.0000    0.00    0.0000    0.00    1.000    0.000    276.7  0.183E-10  0.234E-23
     836.2   9/2 -  836.2   9/2   -1.8126            2.9647
     836.2   9/2 -  563.9  13/2    0.0000    0.00    0.0000    0.00    1.000    0.000    272.3  0.644E-10  0.000E+00


     943.9  11/2 -  244.9   7/2    0.4717   64.84    0.0000    0.00    1.000    0.000    699.1  0.961E+00  0.000E+00
     943.9  11/2 -  567.4   7/2    0.0000    0.00    0.0000    0.00    1.000    0.000    376.5  0.427E-14  0.000E+00
     943.9  11/2 -  621.8   7/2    0.0000    0.00    0.0000    0.00    1.000    0.000    322.1  0.180E-10  0.000E+00
     943.9  11/2 -  291.5   9/2    0.0002    0.03    0.0008    0.43    0.082   -0.299    652.4  0.334E-03  0.375E-02
     943.9  11/2 -  559.5   9/2    0.6461   88.82    0.4449  248.50    0.129    0.386    384.4  0.662E-01  0.445E+00


     943.9  11/2 -  836.2   9/2    0.0000    0.00    0.0000    0.00    1.000    0.000    107.7  0.180E-12  0.418E-25
     943.9  11/2 -  943.9  11/2   -0.9830            3.0249
     943.9  11/2 -  563.9  13/2    0.0001    0.01    0.0004    0.20    0.027   -0.165    380.1  0.959E-05  0.352E-03
    1267.0  11/2 -  244.9   7/2    0.0000    0.00    0.0000    0.00    1.000    0.000   1022.1  0.816E-13  0.000E+00
    1267.0  11/2 -  567.4   7/2    0.6425   88.32    0.0000    0.00    1.000    0.000    699.5  0.131E+01  0.000E+00


    1267.0  11/2 -  621.8   7/2    0.0000    0.00    0.0000    0.00    1.000    0.000    645.2  0.126E-07  0.000E+00
    1267.0  11/2 -  291.5   9/2    0.0000    0.00    0.0000    0.00    1.000    0.000    975.5  0.373E-09  0.158E-23
    1267.0  11/2 -  559.5   9/2    0.0000    0.00    0.0000    0.00    1.000    0.000    707.5  0.445E-13  0.172E-23
    1267.0  11/2 -  836.2   9/2    0.0000    0.00    0.0002    0.10    0.000    0.005    430.8  0.641E-08  0.239E-03
    1267.0  11/2 -  943.9  11/2    0.0000    0.00    0.0000    0.00    1.000    0.000    323.0  0.784E-15  0.362E-23


    1267.0  11/2 - 1267.0  11/2   -1.6130            1.9569
    1267.0  11/2 -  563.9  13/2    0.0000    0.00    0.0000    0.00    1.000    0.000    703.1  0.238E-09  0.177E-26
    1333.7  11/2 -  244.9   7/2    0.0000    0.00    0.0000    0.00    1.000    0.000   1088.8  0.607E-09  0.000E+00
    1333.7  11/2 -  567.4   7/2    0.0000    0.00    0.0000    0.00    1.000    0.000    766.3  0.115E-07  0.000E+00
    1333.7  11/2 -  621.8   7/2    0.7481  102.85    0.0000    0.00    1.000    0.000    711.9  0.167E+01  0.000E+00


    1333.7  11/2 -  291.5   9/2    0.0000    0.00    0.0000    0.00    1.000 -388.774   1042.2  0.147E-08  0.972E-14
    1333.7  11/2 -  559.5   9/2    0.0000    0.00    0.0000    0.00    1.000  147.606    774.2  0.110E-08  0.504E-13
    1333.7  11/2 -  836.2   9/2    0.0305    4.19    0.0014    0.77    0.792    1.952    497.5  0.113E-01  0.297E-02
    1333.7  11/2 -  943.9  11/2    0.0000    0.00    0.0000    0.00    1.000   53.644    389.8  0.104E-09  0.362E-13
    1333.7  11/2 - 1267.0  11/2    0.0000    0.00    0.0004    0.25    0.000   -0.001     66.7  0.804E-12  0.233E-05


    1333.7  11/2 - 1333.7  11/2   -1.8837            1.1757
    1333.7  11/2 -  563.9  13/2    0.0000    0.00    0.0000    0.00    1.000  305.296    769.8  0.267E-09  0.287E-14
     563.9  13/2 -  291.5   9/2    0.8746  120.23    0.0000    0.00    1.000    0.000    272.4  0.160E-01  0.000E+00
     563.9  13/2 -  559.5   9/2    0.0000    0.00    0.0000    0.00    1.000    0.000      4.4  0.191E-15  0.000E+00
     563.9  13/2 -  563.9  13/2   -2.1993            5.6339


    1397.9  13/2 -  291.5   9/2    0.0001    0.01    0.0000    0.00    1.000    0.000   1106.4  0.169E-02  0.000E+00
    1397.9  13/2 -  559.5   9/2    0.6001   82.50    0.0000    0.00    1.000    0.000    838.3  0.303E+01  0.000E+00
    1397.9  13/2 -  836.2   9/2    0.0000    0.00    0.0000    0.00    1.000    0.000    561.6  0.266E-09  0.000E+00
    1397.9  13/2 -  943.9  11/2    0.4981   68.48    0.4841  270.35    0.128    0.383    453.9  0.117E+00  0.797E+00
    1397.9  13/2 - 1267.0  11/2    0.0000    0.00    0.0000    0.00    1.000    0.000    130.9  0.940E-17  0.365E-26


    1397.9  13/2 - 1333.7  11/2    0.0000    0.00    0.0000    0.00    1.000  -48.583     64.2  0.127E-13  0.537E-17
    1397.9  13/2 -  563.9  13/2    0.0002    0.03    0.0013    0.73    0.078   -0.290    834.0  0.113E-02  0.134E-01
    1397.9  13/2 - 1397.9  13/2   -1.3143            3.3005
    1652.5  13/2 -  291.5   9/2    0.0000    0.00    0.0000    0.00    1.000    0.000   1361.1  0.144E-06  0.000E+00
    1652.5  13/2 -  559.5   9/2    0.0000    0.00    0.0000    0.00    1.000    0.000   1093.0  0.945E-09  0.000E+00


    1652.5  13/2 -  836.2   9/2    0.7709  105.98    0.0000    0.00    1.000    0.000    816.3  0.341E+01  0.000E+00
    1652.5  13/2 -  943.9  11/2    0.0000    0.00    0.0000    0.00    1.000    0.000    708.6  0.842E-09  0.265E-24
    1652.5  13/2 - 1267.0  11/2    0.0000    0.00    0.0006    0.33    0.000    0.002    385.6  0.265E-08  0.597E-03
    1652.5  13/2 - 1333.7  11/2    0.0193    2.65    0.6862  383.23    0.002    0.044    318.9  0.775E-03  0.392E+00
    1652.5  13/2 -  563.9  13/2    0.0000    0.00    0.0000    0.00    1.000    0.000   1088.7  0.368E-07  0.604E-21


    1652.5  13/2 - 1397.9  13/2    0.0000    0.00    0.0000    0.00    1.000    0.000    254.7  0.129E-10  0.389E-23
    1652.5  13/2 - 1652.5  13/2   -1.9930            3.7444

 TIME=  0.0 SEC
