1SPECTRUM OF (Z= 82 A=207) IN PARTICLE-ROTOR  MODEL WITH MODIFIED OSCILLATOR POTENTIAL


 PARITY=-   EPS= 0.447   GAMMA=  0.0   EPS4=0.000   EPS6=0.000   LEVELS:  19  20  21  22  23

 PAIRING FACTORS: GN0= 19.20  GN1=  7.40  IPAIR= 15 ***  E2PLUS(INPUT)=   0.803  E2PLUR(INPUT)=   0.000

 CORIOLIS ATTENUATION PARAMETERS:  CHSI=1.000  ETA=  1.00

 MOMENT OF INERTIA PARAMETERS:   A1=  0.134 MEV   A2=  0.134 MEV   A3=134.11115 MEV


 DELTA=0.858 MEV  LAMBDA=52.9646 MEV   HW0= 7.6011 MEV   LAMBDA/HW0= 6.9680

 E2ENERGY=0.803 MEV  HBAR**2/B=40753./A**(7/3)=6889.2/A**2 MEV

 IREC=0  =>  RECOIL TERMS j+j-, j+j+, jzjz, ETC TREATED AS ONE-BODY OPERATORS WITH UU+VV PAIRING FACTORS



 S. P. LEVEL   EQP       U     V        (UU + VV)**1.00

     19       8.155    0.053 0.999      1.000 1.000 1.000 1.000 0.999
     20       7.819    0.055 0.998      1.000 1.000 1.000 1.000 0.999
     21       6.278    0.069 0.998      1.000 1.000 1.000 1.000 1.000
     22       5.278    0.082 0.997      1.000 1.000 1.000 1.000 1.000
     23       4.698    0.092 0.996      0.999 0.999 1.000 1.000 1.000

  R CORE   ENERGY   A0R/A00=1.000    R3= 0     2  
   2( 1)    0.805                    1.000 0.000
   2( 2)  536.713                    0.000 1.000

  R CORE   ENERGY   A0R/A00=1.000    R3= 0     2  
   3( 1)  537.517                    0.000 1.000

  R CORE   ENERGY   A0R/A00=1.000    R3= 0     2     4  
   4( 1)    2.682                    1.000 0.000 0.000

  R CORE   ENERGY   A0R/A00=1.000    R3= 0     2     4  
   5( 1)  539.931                    0.000 1.000 0.000

  R CORE   ENERGY   A0R/A00=1.000    R3= 0     2     4     6  
   6( 1)    5.633                    1.000 0.000 0.000 0.000

          AXIAL SYMMETRY => K RESTRICTED TO OMEGA

                     K
     S.P. ORB#: 19 -1.50
     S.P. ORB#: 20  0.50
     S.P. ORB#: 21  4.50
     S.P. ORB#: 22  2.50
     S.P. ORB#: 23 -1.50
 

             ENERGY    K= OMEGA
 
 I=  1/2- (1) 10.386  20: 1.000
 
 I=  1/2- (2)165.632  23: 1.000

             ENERGY    K= OMEGA
 
 I=  3/2- (1)  6.803  20:-0.235
                      23: 0.971
 
 I=  3/2- (2) 10.326  19:-0.367
                      20:-0.908
                      23:-0.204

             ENERGY    K= OMEGA
 
 I=  5/2- (1)  7.220  19: 0.068
                      20:-0.274
                      22: 0.323
                      23:-0.903
 
 I=  5/2- (2)  7.671  19: 0.295
                      20: 0.078
                      22: 0.897
                      23: 0.319

             ENERGY    K= OMEGA
 
 I=  7/2- (1)  7.572  19:-0.160
                      20:-0.409
                      22: 0.399
                      23: 0.805
 
 I=  7/2- (2)  8.219  19:-0.369
                      20: 0.170
                      22: 0.824
                      23:-0.395

             ENERGY    K= OMEGA
 
 I=  9/2- (1)  8.472  19: 0.316
                      20:-0.294
                      22: 0.634
                      23:-0.641
 
 I=  9/2- (2)  8.938  21: 1.000

             ENERGY    K= OMEGA
 
 I= 11/2- (1)  9.096  19:-0.289
                      20:-0.463
                      22: 0.494
                      23: 0.677
 
 I= 11/2- (2) 10.094  19:-0.414
                      20: 0.294
                      22: 0.708
                      23:-0.492

             ENERGY    K= OMEGA
 
 I= 13/2- (1) 10.586  19: 0.429
                      20:-0.286
                      22: 0.689
                      23:-0.509
 
 I= 13/2- (2) 11.733  19:-0.321
                      20:-0.349
                      22:-0.487
                      23:-0.733

             ENERGY     K=-3/2
  21 LEVELS    TIME=  0.0 SEC



 ******************* EXCITATION ENERGIES, DOMINANT CONFIGURATION AND EXPECTATION VALUES (WITH S.P. UU+VV FACTORS) *******************

  NR  Eex(keV)  I   Kdom  NY    <Jz>  <Jx**2> <Jy**2> <Jz**2> <I.j>/|I|  <Rx**2> <Ry**2> <Rz**2> <R.j>/|R|  <HROTx> <HROTy> <HROTz>

   1    0.0   3/2-  -3/2  23   -1.39    7.86    7.86    2.14    1.87       7.18    7.18    0.00   -3.76      0.963   0.963   0.000
   2  417.2   5/2-  -3/2  23   -0.93    8.17    8.17    2.52    1.88       8.24    8.24    0.00   -3.28      1.105   1.105   0.000
   3  769.6   7/2-  -3/2  23   -0.53    8.46    8.46    2.55    2.40       8.10    8.10    0.00   -2.47      1.086   1.086   0.000
   4  868.4   5/2-   5/2  22    1.73    8.79    8.79    5.46    2.62       8.15    8.15    0.00   -3.79      1.093   1.093   0.000
   5 1416.3   7/2-   5/2  22    1.27    8.68    8.68    4.91    2.38       9.57    9.57    0.00   -2.93      1.283   1.283   0.000
  
   6 1669.1   9/2-  -3/2  23    0.28    8.95    8.95    3.69    2.46      10.91   10.91    0.00   -2.00      1.463   1.463   0.000
   7 2134.9   9/2-   9/2  21    4.50    7.66    7.66   20.25    4.07       9.91    9.91    0.00   -3.44      1.330   1.330   0.001
   8 2293.4  11/2-  -3/2  23   -0.10    8.82    8.82    2.80    2.64      12.30   12.30    0.00   -0.94      1.650   1.650   0.000
   9 2345.8   9/2-  -3/2  23    0.16    8.20    8.20    3.64    1.79      13.50   13.50    0.00   -2.15      1.810   1.810   0.000
  10 3291.5  11/2-   5/2  22    0.68    8.50    8.50    4.08    2.11      15.82   15.82    0.00   -1.51      2.122   2.122   0.000
  
  11 3523.8   3/2-   1/2  20    0.15    8.65    8.65    0.60    0.60       9.66    9.66   -0.00   -3.81      1.296   1.296  -0.000
  12 3583.1   1/2-   1/2  20    0.50    8.63    8.63    0.25   -0.51       9.57    9.57    0.00   -4.10      1.283   1.283   0.000
  13 3610.1  11/2-   9/2  21    4.50    7.66    7.66   20.25    3.39      15.41   15.41    0.00   -2.76      2.067   2.067   0.001
  14 3782.9  13/2-   5/2  22    0.56    9.23    9.23    3.99    2.58      17.60   17.60    0.00   -0.75      2.360   2.360   0.000
  15 4341.3   3/2-  -3/2  19   -1.26    9.96    9.96    2.01    0.70      11.49   11.49   -0.00   -4.29      1.541   1.541  -0.000
  
  16 4930.0  13/2-  -3/2  23   -0.31    8.04    8.04    2.96    1.56      22.97   22.97    0.00   -1.20      3.080   3.080   0.000
  17 4938.8   5/2-  -3/2  19   -0.48    9.13    9.13    1.69   -0.15      14.80   14.80   -0.00   -3.75      1.985   1.985  -0.000
  18 5353.5  13/2-   9/2  21    4.50    7.66    7.66   20.25    2.90      21.91   21.91    0.00   -2.32      2.939   2.939   0.001
  19 5356.7   7/2-   1/2  20   -0.00    8.44    8.44    1.01   -0.35      18.20   18.20   -0.00   -3.19      2.441   2.441  -0.000
  20*******   1/2-  -3/2  23    0.00    0.00    0.00    0.00   -0.00       0.00    0.00    0.00   -0.00      0.000   0.000   0.000
  
  21*******   1/2-  -3/2  19    0.00    0.00    0.00    0.00   -0.00       0.00    0.00    0.00   -0.00      0.000   0.000   0.000
