1SPECTRUM OF (Z= 82 A=207) IN PARTICLE-ROTOR  MODEL WITH MODIFIED OSCILLATOR POTENTIAL


 PARITY=-   EPS= 0.311   GAMMA= 17.0   EPS4=0.000   EPS6=0.000   LEVELS:  30  31  32  33  34

 PAIRING FACTORS: GN0= 19.20  GN1=  7.40  IPAIR= 15 ***  E2PLUS(INPUT)=   0.730  E2PLUR(INPUT)=   0.000

 CORIOLIS ATTENUATION PARAMETERS:  CHSI=0.000  ETA=  1.00

 MOMENT OF INERTIA PARAMETERS:   A1=  0.165 MEV   A2=  0.081 MEV   A3=  0.89698 MEV


 DELTA=0.970 MEV  LAMBDA=53.3132 MEV   HW0= 7.4959 MEV   LAMBDA/HW0= 7.1123

 E2ENERGY=0.730 MEV  HBAR**2/B=15038./A**(7/3)=2542.2/A**2 MEV

 IREC=0  =>  RECOIL TERMS j+j-, j+j+, jzjz, ETC TREATED AS ONE-BODY OPERATORS WITH UU+VV PAIRING FACTORS



 S. P. LEVEL   EQP       U     V        (UU + VV)**1.00

     30       1.399    0.374 0.927      1.000 0.990 0.898 0.895 0.694
     31       1.119    0.501 0.865      0.990 1.000 0.951 0.949 0.789
     32       0.976    0.744 0.669      0.898 0.951 1.000 1.000 0.940
     33       0.978    0.749 0.663      0.895 0.949 1.000 1.000 0.943
     34       1.397    0.927 0.375      0.694 0.789 0.940 0.943 1.000

  R CORE   ENERGY   A0R/A00=1.000    R3= 0     2  
   2( 1)    0.730                    0.999-0.047
   2( 2)    3.840                    0.047 0.999

  R CORE   ENERGY   A0R/A00=1.000    R3= 0     2  
   3( 1)    4.570                    0.000 1.000

  R CORE   ENERGY   A0R/A00=1.000    R3= 0     2     4  
   4( 1)    2.356                    0.985-0.174 0.003

  R CORE   ENERGY   A0R/A00=1.000    R3= 0     2     4  
   5( 1)    6.760                    0.000 0.999-0.047

  R CORE   ENERGY   A0R/A00=1.000    R3= 0     2     4     6  
   6( 1)    4.732                    0.944-0.330 0.018-0.000

  R CORE   ENERGY   A0R/A00=1.000    R3= 0     2     4     6  
   7( 1)    9.870                    0.000 0.995-0.105 0.003
 

             ENERGY     K= 1/2
 
 I=  1/2- (1)  4.475  32: 1.000
 
 I=  1/2- (2)  9.683  33: 1.000

             ENERGY     K= 1/2  -3/2
 
 I=  3/2- (1)  4.192  32: 0.257 0.966
 
 I=  3/2- (2)  4.695  32: 0.966-0.257

             ENERGY     K= 5/2   1/2  -3/2
 
 I=  5/2- (1)  4.586  32:-0.008-0.450 0.893
 
 I=  5/2- (2)  5.454  31: 1.000-0.013-0.001

             ENERGY     K= 5/2   1/2  -3/2  -7/2
 
 I=  7/2- (1)  5.654  32: 0.015 0.296 0.955-0.032
 
 I=  7/2- (2)  5.996  30:-0.143-0.883-0.447-0.018

             ENERGY     K= 9/2   5/2   1/2  -3/2  -7/2
 
 I=  9/2- (1)  3.455  31: 0.998-0.064 0.002 0.000-0.001
 
 I=  9/2- (2)  6.061  32:-0.000-0.007 0.557-0.829 0.051

             ENERGY     K= 9/2   5/2   1/2  -3/2  -7/2 -11/2
 
 I= 11/2- (1)  4.762  31: 0.993-0.122 0.006-0.000 0.001 0.000
 
 I= 11/2- (2)  5.310  30: 0.003 0.189 0.852 0.487 0.035-0.000

             ENERGY     K=13/2   9/2   5/2   1/2  -3/2  -7/2 -11/2
 
 I= 13/2- (1)  6.220  31: 0.148-0.972 0.182-0.012-0.000 0.001 0.000
 
 I= 13/2- (2)  8.283  32: 0.000-0.000-0.039 0.600-0.792 0.104-0.003

             ENERGY     K=13/2   9/2   5/2   1/2  -3/2  -7/2 -11/2
  21 LEVELS    TIME=  0.0 SEC



 ******************* EXCITATION ENERGIES, DOMINANT CONFIGURATION AND EXPECTATION VALUES (WITH S.P. UU+VV FACTORS) *******************

  NR  Eex(keV)  I   Kdom  NY    <Jz>  <Jx**2> <Jy**2> <Jz**2> <I.j>/|I|  <Rx**2> <Ry**2> <Rz**2> <R.j>/|R|  <HROTx> <HROTy> <HROTz>

   1    0.0   9/2-   9/2  31    4.12    2.53    1.85   18.22    3.72       4.42    4.51    1.39   -1.27      0.729   0.364   1.244
   2  736.8   3/2-   3/2  32   -0.59    1.47    8.20    1.92    0.61       2.20    8.35    2.43   -2.89      0.362   0.674   2.180
   3 1019.2   1/2-   1/2  32   -0.59    1.47    8.20    1.92   -0.45       2.25    8.12    2.76   -3.31      0.372   0.656   2.471
   4 1130.4   5/2-   3/2  32   -0.59    1.47    8.20    1.92    0.53       2.33   12.40    2.48   -2.42      0.385   1.002   2.223
   5 1239.3   3/2-   1/2  32   -0.59    1.47    8.20    1.92   -0.21       2.19   11.22    2.73   -2.99      0.362   0.906   2.451
  
   6 1306.9  11/2-   9/2  31    4.12    2.53    1.85   18.22    3.08       8.96   11.12    1.41   -0.90      1.477   0.898   1.268
   7 1854.0  11/2-   1/2  30    0.16   41.80   10.52    0.93    5.40       5.11   17.42    1.85   -4.24      0.842   1.407   1.661
   8 1998.3   5/2-   5/2  31    4.12    2.53    1.85   18.22    3.48       3.73    3.14    3.86   -3.75      0.616   0.254   3.466
   9 2198.0   7/2-   3/2  32   -0.59    1.47    8.20    1.92    0.44       8.99   12.38    2.45   -2.01      1.482   1.000   2.196
  10 2370.7   5/2-   1/2  32   -0.59    1.47    8.20    1.92   -0.43       9.58   10.61    2.69   -2.69      1.579   0.857   2.414
  
  11 2540.9   7/2-   1/2  30    0.16   41.80   10.52    0.93    5.22      12.06   13.85    1.66   -6.20      1.988   1.119   1.491
  12 2580.7   7/2-   1/2  32   -0.59    1.47    8.20    1.92   -0.19       5.81   20.32    2.74   -2.30      0.958   1.641   2.461
  13 2605.7   9/2-   3/2  32   -0.59    1.47    8.20    1.92    0.46       5.39   23.80    2.54   -1.65      0.889   1.922   2.274
  14 2764.0  13/2-   9/2  31    4.12    2.53    1.85   18.22    2.64      12.24   20.62    1.58   -0.71      2.017   1.665   1.418
  15 3959.2   9/2-   5/2  31    4.12    2.53    1.85   18.22    2.07      11.62   11.21    3.87   -2.37      1.916   0.905   3.475
  
  16 4232.9   3/2-   3/2  33   -1.05   21.24   28.79    2.21    2.19      18.75   27.16    1.59   -6.96      3.091   2.194   1.426
  17 4583.2  11/2-   3/2  32   -0.59    1.47    8.20    1.92   -0.15      11.91   34.68    2.56   -1.78      1.963   2.800   2.300
  18 4827.0  13/2-   3/2  32   -0.59    1.47    8.20    1.92    0.43       9.25   42.40    2.63   -1.16      1.525   3.424   2.358
  19 5259.8  13/2-  13/2  31    4.12    2.53    1.85   18.22    3.80       7.09    4.36    6.77    0.93      1.169   0.352   6.075
  20 6227.0   1/2-   1/2  33   -1.05   21.24   28.79    2.21   -0.08      18.37   31.25    3.51   -7.18      3.029   2.524   3.152
  
  21 7378.7   1/2-   1/2  34    2.30   23.32   25.25    5.78    0.68      24.25   25.96    3.73   -7.32      3.997   2.096   3.344
