1SPECTRUM OF (Z= 82 A=207) IN PARTICLE-ROTOR  MODEL WITH MODIFIED OSCILLATOR POTENTIAL


 PARITY=-   EPS= 0.500   GAMMA=  9.0   EPS4=0.000   EPS6=0.000   LEVELS:  30  31  32  33  34

 PAIRING FACTORS: GN0= 19.20  GN1=  7.40  IPAIR= 15 ***  E2PLUS(INPUT)=   0.803  E2PLUR(INPUT)=   0.000

 CORIOLIS ATTENUATION PARAMETERS:  CHSI=1.000  ETA=  1.00

 MOMENT OF INERTIA PARAMETERS:   A1=  0.158 MEV   A2=  0.110 MEV   A3=  3.90431 MEV


 DELTA=0.797 MEV  LAMBDA=53.3560 MEV   HW0= 7.6520 MEV   LAMBDA/HW0= 6.9728

 E2ENERGY=0.803 MEV  HBAR**2/B=48436./A**(7/3)=8188.0/A**2 MEV

 IREC=0  =>  RECOIL TERMS j+j-, j+j+, jzjz, ETC TREATED AS ONE-BODY OPERATORS WITH UU+VV PAIRING FACTORS



 S. P. LEVEL   EQP       U     V        (UU + VV)**1.00

     30       1.320    0.318 0.948      1.000 0.995 0.803 0.560 0.519
     31       1.056    0.414 0.910      0.995 1.000 0.860 0.642 0.604
     32       0.850    0.821 0.571      0.803 0.860 1.000 0.944 0.927
     33       1.548    0.964 0.267      0.560 0.642 0.944 1.000 0.999
     34       1.856    0.976 0.220      0.519 0.604 0.927 0.999 1.000

  R CORE   ENERGY   A0R/A00=1.000    R3= 0     2  
   2( 1)    0.803                    1.000-0.006
   2( 2)   15.886                    0.006 1.000

  R CORE   ENERGY   A0R/A00=1.000    R3= 0     2  
   3( 1)   16.689                    0.000 1.000

  R CORE   ENERGY   A0R/A00=1.000    R3= 0     2     4  
   4( 1)    2.671                    1.000-0.022 0.000

  R CORE   ENERGY   A0R/A00=1.000    R3= 0     2     4  
   5( 1)   19.098                    0.000 1.000-0.006

  R CORE   ENERGY   A0R/A00=1.000    R3= 0     2     4     6  
   6( 1)    5.591                    0.999-0.047 0.000-0.000

  R CORE   ENERGY   A0R/A00=1.000    R3= 0     2     4     6  
   7( 1)   22.573                    0.000 1.000-0.013 0.000
 

             ENERGY     K= 1/2
 
 I=  1/2- (1)  8.163  31:-0.825
                      33:-0.275
                      34: 0.494
 
 I=  1/2- (2) 11.044  31: 0.566
                      33:-0.403
                      34: 0.720

             ENERGY     K= 1/2  -3/2
 
 I=  3/2- (1)  9.008  31: 0.954-0.010
                      33: 0.148 0.005
                      34:-0.259 0.036
 
 I=  3/2- (2) 10.789  31: 0.299 0.014
                      33:-0.464 0.011
                      34: 0.834 0.005

             ENERGY     K= 5/2   1/2  -3/2
 
 I=  5/2- (1)  8.772  31: 0.004-0.775-0.015
                      33: 0.001-0.305 0.008
                      34:-0.001 0.552 0.039
 
 I=  5/2- (2) 12.641  31:-0.003 0.629-0.019
                      33: 0.001-0.380-0.011
                      34:-0.002 0.676-0.049

             ENERGY     K= 5/2   1/2  -3/2  -7/2
 
 I=  7/2- (1)  9.165  30:-0.001 0.000 0.009-0.950
                      32:-0.002 0.000-0.004 0.311
 
 I=  7/2- (2)  9.432  31:-0.055 0.010-0.001 0.003
                      33: 0.001-0.000 0.009-0.898
                      34:-0.002 0.001-0.001-0.436

             ENERGY     K= 9/2   5/2   1/2  -3/2  -7/2
 
 I=  9/2- (1) 10.367  30: 0.000 0.002-0.000 0.017-0.950
                      32:-0.000 0.003-0.000-0.007 0.311
 
 I=  9/2- (2) 10.405  31:-0.000-0.024 0.742 0.021-0.000
                      33: 0.000-0.003 0.317-0.019 0.094
                      34:-0.000 0.005-0.578-0.054 0.046

             ENERGY     K= 9/2   5/2   1/2  -3/2  -7/2 -11/2
 
 I= 11/2- (1) 11.831  30:-0.000-0.002 0.000 0.028-0.950 0.009
                      32: 0.000-0.004 0.001-0.011 0.311-0.003
 
 I= 11/2- (2) 12.014  31:-0.005-0.109 0.072-0.003 0.003-0.000
                      33: 0.000 0.002-0.008 0.031-0.890 0.010
                      34:-0.000-0.004 0.015 0.002-0.434 0.005

             ENERGY     K=13/2   9/2   5/2   1/2  -3/2  -7/2 -11/2
 
 I= 13/2- (1) 13.084  31: 0.000-0.000-0.045 0.723 0.024-0.001 0.000
                      33:-0.000 0.000-0.006 0.325-0.034 0.094-0.002
                      34: 0.000-0.000 0.012-0.594-0.060 0.047-0.001
 
 I= 13/2- (2) 13.556  30:-0.000 0.000 0.003-0.001 0.040-0.949 0.018
                      32: 0.000-0.000 0.005-0.001-0.016 0.311-0.006

             ENERGY     K=13/2   9/2   5/2   1/2  -3/2  -7/2 -11/2
  21 LEVELS    TIME=  0.0 SEC



 ******************* EXCITATION ENERGIES, DOMINANT CONFIGURATION AND EXPECTATION VALUES (WITH S.P. UU+VV FACTORS) *******************

  NR  Eex(keV)  I   Kdom  NY    <Jz>  <Jx**2> <Jy**2> <Jz**2> <I.j>/|I|  <Rx**2> <Ry**2> <Rz**2> <R.j>/|R|  <HROTx> <HROTy> <HROTz>

   1    0.0   1/2-   1/2  31    0.62   14.17   15.36    1.16    1.12      13.19   15.52    0.79   -5.47      2.087   1.701   3.086
   2  608.3   5/2-   1/2  31    0.55   15.11   14.40    1.09    0.91      15.11   18.07    0.78   -4.79      2.391   1.981   3.053
   3  844.6   3/2-   1/2  31    0.83   11.37   18.89    1.47    0.07      14.05   20.26    0.88   -5.32      2.223   2.220   3.442
   4 1001.7   7/2-   7/2  30   -3.19    6.74    5.72   11.51    2.81       8.45    7.51    1.47   -3.07      1.337   0.824   5.730
   5 1268.4   7/2-   7/2  33   -3.33   25.30   18.58   11.44    2.99      26.79   20.20    0.35   -6.32      4.237   2.215   1.374
  
   6 2203.5   9/2-   7/2  30   -3.19    6.74    5.72   11.51    2.24      12.82   12.14    1.47   -2.50      2.028   1.331   5.733
   7 2241.8   9/2-   1/2  31    0.47   15.73   13.97    1.17    0.94      20.49   24.96    0.78   -3.85      3.242   2.736   3.045
   8 2335.1   7/2-   1/2  31    0.93   10.25   21.63    1.72    0.69      15.46   27.41    1.02   -4.66      2.445   3.004   3.987
   9 2436.0   9/2-   7/2  33   -3.27   25.14   18.54   11.29    2.41      30.82   24.51    0.37   -5.76      4.876   2.687   1.435
  10 2626.0   3/2-   1/2  34    0.23   21.01   13.51    1.02    0.54      21.24   14.90    1.04   -5.66      3.360   1.634   4.077
  
  11 2880.6   1/2-   1/2  34    0.44   18.20   17.04    1.32   -0.81      19.81   17.78    1.13   -5.99      3.134   1.949   4.411
  12 3668.0  11/2-   7/2  30   -3.19    6.74    5.72   11.51    1.86      17.98   17.98    1.47   -2.10      2.844   1.971   5.741
  13 3850.3  11/2-   7/2  33   -3.27   25.08   18.64   11.30    2.07      35.28   30.38    0.39   -5.25      5.581   3.330   1.504
  14 4477.7   5/2-   1/2  34    0.50   17.30   17.99    1.41   -0.86      25.28   24.10    1.15   -5.52      4.000   2.641   4.504
  15 4558.6  11/2-   1/2  31    0.87   10.96   22.27    1.87    1.06      21.06   36.04    1.11   -3.77      3.332   3.951   4.331
  
  16 4920.7  13/2-   1/2  31    0.44   16.04   13.71    1.17    0.95      29.22   36.37    0.79   -2.98      4.622   3.987   3.074
  17 5392.3  13/2-   7/2  30   -3.19    6.74    5.72   11.51    1.60      23.82   25.14    1.47   -1.81      3.768   2.756   5.757
  18 5534.3  13/2-   7/2  33   -3.22   24.99   18.56   11.18    1.81      41.25   36.58    0.40   -4.76      6.525   4.010   1.565
  19 5726.6   1/2-   1/2  32   -0.20    5.96    4.91    2.49   -0.10       5.87    5.47    2.94   -3.56      0.929   0.599  11.475
  20 6175.6   3/2-   1/2  32   -0.20    5.95    4.91    2.49   -0.03       8.23    6.07    2.94   -3.23      1.302   0.666  11.485
  
  21 6753.6   5/2-   1/2  32   -0.20    5.96    4.91    2.49    0.00       9.28    9.87    2.94   -2.84      1.467   1.082  11.481
