1SPECTRUM OF (Z= 82 A=207) IN PARTICLE-ROTOR  MODEL WITH MODIFIED OSCILLATOR POTENTIAL


 PARITY=-   EPS= 0.369   GAMMA= 21.0   EPS4=0.000   EPS6=0.000   LEVELS:  18  19  20  21  22

 PAIRING FACTORS: GN0= 19.20  GN1=  7.40  IPAIR= 15 ***  E2PLUS(INPUT)=   0.803  E2PLUR(INPUT)=   0.000

 CORIOLIS ATTENUATION PARAMETERS:  CHSI=1.000  ETA=  1.00

 MOMENT OF INERTIA PARAMETERS:   A1=  0.195 MEV   A2=  0.079 MEV   A3=  0.60279 MEV


 DELTA=1.004 MEV  LAMBDA=52.6867 MEV   HW0= 7.5310 MEV   LAMBDA/HW0= 6.9960

 E2ENERGY=0.803 MEV  HBAR**2/B=21375./A**(7/3)=3613.3/A**2 MEV

 IREC=0  =>  RECOIL TERMS j+j-, j+j+, jzjz, ETC TREATED AS ONE-BODY OPERATORS WITH UU+VV PAIRING FACTORS



 S. P. LEVEL   EQP       U     V        (UU + VV)**1.00

     18       8.855    0.057 0.998      1.000 1.000 1.000 1.000 0.999
     19       7.646    0.066 0.998      1.000 1.000 1.000 1.000 1.000
     20       7.230    0.070 0.998      1.000 1.000 1.000 1.000 1.000
     21       6.237    0.081 0.997      1.000 1.000 1.000 1.000 1.000
     22       5.516    0.091 0.996      0.999 1.000 1.000 1.000 1.000

  R CORE   ENERGY   A0R/A00=1.000    R3= 0     2  
   2( 1)    0.803                    0.994-0.106
   2( 2)    2.707                    0.106 0.994

  R CORE   ENERGY   A0R/A00=1.000    R3= 0     2  
   3( 1)    3.510                    0.000 1.000

  R CORE   ENERGY   A0R/A00=1.000    R3= 0     2     4  
   4( 1)    2.464                    0.939-0.343 0.014

  R CORE   ENERGY   A0R/A00=1.000    R3= 0     2     4  
   5( 1)    5.919                    0.000 0.994-0.106

  R CORE   ENERGY   A0R/A00=1.000    R3= 0     2     4     6  
   6( 1)    4.751                    0.854-0.518 0.058-0.002
 

             ENERGY     K= 1/2
 
 I=  1/2- (1)  8.995  18:-0.457
                      19:-0.304
                      21: 0.066
                      22: 0.833
 
 I=  1/2- (2)  9.303  18:-0.098
                      19: 0.305
                      21: 0.947

             ENERGY     K= 1/2  -3/2
 
 I=  3/2- (1)  8.432  18: 0.175-0.010
                      19: 0.395-0.030
                      21: 0.855 0.185
                      22:-0.216 0.033
 
 I=  3/2- (2)  9.465  18:-0.224 0.008
                      19:-0.290-0.550
                      21:-0.047 0.721
                      22:-0.206-0.010

             ENERGY     K= 5/2   1/2  -3/2
 
 I=  5/2- (1)  8.319  18:-0.057 0.387 0.052
                      19:-0.072 0.047-0.396
                      21:-0.070-0.285 0.481
                      22: 0.593-0.107 0.008
 
 I=  5/2- (2)  9.523  18: 0.024 0.337-0.055
                      19: 0.044 0.245 0.132
                      21: 0.045-0.333 0.051
                      22:-0.459-0.690-0.010

             ENERGY     K= 5/2   1/2  -3/2  -7/2
 
 I=  7/2- (1)  8.847  18:-0.001-0.227 0.083 0.014
                      19: 0.068-0.180-0.476-0.081
                      21: 0.094-0.060 0.402 0.039
                      22:-0.700-0.076-0.008 0.004
 
 I=  7/2- (2)  9.138  18:-0.025-0.188 0.041 0.001
                      19: 0.010-0.414 0.034 0.000
                      21: 0.054-0.842-0.201 0.015
                      22: 0.101 0.147-0.075 0.001

             ENERGY     K= 9/2   5/2   1/2  -3/2  -7/2
 
 I=  9/2- (1)  8.512  18:-0.005-0.002-0.509-0.092-0.007
                      19:-0.004 0.036-0.023 0.461 0.039
                      21:-0.003 0.038 0.272-0.447 0.003
                      22: 0.021-0.490 0.036-0.012-0.003
 
 I=  9/2- (2)  9.974  20: 0.994-0.085 0.004-0.000 0.000
                      22:-0.050-0.006-0.006-0.000 0.003

             ENERGY     K= 9/2   5/2   1/2  -3/2  -7/2 -11/2
 
 I= 11/2- (1) 10.014  18: 0.011 0.123 0.302-0.222-0.028 0.001
                      19: 0.008-0.065 0.154 0.478 0.128-0.004
                      21: 0.009-0.142 0.233-0.327-0.061 0.003
                      22:-0.014 0.621-0.013 0.027-0.008 0.000
 
 I= 11/2- (2) 10.887  18:-0.005 0.020 0.132-0.082 0.000-0.000
                      19:-0.002-0.069 0.336-0.222 0.008 0.003
                      21: 0.003-0.179 0.786 0.205-0.066 0.001
                      22: 0.055-0.260-0.173 0.107-0.010 0.000

             ENERGY     K=13/2   9/2   5/2   1/2  -3/2  -7/2 -11/2
 
 I= 13/2- (1)  9.680  18: 0.000-0.003 0.036-0.562-0.069 0.008 0.001
                      19: 0.000-0.008 0.023-0.030 0.468-0.023-0.005
                      21: 0.000-0.008-0.006 0.283-0.430 0.065-0.000
                      22:-0.002 0.079-0.424 0.027-0.019-0.003 0.001
 
 I= 13/2- (2) 11.722  18: 0.000 0.005 0.392 0.168 0.393 0.065-0.000
                      19: 0.001-0.010 0.041-0.341-0.178-0.285-0.001
                      21: 0.001-0.009-0.135 0.266-0.168 0.239-0.009
                      22:-0.009 0.192 0.047 0.462-0.034-0.000 0.001

             ENERGY     K=13/2   9/2   5/2   1/2  -3/2  -7/2 -11/2
  21 LEVELS    TIME=  0.0 SEC



 ******************* EXCITATION ENERGIES, DOMINANT CONFIGURATION AND EXPECTATION VALUES (WITH S.P. UU+VV FACTORS) *******************

  NR  Eex(keV)  I   Kdom  NY    <Jz>  <Jx**2> <Jy**2> <Jz**2> <I.j>/|I|  <Rx**2> <Ry**2> <Rz**2> <R.j>/|R|  <HROTx> <HROTy> <HROTz>

   1    0.0   5/2-   5/2  22    0.18    7.75   10.39    2.59    3.45       3.64    4.38    1.07   -3.49      0.712   0.347   0.648
   2  112.9   3/2-   1/2  21    0.44    6.65    9.42    0.73    1.70       4.57    8.84    0.55   -3.61      0.893   0.701   0.334
   3  192.8   9/2-   1/2  18   -0.03    9.32    9.83    2.21    3.74       3.28    4.97    0.68   -0.93      0.641   0.395   0.409
   4  527.6   7/2-   5/2  22    0.32    9.49    8.16    3.35    2.86       5.49    7.30    1.29   -2.58      1.074   0.579   0.780
   5  675.7   1/2-   1/2  22    1.19    3.74   10.17    2.95    1.75       3.18    9.39    2.01   -4.02      0.622   0.745   1.213
  
   6  818.4   7/2-   1/2  21    0.43    6.74    9.32    0.70    1.73       6.71   11.46    0.61   -2.28      1.311   0.909   0.365
   7  984.2   1/2-   1/2  21    0.35    7.07   10.80    0.64   -0.60       8.78   10.99    0.53   -4.22      1.717   0.872   0.322
   8 1145.4   3/2-   3/2  21   -0.94    8.24   11.46    2.09    1.88       6.28   11.21    0.78   -4.25      1.227   0.890   0.467
   9 1204.3   5/2-   1/2  22    1.07    5.22   10.24    3.28    1.77       6.94    7.75    2.31   -3.27      1.357   0.615   1.392
  10 1360.9  13/2-   1/2  18   -0.09    9.15   10.16    1.94    3.76       5.98   10.89    0.65    1.19      1.169   0.864   0.390
  
  11 1602.7   3/2-   1/2  22    1.28    6.98    8.40    3.76    0.87       7.98    8.68    2.86   -3.95      1.560   0.689   1.727
  12 1603.9   5/2-   5/2  22    0.98   10.04    7.21    3.13    0.95       7.35   14.24    1.89   -3.62      1.438   1.130   1.139
  13 1655.2   9/2-   9/2  20    4.39    7.11    8.03   19.49    3.96       8.86   10.82    0.26   -3.34      1.733   0.859   0.157
  14 1694.6  11/2-   5/2  22    0.20   11.25    7.00    2.94    2.86       7.32   14.19    1.17   -0.85      1.430   1.126   0.706
  15 1933.5   7/2-   1/2  22    0.66    9.73    7.19    3.43    2.25       4.42   10.32    3.49   -2.67      0.864   0.819   2.104
  
  16 2149.3   9/2-   1/2  22    0.48   10.80    7.62    2.98    3.02       5.00    7.51    3.63   -1.59      0.978   0.596   2.187
  17 2567.8  11/2-   1/2  21    0.39    6.76    9.76    1.14    1.84      11.84   18.52    1.07   -1.19      2.315   1.470   0.647
  18 2905.1  11/2-   1/2  19    0.24   10.46    7.80    3.02    3.04       4.92   12.27    3.52   -0.68      0.961   0.974   2.123
  19 3402.7  13/2-   1/2  22    0.12   11.98    7.75    2.26    3.64       6.62    9.29    4.01    0.77      1.295   0.737   2.419
  20 3574.3   1/2-   1/2  18    0.93   13.91    5.53    2.34    0.90      14.54    4.76    1.66   -4.59      2.842   0.378   1.002
  
  21 4152.2  13/2-  13/2  20    3.49    8.65    7.49   15.87    3.22       8.89   24.04    2.85   -1.59      1.739   1.907   1.715
