1SPECTRUM OF (Z= 82 A=207) IN PARTICLE-ROTOR  MODEL WITH MODIFIED OSCILLATOR POTENTIAL


 PARITY=-   EPS= 0.421   GAMMA=  0.0   EPS4=0.000   EPS6=0.000   LEVELS:  30  31  32  33  34

 PAIRING FACTORS: GN0= 19.20  GN1=  7.40  IPAIR= 15 ***  E2PLUS(INPUT)=   0.803  E2PLUR(INPUT)=   0.000

 CORIOLIS ATTENUATION PARAMETERS:  CHSI=1.000  ETA=  1.00

 MOMENT OF INERTIA PARAMETERS:   A1=  0.134 MEV   A2=  0.134 MEV   A3=134.11115 MEV


 DELTA=0.845 MEV  LAMBDA=53.4890 MEV   HW0= 7.5777 MEV   LAMBDA/HW0= 7.0587

 E2ENERGY=0.803 MEV  HBAR**2/B=36150./A**(7/3)=6111.1/A**2 MEV

 IREC=0  =>  RECOIL TERMS j+j-, j+j+, jzjz, ETC TREATED AS ONE-BODY OPERATORS WITH UU+VV PAIRING FACTORS



 S. P. LEVEL   EQP       U     V        (UU + VV)**1.00

     30       0.996    0.486 0.874      1.000 0.996 0.980 0.866 0.743
     31       0.907    0.565 0.825      0.996 1.000 0.994 0.909 0.802
     32       0.855    0.651 0.759      0.980 0.994 1.000 0.949 0.862
     33       0.958    0.858 0.514      0.866 0.909 0.949 1.000 0.978
     34       1.376    0.946 0.325      0.743 0.802 0.862 0.978 1.000

  R CORE   ENERGY   A0R/A00=1.000    R3= 0     2  
   2( 1)    0.805                    1.000 0.000
   2( 2)  536.713                    0.000 1.000

  R CORE   ENERGY   A0R/A00=1.000    R3= 0     2  
   3( 1)  537.517                    0.000 1.000

  R CORE   ENERGY   A0R/A00=1.000    R3= 0     2     4  
   4( 1)    2.682                    1.000 0.000 0.000

  R CORE   ENERGY   A0R/A00=1.000    R3= 0     2     4  
   5( 1)  539.931                    0.000 1.000 0.000

  R CORE   ENERGY   A0R/A00=1.000    R3= 0     2     4     6  
   6( 1)    5.633                    1.000 0.000 0.000 0.000

  R CORE   ENERGY   A0R/A00=1.000    R3= 0     2     4     6  
   7( 1)  543.418                    0.000 1.000 0.000 0.000

          AXIAL SYMMETRY => K RESTRICTED TO OMEGA

                     K
     S.P. ORB#: 30  2.50
     S.P. ORB#: 31  0.50
     S.P. ORB#: 32 -1.50
     S.P. ORB#: 33  0.50
     S.P. ORB#: 34 -3.50
 

             ENERGY    K= OMEGA
 
 I=  1/2- (1)  2.377  31: 1.000
 
 I=  1/2- (2)  4.889  33:-1.000

             ENERGY    K= OMEGA
 
 I=  3/2- (1)  2.315  31:-0.492
                      32: 0.870
 
 I=  3/2- (2)  2.730  31: 0.870
                      32: 0.492

             ENERGY    K= OMEGA
 
 I=  5/2- (1)  2.946  31: 0.434
                      32: 0.901
 
 I=  5/2- (2)  3.689  31: 0.901
                      32:-0.434

             ENERGY    K= OMEGA
 
 I=  7/2- (1)  2.449  34: 1.000
 
 I=  7/2- (2)  3.680  31: 0.655
                      32:-0.756

             ENERGY    K= OMEGA
 
 I=  9/2- (1)  3.656  34:-1.000
 
 I=  9/2- (2)  4.937  31: 0.506
                      32: 0.863

             ENERGY    K= OMEGA
 
 I= 11/2- (1)  5.131  34: 1.000
 
 I= 11/2- (2)  6.107  31: 0.703
                      32:-0.711

             ENERGY    K= OMEGA
 
 I= 13/2- (1)  6.875  34:-1.000
 
 I= 13/2- (2)  7.998  31: 0.537
                      32: 0.843

             ENERGY     K=-7/2
  21 LEVELS    TIME=  0.0 SEC



 ******************* EXCITATION ENERGIES, DOMINANT CONFIGURATION AND EXPECTATION VALUES (WITH S.P. UU+VV FACTORS) *******************

  NR  Eex(keV)  I   Kdom  NY    <Jz>  <Jx**2> <Jy**2> <Jz**2> <I.j>/|I|  <Rx**2> <Ry**2> <Rz**2> <R.j>/|R|  <HROTx> <HROTy> <HROTz>

   1    0.0   3/2-  -3/2  32   -1.02    5.06    5.06    1.77    1.25       5.39    5.39   -0.00   -2.88      0.724   0.724  -0.000
   2   61.8   1/2-   1/2  31    0.50    5.04    5.04    0.25    0.07       5.48    5.48    0.00   -3.10      0.735   0.735   0.000
   3  134.2   7/2-  -7/2  34   -3.50    2.25    2.25   12.25    3.09       4.00    4.00   -0.00   -1.59      0.536   0.536  -0.000
   4  414.8   3/2-   1/2  31    0.02    5.05    5.05    0.73    0.23       6.84    6.84    0.00   -2.81      0.918   0.918   0.000
   5  631.4   5/2-  -3/2  32   -1.12    5.06    5.06    1.87    0.88       7.76    7.76   -0.00   -2.38      1.041   1.041  -0.000
  
   6 1341.2   9/2-  -7/2  34   -3.50    2.25    2.25   12.25    2.46       8.50    8.50   -0.00   -1.09      1.140   1.140  -0.000
   7 1365.3   7/2-  -3/2  32   -0.64    5.06    5.06    1.39    0.80      10.45   10.45   -0.00   -1.82      1.401   1.401  -0.000
   8 1374.3   5/2-   1/2  31    0.12    5.05    5.05    0.63   -0.23      10.41   10.41    0.00   -2.50      1.396   1.396   0.000
   9 2168.3   7/2-   1/2  31   -0.36    5.05    5.05    1.11    0.02      13.42   13.42   -0.00   -2.15      1.799   1.799  -0.000
  10 2292.1   3/2-   1/2  33    0.50   13.55   13.55    0.25    1.01      13.60   13.60    0.00   -4.87      1.824   1.824   0.000
  
  11 2574.3   1/2-   1/2  33    0.50   13.55   13.55    0.25   -0.69      14.66   14.66    0.00   -5.16      1.965   1.965   0.000
  12 2622.3   9/2-  -3/2  32   -0.99    5.06    5.06    1.74    0.63      15.17   15.17   -0.00   -1.58      2.034   2.034  -0.000
  13 2816.5  11/2-  -7/2  34   -3.50    2.25    2.25   12.25    2.05      14.00   14.00   -0.00   -0.85      1.877   1.877  -0.000
  14 3774.9   9/2-   1/2  31   -0.01    5.05    5.05    0.76   -0.32      19.37   19.37   -0.00   -2.00      2.598   2.598  -0.000
  15 3791.9  11/2-  -3/2  32   -0.51    5.06    5.06    1.26    0.68      19.48   19.48   -0.00   -1.17      2.613   2.613  -0.000
  
  16 4103.5   5/2-   1/2  33    0.50   13.55   13.55    0.25   -0.78      20.36   20.36    0.00   -4.65      2.730   2.730   0.000
  17 4559.9  13/2-  -7/2  34   -3.50    2.25    2.25   12.25    1.75      20.50   20.50   -0.00   -0.70      2.749   2.749  -0.000
  18 5006.2  11/2-   1/2  31   -0.49    5.05    5.05    1.24   -0.08      24.01   24.01   -0.00   -1.70      3.220   3.220  -0.000
  19 5682.7  13/2-  -3/2  32   -0.92    5.06    5.06    1.67    0.53      26.57   26.57   -0.00   -1.11      3.564   3.564  -0.000
  20 7251.8  13/2-   1/2  31   -0.08    5.05    5.05    0.83   -0.36      32.34   32.34   -0.00   -1.67      4.337   4.337  -0.000
  
  21*******   1/2-  -3/2  32    0.00    0.00    0.00    0.00   -0.00       0.00    0.00    0.00   -0.00      0.000   0.000   0.000
