1SPECTRUM OF (Z= 82 A=207) IN PARTICLE-ROTOR  MODEL WITH MODIFIED OSCILLATOR POTENTIAL


 PARITY=-   EPS= 0.500   GAMMA= 47.0   EPS4=0.000   EPS6=0.000   LEVELS:  19  20  21  22  23

 PAIRING FACTORS: GN0= 19.20  GN1=  7.40  IPAIR= 15 ***  E2PLUS(INPUT)=   0.803  E2PLUR(INPUT)=   0.000

 CORIOLIS ATTENUATION PARAMETERS:  CHSI=1.000  ETA=  1.00

 MOMENT OF INERTIA PARAMETERS:   A1=  1.790 MEV   A2=  0.099 MEV   A3=  0.16936 MEV


 DELTA=0.940 MEV  LAMBDA=52.8754 MEV   HW0= 7.6091 MEV   LAMBDA/HW0= 6.9489

 E2ENERGY=0.803 MEV  HBAR**2/B=45922./A**(7/3)=7763.1/A**2 MEV

 IREC=0  =>  RECOIL TERMS j+j-, j+j+, jzjz, ETC TREATED AS ONE-BODY OPERATORS WITH UU+VV PAIRING FACTORS



 S. P. LEVEL   EQP       U     V        (UU + VV)**1.00

     19       8.159    0.058 0.998      1.000 1.000 1.000 1.000 1.000
     20       7.798    0.060 0.998      1.000 1.000 1.000 1.000 1.000
     21       6.403    0.074 0.997      1.000 1.000 1.000 1.000 1.000
     22       6.327    0.075 0.997      1.000 1.000 1.000 1.000 1.000
     23       5.773    0.082 0.997      1.000 1.000 1.000 1.000 1.000

  R CORE   ENERGY   A0R/A00=1.000    R3= 0     2  
   2( 1)    0.803                   -0.516 0.857
   2( 2)    7.431                    0.857 0.516

  R CORE   ENERGY   A0R/A00=1.000    R3= 0     2  
   3( 1)    8.234                    0.000 1.000

  R CORE   ENERGY   A0R/A00=1.000    R3= 0     2     4  
   4( 1)    2.651                    0.414-0.593 0.691

  R CORE   ENERGY   A0R/A00=1.000    R3= 0     2     4  
   5( 1)   10.643                    0.000-0.516 0.857

  R CORE   ENERGY   A0R/A00=1.000    R3= 0     2     4     6  
   6( 1)    5.483                   -0.378 0.527-0.513 0.561
 

             ENERGY     K= 1/2
 
 I=  1/2- (1) 13.592  19:-0.154
                      20:-0.254
                      21:-0.769
                      22: 0.566
 
 I=  1/2- (2) 14.614  19: 0.312
                      20:-0.172
                      21:-0.557
                      22:-0.750

             ENERGY     K= 1/2  -3/2
 
 I=  3/2- (1) 11.581  19: 0.376-0.019
                      21: 0.059 0.005
                      22: 0.018 0.924
 
 I=  3/2- (2) 14.192  19: 0.312 0.323
                      20: 0.026 0.156
                      21:-0.130 0.324
                      22: 0.797-0.125

             ENERGY     K= 5/2   1/2  -3/2
 
 I=  5/2- (1) 12.270  19: 0.410 0.264-0.176
                      21: 0.053-0.059-0.085
                      22: 0.009 0.227-0.816
 
 I=  5/2- (2) 14.511  19: 0.040 0.073-0.015
                      20:-0.143 0.216-0.205
                      21:-0.696 0.515-0.282
                      22: 0.180-0.140-0.051

             ENERGY     K= 5/2   1/2  -3/2  -7/2
 
 I=  7/2- (1) 10.502  19: 0.341-0.171 0.046 0.012
                      20:-0.048-0.067-0.048-0.019
                      21: 0.014-0.013 0.032 0.069
                      22: 0.015 0.004-0.178 0.897
 
 I=  7/2- (2) 10.778  20:-0.299-0.729-0.562-0.110
                      21: 0.085 0.158 0.082 0.006
                      22:-0.017-0.026 0.027-0.086

             ENERGY     K= 9/2   5/2   1/2  -3/2  -7/2
 
 I=  9/2- (1) 11.933  19: 0.092 0.022-0.065 0.054 0.015
                      20:-0.152-0.588-0.241 0.568 0.396
                      21: 0.051 0.142 0.021-0.100-0.068
                      22:-0.007-0.023-0.021 0.094-0.172
 
 I=  9/2- (2) 12.345  19:-0.412-0.141 0.193-0.129 0.068
                      20:-0.018-0.121-0.077 0.143 0.098
                      21:-0.005 0.080-0.025-0.047 0.086
                      22:-0.006-0.030 0.146-0.386 0.716

             ENERGY     K= 9/2   5/2   1/2  -3/2  -7/2 -11/2
 
 I= 11/2- (1) 10.724  19:-0.300 0.206-0.113 0.047-0.008-0.015
                      21:-0.000 0.008-0.016 0.018 0.001-0.084
                      22:-0.004 0.008 0.011-0.085 0.283-0.870
 
 I= 11/2- (2) 13.366  20:-0.420-0.392 0.488 0.091-0.581-0.185
                      21: 0.132 0.065-0.118 0.021 0.081 0.018

             ENERGY     K=13/2   9/2   5/2   1/2  -3/2  -7/2 -11/2
 
 I= 13/2- (1) 13.465  19:-0.402-0.070 0.180-0.170 0.120-0.068 0.029
                      20: 0.041 0.060-0.041-0.013 0.043-0.021-0.042
                      21:-0.013 0.014-0.022 0.021-0.002-0.042 0.097
                      22: 0.002 0.002 0.029-0.110 0.254-0.459 0.664
 
 I= 13/2- (2) 15.036  20: 0.183 0.491-0.247-0.279 0.530-0.224-0.439
                      21:-0.059-0.146 0.117-0.002-0.079 0.059 0.033
                      22: 0.010 0.026-0.035 0.034-0.036 0.046-0.056

             ENERGY     K=13/2   9/2   5/2   1/2  -3/2  -7/2 -11/2
  21 LEVELS    TIME=  0.0 SEC



 ******************* EXCITATION ENERGIES, DOMINANT CONFIGURATION AND EXPECTATION VALUES (WITH S.P. UU+VV FACTORS) *******************

  NR  Eex(keV)  I   Kdom  NY    <Jz>  <Jx**2> <Jy**2> <Jz**2> <I.j>/|I|  <Rx**2> <Ry**2> <Rz**2> <R.j>/|R|  <HROTx> <HROTy> <HROTz>

   1    0.0   7/2-   7/2  22   -3.31    2.46    3.87   21.50    4.34       1.61    3.69    3.80   -3.51      2.880   0.365   0.644
   2  222.1  11/2-  11/2  22   -3.37    2.38    3.77   21.74    4.39       1.66    6.26    3.20   -0.49      2.964   0.620   0.541
   3  275.5   7/2-   1/2  20   -0.04   11.06    7.72    4.00    2.90       0.67    9.48    5.39   -2.86      1.194   0.939   0.912
   4 1079.1   3/2-   3/2  22   -3.34    2.34    4.02   21.45    4.04       1.55    2.95   11.41   -5.01      2.769   0.292   1.932
   5 1430.4   9/2-   5/2  20   -0.12   10.69    7.56    4.78    2.41       0.74   13.92    9.12   -2.26      1.316   1.379   1.545
  
   6 1768.1   5/2-   3/2  22   -2.42    2.78    4.37   20.41    2.73       1.58    7.49   11.05   -4.34      2.835   0.742   1.872
   7 1842.5   9/2-   7/2  22   -2.35    3.20    4.47   19.69    3.06       1.72   13.86    6.11   -2.61      3.079   1.373   1.034
   8 2863.9  11/2-   7/2  20   -0.01   11.05    7.72    3.98    1.97       0.71   20.44   13.80   -1.86      1.275   2.024   2.337
   9 2962.7  13/2-  11/2  22   -2.54    2.81    4.22   20.65    3.29       1.91   22.64    5.89   -0.85      3.427   2.243   0.997
  10 3090.2   1/2-   1/2  21   -0.52    3.66    8.86    6.74    0.51       2.76    8.86    7.51   -4.30      4.932   0.877   1.272
  
  11 3690.2   3/2-   1/2  22   -2.09    2.98    5.73   16.88   -0.38       1.72    7.91   21.19   -4.74      3.078   0.784   3.588
  12 3862.3  11/2-   1/2  23    0.00   55.24    4.87    2.83    6.83       3.85    7.70    5.50   -5.36      6.897   0.763   0.931
  13 4008.7   5/2-   5/2  21    0.34    4.51    9.14    2.84    0.95       3.33   11.09    5.19   -3.09      5.969   1.099   0.879
  14 4108.8   7/2-   3/2  22   -2.44    2.77    4.43   20.50    1.61       2.20   13.10   15.37   -3.85      3.931   1.297   2.603
  15 4111.6   1/2-   1/2  22   -2.54    3.13    3.89   17.88   -1.11       2.28    4.62   20.67   -4.93      4.083   0.457   3.501
  
  16 4368.7   3/2-   3/2  21   -0.35    4.30    7.23    6.70   -0.19       3.19   10.13    9.39   -3.90      5.702   1.003   1.591
  17 4534.3  13/2-   3/2  20   -0.03   10.96    7.73    4.02    1.69       0.77   28.98   18.11   -1.58      1.382   2.870   3.068
  18 4889.8   5/2-   1/2  21    0.34    4.57    8.16    3.66    1.11       3.94    9.45    5.19   -3.04      7.046   0.936   0.880
  19 5599.4  13/2-   5/2  23    0.00   55.24    4.87    2.83    5.85       3.86   14.42   11.79   -4.04      6.904   1.429   1.996
  20 5662.4   9/2-   5/2  21    0.35    4.63    9.15    2.72    0.94       3.43   19.56    8.91   -2.09      6.133   1.937   1.508
  
  2110804.3   1/2-   1/2  19    2.41    4.67    7.60   15.22    1.47       5.86    6.77   13.06   -5.17     10.487   0.671   2.212
