


         KAPPAP      MYP     KAPPAN      MYN
    0    0.1200    0.0000    0.1200    0.0000
    1    0.1200    0.0000    0.1200    0.0000
    2    0.1050    0.0000    0.1050    0.0000
    3    0.0900    0.3000    0.0900    0.2500
    4    0.0650    0.5700    0.0700    0.3900
    5    0.0600    0.6500    0.0620    0.4300
    6    0.0540    0.6900    0.0620    0.3400
    7    0.0540    0.6900    0.0620    0.2600
    8    0.0540    0.6900    0.0620    0.2600


     KAPPA    MY     EPS   GAMMA    EPS4     EPS6     W0/W00   NMAX  COUPL     OMROT      EFAC      QFAC
      SEE TABLE     0.211   52.0   0.000    0.000    1.00478     8     0     0.00000   6.48188   6.40246


                     **** PROTONS ****                     **** STRETCHED COORDINATES ****
    SYMMETRY R1= 1


   BASIS FUNCTIONS /N,L,J,OMEGA>,   PARITY +


   1 / 8 8 17/2 17/2>    20 / 8 6 11/2  1/2>    39 / 8 4  7/2 -7/2>    58 / 6 4  7/2  1/2>    77 / 4 2  5/2  5/2>
   2 / 8 8 17/2 13/2>    21 / 8 4  9/2  1/2>    40 / 8 8 17/2-11/2>    59 / 6 2  5/2  1/2>    78 / 4 4  9/2  1/2>
   3 / 8 8 15/2 13/2>    22 / 8 4  7/2  1/2>    41 / 8 8 15/2-11/2>    60 / 6 2  3/2  1/2>    79 / 4 4  7/2  1/2>
   4 / 8 6 13/2 13/2>    23 / 8 2  5/2  1/2>    42 / 8 6 13/2-11/2>    61 / 6 0  1/2  1/2>    80 / 4 2  5/2  1/2>
   5 / 8 8 17/2  9/2>    24 / 8 2  3/2  1/2>    43 / 8 6 11/2-11/2>    62 / 6 6 13/2 -3/2>    81 / 4 2  3/2  1/2>
   6 / 8 8 15/2  9/2>    25 / 8 0  1/2  1/2>    44 / 8 8 17/2-15/2>    63 / 6 6 11/2 -3/2>    82 / 4 0  1/2  1/2>
   7 / 8 6 13/2  9/2>    26 / 8 8 17/2 -3/2>    45 / 8 8 15/2-15/2>    64 / 6 4  9/2 -3/2>    83 / 4 4  9/2 -3/2>
   8 / 8 6 11/2  9/2>    27 / 8 8 15/2 -3/2>    46 / 6 6 13/2 13/2>    65 / 6 4  7/2 -3/2>    84 / 4 4  7/2 -3/2>
   9 / 8 4  9/2  9/2>    28 / 8 6 13/2 -3/2>    47 / 6 6 13/2  9/2>    66 / 6 2  5/2 -3/2>    85 / 4 2  5/2 -3/2>
  10 / 8 8 17/2  5/2>    29 / 8 6 11/2 -3/2>    48 / 6 6 11/2  9/2>    67 / 6 2  3/2 -3/2>    86 / 4 2  3/2 -3/2>
  11 / 8 8 15/2  5/2>    30 / 8 4  9/2 -3/2>    49 / 6 4  9/2  9/2>    68 / 6 6 13/2 -7/2>    87 / 4 4  9/2 -7/2>
  12 / 8 6 13/2  5/2>    31 / 8 4  7/2 -3/2>    50 / 6 6 13/2  5/2>    69 / 6 6 11/2 -7/2>    88 / 4 4  7/2 -7/2>
  13 / 8 6 11/2  5/2>    32 / 8 2  5/2 -3/2>    51 / 6 6 11/2  5/2>    70 / 6 4  9/2 -7/2>    89 / 2 2  5/2  5/2>
  14 / 8 4  9/2  5/2>    33 / 8 2  3/2 -3/2>    52 / 6 4  9/2  5/2>    71 / 6 4  7/2 -7/2>    90 / 2 2  5/2  1/2>
  15 / 8 4  7/2  5/2>    34 / 8 8 17/2 -7/2>    53 / 6 4  7/2  5/2>    72 / 6 6 13/2-11/2>    91 / 2 2  3/2  1/2>
  16 / 8 2  5/2  5/2>    35 / 8 8 15/2 -7/2>    54 / 6 2  5/2  5/2>    73 / 6 6 11/2-11/2>    92 / 2 0  1/2  1/2>
  17 / 8 8 17/2  1/2>    36 / 8 6 13/2 -7/2>    55 / 6 6 13/2  1/2>    74 / 4 4  9/2  9/2>    93 / 2 2  5/2 -3/2>
  18 / 8 8 15/2  1/2>    37 / 8 6 11/2 -7/2>    56 / 6 6 11/2  1/2>    75 / 4 4  9/2  5/2>    94 / 2 2  3/2 -3/2>
  19 / 8 6 13/2  1/2>    38 / 8 4  9/2 -7/2>    57 / 6 4  9/2  1/2>    76 / 4 4  7/2  5/2>    95 / 0 0  1/2  1/2>


    SINGLE PARTICLE (PARITY+) WAVE FUNCTIONS IN THE ENERGY INTERVAL 4.0<E<7.0

 E=4.7390  -0.044321/ 74>-0.344380/ 75> 0.004556/ 76>-0.011613/ 77>-0.726858/ 78> 0.002542/ 79>-0.045194/ 80>
            0.000615/ 81>-0.002168/ 82>-0.569550/ 83>-0.005442/ 84>-0.029690/ 85>-0.000787/ 86>-0.153630/ 87>
           -0.002002/ 88>

 E=4.9135  -0.125931/ 74>-0.601653/ 75> 0.050511/ 76>-0.028165/ 77>-0.273346/ 78> 0.110355/ 79>-0.026637/ 80>
            0.011474/ 81>-0.002952/ 82> 0.625644/ 83> 0.087374/ 84> 0.047568/ 85> 0.007126/ 86> 0.359638/ 87>
            0.018638/ 88>

 E=5.0175   0.235978/ 74> 0.607460/ 75>-0.053207/ 76>-0.004369/ 77>-0.491802/ 78>-0.016120/ 79>-0.271879/ 80>
            0.009855/ 81>-0.036015/ 82> 0.139788/ 83> 0.042532/ 84>-0.092402/ 85> 0.473873/ 87> 0.023910/ 88>


 E=5.0854  -0.136427/ 74>-0.166674/ 75> 0.026454/ 76> 0.017654/ 77> 0.293756/ 78>-0.017476/ 79> 0.125892/ 80>
           -0.050447/ 81> 0.043928/ 82>-0.460218/ 83> 0.013031/ 84>-0.278604/ 85>-0.032965/ 86> 0.743566/ 87>
            0.045915/ 88>

 E=5.1525   0.906216/ 74>-0.259498/ 75>-0.020796/ 76>-0.297142/ 77> 0.101334/ 78> 0.008456/ 79> 0.052490/ 80>
            0.020568/ 81> 0.074627/ 82>-0.047703/ 83>-0.002502/ 84>-0.021174/ 85> 0.011594/ 86> 0.027398/ 87>
           -0.002220/ 88>

 E=5.3530   0.014989/ 74> 0.090634/ 75> 0.274685/ 76>-0.006757/ 77> 0.046221/ 78> 0.767043/ 79>-0.012651/ 80>
            0.083206/ 81>-0.009133/ 82>-0.100733/ 83> 0.544914/ 84> 0.010743/ 85> 0.038416/ 86>-0.049878/ 87>
            0.085140/ 88>

 E=5.4291   0.053886/ 74> 0.102106/ 75>-0.282806/ 76> 0.162698/ 77>-0.133929/ 78>-0.177972/ 79> 0.671333/ 80>
           -0.060996/ 81> 0.099776/ 82>-0.010402/ 83> 0.390677/ 84> 0.428673/ 85> 0.059323/ 86> 0.106432/ 87>
            0.122073/ 88>

 E=5.5831   0.007618/ 74>-0.040510/ 75>-0.546462/ 76> 0.107292/ 77> 0.047437/ 78> 0.361441/ 79>-0.020871/ 80>
            0.560543/ 81>-0.247594/ 82>-0.075473/ 83>-0.315525/ 84> 0.224662/ 85> 0.043800/ 86> 0.106381/ 87>
           -0.101836/ 88>

 E=5.6157  -0.054714/ 74>-0.124939/ 75>-0.515155/ 76>-0.075894/ 77> 0.131993/ 78>-0.265366/ 79>-0.446136/ 80>
            0.046437/ 81>-0.086954/ 82>-0.028024/ 83> 0.585638/ 84>-0.181864/ 85> 0.077461/ 86>-0.093950/ 87>
            0.148316/ 88>

 E=5.6582   0.112935/ 74>-0.061118/ 75> 0.134152/ 76> 0.247602/ 77> 0.046681/ 78>-0.043936/ 79>-0.123758/ 80>
           -0.061428/ 81>-0.402435/ 82>-0.038952/ 83>-0.090274/ 84> 0.206793/ 85>-0.417906/ 86> 0.010577/ 87>
            0.701333/ 88>

 E=5.6862   0.084215/ 74> 0.006155/ 75>-0.356934/ 76> 0.304477/ 77>-0.092628/ 78> 0.248564/ 79> 0.290899/ 80>
           -0.212377/ 81> 0.080525/ 82> 0.156395/ 83>-0.088056/ 84>-0.653196/ 85>-0.270269/ 86>-0.166996/ 87>
            0.079853/ 88>

 E=5.7645   0.218647/ 74>-0.101247/ 75> 0.140675/ 76> 0.639187/ 77> 0.048009/ 78>-0.093671/ 79>-0.097703/ 80>
           -0.154644/ 81>-0.410635/ 82>-0.030053/ 83> 0.161731/ 84> 0.029413/ 85> 0.078864/ 86> 0.031270/ 87>
           -0.515082/ 88>

 E=6.0128  -0.021671/ 74>-0.028873/ 75>-0.321827/ 76>-0.048382/ 77> 0.062807/ 78> 0.288467/ 79>-0.276061/ 80>
           -0.690776/ 81> 0.192376/ 82>-0.079802/ 83>-0.129855/ 84> 0.394174/ 85>-0.128521/ 86> 0.074938/ 87>
           -0.120408/ 88>

 E=6.0690   0.102691/ 74>-0.059219/ 75> 0.029529/ 76> 0.478958/ 77> 0.031818/ 78> 0.033469/ 79>-0.186418/ 80>
            0.028721/ 81> 0.451235/ 82>-0.008340/ 83>-0.154405/ 84> 0.009281/ 85> 0.597481/ 86>-0.006822/ 87>
            0.365138/ 88>

 E=6.2010  -0.010235/ 46>-0.113943/ 47> 0.001054/ 48>-0.002226/ 49>-0.402436/ 50> 0.002792/ 51>-0.016425/ 52>
           -0.000362/ 54>-0.667274/ 55> 0.001027/ 56>-0.033728/ 57>-0.001329/ 59>-0.564857/ 62>-0.002523/ 63>
           -0.026687/ 64>-0.000892/ 66>-0.238088/ 68>-0.002061/ 69>-0.007504/ 70>-0.041810/ 72>-0.000337/ 73>


 E=6.3871   0.036037/ 46> 0.291732/ 47>-0.011163/ 48> 0.006843/ 49> 0.594147/ 50>-0.042762/ 51> 0.029770/ 52>
           -0.002233/ 53> 0.000847/ 54> 0.200660/ 55>-0.069555/ 56> 0.012627/ 57>-0.004608/ 58> 0.000669/ 59>
           -0.506395/ 62>-0.059479/ 63>-0.029629/ 64>-0.003698/ 65>-0.001310/ 66>-0.483972/ 68>-0.024988/ 69>
           -0.018525/ 70>-0.000868/ 71>-0.127802/ 72>-0.003300/ 73>

 E=6.4208   0.042470/ 74>-0.032160/ 75> 0.066291/ 76> 0.268972/ 77> 0.027601/ 78>-0.096278/ 79>-0.184282/ 80>
            0.344972/ 81> 0.578452/ 82>-0.022606/ 83> 0.124500/ 84> 0.130666/ 85>-0.598666/ 86> 0.016231/ 87>
           -0.176261/ 88>

 E=6.5284  -0.084621/ 46>-0.472097/ 47> 0.024144/ 48>-0.007198/ 49>-0.371037/ 50> 0.053184/ 51> 0.026697/ 52>
            0.002326/ 53> 0.001709/ 54> 0.452557/ 55> 0.017262/ 56> 0.144856/ 57> 0.000696/ 58> 0.013125/ 59>
            0.000860/ 61> 0.070770/ 62>-0.044427/ 63> 0.089099/ 64>-0.002017/ 65> 0.007031/ 66>-0.565128/ 68>
           -0.042922/ 69>-0.004749/ 70>-0.001363/ 71>-0.256059/ 72>-0.008451/ 73>

 E=6.6362   0.147391/ 46> 0.529896/ 47>-0.033616/ 48>-0.002699/ 49>-0.119745/ 50>-0.028777/ 51>-0.115417/ 52>
            0.006737/ 53>-0.007587/ 54>-0.285881/ 55> 0.027181/ 56>-0.083916/ 57> 0.020664/ 58>-0.011115/ 59>
            0.003039/ 60>-0.001356/ 61> 0.500875/ 62> 0.003198/ 63> 0.166965/ 64> 0.015870/ 65> 0.017019/ 66>
            0.002058/ 67>-0.376067/ 68>-0.044914/ 69> 0.041510/ 70> 0.001155/ 71>-0.391129/ 72>-0.015106/ 73>


 E=6.7103   0.239571/ 46> 0.525746/ 47>-0.039092/ 48>-0.024715/ 49>-0.521091/ 50> 0.004009/ 51>-0.189297/ 52>
            0.015301/ 53>-0.010186/ 54> 0.397065/ 55> 0.009476/ 56> 0.146599/ 57> 0.005297/ 58> 0.048808/ 59>
           -0.001972/ 60> 0.007499/ 61>-0.242603/ 62>-0.016123/ 63>-0.067192/ 64>-0.011058/ 65>-0.001380/ 67>
            0.026565/ 68> 0.019055/ 69>-0.067569/ 70>-0.003190/ 71> 0.324100/ 72> 0.013476/ 73>

 E=6.7657   0.056444/ 46> 0.064094/ 47>-0.006096/ 48>-0.009662/ 49>-0.109394/ 50> 0.004718/ 51>-0.032199/ 52>
            0.003820/ 53>-0.001112/ 54> 0.163013/ 55>-0.005947/ 56> 0.058974/ 57>-0.003526/ 58> 0.016766/ 59>
           -0.005984/ 60> 0.005596/ 61>-0.262701/ 62> 0.008838/ 63>-0.112202/ 64> 0.006579/ 65>-0.049939/ 66>
           -0.004776/ 67> 0.454356/ 68>-0.007825/ 69> 0.226600/ 70> 0.013487/ 71>-0.778231/ 72>-0.034256/ 73>


 E=6.8390   0.920045/ 46>-0.268938/ 47>-0.015322/ 48>-0.249199/ 49> 0.099991/ 50> 0.006800/ 51> 0.058030/ 52>
            0.007397/ 53> 0.051517/ 54>-0.041292/ 55>-0.002720/ 56>-0.017697/ 57>-0.001942/ 58>-0.006709/ 59>
           -0.003639/ 60>-0.008748/ 61> 0.019026/ 62> 0.001120/ 63> 0.006231/ 64> 0.000584/ 65> 0.001701/ 66>
           -0.001087/ 67>-0.010311/ 68>-0.000434/ 69>-0.002888/ 70> 0.006931/ 72>

 E=6.9209  -0.003465/ 46>-0.030016/ 47>-0.078610/ 48> 0.000404/ 49>-0.063037/ 50>-0.375709/ 51> 0.002047/ 52>
           -0.017898/ 53> 0.000404/ 54>-0.021540/ 55>-0.691466/ 56> 0.000948/ 57>-0.046351/ 58> 0.000373/ 59>
           -0.002563/ 60> 0.054152/ 62>-0.565911/ 63>-0.002151/ 64>-0.034140/ 65>-0.000679/ 66>-0.001326/ 67>
            0.050713/ 68>-0.197864/ 69>-0.001189/ 70>-0.005901/ 71> 0.012802/ 72>-0.020558/ 73>

  Q20Q22:  0.00 SEC    QTME:  0.00 SEC



    SYMMETRY R1= 1


   BASIS FUNCTIONS /N,L,J,OMEGA>,   PARITY -


   1 / 7 7 15/2 13/2>    15 / 7 5 11/2  1/2>    29 / 7 7 13/2 -7/2>    43 / 5 5 11/2  1/2>    57 / 5 5 11/2-11/2>
   2 / 7 7 13/2 13/2>    16 / 7 5  9/2  1/2>    30 / 7 5 11/2 -7/2>    44 / 5 5  9/2  1/2>    58 / 3 3  7/2  5/2>
   3 / 7 7 15/2  9/2>    17 / 7 3  7/2  1/2>    31 / 7 5  9/2 -7/2>    45 / 5 3  7/2  1/2>    59 / 3 3  5/2  5/2>
   4 / 7 7 13/2  9/2>    18 / 7 3  5/2  1/2>    32 / 7 3  7/2 -7/2>    46 / 5 3  5/2  1/2>    60 / 3 3  7/2  1/2>
   5 / 7 5 11/2  9/2>    19 / 7 1  3/2  1/2>    33 / 7 7 15/2-11/2>    47 / 5 1  3/2  1/2>    61 / 3 3  5/2  1/2>
   6 / 7 5  9/2  9/2>    20 / 7 1  1/2  1/2>    34 / 7 7 13/2-11/2>    48 / 5 1  1/2  1/2>    62 / 3 1  3/2  1/2>
   7 / 7 7 15/2  5/2>    21 / 7 7 15/2 -3/2>    35 / 7 5 11/2-11/2>    49 / 5 5 11/2 -3/2>    63 / 3 1  1/2  1/2>
   8 / 7 7 13/2  5/2>    22 / 7 7 13/2 -3/2>    36 / 7 7 15/2-15/2>    50 / 5 5  9/2 -3/2>    64 / 3 3  7/2 -3/2>
   9 / 7 5 11/2  5/2>    23 / 7 5 11/2 -3/2>    37 / 5 5 11/2  9/2>    51 / 5 3  7/2 -3/2>    65 / 3 3  5/2 -3/2>
  10 / 7 5  9/2  5/2>    24 / 7 5  9/2 -3/2>    38 / 5 5  9/2  9/2>    52 / 5 3  5/2 -3/2>    66 / 3 1  3/2 -3/2>
  11 / 7 3  7/2  5/2>    25 / 7 3  7/2 -3/2>    39 / 5 5 11/2  5/2>    53 / 5 1  3/2 -3/2>    67 / 3 3  7/2 -7/2>
  12 / 7 3  5/2  5/2>    26 / 7 3  5/2 -3/2>    40 / 5 5  9/2  5/2>    54 / 5 5 11/2 -7/2>    68 / 1 1  3/2  1/2>
  13 / 7 7 15/2  1/2>    27 / 7 1  3/2 -3/2>    41 / 5 3  7/2  5/2>    55 / 5 5  9/2 -7/2>    69 / 1 1  1/2  1/2>
  14 / 7 7 13/2  1/2>    28 / 7 7 15/2 -7/2>    42 / 5 3  5/2  5/2>    56 / 5 3  7/2 -7/2>    70 / 1 1  3/2 -3/2>


    SINGLE PARTICLE (PARITY-) WAVE FUNCTIONS IN THE ENERGY INTERVAL 4.0<E<7.0

 E=4.1049   0.505229/ 58>-0.034316/ 59> 0.362940/ 60>-0.115412/ 61> 0.075724/ 62>-0.027674/ 63>-0.728259/ 64>
           -0.084277/ 65>-0.065484/ 66>-0.224205/ 67>

 E=4.1650   0.750545/ 58>-0.037114/ 59>-0.419380/ 60>-0.007736/ 61>-0.408032/ 62> 0.056975/ 63> 0.214705/ 64>
           -0.000524/ 65>-0.063770/ 66> 0.198654/ 67>

 E=4.2344  -0.099207/ 58> 0.025153/ 59> 0.119025/ 60>-0.007395/ 61> 0.037565/ 62>-0.097104/ 63>-0.240860/ 64>
            0.017975/ 65>-0.369492/ 66> 0.877270/ 67>

 E=4.4996  -0.253089/ 58> 0.131414/ 59> 0.241038/ 60> 0.182783/ 61>-0.772197/ 62> 0.145941/ 63>-0.064778/ 64>
           -0.237710/ 65>-0.345093/ 66>-0.172593/ 67>

 E=4.5966  -0.067134/ 58>-0.054430/ 59>-0.069960/ 60>-0.769683/ 61> 0.000560/ 62>-0.321695/ 63> 0.156194/ 64>
           -0.448581/ 65>-0.241492/ 66>-0.088297/ 67>

 E=4.6547  -0.093335/ 58>-0.357429/ 59> 0.068191/ 60>-0.238642/ 61>-0.129943/ 62> 0.589198/ 63>-0.098162/ 64>
           -0.324457/ 65> 0.508795/ 66> 0.253205/ 67>

 E=4.8079   0.083588/ 58>-0.296767/ 59>-0.110338/ 60> 0.416912/ 61> 0.400684/ 62> 0.228184/ 63> 0.114455/ 64>
           -0.549756/ 65>-0.427106/ 66>-0.092655/ 67>

 E=4.8583  -0.074041/ 58>-0.714436/ 59> 0.034318/ 60>-0.176092/ 61>-0.081184/ 62> 0.124933/ 63> 0.025229/ 64>
            0.532393/ 65>-0.358220/ 66>-0.131583/ 67>

 E=5.1395   0.034394/ 58> 0.500313/ 59>-0.043432/ 60>-0.314556/ 61> 0.205432/ 62> 0.668530/ 63> 0.051242/ 64>
            0.209349/ 65>-0.327367/ 66>-0.070115/ 67>

 E=5.4627   0.081002/ 37>-0.000787/ 38> 0.380228/ 39>-0.003461/ 40> 0.014509/ 41> 0.693587/ 43>-0.001478/ 44>
            0.036909/ 45> 0.001552/ 47> 0.569393/ 49> 0.003459/ 50> 0.027359/ 51> 0.000383/ 52> 0.000818/ 53>
            0.201880/ 54> 0.002142/ 55> 0.004857/ 56> 0.021423/ 57>

 E=5.6444  -0.220287/ 37> 0.007592/ 38>-0.608893/ 39> 0.046226/ 40>-0.029971/ 41> 0.002216/ 42>-0.229356/ 43>
            0.083692/ 44>-0.016304/ 45> 0.006326/ 46>-0.001076/ 47> 0.000427/ 48> 0.558474/ 49> 0.069423/ 50>
            0.035300/ 51> 0.004736/ 52> 0.001552/ 53> 0.440761/ 54> 0.023215/ 55> 0.013394/ 56> 0.068820/ 57>


 E=5.7721   0.386015/ 37>-0.015774/ 38> 0.476973/ 39>-0.054714/ 40>-0.018162/ 41>-0.001959/ 42>-0.470974/ 43>
           -0.018531/ 44>-0.183669/ 45> 0.000324/ 46>-0.019276/ 47> 0.001296/ 48> 0.007295/ 49> 0.047543/ 50>
           -0.095583/ 51> 0.001511/ 52>-0.006840/ 53> 0.574580/ 54> 0.037791/ 55> 0.006987/ 56> 0.143278/ 57>


 E=5.8620  -0.409640/ 37> 0.019648/ 38>-0.054564/ 39> 0.031179/ 40> 0.080074/ 41>-0.005287/ 42> 0.341762/ 43>
           -0.022543/ 44> 0.118359/ 45>-0.028432/ 46> 0.022949/ 47>-0.006757/ 48>-0.526096/ 49> 0.001441/ 50>
           -0.211157/ 51>-0.022421/ 52>-0.021040/ 53> 0.552567/ 54> 0.046926/ 55>-0.016858/ 56> 0.242060/ 57>


 E=5.9205   0.757037/ 37>-0.038085/ 38>-0.460188/ 39>-0.008557/ 40>-0.236821/ 41> 0.017501/ 42> 0.283979/ 43>
            0.009985/ 44> 0.118137/ 45> 0.009763/ 46> 0.057518/ 47>-0.008054/ 48>-0.185895/ 49>-0.008355/ 50>
           -0.063173/ 51>-0.004927/ 52>-0.003130/ 53> 0.105393/ 54> 0.010632/ 55>-0.015683/ 56> 0.094452/ 57>


 E=5.9909  -0.015965/ 37> 0.001381/ 38> 0.023706/ 39>-0.001311/ 40> 0.007035/ 41>-0.002459/ 42>-0.044995/ 43>
            0.002952/ 44>-0.017716/ 45> 0.001589/ 46>-0.003606/ 47> 0.010456/ 48> 0.102376/ 49>-0.007653/ 50>
            0.056382/ 51>-0.010742/ 52> 0.056377/ 53>-0.268559/ 54> 0.017685/ 55>-0.259289/ 56> 0.916500/ 57>


 E=6.1450  -0.025184/ 37>-0.042597/ 38>-0.074564/ 39>-0.338478/ 40> 0.003775/ 41>-0.013900/ 42>-0.028840/ 43>
           -0.723550/ 44> 0.002511/ 45>-0.055821/ 46> 0.001298/ 47>-0.003596/ 48> 0.069600/ 49>-0.564282/ 50>
           -0.004825/ 51>-0.036207/ 52>-0.001439/ 53> 0.052475/ 54>-0.149392/ 55>-0.001518/ 56> 0.007414/ 57>


 E=6.2878   0.035349/ 37>-0.085790/ 38> 0.026559/ 39>-0.414014/ 40> 0.213248/ 41>-0.027803/ 42>-0.069039/ 43>
           -0.188985/ 44> 0.550971/ 45>-0.027555/ 46> 0.063674/ 47>-0.006897/ 48>-0.023875/ 49> 0.432631/ 50>
            0.406303/ 51> 0.048054/ 52> 0.032703/ 53> 0.046338/ 54> 0.246117/ 55> 0.070587/ 56> 0.014636/ 57>


 E=6.4237  -0.078089/ 37>-0.084230/ 38>-0.083748/ 39>-0.429797/ 40>-0.182832/ 41>-0.018848/ 42> 0.114688/ 43>
           -0.213393/ 44>-0.512033/ 45>-0.023133/ 46>-0.057314/ 47> 0.000809/ 48> 0.017520/ 49> 0.469307/ 50>
           -0.360591/ 51> 0.032671/ 52>-0.025168/ 53>-0.113805/ 54> 0.259379/ 55>-0.056277/ 56>-0.030302/ 57>


 E=6.4551  -0.021859/ 37>-0.223575/ 38>-0.016239/ 39>-0.603353/ 40> 0.105462/ 41> 0.005718/ 42> 0.016241/ 43>
            0.469129/ 44> 0.017891/ 45> 0.348328/ 46>-0.037257/ 47> 0.065743/ 48>-0.014944/ 49>-0.146918/ 50>
           -0.080970/ 51> 0.110041/ 52>-0.001680/ 53> 0.025584/ 54>-0.428594/ 55>-0.038449/ 56> 0.008557/ 57>


 E=6.5269  -0.016262/ 37> 0.122432/ 38> 0.026683/ 39> 0.132201/ 40>-0.103661/ 41>-0.021867/ 42>-0.025119/ 43>
           -0.241738/ 44> 0.096889/ 45>-0.148526/ 46> 0.202468/ 47>-0.086582/ 48> 0.013606/ 49> 0.407977/ 50>
           -0.102967/ 51> 0.324931/ 52> 0.080617/ 53> 0.010550/ 54>-0.715266/ 55>-0.123445/ 56>-0.007732/ 57>


 E=6.5767  -0.108005/ 37> 0.055187/ 38> 0.020839/ 39> 0.022238/ 40>-0.449661/ 41> 0.069043/ 42> 0.091710/ 43>
           -0.071620/ 44>-0.308546/ 45> 0.321268/ 46>-0.093433/ 47> 0.074355/ 48>-0.151610/ 49> 0.013439/ 50>
            0.637492/ 51> 0.246337/ 52> 0.098674/ 53> 0.108839/ 54>-0.038181/ 55> 0.185840/ 56> 0.058014/ 57>


 E=6.6120  -0.009136/ 37>-0.857992/ 38>-0.007762/ 39> 0.247994/ 40> 0.097441/ 41> 0.356636/ 42> 0.011968/ 43>
           -0.107938/ 44>-0.055280/ 45>-0.052924/ 46>-0.105821/ 47>-0.120882/ 48>-0.010085/ 49> 0.065798/ 50>
            0.040421/ 51> 0.049712/ 52>-0.063736/ 53>-0.066615/ 55> 0.065784/ 56> 0.026371/ 57>

 E=6.6632  -0.167515/ 37>-0.169894/ 38> 0.147115/ 39>-0.058186/ 40>-0.634811/ 41> 0.119083/ 42>-0.104397/ 43>
            0.087402/ 44> 0.306690/ 45> 0.068523/ 46> 0.512539/ 47>-0.123313/ 48> 0.067877/ 49>-0.123325/ 50>
           -0.177107/ 51>-0.024540/ 52> 0.055211/ 53>-0.026847/ 54> 0.189980/ 55>-0.110860/ 56>-0.041828/ 57>


 E=6.7543  -0.011624/ 37> 0.122364/ 38> 0.018114/ 39>-0.043785/ 40>-0.067615/ 41> 0.045520/ 42>-0.027560/ 43>
            0.011760/ 44> 0.078181/ 45> 0.022854/ 47>-0.212552/ 48> 0.049903/ 49> 0.012770/ 50>-0.166245/ 51>
            0.079365/ 52>-0.486503/ 53>-0.102858/ 54>-0.060567/ 55> 0.764834/ 56> 0.225384/ 57>

 E=6.8551  -0.021453/  1>-0.143152/  3> 0.001065/  4>-0.003656/  5>-0.417131/  7> 0.002103/  8>-0.016626/  9>
           -0.000429/ 11>-0.645148/ 13> 0.000700/ 14>-0.029867/ 15>-0.001063/ 17>-0.558587/ 21>-0.001776/ 22>
           -0.024648/ 23>-0.000796/ 25>-0.266346/ 28>-0.001737/ 29>-0.008954/ 30>-0.062970/ 33>-0.000475/ 34>
           -0.000986/ 35>-0.004919/ 36>

 E=6.8991   0.042330/ 37> 0.094648/ 38>-0.005327/ 39> 0.212470/ 40> 0.185225/ 41> 0.154037/ 42>-0.038699/ 43>
           -0.232498/ 44> 0.166367/ 45> 0.701188/ 46>-0.040165/ 47> 0.144070/ 48> 0.060555/ 49> 0.022131/ 50>
           -0.300477/ 51> 0.385829/ 52>-0.017450/ 53>-0.043382/ 54> 0.193457/ 55>-0.073687/ 56>-0.020716/ 57>


 E=6.9782  -0.053166/ 37> 0.053739/ 38> 0.057376/ 39> 0.022742/ 40>-0.332789/ 41> 0.153290/ 42>-0.044935/ 43>
           -0.103253/ 44> 0.262879/ 45> 0.163796/ 46>-0.508762/ 47> 0.223252/ 48> 0.021206/ 49> 0.180559/ 50>
           -0.056924/ 51>-0.526791/ 52>-0.254722/ 53> 0.002146/ 54>-0.206153/ 55>-0.131459/ 56>-0.021567/ 57>


  Q20Q22:  0.00 SEC    QTME:  0.00 SEC

 Q0=  53.758 HBAR/MW0     Q2= -48.534 HBAR/MW0     GAMMA= 51.9 DEG   FOR 82 PARTICLES;  A=207

1
 **********************************************  SINGLE PARTICLE MATRIX ELEMENTS  ***********************************************


   ENY   EMY     A+B     C      D      E    JZ    S0    S+    S-  <R2S> <R4S>  R2DZ  R2D+  R2D-  Q20S  Q22S   Q20   Q22  RHO2    R2


  5.64- MY=NY  4.472  4.477  28.95  22.39 -0.00 -0.00  0.33  0.33  6.50 48.77  0.00  0.77 -0.77  1.83 -1.29  2.39 -1.65  6.50  6.73
  5.77- 5.64- -2.360  2.344   0.10  -0.32 -2.01 -0.21 -0.24  0.24  6.50 48.82  0.43 -0.38 -0.37  0.04  0.02  0.05  0.02  0.00  0.00
  5.86- 5.64-  0.161  0.270  -4.59  15.08 -0.05 -0.00  0.01  0.02  6.50 47.17  0.01  0.03 -0.05 -1.99 -0.97 -2.16 -1.01 -0.00 -0.01
  5.92- 5.64- -0.156  0.081   1.03  -3.37 -0.11 -0.01 -0.01  0.01  6.50 46.01  0.02 -0.03 -0.01  0.44  0.21  0.48  0.22  0.00  0.00
  5.99- 5.64- -0.014  0.043  -0.51   1.66 -0.03 -0.00 -0.00  0.00  6.50 43.68  0.01 -0.00 -0.01 -0.21 -0.10 -0.23 -0.11  0.00 -0.00
  6.14- 5.64- -0.002 -0.001   0.80  -1.64 -0.00 -0.00  0.38  0.38  6.50 48.78 -0.00 -0.08  0.08 -0.58  0.69 -0.56  0.64 -0.00 -0.07
  6.29- 5.64- -0.353  0.353   0.00  -0.01 -0.29 -0.31 -0.29  0.29  6.50 48.67 -0.69  0.39  0.39  0.00  0.00  0.00  0.00 -0.00 -0.00
  6.42- 5.64-  0.349 -0.350  -0.02   0.02  0.27 -0.27 -0.25  0.25  6.50 48.90 -0.59  0.33  0.33  0.02  0.01  0.03  0.01 -0.00  0.00
  6.46- 5.64-  0.025  0.012   0.25   0.00  0.01 -0.01 -0.03 -0.01  6.50 52.41 -0.02  0.01  0.01 -0.67 -0.26 -0.73 -0.27  0.00 -0.01
  6.53- 5.64- -0.003  0.014   0.14  -0.11 -0.01  0.02  0.02 -0.02  6.50 47.02  0.04 -0.02 -0.02 -0.24 -0.09 -0.25 -0.09 -0.00 -0.00
  6.58- 5.64- -0.050 -0.047  -2.01   2.68 -0.00  0.00  0.01  0.00  6.50 52.91  0.01 -0.00 -0.00  2.10  0.69  2.26  0.74 -0.00  0.04

  5.77- MY=NY -3.527 -3.335  25.55  -3.32  0.09  0.01 -0.26 -0.24  6.50 49.48 -0.02 -0.61  0.58  1.39 -0.28  2.00 -0.69  6.50  6.64
  5.86- 5.77-  2.596 -2.923  -1.49   4.85 -2.21 -0.23  0.26 -0.28  6.50 49.31  0.48  0.42  0.48 -0.62 -0.30 -0.67 -0.32 -0.00 -0.00
  5.92- 5.77- -0.803  0.104  -5.46  17.75  0.41  0.04 -0.07  0.02  6.50 48.68 -0.09 -0.14 -0.01 -2.23 -1.10 -2.43 -1.15  0.00 -0.02
  5.99- 5.77-  0.094 -0.264  -1.92   6.23 -0.16 -0.01  0.01 -0.02  6.50 47.50  0.04  0.02  0.05 -0.77 -0.38 -0.84 -0.40 -0.00 -0.01
  6.14- 5.77- -0.152  0.151   0.01  -0.03 -0.12 -0.10 -0.10  0.10  6.50 48.59 -0.34  0.22  0.22 -0.01 -0.00 -0.01 -0.00 -0.00 -0.00
  6.29- 5.77- -0.002  0.001   1.33  -2.71  0.00 -0.00  0.33  0.32  6.50 50.82 -0.01 -0.13  0.11 -0.59  0.71 -0.57  0.67  0.00 -0.08
  6.42- 5.77-  0.002 -0.009  -2.00   4.10 -0.01 -0.01  0.29  0.27  6.50 46.74 -0.02 -0.09  0.07  1.10 -1.30  1.06 -1.21 -0.00  0.14
  6.46- 5.77- -0.003  0.014  -0.19   0.30  0.03  0.37 -0.33  0.32  6.50 49.50  0.89  0.47  0.47  0.20  0.03  0.21  0.04  0.00  0.01
  6.53- 5.77- -0.052 -0.003   0.76  -1.01  0.02  0.05 -0.03  0.08  6.50 47.86  0.12  0.07  0.07 -0.97 -0.29 -1.04 -0.32 -0.00 -0.02
  6.58- 5.77-  0.434 -0.427  -0.26   0.50 -0.31  0.00 -0.01  0.01  6.50168.79 -0.01 -0.00 -0.00  0.14  0.01  0.15  0.02  0.00  0.01

  5.86- MY=NY  1.071  3.316  24.56 -26.56 -1.03 -0.10  0.04  0.25  6.50 49.46  0.23  0.20 -0.58  1.60  0.75  2.29  0.31  6.50  6.57
  5.92- 5.86- -3.910  2.253   4.36 -14.14 -1.83 -0.18 -0.34  0.23  6.50 49.45  0.42 -0.67 -0.38  1.74  0.86  1.89  0.89 -0.00  0.01
  5.99- 5.86- -0.260  0.783  -4.72  15.25 -0.60 -0.06 -0.03  0.06  6.50 48.85  0.14 -0.04 -0.14 -1.85 -0.91 -2.01 -0.95  0.00 -0.01
  6.14- 5.86-  0.010  0.015  -0.47   1.28 -0.00 -0.00  0.00  0.01  6.50 34.91 -0.01 -0.00  0.01  0.16  0.06  0.17  0.06  0.00  0.00
  6.29- 5.86-  0.076 -0.077  -0.03   0.07 -0.08  0.10 -0.10  0.11  6.50 52.65  0.35  0.22  0.22 -0.01  0.02 -0.01  0.02 -0.00 -0.00
  6.42- 5.86- -0.189  0.198   0.18  -0.39  0.18  0.10 -0.10  0.09  6.50 44.62  0.30  0.18  0.18 -0.08 -0.07 -0.09 -0.07  0.00  0.00
  6.46- 5.86- -0.059  0.049   0.33  -0.66 -0.04 -0.08  0.38  0.55  6.50 49.76 -0.22 -0.01  0.31 -0.28  0.22 -0.28  0.20 -0.00 -0.03
  6.53- 5.86-  0.164 -0.152  -0.14   0.36  0.13  0.34  0.19 -0.24  6.50 49.19  0.87 -0.34 -0.35 -0.14 -0.20 -0.16 -0.20 -0.00  0.01
  6.58- 5.86- -0.081  0.074   3.10  -6.31 -0.07  0.03  0.02 -0.02  6.50 55.79  0.08 -0.02 -0.05 -1.62  1.60 -1.59  1.49  0.00 -0.19

  5.92- MY=NY -2.333  0.691  20.29 -30.51  3.16  0.30 -0.20  0.08  6.50 49.60 -0.72 -0.40 -0.11  0.33  0.70  0.96  0.21  6.50  6.52
  5.99- 5.92-  1.340 -3.372  -1.87   6.01 -0.45 -0.04  0.14 -0.28  6.50 49.51  0.10  0.23  0.59 -0.72 -0.36 -0.78 -0.37 -0.00 -0.00
  6.14- 5.92- -0.007  0.002   0.09  -0.28 -0.00 -0.00 -0.00  0.00  6.50 44.49 -0.02  0.02  0.01 -0.03 -0.01 -0.03 -0.01 -0.00 -0.00
  6.29- 5.92- -0.018  0.016  -0.20   0.41  0.02 -0.02  0.02 -0.01  6.50 52.54 -0.06 -0.05 -0.03 -0.01  0.04 -0.01  0.04 -0.00 -0.00
  6.42- 5.92-  0.053 -0.024   0.72  -1.69 -0.03 -0.01  0.02 -0.01  6.50 42.52 -0.04 -0.04 -0.03 -0.27 -0.18 -0.30 -0.18 -0.00  0.00
  6.46- 5.92- -0.099  0.081   0.39  -0.86 -0.07 -0.18 -0.17  0.12  6.50 49.73 -0.56  0.29  0.26 -0.25 -0.09 -0.27 -0.09 -0.00 -0.00
  6.53- 5.92- -0.036  0.038  -0.62   1.28 -0.02  0.12 -0.74 -0.20  6.50 50.14  0.34  0.65  0.29  0.27 -0.30  0.27 -0.28 -0.00  0.03
  6.58- 5.92- -0.247  0.221   0.48  -1.01 -0.18  0.00 -0.06 -0.02  6.50 51.50  0.01  0.04  0.02 -0.22 -0.32 -0.26 -0.31 -0.00  0.01

  5.99- MY=NY -0.081  0.235   7.05  -9.64 -5.13 -0.47 -0.01  0.02  6.50 49.42  1.21 -0.02 -0.04 -4.18 -0.84 -3.91 -1.44  6.50  6.44
  6.14- 5.99-  0.001  0.001  -0.04   0.13  0.00 -0.00 -0.00  0.00  6.50 38.25 -0.01  0.00  0.00  0.01  0.00  0.01  0.00 -0.00  0.00
  6.29- 5.99-  0.009 -0.010  -0.10   0.20 -0.01  0.01 -0.00  0.01  6.50 51.82  0.03  0.01  0.02 -0.00  0.01 -0.00  0.01 -0.00 -0.00
  6.42- 5.99- -0.011  0.020   0.28  -0.68  0.01  0.00 -0.00  0.00  6.50 38.67  0.02  0.01  0.01 -0.08 -0.05 -0.09 -0.05 -0.00 -0.00
  6.46- 5.99- -0.009  0.024  -0.25   0.62 -0.01 -0.03 -0.03  0.05  6.50 49.42 -0.11  0.08  0.10  0.14  0.05  0.15  0.06  0.00  0.00
  6.53- 5.99- -0.022  0.022  -0.27   0.62 -0.01 -0.13  0.03 -0.06  6.50 51.19 -0.42 -0.08 -0.10  0.23  0.03  0.24  0.03 -0.00  0.01
  6.58- 5.99- -0.039  0.056  -0.67   1.51 -0.05 -0.01  0.00 -0.04  6.50 52.60 -0.03 -0.03 -0.05  0.24  0.17  0.27  0.17  0.00 -0.00

  6.14- MY=NY  4.484  4.482  22.86  34.79  0.00 -0.00 -0.33 -0.33  6.50 48.80  0.00 -1.30  1.30  2.81 -2.51  3.33 -2.80  6.50  6.86
  6.29- 6.14-  1.053 -1.060   0.01  -0.07  0.93 -0.12 -0.15  0.15  6.50 49.28  1.52 -1.09 -1.09  0.02  0.01  0.02  0.01  0.00  0.00
  6.42- 6.14-  1.237 -1.243   0.05  -0.17  1.03 -0.12 -0.12  0.12  6.50 48.25 -0.76  0.47  0.47  0.04  0.02  0.04  0.02  0.00  0.00
  6.46- 6.14-  0.197  0.120  -1.99   8.34  0.03 -0.00 -0.01 -0.01  6.50 44.17 -0.01 -0.02  0.03 -2.11 -0.98 -2.29 -1.02  0.00 -0.02
  6.53- 6.14- -0.053  0.089  -0.39   1.44 -0.06  0.01  0.00 -0.01  6.50 46.48 -0.02  0.01  0.02 -0.29 -0.14 -0.32 -0.14  0.00 -0.00
  6.58- 6.14-  0.062  0.081   0.42   1.14 -0.01  0.00  0.00  0.00  6.50171.46  0.00  0.02 -0.03 -1.36 -0.58 -1.47 -0.61 -0.00 -0.02

  6.29- MY=NY -3.452 -3.480  16.75  14.87 -0.01  0.00 -0.08 -0.07  6.50 81.20 -0.00 -0.79  0.79  2.59 -1.95  3.14 -2.27  6.50  6.81
  6.42- 6.29-  0.055 -0.031   2.42  -5.08 -0.04  0.00  0.37  0.38  6.50 54.52 -0.01  0.81 -0.83 -0.37  0.62 -0.35  0.59  0.00 -0.06
  6.46- 6.29- -1.567  1.430  -0.38   1.65  1.23 -0.17  0.20 -0.18  6.50 53.82  0.21  0.25  0.20 -0.50 -0.21 -0.54 -0.23  0.00 -0.01
  6.53- 6.29- -0.043  0.511   2.11  -8.77  0.24 -0.01 -0.00 -0.03  6.50 51.17  0.09  0.02  0.10  2.42  1.11  2.63  1.16  0.00  0.02
  6.58- 6.29-  1.024 -1.026   0.11  -0.32 -0.85 -0.24  0.24 -0.24  6.50 58.36 -0.90 -0.51 -0.51 -0.01 -0.00 -0.01 -0.00 -0.00 -0.00

  6.42- MY=NY -3.407 -3.505  17.62  12.94 -0.04  0.01 -0.18 -0.17  6.50 59.62 -0.04  1.00 -1.07  1.34 -0.44  1.94 -0.85  6.50  6.65
  6.46- 6.42- -1.509  1.238  -0.42   1.83  1.09 -0.08  0.11 -0.11  6.50 40.88  0.88  0.74  0.66 -0.20 -0.09 -0.21 -0.09  0.00 -0.00
  6.53- 6.42-  0.053  0.232   1.98  -6.93  0.13 -0.03  0.02 -0.03  6.50 48.03  0.19  0.05  0.19  0.71  0.33  0.77  0.35  0.00  0.01
  6.58- 6.42- -0.832  0.943   0.35  -1.48  0.74  0.26 -0.29  0.29  6.50 56.58 -0.96 -0.66 -0.71  0.36  0.18  0.39  0.19  0.00  0.00

  6.46- MY=NY  2.915  1.651  16.50  -9.83  0.63 -0.07 -0.22 -0.08  6.50 49.20  0.39 -0.77  0.31  2.18 -0.06  2.85 -0.45  6.50  6.66
  6.53- 6.46- -1.598  2.946  -2.10   8.60 -1.50  0.15  0.21 -0.27  6.50 50.15 -0.98  0.82  0.82 -1.93 -0.83 -2.09 -0.87  0.00 -0.02
  6.58- 6.46- -0.247  0.283  -0.86   1.72 -0.16  0.03 -0.07 -0.10  6.50 68.12  0.17 -1.21  0.95  0.54 -0.51  0.54 -0.47 -0.00  0.06

  6.53- MY=NY  0.103 -2.042  13.50 -17.67 -2.07  0.24 -0.12  0.16  6.50 52.70 -0.65 -0.46  0.10  1.47  0.02  2.10 -0.40  6.50  6.62
  6.58- 6.53-  0.166 -0.577  -0.04  -0.40  0.06  0.00  0.03 -0.01  6.50 55.25 -0.91  0.45  0.64 -0.36 -0.13 -0.39 -0.14  0.00 -0.01

  6.58- MY=NY  2.085  2.612  12.07  -0.49 -0.24 -0.03 -0.09 -0.02  6.50 59.02  0.05  0.53 -0.62  1.84 -0.11  2.48 -0.52  6.50  6.65

 DECOUP:  0.00 SEC



   #   ENERGY +/-(#)    <Q20>    <Q22>     <R2>     <JZ>      #   ENERGY +/-(#)    <Q20>    <Q22>     <R2>     <JZ>

   1   1.5000  +(# 1)   0.1281  -0.1089   1.5141   0.5000    41   6.1450  -(#20)   3.3273  -2.7950   6.8632   0.0007
   2   2.3091  -(# 1)   1.0418  -0.6101   2.5929   0.1766    42   6.2010  +(#22)   3.9887  -3.8007   7.9706   0.0000
   3   2.4214  -(# 2)  -0.1458  -0.2406   2.5125  -1.0611    43   6.2878  -(#21)   3.1421  -2.2655   6.8136  -0.0134
   4   2.7695  -(# 3)  -0.2553   0.3060   2.4650   0.3845    44   6.3871  +(#23)   2.9125  -2.2500   7.8025  -0.0002
   5   3.1482  +(# 2)   1.9323  -1.1281   3.6721   0.0552    45   6.4208  +(#24)  -2.9585   3.6174   5.0884  -0.2485
   6   3.2766  +(# 3)   2.0298  -0.2323   3.6061  -0.4781    46   6.4237  -(#22)   1.9375  -0.8490   6.6504  -0.0400
   7   3.3156  +(# 4)  -1.3193  -1.2711   3.5425   1.5403    47   6.4551  -(#23)   2.8468  -0.4464   6.6583   0.6310
   8   3.5685  +(# 5)  -0.2536   0.7327   3.4316   0.7294    48   6.5269  -(#24)   2.0986  -0.3976   6.6220  -2.0768
   9   3.7342  +(# 6)   0.4572  -0.8312   3.5849   0.0428    49   6.5284  +(#25)   2.3169  -1.1623   7.6914   0.0108
  10   3.9391  -(# 4)   2.3336  -1.8425   4.7455   0.0049    50   6.5767  -(#25)   2.4819  -0.5160   6.6479  -0.2378
  11   3.9569  +(# 7)  -1.0525   1.2049   3.3600  -0.8896    51   6.6120  -(#26)  -3.3683  -2.0434   6.5143   3.7948
  12   4.1049  -(# 5)   1.7330  -0.3846   4.6052  -0.2727    52   6.6362  +(#26)   2.1398  -0.1941   7.6079  -0.2443
  13   4.1650  -(# 6)   1.8643  -0.3274   4.6064   1.3760    53   6.6632  -(#27)   2.1978  -0.2254   6.6128   1.2998
  14   4.2344  -(# 7)  -1.8554  -1.3241   4.5234  -2.9578    54   6.7103  +(#27)   2.6782   0.7672   7.5558   1.7996
  15   4.4996  -(# 8)   1.5819  -0.3405   4.5952   0.1842    55   6.7543  -(#28)  -3.1553  -2.1182   6.5294  -2.6795
  16   4.5966  -(# 9)   2.9531  -0.8086   4.6913  -0.0843    56   6.7657  +(#28)   0.0834   0.0563   7.4992  -4.2961
  17   4.6547  -(#10)  -1.6511  -1.9828   4.5839  -0.2312    57   6.8390  +(#29)  -4.9005  -1.6341   7.4159   6.1724
  18   4.7390  +(# 8)   2.8552  -2.5074   5.8202   0.0003    58   6.8551  -(#29)   4.5521  -4.4486   9.0458   0.0000
  19   4.8079  -(#11)   0.7669   1.2073   4.4386  -0.3411    59   6.8991  -(#30)   1.6883   0.1903   6.5582   0.0813
  20   4.8583  -(#12)  -1.7742  -0.0460   4.4268   0.6414    60   6.9209  +(#30)   3.9147  -3.5031   7.9441   0.0000
  21   4.9135  +(# 9)   1.9613  -1.0704   5.6688  -0.0275    61   6.9782  -(#31)   1.6297   0.4802   6.5329  -0.2019
  22   5.0175  +(#10)   2.0602  -0.2842   5.6115   0.5080    62   7.0450  -(#32)   3.4248  -2.8535   8.8720  -0.0000
  23   5.0854  +(#11)   1.5856   0.1534   5.5566  -2.1775    63   7.0800  -(#33)  -2.7594  -1.6905   6.5130   0.7419
  24   5.1395  -(#13)  -2.1081   2.5811   4.2064   0.6806    64   7.0983  +(#31)   3.4189  -2.6266   7.8539  -0.0023
  25   5.1525  +(#12)  -2.9183  -1.3748   5.4814   4.1037    65   7.1970  -(#34)   2.6832  -1.6518   8.7457   0.0010
  26   5.3530  +(#13)   2.8173  -2.0059   5.7792   0.0121    66   7.2200  +(#32)   2.8503  -2.0360   7.7830  -0.0017
  27   5.4291  +(#14)   2.7237  -1.5578   5.7400  -0.0399    67   7.2633  +(#33)   2.5570  -0.9035   7.6815   0.1114
  28   5.4627  -(#14)   3.4060  -3.1605   6.8952   0.0000    68   7.3063  -(#35)  -0.3626   2.9297   6.2547  -0.1316
  29   5.5831  +(#15)   3.5567  -0.6659   5.7062   0.7254    69   7.3187  -(#36)   2.2492  -0.6352   8.6472  -0.0346
  30   5.6157  +(#16)   1.2455   0.2272   5.5361   0.1972    70   7.3609  +(#34)   3.0767   0.1061   7.6249  -1.1029
  31   5.6444  -(#15)   2.3907  -1.6544   6.7332  -0.0024    71   7.3690  -(#37)  -3.4506   1.6991   6.2174   0.0850
  32   5.6582  +(#17)  -2.2960  -2.7426   5.6156  -1.7140    72   7.4116  -(#38)   2.3567   0.3345   8.5758   0.5477
  33   5.6862  +(#18)   1.1115   0.3731   5.5189  -0.2327    73   7.4223  +(#35)   2.6208  -1.1731   7.7054   0.0776
  34   5.7645  +(#19)  -2.4264  -0.8398   5.4608   0.4350    74   7.4292  +(#36)   1.1400  -0.1740   7.5630   3.0673
  35   5.7721  -(#16)   2.0022  -0.6874   6.6406   0.0864    75   7.4722  +(#37)   5.1164  -5.0962  10.1210  -0.0000
  36   5.8620  -(#17)   2.2917   0.3122   6.5748  -1.0379    76   7.4750  -(#39)   2.7695   1.1552   8.5294  -2.7008
  37   5.9205  -(#18)   0.9552   0.2141   6.5246   3.1702    77   7.5112  +(#38)  -4.5740  -2.0553   7.4630  -5.0603
  38   5.9909  -(#19)  -3.9069  -1.4403   6.4437  -5.1501    78   7.5308  -(#40)  -0.9251  -0.0808   8.4663   5.4270
  39   6.0128  +(#20)   0.4886   1.9737   5.3665   0.2468    79   7.5422  +(#39)   3.1071  -0.3859   7.6648   0.6079
  40   6.0690  +(#21)  -2.7589   0.7126   5.3247  -0.2886    80   7.6062  -(#41)  -5.8798  -1.7409   8.3819  -7.1950



     PARITY: +     DIMENSION:  95     MATRIX:   0.0 SEC     DIAGONALISATION:   0.0 SEC
     PARITY: -     DIMENSION:  70     MATRIX:   0.0 SEC     DIAGONALISATION:   0.0 SEC
      TOTAL TIME:   0.0 SEC
