


         KAPPAP      MYP     KAPPAN      MYN
    0    0.1200    0.0000    0.1200    0.0000
    1    0.1200    0.0000    0.1200    0.0000
    2    0.1050    0.0000    0.1050    0.0000
    3    0.0900    0.3000    0.0900    0.2500
    4    0.0650    0.5700    0.0700    0.3900
    5    0.0600    0.6500    0.0620    0.4300
    6    0.0540    0.6900    0.0620    0.3400
    7    0.0540    0.6900    0.0620    0.2600
    8    0.0540    0.6900    0.0620    0.2600


     KAPPA    MY     EPS   GAMMA    EPS4     EPS6     W0/W00   NMAX  COUPL     OMROT      EFAC      QFAC
      SEE TABLE     0.369   43.0   0.000    0.000    1.01477     8     0     0.00000   6.54635   6.33941


                     **** PROTONS ****                     **** STRETCHED COORDINATES ****
    SYMMETRY R1= 1


   BASIS FUNCTIONS /N,L,J,OMEGA>,   PARITY +


   1 / 8 8 17/2 17/2>    20 / 8 6 11/2  1/2>    39 / 8 4  7/2 -7/2>    58 / 6 4  7/2  1/2>    77 / 4 2  5/2  5/2>
   2 / 8 8 17/2 13/2>    21 / 8 4  9/2  1/2>    40 / 8 8 17/2-11/2>    59 / 6 2  5/2  1/2>    78 / 4 4  9/2  1/2>
   3 / 8 8 15/2 13/2>    22 / 8 4  7/2  1/2>    41 / 8 8 15/2-11/2>    60 / 6 2  3/2  1/2>    79 / 4 4  7/2  1/2>
   4 / 8 6 13/2 13/2>    23 / 8 2  5/2  1/2>    42 / 8 6 13/2-11/2>    61 / 6 0  1/2  1/2>    80 / 4 2  5/2  1/2>
   5 / 8 8 17/2  9/2>    24 / 8 2  3/2  1/2>    43 / 8 6 11/2-11/2>    62 / 6 6 13/2 -3/2>    81 / 4 2  3/2  1/2>
   6 / 8 8 15/2  9/2>    25 / 8 0  1/2  1/2>    44 / 8 8 17/2-15/2>    63 / 6 6 11/2 -3/2>    82 / 4 0  1/2  1/2>
   7 / 8 6 13/2  9/2>    26 / 8 8 17/2 -3/2>    45 / 8 8 15/2-15/2>    64 / 6 4  9/2 -3/2>    83 / 4 4  9/2 -3/2>
   8 / 8 6 11/2  9/2>    27 / 8 8 15/2 -3/2>    46 / 6 6 13/2 13/2>    65 / 6 4  7/2 -3/2>    84 / 4 4  7/2 -3/2>
   9 / 8 4  9/2  9/2>    28 / 8 6 13/2 -3/2>    47 / 6 6 13/2  9/2>    66 / 6 2  5/2 -3/2>    85 / 4 2  5/2 -3/2>
  10 / 8 8 17/2  5/2>    29 / 8 6 11/2 -3/2>    48 / 6 6 11/2  9/2>    67 / 6 2  3/2 -3/2>    86 / 4 2  3/2 -3/2>
  11 / 8 8 15/2  5/2>    30 / 8 4  9/2 -3/2>    49 / 6 4  9/2  9/2>    68 / 6 6 13/2 -7/2>    87 / 4 4  9/2 -7/2>
  12 / 8 6 13/2  5/2>    31 / 8 4  7/2 -3/2>    50 / 6 6 13/2  5/2>    69 / 6 6 11/2 -7/2>    88 / 4 4  7/2 -7/2>
  13 / 8 6 11/2  5/2>    32 / 8 2  5/2 -3/2>    51 / 6 6 11/2  5/2>    70 / 6 4  9/2 -7/2>    89 / 2 2  5/2  5/2>
  14 / 8 4  9/2  5/2>    33 / 8 2  3/2 -3/2>    52 / 6 4  9/2  5/2>    71 / 6 4  7/2 -7/2>    90 / 2 2  5/2  1/2>
  15 / 8 4  7/2  5/2>    34 / 8 8 17/2 -7/2>    53 / 6 4  7/2  5/2>    72 / 6 6 13/2-11/2>    91 / 2 2  3/2  1/2>
  16 / 8 2  5/2  5/2>    35 / 8 8 15/2 -7/2>    54 / 6 2  5/2  5/2>    73 / 6 6 11/2-11/2>    92 / 2 0  1/2  1/2>
  17 / 8 8 17/2  1/2>    36 / 8 6 13/2 -7/2>    55 / 6 6 13/2  1/2>    74 / 4 4  9/2  9/2>    93 / 2 2  5/2 -3/2>
  18 / 8 8 15/2  1/2>    37 / 8 6 11/2 -7/2>    56 / 6 6 11/2  1/2>    75 / 4 4  9/2  5/2>    94 / 2 2  3/2 -3/2>
  19 / 8 6 13/2  1/2>    38 / 8 4  9/2 -7/2>    57 / 6 4  9/2  1/2>    76 / 4 4  7/2  5/2>    95 / 0 0  1/2  1/2>


    SINGLE PARTICLE (PARITY+) WAVE FUNCTIONS IN THE ENERGY INTERVAL 4.0<E<7.0

 E=4.0964  -0.176709/ 89> 0.135696/ 90>-0.381946/ 91>-0.411544/ 92>-0.127356/ 93> 0.786695/ 94>

 E=4.5235  -0.022972/ 74>-0.277205/ 75> 0.014232/ 76>-0.029022/ 77>-0.762027/ 78> 0.015114/ 79>-0.175276/ 80>
            0.012511/ 81>-0.029044/ 82>-0.537839/ 83>-0.022573/ 84>-0.095041/ 85>-0.008418/ 86>-0.100221/ 87>
           -0.004495/ 88>

 E=4.7844  -0.045247/ 74>-0.400131/ 75> 0.073198/ 76>-0.057216/ 77>-0.353476/ 78> 0.229527/ 79>-0.176016/ 80>
            0.097056/ 81>-0.063970/ 82> 0.702781/ 83> 0.172116/ 84> 0.171019/ 85> 0.044270/ 86> 0.227594/ 87>
            0.023729/ 88>

 E=4.8981  -0.119235/ 74>-0.758241/ 75> 0.095009/ 76>-0.075712/ 77> 0.282487/ 78> 0.027315/ 79> 0.481937/ 80>
           -0.085880/ 81> 0.178966/ 82>-0.152445/ 83> 0.030134/ 84> 0.053572/ 85> 0.010354/ 86>-0.129366/ 87>
           -0.004642/ 88>

 E=5.0566  -0.007684/ 74>-0.080318/ 75> 0.049720/ 76>-0.029119/ 77> 0.077191/ 78>-0.030822/ 79>-0.008321/ 80>
           -0.135263/ 81> 0.079853/ 82>-0.150628/ 83> 0.018905/ 84>-0.444027/ 85>-0.085116/ 86> 0.850924/ 87>
            0.083657/ 88>

 E=5.1585   0.019278/ 74> 0.098534/ 75> 0.174199/ 76>-0.014249/ 77> 0.184623/ 78> 0.784925/ 79>-0.051902/ 80>
            0.292523/ 81>-0.080627/ 82>-0.258448/ 83> 0.371510/ 84>-0.067036/ 85> 0.058615/ 86>-0.022429/ 87>
            0.034155/ 88>

 E=5.2579   0.871929/ 74>-0.091875/ 75>-0.009066/ 76>-0.441934/ 77> 0.034748/ 78>-0.009858/ 79>-0.059869/ 80>
            0.047998/ 81> 0.142482/ 82> 0.012310/ 83>-0.049769/ 84>-0.039494/ 85> 0.043703/ 86>-0.034919/ 87>
           -0.033164/ 88>

 E=5.2684  -0.119141/ 74>-0.270085/ 75> 0.123520/ 76>-0.069576/ 77> 0.283378/ 78> 0.072096/ 79>-0.478583/ 80>
            0.216712/ 81>-0.273015/ 82> 0.027612/ 83>-0.577611/ 84>-0.269083/ 85>-0.158955/ 86>-0.134503/ 87>
           -0.080982/ 88>

 E=5.4519   0.072245/ 74>-0.075878/ 75>-0.584438/ 76> 0.103250/ 77>-0.003643/ 78> 0.005054/ 79> 0.233534/ 80>
            0.565746/ 81>-0.227653/ 82>-0.122524/ 83>-0.203980/ 84> 0.275180/ 85> 0.045992/ 86> 0.275208/ 87>
            0.011119/ 88>

 E=5.5969   0.039299/ 74> 0.219568/ 75> 0.241351/ 76> 0.063629/ 77>-0.262210/ 78> 0.389884/ 79> 0.449848/ 80>
           -0.035192/ 81> 0.235122/ 82> 0.127832/ 83>-0.596818/ 84> 0.005669/ 85>-0.166723/ 86> 0.053012/ 87>
           -0.071604/ 88>

 E=5.6797   0.248107/ 74>-0.053501/ 75> 0.214080/ 76> 0.211707/ 77> 0.019822/ 78>-0.024369/ 79> 0.062722/ 80>
           -0.168159/ 81>-0.439438/ 82>-0.064250/ 83> 0.022083/ 84> 0.250655/ 85>-0.480786/ 86> 0.019624/ 87>
            0.565369/ 88>

 E=5.7163   0.076087/ 74>-0.065466/ 75>-0.579225/ 76> 0.181737/ 77>-0.059175/ 78> 0.203807/ 79> 0.086992/ 80>
           -0.158598/ 81> 0.054783/ 82> 0.208635/ 83> 0.102309/ 84>-0.552656/ 85>-0.293150/ 86>-0.278345/ 87>
            0.133406/ 88>

 E=5.8935  -0.004835/ 46>-0.078115/ 47> 0.002684/ 48>-0.004872/ 49>-0.364647/ 50> 0.010536/ 51>-0.051995/ 52>
            0.002464/ 53>-0.003722/ 54>-0.693354/ 55> 0.004862/ 56>-0.130014/ 57> 0.001934/ 58>-0.018925/ 59>
            0.000944/ 60>-0.002277/ 61>-0.559728/ 62>-0.010949/ 63>-0.095883/ 64>-0.003570/ 65>-0.011219/ 66>
           -0.000864/ 67>-0.190361/ 68>-0.006481/ 69>-0.020056/ 70>-0.000867/ 71>-0.024011/ 72>-0.000681/ 73>


 E=5.9004   0.312467/ 74>-0.107185/ 75> 0.109006/ 76> 0.539601/ 77> 0.005085/ 78> 0.011816/ 79> 0.080093/ 80>
           -0.184663/ 81>-0.367314/ 82> 0.001947/ 83> 0.064354/ 84>-0.065834/ 85> 0.105196/ 86> 0.047182/ 87>
           -0.624862/ 88>

 E=6.1460   0.008248/ 74> 0.071146/ 75> 0.360999/ 76>-0.020516/ 77>-0.127548/ 78>-0.340675/ 79> 0.346261/ 80>
            0.555677/ 81>-0.165135/ 82> 0.148890/ 83> 0.180970/ 84>-0.447954/ 85>-0.017131/ 86>-0.127659/ 87>
            0.060711/ 88>

 E=6.1896   0.015759/ 46> 0.198711/ 47>-0.017257/ 48> 0.014423/ 49> 0.579262/ 50>-0.085378/ 51> 0.101120/ 52>
           -0.015743/ 53> 0.009140/ 54> 0.240637/ 55>-0.147266/ 56> 0.059499/ 57>-0.036276/ 58> 0.012739/ 59>
           -0.007574/ 60> 0.002985/ 61>-0.564189/ 62>-0.125361/ 63>-0.122003/ 64>-0.029047/ 65>-0.019166/ 66>
           -0.004512/ 67>-0.402389/ 68>-0.045188/ 69>-0.050450/ 70>-0.005116/ 71>-0.070725/ 72>-0.004237/ 73>


 E=6.2941   0.178055/ 74>-0.098329/ 75> 0.089624/ 76> 0.549289/ 77> 0.037886/ 78>-0.012228/ 79>-0.152176/ 80>
            0.094701/ 81> 0.300027/ 82> 0.014816/ 83>-0.161297/ 84>-0.085152/ 85> 0.534932/ 86>-0.041682/ 87>
            0.451413/ 88>

 E=6.3847  -0.034314/ 46>-0.335601/ 47> 0.028709/ 48>-0.021803/ 49>-0.514656/ 50> 0.079894/ 51>-0.032654/ 52>
            0.012449/ 53> 0.437629/ 55> 0.018768/ 56> 0.357426/ 57>-0.006960/ 58> 0.113246/ 59>-0.011428/ 60>
            0.024371/ 61>-0.088428/ 62>-0.055542/ 63> 0.113763/ 64>-0.007388/ 65> 0.030167/ 66> 0.001299/ 67>
           -0.483806/ 68>-0.052755/ 69>-0.046296/ 70>-0.005765/ 71>-0.123711/ 72>-0.007296/ 73>

 E=6.5275  -0.028104/ 46>-0.219826/ 47> 0.022917/ 48>-0.013601/ 49>-0.124832/ 50> 0.035674/ 51> 0.029986/ 52>
           -0.003921/ 53> 0.008061/ 54> 0.286174/ 55>-0.037556/ 56> 0.178856/ 57>-0.065958/ 58> 0.088631/ 59>
           -0.037284/ 60> 0.031561/ 61>-0.449619/ 62>-0.000931/ 63>-0.363656/ 64>-0.053857/ 65>-0.102344/ 66>
           -0.020798/ 67> 0.624350/ 68> 0.084583/ 69> 0.039721/ 70> 0.005934/ 71> 0.235398/ 72> 0.015838/ 73>


 E=6.6253   0.006890/ 46> 0.062309/ 47> 0.040994/ 48> 0.001986/ 49> 0.118606/ 50> 0.308425/ 51>-0.003320/ 52>
            0.049056/ 53>-0.003654/ 54> 0.072433/ 55> 0.708656/ 56> 0.011261/ 57> 0.175945/ 58> 0.034065/ 60>
           -0.003792/ 61>-0.149447/ 62> 0.532737/ 63>-0.022378/ 64> 0.110888/ 65> 0.001740/ 66> 0.012895/ 67>
           -0.070698/ 68> 0.136536/ 69>-0.003059/ 70> 0.012244/ 71>-0.008338/ 72> 0.009238/ 73>

 E=6.6575  -0.138045/ 46>-0.803323/ 47> 0.087005/ 48>-0.036086/ 49> 0.345203/ 50> 0.029872/ 51> 0.378836/ 52>
           -0.045709/ 53> 0.061175/ 54>-0.146918/ 55> 0.013048/ 56>-0.094590/ 57>-0.024822/ 58>-0.113647/ 59>
            0.013014/ 60>-0.044490/ 61> 0.067758/ 62> 0.027951/ 63> 0.052493/ 64>-0.000716/ 65> 0.005013/ 66>
           -0.042263/ 68> 0.004109/ 69> 0.005855/ 70>-0.031024/ 72>-0.001084/ 73>

 E=6.7673  -0.069325/ 74> 0.056936/ 75>-0.076615/ 76>-0.321073/ 77>-0.051220/ 78> 0.116088/ 79> 0.229722/ 80>
           -0.321451/ 81>-0.547631/ 82> 0.042296/ 83>-0.151023/ 84>-0.164229/ 85> 0.561684/ 86>-0.029422/ 87>
            0.207293/ 88>

 E=6.8323   0.002659/ 46> 0.018112/ 47>-0.015962/ 48> 0.004605/ 49>-0.000417/ 50>-0.055572/ 51> 0.031858/ 52>
           -0.005630/ 53> 0.002990/ 54>-0.013298/ 55>-0.035193/ 56> 0.096143/ 57>-0.013274/ 58> 0.026486/ 59>
           -0.029078/ 60> 0.020135/ 61>-0.069533/ 62> 0.073593/ 63> 0.013702/ 64> 0.045956/ 65>-0.093635/ 66>
           -0.013646/ 67> 0.226753/ 68> 0.009296/ 69> 0.383948/ 70> 0.042520/ 71>-0.869625/ 72>-0.063076/ 73>


 E=6.8370   0.008560/ 46> 0.072802/ 47>-0.077918/ 48> 0.022450/ 49> 0.048111/ 50>-0.346547/ 51> 0.209274/ 52>
           -0.079549/ 53> 0.035789/ 54>-0.191350/ 55>-0.183850/ 56> 0.503440/ 57>-0.087184/ 58> 0.202281/ 59>
           -0.039992/ 60> 0.049486/ 61>-0.064042/ 62> 0.411946/ 63> 0.385278/ 64> 0.128524/ 65> 0.131145/ 66>
            0.031799/ 67> 0.052824/ 68> 0.214202/ 69> 0.025374/ 70> 0.019822/ 71> 0.173768/ 72> 0.030478/ 73>


  Q20Q22:  0.00 SEC    QTME:  0.00 SEC



    SYMMETRY R1= 1


   BASIS FUNCTIONS /N,L,J,OMEGA>,   PARITY -


   1 / 7 7 15/2 13/2>    15 / 7 5 11/2  1/2>    29 / 7 7 13/2 -7/2>    43 / 5 5 11/2  1/2>    57 / 5 5 11/2-11/2>
   2 / 7 7 13/2 13/2>    16 / 7 5  9/2  1/2>    30 / 7 5 11/2 -7/2>    44 / 5 5  9/2  1/2>    58 / 3 3  7/2  5/2>
   3 / 7 7 15/2  9/2>    17 / 7 3  7/2  1/2>    31 / 7 5  9/2 -7/2>    45 / 5 3  7/2  1/2>    59 / 3 3  5/2  5/2>
   4 / 7 7 13/2  9/2>    18 / 7 3  5/2  1/2>    32 / 7 3  7/2 -7/2>    46 / 5 3  5/2  1/2>    60 / 3 3  7/2  1/2>
   5 / 7 5 11/2  9/2>    19 / 7 1  3/2  1/2>    33 / 7 7 15/2-11/2>    47 / 5 1  3/2  1/2>    61 / 3 3  5/2  1/2>
   6 / 7 5  9/2  9/2>    20 / 7 1  1/2  1/2>    34 / 7 7 13/2-11/2>    48 / 5 1  1/2  1/2>    62 / 3 1  3/2  1/2>
   7 / 7 7 15/2  5/2>    21 / 7 7 15/2 -3/2>    35 / 7 5 11/2-11/2>    49 / 5 5 11/2 -3/2>    63 / 3 1  1/2  1/2>
   8 / 7 7 13/2  5/2>    22 / 7 7 13/2 -3/2>    36 / 7 7 15/2-15/2>    50 / 5 5  9/2 -3/2>    64 / 3 3  7/2 -3/2>
   9 / 7 5 11/2  5/2>    23 / 7 5 11/2 -3/2>    37 / 5 5 11/2  9/2>    51 / 5 3  7/2 -3/2>    65 / 3 3  5/2 -3/2>
  10 / 7 5  9/2  5/2>    24 / 7 5  9/2 -3/2>    38 / 5 5  9/2  9/2>    52 / 5 3  5/2 -3/2>    66 / 3 1  3/2 -3/2>
  11 / 7 3  7/2  5/2>    25 / 7 3  7/2 -3/2>    39 / 5 5 11/2  5/2>    53 / 5 1  3/2 -3/2>    67 / 3 3  7/2 -7/2>
  12 / 7 3  5/2  5/2>    26 / 7 3  5/2 -3/2>    40 / 5 5  9/2  5/2>    54 / 5 5 11/2 -7/2>    68 / 1 1  3/2  1/2>
  13 / 7 7 15/2  1/2>    27 / 7 1  3/2 -3/2>    41 / 5 3  7/2  5/2>    55 / 5 5  9/2 -7/2>    69 / 1 1  1/2  1/2>
  14 / 7 7 13/2  1/2>    28 / 7 7 15/2 -7/2>    42 / 5 3  5/2  5/2>    56 / 5 3  7/2 -7/2>    70 / 1 1  3/2 -3/2>


    SINGLE PARTICLE (PARITY-) WAVE FUNCTIONS IN THE ENERGY INTERVAL 4.0<E<7.0

 E=4.0962   0.849571/ 58>-0.082143/ 59> 0.018289/ 60>-0.078121/ 61>-0.451927/ 62> 0.110614/ 63>-0.126025/ 64>
           -0.122891/ 65>-0.129260/ 66> 0.029642/ 67>

 E=4.2866  -0.117981/ 58> 0.075341/ 59> 0.044548/ 60>-0.006230/ 61>-0.078673/ 62>-0.183830/ 63> 0.000322/ 64>
           -0.001423/ 65>-0.504875/ 66> 0.826739/ 67>

 E=4.4125   0.230423/ 58>-0.084715/ 59>-0.367689/ 60>-0.654817/ 61> 0.336350/ 62>-0.423961/ 63> 0.256441/ 64>
            0.026424/ 65> 0.112270/ 66> 0.061726/ 67>

 E=4.5057  -0.353624/ 58> 0.037529/ 59> 0.160451/ 60>-0.456585/ 61>-0.424299/ 62>-0.008341/ 63> 0.132849/ 64>
           -0.598633/ 65>-0.184363/ 66>-0.221871/ 67>

 E=4.6843   0.057849/ 58> 0.464527/ 59> 0.016698/ 60> 0.192632/ 61>-0.172989/ 62>-0.594485/ 63> 0.086142/ 64>
            0.259735/ 65>-0.355327/ 66>-0.398753/ 67>

 E=4.8649   0.181490/ 58>-0.009274/ 59>-0.210163/ 60> 0.426593/ 61> 0.449167/ 62>-0.031399/ 63> 0.184391/ 64>
           -0.653404/ 65>-0.264264/ 66>-0.085532/ 67>

 E=4.9961   0.080617/ 58> 0.726873/ 59> 0.006446/ 60> 0.015274/ 61>-0.026840/ 62>-0.054826/ 63>-0.113024/ 64>
           -0.283270/ 65> 0.546501/ 66> 0.263583/ 67>

 E=5.2023  -0.050186/ 37> 0.001703/ 38>-0.331224/ 39> 0.012307/ 40>-0.042517/ 41> 0.002431/ 42>-0.723093/ 43>
            0.007473/ 44>-0.142736/ 45> 0.003979/ 46>-0.021920/ 47> 0.002775/ 48>-0.556496/ 49>-0.014954/ 50>
           -0.095192/ 51>-0.005377/ 52>-0.009338/ 53>-0.150449/ 54>-0.006004/ 55>-0.011453/ 56>-0.010779/ 57>


 E=5.3923  -0.063246/ 58>-0.484127/ 59> 0.079142/ 60> 0.299099/ 61>-0.260369/ 62>-0.619023/ 63>-0.089237/ 64>
           -0.190748/ 65> 0.397251/ 66> 0.112963/ 67>

 E=5.4865   0.125951/ 37>-0.009734/ 38> 0.547600/ 39>-0.086245/ 40> 0.089397/ 41>-0.013344/ 42> 0.286050/ 43>
           -0.176327/ 44> 0.086141/ 45>-0.050582/ 46> 0.023615/ 47>-0.012903/ 48>-0.623441/ 49>-0.145227/ 50>
           -0.142071/ 51>-0.036098/ 52>-0.020065/ 53>-0.331548/ 54>-0.037736/ 55>-0.030609/ 56>-0.031718/ 57>


 E=5.6472   0.232932/ 37>-0.016163/ 38> 0.628108/ 39>-0.083347/ 40> 0.058942/ 41>-0.010965/ 42>-0.425351/ 43>
           -0.014523/ 44>-0.422008/ 45> 0.030800/ 46>-0.148374/ 47> 0.035383/ 48> 0.183713/ 49> 0.036388/ 50>
           -0.067917/ 51> 0.004411/ 52>-0.014977/ 53> 0.337136/ 54> 0.030306/ 55> 0.024452/ 56> 0.043258/ 57>


 E=5.7794  -0.072443/ 37> 0.007700/ 38>-0.120249/ 39> 0.033870/ 40>-0.013018/ 41> 0.000603/ 42> 0.187395/ 43>
           -0.031660/ 44> 0.105960/ 45>-0.085701/ 46> 0.084811/ 47>-0.051699/ 48>-0.340323/ 49> 0.016314/ 50>
           -0.395379/ 51>-0.064199/ 52>-0.090717/ 53> 0.775415/ 54> 0.091744/ 55> 0.051370/ 56> 0.131426/ 57>


 E=5.9006   0.057410/ 37> 0.016774/ 38> 0.129879/ 39> 0.252009/ 40>-0.010299/ 41> 0.032133/ 42> 0.098056/ 43>
            0.743636/ 44>-0.000488/ 45> 0.211540/ 46>-0.015846/ 47> 0.043241/ 48>-0.185756/ 49> 0.498823/ 50>
           -0.027677/ 51> 0.101509/ 52> 0.004147/ 53>-0.058038/ 54> 0.087337/ 55>-0.001067/ 56>-0.003590/ 57>


 E=5.9425   0.876814/ 37>-0.075361/ 38>-0.210159/ 39>-0.036293/ 40>-0.394136/ 41> 0.049732/ 42> 0.059871/ 43>
           -0.022374/ 44> 0.023344/ 45> 0.032631/ 46> 0.115785/ 47>-0.031000/ 48>-0.009196/ 49>-0.028147/ 50>
           -0.024769/ 51> 0.018493/ 52> 0.007020/ 53> 0.003089/ 54>-0.015009/ 55>-0.005137/ 56> 0.003614/ 57>


 E=6.0658  -0.082811/ 37> 0.033001/ 38>-0.125152/ 39> 0.263242/ 40>-0.163067/ 41> 0.050506/ 42> 0.239132/ 43>
            0.192351/ 44>-0.523089/ 45> 0.150102/ 46>-0.245271/ 47> 0.092703/ 48> 0.049067/ 49>-0.469811/ 50>
           -0.353494/ 51>-0.153475/ 52>-0.089737/ 53>-0.119383/ 54>-0.148546/ 55>-0.051711/ 56>-0.013301/ 57>


 E=6.1486  -0.004312/ 37> 0.005172/ 38> 0.003636/ 39>-0.003182/ 40>-0.000824/ 41>-0.012837/ 42>-0.005789/ 43>
            0.001444/ 44>-0.001724/ 45>-0.004463/ 46> 0.018656/ 47> 0.033029/ 48> 0.018544/ 49> 0.001134/ 50>
            0.014104/ 51>-0.020589/ 52> 0.127033/ 53>-0.100583/ 54> 0.023290/ 55>-0.387098/ 56> 0.905902/ 57>


 E=6.2631  -0.014646/ 37> 0.085285/ 38> 0.074624/ 39> 0.561865/ 40>-0.122574/ 41> 0.059600/ 42>-0.031822/ 43>
           -0.201695/ 44>-0.143991/ 45>-0.566124/ 46> 0.180472/ 47>-0.285375/ 48> 0.110887/ 49> 0.272299/ 50>
           -0.183859/ 51>-0.029542/ 52>-0.040840/ 53>-0.159288/ 54> 0.073399/ 55>-0.039321/ 56>-0.025474/ 57>


 E=6.3426  -0.081903/ 37>-0.048041/ 38>-0.181354/ 39>-0.432066/ 40>-0.106812/ 41>-0.046319/ 42> 0.243447/ 43>
           -0.283702/ 44>-0.426623/ 45> 0.013799/ 46>-0.215122/ 47> 0.065300/ 48>-0.039605/ 49> 0.537433/ 50>
           -0.183365/ 51> 0.157564/ 52>-0.017693/ 53>-0.124550/ 54> 0.141136/ 55>-0.022437/ 56>-0.016336/ 57>


 E=6.4464   0.140673/ 37> 0.002853/ 38>-0.081629/ 39> 0.158797/ 40> 0.154533/ 41>-0.005785/ 42> 0.058165/ 43>
           -0.050294/ 44> 0.002255/ 45>-0.098103/ 46>-0.399906/ 47> 0.153322/ 48>-0.081608/ 49>-0.039608/ 50>
            0.273698/ 51>-0.417730/ 52>-0.079392/ 53>-0.009380/ 54> 0.667951/ 55> 0.118232/ 56> 0.035621/ 57>


 E=6.4831   0.074518/ 37>-0.070935/ 38>-0.032101/ 39>-0.395497/ 40> 0.232362/ 41>-0.108917/ 42>-0.119039/ 43>
            0.292659/ 44> 0.168238/ 45>-0.180611/ 46> 0.144755/ 47>-0.118177/ 48> 0.247540/ 49>-0.021338/ 50>
           -0.513908/ 51>-0.351475/ 52>-0.217259/ 53>-0.215847/ 54> 0.144578/ 55>-0.071741/ 56>-0.035202/ 57>


 E=6.5026  -0.011626/  1>-0.106396/  3> 0.003063/  4>-0.009096/  5>-0.388913/  7> 0.008219/  8>-0.055378/  9>
            0.001883/ 10>-0.004923/ 11>-0.668927/ 13> 0.003195/ 14>-0.114829/ 15> 0.001000/ 16>-0.015127/ 17>
            0.000323/ 18>-0.001752/ 19>-0.558586/ 21>-0.007671/ 22>-0.090177/ 23>-0.002155/ 24>-0.010478/ 25>
           -0.000508/ 26>-0.000809/ 27>-0.224633/ 28>-0.005910/ 29>-0.026162/ 30>-0.000981/ 31>-0.001405/ 32>
           -0.040338/ 33>-0.001129/ 34>-0.002041/ 35>-0.002220/ 36>

 E=6.6377  -0.272650/ 37> 0.080073/ 38> 0.174599/ 39>-0.133955/ 40>-0.569421/ 41> 0.040961/ 42>-0.040208/ 43>
            0.026579/ 44>-0.062227/ 45> 0.222072/ 46> 0.439978/ 47>-0.070936/ 48> 0.018637/ 49>-0.143516/ 50>
            0.027289/ 51>-0.058498/ 52> 0.063234/ 53>-0.043144/ 54> 0.507922/ 55> 0.036854/ 56>-0.021586/ 57>


 E=6.7017   0.086157/ 37> 0.727103/ 38>-0.023890/ 39>-0.017115/ 40>-0.003168/ 41>-0.503582/ 42> 0.008412/ 43>
            0.013455/ 44>-0.012657/ 45>-0.088650/ 46> 0.070865/ 47> 0.303468/ 48>-0.005526/ 49> 0.020767/ 50>
           -0.032599/ 51>-0.067466/ 52> 0.231101/ 53> 0.038175/ 54>-0.028167/ 55>-0.165075/ 56>-0.122717/ 57>


 E=6.8093   0.038168/  1>-0.001672/  2> 0.264885/  3>-0.020506/  4> 0.025966/  5>-0.001769/  6> 0.582824/  7>
           -0.070721/  8> 0.098326/  9>-0.013003/ 10> 0.010641/ 11>-0.001361/ 12> 0.210387/ 13>-0.108635/ 14>
            0.044132/ 15>-0.023337/ 16> 0.007543/ 17>-0.004046/ 18> 0.001315/ 19>-0.000680/ 20>-0.517895/ 21>
           -0.095235/ 22>-0.100723/ 23>-0.019799/ 24>-0.014715/ 25>-0.003126/ 26>-0.001533/ 27>-0.454212/ 28>
           -0.042971/ 29>-0.061616/ 30>-0.006100/ 31>-0.003916/ 32>-0.117436/ 33>-0.007283/ 34>-0.006718/ 35>

-0.008037/ 36>

 E=6.8638   0.016128/ 37> 0.429154/ 38> 0.005351/ 39>-0.071213/ 40>-0.061273/ 41>-0.068377/ 42>-0.003103/ 43>
            0.014306/ 44> 0.016807/ 45> 0.054548/ 46>-0.082864/ 47>-0.242177/ 48> 0.007305/ 49>-0.009419/ 50>
            0.066732/ 51> 0.120374/ 52>-0.520389/ 53>-0.095961/ 54>-0.091539/ 55> 0.570165/ 56> 0.316991/ 57>


 E=6.9115   0.041197/ 37> 0.077080/ 38> 0.040172/ 39> 0.314003/ 40> 0.078731/ 41> 0.103966/ 42>-0.131255/ 43>
           -0.366511/ 44> 0.317401/ 45> 0.511858/ 46>-0.039532/ 47> 0.277130/ 48> 0.163951/ 49> 0.128326/ 50>
           -0.416605/ 51> 0.113405/ 52>-0.145194/ 53>-0.112643/ 54> 0.132137/ 55>-0.037135/ 56>-0.010041/ 57>


  Q20Q22:  0.00 SEC    QTME:  0.00 SEC

 Q0= 145.703 HBAR/MW0     Q2= -68.537 HBAR/MW0     GAMMA= 33.6 DEG   FOR 82 PARTICLES;  A=207

1
 **********************************************  SINGLE PARTICLE MATRIX ELEMENTS  ***********************************************


   ENY   EMY     A+B     C      D      E    JZ    S0    S+    S-  <R2S> <R4S>  R2DZ  R2D+  R2D-  Q20S  Q22S   Q20   Q22  RHO2    R2


  5.49- MY=NY  4.085  4.422  29.50  15.59 -0.12 -0.01  0.18  0.22  6.50 48.85  0.03  0.68 -0.75  3.34 -0.92  4.90 -1.35  6.50  7.10
  5.65- 5.49-  2.784 -1.988  -0.54   6.52  1.51  0.16  0.26 -0.21  6.50 49.67 -0.41  0.57  0.43 -0.73 -0.36 -0.86 -0.38 -0.00 -0.03
  5.78- 5.49- -0.149 -1.036   1.79 -19.35  0.36  0.03 -0.01 -0.09  6.50 47.63 -0.10 -0.01  0.21  2.09  1.06  2.46  1.09 -0.00  0.09
  5.90- 5.49- -0.076  0.016   2.18  -5.02 -0.03 -0.01  0.44  0.47  6.50 49.26 -0.06  0.24 -0.18 -0.74  0.84 -0.75  0.74  0.00 -0.16
  5.94- 5.49-  0.338 -0.005  -0.92   8.21  0.13  0.01  0.00 -0.02  6.50 39.65 -0.05  0.06  0.02 -0.78 -0.46 -0.93 -0.47  0.00 -0.03
  6.07- 5.49- -1.020  1.031   0.30  -0.58 -0.64 -0.30 -0.25  0.25  6.50 48.52 -0.92  0.31  0.31 -0.05  0.01 -0.06  0.00 -0.00 -0.01
  6.15- 5.49-  0.012 -0.064   0.23  -2.07  0.03  0.00  0.00 -0.00  6.50 36.48 -0.00  0.00  0.01  0.20  0.11  0.24  0.11 -0.00  0.01
  6.26- 5.49- -0.150  0.135  -0.84   1.26 -0.10 -0.01 -0.04  0.00  6.50 58.58 -0.01  0.00  0.04  0.19  0.02  0.21  0.03 -0.00  0.02
  6.34- 5.49- -0.502  0.552   0.91  -1.43 -0.27  0.25  0.20 -0.22  6.50 49.78  0.79 -0.28 -0.26 -0.33 -0.02 -0.38 -0.04  0.00 -0.03
  6.45- 5.49-  0.049  0.008   0.80  -0.89  0.02  0.02  0.00 -0.04  6.50 53.17  0.05 -0.04 -0.00 -0.42 -0.08 -0.48 -0.10 -0.00 -0.03
  6.48- 5.49- -0.169 -0.074  -4.09   5.01 -0.04  0.04  0.07 -0.01  6.50 44.84  0.11 -0.01 -0.07  1.74  0.33  1.99  0.39  0.00  0.13

  5.65- MY=NY -3.848 -1.605  25.83 -12.25  0.98  0.14 -0.37 -0.10  6.50 51.88 -0.12 -0.66  0.29  3.88 -0.12  5.58 -0.58  6.50  7.07
  5.78- 5.65-  1.385 -4.158  -1.63  14.88 -1.25 -0.18  0.21 -0.38  6.50 51.34  0.14  0.28  0.75 -1.53 -0.87 -1.81 -0.89  0.00 -0.06
  5.90- 5.65-  0.561 -0.551  -0.59   2.53  0.27  0.13  0.14 -0.13  6.50 48.38  0.69 -0.34 -0.31  0.03 -0.04  0.03 -0.03 -0.00  0.01
  5.94- 5.65- -0.933  0.139  -2.03  18.87  0.52  0.05 -0.08  0.03  6.50 47.56 -0.14 -0.14 -0.01 -1.90 -1.05 -2.25 -1.07 -0.00 -0.07
  6.07- 5.65-  0.134 -0.094  -3.98   8.24 -0.15  0.06 -0.42 -0.24  6.50 53.85  0.26  0.08  0.21  1.07 -1.02  1.10 -0.90 -0.00  0.21
  6.15- 5.65-  0.026 -0.218  -0.36   3.67 -0.06 -0.00  0.01 -0.01  6.50 37.74  0.02  0.01  0.04 -0.39 -0.19 -0.46 -0.20  0.00 -0.02
  6.26- 5.65- -0.598  0.373   1.46  -1.54  0.10 -0.34  0.31 -0.11  6.50 53.40 -1.13 -0.22 -0.34 -0.83 -0.29 -0.96 -0.31  0.00 -0.05
  6.34- 5.65-  0.163 -0.202  -4.28   9.17 -0.13  0.00  0.29  0.23  6.50 46.32 -0.01  0.01 -0.14  1.23 -1.09  1.27 -0.96 -0.00  0.23
  6.45- 5.65-  0.206 -0.001  -2.45   2.60  0.00 -0.13  0.11 -0.14  6.50 46.60 -0.40 -0.18 -0.13  1.16  0.21  1.32  0.25  0.00  0.09
  6.48- 5.65- -0.657  0.603   1.19  -2.66  0.26  0.10 -0.04  0.01  6.50 38.93  0.38  0.06  0.07 -0.23  0.12 -0.24  0.10 -0.00 -0.03

  5.78- MY=NY -0.227  2.192  22.44 -19.80 -2.57 -0.29 -0.07  0.11  6.50 50.43  0.55 -0.11 -0.44  2.39 -0.08  3.91 -0.61  6.50  6.92
  5.90- 5.78- -0.293 -0.150   0.99  -5.26 -0.03  0.01  0.00 -0.01  6.50 40.05  0.16 -0.07 -0.17 -0.24  0.04 -0.26  0.03  0.00 -0.03
  5.94- 5.78- -4.127  0.691   0.51  -5.53 -0.23 -0.01 -0.33  0.11  6.50 50.60  0.09 -0.79 -0.18  0.58  0.26  0.68  0.27  0.00  0.03
  6.07- 5.78- -0.333  0.403  -0.01   0.22  0.26 -0.11  0.08 -0.11  6.50 57.67 -0.63 -0.17 -0.20  0.09 -0.17  0.09 -0.15 -0.00  0.03
  6.15- 5.78-  0.008  0.080  -1.56  13.41 -0.29 -0.02  0.00  0.01  6.50 44.82  0.09 -0.00 -0.02 -1.27 -0.68 -1.49 -0.70  0.00 -0.05
  6.26- 5.78-  0.401 -0.415  -2.71   5.59  0.44  0.13 -0.17 -0.67  6.50 51.82  0.51 -0.53 -0.33  0.80 -0.90  0.81 -0.80  0.00  0.17
  6.34- 5.78- -0.257  0.337   0.98  -2.23  0.22  0.08 -0.04  0.21  6.50 43.33  0.36  0.26  0.25 -0.30 -0.16 -0.36 -0.16 -0.00 -0.01
  6.45- 5.78- -0.431  0.571   0.87  -2.80 -0.19 -0.24 -0.06 -0.09  6.50 49.51 -0.79 -0.06  0.00  0.16  0.49  0.23  0.46 -0.00 -0.03
  6.48- 5.78-  0.084 -0.052  -4.53   9.51  0.29 -0.12  0.05  0.27  6.50 50.21 -0.43  0.21  0.18  1.30 -1.24  1.33 -1.10 -0.00  0.25

  5.90- MY=NY  4.319  4.227  23.01  29.28  0.04 -0.01 -0.22 -0.19  6.50 49.48  0.08 -1.34  1.20  4.00 -1.69  5.56 -2.04  6.50  7.24
  5.94- 5.90- -0.245 -0.149  -0.56  -0.30  0.16  0.02 -0.00  0.01  6.50 58.09  0.04 -0.03 -0.09 -0.16  0.01 -0.18  0.00  0.00 -0.02
  6.07- 5.90-  0.539 -1.129  -0.22  -3.02  0.61 -0.15 -0.21  0.23  6.50 50.34  1.34 -1.04 -1.07  0.56  0.27  0.65  0.28  0.00  0.03
  6.15- 5.90-  0.015 -0.112   0.02   0.08 -0.01  0.00  0.00 -0.01  6.50 45.13 -0.00  0.01  0.02 -0.01 -0.01 -0.01 -0.01 -0.00  0.00
  6.26- 5.90-  0.555  0.605   0.81  13.21  0.01  0.01 -0.04 -0.04  6.50 42.32  0.27 -0.22 -0.11 -2.48 -1.23 -2.91 -1.28  0.00 -0.11
  6.34- 5.90- -1.733  1.630  -0.28  -1.09 -0.96  0.16  0.12 -0.14  6.50 48.20  0.71 -0.27 -0.21  0.27  0.13  0.32  0.13  0.00  0.01
  6.45- 5.90-  0.068  0.276   0.10   6.01 -0.04  0.00  0.02 -0.02  6.50 48.10 -0.08 -0.01  0.07 -1.04 -0.45 -1.21 -0.47 -0.00 -0.05
  6.48- 5.90- -0.084  0.261   1.28   0.21 -0.15  0.01  0.06  0.01  6.50 67.75  0.03  0.04 -0.10 -0.58 -0.28 -0.68 -0.29 -0.00 -0.03

  5.94- MY=NY -0.137 -0.003  14.99  -9.52  4.00  0.43 -0.06 -0.00  6.50 50.95 -0.90  0.02  0.04 -1.15 -1.16 -0.18 -1.80  6.50  6.70
  6.07- 5.94-  0.096 -0.122   0.63  -1.42 -0.18  0.01 -0.01  0.00  6.50 54.81  0.09  0.15  0.13  0.05 -0.06  0.05 -0.06 -0.00  0.01
  6.15- 5.94-  0.424 -3.188  -0.09   0.38 -0.04 -0.01  0.07 -0.23  6.50 50.62 -0.01  0.13  0.62 -0.04 -0.04 -0.04 -0.04  0.00  0.00
  6.26- 5.94-  0.319 -0.255  -0.86   1.92 -0.03  0.09  0.02 -0.02  6.50 47.52  0.56 -0.07 -0.05  0.42 -0.02  0.47 -0.00 -0.00  0.04
  6.34- 5.94-  0.159 -0.099   0.86  -2.61 -0.06 -0.04 -0.01 -0.02  6.50 56.25 -0.22 -0.06 -0.01 -0.20 -0.16 -0.24 -0.16  0.00 -0.00
  6.45- 5.94-  0.172 -0.099   1.47  -3.69  0.46  0.02  0.76  0.05  6.50 51.18  0.09 -0.66 -0.72 -0.28  1.02 -0.22  0.94  0.00 -0.13
  6.48- 5.94-  0.385 -0.272   0.30  -0.84  0.14 -0.05  0.23  0.01  6.50 50.38 -0.23 -0.19 -0.21 -0.10  0.34 -0.08  0.31 -0.00 -0.04

  6.07- MY=NY -2.913 -3.183  17.22   7.84 -0.16  0.08 -0.12  0.02  6.50 68.67  0.00 -0.92  1.01  4.22 -0.93  5.89 -1.32  6.50  7.19
  6.15- 6.07-  0.006  0.094   0.13  -0.79 -0.02 -0.00 -0.00  0.01  6.50 61.68 -0.01 -0.01 -0.04 -0.06 -0.01 -0.06 -0.01  0.00 -0.00
  6.26- 6.07- -1.841 -0.108   0.28   9.15  0.40 -0.19  0.23 -0.26  6.50 58.10 -0.34  0.19  0.23 -1.96 -0.87 -2.30 -0.91 -0.00 -0.10
  6.34- 6.07- -0.262  0.389  -1.72   3.36  0.31  0.05 -0.43 -0.30  6.50 54.65  0.22 -0.48  0.67  0.09 -0.02  0.10 -0.01  0.00  0.01
  6.45- 6.07- -0.343  1.144  -0.71 -10.40  0.45 -0.01  0.01 -0.04  6.50 45.89  0.23  0.09  0.13  2.23  0.99  2.61  1.04  0.00  0.11
  6.48- 6.07-  1.791 -1.739   0.17  -2.62 -0.91 -0.23  0.14 -0.23  6.50 58.45 -0.93 -0.35 -0.24  0.22  0.19  0.26  0.19  0.00  0.00

  6.15- MY=NY -0.002  0.021   5.33  -2.90 -5.10 -0.50 -0.00 -0.03  6.50 50.70  1.24 -0.02 -0.03 -4.68 -2.01 -4.23 -2.78  6.50  6.45
  6.26- 6.15- -0.022  0.021   0.37  -1.56  0.01  0.00  0.00 -0.00  6.50 42.37  0.02 -0.04 -0.08 -0.04 -0.01 -0.04 -0.01 -0.00 -0.00
  6.34- 6.15- -0.015  0.043   0.16  -0.67  0.01 -0.00  0.00  0.00  6.50 32.51  0.01  0.02  0.03 -0.02 -0.02 -0.02 -0.02  0.00 -0.00
  6.45- 6.15-  0.114 -0.206   0.21  -0.94 -0.08  0.05 -0.00  0.00  6.50 64.24  0.40 -0.00 -0.01 -0.22  0.07 -0.24  0.06  0.00 -0.03
  6.48- 6.15-  0.018 -0.037   0.59  -1.91  0.03  0.02 -0.01  0.01  6.50 53.91  0.13  0.03  0.03 -0.11 -0.02 -0.13 -0.03 -0.00 -0.01

  6.26- MY=NY  2.253 -0.156  13.64  -6.04  0.83 -0.20 -0.28  0.02  6.50 53.80  1.16 -2.11 -0.05  4.10 -0.82  5.76 -1.22  6.50  7.16
  6.34- 6.26-  0.935 -1.683   1.27  -1.85 -0.97 -0.01 -0.03 -0.06  6.50 58.78 -0.69 -0.16 -0.44  0.01  0.25  0.03  0.24  0.00 -0.03
  6.45- 6.26-  0.943  2.298   1.12   3.87  0.05 -0.05  0.15 -0.17  6.50 59.61 -0.83  0.61  0.55 -0.83 -0.26 -0.96 -0.28  0.00 -0.05
  6.48- 6.26- -0.615  1.297  -2.12   6.93 -1.02  0.01  0.00 -0.33  6.50 61.67  0.29 -0.68  0.30  0.10 -0.58  0.05 -0.54 -0.00  0.07

  6.34- MY=NY -3.279 -2.731  19.50   2.49  0.16  0.10 -0.29 -0.07  6.50 55.39 -0.14  0.99 -1.35  2.48  0.72  4.10  0.13  6.50  6.85
  6.45- 6.34-  0.412 -0.661  -0.32   0.44 -0.29  0.07 -0.10  0.13  6.50 49.33 -0.28 -0.34 -0.61  0.37  0.26  0.44  0.26  0.00  0.01
  6.48- 6.34- -0.725 -1.194  -0.05   9.11  0.06 -0.28  0.36 -0.31  6.50 53.68  0.81  0.90  0.71 -1.33 -0.61 -1.55 -0.63  0.00 -0.06

  6.45- MY=NY -0.667  0.903  10.08  -0.83 -1.69  0.36 -0.17 -0.08  6.50 58.98 -0.96  0.02  1.67 -0.07 -2.19  0.93 -2.71  6.50  6.90
  6.48- 6.45-  0.432 -1.281  -1.60   3.51 -0.37  0.08  0.07  0.06  6.50 42.76 -0.83 -0.15  0.77 -0.82 -0.99 -1.02 -0.96  0.00  0.02

  6.48- MY=NY  1.548  1.001  14.86  -9.65 -0.30 -0.14 -0.21 -0.19  6.50 54.01  0.09  1.04 -0.90  2.22  0.74  3.81  0.14  6.50  6.83

 DECOUP:  0.00 SEC



   #   ENERGY +/-(#)    <Q20>    <Q22>     <R2>     <JZ>      #   ENERGY +/-(#)    <Q20>    <Q22>     <R2>     <JZ>

   1   1.5000  +(# 1)   0.2853  -0.1525   1.5438   0.5000    41   6.1460  +(#21)   0.6871   2.3635   5.2814   0.1853
   2   2.2446  -(# 1)   1.9468  -0.4181   2.7247   0.3713    42   6.1486  -(#21)  -4.2346  -2.7786   6.4487  -5.1411
   3   2.4317  -(# 2)  -0.2421  -0.7899   2.5719  -1.1111    43   6.1896  +(#22)   5.4521  -1.9300   8.2194  -0.0285
   4   2.8237  -(# 3)  -0.2781   0.4456   2.4221   0.2398    44   6.2631  -(#22)   5.7647  -1.2214   7.1635   0.8402
   5   3.0171  +(# 2)   3.7182  -0.6584   3.9126   0.2825    45   6.2941  +(#23)  -2.9596   0.9267   5.1238  -0.2015
   6   3.1976  +(# 3)   1.9173  -0.9128   3.7808  -0.7305    46   6.3426  -(#23)   4.1030   0.1346   6.8531   0.1592
   7   3.3389  +(# 4)  -1.1631  -1.6921   3.5961   1.3574    47   6.3847  +(#24)   5.7584  -1.0271   8.1398   0.4131
   8   3.6135  +(# 5)   1.4484   0.6175   3.5570   0.6138    48   6.4464  -(#24)   0.9318  -2.7072   6.9050  -1.7041
   9   3.7364  +(# 6)  -0.8865  -0.7882   3.5138   0.1946    49   6.4831  -(#25)   3.8120   0.1438   6.8258  -0.3036
  10   3.7677  -(# 4)   4.2169  -1.3838   5.0435   0.0915    50   6.5026  -(#26)   6.8178  -4.0404   9.5926   0.0001
  11   3.9938  -(# 5)   4.6677  -0.2023   4.9439  -0.8398    51   6.5275  +(#25)   6.0693  -0.0718   8.0545  -1.9035
  12   4.0962  -(# 6)   1.2489  -1.5428   4.7954   1.8716    52   6.6253  +(#26)   6.2600  -2.8056   8.3960   0.0116
  13   4.0964  +(# 7)  -1.0397   1.2990   3.2524  -0.7177    53   6.6377  -(#27)   0.3280  -1.0940   6.6593   0.4667
  14   4.2866  -(# 7)  -2.2549  -2.5025   4.5940  -2.7247    54   6.6575  +(#27)   2.8783  -0.9854   7.8758   3.7710
  15   4.4125  -(# 8)   4.4619   0.3837   4.8559   0.4524    55   6.7017  -(#28)  -4.0060  -4.1626   6.6335   2.8553
  16   4.5057  -(# 9)   1.1377  -0.9847   4.7192  -0.2686    56   6.7673  +(#28)  -2.7451   3.4899   4.8390  -0.1716
  17   4.5235  +(# 8)   4.7599  -2.0894   6.1761   0.0200    57   6.8093  -(#29)   5.9786  -2.5089   9.3354  -0.0049
  18   4.6843  -(#10)  -2.2178  -2.3170   4.5754  -0.0973    58   6.8323  +(#29)  -0.9456  -2.0756   7.6612  -4.9368
  19   4.7844  +(# 9)   4.8638  -0.6892   6.0193  -0.4770    59   6.8370  +(#30)   6.2497  -2.1525   8.3176  -0.2059
  20   4.8649  -(#11)   1.4307   1.4571   4.4558  -0.5321    60   6.8638  -(#30)  -3.9829  -2.7428   6.4671  -1.2959
  21   4.8981  +(#10)   4.4595  -0.7889   5.9948   1.6269    61   6.9115  -(#31)   2.9453   1.8258   6.5484   0.1404
  22   4.9961  -(#12)  -2.2006   0.0244   4.2991   0.5169    62   7.0325  -(#32)   5.8704  -1.4989   9.2059   0.1097
  23   5.0566  +(#11)   0.8571  -1.6450   5.7723  -2.8815    63   7.0387  -(#33)   0.2910   0.8260   6.4282  -0.1776
  24   5.1585  +(#12)   5.1765  -0.9973   6.0840   0.1519    64   7.0417  +(#31)  -5.1878  -3.0377   7.3937   6.1777
  25   5.2023  -(#13)   5.3870  -2.7619   7.3122   0.0034    65   7.0660  +(#32)   5.8417  -0.6654   8.1044  -0.6763
  26   5.2579  +(#13)  -3.2417  -2.6911   5.5276   3.9581    66   7.0749  +(#33)   7.4980  -4.6925  10.7312   0.0000
  27   5.2684  +(#14)   4.3933  -0.6648   5.9741  -0.2237    67   7.0752  +(#34)   6.6723  -0.9686   8.2151   1.6751
  28   5.3923  -(#14)  -1.9311   2.4930   4.0305   0.5300    68   7.2038  -(#34)   6.4022  -0.2812   9.1093  -1.0176
  29   5.4519  +(#15)   1.5836  -2.0095   5.8808   0.6735    69   7.2138  +(#35)   4.4057  -1.8478   8.1155  -2.1690
  30   5.4865  -(#15)   4.8981  -1.3482   7.1006  -0.1247    70   7.2397  -(#35)  -3.8706  -1.0117   6.2718   0.3465
  31   5.5969  +(#16)   3.2766   1.0580   5.6692  -0.1085    71   7.2619  +(#36)   5.9736  -0.1843   8.0592  -0.2847
  32   5.6472  -(#16)   5.5824  -0.5750   7.0704   0.9839    72   7.3251  -(#36)   5.7569   0.0051   9.0173   2.9950
  33   5.6797  +(#17)  -2.8982  -3.5435   5.6597  -0.9563    73   7.3324  -(#37)   6.9428  -3.5808   9.5493   0.0134
  34   5.7163  +(#18)   0.5739   0.0752   5.5427  -0.0003    74   7.3888  +(#37)   6.5704  -3.1099  10.4600  -0.0008
  35   5.7794  -(#17)   3.9107  -0.6135   6.9246  -2.5902    75   7.3959  +(#38)   3.7023  -1.0086   7.9527   0.9781
  36   5.8935  +(#19)   6.1414  -3.3868   8.4542   0.0006    76   7.4266  +(#39)   0.1050  -2.7594   7.8368   3.3374
  37   5.9004  +(#20)  -3.0941  -1.1819   5.3619  -0.0951    77   7.4664  -(#38)   1.8595  -1.1712   8.8062  -4.8690
  38   5.9006  -(#18)   5.5576  -2.0355   7.2414   0.0449    78   7.5208  -(#39)   0.0618   3.2494   6.1201  -0.1288
  39   5.9425  -(#19)  -0.1772  -1.8015   6.6978   4.0318    79   7.5770  -(#40)   6.9552  -2.9758   9.4787  -0.0168
  40   6.0658  -(#20)   5.8887  -1.3173   7.1860  -0.1586    80   7.5963  +(#40)  -0.2378  -2.4649   7.7710  -1.9484



     PARITY: +     DIMENSION:  95     MATRIX:   0.0 SEC     DIAGONALISATION:   0.0 SEC
     PARITY: -     DIMENSION:  70     MATRIX:   0.0 SEC     DIAGONALISATION:   0.0 SEC
      TOTAL TIME:   0.0 SEC
