


         KAPPAP      MYP     KAPPAN      MYN
    0    0.1200    0.0000    0.1200    0.0000
    1    0.1200    0.0000    0.1200    0.0000
    2    0.1050    0.0000    0.1050    0.0000
    3    0.0900    0.3000    0.0900    0.2500
    4    0.0650    0.5700    0.0700    0.3900
    5    0.0600    0.6500    0.0620    0.4300
    6    0.0540    0.6900    0.0620    0.3400
    7    0.0540    0.6900    0.0620    0.2600
    8    0.0540    0.6900    0.0620    0.2600


     KAPPA    MY     EPS   GAMMA    EPS4     EPS6     W0/W00   NMAX  COUPL     OMROT      EFAC      QFAC
      SEE TABLE     0.132   36.0   0.000    0.000    1.00193     8     0     0.00000   6.46347   6.42070


                     **** PROTONS ****                     **** STRETCHED COORDINATES ****
    SYMMETRY R1= 1


   BASIS FUNCTIONS /N,L,J,OMEGA>,   PARITY +


   1 / 8 8 17/2 17/2>    20 / 8 6 11/2  1/2>    39 / 8 4  7/2 -7/2>    58 / 6 4  7/2  1/2>    77 / 4 2  5/2  5/2>
   2 / 8 8 17/2 13/2>    21 / 8 4  9/2  1/2>    40 / 8 8 17/2-11/2>    59 / 6 2  5/2  1/2>    78 / 4 4  9/2  1/2>
   3 / 8 8 15/2 13/2>    22 / 8 4  7/2  1/2>    41 / 8 8 15/2-11/2>    60 / 6 2  3/2  1/2>    79 / 4 4  7/2  1/2>
   4 / 8 6 13/2 13/2>    23 / 8 2  5/2  1/2>    42 / 8 6 13/2-11/2>    61 / 6 0  1/2  1/2>    80 / 4 2  5/2  1/2>
   5 / 8 8 17/2  9/2>    24 / 8 2  3/2  1/2>    43 / 8 6 11/2-11/2>    62 / 6 6 13/2 -3/2>    81 / 4 2  3/2  1/2>
   6 / 8 8 15/2  9/2>    25 / 8 0  1/2  1/2>    44 / 8 8 17/2-15/2>    63 / 6 6 11/2 -3/2>    82 / 4 0  1/2  1/2>
   7 / 8 6 13/2  9/2>    26 / 8 8 17/2 -3/2>    45 / 8 8 15/2-15/2>    64 / 6 4  9/2 -3/2>    83 / 4 4  9/2 -3/2>
   8 / 8 6 11/2  9/2>    27 / 8 8 15/2 -3/2>    46 / 6 6 13/2 13/2>    65 / 6 4  7/2 -3/2>    84 / 4 4  7/2 -3/2>
   9 / 8 4  9/2  9/2>    28 / 8 6 13/2 -3/2>    47 / 6 6 13/2  9/2>    66 / 6 2  5/2 -3/2>    85 / 4 2  5/2 -3/2>
  10 / 8 8 17/2  5/2>    29 / 8 6 11/2 -3/2>    48 / 6 6 11/2  9/2>    67 / 6 2  3/2 -3/2>    86 / 4 2  3/2 -3/2>
  11 / 8 8 15/2  5/2>    30 / 8 4  9/2 -3/2>    49 / 6 4  9/2  9/2>    68 / 6 6 13/2 -7/2>    87 / 4 4  9/2 -7/2>
  12 / 8 6 13/2  5/2>    31 / 8 4  7/2 -3/2>    50 / 6 6 13/2  5/2>    69 / 6 6 11/2 -7/2>    88 / 4 4  7/2 -7/2>
  13 / 8 6 11/2  5/2>    32 / 8 2  5/2 -3/2>    51 / 6 6 11/2  5/2>    70 / 6 4  9/2 -7/2>    89 / 2 2  5/2  5/2>
  14 / 8 4  9/2  5/2>    33 / 8 2  3/2 -3/2>    52 / 6 4  9/2  5/2>    71 / 6 4  7/2 -7/2>    90 / 2 2  5/2  1/2>
  15 / 8 4  7/2  5/2>    34 / 8 8 17/2 -7/2>    53 / 6 4  7/2  5/2>    72 / 6 6 13/2-11/2>    91 / 2 2  3/2  1/2>
  16 / 8 2  5/2  5/2>    35 / 8 8 15/2 -7/2>    54 / 6 2  5/2  5/2>    73 / 6 6 11/2-11/2>    92 / 2 0  1/2  1/2>
  17 / 8 8 17/2  1/2>    36 / 8 6 13/2 -7/2>    55 / 6 6 13/2  1/2>    74 / 4 4  9/2  9/2>    93 / 2 2  5/2 -3/2>
  18 / 8 8 15/2  1/2>    37 / 8 6 11/2 -7/2>    56 / 6 6 11/2  1/2>    75 / 4 4  9/2  5/2>    94 / 2 2  3/2 -3/2>
  19 / 8 6 13/2  1/2>    38 / 8 4  9/2 -7/2>    57 / 6 4  9/2  1/2>    76 / 4 4  7/2  5/2>    95 / 0 0  1/2  1/2>


    SINGLE PARTICLE (PARITY+) WAVE FUNCTIONS IN THE ENERGY INTERVAL 6.0<E<8.0

 E=6.0298   0.026844/ 74>-0.022431/ 75> 0.050687/ 76> 0.263358/ 77> 0.011981/ 78>-0.033334/ 79>-0.123470/ 80>
            0.240347/ 81> 0.534977/ 82> 0.006858/ 83>-0.108008/ 84>-0.076772/ 85> 0.711103/ 86>-0.010405/ 87>
            0.207365/ 88>

 E=6.2244   0.014696/ 74>-0.016154/ 75> 0.042798/ 76> 0.174364/ 77> 0.017409/ 78>-0.081451/ 79>-0.156921/ 80>
            0.364194/ 81> 0.614215/ 82>-0.014075/ 83> 0.104521/ 84> 0.109380/ 85>-0.624571/ 86> 0.007980/ 87>
           -0.112210/ 88>

 E=6.3686  -0.004450/ 46>-0.075665/ 47> 0.001240/ 48>-0.002440/ 49>-0.365360/ 50> 0.004830/ 51>-0.026028/ 52>
            0.000590/ 53>-0.000970/ 54>-0.704892/ 55> 0.002178/ 56>-0.064466/ 57> 0.000407/ 58>-0.004573/ 59>
           -0.566328/ 62>-0.004972/ 63>-0.047768/ 64>-0.000807/ 65>-0.002807/ 66>-0.187974/ 68>-0.002991/ 69>
           -0.010062/ 70>-0.022716/ 72>

 E=6.4733  -0.014980/ 46>-0.199334/ 47> 0.005870/ 48>-0.007295/ 49>-0.601920/ 50> 0.023958/ 51>-0.050453/ 52>
            0.002515/ 53>-0.002253/ 54>-0.253169/ 55> 0.032208/ 56>-0.028357/ 57> 0.003820/ 58>-0.002569/ 59>
            0.000397/ 60> 0.591001/ 62> 0.030734/ 63> 0.059879/ 64> 0.003769/ 65> 0.004361/ 66> 0.000367/ 67>
            0.411205/ 68> 0.014176/ 69> 0.025406/ 70> 0.000952/ 71> 0.069087/ 72> 0.001521/ 73>

 E=6.5538   0.033796/ 46> 0.349553/ 47>-0.013103/ 48> 0.013306/ 49> 0.547678/ 50>-0.034557/ 51> 0.040131/ 52>
           -0.003566/ 53> 0.001789/ 54>-0.517713/ 55>-0.007536/ 56>-0.112149/ 57>-0.014543/ 59> 0.000420/ 60>
           -0.001428/ 61> 0.078153/ 62> 0.023903/ 63>-0.015236/ 64> 0.002457/ 65>-0.002170/ 66> 0.517779/ 68>
            0.024196/ 69> 0.032248/ 70> 0.001652/ 71> 0.126565/ 72> 0.003417/ 73>

 E=6.6101   0.028845/ 46> 0.237164/ 47>-0.010146/ 48> 0.008950/ 49> 0.123986/ 50>-0.014114/ 51>-0.002258/ 52>
           -0.000737/ 53>-0.000612/ 54>-0.338222/ 55> 0.010045/ 56>-0.075466/ 57> 0.004672/ 58>-0.012350/ 59>
            0.001248/ 60>-0.001615/ 61> 0.537518/ 62> 0.000561/ 63> 0.128924/ 64> 0.005283/ 65> 0.015861/ 66>
            0.001327/ 67>-0.663557/ 68>-0.037350/ 69>-0.037016/ 70>-0.002316/ 71>-0.240485/ 72>-0.007250/ 73>


 E=6.6627  -0.139041/ 46>-0.862573/ 47> 0.041085/ 48>-0.030530/ 49> 0.412417/ 50> 0.005029/ 51> 0.125693/ 52>
           -0.006134/ 53> 0.010378/ 54>-0.181239/ 55>-0.005675/ 56>-0.048926/ 57>-0.002655/ 58>-0.012454/ 59>
           -0.001972/ 61> 0.092164/ 62> 0.003463/ 63> 0.019835/ 64> 0.001344/ 65> 0.002454/ 66> 0.000325/ 67>
           -0.049805/ 68>-0.003470/ 69>-0.001479/ 70>-0.033387/ 72>-0.001096/ 73>

 E=6.7350   0.001221/ 46> 0.004138/ 47>-0.007909/ 50> 0.000386/ 51>-0.001505/ 52> 0.021446/ 55>-0.001214/ 56>
            0.005653/ 57>-0.000479/ 58> 0.001160/ 59>-0.000539/ 60> 0.000460/ 61>-0.072097/ 62> 0.003888/ 63>
           -0.025808/ 64> 0.002460/ 65>-0.011024/ 66>-0.000785/ 67> 0.264142/ 68>-0.008947/ 69> 0.121320/ 70>
            0.005819/ 71>-0.952687/ 72>-0.034610/ 73>

 E=6.8236   0.982216/ 46>-0.139154/ 47>-0.009388/ 48>-0.121796/ 49> 0.025080/ 50> 0.002013/ 51> 0.012913/ 52>
            0.001993/ 53> 0.011398/ 54>-0.005003/ 55>-0.000400/ 56>-0.001756/ 57>-0.000565/ 59>-0.000411/ 60>
           -0.000845/ 61> 0.001105/ 62>

 E=7.0777   0.000767/ 46> 0.010659/ 47> 0.046572/ 48>-0.000877/ 49> 0.032366/ 50> 0.326890/ 51>-0.007135/ 52>
            0.026512/ 53>-0.001246/ 54> 0.013359/ 55> 0.735504/ 56>-0.004731/ 57> 0.089155/ 58>-0.001893/ 59>
            0.008815/ 60>-0.000856/ 61>-0.031397/ 62> 0.560094/ 63> 0.009086/ 64> 0.059609/ 65> 0.002730/ 66>
            0.003942/ 67>-0.022023/ 68> 0.144422/ 69> 0.003284/ 70> 0.007059/ 71>-0.003618/ 72> 0.009614/ 73>


 E=7.1909   0.001063/ 46> 0.012476/ 47> 0.120572/ 48>-0.007684/ 49> 0.025545/ 50> 0.556800/ 51>-0.075707/ 52>
            0.055816/ 53>-0.008061/ 54> 0.003943/ 55> 0.297410/ 56>-0.163909/ 57> 0.048990/ 58>-0.029134/ 59>
            0.007413/ 60>-0.003896/ 61> 0.017216/ 62>-0.641988/ 63>-0.132797/ 64>-0.087855/ 65>-0.021547/ 66>
           -0.008056/ 67> 0.022806/ 68>-0.325488/ 69>-0.031442/ 70>-0.019061/ 71> 0.004853/ 72>-0.028922/ 73>


 E=7.2741  -0.002017/ 46>-0.018447/ 47>-0.235064/ 48> 0.015276/ 49>-0.019163/ 50>-0.672554/ 51> 0.098649/ 52>
           -0.064674/ 53> 0.011381/ 54> 0.003824/ 55> 0.523914/ 56> 0.038450/ 57> 0.167762/ 58>-0.000614/ 59>
            0.032081/ 60>-0.004656/ 61>-0.202372/ 63>-0.062121/ 64>-0.009916/ 65>-0.011171/ 66>-0.000932/ 67>
            0.018167/ 68>-0.351560/ 69>-0.033344/ 70>-0.021028/ 71> 0.005644/ 72>-0.041280/ 73>

 E=7.3244   0.003303/ 46> 0.028445/ 47> 0.022104/ 48> 0.021066/ 49> 0.017557/ 50> 0.130894/ 51> 0.261605/ 52>
            0.003739/ 53> 0.021911/ 54>-0.101782/ 55> 0.083857/ 56> 0.740374/ 57> 0.005572/ 58> 0.133596/ 59>
           -0.003411/ 60> 0.015515/ 61>-0.040990/ 62>-0.191898/ 63> 0.521285/ 64>-0.022321/ 65> 0.071674/ 66>
            0.000680/ 67> 0.034667/ 68> 0.021145/ 69> 0.102258/ 70> 0.004319/ 71> 0.011249/ 72> 0.008319/ 73>


 E=7.3342   0.000978/ 46> 0.007810/ 47> 0.076363/ 48>-0.002507/ 49> 0.004093/ 50> 0.127876/ 51> 0.012450/ 52>
            0.007778/ 53> 0.001307/ 54>-0.012926/ 55>-0.205287/ 56> 0.110565/ 57>-0.068370/ 58> 0.036469/ 59>
           -0.019886/ 60> 0.009154/ 61>-0.012275/ 62> 0.402076/ 63> 0.022328/ 64> 0.164572/ 65> 0.023290/ 66>
            0.023867/ 67> 0.033732/ 68>-0.836261/ 69>-0.078286/ 70>-0.048217/ 71> 0.014496/ 72>-0.129816/ 73>


 E=7.4128  -0.006758/ 46>-0.033610/ 47>-0.944302/ 48> 0.069858/ 49> 0.005718/ 50> 0.257536/ 51> 0.054706/ 52>
            0.156591/ 53>-0.013590/ 54>-0.001001/ 55>-0.073566/ 56>-0.011838/ 57>-0.032332/ 58>-0.014595/ 59>
           -0.019056/ 60> 0.001826/ 61> 0.001649/ 62> 0.026528/ 63>-0.009581/ 64> 0.005890/ 65>-0.002814/ 66>
            0.000318/ 67>-0.000551/ 68>-0.011658/ 69>-0.003703/ 70>-0.000640/ 71>-0.003402/ 73>

 E=7.4557   0.006813/ 46> 0.040397/ 47> 0.044273/ 48> 0.046854/ 49>-0.030955/ 50> 0.060796/ 51> 0.435647/ 52>
           -0.040177/ 53> 0.047261/ 54>-0.069937/ 55>-0.019498/ 56> 0.369246/ 57>-0.114449/ 58> 0.109280/ 59>
           -0.033660/ 60> 0.023024/ 61> 0.116993/ 62> 0.028439/ 63>-0.724719/ 64>-0.097483/ 65>-0.138805/ 66>
           -0.022589/ 67>-0.035786/ 68> 0.076951/ 69>-0.224724/ 70>-0.009764/ 71>-0.026698/ 72> 0.007316/ 73>


 E=7.5133   0.000663/ 47> 0.001354/ 49>-0.001022/ 50> 0.001685/ 51> 0.007757/ 52>-0.000518/ 53> 0.000316/ 54>
            0.000324/ 55>-0.004871/ 56>-0.000614/ 57>-0.002524/ 58>-0.001591/ 59>-0.000457/ 60> 0.002517/ 61>
            0.023248/ 63>-0.008388/ 64> 0.014150/ 65>-0.011839/ 66> 0.019683/ 67> 0.003271/ 68>-0.131217/ 69>
            0.042119/ 70>-0.157163/ 71>-0.028447/ 72> 0.976751/ 73>

 E=7.5324  -0.016120/ 46>-0.067803/ 47>-0.060282/ 48>-0.120116/ 49> 0.117414/ 50>-0.049950/ 51>-0.800441/ 52>
            0.081252/ 53>-0.083643/ 54>-0.080177/ 55> 0.021192/ 56> 0.401347/ 57> 0.033021/ 58> 0.261392/ 59>
           -0.020043/ 60> 0.062675/ 61> 0.044112/ 62>-0.010009/ 63>-0.207106/ 64>-0.027646/ 65>-0.023876/ 66>
           -0.007224/ 67>-0.003398/ 68> 0.027677/ 69>-0.131154/ 70>-0.007947/ 71>-0.015145/ 72> 0.013980/ 73>


 E=7.6169  -0.001109/ 46>-0.002709/ 47>-0.000405/ 48>-0.009056/ 49> 0.008089/ 50>-0.001177/ 51>-0.036878/ 52>
            0.008632/ 53>-0.004986/ 54>-0.017220/ 55>-0.003628/ 56> 0.072378/ 57>-0.007720/ 58> 0.028604/ 59>
           -0.028587/ 60> 0.022213/ 61> 0.042012/ 62> 0.019302/ 63>-0.223589/ 64> 0.040560/ 65>-0.234975/ 66>
           -0.027315/ 67>-0.097523/ 68>-0.070252/ 69> 0.922024/ 70> 0.070797/ 71> 0.098799/ 72>-0.039550/ 73>


 E=7.6971   0.000848/  1> 0.018484/  2> 0.000396/  4> 0.126808/  5>-0.001402/  6> 0.006182/  7> 0.404850/ 10>
           -0.002990/ 11> 0.027735/ 12>-0.000319/ 13> 0.001299/ 14> 0.659909/ 17>-0.001052/ 18> 0.051380/ 19>
            0.003035/ 21> 0.560968/ 26> 0.002616/ 27> 0.041887/ 28> 0.002298/ 30> 0.247215/ 34> 0.002366/ 35>
            0.014767/ 36> 0.000526/ 38> 0.053890/ 40> 0.000629/ 41> 0.001937/ 42> 0.004852/ 44>

 E=7.7290   0.114328/ 46>-0.059605/ 47> 0.060200/ 48> 0.955018/ 49> 0.016669/ 50>-0.010534/ 51>-0.105119/ 52>
           -0.032330/ 53>-0.230597/ 54>-0.004386/ 55> 0.001631/ 56> 0.018063/ 57> 0.004410/ 58> 0.008951/ 59>
            0.015620/ 60> 0.035844/ 61> 0.001173/ 62>-0.000348/ 63>-0.003674/ 64>-0.000513/ 65>-0.002916/ 66>
            0.005559/ 67> 0.000394/ 69> 0.000512/ 70>-0.001325/ 71>-0.000776/ 73>

 E=7.8051  -0.003343/  1>-0.060451/  2> 0.001052/  3>-0.001420/  4>-0.310246/  5> 0.006823/  6>-0.016832/  7>
            0.000422/  8>-0.000410/  9>-0.586544/ 10> 0.016137/ 11>-0.045458/ 12> 0.001481/ 13>-0.002443/ 14>
           -0.197884/ 17> 0.019739/ 18>-0.017627/ 19> 0.001851/ 20>-0.001215/ 21> 0.498554/ 26> 0.018834/ 27>
            0.042407/ 28> 0.001793/ 29> 0.002697/ 30> 0.486981/ 34> 0.011669/ 35> 0.032641/ 36> 0.000939/ 37>
            0.001319/ 38> 0.155193/ 40> 0.003115/ 41> 0.006157/ 42> 0.017580/ 44>

 E=7.8260  -0.000685/ 46>-0.005987/ 47>-0.033445/ 48>-0.004101/ 49> 0.004250/ 50>-0.055801/ 51>-0.070501/ 52>
           -0.190492/ 53> 0.009986/ 54> 0.010690/ 55> 0.156630/ 56>-0.074906/ 57>-0.803439/ 58> 0.063190/ 59>
           -0.233659/ 60> 0.056166/ 61>-0.015833/ 62> 0.028858/ 63> 0.113415/ 64>-0.438284/ 65>-0.010069/ 66>
           -0.067750/ 67> 0.004855/ 68>-0.058373/ 69> 0.029113/ 70>-0.041545/ 71> 0.003192/ 72>-0.008747/ 73>


 E=7.8957   0.008833/  1> 0.131564/  2>-0.002909/  3> 0.003235/  4> 0.479414/  5>-0.014853/  6> 0.026418/  7>
           -0.000931/  8> 0.000674/  9> 0.356586/ 10>-0.021619/ 11> 0.018665/ 12>-0.001898/ 13> 0.000669/ 14>
           -0.469940/ 17>-0.005342/ 18>-0.074296/ 19>-0.000388/ 20>-0.007283/ 21>-0.000579/ 23>-0.081037/ 26>
            0.015370/ 27>-0.028129/ 28> 0.001289/ 29>-0.002984/ 30> 0.548850/ 34> 0.020836/ 35> 0.034994/ 36>
            0.001667/ 37> 0.001416/ 38> 0.291389/ 40> 0.007738/ 41> 0.012000/ 42> 0.042433/ 44> 0.000684/ 45>


 E=7.9235   0.001154/ 46> 0.002579/ 47>-0.024337/ 48> 0.015808/ 49>-0.009226/ 50> 0.002495/ 51> 0.061278/ 52>
           -0.166541/ 53> 0.074736/ 54> 0.012410/ 55> 0.068418/ 56>-0.138715/ 57>-0.216021/ 58> 0.509124/ 59>
           -0.195403/ 60> 0.194186/ 61> 0.001914/ 62>-0.132429/ 63>-0.049701/ 64> 0.643915/ 65> 0.290089/ 66>
            0.150143/ 67>-0.003879/ 68> 0.072346/ 69> 0.027019/ 70> 0.092481/ 71> 0.000757/ 72> 0.016656/ 73>


 E=7.9691  -0.016599/  1>-0.203657/  2> 0.005230/  3>-0.005065/  4>-0.492146/  5> 0.019369/  6>-0.024389/  7>
            0.001128/  8>-0.000567/  9> 0.124830/ 10> 0.009922/ 11> 0.040134/ 12> 0.004041/ 14> 0.307429/ 17>
           -0.011008/ 18> 0.051164/ 19>-0.002715/ 20> 0.005821/ 21>-0.000372/ 22> 0.000561/ 23>-0.530781/ 26>
           -0.004093/ 27>-0.091246/ 28>-0.002223/ 29>-0.009560/ 30>-0.000386/ 31>-0.000741/ 32> 0.353827/ 34>
            0.021497/ 35> 0.010302/ 36> 0.001308/ 37> 0.421395/ 40> 0.013373/ 41> 0.017064/ 42> 0.000507/ 43>

 0.080228/ 44> 0.001476/ 45>

  Q20Q22:  0.00 SEC    QTME:  0.00 SEC



    SYMMETRY R1= 1


   BASIS FUNCTIONS /N,L,J,OMEGA>,   PARITY -


   1 / 7 7 15/2 13/2>    15 / 7 5 11/2  1/2>    29 / 7 7 13/2 -7/2>    43 / 5 5 11/2  1/2>    57 / 5 5 11/2-11/2>
   2 / 7 7 13/2 13/2>    16 / 7 5  9/2  1/2>    30 / 7 5 11/2 -7/2>    44 / 5 5  9/2  1/2>    58 / 3 3  7/2  5/2>
   3 / 7 7 15/2  9/2>    17 / 7 3  7/2  1/2>    31 / 7 5  9/2 -7/2>    45 / 5 3  7/2  1/2>    59 / 3 3  5/2  5/2>
   4 / 7 7 13/2  9/2>    18 / 7 3  5/2  1/2>    32 / 7 3  7/2 -7/2>    46 / 5 3  5/2  1/2>    60 / 3 3  7/2  1/2>
   5 / 7 5 11/2  9/2>    19 / 7 1  3/2  1/2>    33 / 7 7 15/2-11/2>    47 / 5 1  3/2  1/2>    61 / 3 3  5/2  1/2>
   6 / 7 5  9/2  9/2>    20 / 7 1  1/2  1/2>    34 / 7 7 13/2-11/2>    48 / 5 1  1/2  1/2>    62 / 3 1  3/2  1/2>
   7 / 7 7 15/2  5/2>    21 / 7 7 15/2 -3/2>    35 / 7 5 11/2-11/2>    49 / 5 5 11/2 -3/2>    63 / 3 1  1/2  1/2>
   8 / 7 7 13/2  5/2>    22 / 7 7 13/2 -3/2>    36 / 7 7 15/2-15/2>    50 / 5 5  9/2 -3/2>    64 / 3 3  7/2 -3/2>
   9 / 7 5 11/2  5/2>    23 / 7 5 11/2 -3/2>    37 / 5 5 11/2  9/2>    51 / 5 3  7/2 -3/2>    65 / 3 3  5/2 -3/2>
  10 / 7 5  9/2  5/2>    24 / 7 5  9/2 -3/2>    38 / 5 5  9/2  9/2>    52 / 5 3  5/2 -3/2>    66 / 3 1  3/2 -3/2>
  11 / 7 3  7/2  5/2>    25 / 7 3  7/2 -3/2>    39 / 5 5 11/2  5/2>    53 / 5 1  3/2 -3/2>    67 / 3 3  7/2 -7/2>
  12 / 7 3  5/2  5/2>    26 / 7 3  5/2 -3/2>    40 / 5 5  9/2  5/2>    54 / 5 5 11/2 -7/2>    68 / 1 1  3/2  1/2>
  13 / 7 7 15/2  1/2>    27 / 7 1  3/2 -3/2>    41 / 5 3  7/2  5/2>    55 / 5 5  9/2 -7/2>    69 / 1 1  1/2  1/2>
  14 / 7 7 13/2  1/2>    28 / 7 7 15/2 -7/2>    42 / 5 3  5/2  5/2>    56 / 5 3  7/2 -7/2>    70 / 1 1  3/2 -3/2>


    SINGLE PARTICLE (PARITY-) WAVE FUNCTIONS IN THE ENERGY INTERVAL 6.0<E<8.0

 E=6.2701   0.007714/ 37> 0.021948/ 38> 0.036668/ 39> 0.276611/ 40>-0.010266/ 41> 0.018600/ 42> 0.018818/ 43>
            0.773771/ 44>-0.012328/ 45> 0.107783/ 46>-0.006382/ 47> 0.012167/ 48>-0.040500/ 49> 0.542728/ 50>
            0.016494/ 51> 0.059990/ 52> 0.004759/ 53>-0.020704/ 54> 0.097918/ 55> 0.003028/ 56>-0.001720/ 57>


 E=6.3725  -0.001558/ 37>-0.049863/ 38>-0.017006/ 39>-0.438201/ 40> 0.099584/ 41>-0.038982/ 42>-0.029216/ 43>
           -0.337254/ 44> 0.314970/ 45>-0.076287/ 46> 0.065377/ 47>-0.018287/ 48>-0.029017/ 49> 0.674104/ 50>
            0.231531/ 51> 0.104536/ 52> 0.034423/ 53>-0.009598/ 54> 0.218245/ 55> 0.028931/ 56>

 E=6.4509  -0.006099/ 37>-0.118349/ 38>-0.024022/ 39>-0.740415/ 40> 0.156665/ 41>-0.065140/ 42>-0.016305/ 43>
            0.473696/ 44> 0.178345/ 45> 0.194982/ 46> 0.009693/ 47> 0.040288/ 48> 0.001213/ 49>-0.286828/ 50>
            0.013697/ 51>-0.032376/ 52>-0.003841/ 53> 0.018184/ 54>-0.168111/ 55>-0.007967/ 56> 0.002365/ 57>


 E=6.4670   0.028563/ 37> 0.045712/ 38> 0.049030/ 39> 0.354255/ 40> 0.149366/ 41> 0.020996/ 42>-0.114468/ 43>
            0.068320/ 44> 0.733652/ 45>-0.031653/ 46> 0.156395/ 47>-0.025183/ 48>-0.023976/ 49>-0.255916/ 50>
            0.435024/ 51>-0.020330/ 52> 0.050809/ 53> 0.045671/ 54>-0.043623/ 55> 0.044525/ 56> 0.007215/ 57>


 E=6.5250  -0.001486/ 37>-0.012999/ 38>-0.004598/ 39>-0.050094/ 40> 0.001344/ 41>-0.003087/ 42> 0.010300/ 43>
            0.085371/ 44>-0.067006/ 45> 0.041820/ 46>-0.049967/ 47> 0.023507/ 48>-0.002262/ 49>-0.259786/ 50>
            0.094676/ 51>-0.172265/ 52>-0.019919/ 53>-0.036255/ 54> 0.928289/ 55> 0.104989/ 56>-0.004118/ 57>


 E=6.5830  -0.025123/ 37> 0.002564/ 38>-0.002540/ 39>-0.048141/ 40>-0.222017/ 41> 0.021202/ 42> 0.080727/ 43>
           -0.003887/ 44>-0.391603/ 45> 0.161498/ 46>-0.169846/ 47> 0.069446/ 48>-0.129541/ 49>-0.047066/ 50>
            0.799492/ 51> 0.134683/ 52> 0.137512/ 53> 0.067918/ 54>-0.125799/ 55> 0.108203/ 56> 0.016775/ 57>


 E=6.6262   0.025322/ 37> 0.967005/ 38> 0.005267/ 39>-0.133973/ 40>-0.113507/ 41>-0.170680/ 42>-0.004852/ 43>
            0.025693/ 44> 0.028762/ 45> 0.014940/ 46> 0.040909/ 47> 0.020313/ 48> 0.003253/ 49>-0.006785/ 50>
           -0.016780/ 51>-0.002878/ 52> 0.003869/ 53>-0.001069/ 54> 0.006776/ 55>-0.006160/ 56>-0.001014/ 57>


 E=6.6638  -0.101069/ 37>-0.119405/ 38> 0.109017/ 39>-0.095448/ 40>-0.896241/ 41> 0.100955/ 42>-0.048784/ 43>
            0.028114/ 44> 0.215264/ 45> 0.066111/ 46> 0.271032/ 47>-0.054841/ 48> 0.022032/ 49>-0.017528/ 50>
           -0.091036/ 51> 0.010899/ 52> 0.000716/ 53>-0.006781/ 54> 0.030540/ 55>-0.023590/ 56>-0.003644/ 57>


 E=6.7772  -0.000878/ 37> 0.007579/ 38> 0.002137/ 39>-0.003106/ 40>-0.011350/ 41> 0.012337/ 42>-0.005239/ 43>
           -0.001607/ 44> 0.019884/ 45>-0.001367/ 46>-0.006867/ 47>-0.049947/ 48> 0.018168/ 49> 0.014471/ 50>
           -0.089107/ 51> 0.048235/ 52>-0.257637/ 53>-0.067097/ 54>-0.089777/ 55> 0.945058/ 56> 0.117467/ 57>


 E=6.9012  -0.004601/ 37>-0.023937/ 38>-0.004447/ 39>-0.105324/ 40>-0.030660/ 41>-0.103220/ 42> 0.022665/ 43>
            0.196853/ 44>-0.164857/ 45>-0.827334/ 46> 0.216009/ 47>-0.306609/ 48>-0.024244/ 49>-0.025862/ 50>
            0.164515/ 51>-0.231554/ 52> 0.019533/ 53> 0.010920/ 54>-0.048205/ 55> 0.018357/ 56> 0.002292/ 57>


 E=6.9845  -0.011660/ 37> 0.004629/ 38> 0.018249/ 39>-0.010351/ 40>-0.157126/ 41> 0.041383/ 42>-0.015232/ 43>
           -0.019775/ 44> 0.157917/ 45>-0.047978/ 46>-0.551920/ 47> 0.205856/ 48>-0.003381/ 49> 0.131075/ 50>
            0.061180/ 51>-0.708837/ 52>-0.242227/ 53> 0.006498/ 54>-0.121411/ 55>-0.036060/ 56>-0.001882/ 57>


 E=7.0515  -0.010538/  1>-0.102174/  3> 0.001385/  4>-0.004422/  5>-0.388594/  7> 0.003774/  8>-0.027389/  9>
            0.000436/ 10>-0.001230/ 11>-0.680505/ 13> 0.001469/ 14>-0.057065/ 15>-0.003668/ 17>-0.564814/ 21>
           -0.003529/ 22>-0.044758/ 23>-0.000487/ 24>-0.002573/ 25>-0.220591/ 28>-0.002699/ 29>-0.012853/ 30>
           -0.000357/ 32>-0.037711/ 33>-0.000504/ 34>-0.000978/ 35>-0.001944/ 36>

 E=7.1392   0.003647/ 37> 0.138306/ 38>-0.001382/ 39>-0.088251/ 40> 0.023253/ 41> 0.716821/ 42>-0.003650/ 43>
            0.036970/ 44> 0.053959/ 45>-0.072111/ 46>-0.296222/ 47>-0.444750/ 48>-0.001069/ 49>-0.046739/ 50>
            0.025598/ 51> 0.248300/ 52>-0.288456/ 53> 0.006661/ 54> 0.036632/ 55>-0.120229/ 56>-0.010502/ 57>


 E=7.1580  -0.035205/  1> 0.000586/  2>-0.260418/  3> 0.006678/  4>-0.012667/  5> 0.000328/  6>-0.599562/  7>
            0.019557/  8>-0.048663/  9> 0.001941/ 10>-0.002558/ 11>-0.221141/ 13> 0.024810/ 14>-0.021791/ 15>
            0.002581/ 16>-0.001693/ 17> 0.540343/ 21> 0.023631/ 22> 0.049889/ 23> 0.002516/ 24> 0.003420/ 25>
            0.457979/ 28> 0.013062/ 29> 0.030348/ 30> 0.001034/ 31> 0.000969/ 32> 0.112058/ 33> 0.002483/ 34>
            0.003230/ 35> 0.007140/ 36>

 E=7.1627   0.011771/ 37> 0.050592/ 38>-0.019193/ 39> 0.005278/ 40> 0.164631/ 41> 0.262234/ 42> 0.021330/ 43>
           -0.078508/ 44>-0.192739/ 45> 0.382740/ 46> 0.581902/ 47>-0.231935/ 48>-0.015275/ 49> 0.099621/ 50>
            0.115805/ 51>-0.517914/ 52>-0.147810/ 53> 0.006672/ 54>-0.066701/ 55>-0.015181/ 56>-0.000584/ 57>


 E=7.2445   0.078250/  1>-0.001607/  2> 0.428337/  3>-0.014740/  4> 0.021450/  5>-0.000738/  6> 0.442900/  7>
           -0.026944/  8> 0.028000/  9>-0.002576/ 10> 0.001271/ 11>-0.490503/ 13>-0.006430/ 14>-0.089623/ 15>
           -0.000381/ 16>-0.009990/ 17>-0.000898/ 19>-0.017536/ 21> 0.019184/ 22>-0.025046/ 23> 0.001731/ 24>
           -0.003009/ 25> 0.560065/ 28> 0.023437/ 29> 0.036403/ 30> 0.001864/ 31> 0.001206/ 32> 0.214574/ 33>
            0.006069/ 34> 0.006466/ 35> 0.017038/ 36>

 E=7.2659  -0.003273/ 37>-0.079191/ 38> 0.002855/ 39> 0.054942/ 40>-0.038140/ 41>-0.513970/ 42> 0.002387/ 43>
           -0.016430/ 44>-0.015229/ 45> 0.107592/ 46> 0.004487/ 47>-0.241974/ 48>-0.010552/ 49>-0.019504/ 50>
            0.127786/ 51> 0.165174/ 52>-0.754132/ 53> 0.014100/ 54> 0.021370/ 55>-0.201748/ 56>-0.015496/ 57>


 E=7.3102  -0.102941/  1> 0.002391/  2>-0.409909/  3> 0.016886/  4>-0.019582/  5> 0.000811/  6>-0.012447/  7>
            0.013074/  8> 0.023444/  9> 0.002616/ 11> 0.351476/ 13>-0.010886/ 14> 0.067408/ 15>-0.003529/ 16>
            0.009057/ 17>-0.000626/ 18> 0.001031/ 19>-0.556558/ 21>-0.003472/ 22>-0.110622/ 23>-0.003389/ 24>
           -0.012763/ 25>-0.000736/ 26>-0.000924/ 27> 0.499707/ 28> 0.028160/ 29> 0.023961/ 30> 0.001875/ 31>
            0.000542/ 32> 0.341920/ 33> 0.011157/ 34> 0.010334/ 35> 0.033559/ 36>

 E=7.3584  -0.243403/  1> 0.006105/  2>-0.699471/  3> 0.032785/  4>-0.029033/  5> 0.001410/  6> 0.520410/  7>
           -0.001860/  8> 0.115615/  9>-0.004420/ 10> 0.010960/ 11>-0.000648/ 12>-0.315438/ 13>-0.004686/ 14>
           -0.071201/ 15>-0.001374/ 16>-0.012995/ 17>-0.001824/ 19> 0.190873/ 21> 0.005703/ 22> 0.036222/ 23>
            0.001986/ 24> 0.004241/ 25> 0.000401/ 26> 0.000349/ 27>-0.077339/ 28>-0.006652/ 29> 0.001860/ 30>
           -0.127825/ 33>-0.004567/ 34>-0.003763/ 35>-0.015213/ 36>

 E=7.4166  -0.011618/  1> 0.000316/  2>-0.017632/  3> 0.001014/  4> 0.031954/  7>-0.001092/  8> 0.005814/  9>
           -0.000346/ 10> 0.000537/ 11>-0.063577/ 13> 0.002130/ 14>-0.014510/ 15> 0.000727/ 16>-0.002645/ 17>
            0.000320/ 18>-0.000520/ 19> 0.154028/ 21>-0.004296/ 22> 0.042180/ 23>-0.001520/ 24> 0.010350/ 25>
            0.000335/ 26> 0.001162/ 27>-0.396761/ 28> 0.003586/ 29>-0.114312/ 30>-0.004670/ 31>-0.007176/ 32>
            0.881008/ 33> 0.034827/ 34> 0.023463/ 35> 0.141730/ 36>

 E=7.4925   0.955024/  1>-0.028474/  2>-0.262068/  3>-0.006771/  4>-0.111729/  5> 0.004209/  6> 0.068923/  7>
            0.003062/  8> 0.024814/  9> 0.001519/ 10> 0.009486/ 11>-0.000488/ 12>-0.018778/ 13>-0.000951/ 14>
           -0.005312/ 15>-0.000405/ 16>-0.001345/ 17>-0.000582/ 19> 0.005648/ 21> 0.001202/ 23>-0.002116/ 28>
           -0.000341/ 30> 0.001123/ 33> 0.000338/ 36>

 E=7.5266  -0.002237/ 37>-0.033793/ 38> 0.004289/ 39> 0.034856/ 40>-0.040015/ 41>-0.307090/ 42>-0.006112/ 43>
           -0.033921/ 44> 0.066409/ 45> 0.246956/ 46>-0.293709/ 47>-0.734455/ 48> 0.006414/ 49> 0.023506/ 50>
           -0.073815/ 51>-0.142840/ 52> 0.421040/ 53>-0.005481/ 54>-0.011844/ 55> 0.074340/ 56> 0.004784/ 57>


 E=7.5822  -0.001053/ 13> 0.005000/ 21>-0.000342/ 22> 0.001849/ 23> 0.000704/ 25> 0.000705/ 27>-0.025464/ 28>
            0.001664/ 29>-0.012928/ 30> 0.001331/ 31>-0.009707/ 32> 0.141149/ 33>-0.007456/ 34> 0.112706/ 35>
           -0.983043/ 36>

 E=7.8672  -0.001492/  1>-0.004253/  2>-0.011137/  3>-0.073810/  4> 0.001268/  5>-0.002729/  6>-0.025455/  7>
           -0.362383/  8> 0.005435/  9>-0.029820/ 10> 0.001043/ 11>-0.001312/ 12>-0.009271/ 13>-0.705473/ 14>
            0.002633/ 15>-0.074882/ 16> 0.000780/ 17>-0.006339/ 18>-0.000473/ 20> 0.022770/ 21>-0.564979/ 22>
           -0.005824/ 23>-0.055209/ 24>-0.001492/ 25>-0.003856/ 26> 0.019527/ 28>-0.185012/ 29>-0.003210/ 30>
           -0.011399/ 31>-0.000367/ 32> 0.004779/ 33>-0.021943/ 34>

 E=7.9839  -0.002860/  1>-0.014171/  2>-0.016393/  3>-0.192618/  4> 0.011119/  5>-0.008175/  6>-0.021321/  7>
           -0.593056/  8> 0.059583/  9>-0.058171/ 10> 0.007284/ 11>-0.003145/ 12> 0.003339/ 13>-0.252861/ 14>
            0.106393/ 15>-0.033404/ 16> 0.016153/ 17>-0.003736/ 18> 0.001740/ 19>-0.000462/ 20>-0.009297/ 21>
            0.587396/ 22> 0.089688/ 23> 0.069947/ 24> 0.013179/ 25> 0.006231/ 26> 0.001170/ 27>-0.023237/ 28>
            0.401717/ 29> 0.030434/ 30> 0.028913/ 31> 0.002386/ 32>-0.008237/ 33> 0.066109/ 34> 0.002596/ 35>

-0.000625/ 36>

  Q20Q22:  0.00 SEC    QTME:  0.00 SEC

 Q0=  34.629 HBAR/MW0     Q2= -16.710 HBAR/MW0     GAMMA= 34.3 DEG   FOR 82 PARTICLES;  A=207

1
 **********************************************  SINGLE PARTICLE MATRIX ELEMENTS  ***********************************************


   ENY   EMY     A+B     C      D      E    JZ    S0    S+    S-  <R2S> <R4S>  R2DZ  R2D+  R2D-  Q20S  Q22S   Q20   Q22  RHO2    R2


  5.70- MY=NY  4.176  4.449  30.60  14.86 -0.10 -0.01  0.34  0.37  6.50 48.81  0.02  0.70 -0.75  2.49 -0.78  3.03 -0.94  6.50  6.64
  5.78- 5.70- -2.996  2.387   1.06  -6.56 -1.70 -0.18 -0.28  0.23  6.50 48.89  0.34 -0.48 -0.38  0.43  0.35  0.46  0.34  0.00  0.00
  5.83- 5.70-  0.020  1.058  -3.39  20.95 -0.38 -0.04 -0.01  0.09  6.50 48.43  0.08  0.01 -0.18 -1.37 -1.10 -1.46 -1.09 -0.00 -0.01
  5.89- 5.70-  0.361 -0.065  -1.38   8.51  0.15  0.01  0.03 -0.01  6.50 47.47 -0.03  0.06  0.01 -0.55 -0.44 -0.58 -0.44  0.00 -0.00
  5.98- 5.70- -0.010  0.058  -0.35   2.15 -0.02 -0.00 -0.00  0.00  6.50 45.52  0.01 -0.00 -0.01 -0.14 -0.11 -0.14 -0.11 -0.00 -0.00
  6.27- 5.70- -0.009 -0.003   0.53  -1.22 -0.00 -0.01  0.33  0.34  6.50 48.86 -0.01 -0.19  0.21 -0.53  0.61 -0.53  0.58 -0.00 -0.04
  6.37- 5.70-  0.087 -0.077   0.05   0.01  0.06  0.40  0.33 -0.36  6.50 48.77  0.88 -0.37 -0.38 -0.09 -0.03 -0.10 -0.03  0.00 -0.00
  6.45- 5.70- -0.001 -0.090  -0.44  -0.25  0.02  0.01  0.09  0.04  6.50 50.14  0.02 -0.05  0.00  0.82  0.27  0.86  0.28 -0.00  0.02
  6.47- 5.70-  0.294 -0.292  -0.09   0.30  0.14 -0.16 -0.15  0.14  6.50 49.41 -0.34  0.15  0.14  0.02 -0.05  0.02 -0.05  0.00  0.00
  6.53- 5.70-  0.001  0.043   0.25   0.22 -0.01  0.03  0.02 -0.05  6.50 48.09  0.06 -0.03 -0.04 -0.46 -0.16 -0.49 -0.16  0.00 -0.01
  6.58- 5.70-  0.086  0.097   2.04  -1.64  0.00 -0.01 -0.01  0.01  6.50 41.22 -0.03  0.01  0.01 -2.35 -0.43 -2.45 -0.45 -0.00 -0.07

  5.78- MY=NY -4.081 -1.515  29.23 -18.81  0.98  0.10 -0.34 -0.10  6.50 48.96 -0.20 -0.69  0.27  2.37  0.81  2.97  0.60  6.50  6.58
  5.83- 5.78-  1.845 -4.476  -2.72  16.73 -1.38 -0.14  0.19 -0.39  6.50 49.01  0.29  0.29  0.74 -1.07 -0.87 -1.14 -0.86 -0.00 -0.01
  5.89- 5.78-  0.946 -0.149   3.44 -21.04 -0.55 -0.05  0.08 -0.02  6.50 48.47  0.12  0.16  0.02  1.33  1.07  1.42  1.06  0.00  0.01
  5.98- 5.78-  0.037 -0.219  -0.70   4.25 -0.07 -0.01  0.00 -0.02  6.50 47.25  0.01  0.01  0.04 -0.26 -0.21 -0.28 -0.21 -0.00 -0.00
  6.27- 5.78- -0.071  0.062   0.06  -0.17 -0.04 -0.08 -0.10  0.08  6.50 48.65 -0.22  0.14  0.13 -0.04 -0.04 -0.05 -0.04 -0.00 -0.00
  6.37- 5.78- -0.004  0.019  -0.18   0.46  0.00  0.06 -0.46 -0.32  6.50 49.37  0.14  0.35 -0.16 -0.00 -0.08 -0.00 -0.08  0.00  0.00
  6.45- 5.78-  0.001 -0.049   0.04   0.33 -0.04 -0.41  0.34 -0.13  6.50 48.91 -0.93 -0.33 -0.22 -0.27 -0.30 -0.29 -0.30  0.00  0.00
  6.47- 5.78-  0.017 -0.041  -1.63   3.73 -0.02  0.06  0.12  0.16  6.50 46.91  0.13 -0.06  0.10  1.26 -1.28  1.27 -1.22  0.00  0.09
  6.53- 5.78- -0.053 -0.020   0.40  -0.26  0.01  0.06 -0.04  0.17  6.50 48.12  0.14  0.09  0.14 -0.58 -0.08 -0.60 -0.09 -0.00 -0.02
  6.58- 5.78- -0.373  0.299   1.14  -2.06  0.11 -0.03  0.04 -0.02  6.50 61.24 -0.07 -0.03 -0.02 -0.98  0.21 -1.02  0.19 -0.00 -0.04

  5.83- MY=NY -0.320  2.416  25.55 -27.33 -2.72 -0.27 -0.04  0.21  6.50 49.04  0.58 -0.05 -0.41  1.26  1.10  1.82  0.86  6.50  6.53
  5.89- 5.83-  4.387 -1.034  -1.17   7.13  0.34  0.03  0.37 -0.11  6.50 48.98 -0.07  0.75  0.16 -0.44 -0.36 -0.47 -0.36  0.00 -0.00
  5.98- 5.83- -0.022  0.133  -2.42  14.67 -0.30 -0.03 -0.00  0.01  6.50 47.96  0.07 -0.00 -0.02 -0.90 -0.73 -0.96 -0.72 -0.00 -0.01
  6.27- 5.83- -0.002  0.027  -0.19   0.67 -0.01 -0.01 -0.00  0.03  6.50 48.19 -0.04  0.01  0.05  0.11  0.08  0.12  0.08  0.00  0.00
  6.37- 5.83-  0.013 -0.028  -0.13   0.34 -0.01 -0.11  0.07 -0.16  6.50 49.67 -0.30 -0.13 -0.20  0.10  0.04  0.11  0.04 -0.00  0.00
  6.45- 5.83-  0.049 -0.032  -0.05   0.10  0.03  0.12 -0.20 -0.68  6.50 49.20  0.29 -0.02 -0.61  0.09 -0.16  0.09 -0.15  0.00  0.01
  6.47- 5.83- -0.086  0.112   0.05  -0.11  0.07  0.03  0.01  0.20  6.50 47.29  0.08  0.05  0.20 -0.06 -0.36 -0.08 -0.35 -0.00  0.01
  6.53- 5.83-  0.027 -0.014   0.33  -0.18  0.03  0.35  0.03 -0.10  6.50 48.84  0.81 -0.06 -0.10 -0.65 -0.20 -0.68 -0.21  0.00 -0.02
  6.58- 5.83-  0.089 -0.077  -2.08   4.81  0.11 -0.03 -0.02 -0.03  6.50 48.16 -0.06  0.00 -0.02  1.53 -1.64  1.54 -1.56 -0.00  0.11

  5.89- MY=NY -0.270  0.045  16.57 -13.77  4.28  0.41 -0.02  0.01  6.50 48.91 -0.95 -0.05 -0.01 -1.66  0.23 -1.25 -0.02  6.50  6.46
  5.98- 5.89- -0.634  3.341   0.09  -0.53  0.02  0.00 -0.07  0.27  6.50 48.92 -0.00 -0.10 -0.58  0.03  0.03  0.03  0.03 -0.00  0.00
  6.27- 5.89-  0.010 -0.001  -0.07   0.32  0.00  0.01  0.01 -0.00  6.50 47.07  0.02 -0.02 -0.01  0.03  0.02  0.04  0.02 -0.00  0.00
  6.37- 5.89-  0.014 -0.001   0.08  -0.30 -0.00 -0.02  0.05 -0.01  6.50 49.40 -0.07 -0.07 -0.03 -0.07 -0.01 -0.07 -0.02  0.00 -0.00
  6.45- 5.89- -0.028  0.011   0.18  -0.54 -0.02 -0.10 -0.06  0.02  6.50 49.23 -0.27  0.09  0.04 -0.15 -0.09 -0.16 -0.09  0.00 -0.00
  6.47- 5.89- -0.037  0.015  -0.24   0.79  0.03  0.03  0.01  0.00  6.50 50.88  0.08 -0.01 -0.00  0.14  0.22  0.15  0.21  0.00 -0.00
  6.53- 5.89-  0.097 -0.060   0.04  -0.10 -0.00 -0.02  0.86  0.07  6.50 49.05 -0.04 -0.88 -0.20 -0.02  0.00 -0.02  0.00 -0.00 -0.00
  6.58- 5.89- -0.113  0.069   0.08  -0.22 -0.04 -0.01 -0.10 -0.01  6.50 45.12 -0.02  0.10  0.03 -0.06 -0.29 -0.07 -0.28  0.00  0.01

  5.98- MY=NY -0.001  0.007   5.83  -4.28 -5.43 -0.49 -0.00  0.00  6.50 48.90  1.24 -0.00 -0.00 -4.83 -0.43 -4.57 -0.72  6.50  6.36
  6.27- 5.98-  0.000  0.001  -0.02   0.08 -0.00 -0.00 -0.00  0.00  6.50 44.22 -0.00  0.00  0.00  0.01  0.00  0.01  0.00  0.00  0.00
  6.37- 5.98- -0.001 -0.002  -0.02   0.11  0.00 -0.00  0.00 -0.01  6.50 48.45 -0.01 -0.01 -0.01  0.01  0.00  0.01  0.00  0.00  0.00
  6.45- 5.98-  0.001 -0.009   0.04  -0.18  0.00  0.00  0.01 -0.03  6.50 48.39  0.02 -0.02 -0.04 -0.02 -0.01 -0.02 -0.01  0.00 -0.00
  6.47- 5.98- -0.003  0.012   0.07  -0.25  0.00 -0.00 -0.00  0.01  6.50 45.77 -0.00  0.01  0.01 -0.02 -0.03 -0.02 -0.03  0.00  0.00
  6.53- 5.98- -0.000 -0.001  -0.21   0.74 -0.01 -0.06  0.00 -0.01  6.50 49.77 -0.20 -0.00 -0.01  0.16  0.09  0.17  0.09 -0.00  0.00
  6.58- 5.98-  0.005 -0.012   0.18  -0.61  0.02  0.01  0.00  0.01  6.50 49.07  0.02  0.00  0.01 -0.08 -0.13 -0.09 -0.12 -0.00  0.00

  6.27- MY=NY  4.439  4.387  23.08  32.47  0.02 -0.00 -0.37 -0.36  6.50 48.93  0.02 -1.29  1.26  3.45 -2.30  3.98 -2.39  6.50  6.73
  6.37- 6.27- -1.542  1.734  -0.19   1.70 -1.09  0.12  0.17 -0.18  6.50 49.33 -1.12  0.88  0.91 -0.21 -0.14 -0.22 -0.14  0.00 -0.00
  6.45- 6.27- -0.369 -0.303   1.54 -11.84 -0.05  0.00  0.04  0.02  6.50 47.13 -0.32  0.28  0.13  1.26  0.92  1.35  0.91 -0.00  0.01
  6.47- 6.27-  0.898 -0.765  -0.17   1.99  0.49 -0.07 -0.05  0.05  6.50 46.06 -1.31  0.79  0.79 -0.29 -0.18 -0.30 -0.18  0.00 -0.00
  6.53- 6.27- -0.061  0.225  -0.65   4.48 -0.10  0.01  0.01 -0.02  6.50 47.72 -0.01 -0.01  0.04 -0.42 -0.32 -0.45 -0.32 -0.00 -0.00
  6.58- 6.27- -0.108 -0.188  -0.38  -3.17  0.03 -0.00 -0.00  0.01  6.50 42.44 -0.06 -0.03  0.12  1.05  0.56  1.11  0.56 -0.00  0.02

  6.37- MY=NY -2.780 -3.637  19.74   4.67 -0.32  0.04  0.11  0.19  6.50 44.29 -0.13 -0.07 -0.12  3.08 -0.75  3.66 -0.89  6.50  6.66
  6.45- 6.37- -2.983  1.562  -1.75  10.78  1.25 -0.13  0.22 -0.21  6.50 49.83  0.53  0.49  0.70 -0.94 -0.98 -1.01 -0.96 -0.00 -0.00
  6.47- 6.37-  0.316 -0.215  -2.21   4.57 -0.12  0.02 -0.30 -0.23  6.50 55.40  0.04 -1.18  1.19  0.81 -0.93  0.81 -0.88 -0.00  0.06
  6.53- 6.37-  0.138 -0.990  -1.88  14.16 -0.43  0.03 -0.00  0.08  6.50 48.02 -0.25 -0.05 -0.28 -1.52 -1.08 -1.62 -1.07  0.00 -0.02
  6.58- 6.37-  0.346 -0.382  -0.27   0.49 -0.26 -0.13  0.10 -0.13  6.50 57.53 -1.25 -0.49 -0.64 -0.03 -0.07 -0.03 -0.07  0.00  0.00

  6.45- MY=NY  3.170 -0.378  19.01 -17.94  1.43 -0.15 -0.30  0.05  6.50 49.41  0.51 -0.90 -0.34  2.45  0.90  3.05  0.69  6.50  6.58
  6.47- 6.45- -0.247 -1.162  -0.01   2.58 -0.70  0.08 -0.13 -0.01  6.50 52.78 -0.77 -0.50 -0.45  0.29 -0.29  0.29 -0.28 -0.00  0.02
  6.53- 6.45-  0.874 -3.647   1.33  -9.67  0.55 -0.06 -0.11  0.30  6.50 49.38  0.35 -0.45 -0.73  0.88  0.65  0.93  0.65 -0.00  0.01
  6.58- 6.45-  0.187 -0.228   0.13   0.73 -0.13 -0.02 -0.02 -0.15  6.50 60.53  0.63 -1.55  0.78 -0.14 -0.15 -0.15 -0.15  0.00  0.00

  6.47- MY=NY -3.547 -2.883  15.78  14.10  0.27  0.01 -0.38 -0.36  6.50 58.49  0.17  0.32 -0.08  2.73 -0.95  3.28 -1.09  6.50  6.66
  6.53- 6.47- -0.044  0.966   0.51  -3.57 -0.11 -0.01  0.06 -0.11  6.50 50.08  0.12  0.18  0.41 -0.07  0.03 -0.07  0.03 -0.00 -0.00
  6.58- 6.47-  1.160 -1.947  -0.35   5.05 -0.89 -0.22  0.27 -0.30  6.50 58.01  0.54  0.73  0.43 -0.94 -0.61 -1.00 -0.60 -0.00 -0.01

  6.53- MY=NY  0.066 -0.587  13.00 -10.23 -3.20  0.32 -0.02  0.05  6.50 49.43 -1.29 -0.07 -0.10 -0.80  0.08 -0.35 -0.16  6.50  6.49
  6.58- 6.53-  0.026  0.197   0.23  -0.85  0.31 -0.03 -0.02  0.05  6.50 45.84  0.65 -0.16 -0.37  0.35 -0.06  0.37 -0.05 -0.00  0.01

  6.58- MY=NY  0.646  2.935  13.19  -6.54 -0.91 -0.14 -0.05  0.24  6.50 58.04  0.38 -0.02 -0.59  2.67  0.74  3.28  0.54  6.50  6.60

 DECOUP:  0.00 SEC



   #   ENERGY +/-(#)    <Q20>    <Q22>     <R2>     <JZ>      #   ENERGY +/-(#)    <Q20>    <Q22>     <R2>     <JZ>

   1   1.5000  +(# 1)   0.1092  -0.0513   1.5058   0.5000    41   6.2244  +(#22)  -2.9491   3.4510   5.2688  -0.3118
   2   2.3327  -(# 1)   1.3363  -0.3567   2.5606   0.3681    42   6.2701  -(#20)   3.9805  -2.3855   6.7289   0.0185
   3   2.4168  -(# 2)  -0.6086  -0.0529   2.4803  -1.3411    43   6.3686  +(#23)   4.4343  -3.3660   7.7810   0.0005
   4   2.7505  -(# 3)  -0.1817   0.1534   2.4879   0.4730    44   6.3725  -(#21)   3.6561  -0.8944   6.6629  -0.3191
   5   3.1970  +(# 2)   2.5098  -0.7333   3.6162   0.2391    45   6.4509  -(#22)   3.0477   0.6901   6.5833   1.4311
   6   3.2794  +(# 3)   1.3672   0.1756   3.5422  -1.1711    46   6.4670  -(#23)   3.2794  -1.0919   6.6567   0.2724
   7   3.3444  +(# 4)  -1.6407  -0.9623   3.4768   2.2798    47   6.4733  +(#24)   3.5547  -1.5306   7.6825  -0.0246
   8   3.5245  +(# 5)  -0.1926   0.6204   3.4705   0.6164    48   6.5250  -(#24)  -0.3519  -0.1574   6.4932  -3.2069
   9   3.7643  +(# 6)   0.6305  -0.7387   3.5495   0.2243    49   6.5538  +(#25)   3.2281   0.0462   7.6132   0.4140
  10   3.8904  +(# 7)  -1.1453   0.9208   3.4256  -1.1885    50   6.5830  -(#25)   3.2782   0.5362   6.5971  -0.9148
  11   4.0191  -(# 4)   2.8150  -1.4672   4.6539   0.0647    51   6.6101  +(#26)   3.2176   1.2901   7.5674  -1.9711
  12   4.1102  -(# 5)   2.3933   0.3054   4.5740  -0.8246    52   6.6262  -(#26)  -4.2737  -0.9818   6.3838   4.3664
  13   4.1660  -(# 6)   0.6574   0.0442   4.5218   2.1917    53   6.6627  +(#27)   0.9121   0.6884   7.5073   3.9436
  14   4.2466  -(# 7)  -2.6162  -0.7077   4.4328  -3.4002    54   6.6638  -(#27)   0.3000  -0.0936   6.5141   2.2439
  15   4.5180  -(# 8)   2.4453  -0.3084   4.5983   0.3702    55   6.7350  +(#28)  -2.2113  -0.1379   7.4263  -5.3077
  16   4.6374  -(# 9)   1.6587  -0.6765   4.5838  -0.5842    56   6.7772  -(#28)  -4.1020  -1.0914   6.3939  -3.3618
  17   4.6924  -(#10)  -0.3807  -0.4114   4.5015  -0.4131    57   6.8236  +(#29)  -5.5383  -0.8064   7.3323   6.4331
  18   4.7719  -(#11)   0.5859  -0.0933   4.5243  -0.7503    58   6.9012  -(#29)   4.3183   0.0490   6.6519   0.3724
  19   4.8409  -(#12)  -2.1678  -0.6704   4.4474   1.5241    59   6.9845  -(#30)   1.4889  -1.0521   6.5915  -0.6751
  20   4.8488  +(# 8)   3.2969  -2.1248   5.6951   0.0135    60   7.0515  -(#31)   4.9986  -3.9877   8.8238   0.0001
  21   4.9467  +(# 9)   2.6667  -0.3045   5.6061  -0.3438    61   7.0777  +(#30)   4.5280  -3.0682   7.7734   0.0035
  22   4.9976  -(#13)  -2.1145   2.4478   4.3352   0.8216    62   7.1392  -(#32)  -3.3226  -2.4301   6.4706   1.2630
  23   5.0073  +(#10)   2.3774   0.7181   5.5584   1.6294    63   7.1580  -(#33)   4.0674  -2.1327   8.7228  -0.0053
  24   5.0680  +(#11)  -0.2709   0.0503   5.4885  -3.2398    64   7.1627  -(#34)   0.2385   2.4494   6.4189   0.0569
  25   5.1526  +(#12)  -3.5941  -0.6858   5.3971   4.4213    65   7.1909  +(#31)   3.7823  -1.2059   7.6787  -0.1150
  26   5.4430  +(#13)   3.7037  -1.5528   5.6886   0.1224    66   7.2445  -(#35)   3.5336  -0.5357   8.6454   0.1249
  27   5.5007  +(#14)   3.6233  -1.1553   5.6712  -0.3048    67   7.2659  -(#36)  -3.7699   0.5862   6.3444  -0.3300
  28   5.5879  +(#15)   2.6337   0.8115   5.5641  -0.3877    68   7.2741  +(#32)   3.6773   0.6688   7.6064   1.0555
  29   5.6016  -(#14)   3.8364  -2.7572   6.7374   0.0025    69   7.3102  -(#37)   3.6177   1.0287   8.5912  -1.1213
  30   5.6147  +(#16)   1.0301  -0.2684   5.5465   2.1940    70   7.3244  +(#33)   4.2159  -2.3129   7.7347  -0.0017
  31   5.6608  +(#17)   1.1485   0.1420   5.5357  -1.0944    71   7.3342  +(#34)   2.1023   0.7415   7.5477  -2.7651
  32   5.7038  -(#15)   3.0344  -0.9357   6.6422  -0.0981    72   7.3584  -(#38)   2.8455   1.5151   8.5459   3.1920
  33   5.7169  +(#18)  -3.2312  -1.2364   5.4302  -3.2439    73   7.4128  +(#35)  -1.5224  -0.2228   7.4540   4.2812
  34   5.7712  +(#19)  -3.1195  -1.1143   5.4297   2.1859    74   7.4166  -(#39)  -0.0654   0.5506   8.4775  -5.0621
  35   5.7758  -(#16)   2.9712   0.6007   6.5838   0.9808    75   7.4557  +(#36)   3.6271  -0.0524   7.6310  -0.4541
  36   5.8276  -(#17)   1.8179   0.8602   6.5333  -2.7264    76   7.4925  -(#40)  -3.1739  -0.2007   8.3944   6.3185
  37   5.8942  -(#18)  -1.2466  -0.0241   6.4565   4.2850    77   7.5133  +(#37)  -5.3264  -0.9978   7.3469  -5.4119
  38   5.9273  +(#20)   1.6154   1.4284   5.5053   0.4319    78   7.5266  -(#41)  -3.6762   4.1769   6.2164   0.2692
  39   5.9812  -(#19)  -4.5662  -0.7172   6.3637  -5.4299    79   7.5324  +(#38)   2.9752   0.8541   7.5747   1.7674
  40   6.0298  +(#21)  -2.9243  -0.9780   5.4317  -0.5722    80   7.5822  -(#42)  -6.5079  -0.8561   8.2997  -7.4373



     PARITY: +     DIMENSION:  95     MATRIX:   0.0 SEC     DIAGONALISATION:   0.0 SEC
     PARITY: -     DIMENSION:  70     MATRIX:   0.0 SEC     DIAGONALISATION:   0.0 SEC
      TOTAL TIME:   0.0 SEC
