


         KAPPAP      MYP     KAPPAN      MYN
    0    0.1200    0.0000    0.1200    0.0000
    1    0.1200    0.0000    0.1200    0.0000
    2    0.1050    0.0000    0.1050    0.0000
    3    0.0900    0.3000    0.0900    0.2500
    4    0.0650    0.5700    0.0700    0.3900
    5    0.0600    0.6500    0.0620    0.4300
    6    0.0540    0.6900    0.0620    0.3400
    7    0.0540    0.6900    0.0620    0.2600
    8    0.0540    0.6900    0.0620    0.2600


     KAPPA    MY     EPS   GAMMA    EPS4     EPS6     W0/W00   NMAX  COUPL     OMROT      EFAC      QFAC
      SEE TABLE     0.345   48.0   0.000    0.000    1.01272     8     0     0.00000   6.53311   6.35226


                     **** PROTONS ****                     **** STRETCHED COORDINATES ****
    SYMMETRY R1= 1


   BASIS FUNCTIONS /N,L,J,OMEGA>,   PARITY +


   1 / 8 8 17/2 17/2>    20 / 8 6 11/2  1/2>    39 / 8 4  7/2 -7/2>    58 / 6 4  7/2  1/2>    77 / 4 2  5/2  5/2>
   2 / 8 8 17/2 13/2>    21 / 8 4  9/2  1/2>    40 / 8 8 17/2-11/2>    59 / 6 2  5/2  1/2>    78 / 4 4  9/2  1/2>
   3 / 8 8 15/2 13/2>    22 / 8 4  7/2  1/2>    41 / 8 8 15/2-11/2>    60 / 6 2  3/2  1/2>    79 / 4 4  7/2  1/2>
   4 / 8 6 13/2 13/2>    23 / 8 2  5/2  1/2>    42 / 8 6 13/2-11/2>    61 / 6 0  1/2  1/2>    80 / 4 2  5/2  1/2>
   5 / 8 8 17/2  9/2>    24 / 8 2  3/2  1/2>    43 / 8 6 11/2-11/2>    62 / 6 6 13/2 -3/2>    81 / 4 2  3/2  1/2>
   6 / 8 8 15/2  9/2>    25 / 8 0  1/2  1/2>    44 / 8 8 17/2-15/2>    63 / 6 6 11/2 -3/2>    82 / 4 0  1/2  1/2>
   7 / 8 6 13/2  9/2>    26 / 8 8 17/2 -3/2>    45 / 8 8 15/2-15/2>    64 / 6 4  9/2 -3/2>    83 / 4 4  9/2 -3/2>
   8 / 8 6 11/2  9/2>    27 / 8 8 15/2 -3/2>    46 / 6 6 13/2 13/2>    65 / 6 4  7/2 -3/2>    84 / 4 4  7/2 -3/2>
   9 / 8 4  9/2  9/2>    28 / 8 6 13/2 -3/2>    47 / 6 6 13/2  9/2>    66 / 6 2  5/2 -3/2>    85 / 4 2  5/2 -3/2>
  10 / 8 8 17/2  5/2>    29 / 8 6 11/2 -3/2>    48 / 6 6 11/2  9/2>    67 / 6 2  3/2 -3/2>    86 / 4 2  3/2 -3/2>
  11 / 8 8 15/2  5/2>    30 / 8 4  9/2 -3/2>    49 / 6 4  9/2  9/2>    68 / 6 6 13/2 -7/2>    87 / 4 4  9/2 -7/2>
  12 / 8 6 13/2  5/2>    31 / 8 4  7/2 -3/2>    50 / 6 6 13/2  5/2>    69 / 6 6 11/2 -7/2>    88 / 4 4  7/2 -7/2>
  13 / 8 6 11/2  5/2>    32 / 8 2  5/2 -3/2>    51 / 6 6 11/2  5/2>    70 / 6 4  9/2 -7/2>    89 / 2 2  5/2  5/2>
  14 / 8 4  9/2  5/2>    33 / 8 2  3/2 -3/2>    52 / 6 4  9/2  5/2>    71 / 6 4  7/2 -7/2>    90 / 2 2  5/2  1/2>
  15 / 8 4  7/2  5/2>    34 / 8 8 17/2 -7/2>    53 / 6 4  7/2  5/2>    72 / 6 6 13/2-11/2>    91 / 2 2  3/2  1/2>
  16 / 8 2  5/2  5/2>    35 / 8 8 15/2 -7/2>    54 / 6 2  5/2  5/2>    73 / 6 6 11/2-11/2>    92 / 2 0  1/2  1/2>
  17 / 8 8 17/2  1/2>    36 / 8 6 13/2 -7/2>    55 / 6 6 13/2  1/2>    74 / 4 4  9/2  9/2>    93 / 2 2  5/2 -3/2>
  18 / 8 8 15/2  1/2>    37 / 8 6 11/2 -7/2>    56 / 6 6 11/2  1/2>    75 / 4 4  9/2  5/2>    94 / 2 2  3/2 -3/2>
  19 / 8 6 13/2  1/2>    38 / 8 4  9/2 -7/2>    57 / 6 4  9/2  1/2>    76 / 4 4  7/2  5/2>    95 / 0 0  1/2  1/2>


    SINGLE PARTICLE (PARITY+) WAVE FUNCTIONS IN THE ENERGY INTERVAL 6.0<E<8.0

 E=6.1455   0.022229/ 74> 0.059490/ 75> 0.366655/ 76> 0.016871/ 77>-0.114529/ 78>-0.333010/ 79> 0.330501/ 80>
            0.568704/ 81>-0.159678/ 82> 0.140084/ 83> 0.170755/ 84>-0.453184/ 85> 0.023099/ 86>-0.128122/ 87>
            0.089310/ 88>

 E=6.2285   0.024258/ 46> 0.244205/ 47>-0.018562/ 48> 0.012895/ 49> 0.588744/ 50>-0.081450/ 51> 0.071099/ 52>
           -0.010120/ 53> 0.004662/ 54> 0.217104/ 55>-0.138215/ 56> 0.034798/ 57>-0.022546/ 58> 0.004854/ 59>
           -0.003075/ 60> 0.000825/ 61>-0.531244/ 62>-0.116936/ 63>-0.077269/ 64>-0.017818/ 65>-0.008419/ 66>
           -0.001861/ 67>-0.444575/ 68>-0.045029/ 69>-0.039633/ 70>-0.003556/ 71>-0.096452/ 72>-0.004969/ 73>


 E=6.2508   0.178313/ 74>-0.096112/ 75> 0.067244/ 76> 0.550455/ 77> 0.041909/ 78> 0.010999/ 79>-0.168578/ 80>
            0.057078/ 81> 0.313129/ 82> 0.002939/ 83>-0.168029/ 84>-0.047951/ 85> 0.536727/ 86>-0.028888/ 87>
            0.447648/ 88>

 E=6.4261  -0.053849/ 46>-0.397839/ 47> 0.030825/ 48>-0.016163/ 49>-0.435312/ 50> 0.074053/ 51> 0.020990/ 52>
            0.006990/ 53> 0.004393/ 54> 0.433781/ 55> 0.021686/ 56> 0.304599/ 57>-0.000984/ 58> 0.067005/ 59>
           -0.003672/ 60> 0.010218/ 61>-0.004067/ 62>-0.058825/ 63> 0.153389/ 64>-0.004401/ 65> 0.028098/ 66>
            0.001224/ 67>-0.538924/ 68>-0.057090/ 69>-0.024434/ 70>-0.004062/ 71>-0.184061/ 72>-0.009624/ 73>


 E=6.5765  -0.072088/ 46>-0.388424/ 47> 0.037239/ 48>-0.010560/ 49>-0.038266/ 50> 0.040640/ 51> 0.112271/ 52>
           -0.012636/ 53> 0.016506/ 54> 0.312455/ 55>-0.039665/ 56> 0.175735/ 57>-0.063533/ 58> 0.061482/ 59>
           -0.024348/ 60> 0.017133/ 61>-0.487399/ 62>-0.005688/ 63>-0.318896/ 64>-0.049848/ 65>-0.070204/ 66>
           -0.013926/ 67> 0.496082/ 68> 0.071802/ 69>-0.017401/ 70> 0.297843/ 72> 0.018268/ 73>

 E=6.6740   0.017053/ 46> 0.095728/ 47> 0.053846/ 48> 0.000652/ 49> 0.089915/ 50> 0.340943/ 51>-0.020971/ 52>
            0.040165/ 53>-0.004169/ 54> 0.073927/ 55> 0.695323/ 56> 0.017811/ 57> 0.115094/ 58> 0.008974/ 59>
            0.013909/ 60> 0.001594/ 61>-0.136665/ 62> 0.547269/ 63>-0.017747/ 64> 0.077648/ 65> 0.000450/ 66>
            0.006354/ 67>-0.076892/ 68> 0.166162/ 69>-0.004462/ 70> 0.010703/ 71>-0.006515/ 72> 0.014280/ 73>


 E=6.6794  -0.173795/ 46>-0.678942/ 47> 0.073062/ 48> 0.451447/ 50> 0.034097/ 51> 0.350987/ 52>-0.037497/ 53>
            0.042053/ 54>-0.261170/ 55> 0.042243/ 56>-0.165409/ 57>-0.011403/ 58>-0.127852/ 59> 0.014534/ 60>
           -0.039656/ 61> 0.154797/ 62> 0.055823/ 63> 0.093394/ 64> 0.012794/ 65> 0.009387/ 66> 0.003301/ 67>
           -0.086060/ 68> 0.000783/ 69> 0.027229/ 70> 0.001823/ 71>-0.110931/ 72>-0.005179/ 73>

 E=6.7292  -0.069949/ 74> 0.054095/ 75>-0.077446/ 76>-0.322306/ 77>-0.047029/ 78> 0.113302/ 79> 0.222559/ 80>
           -0.323826/ 81>-0.549745/ 82> 0.038702/ 83>-0.147019/ 84>-0.158578/ 85> 0.564227/ 86>-0.027679/ 87>
            0.207990/ 88>

 E=6.8036  -0.007577/ 46>-0.018427/ 47> 0.004939/ 48> 0.026890/ 50> 0.010943/ 52>-0.007468/ 53> 0.003324/ 54>
           -0.048993/ 55> 0.007736/ 56>-0.034241/ 57> 0.002385/ 58>-0.006308/ 59> 0.023713/ 60>-0.015583/ 61>
            0.117316/ 62>-0.011898/ 63> 0.089387/ 64>-0.023480/ 65> 0.118378/ 66> 0.017092/ 67>-0.309679/ 68>
            0.020626/ 69>-0.372182/ 70>-0.034232/ 71> 0.847436/ 72> 0.057174/ 73>

 E=6.8875  -0.010542/ 46>-0.075419/ 47> 0.108969/ 48>-0.029283/ 49>-0.039314/ 50> 0.382955/ 51>-0.238426/ 52>
            0.062517/ 53>-0.029138/ 54> 0.146525/ 55> 0.168367/ 56>-0.529642/ 57> 0.047930/ 58>-0.135752/ 59>
            0.016498/ 60>-0.023233/ 61> 0.059364/ 62>-0.389714/ 63>-0.408095/ 64>-0.087717/ 65>-0.083847/ 66>
           -0.014965/ 67>-0.084016/ 68>-0.249685/ 69>-0.101026/ 70>-0.023180/ 71>-0.042879/ 72>-0.030243/ 73>


 E=6.9626   0.899996/ 46>-0.166035/ 47>-0.022336/ 48>-0.376874/ 49> 0.041332/ 50> 0.005924/ 51> 0.044694/ 52>
            0.017019/ 53> 0.120067/ 54>-0.011883/ 55>-0.002717/ 56>-0.007878/ 57>-0.001710/ 58>-0.013595/ 60>
           -0.030714/ 61> 0.003519/ 62> 0.001175/ 63> 0.002478/ 64> 0.001062/ 65> 0.003441/ 66>-0.008532/ 67>
           -0.000896/ 68> 0.000726/ 69>-0.000652/ 70> 0.002987/ 71>-0.001187/ 73>

 E=7.1029   0.016924/ 46> 0.121955/ 47> 0.113766/ 48> 0.021999/ 49> 0.108397/ 50> 0.436028/ 51> 0.186005/ 52>
            0.052194/ 53> 0.018214/ 54>-0.182429/ 55> 0.216454/ 56> 0.426101/ 57> 0.052773/ 58> 0.103607/ 59>
            0.007380/ 60> 0.013935/ 61>-0.042318/ 62>-0.472181/ 63> 0.316635/ 64>-0.072522/ 65> 0.056284/ 66>
           -0.004561/ 67> 0.163352/ 68>-0.291945/ 69> 0.077265/ 70>-0.019411/ 71> 0.060202/ 72>-0.032986/ 73>


 E=7.1299   0.001593/  1> 0.027033/  2>-0.000425/  3> 0.000804/  4> 0.151114/  5>-0.002320/  6> 0.010137/  7>
            0.417745/ 10>-0.004225/ 11> 0.039051/ 12>-0.000617/ 13> 0.002494/ 14> 0.637272/ 17>-0.001380/ 18>
            0.067368/ 19> 0.005412/ 21> 0.000383/ 23> 0.554023/ 26> 0.003519/ 27> 0.056269/ 28> 0.000579/ 29>
            0.004202/ 30> 0.271765/ 34> 0.003586/ 35> 0.022240/ 36> 0.000432/ 37> 0.001083/ 38> 0.070678/ 40>
            0.001153/ 41> 0.003509/ 42> 0.008002/ 44>

 E=7.1372  -0.006049/ 46>-0.057645/ 47>-0.255669/ 48> 0.014115/ 49>-0.029057/ 50>-0.530077/ 51> 0.073152/ 52>
            0.010229/ 53> 0.003754/ 54> 0.047688/ 55> 0.370590/ 56> 0.003961/ 57> 0.512776/ 58>-0.066229/ 59>
            0.180476/ 60>-0.054285/ 61>-0.053253/ 62>-0.131969/ 63>-0.035461/ 64> 0.174983/ 65> 0.003387/ 66>
            0.034204/ 67> 0.060579/ 68>-0.373060/ 69>-0.020423/ 70>-0.013337/ 71> 0.030580/ 72>-0.060210/ 73>


 E=7.2543  -0.018107/ 46>-0.048318/ 47> 0.121402/ 48>-0.037723/ 49> 0.071985/ 50> 0.074405/ 51>-0.131252/ 52>
           -0.022876/ 53> 0.010516/ 54>-0.058799/ 55>-0.173504/ 56> 0.057801/ 57>-0.144148/ 58> 0.324235/ 59>
           -0.150166/ 60> 0.148815/ 61> 0.035256/ 62> 0.327191/ 63>-0.131525/ 64> 0.414993/ 65> 0.126227/ 66>
            0.101162/ 67> 0.027480/ 68>-0.612384/ 69>-0.157579/ 70>-0.018607/ 71>-0.022615/ 72>-0.140187/ 73>


 E=7.3093  -0.030136/ 46>-0.134510/ 47> 0.114043/ 48>-0.072399/ 49> 0.062121/ 50> 0.144590/ 51>-0.413056/ 52>
            0.130455/ 53>-0.067832/ 54> 0.128481/ 55>-0.222601/ 56>-0.228058/ 57> 0.292213/ 58>-0.117454/ 59>
            0.124294/ 60>-0.053585/ 61>-0.225444/ 62> 0.010685/ 63> 0.507197/ 64> 0.294638/ 65> 0.174848/ 66>
            0.074425/ 67> 0.115599/ 68> 0.072723/ 69> 0.222035/ 70> 0.045832/ 71> 0.094083/ 72> 0.012797/ 73>


 E=7.4025   0.015360/ 46>-0.000662/ 47>-0.708625/ 48> 0.101592/ 49>-0.037018/ 50> 0.256157/ 51> 0.168888/ 52>
            0.434873/ 53>-0.073289/ 54> 0.028434/ 55>-0.130501/ 56>-0.036446/ 57>-0.085853/ 58>-0.225817/ 59>
           -0.208305/ 60> 0.024440/ 61>-0.013963/ 62> 0.100006/ 63> 0.038606/ 64> 0.106170/ 65>-0.141896/ 66>
           -0.016379/ 67>-0.021927/ 68>-0.125264/ 69> 0.098889/ 70> 0.008334/ 71> 0.076276/ 72>-0.024050/ 73>


 E=7.4342  -0.006355/  1>-0.086989/  2> 0.003405/  3>-0.002910/  4>-0.352757/  5> 0.020889/  6>-0.027037/  7>
            0.001605/  8>-0.000932/  9>-0.561014/ 10> 0.054619/ 11>-0.060806/ 12> 0.006308/ 13>-0.004621/ 14>
            0.000502/ 15>-0.174066/ 17> 0.078694/ 18>-0.021517/ 19> 0.010100/ 20>-0.002093/ 21> 0.001016/ 22>
            0.451377/ 26> 0.069923/ 27> 0.053442/ 28> 0.008711/ 29> 0.004800/ 30> 0.000828/ 31> 0.000361/ 32>
            0.503055/ 34> 0.036818/ 35> 0.047401/ 36> 0.003670/ 37> 0.002711/ 38> 0.197216/ 40> 0.009635/ 41>

 0.011100/ 42> 0.000457/ 43> 0.028945/ 44> 0.000800/ 45>

 E=7.4405   0.059911/ 46> 0.205583/ 47> 0.291767/ 48> 0.084371/ 49>-0.213033/ 50> 0.047442/ 51> 0.434697/ 52>
           -0.219114/ 53> 0.052390/ 54> 0.141181/ 55>-0.106867/ 56>-0.130748/ 57>-0.131865/ 58>-0.522820/ 59>
            0.139476/ 60>-0.241079/ 61>-0.091363/ 62> 0.188977/ 63> 0.109415/ 64> 0.081441/ 65>-0.048363/ 66>
            0.022028/ 67> 0.032272/ 68>-0.282978/ 69> 0.060895/ 70>-0.019414/ 71> 0.055525/ 72>-0.063444/ 73>


 E=7.5785  -0.020380/ 46> 0.015566/ 47>-0.222000/ 48> 0.003257/ 49>-0.027963/ 50> 0.100751/ 51> 0.066834/ 52>
            0.007759/ 53> 0.067472/ 54> 0.039084/ 55>-0.033848/ 56>-0.058780/ 57>-0.039221/ 58> 0.009924/ 59>
            0.197486/ 60>-0.198319/ 61>-0.069093/ 62>-0.006636/ 63> 0.066686/ 64>-0.106966/ 65> 0.511427/ 66>
           -0.012674/ 67> 0.151988/ 68> 0.117737/ 69>-0.526351/ 70> 0.165623/ 71>-0.223207/ 72>-0.412620/ 73>


 E=7.5930  -0.037950/ 46> 0.006475/ 47> 0.119810/ 48>-0.068211/ 49> 0.011388/ 50>-0.060035/ 51>-0.037382/ 52>
            0.015245/ 53> 0.061101/ 54>-0.020862/ 55> 0.026841/ 56> 0.028254/ 57> 0.036159/ 58> 0.013529/ 59>
           -0.167526/ 60>-0.014501/ 61> 0.041337/ 62>-0.028212/ 63>-0.033838/ 64> 0.039107/ 65>-0.234662/ 66>
           -0.251530/ 67>-0.097475/ 68> 0.070295/ 69> 0.248056/ 70> 0.447254/ 71> 0.177401/ 72>-0.712530/ 73>


 E=7.6738  -0.017005/  1>-0.184417/  2> 0.008981/  3>-0.005708/  4>-0.502464/  5> 0.040619/  6>-0.027233/  7>
            0.003013/  8>-0.000668/  9>-0.268788/ 10> 0.061209/ 11> 0.036199/ 12> 0.006325/ 13> 0.006969/ 14>
            0.000458/ 16> 0.422997/ 17> 0.017764/ 18> 0.188488/ 19> 0.001828/ 20> 0.030717/ 21> 0.003730/ 23>
            0.000368/ 25> 0.119055/ 26>-0.047301/ 27> 0.120635/ 28>-0.004977/ 29> 0.019470/ 30> 0.001946/ 32>
           -0.502008/ 34>-0.056924/ 35>-0.016157/ 36>-0.005314/ 37> 0.000468/ 38>-0.353578/ 40>-0.022235/ 41>

-0.016982/ 42>-0.001037/ 43>-0.069805/ 44>-0.002345/ 45>

 E=7.6922  -0.022496/ 46>-0.083075/ 47>-0.157441/ 48>-0.043829/ 49> 0.029416/ 50>-0.237344/ 51>-0.255041/ 52>
           -0.179938/ 53>-0.014139/ 54> 0.081726/ 55> 0.313725/ 56>-0.189575/ 57>-0.522239/ 58>-0.025673/ 59>
           -0.196119/ 60> 0.028030/ 61>-0.134066/ 62> 0.004841/ 63> 0.356055/ 64>-0.331977/ 65> 0.092733/ 66>
           -0.054498/ 67> 0.072859/ 68>-0.251283/ 69> 0.123035/ 70>-0.055868/ 71> 0.048639/ 72>-0.041875/ 73>


 E=7.7732   0.325352/ 46>-0.109572/ 47> 0.061386/ 48> 0.603568/ 49> 0.031556/ 50>-0.015090/ 51>-0.034372/ 52>
           -0.085893/ 53>-0.567522/ 54>-0.008382/ 55> 0.011714/ 56> 0.012679/ 57>-0.018617/ 58>-0.047579/ 59>
            0.127544/ 60> 0.308305/ 61>-0.001432/ 62>-0.009158/ 63> 0.015139/ 64>-0.037697/ 65>-0.020842/ 66>
            0.147395/ 67> 0.005036/ 68> 0.039895/ 69>-0.034273/ 70> 0.004920/ 71>-0.000336/ 72>-0.202985/ 73>


 E=7.8227  -0.032606/ 46>-0.081793/ 47> 0.067685/ 48>-0.101299/ 49> 0.126660/ 50> 0.007256/ 51>-0.367697/ 52>
            0.192972/ 53>-0.123344/ 54>-0.105754/ 55>-0.146112/ 56> 0.341442/ 57> 0.108472/ 58>-0.273183/ 59>
            0.230623/ 60>-0.202335/ 61> 0.040359/ 62> 0.265441/ 63>-0.030127/ 64>-0.426721/ 65>-0.259281/ 66>
           -0.140646/ 67> 0.017929/ 68>-0.230177/ 69>-0.172419/ 70>-0.115178/ 71>-0.038336/ 72>-0.064474/ 73>


 E=7.8696   0.035176/  1> 0.297120/  2>-0.016974/  3> 0.007508/  4> 0.474794/  5>-0.051904/  6>-0.004873/  7>
           -0.001535/  8>-0.001732/  9>-0.219876/ 10>-0.025884/ 11>-0.166599/ 12> 0.010982/ 13>-0.026581/ 14>
            0.002481/ 15>-0.002039/ 16>-0.233154/ 17> 0.035699/ 18>-0.093360/ 19> 0.028998/ 20>-0.018388/ 21>
            0.006416/ 22>-0.003015/ 23> 0.001132/ 24>-0.000504/ 25> 0.453812/ 26> 0.010498/ 27> 0.200719/ 28>
            0.022319/ 29> 0.036257/ 30> 0.005125/ 31> 0.004601/ 32> 0.000752/ 33>-0.208286/ 34>-0.051150/ 35>

 0.072716/ 36> 0.001922/ 37> 0.010431/ 38> 0.000592/ 39>-0.469652/ 40>-0.036057/ 41>-0.013472/ 42>
           -0.001168/ 43>-0.130800/ 44>-0.005048/ 45>

 E=7.9545   0.004481/ 46>-0.032876/ 47>-0.344465/ 48> 0.044369/ 49> 0.031087/ 50> 0.206310/ 51>-0.072952/ 52>
           -0.398565/ 53> 0.075083/ 54>-0.030927/ 55>-0.086431/ 56> 0.017348/ 57>-0.065810/ 58> 0.245240/ 59>
            0.554552/ 60>-0.183779/ 61> 0.057992/ 62> 0.070982/ 63>-0.158731/ 64>-0.055619/ 65> 0.042021/ 66>
            0.055042/ 67>-0.103405/ 68>-0.070452/ 69> 0.417258/ 70> 0.032743/ 71> 0.131781/ 72>-0.027253/ 73>


  Q20Q22:  0.00 SEC    QTME:  0.00 SEC



    SYMMETRY R1= 1


   BASIS FUNCTIONS /N,L,J,OMEGA>,   PARITY -


   1 / 7 7 15/2 13/2>    15 / 7 5 11/2  1/2>    29 / 7 7 13/2 -7/2>    43 / 5 5 11/2  1/2>    57 / 5 5 11/2-11/2>
   2 / 7 7 13/2 13/2>    16 / 7 5  9/2  1/2>    30 / 7 5 11/2 -7/2>    44 / 5 5  9/2  1/2>    58 / 3 3  7/2  5/2>
   3 / 7 7 15/2  9/2>    17 / 7 3  7/2  1/2>    31 / 7 5  9/2 -7/2>    45 / 5 3  7/2  1/2>    59 / 3 3  5/2  5/2>
   4 / 7 7 13/2  9/2>    18 / 7 3  5/2  1/2>    32 / 7 3  7/2 -7/2>    46 / 5 3  5/2  1/2>    60 / 3 3  7/2  1/2>
   5 / 7 5 11/2  9/2>    19 / 7 1  3/2  1/2>    33 / 7 7 15/2-11/2>    47 / 5 1  3/2  1/2>    61 / 3 3  5/2  1/2>
   6 / 7 5  9/2  9/2>    20 / 7 1  1/2  1/2>    34 / 7 7 13/2-11/2>    48 / 5 1  1/2  1/2>    62 / 3 1  3/2  1/2>
   7 / 7 7 15/2  5/2>    21 / 7 7 15/2 -3/2>    35 / 7 5 11/2-11/2>    49 / 5 5 11/2 -3/2>    63 / 3 1  1/2  1/2>
   8 / 7 7 13/2  5/2>    22 / 7 7 13/2 -3/2>    36 / 7 7 15/2-15/2>    50 / 5 5  9/2 -3/2>    64 / 3 3  7/2 -3/2>
   9 / 7 5 11/2  5/2>    23 / 7 5 11/2 -3/2>    37 / 5 5 11/2  9/2>    51 / 5 3  7/2 -3/2>    65 / 3 3  5/2 -3/2>
  10 / 7 5  9/2  5/2>    24 / 7 5  9/2 -3/2>    38 / 5 5  9/2  9/2>    52 / 5 3  5/2 -3/2>    66 / 3 1  3/2 -3/2>
  11 / 7 3  7/2  5/2>    25 / 7 3  7/2 -3/2>    39 / 5 5 11/2  5/2>    53 / 5 1  3/2 -3/2>    67 / 3 3  7/2 -7/2>
  12 / 7 3  5/2  5/2>    26 / 7 3  5/2 -3/2>    40 / 5 5  9/2  5/2>    54 / 5 5 11/2 -7/2>    68 / 1 1  3/2  1/2>
  13 / 7 7 15/2  1/2>    27 / 7 1  3/2 -3/2>    41 / 5 3  7/2  5/2>    55 / 5 5  9/2 -7/2>    69 / 1 1  1/2  1/2>
  14 / 7 7 13/2  1/2>    28 / 7 7 15/2 -7/2>    42 / 5 3  5/2  5/2>    56 / 5 3  7/2 -7/2>    70 / 1 1  3/2 -3/2>


    SINGLE PARTICLE (PARITY-) WAVE FUNCTIONS IN THE ENERGY INTERVAL 6.0<E<8.0

 E=6.0833  -0.007814/ 37> 0.006553/ 38> 0.004150/ 39> 0.005010/ 40>-0.003099/ 41>-0.011986/ 42>-0.008342/ 43>
            0.007108/ 44>-0.019018/ 45>-0.000753/ 46> 0.008710/ 47> 0.037060/ 48> 0.040127/ 49>-0.011743/ 50>
            0.027446/ 51>-0.025595/ 52> 0.129297/ 53>-0.159935/ 54> 0.021641/ 55>-0.391808/ 56> 0.893495/ 57>


 E=6.1130  -0.088627/ 37> 0.052016/ 38>-0.102406/ 39> 0.329316/ 40>-0.195759/ 41> 0.047709/ 42> 0.193661/ 43>
            0.189296/ 44>-0.559590/ 45> 0.084838/ 46>-0.168643/ 47> 0.042752/ 48> 0.042400/ 49>-0.419543/ 50>
           -0.397013/ 51>-0.105804/ 52>-0.074717/ 53>-0.126691/ 54>-0.180912/ 55>-0.055010/ 56>-0.044093/ 57>


 E=6.3193  -0.013811/ 37>-0.116088/ 38>-0.053926/ 39>-0.519306/ 40> 0.097368/ 41>-0.016008/ 42> 0.056706/ 43>
            0.308895/ 44> 0.056882/ 45> 0.597159/ 46>-0.184685/ 47> 0.246052/ 48>-0.102014/ 49>-0.269664/ 50>
            0.123615/ 51> 0.078054/ 52> 0.022400/ 53> 0.130144/ 54>-0.164809/ 55> 0.028424/ 56> 0.031383/ 57>


 E=6.3714  -0.105881/ 37>-0.072853/ 38>-0.155150/ 39>-0.486508/ 40>-0.127855/ 41>-0.039454/ 42> 0.202184/ 43>
           -0.235530/ 44>-0.424229/ 45> 0.015191/ 46>-0.128855/ 47> 0.030537/ 48>-0.005961/ 49> 0.524628/ 50>
           -0.252354/ 51> 0.120769/ 52>-0.025090/ 53>-0.151211/ 54> 0.177443/ 55>-0.037121/ 56>-0.028820/ 57>


 E=6.4438   0.132670/ 37>-0.020822/ 38>-0.095535/ 39> 0.036133/ 40> 0.177266/ 41>-0.018111/ 42> 0.058982/ 43>
            0.021520/ 44>-0.034731/ 45>-0.051562/ 46>-0.401853/ 47> 0.152124/ 48>-0.037581/ 49>-0.124688/ 50>
            0.158506/ 51>-0.471877/ 52>-0.125678/ 53>-0.030247/ 54> 0.672768/ 55> 0.112112/ 56> 0.026433/ 57>


 E=6.5165   0.092012/ 37>-0.090024/ 38>-0.010567/ 39>-0.334132/ 40> 0.286825/ 41>-0.097360/ 42>-0.138707/ 43>
            0.301469/ 44> 0.233753/ 45>-0.207478/ 46> 0.181631/ 47>-0.122507/ 48> 0.236355/ 49>-0.064387/ 50>
           -0.549979/ 51>-0.286582/ 52>-0.167991/ 53>-0.181837/ 54>-0.035685/ 55>-0.118211/ 56>-0.054494/ 57>


 E=6.5532  -0.016124/  1>-0.125086/  3> 0.002375/  4>-0.007460/  5>-0.404933/  7> 0.005426/  8>-0.039015/  9>
            0.000858/ 10>-0.002388/ 11>-0.657111/ 13> 0.001936/ 14>-0.074889/ 15> 0.000399/ 16>-0.006557/ 17>
           -0.000508/ 19>-0.559775/ 21>-0.004794/ 22>-0.060419/ 23>-0.000905/ 24>-0.004732/ 25>-0.246889/ 28>
           -0.004199/ 29>-0.019745/ 30>-0.000494/ 31>-0.000747/ 32>-0.051281/ 33>-0.000966/ 34>-0.001839/ 35>
           -0.003383/ 36>

 E=6.6273  -0.183927/ 37> 0.418889/ 38> 0.138030/ 39>-0.155472/ 40>-0.457753/ 41>-0.232591/ 42>-0.060229/ 43>
            0.086630/ 44> 0.018565/ 45> 0.149236/ 46> 0.449203/ 47> 0.095634/ 48> 0.032856/ 49>-0.158574/ 50>
           -0.022117/ 51>-0.112008/ 52> 0.169105/ 53>-0.014007/ 54> 0.397973/ 55>-0.067389/ 56>-0.090492/ 57>


 E=6.6440  -0.197041/ 37>-0.589015/ 38> 0.116830/ 39>-0.012890/ 40>-0.281533/ 41> 0.453754/ 42>-0.052620/ 43>
            0.030711/ 44> 0.026464/ 45> 0.153317/ 46> 0.207717/ 47>-0.317181/ 48> 0.035569/ 49>-0.112292/ 50>
            0.001658/ 51> 0.010008/ 52>-0.170017/ 53>-0.056259/ 54> 0.262857/ 55> 0.144512/ 56> 0.087024/ 57>


 E=6.8031   0.010269/ 37> 0.427019/ 38> 0.006679/ 39>-0.085504/ 40>-0.056761/ 41>-0.070240/ 42>-0.011399/ 43>
            0.016687/ 44> 0.025669/ 45> 0.059233/ 46>-0.057494/ 47>-0.249538/ 48> 0.027418/ 49>-0.003014/ 50>
            0.005770/ 51> 0.117240/ 52>-0.534304/ 53>-0.106918/ 54>-0.070610/ 55> 0.561921/ 56> 0.315746/ 57>


 E=6.8512   0.053548/  1>-0.001971/  2> 0.306198/  3>-0.020750/  4> 0.021245/  5>-0.001244/  6> 0.578800/  7>
           -0.066489/  8> 0.066459/  9>-0.008095/ 10> 0.005021/ 11>-0.000575/ 12> 0.192734/ 13>-0.102357/ 14>
            0.026620/ 15>-0.014616/ 16> 0.002993/ 17>-0.001676/ 18> 0.000348/ 19>-0.488161/ 21>-0.089123/ 22>
           -0.063435/ 23>-0.012194/ 24>-0.006271/ 25>-0.001261/ 26>-0.000464/ 27>-0.483026/ 28>-0.041406/ 29>
           -0.045494/ 30>-0.003973/ 31>-0.002078/ 32>-0.148861/ 33>-0.007885/ 34>-0.006137/ 35>-0.012536/ 36>


 E=6.9318   0.065672/ 37> 0.093272/ 38> 0.015205/ 39> 0.311953/ 40> 0.161096/ 41> 0.112374/ 42>-0.105788/ 43>
           -0.340832/ 44> 0.273902/ 45> 0.538702/ 46>-0.028876/ 47> 0.225221/ 48> 0.146193/ 49> 0.089083/ 50>
           -0.417630/ 51> 0.197108/ 52>-0.095138/ 53>-0.104720/ 54> 0.195291/ 55>-0.071769/ 56>-0.029015/ 57>


 E=7.0332  -0.136114/ 37> 0.000360/ 38> 0.129415/ 39>-0.008245/ 40>-0.485394/ 41> 0.103626/ 42>-0.082889/ 43>
           -0.088729/ 44> 0.282832/ 45> 0.023851/ 46>-0.280303/ 47> 0.237801/ 48> 0.024524/ 49> 0.248186/ 50>
           -0.009442/ 51>-0.509644/ 52>-0.194214/ 53> 0.012893/ 54>-0.347065/ 55>-0.085578/ 56>-0.014057/ 57>


 E=7.0730  -0.117158/  1> 0.004913/  2>-0.468181/  3> 0.038050/  4>-0.023990/  5> 0.002191/  6>-0.344988/  7>
            0.068983/  8> 0.032033/  9> 0.007057/ 10> 0.006545/ 11> 0.428518/ 13> 0.020627/ 14> 0.235969/ 15>
            0.001684/ 16> 0.044043/ 17>-0.000534/ 18> 0.006111/ 19>-0.000633/ 20> 0.070048/ 21>-0.054708/ 22>
            0.138998/ 23>-0.005422/ 24> 0.024386/ 25> 0.002178/ 27>-0.535825/ 28>-0.059832/ 29>-0.021281/ 30>
           -0.005267/ 31>-0.279397/ 33>-0.017157/ 34>-0.009994/ 35>-0.030707/ 36>

 E=7.1825   0.025525/ 37> 0.417064/ 38>-0.012828/ 39>-0.131461/ 40> 0.032629/ 41> 0.417997/ 42> 0.008035/ 43>
            0.026742/ 44> 0.027458/ 45> 0.093759/ 46>-0.229404/ 47>-0.512946/ 48>-0.028308/ 49>-0.026812/ 50>
            0.091458/ 51> 0.009937/ 52>-0.076862/ 53> 0.076283/ 54> 0.060021/ 55>-0.501701/ 56>-0.170564/ 57>


 E=7.2490  -0.188954/  1> 0.009115/  2>-0.491562/  3> 0.050205/  4>-0.007048/  5> 0.001373/  6> 0.118146/  7>
            0.033985/  8> 0.162920/  9>-0.013631/ 10> 0.026537/ 11>-0.002785/ 12> 0.271401/ 13>-0.037646/ 14>
            0.128648/ 15>-0.042313/ 16> 0.031983/ 17>-0.011625/ 18> 0.006919/ 19>-0.002800/ 20>-0.475273/ 21>
           -0.008617/ 22>-0.251549/ 23>-0.033027/ 24>-0.051349/ 25>-0.008874/ 26>-0.006256/ 27> 0.338754/ 28>
            0.060554/ 29>-0.051099/ 30>-0.001490/ 31>-0.006591/ 32> 0.405200/ 33> 0.029364/ 34> 0.010801/ 35>

 0.059147/ 36>

 E=7.3736  -0.299854/  1> 0.015219/  2>-0.472571/  3> 0.056477/  4> 0.031954/  5>-0.000822/  6> 0.494694/  7>
           -0.011491/  8> 0.277961/  9>-0.031010/ 10> 0.037211/ 11>-0.005230/ 12>-0.372320/ 13>-0.016799/ 14>
           -0.208271/ 15>-0.010719/ 16>-0.107936/ 17> 0.003410/ 18>-0.031046/ 19> 0.005890/ 20> 0.220469/ 21>
            0.016559/ 22> 0.098869/ 23> 0.018645/ 24> 0.005418/ 25> 0.004997/ 26> 0.000327/ 27>-0.008547/ 28>
           -0.023910/ 29> 0.091388/ 30> 0.006203/ 31> 0.008487/ 32>-0.301129/ 33>-0.023583/ 34>-0.003399/ 35>

-0.057993/ 36>

 E=7.3860  -0.004372/  1>-0.006788/  2>-0.040541/  3>-0.091942/  4>-0.001033/  5>-0.004582/  6>-0.099435/  7>
           -0.376956/  8>-0.006181/  9>-0.041832/ 10> 0.000492/ 11>-0.002408/ 12>-0.031587/ 13>-0.673439/ 14>
           -0.000502/ 15>-0.096867/ 16> 0.001313/ 17>-0.011152/ 18> 0.000611/ 19>-0.001144/ 20> 0.083308/ 21>
           -0.555877/ 22> 0.003992/ 23>-0.073788/ 24>-0.000885/ 25>-0.006913/ 26>-0.000351/ 27> 0.074329/ 28>
           -0.208040/ 29> 0.001112/ 30>-0.017485/ 31>-0.000425/ 32> 0.023130/ 33>-0.030160/ 34> 0.002113/ 36>


 E=7.4740  -0.064502/  1> 0.003600/  2>-0.048114/  3> 0.008890/  4> 0.014321/  5>-0.001011/  6> 0.096224/  7>
           -0.005259/  8> 0.042929/  9>-0.007955/ 10> 0.004877/ 11>-0.000530/ 12>-0.149141/ 13> 0.009585/ 14>
           -0.083283/ 15> 0.006004/ 16>-0.033308/ 17> 0.013746/ 18>-0.016947/ 19> 0.008037/ 20> 0.252717/ 21>
           -0.010411/ 22> 0.160324/ 23>-0.012690/ 24> 0.103953/ 25> 0.010839/ 26> 0.020762/ 27>-0.451588/ 28>
            0.005824/ 29>-0.321626/ 30>-0.030830/ 31>-0.026982/ 32> 0.709303/ 33> 0.060260/ 34>-0.008130/ 35>

 0.184293/ 36>

 E=7.5125  -0.063868/ 37>-0.052814/ 38> 0.075187/ 39>-0.065197/ 40>-0.313529/ 41>-0.080061/ 42>-0.070084/ 43>
            0.150423/ 44> 0.296168/ 45>-0.358342/ 46>-0.474483/ 47> 0.103305/ 48> 0.050847/ 49>-0.196640/ 50>
           -0.171853/ 51> 0.537868/ 52> 0.037158/ 53>-0.021960/ 54> 0.186361/ 55>-0.045950/ 56>-0.015977/ 57>


 E=7.6052   0.858022/  1>-0.048433/  2>-0.321988/  3>-0.015886/  4>-0.343858/  5> 0.025070/  6> 0.119114/  7>
            0.012170/  8> 0.095205/  9> 0.014542/ 10> 0.100935/ 11>-0.010330/ 12>-0.046051/ 13>-0.003752/ 14>
           -0.032573/ 15>-0.003526/ 16>-0.014203/ 17>-0.009675/ 18>-0.022106/ 19> 0.003957/ 20> 0.020819/ 21>
           -0.000574/ 22> 0.008097/ 23> 0.000969/ 24> 0.004638/ 25>-0.002733/ 26>-0.000718/ 27>-0.011094/ 28>
           -0.002213/ 29>-0.005582/ 30> 0.006453/ 33>-0.000841/ 35> 0.003366/ 36>

 E=7.6229   0.015244/ 37> 0.253385/ 38>-0.007278/ 39>-0.123422/ 40> 0.055783/ 41> 0.600204/ 42>-0.009632/ 43>
            0.044772/ 44> 0.033259/ 45>-0.134906/ 46>-0.023801/ 47> 0.160725/ 48> 0.031888/ 49> 0.010216/ 50>
           -0.176702/ 51>-0.084214/ 52> 0.537261/ 53>-0.056590/ 54>-0.035760/ 55> 0.409270/ 56> 0.095137/ 57>


 E=7.6307  -0.020794/  1> 0.016309/  2>-0.049003/  3> 0.163324/  4>-0.050134/  5> 0.010728/  6>-0.004384/  7>
            0.398396/  8>-0.265968/  9> 0.061826/ 10>-0.039483/ 11> 0.005762/ 12> 0.108354/ 13> 0.148232/ 14>
           -0.506077/ 15> 0.031250/ 16>-0.109797/ 17> 0.006776/ 18>-0.016284/ 19> 0.002420/ 20> 0.059057/ 21>
           -0.361659/ 22>-0.409474/ 23>-0.068394/ 24>-0.078629/ 25>-0.010867/ 26>-0.007944/ 27>-0.043922/ 28>
           -0.299074/ 29>-0.135215/ 30>-0.033900/ 31>-0.011902/ 32>-0.035668/ 33>-0.064174/ 34>-0.013172/ 35>

-0.004564/ 36>

 E=7.7664  -0.000419/  1> 0.000600/  3>-0.000479/  6>-0.001238/  7>-0.000373/  9> 0.001481/ 12> 0.003681/ 13>
            0.002542/ 15>-0.000330/ 16> 0.001612/ 17> 0.000914/ 18>-0.001691/ 19>-0.005532/ 20>-0.012549/ 21>
            0.001662/ 22>-0.009862/ 23> 0.001966/ 24>-0.006313/ 25> 0.006673/ 26>-0.025370/ 27> 0.044942/ 28>
           -0.006000/ 29> 0.050100/ 30>-0.011793/ 31> 0.102432/ 32>-0.177635/ 33> 0.018571/ 34>-0.351527/ 35>
            0.910100/ 36>

 E=7.8113  -0.030893/  1>-0.016684/  2>-0.119743/  3>-0.176422/  4>-0.042987/  5>-0.008987/  6>-0.065638/  7>
           -0.443927/  8>-0.222673/  9>-0.052541/ 10>-0.029431/ 11>-0.002641/ 12> 0.159410/ 13>-0.168382/ 14>
           -0.432942/ 15>-0.026922/ 16>-0.094125/ 17>-0.002501/ 18>-0.013723/ 19> 0.000962/ 20> 0.057196/ 21>
            0.407434/ 22>-0.346422/ 23> 0.058424/ 24>-0.063560/ 25> 0.004697/ 26>-0.005594/ 27>-0.129602/ 28>
            0.329293/ 29>-0.112530/ 30> 0.028542/ 31>-0.008338/ 32>-0.073465/ 33> 0.068222/ 34>-0.010867/ 35>

-0.007780/ 36>

 E=7.9123  -0.009590/  1>-0.048591/  2>-0.039474/  3>-0.372387/  4> 0.039695/  5>-0.016775/  6>-0.012899/  7>
           -0.431502/  8> 0.119374/  9> 0.027440/ 10> 0.015372/ 11> 0.006187/ 12> 0.012394/ 13> 0.406206/ 14>
            0.040936/ 15> 0.366382/ 16>-0.002725/ 17> 0.098790/ 18>-0.009261/ 19> 0.019105/ 20>-0.014702/ 21>
           -0.023183/ 22>-0.103751/ 23> 0.181078/ 24>-0.013733/ 25> 0.039258/ 26> 0.001639/ 27> 0.036423/ 28>
           -0.509578/ 29>-0.079481/ 30>-0.024633/ 31>-0.007525/ 32> 0.024886/ 33>-0.166671/ 34>-0.010782/ 35>

 0.001897/ 36>

  Q20Q22:  0.00 SEC    QTME:  0.00 SEC

 Q0= 114.671 HBAR/MW0     Q2= -82.902 HBAR/MW0     GAMMA= 45.6 DEG   FOR 82 PARTICLES;  A=207

1
 **********************************************  SINGLE PARTICLE MATRIX ELEMENTS  ***********************************************


   ENY   EMY     A+B     C      D      E    JZ    S0    S+    S-  <R2S> <R4S>  R2DZ  R2D+  R2D-  Q20S  Q22S   Q20   Q22  RHO2    R2


  5.52- MY=NY  4.360  4.433  29.22  19.75 -0.03 -0.00  0.22  0.23  6.50 48.81  0.01  0.74 -0.75  2.66 -1.18  3.83 -1.67  6.50  7.00
  5.69- 5.52- -2.405  2.199   0.37  -2.25 -1.72 -0.18 -0.23  0.22  6.50 49.21  0.44 -0.47 -0.44  0.30  0.14  0.35  0.15 -0.00  0.01
  5.81- 5.52-  0.189  0.659  -2.88  16.85 -0.20 -0.02  0.01  0.06  6.50 47.41  0.06  0.03 -0.13 -2.18 -1.05 -2.52 -1.11 -0.00 -0.06
  5.93- 5.52- -0.285  0.045   1.09  -6.52 -0.14 -0.01 -0.04 -0.02  6.50 46.66  0.05 -0.07 -0.01  0.88  0.37  1.01  0.40  0.00  0.03
  5.94- 5.52- -0.040 -0.003   1.86  -4.35 -0.01 -0.00  0.44  0.45  6.50 48.96 -0.01  0.17 -0.16 -0.64  0.85 -0.61  0.77  0.00 -0.14
  6.08- 5.52-  0.007  0.044  -0.38   2.07 -0.02  0.00  0.00 -0.00  6.50 61.53  0.02 -0.01 -0.02 -0.25 -0.13 -0.29 -0.13  0.00 -0.01
  6.11- 5.52-  0.894 -0.897  -0.08   0.14  0.65  0.29  0.26 -0.26  6.50 48.54  0.82 -0.36 -0.36  0.02  0.00  0.02  0.00 -0.00  0.00
  6.32- 5.52- -0.078  0.071  -0.60   1.08 -0.06  0.00 -0.02 -0.01  6.50 70.33  0.02 -0.01  0.01  0.10  0.00  0.11  0.01  0.00  0.01
  6.37- 5.52-  0.473 -0.485  -0.28   0.47  0.31 -0.26 -0.23  0.23  6.50 49.28 -0.74  0.32  0.32  0.11  0.02  0.12  0.02 -0.00  0.01
  6.44- 5.52- -0.005 -0.010  -0.09   0.01 -0.00 -0.03 -0.02  0.04  6.50 46.38 -0.08  0.04  0.03  0.13  0.04  0.15  0.05 -0.00  0.01
  6.52- 5.52-  0.113  0.070   3.48  -4.52  0.02 -0.02 -0.04 -0.01  6.50 47.29 -0.04  0.00  0.04 -1.83 -0.47 -2.07 -0.55  0.00 -0.09

  5.69- MY=NY -3.713 -2.682  25.36  -6.32  0.44  0.06 -0.31 -0.19  6.50 51.44 -0.07 -0.63  0.47  2.92 -0.44  4.19 -0.96  6.50  6.94
  5.81- 5.69-  2.003 -3.468  -2.13  11.73 -1.73 -0.22  0.25 -0.34  6.50 50.89  0.29  0.35  0.60 -1.46 -0.75 -1.69 -0.79  0.00 -0.03
  5.93- 5.69- -1.127  0.160  -3.32  18.25  0.61  0.07 -0.09  0.03  6.50 49.13 -0.09 -0.22 -0.06 -2.23 -1.13 -2.58 -1.19  0.00 -0.05
  5.94- 5.69- -0.522  0.461   0.01   0.40 -0.22 -0.12 -0.14  0.13  6.50 48.38 -0.64  0.34  0.34 -0.16 -0.07 -0.18 -0.07 -0.00 -0.01
  6.08- 5.69-  0.056 -0.271  -1.04   5.49 -0.12 -0.01  0.00 -0.02  6.50 42.93  0.03  0.01  0.05 -0.63 -0.34 -0.74 -0.36 -0.00 -0.01
  6.11- 5.69-  0.055 -0.035  -3.39   6.88 -0.05  0.03 -0.35 -0.29  6.50 53.27  0.10  0.03  0.09  1.00 -1.04  1.00 -0.93  0.00  0.19
  6.32- 5.69-  0.417 -0.301  -0.97   1.19 -0.15  0.34 -0.32  0.19  6.50 52.67  1.02  0.35  0.41  0.64  0.27  0.74  0.29 -0.00  0.02
  6.37- 5.69-  0.074 -0.099  -3.48   7.31 -0.06  0.02  0.27  0.28  6.50 46.14  0.04  0.06 -0.06  1.09 -1.14  1.09 -1.02  0.00  0.21
  6.44- 5.69-  0.059  0.101  -2.10   2.56  0.03 -0.12  0.11 -0.14  6.50 49.12 -0.35 -0.19 -0.14  1.26  0.28  1.42  0.33 -0.00  0.07
  6.52- 5.69- -0.614  0.581   1.04  -2.01  0.34  0.10 -0.07  0.06  6.50 33.24  0.35  0.12  0.12 -0.31  0.02 -0.34  0.01 -0.00 -0.03

  5.81- MY=NY -0.150  3.240  23.63 -26.34 -1.96 -0.21 -0.09  0.22  6.50 50.59  0.46 -0.07 -0.61  2.87  0.35  4.23 -0.20  6.50  6.85
  5.93- 5.81- -4.090  1.190   1.90 -10.56 -0.72 -0.06 -0.34  0.16  6.50 50.56  0.21 -0.76 -0.26  1.22  0.58  1.41  0.62  0.00  0.03
  5.94- 5.81- -0.140  0.157  -0.84   3.34 -0.03 -0.01 -0.03  0.01  6.50 46.78 -0.07 -0.03  0.08  0.28  0.03  0.32  0.04  0.00  0.02
  6.08- 5.81- -0.045  0.296  -2.53  13.45 -0.39 -0.04 -0.00  0.02  6.50 46.99  0.09 -0.02 -0.06 -1.55 -0.78 -1.79 -0.82 -0.00 -0.04
  6.11- 5.81- -0.317  0.334   0.23  -0.61  0.28 -0.11  0.09 -0.11  6.50 56.94 -0.57 -0.24 -0.26  0.06 -0.09  0.06 -0.08  0.00  0.01
  6.32- 5.81- -0.375  0.351   2.60  -5.25 -0.33 -0.16  0.26  0.62  6.50 51.60 -0.59  0.42  0.26 -0.89  0.78 -0.90  0.69 -0.00 -0.15
  6.37- 5.81- -0.270  0.311   0.81  -1.80  0.26  0.10 -0.06  0.18  6.50 43.28  0.39  0.26  0.26 -0.27 -0.11 -0.31 -0.12  0.00 -0.01
  6.44- 5.81- -0.469  0.530   0.64  -1.60 -0.20 -0.26 -0.11  0.03  6.50 48.55 -0.83  0.11  0.14  0.10  0.22  0.13  0.21 -0.00 -0.01
  6.52- 5.81-  0.189 -0.185  -4.78   9.85  0.22 -0.08  0.08  0.24  6.50 49.93 -0.29  0.15  0.14  1.46 -1.31  1.47 -1.16  0.00  0.25

  5.93- MY=NY -0.669  0.114  15.97 -15.64  3.78  0.40 -0.10  0.01  6.50 51.06 -0.86 -0.10  0.01 -0.51 -0.77  0.38 -1.44  6.50  6.70
  5.94- 5.93- -0.249 -0.260  -0.14  -3.61  0.21  0.02  0.01  0.01  6.50 54.23 -0.11  0.13 -0.03 -0.27  0.06 -0.30  0.05  0.00 -0.03
  6.08- 5.93-  0.710 -3.212  -0.30   1.42 -0.11 -0.02  0.10 -0.25  6.50 50.64  0.01  0.16  0.60 -0.16 -0.10 -0.19 -0.11 -0.00 -0.00
  6.11- 5.93-  0.148 -0.114   0.66  -1.53 -0.08  0.01 -0.04  0.03  6.50 55.78  0.23  0.04  0.02  0.05 -0.06  0.05 -0.05 -0.00  0.01
  6.32- 5.93- -0.369  0.238   0.99  -2.92 -0.06 -0.14 -0.06  0.06  6.50 48.87 -0.65  0.16  0.14 -0.23  0.08 -0.25  0.06 -0.00 -0.03
  6.37- 5.93-  0.006  0.042   0.97  -2.65 -0.18 -0.03 -0.00 -0.03  6.50 55.18 -0.15 -0.07 -0.03 -0.22 -0.20 -0.26 -0.20 -0.00  0.00
  6.44- 5.93-  0.136 -0.075   1.80  -3.64  0.40 -0.01  0.76  0.08  6.50 52.70 -0.04 -0.66 -0.71 -0.55  0.94 -0.51  0.86  0.00 -0.14
  6.52- 5.93-  0.345 -0.275  -0.08   0.31  0.13 -0.05  0.07  0.02  6.50 50.73 -0.24 -0.02 -0.05 -0.03  0.24 -0.01  0.22  0.00 -0.03

  5.94- MY=NY  4.409  4.383  23.17  31.96  0.02 -0.00 -0.23 -0.22  6.50 49.00  0.01 -1.29  1.27  3.36 -2.02  4.51 -2.42  6.50  7.14
  6.08- 5.94-  0.020 -0.174  -0.08   0.12 -0.02  0.00  0.01 -0.02  6.50 52.69 -0.03  0.04  0.06 -0.01 -0.00 -0.01 -0.00 -0.00 -0.00
  6.11- 5.94- -0.745  0.885   0.05   0.73 -0.68  0.15  0.19 -0.20  6.50 49.81 -1.40  1.07  1.07 -0.20 -0.10 -0.23 -0.10 -0.00 -0.01
  6.32- 5.94-  0.310  0.461  -0.08  10.24 -0.03 -0.00 -0.02 -0.03  6.50 37.65  0.10 -0.11 -0.04 -2.60 -1.20 -2.99 -1.27  0.00 -0.08
  6.37- 5.94-  1.585 -1.512   0.11   0.77  1.06 -0.16 -0.14  0.14  6.50 48.31 -0.66  0.29  0.28 -0.28 -0.13 -0.32 -0.14 -0.00 -0.01
  6.44- 5.94-  0.036 -0.282   0.28  -4.85  0.13 -0.01  0.04  0.03  6.50 48.11  0.04 -0.06 -0.09  1.05  0.55  1.22  0.57  0.00  0.02
  6.52- 5.94-  0.041 -0.144  -1.18   0.84  0.07 -0.01 -0.02 -0.01  6.50 74.50 -0.04 -0.04  0.06  0.54  0.26  0.62  0.27 -0.00  0.02

  6.08- MY=NY -0.011  0.051   5.64  -4.86 -5.05 -0.49 -0.00 -0.02  6.50 50.74  1.24 -0.03 -0.04 -4.49 -1.92 -4.14 -2.75  6.50  6.51
  6.11- 6.08- -0.080 -0.006   0.48  -0.48  0.11  0.01 -0.00  0.00  6.50 54.54 -0.05 -0.04 -0.02  0.15  0.00  0.16  0.01  0.00  0.01
  6.32- 6.08-  0.040  0.002  -0.49   1.39 -0.04 -0.00 -0.02  0.02  6.50 47.10 -0.04  0.06  0.09  0.13  0.05  0.15  0.05 -0.00  0.01
  6.37- 6.08- -0.027  0.054   0.23  -0.75  0.02  0.00 -0.01 -0.00  6.50 65.15  0.01  0.01  0.04 -0.03 -0.03 -0.04 -0.03 -0.00  0.00
  6.44- 6.08-  0.136 -0.179   0.32  -1.19 -0.05  0.08 -0.00  0.01  6.50 59.52  0.45  0.02  0.03 -0.19  0.08 -0.20  0.06 -0.00 -0.02
  6.52- 6.08-  0.061 -0.075   0.69  -1.78  0.02  0.00 -0.00  0.01  6.50 48.30  0.02  0.03  0.03 -0.12 -0.06 -0.14 -0.07  0.00 -0.00

  6.11- MY=NY -3.267 -3.385  17.08  11.84 -0.06  0.03 -0.10 -0.04  6.50 81.29  0.01 -0.95  0.98  3.39 -1.36  4.62 -1.80  6.50  7.07
  6.32- 6.11-  1.310 -0.376   0.34  -6.33 -0.53  0.21 -0.22  0.26  6.50 57.80  0.22 -0.08 -0.14  1.67  0.74  1.92  0.79 -0.00  0.05
  6.37- 6.11- -0.062  0.069  -1.69   3.71  0.08  0.03 -0.41 -0.34  6.50 54.02  0.09 -0.55  0.61  0.00 -0.10 -0.01 -0.09  0.00  0.01
  6.44- 6.11- -0.040  0.864   0.15  -9.37  0.33 -0.06  0.03 -0.09  6.50 55.32  0.04  0.01  0.11  2.58  1.13  2.97  1.21  0.00  0.08
  6.52- 6.11-  1.695 -1.711   0.23  -0.74 -1.15 -0.23  0.19 -0.23  6.50 58.43 -0.89 -0.41 -0.36 -0.06  0.02 -0.06  0.01  0.00 -0.01

  6.32- MY=NY  2.770  0.222  13.89  -8.37  0.72 -0.14 -0.31  0.03  6.50 50.79  1.10 -1.99  0.06  4.54 -0.55  5.98 -0.97  6.50  7.08
  6.37- 6.32- -0.932  1.736  -1.08   1.33  1.07  0.00  0.02  0.02  6.50 89.69  0.64  0.25  0.53 -0.03 -0.19 -0.05 -0.18  0.00  0.02
  6.44- 6.32- -0.416 -2.440  -0.34  -6.79  0.42 -0.00 -0.18  0.24  6.50 57.37  1.03 -0.67 -0.73  1.54  0.64  1.77  0.69  0.00  0.05
  6.52- 6.32-  0.805 -0.993   2.56  -6.16  0.74 -0.03  0.04  0.24  6.50 65.94 -0.46  0.72 -0.34 -0.38  0.59 -0.35  0.54 -0.00 -0.09

  6.37- MY=NY -3.535 -3.006  19.20   7.11  0.19  0.04 -0.20 -0.13  6.50 56.52  0.01  1.18 -1.18  1.77  0.32  3.01 -0.29  6.50  6.77
  6.44- 6.37-  0.251 -0.916  -0.40   3.19 -0.26  0.01 -0.04  0.07  6.50 40.92 -0.15 -0.16 -0.52  0.04  0.12  0.06  0.12 -0.00 -0.01
  6.52- 6.37- -0.267 -0.571  -0.35   5.21 -0.01 -0.30  0.36 -0.33  6.50 53.56  0.98  0.90  0.78 -1.05 -0.43 -1.20 -0.46  0.00 -0.04

  6.44- MY=NY -0.602  0.041   9.55  -3.51 -1.77  0.36 -0.16 -0.03  6.50 60.75 -1.07 -0.13  1.64  0.51 -2.01  1.37 -2.57  6.50  6.92
  6.52- 6.44-  0.815 -1.290  -0.55   0.99  0.14 -0.03  0.04  0.03  6.50 52.56 -0.66  0.13  0.49 -0.37 -0.45 -0.46 -0.44  0.00  0.02

  6.52- MY=NY  1.811  1.924  14.77  -9.11 -0.18 -0.09 -0.26 -0.15  6.50 52.84  0.14  0.96 -1.15  2.40  0.88  3.76  0.27  6.50  6.76

 DECOUP:  0.00 SEC



   #   ENERGY +/-(#)    <Q20>    <Q22>     <R2>     <JZ>      #   ENERGY +/-(#)    <Q20>    <Q22>     <R2>     <JZ>

   1   1.5000  +(# 1)   0.2355  -0.1593   1.5374   0.5000    41   6.1130  -(#21)   4.6198  -1.8014   7.0732  -0.0629
   2   2.2598  -(# 1)   1.5961  -0.5302   2.6869   0.2923    42   6.1455  +(#21)   0.5129   2.3034   5.2611   0.1766
   3   2.4238  -(# 2)  -0.1145  -0.7020   2.5760  -1.0349    43   6.2285  +(#22)   4.3871  -2.2504   8.1096  -0.0046
   4   2.8164  -(# 3)  -0.3043   0.4356   2.4239   0.2426    44   6.2508  +(#23)  -2.9322   0.9706   5.1570  -0.1873
   5   3.0486  +(# 2)   3.0238  -0.8863   3.8398   0.1728    45   6.3193  -(#22)   5.9762  -0.9655   7.0766   0.7320
   6   3.2122  +(# 3)   1.9452  -0.8864   3.7568  -0.4223    46   6.3714  -(#23)   3.0066  -0.2923   6.7667   0.1886
   7   3.3172  +(# 4)  -1.0441  -1.5810   3.6107   1.1846    47   6.4261  +(#24)   4.3345  -1.4342   8.0069   0.1106
   8   3.6223  +(# 5)   1.0317   0.6797   3.4972   0.6525    48   6.4438  -(#24)   1.3734  -2.5692   6.9162  -1.7936
   9   3.7203  +(# 6)  -0.5993  -0.8601   3.5578   0.1129    49   6.5165  -(#25)   3.7636   0.2661   6.7574  -0.1844
  10   3.8010  -(# 4)   3.3970  -1.6544   4.9613   0.0333    50   6.5532  -(#26)   5.8580  -4.3366   9.4749   0.0000
  11   4.0361  -(# 5)   4.0972  -0.1988   4.8393  -0.7677    51   6.5765  +(#25)   4.8802  -0.3169   7.9138  -1.0705
  12   4.0794  +(# 7)  -1.0609   1.3037   3.2608  -0.7004    52   6.6273  -(#27)  -0.8043  -2.0508   6.6860   1.1241
  13   4.1011  -(# 6)   1.4863  -1.4431   4.7888   1.8157    53   6.6440  -(#28)  -2.0022  -2.8450   6.6898   2.1585
  14   4.2492  -(# 7)  -2.1335  -2.4394   4.6306  -2.6951    54   6.6740  +(#26)   5.2065  -3.1618   8.2828   0.0177
  15   4.4538  -(# 8)   3.9317   0.3607   4.7590   0.4488    55   6.6794  +(#27)   3.7791  -0.3452   7.8325   3.0568
  16   4.5099  -(# 9)   1.2800  -1.0770   4.7287  -0.2708    56   6.7292  +(#28)  -2.7996   3.5079   4.8606  -0.1702
  17   4.5602  +(# 8)   3.9339  -2.3557   6.0874   0.0047    57   6.8031  -(#29)  -3.8450  -2.6960   6.5300  -1.2738
  18   4.6483  -(#10)  -2.0979  -2.2933   4.6157  -0.0702    58   6.8036  +(#29)  -0.6500  -1.7379   7.6600  -4.8849
  19   4.8212  +(# 9)   3.5833  -1.0550   5.9032  -0.1947    59   6.8512  -(#30)   4.9094  -2.8364   9.2206  -0.0005
  20   4.8743  -(#11)   1.3340   1.4605   4.4261  -0.5264    60   6.8875  +(#30)   5.1854  -2.6152   8.2151  -0.0171
  21   4.9374  +(#10)   4.1955  -0.7101   5.9087   1.1380    61   6.9318  -(#31)   2.2129   1.4657   6.4931   0.1018
  22   4.9620  -(#12)  -2.2512   0.0013   4.3266   0.5088    62   6.9626  +(#31)  -5.1122  -3.0178   7.4713   6.1305
  23   5.0567  +(#11)   1.4502  -1.2344   5.7608  -2.6400    63   7.0332  -(#32)   0.6918   1.0246   6.4294  -0.1358
  24   5.2001  +(#12)   3.6815  -1.5519   5.9709   0.2680    64   7.0730  -(#33)   4.5716  -1.8713   9.0780   0.0187
  25   5.2064  +(#13)  -2.8238  -2.5990   5.5968   3.7526    65   7.1029  +(#32)   3.7784  -1.1504   7.9298  -0.0750
  26   5.2431  -(#13)   4.5373  -3.0307   7.2154   0.0005    66   7.1299  +(#33)   6.4953  -4.9984  10.6039   0.0000
  27   5.3068  +(#14)   3.9707  -0.7849   5.9004  -0.1369    67   7.1372  +(#34)   5.8634  -1.3084   8.1093   0.6494
  28   5.3642  -(#14)  -1.9796   2.5038   4.0451   0.5234    68   7.1825  -(#34)  -3.7476  -0.9502   6.3265   0.3416
  29   5.4633  +(#15)   2.5359  -1.6340   5.8926   0.6595    69   7.2490  -(#35)   4.6231  -0.8431   8.9577  -0.3156
  30   5.5220  -(#15)   3.8334  -1.6657   6.9963  -0.0302    70   7.2543  +(#35)   5.2604  -1.2462   8.0554  -1.7586
  31   5.6210  +(#16)   2.1181   0.4282   5.6112   0.0006    71   7.3093  +(#36)   4.6063  -0.7536   7.9455  -0.1125
  32   5.6316  +(#17)  -2.5807  -3.3912   5.7113  -1.1037    72   7.3736  -(#36)   5.3881   0.1763   8.8933   1.8876
  33   5.6901  -(#16)   4.1945  -0.9563   6.9383   0.4460    73   7.3860  -(#37)   5.8742  -3.9542   9.4299   0.0004
  34   5.7163  +(#18)   1.0946   0.4758   5.5267   0.0267    74   7.4025  +(#37)   0.6792  -2.4260   7.8455   2.9331
  35   5.8134  -(#17)   4.2296  -0.2034   6.8500  -1.9788    75   7.4342  +(#38)   5.4772  -3.4469  10.3381  -0.0001
  36   5.8534  +(#19)  -2.9897  -1.1324   5.4068  -0.0939    76   7.4405  +(#39)   4.5350  -0.5495   7.9154   1.1282
  37   5.9276  -(#18)   0.3798  -1.4445   6.7038   3.8166    77   7.4740  -(#38)   2.8903  -0.4567   8.7776  -4.2306
  38   5.9397  +(#20)   5.2231  -3.6740   8.3460   0.0001    78   7.5125  -(#39)  -0.1185   3.1922   6.1051  -0.1218
  39   5.9444  -(#19)   4.5124  -2.4195   7.1397   0.0211    79   7.5785  +(#40)  -0.7860  -2.5881   7.7523  -2.5333
  40   6.0833  -(#20)  -4.1373  -2.7452   6.5134  -5.0909    80   7.5930  +(#41)  -3.4910  -3.4627   7.6499  -4.0233



     PARITY: +     DIMENSION:  95     MATRIX:   0.0 SEC     DIAGONALISATION:   0.0 SEC
     PARITY: -     DIMENSION:  70     MATRIX:   0.0 SEC     DIAGONALISATION:   0.0 SEC
      TOTAL TIME:   0.0 SEC
