


         KAPPAP      MYP     KAPPAN      MYN
    0    0.1200    0.0000    0.1200    0.0000
    1    0.1200    0.0000    0.1200    0.0000
    2    0.1050    0.0000    0.1050    0.0000
    3    0.0900    0.3000    0.0900    0.2500
    4    0.0650    0.5700    0.0700    0.3900
    5    0.0600    0.6500    0.0620    0.4300
    6    0.0540    0.6900    0.0620    0.3400
    7    0.0540    0.6900    0.0620    0.2600
    8    0.0540    0.6900    0.0620    0.2600


     KAPPA    MY     EPS   GAMMA    EPS4     EPS6     W0/W00   NMAX  COUPL     OMROT      EFAC      QFAC
      SEE TABLE     0.207   30.0   0.000    0.000    1.00481     8     0     0.00000   6.48205   6.40229


                     **** PROTONS ****                     **** STRETCHED COORDINATES ****
    SYMMETRY R1= 1


   BASIS FUNCTIONS /N,L,J,OMEGA>,   PARITY +


   1 / 8 8 17/2 17/2>    20 / 8 6 11/2  1/2>    39 / 8 4  7/2 -7/2>    58 / 6 4  7/2  1/2>    77 / 4 2  5/2  5/2>
   2 / 8 8 17/2 13/2>    21 / 8 4  9/2  1/2>    40 / 8 8 17/2-11/2>    59 / 6 2  5/2  1/2>    78 / 4 4  9/2  1/2>
   3 / 8 8 15/2 13/2>    22 / 8 4  7/2  1/2>    41 / 8 8 15/2-11/2>    60 / 6 2  3/2  1/2>    79 / 4 4  7/2  1/2>
   4 / 8 6 13/2 13/2>    23 / 8 2  5/2  1/2>    42 / 8 6 13/2-11/2>    61 / 6 0  1/2  1/2>    80 / 4 2  5/2  1/2>
   5 / 8 8 17/2  9/2>    24 / 8 2  3/2  1/2>    43 / 8 6 11/2-11/2>    62 / 6 6 13/2 -3/2>    81 / 4 2  3/2  1/2>
   6 / 8 8 15/2  9/2>    25 / 8 0  1/2  1/2>    44 / 8 8 17/2-15/2>    63 / 6 6 11/2 -3/2>    82 / 4 0  1/2  1/2>
   7 / 8 6 13/2  9/2>    26 / 8 8 17/2 -3/2>    45 / 8 8 15/2-15/2>    64 / 6 4  9/2 -3/2>    83 / 4 4  9/2 -3/2>
   8 / 8 6 11/2  9/2>    27 / 8 8 15/2 -3/2>    46 / 6 6 13/2 13/2>    65 / 6 4  7/2 -3/2>    84 / 4 4  7/2 -3/2>
   9 / 8 4  9/2  9/2>    28 / 8 6 13/2 -3/2>    47 / 6 6 13/2  9/2>    66 / 6 2  5/2 -3/2>    85 / 4 2  5/2 -3/2>
  10 / 8 8 17/2  5/2>    29 / 8 6 11/2 -3/2>    48 / 6 6 11/2  9/2>    67 / 6 2  3/2 -3/2>    86 / 4 2  3/2 -3/2>
  11 / 8 8 15/2  5/2>    30 / 8 4  9/2 -3/2>    49 / 6 4  9/2  9/2>    68 / 6 6 13/2 -7/2>    87 / 4 4  9/2 -7/2>
  12 / 8 6 13/2  5/2>    31 / 8 4  7/2 -3/2>    50 / 6 6 13/2  5/2>    69 / 6 6 11/2 -7/2>    88 / 4 4  7/2 -7/2>
  13 / 8 6 11/2  5/2>    32 / 8 2  5/2 -3/2>    51 / 6 6 11/2  5/2>    70 / 6 4  9/2 -7/2>    89 / 2 2  5/2  5/2>
  14 / 8 4  9/2  5/2>    33 / 8 2  3/2 -3/2>    52 / 6 4  9/2  5/2>    71 / 6 4  7/2 -7/2>    90 / 2 2  5/2  1/2>
  15 / 8 4  7/2  5/2>    34 / 8 8 17/2 -7/2>    53 / 6 4  7/2  5/2>    72 / 6 6 13/2-11/2>    91 / 2 2  3/2  1/2>
  16 / 8 2  5/2  5/2>    35 / 8 8 15/2 -7/2>    54 / 6 2  5/2  5/2>    73 / 6 6 11/2-11/2>    92 / 2 0  1/2  1/2>
  17 / 8 8 17/2  1/2>    36 / 8 6 13/2 -7/2>    55 / 6 6 13/2  1/2>    74 / 4 4  9/2  9/2>    93 / 2 2  5/2 -3/2>
  18 / 8 8 15/2  1/2>    37 / 8 6 11/2 -7/2>    56 / 6 6 11/2  1/2>    75 / 4 4  9/2  5/2>    94 / 2 2  3/2 -3/2>
  19 / 8 6 13/2  1/2>    38 / 8 4  9/2 -7/2>    57 / 6 4  9/2  1/2>    76 / 4 4  7/2  5/2>    95 / 0 0  1/2  1/2>


    SINGLE PARTICLE (PARITY+) WAVE FUNCTIONS IN THE ENERGY INTERVAL 6.0<E<8.0

 E=6.1055   0.050905/ 74>-0.043895/ 75> 0.075918/ 76> 0.359029/ 77> 0.022004/ 78>-0.052142/ 79>-0.150957/ 80>
            0.236006/ 81> 0.471578/ 82> 0.016616/ 83>-0.138546/ 84>-0.113260/ 85> 0.666009/ 86>-0.022782/ 87>
            0.283468/ 88>

 E=6.2319   0.002415/ 46> 0.054382/ 47>-0.001714/ 48> 0.003086/ 49> 0.330867/ 50>-0.009045/ 51> 0.043653/ 52>
           -0.001939/ 53> 0.002893/ 54> 0.726185/ 55>-0.005020/ 56> 0.128199/ 57>-0.001832/ 58> 0.017490/ 59>
           -0.000811/ 60> 0.001967/ 61> 0.556310/ 62> 0.010506/ 63> 0.089039/ 64> 0.003153/ 65> 0.009713/ 66>
            0.000708/ 67> 0.152855/ 68> 0.004840/ 69> 0.014766/ 70> 0.000591/ 71> 0.014238/ 72> 0.000366/ 73>


 E=6.3554   0.023498/ 74>-0.027551/ 75> 0.052126/ 76> 0.212882/ 77> 0.030946/ 78>-0.101734/ 79>-0.196242/ 80>
            0.351143/ 81> 0.591090/ 82>-0.025360/ 83> 0.131632/ 84> 0.139062/ 85>-0.609273/ 86> 0.014038/ 87>
           -0.139380/ 88>

 E=6.3801   0.007586/ 46> 0.139287/ 47>-0.007001/ 48> 0.008787/ 49> 0.564181/ 50>-0.037078/ 51> 0.086349/ 52>
           -0.007145/ 53> 0.006697/ 54> 0.299009/ 55>-0.050273/ 56> 0.066028/ 57>-0.011641/ 58> 0.011678/ 59>
           -0.002480/ 60> 0.001869/ 61>-0.645204/ 62>-0.051260/ 63>-0.123540/ 64>-0.012392/ 65>-0.016519/ 66>
           -0.002192/ 67>-0.344066/ 68>-0.020134/ 69>-0.037634/ 70>-0.002328/ 71>-0.042353/ 72>-0.001582/ 73>


 E=6.4851   0.017286/ 46> 0.263179/ 47>-0.015502/ 48> 0.017198/ 49> 0.662123/ 50>-0.057303/ 51> 0.098956/ 52>
           -0.011139/ 53> 0.007999/ 54>-0.518100/ 55>-0.009621/ 56>-0.196089/ 57> 0.002025/ 58>-0.046369/ 59>
            0.003327/ 60>-0.008031/ 61> 0.190597/ 62> 0.031502/ 63> 0.018271/ 64> 0.007271/ 65> 0.001669/ 66>
            0.001006/ 67> 0.354638/ 68> 0.025177/ 69> 0.039744/ 70> 0.002977/ 71> 0.057647/ 72> 0.002462/ 73>


 E=6.5649   0.006365/ 46> 0.081358/ 47>-0.005330/ 48> 0.005400/ 49> 0.107310/ 50>-0.012204/ 51> 0.012778/ 52>
           -0.001804/ 53> 0.000776/ 54>-0.212387/ 55> 0.010245/ 56>-0.077993/ 57> 0.009277/ 58>-0.023384/ 59>
            0.004574/ 60>-0.005421/ 61> 0.424397/ 62>-0.007252/ 63> 0.188253/ 64> 0.011336/ 65> 0.039343/ 66>
            0.004870/ 67>-0.817388/ 68>-0.066202/ 69>-0.090337/ 70>-0.007544/ 71>-0.177133/ 72>-0.008253/ 73>


 E=6.6693  -0.098108/ 46>-0.930790/ 47> 0.067463/ 48>-0.060821/ 49> 0.277079/ 50> 0.012268/ 51> 0.170888/ 52>
           -0.013140/ 53> 0.023326/ 54>-0.078385/ 55>-0.005937/ 56>-0.035200/ 57>-0.006239/ 58>-0.019554/ 59>
            0.000455/ 60>-0.005391/ 61> 0.027079/ 62> 0.001920/ 63> 0.009466/ 64> 0.000550/ 65> 0.001574/ 66>
           -0.013463/ 68>-0.001215/ 69>-0.001196/ 70>-0.005312/ 72>

 E=6.8032   0.000633/ 47>-0.001480/ 50>-0.000362/ 52> 0.006034/ 55>-0.000509/ 56> 0.002728/ 57> 0.000369/ 59>
           -0.001359/ 60> 0.000909/ 61>-0.030673/ 62> 0.003549/ 63>-0.018540/ 64> 0.004934/ 65>-0.019358/ 66>
           -0.002168/ 67> 0.170389/ 68>-0.013443/ 69> 0.163365/ 70> 0.012200/ 71>-0.969152/ 72>-0.054249/ 73>


 E=6.9395   0.001033/ 46> 0.011009/ 47> 0.029223/ 48>-0.000721/ 49> 0.050798/ 50> 0.277052/ 51>-0.007856/ 52>
            0.040078/ 53>-0.002903/ 54> 0.027168/ 55> 0.758616/ 56>-0.010709/ 57> 0.178206/ 58>-0.009316/ 59>
            0.033761/ 60>-0.006152/ 61>-0.056871/ 62> 0.531028/ 63> 0.011973/ 64> 0.105079/ 65> 0.008310/ 66>
            0.012155/ 67>-0.028686/ 68> 0.105204/ 69> 0.002622/ 70> 0.008804/ 71>-0.002735/ 72> 0.005089/ 73>


 E=6.9602   0.982320/ 46>-0.088283/ 47>-0.011837/ 48>-0.162734/ 49> 0.010515/ 50> 0.001549/ 51> 0.009205/ 52>
            0.003440/ 53> 0.020321/ 54>-0.001415/ 55>-0.000640/ 56>-0.000894/ 57>-0.000990/ 60>-0.002003/ 61>
           -0.000346/ 63>

 E=7.0868   0.000325/ 46>-0.002740/ 47>-0.062442/ 48> 0.007197/ 49>-0.029162/ 50>-0.416844/ 51> 0.104769/ 52>
           -0.075387/ 53> 0.018272/ 54>-0.055682/ 55>-0.325718/ 56> 0.306920/ 57>-0.114147/ 58> 0.109899/ 59>
           -0.036890/ 60> 0.027389/ 61>-0.052632/ 62> 0.655466/ 63> 0.229476/ 64> 0.169002/ 65> 0.068193/ 66>
            0.027620/ 67>-0.016803/ 68> 0.228814/ 69> 0.037783/ 70> 0.022934/ 71>-0.000395/ 72> 0.014010/ 73>


 E=7.1991  -0.000432/ 46> 0.004213/ 47> 0.135455/ 48>-0.016254/ 49> 0.033128/ 50> 0.633176/ 51>-0.191725/ 52>
            0.115533/ 53>-0.033774/ 54> 0.065618/ 55>-0.450388/ 56>-0.313330/ 57>-0.242544/ 58>-0.083339/ 59>
           -0.074627/ 60> 0.000711/ 61> 0.010829/ 62> 0.320053/ 63>-0.108558/ 64> 0.060209/ 65>-0.019069/ 66>
            0.006692/ 67>-0.037263/ 68> 0.176615/ 69>-0.005793/ 70> 0.016018/ 71>-0.006868/ 72> 0.012305/ 73>


 E=7.2100  -0.002836/ 46>-0.041116/ 47>-0.090776/ 48>-0.005378/ 49>-0.064048/ 50>-0.500050/ 51>-0.123611/ 52>
           -0.072923/ 53>-0.013201/ 54> 0.172126/ 55> 0.015878/ 56>-0.629812/ 57> 0.082135/ 58>-0.238518/ 59>
            0.051287/ 60>-0.059314/ 61> 0.048512/ 62> 0.199228/ 63>-0.399138/ 64> 0.030364/ 65>-0.099893/ 66>
           -0.003914/ 67>-0.048342/ 68> 0.024379/ 69>-0.058831/ 70>-0.000900/ 71>-0.010694/ 72>

 E=7.3118  -0.002080/ 47>-0.015234/ 48> 0.001183/ 49>-0.005925/ 50>-0.043098/ 51> 0.000864/ 52>-0.005673/ 53>
           -0.000830/ 54> 0.016533/ 55> 0.077370/ 56>-0.055650/ 57> 0.051179/ 58>-0.064320/ 59> 0.036118/ 60>
           -0.028933/ 61>-0.009554/ 62>-0.255313/ 63> 0.117397/ 64>-0.210579/ 65>-0.009891/ 66>-0.046827/ 67>
           -0.061940/ 68> 0.903973/ 69> 0.129097/ 70> 0.091103/ 71>-0.009327/ 72> 0.088505/ 73>

 E=7.3711  -0.003043/ 46>-0.029745/ 47> 0.001160/ 48>-0.017327/ 49> 0.010676/ 50>-0.034429/ 51>-0.219533/ 52>
            0.033973/ 53>-0.039752/ 54> 0.117531/ 55>-0.040981/ 56>-0.331967/ 57> 0.178286/ 58>-0.224002/ 59>
            0.108673/ 60>-0.086617/ 61>-0.201268/ 62>-0.058568/ 63> 0.735293/ 64> 0.160600/ 65> 0.245863/ 66>
            0.059369/ 67> 0.075241/ 68>-0.137985/ 69> 0.140297/ 70> 0.001122/ 71> 0.026849/ 72>-0.011753/ 73>


 E=7.4616   0.001546/ 46> 0.044262/ 47> 0.936004/ 48>-0.097887/ 49> 0.024130/ 50>-0.165198/ 51>-0.192219/ 52>
           -0.191846/ 53> 0.003474/ 54>-0.012473/ 55> 0.031260/ 56> 0.033745/ 57> 0.026408/ 58> 0.078126/ 59>
            0.024564/ 60> 0.016290/ 61> 0.006618/ 62>-0.009805/ 63>-0.019772/ 64>-0.002879/ 65> 0.004767/ 66>
            0.001173/ 67>-0.001043/ 68> 0.010897/ 69>-0.009275/ 70> 0.000442/ 71>-0.002000/ 72> 0.001062/ 73>


 E=7.4894  -0.015945/ 46>-0.122630/ 47>-0.203871/ 48>-0.068597/ 49> 0.179615/ 50>-0.100467/ 51>-0.830695/ 52>
            0.143915/ 53>-0.148004/ 54>-0.070196/ 55> 0.021711/ 56> 0.157433/ 57> 0.081234/ 58> 0.312742/ 59>
           -0.044819/ 60> 0.128865/ 61> 0.030504/ 62>-0.022492/ 63>-0.078988/ 64> 0.015104/ 65> 0.002566/ 67>
           -0.006202/ 68> 0.037699/ 69>-0.027955/ 70> 0.003515/ 71>-0.005658/ 72> 0.003452/ 73>

 E=7.5233  -0.000422/  1>-0.011866/  2>-0.000454/  4>-0.101595/  5> 0.002248/  6>-0.009117/  7>-0.000355/  9>
           -0.383248/ 10> 0.005903/ 11>-0.049780/ 12> 0.001174/ 13>-0.004366/ 14>-0.678060/ 17> 0.002318/ 18>
           -0.101921/ 19> 0.000571/ 20>-0.011612/ 21>-0.001161/ 23>-0.560286/ 26>-0.005541/ 27>-0.080236/ 28>
           -0.001270/ 29>-0.008395/ 30>-0.000688/ 32>-0.217133/ 34>-0.004248/ 35>-0.024244/ 36>-0.000679/ 37>
           -0.001582/ 38>-0.038851/ 40>-0.000889/ 41>-0.002530/ 42>-0.002750/ 44>

 E=7.6397  -0.000465/ 47> 0.002445/ 48> 0.000633/ 49> 0.001081/ 50>-0.001934/ 51>-0.003939/ 52> 0.003027/ 53>
           -0.003671/ 54>-0.002090/ 55> 0.005758/ 57>-0.002705/ 58>-0.004660/ 59>-0.011886/ 60> 0.013119/ 61>
            0.006839/ 62> 0.011448/ 63>-0.017250/ 64> 0.019437/ 65>-0.080904/ 66> 0.023550/ 67>-0.026385/ 68>
           -0.097936/ 69> 0.236246/ 70>-0.185412/ 71>-0.016776/ 72> 0.943853/ 73>

 E=7.6534  -0.001401/ 47> 0.009648/ 48>-0.002346/ 49> 0.004286/ 50>-0.009327/ 51>-0.016221/ 52> 0.013883/ 53>
           -0.007694/ 54>-0.008610/ 55> 0.004676/ 56> 0.021457/ 57>-0.009805/ 58>-0.014303/ 59>-0.061403/ 60>
            0.029356/ 61> 0.030939/ 62> 0.012802/ 63>-0.066263/ 64> 0.056764/ 65>-0.295500/ 66>-0.058818/ 67>
           -0.132764/ 68>-0.100556/ 69> 0.878656/ 70> 0.135546/ 71> 0.147687/ 72>-0.233062/ 73>

 E=7.6779  -0.001607/  1>-0.038529/  2> 0.001174/  3>-0.001592/  4>-0.255183/  5> 0.009675/  6>-0.025173/  7>
            0.001088/  8>-0.001080/  9>-0.592650/ 10> 0.025946/ 11>-0.086584/ 12> 0.004622/ 13>-0.008631/ 14>
            0.000584/ 15>-0.000507/ 16>-0.224290/ 17> 0.030260/ 18>-0.038725/ 19> 0.005461/ 20>-0.005167/ 21>
            0.000779/ 22>-0.000623/ 23> 0.542324/ 26> 0.030055/ 27> 0.088387/ 28> 0.005621/ 29> 0.010691/ 30>
            0.000846/ 31> 0.001033/ 32> 0.448335/ 34> 0.018019/ 35> 0.055636/ 36> 0.002724/ 37> 0.004062/ 38>

 0.113042/ 40> 0.003958/ 41> 0.008014/ 42> 0.009771/ 44>

 E=7.7053  -0.000967/ 46>-0.008139/ 47>-0.036197/ 48>-0.002903/ 49>-0.004440/ 50>-0.112366/ 51>-0.048355/ 52>
           -0.137793/ 53> 0.013370/ 54> 0.047085/ 55> 0.280468/ 56>-0.205476/ 57>-0.723104/ 58> 0.116501/ 59>
           -0.407579/ 60> 0.154729/ 61>-0.050204/ 62>-0.010928/ 63> 0.199254/ 64>-0.248494/ 65> 0.060629/ 66>
           -0.049098/ 67> 0.018586/ 68>-0.061099/ 69> 0.012348/ 70>-0.020482/ 71> 0.001970/ 72>-0.004431/ 73>


 E=7.8034   0.004080/  1> 0.083520/  2>-0.003044/  3> 0.003595/  4> 0.416842/  5>-0.020397/  6> 0.042451/  7>
           -0.002331/  8> 0.001913/  9> 0.454023/ 10>-0.034489/ 11> 0.058479/ 12>-0.005990/ 13> 0.005502/ 14>
           -0.000706/ 15> 0.000339/ 16>-0.491535/ 17>-0.007058/ 18>-0.136207/ 19>-0.000689/ 20>-0.024649/ 21>
           -0.003652/ 23>-0.000442/ 25> 0.001436/ 26> 0.022873/ 27>-0.026497/ 28> 0.003723/ 29>-0.005804/ 30>
            0.000358/ 31>-0.000719/ 32> 0.542334/ 34> 0.030496/ 35> 0.067572/ 36> 0.004643/ 37> 0.005116/ 38>

 0.000361/ 39> 0.208809/ 40> 0.009019/ 41> 0.015402/ 42> 0.000612/ 43> 0.022177/ 44> 0.000592/ 45>


 E=7.8255  -0.002114/ 46>-0.015865/ 47> 0.004612/ 48>-0.017998/ 49> 0.037906/ 50>-0.016203/ 51>-0.176470/ 52>
            0.049872/ 53>-0.068636/ 54>-0.037264/ 55>-0.027869/ 56> 0.234311/ 57>-0.057082/ 58>-0.442777/ 59>
            0.187210/ 60>-0.270382/ 61>-0.011152/ 62> 0.201549/ 63> 0.104663/ 64>-0.643818/ 65>-0.244460/ 66>
           -0.209378/ 67> 0.014749/ 68>-0.130271/ 69>-0.051616/ 70>-0.070069/ 71>-0.003352/ 72>-0.015931/ 73>


 E=7.8497   0.154406/ 46>-0.080219/ 47> 0.083746/ 48> 0.928693/ 49> 0.012606/ 50>-0.007722/ 51>-0.031647/ 52>
           -0.042492/ 53>-0.303183/ 54>-0.002075/ 55> 0.002111/ 56> 0.005093/ 57>-0.003407/ 58>-0.009439/ 59>
            0.022302/ 60> 0.065797/ 61>-0.001005/ 63> 0.001342/ 64>-0.005832/ 66> 0.015659/ 67> 0.000374/ 68>
            0.001682/ 69>-0.002978/ 70>-0.004879/ 71>-0.003730/ 73>

 E=7.8983  -0.005425/  1>-0.096362/  2> 0.003908/  3>-0.004231/  4>-0.359202/  5> 0.020583/  6>-0.036029/  7>
            0.002303/  8>-0.001622/  9>-0.041293/ 10> 0.015372/ 11> 0.017929/ 12> 0.001282/ 13> 0.004207/ 14>
            0.000370/ 16> 0.348756/ 17>-0.012383/ 18> 0.100465/ 19>-0.005640/ 20> 0.020850/ 21>-0.001528/ 22>
            0.003678/ 23>-0.000434/ 24> 0.000551/ 25>-0.550907/ 26>-0.004949/ 27>-0.162863/ 28>-0.005717/ 29>
           -0.030235/ 30>-0.001940/ 31>-0.004078/ 32>-0.000440/ 33> 0.520977/ 34> 0.037857/ 35> 0.056486/ 36>

 0.005217/ 37> 0.003751/ 38> 0.000361/ 39> 0.339580/ 40> 0.016619/ 41> 0.025336/ 42> 0.001128/ 43>
            0.043817/ 44> 0.001286/ 45>

 E=7.9727   0.016978/  1> 0.264915/  2>-0.011544/  3> 0.011720/  4> 0.720590/  5>-0.046611/  6> 0.067501/  7>
           -0.004908/  8> 0.002858/  9>-0.499182/ 10> 0.002715/ 11>-0.162890/ 12> 0.007318/ 13>-0.026853/ 14>
            0.002024/ 15>-0.002285/ 16> 0.275776/ 17> 0.005600/ 18> 0.090944/ 19> 0.002358/ 20> 0.023890/ 21>
            0.005069/ 23> 0.000822/ 25>-0.158577/ 26>-0.006154/ 27>-0.045014/ 28>-0.002879/ 29>-0.008443/ 30>
           -0.000875/ 31>-0.001239/ 32> 0.066962/ 34> 0.006974/ 35> 0.002552/ 36> 0.000657/ 37> 0.098181/ 40>

 0.005235/ 41> 0.007266/ 42> 0.000351/ 43> 0.015287/ 44> 0.000478/ 45>

  Q20Q22:  0.00 SEC    QTME:  0.00 SEC



    SYMMETRY R1= 1


   BASIS FUNCTIONS /N,L,J,OMEGA>,   PARITY -


   1 / 7 7 15/2 13/2>    15 / 7 5 11/2  1/2>    29 / 7 7 13/2 -7/2>    43 / 5 5 11/2  1/2>    57 / 5 5 11/2-11/2>
   2 / 7 7 13/2 13/2>    16 / 7 5  9/2  1/2>    30 / 7 5 11/2 -7/2>    44 / 5 5  9/2  1/2>    58 / 3 3  7/2  5/2>
   3 / 7 7 15/2  9/2>    17 / 7 3  7/2  1/2>    31 / 7 5  9/2 -7/2>    45 / 5 3  7/2  1/2>    59 / 3 3  5/2  5/2>
   4 / 7 7 13/2  9/2>    18 / 7 3  5/2  1/2>    32 / 7 3  7/2 -7/2>    46 / 5 3  5/2  1/2>    60 / 3 3  7/2  1/2>
   5 / 7 5 11/2  9/2>    19 / 7 1  3/2  1/2>    33 / 7 7 15/2-11/2>    47 / 5 1  3/2  1/2>    61 / 3 3  5/2  1/2>
   6 / 7 5  9/2  9/2>    20 / 7 1  1/2  1/2>    34 / 7 7 13/2-11/2>    48 / 5 1  1/2  1/2>    62 / 3 1  3/2  1/2>
   7 / 7 7 15/2  5/2>    21 / 7 7 15/2 -3/2>    35 / 7 5 11/2-11/2>    49 / 5 5 11/2 -3/2>    63 / 3 1  1/2  1/2>
   8 / 7 7 13/2  5/2>    22 / 7 7 13/2 -3/2>    36 / 7 7 15/2-15/2>    50 / 5 5  9/2 -3/2>    64 / 3 3  7/2 -3/2>
   9 / 7 5 11/2  5/2>    23 / 7 5 11/2 -3/2>    37 / 5 5 11/2  9/2>    51 / 5 3  7/2 -3/2>    65 / 3 3  5/2 -3/2>
  10 / 7 5  9/2  5/2>    24 / 7 5  9/2 -3/2>    38 / 5 5  9/2  9/2>    52 / 5 3  5/2 -3/2>    66 / 3 1  3/2 -3/2>
  11 / 7 3  7/2  5/2>    25 / 7 3  7/2 -3/2>    39 / 5 5 11/2  5/2>    53 / 5 1  3/2 -3/2>    67 / 3 3  7/2 -7/2>
  12 / 7 3  5/2  5/2>    26 / 7 3  5/2 -3/2>    40 / 5 5  9/2  5/2>    54 / 5 5 11/2 -7/2>    68 / 1 1  3/2  1/2>
  13 / 7 7 15/2  1/2>    27 / 7 1  3/2 -3/2>    41 / 5 3  7/2  5/2>    55 / 5 5  9/2 -7/2>    69 / 1 1  1/2  1/2>
  14 / 7 7 13/2  1/2>    28 / 7 7 15/2 -7/2>    42 / 5 3  5/2  5/2>    56 / 5 3  7/2 -7/2>    70 / 1 1  3/2 -3/2>


    SINGLE PARTICLE (PARITY-) WAVE FUNCTIONS IN THE ENERGY INTERVAL 6.0<E<8.0

 E=6.0936   0.000336/ 42> 0.001407/ 43> 0.000966/ 45> 0.000352/ 46>-0.000674/ 47>-0.002349/ 48>-0.010319/ 49>
            0.002238/ 50>-0.007042/ 51> 0.005044/ 52>-0.021855/ 53> 0.084610/ 54>-0.013442/ 55> 0.169085/ 56>
           -0.981528/ 57>

 E=6.1509  -0.005735/ 37>-0.012304/ 38>-0.052784/ 39>-0.219091/ 40> 0.011577/ 41>-0.025015/ 42>-0.044030/ 43>
           -0.802019/ 44> 0.037118/ 45>-0.217225/ 46> 0.031609/ 47>-0.045782/ 48> 0.072670/ 49>-0.482068/ 50>
           -0.016132/ 51>-0.094557/ 52>-0.010582/ 53> 0.023445/ 54>-0.062442/ 55>-0.001821/ 56>

 E=6.2706   0.009714/ 37>-0.018400/ 38> 0.007592/ 39>-0.238516/ 40> 0.099640/ 41>-0.037895/ 42>-0.110274/ 43>
           -0.281694/ 44> 0.465449/ 45>-0.152662/ 46> 0.190110/ 47>-0.072149/ 48>-0.063137/ 49> 0.642864/ 50>
            0.295235/ 51> 0.174697/ 52> 0.073982/ 53> 0.007002/ 54> 0.131650/ 55> 0.025368/ 56> 0.002608/ 57>


 E=6.3824  -0.021449/ 37> 0.019196/ 38>-0.040728/ 39> 0.150266/ 40>-0.162146/ 41> 0.031362/ 42> 0.170005/ 43>
           -0.366255/ 44>-0.630079/ 45>-0.140852/ 46>-0.213539/ 47>-0.002016/ 48>-0.002123/ 49> 0.498191/ 50>
           -0.222872/ 51> 0.097798/ 52>-0.031414/ 53>-0.057827/ 54> 0.100825/ 55>-0.014603/ 56>-0.005271/ 57>


 E=6.4050   0.017436/ 37> 0.082087/ 38> 0.103481/ 39> 0.879619/ 40>-0.098490/ 41> 0.116275/ 42>-0.087518/ 43>
           -0.133468/ 44> 0.222319/ 45>-0.243251/ 46> 0.165498/ 47>-0.119321/ 48> 0.006246/ 49>-0.042140/ 50>
            0.083886/ 51>-0.017133/ 52> 0.016207/ 53> 0.010141/ 54> 0.006986/ 55> 0.006490/ 56> 0.000943/ 57>


 E=6.5164   0.007428/ 37>-0.008411/ 38> 0.009889/ 39>-0.081531/ 40> 0.071034/ 41>-0.028449/ 42>-0.091388/ 43>
            0.084070/ 44> 0.220695/ 45>-0.209753/ 46> 0.256524/ 47>-0.153765/ 48> 0.195276/ 49> 0.149407/ 50>
           -0.794906/ 51>-0.091406/ 52>-0.188290/ 53>-0.085734/ 54>-0.188410/ 55>-0.102493/ 56>-0.014543/ 57>


 E=6.5483   0.010271/ 37>-0.004366/ 38>-0.006786/ 39>-0.017616/ 40> 0.063234/ 41>-0.013449/ 42>-0.019117/ 43>
            0.047954/ 44> 0.048964/ 45>-0.060023/ 46>-0.004893/ 47>-0.011021/ 48> 0.051133/ 49>-0.092238/ 50>
           -0.125347/ 51>-0.275829/ 52>-0.098998/ 53>-0.097377/ 54> 0.924716/ 55> 0.096013/ 56>-0.003538/ 57>


 E=6.6699  -0.137187/ 37> 0.056058/ 38> 0.149170/ 39>-0.175130/ 40>-0.879172/ 41> 0.088435/ 42>-0.028411/ 43>
            0.021276/ 44> 0.017085/ 45> 0.121504/ 46> 0.328797/ 47>-0.081462/ 48> 0.006069/ 49>-0.041466/ 50>
           -0.004231/ 51> 0.059357/ 52> 0.034031/ 53>-0.005291/ 54> 0.082446/ 55> 0.002946/ 56>-0.001759/ 57>


 E=6.7278   0.066803/ 37> 0.963384/ 38>-0.014656/ 39>-0.047778/ 40> 0.025270/ 41>-0.246343/ 42> 0.002572/ 43>
            0.006342/ 44>-0.002066/ 45>-0.011373/ 46>-0.002184/ 47> 0.054468/ 48>-0.000412/ 49> 0.002328/ 50>
           -0.001658/ 51>-0.009914/ 52> 0.013122/ 53> 0.001537/ 54>-0.002844/ 55>-0.012660/ 56>-0.002603/ 57>


 E=6.8260   0.000410/ 37> 0.019369/ 38> 0.025932/ 39> 0.168060/ 40>-0.028370/ 41> 0.081276/ 42>-0.068199/ 43>
           -0.303445/ 44> 0.300086/ 45> 0.698460/ 46>-0.201393/ 47> 0.394130/ 48> 0.063017/ 49> 0.078910/ 50>
           -0.257442/ 51> 0.090780/ 52>-0.061770/ 53>-0.024943/ 54> 0.045354/ 55>-0.038953/ 56>-0.006673/ 57>


 E=6.8713  -0.001059/ 37> 0.029586/ 38> 0.004048/ 39>-0.007061/ 40>-0.020737/ 41> 0.029655/ 42>-0.005556/ 43>
           -0.006280/ 44> 0.024815/ 45> 0.023507/ 46>-0.053463/ 47>-0.073212/ 48> 0.012129/ 49> 0.013110/ 50>
           -0.005620/ 51> 0.052717/ 52>-0.341535/ 53>-0.089125/ 54>-0.122634/ 55> 0.905835/ 56> 0.158101/ 57>


 E=6.8962  -0.006281/  1>-0.078141/  3> 0.002090/  4>-0.006114/  5>-0.361300/  7> 0.007305/  8>-0.047866/  9>
            0.001541/ 10>-0.003953/ 11>-0.699961/ 13> 0.003289/ 14>-0.113313/ 15> 0.000957/ 16>-0.014036/ 17>
           -0.001523/ 19>-0.560597/ 21>-0.007482/ 22>-0.084889/ 23>-0.001948/ 24>-0.009228/ 25>-0.000424/ 26>
           -0.000668/ 27>-0.187641/ 28>-0.004650/ 29>-0.020159/ 30>-0.000707/ 31>-0.000998/ 32>-0.025585/ 33>
           -0.000658/ 34>-0.001176/ 35>-0.001010/ 36>

 E=6.9673  -0.030341/ 37>-0.004219/ 38> 0.045442/ 39>-0.046461/ 40>-0.266109/ 41> 0.028648/ 42>-0.031183/ 43>
            0.029313/ 44> 0.204240/ 45>-0.204263/ 46>-0.456517/ 47> 0.171762/ 48>-0.017027/ 49> 0.181783/ 50>
            0.125988/ 51>-0.684102/ 52>-0.201941/ 53> 0.022209/ 54>-0.187099/ 55>-0.080405/ 56>-0.008735/ 57>


 E=7.0482   0.020380/  1>-0.000585/  2> 0.200853/  3>-0.008880/  4> 0.017379/  5>-0.000761/  6> 0.590865/  7>
           -0.031257/  8> 0.089354/  9>-0.005921/ 10> 0.008514/ 11>-0.000664/ 12> 0.255031/ 13>-0.038360/ 14>
            0.048984/ 15>-0.007706/ 16> 0.007393/ 17>-0.001280/ 18> 0.001028/ 19>-0.588684/ 21>-0.038414/ 22>
           -0.103720/ 23>-0.008080/ 24>-0.013381/ 25>-0.001380/ 26>-0.001177/ 27>-0.405054/ 28>-0.019566/ 29>
           -0.048829/ 30>-0.002819/ 31>-0.002727/ 32>-0.075662/ 33>-0.002900/ 34>-0.003802/ 35>-0.003576/ 36>


 E=7.1653   0.044909/  1>-0.001499/  2> 0.348881/  3>-0.019027/  4> 0.031290/  5>-0.001661/  6> 0.550911/  7>
           -0.043897/  8> 0.077902/  9>-0.008245/ 10> 0.007471/ 11>-0.000882/ 12>-0.514190/ 13>-0.007986/ 14>
           -0.164014/ 15>-0.033660/ 17> 0.000778/ 18>-0.005570/ 19> 0.000720/ 20> 0.092843/ 21> 0.027785/ 22>
           -0.008794/ 23> 0.005155/ 24>-0.003253/ 25> 0.000574/ 26>-0.000328/ 27> 0.489426/ 28> 0.030895/ 29>
            0.060041/ 30> 0.004521/ 31> 0.003521/ 32> 0.130391/ 33> 0.005956/ 34> 0.006818/ 35> 0.007327/ 36>


 E=7.2017   0.003487/ 37> 0.169920/ 38> 0.005619/ 39>-0.109159/ 40>-0.015272/ 41> 0.582843/ 42>-0.020461/ 43>
            0.052005/ 44> 0.150759/ 45>-0.063177/ 46>-0.440996/ 47>-0.404384/ 48> 0.005468/ 49>-0.091190/ 50>
           -0.001859/ 51> 0.347727/ 52>-0.248953/ 53> 0.012527/ 54> 0.073692/ 55>-0.184450/ 56>-0.023072/ 57>


 E=7.2142   0.022197/ 37> 0.097362/ 38>-0.035495/ 39>-0.004941/ 40> 0.208335/ 41> 0.323912/ 42> 0.037834/ 43>
           -0.114338/ 44>-0.216242/ 45> 0.414017/ 46> 0.408149/ 47>-0.336844/ 48>-0.032020/ 49> 0.128117/ 50>
            0.173508/ 51>-0.448580/ 52>-0.252346/ 53> 0.019470/ 54>-0.077518/ 55>-0.093593/ 56>-0.010074/ 57>


 E=7.2485  -0.033212/  1> 0.001209/  2>-0.207501/  3> 0.012765/  4>-0.018669/  5> 0.001102/  6>-0.120275/  7>
            0.015965/  8>-0.006234/  9> 0.002050/ 10> 0.000402/ 11> 0.315518/ 13>-0.011441/ 14> 0.102501/ 15>
           -0.006983/ 16> 0.024798/ 17>-0.002513/ 18> 0.005049/ 19>-0.001071/ 20>-0.519282/ 21>-0.001237/ 22>
           -0.180013/ 23>-0.007979/ 24>-0.036058/ 25>-0.003276/ 26>-0.004287/ 27> 0.670599/ 28> 0.050191/ 29>
            0.077946/ 30> 0.006937/ 31> 0.004420/ 32> 0.259250/ 33> 0.013079/ 34> 0.013785/ 35> 0.016895/ 36>


 E=7.3330  -0.182804/  1> 0.007157/  2>-0.854715/  3> 0.058545/  4>-0.074330/  5> 0.004866/  6> 0.398286/  7>
            0.004520/  8> 0.167945/  9>-0.009462/ 10> 0.027436/ 11>-0.002387/ 12>-0.161416/ 13>-0.006436/ 14>
           -0.061566/ 15>-0.004009/ 16>-0.021135/ 17>-0.005319/ 19> 0.000771/ 20> 0.076544/ 21> 0.003768/ 22>
            0.024047/ 23> 0.001876/ 24> 0.004744/ 25> 0.000689/ 26> 0.000637/ 27>-0.039827/ 28>-0.003686/ 29>
           -0.003337/ 30>-0.000417/ 31>-0.028886/ 33>-0.001584/ 34>-0.001540/ 35>-0.002255/ 36>

 E=7.3835   0.008762/ 37> 0.123253/ 38>-0.009726/ 39>-0.085825/ 40> 0.075310/ 41> 0.587390/ 42>-0.000970/ 43>
            0.020263/ 44>-0.001298/ 45>-0.095595/ 46> 0.037577/ 47> 0.187541/ 48> 0.018085/ 49> 0.034568/ 50>
           -0.152931/ 51>-0.189391/ 52> 0.674365/ 53>-0.024842/ 54>-0.033646/ 55> 0.249925/ 56> 0.026054/ 57>


 E=7.4472  -0.001353/  1>-0.003396/  3> 0.006693/  7>-0.000436/  8> 0.001877/  9>-0.019276/ 13> 0.001334/ 14>
           -0.007250/ 15> 0.000662/ 16>-0.001987/ 17> 0.000768/ 18>-0.000888/ 19> 0.000419/ 20> 0.070470/ 21>
           -0.004516/ 22> 0.033909/ 23>-0.003553/ 24> 0.017512/ 25> 0.000905/ 26> 0.003325/ 27>-0.274072/ 28>
            0.008508/ 29>-0.156072/ 30>-0.010056/ 31>-0.016436/ 32> 0.936713/ 33> 0.056846/ 34> 0.048403/ 35>
            0.100575/ 36>

 E=7.5855  -0.970897/  1> 0.045046/  2> 0.175253/  3> 0.010236/  4> 0.150755/  5>-0.008898/  6>-0.030985/  7>
           -0.002821/  8>-0.019876/  9>-0.003023/ 10>-0.016869/ 11> 0.001371/ 12> 0.005722/ 13> 0.000501/ 14>
            0.002758/ 15> 0.000344/ 16> 0.001022/ 17> 0.000685/ 18> 0.001330/ 19>-0.001169/ 21>-0.000382/ 23>


 E=7.6886  -0.004401/ 37>-0.048432/ 38> 0.008810/ 39> 0.051755/ 40>-0.057605/ 41>-0.339942/ 42>-0.012708/ 43>
           -0.050704/ 44> 0.095596/ 45> 0.269839/ 46>-0.312014/ 47>-0.665243/ 48> 0.013095/ 49> 0.034958/ 50>
           -0.105240/ 51>-0.157970/ 52> 0.450585/ 53>-0.010658/ 54>-0.016999/ 55> 0.102404/ 56> 0.008660/ 57>


 E=7.7100  -0.001126/  1>-0.002199/  2>-0.013256/  3>-0.051261/  4> 0.001044/  5>-0.003296/  6>-0.041040/  7>
           -0.323138/  8> 0.006692/  9>-0.048985/ 10> 0.002884/ 11>-0.003787/ 12>-0.017660/ 13>-0.725911/ 14>
            0.004833/ 15>-0.149087/ 16> 0.003416/ 17>-0.024345/ 18> 0.001775/ 19>-0.003397/ 20> 0.040708/ 21>
           -0.550832/ 22>-0.008584/ 23>-0.102009/ 24>-0.005139/ 25>-0.013161/ 26>-0.001339/ 27> 0.027409/ 28>
           -0.146657/ 29>-0.003195/ 30>-0.016160/ 31>-0.000804/ 32> 0.004661/ 33>-0.013168/ 34>

 E=7.7438  -0.001512/ 21>-0.000968/ 23>-0.000529/ 25> 0.000490/ 26>-0.001678/ 27> 0.011293/ 28>-0.001412/ 29>
            0.010276/ 30>-0.002321/ 31> 0.017329/ 32>-0.092951/ 33> 0.009563/ 34>-0.150711/ 35> 0.983874/ 36>


 E=7.8697   0.001105/  1> 0.006595/  2> 0.013268/  3> 0.125375/  4>-0.012750/  5> 0.009208/  6> 0.036176/  7>
            0.527450/  8>-0.096900/  9> 0.095561/ 10>-0.021192/ 11> 0.009115/ 12> 0.025479/ 13> 0.290050/ 14>
           -0.212164/ 15> 0.077553/ 16>-0.064025/ 17> 0.017850/ 18>-0.013619/ 19> 0.004572/ 20> 0.035783/ 21>
           -0.620164/ 22>-0.170155/ 23>-0.141910/ 24>-0.047983/ 25>-0.023883/ 26>-0.007399/ 27> 0.027435/ 28>
           -0.318081/ 29>-0.042829/ 30>-0.040794/ 31>-0.005691/ 32> 0.005003/ 33>-0.037718/ 34>-0.002540/ 35>


 E=7.9911  -0.002410/  1>-0.015433/  2>-0.021495/  3>-0.244514/  4> 0.025182/  5>-0.018519/  6>-0.034078/  7>
           -0.647245/  8> 0.134352/  9>-0.115474/ 10> 0.030880/ 11>-0.011582/ 12>-0.010025/ 13> 0.508217/ 14>
            0.097289/ 15> 0.223797/ 16> 0.019799/ 17> 0.063091/ 18>-0.002605/ 19> 0.013029/ 20> 0.001744/ 21>
           -0.215757/ 22>-0.033269/ 23>-0.030205/ 24>-0.012943/ 25>-0.004350/ 26>-0.002355/ 27> 0.027544/ 28>
           -0.329455/ 29>-0.031061/ 30>-0.042507/ 31>-0.004928/ 32> 0.007949/ 33>-0.050546/ 34>-0.002630/ 35>

 0.000373/ 36>

  Q20Q22:  0.00 SEC    QTME:  0.00 SEC

 Q0=  76.315 HBAR/MW0     Q2= -32.544 HBAR/MW0     GAMMA= 31.1 DEG   FOR 82 PARTICLES;  A=207

1
 **********************************************  SINGLE PARTICLE MATRIX ELEMENTS  ***********************************************


   ENY   EMY     A+B     C      D      E    JZ    S0    S+    S-  <R2S> <R4S>  R2DZ  R2D+  R2D-  Q20S  Q22S   Q20   Q22  RHO2    R2


  5.63- MY=NY  3.458  4.550  31.15   7.00 -0.34 -0.04  0.26  0.37  6.50 48.98  0.06  0.60 -0.78  3.39 -0.36  4.44 -0.55  6.50  6.79
  5.72- 5.63-  3.790 -1.959  -1.30  14.29  1.38  0.16  0.35 -0.21  6.50 49.25 -0.25  0.64  0.32 -0.81 -0.70 -0.90 -0.68  0.00 -0.02
  5.81- 5.63- -0.056  1.300  -2.20  23.67 -0.47 -0.05 -0.02  0.11  6.50 48.06  0.09 -0.01 -0.22 -1.31 -1.14 -1.45 -1.11 -0.00 -0.03
  5.94- 5.63- -0.346  0.032   0.77  -8.11 -0.11 -0.01 -0.03  0.00  6.50 45.01  0.02 -0.06 -0.01  0.44  0.38  0.48  0.37 -0.00  0.01
  6.09- 5.63-  0.004 -0.041   0.18  -1.84  0.02  0.00  0.00 -0.00  6.50 38.80 -0.00  0.00  0.01  0.10  0.08  0.11  0.08  0.00  0.00
  6.15- 5.63- -0.058  0.017   1.06  -2.59 -0.02 -0.03  0.34  0.40  6.50 49.21 -0.08 -0.08  0.15 -0.64  0.66 -0.66  0.61  0.00 -0.07
  6.27- 5.63- -0.308  0.290   0.02  -0.32 -0.14 -0.36 -0.23  0.29  6.50 48.74 -0.93  0.26  0.27  0.09  0.06  0.10  0.06 -0.00  0.00
  6.38- 5.63-  0.336 -0.484  -1.09   1.06  0.14 -0.19 -0.06  0.19  6.50 50.56 -0.50  0.11  0.12  0.78  0.04  0.84  0.05  0.00  0.05
  6.40- 5.63- -0.247  0.169   0.02  -1.07 -0.07  0.15  0.21 -0.10  6.50 49.20  0.38 -0.14 -0.14  0.22  0.18  0.24  0.17  0.00  0.01
  6.52- 5.63-  0.144  0.153   3.45  -2.74  0.02 -0.03 -0.05 -0.01  6.50 50.01 -0.06  0.02  0.02 -2.30 -0.25 -2.48 -0.29 -0.00 -0.13
  6.55- 5.63-  0.035 -0.004   0.68  -1.31  0.01 -0.04 -0.02  0.05  6.50 45.58 -0.08  0.03  0.03 -0.31  0.05 -0.33  0.04 -0.00 -0.02

  5.72- MY=NY -3.785 -0.275  29.34 -23.43  1.61  0.18 -0.32  0.01  6.50 49.63 -0.29 -0.65  0.06  3.20  0.89  4.29  0.63  6.50  6.73
  5.81- 5.72- -1.063  4.850   1.37 -14.35  0.67  0.07 -0.13  0.41  6.50 49.38 -0.13 -0.18 -0.84  0.77  0.68  0.86  0.66  0.00  0.02
  5.94- 5.72-  0.450 -0.043   2.05 -21.17 -0.38 -0.04  0.04 -0.01  6.50 47.34  0.08  0.08  0.01  1.11  0.98  1.23  0.95  0.00  0.03
  6.09- 5.72-  0.014 -0.147  -0.19   1.95 -0.02 -0.00  0.00 -0.01  6.50 42.95  0.00  0.00  0.03 -0.10 -0.09 -0.11 -0.09 -0.00 -0.00
  6.15- 5.72-  0.174 -0.121  -0.25   0.73  0.07  0.10  0.12 -0.08  6.50 48.60  0.32 -0.17 -0.14  0.12  0.08  0.14  0.08 -0.00  0.00
  6.27- 5.72- -0.006  0.022  -1.09   2.80 -0.03  0.08 -0.50 -0.22  6.50 50.51  0.25  0.31  0.03  0.40 -0.51  0.41 -0.48  0.00  0.05
  6.38- 5.72- -0.033  0.143   2.02  -5.62  0.11  0.21 -0.39 -0.11  6.50 48.15  0.58  0.23  0.08 -0.82  1.19 -0.83  1.11 -0.00 -0.10
  6.40- 5.72-  0.111 -0.054  -2.02   3.68 -0.01  0.34 -0.08  0.12  6.50 50.43  0.92  0.08  0.11  1.29 -0.50  1.36 -0.44  0.00  0.10
  6.52- 5.72-  0.625 -0.381  -1.90   3.29 -0.09 -0.03 -0.03 -0.05  6.50 47.75 -0.08 -0.02 -0.02  1.03 -0.26  1.10 -0.23 -0.00  0.08
  6.55- 5.72-  0.118 -0.171  -0.08   0.84 -0.03  0.03 -0.05  0.15  6.50 50.02  0.08  0.09  0.09 -0.09 -0.14 -0.10 -0.13  0.00  0.00

  5.81- MY=NY -0.091  0.959  23.80 -16.37 -3.20 -0.34 -0.02  0.08  6.50 49.21  0.64 -0.02 -0.17  0.97  0.35  1.88  0.07  6.50  6.61
  5.94- 5.81- -4.400  0.604   0.25  -2.52 -0.08 -0.01 -0.35  0.08  6.50 49.18  0.02 -0.78 -0.11  0.13  0.11  0.14  0.11  0.00  0.00
  6.09- 5.81-  0.003 -0.029   1.46 -14.59  0.20  0.02  0.00 -0.00  6.50 45.45 -0.05  0.00  0.01  0.73  0.65  0.81  0.63 -0.00  0.02
  6.15- 5.81- -0.007  0.067  -0.31   1.39 -0.02 -0.02 -0.01  0.04  6.50 47.21 -0.08  0.03  0.07  0.13  0.05  0.14  0.05 -0.00  0.01
  6.27- 5.81-  0.030 -0.031   0.29  -0.88 -0.02  0.09 -0.03  0.11  6.50 51.75  0.32  0.08  0.14 -0.15  0.10 -0.15  0.09 -0.00 -0.01
  6.38- 5.81- -0.046  0.097   0.00   0.01  0.10  0.08 -0.06 -0.23  6.50 50.55  0.25 -0.04 -0.17 -0.01 -0.46 -0.03 -0.44  0.00  0.02
  6.40- 5.81-  0.151 -0.216  -0.25   0.66 -0.00  0.02 -0.10 -0.75  6.50 49.31  0.07 -0.23 -0.61  0.13 -0.01  0.14 -0.01  0.00  0.01
  6.52- 5.81-  0.078 -0.089  -2.18   6.27  0.21  0.08  0.01  0.05  6.50 46.10  0.21  0.01  0.05  0.82 -1.68  0.81 -1.57 -0.00  0.12
  6.55- 5.81- -0.007  0.019  -1.46   2.22  0.03 -0.32 -0.01  0.03  6.50 49.51 -0.87  0.02  0.03  1.09 -0.31  1.15 -0.27 -0.00  0.08

  5.94- MY=NY -0.051  0.005  15.70  -8.07  4.38  0.43 -0.01  0.00  6.50 49.03 -0.94 -0.01 -0.00 -1.85 -0.27 -1.18 -0.58  6.50  6.46
  6.09- 5.94- -0.378  3.305   0.01  -0.10  0.00  0.00 -0.05  0.24  6.50 49.06 -0.00 -0.07 -0.60  0.00  0.00  0.01  0.00 -0.00  0.00
  6.15- 5.94- -0.015 -0.001   0.08  -0.59  0.00 -0.00 -0.01  0.00  6.50 41.64 -0.02  0.02  0.01 -0.03  0.00 -0.03  0.00 -0.00 -0.00
  6.27- 5.94- -0.004  0.011  -0.03   0.05  0.01 -0.01  0.03 -0.01  6.50 49.58 -0.05 -0.06 -0.03 -0.02  0.04 -0.02  0.04 -0.00 -0.00
  6.38- 5.94-  0.063 -0.018   0.08  -0.41 -0.02  0.02  0.02 -0.01  6.50 46.32  0.09 -0.04 -0.02  0.01 -0.10  0.00 -0.10 -0.00  0.00
  6.40- 5.94-  0.002 -0.003  -0.45   1.82  0.02  0.07  0.01 -0.00  6.50 50.90  0.28 -0.01 -0.01  0.20  0.08  0.22  0.08  0.00  0.01
  6.52- 5.94-  0.101 -0.048  -0.09   0.32  0.00 -0.00 -0.19 -0.01  6.50 51.39 -0.02  0.18  0.07  0.03  0.01  0.03  0.01 -0.00  0.00
  6.55- 5.94-  0.223 -0.099   0.07  -0.20  0.02 -0.00  0.87  0.04  6.50 49.16 -0.01 -0.84 -0.32 -0.03  0.14 -0.02  0.14  0.00 -0.01

  6.09- MY=NY -0.000  0.001   5.57  -2.54 -5.43 -0.50 -0.00 -0.00  6.50 49.02  1.25 -0.00 -0.00 -4.90 -0.75 -4.47 -1.10  6.50  6.29
  6.15- 6.09- -0.004 -0.003  -0.00  -0.13 -0.00 -0.00  0.00  0.00  6.50 73.57  0.00 -0.00 -0.01 -0.01  0.00 -0.01  0.00 -0.00 -0.00
  6.27- 6.09- -0.004  0.005   0.02   0.00  0.00 -0.00  0.00 -0.00  6.50 44.49 -0.01 -0.00 -0.01  0.01 -0.01  0.01 -0.01 -0.00  0.00
  6.38- 6.09-  0.003 -0.007  -0.06   0.38 -0.00 -0.00 -0.00  0.00  6.50 47.66 -0.01  0.00  0.01  0.01  0.01  0.01  0.01  0.00  0.00
  6.40- 6.09-  0.004  0.010   0.00  -0.01  0.00 -0.00 -0.00  0.01  6.50 43.01 -0.00  0.01  0.04  0.00 -0.00  0.00 -0.00 -0.00  0.00
  6.52- 6.09- -0.000  0.002  -0.10   0.46 -0.01  0.01  0.00 -0.00  6.50 53.37  0.04 -0.00 -0.00  0.00  0.05  0.00  0.05 -0.00 -0.00
  6.55- 6.09- -0.003  0.009  -0.29   1.43 -0.00 -0.04  0.00 -0.00  6.50 51.44 -0.20 -0.00 -0.00  0.13  0.02  0.14  0.02  0.00  0.01

  6.15- MY=NY  4.370  4.070  22.76  28.45  0.09 -0.01 -0.35 -0.31  6.50 49.39  0.15 -1.39  1.16  4.35 -1.80  5.41 -1.89  6.50  6.92
  6.27- 6.15-  0.971 -1.965  -0.15  -5.44  0.81 -0.09 -0.17  0.22  6.50 50.46  1.37 -1.01 -1.11  0.66  0.42  0.72  0.41  0.00  0.02
  6.38- 6.15-  0.878 -1.335   0.71  -8.02  0.45 -0.09 -0.02  0.09  6.50 46.14 -1.04  0.60  0.40  0.56  0.51  0.62  0.50  0.00  0.01
  6.40- 6.15- -1.359  0.363   0.07 -13.30 -0.45  0.07  0.09 -0.04  6.50 47.17  0.33 -0.05 -0.15  1.47  1.00  1.62  0.98 -0.00  0.05
  6.52- 6.15- -0.130 -0.276  -1.45  -1.84  0.07 -0.01 -0.02  0.01  6.50 60.37 -0.14  0.01  0.21  0.99  0.44  1.08  0.43 -0.00  0.04
  6.55- 6.15- -0.025 -0.352  -0.14  -6.48  0.10 -0.01 -0.01  0.03  6.50 44.71 -0.01 -0.01 -0.00  0.81  0.52  0.89  0.51 -0.00  0.03

  6.27- MY=NY -2.188 -3.386  18.25   3.13 -0.51  0.10 -0.11  0.08  6.50 54.37 -0.16 -0.60  0.60  4.46 -0.76  5.57 -0.91  6.50  6.88
  6.38- 6.27-  2.083 -0.729   3.11 -12.82 -0.70  0.03  0.18  0.34  6.50 55.70 -0.32  0.38 -1.25  0.07  1.21  0.13  1.15 -0.00 -0.05
  6.40- 6.27-  2.597 -0.478  -0.96  -6.33 -0.45  0.11 -0.41 -0.00  6.50 54.11  0.08 -0.80  0.28  1.33  0.43  1.45  0.44  0.00  0.07
  6.52- 6.27- -0.780  1.460   0.37  -6.50  0.53  0.18 -0.12  0.19  6.50 59.77  1.18  0.27  0.36  0.86  0.57  0.95  0.56 -0.00  0.03
  6.55- 6.27- -0.149 -0.320  -0.44  12.23 -0.16  0.08 -0.05  0.11  6.50 55.81  0.22  0.06 -0.01 -1.13 -0.84 -1.25 -0.82 -0.00 -0.03

  6.38- MY=NY -0.673 -2.889  18.05  -3.02 -0.07  0.07 -0.48 -0.05  6.50 54.54 -0.65 -0.41 -1.26  3.45  0.32  4.53  0.10  6.50  6.77
  6.40- 6.38-  3.076  0.485   0.41  -9.55  0.38 -0.11 -0.01  0.08  6.50 56.07  0.15 -0.98  0.15 -0.19  0.03 -0.20  0.02  0.00 -0.01
  6.52- 6.38-  0.232 -2.290   0.13   6.47 -0.50 -0.18  0.20 -0.35  6.50 57.41  0.86 -0.36  0.77 -0.88 -0.89 -0.98 -0.86  0.00 -0.02
  6.55- 6.38- -0.012  0.593  -0.63  10.79 -0.33 -0.03  0.08 -0.18  6.50 57.31  0.01 -0.03  0.31 -0.72 -0.63 -0.80 -0.61  0.00 -0.02

  6.40- MY=NY -0.314 -0.027  17.01  -4.10  2.12 -0.19 -0.11 -0.02  6.50 50.46  1.36  0.03  0.02  2.36  0.09  3.35 -0.15  6.50  6.71
  6.52- 6.40- -0.065  0.075  -1.05  -2.23 -0.01  0.11 -0.21  0.15  6.50 55.17  0.10 -1.92 -0.23  0.98 -0.03  1.05 -0.01  0.00  0.06
  6.55- 6.40- -0.335  3.721  -0.13   0.59 -0.07  0.03  0.03 -0.26  6.50 49.60 -0.07 -0.22  0.76  0.03 -0.14  0.03 -0.13  0.00  0.01

  6.52- MY=NY  0.099  2.140  13.09  -6.43 -1.16 -0.16 -0.15 -0.03  6.50 56.80  0.78  0.14 -0.69  2.72  0.28  3.75  0.04  6.50  6.72
  6.55- 6.52-  0.247  0.240   0.05   0.88  0.44 -0.14 -0.02 -0.00  6.50 56.73  0.13  0.09 -0.21  0.91  0.31  0.99  0.32 -0.00  0.04

  6.55- MY=NY  0.086 -0.061  12.13  -3.76 -3.21  0.32 -0.01  0.00  6.50 48.90 -1.50  0.02  0.22 -0.95 -0.59 -0.23 -0.86  6.50  6.53

 DECOUP:  0.00 SEC



   #   ENERGY +/-(#)    <Q20>    <Q22>     <R2>     <JZ>      #   ENERGY +/-(#)    <Q20>    <Q22>     <R2>     <JZ>

   1   1.5000  +(# 1)   0.1891  -0.0654   1.5145   0.5000    41   6.1509  -(#20)   5.4088  -1.8947   6.9156   0.0922
   2   2.2999  -(# 1)   1.7702  -0.2563   2.6183   0.4352    42   6.2319  +(#22)   5.6541  -3.0455   7.9865   0.0040
   3   2.4356  -(# 2)  -0.5904  -0.2984   2.4793  -1.3811    43   6.2706  -(#21)   5.5710  -0.9082   6.8772  -0.5156
   4   2.7645  -(# 3)  -0.2343   0.2278   2.4749   0.4459    44   6.3554  +(#23)  -2.9683   3.5362   5.1501  -0.2969
   5   3.1301  +(# 2)   3.4360  -0.4585   3.7277   0.3718    45   6.3801  +(#24)   4.9774  -1.1512   7.8536  -0.1281
   6   3.2568  +(# 3)   1.4512  -0.2268   3.5978  -1.2706    46   6.3824  -(#22)   4.5305   0.0967   6.7660  -0.0658
   7   3.3763  +(# 4)  -1.5197  -1.2524   3.4703   2.0961    47   6.4050  -(#23)   3.3499  -0.1461   6.7073   2.1276
   8   3.5440  +(# 5)   0.2742   0.7928   3.4777   0.7343    48   6.4851  +(#25)   5.0572   0.4720   7.7792   1.0785
   9   3.7537  +(# 6)   0.1655  -0.7454   3.5463   0.2365    49   6.5164  -(#24)   3.7505   0.0403   6.7221  -1.1629
  10   3.9373  -(# 4)   3.9106  -1.1317   4.7889   0.1755    50   6.5483  -(#25)  -0.2300  -0.8579   6.5281  -3.2168
  11   3.9392  +(# 7)  -1.1596   0.9752   3.3831  -1.1680    51   6.5649  +(#26)   3.8401   0.6855   7.6960  -2.7996
  12   4.0612  -(# 5)   3.3183   0.2795   4.6847  -1.0955    52   6.6693  +(#27)   0.9446  -0.1194   7.5623   4.2736
  13   4.1612  -(# 6)   0.6491  -0.5600   4.5661   2.3421    53   6.6699  -(#26)  -0.0463  -1.0277   6.5474   2.2178
  14   4.3077  -(# 7)  -2.5573  -1.1086   4.4013  -3.3661    54   6.7278  -(#27)  -4.2432  -1.4816   6.3187   4.3643
  15   4.4596  -(# 8)   3.5851   0.1639   4.7062   0.4738    55   6.8032  +(#28)  -2.1176  -0.6983   7.4075  -5.3887
  16   4.5895  -(# 9)   1.9162  -1.1178   4.6690  -0.1766    56   6.8260  -(#28)   4.2012   1.1260   6.6961   0.3810
  17   4.7224  -(#10)  -0.7344   0.1609   4.4483  -0.7598    57   6.8713  -(#29)  -4.1215  -1.7075   6.3370  -3.2618
  18   4.7499  +(# 8)   4.3938  -1.8106   5.8509   0.0563    58   6.8962  -(#30)   6.2755  -3.6645   9.0538   0.0009
  19   4.7726  -(#11)  -0.0871  -0.6791   4.5279  -0.7580    59   6.9395  +(#29)   5.9497  -2.6194   7.9833   0.0246
  20   4.8836  +(# 9)   4.0987   0.0508   5.7424  -0.7408    60   6.9602  +(#30)  -5.4189  -1.2129   7.2354   6.4381
  21   4.8957  -(#12)  -2.2145  -0.4868   4.3914   1.3430    61   6.9673  -(#31)   0.4706  -0.8122   6.5677  -0.6304
  22   4.9698  +(#10)   2.8001   0.1651   5.6593   2.0978    62   7.0482  -(#32)   5.5041  -1.7570   8.9146  -0.0383
  23   5.0878  +(#11)  -0.2435  -0.5261   5.5111  -3.3643    63   7.0868  +(#31)   5.8028  -1.0616   7.8985  -0.3592
  24   5.0927  -(#13)  -2.1127   2.5185   4.2509   0.8216    64   7.1653  -(#33)   5.3391  -0.0676   8.8223   0.5299
  25   5.2397  +(#12)  -3.5185  -1.0676   5.3418   4.4160    65   7.1991  +(#32)   5.3712   0.3206   7.8053   1.1136
  26   5.3352  +(#13)   5.5169  -0.8203   5.8697   0.3426    66   7.2017  -(#34)  -3.0787  -1.7151   6.3997   0.7769
  27   5.4099  +(#14)   4.0331  -1.1356   5.7964  -0.4919    67   7.2100  +(#33)   5.2257  -1.0871   7.8653   0.6400
  28   5.4846  -(#14)   4.9651  -2.4512   6.9163   0.0150    68   7.2142  -(#35)  -0.6062   1.9053   6.3708   0.1529
  29   5.5476  +(#15)   3.2539   1.0940   5.6411  -0.3694    69   7.2485  -(#36)   5.2785   1.1567   8.7590  -2.1408
  30   5.5915  +(#16)   1.1207  -1.4215   5.6363   1.4954    70   7.3118  +(#34)   2.0690  -0.2626   7.6364  -3.1835
  31   5.6277  -(#15)   4.4390  -0.5489   6.7920  -0.3430    71   7.3330  -(#37)   2.9274   0.4976   8.6507   4.0157
  32   5.6592  +(#17)   0.5110   0.0550   5.5278  -0.3867    72   7.3711  +(#35)   5.6034   0.3046   7.8200  -0.9234
  33   5.7198  -(#16)   4.2916   0.6298   6.7257   1.6078    73   7.3835  -(#38)  -3.9149   1.0091   6.2168  -0.0139
  34   5.7845  +(#18)  -3.2588  -2.1078   5.4081  -2.7974    74   7.4472  -(#39)   0.0169  -0.2161   8.5116  -5.2992
  35   5.8117  -(#17)   1.8780   0.0706   6.6088  -3.2028    75   7.4616  +(#36)  -1.3962  -0.9380   7.4623   4.2592
  36   5.8424  +(#19)  -3.1964  -1.3202   5.3734   1.6507    76   7.4894  +(#37)   2.7775  -0.2472   7.6780   2.2748
  37   5.9378  +(#20)   0.9309   2.0061   5.4577   0.3816    77   7.5233  +(#38)   6.9009  -4.2816  10.1213   0.0002
  38   5.9388  -(#18)  -1.1817  -0.5763   6.4575   4.3817    78   7.5855  -(#40)  -3.0572  -0.7651   8.3546   6.3953
  39   6.0936  -(#19)  -4.4680  -1.1012   6.2867  -5.4333    79   7.6397  +(#39)  -5.0406  -1.4989   7.2719  -5.2736
  40   6.1055  +(#21)  -3.0727  -0.2931   5.3307  -0.4932    80   7.6534  +(#40)  -1.2961  -1.0543   7.4740  -3.4316



     PARITY: +     DIMENSION:  95     MATRIX:   0.0 SEC     DIAGONALISATION:   0.0 SEC
     PARITY: -     DIMENSION:  70     MATRIX:   0.0 SEC     DIAGONALISATION:   0.0 SEC
      TOTAL TIME:   0.0 SEC
