 PARITY=-   EPS= 0.237   GAMMA= 53.0   EPS4=0.000   EPS6=0.000   LEVELS:  18  19  20  21  22
0   Z= 82   A=207   IQ=1   GSFAC= 0.75   GR=  0.40   MIN SPIN=  1/2   MAX SPIN= 13/2   KMAX= 13/2

 MICR QUADR MOMENTS:  Q0= 668.818  Q2=-598.476 FM**2


   B(E2) AND Q(E2) IN E2B2 AND EB,   B(M1) AND M(M1) INNM2 AND NM,   T(E2) AND T(M1) IN 1/PS

       E1     II      EF     IF     B(E2)             B(M1)              GD        D       EREL    T(E2)      T(M1)
                                             WU               MWU

       0.0   7/2 -    0.0   7/2   -4.9829           -0.7083
    1471.8   7/2 -    0.0   7/2    0.0000    0.00    0.0446   24.92    0.000    0.000   1471.8  0.220E-08  0.250E+01
    1471.8   7/2 - 1471.8   7/2   -4.9828            0.7922
    1471.8   7/2 -  690.9   9/2    0.6985   96.03    0.0002    0.12    0.999  -37.228    780.9  0.247E+01  0.179E-02
     690.9   9/2 -    0.0   7/2    1.4829  203.86    0.0678   37.84    0.879    2.691    690.9  0.285E+01  0.393E+00


     690.9   9/2 -  690.9   9/2   -3.7644            0.8030
    1482.2   9/2 -    0.0   7/2    2.3092  317.46    0.2544  142.06    0.933    3.718   1482.2  0.202E+03  0.146E+02
    1482.2   9/2 - 1471.8   7/2    0.7085   97.40    0.0192   10.75    0.003    0.052     10.3  0.101E-08  0.372E-06
    1482.2   9/2 -  690.9   9/2    0.2768   38.06    0.0774   43.26    0.608   -1.245    791.2  0.105E+01  0.675E+00
    1482.2   9/2 - 1482.2   9/2   -2.7798            0.3381


    1646.9  11/2 -    0.0   7/2    0.1996   27.43    0.0000    0.00    1.000    0.000   1646.9  0.295E+02  0.000E+00
    1646.9  11/2 - 1471.8   7/2    0.1891   26.00    0.0000    0.00    1.000    0.000    175.0  0.379E-03  0.000E+00
    1646.9  11/2 -  690.9   9/2    3.6144  496.88    0.0576   32.19    0.975    6.302    955.9  0.352E+02  0.886E+00
    1646.9  11/2 - 1482.2   9/2    0.0858   11.79    0.0125    6.99    0.114   -0.359    164.7  0.127E-03  0.984E-03
    1646.9  11/2 - 1646.9  11/2   -1.6135            1.4705


    2921.8  11/2 -    0.0   7/2    0.6094   83.78    0.0000    0.00    1.000    0.000   2921.8  0.158E+04  0.000E+00
    2921.8  11/2 - 1471.8   7/2    0.1408   19.35    0.0000    0.00    1.000    0.000   1450.0  0.110E+02  0.000E+00
    2921.8  11/2 -  690.9   9/2    0.1167   16.04    0.0957   53.44    0.808    2.051   2230.9  0.787E+02  0.187E+02
    2921.8  11/2 - 1482.2   9/2    3.7105  510.10    0.3731  208.37    0.935    3.780   1439.6  0.280E+03  0.196E+02
    2921.8  11/2 - 1646.9  11/2    0.0646    8.88    0.0378   21.10    0.658   -1.388   1274.9  0.266E+01  0.138E+01


    2921.8  11/2 - 2921.8  11/2   -0.3931            0.8329
    2921.8  11/2 - 2906.8  13/2    0.0318    4.37    0.0158    8.83    0.000   -0.018     15.0  0.299E-09  0.947E-06
    2906.8  13/2 -  690.9   9/2    0.9583  131.74    0.0000    0.00    1.000    0.000   2215.8  0.625E+03  0.000E+00
    2906.8  13/2 - 1482.2   9/2    0.0166    2.28    0.0000    0.00    1.000    0.000   1424.6  0.119E+01  0.000E+00
    2906.8  13/2 - 1646.9  11/2    3.6729  504.93    0.0595   33.25    0.985    8.239   1259.9  0.142E+03  0.210E+01


    2906.8  13/2 - 2906.8  13/2   -0.0959            1.9910

 TIME=  0.0 SEC
