 PARITY=-   EPS= 0.300   GAMMA=  0.0   EPS4=0.000   EPS6=0.000   LEVELS:  31  32  33  34  35
0   Z= 82   A=207   IQ=1   GSFAC= 0.75   GR=  0.40   MIN SPIN=  1/2   MAX SPIN= 13/2   KMAX= 13/2

 MICR QUADR MOMENTS:  Q0=1785.010  Q2=   0.000 FM**2


   B(E2) AND Q(E2) IN E2B2 AND EB,   B(M1) AND M(M1) INNM2 AND NM,   T(E2) AND T(M1) IN 1/PS

       E1     II      EF     IF     B(E2)             B(M1)              GD        D       EREL    T(E2)      T(M1)
                                             WU               MWU

     609.6   3/2 -  609.6   3/2    3.5700           -0.5464
    1219.2   5/2 -  609.6   3/2   10.8666 1493.88    0.2301  128.49    0.924   -3.488    609.6  0.112E+02  0.917E+00
    1219.2   5/2 - 1219.2   5/2   -1.2750            0.1756
    1219.2   5/2 -    0.0   9/2    0.0000    0.00    0.0000    0.00    1.000    0.000   1219.2  0.158E-18  0.000E+00
    2072.7   7/2 -  609.6   3/2    4.5278  622.45    0.0000    0.00    1.000    0.000   1463.0  0.370E+03  0.000E+00


    2072.7   7/2 - 1219.2   5/2    6.7916  933.68    0.3081  172.09    0.918   -3.336    853.4  0.375E+02  0.337E+01
    2072.7   7/2 - 2072.7   7/2   -3.5700            0.7528
    2072.7   7/2 -    0.0   9/2    0.0000    0.00    0.0000    0.00    0.975   -6.194   2072.7  0.110E-17  0.287E-19
    2072.7   7/2 - 1341.1  11/2    0.0000    0.00    0.0000    0.00    1.000    0.000    731.6  0.496E-20  0.000E+00
       0.0   9/2 -    0.0   9/2    9.7364            1.3936


    1341.1  11/2 -    0.0   9/2    9.9737 1371.13    0.0082    4.57    0.999  -38.995   1341.1  0.528E+03  0.347E+00
    1341.1  11/2 - 1341.1  11/2    4.9039            1.8496
    2926.1  13/2 -    0.0   9/2    1.7415  239.41    0.0000    0.00    1.000    0.000   2926.1  0.456E+04  0.000E+00
    2926.1  13/2 - 1341.1  11/2   11.2846 1551.35    0.0130    7.29    0.999  -38.807   1585.0  0.138E+04  0.914E+00
    2926.1  13/2 - 2926.1  13/2    1.7850            2.2896



 TIME=  0.0 SEC
