 PARITY=-   EPS= 0.054   GAMMA=  0.0   EPS4=0.000   EPS6=0.000   LEVELS:  32  33  34  35  36
0   Z= 82   A=207   IQ=1   GSFAC= 0.75   GR=  0.40   MIN SPIN=  1/2   MAX SPIN= 13/2   KMAX= 13/2

 MICR QUADR MOMENTS:  Q0= 310.529  Q2=  -0.000 FM**2


   B(E2) AND Q(E2) IN E2B2 AND EB,   B(M1) AND M(M1) INNM2 AND NM,   T(E2) AND T(M1) IN 1/PS

       E1     II      EF     IF     B(E2)             B(M1)              GD        D       EREL    T(E2)      T(M1)
                                             WU               MWU

       0.0   1/2 -    0.0   1/2    0.0000            0.4754
     269.7   3/2 -    0.0   1/2    0.0017    0.23    0.2565  143.27    0.000   -0.018    269.7  0.288E-04  0.886E-01
     269.7   3/2 -  269.7   3/2    0.6104           -0.0617
     269.7   3/2 -  127.8   5/2    0.1040   14.29    0.0296   16.51    0.047   -0.221    141.9  0.729E-04  0.149E-02
     816.5   3/2 -    0.0   1/2    0.1902   26.15    0.0694   38.75    0.559    1.125    816.5  0.842E+00  0.665E+00


     816.5   3/2 -  269.7   3/2    0.0065    0.90    0.2700  150.80    0.005   -0.071    546.8  0.390E-02  0.777E+00
     816.5   3/2 -  816.5   3/2   -0.6104            0.5865
     816.5   3/2 -  127.8   5/2    0.0002    0.03    0.0545   30.44    0.001    0.034    688.7  0.355E-03  0.313E+00
     816.5   3/2 -  782.6   5/2    0.0730   10.04    0.0397   22.15    0.001    0.038     33.9  0.400E-07  0.272E-04
     127.8   5/2 -    0.0   1/2    0.0006    0.08    0.0000    0.00    1.000    0.000    127.8  0.257E-06  0.000E+00


     127.8   5/2 -  127.8   5/2    0.8224            0.9682
     782.6   5/2 -    0.0   1/2    0.1841   25.31    0.0000    0.00    1.000    0.000    782.6  0.659E+00  0.000E+00
     782.6   5/2 -  269.7   3/2    0.0109    1.50    0.0232   12.96    0.079    0.293    512.9  0.473E-02  0.551E-01
     782.6   5/2 -  127.8   5/2    0.0111    1.53    0.0423   23.63    0.073   -0.280    654.8  0.163E-01  0.209E+00
     782.6   5/2 -  782.6   5/2   -0.8350            1.3574


    1170.2   5/2 -    0.0   1/2    0.0071    0.98    0.0000    0.00    1.000    0.000   1170.2  0.190E+00  0.000E+00
    1170.2   5/2 -  269.7   3/2    0.2463   33.86    0.1484   82.89    0.483   -0.966    900.5  0.178E+01  0.191E+01
    1170.2   5/2 -  816.5   3/2    0.0084    1.15    0.1838  102.67    0.004    0.063    353.7  0.565E-03  0.143E+00
    1170.2   5/2 -  127.8   5/2    0.0734   10.09    0.0341   19.02    0.619    1.274   1042.4  0.110E+01  0.679E+00
    1170.2   5/2 -  782.6   5/2    0.0119    1.63    0.1366   76.27    0.009    0.095    387.6  0.127E-02  0.140E+00


    1170.2   5/2 - 1170.2   5/2    0.0127            0.2999
    1170.2   5/2 -  865.0   7/2    0.0000    0.00    0.0213   11.88    0.000    0.008    305.2  0.683E-06  0.106E-01
     865.0   7/2 -  269.7   3/2    0.0402    5.52    0.0000    0.00    1.000    0.000    595.3  0.366E-01  0.000E+00
     865.0   7/2 -  816.5   3/2    0.0000    0.00    0.0000    0.00    1.000    0.000     48.5  0.132E-10  0.000E+00
     865.0   7/2 -  127.8   5/2    0.3016   41.46    0.0060    3.38    0.949   -4.335    737.1  0.801E+00  0.426E-01


     865.0   7/2 -  782.6   5/2    0.0007    0.10    0.0666   37.20    0.000    0.007     82.4  0.336E-07  0.656E-03
     865.0   7/2 -  865.0   7/2   -0.0354            1.3126
    2267.9   7/2 -  269.7   3/2    0.0969   13.33    0.0000    0.00    1.000    0.000   1998.2  0.377E+02  0.000E+00
    2267.9   7/2 -  816.5   3/2    0.0064    0.89    0.0000    0.00    1.000    0.000   1451.4  0.507E+00  0.000E+00
    2267.9   7/2 -  127.8   5/2    0.0109    1.50    0.0267   14.91    0.565    1.139   2140.1  0.597E+01  0.461E+01


    2267.9   7/2 -  782.6   5/2    0.0176    2.42    0.1176   65.69    0.186   -0.478   1485.3  0.155E+01  0.678E+01
    2267.9   7/2 - 1170.2   5/2    0.2074   28.51    0.0302   16.88    0.851   -2.394   1097.7  0.403E+01  0.704E+00
    2267.9   7/2 -  865.0   7/2    0.0299    4.10    0.0035    1.98    0.920    3.392   1402.9  0.198E+01  0.172E+00
    2267.9   7/2 - 2267.9   7/2   -0.4058            1.4758
    2267.9   7/2 - 1867.7   9/2    0.0038    0.52    0.0612   34.19    0.007    0.083    400.3  0.473E-03  0.691E-01


    1867.7   9/2 -  127.8   5/2    0.1195   16.42    0.0000    0.00    1.000    0.000   1739.8  0.232E+02  0.000E+00
    1867.7   9/2 -  782.6   5/2    0.0033    0.46    0.0000    0.00    1.000    0.000   1085.1  0.608E-01  0.000E+00
    1867.7   9/2 - 1170.2   5/2    0.0120    1.66    0.0000    0.00    1.000    0.000    697.5  0.243E-01  0.000E+00
    1867.7   9/2 -  865.0   7/2    0.2319   31.88    0.0084    4.67    0.951   -4.395   1002.7  0.287E+01  0.148E+00
    1867.7   9/2 - 1867.7   9/2   -0.4819            1.7837



 TIME=  0.0 SEC
