 PARITY=-   EPS= 0.207   GAMMA=  0.0   EPS4=0.000   EPS6=0.000   LEVELS:  30  31  32  33  34
0   Z= 82   A=207   IQ=1   GSFAC= 0.75   GR=  0.40   MIN SPIN=  1/2   MAX SPIN= 13/2   KMAX= 13/2

 MICR QUADR MOMENTS:  Q0=1087.130  Q2=   0.000 FM**2


   B(E2) AND Q(E2) IN E2B2 AND EB,   B(M1) AND M(M1) INNM2 AND NM,   T(E2) AND T(M1) IN 1/PS

       E1     II      EF     IF     B(E2)             B(M1)              GD        D       EREL    T(E2)      T(M1)
                                             WU               MWU

       0.0   3/2 -    0.0   3/2    2.1743           -0.5083
    1561.7   3/2 -    0.0   3/2    0.0000    0.00    0.0384   21.44    0.000   -0.000   1561.7  0.339E-09  0.257E+01
    1561.7   3/2 - 1561.7   3/2    2.1743            0.7466
    1561.7   3/2 -  231.9   5/2    0.0000    0.00    0.0031    1.74    0.000   -0.000   1329.9  0.873E-10  0.129E+00
    1561.7   3/2 -  609.6   5/2    0.0000    0.00    0.0256   14.29    0.000   -0.000    952.2  0.111E-09  0.389E+00


    1561.7   3/2 - 1085.3   7/2    0.0000    0.00    0.0000    0.00    1.000    0.000    476.4  0.679E-12  0.000E+00
    1561.7   3/2 - 1463.0   7/2    0.0000    0.00    0.0000    0.00    1.000    0.000     98.7  0.129E-14  0.000E+00
     231.9   5/2 -    0.0   3/2    0.0000    0.00    0.0025    1.40    0.000    0.000    231.9  0.652E-11  0.549E-03
     231.9   5/2 -  231.9   5/2    3.8826            1.1809
     609.6   5/2 -    0.0   3/2    4.0307  554.11    0.2149  120.04    0.828   -2.198    609.6  0.414E+01  0.857E+00


     609.6   5/2 -  231.9   5/2    0.0000    0.00    0.0011    0.60    0.000   -0.000    377.7  0.498E-10  0.102E-02
     609.6   5/2 -  609.6   5/2   -0.7765            0.2029
    2171.3   5/2 -    0.0   3/2    0.0000    0.00    0.0171    9.53    0.000   -0.000   2171.3  0.456E-08  0.307E+01
    2171.3   5/2 - 1561.7   3/2    4.0307  554.11    0.0041    2.29    0.996   15.902    609.6  0.414E+01  0.164E-01
    2171.3   5/2 -  231.9   5/2    0.0000    0.00    0.0009    0.50    0.000    0.000   1939.5  0.256E-09  0.114E+00


    2171.3   5/2 -  609.6   5/2    0.0000    0.00    0.0164    9.19    0.000    0.000   1561.8  0.515E-10  0.110E+01
    2171.3   5/2 - 2171.3   5/2   -0.7765            1.0992
    2171.3   5/2 - 1085.3   7/2    0.0000    0.00    0.0022    1.24    0.000    0.000   1086.0  0.109E-11  0.501E-01
    2171.3   5/2 - 1463.0   7/2    0.0000    0.00    0.0305   17.01    0.000   -0.000    708.3  0.319E-10  0.191E+00
    2171.3   5/2 - 1600.0   9/2    0.0000    0.00    0.0000    0.00    1.000    0.000    571.4  0.249E-27  0.000E+00


    1085.3   7/2 -    0.0   3/2    0.0000    0.00    0.0000    0.00    1.000    0.000   1085.3  0.145E-07  0.000E+00
    1085.3   7/2 -  231.9   5/2    4.1986  577.20    0.0036    2.03    0.998   24.128    853.4  0.232E+02  0.398E-01
    1085.3   7/2 -  609.6   5/2    0.0000    0.00    0.0020    1.12    0.000   -0.000    475.7  0.919E-11  0.381E-02
    1085.3   7/2 - 1085.3   7/2    0.7248            1.5347
    1463.0   7/2 -    0.0   3/2    1.6794  230.88    0.0000    0.00    1.000    0.000   1463.0  0.137E+03  0.000E+00


    1463.0   7/2 -  231.9   5/2    0.0000    0.00    0.0001    0.07    0.000    0.002   1231.1  0.168E-07  0.441E-02
    1463.0   7/2 -  609.6   5/2    2.5192  346.32    0.2879  160.77    0.815   -2.102    853.4  0.139E+02  0.315E+01
    1463.0   7/2 - 1085.3   7/2    0.0000    0.00    0.0014    0.80    0.000   -0.000    377.7  0.197E-10  0.136E-02
    1463.0   7/2 - 1463.0   7/2   -2.1743            0.7740
    1600.0   9/2 -  231.9   5/2    0.0000    0.00    0.0000    0.00    1.000    0.000   1368.1  0.193E-23  0.000E+00


    1600.0   9/2 -  609.6   5/2    0.0000    0.00    0.0000    0.00    1.000    0.000    990.4  0.111E-24  0.000E+00
    1600.0   9/2 - 1085.3   7/2    0.0000    0.00    0.0000    0.00    0.993   11.953    514.6  0.440E-25  0.308E-27
    1600.0   9/2 - 1463.0   7/2    0.0000    0.00    0.0000    0.00    0.086   -0.307    136.9  0.368E-29  0.391E-28
    1600.0   9/2 - 1600.0   9/2    5.9298            1.3701
    2182.6   9/2 -  231.9   5/2    1.1756  161.62    0.0000    0.00    1.000    0.000   1950.7  0.405E+03  0.000E+00


    2182.6   9/2 -  609.6   5/2    0.0000    0.00    0.0000    0.00    1.000    0.000   1573.0  0.273E-07  0.000E+00
    2182.6   9/2 - 2171.3   5/2    0.0000    0.00    0.0000    0.00    1.000    0.000     11.3  0.737E-21  0.000E+00
    2182.6   9/2 - 1085.3   7/2    3.5625  489.75    0.0053    2.95    0.998   23.716   1097.3  0.691E+02  0.123E+00
    2182.6   9/2 - 1463.0   7/2    0.0000    0.00    0.0018    0.98    0.000   -0.001    719.6  0.393E-08  0.115E-01
    2182.6   9/2 - 1600.0   9/2    0.0000    0.00    0.0000    0.00    0.734    1.659    582.6  0.275E-17  0.998E-18


    2182.6   9/2 - 2182.6   9/2   -0.9883            1.9039
    2560.3   9/2 -  231.9   5/2    0.0000    0.00    0.0000    0.00    1.000    0.000   2328.4  0.416E-06  0.000E+00
    2560.3   9/2 -  609.6   5/2    2.5192  346.32    0.0000    0.00    1.000    0.000   1950.7  0.868E+03  0.000E+00
    2560.3   9/2 - 2171.3   5/2    0.0000    0.00    0.0000    0.00    1.000    0.000    389.0  0.185E-12  0.000E+00
    2560.3   9/2 - 1085.3   7/2    0.0000    0.00    0.0002    0.14    0.000    0.002   1475.0  0.659E-07  0.141E-01


    2560.3   9/2 - 1463.0   7/2    1.6489  226.68    0.3224  180.07    0.810   -2.066   1097.3  0.320E+02  0.750E+01
    2560.3   9/2 - 1600.0   9/2    0.0000    0.00    0.0000    0.00    0.882    2.735    960.3  0.453E-17  0.605E-18
    2560.3   9/2 - 2182.6   9/2    0.0000    0.00    0.0016    0.89    0.000    0.000    377.7  0.791E-18  0.151E-02
    2560.3   9/2 - 2560.3   9/2   -2.9649            1.2815
    2941.1  11/2 - 1085.3   7/2    0.0000    0.00    0.0000    0.00    1.000    0.000   1855.7  0.240E-21  0.000E+00


    2941.1  11/2 - 1463.0   7/2    0.0000    0.00    0.0000    0.00    1.000    0.000   1478.0  0.157E-22  0.000E+00
    2941.1  11/2 - 1600.0   9/2    3.6995  508.58    0.0092    5.13    0.998  -22.399   1341.1  0.196E+03  0.390E+00
    2941.1  11/2 - 2182.6   9/2    0.0000    0.00    0.0000    0.00    0.994  -12.688    758.5  0.593E-17  0.369E-19
    2941.1  11/2 - 2560.3   9/2    0.0000    0.00    0.0000    0.00    0.976   -6.401    380.8  0.256E-19  0.624E-21
    2941.1  11/2 - 2941.1  11/2    2.9866            1.8297



 TIME=  0.0 SEC
