 PARITY=-   EPS= 0.336   GAMMA=  0.0   EPS4=0.000   EPS6=0.000   LEVELS:  28  29  30  31  32  33  34
0   Z= 82   A=207   IQ=0   GSFAC= 0.75   GR=  0.40   MIN SPIN=  1/2   MAX SPIN= 13/2   KMAX= 13/2

 MACR QUADR MOMENTS:  Q0=1369.848  Q2=   0.000 FM**2


   B(E2) AND Q(E2) IN E2B2 AND EB,   B(M1) AND M(M1) INNM2 AND NM,   T(E2) AND T(M1) IN 1/PS

       E1     II      EF     IF     B(E2)             B(M1)              GD        D       EREL    T(E2)      T(M1)
                                             WU               MWU

     628.1   1/2 -  628.1   1/2    0.0000            0.6456
     628.1   1/2 -  507.0   3/2    1.2763  175.46    0.1902  106.25    0.064   -0.261    121.2  0.407E-03  0.596E-02
     507.0   3/2 -  507.0   3/2    1.8030            0.6149
     507.0   3/2 -    0.0   7/2    0.0000    0.00    0.0000    0.00    1.000    0.000    507.0  0.183E-28  0.000E+00
     977.9   3/2 -  628.1   1/2    3.0950  425.48    0.4217  235.52    0.384   -0.789    349.7  0.198E+00  0.317E+00


     977.9   3/2 -  507.0   3/2    2.1162  290.93    0.1323   73.90    0.711    1.568    470.9  0.598E+00  0.243E+00
     977.9   3/2 -  977.9   3/2   -1.8030           -0.4397
     977.9   3/2 -    0.0   7/2    0.0000    0.00    0.0000    0.00    1.000    0.000    977.9  0.101E-27  0.000E+00
    1059.4   5/2 -  628.1   1/2    0.6889   94.70    0.0000    0.00    1.000    0.000    431.3  0.125E+00  0.000E+00
    1059.4   5/2 -  507.0   3/2    5.1234  704.33    0.0090    5.05    0.992   10.946    552.4  0.322E+01  0.268E-01


    1059.4   5/2 -  977.9   3/2    0.2922   40.17    0.0023    1.26    0.374    0.773     81.5  0.129E-04  0.215E-04
    1059.4   5/2 - 1059.4   5/2   -1.5201            1.3383
    1059.4   5/2 -    0.0   7/2    0.0000    0.00    0.0000    0.00    0.995   13.710   1059.4  0.719E-27  0.382E-29
    1059.4   5/2 -  102.2   9/2    0.0000    0.00    0.0000    0.00    1.000    0.000    957.2  0.684E-13  0.000E+00
    1805.6   5/2 -  628.1   1/2    3.0443  418.51    0.0000    0.00    1.000    0.000   1177.4  0.840E+02  0.000E+00


    1805.6   5/2 -  507.0   3/2    0.3647   50.14    0.0012    0.65    0.997   19.080   1298.6  0.164E+02  0.451E-01
    1805.6   5/2 -  977.9   3/2    1.6861  231.79    0.0012    0.68    0.998   25.726    827.7  0.799E+01  0.121E-01
    1805.6   5/2 - 1059.4   5/2    0.3611   49.65    0.0298   16.65    0.824   -2.162    746.2  0.102E+01  0.218E+00
    1805.6   5/2 - 1805.6   5/2   -3.3722            1.7715
    1805.6   5/2 -    0.0   7/2    0.0000    0.00    0.0000    0.00    0.997   19.331   1805.6  0.234E-26  0.626E-29


    1805.6   5/2 - 1726.3   7/2    0.0000    0.00    0.0000    0.00    0.053   -0.238     79.2  0.262E-17  0.465E-16
    1805.6   5/2 - 1758.3   7/2    0.1202   16.53    0.3227  180.21    0.001    0.024     47.3  0.346E-06  0.600E-03
    1805.6   5/2 -  102.2   9/2    0.0000    0.00    0.0000    0.00    1.000    0.000   1703.3  0.431E-11  0.000E+00
    1805.6   5/2 - 1156.1   9/2    0.0000    0.00    0.0000    0.00    1.000    0.000    649.5  0.256E-13  0.000E+00
       0.0   7/2 -    0.0   7/2    6.3926           -0.7443


    1726.3   7/2 -  507.0   3/2    0.0000    0.00    0.0000    0.00    1.000    0.000   1219.3  0.736E-14  0.000E+00
    1726.3   7/2 -  977.9   3/2    0.0000    0.00    0.0000    0.00    1.000    0.000    748.5  0.258E-13  0.000E+00
    1726.3   7/2 - 1059.4   5/2    0.0000    0.00    0.0000    0.00    0.757   -1.763    666.9  0.259E-13  0.834E-14
    1726.3   7/2 -    0.0   7/2    0.0000    0.00    0.0000    0.00    0.959    4.809   1726.3  0.231E-22  0.997E-24
    1726.3   7/2 - 1726.3   7/2   -3.4175           -1.9937


    1726.3   7/2 -  102.2   9/2    0.0000    0.00    0.0000    0.00    0.285   -0.631   1624.1  0.847E-25  0.213E-24
    1726.3   7/2 - 1156.1   9/2    0.0000    0.00    0.0000    0.00    0.008   -0.092    570.2  0.187E-26  0.222E-24
    1726.3   7/2 - 1260.5  11/2    7.6153 1046.91    0.0000    0.00    1.000    0.000    465.8  0.204E+01  0.000E+00
    1726.3   7/2 - 1379.3  11/2    0.0000    0.00    0.0000    0.00    1.000    0.000    347.0  0.563E-24  0.000E+00
    1758.3   7/2 -  507.0   3/2    3.0078  413.49    0.0000    0.00    1.000    0.000   1251.3  0.113E+03  0.000E+00


    1758.3   7/2 -  977.9   3/2    0.4098   56.33    0.0000    0.00    1.000    0.000    780.4  0.145E+01  0.000E+00
    1758.3   7/2 - 1059.4   5/2    2.6893  369.70    0.0124    6.90    0.987   -8.586    698.9  0.547E+01  0.742E-01
    1758.3   7/2 -    0.0   7/2    0.0000    0.00    0.0000    0.00    0.822   -2.149   1758.3  0.216E-26  0.467E-27
    1758.3   7/2 - 1726.3   7/2    0.0000    0.00    0.0000    0.00    0.003    0.053     32.0  0.306E-23  0.111E-20
    1758.3   7/2 - 1758.3   7/2   -3.3827            1.0513


    1758.3   7/2 -  102.2   9/2    0.0000    0.00    0.0000    0.00    0.999   28.519   1656.1  0.111E-12  0.136E-15
    1758.3   7/2 - 1156.1   9/2    0.0000    0.00    0.0000    0.00    0.983    7.565    602.2  0.305E-14  0.533E-16
    1758.3   7/2 - 1260.5  11/2    0.0000    0.00    0.0000    0.00    1.000    0.000    497.8  0.557E-14  0.000E+00
    1758.3   7/2 - 1379.3  11/2    0.0000    0.00    0.0000    0.00    1.000    0.000    379.0  0.371E-14  0.000E+00
    2588.2   7/2 -  507.0   3/2    0.0234    3.22    0.0000    0.00    1.000    0.000   2081.2  0.112E+02  0.000E+00


    2588.2   7/2 -  977.9   3/2    4.0253  553.38    0.0000    0.00    1.000    0.000   1610.4  0.532E+03  0.000E+00
    2588.2   7/2 - 1059.4   5/2    0.6709   92.23    0.1201   67.10    0.900    3.008   1528.8  0.684E+02  0.756E+01
    2588.2   7/2 - 1805.6   5/2    1.0828  148.86    0.3078  171.89    0.599   -1.222    782.6  0.388E+01  0.260E+01
    2588.2   7/2 -    0.0   7/2    0.0000    0.00    0.0000    0.00    0.914   -3.259   2588.2  0.810E-26  0.763E-27
    2588.2   7/2 - 1726.3   7/2    0.0000    0.00    0.0000    0.00    0.579    1.172    861.9  0.247E-16  0.180E-16


    2588.2   7/2 - 1758.3   7/2    0.1622   22.30    0.1434   80.07    0.351    0.735    829.9  0.779E+00  0.144E+01
    2588.2   7/2 - 2588.2   7/2   -3.9232            0.5824
    2588.2   7/2 -  102.2   9/2    0.0000    0.00    0.0000    0.00    1.000  243.911   2486.0  0.856E-12  0.144E-16
    2588.2   7/2 - 1156.1   9/2    0.0000    0.00    0.0000    0.00    0.931   -3.667   1432.1  0.234E-14  0.174E-15
    2588.2   7/2 - 1260.5  11/2    0.0000    0.00    0.0000    0.00    1.000    0.000   1327.7  0.408E-12  0.000E+00


    2588.2   7/2 - 1379.3  11/2    0.0000    0.00    0.0000    0.00    1.000    0.000   1208.9  0.947E-12  0.000E+00
    2588.2   7/2 - 2561.2  11/2    0.0000    0.00    0.0000    0.00    1.000    0.000     27.0  0.225E-18  0.000E+00
     102.2   9/2 -    0.0   7/2    0.3536   48.61    0.0069    3.86    0.270   -0.609    102.2  0.481E-04  0.130E-03
     102.2   9/2 -  102.2   9/2    7.1939            1.3042
    1156.1   9/2 - 1059.4   5/2    0.0000    0.00    0.0000    0.00    1.000    0.000     96.7  0.105E-17  0.000E+00


    1156.1   9/2 -    0.0   7/2    5.9814  822.30    0.3143  175.53    0.946   -4.199   1156.1  0.151E+03  0.855E+01
    1156.1   9/2 -  102.2   9/2    0.2385   32.78    0.0364   20.32    0.835    2.246   1053.9  0.378E+01  0.750E+00
    1156.1   9/2 - 1156.1   9/2    2.7687            0.1362
    2847.0   9/2 - 1059.4   5/2    4.2397  582.85    0.0000    0.00    1.000    0.000   1787.6  0.944E+03  0.000E+00
    2847.0   9/2 - 1805.6   5/2    0.1129   15.52    0.0000    0.00    1.000    0.000   1041.5  0.169E+01  0.000E+00


    2847.0   9/2 -    0.0   7/2    0.0000    0.00    0.0000    0.00    0.991  -10.571   2847.0  0.514E-10  0.460E-12
    2847.0   9/2 - 1726.3   7/2    0.0000    0.00    0.0000    0.00    0.634    1.317   1120.7  0.314E-15  0.181E-15
    2847.0   9/2 - 1758.3   7/2    1.6652  228.93    0.0099    5.55    0.993   11.733   1088.7  0.311E+02  0.226E+00
    2847.0   9/2 - 2588.2   7/2    0.3456   47.51    0.0056    3.11    0.742    1.696    258.8  0.490E-02  0.170E-02
    2847.0   9/2 -  102.2   9/2    0.0000    0.00    0.0000    0.00    0.933   -3.734   2744.8  0.135E-10  0.971E-12


    2847.0   9/2 - 1156.1   9/2    0.0000    0.00    0.0000    0.00    0.918   -3.340   1690.9  0.424E-11  0.380E-12
    2847.0   9/2 - 2847.0   9/2   -4.0654            2.1761
    2847.0   9/2 - 1260.5  11/2    0.0000    0.00    0.0000    0.00    0.993   11.899   1586.5  0.639E-12  0.452E-14
    2847.0   9/2 - 1379.3  11/2    0.0000    0.00    0.0000    0.00    0.025    0.159   1467.7  0.991E-15  0.394E-13
    2847.0   9/2 - 2561.2  11/2    0.0000    0.00    0.0000    0.00    0.055   -0.242    285.8  0.109E-14  0.186E-13


    1260.5  11/2 -    0.0   7/2    0.0000    0.00    0.0000    0.00    1.000    0.000   1260.5  0.377E-20  0.000E+00
    1260.5  11/2 -  102.2   9/2    0.0000    0.00    0.0000    0.00    0.997  -18.072   1158.3  0.922E-19  0.282E-21
    1260.5  11/2 - 1156.1   9/2    0.0000    0.00    0.0000    0.00    0.022   -0.150    104.4  0.789E-26  0.351E-24
    1260.5  11/2 - 1260.5  11/2   -4.7010           -1.3121
    1379.3  11/2 -    0.0   7/2    0.1411   19.39    0.0000    0.00    1.000    0.000   1379.3  0.859E+01  0.000E+00


    1379.3  11/2 -  102.2   9/2    5.8655  806.36    0.0160    8.92    0.998  -20.379   1277.1  0.243E+03  0.585E+00
    1379.3  11/2 - 1156.1   9/2    0.0626    8.60    0.0239   13.37    0.083   -0.300    223.2  0.423E-03  0.469E-02
    1379.3  11/2 - 1260.5  11/2    0.0000    0.00    0.0000    0.00    0.021    0.146    118.8  0.294E-24  0.138E-22
    1379.3  11/2 - 1379.3  11/2    3.3879            1.7011
    2561.2  11/2 -    0.0   7/2    1.2164  167.23    0.0000    0.00    1.000    0.000   2561.2  0.164E+04  0.000E+00


    2561.2  11/2 - 1726.3   7/2    0.0000    0.00    0.0000    0.00    1.000    0.000    834.9  0.171E-23  0.000E+00
    2561.2  11/2 - 1758.3   7/2    0.0000    0.00    0.0000    0.00    1.000    0.000    802.9  0.531E-11  0.000E+00
    2561.2  11/2 -  102.2   9/2    0.0375    5.15    0.0192   10.75    0.891    2.857   2459.0  0.411E+02  0.504E+01
    2561.2  11/2 - 1156.1   9/2    6.3042  866.67    0.4397  245.57    0.952   -4.430   1405.1  0.421E+03  0.215E+02
    2561.2  11/2 - 1260.5  11/2    0.0000    0.00    0.0000    0.00    0.840    2.293   1300.7  0.514E-20  0.978E-21


    2561.2  11/2 - 1379.3  11/2    0.2000   27.50    0.0445   24.86    0.813    2.086   1181.9  0.563E+01  0.129E+01
    2561.2  11/2 - 2561.2  11/2    0.5260            0.8584
    2896.6  13/2 -  102.2   9/2    1.1081  152.34    0.0000    0.00    1.000    0.000   2794.4  0.230E+04  0.000E+00
    2896.6  13/2 - 1156.1   9/2    0.1332   18.31    0.0000    0.00    1.000    0.000   1740.5  0.260E+02  0.000E+00
    2896.6  13/2 - 2847.0   9/2    0.0000    0.00    0.0000    0.00    1.000    0.000     49.6  0.913E-20  0.000E+00


    2896.6  13/2 - 1260.5  11/2    0.0000    0.00    0.0000    0.00    0.997  -19.086   1636.1  0.575E-18  0.158E-20
    2896.6  13/2 - 1379.3  11/2    6.4721  889.74    0.0334   18.64    0.997  -17.593   1517.3  0.635E+03  0.205E+01
    2896.6  13/2 - 2561.2  11/2    0.0055    0.76    0.0411   22.95    0.010   -0.102    335.4  0.286E-03  0.273E-01
    2896.6  13/2 - 2896.6  13/2    0.9737            2.1057

 TIME=  0.0 SEC
