 PARITY=-   EPS= 0.228   GAMMA=  0.0   EPS4=0.000   EPS6=0.000   LEVELS:  31  32  33  34  35  36  37
0   Z= 82   A=207   IQ=0   GSFAC= 0.75   GR=  0.40   MIN SPIN=  1/2   MAX SPIN= 13/2   KMAX= 13/2

 MACR QUADR MOMENTS:  Q0= 860.242  Q2=   0.000 FM**2


   B(E2) AND Q(E2) IN E2B2 AND EB,   B(M1) AND M(M1) INNM2 AND NM,   T(E2) AND T(M1) IN 1/PS

       E1     II      EF     IF     B(E2)             B(M1)              GD        D       EREL    T(E2)      T(M1)
                                             WU               MWU

     438.1   1/2 -  438.1   1/2    0.0000            0.4934
     438.1   1/2 -    0.0   3/2    0.0006    0.08    0.6875  383.96    0.000    0.011    438.1  0.114E-03  0.102E+01
     438.1   1/2 -  224.8   5/2    0.0005    0.07    0.0000    0.00    1.000    0.000    213.2  0.266E-05  0.000E+00
       0.0   3/2 -    0.0   3/2    1.7198           -0.5421
    1129.3   3/2 -  438.1   1/2    1.4719  202.35    0.0993   55.48    0.831    2.215    691.2  0.283E+01  0.577E+00


    1129.3   3/2 -    0.0   3/2    0.0012    0.16    0.2579  144.04    0.004    0.063   1129.3  0.260E-01  0.654E+01
    1129.3   3/2 - 1129.3   3/2   -1.7198            0.8984
    1129.3   3/2 -  224.8   5/2    0.0000    0.00    0.0675   37.70    0.000   -0.007    904.4  0.443E-04  0.879E+00
    1129.3   3/2 -  680.8   5/2    0.0001    0.02    0.3706  206.98    0.000    0.007    448.4  0.292E-04  0.588E+00
    1129.3   3/2 - 1004.9   7/2    0.0001    0.01    0.0000    0.00    1.000    0.000    124.3  0.279E-07  0.000E+00


     224.8   5/2 -    0.0   3/2    0.3993   54.89    0.0194   10.85    0.419   -0.849    224.8  0.280E-02  0.389E-02
     224.8   5/2 -  224.8   5/2    2.4884            0.9817
     680.8   5/2 -  438.1   1/2    0.0031    0.43    0.0000    0.00    1.000    0.000    242.8  0.320E-04  0.000E+00
     680.8   5/2 -    0.0   3/2    2.1199  291.43    0.2042  114.05    0.769   -1.826    680.8  0.378E+01  0.113E+01
     680.8   5/2 -  224.8   5/2    0.5049   69.41    0.0612   34.19    0.543    1.090    456.0  0.121E+00  0.102E+00


     680.8   5/2 -  680.8   5/2   -0.0350            0.3145
    1197.9   5/2 -  438.1   1/2    1.4689  201.94    0.0000    0.00    1.000    0.000    759.8  0.454E+01  0.000E+00
    1197.9   5/2 -    0.0   3/2    0.0042    0.57    0.0347   19.36    0.107    0.346   1197.9  0.126E+00  0.105E+01
    1197.9   5/2 - 1129.3   3/2    0.4210   57.87    0.0777   43.40    0.017    0.133     68.6  0.780E-05  0.442E-03
    1197.9   5/2 -  224.8   5/2    0.0000    0.00    0.0439   24.54    0.000   -0.019    973.0  0.268E-03  0.712E+00


    1197.9   5/2 -  680.8   5/2    0.0026    0.36    0.2378  132.84    0.002    0.045    517.0  0.119E-02  0.579E+00
    1197.9   5/2 - 1197.9   5/2   -2.4535            1.1547
    1197.9   5/2 - 1004.9   7/2    0.0002    0.03    0.0873   48.76    0.000   -0.008    192.9  0.635E-06  0.110E-01
    1197.9   5/2 - 1181.1   9/2    0.0000    0.00    0.0000    0.00    1.000    0.000     16.7  0.182E-34  0.000E+00
    1004.9   7/2 -    0.0   3/2    0.2539   34.90    0.0000    0.00    1.000    0.000   1004.9  0.317E+01  0.000E+00


    1004.9   7/2 -  224.8   5/2    2.3748  326.48    0.0019    1.07    0.998  -22.865    780.1  0.837E+01  0.160E-01
    1004.9   7/2 -  680.8   5/2    0.0000    0.00    0.0478   26.67    0.000   -0.005    324.1  0.622E-06  0.286E-01
    1004.9   7/2 - 1004.9   7/2    0.0196            1.2858
    1607.9   7/2 -    0.0   3/2    0.7978  109.68    0.0000    0.00    1.000    0.000   1607.9  0.105E+03  0.000E+00
    1607.9   7/2 - 1129.3   3/2    0.0005    0.07    0.0000    0.00    1.000    0.000    478.6  0.159E-03  0.000E+00


    1607.9   7/2 -  224.8   5/2    0.0875   12.03    0.0539   30.10    0.683    1.467   1383.0  0.540E+01  0.251E+01
    1607.9   7/2 -  680.8   5/2    1.7407  239.30    0.1785   99.70    0.853   -2.410    927.0  0.145E+02  0.250E+01
    1607.9   7/2 - 1197.9   5/2    0.0021    0.29    0.2115  118.13    0.001   -0.034    410.0  0.296E-03  0.257E+00
    1607.9   7/2 - 1004.9   7/2    0.2055   28.25    0.0461   25.74    0.529    1.060    602.9  0.200E+00  0.178E+00
    1607.9   7/2 - 1607.9   7/2   -1.1675            0.9678


    1607.9   7/2 - 1181.1   9/2    0.0000    0.00    0.0000    0.00    0.438   -0.882    426.7  0.424E-27  0.545E-27
    2809.8   7/2 -    0.0   3/2    0.0001    0.01    0.0000    0.00    1.000    0.000   2809.8  0.154E+00  0.000E+00
    2809.8   7/2 - 1129.3   3/2    1.8921  260.12    0.0000    0.00    1.000    0.000   1680.6  0.309E+03  0.000E+00
    2809.8   7/2 -  224.8   5/2    0.0000    0.00    0.0094    5.24    0.003    0.054   2585.0  0.822E-02  0.285E+01
    2809.8   7/2 -  680.8   5/2    0.0002    0.02    0.0471   26.31    0.011    0.105   2129.0  0.881E-01  0.800E+01


    2809.8   7/2 - 1197.9   5/2    0.2112   29.03    0.1329   74.25    0.741    1.692   1612.0  0.280E+02  0.980E+01
    2809.8   7/2 - 1004.9   7/2    0.0000    0.00    0.0739   41.30    0.000    0.007   1804.9  0.347E-03  0.765E+01
    2809.8   7/2 - 1607.9   7/2    0.0002    0.03    0.2340  130.67    0.001    0.033   1202.0  0.763E-02  0.715E+01
    2809.8   7/2 - 2809.8   7/2   -2.8666            1.6363
    2809.8   7/2 - 1181.1   9/2    0.0000    0.00    0.0000    0.00    0.146    0.413   1628.7  0.622E-26  0.364E-25


    2809.8   7/2 - 2028.0   9/2    0.0000    0.00    0.0934   52.18    0.000   -0.000    781.9  0.262E-08  0.786E+00
    2809.8   7/2 - 2770.8   9/2    0.0039    0.54    0.2814  157.17    0.000    0.004     39.0  0.429E-08  0.294E-03
    2809.8   7/2 - 2522.2  11/2    0.0000    0.00    0.0000    0.00    1.000    0.000    287.6  0.919E-28  0.000E+00
    3027.8   7/2 -    0.0   3/2    0.0000    0.00    0.0000    0.00    1.000    0.000   3027.8  0.720E-10  0.000E+00
    3027.8   7/2 - 1129.3   3/2    0.0000    0.00    0.0000    0.00    1.000    0.000   1898.5  0.389E-12  0.000E+00


    3027.8   7/2 -  224.8   5/2    0.0000    0.00    0.0000    0.00    0.523   -1.047   2803.0  0.159E-12  0.145E-12
    3027.8   7/2 -  680.8   5/2    0.0000    0.00    0.0000    0.00    0.968   -5.502   2347.0  0.351E-10  0.116E-11
    3027.8   7/2 - 1197.9   5/2    0.0000    0.00    0.0000    0.00    0.177   -0.464   1830.0  0.107E-12  0.497E-12
    3027.8   7/2 - 1004.9   7/2    0.0000    0.00    0.0000    0.00    0.015   -0.125   2022.9  0.151E-13  0.968E-12
    3027.8   7/2 - 1607.9   7/2    0.0000    0.00    0.0000    0.00    0.056    0.244   1420.0  0.203E-12  0.341E-11


    3027.8   7/2 - 2809.8   7/2    0.0000    0.00    0.0000    0.00    0.000   -0.005    218.0  0.100E-18  0.362E-14
    3027.8   7/2 - 3027.8   7/2   -2.4415           -2.0461
    3027.8   7/2 - 1181.1   9/2    0.0000    0.00    0.0000    0.00    0.969    5.629   1846.7  0.533E-29  0.168E-30
    3027.8   7/2 - 2028.0   9/2    0.0000    0.00    0.0000    0.00    0.999   28.823    999.8  0.137E-12  0.165E-15
    3027.8   7/2 - 2770.8   9/2    0.0000    0.00    0.0000    0.00    0.049   -0.226    257.0  0.264E-15  0.515E-14


    3027.8   7/2 - 2940.1   9/2    0.0000    0.00    0.0000    0.00    0.012    0.110     87.7  0.137E-18  0.113E-16
    3027.8   7/2 - 2522.2  11/2    0.0000    0.00    0.0000    0.00    1.000    0.000    505.6  0.133E-23  0.000E+00
    3027.8   7/2 - 2904.3  11/2    3.1309  430.41    0.0000    0.00    1.000    0.000    123.5  0.110E-02  0.000E+00
    1181.1   9/2 -  224.8   5/2    0.0000    0.00    0.0000    0.00    1.000    0.000    956.3  0.598E-27  0.000E+00
    1181.1   9/2 -  680.8   5/2    0.0000    0.00    0.0000    0.00    1.000    0.000    500.3  0.670E-27  0.000E+00


    1181.1   9/2 - 1004.9   7/2    0.0000    0.00    0.0000    0.00    0.059    0.250    176.2  0.102E-29  0.164E-28
    1181.1   9/2 - 1181.1   9/2    4.6922            1.3760
    2028.0   9/2 -  224.8   5/2    0.8692  119.50    0.0000    0.00    1.000    0.000   1803.1  0.202E+03  0.000E+00
    2028.0   9/2 -  680.8   5/2    0.1140   15.68    0.0000    0.00    1.000    0.000   1347.1  0.617E+01  0.000E+00
    2028.0   9/2 - 1197.9   5/2    0.0002    0.03    0.0000    0.00    1.000    0.000    830.1  0.887E-03  0.000E+00


    2028.0   9/2 - 1004.9   7/2    1.8593  255.60    0.0078    4.38    0.994  -13.111   1023.0  0.254E+02  0.148E+00
    2028.0   9/2 - 1607.9   7/2    0.0190    2.61    0.0711   39.69    0.032    0.181    420.1  0.303E-02  0.927E-01
    2028.0   9/2 - 1181.1   9/2    0.0000    0.00    0.0000    0.00    0.087    0.309    846.8  0.425E-27  0.446E-26
    2028.0   9/2 - 2028.0   9/2   -1.2417            1.6252
    2770.8   9/2 -  224.8   5/2    0.0001    0.01    0.0000    0.00    1.000    0.000   2546.0  0.862E-01  0.000E+00


    2770.8   9/2 -  680.8   5/2    1.2883  177.10    0.0000    0.00    1.000    0.000   2090.0  0.627E+03  0.000E+00
    2770.8   9/2 - 1197.9   5/2    0.0783   10.77    0.0000    0.00    1.000    0.000   1573.0  0.920E+01  0.000E+00
    2770.8   9/2 - 1004.9   7/2    0.0810   11.13    0.1001   55.88    0.636    1.323   1765.9  0.170E+02  0.970E+01
    2770.8   9/2 - 1607.9   7/2    1.2403  170.51    0.2010  112.27    0.853   -2.405   1163.0  0.322E+02  0.557E+01
    2770.8   9/2 - 1181.1   9/2    0.0000    0.00    0.0000    0.00    0.733   -1.657   1589.7  0.116E-24  0.421E-25


    2770.8   9/2 - 2028.0   9/2    0.0905   12.44    0.0627   35.02    0.356    0.743    742.9  0.250E+00  0.452E+00
    2770.8   9/2 - 2770.8   9/2   -1.9441            1.1519
    2770.8   9/2 - 2522.2  11/2    0.0000    0.00    0.0000    0.00    0.003    0.051    248.6  0.943E-29  0.368E-26
    2940.1   9/2 -  224.8   5/2    0.0001    0.01    0.0000    0.00    1.000    0.000   2715.2  0.117E+00  0.000E+00
    2940.1   9/2 -  680.8   5/2    0.0431    5.92    0.0000    0.00    1.000    0.000   2259.2  0.309E+02  0.000E+00


    2940.1   9/2 - 1197.9   5/2    2.0234  278.17    0.0000    0.00    1.000    0.000   1742.2  0.396E+03  0.000E+00
    2940.1   9/2 - 1004.9   7/2    0.0011    0.15    0.0051    2.87    0.351   -0.736   1935.1  0.355E+00  0.656E+00
    2940.1   9/2 - 1607.9   7/2    0.0618    8.49    0.0218   12.18    0.777    1.866   1332.2  0.316E+01  0.908E+00
    2940.1   9/2 - 2809.8   7/2    0.1251   17.19    0.0461   25.77    0.031    0.179    130.3  0.572E-04  0.179E-02
    2940.1   9/2 - 1181.1   9/2    0.0000    0.00    0.0000    0.00    0.245    0.570   1758.9  0.116E-26  0.358E-26


    2940.1   9/2 - 2028.0   9/2    0.0023    0.32    0.0661   36.93    0.020   -0.143    912.1  0.181E-01  0.883E+00
    2940.1   9/2 - 2770.8   9/2    0.0122    1.68    0.1527   85.28    0.002    0.040    169.3  0.207E-04  0.130E-01
    2940.1   9/2 - 2940.1   9/2   -3.0705            2.2083
    2940.1   9/2 - 2522.2  11/2    0.0000    0.00    0.0000    0.00    0.002    0.045    417.8  0.875E-28  0.428E-25
    2940.1   9/2 - 2904.3  11/2    0.0000    0.00    0.0000    0.00    0.000   -0.005     35.8  0.828E-21  0.299E-16


    2522.2  11/2 - 1004.9   7/2    0.0000    0.00    0.0000    0.00    1.000    0.000   1517.3  0.221E-22  0.000E+00
    2522.2  11/2 - 1607.9   7/2    0.0000    0.00    0.0000    0.00    1.000    0.000    914.4  0.170E-24  0.000E+00
    2522.2  11/2 - 1181.1   9/2    2.3164  318.45    0.0089    4.99    0.997  -17.980   1341.1  0.123E+03  0.379E+00
    2522.2  11/2 - 2028.0   9/2    0.0000    0.00    0.0000    0.00    0.897   -2.945    494.3  0.750E-25  0.865E-26
    2522.2  11/2 - 2522.2  11/2    2.3633            1.8347


    2904.3  11/2 - 1004.9   7/2    0.0000    0.00    0.0000    0.00    1.000    0.000   1899.4  0.585E-10  0.000E+00
    2904.3  11/2 - 1607.9   7/2    0.0000    0.00    0.0000    0.00    1.000    0.000   1296.5  0.100E-10  0.000E+00
    2904.3  11/2 - 2809.8   7/2    0.0000    0.00    0.0000    0.00    1.000    0.000     94.5  0.159E-18  0.000E+00
    2904.3  11/2 - 1181.1   9/2    0.0000    0.00    0.0000    0.00    0.998  -22.974   1723.2  0.122E-22  0.231E-25
    2904.3  11/2 - 2028.0   9/2    0.0000    0.00    0.0000    0.00    0.970   -5.719    876.4  0.468E-12  0.143E-13


    2904.3  11/2 - 2770.8   9/2    0.0000    0.00    0.0000    0.00    0.009   -0.093    133.5  0.649E-17  0.748E-15
    2904.3  11/2 - 2522.2  11/2    0.0000    0.00    0.0000    0.00    0.258    0.589    382.1  0.124E-24  0.359E-24
    2904.3  11/2 - 2904.3  11/2   -3.0791           -1.4128

 TIME=  0.0 SEC
