 PARITY=-   EPS= 0.593   GAMMA=  0.0   EPS4=0.000   EPS6=0.000   LEVELS:  24  25  26  27  28  29  30  31  32  33  34  35  36  37  38
0   Z= 82   A=207   IQ=0   GSFAC= 0.75   GR=  0.40   MIN SPIN=  1/2   MAX SPIN= 13/2   KMAX= 13/2

 MACR QUADR MOMENTS:  Q0=3063.334  Q2=   0.000 FM**2


   B(E2) AND Q(E2) IN E2B2 AND EB,   B(M1) AND M(M1) INNM2 AND NM,   T(E2) AND T(M1) IN 1/PS

       E1     II      EF     IF     B(E2)             B(M1)              GD        D       EREL    T(E2)      T(M1)
                                             WU               MWU

    1133.5   1/2 - 1133.5   1/2    0.0000            0.6680
    1133.5   1/2 -  649.2   5/2    0.0133    1.83    0.0000    0.00    1.000    0.000    484.3  0.432E-02  0.000E+00
    2650.3   1/2 - 1133.5   1/2    0.0000    0.00    0.0000    0.00    0.000    0.000   1516.8  0.000E+00  0.307E-11
    2650.3   1/2 - 2650.3   1/2    0.0000            0.3810
    2650.3   1/2 - 1202.3   3/2    0.0000    0.00    0.0000    0.00    0.849    2.375   1448.0  0.220E-08  0.390E-09


    2650.3   1/2 - 1443.0   3/2    0.0000    0.00    0.0000    0.00    0.994   12.829   1207.3  0.366E-09  0.222E-11
    2650.3   1/2 -  649.2   5/2    0.0000    0.00    0.0000    0.00    1.000    0.000   2001.1  0.117E-08  0.000E+00
    2650.3   1/2 - 1766.8   5/2    0.0000    0.00    0.0000    0.00    1.000    0.000    883.5  0.212E-08  0.000E+00
    2650.3   1/2 - 2363.2   5/2    0.0000    0.00    0.0000    0.00    1.000    0.000    287.1  0.164E-09  0.000E+00
    2650.3   1/2 - 2564.3   5/2   45.2355 6218.73    0.0000    0.00    1.000    0.000     86.0  0.260E-02  0.000E+00


    1202.3   3/2 - 1133.5   1/2   11.9636 1644.69    0.4129  230.58    0.087   -0.308     68.8  0.225E-03  0.237E-02
    1202.3   3/2 - 1202.3   3/2   -1.7717           -0.2304
    1202.3   3/2 -  649.2   5/2    0.1670   22.95    0.2065  115.36    0.146    0.414    553.1  0.105E+00  0.615E+00
    1202.3   3/2 -  601.6   7/2    0.0004    0.06    0.0000    0.00    1.000    0.000    600.7  0.400E-03  0.000E+00
    1443.0   3/2 - 1133.5   1/2    6.3599  874.33    0.2600  145.19    0.619   -1.274    309.5  0.220E+00  0.136E+00


    1443.0   3/2 - 1202.3   3/2   16.9332 2327.88    0.3152  176.03    0.683    1.468    240.6  0.167E+00  0.773E-01
    1443.0   3/2 - 1443.0   3/2    1.6911            0.3069
    1443.0   3/2 -  649.2   5/2    0.2318   31.87    0.3699  206.61    0.215    0.523    793.7  0.891E+00  0.326E+01
    1443.0   3/2 -  601.6   7/2    0.0004    0.05    0.0000    0.00    1.000    0.000    841.3  0.203E-02  0.000E+00
    1443.0   3/2 - 1349.3   7/2    0.1841   25.31    0.0000    0.00    1.000    0.000     93.7  0.162E-04  0.000E+00


     649.2   5/2 -  649.2   5/2   10.8256           -0.7578
     649.2   5/2 -  601.6   7/2    1.1244  154.58    0.0034    1.92    0.339   -0.716     47.6  0.336E-05  0.655E-05
    1766.8   5/2 - 1133.5   1/2    5.2921  727.52    0.0000    0.00    1.000    0.000    633.3  0.658E+01  0.000E+00
    1766.8   5/2 - 1202.3   3/2   14.0298 1928.73    0.0025    1.42    0.999   34.870    564.5  0.981E+01  0.807E-02
    1766.8   5/2 - 1443.0   3/2    9.4062 1293.11    0.0048    2.68    0.993   11.929    323.8  0.409E+00  0.287E-02


    1766.8   5/2 -  649.2   5/2    0.3857   53.02    0.0561   31.33    0.856    2.440   1117.6  0.820E+01  0.138E+01
    1766.8   5/2 - 1766.8   5/2   -4.1012            1.4554
    1766.8   5/2 -  601.6   7/2    0.0260    3.58    0.0043    2.41    0.850   -2.385   1165.2  0.682E+00  0.120E+00
    1766.8   5/2 - 1349.3   7/2    0.0019    0.27    0.2991  167.05    0.001    0.028    417.5  0.302E-03  0.383E+00
    1766.8   5/2 - 1490.5   9/2    0.0292    4.01    0.0000    0.00    1.000    0.000    276.3  0.573E-03  0.000E+00


    2363.2   5/2 - 1133.5   1/2   13.1903 1813.32    0.0000    0.00    1.000    0.000   1229.7  0.452E+03  0.000E+00
    2363.2   5/2 - 1202.3   3/2    0.0711    9.77    0.0026    1.44    0.963    5.071   1160.9  0.183E+01  0.711E-01
    2363.2   5/2 - 1443.0   3/2   12.7122 1747.60    0.0034    1.91    1.000   46.765    920.2  0.102E+03  0.468E-01
    2363.2   5/2 -  649.2   5/2    0.0415    5.71    0.0328   18.33    0.720    1.605   1714.0  0.749E+01  0.291E+01
    2363.2   5/2 - 1766.8   5/2    2.5253  347.16    0.0196   10.97    0.969   -5.630    596.4  0.232E+01  0.733E-01


    2363.2   5/2 - 2363.2   5/2   -6.7949            1.8285
    2363.2   5/2 -  601.6   7/2    0.0081    1.11    0.0016    0.87    0.918   -3.343   1761.6  0.168E+01  0.150E+00
    2363.2   5/2 - 1349.3   7/2    0.0086    1.18    0.1383   77.27    0.042    0.211   1013.9  0.112E+00  0.254E+01
    2363.2   5/2 - 1490.5   9/2    0.0072    0.99    0.0000    0.00    1.000    0.000    872.7  0.444E-01  0.000E+00
    2363.2   5/2 - 2273.0   9/2    0.0220    3.03    0.0000    0.00    1.000    0.000     90.2  0.161E-05  0.000E+00


    2564.3   5/2 - 1133.5   1/2    0.0000    0.00    0.0000    0.00    1.000    0.000   1430.8  0.185E-06  0.000E+00
    2564.3   5/2 - 1202.3   3/2    0.0000    0.00    0.0000    0.00    0.999  -40.576   1361.9  0.658E-08  0.400E-11
    2564.3   5/2 - 1443.0   3/2    0.0000    0.00    0.0000    0.00    1.000   56.201   1121.3  0.254E-07  0.803E-11
    2564.3   5/2 -  649.2   5/2    0.0000    0.00    0.0000    0.00    0.647   -1.353   1915.0  0.797E-09  0.435E-09
    2564.3   5/2 - 1766.8   5/2    0.0000    0.00    0.0000    0.00    0.930   -3.650    797.5  0.796E-09  0.597E-10


    2564.3   5/2 - 2363.2   5/2    0.0000    0.00    0.0000    0.00    0.001    0.037    201.1  0.107E-13  0.794E-11
    2564.3   5/2 - 2564.3   5/2   -7.6021            0.8045
    2564.3   5/2 -  601.6   7/2    0.0000    0.00    0.0000    0.00    0.811   -2.074   1962.6  0.556E-10  0.129E-10
    2564.3   5/2 - 1349.3   7/2    0.0000    0.00    0.0000    0.00    0.457    0.917   1215.0  0.283E-09  0.336E-09
    2564.3   5/2 - 2421.7   7/2    0.0000    0.00    0.0000    0.00    0.003   -0.050    142.6  0.129E-13  0.506E-11


    2564.3   5/2 - 1490.5   9/2    0.0000    0.00    0.0000    0.00    1.000    0.000   1073.8  0.228E-10  0.000E+00
    2564.3   5/2 - 2273.0   9/2    0.0000    0.00    0.0000    0.00    1.000    0.000    291.3  0.277E-12  0.000E+00
     601.6   7/2 -  601.6   7/2   13.6453            1.2033
     601.6   7/2 -    0.0  11/2    0.0018    0.24    0.0000    0.00    1.000    0.000    601.6  0.170E-02  0.000E+00
    1349.3   7/2 - 1202.3   3/2    0.1403   19.29    0.0000    0.00    1.000    0.000    147.0  0.117E-03  0.000E+00


    1349.3   7/2 -  649.2   5/2   29.9416 4116.20    0.1456   81.33    0.986   -8.358    700.1  0.614E+02  0.879E+00
    1349.3   7/2 -  601.6   7/2    0.6667   91.66    0.0047    2.62    0.982    7.428    747.7  0.190E+01  0.345E-01
    1349.3   7/2 - 1349.3   7/2    3.0457           -0.2728
    1349.3   7/2 -    0.0  11/2    0.0001    0.01    0.0000    0.00    1.000    0.000   1349.3  0.417E-02  0.000E+00
    2421.7   7/2 - 1202.3   3/2   19.9043 2736.33    0.0000    0.00    1.000    0.000   1219.4  0.655E+03  0.000E+00


    2421.7   7/2 - 1443.0   3/2    0.7389  101.58    0.0000    0.00    1.000    0.000    978.7  0.810E+01  0.000E+00
    2421.7   7/2 -  649.2   5/2    0.0461    6.33    0.0032    1.76    0.969    5.637   1772.5  0.983E+01  0.309E+00
    2421.7   7/2 - 1766.8   5/2    7.5272 1034.79    0.1071   59.80    0.954   -4.572    654.9  0.111E+02  0.529E+00
    2421.7   7/2 - 2363.2   5/2    0.0352    4.83    0.4524  252.68    0.000    0.014     58.5  0.294E-06  0.160E-02
    2421.7   7/2 -  601.6   7/2    0.0190    2.61    0.0008    0.45    0.982   -7.365   1820.1  0.462E+01  0.852E-01


    2421.7   7/2 - 1349.3   7/2    0.2168   29.81    0.0271   15.15    0.864    2.524   1072.4  0.375E+01  0.589E+00
    2421.7   7/2 - 2421.7   7/2   -8.8603            0.4527
    2421.7   7/2 - 1490.5   9/2    0.0025    0.35    0.0029    1.63    0.343   -0.723    931.2  0.217E-01  0.415E-01
    2421.7   7/2 - 2273.0   9/2    0.0210    2.89    0.1255   70.11    0.003   -0.051    148.7  0.187E-04  0.727E-02
    2421.7   7/2 -    0.0  11/2    0.0000    0.00    0.0000    0.00    1.000    0.000   2421.7  0.223E-04  0.000E+00


    2894.3   7/2 - 1202.3   3/2    0.1139   15.66    0.0000    0.00    1.000    0.000   1692.0  0.193E+02  0.000E+00
    2894.3   7/2 - 1443.0   3/2   16.1149 2215.39    0.0000    0.00    1.000    0.000   1451.4  0.127E+04  0.000E+00
    2894.3   7/2 -  649.2   5/2    0.0091    1.25    0.0074    4.14    0.810    2.068   2245.1  0.631E+01  0.147E+01
    2894.3   7/2 - 1766.8   5/2    7.0489  969.04    0.1501   83.85    0.976    6.432   1127.6  0.157E+03  0.379E+01
    2894.3   7/2 - 2363.2   5/2    7.1888  988.28    0.1473   82.25    0.905   -3.090    531.1  0.371E+01  0.388E+00


    2894.3   7/2 - 2564.3   5/2    0.0000    0.00    0.0000    0.00    0.599   -1.221    330.1  0.394E-10  0.264E-10
    2894.3   7/2 -  601.6   7/2    0.0262    3.61    0.0023    1.26    0.977   -6.497   2292.7  0.203E+02  0.480E+00
    2894.3   7/2 - 1349.3   7/2    0.2229   30.64    0.0586   32.75    0.863    2.508   1545.0  0.239E+02  0.381E+01
    2894.3   7/2 - 2421.7   7/2    0.8452  116.19    0.2134  119.20    0.380    0.783    472.6  0.243E+00  0.397E+00
    2894.3   7/2 - 2894.3   7/2   -7.2449            1.1111


    2894.3   7/2 - 1490.5   9/2    0.0050    0.69    0.0054    3.02    0.558   -1.124   1403.9  0.333E+00  0.264E+00
    2894.3   7/2 - 2273.0   9/2    0.0050    0.69    0.2601  145.29    0.005   -0.072    621.4  0.568E-02  0.110E+01
    2894.3   7/2 -    0.0  11/2    0.0000    0.00    0.0000    0.00    1.000    0.000   2894.3  0.174E-04  0.000E+00
    2894.3   7/2 - 2599.6  11/2    0.0331    4.55    0.0000    0.00    1.000    0.000    294.8  0.898E-03  0.000E+00
    1490.5   9/2 -  649.2   5/2    0.4229   58.14    0.0000    0.00    1.000    0.000    841.3  0.217E+01  0.000E+00


    1490.5   9/2 -  601.6   7/2   31.0454 4267.94    0.0003    0.14    1.000  259.052    888.9  0.210E+03  0.312E-02
    1490.5   9/2 - 1349.3   7/2    0.0834   11.47    0.0059    3.28    0.164   -0.443    141.2  0.571E-04  0.291E-03
    1490.5   9/2 - 1490.5   9/2    4.7512            1.5132
    1490.5   9/2 -    0.0  11/2    0.0153    2.11    0.0121    6.79    0.660    1.394   1490.5  0.138E+01  0.708E+00
    1490.5   9/2 - 1428.0  13/2    0.0168    2.31    0.0000    0.00    1.000    0.000     62.5  0.196E-06  0.000E+00


    2273.0   9/2 -  649.2   5/2    7.8165 1074.56    0.0000    0.00    1.000    0.000   1623.7  0.108E+04  0.000E+00
    2273.0   9/2 - 1766.8   5/2    0.2549   35.04    0.0000    0.00    1.000    0.000    506.2  0.103E+00  0.000E+00
    2273.0   9/2 -  601.6   7/2    0.1395   19.17    0.0047    2.63    0.983    7.566   1671.4  0.222E+02  0.388E+00
    2273.0   9/2 - 1349.3   7/2   27.8327 3826.28    0.2342  130.82    0.986   -8.383    923.7  0.228E+03  0.325E+01
    2273.0   9/2 - 1490.5   9/2    0.3970   54.58    0.0062    3.45    0.965    5.223    782.5  0.142E+01  0.521E-01


    2273.0   9/2 - 2273.0   9/2   -1.5659            0.1867
    2273.0   9/2 -    0.0  11/2    0.0022    0.30    0.0007    0.41    0.912    3.227   2273.0  0.159E+01  0.153E+00
    2273.0   9/2 - 1428.0  13/2    0.0019    0.26    0.0000    0.00    1.000    0.000    845.0  0.100E-01  0.000E+00
       0.0  11/2 -    0.0  11/2   18.2730           -0.9535
    2599.6  11/2 -  601.6   7/2    7.1989  989.67    0.0000    0.00    1.000    0.000   1997.9  0.280E+04  0.000E+00


    2599.6  11/2 - 1349.3   7/2    0.3189   43.84    0.0000    0.00    1.000    0.000   1250.2  0.119E+02  0.000E+00
    2599.6  11/2 - 2421.7   7/2    0.0154    2.11    0.0000    0.00    1.000    0.000    177.8  0.334E-04  0.000E+00
    2599.6  11/2 - 1490.5   9/2   30.4707 4188.94    0.0000    0.02    1.000  893.820   1109.1  0.624E+03  0.799E-03
    2599.6  11/2 - 2273.0   9/2    0.0006    0.09    0.0085    4.76    0.006   -0.075    326.6  0.294E-04  0.523E-02
    2599.6  11/2 -    0.0  11/2    0.0174    2.39    0.0016    0.90    0.981    7.115   2599.6  0.252E+02  0.497E+00


    2599.6  11/2 - 2599.6  11/2   -0.4891            1.8599
    2599.6  11/2 - 1428.0  13/2    0.0081    1.12    0.0221   12.35    0.259    0.592   1171.6  0.219E+00  0.626E+00
    1428.0  13/2 -    0.0  11/2   27.1541 3733.00    0.3594  200.73    0.991  -10.334   1428.0  0.197E+04  0.184E+02
    1428.0  13/2 - 1428.0  13/2   10.3471           -0.2116

 TIME=  0.0 SEC
