1SPECTRUM OF (Z= 79 A=197) IN PARTICLE-ROTOR  MODEL WITH MODIFIED OSCILLATOR POTENTIAL


 PARITY=+   EPS= 0.452   GAMMA=  2.1   EPS4=0.000   EPS6=0.000   LEVELS:  18  19  20  21  22

 PAIRING FACTORS: GN0= 19.20  GN1=  7.40  IPAIR= 15 ***  E2PLUS(INPUT)=   0.434  E2PLUR(INPUT)=   0.000

 CORIOLIS ATTENUATION PARAMETERS:  CHSI=1.000  ETA=  1.00

 MOMENT OF INERTIA PARAMETERS:   A1=  0.075 MEV   A2=  0.069 MEV   A3= 38.68927 MEV


 DELTA=0.814 MEV  LAMBDA=40.4061 MEV   HW0= 6.7544 MEV   LAMBDA/HW0= 5.9822

 E2ENERGY=0.434 MEV  HBAR**2/B=19967./A**(7/3)=3431.5/A**2 MEV

 IREC=0  =>  RECOIL TERMS j+j-, j+j+, jzjz, ETC TREATED AS ONE-BODY OPERATORS WITH UU+VV PAIRING FACTORS



 S. P. LEVEL   EQP       U     V        (UU + VV)**1.00

     18       1.912    0.218 0.976      1.000 0.985 0.979 0.607 0.482
     19       1.153    0.382 0.924      0.985 1.000 0.999 0.735 0.625
     20       1.080    0.414 0.910      0.979 0.999 1.000 0.758 0.652
     21       1.069    0.908 0.419      0.607 0.735 0.758 1.000 0.989
     22       1.520    0.960 0.279      0.482 0.625 0.652 0.989 1.000

  R CORE   ENERGY   A0R/A00=1.000    R3= 0     2  
   2( 1)    0.434                    1.000-0.000
   2( 2)  154.902                    0.000 1.000

  R CORE   ENERGY   A0R/A00=1.000    R3= 0     2  
   3( 1)  155.336                    0.000 1.000

  R CORE   ENERGY   A0R/A00=1.000    R3= 0     2     4  
   4( 1)    1.447                    1.000-0.000 0.000

  R CORE   ENERGY   A0R/A00=1.000    R3= 0     2     4  
   5( 1)  156.638                    0.000 1.000-0.000

  R CORE   ENERGY   A0R/A00=1.000    R3= 0     2     4     6  
   6( 1)    3.038                    1.000-0.001 0.000-0.000

  R CORE   ENERGY   A0R/A00=1.000    R3= 0     2     4     6  
   7( 1)  158.518                    0.000 1.000-0.000 0.000
 

             ENERGY     K= 1/2
 
 I=  1/2+ (1)  4.463  18: 0.997
                      19: 0.077
 
 I=  1/2+ (2)  4.777  20: 1.000

             ENERGY     K= 1/2  -3/2
 
 I=  3/2+ (1)  3.997  18: 0.356-0.071
                      19: 0.028 0.931
 
 I=  3/2+ (2)  4.835  20:-1.000-0.000

             ENERGY     K= 5/2   1/2  -3/2
 
 I=  5/2+ (1)  2.941  18:-0.006-0.662-0.049
                      19:-0.001-0.051 0.645
                      21: 0.375-0.011 0.001
 
 I=  5/2+ (2)  4.200  18:-0.014 0.502-0.001
                      21: 0.864 0.009 0.000

             ENERGY     K= 5/2   1/2  -3/2  -7/2
 
 I=  7/2+ (1)  2.615  22:-0.000 0.000 0.000-1.000
 
 I=  7/2+ (2)  3.450  18: 0.011 0.283-0.054-0.000
                      19: 0.001 0.022 0.711 0.000
                      21:-0.641 0.005 0.001 0.000

             ENERGY     K= 9/2   5/2   1/2  -3/2  -7/2
 
 I=  9/2+ (1)  2.535  18: 0.000-0.006-0.707-0.047-0.000
                      19: 0.000-0.001-0.054 0.620 0.000
                      21:-0.000 0.331-0.012 0.001 0.000
 
 I=  9/2+ (2)  3.266  22: 0.000 0.000 0.000 0.000-1.000

             ENERGY     K= 9/2   5/2   1/2  -3/2  -7/2 -11/2
 
 I= 11/2+ (1)  3.934  18:-0.000 0.010 0.309-0.056-0.000-0.000
                      19:-0.000 0.001 0.024 0.727 0.000-0.000
                      21: 0.000-0.609 0.005 0.001 0.000-0.000
 
 I= 11/2+ (2)  4.061  22: 0.000 0.000-0.000-0.000 1.000-0.000

             ENERGY     K=13/2   9/2   5/2   1/2  -3/2  -7/2 -11/2
 
 I= 13/2+ (1)  2.742  18:-0.000 0.000-0.005-0.729-0.046 0.000-0.000
                      19: 0.000 0.000-0.001-0.056 0.607-0.000 0.000
                      21: 0.000-0.000 0.308-0.012 0.000 0.000-0.000
 
 I= 13/2+ (2)  5.002  22: 0.000-0.000-0.000 0.000-0.000 1.000-0.000

             ENERGY     K=13/2   9/2   5/2   1/2  -3/2  -7/2 -11/2
  21 LEVELS    TIME=  0.0 SEC



 ******************* EXCITATION ENERGIES, DOMINANT CONFIGURATION AND EXPECTATION VALUES (WITH S.P. UU+VV FACTORS) *******************

  NR  Eex(keV)  I   Kdom  NY    <Jz>  <Jx**2> <Jy**2> <Jz**2> <I.j>/|I|  <Rx**2> <Ry**2> <Rz**2> <R.j>/|R|  <HROTx> <HROTy> <HROTz>

   1    0.0   9/2+   1/2  18   -0.05   20.18   19.43    1.68    5.40       6.17    6.18    0.00   -4.11      0.466   0.428   0.117
   2   79.5   7/2+   7/2  22   -3.49    1.91    1.78   12.21    3.08       3.66    3.53    0.01   -1.37      0.276   0.245   0.573
   3  206.6  13/2+   1/2  18   -0.05   20.19   19.43    1.56    5.37       7.29    7.60    0.00   -0.95      0.550   0.526   0.116
   4  406.1   5/2+   1/2  18   -0.06   20.17   19.45    1.93    5.36       9.45    9.14    0.00   -5.96      0.713   0.633   0.120
   5  730.5   9/2+   7/2  22   -3.49    1.91    1.78   12.21    2.46       8.16    8.03    0.01   -0.92      0.616   0.556   0.573
  
   6  914.8   7/2+   3/2  19    0.30   19.98   19.45    3.73    3.72      14.76   14.67    0.00   -5.24      1.114   1.015   0.140
   7 1398.9  11/2+   3/2  19    0.18   20.03   19.46    3.54    3.58      17.89   18.05    0.00   -3.61      1.350   1.250   0.138
   8 1462.2   3/2+   3/2  19   -1.25   20.42   19.62    2.00    2.45      18.49   17.81    0.00   -6.19      1.395   1.233   0.117
   9 1526.2  11/2+   7/2  22   -3.49    1.91    1.78   12.21    2.04      13.66   13.54    0.01   -0.71      1.031   0.937   0.573
  10 1664.8   5/2+   5/2  21    1.99   19.54   19.25    4.73    2.38      19.23   18.96    0.00   -5.90      1.451   1.312   0.155
  
  11 1927.5   1/2+   1/2  18    0.50   20.13   19.33    0.25    3.81      17.32   16.54    0.00   -6.26      1.307   1.145   0.104
  12 2242.3   1/2+   1/2  20    0.49    3.14    4.65    0.32   -0.14       3.82    5.20    0.08   -2.73      0.288   0.360   3.050
  13 2299.7   3/2+   1/2  20    0.49    3.14    4.65    0.32    0.50       4.02    5.81    0.08   -2.27      0.303   0.402   3.050
  14 2466.5  13/2+   7/2  22   -3.49    1.91    1.78   12.21    1.75      20.15   20.05    0.01   -0.58      1.520   1.387   0.573
  15 2549.0   9/2+   5/2  21    1.84   19.60   19.26    4.47    1.80      25.19   24.93    0.00   -4.85      1.901   1.725   0.152
  
  16 2927.3   5/2+   1/2  20    0.49    3.14    4.65    0.32   -0.29       8.68    9.80    0.08   -2.08      0.655   0.678   3.050
  17 2972.3   7/2+   5/2  21    1.10   19.77   19.36    4.22    0.25      28.79   28.35    0.00   -5.61      2.172   1.962   0.148
  18 3759.6   3/2+   1/2  18    0.25   20.16   19.38    0.51   -4.31      30.70   29.77    0.00   -6.22      2.317   2.060   0.106
  19 3999.6  13/2+   5/2  21    1.77   19.62   19.27    4.41    1.56      35.21   35.00    0.00   -3.86      2.657   2.422   0.152
  20 4401.5  11/2+   1/2  20    0.49    3.14    4.65    0.32    0.41      18.29   20.63    0.08   -0.91      1.380   1.428   3.050
  
  21*******   1/2+   1/2  21    1.31   19.65   19.38    5.06    3.16      17.78   17.59    4.00   -6.59      1.342   1.217 154.651
