1SPECTRUM OF (Z= 79 A=197) IN PARTICLE-ROTOR  MODEL WITH MODIFIED OSCILLATOR POTENTIAL


 PARITY=+   EPS= 0.387   GAMMA= 10.0   EPS4=0.000   EPS6=0.000   LEVELS:  19  20  21  22  23

 PAIRING FACTORS: GN0= 19.20  GN1=  7.40  IPAIR= 15 ***  E2PLUS(INPUT)=   0.170  E2PLUR(INPUT)=   0.000

 CORIOLIS ATTENUATION PARAMETERS:  CHSI=1.000  ETA=  1.00

 MOMENT OF INERTIA PARAMETERS:   A1=  0.034 MEV   A2=  0.023 MEV   A3=  0.66311 MEV


 DELTA=1.032 MEV  LAMBDA=40.4458 MEV   HW0= 6.7034 MEV   LAMBDA/HW0= 6.0336

 E2ENERGY=0.170 MEV  HBAR**2/B= 5410./A**(7/3)= 929.8/A**2 MEV

 IREC=0  =>  RECOIL TERMS j+j-, j+j+, jzjz, ETC TREATED AS ONE-BODY OPERATORS WITH UU+VV PAIRING FACTORS



 S. P. LEVEL   EQP       U     V        (UU + VV)**1.00

     19       1.331    0.429 0.903      1.000 0.953 0.905 0.836 0.741
     20       1.034    0.682 0.731      0.953 1.000 0.991 0.963 0.909
     21       1.052    0.773 0.634      0.905 0.991 1.000 0.990 0.957
     22       1.162    0.854 0.520      0.836 0.963 0.990 1.000 0.988
     23       1.462    0.924 0.382      0.741 0.909 0.957 0.988 1.000

  R CORE   ENERGY   A0R/A00=1.000    R3= 0     2  
   2( 1)    0.170                    1.000-0.008
   2( 2)    2.709                    0.008 1.000

  R CORE   ENERGY   A0R/A00=1.000    R3= 0     2  
   3( 1)    2.879                    0.000 1.000

  R CORE   ENERGY   A0R/A00=1.000    R3= 0     2     4  
   4( 1)    0.565                    1.000-0.030 0.000

  R CORE   ENERGY   A0R/A00=1.000    R3= 0     2     4  
   5( 1)    3.389                    0.000 1.000-0.008

  R CORE   ENERGY   A0R/A00=1.000    R3= 0     2     4     6  
   6( 1)    1.180                    0.998-0.065 0.001-0.000

  R CORE   ENERGY   A0R/A00=1.000    R3= 0     2     4     6  
   7( 1)    4.125                    0.000 1.000-0.018 0.000
 

             ENERGY     K= 1/2
 
 I=  1/2+ (1)  2.016  19: 0.999
 
 I=  1/2+ (2)  3.795  21:-0.152
                      22: 0.988

             ENERGY     K= 1/2  -3/2
 
 I=  3/2+ (1)  2.029  19: 1.000 0.006
 
 I=  3/2+ (2)  2.562  20:-0.098-0.993
                      23:-0.019 0.071

             ENERGY     K= 5/2   1/2  -3/2
 
 I=  5/2+ (1)  1.708  21: 0.135-0.001-0.001
                      22:-0.991 0.008-0.001
 
 I=  5/2+ (2)  2.287  19: 0.006-0.999 0.029

             ENERGY     K= 5/2   1/2  -3/2  -7/2
 
 I=  7/2+ (1)  1.429  21:-0.010 0.000 0.010-0.990
                      22: 0.073-0.001 0.001-0.117
 
 I=  7/2+ (2)  1.908  21:-0.134 0.002-0.002 0.073
                      22: 0.988-0.016-0.001 0.009

             ENERGY     K= 9/2   5/2   1/2  -3/2  -7/2
 
 I=  9/2+ (1)  1.680  21: 0.000-0.015 0.001-0.020 0.987
                      22:-0.000 0.109-0.003-0.002 0.117
 
 I=  9/2+ (2)  2.165  21:-0.002 0.134-0.004-0.004 0.110
                      22: 0.012-0.984 0.028-0.002 0.013

             ENERGY     K= 9/2   5/2   1/2  -3/2  -7/2 -11/2
 
 I= 11/2+ (1)  1.985  21: 0.000-0.019 0.001 0.031-0.982 0.017
                      22:-0.001 0.140-0.006 0.003-0.116 0.002
 
 I= 11/2+ (2)  2.478  21:-0.003 0.133-0.006 0.007-0.141 0.002
                      22: 0.024-0.980 0.040 0.002-0.017 0.000

             ENERGY     K=13/2   9/2   5/2   1/2  -3/2  -7/2 -11/2
 
 I= 13/2+ (1)  2.345  21: 0.000-0.001 0.023-0.002 0.045-0.977 0.032
                      22:-0.000 0.004-0.168 0.009 0.004-0.116 0.004
 
 I= 13/2+ (2)  2.642  20:-0.000 0.001-0.031-0.224 0.726 0.002-0.000
                      23:-0.000 0.018-0.644 0.070-0.048-0.000 0.000

             ENERGY     K=13/2   9/2   5/2   1/2  -3/2  -7/2 -11/2
  21 LEVELS    TIME=  0.0 SEC



 ******************* EXCITATION ENERGIES, DOMINANT CONFIGURATION AND EXPECTATION VALUES (WITH S.P. UU+VV FACTORS) *******************

  NR  Eex(keV)  I   Kdom  NY    <Jz>  <Jx**2> <Jy**2> <Jz**2> <I.j>/|I|  <Rx**2> <Ry**2> <Rz**2> <R.j>/|R|  <HROTx> <HROTy> <HROTz>

   1    0.0   7/2+   7/2  21   -3.35    2.02    1.57   11.66    3.00       3.65    3.27    0.27   -1.25      0.124   0.074   0.177
   2  251.0   9/2+   7/2  21   -3.31    2.02    1.57   11.62    2.41       7.93    7.79    0.27   -0.81      0.270   0.176   0.179
   3  279.0   5/2+   5/2  22    2.31    1.88    1.34    5.88    1.95       3.10    2.62    0.58   -1.32      0.106   0.059   0.383
   4  479.5   7/2+   5/2  22    2.28    1.88    1.34    5.91    1.44       6.57    6.29    0.58   -0.93      0.224   0.142   0.383
   5  556.5  11/2+   7/2  21   -3.27    2.02    1.56   11.57    2.02      12.92   13.55    0.28   -0.59      0.440   0.307   0.183
  
   6  586.5   1/2+   1/2  19    0.40    1.87    5.84    0.83   -0.21       2.68    6.29    0.68   -2.81      0.091   0.142   0.451
   7  600.1   3/2+   1/2  19    0.40    1.88    5.83    0.83    0.51       2.50    7.16    0.68   -2.35      0.085   0.162   0.451
   8  736.3   9/2+   5/2  22    2.24    1.88    1.35    5.95    1.13      10.87   11.18    0.58   -0.74      0.370   0.253   0.383
   9  858.5   5/2+   1/2  19    0.40    1.87    5.84    0.84   -0.30       7.55   10.86    0.68   -2.16      0.257   0.246   0.454
  10  891.8   7/2+   1/2  19    0.40    1.89    5.82    0.84    0.45       7.29   12.78    0.68   -1.49      0.248   0.289   0.452
  
  11  911.9   5/2+   3/2  20    0.47   16.93   23.37    3.96    3.69      12.23   18.57    0.41   -5.97      0.417   0.420   0.270
  12  915.6  13/2+   7/2  21   -3.22    2.01    1.56   11.52    1.75      18.48   20.71    0.29   -0.46      0.630   0.469   0.190
  13  945.8   9/2+   3/2  20    0.39   16.86   23.48    3.87    3.76      11.78   19.26    0.47   -4.54      0.401   0.436   0.313
  14 1048.7  11/2+   5/2  22    2.19    1.88    1.35    5.99    0.93      15.88   17.40    0.58   -0.63      0.541   0.394   0.385
  15 1094.2  11/2+   3/2  20    0.42   17.00   23.33    3.91    3.70      16.04   19.29    0.47   -3.70      0.546   0.437   0.313
  
  16 1132.5   3/2+   3/2  20   -1.24   15.76   25.49    2.08    1.32      15.77   25.57    0.62   -6.29      0.537   0.579   0.409
  17 1213.4  13/2+   3/2  20    0.30   16.74   23.64    3.77    3.79      14.36   25.07    0.56   -2.80      0.489   0.568   0.371
  18 1415.6  13/2+   5/2  22    2.14    1.88    1.35    6.04    0.78      21.40   25.13    0.59   -0.56      0.729   0.569   0.390
  19 2282.0   3/2+   3/2  21   -3.29    2.02    1.56   11.58    2.64       2.70    2.21    3.79   -3.41      0.092   0.050   2.514
  20 2366.0   1/2+   1/2  22    2.31    1.89    1.33    5.87    1.38       2.12    1.51    3.81   -2.89      0.072   0.034   2.529
  
  21 2992.5   1/2+   1/2  20   -0.72   13.20   27.57    2.52    1.99      13.20   23.90    3.50   -6.52      0.450   0.541   2.318
