1SPECTRUM OF (Z= 79 A=197) IN PARTICLE-ROTOR  MODEL WITH MODIFIED OSCILLATOR POTENTIAL


 PARITY=+   EPS= 0.839   GAMMA= 16.2   EPS4=0.000   EPS6=0.000   LEVELS:  18  19  20  21  22

 PAIRING FACTORS: GN0= 19.20  GN1=  7.40  IPAIR= 15 ***  E2PLUS(INPUT)=   0.300  E2PLUR(INPUT)=   0.000

 CORIOLIS ATTENUATION PARAMETERS:  CHSI=1.000  ETA=  1.00

 MOMENT OF INERTIA PARAMETERS:   A1=  0.067 MEV   A2=  0.034 MEV   A3=  0.41385 MEV


 DELTA=0.882 MEV  LAMBDA=41.0518 MEV   HW0= 7.2882 MEV   LAMBDA/HW0= 5.6327

 E2ENERGY=0.300 MEV  HBAR**2/B=40737./A**(7/3)=7001.1/A**2 MEV

 IREC=0  =>  RECOIL TERMS j+j-, j+j+, jzjz, ETC TREATED AS ONE-BODY OPERATORS WITH UU+VV PAIRING FACTORS



 S. P. LEVEL   EQP       U     V        (UU + VV)**1.00

     18       1.669    0.275 0.961      1.000 0.971 0.889 0.639 0.515
     19       1.022    0.497 0.868      0.971 1.000 0.973 0.805 0.705
     20       0.884    0.684 0.730      0.889 0.973 1.000 0.920 0.850
     21       1.194    0.915 0.403      0.639 0.805 0.920 1.000 0.988
     22       1.762    0.966 0.259      0.515 0.705 0.850 0.988 1.000

  R CORE   ENERGY   A0R/A00=1.000    R3= 0     2  
   2( 1)    0.300                    0.999-0.039
   2( 2)    1.758                    0.039 0.999

  R CORE   ENERGY   A0R/A00=1.000    R3= 0     2  
   3( 1)    2.058                    0.000 1.000

  R CORE   ENERGY   A0R/A00=1.000    R3= 0     2     4  
   4( 1)    0.975                    0.989-0.146 0.002

  R CORE   ENERGY   A0R/A00=1.000    R3= 0     2     4  
   5( 1)    2.958                    0.000 0.999-0.039

  R CORE   ENERGY   A0R/A00=1.000    R3= 0     2     4     6  
   6( 1)    1.973                    0.958-0.287 0.013-0.000

  R CORE   ENERGY   A0R/A00=1.000    R3= 0     2     4     6  
   7( 1)    4.241                    0.000 0.996-0.087 0.002
 

             ENERGY     K= 1/2
 
 I=  1/2+ (1)  3.298  19:-0.968
                      22: 0.250
 
 I=  1/2+ (2)  3.979  20:-1.000

             ENERGY     K= 1/2  -3/2
 
 I=  3/2+ (1)  3.407  19:-0.974 0.035
                      22: 0.222 0.030
 
 I=  3/2+ (2)  3.608  19: 0.030 0.739
                      22:-0.076 0.669

             ENERGY     K= 5/2   1/2  -3/2
 
 I=  5/2+ (1)  3.210  20: 0.082 0.935 0.344
 
 I=  5/2+ (2)  3.397  19:-0.812 0.128 0.053
                      22: 0.562-0.047 0.054

             ENERGY     K= 5/2   1/2  -3/2  -7/2
 
 I=  7/2+ (1)  3.706  19:-0.753 0.362-0.122-0.006
                      22: 0.518-0.081-0.105-0.005
 
 I=  7/2+ (2)  4.015  19:-0.321-0.887 0.146-0.008
                      22: 0.233 0.148 0.112-0.008

             ENERGY     K= 9/2   5/2   1/2  -3/2  -7/2
 
 I=  9/2+ (1)  2.831  20:-0.001-0.147-0.895-0.420-0.018
 
 I=  9/2+ (2)  4.130  19:-0.028 0.762-0.343-0.030-0.011
                      22: 0.021-0.525 0.145-0.057-0.009

             ENERGY     K= 9/2   5/2   1/2  -3/2  -7/2 -11/2
 
 I= 11/2+ (1)  4.426  20: 0.015 0.537 0.387-0.740-0.121-0.000
 
 I= 11/2+ (2)  4.537  19: 0.044-0.649 0.557-0.204 0.003 0.000
                      22:-0.033 0.435-0.104-0.156 0.004 0.000

             ENERGY     K=13/2   9/2   5/2   1/2  -3/2  -7/2 -11/2
 
 I= 13/2+ (1)  2.912  20:-0.000 0.001 0.175 0.875 0.451 0.026-0.000
 
 I= 13/2+ (2)  5.154  19:-0.001 0.073-0.695 0.481-0.053 0.019-0.001
                      22: 0.001-0.054 0.475-0.220 0.025 0.013-0.001

             ENERGY     K=13/2   9/2   5/2   1/2  -3/2  -7/2 -11/2
  21 LEVELS    TIME=  0.0 SEC



 ******************* EXCITATION ENERGIES, DOMINANT CONFIGURATION AND EXPECTATION VALUES (WITH S.P. UU+VV FACTORS) *******************

  NR  Eex(keV)  I   Kdom  NY    <Jz>  <Jx**2> <Jy**2> <Jz**2> <I.j>/|I|  <Rx**2> <Ry**2> <Rz**2> <R.j>/|R|  <HROTx> <HROTy> <HROTz>

   1    0.0   9/2+   1/2  20    0.28   41.33   13.39    0.68    4.90      11.60   18.51    1.31   -5.54      0.774   0.629   0.544
   2   81.0  13/2+   1/2  20    0.28   41.33   13.39    0.68    5.00       9.60   23.22    1.45   -3.49      0.641   0.789   0.599
   3  378.9   5/2+   1/2  20    0.28   41.33   13.39    0.68    4.63      20.61   15.11    1.06   -6.88      1.376   0.513   0.437
   4  467.0   1/2+   1/2  19    1.14    6.87    3.09    4.82    0.53       7.30    3.38    3.93   -3.75      0.488   0.115   1.627
   5  565.8   5/2+   5/2  19    1.56    6.28    3.76    5.17    1.32       7.15    5.43    3.57   -2.81      0.477   0.185   1.476
  
   6  576.4   3/2+   1/2  19    1.08    6.90    3.06    4.78    0.40       8.26    4.72    3.95   -3.39      0.551   0.160   1.637
   7  777.2   3/2+   3/2  19   -0.81    5.60    4.53    4.21    0.66       6.22    5.32    4.00   -3.31      0.415   0.181   1.655
   8  875.3   7/2+   5/2  19    1.44    6.36    3.68    5.10    0.92       8.90   11.08    3.63   -2.37      0.594   0.377   1.502
   9  880.5   5/2+   1/2  19    0.95    6.71    3.27    4.77    0.15      10.40    8.27    3.94   -3.01      0.694   0.281   1.629
  10 1079.6   3/2+   3/2  21   -0.59   18.24    9.68    2.11    0.50      19.06   10.22    2.58   -5.15      1.273   0.347   1.067
  
  11 1147.6   1/2+   1/2  20    0.28   41.33   13.39    0.68    3.99      35.80   12.79    0.65   -7.40      2.390   0.435   0.270
  12 1183.9   7/2+   1/2  19    1.00    6.79    3.19    4.77    0.36      14.98    8.73    3.94   -2.53      1.000   0.297   1.631
  13 1192.1   1/2+   1/2  21   -0.59   18.42    9.46    2.09   -0.28      18.91    9.37    2.93   -5.41      1.262   0.318   1.211
  14 1298.9   9/2+   5/2  19    1.54    6.33    3.70    5.15    0.71      12.04   17.23    3.62   -2.03      0.804   0.586   1.497
  15 1363.4   7/2+   3/2  19   -0.61    5.58    4.55    4.31    0.36      11.51   11.86    3.99   -2.49      0.768   0.403   1.652
  
  16 1594.8  11/2+   3/2  20    0.28   41.33   13.39    0.68    3.68      13.01   30.21    3.98   -4.87      0.869   1.027   1.647
  17 1652.8   9/2+   1/2  19    0.32    6.36    3.67    4.56    0.19      15.40   18.07    4.01   -2.23      1.028   0.614   1.658
  18 1705.9  11/2+   5/2  19    1.23    6.48    3.54    4.97    0.55      12.61   27.78    3.78   -1.76      0.841   0.944   1.563
  19 2202.6  11/2+   1/2  19    0.08    6.06    4.01    4.52    0.32      19.40   23.05    4.09   -1.86      1.295   0.783   1.693
  20 2323.2  13/2+   5/2  19    1.53    6.39    3.64    5.13    0.42      16.31   37.98    3.74   -1.60      1.089   1.291   1.548
  
  21 2767.6  13/2+   3/2  21    0.18   19.23    9.94    2.91    0.68      28.28   40.74    2.31   -3.24      1.888   1.385   0.954
