1SPECTRUM OF (Z= 79 A=197) IN PARTICLE-ROTOR  MODEL WITH MODIFIED OSCILLATOR POTENTIAL


 PARITY=+   EPS= 0.742   GAMMA=  7.8   EPS4=0.000   EPS6=0.000   LEVELS:  19  20  21  22  23

 PAIRING FACTORS: GN0= 19.20  GN1=  7.40  IPAIR= 15 ***  E2PLUS(INPUT)=   0.300  E2PLUR(INPUT)=   0.000

 CORIOLIS ATTENUATION PARAMETERS:  CHSI=1.000  ETA=  1.00

 MOMENT OF INERTIA PARAMETERS:   A1=  0.058 MEV   A2=  0.042 MEV   A3=  1.94850 MEV


 DELTA=0.921 MEV  LAMBDA=40.6977 MEV   HW0= 7.1231 MEV   LAMBDA/HW0= 5.7134

 E2ENERGY=0.300 MEV  HBAR**2/B=35932./A**(7/3)=6175.4/A**2 MEV

 IREC=0  =>  RECOIL TERMS j+j-, j+j+, jzjz, ETC TREATED AS ONE-BODY OPERATORS WITH UU+VV PAIRING FACTORS



 S. P. LEVEL   EQP       U     V        (UU + VV)**1.00

     19       0.941    0.631 0.776      1.000 0.940 0.806 0.793 0.776
     20       1.046    0.858 0.513      0.940 1.000 0.960 0.953 0.945
     21       1.889    0.968 0.252      0.806 0.960 1.000 1.000 0.999
     22       2.057    0.973 0.230      0.793 0.953 1.000 1.000 1.000
     23       2.306    0.979 0.204      0.776 0.945 0.999 1.000 1.000

  R CORE   ENERGY   A0R/A00=1.000    R3= 0     2  
   2( 1)    0.300                    1.000-0.004
   2( 2)    7.894                    0.004 1.000

  R CORE   ENERGY   A0R/A00=1.000    R3= 0     2  
   3( 1)    8.194                    0.000 1.000

  R CORE   ENERGY   A0R/A00=1.000    R3= 0     2     4  
   4( 1)    0.999                    1.000-0.014 0.000

  R CORE   ENERGY   A0R/A00=1.000    R3= 0     2     4  
   5( 1)    9.094                    0.000 1.000-0.004

  R CORE   ENERGY   A0R/A00=1.000    R3= 0     2     4     6  
   6( 1)    2.094                    1.000-0.030 0.000-0.000

  R CORE   ENERGY   A0R/A00=1.000    R3= 0     2     4     6  
   7( 1)   10.393                    0.000 1.000-0.008 0.000
 

             ENERGY     K= 1/2
 
 I=  1/2+ (1)  5.215  22: 1.000
 
 I=  1/2+ (2)  7.630  19: 0.999

             ENERGY     K= 1/2  -3/2
 
 I=  3/2+ (1)  4.299  19: 0.010-0.640
                      20: 0.009-0.768
 
 I=  3/2+ (2)  6.419  21: 0.017 1.000

             ENERGY     K= 5/2   1/2  -3/2
 
 I=  5/2+ (1)  3.303  19: 0.819-0.004-0.025
                      20:-0.573 0.002-0.030
 
 I=  5/2+ (2)  4.551  19:-0.032-0.006-0.639
                      20: 0.022-0.006-0.768

             ENERGY     K= 5/2   1/2  -3/2  -7/2
 
 I=  7/2+ (1)  3.650  19: 0.818-0.011 0.039-0.000
                      20:-0.572 0.003 0.046-0.000
 
 I=  7/2+ (2)  4.898  19: 0.050 0.029-0.638 0.002
                      20:-0.034 0.023-0.766 0.003

             ENERGY     K= 9/2   5/2   1/2  -3/2  -7/2
 
 I=  9/2+ (1)  3.338  19:-0.055 0.005-0.000-0.000 0.001
                      20: 0.073-0.004 0.000-0.000 0.002
                      23:-0.996 0.006-0.000-0.000 0.000
 
 I=  9/2+ (2)  4.095  19:-0.004 0.816-0.015-0.050 0.000
                      20: 0.002-0.571 0.007-0.061 0.000

             ENERGY     K= 9/2   5/2   1/2  -3/2  -7/2 -11/2
 
 I= 11/2+ (1)  3.887  19:-0.056 0.010-0.000 0.001-0.002-0.000
                      20: 0.073-0.008 0.000 0.001-0.002-0.000
                      23:-0.996 0.012-0.000 0.000-0.000-0.000
 
 I= 11/2+ (2)  4.639  19:-0.007 0.815-0.027 0.064-0.000 0.000
                      20: 0.004-0.570 0.007 0.076-0.001 0.000

             ENERGY     K=13/2   9/2   5/2   1/2  -3/2  -7/2 -11/2
 
 I= 13/2+ (1)  4.535  19:-0.000 0.056-0.016 0.001 0.001-0.002-0.000
                      20: 0.001-0.073 0.012-0.000 0.002-0.003-0.000
                      23:-0.009 0.995-0.019 0.000 0.000-0.000-0.000
 
 I= 13/2+ (2)  5.171  22:-0.000 0.000-0.017-0.989-0.148 0.000 0.000

             ENERGY     K=13/2   9/2   5/2   1/2  -3/2  -7/2 -11/2
  21 LEVELS    TIME=  0.0 SEC



 ******************* EXCITATION ENERGIES, DOMINANT CONFIGURATION AND EXPECTATION VALUES (WITH S.P. UU+VV FACTORS) *******************

  NR  Eex(keV)  I   Kdom  NY    <Jz>  <Jx**2> <Jy**2> <Jz**2> <I.j>/|I|  <Rx**2> <Ry**2> <Rz**2> <R.j>/|R|  <HROTx> <HROTy> <HROTz>

   1    0.0   5/2+   5/2  19    2.17    6.29    3.71    5.49    1.85       7.50    4.93    0.86   -2.75      0.434   0.208   1.685
   2   35.1   9/2+   9/2  23    4.38    2.59    1.92   19.43    3.96       4.80    4.21    0.30   -1.39      0.278   0.177   0.587
   3  347.0   7/2+   5/2  19    2.16    6.29    3.71    5.48    1.39      10.90    8.43    0.87   -2.22      0.631   0.355   1.687
   4  584.4  11/2+   9/2  23    4.38    2.59    1.92   19.43    3.29      10.18    9.82    0.30   -0.94      0.590   0.414   0.588
   5  792.8   9/2+   5/2  19    2.16    6.29    3.71    5.48    1.12      15.22   12.99    0.87   -1.84      0.881   0.547   1.691
  
   6  996.0   3/2+   3/2  20   -1.09    5.82    3.85    2.41    0.85       6.53    4.61    1.40   -2.95      0.378   0.194   2.723
   7 1232.1  13/2+   9/2  23    4.38    2.59    1.92   19.43    2.82      16.38   16.63    0.30   -0.74      0.949   0.701   0.591
   8 1248.4   5/2+   3/2  20   -1.08    5.82    3.85    2.41    0.54       9.12    7.09    1.40   -2.50      0.528   0.299   2.721
   9 1336.0  11/2+   5/2  19    2.14    6.29    3.71    5.47    0.95      20.31   18.73    0.87   -1.55      1.176   0.789   1.697
  10 1499.9   9/2+   1/2  22    0.40   37.72   18.24    0.43    3.87      19.74   22.56    0.33   -5.69      1.143   0.950   0.652
  
  11 1519.4   5/2+   1/2  22    0.40   37.72   18.24    0.43    3.80      24.46   17.87    0.31   -6.91      1.417   0.753   0.595
  12 1595.5   7/2+   3/2  20   -1.08    5.82    3.85    2.42    0.41      12.29   10.90    1.40   -2.11      0.712   0.459   2.724
  13 1868.7  13/2+   1/2  22    0.40   37.72   18.24    0.43    3.94      19.41   30.40    0.36   -4.08      1.124   1.281   0.709
  14 1912.8   1/2+   1/2  22    0.40   37.72   18.24    0.43    4.21      32.75   16.81    0.28   -7.47      1.897   0.708   0.553
  15 1978.2  13/2+   5/2  19    2.14    6.29    3.71    5.46    0.82      26.32   25.55    0.87   -1.34      1.524   1.076   1.703
  
  16 2588.9  11/2+   3/2  20   -1.05    5.82    3.85    2.44    0.27      21.33   21.88    1.40   -1.57      1.235   0.922   2.732
  17 3116.0   3/2+   3/2  21   -0.82   18.60    8.80    1.75    0.65      19.36    9.49    1.54   -5.06      1.121   0.400   3.009
  18 3153.0   3/2+   1/2  22    0.40   37.72   18.24    0.43   -3.23      48.53   23.82    0.30   -7.35      2.810   1.004   0.585
  19 3715.0   7/2+   3/2  21   -0.82   18.60    8.80    1.75    0.33      25.49   15.25    1.54   -4.28      1.476   0.643   3.010
  20 4326.9   1/2+   1/2  19    0.84    7.22    2.49    3.73    0.23       7.57    3.08    3.14   -3.57      0.438   0.130   6.120
  
  21 5555.3   1/2+   1/2  21   -0.82   18.60    8.80    1.75   -0.35      19.10    8.58    2.82   -5.33      1.106   0.362   5.502
