1SPECTRUM OF (Z= 79 A=197) IN PARTICLE-ROTOR  MODEL WITH MODIFIED OSCILLATOR POTENTIAL


 PARITY=+   EPS= 0.436   GAMMA= 53.3   EPS4=0.000   EPS6=0.000   LEVELS:  18  19  20  21  22

 PAIRING FACTORS: GN0= 19.20  GN1=  7.40  IPAIR= 15 ***  E2PLUS(INPUT)=   0.170  E2PLUR(INPUT)=   0.000

 CORIOLIS ATTENUATION PARAMETERS:  CHSI=1.000  ETA=  1.00

 MOMENT OF INERTIA PARAMETERS:   A1=  1.534 MEV   A2=  0.025 MEV   A3=  0.03215 MEV


 DELTA=0.822 MEV  LAMBDA=40.2559 MEV   HW0= 6.7128 MEV   LAMBDA/HW0= 5.9969

 E2ENERGY=0.170 MEV  HBAR**2/B= 7103./A**(7/3)=1220.7/A**2 MEV

 IREC=0  =>  RECOIL TERMS j+j-, j+j+, jzjz, ETC TREATED AS ONE-BODY OPERATORS WITH UU+VV PAIRING FACTORS



 S. P. LEVEL   EQP       U     V        (UU + VV)**1.00

     18       1.780    0.238 0.971      1.000 1.000 0.988 0.586 0.424
     19       1.724    0.246 0.969      1.000 1.000 0.990 0.593 0.432
     20       1.160    0.383 0.924      0.988 0.990 1.000 0.703 0.558
     21       1.178    0.926 0.377      0.586 0.593 0.703 1.000 0.982
     22       2.128    0.980 0.197      0.424 0.432 0.558 0.982 1.000

  R CORE   ENERGY   A0R/A00=1.000    R3= 0     2  
   2( 1)    0.170                   -0.502 0.865
   2( 2)    6.194                    0.865 0.502

  R CORE   ENERGY   A0R/A00=1.000    R3= 0     2  
   3( 1)    6.364                    0.000 1.000

  R CORE   ENERGY   A0R/A00=1.000    R3= 0     2     4  
   4( 1)    0.566                    0.380-0.563 0.734

  R CORE   ENERGY   A0R/A00=1.000    R3= 0     2     4  
   5( 1)    6.874                    0.000-0.502 0.865

  R CORE   ENERGY   A0R/A00=1.000    R3= 0     2     4     6  
   6( 1)    1.188                   -0.321 0.463-0.499 0.659

  R CORE   ENERGY   A0R/A00=1.000    R3= 0     2     4     6  
   7( 1)    7.611                    0.000 0.315-0.589 0.744
 

             ENERGY     K= 1/2
 
 I=  1/2+ (1)  2.047  19: 0.398
                      20:-0.917
 
 I=  1/2+ (2)  7.484  22: 1.000

             ENERGY     K= 1/2  -3/2
 
 I=  3/2+ (1)  2.107  19: 0.101-0.397
                      20:-0.515 0.753
 
 I=  3/2+ (2)  2.140  19:-0.756-0.375
                      20:-0.393-0.365

             ENERGY     K= 5/2   1/2  -3/2
 
 I=  5/2+ (1)  2.279  19: 0.264 0.361-0.627
                      20: 0.606-0.059-0.190
 
 I=  5/2+ (2)  2.286  19: 0.503-0.030-0.184
                      20:-0.490 0.493-0.475

             ENERGY     K= 5/2   1/2  -3/2  -7/2
 
 I=  7/2+ (1)  2.424  19: 0.004 0.063-0.168 0.384
                      20: 0.319-0.391 0.450-0.598
 
 I=  7/2+ (2)  2.481  19:-0.564 0.437-0.144-0.413
                      20:-0.283 0.181 0.026-0.431

             ENERGY     K= 9/2   5/2   1/2  -3/2  -7/2
 
 I=  9/2+ (1)  2.733  19: 0.402 0.045-0.293 0.447-0.494
                      20: 0.442-0.104-0.074 0.190-0.242
 
 I=  9/2+ (2)  2.743  19:-0.383 0.182-0.084 0.016 0.027
                      20: 0.542-0.417 0.376-0.338 0.279
                      22: 0.055 0.002-0.032 0.051-0.058

             ENERGY     K= 9/2   5/2   1/2  -3/2  -7/2 -11/2
 
 I= 11/2+ (1)  1.927  21: 0.102 0.400 0.674 0.568 0.229 0.030
 
 I= 11/2+ (2)  2.961  19:-0.027-0.001 0.046-0.106 0.191-0.367
                      20:-0.241 0.295-0.329 0.357-0.394 0.515
                      22:-0.057 0.054-0.041 0.019 0.012-0.068

             ENERGY     K=13/2   9/2   5/2   1/2  -3/2  -7/2 -11/2
 
 I= 13/2+ (1)  2.042  18:-0.012-0.106-0.325-0.506-0.437-0.205-0.043
                      21:-0.034-0.213-0.364-0.114 0.294 0.320 0.105
 
 I= 13/2+ (2)  2.459  18: 0.009 0.084 0.260 0.407 0.351 0.163 0.033
                      21:-0.042-0.265-0.453-0.141 0.367 0.399 0.131

             ENERGY     K=13/2   9/2   5/2   1/2  -3/2  -7/2 -11/2
  21 LEVELS    TIME=  0.0 SEC



 ******************* EXCITATION ENERGIES, DOMINANT CONFIGURATION AND EXPECTATION VALUES (WITH S.P. UU+VV FACTORS) *******************

  NR  Eex(keV)  I   Kdom  NY    <Jz>  <Jx**2> <Jy**2> <Jz**2> <I.j>/|I|  <Rx**2> <Ry**2> <Rz**2> <R.j>/|R|  <HROTx> <HROTy> <HROTz>

   1    0.0  11/2+   1/2  21   -0.00   29.94   10.02    7.39    5.03       0.07   12.81   10.09   -3.61      0.111   0.314   0.324
   2  114.4  13/2+   1/2  18   -0.00   37.30    6.19    4.61    5.86       0.05    8.06    6.86   -1.85      0.079   0.198   0.220
   3  120.2   1/2+   1/2  20   -0.15    0.64    4.22    7.57    0.20       0.28    4.58    7.96   -3.42      0.429   0.112   0.256
   4  180.3   3/2+   3/2  20   -0.15    0.67    4.24    7.54    0.35       0.28    5.68    8.89   -3.06      0.426   0.139   0.286
   5  212.5   3/2+   1/2  19    0.04    2.21    5.19    6.24    1.10       0.13    5.95    7.03   -3.18      0.206   0.146   0.226
  
   6  351.9   5/2+   3/2  19   -0.02    1.87    4.99    6.51    0.60       0.17    8.09   10.30   -2.69      0.254   0.198   0.331
   7  358.9   5/2+   5/2  19   -0.09    1.02    4.44    7.25    0.16       0.25    9.01   11.23   -2.70      0.379   0.221   0.361
   8  496.5   7/2+   7/2  20   -0.15    0.72    4.27    7.49    0.31       0.28   11.38   14.09   -2.21      0.424   0.279   0.453
   9  531.4  13/2+   5/2  21   -0.00   34.68    7.55    5.60    4.47       0.06   18.37   15.66   -2.84      0.091   0.451   0.504
  10  553.9   7/2+   5/2  19    0.04    2.18    5.17    6.27    0.53       0.14   11.85   13.19   -2.30      0.211   0.291   0.424
  
  11  805.5   9/2+   7/2  19    0.01    2.15    5.17    6.27    0.44       0.14   16.03   17.83   -1.96      0.215   0.393   0.573
  12  816.3   9/2+   9/2  20   -0.12    0.75    4.28    7.45    0.04       0.28   17.22   19.33   -2.02      0.424   0.422   0.621
  13 1033.7  11/2+  11/2  20   -0.15    0.75    4.29    7.44    0.32       0.28   21.33   22.81   -1.59      0.426   0.523   0.733
  14 1121.8  11/2+   9/2  19    0.04    2.15    5.17    6.27    0.35       0.14   21.80   23.23   -1.71      0.216   0.535   0.747
  15 1484.0  13/2+  13/2  19    0.03    2.24    5.21    6.22    0.32       0.13   29.01   28.84   -1.50      0.205   0.712   0.927
  
  16 1506.6   3/2+   1/2  22    0.08    1.91    6.27    2.44    0.87       0.67    7.09    3.23   -2.70      1.029   0.174   0.104
  17 1651.1   5/2+   3/2  22    0.08    1.91    6.26    2.46    0.54       0.67    9.71    5.84   -2.25      1.028   0.238   0.188
  18 1852.3   7/2+   5/2  22    0.08    1.91    6.26    2.47    0.37       0.67   13.43    9.35   -1.89      1.028   0.329   0.300
  19 2112.9   9/2+   7/2  22    0.08    1.90    6.24    2.50    0.25       0.67   18.18   14.04   -1.64      1.025   0.446   0.451
  20 5556.4   1/2+   1/2  22    0.09    1.92    6.27    2.44   -0.65       3.33    6.58    2.60   -3.16      5.111   0.161   0.083
  
  21 6162.9   1/2+   1/2  19    0.03    2.29    5.98    5.45   -0.81       3.99    6.21    5.68   -3.62      6.121   0.152   0.182
