1SPECTRUM OF (Z= 79 A=197) IN PARTICLE-ROTOR  MODEL WITH MODIFIED OSCILLATOR POTENTIAL


 PARITY=+   EPS= 0.387   GAMMA= 25.0   EPS4=0.000   EPS6=0.000   LEVELS:  18  19  20  21  22

 PAIRING FACTORS: GN0= 19.20  GN1=  7.40  IPAIR= 15 ***  E2PLUS(INPUT)=   0.434  E2PLUR(INPUT)=   0.000

 CORIOLIS ATTENUATION PARAMETERS:  CHSI=1.000  ETA=  1.00

 MOMENT OF INERTIA PARAMETERS:   A1=  0.117 MEV   A2=  0.039 MEV   A3=  0.21461 MEV


 DELTA=1.011 MEV  LAMBDA=40.3925 MEV   HW0= 6.6973 MEV   LAMBDA/HW0= 6.0312

 E2ENERGY=0.434 MEV  HBAR**2/B=10371./A**(7/3)=1782.3/A**2 MEV

 IREC=0  =>  RECOIL TERMS j+j-, j+j+, jzjz, ETC TREATED AS ONE-BODY OPERATORS WITH UU+VV PAIRING FACTORS



 S. P. LEVEL   EQP       U     V        (UU + VV)**1.00

     18       1.501    0.361 0.933      1.000 0.996 0.927 0.908 0.809
     19       1.268    0.445 0.896      0.996 1.000 0.957 0.942 0.860
     20       1.013    0.685 0.729      0.927 0.957 1.000 0.999 0.971
     21       1.012    0.719 0.695      0.908 0.942 0.999 1.000 0.981
     22       1.109    0.840 0.543      0.809 0.860 0.971 0.981 1.000

  R CORE   ENERGY   A0R/A00=1.000    R3= 0     2  
   2( 1)    0.434                    0.974-0.227
   2( 2)    1.045                    0.227 0.974

  R CORE   ENERGY   A0R/A00=1.000    R3= 0     2  
   3( 1)    1.479                    0.000 1.000

  R CORE   ENERGY   A0R/A00=1.000    R3= 0     2     4  
   4( 1)    1.231                    0.852-0.522 0.043

  R CORE   ENERGY   A0R/A00=1.000    R3= 0     2     4  
   5( 1)    2.781                    0.000 0.974-0.227

  R CORE   ENERGY   A0R/A00=1.000    R3= 0     2     4     6  
   6( 1)    2.318                    0.762-0.634 0.130-0.007

  R CORE   ENERGY   A0R/A00=1.000    R3= 0     2     4     6  
   7( 1)    4.473                    0.000 0.908-0.417 0.052
 

             ENERGY     K= 1/2
 
 I=  1/2+ (1)  1.873  19: 0.059
                      20:-0.560
                      21: 0.826
 
 I=  1/2+ (2)  2.257  19:-0.597
                      20:-0.683
                      21:-0.420

             ENERGY     K= 1/2  -3/2
 
 I=  3/2+ (1)  1.862  20: 0.639 0.029
                      21:-0.763-0.082
 
 I=  3/2+ (2)  2.323  19: 0.142 0.832
                      20: 0.146-0.410
                      21: 0.185-0.251

             ENERGY     K= 5/2   1/2  -3/2
 
 I=  5/2+ (1)  2.212  19:-0.548 0.116 0.005
                      20:-0.587 0.039 0.050
                      21:-0.529 0.215-0.108
 
 I=  5/2+ (2)  2.399  19:-0.115-0.031-0.037
                      20:-0.120 0.454-0.323
                      21:-0.114-0.667 0.449

             ENERGY     K= 5/2   1/2  -3/2  -7/2
 
 I=  7/2+ (1)  2.084  19:-0.075 0.012 0.128-0.828
                      20:-0.104 0.051-0.071 0.408
                      21:-0.045-0.002-0.038 0.322
 
 I=  7/2+ (2)  2.550  19: 0.010-0.033-0.053-0.050
                      20: 0.186-0.641 0.110 0.032
                      21:-0.209 0.699-0.054 0.009

             ENERGY     K= 9/2   5/2   1/2  -3/2  -7/2
 
 I=  9/2+ (1)  2.577  18: 0.016 0.263 0.710 0.493 0.085
                      22: 0.017 0.200 0.158-0.317-0.106
 
 I=  9/2+ (2)  2.682  19:-0.004 0.118-0.097 0.253-0.788
                      20:-0.007 0.152-0.058-0.109 0.387
                      21:-0.002 0.079-0.040-0.064 0.304

             ENERGY     K= 9/2   5/2   1/2  -3/2  -7/2 -11/2
 
 I= 11/2+ (1)  3.199  19:-0.034 0.100-0.015-0.240 0.632-0.445
                      20:-0.051 0.174-0.168 0.168-0.315 0.223
                      21:-0.017 0.027 0.030 0.061-0.243 0.177
 
 I= 11/2+ (2)  3.444  18:-0.099-0.547-0.241 0.555 0.292 0.015
                      22:-0.091-0.321 0.082-0.153-0.311-0.019

             ENERGY     K=13/2   9/2   5/2   1/2  -3/2  -7/2 -11/2
 
 I= 13/2+ (1)  2.456  18:-0.001 0.019 0.277 0.720 0.511 0.094 0.000
                      22:-0.001 0.019 0.185 0.127-0.270-0.104-0.000
 
 I= 13/2+ (2)  3.825  19: 0.002-0.057 0.142-0.166 0.327-0.610 0.429
                      20: 0.002-0.074 0.168-0.079-0.118 0.296-0.215
                      21: 0.001-0.041 0.095-0.059-0.069 0.226-0.170

             ENERGY     K=13/2   9/2   5/2   1/2  -3/2  -7/2 -11/2
  21 LEVELS    TIME=  0.0 SEC



 ******************* EXCITATION ENERGIES, DOMINANT CONFIGURATION AND EXPECTATION VALUES (WITH S.P. UU+VV FACTORS) *******************

  NR  Eex(keV)  I   Kdom  NY    <Jz>  <Jx**2> <Jy**2> <Jz**2> <I.j>/|I|  <Rx**2> <Ry**2> <Rz**2> <R.j>/|R|  <HROTx> <HROTy> <HROTz>

   1    0.0   3/2+   1/2  21    0.26    1.50    6.63    1.51    0.53       1.89    7.97    1.49   -2.56      0.221   0.308   0.321
   2   11.0   1/2+   1/2  21    0.29    1.46    6.61    1.53   -0.23       2.34    6.93    1.49   -2.99      0.272   0.268   0.320
   3  222.2   7/2+   7/2  19   -2.84    2.01    1.31    9.93    2.57       3.08    3.68    1.81   -1.04      0.359   0.142   0.389
   4  350.3   5/2+   5/2  20    1.65    1.83    1.34    5.35    1.38       2.51    3.33    3.25   -1.47      0.293   0.129   0.698
   5  395.2   1/2+   1/2  20    1.67    1.92    1.13    5.37    1.02       2.19    1.27    3.95   -2.77      0.255   0.049   0.848
  
   6  461.5   3/2+   3/2  19   -2.56    2.01    1.30    9.55    2.21       2.68    1.90    3.46   -3.02      0.312   0.074   0.742
   7  537.4   5/2+   1/2  21    0.33    1.49    6.40    1.70    0.04       3.13   12.46    2.50   -2.22      0.365   0.481   0.537
   8  594.3  13/2+   1/2  18   -0.05   35.49    8.37    1.63    5.78       1.98    9.72    1.87   -1.40      0.231   0.376   0.401
   9  654.1   3/2+   1/2  19    1.34    1.91    1.08    5.67    0.36       3.62    3.48    3.91   -2.40      0.422   0.135   0.838
  10  688.1   7/2+   1/2  21    0.25    1.53    6.56    1.59    0.42       4.42   15.75    1.92   -1.70      0.515   0.608   0.412
  
  11  715.7   9/2+   1/2  18   -0.07   34.80    8.94    1.70    5.69       4.00    7.80    1.76   -4.65      0.466   0.301   0.378
  12  785.8   5/2+   3/2  19   -1.84    2.03    1.17    8.69    1.40       4.58    4.29    3.50   -2.21      0.533   0.166   0.751
  13  820.7   9/2+   7/2  19   -2.67    2.01    1.29    9.73    1.99       5.76   10.22    1.97   -0.73      0.671   0.395   0.423
  14  839.9   7/2+   5/2  20    1.60    1.86    1.17    5.54    0.95       4.81    8.69    3.29   -1.17      0.560   0.336   0.706
  15 1267.1   9/2+   1/2  21    1.01    1.62    3.31    4.16    0.62       4.67   19.36    3.60   -1.14      0.545   0.748   0.773
  
  16 1337.2  11/2+   7/2  19   -2.63    2.00    1.45    9.61    1.94       4.49   17.32    3.84   -0.29      0.523   0.669   0.824
  17 1582.2  11/2+   3/2  18   -0.13   33.85    9.72    1.81    4.77       4.59   15.25    4.25   -3.44      0.535   0.589   0.912
  18 1695.8  11/2+   1/2  20    0.04    1.59    6.10    2.24    0.50       5.45   30.97    3.25   -1.10      0.635   1.196   0.698
  19 1963.4  13/2+   7/2  19   -2.46    2.02    1.26    9.46    1.62       5.78   29.20    3.86   -0.23      0.674   1.128   0.828
  20 2409.6  13/2+   1/2  21    0.81    1.57    3.72    4.02    0.48       6.13   40.88    4.30   -0.83      0.714   1.579   0.922
  
  21 2509.9   1/2+   1/2  19   -2.92    1.98    1.37   10.22   -1.70       2.20    1.67   13.40   -3.62      0.256   0.064   2.875
