1SPECTRUM OF (Z= 79 A=197) IN PARTICLE-ROTOR  MODEL WITH MODIFIED OSCILLATOR POTENTIAL


 PARITY=+   EPS= 0.613   GAMMA= 37.9   EPS4=0.000   EPS6=0.000   LEVELS:  18  19  20  21  22

 PAIRING FACTORS: GN0= 19.20  GN1=  7.40  IPAIR= 15 ***  E2PLUS(INPUT)=   0.014  E2PLUR(INPUT)=   0.000

 CORIOLIS ATTENUATION PARAMETERS:  CHSI=1.000  ETA=  1.00

 MOMENT OF INERTIA PARAMETERS:   A1=  0.009 MEV   A2=  0.001 MEV   A3=  0.00349 MEV


 DELTA=0.979 MEV  LAMBDA=40.4180 MEV   HW0= 6.8637 MEV   LAMBDA/HW0= 5.8887

 E2ENERGY=0.014 MEV  HBAR**2/B=  894./A**(7/3)= 153.6/A**2 MEV

 IREC=0  =>  RECOIL TERMS j+j-, j+j+, jzjz, ETC TREATED AS ONE-BODY OPERATORS WITH UU+VV PAIRING FACTORS



 S. P. LEVEL   EQP       U     V        (UU + VV)**1.00

     18       1.373    0.387 0.922      1.000 0.998 0.990 0.805 0.606
     19       1.238    0.441 0.898      0.998 1.000 0.996 0.839 0.652
     20       1.109    0.515 0.857      0.990 0.996 1.000 0.882 0.714
     21       1.112    0.858 0.513      0.805 0.839 0.882 1.000 0.960
     22       2.010    0.968 0.252      0.606 0.652 0.714 0.960 1.000

  R CORE   ENERGY   A0R/A00=1.000    R3= 0     2  
   2( 1)    0.014                   -0.610 0.793
   2( 2)    0.043                    0.793 0.610

  R CORE   ENERGY   A0R/A00=1.000    R3= 0     2  
   3( 1)    0.057                    0.000 1.000

  R CORE   ENERGY   A0R/A00=1.000    R3= 0     2     4  
   4( 1)    0.042                   -0.580 0.698-0.420

  R CORE   ENERGY   A0R/A00=1.000    R3= 0     2     4  
   5( 1)    0.099                    0.000-0.610 0.793

  R CORE   ENERGY   A0R/A00=1.000    R3= 0     2     4     6  
   6( 1)    0.080                   -0.550 0.682-0.445 0.187

  R CORE   ENERGY   A0R/A00=1.000    R3= 0     2     4     6  
   7( 1)    0.156                    0.000-0.476 0.688-0.548
 

             ENERGY     K= 1/2
 
 I=  1/2+ (1)  1.172  20:-1.000
 
 I=  1/2+ (2)  1.249  19:-0.169
                      21:-0.986

             ENERGY     K= 1/2  -3/2
 
 I=  3/2+ (1)  1.178  20: 0.604-0.797
 
 I=  3/2+ (2)  1.197  20:-0.796-0.604

             ENERGY     K= 5/2   1/2  -3/2
 
 I=  5/2+ (1)  1.191  20:-0.635 0.630-0.447
 
 I=  5/2+ (2)  1.209  20: 0.683 0.189-0.704

             ENERGY     K= 5/2   1/2  -3/2  -7/2
 
 I=  7/2+ (1)  1.202  20: 0.384-0.583 0.585-0.411
 
 I=  7/2+ (2)  1.228  19:-0.043 0.084 0.219 0.059
                      21:-0.664-0.272 0.618 0.209

             ENERGY     K= 9/2   5/2   1/2  -3/2  -7/2
 
 I=  9/2+ (1)  1.222  20: 0.297-0.499 0.584-0.493 0.280
 
 I=  9/2+ (2)  1.240  19: 0.002-0.055-0.192 0.119 0.131
                      21: 0.191 0.423-0.777-0.087 0.319

             ENERGY     K= 9/2   5/2   1/2  -3/2  -7/2 -11/2
 
 I= 11/2+ (1)  1.236  20:-0.214 0.419-0.553 0.540-0.386 0.178
 
 I= 11/2+ (2)  1.257  19: 0.020 0.052-0.225-0.287 0.069 0.047
                      21:-0.293 0.512 0.326-0.625 0.034 0.106

             ENERGY     K=13/2   9/2   5/2   1/2  -3/2  -7/2 -11/2
 
 I= 13/2+ (1)  1.264  20:-0.125 0.306-0.475 0.547-0.486 0.327-0.149
 
 I= 13/2+ (2)  1.269  19:-0.007-0.025 0.093 0.227-0.277-0.094 0.064
                      21: 0.079 0.068-0.603 0.620-0.115-0.253 0.115

             ENERGY     K=13/2   9/2   5/2   1/2  -3/2  -7/2 -11/2
  21 LEVELS    TIME=  0.0 SEC



 ******************* EXCITATION ENERGIES, DOMINANT CONFIGURATION AND EXPECTATION VALUES (WITH S.P. UU+VV FACTORS) *******************

  NR  Eex(keV)  I   Kdom  NY    <Jz>  <Jx**2> <Jy**2> <Jz**2> <I.j>/|I|  <Rx**2> <Ry**2> <Rz**2> <R.j>/|R|  <HROTx> <HROTy> <HROTz>

   1    0.0   1/2+   1/2  20   -0.00    3.62    6.06    5.45   -0.03       3.74    6.49    5.70   -3.80      0.035   0.009   0.020
   2    6.2   3/2+   3/2  20   -0.01    3.61    6.04    5.47    0.16       3.76    7.53    6.97   -3.47      0.035   0.010   0.024
   3   18.7   5/2+   5/2  20    0.00    3.62    6.08    5.44   -0.10       3.88   12.08    8.51   -3.12      0.036   0.016   0.030
   4   24.9   3/2+   1/2  20    0.01    3.59    6.07    5.46   -0.07       6.01    6.69    6.44   -3.49      0.056   0.009   0.022
   5   29.7   7/2+   3/2  20   -0.01    3.60    6.02    5.48    0.18       4.18   15.96    9.28   -2.65      0.039   0.021   0.032
  
   6   37.4   5/2+   3/2  20    0.01    3.59    6.07    5.46    0.01       5.97    8.32    9.49   -3.09      0.056   0.011   0.033
   7   43.7   5/2+   1/2  21    1.03   13.66   15.80    3.60    2.35       6.79   16.86    4.26   -4.94      0.063   0.023   0.015
   8   50.0   9/2+   1/2  20    0.01    3.63    6.09    5.43   -0.13       4.47   26.35   10.38   -2.46      0.042   0.035   0.036
   9   56.4   7/2+   5/2  21    1.00   14.04   15.69    3.61    2.24       6.78   18.30    6.24   -4.37      0.063   0.025   0.022
  10   56.8   7/2+   7/2  20    0.01    3.59    6.07    5.46   -0.08       5.85   11.42   14.23   -2.75      0.054   0.015   0.050
  
  11   63.9  11/2+   1/2  20   -0.01    3.59    6.01    5.49    0.20       4.76   32.74   10.96   -2.00      0.044   0.044   0.038
  12   68.2   9/2+   1/2  21    0.97   14.10   15.69    3.59    2.24       7.56   22.96    5.32   -3.72      0.070   0.031   0.019
  13   77.3   1/2+   1/2  21    1.03   13.66   15.80    3.60    2.97      11.26   14.59    2.82   -5.69      0.105   0.020   0.010
  14   77.6   9/2+   7/2  20    0.01    3.59    6.04    5.47    0.11       6.32   14.92   17.50   -2.34      0.059   0.020   0.061
  15   84.9  11/2+   3/2  21    0.89   14.91   15.49    3.60    2.56       7.67   25.07    6.43   -2.99      0.071   0.034   0.022
  
  16   91.5  13/2+   1/2  20    0.01    3.63    6.10    5.42   -0.14       5.07   48.72   12.02   -1.99      0.047   0.065   0.042
  17   97.1  13/2+   1/2  21    0.86   14.89   15.52    3.57    2.49       8.00   35.06    4.92   -2.40      0.074   0.047   0.017
  18  100.1   3/2+   3/2  21    1.01   13.71   15.80    3.59   -0.40      11.27   20.31    6.82   -5.47      0.105   0.027   0.024
  19  104.3  11/2+   9/2  21    0.84   15.91   15.18    3.66    2.81       7.68   16.73   12.53   -2.96      0.071   0.022   0.044
  20  126.0  13/2+   9/2  21    0.79   16.13   15.14    3.64    2.88       8.54   21.26   13.65   -2.25      0.079   0.029   0.048
  
  21  256.5   1/2+   1/2  18   -0.46    2.17    1.18    8.09   -0.16       2.53    1.14    8.80   -3.28      0.024   0.002   0.031
