1SPECTRUM OF (Z= 79 A=197) IN PARTICLE-ROTOR  MODEL WITH MODIFIED OSCILLATOR POTENTIAL


 PARITY=+   EPS= 0.479   GAMMA= 49.1   EPS4=0.000   EPS6=0.000   LEVELS:  18  19  20  21  22

 PAIRING FACTORS: GN0= 19.20  GN1=  7.40  IPAIR= 15 ***  E2PLUS(INPUT)=   0.170  E2PLUR(INPUT)=   0.000

 CORIOLIS ATTENUATION PARAMETERS:  CHSI=1.000  ETA=  1.00

 MOMENT OF INERTIA PARAMETERS:   A1=  0.552 MEV   A2=  0.022 MEV   A3=  0.03461 MEV


 DELTA=0.857 MEV  LAMBDA=40.3277 MEV   HW0= 6.7416 MEV   LAMBDA/HW0= 5.9819

 E2ENERGY=0.170 MEV  HBAR**2/B= 8193./A**(7/3)=1408.0/A**2 MEV

 IREC=0  =>  RECOIL TERMS j+j-, j+j+, jzjz, ETC TREATED AS ONE-BODY OPERATORS WITH UU+VV PAIRING FACTORS



 S. P. LEVEL   EQP       U     V        (UU + VV)**1.00

     18       2.233    0.196 0.981      1.000 0.997 0.917 0.654 0.386
     19       1.635    0.272 0.962      0.997 1.000 0.946 0.712 0.458
     20       0.914    0.571 0.821      0.917 0.946 1.000 0.902 0.722
     21       0.999    0.870 0.493      0.654 0.712 0.902 1.000 0.950
     22       2.206    0.980 0.198      0.386 0.458 0.722 0.950 1.000

  R CORE   ENERGY   A0R/A00=1.000    R3= 0     2  
   2( 1)    0.170                   -0.509 0.861
   2( 2)    2.265                    0.861 0.509

  R CORE   ENERGY   A0R/A00=1.000    R3= 0     2  
   3( 1)    2.435                    0.000 1.000

  R CORE   ENERGY   A0R/A00=1.000    R3= 0     2     4  
   4( 1)    0.564                    0.397-0.578 0.713

  R CORE   ENERGY   A0R/A00=1.000    R3= 0     2     4  
   5( 1)    2.945                    0.000-0.509 0.861

  R CORE   ENERGY   A0R/A00=1.000    R3= 0     2     4     6  
   6( 1)    1.176                   -0.351 0.497-0.508 0.610

  R CORE   ENERGY   A0R/A00=1.000    R3= 0     2     4     6  
   7( 1)    3.679                    0.000 0.326-0.598 0.732
 

             ENERGY     K= 1/2
 
 I=  1/2+ (1)  1.806  19: 0.326
                      20:-0.945
 
 I=  1/2+ (2)  4.052  19:-0.945
                      20:-0.326

             ENERGY     K= 1/2  -3/2
 
 I=  3/2+ (1)  1.871  19:-0.136 0.299
                      20: 0.503-0.800
 
 I=  3/2+ (2)  2.003  19: 0.602 0.323
                      20: 0.610 0.402

             ENERGY     K= 5/2   1/2  -3/2
 
 I=  5/2+ (1)  2.045  19: 0.289-0.144 0.064
                      20:-0.695 0.508-0.388
 
 I=  5/2+ (2)  2.145  19: 0.349 0.264-0.523
                      20: 0.479 0.205-0.513

             ENERGY     K= 5/2   1/2  -3/2  -7/2
 
 I=  7/2+ (1)  2.192  19: 0.011-0.070 0.151-0.294
                      20:-0.329 0.420-0.483 0.607
 
 I=  7/2+ (2)  2.346  19:-0.458 0.362-0.116-0.327
                      20:-0.421 0.296-0.012-0.523

             ENERGY     K= 9/2   5/2   1/2  -3/2  -7/2
 
 I=  9/2+ (1)  2.498  19:-0.314 0.153-0.061-0.007 0.050
                      20: 0.480-0.437 0.430-0.400 0.325
 
 I=  9/2+ (2)  2.606  19: 0.291 0.054-0.257 0.375-0.389
                      20: 0.582-0.152-0.098 0.265-0.334

             ENERGY     K= 9/2   5/2   1/2  -3/2  -7/2 -11/2
 
 I= 11/2+ (1)  1.687  21:-0.094-0.389-0.669-0.561-0.219-0.027
                      22: 0.046 0.106 0.038-0.090-0.082-0.016
 
 I= 11/2+ (2)  2.725  19: 0.052-0.022-0.028 0.091-0.166 0.295
                      20: 0.267-0.345 0.389-0.406 0.407-0.448

             ENERGY     K=13/2   9/2   5/2   1/2  -3/2  -7/2 -11/2
 
 I= 13/2+ (1)  1.925  18: 0.004 0.035 0.115 0.185 0.158 0.071 0.014
                      21: 0.045 0.304 0.547 0.175-0.449-0.472-0.145
                      22:-0.027-0.120-0.076 0.094 0.021-0.127-0.072
 
 I= 13/2+ (2)  2.718  18:-0.013-0.123-0.395-0.628-0.539-0.244-0.048
                      21: 0.013 0.086 0.155 0.050-0.127-0.134-0.041
                      22:-0.012-0.048-0.016 0.072 0.035-0.046-0.030

             ENERGY     K=13/2   9/2   5/2   1/2  -3/2  -7/2 -11/2
  21 LEVELS    TIME=  0.0 SEC



 ******************* EXCITATION ENERGIES, DOMINANT CONFIGURATION AND EXPECTATION VALUES (WITH S.P. UU+VV FACTORS) *******************

  NR  Eex(keV)  I   Kdom  NY    <Jz>  <Jx**2> <Jy**2> <Jz**2> <I.j>/|I|  <Rx**2> <Ry**2> <Rz**2> <R.j>/|R|  <HROTx> <HROTy> <HROTz>

   1    0.0  11/2+   1/2  21    0.00   28.96   10.95    6.43    5.26       0.26   11.51    7.41   -3.40      0.141   0.255   0.256
   2  118.9   1/2+   1/2  20   -0.13    1.16    2.83    8.86    0.24       0.77    3.18    9.24   -3.48      0.425   0.070   0.320
   3  183.5   3/2+   3/2  20   -0.13    1.16    2.84    8.85    0.29       0.77    4.42   10.30   -3.12      0.425   0.098   0.357
   4  237.4  13/2+   5/2  21    0.01   29.71   10.48    6.15    5.16       0.26   13.17    9.60   -2.15      0.143   0.292   0.332
   5  315.3   3/2+   1/2  20    0.06    2.06    4.26    7.42    0.94       0.65    4.99    8.19   -3.20      0.358   0.111   0.284
  
   6  357.7   5/2+   5/2  20   -0.13    1.17    2.84    8.85   -0.01       0.77    7.70   13.18   -2.77      0.426   0.170   0.456
   7  457.8   5/2+   3/2  19    0.05    2.05    4.26    7.42    0.62       0.65    7.31   10.87   -2.74      0.358   0.162   0.376
   8  505.0   7/2+   7/2  20   -0.12    1.18    2.86    8.83    0.21       0.77   10.95   15.23   -2.32      0.426   0.242   0.527
   9  658.2   7/2+   7/2  20    0.05    2.04    4.25    7.43    0.45       0.65   10.71   14.54   -2.34      0.358   0.237   0.503
  10  811.0   9/2+   9/2  20   -0.11    1.23    2.91    8.78   -0.03       0.78   18.15   19.01   -2.12      0.432   0.402   0.658
  
  11  918.2   9/2+   9/2  20    0.04    1.99    4.19    7.48    0.34       0.65   14.26   20.08   -2.02      0.359   0.316   0.695
  12 1030.8  13/2+   1/2  18    0.00   40.56    4.56    2.95    5.63       0.13   10.12    7.96   -2.05      0.072   0.224   0.275
  13 1037.7  11/2+  11/2  20   -0.11    1.23    2.90    8.79    0.19       0.79   23.62   21.94   -1.73      0.437   0.523   0.759
  14 1231.5  11/2+  11/2  20    0.04    1.99    4.23    7.45    0.29       0.65   20.24   25.11   -1.76      0.361   0.448   0.869
  15 1464.4  13/2+   1/2  20   -0.09    1.34    3.01    8.68   -0.02       0.81   35.56   25.63   -1.67      0.448   0.787   0.887
  
  16 1635.8   9/2+   1/2  22    0.12   18.86   14.65    7.38    3.85       0.74   17.11    9.47   -4.16      0.411   0.379   0.328
  17 1828.7   5/2+   1/2  20   -0.14    1.28    3.58    8.09    0.66       3.61    4.79    9.37   -2.61      1.992   0.106   0.324
  18 1918.1   7/2+   1/2  21    0.00   28.95   10.95    6.42    5.12       3.80   10.83    6.81   -5.62      2.095   0.240   0.236
  19 2364.2   1/2+   1/2  19    0.06    2.52    6.41    5.20   -0.62       3.91    6.64    5.39   -3.67      2.160   0.147   0.187
  20 2456.6   3/2+   3/2  19    0.06    2.52    6.40    5.21   -0.34       3.91    8.17    7.09   -3.37      2.160   0.181   0.245
  
  21 9289.9   1/2+   1/2  22    0.11   18.84   14.60    7.47    2.64      14.83   14.65    7.61   -6.34      8.184   0.324   0.263
