1SPECTRUM OF (Z= 79 A=197) IN PARTICLE-ROTOR  MODEL WITH MODIFIED OSCILLATOR POTENTIAL


 PARITY=+   EPS= 0.468   GAMMA= 51.7   EPS4=0.000   EPS6=0.000   LEVELS:  18  19  20  21  22

 PAIRING FACTORS: GN0= 19.20  GN1=  7.40  IPAIR= 15 ***  E2PLUS(INPUT)=   0.434  E2PLUR(INPUT)=   0.000

 CORIOLIS ATTENUATION PARAMETERS:  CHSI=1.000  ETA=  1.00

 MOMENT OF INERTIA PARAMETERS:   A1=  2.511 MEV   A2=  0.060 MEV   A3=  0.08443 MEV


 DELTA=0.849 MEV  LAMBDA=40.2862 MEV   HW0= 6.7331 MEV   LAMBDA/HW0= 5.9833

 E2ENERGY=0.434 MEV  HBAR**2/B=20588./A**(7/3)=3538.3/A**2 MEV

 IREC=0  =>  RECOIL TERMS j+j-, j+j+, jzjz, ETC TREATED AS ONE-BODY OPERATORS WITH UU+VV PAIRING FACTORS



 S. P. LEVEL   EQP       U     V        (UU + VV)**1.00

     18       2.094    0.207 0.978      1.000 0.998 0.954 0.621 0.384
     19       1.612    0.274 0.962      0.998 1.000 0.973 0.673 0.446
     20       0.994    0.490 0.872      0.954 0.973 1.000 0.827 0.642
     21       1.064    0.895 0.445      0.621 0.673 0.827 1.000 0.962
     22       2.341    0.983 0.184      0.384 0.446 0.642 0.962 1.000

  R CORE   ENERGY   A0R/A00=1.000    R3= 0     2  
   2( 1)    0.434                   -0.504 0.864
   2( 2)   10.190                    0.864 0.504

  R CORE   ENERGY   A0R/A00=1.000    R3= 0     2  
   3( 1)   10.624                    0.000 1.000

  R CORE   ENERGY   A0R/A00=1.000    R3= 0     2     4  
   4( 1)    1.445                    0.384-0.567 0.728

  R CORE   ENERGY   A0R/A00=1.000    R3= 0     2     4  
   5( 1)   11.926                    0.000-0.504 0.864

  R CORE   ENERGY   A0R/A00=1.000    R3= 0     2     4     6  
   6( 1)    3.027                   -0.329 0.472-0.502 0.646

  R CORE   ENERGY   A0R/A00=1.000    R3= 0     2     4     6  
   7( 1)   13.806                    0.000 0.318-0.591 0.741
 

             ENERGY     K= 1/2
 
 I=  1/2+ (1)  3.209  19:-0.428
                      20: 0.904
 
 I=  1/2+ (2) 12.348  19: 0.904
                      20: 0.428

             ENERGY     K= 1/2  -3/2
 
 I=  3/2+ (1)  3.080  19: 0.695 0.414
                      20: 0.524 0.267
 
 I=  3/2+ (2)  3.377  19:-0.237 0.357
                      20: 0.436-0.792

             ENERGY     K= 5/2   1/2  -3/2
 
 I=  5/2+ (1)  3.442  19:-0.450-0.289 0.608
                      20:-0.327-0.208 0.441
 
 I=  5/2+ (2)  3.821  19:-0.336 0.217-0.152
                      20: 0.711-0.457 0.321

             ENERGY     K= 5/2   1/2  -3/2  -7/2
 
 I=  7/2+ (1)  3.944  19:-0.511 0.378-0.078-0.488
                      20:-0.407 0.326-0.125-0.256
 
 I=  7/2+ (2)  4.214  19:-0.178 0.208-0.221 0.259
                      20: 0.205-0.309 0.433-0.696

             ENERGY     K= 9/2   5/2   1/2  -3/2  -7/2
 
 I=  9/2+ (1)  4.597  19: 0.461-0.004-0.251 0.410-0.459
                      20: 0.315 0.009-0.191 0.306-0.341
 
 I=  9/2+ (2)  5.008  19:-0.281 0.204-0.174 0.146-0.111
                      20: 0.629-0.430 0.345-0.275 0.200

             ENERGY     K= 9/2   5/2   1/2  -3/2  -7/2 -11/2
 
 I= 11/2+ (1)  2.724  21:-0.096-0.383-0.649-0.547-0.219-0.029
                      22: 0.075 0.166 0.057-0.142-0.132-0.027
 
 I= 11/2+ (2)  5.373  19: 0.382-0.366 0.270-0.114-0.106 0.494
                      20: 0.331-0.340 0.288-0.193 0.055 0.175

             ENERGY     K=13/2   9/2   5/2   1/2  -3/2  -7/2 -11/2
 
 I= 13/2+ (1)  2.767  18: 0.011 0.102 0.323 0.510 0.439 0.200 0.040
                      21: 0.031 0.200 0.346 0.108-0.280-0.303-0.098
                      22:-0.026-0.106-0.069 0.069 0.009-0.113-0.066
 
 I= 13/2+ (2)  3.804  18:-0.010-0.087-0.261-0.401-0.348-0.166-0.036
                      21: 0.038 0.242 0.417 0.131-0.339-0.366-0.118
                      22:-0.040-0.163-0.084 0.154 0.051-0.165-0.103

             ENERGY     K=13/2   9/2   5/2   1/2  -3/2  -7/2 -11/2
  21 LEVELS    TIME=  0.0 SEC



 ******************* EXCITATION ENERGIES, DOMINANT CONFIGURATION AND EXPECTATION VALUES (WITH S.P. UU+VV FACTORS) *******************

  NR  Eex(keV)  I   Kdom  NY    <Jz>  <Jx**2> <Jy**2> <Jz**2> <I.j>/|I|  <Rx**2> <Ry**2> <Rz**2> <R.j>/|R|  <HROTx> <HROTy> <HROTz>

   1    0.0  11/2+   1/2  21    0.00   28.94   10.50    7.03    5.44       0.15    9.90    7.14   -3.37      0.364   0.597   0.603
   2   42.2  13/2+   1/2  18    0.00   36.78    6.43    4.46    6.10       0.10    6.24    4.84   -1.51      0.240   0.376   0.409
   3  355.8   3/2+   1/2  19    0.05    2.23    5.12    6.53    1.08       0.28    5.88    7.27   -3.21      0.713   0.354   0.614
   4  485.1   1/2+   1/2  20   -0.13    0.87    3.83    8.00    0.26       0.46    4.17    8.38   -3.46      1.143   0.252   0.708
   5  652.7   3/2+   3/2  20   -0.13    0.87    3.83    8.00    0.29       0.45    5.38    9.51   -3.10      1.142   0.324   0.803
  
   6  717.9   5/2+   3/2  19    0.05    2.23    5.12    6.53    0.71       0.28    8.39    9.76   -2.74      0.713   0.506   0.824
   7 1079.3  13/2+   5/2  21    0.00   33.43    8.07    5.48    4.94       0.13   14.33   12.24   -2.41      0.316   0.864   1.034
   8 1096.6   5/2+   5/2  20   -0.13    0.87    3.83    8.00   -0.00       0.46    8.41   12.59   -2.74      1.143   0.507   1.063
   9 1219.6   7/2+   5/2  19    0.04    2.21    5.10    6.56    0.53       0.29   12.07   13.04   -2.33      0.721   0.728   1.101
  10 1489.8   7/2+   7/2  20   -0.13    0.89    3.85    7.98    0.19       0.45   11.21   15.26   -2.30      1.138   0.676   1.289
  
  11 1872.7   9/2+   9/2  19    0.05    2.23    5.12    6.53    0.42       0.29   16.70   17.47   -2.01      0.716   1.007   1.475
  12 2283.6   9/2+   9/2  20   -0.13    0.87    3.83    8.00   -0.04       0.46   16.87   20.55   -2.10      1.147   1.017   1.735
  13 2390.9   9/2+   1/2  22    0.04   19.49   13.73    8.36    3.96       0.36   16.06   10.54   -4.22      0.917   0.969   0.890
  14 2648.4  11/2+  11/2  19    0.04    2.15    5.00    6.66    0.35       0.30   23.05   21.97   -1.74      0.750   1.390   1.855
  15 2908.4  11/2+  11/2  20   -0.12    0.95    3.94    7.88    0.17       0.45   21.16   24.94   -1.73      1.123   1.276   2.105
  
  16 3596.9  13/2+  13/2  19    0.04    2.22    5.10    6.55    0.29       0.29   29.88   28.35   -1.55      0.730   1.802   2.393
  17 8809.5   5/2+   1/2  20   -0.13    0.90    4.19    7.64    0.58       3.71    5.42    8.90   -2.59      9.311   0.327   0.752
  18 9312.8   7/2+   1/2  21    0.00   28.73   10.58    7.06    5.36       3.88    9.25    6.45   -5.67      9.748   0.558   0.545
  19 9623.5   1/2+   1/2  19    0.04    2.34    6.05    5.60   -0.77       3.97    6.29    5.80   -3.66      9.980   0.379   0.490
  20 9853.7   3/2+   3/2  19    0.04    2.34    6.05    5.59   -0.39       3.97    7.82    7.44   -3.36      9.980   0.472   0.628
  
  2139750.1   1/2+   1/2  22    0.04   19.48   13.71    8.39    2.59      15.36   13.89    8.60   -6.39     38.570   0.838   0.726
