1SPECTRUM OF (Z= 79 A=197) IN PARTICLE-ROTOR  MODEL WITH MODIFIED OSCILLATOR POTENTIAL


 PARITY=+   EPS= 0.678   GAMMA= 11.4   EPS4=0.000   EPS6=0.000   LEVELS:  17  18  19  20  21

 PAIRING FACTORS: GN0= 19.20  GN1=  7.40  IPAIR= 15 ***  E2PLUS(INPUT)=   0.300  E2PLUR(INPUT)=   0.000

 CORIOLIS ATTENUATION PARAMETERS:  CHSI=1.000  ETA=  1.00

 MOMENT OF INERTIA PARAMETERS:   A1=  0.062 MEV   A2=  0.039 MEV   A3=  0.88213 MEV


 DELTA=0.961 MEV  LAMBDA=40.5104 MEV   HW0= 7.0095 MEV   LAMBDA/HW0= 5.7793

 E2ENERGY=0.300 MEV  HBAR**2/B=28763./A**(7/3)=4943.3/A**2 MEV

 IREC=0  =>  RECOIL TERMS j+j-, j+j+, jzjz, ETC TREATED AS ONE-BODY OPERATORS WITH UU+VV PAIRING FACTORS



 S. P. LEVEL   EQP       U     V        (UU + VV)**1.00

     17       1.419    0.364 0.932      1.000 0.997 0.967 0.929 0.727
     18       1.237    0.431 0.903      0.997 1.000 0.983 0.953 0.775
     19       1.009    0.590 0.807      0.967 0.983 1.000 0.993 0.879
     20       0.963    0.683 0.731      0.929 0.953 0.993 1.000 0.930
     21       1.243    0.904 0.428      0.727 0.775 0.879 0.930 1.000

  R CORE   ENERGY   A0R/A00=1.000    R3= 0     2  
   2( 1)    0.300                    1.000-0.012
   2( 2)    3.629                    0.012 1.000

  R CORE   ENERGY   A0R/A00=1.000    R3= 0     2  
   3( 1)    3.929                    0.000 1.000

  R CORE   ENERGY   A0R/A00=1.000    R3= 0     2     4  
   4( 1)    0.994                    0.999-0.046 0.000

  R CORE   ENERGY   A0R/A00=1.000    R3= 0     2     4  
   5( 1)    4.829                    0.000 1.000-0.012

  R CORE   ENERGY   A0R/A00=1.000    R3= 0     2     4     6  
   6( 1)    2.070                    0.995-0.099 0.001-0.000

  R CORE   ENERGY   A0R/A00=1.000    R3= 0     2     4     6  
   7( 1)    6.125                    0.000 1.000-0.027 0.000
 

             ENERGY     K= 1/2
 
 I=  1/2+ (1)  2.791  18:-0.955
                      19:-0.295
 
 I=  1/2+ (2)  4.763  17: 0.991
                      20: 0.132

             ENERGY     K= 1/2  -3/2
 
 I=  3/2+ (1)  2.577  18: 0.963 0.031
                      19: 0.267 0.009
 
 I=  3/2+ (2)  3.255  17:-0.020 0.648
                      20: 0.023-0.761

             ENERGY     K= 5/2   1/2  -3/2
 
 I=  5/2+ (1)  2.836  17: 0.790-0.012-0.049
                      20: 0.607-0.007 0.057
 
 I=  5/2+ (2)  3.237  18:-0.236-0.047 0.026
                      19: 0.970-0.027 0.008

             ENERGY     K= 5/2   1/2  -3/2  -7/2
 
 I=  7/2+ (1)  2.926  18:-0.011 0.966 0.052-0.000
                      19:-0.013 0.251 0.014-0.000
 
 I=  7/2+ (2)  3.179  17: 0.787-0.033 0.076 0.001
                      20: 0.604-0.010-0.090-0.001

             ENERGY     K= 9/2   5/2   1/2  -3/2  -7/2
 
 I=  9/2+ (1)  2.002  21: 0.998-0.019 0.000 0.000-0.000
 
 I=  9/2+ (2)  3.619  17: 0.013-0.783 0.041 0.095 0.000
                      20: 0.010-0.601 0.029-0.112 0.000

             ENERGY     K= 9/2   5/2   1/2  -3/2  -7/2 -11/2
 
 I= 11/2+ (1)  2.549  21: 0.998-0.036 0.001-0.000 0.000 0.000
 
 I= 11/2+ (2)  3.674  18: 0.000-0.032 0.969 0.053-0.002 0.000
                      19: 0.000-0.019 0.237 0.015-0.000 0.000

             ENERGY     K=13/2   9/2   5/2   1/2  -3/2  -7/2 -11/2
 
 I= 13/2+ (1)  3.189  21:-0.034 0.996-0.057 0.001 0.000-0.000-0.000
 
 I= 13/2+ (2)  4.775  17: 0.000-0.038 0.772-0.077-0.126 0.003 0.000
                      20: 0.000-0.030 0.593-0.063 0.153-0.005 0.000

             ENERGY     K=13/2   9/2   5/2   1/2  -3/2  -7/2 -11/2
  21 LEVELS    TIME=  0.0 SEC



 ******************* EXCITATION ENERGIES, DOMINANT CONFIGURATION AND EXPECTATION VALUES (WITH S.P. UU+VV FACTORS) *******************

  NR  Eex(keV)  I   Kdom  NY    <Jz>  <Jx**2> <Jy**2> <Jz**2> <I.j>/|I|  <Rx**2> <Ry**2> <Rz**2> <R.j>/|R|  <HROTx> <HROTy> <HROTz>

   1    0.0   9/2+   9/2  21    4.34    2.48    1.93   19.19    3.93       4.62    4.30    0.35   -1.33      0.284   0.166   0.309
   2  547.2  11/2+   9/2  21    4.34    2.48    1.93   19.19    3.27       9.81   10.11    0.35   -0.90      0.604   0.390   0.312
   3  575.0   3/2+   1/2  18    0.40   11.24   13.74    0.38    1.26       9.70   14.28    0.24   -4.66      0.598   0.550   0.208
   4  789.1   1/2+   1/2  18    0.40   11.13   13.90    0.39   -1.01      12.94   14.74    0.24   -4.98      0.798   0.568   0.208
   5  834.7   5/2+   5/2  17    2.10    6.10    3.75    5.37    1.81       7.24    4.97    1.08   -2.71      0.446   0.192   0.949
  
   6  924.2   7/2+   1/2  18    0.40   11.30   13.66    0.38    1.21      12.37   18.84    0.24   -3.66      0.762   0.726   0.215
   7 1177.8   7/2+   5/2  17    2.07    6.10    3.75    5.35    1.36      10.48    8.55    1.08   -2.18      0.646   0.330   0.956
   8 1187.6  13/2+   9/2  21    4.34    2.48    1.93   19.19    2.80      15.40   17.51    0.37   -0.70      0.949   0.675   0.323
   9 1235.5   5/2+   5/2  19    2.35   19.51   15.62    5.85    2.00      20.69   16.90    0.33   -5.70      1.275   0.651   0.289
  10 1252.9   3/2+   3/2  20   -1.06    5.54    3.99    2.66    0.83       6.22    4.77    1.74   -2.97      0.383   0.184   1.533
  
  11 1402.7   5/2+   1/2  18    0.41   11.08   14.02    0.42   -0.91      18.73   20.63    0.27   -4.48      1.154   0.795   0.241
  12 1583.1   7/2+   5/2  19    2.36   19.54   15.61    5.87    1.50      24.09   20.42    0.33   -5.23      1.484   0.787   0.291
  13 1617.2   9/2+   5/2  17    2.05    6.09    3.75    5.33    1.11      14.47   13.35    1.09   -1.80      0.892   0.515   0.965
  14 1672.2  11/2+   1/2  18    0.40   11.36   13.58    0.39    1.20      18.93   27.56    0.25   -2.66      1.166   1.062   0.222
  15 2022.7   9/2+   5/2  19    2.33   19.42   15.60    5.80    1.20      27.82   25.43    0.35   -4.76      1.714   0.980   0.306
  
  16 2145.9  11/2+   5/2  17    1.99    6.09    3.74    5.28    0.94      18.69   19.79    1.12   -1.51      1.151   0.763   0.986
  17 2761.5   1/2+   1/2  17    1.26    6.99    2.57    4.16    0.49       7.39    3.08    3.15   -3.60      0.455   0.119   2.779
  18 2773.6  13/2+   5/2  17    1.99    6.08    3.76    5.28    0.82      23.81   27.52    1.14   -1.30      1.467   1.061   1.002
  19 2854.3   3/2+   1/2  17    1.15    7.02    2.53    4.04    0.51       8.49    3.72    3.15   -3.21      0.523   0.143   2.775
  20 3179.0  13/2+   5/2  19    2.29   19.21   15.57    5.67    0.88      36.43   40.09    0.41   -3.91      2.245   1.545   0.362
  
  21 3335.6   1/2+   1/2  20   -0.20    4.52    5.33    3.95    0.10       4.40    5.58    4.40   -3.62      0.271   0.215   3.879
