1SPECTRUM OF (Z= 79 A=197) IN PARTICLE-ROTOR  MODEL WITH MODIFIED OSCILLATOR POTENTIAL


 PARITY=+   EPS= 0.371   GAMMA= 41.7   EPS4=0.000   EPS6=0.000   LEVELS:  18  19  20  21  22

 PAIRING FACTORS: GN0= 19.20  GN1=  7.40  IPAIR= 15 ***  E2PLUS(INPUT)=   0.170  E2PLUR(INPUT)=   0.000

 CORIOLIS ATTENUATION PARAMETERS:  CHSI=1.000  ETA=  1.00

 MOMENT OF INERTIA PARAMETERS:   A1=  0.177 MEV   A2=  0.018 MEV   A3=  0.03926 MEV


 DELTA=0.875 MEV  LAMBDA=40.3652 MEV   HW0= 6.6801 MEV   LAMBDA/HW0= 6.0426

 E2ENERGY=0.170 MEV  HBAR**2/B= 4327./A**(7/3)= 743.6/A**2 MEV

 IREC=0  =>  RECOIL TERMS j+j-, j+j+, jzjz, ETC TREATED AS ONE-BODY OPERATORS WITH UU+VV PAIRING FACTORS



 S. P. LEVEL   EQP       U     V        (UU + VV)**1.00

     18       2.346    0.190 0.982      1.000 0.987 0.980 0.610 0.535
     19       1.344    0.347 0.938      0.987 1.000 0.999 0.731 0.665
     20       1.245    0.380 0.925      0.980 0.999 1.000 0.754 0.691
     21       1.092    0.894 0.448      0.610 0.731 0.754 1.000 0.996
     22       1.288    0.931 0.365      0.535 0.665 0.691 0.996 1.000

  R CORE   ENERGY   A0R/A00=1.000    R3= 0     2  
   2( 1)    0.170                   -0.552 0.834
   2( 2)    0.769                    0.834 0.552

  R CORE   ENERGY   A0R/A00=1.000    R3= 0     2  
   3( 1)    0.939                    0.000 1.000

  R CORE   ENERGY   A0R/A00=1.000    R3= 0     2     4  
   4( 1)    0.542                   -0.493 0.652-0.576

  R CORE   ENERGY   A0R/A00=1.000    R3= 0     2     4  
   5( 1)    1.449                    0.000-0.552 0.834

  R CORE   ENERGY   A0R/A00=1.000    R3= 0     2     4     6  
   6( 1)    1.074                   -0.479 0.630-0.501 0.350

  R CORE   ENERGY   A0R/A00=1.000    R3= 0     2     4     6  
   7( 1)    2.168                    0.000 0.392-0.646 0.655
 

             ENERGY     K= 1/2
 
 I=  1/2+ (1)  1.758  20:-0.053
                      21: 0.999
 
 I=  1/2+ (2)  1.898  18:-0.069
                      20:-0.996
                      21:-0.053

             ENERGY     K= 1/2  -3/2
 
 I=  3/2+ (1)  1.562  21: 0.911 0.404
 
 I=  3/2+ (2)  1.859  18: 0.016 0.073
                      20:-0.100 0.123
                      21: 0.411-0.895

             ENERGY     K= 5/2   1/2  -3/2
 
 I=  5/2+ (1)  1.703  20:-0.063 0.026-0.021
                      21:-0.504-0.391 0.765
 
 I=  5/2+ (2)  1.968  18: 0.071 0.003-0.036
                      20:-0.081 0.036-0.018
                      21: 0.819-0.484 0.285

             ENERGY     K= 5/2   1/2  -3/2  -7/2
 
 I=  7/2+ (1)  1.857  18: 0.036-0.023 0.024-0.059
                      20: 0.050-0.064 0.069-0.087
                      21: 0.677-0.600 0.234 0.319
 
 I=  7/2+ (2)  2.182  18:-0.091 0.025 0.082-0.199
                      20: 0.310-0.423 0.435-0.393
                      21:-0.117 0.184-0.288 0.442

             ENERGY     K= 9/2   5/2   1/2  -3/2  -7/2
 
 I=  9/2+ (1)  2.116  18: 0.038-0.016 0.023-0.042 0.051
                      20: 0.070-0.054 0.044-0.039 0.035
                      21: 0.341 0.087-0.428 0.609-0.550
 
 I=  9/2+ (2)  2.246  19:-0.052-0.342-0.666-0.536-0.164
                      22: 0.058 0.218 0.086-0.207-0.145

             ENERGY     K= 9/2   5/2   1/2  -3/2  -7/2 -11/2
 
 I= 11/2+ (1)  1.996  22:-0.074-0.375-0.699-0.571-0.194-0.018
 
 I= 11/2+ (2)  2.312  18: 0.036-0.036 0.033-0.032 0.039-0.054
                      20: 0.033-0.062 0.082-0.090 0.087-0.085
                      21: 0.456-0.577 0.521-0.323 0.062 0.188

             ENERGY     K=13/2   9/2   5/2   1/2  -3/2  -7/2 -11/2
 
 I= 13/2+ (1)  1.663  19: 0.007 0.099 0.378 0.643 0.540 0.217 0.034
                      22:-0.008-0.084-0.186-0.064 0.161 0.147 0.034
 
 I= 13/2+ (2)  2.426  19: 0.004 0.002-0.098-0.236-0.180-0.032 0.008
                      22:-0.028-0.265-0.572-0.197 0.493 0.457 0.109

             ENERGY     K=13/2   9/2   5/2   1/2  -3/2  -7/2 -11/2
  21 LEVELS    TIME=  0.0 SEC



 ******************* EXCITATION ENERGIES, DOMINANT CONFIGURATION AND EXPECTATION VALUES (WITH S.P. UU+VV FACTORS) *******************

  NR  Eex(keV)  I   Kdom  NY    <Jz>  <Jx**2> <Jy**2> <Jz**2> <I.j>/|I|  <Rx**2> <Ry**2> <Rz**2> <R.j>/|R|  <HROTx> <HROTy> <HROTz>

   1    0.0   3/2+   1/2  21    0.18    1.58    6.53    1.82    0.71       1.39    7.31    2.24   -2.59      0.247   0.133   0.088
   2  101.5  13/2+   1/2  19   -0.00   39.87    5.39    2.57    6.13       0.28    6.77    3.88   -1.51      0.049   0.123   0.152
   3  141.3   5/2+   3/2  21    0.15    1.58    6.52    1.84    0.47       1.39    9.90    4.61   -2.14      0.246   0.180   0.181
   4  196.1   1/2+   1/2  21    0.19    1.57    6.52    1.84   -0.40       2.63    6.84    1.90   -3.05      0.467   0.124   0.075
   5  295.5   7/2+   5/2  21    0.21    1.59    6.46    1.94    0.49       1.51   14.72    5.63   -1.72      0.267   0.267   0.221
  
   6  297.2   3/2+   3/2  21    0.05    1.57    6.39    2.06   -0.21       2.57    8.05    3.97   -2.73      0.455   0.146   0.156
   7  336.5   1/2+   1/2  20   -0.19    1.39    1.91    8.87   -0.08       1.35    2.41    9.31   -3.39      0.239   0.044   0.366
   8  376.3   3/2+   3/2  20   -0.21    1.44    2.13    8.62    0.41       1.31    3.41    9.65   -3.01      0.233   0.062   0.379
   9  406.2   5/2+   5/2  21    0.24    1.58    6.48    1.91    0.04       2.63   10.50    5.36   -2.29      0.466   0.191   0.211
  10  434.6  11/2+   1/2  22   -0.04   28.34   12.98    5.82    4.83       0.54   16.64    7.91   -3.64      0.096   0.302   0.310
  
  11  554.3   9/2+   3/2  21    0.08    1.58    6.47    1.93    0.28       1.55   21.51    8.90   -1.52      0.274   0.391   0.350
  12  581.1   5/2+   5/2  20   -0.10    1.38    1.96    8.73   -0.17       1.47    7.68   12.66   -2.69      0.261   0.139   0.497
  13  619.8   7/2+   7/2  21   -0.35    1.50    3.48    6.61    0.30       1.61   13.15   10.22   -2.08      0.285   0.239   0.401
  14  684.3   9/2+   1/2  19   -0.00   39.52    5.62    2.66    5.99       3.79    5.73    3.40   -5.01      0.671   0.104   0.134
  15  694.1   7/2+   7/2  21    0.21    1.55    5.13    3.88    0.04       2.31   10.97   12.76   -2.04      0.409   0.199   0.501
  
  16  750.1  11/2+   5/2  21    0.25    1.60    6.39    2.05    0.45       1.75   29.64    9.05   -1.16      0.310   0.538   0.355
  17  852.4   9/2+   9/2  21    0.33    1.59    6.44    1.97    0.23       2.60   15.81   14.02   -1.55      0.461   0.287   0.551
  18  864.4  13/2+   5/2  22   -0.03   29.58   12.16    5.47    3.91       0.56   26.82   13.93   -3.09      0.099   0.487   0.547
  19  928.7  11/2+   5/2  19   -0.01   38.59    6.24    2.93    5.18       3.79   10.17    7.66   -3.62      0.672   0.185   0.301
  20 1114.5  13/2+   3/2  21    0.02    1.58    6.41    2.04    0.19       1.91   42.44   11.74   -1.16      0.339   0.770   0.461
  
  21 1702.2   1/2+   1/2  18   -0.04    2.90    4.87    4.88   -0.40       3.51    5.41    5.17   -3.46      0.622   0.098   0.203
