1SPECTRUM OF (Z= 79 A=197) IN PARTICLE-ROTOR  MODEL WITH MODIFIED OSCILLATOR POTENTIAL


 PARITY=+   EPS= 0.066   GAMMA= 60.0   EPS4=0.000   EPS6=0.000   LEVELS:  19  20  21  22  23

 PAIRING FACTORS: GN0= 19.20  GN1=  7.40  IPAIR= 15 ***  E2PLUS(INPUT)=   0.170  E2PLUR(INPUT)=   0.000

 CORIOLIS ATTENUATION PARAMETERS:  CHSI=1.000  ETA=  1.00

 MOMENT OF INERTIA PARAMETERS:   A1= 28.390 MEV   A2=  0.028 MEV   A3=  0.02839 MEV


 DELTA=0.632 MEV  LAMBDA=39.7220 MEV   HW0= 6.5845 MEV   LAMBDA/HW0= 6.0327

 E2ENERGY=0.170 MEV  HBAR**2/B=  168./A**(7/3)=  28.8/A**2 MEV

 IREC=0  =>  RECOIL TERMS j+j-, j+j+, jzjz, ETC TREATED AS ONE-BODY OPERATORS WITH UU+VV PAIRING FACTORS



 S. P. LEVEL   EQP       U     V        (UU + VV)**1.00

     19       2.224    0.144 0.990      1.000 0.952 0.928 0.549 0.246
     20       0.801    0.439 0.898      0.952 1.000 0.997 0.778 0.530
     21       0.728    0.502 0.865      0.928 0.997 1.000 0.821 0.590
     22       0.824    0.906 0.423      0.549 0.778 0.821 1.000 0.945
     23       3.048    0.995 0.104      0.246 0.530 0.590 0.945 1.000

  R CORE   ENERGY   A0R/A00=1.000    R3= 0     2  
   2( 1)    0.170                   -0.500 0.866
   2( 2)  113.618                    0.866 0.500

  R CORE   ENERGY   A0R/A00=1.000    R3= 0     2  
   3( 1)  113.789                    0.000 1.000

  R CORE   ENERGY   A0R/A00=1.000    R3= 0     2     4  
   4( 1)    0.568                    0.375-0.559 0.740

  R CORE   ENERGY   A0R/A00=1.000    R3= 0     2     4  
   5( 1)  114.300                    0.000-0.500 0.866

  R CORE   ENERGY   A0R/A00=1.000    R3= 0     2     4     6  
   6( 1)    1.192                   -0.312 0.453-0.496 0.672

  R CORE   ENERGY   A0R/A00=1.000    R3= 0     2     4     6  
   7( 1)  115.038                    0.000 0.312-0.586 0.747
 

             ENERGY     K= 1/2
 
 I=  1/2+ (1)  0.784  21:-0.897
                      22: 0.443
 
 I=  1/2+ (2)  0.961  21: 0.443
                      22: 0.897

             ENERGY     K= 1/2  -3/2
 
 I=  3/2+ (1)  0.803  20:-0.528-0.305
                      21: 0.348-0.602
                      22: 0.189-0.328
 
 I=  3/2+ (2)  0.939  20: 0.561 0.324
                      21: 0.356-0.617
                      22:-0.135 0.234

             ENERGY     K= 5/2   1/2  -3/2
 
 I=  5/2+ (1)  0.952  20:-0.294-0.186 0.394
                      21: 0.630-0.399 0.282
                      22:-0.235 0.149-0.105
 
 I=  5/2+ (2)  1.007  20:-0.424-0.268 0.569
                      21:-0.223 0.141-0.100
                      22: 0.464-0.293 0.207

             ENERGY     K= 5/2   1/2  -3/2  -7/2
 
 I=  7/2+ (1)  0.993  20:-0.370 0.276-0.071-0.327
                      21: 0.180-0.241 0.311-0.476
                      22: 0.143-0.191 0.247-0.378
 
 I=  7/2+ (2)  1.335  20:-0.328 0.245-0.063-0.290
                      21:-0.214 0.287-0.370 0.565
                      22: 0.112-0.150 0.193-0.295

             ENERGY     K= 9/2   5/2   1/2  -3/2  -7/2
 
 I=  9/2+ (1)  1.351  20:-0.332 0.000 0.177-0.290 0.332
                      21: 0.543-0.362 0.290-0.237 0.181
                      22:-0.178 0.119-0.095 0.078-0.059
 
 I=  9/2+ (2)  1.418  20:-0.396-0.000 0.211-0.345 0.396
                      21:-0.212 0.141-0.113 0.093-0.071
                      22: 0.460-0.307 0.246-0.201 0.153

             ENERGY     K= 9/2   5/2   1/2  -3/2  -7/2 -11/2
 
 I= 11/2+ (1)  1.410  20: 0.283-0.268 0.203-0.103-0.042 0.312
                      21:-0.127 0.164-0.196 0.232-0.284 0.421
                      22:-0.112 0.144-0.172 0.204-0.250 0.370
 
 I= 11/2+ (2)  1.955  20: 0.164-0.155 0.118-0.060-0.024 0.181
                      21: 0.155-0.201 0.240-0.284 0.347-0.515
                      22:-0.112 0.145-0.173 0.205-0.251 0.373

             ENERGY     K=13/2   9/2   5/2   1/2  -3/2  -7/2 -11/2
 
 I= 13/2+ (1)  1.978  20:-0.341 0.077 0.064-0.164 0.237-0.282 0.283
                      21: 0.493-0.335 0.276-0.238 0.206-0.175 0.137
                      22:-0.147 0.100-0.083 0.071-0.062 0.052-0.041
 
 I= 13/2+ (2)  2.054  20:-0.366 0.083 0.068-0.177 0.255-0.303 0.304
                      21:-0.206 0.140-0.115 0.099-0.086 0.073-0.057
                      22: 0.443-0.301 0.249-0.214 0.185-0.157 0.123

             ENERGY     K=13/2   9/2   5/2   1/2  -3/2  -7/2 -11/2
  21 LEVELS    TIME=  0.0 SEC



 ******************* EXCITATION ENERGIES, DOMINANT CONFIGURATION AND EXPECTATION VALUES (WITH S.P. UU+VV FACTORS) *******************

  NR  Eex(keV)  I   Kdom  NY    <Jz>  <Jx**2> <Jy**2> <Jz**2> <I.j>/|I|  <Rx**2> <Ry**2> <Rz**2> <R.j>/|R|  <HROTx> <HROTy> <HROTz>

   1    0.0   1/2+   1/2  21    0.31    0.25    0.71    0.71    0.65       0.00    0.64    0.64   -0.97      0.000   0.018   0.018
   2   19.3   3/2+   3/2  21   -0.47    0.99    1.42    1.42    1.65       0.00    0.59    0.59   -0.58      0.000   0.017   0.017
   3  155.1   3/2+   3/2  21    0.14    1.09    0.86    0.86    0.12       0.00    3.04    3.04   -1.04      0.000   0.086   0.086
   4  168.7   5/2+   5/2  21    0.17    0.80    0.84    0.84    0.73       0.00    3.44    3.44   -0.12      0.000   0.098   0.098
   5  177.6   1/2+   1/2  22   -0.79    0.25    1.71    1.71   -0.63       0.00    2.75    2.75   -1.79      0.000   0.078   0.078
  
   6  207.1   3/2+   3/2  22   -0.14    0.66    1.09    1.09    0.15       0.00    3.02    3.02   -1.04      0.000   0.086   0.086
   7  209.9   7/2+   7/2  21   -0.58    0.90    1.51    1.51    1.52       0.00    3.80    3.80    0.76      0.000   0.108   0.108
   8  223.5   5/2+   3/2  20    0.10    1.40    0.91    0.91    0.81       0.00    3.59    3.59   -0.31      0.000   0.102   0.102
   9  549.9   5/2+   5/2  22   -0.74    0.54    1.67    1.67   -1.08      -0.00    9.51    9.51   -1.62     -0.000   0.270   0.270
  10  551.4   7/2+   7/2  21    0.24    0.76    0.75    0.75   -0.27       0.00   10.07   10.07   -0.74      0.000   0.286   0.286
  
  11  567.6   9/2+   9/2  21    0.13    0.92    0.87    0.87    0.66      -0.00   10.43   10.43    0.13     -0.000   0.296   0.296
  12  586.4   7/2+   7/2  22   -0.15    1.09    1.09    1.09   -0.06      -0.00    9.76    9.76   -0.80     -0.000   0.277   0.277
  13  626.1  11/2+  11/2  21   -0.61    0.86    1.54    1.54    1.47      -0.00   11.08   11.08    1.02     -0.000   0.315   0.315
  14  634.8   9/2+   9/2  22    0.12    1.20    0.92    0.92    0.63       0.00   10.78   10.78    0.02      0.000   0.306   0.306
  15 1153.3   9/2+   9/2  22   -0.71    0.62    1.65    1.65   -1.17      -0.00   20.15   20.15   -1.53     -0.000   0.572   0.572
  
  16 1171.0  11/2+  11/2  21    0.35    0.45    0.64    0.64   -0.36       0.00   20.91   20.91   -0.60      0.000   0.594   0.594
  17 1194.0  13/2+  13/2  21    0.11    0.99    0.89    0.89    0.62      -0.00   21.44   21.44    0.24     -0.000   0.609   0.609
  18 1197.5  11/2+  11/2  20   -0.23    1.44    1.17    1.17   -0.14      -0.00   20.61   20.61   -0.72     -0.000   0.585   0.585
  19 1270.3  13/2+  13/2  22    0.15    1.10    0.94    0.94    0.57       0.00   21.91   21.91    0.15      0.000   0.622   0.622
  20 1609.7   1/2+   1/2  19    1.42    0.25    4.16    4.16    1.93      -0.00    2.99    2.99   -2.82     -0.000   0.085   0.085
  
  21 1981.9  13/2+  13/2  22   -0.68    0.64    1.67    1.67   -1.17       0.00   34.56   34.56   -1.46      0.000   0.981   0.981
