1SPECTRUM OF (Z= 79 A=197) IN PARTICLE-ROTOR  MODEL WITH MODIFIED OSCILLATOR POTENTIAL


 PARITY=+   EPS= 0.452   GAMMA= 51.4   EPS4=0.000   EPS6=0.000   LEVELS:  18  19  20  21  22

 PAIRING FACTORS: GN0= 19.20  GN1=  7.40  IPAIR= 15 ***  E2PLUS(INPUT)=   0.300  E2PLUR(INPUT)=   0.000

 CORIOLIS ATTENUATION PARAMETERS:  CHSI=1.000  ETA=  1.00

 MOMENT OF INERTIA PARAMETERS:   A1=  1.614 MEV   A2=  0.041 MEV   A3=  0.05866 MEV


 DELTA=0.831 MEV  LAMBDA=40.2880 MEV   HW0= 6.7231 MEV   LAMBDA/HW0= 5.9925

 E2ENERGY=0.300 MEV  HBAR**2/B=13235./A**(7/3)=2274.6/A**2 MEV

 IREC=0  =>  RECOIL TERMS j+j-, j+j+, jzjz, ETC TREATED AS ONE-BODY OPERATORS WITH UU+VV PAIRING FACTORS



 S. P. LEVEL   EQP       U     V        (UU + VV)**1.00

     18       1.950    0.218 0.976      1.000 0.999 0.971 0.605 0.399
     19       1.705    0.252 0.968      0.999 1.000 0.979 0.632 0.430
     20       1.044    0.444 0.896      0.971 0.979 1.000 0.777 0.606
     21       1.097    0.909 0.416      0.605 0.632 0.777 1.000 0.972
     22       2.235    0.982 0.189      0.399 0.430 0.606 0.972 1.000

  R CORE   ENERGY   A0R/A00=1.000    R3= 0     2  
   2( 1)    0.300                   -0.504 0.864
   2( 2)    6.558                    0.864 0.504

  R CORE   ENERGY   A0R/A00=1.000    R3= 0     2  
   3( 1)    6.858                    0.000 1.000

  R CORE   ENERGY   A0R/A00=1.000    R3= 0     2     4  
   4( 1)    0.998                    0.385-0.568 0.727

  R CORE   ENERGY   A0R/A00=1.000    R3= 0     2     4  
   5( 1)    7.758                    0.000-0.504 0.864

  R CORE   ENERGY   A0R/A00=1.000    R3= 0     2     4     6  
   6( 1)    2.091                   -0.330 0.474-0.502 0.643

  R CORE   ENERGY   A0R/A00=1.000    R3= 0     2     4     6  
   7( 1)    9.057                    0.000 0.319-0.592 0.740
 

             ENERGY     K= 1/2
 
 I=  1/2+ (1)  2.563  19:-0.411
                      20: 0.912
 
 I=  1/2+ (2)  7.720  22: 1.000

             ENERGY     K= 1/2  -3/2
 
 I=  3/2+ (1)  2.594  19:-0.668-0.432
                      20:-0.566-0.215
 
 I=  3/2+ (2)  2.671  19:-0.278 0.311
                      20: 0.398-0.815

             ENERGY     K= 5/2   1/2  -3/2
 
 I=  5/2+ (1)  2.844  19: 0.444 0.285-0.600
                      20: 0.333 0.213-0.453
 
 I=  5/2+ (2)  2.976  19: 0.321-0.209 0.147
                      20:-0.714 0.459-0.321
                      22:-0.045-0.036 0.072

             ENERGY     K= 5/2   1/2  -3/2  -7/2
 
 I=  7/2+ (1)  3.180  19:-0.406 0.274 0.006-0.536
                      20:-0.461 0.423-0.277 0.011
 
 I=  7/2+ (2)  3.240  19:-0.346 0.324-0.226 0.053
                      20: 0.037-0.165 0.357-0.745
                      22: 0.067-0.049 0.012 0.057

             ENERGY     K= 9/2   5/2   1/2  -3/2  -7/2
 
 I=  9/2+ (1)  3.641  19:-0.465 0.012 0.242-0.400 0.448
                      20:-0.295-0.026 0.210-0.324 0.357
 
 I=  9/2+ (2)  3.776  19:-0.248 0.195-0.176 0.156-0.125
                      20: 0.638-0.428 0.336-0.260 0.184
                      22: 0.083 0.004-0.053 0.084-0.093

             ENERGY     K= 9/2   5/2   1/2  -3/2  -7/2 -11/2
 
 I= 11/2+ (1)  2.419  21:-0.099-0.398-0.676-0.568-0.226-0.029
 
 I= 11/2+ (2)  4.129  19: 0.203-0.175 0.097 0.021-0.183 0.481
                      20: 0.328-0.373 0.372-0.340 0.287-0.232
                      22: 0.061-0.060 0.045-0.020-0.017 0.083

             ENERGY     K=13/2   9/2   5/2   1/2  -3/2  -7/2 -11/2
 
 I= 13/2+ (1)  2.476  18:-0.012-0.114-0.353-0.553-0.477-0.221-0.046
                      21:-0.027-0.177-0.307-0.097 0.250 0.268 0.086
 
 I= 13/2+ (2)  3.294  18:-0.007-0.067-0.217-0.345-0.296-0.134-0.026
                      21: 0.044 0.285 0.496 0.156-0.403-0.433-0.139

             ENERGY     K=13/2   9/2   5/2   1/2  -3/2  -7/2 -11/2
  21 LEVELS    TIME=  0.0 SEC



 ******************* EXCITATION ENERGIES, DOMINANT CONFIGURATION AND EXPECTATION VALUES (WITH S.P. UU+VV FACTORS) *******************

  NR  Eex(keV)  I   Kdom  NY    <Jz>  <Jx**2> <Jy**2> <Jz**2> <I.j>/|I|  <Rx**2> <Ry**2> <Rz**2> <R.j>/|R|  <HROTx> <HROTy> <HROTz>

   1    0.0  11/2+   1/2  21   -0.00   29.70   10.39    6.96    5.00       0.13   13.23    9.62   -3.58      0.209   0.548   0.565
   2   57.2  13/2+   1/2  18   -0.00   38.51    5.69    3.88    6.02       0.09    7.05    5.67   -1.69      0.138   0.292   0.333
   3  144.1   1/2+   1/2  20   -0.15    0.88    3.70    8.03    0.24       0.46    4.06    8.43   -3.45      0.745   0.168   0.494
   4  175.2   3/2+   1/2  19    0.04    2.20    4.94    6.58    1.08       0.29    5.71    7.29   -3.19      0.468   0.236   0.428
   5  251.9   3/2+   3/2  20   -0.14    0.90    3.73    7.99    0.35       0.46    5.15    9.40   -3.08      0.743   0.213   0.552
  
   6  425.7   5/2+   3/2  19    0.05    2.22    4.95    6.56    0.71       0.29    8.22    9.78   -2.72      0.465   0.340   0.574
   7  557.7   5/2+   5/2  20   -0.15    0.89    3.73    7.98    0.07       0.46    8.05   12.40   -2.71      0.750   0.333   0.727
   8  761.0   7/2+   7/2  19   -0.02    1.92    4.66    6.90    0.51       0.33   12.04   12.82   -2.28      0.532   0.498   0.752
   9  821.4   7/2+   7/2  20   -0.07    1.19    4.04    7.61    0.34       0.43   10.47   14.97   -2.26      0.688   0.433   0.878
  10  875.6  13/2+   5/2  21   -0.00   33.08    8.58    5.78    4.29       0.11   20.11   16.11   -2.91      0.183   0.832   0.945
  
  11 1222.2   9/2+   9/2  19    0.05    2.21    4.94    6.58    0.42       0.29   16.69   17.33   -1.99      0.470   0.690   1.017
  12 1357.0   9/2+   9/2  20   -0.15    0.91    3.81    7.85    0.10       0.47   15.89   19.93   -2.00      0.762   0.658   1.169
  13 1710.5  11/2+  11/2  19   -0.11    1.44    4.20    7.40    0.37       0.40   22.75   21.18   -1.62      0.652   0.942   1.243
  14 1711.4   3/2+   1/2  22    0.09    1.81    6.59    2.31    0.78       0.87    7.45    3.11   -2.72      1.408   0.308   0.182
  15 1808.6  11/2+  11/2  20    0.03    1.69    4.56    7.00    0.33       0.37   20.19   24.52   -1.68      0.590   0.835   1.438
  
  16 1968.4   5/2+   3/2  22    0.09    1.81    6.57    2.35    0.46       0.87   10.11    5.76   -2.29      1.405   0.419   0.338
  17 2323.6   7/2+   5/2  22    0.08    1.80    6.55    2.38    0.31       0.87   13.99    9.18   -1.94      1.406   0.579   0.538
  18 2408.9  13/2+  13/2  19    0.06    2.17    4.86    6.65    0.29       0.30   30.48   27.67   -1.53      0.491   1.261   1.623
  19 2787.9   9/2+   7/2  22    0.09    1.79    6.50    2.46    0.18       0.87   18.92   13.94   -1.70      1.401   0.783   0.818
  20 5301.0   1/2+   1/2  22    0.10    1.82    6.60    2.29   -0.59       3.13    6.90    2.44   -3.18      5.056   0.286   0.143
  
  21 6190.7   1/2+   1/2  19    0.04    2.35    6.05    5.46   -0.76       3.98    6.28    5.67   -3.64      6.423   0.260   0.333
