1SPECTRUM OF (Z= 79 A=197) IN PARTICLE-ROTOR  MODEL WITH MODIFIED OSCILLATOR POTENTIAL


 PARITY=+   EPS= 0.355   GAMMA= 60.0   EPS4=0.000   EPS6=0.000   LEVELS:  18  19  20  21  22

 PAIRING FACTORS: GN0= 19.20  GN1=  7.40  IPAIR= 15 ***  E2PLUS(INPUT)=   0.170  E2PLUR(INPUT)=   0.000

 CORIOLIS ATTENUATION PARAMETERS:  CHSI=1.000  ETA=  1.00

 MOMENT OF INERTIA PARAMETERS:   A1= 28.390 MEV   A2=  0.028 MEV   A3=  0.02839 MEV


 DELTA=0.835 MEV  LAMBDA=40.2270 MEV   HW0= 6.6685 MEV   LAMBDA/HW0= 6.0324

 E2ENERGY=0.170 MEV  HBAR**2/B= 4848./A**(7/3)= 833.1/A**2 MEV

 IREC=0  =>  RECOIL TERMS j+j-, j+j+, jzjz, ETC TREATED AS ONE-BODY OPERATORS WITH UU+VV PAIRING FACTORS



 S. P. LEVEL   EQP       U     V        (UU + VV)**1.00

     18       2.055    0.208 0.978      1.000 0.999 0.979 0.510 0.478
     19       1.723    0.250 0.968      0.999 1.000 0.987 0.548 0.516
     20       1.128    0.405 0.914      0.979 0.987 1.000 0.677 0.648
     21       1.375    0.947 0.321      0.510 0.548 0.677 1.000 0.999
     22       1.530    0.959 0.285      0.478 0.516 0.648 0.999 1.000

  R CORE   ENERGY   A0R/A00=1.000    R3= 0     2  
   2( 1)    0.170                   -0.500 0.866
   2( 2)  113.618                    0.866 0.500

  R CORE   ENERGY   A0R/A00=1.000    R3= 0     2  
   3( 1)  113.789                    0.000 1.000

  R CORE   ENERGY   A0R/A00=1.000    R3= 0     2     4  
   4( 1)    0.568                    0.375-0.559 0.740

  R CORE   ENERGY   A0R/A00=1.000    R3= 0     2     4  
   5( 1)  114.300                    0.000-0.500 0.866

  R CORE   ENERGY   A0R/A00=1.000    R3= 0     2     4     6  
   6( 1)    1.192                   -0.312 0.453-0.496 0.672

  R CORE   ENERGY   A0R/A00=1.000    R3= 0     2     4     6  
   7( 1)  115.038                    0.000 0.312-0.586 0.747
 

             ENERGY     K= 1/2
 
 I=  1/2+ (1)  2.074  19: 1.000
 
 I=  1/2+ (2)115.172  21:-1.000

             ENERGY     K= 1/2  -3/2
 
 I=  3/2+ (1)  1.632  19:-0.059 0.102
                      21:-0.860-0.497
 
 I=  3/2+ (2)  2.137  19: 0.496-0.860
                      21:-0.102-0.059

             ENERGY     K= 5/2   1/2  -3/2
 
 I=  5/2+ (1)  1.764  19: 0.135-0.085 0.061
                      21: 0.551 0.348-0.739
 
 I=  5/2+ (2)  2.337  19: 0.778-0.492 0.348
                      21:-0.096-0.060 0.128

             ENERGY     K= 5/2   1/2  -3/2  -7/2
 
 I=  7/2+ (1)  1.945  19:-0.071 0.095-0.122 0.187
                      21:-0.628 0.468-0.121-0.554
 
 I=  7/2+ (2)  2.485  19: 0.270-0.362 0.468-0.715
                      21:-0.164 0.122-0.032-0.145

             ENERGY     K= 9/2   5/2   1/2  -3/2  -7/2
 
 I=  9/2+ (1)  2.189  19:-0.187 0.125-0.100 0.082-0.062
                      21:-0.552 0.000 0.295-0.482 0.552
 
 I=  9/2+ (2)  2.839  18: 0.057-0.000-0.030 0.049-0.057
                      19:-0.673 0.448-0.360 0.294-0.224
                      21: 0.152-0.000-0.081 0.133-0.152

             ENERGY     K= 9/2   5/2   1/2  -3/2  -7/2 -11/2
 
 I= 11/2+ (1)  2.193  22: 0.104 0.401 0.672 0.568 0.232 0.031
 
 I= 11/2+ (2)  2.470  19: 0.072-0.093 0.111-0.132 0.162-0.240
                      21: 0.480-0.454 0.345-0.175-0.072 0.530

             ENERGY     K=13/2   9/2   5/2   1/2  -3/2  -7/2 -11/2
 
 I= 13/2+ (1)  1.449  20: 0.015 0.135 0.409 0.634 0.549 0.259 0.055
                      22: 0.012 0.071 0.119 0.037-0.096-0.105-0.035
 
 I= 13/2+ (2)  2.611  20:-0.003-0.028-0.086-0.133-0.115-0.054-0.012
                      22: 0.055 0.337 0.567 0.176-0.456-0.502-0.168

             ENERGY     K=13/2   9/2   5/2   1/2  -3/2  -7/2 -11/2
  21 LEVELS    TIME=  0.0 SEC



 ******************* EXCITATION ENERGIES, DOMINANT CONFIGURATION AND EXPECTATION VALUES (WITH S.P. UU+VV FACTORS) *******************

  NR  Eex(keV)  I   Kdom  NY    <Jz>  <Jx**2> <Jy**2> <Jz**2> <I.j>/|I|  <Rx**2> <Ry**2> <Rz**2> <R.j>/|R|  <HROTx> <HROTy> <HROTz>

   1    0.0  13/2+   1/2  20    0.00   41.75    3.49    3.49    6.22       0.00    5.34    5.34   -1.63      0.000   0.152   0.152
   2  183.1   3/2+   1/2  21   -0.00    2.22    3.93    3.92    1.28      -0.00    4.44    4.44   -2.55     -0.000   0.126   0.126
   3  315.2   5/2+   3/2  21   -0.01    2.19    3.95    3.95    0.93       0.00    6.67    6.67   -2.01      0.000   0.189   0.189
   4  496.3   7/2+   5/2  21   -0.01    2.12    4.02    4.02    0.83       0.00    9.65    9.65   -1.56      0.000   0.274   0.274
   5  625.4   1/2+   1/2  19   -0.17    0.25    5.77    5.77    0.09       0.00    6.19    6.19   -3.33      0.000   0.176   0.176
  
   6  688.6   3/2+   3/2  19   -0.17    0.28    5.74    5.74    0.19       0.00    7.38    7.38   -2.96      0.000   0.210   0.210
   7  740.0   9/2+   7/2  21   -0.01    2.11    4.03    4.03    0.72       0.00   13.90   13.90   -1.25      0.000   0.395   0.395
   8  744.6  11/2+   1/2  22    0.00   30.25    8.93    8.93    5.06      -0.00   11.68   11.68   -3.69     -0.000   0.332   0.332
   9  888.5   5/2+   5/2  19   -0.17    0.31    5.70    5.70   -0.26       0.00   11.00   10.99   -2.66      0.000   0.312   0.312
  10  952.2   3/2+   1/2  18   -0.00    2.25    5.34    5.34    1.16      -0.00    6.09    6.09   -3.06     -0.000   0.173   0.173
  
  11 1021.4  11/2+  11/2  21   -0.02    2.00    4.14    4.14    0.75      -0.00   18.51   18.51   -0.95     -0.000   0.525   0.525
  12 1036.9   7/2+   7/2  19   -0.16    0.38    5.65    5.65   -0.02       0.00   13.81   13.81   -2.24      0.000   0.392   0.392
  13 1094.3   5/2+   3/2  18   -0.00    2.25    5.34    5.34    0.76       0.00    8.59    8.59   -2.58      0.000   0.244   0.244
  14 1162.6  13/2+   5/2  22    0.00   30.75    8.69    8.69    4.17      -0.00   19.34   19.34   -3.06     -0.000   0.549   0.549
  15 1293.6   7/2+   5/2  18   -0.00    2.25    5.34    5.34    0.56      -0.00   12.12   12.12   -2.18     -0.000   0.344   0.344
  
  16 1383.0  13/2+  13/2  21   -0.02    2.02    4.11    4.11    0.65       0.00   24.96   24.96   -0.81      0.000   0.709   0.709
  17 1390.4   9/2+   9/2  19   -0.16    0.41    5.63    5.63   -0.37      -0.00   20.04   20.04   -2.13     -0.000   0.569   0.569
  18 1550.1   9/2+   9/2  18   -0.00    2.23    5.34    5.34    0.43      -0.00   16.68   16.68   -1.86     -0.000   0.474   0.474
  19 1627.0  11/2+  11/2  19   -0.15    0.52    5.53    5.53   -0.15       0.00   24.57   24.57   -1.78      0.000   0.698   0.698
  20*******   1/2+   1/2  21    0.00    2.25    3.90    3.90   -0.87       4.00    4.15    4.15   -3.08    113.561   0.118   0.118
  
  21*******   1/2+   1/2  18    0.00    2.25    5.34    5.34   -0.87       4.00    5.59    5.59   -3.51    113.561   0.159   0.159
