1SPECTRUM OF (Z= 79 A=197) IN PARTICLE-ROTOR  MODEL WITH MODIFIED OSCILLATOR POTENTIAL


 PARITY=+   EPS= 0.807   GAMMA= 33.6   EPS4=0.000   EPS6=0.000   LEVELS:  18  19  20  21  22

 PAIRING FACTORS: GN0= 19.20  GN1=  7.40  IPAIR= 15 ***  E2PLUS(INPUT)=   0.300  E2PLUR(INPUT)=   0.000

 CORIOLIS ATTENUATION PARAMETERS:  CHSI=1.000  ETA=  1.00

 MOMENT OF INERTIA PARAMETERS:   A1=  0.131 MEV   A2=  0.026 MEV   A3=  0.08432 MEV


 DELTA=0.840 MEV  LAMBDA=40.9427 MEV   HW0= 7.1187 MEV   LAMBDA/HW0= 5.7515

 E2ENERGY=0.300 MEV  HBAR**2/B=30381./A**(7/3)=5221.4/A**2 MEV

 IREC=0  =>  RECOIL TERMS j+j-, j+j+, jzjz, ETC TREATED AS ONE-BODY OPERATORS WITH UU+VV PAIRING FACTORS



 S. P. LEVEL   EQP       U     V        (UU + VV)**1.00

     18       1.874    0.230 0.973      1.000 1.000 0.917 0.586 0.560
     19       1.857    0.232 0.973      1.000 1.000 0.918 0.588 0.562
     20       0.875    0.600 0.800      0.917 0.918 1.000 0.861 0.844
     21       1.185    0.923 0.384      0.586 0.588 0.861 1.000 1.000
     22       1.266    0.935 0.355      0.560 0.562 0.844 1.000 1.000

  R CORE   ENERGY   A0R/A00=1.000    R3= 0     2  
   2( 1)    0.300                    0.730-0.683
   2( 2)    0.663                    0.683 0.730

  R CORE   ENERGY   A0R/A00=1.000    R3= 0     2  
   3( 1)    0.963                    0.000 1.000

  R CORE   ENERGY   A0R/A00=1.000    R3= 0     2     4  
   4( 1)    0.828                   -0.671 0.704-0.234

  R CORE   ENERGY   A0R/A00=1.000    R3= 0     2     4  
   5( 1)    1.863                    0.000 0.730-0.683

  R CORE   ENERGY   A0R/A00=1.000    R3= 0     2     4     6  
   6( 1)    1.556                   -0.616 0.703-0.348 0.076

  R CORE   ENERGY   A0R/A00=1.000    R3= 0     2     4     6  
   7( 1)    3.004                    0.000-0.616 0.704-0.353
 

             ENERGY     K= 1/2
 
 I=  1/2+ (1)  2.478  19: 0.115
                      22: 0.993
 
 I=  1/2+ (2)  2.607  19:-0.993
                      22: 0.115

             ENERGY     K= 1/2  -3/2
 
 I=  3/2+ (1)  2.637  19:-0.125 0.046
                      22:-0.684 0.717
 
 I=  3/2+ (2)  2.673  18: 0.067-0.001
                      20:-0.872-0.486

             ENERGY     K= 5/2   1/2  -3/2
 
 I=  5/2+ (1)  2.783  19: 0.012-0.005 0.227
                      22: 0.277-0.732 0.579
 
 I=  5/2+ (2)  2.843  19:-0.126 0.902 0.130
                      22:-0.008-0.225-0.322

             ENERGY     K= 5/2   1/2  -3/2  -7/2
 
 I=  7/2+ (1)  2.268  18:-0.048-0.082-0.020-0.001
                      20: 0.237 0.791 0.552 0.060
 
 I=  7/2+ (2)  3.111  19: 0.276 0.092-0.310 0.012
                      22: 0.208-0.597 0.621-0.181

             ENERGY     K= 9/2   5/2   1/2  -3/2  -7/2
 
 I=  9/2+ (1)  2.704  18:-0.016-0.099 0.012 0.042 0.003
                      20: 0.061 0.574 0.323-0.688-0.279
 
 I=  9/2+ (2)  3.320  19: 0.002 0.007 0.049-0.141 0.123
                      22: 0.091-0.389 0.640-0.569 0.264

             ENERGY     K= 9/2   5/2   1/2  -3/2  -7/2 -11/2
 
 I= 11/2+ (1)  2.830  18: 0.015-0.039-0.099-0.015 0.001 0.000
                      20:-0.059 0.113 0.841 0.510-0.064-0.018
 
 I= 11/2+ (2)  3.315  18: 0.068 0.076-0.035 0.055 0.009 0.001
                      20:-0.254-0.669 0.195-0.282-0.595-0.049

             ENERGY     K=13/2   9/2   5/2   1/2  -3/2  -7/2 -11/2
 
 I= 13/2+ (1)  2.298  21: 0.005 0.083 0.380 0.695 0.569 0.202 0.025
 
 I= 13/2+ (2)  3.322  18: 0.005 0.012-0.110 0.021 0.049-0.001 0.001
                      20:-0.017-0.066 0.527 0.365-0.738-0.142 0.067

             ENERGY     K=13/2   9/2   5/2   1/2  -3/2  -7/2 -11/2
  21 LEVELS    TIME=  0.0 SEC



 ******************* EXCITATION ENERGIES, DOMINANT CONFIGURATION AND EXPECTATION VALUES (WITH S.P. UU+VV FACTORS) *******************

  NR  Eex(keV)  I   Kdom  NY    <Jz>  <Jx**2> <Jy**2> <Jz**2> <I.j>/|I|  <Rx**2> <Ry**2> <Rz**2> <R.j>/|R|  <HROTx> <HROTy> <HROTz>

   1    0.0   7/2+   1/2  20   -0.03   17.44   14.09    1.55    3.05       5.61   16.28    2.73   -4.23      0.732   0.422   0.230
   2   29.5  13/2+   1/2  21    0.01   61.74    7.95    1.91    7.19       3.29   12.30    4.32   -4.79      0.430   0.319   0.364
   3  209.1   1/2+   1/2  22   -0.09    3.02    3.46    7.79    0.10       3.29    3.42    8.13   -3.68      0.430   0.089   0.685
   4  338.7   1/2+   1/2  19    0.06    3.21   10.66    1.78    0.81       2.43   10.61    1.97   -3.86      0.317   0.275   0.166
   5  368.8   3/2+   3/2  22   -0.09    3.01    3.50    7.76   -0.18       3.38    6.39    8.95   -3.38      0.441   0.166   0.754
  
   6  404.1   3/2+   1/2  20   -0.06   17.43   14.10    1.50    2.69       9.38   14.79    2.19   -5.42      1.225   0.383   0.185
   7  436.0   9/2+   3/2  20   -0.03   17.45   14.08    1.55    2.41       5.85   22.38    5.61   -3.62      0.765   0.580   0.473
   8  466.4   3/2+   3/2  22   -0.07    2.77    4.71    6.95    0.17       4.37    5.13    8.01   -3.37      0.571   0.133   0.675
   9  514.4   5/2+   1/2  22   -0.08    2.97    3.79    7.55    0.29       3.86    8.47    9.04   -2.91      0.505   0.219   0.762
  10  562.0  11/2+   1/2  20   -0.02   17.45   14.08    1.56    2.95       8.87   22.26    2.47   -2.67      1.158   0.577   0.209
  
  11  574.2   5/2+   1/2  19    0.04    3.42    9.42    2.64    0.81       3.71   12.61    3.15   -2.97      0.485   0.327   0.265
  12  657.0   5/2+   3/2  20   -0.06   17.44   14.08    1.50    1.83       9.53   17.24    4.16   -4.96      1.245   0.447   0.351
  13  842.9   7/2+   3/2  22   -0.06    3.45    4.38    6.73    0.04       4.17   16.86    8.97   -2.63      0.545   0.437   0.756
  14  917.6   7/2+   3/2  19    0.03    2.88    9.11    3.29    0.16       3.50   20.41    5.85   -2.68      0.457   0.529   0.493
  15 1047.0  11/2+   5/2  20   -0.02   17.45   14.07    1.57    2.20       6.99   25.38   10.15   -3.06      0.912   0.658   0.855
  
  16 1051.4   9/2+   1/2  22   -0.08    2.97    3.68    7.64    0.28       4.49   21.07   10.67   -2.14      0.586   0.546   0.899
  17 1053.9  13/2+   3/2  20   -0.03   17.45   14.06    1.56    2.33       8.29   36.04    4.92   -2.39      1.083   0.934   0.415
  18 1115.0   9/2+   1/2  21    0.01   61.74    7.95    1.91    7.00      12.26   10.58    3.83   -7.12      1.602   0.274   0.323
  19 1547.1  11/2+   3/2  22   -0.07    3.44    3.95    7.08   -0.09       4.91   35.51   10.84   -2.09      0.642   0.921   0.914
  20 1765.5  13/2+   7/2  20   -0.03   17.46   14.03    1.55    2.03       8.52   30.26   14.72   -2.58      1.113   0.785   1.242
  
  21 1854.2   1/2+   1/2  20   -0.14   17.48   13.91    1.31   -1.58      20.86   13.62    1.71   -5.66      2.725   0.353   0.144
