1SPECTRUM OF (Z= 79 A=197) IN PARTICLE-ROTOR  MODEL WITH MODIFIED OSCILLATOR POTENTIAL


 PARITY=+   EPS= 0.307   GAMMA= 53.7   EPS4=0.000   EPS6=0.000   LEVELS:  18  19  20  21  22

 PAIRING FACTORS: GN0= 19.20  GN1=  7.40  IPAIR= 15 ***  E2PLUS(INPUT)=   0.434  E2PLUR(INPUT)=   0.000

 CORIOLIS ATTENUATION PARAMETERS:  CHSI=1.000  ETA=  1.00

 MOMENT OF INERTIA PARAMETERS:   A1=  4.375 MEV   A2=  0.063 MEV   A3=  0.08155 MEV


 DELTA=0.911 MEV  LAMBDA=40.2780 MEV   HW0= 6.6471 MEV   LAMBDA/HW0= 6.0595

 E2ENERGY=0.434 MEV  HBAR**2/B= 9015./A**(7/3)=1549.3/A**2 MEV

 IREC=0  =>  RECOIL TERMS j+j-, j+j+, jzjz, ETC TREATED AS ONE-BODY OPERATORS WITH UU+VV PAIRING FACTORS



 S. P. LEVEL   EQP       U     V        (UU + VV)**1.00

     18       2.449    0.189 0.982      1.000 0.999 0.909 0.689 0.566
     19       1.936    0.242 0.970      0.999 1.000 0.930 0.727 0.610
     20       0.963    0.581 0.814      0.909 0.930 1.000 0.928 0.858
     21       1.003    0.842 0.539      0.689 0.727 0.928 1.000 0.988
     22       1.242    0.917 0.400      0.566 0.610 0.858 0.988 1.000

  R CORE   ENERGY   A0R/A00=1.000    R3= 0     2  
   2( 1)    0.434                   -0.502 0.865
   2( 2)   17.644                    0.865 0.502

  R CORE   ENERGY   A0R/A00=1.000    R3= 0     2  
   3( 1)   18.078                    0.000 1.000

  R CORE   ENERGY   A0R/A00=1.000    R3= 0     2     4  
   4( 1)    1.446                    0.379-0.563 0.735

  R CORE   ENERGY   A0R/A00=1.000    R3= 0     2     4  
   5( 1)   19.380                    0.000-0.502 0.865

  R CORE   ENERGY   A0R/A00=1.000    R3= 0     2     4     6  
   6( 1)    3.034                   -0.319 0.461-0.499 0.661

  R CORE   ENERGY   A0R/A00=1.000    R3= 0     2     4     6  
   7( 1)   21.261                    0.000 0.315-0.588 0.745
 

             ENERGY     K= 1/2
 
 I=  1/2+ (1)  1.883  19: 0.063
                      21:-0.382
                      22: 0.922
 
 I=  1/2+ (2)  3.600  18:-0.347
                      19:-0.936
                      22: 0.064

             ENERGY     K= 1/2  -3/2
 
 I=  3/2+ (1)  1.699  19:-0.050 0.080
                      21:-0.821-0.403
                      22:-0.240-0.311
 
 I=  3/2+ (2)  2.081  18:-0.121-0.050
                      19: 0.024 0.076
                      21:-0.052 0.398
                      22: 0.504-0.749

             ENERGY     K= 5/2   1/2  -3/2
 
 I=  5/2+ (1)  2.040  19:-0.091 0.053-0.040
                      21:-0.547-0.301 0.670
                      22:-0.112-0.186 0.315
 
 I=  5/2+ (2)  2.354  18:-0.067-0.099 0.169
                      19: 0.172-0.046-0.012
                      21:-0.237 0.217-0.201
                      22: 0.718-0.430 0.285

             ENERGY     K= 5/2   1/2  -3/2  -7/2
 
 I=  7/2+ (1)  2.438  18:-0.068 0.062-0.046 0.021
                      19:-0.046 0.067-0.098 0.172
                      21:-0.579 0.458-0.173-0.367
                      22:-0.115 0.028 0.130-0.450
 
 I=  7/2+ (2)  2.878  18:-0.163 0.125-0.037-0.133
                      19: 0.063-0.038-0.008 0.094
                      21: 0.152-0.059-0.114 0.459
                      22: 0.323-0.378 0.411-0.508

             ENERGY     K= 9/2   5/2   1/2  -3/2  -7/2
 
 I=  9/2+ (1)  3.118  18:-0.063 0.031-0.017 0.009-0.004
                      19:-0.125 0.081-0.067 0.058-0.049
                      21:-0.550 0.026 0.259-0.438 0.503
                      22:-0.112-0.061 0.161-0.222 0.237
 
 I=  9/2+ (2)  3.327  18:-0.114-0.036 0.120-0.172 0.187
                      19: 0.224-0.101 0.041-0.000-0.024
                      21:-0.193 0.164-0.160 0.153-0.134
                      22: 0.608-0.396 0.309-0.243 0.178

             ENERGY     K= 9/2   5/2   1/2  -3/2  -7/2 -11/2
 
 I= 11/2+ (1)  3.668  18:-0.091 0.094-0.084 0.065-0.039 0.000
                      19:-0.036 0.053-0.072 0.098-0.137 0.230
                      21:-0.412 0.409-0.335 0.210-0.030-0.283
                      22:-0.052 0.017 0.041-0.122 0.238-0.479
 
 I= 11/2+ (2)  4.252  18: 0.159-0.153 0.116-0.057-0.029 0.186
                      19:-0.080 0.076-0.058 0.031 0.005-0.068
                      21:-0.202 0.174-0.100-0.011 0.171-0.478
                      22:-0.246 0.286-0.300 0.302-0.304 0.352

             ENERGY     K=13/2   9/2   5/2   1/2  -3/2  -7/2 -11/2
 
 I= 13/2+ (1)  1.981  20:-0.015-0.136-0.417-0.649-0.561-0.262-0.055
 
 I= 13/2+ (2)  4.750  18: 0.061-0.042 0.036-0.033 0.031-0.029 0.025
                      19: 0.176-0.115 0.092-0.078 0.068-0.059 0.048
                      21: 0.498-0.119-0.091 0.243-0.352 0.415-0.410
                      22: 0.177-0.034-0.047 0.107-0.149 0.174-0.171

             ENERGY     K=13/2   9/2   5/2   1/2  -3/2  -7/2 -11/2
  21 LEVELS    TIME=  0.0 SEC



 ******************* EXCITATION ENERGIES, DOMINANT CONFIGURATION AND EXPECTATION VALUES (WITH S.P. UU+VV FACTORS) *******************

  NR  Eex(keV)  I   Kdom  NY    <Jz>  <Jx**2> <Jy**2> <Jz**2> <I.j>/|I|  <Rx**2> <Ry**2> <Rz**2> <R.j>/|R|  <HROTx> <HROTy> <HROTz>

   1    0.0   3/2+   1/2  21   -0.02    2.18    3.77    3.53    1.33       0.02    4.20    3.87   -2.43      0.068   0.265   0.315
   2  184.0   1/2+   1/2  22    0.08    0.26    4.15    3.96    0.38       0.01    4.32    4.13   -2.76      0.062   0.273   0.337
   3  282.3  13/2+   1/2  20   -0.00   42.15    3.63    2.90    6.04       0.02    6.92    6.11   -1.80      0.083   0.437   0.498
   4  341.0   5/2+   3/2  21   -0.02    2.19    3.77    3.55    0.93       0.02    6.56    6.15   -1.89      0.071   0.414   0.501
   5  382.5   3/2+   3/2  22   -0.06    0.36    4.15    4.00    0.36       0.02    5.50    5.34   -2.37      0.070   0.347   0.435
  
   6  655.1   5/2+   5/2  22    0.18    0.38    4.18    4.05    0.61       0.02    6.96    6.74   -1.83      0.083   0.440   0.550
   7  739.7   7/2+   5/2  21   -0.09    1.87    3.87    3.76    1.04       0.02    8.78    8.16   -1.30      0.101   0.554   0.665
   8 1179.5   7/2+   7/2  22   -0.05    0.73    4.10    3.99    0.42       0.02   10.72   10.51   -1.55      0.078   0.677   0.857
   9 1419.2   9/2+   9/2  21   -0.04    2.14    3.78    3.63    0.72       0.02   13.96   13.15   -1.15      0.088   0.881   1.073
  10 1627.9   9/2+   9/2  22    0.23    0.49    4.22    4.17    0.80       0.02   12.98   12.64   -0.97      0.109   0.820   1.031
  
  11 1799.4   3/2+   1/2  18    0.05    2.18    4.79    5.25    0.98       0.06    5.83    6.29   -2.96      0.282   0.368   0.513
  12 1901.5   1/2+   1/2  19   -0.26    0.49    4.45    6.66    0.04       0.16    4.94    7.17   -3.30      0.709   0.312   0.585
  13 1969.1  11/2+  11/2  22   -0.17    1.55    3.99    4.01    1.09       0.03   16.69   15.56   -0.54      0.141   1.054   1.269
  14 2212.4   5/2+   3/2  18    0.09    2.16    4.78    5.17    0.41       0.06    8.99    9.39   -2.54      0.265   0.568   0.766
  15 2553.4  11/2+  11/2  21    0.01    1.10    4.04    3.97    0.43       0.02   20.21   19.55   -1.04      0.084   1.276   1.594
  
  16 2712.7   7/2+   7/2  18   -0.07    1.84    4.70    5.49    0.32       0.08   12.36   12.83   -2.14      0.355   0.780   1.046
  17 3051.2  13/2+  13/2  21   -0.03    2.10    3.80    3.74    0.68       0.03   25.33   23.56   -0.70      0.117   1.599   1.921
  18 3136.3  13/2+  13/2  22    0.23    0.58    4.26    4.25    0.88       0.03   23.15   22.39   -0.44      0.123   1.461   1.826
  19 3481.2   9/2+   9/2  18    0.12    2.03    4.72    5.17   -0.00       0.06   18.34   18.31   -1.97      0.273   1.158   1.493
  20 4196.1  11/2+  11/2  18   -0.14    1.58    4.59    5.68    0.09       0.10   23.35   23.04   -1.66      0.416   1.474   1.879
  
  2117346.4   1/2+   1/2  21   -0.00    2.24    3.69    3.54   -0.86       3.99    3.94    3.79   -2.99     17.449   0.249   0.309
