1SPECTRUM OF (Z= 79 A=197) IN PARTICLE-ROTOR  MODEL WITH MODIFIED OSCILLATOR POTENTIAL


 PARITY=+   EPS= 0.098   GAMMA= 60.0   EPS4=0.000   EPS6=0.000   LEVELS:  19  20  21  22  23

 PAIRING FACTORS: GN0= 19.20  GN1=  7.40  IPAIR= 15 ***  E2PLUS(INPUT)=   0.434  E2PLUR(INPUT)=   0.000

 CORIOLIS ATTENUATION PARAMETERS:  CHSI=1.000  ETA=  1.00

 MOMENT OF INERTIA PARAMETERS:   A1= 72.479 MEV   A2=  0.072 MEV   A3=  0.07248 MEV


 DELTA=0.588 MEV  LAMBDA=39.7881 MEV   HW0= 6.5882 MEV   LAMBDA/HW0= 6.0393

 E2ENERGY=0.434 MEV  HBAR**2/B=  943./A**(7/3)= 162.1/A**2 MEV

 IREC=0  =>  RECOIL TERMS j+j-, j+j+, jzjz, ETC TREATED AS ONE-BODY OPERATORS WITH UU+VV PAIRING FACTORS



 S. P. LEVEL   EQP       U     V        (UU + VV)**1.00

     19       2.184    0.136 0.991      1.000 0.963 0.939 0.413 0.248
     20       0.805    0.398 0.917      0.963 1.000 0.997 0.644 0.501
     21       0.711    0.469 0.883      0.939 0.997 1.000 0.702 0.567
     22       1.075    0.958 0.286      0.413 0.644 0.702 1.000 0.985
     23       2.589    0.993 0.114      0.248 0.501 0.567 0.985 1.000

  R CORE   ENERGY   A0R/A00=1.000    R3= 0     2  
   2( 1)    0.435                   -0.500 0.866
   2( 2)  290.061                    0.866 0.500

  R CORE   ENERGY   A0R/A00=1.000    R3= 0     2  
   3( 1)  290.495                    0.000 1.000

  R CORE   ENERGY   A0R/A00=1.000    R3= 0     2     4  
   4( 1)    1.450                    0.375-0.559 0.740

  R CORE   ENERGY   A0R/A00=1.000    R3= 0     2     4  
   5( 1)  291.800                    0.000-0.500 0.866

  R CORE   ENERGY   A0R/A00=1.000    R3= 0     2     4     6  
   6( 1)    3.044                   -0.312 0.453-0.496 0.672

  R CORE   ENERGY   A0R/A00=1.000    R3= 0     2     4     6  
   7( 1)  293.685                    0.000 0.312-0.586 0.747
 

             ENERGY     K= 1/2
 
 I=  1/2+ (1)  0.930  21: 0.940
                      22: 0.337
 
 I=  1/2+ (2)  1.418  21:-0.338
                      22: 0.941

             ENERGY     K= 1/2  -3/2
 
 I=  3/2+ (1)  0.934  19:-0.036 0.063
                      20: 0.624 0.360
                      21: 0.314-0.544
                      22:-0.142 0.246
 
 I=  3/2+ (2)  1.253  20:-0.567-0.327
                      21: 0.377-0.654

             ENERGY     K= 5/2   1/2  -3/2
 
 I=  5/2+ (1)  1.305  19: 0.055-0.035 0.025
                      20:-0.440-0.278 0.590
                      21:-0.482 0.305-0.216
 
 I=  5/2+ (2)  1.486  19:-0.051 0.032-0.023
                      20: 0.295 0.187-0.396
                      21:-0.501 0.317-0.224
                      22:-0.444 0.281-0.199

             ENERGY     K= 5/2   1/2  -3/2  -7/2
 
 I=  7/2+ (1)  1.465  19:-0.025 0.034-0.044 0.067
                      20: 0.410-0.305 0.079 0.361
                      21: 0.177-0.237 0.307-0.468
                      22:-0.123 0.165-0.213 0.325
 
 I=  7/2+ (2)  2.263  20: 0.460-0.343 0.088 0.405
                      21:-0.197 0.265-0.342 0.522

             ENERGY     K= 9/2   5/2   1/2  -3/2  -7/2
 
 I=  9/2+ (1)  2.324  19: 0.074-0.049 0.040-0.032 0.025
                      20:-0.451 0.000 0.241-0.394 0.451
                      21:-0.426 0.284-0.227 0.186-0.142
 
 I=  9/2+ (2)  2.536  19:-0.127 0.085-0.068 0.055-0.042
                      20: 0.269 0.000-0.144 0.235-0.269
                      21:-0.426 0.284-0.227 0.186-0.142
                      22:-0.432 0.288-0.231 0.188-0.144

             ENERGY     K= 9/2   5/2   1/2  -3/2  -7/2 -11/2
 
 I= 11/2+ (1)  2.561  19:-0.020 0.026-0.031 0.037-0.046 0.068
                      20: 0.305-0.289 0.220-0.111-0.045 0.337
                      21: 0.126-0.163 0.195-0.231 0.282-0.419
                      22:-0.101 0.130-0.156 0.184-0.225 0.334
 
 I= 11/2+ (2)  3.846  20: 0.390-0.369 0.281-0.142-0.058 0.431
                      21:-0.130 0.168-0.201 0.238-0.291 0.432
                      22: 0.021-0.027 0.032-0.038 0.046-0.069

             ENERGY     K=13/2   9/2   5/2   1/2  -3/2  -7/2 -11/2
 
 I= 13/2+ (1)  3.533  23:-0.016-0.138-0.418-0.647-0.561-0.264-0.056
 
 I= 13/2+ (2)  3.919  19:-0.114 0.077-0.064 0.055-0.047 0.040-0.031
                      20: 0.456-0.103-0.085 0.220-0.318 0.378-0.380
                      21: 0.358-0.243 0.201-0.173 0.150-0.127 0.099

             ENERGY     K=13/2   9/2   5/2   1/2  -3/2  -7/2 -11/2
  21 LEVELS    TIME=  0.0 SEC



 ******************* EXCITATION ENERGIES, DOMINANT CONFIGURATION AND EXPECTATION VALUES (WITH S.P. UU+VV FACTORS) *******************

  NR  Eex(keV)  I   Kdom  NY    <Jz>  <Jx**2> <Jy**2> <Jz**2> <I.j>/|I|  <Rx**2> <Ry**2> <Rz**2> <R.j>/|R|  <HROTx> <HROTy> <HROTz>

   1    0.0   1/2+   1/2  21    0.20    0.25    1.16    1.16    0.52       0.00    1.21    1.21   -1.36      0.000   0.087   0.087
   2    4.0   3/2+   1/2  20   -0.31    1.29    1.54    1.54    1.61       0.00    0.94    0.94   -0.91      0.000   0.068   0.068
   3  323.3   3/2+   3/2  21   -0.07    1.11    1.37    1.37    0.19       0.00    3.44    3.44   -1.33      0.000   0.249   0.249
   4  375.2   5/2+   3/2  20   -0.03    1.49    1.30    1.30    0.94       0.00    3.64    3.64   -0.48      0.000   0.264   0.264
   5  488.7   1/2+   1/2  22   -0.66    0.25    1.74    1.74   -0.47       0.00    2.65    2.65   -1.80      0.000   0.192   0.192
  
   6  535.5   7/2+   7/2  21   -0.46    1.05    1.65    1.65    1.43       0.00    4.38    4.38    0.45      0.000   0.317   0.317
   7  556.3   5/2+   5/2  21    0.31    0.81    1.21    1.21    0.56       0.00    4.33    4.33   -0.54      0.000   0.314   0.314
   8  559.3   3/2+   3/2  22   -0.11    0.35    1.23    1.23    0.15       0.00    2.98    2.98   -1.03      0.000   0.216   0.216
   9 1333.7   7/2+   7/2  21   -0.07    1.25    1.39    1.39   -0.12      -0.00   10.38   10.38   -0.99     -0.000   0.752   0.752
  10 1352.9   5/2+   5/2  22   -0.62    0.41    1.88    1.88   -0.80       0.00    8.84    8.84   -1.56      0.000   0.641   0.641
  
  11 1394.3   9/2+   9/2  20   -0.05    1.49    1.30    1.30    0.77      -0.00   10.61   10.61   -0.06     -0.000   0.769   0.769
  12 1471.4   7/2+   7/2  22    0.04    0.44    1.08    1.08   -0.07       0.00    9.45    9.45   -0.66      0.000   0.685   0.685
  13 1606.9   9/2+   9/2  22    0.41    0.69    1.45    1.45    0.60      -0.00   11.17   11.17   -0.12     -0.000   0.809   0.809
  14 1631.0  11/2+  11/2  21   -0.51    0.96    1.69    1.69    1.38      -0.00   11.81   11.81    0.80     -0.000   0.856   0.856
  15 1706.5   1/2+   1/2  19    1.27    0.25    4.16    4.16    1.76      -0.00    3.14    3.14   -2.81     -0.000   0.228   0.228
  
  16 2603.4  13/2+   1/2  23    0.00   42.25    3.25    3.25    6.05       0.00    6.50    6.50   -1.80      0.002   0.471   0.471
  17 2627.2   9/2+   9/2  19    0.53    0.27    3.10    3.10    0.56       0.00   12.81   12.81   -0.72      0.000   0.928   0.928
  18 2916.4  11/2+  11/2  21   -0.13    1.40    1.47    1.47   -0.20       0.00   21.23   21.23   -0.85      0.000   1.538   1.538
  19 2980.9  11/2+  11/2  22    0.15    0.37    0.96    0.96   -0.16       0.00   19.98   19.98   -0.51      0.000   1.448   1.448
  20 2989.9  13/2+  13/2  20   -0.08    1.58    1.33    1.33    0.73      -0.00   21.39   21.39    0.13     -0.000   1.550   1.550
  
  21 3185.9  13/2+  13/2  21    0.58    0.50    1.84    1.84    0.71      -0.00   21.48   21.48    0.12     -0.000   1.557   1.557
