1SPECTRUM OF (Z= 79 A=197) IN PARTICLE-ROTOR  MODEL WITH MODIFIED OSCILLATOR POTENTIAL


 PARITY=+   EPS= 0.259   GAMMA= 15.0   EPS4=0.000   EPS6=0.000   LEVELS:  19  20  21  22  23

 PAIRING FACTORS: GN0= 19.20  GN1=  7.40  IPAIR= 15 ***  E2PLUS(INPUT)=   0.081  E2PLUR(INPUT)=   0.000

 CORIOLIS ATTENUATION PARAMETERS:  CHSI=1.000  ETA=  1.00

 MOMENT OF INERTIA PARAMETERS:   A1=  0.018 MEV   A2=  0.009 MEV   A3=  0.13190 MEV


 DELTA=1.000 MEV  LAMBDA=40.4396 MEV   HW0= 6.6332 MEV   LAMBDA/HW0= 6.0966

 E2ENERGY=0.081 MEV  HBAR**2/B= 1071./A**(7/3)= 184.0/A**2 MEV

 IREC=0  =>  RECOIL TERMS j+j-, j+j+, jzjz, ETC TREATED AS ONE-BODY OPERATORS WITH UU+VV PAIRING FACTORS



 S. P. LEVEL   EQP       U     V        (UU + VV)**1.00

     19       1.652    0.319 0.948      1.000 0.997 0.791 0.730 0.621
     20       1.397    0.388 0.922      0.997 1.000 0.834 0.778 0.677
     21       1.084    0.833 0.554      0.791 0.834 1.000 0.996 0.971
     22       1.199    0.881 0.473      0.730 0.778 0.996 1.000 0.989
     23       1.569    0.941 0.339      0.621 0.677 0.971 0.989 1.000

  R CORE   ENERGY   A0R/A00=1.000    R3= 0     2  
   2( 1)    0.081                    1.000-0.030
   2( 2)    0.555                    0.030 1.000

  R CORE   ENERGY   A0R/A00=1.000    R3= 0     2  
   3( 1)    0.636                    0.000 1.000

  R CORE   ENERGY   A0R/A00=1.000    R3= 0     2     4  
   4( 1)    0.265                    0.993-0.114 0.001

  R CORE   ENERGY   A0R/A00=1.000    R3= 0     2     4  
   5( 1)    0.879                    0.000 1.000-0.030

  R CORE   ENERGY   A0R/A00=1.000    R3= 0     2     4     6  
   6( 1)    0.542                    0.973-0.232 0.008-0.000

  R CORE   ENERGY   A0R/A00=1.000    R3= 0     2     4     6  
   7( 1)    1.227                    0.000 0.998-0.067 0.001
 

             ENERGY     K= 1/2
 
 I=  1/2+ (1)  1.600  19: 0.127
                      20:-0.185
                      22:-0.974
 
 I=  1/2+ (2)  1.822  21: 0.963
                      23:-0.271

             ENERGY     K= 1/2  -3/2
 
 I=  3/2+ (1)  1.543  19:-0.014-0.097
                      20: 0.020 0.157
                      22: 0.098 0.978
 
 I=  3/2+ (2)  1.636  19: 0.126-0.006
                      20:-0.170 0.016
                      22:-0.972 0.100

             ENERGY     K= 5/2   1/2  -3/2
 
 I=  5/2+ (1)  1.523  19: 0.097-0.004 0.002
                      20:-0.982 0.026-0.009
                      22: 0.150 0.011-0.051
 
 I=  5/2+ (2)  1.566  21: 0.089 0.857 0.386
                      23:-0.045-0.196 0.260

             ENERGY     K= 5/2   1/2  -3/2  -7/2
 
 I=  7/2+ (1)  1.616  19: 0.096-0.006-0.005 0.101
                      20:-0.975 0.049 0.011 0.012
                      22: 0.149-0.003 0.065 0.011
 
 I=  7/2+ (2)  1.706  19: 0.007 0.010 0.096 0.032
                      20:-0.063-0.011-0.157 0.008
                      22: 0.006-0.053-0.978 0.026

             ENERGY     K= 9/2   5/2   1/2  -3/2  -7/2
 
 I=  9/2+ (1)  1.433  21:-0.001-0.145-0.828-0.433-0.023
                      23: 0.001 0.073 0.166-0.267-0.026
 
 I=  9/2+ (2)  1.730  19: 0.005-0.094 0.020-0.021 0.141
                      20:-0.055 0.949-0.098 0.031 0.016
                      22: 0.009-0.142-0.080 0.171 0.009

             ENERGY     K= 9/2   5/2   1/2  -3/2  -7/2 -11/2
 
 I= 11/2+ (1)  1.813  21:-0.018-0.479-0.378 0.681 0.145 0.000
                      23: 0.012 0.215 0.004 0.267 0.156 0.000
 
 I= 11/2+ (2)  1.870  19:-0.010 0.094-0.011-0.019 0.177-0.015
                      20: 0.106-0.951 0.115 0.011 0.020-0.002
                      22:-0.017 0.146-0.022 0.091 0.014-0.002

             ENERGY     K=13/2   9/2   5/2   1/2  -3/2  -7/2 -11/2
 
 I= 13/2+ (1)  1.426  21: 0.000-0.001-0.164-0.817-0.449-0.029 0.000
                      23:-0.000 0.001 0.083 0.151-0.268-0.034 0.000
 
 I= 13/2+ (2)  2.016  19:-0.000 0.010-0.065 0.066-0.077 0.120-0.018
                      20: 0.002-0.104 0.630-0.190 0.101 0.005-0.002
                      22:-0.000 0.016-0.067-0.402 0.590-0.043-0.001

             ENERGY     K=13/2   9/2   5/2   1/2  -3/2  -7/2 -11/2
  21 LEVELS    TIME=  0.0 SEC



 ******************* EXCITATION ENERGIES, DOMINANT CONFIGURATION AND EXPECTATION VALUES (WITH S.P. UU+VV FACTORS) *******************

  NR  Eex(keV)  I   Kdom  NY    <Jz>  <Jx**2> <Jy**2> <Jz**2> <I.j>/|I|  <Rx**2> <Ry**2> <Rz**2> <R.j>/|R|  <HROTx> <HROTy> <HROTz>

   1    0.0  13/2+   1/2  21    0.02   35.48    9.91    1.24    5.75       3.12   10.99    1.01   -1.67      0.055   0.104   0.133
   2    7.1   9/2+   1/2  21    0.05   35.35   10.04    1.23    5.71       5.44    8.20    0.95   -4.77      0.096   0.078   0.125
   3   97.5   5/2+   5/2  20    2.37    1.50    1.59    6.05    2.01       2.67    2.89    0.41   -1.30      0.047   0.027   0.054
   4  116.8   3/2+   3/2  22   -0.63    1.58    0.74    1.77    0.55       2.40    1.19    2.13   -1.27      0.042   0.011   0.281
   5  139.6   5/2+   1/2  21    0.12   35.06   10.35    1.19    5.56      14.32    7.34    0.81   -6.36      0.253   0.070   0.107
  
   6  169.0   5/2+   3/2  22   -0.62    1.59    0.73    1.77    0.50       3.09    4.61    2.18   -0.83      0.055   0.044   0.287
   7  173.6   1/2+   1/2  22   -0.62    1.62    0.69    1.72   -0.31       2.19    0.53    2.60   -1.87      0.039   0.005   0.343
   8  189.5   7/2+   5/2  20    2.31    1.51    1.59    6.10    1.55       5.79    6.44    0.42   -0.86      0.102   0.061   0.055
   9  209.8   3/2+   1/2  22   -0.63    1.61    0.70    1.73   -0.26       2.65    3.57    2.60   -1.53      0.047   0.034   0.343
  10  280.2   7/2+   3/2  22   -0.62    1.58    0.74    1.80    0.28       8.49    7.06    2.12   -0.72      0.150   0.067   0.280
  
  11  304.5   9/2+   5/2  20    2.14    1.52    1.55    5.99    1.27       9.03   11.66    0.51   -0.60      0.160   0.110   0.067
  12  344.9   9/2+   3/2  22   -0.52    1.59    0.76    1.95    0.46       6.59   15.65    2.19   -0.40      0.117   0.148   0.289
  13  349.0   7/2+   7/2  19   -3.33    1.75    1.80   11.78    2.94       3.52    3.87    0.32   -1.31      0.062   0.037   0.042
  14  387.4  11/2+   3/2  21   -0.24   35.46    9.79    1.43    4.27       7.76   21.15    2.45   -3.78      0.137   0.200   0.323
  15  395.7   1/2+   1/2  21    0.53   34.56   11.03    0.92    4.18      29.81    9.57    0.65   -6.78      0.527   0.091   0.085
  
  16  443.9  11/2+   5/2  20    2.17    1.51    1.59    6.21    1.11      12.63   18.68    0.52   -0.48      0.223   0.177   0.068
  17  511.1   3/2+   3/2  21   -0.48   33.50   11.50    1.68    2.08      28.53   13.12    0.71   -6.55      0.504   0.124   0.093
  18  535.8   1/2+   1/2  20    2.38    1.47    1.62    6.09    1.39       1.70    1.87    3.96   -2.91      0.030   0.018   0.523
  19  544.7  11/2+   3/2  22   -0.65    1.58    0.76    1.91    0.03      14.40   23.08    2.16   -0.65      0.254   0.219   0.285
  20  590.1  13/2+   5/2  20    0.64    1.62    1.04    3.68    0.74      12.57   30.61    1.53   -0.17      0.222   0.290   0.202
  
  21  614.7  13/2+   5/2  20    0.85    1.50    1.27    4.40    0.68      13.72   31.30    1.42   -0.36      0.242   0.296   0.187
