1SPECTRUM OF (Z= 79 A=197) IN PARTICLE-ROTOR  MODEL WITH MODIFIED OSCILLATOR POTENTIAL


 PARITY=+   EPS= 0.403   GAMMA= 43.2   EPS4=0.000   EPS6=0.000   LEVELS:  18  19  20  21  22

 PAIRING FACTORS: GN0= 19.20  GN1=  7.40  IPAIR= 15 ***  E2PLUS(INPUT)=   0.170  E2PLUR(INPUT)=   0.000

 CORIOLIS ATTENUATION PARAMETERS:  CHSI=1.000  ETA=  1.00

 MOMENT OF INERTIA PARAMETERS:   A1=  0.215 MEV   A2=  0.019 MEV   A3=  0.03826 MEV


 DELTA=0.838 MEV  LAMBDA=40.3656 MEV   HW0= 6.6973 MEV   LAMBDA/HW0= 6.0272

 E2ENERGY=0.170 MEV  HBAR**2/B= 5260./A**(7/3)= 903.9/A**2 MEV

 IREC=0  =>  RECOIL TERMS j+j-, j+j+, jzjz, ETC TREATED AS ONE-BODY OPERATORS WITH UU+VV PAIRING FACTORS



 S. P. LEVEL   EQP       U     V        (UU + VV)**1.00

     18       2.166    0.197 0.980      1.000 0.997 0.971 0.570 0.506
     19       1.591    0.274 0.962      0.997 1.000 0.987 0.633 0.572
     20       1.085    0.427 0.904      0.971 0.987 1.000 0.751 0.698
     21       1.151    0.918 0.397      0.570 0.633 0.751 1.000 0.997
     22       1.359    0.945 0.326      0.506 0.572 0.698 0.997 1.000

  R CORE   ENERGY   A0R/A00=1.000    R3= 0     2  
   2( 1)    0.170                   -0.538 0.843
   2( 2)    0.917                    0.843 0.538

  R CORE   ENERGY   A0R/A00=1.000    R3= 0     2  
   3( 1)    1.087                    0.000 1.000

  R CORE   ENERGY   A0R/A00=1.000    R3= 0     2     4  
   4( 1)    0.550                   -0.465 0.633-0.619

  R CORE   ENERGY   A0R/A00=1.000    R3= 0     2     4  
   5( 1)    1.597                    0.000-0.538 0.843

  R CORE   ENERGY   A0R/A00=1.000    R3= 0     2     4     6  
   6( 1)    1.106                   -0.449 0.602-0.511 0.418

  R CORE   ENERGY   A0R/A00=1.000    R3= 0     2     4     6  
   7( 1)    2.322                    0.000 0.372-0.632 0.680
 

             ENERGY     K= 1/2
 
 I=  1/2+ (1)  1.774  18:-0.133
                      20: 0.991
 
 I=  1/2+ (2)  2.144  22: 1.000

             ENERGY     K= 1/2  -3/2
 
 I=  3/2+ (1)  1.815  18: 0.035-0.159
                      20:-0.536 0.754
                      22:-0.297-0.173
 
 I=  3/2+ (2)  1.894  20: 0.154-0.311
                      22:-0.851-0.394

             ENERGY     K= 5/2   1/2  -3/2
 
 I=  5/2+ (1)  1.984  18:-0.102 0.059-0.035
                      20: 0.530-0.409 0.296
                      22: 0.334 0.266-0.517
 
 I=  5/2+ (2)  2.056  18:-0.073 0.010 0.072
                      20: 0.373-0.437 0.358
                      22:-0.383-0.273 0.556

             ENERGY     K= 5/2   1/2  -3/2  -7/2
 
 I=  7/2+ (1)  2.091  18: 0.038 0.017-0.090 0.166
                      20: 0.321-0.451 0.489-0.476
                      22: 0.290-0.245 0.072 0.202
 
 I=  7/2+ (2)  2.218  18:-0.101 0.039 0.026-0.046
                      20:-0.174 0.258-0.257 0.155
                      22: 0.618-0.528 0.211 0.304

             ENERGY     K= 9/2   5/2   1/2  -3/2  -7/2
 
 I=  9/2+ (1)  2.389  18:-0.108 0.072-0.041 0.011 0.010
                      20: 0.322-0.358 0.368-0.319 0.216
                      22: 0.273 0.044-0.279 0.406-0.382
 
 I=  9/2+ (2)  2.490  18: 0.085-0.039-0.036 0.108-0.136
                      20:-0.110 0.291-0.390 0.384-0.276
                      22: 0.261 0.055-0.283 0.415-0.405

             ENERGY     K= 9/2   5/2   1/2  -3/2  -7/2 -11/2
 
 I= 11/2+ (1)  1.871  21:-0.077-0.378-0.697-0.571-0.198-0.019
 
 I= 11/2+ (2)  2.545  18: 0.066-0.042-0.012 0.073-0.118 0.140
                      20: 0.202-0.340 0.429-0.444 0.384-0.286
                      22: 0.203-0.252 0.219-0.120-0.010 0.147

             ENERGY     K=13/2   9/2   5/2   1/2  -3/2  -7/2 -11/2
 
 I= 13/2+ (1)  1.868  19:-0.008-0.097-0.348-0.577-0.488-0.204-0.034
                      21: 0.016 0.144 0.304 0.103-0.260-0.245-0.060
 
 I= 13/2+ (2)  2.355  19: 0.002 0.041 0.192 0.351 0.289 0.102 0.011
                      21: 0.027 0.246 0.519 0.176-0.444-0.418-0.103

             ENERGY     K=13/2   9/2   5/2   1/2  -3/2  -7/2 -11/2
  21 LEVELS    TIME=  0.0 SEC



 ******************* EXCITATION ENERGIES, DOMINANT CONFIGURATION AND EXPECTATION VALUES (WITH S.P. UU+VV FACTORS) *******************

  NR  Eex(keV)  I   Kdom  NY    <Jz>  <Jx**2> <Jy**2> <Jz**2> <I.j>/|I|  <Rx**2> <Ry**2> <Rz**2> <R.j>/|R|  <HROTx> <HROTy> <HROTz>

   1    0.0   1/2+   1/2  20   -0.21    1.39    1.98    9.03    0.03       1.22    2.39    9.49   -3.42      0.261   0.045   0.363
   2   40.5   3/2+   3/2  20   -0.19    1.44    2.59    8.13    0.56       1.19    3.56    9.01   -2.99      0.256   0.067   0.345
   3   93.5  13/2+   1/2  19   -0.01   37.88    6.58    3.19    6.00       0.31    7.77    4.60   -1.62      0.066   0.147   0.176
   4   96.7  11/2+   1/2  21   -0.03   28.43   12.59    5.87    4.86       0.50   15.96    8.13   -3.60      0.107   0.302   0.311
   5  119.8   3/2+   1/2  22    0.11    1.57    6.15    2.77    0.46       1.34    7.53    3.59   -2.72      0.288   0.142   0.137
  
   6  209.8   5/2+   5/2  20   -0.07    1.49    4.12    5.84    0.40       1.26    7.53    9.05   -2.43      0.271   0.142   0.346
   7  242.7   3/2+   1/2  20    0.21    1.63    2.78    8.00    0.63       1.44    3.49    8.79   -3.02      0.310   0.066   0.336
   8  281.4   5/2+   3/2  22   -0.02    1.51    4.56    5.13   -0.05       1.36   10.38    8.50   -2.52      0.292   0.196   0.325
   9  317.1   7/2+   3/2  20   -0.15    1.48    3.00    7.52    0.55       1.24   10.34   11.81   -2.03      0.266   0.196   0.452
  10  369.5   1/2+   1/2  22    0.18    1.60    6.74    1.89   -0.43       2.68    7.08    1.97   -3.10      0.576   0.134   0.075
  
  11  388.9   5/2+   5/2  20    0.22    1.62    2.83    7.94    0.44       1.43    5.32   11.79   -2.58      0.308   0.101   0.451
  12  444.2   7/2+   5/2  22    0.18    1.55    5.78    3.37    0.17       1.45   16.31    7.31   -2.00      0.311   0.309   0.280
  13  581.2  13/2+   5/2  21   -0.02   31.67   10.53    4.95    4.09       0.46   24.42   13.90   -2.99      0.098   0.462   0.532
  14  597.5   7/2+   7/2  20    0.10    1.63    2.80    7.96    0.28       1.41    8.60   15.91   -2.22      0.302   0.163   0.609
  15  614.5   9/2+   3/2  22   -0.07    1.49    4.19    5.76    0.32       1.39   18.24   13.41   -1.72      0.298   0.345   0.513
  
  16  715.3   9/2+   3/2  22   -0.02    1.55    4.51    5.20   -0.13       1.50   23.93   11.84   -1.95      0.322   0.453   0.453
  17  770.9  11/2+   3/2  20   -0.12    1.50    3.04    7.45    0.52       1.42   24.71   15.37   -1.38      0.304   0.467   0.588
  18  775.3   9/2+   1/2  19   -0.01   35.53    8.07    3.86    5.54       3.74    8.36    5.00   -4.81      0.803   0.158   0.191
  19  926.7  11/2+   5/2  22    0.25    1.57    5.76    3.43    0.15       1.62   32.79   10.33   -1.48      0.349   0.620   0.395
  20 1182.3  13/2+   1/2  20   -0.10    1.47    4.00    6.06    0.26       1.66   37.78   17.26   -1.29      0.357   0.715   0.660
  
  21 1487.6   1/2+   1/2  18    0.12    2.98    5.86    4.69   -0.28       3.80    6.16    4.82   -3.58      0.814   0.116   0.184
