1SPECTRUM OF (Z= 79 A=197) IN PARTICLE-ROTOR  MODEL WITH MODIFIED OSCILLATOR POTENTIAL


 PARITY=+   EPS= 0.339   GAMMA= 17.1   EPS4=0.000   EPS6=0.000   LEVELS:  17  18  19  20  21

 PAIRING FACTORS: GN0= 19.20  GN1=  7.40  IPAIR= 15 ***  E2PLUS(INPUT)=   0.170  E2PLUR(INPUT)=   0.000

 CORIOLIS ATTENUATION PARAMETERS:  CHSI=1.000  ETA=  1.00

 MOMENT OF INERTIA PARAMETERS:   A1=  0.038 MEV   A2=  0.019 MEV   A3=  0.20493 MEV


 DELTA=1.053 MEV  LAMBDA=40.3741 MEV   HW0= 6.6717 MEV   LAMBDA/HW0= 6.0515

 E2ENERGY=0.170 MEV  HBAR**2/B= 3696./A**(7/3)= 635.3/A**2 MEV

 IREC=0  =>  RECOIL TERMS j+j-, j+j+, jzjz, ETC TREATED AS ONE-BODY OPERATORS WITH UU+VV PAIRING FACTORS



 S. P. LEVEL   EQP       U     V        (UU + VV)**1.00

     17       2.694    0.200 0.980      1.000 0.962 0.944 0.928 0.879
     18       1.293    0.459 0.889      0.962 1.000 0.998 0.994 0.976
     19       1.197    0.512 0.859      0.944 0.998 1.000 0.999 0.987
     20       1.146    0.550 0.835      0.928 0.994 0.999 1.000 0.993
     21       1.070    0.642 0.766      0.879 0.976 0.987 0.993 1.000

  R CORE   ENERGY   A0R/A00=1.000    R3= 0     2  
   2( 1)    0.170                    0.999-0.048
   2( 2)    0.879                    0.048 0.999

  R CORE   ENERGY   A0R/A00=1.000    R3= 0     2  
   3( 1)    1.049                    0.000 1.000

  R CORE   ENERGY   A0R/A00=1.000    R3= 0     2     4  
   4( 1)    0.548                    0.984-0.179 0.003

  R CORE   ENERGY   A0R/A00=1.000    R3= 0     2     4  
   5( 1)    1.559                    0.000 0.999-0.048

  R CORE   ENERGY   A0R/A00=1.000    R3= 0     2     4     6  
   6( 1)    1.099                    0.941-0.337 0.019-0.000

  R CORE   ENERGY   A0R/A00=1.000    R3= 0     2     4     6  
   7( 1)    2.282                    0.000 0.994-0.108 0.003
 

             ENERGY     K= 1/2
 
 I=  1/2+ (1)  1.697  17: 0.052
                      18:-0.974
                      19: 0.094
                      21:-0.199
 
 I=  1/2+ (2)  1.957  18:-0.218
                      19:-0.332
                      21: 0.917

             ENERGY     K= 1/2  -3/2
 
 I=  3/2+ (1)  1.703  17: 0.057-0.016
                      18:-0.987-0.038
                      19: 0.066-0.035
                      21:-0.121-0.014
 
 I=  3/2+ (2)  2.032  18:-0.106-0.055
                      19:-0.305-0.414
                      21: 0.839-0.126

             ENERGY     K= 5/2   1/2  -3/2
 
 I=  5/2+ (1)  1.507  18: 0.061 0.014-0.045
                      19: 0.319-0.017-0.003
                      21:-0.942 0.042-0.008
 
 I=  5/2+ (2)  1.952  17:-0.008 0.041 0.063
                      18: 0.034-0.938 0.217
                      19: 0.011 0.104 0.039
                      21:-0.034-0.227 0.036

             ENERGY     K= 5/2   1/2  -3/2  -7/2
 
 I=  7/2+ (1)  1.503  19: 0.056-0.004-0.045 0.937
                      21:-0.168 0.013-0.010 0.291
 
 I=  7/2+ (2)  1.702  17: 0.004-0.010 0.067 0.014
                      18: 0.055 0.012 0.063 0.001
                      19: 0.312-0.033 0.017-0.172
                      21:-0.922 0.081 0.012-0.053

             ENERGY     K= 9/2   5/2   1/2  -3/2  -7/2
 
 I=  9/2+ (1)  1.740  18: 0.002 0.068-0.004-0.022-0.023
                      19:-0.002 0.083-0.018 0.091-0.912
                      21: 0.006-0.250 0.038 0.018-0.283
 
 I=  9/2+ (2)  1.941  17: 0.002 0.010 0.012-0.085-0.016
                      18:-0.006 0.045 0.054-0.092 0.003
                      19:-0.023 0.299-0.054-0.025 0.257
                      21: 0.068-0.887 0.141-0.026 0.080

             ENERGY     K= 9/2   5/2   1/2  -3/2  -7/2 -11/2
 
 I= 11/2+ (1)  2.017  17: 0.007 0.059-0.007-0.032-0.005 0.000
                      18: 0.001-0.088 0.041-0.033-0.023 0.003
                      19: 0.009-0.099 0.014 0.133-0.880 0.112
                      21:-0.026 0.299-0.054 0.033-0.274 0.035
 
 I= 11/2+ (2)  2.227  17:-0.003-0.018 0.033-0.093-0.015 0.002
                      18: 0.010-0.037-0.022-0.083 0.007-0.001
                      19: 0.041-0.290 0.075-0.068 0.301-0.044
                      21:-0.122 0.858-0.178-0.021 0.094-0.014

             ENERGY     K=13/2   9/2   5/2   1/2  -3/2  -7/2 -11/2
 
 I= 13/2+ (1)  1.995  20: 0.000-0.002-0.191-0.843-0.501-0.036 0.000
 
 I= 13/2+ (2)  2.325  17: 0.001-0.004-0.067 0.039-0.047-0.005 0.001
                      18:-0.000-0.007 0.094-0.006-0.043-0.019 0.005
                      19: 0.000-0.019 0.118-0.054 0.186-0.827 0.184
                      21:-0.001 0.057-0.355 0.107 0.033-0.257 0.058

             ENERGY     K=13/2   9/2   5/2   1/2  -3/2  -7/2 -11/2
  21 LEVELS    TIME=  0.0 SEC



 ******************* EXCITATION ENERGIES, DOMINANT CONFIGURATION AND EXPECTATION VALUES (WITH S.P. UU+VV FACTORS) *******************

  NR  Eex(keV)  I   Kdom  NY    <Jz>  <Jx**2> <Jy**2> <Jz**2> <I.j>/|I|  <Rx**2> <Ry**2> <Rz**2> <R.j>/|R|  <HROTx> <HROTy> <HROTz>

   1    0.0   7/2+   7/2  19   -3.07    1.99    1.47   10.93    2.91       3.30    3.13    0.64   -1.08      0.127   0.059   0.132
   2    4.8   5/2+   5/2  21    2.10    1.84    1.24    5.57    1.83       2.76    2.48    1.30   -1.26      0.106   0.046   0.267
   3  194.7   1/2+   1/2  18    0.49    1.56    5.92    1.21   -0.15       2.38    6.35    0.98   -2.83      0.092   0.119   0.200
   4  199.2   7/2+   5/2  21    1.91    1.84    1.28    5.74    1.40       5.66    6.50    1.30   -0.89      0.218   0.122   0.267
   5  200.6   3/2+   1/2  18    0.46    1.62    5.93    1.17    0.57       2.16    7.16    0.94   -2.38      0.083   0.134   0.192
  
   6  237.1   9/2+   7/2  19   -2.84    2.00    1.47   10.68    2.35       6.83    7.94    0.70   -0.62      0.263   0.149   0.144
   7  438.7   9/2+   5/2  21    1.66    1.83    1.36    5.91    1.16       8.41   12.59    1.35   -0.71      0.324   0.236   0.276
   8  449.1   5/2+   1/2  18    0.45    1.55    5.87    1.28   -0.15       5.71   11.49    1.12   -2.13      0.220   0.215   0.229
   9  453.9   1/2+   1/2  21    2.08    1.97    1.20    5.49    1.26       2.18    1.38    3.66   -2.82      0.084   0.026   0.751
  10  472.3   9/2+   1/2  20    0.10   36.27    8.04    1.09    5.06       4.75   13.14    1.95   -4.55      0.183   0.246   0.400
  
  11  481.7   7/2+   1/2  18    0.45    1.66    5.89    1.21    0.51       6.28   13.20    0.97   -1.49      0.242   0.247   0.199
  12  492.1  13/2+   1/2  20    0.10   36.27    8.04    1.09    5.16       2.55   17.47    2.06   -1.99      0.098   0.327   0.423
  13  514.6  11/2+   7/2  19   -2.63    2.01    1.47   10.45    2.01       9.90   14.96    0.84   -0.38      0.381   0.280   0.173
  14  529.0   3/2+   1/2  21    1.08    1.89    1.24    6.60    1.08       3.06    2.54    3.69   -2.51      0.118   0.048   0.757
  15  578.6   3/2+   3/2  19   -2.24    1.93    1.52    9.93    2.01       2.86    2.87    3.61   -3.10      0.110   0.054   0.739
  
  16  632.7   5/2+   1/2  21    0.41    2.06    1.30    7.17    1.18       4.40    4.31    3.63   -2.01      0.169   0.081   0.744
  17  724.2  11/2+   5/2  21    1.48    1.84    1.35    6.12    0.98      11.04   20.89    1.45   -0.60      0.425   0.391   0.298
  18  822.1  13/2+   7/2  19   -2.33    2.02    1.47   10.10    1.77      11.71   24.80    1.10   -0.20      0.451   0.465   0.226
  19  958.5  11/2+   1/2  18    0.44    1.69    5.84    1.29    0.46      10.91   27.04    1.14   -0.97      0.420   0.507   0.235
  20 1038.4  13/2+   5/2  21    1.11    1.83    1.53    6.29    0.88      12.74   31.77    1.61   -0.52      0.490   0.595   0.330
  
  21 1228.4   1/2+   1/2  20    0.10   36.27    8.04    1.09    3.59      30.62    8.07    1.25   -6.69      1.179   0.151   0.255
