1SPECTRUM OF (Z= 79 A=197) IN PARTICLE-ROTOR  MODEL WITH MODIFIED OSCILLATOR POTENTIAL


 PARITY=+   EPS= 0.871   GAMMA=  2.2   EPS4=0.000   EPS6=0.000   LEVELS:  19  20  21  22  23

 PAIRING FACTORS: GN0= 19.20  GN1=  7.40  IPAIR= 15 ***  E2PLUS(INPUT)=   0.434  E2PLUR(INPUT)=   0.000

 CORIOLIS ATTENUATION PARAMETERS:  CHSI=1.000  ETA=  1.00

 MOMENT OF INERTIA PARAMETERS:   A1=  0.076 MEV   A2=  0.069 MEV   A3= 35.98060 MEV


 DELTA=0.867 MEV  LAMBDA=41.3001 MEV   HW0= 7.4175 MEV   LAMBDA/HW0= 5.5679

 E2ENERGY=0.434 MEV  HBAR**2/B=74127./A**(7/3)=******/A**2 MEV

 IREC=0  =>  RECOIL TERMS j+j-, j+j+, jzjz, ETC TREATED AS ONE-BODY OPERATORS WITH UU+VV PAIRING FACTORS



 S. P. LEVEL   EQP       U     V        (UU + VV)**1.00

     19       1.442    0.317 0.948      1.000 0.611 0.579 0.540 0.536
     20       1.397    0.944 0.329      0.611 1.000 0.999 0.996 0.996
     21       1.557    0.957 0.291      0.579 0.999 1.000 0.999 0.999
     22       1.825    0.970 0.245      0.540 0.996 0.999 1.000 1.000
     23       1.858    0.971 0.240      0.536 0.996 0.999 1.000 1.000

  R CORE   ENERGY   A0R/A00=1.000    R3= 0     2  
   2( 1)    0.434                    1.000-0.000
   2( 2)  144.067                    0.000 1.000

  R CORE   ENERGY   A0R/A00=1.000    R3= 0     2  
   3( 1)  144.501                    0.000 1.000

  R CORE   ENERGY   A0R/A00=1.000    R3= 0     2     4  
   4( 1)    1.447                    1.000-0.000 0.000

  R CORE   ENERGY   A0R/A00=1.000    R3= 0     2     4  
   5( 1)  145.803                    0.000 1.000-0.000

  R CORE   ENERGY   A0R/A00=1.000    R3= 0     2     4     6  
   6( 1)    3.038                    1.000-0.001 0.000-0.000

  R CORE   ENERGY   A0R/A00=1.000    R3= 0     2     4     6  
   7( 1)  147.684                    0.000 1.000-0.000 0.000
 

             ENERGY     K= 1/2
 
 I=  1/2+ (1)  4.376  20:-0.437
                      22:-0.898
 
 I=  1/2+ (2)137.908  23: 1.000

             ENERGY     K= 1/2  -3/2
 
 I=  3/2+ (1)  3.817  20:-0.038-0.896
                      22:-0.078 0.435
 
 I=  3/2+ (2)  4.881  20: 0.436-0.079
                      22: 0.895 0.038

             ENERGY     K= 5/2   1/2  -3/2
 
 I=  5/2+ (1)  4.132  19:-0.174 0.010-0.005
                      20: 0.004 0.099-0.862
                      22: 0.007 0.204 0.419
 
 I=  5/2+ (2)  4.729  19: 0.934 0.015-0.000
                      20:-0.021 0.150-0.080
                      22:-0.035 0.308 0.039

             ENERGY     K= 5/2   1/2  -3/2  -7/2
 
 I=  7/2+ (1)  4.615  19: 0.259-0.006-0.005 0.000
                      20:-0.006-0.066-0.858 0.000
                      22:-0.010-0.135 0.417-0.000
 
 I=  7/2+ (2)  5.268  19: 0.964 0.003 0.001-0.000
                      20:-0.022 0.034 0.225-0.000
                      22:-0.036 0.070-0.109 0.000

             ENERGY     K= 9/2   5/2   1/2  -3/2  -7/2
 
 I=  9/2+ (1)  5.159  19: 0.000-0.268 0.017-0.005 0.000
                      20:-0.000 0.006 0.173-0.790 0.000
                      22:-0.000 0.010 0.356 0.384-0.000
 
 I=  9/2+ (2)  5.801  19: 0.000-0.560-0.034-0.001 0.000
                      20:-0.000 0.013-0.352-0.173 0.000
                      22:-0.000 0.021-0.723 0.084-0.000

             ENERGY     K= 9/2   5/2   1/2  -3/2  -7/2 -11/2
 
 I= 11/2+ (1)  5.972  19: 0.000-0.354 0.008 0.005-0.000 0.000
                      20:-0.000 0.008 0.079 0.825-0.000 0.000
                      22:-0.000 0.013 0.164-0.401 0.000-0.000
 
 I= 11/2+ (2)  6.769  19:-0.000 0.932 0.005 0.002-0.000-0.000
                      20: 0.000-0.021 0.058 0.301-0.000 0.000
                      22: 0.000-0.034 0.120-0.146 0.000 0.000

             ENERGY     K=13/2   9/2   5/2   1/2  -3/2  -7/2 -11/2
 
 I= 13/2+ (1)  6.722  19:-0.000 0.000-0.288 0.022-0.004 0.000 0.000
                      20: 0.000-0.000 0.007 0.229-0.721 0.000-0.000
                      22:-0.000-0.000 0.011 0.471 0.350-0.000 0.000
 
 I= 13/2+ (2)  7.435  19: 0.000-0.000 0.554 0.033 0.002-0.000-0.000
                      20:-0.000 0.000-0.013 0.338 0.276-0.000 0.000
                      22: 0.000 0.000-0.021 0.695-0.134 0.000 0.000

             ENERGY     K=13/2   9/2   5/2   1/2  -3/2  -7/2 -11/2
  21 LEVELS    TIME=  0.0 SEC



 ******************* EXCITATION ENERGIES, DOMINANT CONFIGURATION AND EXPECTATION VALUES (WITH S.P. UU+VV FACTORS) *******************

  NR  Eex(keV)  I   Kdom  NY    <Jz>  <Jx**2> <Jy**2> <Jz**2> <I.j>/|I|  <Rx**2> <Ry**2> <Rz**2> <R.j>/|R|  <HROTx> <HROTy> <HROTz>

   1    0.0   3/2+   3/2  20   -1.48   14.14   13.95    2.23    1.20      14.79   14.61    0.01   -5.16      1.118   1.010   0.209
   2  314.5   5/2+   3/2  20   -1.27   14.19   14.02    2.27    1.04      16.59   16.50    0.01   -4.76      1.254   1.140   0.247
   3  559.1   1/2+   1/2  22    0.51   12.76   13.93    0.28    1.04      12.35   13.54    0.02   -5.12      0.933   0.936   0.764
   4  798.5   7/2+   3/2  20   -1.18   14.35   14.12    2.47    0.85      20.04   19.87    0.01   -4.36      1.514   1.373   0.246
   5  911.9   5/2+   5/2  19    2.23   16.96   16.17    5.49    1.91      18.40   17.63    0.02   -5.49      1.391   1.218   0.642
  
   6  996.2   5/2+   1/2  22    0.55   13.31   14.17    0.99    0.65      16.26   17.08    0.02   -4.60      1.229   1.180   0.710
   7 1064.2   3/2+   1/2  22    0.49   12.77   13.93    0.29   -0.58      15.93   17.03    0.02   -4.89      1.204   1.177   0.760
   8 1342.1   9/2+   3/2  20   -0.90   14.18   14.13    2.23    0.94      22.86   23.03    0.01   -3.81      1.727   1.591   0.323
   9 1450.9   7/2+   5/2  19    2.23   17.31   16.32    5.94    1.37      22.71   21.73    0.02   -5.12      1.716   1.501   0.604
  10 1984.1   9/2+   1/2  22    1.06   14.31   14.74    2.22    0.82      23.73   24.14    0.02   -3.93      1.793   1.668   0.701
  
  11 2145.5   7/2+   1/2  22    0.45   12.80   13.93    0.34   -0.67      23.57   24.56    0.02   -4.29      1.781   1.697   0.749
  12 2155.5  11/2+   3/2  20   -0.93   14.53   14.27    2.68    0.75      29.19   29.05    0.01   -3.54      2.206   2.007   0.277
  13 2181.8   9/2+   5/2  19    1.34   15.97   15.50    4.30    0.64      27.34   26.79    0.02   -4.43      2.066   1.851   0.574
  14 2545.7   3/2+   3/2  21   -1.49   27.30   26.46    2.24    1.15      28.05   27.21    0.02   -7.23      2.120   1.880   0.805
  15 2905.4  13/2+   3/2  20   -0.61   14.06   14.15    2.04    0.92      32.80   33.31    0.01   -2.93      2.479   2.302   0.394
  
  16 2951.7  11/2+   5/2  19    2.01   17.09   16.16    5.67    0.78      33.13   32.26    0.02   -4.24      2.504   2.229   0.585
  17 3617.5  13/2+   1/2  22    0.93   14.35   14.72    2.29    0.65      35.37   35.68    0.02   -3.18      2.673   2.465   0.671
  18 3814.6  11/2+   1/2  22    0.42   12.85   13.93    0.39   -0.71      35.28   36.16    0.02   -3.72      2.666   2.499   0.738
  19 4006.1  13/2+   5/2  19    1.19   16.05   15.49    4.42    0.33      40.39   39.75    0.01   -3.76      3.052   2.746   0.535
  20*******   1/2+   1/2  23    2.09    6.44    3.85    5.59    1.08       6.77    4.25    3.76   -3.89      0.511   0.294 135.245
  
  21*******   1/2+   1/2  19    0.74   16.22   15.20    4.47    0.81      16.14   15.12    3.98   -5.93      1.220   1.045 143.220
