1SPECTRUM OF (Z= 79 A=197) IN PARTICLE-ROTOR  MODEL WITH MODIFIED OSCILLATOR POTENTIAL


 PARITY=+   EPS= 0.355   GAMMA= 21.8   EPS4=0.000   EPS6=0.000   LEVELS:  19  20  21  22  23

 PAIRING FACTORS: GN0= 19.20  GN1=  7.40  IPAIR= 15 ***  E2PLUS(INPUT)=   0.300  E2PLUR(INPUT)=   0.000

 CORIOLIS ATTENUATION PARAMETERS:  CHSI=1.000  ETA=  1.00

 MOMENT OF INERTIA PARAMETERS:   A1=  0.074 MEV   A2=  0.029 MEV   A3=  0.20555 MEV


 DELTA=1.033 MEV  LAMBDA=40.3593 MEV   HW0= 6.6794 MEV   LAMBDA/HW0= 6.0424

 E2ENERGY=0.300 MEV  HBAR**2/B= 6464./A**(7/3)=1111.0/A**2 MEV

 IREC=0  =>  RECOIL TERMS j+j-, j+j+, jzjz, ETC TREATED AS ONE-BODY OPERATORS WITH UU+VV PAIRING FACTORS



 S. P. LEVEL   EQP       U     V        (UU + VV)**1.00

     19       1.238    0.474 0.881      1.000 0.995 0.979 0.840 0.708
     20       1.111    0.562 0.827      0.995 1.000 0.995 0.892 0.778
     21       1.049    0.644 0.765      0.979 0.995 1.000 0.933 0.838
     22       1.223    0.876 0.482      0.840 0.892 0.933 1.000 0.978
     23       1.865    0.957 0.289      0.708 0.778 0.838 0.978 1.000

  R CORE   ENERGY   A0R/A00=1.000    R3= 0     2  
   2( 1)    0.300                    0.992-0.125
   2( 2)    0.935                    0.125 0.992

  R CORE   ENERGY   A0R/A00=1.000    R3= 0     2  
   3( 1)    1.235                    0.000 1.000

  R CORE   ENERGY   A0R/A00=1.000    R3= 0     2     4  
   4( 1)    0.907                    0.924-0.382 0.018

  R CORE   ENERGY   A0R/A00=1.000    R3= 0     2     4  
   5( 1)    2.135                    0.000 0.992-0.125

  R CORE   ENERGY   A0R/A00=1.000    R3= 0     2     4     6  
   6( 1)    1.737                    0.834-0.548 0.071-0.002

  R CORE   ENERGY   A0R/A00=1.000    R3= 0     2     4     6  
   7( 1)    3.364                    0.000 0.965-0.261 0.018
 

             ENERGY     K= 1/2
 
 I=  1/2+ (1)  1.734  20: 0.958
                      21:-0.285
 
 I=  1/2+ (2)  2.658  20: 0.285
                      21: 0.958

             ENERGY     K= 1/2  -3/2
 
 I=  3/2+ (1)  1.737  20: 0.969 0.048
                      21:-0.243-0.015
 
 I=  3/2+ (2)  2.408  20:-0.055 0.978
                      21:-0.014-0.202

             ENERGY     K= 5/2   1/2  -3/2
 
 I=  5/2+ (1)  2.153  20: 0.035-0.875 0.370
                      21:-0.027 0.297-0.091
 
 I=  5/2+ (2)  2.488  19:-0.094-0.639-0.321
                      22:-0.120-0.337 0.479
                      23:-0.228 0.250-0.088

             ENERGY     K= 5/2   1/2  -3/2  -7/2
 
 I=  7/2+ (1)  2.228  20: 0.172-0.958 0.057 0.005
                      21:-0.053 0.216 0.003-0.002
 
 I=  7/2+ (2)  2.594  19:-0.081-0.117 0.139 0.030
                      22:-0.181-0.552-0.656-0.077
                      23:-0.380-0.121 0.160 0.022

             ENERGY     K= 9/2   5/2   1/2  -3/2  -7/2
 
 I=  9/2+ (1)  1.938  19:-0.008-0.186-0.674-0.416-0.054
                      22:-0.010-0.169-0.239 0.413 0.088
                      23:-0.018-0.222 0.136-0.050-0.021
 
 I=  9/2+ (2)  2.800  20: 0.002-0.104 0.766-0.535 0.053
                      21:-0.004 0.081-0.294 0.142-0.012

             ENERGY     K= 9/2   5/2   1/2  -3/2  -7/2 -11/2
 
 I= 11/2+ (1)  2.610  19:-0.046-0.341-0.205 0.392 0.166 0.006
                      22:-0.053-0.307-0.321-0.512-0.258-0.010
                      23:-0.097-0.329-0.070 0.061 0.056 0.003
 
 I= 11/2+ (2)  2.737  19: 0.061 0.368 0.125-0.362-0.194-0.010
                      22: 0.075 0.131-0.573-0.381 0.260 0.018
                      23: 0.151-0.170-0.181 0.160-0.049-0.005

             ENERGY     K=13/2   9/2   5/2   1/2  -3/2  -7/2 -11/2
 
 I= 13/2+ (1)  1.869  19: 0.000-0.009-0.206-0.689-0.442-0.061 0.000
                      22: 0.000-0.010-0.171-0.206 0.384 0.092-0.001
                      23: 0.001-0.018-0.212 0.096-0.040-0.021 0.000
 
 I= 13/2+ (2)  2.946  19: 0.001 0.100 0.412 0.038 0.304 0.262 0.020
                      22: 0.001 0.118 0.121-0.348 0.413-0.331-0.038
                      23:-0.000 0.226-0.267 0.276-0.155 0.057 0.010

             ENERGY     K=13/2   9/2   5/2   1/2  -3/2  -7/2 -11/2
  21 LEVELS    TIME=  0.0 SEC



 ******************* EXCITATION ENERGIES, DOMINANT CONFIGURATION AND EXPECTATION VALUES (WITH S.P. UU+VV FACTORS) *******************

  NR  Eex(keV)  I   Kdom  NY    <Jz>  <Jx**2> <Jy**2> <Jz**2> <I.j>/|I|  <Rx**2> <Ry**2> <Rz**2> <R.j>/|R|  <HROTx> <HROTy> <HROTz>

   1    0.0   1/2+   1/2  20    0.33    1.49    6.31    1.34   -0.24       2.36    6.67    1.27   -2.91      0.175   0.193   0.260
   2    2.9   3/2+   1/2  20    0.32    1.51    6.32    1.32    0.50       1.98    7.71    1.26   -2.47      0.147   0.224   0.259
   3  135.1  13/2+   1/2  19   -0.00   32.25   11.33    1.88    5.95       2.43    7.78    0.94   -1.18      0.180   0.225   0.193
   4  203.7   9/2+   1/2  19   -0.02   30.82   12.61    1.88    5.93       4.34    5.92    0.80   -4.75      0.323   0.172   0.165
   5  418.5   5/2+   1/2  20    0.33    1.48    6.28    1.37   -0.12       4.34   12.47    1.77   -2.20      0.323   0.361   0.364
  
   6  493.5   7/2+   1/2  20    0.31    1.51    6.32    1.32    0.41       5.36   14.83    1.42   -1.61      0.398   0.430   0.292
   7  673.5   3/2+   3/2  20    0.31    1.52    6.31    1.32   -0.25       2.30    7.09    4.49   -2.59      0.171   0.206   0.923
   8  753.6   5/2+   1/2  19   -0.07   26.06   16.91    1.75    5.73      11.43    7.59    0.53   -6.28      0.850   0.220   0.109
   9  860.0   7/2+   3/2  22   -0.10   21.39   20.18    3.55    4.67       5.48   16.57    1.78   -5.45      0.407   0.480   0.365
  10  875.2  11/2+   3/2  22    0.01   28.57   13.86    3.37    4.63       5.16   19.28    1.73   -3.54      0.384   0.559   0.356
  
  11  886.0   5/2+   5/2  20    0.33    1.49    6.27    1.39    0.26       3.20    8.07    5.08   -2.07      0.238   0.234   1.044
  12  924.0   1/2+   1/2  21    0.77    1.76    1.50    7.40    0.44       1.81    1.95    6.88   -3.15      0.135   0.057   1.413
  13 1002.6  11/2+   1/2  22   -0.02   24.18   18.30    2.37    5.40       4.24    7.33    4.43   -3.14      0.315   0.212   0.910
  14 1065.8   9/2+   1/2  20    0.34    1.47    6.25    1.42   -0.03       6.01   25.79    2.45   -1.59      0.446   0.747   0.503
  15 1101.1   3/2+   1/2  21    0.78    1.74    1.49    7.41    0.20       3.69    3.01    6.92   -2.78      0.274   0.087   1.422
  
  16 1169.8   7/2+   3/2  20    0.31    1.52    6.30    1.34    0.37       6.52   10.57    4.89   -1.64      0.484   0.306   1.006
  17 1211.9  13/2+   3/2  22   -0.06   21.35   20.93    2.03    5.35       6.37    7.66    4.27   -1.62      0.473   0.222   0.878
  18 1260.1  11/2+   1/2  20    0.31    1.53    6.31    1.33    0.34       7.44   31.29    2.08   -1.11      0.553   0.907   0.427
  19 1261.4   9/2+   3/2  22   -0.04   20.57   21.59    2.06    4.96       7.21    8.45    3.98   -4.41      0.535   0.245   0.817
  20 1604.4   1/2+   1/2  23    0.38   15.31   26.64    1.19    3.88      13.44   22.68    1.06   -6.53      0.999   0.657   0.218
  
  21 1775.1  13/2+   1/2  19    0.13   28.19   14.11    3.45    3.78       6.13   31.83    3.76   -3.00      0.456   0.922   0.774
