1SPECTRUM OF (Z= 79 A=197) IN PARTICLE-ROTOR  MODEL WITH MODIFIED OSCILLATOR POTENTIAL


 PARITY=+   EPS= 0.242   GAMMA= 60.0   EPS4=0.000   EPS6=0.000   LEVELS:  19  20  21  22  23

 PAIRING FACTORS: GN0= 19.20  GN1=  7.40  IPAIR= 15 ***  E2PLUS(INPUT)=   0.170  E2PLUR(INPUT)=   0.000

 CORIOLIS ATTENUATION PARAMETERS:  CHSI=1.000  ETA=  1.00

 MOMENT OF INERTIA PARAMETERS:   A1= 28.390 MEV   A2=  0.028 MEV   A3=  0.02839 MEV


 DELTA=0.892 MEV  LAMBDA=40.2485 MEV   HW0= 6.6224 MEV   LAMBDA/HW0= 6.0777

 E2ENERGY=0.170 MEV  HBAR**2/B= 2253./A**(7/3)= 387.2/A**2 MEV

 IREC=0  =>  RECOIL TERMS j+j-, j+j+, jzjz, ETC TREATED AS ONE-BODY OPERATORS WITH UU+VV PAIRING FACTORS



 S. P. LEVEL   EQP       U     V        (UU + VV)**1.00

     19       2.279    0.200 0.980      1.000 0.874 0.795 0.699 0.415
     20       0.902    0.651 0.759      0.874 1.000 0.990 0.959 0.805
     21       0.900    0.754 0.657      0.795 0.990 1.000 0.990 0.882
     22       0.979    0.840 0.542      0.699 0.959 0.990 1.000 0.941
     23       2.034    0.974 0.225      0.415 0.805 0.882 0.941 1.000

  R CORE   ENERGY   A0R/A00=1.000    R3= 0     2  
   2( 1)    0.170                   -0.500 0.866
   2( 2)  113.618                    0.866 0.500

  R CORE   ENERGY   A0R/A00=1.000    R3= 0     2  
   3( 1)  113.789                    0.000 1.000

  R CORE   ENERGY   A0R/A00=1.000    R3= 0     2     4  
   4( 1)    0.568                    0.375-0.559 0.740

  R CORE   ENERGY   A0R/A00=1.000    R3= 0     2     4  
   5( 1)  114.300                    0.000-0.500 0.866

  R CORE   ENERGY   A0R/A00=1.000    R3= 0     2     4     6  
   6( 1)    1.192                   -0.312 0.453-0.496 0.672

  R CORE   ENERGY   A0R/A00=1.000    R3= 0     2     4     6  
   7( 1)  115.038                    0.000 0.312-0.586 0.747
 

             ENERGY     K= 1/2
 
 I=  1/2+ (1)  1.115  21: 1.000
 
 I=  1/2+ (2)  2.602  19: 1.000

             ENERGY     K= 1/2  -3/2
 
 I=  3/2+ (1)  1.108  19: 0.034-0.058
                      20: 0.814 0.470
                      21:-0.168 0.290
 
 I=  3/2+ (2)  1.207  20: 0.292 0.169
                      21: 0.470-0.815

             ENERGY     K= 5/2   1/2  -3/2
 
 I=  5/2+ (1)  1.241  20:-0.525-0.332 0.704
                      21: 0.268-0.169 0.120
 
 I=  5/2+ (2)  1.347  19: 0.085-0.053 0.038
                      20: 0.186 0.117-0.249
                      21: 0.741-0.469 0.331

             ENERGY     K= 5/2   1/2  -3/2  -7/2
 
 I=  7/2+ (1)  1.394  19: 0.042-0.056 0.072-0.110
                      20: 0.548-0.409 0.106 0.484
                      21:-0.144 0.193-0.249 0.381
 
 I=  7/2+ (2)  1.572  20:-0.340 0.254-0.066-0.300
                      21:-0.238 0.319-0.412 0.630

             ENERGY     K= 9/2   5/2   1/2  -3/2  -7/2
 
 I=  9/2+ (1)  1.665  19: 0.060-0.040 0.032-0.026 0.020
                      20: 0.524-0.000-0.280 0.458-0.524
                      21:-0.276 0.184-0.148 0.121-0.092
 
 I=  9/2+ (2)  1.792  19:-0.127 0.084-0.068 0.055-0.042
                      20:-0.214-0.000 0.115-0.187 0.214
                      21:-0.638 0.425-0.341 0.278-0.213

             ENERGY     K= 9/2   5/2   1/2  -3/2  -7/2 -11/2
 
 I= 11/2+ (1)  1.887  19: 0.044-0.056 0.067-0.080 0.098-0.145
                      20: 0.407-0.385 0.293-0.149-0.061 0.450
                      21:-0.116 0.149-0.178 0.211-0.258 0.383
 
 I= 11/2+ (2)  2.168  20:-0.302 0.286-0.217 0.110 0.045-0.333
                      21:-0.164 0.212-0.253 0.299-0.366 0.543

             ENERGY     K=13/2   9/2   5/2   1/2  -3/2  -7/2 -11/2
 
 I= 13/2+ (1)  1.282  22: 0.015 0.136 0.410 0.636 0.551 0.260 0.055
                      23:-0.011-0.065-0.109-0.034 0.088 0.097 0.032
 
 I= 13/2+ (2)  2.312  19: 0.077-0.052 0.043-0.037 0.032-0.027 0.021
                      20: 0.513-0.116-0.096 0.248-0.357 0.424-0.427
                      21:-0.250 0.170-0.140 0.121-0.104 0.089-0.069

             ENERGY     K=13/2   9/2   5/2   1/2  -3/2  -7/2 -11/2
  21 LEVELS    TIME=  0.0 SEC



 ******************* EXCITATION ENERGIES, DOMINANT CONFIGURATION AND EXPECTATION VALUES (WITH S.P. UU+VV FACTORS) *******************

  NR  Eex(keV)  I   Kdom  NY    <Jz>  <Jx**2> <Jy**2> <Jz**2> <I.j>/|I|  <Rx**2> <Ry**2> <Rz**2> <R.j>/|R|  <HROTx> <HROTy> <HROTz>

   1    0.0   3/2+   1/2  20   -0.03    2.02    3.20    3.20    1.33       0.00    3.51    3.51   -2.21      0.000   0.100   0.100
   2    7.5   1/2+   1/2  21    0.03    0.25    3.55    3.55    0.32       0.00    3.77    3.77   -2.57      0.000   0.107   0.107
   3   99.1   3/2+   3/2  21   -0.05    0.48    3.51    3.51    0.13       0.00    5.38    5.38   -2.21      0.000   0.153   0.153
   4  133.5   5/2+   3/2  20   -0.03    2.01    3.20    3.20    0.91       0.00    5.90    5.90   -1.67      0.000   0.168   0.168
   5  174.0  13/2+   1/2  22    0.00   41.82    3.46    3.46    6.31      -0.00    4.68    4.68   -1.53     -0.000   0.133   0.133
  
   6  239.0   5/2+   5/2  21    0.13    0.47    3.52    3.52    0.18       0.00    7.59    7.59   -1.79      0.000   0.215   0.215
   7  286.2   7/2+   5/2  20   -0.11    1.67    3.31    3.31    0.98       0.00    8.14    8.14   -1.09      0.000   0.231   0.231
   8  464.1   7/2+   7/2  21   -0.04    0.80    3.44    3.44   -0.02      -0.00   11.81   11.81   -1.60     -0.000   0.335   0.335
   9  556.9   9/2+   9/2  20   -0.05    1.93    3.23    3.23    0.66       0.00   13.26   13.26   -0.98      0.000   0.376   0.376
  10  684.5   9/2+   9/2  21    0.22    0.53    3.54    3.54    0.25       0.00   14.91   14.91   -1.16      0.000   0.423   0.423
  
  11  779.2  11/2+  11/2  20   -0.18    1.51    3.39    3.39    0.97       0.00   16.23   16.23   -0.44      0.000   0.461   0.461
  12 1060.4  11/2+  11/2  21   -0.03    0.94    3.41    3.41   -0.09       0.00   22.31   22.31   -1.25      0.000   0.633   0.633
  13 1203.7  13/2+  13/2  20   -0.07    1.92    3.24    3.24    0.59       0.00   24.48   24.48   -0.62      0.000   0.695   0.695
  14 1342.4  13/2+  13/2  21    0.29    0.50    3.59    3.59    0.34      -0.00   25.87   25.87   -0.74     -0.000   0.734   0.734
  15 1493.8   1/2+   1/2  19   -0.10    0.25    5.34    5.34    0.17      -0.00    5.70    5.70   -3.20     -0.000   0.162   0.162
  
  16 1575.6   3/2+   3/2  19    0.01    0.26    5.33    5.33    0.04      -0.00    7.25    7.25   -2.84     -0.000   0.206   0.206
  17 1601.3  11/2+   1/2  23    0.00   30.25    9.14    9.14    5.06       0.00   11.89   11.89   -3.75      0.000   0.338   0.338
  18 1749.1   5/2+   5/2  19   -0.18    0.27    5.32    5.32   -0.24      -0.00   10.52   10.52   -2.53     -0.000   0.299   0.299
  19 1938.1   7/2+   7/2  19    0.08    0.28    5.29    5.29   -0.19      -0.00   14.05   14.05   -2.19     -0.000   0.399   0.399
  20 2251.7   9/2+   9/2  19   -0.24    0.29    5.27    5.27   -0.44       0.00   19.99   19.99   -2.06      0.000   0.567   0.567
  
  21*******   1/2+   1/2  20    0.00    2.25    3.15    3.15   -0.87       4.00    3.40    3.40   -2.83    113.561   0.096   0.096
