1SPECTRUM OF (Z= 79 A=197) IN PARTICLE-ROTOR  MODEL WITH MODIFIED OSCILLATOR POTENTIAL


 PARITY=+   EPS= 0.566   GAMMA= 36.9   EPS4=0.000   EPS6=0.000   LEVELS:  18  19  20  21  22

 PAIRING FACTORS: GN0= 19.20  GN1=  7.40  IPAIR= 15 ***  E2PLUS(INPUT)=   0.170  E2PLUR(INPUT)=   0.000

 CORIOLIS ATTENUATION PARAMETERS:  CHSI=1.000  ETA=  1.00

 MOMENT OF INERTIA PARAMETERS:   A1=  0.102 MEV   A2=  0.016 MEV   A3=  0.04334 MEV


 DELTA=0.896 MEV  LAMBDA=40.4516 MEV   HW0= 6.8217 MEV   LAMBDA/HW0= 5.9299

 E2ENERGY=0.170 MEV  HBAR**2/B= 9052./A**(7/3)=1555.7/A**2 MEV

 IREC=0  =>  RECOIL TERMS j+j-, j+j+, jzjz, ETC TREATED AS ONE-BODY OPERATORS WITH UU+VV PAIRING FACTORS



 S. P. LEVEL   EQP       U     V        (UU + VV)**1.00

     18       1.466    0.323 0.947      1.000 0.999 0.979 0.683 0.600
     19       1.305    0.369 0.929      0.999 1.000 0.988 0.718 0.639
     20       1.020    0.510 0.860      0.979 0.988 1.000 0.819 0.751
     21       1.195    0.912 0.411      0.683 0.718 0.819 1.000 0.994
     22       1.521    0.951 0.310      0.600 0.639 0.751 0.994 1.000

  R CORE   ENERGY   A0R/A00=1.000    R3= 0     2  
   2( 1)    0.170                   -0.631 0.776
   2( 2)    0.474                    0.776 0.631

  R CORE   ENERGY   A0R/A00=1.000    R3= 0     2  
   3( 1)    0.644                    0.000 1.000

  R CORE   ENERGY   A0R/A00=1.000    R3= 0     2     4  
   4( 1)    0.502                   -0.602 0.705-0.375

  R CORE   ENERGY   A0R/A00=1.000    R3= 0     2     4  
   5( 1)    1.154                    0.000-0.631 0.776

  R CORE   ENERGY   A0R/A00=1.000    R3= 0     2     4     6  
   6( 1)    0.952                   -0.565 0.690-0.426 0.155

  R CORE   ENERGY   A0R/A00=1.000    R3= 0     2     4     6  
   7( 1)    1.838                    0.000-0.504 0.697-0.510
 

             ENERGY     K= 1/2
 
 I=  1/2+ (1)  2.015  18:-0.347
                      19: 0.928
                      22:-0.137
 
 I=  1/2+ (2)  2.038  18: 0.713
                      19: 0.356
                      22: 0.605

             ENERGY     K= 1/2  -3/2
 
 I=  3/2+ (1)  1.957  18:-0.079 0.564
                      19: 0.444-0.529
                      22:-0.006-0.446
 
 I=  3/2+ (2)  2.076  18: 0.213 0.147
                      19:-0.662-0.361
                      22: 0.598-0.090

             ENERGY     K= 5/2   1/2  -3/2
 
 I=  5/2+ (1)  2.136  18: 0.395-0.477 0.475
                      19:-0.238-0.147 0.035
                      22: 0.469-0.192-0.234
 
 I=  5/2+ (2)  2.187  18:-0.358-0.234 0.439
                      19: 0.098-0.016-0.550
                      22:-0.466-0.050-0.304

             ENERGY     K= 5/2   1/2  -3/2  -7/2
 
 I=  7/2+ (1)  1.804  20:-0.257-0.718-0.581-0.105
                      21: 0.192 0.128-0.118-0.046
 
 I=  7/2+ (2)  2.133  18:-0.004 0.080-0.255 0.563
                      19: 0.207-0.290 0.311-0.352
                      22:-0.038-0.038 0.207-0.468

             ENERGY     K= 9/2   5/2   1/2  -3/2  -7/2
 
 I=  9/2+ (1)  1.999  20:-0.105-0.525-0.291 0.592 0.379
                      21: 0.113 0.268-0.176 0.005 0.137
 
 I=  9/2+ (2)  2.390  18: 0.070-0.290 0.426-0.486 0.465
                      19:-0.065-0.112 0.132 0.022-0.198
                      22: 0.092-0.195 0.092 0.160-0.350

             ENERGY     K= 9/2   5/2   1/2  -3/2  -7/2 -11/2
 
 I= 11/2+ (1)  1.749  20: 0.026 0.293 0.717 0.579 0.132 0.001
                      21:-0.017-0.160-0.126 0.063 0.035-0.001
 
 I= 11/2+ (2)  2.266  20:-0.332-0.472 0.307-0.016-0.616-0.154
                      21: 0.305-0.002-0.121 0.188-0.145-0.074

             ENERGY     K=13/2   9/2   5/2   1/2  -3/2  -7/2 -11/2
 
 I= 13/2+ (1)  2.036  20: 0.002-0.135-0.557-0.281 0.586 0.398 0.028
                      21:-0.007 0.100 0.217-0.150-0.039 0.094 0.006
 
 I= 13/2+ (2)  2.550  20: 0.100 0.472 0.099-0.232 0.322-0.450-0.366
                      21:-0.110-0.311 0.264-0.215 0.132 0.005-0.148

             ENERGY     K=13/2   9/2   5/2   1/2  -3/2  -7/2 -11/2
  21 LEVELS    TIME=  0.0 SEC



 ******************* EXCITATION ENERGIES, DOMINANT CONFIGURATION AND EXPECTATION VALUES (WITH S.P. UU+VV FACTORS) *******************

  NR  Eex(keV)  I   Kdom  NY    <Jz>  <Jx**2> <Jy**2> <Jz**2> <I.j>/|I|  <Rx**2> <Ry**2> <Rz**2> <R.j>/|R|  <HROTx> <HROTy> <HROTz>

   1    0.0  11/2+   1/2  20   -0.09   24.11   14.00    3.86    4.57       2.63   15.72    4.67   -3.05      0.268   0.249   0.203
   2   55.8   7/2+   1/2  20   -0.10   23.69   14.19    3.81    4.51       3.62   13.74    4.28   -5.11      0.368   0.218   0.186
   3  208.7   3/2+   3/2  18   -1.31    2.42    2.21    7.89    1.26       2.48    2.97    5.95   -2.99      0.252   0.047   0.258
   4  250.4   9/2+   3/2  20   -0.03   22.93   14.47    3.80    3.89       3.96   16.56    6.67   -4.18      0.403   0.263   0.289
   5  266.5   1/2+   1/2  19   -0.07    2.81    3.81    6.39   -0.33       3.20    4.42    6.71   -3.51      0.326   0.070   0.291
  
   6  287.6  13/2+   3/2  20   -0.05   23.57   14.20    3.85    4.07       3.03   23.02    7.53   -2.28      0.308   0.365   0.327
   7  289.8   1/2+   1/2  18    0.70    2.74    2.86    7.15    1.02       2.35    2.69    6.70   -3.46      0.240   0.043   0.290
   8  327.4   3/2+   1/2  19    0.44    2.26    3.37    7.29    0.54       3.02    4.62    6.94   -3.11      0.307   0.073   0.301
   9  384.3   7/2+   7/2  18   -1.49    2.26    1.87    8.26    1.32       2.39    7.12    8.13   -1.70      0.243   0.113   0.352
  10  386.8   5/2+   1/2  18    0.15    2.18    2.02    7.67    0.98       2.54    4.56    7.72   -2.33      0.258   0.072   0.334
  
  11  434.4   3/2+   3/2  18   -0.25    3.30    5.07    5.83    0.16       3.71    6.37    7.22   -3.34      0.378   0.101   0.313
  12  438.6   5/2+   3/2  19   -0.44    2.22    1.84    8.01    0.92       3.58    4.37    7.40   -2.38      0.364   0.069   0.321
  13  493.2   1/2+   1/2  22   -1.33    1.86    2.22    8.95   -0.92       2.45    2.40   10.54   -3.53      0.249   0.038   0.457
  14  500.6   5/2+   1/2  19    0.15    3.11    5.14    5.91   -0.15       3.77   11.99    8.05   -2.99      0.384   0.190   0.349
  15  517.6  11/2+   7/2  20    0.02   22.54   14.59    3.81    3.50       4.09   19.36   11.38   -3.39      0.416   0.307   0.493
  
  16  539.0   7/2+   1/2  19    0.21    2.27    2.85    7.42    0.79       3.55   10.20    8.30   -2.01      0.361   0.162   0.360
  17  641.0   9/2+   3/2  18   -0.88    2.30    1.87    7.80    1.09       3.43   14.54    7.95   -1.29      0.349   0.231   0.345
  18  780.0  11/2+   3/2  19   -1.25    2.41    2.27    7.93    1.03       2.75   21.82   11.52   -1.08      0.280   0.346   0.499
  19  801.8  13/2+   9/2  20    0.09   21.28   15.09    3.75    3.35       5.05   23.09   13.91   -2.58      0.515   0.366   0.603
  20  803.1   9/2+   9/2  22    0.23    2.06    1.77    8.46    0.67       2.72   14.77   12.90   -1.63      0.277   0.234   0.559
  
  21 1061.0  13/2+   3/2  18   -0.83    2.35    1.98    7.66    1.01       3.61   32.29   10.71   -0.72      0.367   0.512   0.464
