1SPECTRUM OF (Z= 79 A=197) IN PARTICLE-ROTOR  MODEL WITH MODIFIED OSCILLATOR POTENTIAL


 PARITY=+   EPS= 0.807   GAMMA= 50.4   EPS4=0.000   EPS6=0.000   LEVELS:  18  19  20  21  22

 PAIRING FACTORS: GN0= 19.20  GN1=  7.40  IPAIR= 15 ***  E2PLUS(INPUT)=   0.434  E2PLUR(INPUT)=   0.000

 CORIOLIS ATTENUATION PARAMETERS:  CHSI=1.000  ETA=  1.00

 MOMENT OF INERTIA PARAMETERS:   A1=  1.844 MEV   A2=  0.058 MEV   A3=  0.08639 MEV


 DELTA=0.903 MEV  LAMBDA=40.6386 MEV   HW0= 7.0399 MEV   LAMBDA/HW0= 5.7726

 E2ENERGY=0.434 MEV  HBAR**2/B=60343./A**(7/3)=******/A**2 MEV

 IREC=0  =>  RECOIL TERMS j+j-, j+j+, jzjz, ETC TREATED AS ONE-BODY OPERATORS WITH UU+VV PAIRING FACTORS



 S. P. LEVEL   EQP       U     V        (UU + VV)**1.00

     18       1.901    0.245 0.970      1.000 0.926 0.816 0.529 0.525
     19       0.946    0.592 0.806      0.926 1.000 0.973 0.810 0.807
     20       0.914    0.761 0.649      0.816 0.973 1.000 0.923 0.921
     21       1.552    0.952 0.305      0.529 0.810 0.923 1.000 1.000
     22       1.573    0.954 0.301      0.525 0.807 0.921 1.000 1.000

  R CORE   ENERGY   A0R/A00=1.000    R3= 0     2  
   2( 1)    0.434                   -0.506 0.863
   2( 2)    7.522                    0.863 0.506

  R CORE   ENERGY   A0R/A00=1.000    R3= 0     2  
   3( 1)    7.956                    0.000 1.000

  R CORE   ENERGY   A0R/A00=1.000    R3= 0     2     4  
   4( 1)    1.443                    0.390-0.572 0.722

  R CORE   ENERGY   A0R/A00=1.000    R3= 0     2     4  
   5( 1)    9.258                    0.000-0.506 0.863

  R CORE   ENERGY   A0R/A00=1.000    R3= 0     2     4     6  
   6( 1)    3.017                   -0.338 0.482-0.505 0.631

  R CORE   ENERGY   A0R/A00=1.000    R3= 0     2     4     6  
   7( 1)   11.136                    0.000 0.322-0.594 0.737
 

             ENERGY     K= 1/2
 
 I=  1/2+ (1)  6.608  20:-0.844
                      22: 0.536
 
 I=  1/2+ (2)  9.518  20: 0.536
                      22: 0.844

             ENERGY     K= 1/2  -3/2
 
 I=  3/2+ (1)  5.519  20:-0.371-0.210
                      22: 0.785 0.449
 
 I=  3/2+ (2)  6.890  20: 0.418-0.728
                      22:-0.267 0.472

             ENERGY     K= 5/2   1/2  -3/2
 
 I=  5/2+ (1)  3.044  20:-0.235-0.757-0.522
                      22:-0.070-0.243-0.188
 
 I=  5/2+ (2)  5.877  20: 0.201 0.158-0.344
                      22:-0.476-0.343 0.688

             ENERGY     K= 5/2   1/2  -3/2  -7/2
 
 I=  7/2+ (1)  3.548  20: 0.596 0.266-0.623-0.295
                      22: 0.180 0.100-0.208-0.117
 
 I=  7/2+ (2)  6.386  20:-0.269 0.227-0.084-0.227
                      22: 0.599-0.451 0.121 0.490

             ENERGY     K= 9/2   5/2   1/2  -3/2  -7/2
 
 I=  9/2+ (1)  4.194  20:-0.342-0.485 0.467-0.012-0.574
                      22:-0.099-0.156 0.139 0.019-0.214
 
 I=  9/2+ (2)  5.563  19:-0.056-0.367-0.710-0.572-0.176

             ENERGY     K= 9/2   5/2   1/2  -3/2  -7/2 -11/2
 
 I= 11/2+ (1)  4.081  18: 0.094 0.387 0.668 0.563 0.221 0.028
                      19: 0.046 0.108 0.045-0.080-0.076-0.015
 
 I= 11/2+ (2)  4.982  20: 0.569-0.157-0.257 0.482-0.370-0.340
                      22: 0.167-0.032-0.100 0.165-0.114-0.144

             ENERGY     K=13/2   9/2   5/2   1/2  -3/2  -7/2 -11/2
 
 I= 13/2+ (1)  4.944  18: 0.047 0.316 0.568 0.184-0.465-0.495-0.154
                      19: 0.029 0.127 0.080-0.107-0.037 0.122 0.072
 
 I= 13/2+ (2)  5.905  20:-0.363-0.278 0.463-0.383 0.123 0.222-0.515
                      22:-0.103-0.090 0.139-0.104 0.011 0.107-0.200

             ENERGY     K=13/2   9/2   5/2   1/2  -3/2  -7/2 -11/2
  21 LEVELS    TIME=  0.0 SEC



 ******************* EXCITATION ENERGIES, DOMINANT CONFIGURATION AND EXPECTATION VALUES (WITH S.P. UU+VV FACTORS) *******************

  NR  Eex(keV)  I   Kdom  NY    <Jz>  <Jx**2> <Jy**2> <Jz**2> <I.j>/|I|  <Rx**2> <Ry**2> <Rz**2> <R.j>/|R|  <HROTx> <HROTy> <HROTz>

   1    0.0   5/2+   1/2  20    0.03    5.54    7.89    3.72    1.90       0.60    9.15    4.94   -3.01      1.104   0.534   0.427
   2  504.3   7/2+   3/2  20    0.03    5.54    7.89    3.72    1.42       0.60   12.71    8.34   -2.48      1.106   0.742   0.721
   3 1036.6  11/2+   1/2  18    0.00   27.89    7.89    4.03    4.94       0.60    9.79    6.08   -2.53      1.110   0.572   0.526
   4 1150.2   9/2+   7/2  20    0.03    5.54    7.89    3.72    1.13       0.60   17.47   12.54   -2.08      1.111   1.020   1.083
   5 1900.2  13/2+   5/2  18    0.01   27.60    7.91    4.03    4.33       0.64   15.55   11.67   -1.77      1.181   0.908   1.008
  
   6 1937.4  11/2+   9/2  20    0.03    5.54    7.89    3.72    0.95       0.61   23.45   17.52   -1.78      1.119   1.369   1.513
   7 2474.6   3/2+   1/2  22   -0.04    1.73    9.67    3.77    0.60       1.66   10.43    4.51   -3.44      3.067   0.609   0.390
   8 2518.7   9/2+   1/2  19    0.20   17.82    8.51    3.77    3.64       1.88   10.85    5.92   -2.78      3.471   0.634   0.512
   9 2833.0   5/2+   3/2  22   -0.04    1.73    9.67    3.77    0.39       1.67   13.11    6.81   -3.01      3.072   0.765   0.588
  10 2860.5  13/2+  11/2  20    0.03    5.53    7.90    3.72    0.82       0.62   31.01   22.88   -1.55      1.138   1.810   1.976
  
  11 3341.8   7/2+   5/2  22   -0.04    1.73    9.67    3.77    0.28       1.66   16.88   10.17   -2.62      3.070   0.986   0.879
  12 3376.6  11/2+   5/2  19    0.19   18.11    8.49    3.78    2.92       1.85   17.57   11.75   -2.31      3.406   1.026   1.015
  13 3564.2   1/2+   1/2  20    0.09    2.54   10.97    2.04    0.33       2.53   10.98    2.20   -3.85      4.674   0.641   0.190
  14 3845.6   3/2+   3/2  20    0.09    2.51   10.97    2.05   -0.11       2.53   13.18    3.98   -3.55      4.668   0.770   0.344
  15 3968.7   9/2+   7/2  22   -0.03    1.74    9.69    3.74    0.24       1.68   22.46   13.39   -2.28      3.097   1.311   1.157
  
  16 4104.4   5/2+   5/2  20    0.09    2.55   10.96    2.04    0.20       2.53   14.35    6.21   -3.11      4.673   0.838   0.537
  17 4381.4  13/2+   7/2  19    0.19   18.40    8.47    3.79    2.41       1.81   25.78   18.23   -2.05      3.346   1.505   1.575
  18 4760.0   7/2+   7/2  20    0.09    2.49   10.96    2.06   -0.13       2.53   19.27   10.49   -2.82      4.661   1.125   0.907
  19 6474.0   1/2+   1/2  22   -0.13    4.88    6.03    5.95    0.54       3.91    6.44    6.33   -4.01      7.211   0.376   0.547
  20 6630.3   3/2+   3/2  22   -0.13    4.91    6.03    5.94    0.47       3.91    7.47    7.43   -3.68      7.217   0.436   0.642
  
  2124632.6   1/2+   1/2  19    0.17   17.81    8.52    3.76    2.59      14.05    8.48    3.84   -5.42     25.903   0.495   0.332
