1SPECTRUM OF (Z= 79 A=197) IN PARTICLE-ROTOR  MODEL WITH MODIFIED OSCILLATOR POTENTIAL


 PARITY=+   EPS= 0.613   GAMMA= 60.0   EPS4=0.000   EPS6=0.000   LEVELS:  19  20  21  22  23

 PAIRING FACTORS: GN0= 19.20  GN1=  7.40  IPAIR= 15 ***  E2PLUS(INPUT)=   0.300  E2PLUR(INPUT)=   0.000

 CORIOLIS ATTENUATION PARAMETERS:  CHSI=1.000  ETA=  1.00

 MOMENT OF INERTIA PARAMETERS:   A1= 50.101 MEV   A2=  0.050 MEV   A3=  0.05010 MEV


 DELTA=1.105 MEV  LAMBDA=40.3454 MEV   HW0= 6.8374 MEV   LAMBDA/HW0= 5.9007

 E2ENERGY=0.300 MEV  HBAR**2/B=25508./A**(7/3)=4383.8/A**2 MEV

 IREC=0  =>  RECOIL TERMS j+j-, j+j+, jzjz, ETC TREATED AS ONE-BODY OPERATORS WITH UU+VV PAIRING FACTORS



 S. P. LEVEL   EQP       U     V        (UU + VV)**1.00

     19       1.108    0.677 0.736      1.000 1.000 0.987 0.873 0.820
     20       1.105    0.697 0.717      1.000 1.000 0.991 0.886 0.835
     21       1.136    0.785 0.619      0.987 0.991 1.000 0.940 0.900
     22       1.859    0.950 0.313      0.873 0.886 0.940 1.000 0.995
     23       2.630    0.977 0.215      0.820 0.835 0.900 0.995 1.000

  R CORE   ENERGY   A0R/A00=1.000    R3= 0     2  
   2( 1)    0.301                   -0.500 0.866
   2( 2)  200.503                    0.866 0.500

  R CORE   ENERGY   A0R/A00=1.000    R3= 0     2  
   3( 1)  200.803                    0.000 1.000

  R CORE   ENERGY   A0R/A00=1.000    R3= 0     2     4  
   4( 1)    1.002                    0.375-0.559 0.740

  R CORE   ENERGY   A0R/A00=1.000    R3= 0     2     4  
   5( 1)  201.705                    0.000-0.500 0.866

  R CORE   ENERGY   A0R/A00=1.000    R3= 0     2     4     6  
   6( 1)    2.104                   -0.312 0.453-0.496 0.672

  R CORE   ENERGY   A0R/A00=1.000    R3= 0     2     4     6  
   7( 1)  203.008                    0.000 0.312-0.586 0.747
 

             ENERGY     K= 1/2
 
 I=  1/2+ (1)  1.804  21:-1.000
 
 I=  1/2+ (2)202.168  20:-1.000

             ENERGY     K= 1/2  -3/2
 
 I=  3/2+ (1)  1.815  20:-0.865-0.499
                      21:-0.029 0.051
 
 I=  3/2+ (2)  1.964  20:-0.051-0.029
                      21: 0.499-0.865

             ENERGY     K= 5/2   1/2  -3/2
 
 I=  5/2+ (1)  2.064  20:-0.556-0.352 0.746
                      21:-0.084 0.053-0.038
 
 I=  5/2+ (2)  2.200  20:-0.059-0.038 0.080
                      21: 0.786-0.497 0.352

             ENERGY     K= 5/2   1/2  -3/2  -7/2
 
 I=  7/2+ (1)  2.414  20: 0.644-0.480 0.124 0.568
                      21: 0.035-0.047 0.060-0.092
 
 I=  7/2+ (2)  2.574  20:-0.081 0.060-0.016-0.071
                      21: 0.277-0.372 0.480-0.734

             ENERGY     K= 9/2   5/2   1/2  -3/2  -7/2
 
 I=  9/2+ (1)  2.863  20:-0.563 0.000 0.301-0.491 0.563
                      21:-0.131 0.087-0.070 0.057-0.044
 
 I=  9/2+ (2)  2.898  22:-0.062-0.375-0.701-0.573-0.187

             ENERGY     K= 9/2   5/2   1/2  -3/2  -7/2 -11/2
 
 I= 11/2+ (1)  1.980  19: 0.099 0.385 0.644 0.544 0.222 0.030
                      22: 0.073 0.157 0.053-0.133-0.127-0.027
                      23:-0.012-0.046-0.076-0.064-0.026-0.004
 
 I= 11/2+ (2)  3.129  22:-0.170-0.366-0.123 0.311 0.296 0.063
                      23:-0.082-0.318-0.533-0.450-0.184-0.025

             ENERGY     K=13/2   9/2   5/2   1/2  -3/2  -7/2 -11/2
 
 I= 13/2+ (1)  2.517  19: 0.052 0.321 0.539 0.167-0.434-0.478-0.160
                      22: 0.050 0.192 0.103-0.159-0.046 0.195 0.125
 
 I= 13/2+ (2)  3.684  19: 0.010 0.059 0.100 0.031-0.080-0.088-0.030
                      22:-0.076-0.294-0.157 0.243 0.070-0.298-0.190
                      23:-0.046-0.281-0.472-0.146 0.380 0.418 0.140

             ENERGY     K=13/2   9/2   5/2   1/2  -3/2  -7/2 -11/2
  21 LEVELS    TIME=  0.0 SEC



 ******************* EXCITATION ENERGIES, DOMINANT CONFIGURATION AND EXPECTATION VALUES (WITH S.P. UU+VV FACTORS) *******************

  NR  Eex(keV)  I   Kdom  NY    <Jz>  <Jx**2> <Jy**2> <Jz**2> <I.j>/|I|  <Rx**2> <Ry**2> <Rz**2> <R.j>/|R|  <HROTx> <HROTy> <HROTz>

   1    0.0   1/2+   1/2  21    0.03    0.25    6.45    6.45    0.33       0.00    6.66    6.66   -3.52      0.000   0.334   0.334
   2   11.2   3/2+   1/2  20    0.00    2.24    6.34    6.34    1.16       0.00    7.08    7.08   -3.37      0.000   0.355   0.355
   3  160.5   3/2+   3/2  21    0.03    0.26    6.45    6.45    0.09       0.00    8.27    8.27   -3.19      0.000   0.414   0.414
   4  176.5  11/2+   1/2  19    0.00   29.58    6.90    6.90    5.28      -0.00    8.01    8.01   -2.95     -0.000   0.401   0.401
   5  260.6   5/2+   3/2  20    0.00    2.23    6.34    6.34    0.76       0.00    9.57    9.57   -2.89      0.000   0.479   0.479
  
   6  396.0   5/2+   5/2  21    0.03    0.27    6.44    6.44    0.11       0.00   10.62   10.62   -2.78      0.000   0.532   0.532
   7  610.5   7/2+   5/2  20    0.00    2.22    6.34    6.34    0.57       0.00   13.06   13.06   -2.47      0.000   0.654   0.654
   8  713.2  13/2+   5/2  19    0.00   28.94    7.28    7.28    4.74       0.00   13.05   13.05   -2.04      0.000   0.654   0.654
   9  770.0   7/2+   7/2  21    0.03    0.28    6.44    6.44    0.03       0.00   14.35   14.35   -2.44      0.000   0.719   0.719
  10 1059.0   9/2+   7/2  20    0.00    2.18    6.34    6.34    0.46       0.00   17.53   17.53   -2.13      0.000   0.878   0.878
  
  11 1094.4   9/2+   1/2  22    0.00   20.25    8.12    8.12    4.07       0.00   10.37   10.37   -3.56      0.000   0.519   0.519
  12 1194.4   9/2+   9/2  21    0.03    0.32    6.44    6.44    0.08      -0.00   18.59   18.59   -2.10     -0.000   0.932   0.932
  13 1325.4  11/2+   1/2  23    0.00   26.59    5.63    5.63    4.84       0.00    7.87    7.87   -2.25      0.000   0.395   0.395
  14 1609.5  11/2+  11/2  20    0.00    2.19    6.34    6.34    0.38      -0.00   23.02   23.02   -1.85     -0.000   1.154   1.153
  15 1880.2  13/2+   5/2  23    0.00   27.19    5.08    5.08    4.26      -0.00   13.32   13.32   -1.48     -0.000   0.667   0.667
  
  16 2257.0  13/2+  13/2  20    0.00    2.11    6.35    6.35    0.33       0.00   29.47   29.47   -1.63      0.000   1.476   1.476
  17*******   1/2+   1/2  20   -0.00    2.25    6.34    6.34   -0.87       4.00    6.59    6.59   -3.78    200.403   0.330   0.330
  18*******   3/2+   1/2  21    0.03    0.29    6.44    6.44   -0.37       4.00    7.19    7.19   -3.24    200.403   0.360   0.360
  19*******   7/2+   1/2  19    0.00   29.66    6.80    6.80    5.10       4.00    7.27    7.27   -5.35    200.403   0.364   0.364
  20*******   5/2+   1/2  21    0.03    0.25    6.45    6.45    0.42       4.00    7.69    7.69   -2.70    200.403   0.385   0.385
  
  21*******   1/2+   1/2  22    0.00   20.25    8.12    8.12    2.60      16.00    8.37    8.37   -5.98    801.610   0.419   0.419
