1SPECTRUM OF (Z= 79 A=197) IN PARTICLE-ROTOR  MODEL WITH MODIFIED OSCILLATOR POTENTIAL


 PARITY=+   EPS= 0.774   GAMMA= 30.0   EPS4=0.000   EPS6=0.000   LEVELS:  19  20  21  22  23

 PAIRING FACTORS: GN0= 19.20  GN1=  7.40  IPAIR= 15 ***  E2PLUS(INPUT)=   0.300  E2PLUR(INPUT)=   0.000

 CORIOLIS ATTENUATION PARAMETERS:  CHSI=1.000  ETA=  1.00

 MOMENT OF INERTIA PARAMETERS:   A1=  0.100 MEV   A2=  0.025 MEV   A3=  0.10000 MEV


 DELTA=0.836 MEV  LAMBDA=40.9347 MEV   HW0= 7.0886 MEV   LAMBDA/HW0= 5.7747

 E2ENERGY=0.300 MEV  HBAR**2/B=27056./A**(7/3)=4649.9/A**2 MEV

 IREC=0  =>  RECOIL TERMS j+j-, j+j+, jzjz, ETC TREATED AS ONE-BODY OPERATORS WITH UU+VV PAIRING FACTORS



 S. P. LEVEL   EQP       U     V        (UU + VV)**1.00

     19       1.496    0.292 0.956      1.000 0.969 0.682 0.561 0.541
     20       0.941    0.520 0.854      0.969 1.000 0.842 0.749 0.732
     21       1.060    0.899 0.439      0.682 0.842 1.000 0.988 0.984
     22       1.483    0.955 0.295      0.561 0.749 0.988 1.000 1.000
     23       1.600    0.962 0.271      0.541 0.732 0.984 1.000 1.000

  R CORE   ENERGY   A0R/A00=1.000    R3= 0     2  
   2( 1)    0.300                    0.866-0.500
   2( 2)    0.600                    0.500 0.866

  R CORE   ENERGY   A0R/A00=1.000    R3= 0     2  
   3( 1)    0.900                    0.000 1.000

  R CORE   ENERGY   A0R/A00=1.000    R3= 0     2     4  
   4( 1)    0.800                    0.740-0.661 0.125

  R CORE   ENERGY   A0R/A00=1.000    R3= 0     2     4  
   5( 1)    1.800                    0.000 0.866-0.500

  R CORE   ENERGY   A0R/A00=1.000    R3= 0     2     4     6  
   6( 1)    1.500                   -0.672 0.695-0.254 0.031

  R CORE   ENERGY   A0R/A00=1.000    R3= 0     2     4     6  
   7( 1)    2.900                    0.000 0.747-0.637 0.187
 

             ENERGY     K= 1/2
 
 I=  1/2+ (1)  2.196  19: 0.073
                      21: 0.997
 
 I=  1/2+ (2)  2.778  19: 0.997
                      21:-0.073

             ENERGY     K= 1/2  -3/2
 
 I=  3/2+ (1)  2.363  19:-0.056 0.013
                      21:-0.729 0.682
 
 I=  3/2+ (2)  2.407  20:-0.893-0.445
                      23:-0.059 0.010

             ENERGY     K= 5/2   1/2  -3/2
 
 I=  5/2+ (1)  2.296  19: 0.986-0.127 0.019
                      21: 0.093-0.048 0.010
 
 I=  5/2+ (2)  2.566  19:-0.082-0.040 0.011
                      21: 0.319-0.882 0.335

             ENERGY     K= 5/2   1/2  -3/2  -7/2
 
 I=  7/2+ (1)  2.290  20: 0.185 0.826 0.518 0.029
                      23:-0.026-0.070-0.092-0.013
 
 I=  7/2+ (2)  2.686  19: 0.951-0.233 0.016 0.001
                      21: 0.111-0.137 0.101-0.021

             ENERGY     K= 9/2   5/2   1/2  -3/2  -7/2
 
 I=  9/2+ (1)  2.566  19: 0.937-0.334 0.090-0.020 0.008
 
 I=  9/2+ (2)  2.746  20: 0.021 0.519 0.383-0.735-0.178
                      23:-0.007-0.050-0.012 0.075 0.067

             ENERGY     K= 9/2   5/2   1/2  -3/2  -7/2 -11/2
 
 I= 11/2+ (1)  2.824  20: 0.036-0.083-0.856-0.476 0.056 0.006
                      23:-0.005 0.034 0.117 0.122-0.005-0.003
 
 I= 11/2+ (2)  3.069  19: 0.840-0.509 0.173-0.026-0.006 0.001

             ENERGY     K=13/2   9/2   5/2   1/2  -3/2  -7/2 -11/2
 
 I= 13/2+ (1)  2.544  22: 0.002 0.064 0.360 0.715 0.570 0.175 0.016
 
 I= 13/2+ (2)  3.338  20: 0.005 0.060-0.470-0.407 0.761 0.079-0.035
                      23:-0.001 0.001 0.078 0.036-0.108-0.060 0.016

             ENERGY     K=13/2   9/2   5/2   1/2  -3/2  -7/2 -11/2
  21 LEVELS    TIME=  0.0 SEC



 ******************* EXCITATION ENERGIES, DOMINANT CONFIGURATION AND EXPECTATION VALUES (WITH S.P. UU+VV FACTORS) *******************

  NR  Eex(keV)  I   Kdom  NY    <Jz>  <Jx**2> <Jy**2> <Jz**2> <I.j>/|I|  <Rx**2> <Ry**2> <Rz**2> <R.j>/|R|  <HROTx> <HROTy> <HROTz>

   1    0.0   1/2+   1/2  21    0.02    4.03    6.14    5.54    0.18       3.96    6.43    5.76   -3.87      0.396   0.161   0.576
   2   94.2   7/2+   1/2  20   -0.09   16.67   13.82    1.25    2.72       6.99   16.71    2.23   -4.12      0.699   0.418   0.223
   3  100.0   5/2+   5/2  19    2.95    2.65    1.26   12.21    2.47       3.53    2.96    3.78   -2.75      0.353   0.074   0.378
   4  167.1   3/2+   1/2  21    0.02    4.04    6.15    5.54    0.08       4.25    8.20    6.72   -3.56      0.425   0.205   0.672
   5  211.2   3/2+   1/2  20   -0.02   15.16   14.95    1.00    2.15       9.03   15.88    1.63   -5.23      0.903   0.397   0.163
  
   6  347.8  13/2+   1/2  22    0.03   59.90    8.57    1.71    7.03       3.40   13.46    3.84   -4.63      0.340   0.336   0.384
   7  369.8   9/2+   9/2  19    2.98    2.65    1.21   12.31    2.54       3.52    6.54    5.55   -0.89      0.352   0.163   0.555
   8  370.5   5/2+   1/2  21    0.03    4.04    6.12    5.60    0.05       5.34   12.22    6.63   -3.17      0.534   0.305   0.663
   9  411.3   3/2+   3/2  21    0.04    4.03    6.12    5.56   -0.22       6.94    6.51    6.86   -3.58      0.694   0.163   0.686
  10  489.8   7/2+   5/2  19    2.87    2.69    1.42   11.97    1.71       5.95    8.22    4.08   -2.17      0.595   0.205   0.408
  
  11  491.1   5/2+   3/2  20   -0.01   15.08   15.00    1.00    1.42       9.30   18.69    3.45   -4.79      0.930   0.467   0.345
  12  549.9   9/2+   3/2  20   -0.08   16.55   13.92    1.23    2.04       7.35   24.28    4.55   -3.58      0.735   0.607   0.455
  13  582.6   1/2+   1/2  19    2.96    2.67    1.21   12.37    1.87       2.88    1.23    9.66   -3.94      0.288   0.031   0.966
  14  616.8   7/2+   1/2  21    0.11    4.01    5.97    5.82    0.13       5.81   17.51    7.18   -2.77      0.581   0.438   0.718
  15  628.4  11/2+   1/2  20   -0.13   17.15   13.44    1.37    2.69      10.82   22.59    2.17   -2.67      1.082   0.565   0.217
  
  16  801.2   1/2+   1/2  20   -0.06   11.70   16.98    1.41   -0.50      13.16   16.82    1.72   -5.42      1.316   0.420   0.172
  17  873.3  11/2+   9/2  19    2.97    2.65    1.23   12.28    1.91       5.98   17.78    5.33   -0.88      0.598   0.444   0.533
  18  916.8   9/2+   1/2  21    0.28    3.89    5.74    6.02    0.14       6.42   25.17    7.42   -2.39      0.642   0.629   0.742
  19 1142.5  13/2+   3/2  20   -0.11   16.94   13.61    1.32    2.01       9.97   38.36    4.26   -2.46      0.997   0.959   0.426
  20 1186.5  11/2+   5/2  20   -0.09   16.42   13.99    1.25    1.77       8.74   29.27    8.20   -3.10      0.874   0.732   0.820
  
  21 1205.5  13/2+   9/2  19    2.98    2.65    1.22   12.30    1.99       4.11   24.11    8.93   -0.38      0.411   0.603   0.893
