1SPECTRUM OF (Z= 79 A=197) IN PARTICLE-ROTOR  MODEL WITH MODIFIED OSCILLATOR POTENTIAL


 PARITY=+   EPS= 0.339   GAMMA= 42.9   EPS4=0.000   EPS6=0.000   LEVELS:  18  19  20  21  22

 PAIRING FACTORS: GN0= 19.20  GN1=  7.40  IPAIR= 15 ***  E2PLUS(INPUT)=   0.434  E2PLUR(INPUT)=   0.000

 CORIOLIS ATTENUATION PARAMETERS:  CHSI=1.000  ETA=  1.00

 MOMENT OF INERTIA PARAMETERS:   A1=  0.523 MEV   A2=  0.048 MEV   A3=  0.09825 MEV


 DELTA=0.910 MEV  LAMBDA=40.3494 MEV   HW0= 6.6634 MEV   LAMBDA/HW0= 6.0554

 E2ENERGY=0.434 MEV  HBAR**2/B= 9437./A**(7/3)=1621.8/A**2 MEV

 IREC=0  =>  RECOIL TERMS j+j-, j+j+, jzjz, ETC TREATED AS ONE-BODY OPERATORS WITH UU+VV PAIRING FACTORS



 S. P. LEVEL   EQP       U     V        (UU + VV)**1.00

     18       2.491    0.186 0.983      1.000 0.990 0.962 0.702 0.498
     19       1.482    0.325 0.946      0.990 1.000 0.991 0.797 0.617
     20       1.135    0.449 0.894      0.962 0.991 1.000 0.871 0.717
     21       0.984    0.830 0.557      0.702 0.797 0.871 1.000 0.967
     22       1.467    0.945 0.328      0.498 0.617 0.717 0.967 1.000

  R CORE   ENERGY   A0R/A00=1.000    R3= 0     2  
   2( 1)    0.434                   -0.541 0.841
   2( 2)    2.243                    0.841 0.541

  R CORE   ENERGY   A0R/A00=1.000    R3= 0     2  
   3( 1)    2.677                    0.000 1.000

  R CORE   ENERGY   A0R/A00=1.000    R3= 0     2     4  
   4( 1)    1.399                   -0.471 0.637-0.610

  R CORE   ENERGY   A0R/A00=1.000    R3= 0     2     4  
   5( 1)    3.979                    0.000-0.541 0.841

  R CORE   ENERGY   A0R/A00=1.000    R3= 0     2     4     6  
   6( 1)    2.806                   -0.456 0.608-0.509 0.402

  R CORE   ENERGY   A0R/A00=1.000    R3= 0     2     4     6  
   7( 1)    5.827                    0.000 0.376-0.635 0.675
 

             ENERGY     K= 1/2
 
 I=  1/2+ (1)  2.883  19:-0.079
                      21: 0.997
 
 I=  1/2+ (2)  3.144  18:-0.165
                      19:-0.983
                      21:-0.076

             ENERGY     K= 1/2  -3/2
 
 I=  3/2+ (1)  2.236  18:-0.020 0.070
                      19:-0.065 0.063
                      21:-0.899-0.422
 
 I=  3/2+ (2)  3.068  18: 0.134 0.291
                      19:-0.501 0.365
                      21: 0.369-0.614

             ENERGY     K= 5/2   1/2  -3/2
 
 I=  5/2+ (1)  2.590  18:-0.059 0.036-0.065
                      19:-0.078 0.027-0.023
                      21:-0.528-0.372 0.753
 
 I=  5/2+ (2)  3.364  18: 0.209 0.057-0.178
                      19:-0.264-0.007 0.099
                      21: 0.751-0.445 0.281

             ENERGY     K= 5/2   1/2  -3/2  -7/2
 
 I=  7/2+ (1)  2.973  18: 0.056-0.049 0.059-0.118
                      19: 0.062-0.081 0.095-0.132
                      21: 0.664-0.568 0.207 0.366
 
 I=  7/2+ (2)  3.698  18: 0.195-0.099-0.088 0.346
                      19:-0.398 0.455-0.401 0.310
                      21: 0.173-0.200 0.225-0.285

             ENERGY     K= 9/2   5/2   1/2  -3/2  -7/2
 
 I=  9/2+ (1)  3.650  18: 0.062-0.037 0.050-0.074 0.085
                      19: 0.092-0.057 0.040-0.035 0.036
                      21: 0.404 0.056-0.393 0.581-0.553
 
 I=  9/2+ (2)  3.757  20: 0.054 0.352 0.680 0.549 0.170
                      22:-0.048-0.178-0.070 0.168 0.120

             ENERGY     K= 9/2   5/2   1/2  -3/2  -7/2 -11/2
 
 I= 11/2+ (1)  3.268  22:-0.081-0.382-0.692-0.570-0.203-0.021
 
 I= 11/2+ (2)  4.134  18: 0.060-0.068 0.071-0.077 0.088-0.115
                      19: 0.032-0.068 0.097-0.115 0.124-0.139
                      21: 0.461-0.553 0.484-0.290 0.035 0.244

             ENERGY     K=13/2   9/2   5/2   1/2  -3/2  -7/2 -11/2
 
 I= 13/2+ (1)  1.951  20:-0.008-0.105-0.386-0.646-0.546-0.225-0.037
                      22: 0.008 0.077 0.162 0.055-0.139-0.131-0.032
 
 I= 13/2+ (2)  4.358  20:-0.008-0.020 0.075 0.221 0.160 0.009-0.019
                      22: 0.035 0.286 0.573 0.191-0.484-0.471-0.125

             ENERGY     K=13/2   9/2   5/2   1/2  -3/2  -7/2 -11/2
  21 LEVELS    TIME=  0.0 SEC



 ******************* EXCITATION ENERGIES, DOMINANT CONFIGURATION AND EXPECTATION VALUES (WITH S.P. UU+VV FACTORS) *******************

  NR  Eex(keV)  I   Kdom  NY    <Jz>  <Jx**2> <Jy**2> <Jz**2> <I.j>/|I|  <Rx**2> <Ry**2> <Rz**2> <R.j>/|R|  <HROTx> <HROTy> <HROTz>

   1    0.0  13/2+   1/2  20   -0.00   40.45    5.05    2.59    6.19       0.20    6.35    3.90   -1.51      0.105   0.304   0.383
   2  284.6   3/2+   1/2  21    0.18    1.61    6.24    1.81    0.79       1.34    6.87    2.15   -2.53      0.700   0.329   0.211
   3  638.5   5/2+   3/2  21    0.14    1.61    6.24    1.82    0.55       1.34    9.35    4.51   -2.07      0.699   0.447   0.443
   4  931.7   1/2+   1/2  21    0.20    1.59    6.23    1.82   -0.40       2.68    6.55    1.87   -3.00      1.400   0.313   0.183
   5 1022.0   7/2+   5/2  21    0.19    1.62    6.11    2.09    0.65       1.41   13.26    5.73   -1.60      0.739   0.634   0.563
  
   6 1116.3   3/2+   3/2  21   -0.31    1.56    4.35    4.96    0.35       1.82    6.65    4.77   -2.80      0.951   0.318   0.469
   7 1192.5   1/2+   1/2  19   -0.33    1.35    2.08    8.75   -0.10       1.14    2.64    9.32   -3.39      0.595   0.126   0.916
   8 1261.3   3/2+   3/2  21    0.21    1.54    4.24    5.13    0.19       1.90    4.81    7.21   -2.82      0.995   0.230   0.708
   9 1316.4  11/2+   1/2  22   -0.02   28.79   12.63    6.15    4.88       0.41   16.33    8.22   -3.68      0.213   0.781   0.808
  10 1412.2   5/2+   5/2  21    0.38    1.65    5.74    2.49    0.32       2.46    9.35    4.94   -2.19      1.289   0.447   0.485
  
  11 1698.2   9/2+   3/2  21    0.02    1.62    6.17    1.94    0.38       1.43   19.81    9.46   -1.42      0.751   0.948   0.929
  12 1741.8   5/2+   5/2  19    0.63    1.70    3.19    6.04    0.37       1.46    6.04   10.01   -2.35      0.764   0.289   0.984
  13 1746.8   7/2+   1/2  19   -0.24    1.58    3.20    6.77    0.56       1.32   13.23    8.28   -1.95      0.693   0.633   0.814
  14 1805.3   9/2+   1/2  20   -0.00   40.33    5.12    2.63    6.06       3.84    5.33    3.37   -5.06      2.008   0.255   0.331
  15 2166.2   7/2+   7/2  21    0.26    1.60    5.32    3.04    0.06       2.49   11.48   11.25   -1.94      1.305   0.549   1.106
  
  16 2183.1  11/2+   5/2  21    0.25    1.64    5.99    2.35    0.66       1.59   26.41    9.82   -0.98      0.831   1.263   0.965
  17 2406.2  13/2+   5/2  22   -0.02   29.77   11.99    5.85    3.93       0.44   26.63   14.40   -3.13      0.229   1.273   1.415
  18 2440.2  11/2+   5/2  20   -0.00   39.53    5.64    2.87    5.26       3.84    9.39    7.65   -3.63      2.007   0.449   0.752
  19 2467.3   9/2+   9/2  21    0.58    1.70    5.58    2.72    0.53       2.40   14.40   12.65   -1.35      1.257   0.688   1.243
  20 3100.4   1/2+   1/2  18    0.07    2.70    4.56    4.71   -0.49       3.56    5.11    4.89   -3.36      1.864   0.245   0.480
  
  21 3169.7  13/2+   3/2  21   -0.11    1.62    6.10    2.07    0.29       1.73   39.74   12.96   -1.05      0.903   1.901   1.274
