1SPECTRUM OF (Z= 79 A=197) IN PARTICLE-ROTOR  MODEL WITH MODIFIED OSCILLATOR POTENTIAL


 PARITY=+   EPS= 0.242   GAMMA= 28.0   EPS4=0.000   EPS6=0.000   LEVELS:  19  20  21  22  23

 PAIRING FACTORS: GN0= 19.20  GN1=  7.40  IPAIR= 15 ***  E2PLUS(INPUT)=   0.170  E2PLUR(INPUT)=   0.000

 CORIOLIS ATTENUATION PARAMETERS:  CHSI=1.000  ETA=  1.00

 MOMENT OF INERTIA PARAMETERS:   A1=  0.051 MEV   A2=  0.014 MEV   A3=  0.06496 MEV


 DELTA=0.946 MEV  LAMBDA=40.3931 MEV   HW0= 6.6250 MEV   LAMBDA/HW0= 6.0971

 E2ENERGY=0.170 MEV  HBAR**2/B= 1515./A**(7/3)= 260.3/A**2 MEV

 IREC=0  =>  RECOIL TERMS j+j-, j+j+, jzjz, ETC TREATED AS ONE-BODY OPERATORS WITH UU+VV PAIRING FACTORS



 S. P. LEVEL   EQP       U     V        (UU + VV)**1.00

     19       1.729    0.285 0.958      1.000 0.996 0.789 0.751 0.534
     20       1.362    0.374 0.927      0.996 1.000 0.843 0.810 0.611
     21       1.001    0.814 0.580      0.789 0.843 1.000 0.998 0.941
     22       1.050    0.847 0.532      0.751 0.810 0.998 1.000 0.959
     23       1.819    0.963 0.270      0.534 0.611 0.941 0.959 1.000

  R CORE   ENERGY   A0R/A00=1.000    R3= 0     2  
   2( 1)    0.170                    0.926-0.379
   2( 2)    0.351                    0.379 0.926

  R CORE   ENERGY   A0R/A00=1.000    R3= 0     2  
   3( 1)    0.521                    0.000 1.000

  R CORE   ENERGY   A0R/A00=1.000    R3= 0     2     4  
   4( 1)    0.459                    0.781-0.618 0.084

  R CORE   ENERGY   A0R/A00=1.000    R3= 0     2     4  
   5( 1)    1.031                    0.000 0.926-0.379

  R CORE   ENERGY   A0R/A00=1.000    R3= 0     2     4     6  
   6( 1)    0.860                    0.705-0.679 0.202-0.018

  R CORE   ENERGY   A0R/A00=1.000    R3= 0     2     4     6  
   7( 1)    1.662                    0.000 0.818-0.563 0.119
 

             ENERGY     K= 1/2
 
 I=  1/2+ (1)  1.346  20: 0.275
                      21:-0.961
 
 I=  1/2+ (2)  1.657  20:-0.961
                      21:-0.275

             ENERGY     K= 1/2  -3/2
 
 I=  3/2+ (1)  1.343  19:-0.030 0.153
                      20:-0.278-0.003
                      21:-0.137-0.938
 
 I=  3/2+ (2)  1.414  20: 0.148 0.179
                      21: 0.954-0.179

             ENERGY     K= 5/2   1/2  -3/2
 
 I=  5/2+ (1)  1.429  19: 0.015 0.000 0.118
                      20: 0.153 0.052-0.120
                      21:-0.017 0.513-0.826
 
 I=  5/2+ (2)  1.602  19: 0.109-0.015 0.075
                      20:-0.027 0.473-0.012
                      21: 0.250-0.723-0.415

             ENERGY     K= 5/2   1/2  -3/2  -7/2
 
 I=  7/2+ (1)  1.630  19:-0.033-0.045 0.137-0.060
                      20:-0.050-0.403 0.050-0.013
                      21:-0.060 0.135-0.851 0.246
 
 I=  7/2+ (2)  1.676  19:-0.075 0.078 0.006 0.013
                      20:-0.053 0.399 0.175-0.046
                      21:-0.220 0.859-0.044-0.067

             ENERGY     K= 9/2   5/2   1/2  -3/2  -7/2
 
 I=  9/2+ (1)  1.520  22: 0.027 0.307 0.735 0.551 0.117
                      23:-0.018-0.128-0.067 0.148 0.069
 
 I=  9/2+ (2)  1.712  19: 0.003-0.001 0.012-0.091 0.051
                      20: 0.042-0.156-0.055 0.171-0.029
                      21:-0.005 0.118-0.574 0.730-0.232

             ENERGY     K= 9/2   5/2   1/2  -3/2  -7/2 -11/2
 
 I= 11/2+ (1)  1.818  22: 0.146 0.589 0.249-0.585-0.365-0.033
                      23:-0.091-0.195 0.072-0.072-0.189-0.025
 
 I= 11/2+ (2)  2.023  19: 0.035-0.056-0.019 0.113-0.087 0.014
                      20: 0.028 0.051-0.246 0.167-0.049 0.007
                      21: 0.043-0.185 0.475-0.692 0.372-0.049

             ENERGY     K=13/2   9/2   5/2   1/2  -3/2  -7/2 -11/2
 
 I= 13/2+ (1)  1.388  22:-0.000-0.040-0.325-0.719-0.553-0.138-0.006
                      23: 0.000 0.029 0.134 0.063-0.145-0.083-0.006
 
 I= 13/2+ (2)  2.116  19: 0.000 0.001-0.007-0.020 0.080-0.066 0.016
                      20: 0.010-0.078 0.114 0.058-0.165 0.070-0.007
                      21:-0.001 0.030-0.207 0.570-0.671 0.333-0.060

             ENERGY     K=13/2   9/2   5/2   1/2  -3/2  -7/2 -11/2
  21 LEVELS    TIME=  0.0 SEC



 ******************* EXCITATION ENERGIES, DOMINANT CONFIGURATION AND EXPECTATION VALUES (WITH S.P. UU+VV FACTORS) *******************

  NR  Eex(keV)  I   Kdom  NY    <Jz>  <Jx**2> <Jy**2> <Jz**2> <I.j>/|I|  <Rx**2> <Ry**2> <Rz**2> <R.j>/|R|  <HROTx> <HROTy> <HROTz>

   1    0.0   3/2+   3/2  21   -0.63    1.27    1.50    3.11    0.87       1.22    1.84    3.20   -1.68      0.062   0.026   0.208
   2    3.3   1/2+   1/2  21   -0.30    0.76    1.86    3.23    0.01       0.89    1.91    3.78   -2.28      0.045   0.027   0.245
   3   45.3  13/2+   1/2  22   -0.01   39.59    6.24    1.90    6.14       0.64    7.68    2.41   -1.48      0.033   0.110   0.156
   4   71.1   3/2+   1/2  21   -0.37    1.36    1.41    3.28    0.08       1.43    4.07    4.00   -1.92      0.073   0.058   0.260
   5   85.7   5/2+   3/2  21   -0.62    1.38    1.27    3.23    0.63       1.73    5.53    3.63   -1.21      0.088   0.079   0.236
  
   6  177.3   9/2+   1/2  22   -0.00   39.63    6.20    1.89    6.05       3.83    6.14    2.31   -5.03      0.196   0.088   0.150
   7  258.7   5/2+   1/2  21   -0.14    0.69    2.52    2.95    0.26       3.83    6.11    3.45   -1.48      0.195   0.088   0.224
   8  287.0   7/2+   3/2  21   -0.52    1.09    2.00    2.90    0.55       3.44   10.45    3.47   -0.91      0.175   0.150   0.225
   9  303.1   3/2+   1/2  20    0.29    1.15    5.01    1.33    0.23       2.95    6.16    1.24   -2.19      0.150   0.088   0.080
  10  313.9   1/2+   1/2  20    0.24    1.91    4.64    1.29   -0.56       3.24    5.03    1.30   -2.69      0.165   0.072   0.085
  
  11  333.0   7/2+   1/2  21   -0.21    1.81    1.75    3.02    0.44       3.46   11.47    3.94   -1.12      0.176   0.164   0.256
  12  368.7   9/2+   3/2  21   -0.59    1.42    1.33    3.19    0.56       2.95   17.96    4.22   -0.63      0.150   0.257   0.274
  13  407.7   5/2+   5/2  21    0.53    0.93    2.43    3.74    0.66       2.22    3.48    6.25   -1.49      0.113   0.050   0.406
  14  475.3  11/2+   5/2  22   -0.02   38.99    6.71    2.02    5.20       4.20   12.44    4.68   -3.60      0.214   0.178   0.304
  15  489.2   7/2+   7/2  21   -0.47    1.58    1.94    2.86    1.03       2.46    3.14    8.37   -0.62      0.125   0.045   0.544
  
  16  647.2   9/2+   1/2  20    0.30    0.95    3.30    2.77    0.27       3.91   20.68    4.45   -1.05      0.200   0.296   0.289
  17  680.0  11/2+   3/2  21   -0.48    0.80    1.89    3.10    0.06       3.90   32.11    4.79   -0.85      0.199   0.460   0.311
  18  743.2  11/2+   1/2  20    0.02    2.08    2.66    2.50    0.70       4.53   25.45    4.63   -0.52      0.231   0.365   0.301
  19  773.1  13/2+   3/2  21   -0.59    1.41    1.31    3.21    0.51       4.10   38.47    5.03   -0.35      0.209   0.552   0.327
  20  845.0  13/2+   7/2  22   -0.01   38.44    7.14    2.12    4.61       4.94   19.23    7.85   -2.74      0.252   0.276   0.510
  
  21  862.1   1/2+   1/2  19    1.31    1.54    1.47    6.68    0.72       1.65    1.92    5.61   -2.99      0.084   0.028   0.365
