1SPECTRUM OF (Z= 79 A=197) IN PARTICLE-ROTOR  MODEL WITH MODIFIED OSCILLATOR POTENTIAL


 PARITY=+   EPS= 0.403   GAMMA= 50.4   EPS4=0.000   EPS6=0.000   LEVELS:  18  19  20  21  22

 PAIRING FACTORS: GN0= 19.20  GN1=  7.40  IPAIR= 15 ***  E2PLUS(INPUT)=   0.434  E2PLUR(INPUT)=   0.000

 CORIOLIS ATTENUATION PARAMETERS:  CHSI=1.000  ETA=  1.00

 MOMENT OF INERTIA PARAMETERS:   A1=  1.844 MEV   A2=  0.058 MEV   A3=  0.08639 MEV


 DELTA=0.813 MEV  LAMBDA=40.3070 MEV   HW0= 6.6946 MEV   LAMBDA/HW0= 6.0209

 E2ENERGY=0.434 MEV  HBAR**2/B=15048./A**(7/3)=2586.3/A**2 MEV

 IREC=0  =>  RECOIL TERMS j+j-, j+j+, jzjz, ETC TREATED AS ONE-BODY OPERATORS WITH UU+VV PAIRING FACTORS



 S. P. LEVEL   EQP       U     V        (UU + VV)**1.00

     18       2.013    0.206 0.978      1.000 0.998 0.990 0.537 0.453
     19       1.540    0.275 0.962      0.998 1.000 0.998 0.595 0.515
     20       1.273    0.340 0.941      0.990 0.998 1.000 0.648 0.572
     21       1.237    0.936 0.351      0.537 0.595 0.648 1.000 0.995
     22       1.622    0.966 0.260      0.453 0.515 0.572 0.995 1.000

  R CORE   ENERGY   A0R/A00=1.000    R3= 0     2  
   2( 1)    0.434                   -0.506 0.863
   2( 2)    7.522                    0.863 0.506

  R CORE   ENERGY   A0R/A00=1.000    R3= 0     2  
   3( 1)    7.956                    0.000 1.000

  R CORE   ENERGY   A0R/A00=1.000    R3= 0     2     4  
   4( 1)    1.443                    0.390-0.572 0.722

  R CORE   ENERGY   A0R/A00=1.000    R3= 0     2     4  
   5( 1)    9.258                    0.000-0.506 0.863

  R CORE   ENERGY   A0R/A00=1.000    R3= 0     2     4     6  
   6( 1)    3.017                   -0.338 0.482-0.505 0.631

  R CORE   ENERGY   A0R/A00=1.000    R3= 0     2     4     6  
   7( 1)   11.136                    0.000 0.322-0.594 0.737
 

             ENERGY     K= 1/2
 
 I=  1/2+ (1)  3.234  18:-0.402
                      20: 0.916
 
 I=  1/2+ (2)  7.871  22:-1.000

             ENERGY     K= 1/2  -3/2
 
 I=  3/2+ (1)  3.245  18: 0.657 0.437
                      20: 0.581 0.192
 
 I=  3/2+ (2)  3.362  18: 0.294-0.286
                      20:-0.375 0.816
                      22:-0.133-0.087

             ENERGY     K= 5/2   1/2  -3/2
 
 I=  5/2+ (1)  3.607  18: 0.436 0.288-0.600
                      20: 0.347 0.206-0.450
 
 I=  5/2+ (2)  3.806  18: 0.315-0.192 0.125
                      20:-0.676 0.448-0.320
                      22:-0.158-0.110 0.226

             ENERGY     K= 5/2   1/2  -3/2  -7/2
 
 I=  7/2+ (1)  4.070  18:-0.312 0.191 0.055-0.517
                      20:-0.450 0.446-0.348 0.176
                      22:-0.126 0.093-0.017-0.131
 
 I=  7/2+ (2)  4.160  18: 0.431-0.378 0.212 0.089
                      20: 0.088 0.044-0.265 0.698
                      22:-0.152 0.116-0.033-0.117

             ENERGY     K= 9/2   5/2   1/2  -3/2  -7/2
 
 I=  9/2+ (1)  4.757  18: 0.453-0.007-0.248 0.406-0.447
                      20: 0.312 0.013-0.203 0.321-0.354
 
 I=  9/2+ (2)  4.907  18: 0.239-0.179 0.155-0.131 0.100
                      20:-0.562 0.391-0.314 0.248-0.175
                      22:-0.242-0.005 0.145-0.232 0.257

             ENERGY     K= 9/2   5/2   1/2  -3/2  -7/2 -11/2
 
 I= 11/2+ (1)  3.125  21:-0.098-0.397-0.677-0.569-0.224-0.028
 
 I= 11/2+ (2)  5.388  18:-0.120 0.092-0.028-0.064 0.187-0.410
                      20:-0.280 0.337-0.356 0.350-0.328 0.332
                      22:-0.165 0.163-0.125 0.061 0.031-0.190

             ENERGY     K=13/2   9/2   5/2   1/2  -3/2  -7/2 -11/2
 
 I= 13/2+ (1)  2.425  19:-0.013-0.125-0.394-0.621-0.535-0.245-0.050
                      21:-0.015-0.102-0.180-0.057 0.147 0.156 0.049
 
 I= 13/2+ (2)  4.233  19: 0.003 0.036 0.125 0.205 0.174 0.074 0.013
                      21:-0.048-0.316-0.557-0.176 0.454 0.483 0.152

             ENERGY     K=13/2   9/2   5/2   1/2  -3/2  -7/2 -11/2
  21 LEVELS    TIME=  0.0 SEC



 ******************* EXCITATION ENERGIES, DOMINANT CONFIGURATION AND EXPECTATION VALUES (WITH S.P. UU+VV FACTORS) *******************

  NR  Eex(keV)  I   Kdom  NY    <Jz>  <Jx**2> <Jy**2> <Jz**2> <I.j>/|I|  <Rx**2> <Ry**2> <Rz**2> <R.j>/|R|  <HROTx> <HROTy> <HROTz>

   1    0.0  13/2+   1/2  19   -0.00   40.72    4.57    3.08    6.17       0.08    6.09    4.83   -1.60      0.141   0.356   0.417
   2  699.5  11/2+   1/2  21   -0.00   29.67   10.78    7.05    5.00       0.14   13.66    9.68   -3.63      0.254   0.798   0.836
   3  809.0   1/2+   1/2  20   -0.19    0.93    3.55    7.88    0.21       0.48    3.94    8.32   -3.41      0.893   0.230   0.719
   4  819.5   3/2+   1/2  18    0.05    2.19    4.65    6.40    1.08       0.32    5.42    7.08   -3.12      0.582   0.316   0.612
   5  937.2   3/2+   3/2  20   -0.16    0.98    3.65    7.70    0.49       0.49    4.80    8.89   -3.02      0.907   0.280   0.768
  
   6 1182.3   5/2+   3/2  18    0.07    2.22    4.67    6.37    0.71       0.31    7.91    9.58   -2.64      0.576   0.462   0.828
   7 1380.8   5/2+   5/2  20   -0.16    1.01    3.82    7.35    0.24       0.52    7.64   11.32   -2.60      0.966   0.446   0.978
   8 1606.0   3/2+   1/2  22    0.12    1.76    6.31    2.30    0.67       0.93    7.38    3.23   -2.67      1.706   0.431   0.279
   9 1644.5   7/2+   7/2  18   -0.12    1.66    4.25    6.83    0.56       0.41   11.34   12.31   -2.15      0.757   0.662   1.064
  10 1734.3   7/2+   7/2  20    0.05    1.57    4.26    6.86    0.50       0.43   10.19   13.87   -2.16      0.793   0.595   1.198
  
  11 1808.0  13/2+   5/2  21   -0.00   30.82   10.13    6.64    4.13       0.13   21.67   16.86   -3.02      0.246   1.265   1.457
  12 2004.2   5/2+   3/2  22    0.11    1.71    6.12    2.68    0.24       0.90   10.31    6.61   -2.32      1.657   0.602   0.571
  13 2332.0   9/2+   9/2  18    0.07    2.22    4.66    6.38    0.42       0.32   16.43   17.04   -1.92      0.585   0.959   1.472
  14 2482.1   9/2+   9/2  20   -0.15    1.11    4.18    6.67    0.35       0.58   15.19   17.50   -1.77      1.062   0.887   1.512
  15 2522.4   7/2+   5/2  22    0.08    1.70    6.10    2.70    0.14       0.90   14.41    9.80   -1.98      1.663   0.841   0.847
  
  16 2962.5  11/2+  11/2  18   -0.18    1.28    4.06    6.96    0.52       0.51   21.20   20.07   -1.42      0.933   1.238   1.734
  17 3153.6  11/2+  11/2  20    0.17    2.00    4.66    6.34    0.40       0.38   20.90   22.70   -1.60      0.701   1.220   1.961
  18 3250.9   9/2+   7/2  22    0.09    1.61    5.77    3.35   -0.11       0.86   19.79   15.90   -1.86      1.578   1.156   1.373
  19 4040.4  13/2+  13/2  18    0.11    2.16    4.56    6.49    0.28       0.34   30.77   26.87   -1.47      0.628   1.797   2.321
  20 5446.2   1/2+   1/2  22    0.13    1.79    6.40    2.13   -0.57       3.07    6.74    2.25   -3.11      5.661   0.393   0.195
  
  21 7655.7   1/2+   1/2  18    0.08    2.38    5.78    5.26   -0.73       3.99    6.00    5.43   -3.58      7.367   0.350   0.470
