1SPECTRUM OF (Z= 79 A=197) IN PARTICLE-ROTOR  MODEL WITH MODIFIED OSCILLATOR POTENTIAL


 PARITY=+   EPS= 0.262   GAMMA= 20.0   EPS4=0.000   EPS6=0.000   LEVELS:  19  20  21  22  23

 PAIRING FACTORS: GN0= 19.20  GN1=  7.40  IPAIR= 15 ***  E2PLUS(INPUT)=   0.170  E2PLUR(INPUT)=   0.000

 CORIOLIS ATTENUATION PARAMETERS:  CHSI=1.000  ETA=  1.00

 MOMENT OF INERTIA PARAMETERS:   A1=  0.041 MEV   A2=  0.017 MEV   A3=  0.14327 MEV


 DELTA=0.988 MEV  LAMBDA=40.4161 MEV   HW0= 6.6338 MEV   LAMBDA/HW0= 6.0924

 E2ENERGY=0.170 MEV  HBAR**2/B= 2078./A**(7/3)= 357.2/A**2 MEV

 IREC=0  =>  RECOIL TERMS j+j-, j+j+, jzjz, ETC TREATED AS ONE-BODY OPERATORS WITH UU+VV PAIRING FACTORS



 S. P. LEVEL   EQP       U     V        (UU + VV)**1.00

     19       1.522    0.346 0.938      1.000 1.000 0.830 0.758 0.629
     20       1.439    0.370 0.929      1.000 1.000 0.844 0.775 0.648
     21       1.041    0.810 0.586      0.830 0.844 1.000 0.993 0.956
     22       1.163    0.874 0.486      0.758 0.775 0.993 1.000 0.984
     23       1.627    0.947 0.321      0.629 0.648 0.956 0.984 1.000

  R CORE   ENERGY   A0R/A00=1.000    R3= 0     2  
   2( 1)    0.170                    0.996-0.087
   2( 2)    0.634                    0.087 0.996

  R CORE   ENERGY   A0R/A00=1.000    R3= 0     2  
   3( 1)    0.804                    0.000 1.000

  R CORE   ENERGY   A0R/A00=1.000    R3= 0     2     4  
   4( 1)    0.530                    0.955-0.296 0.010

  R CORE   ENERGY   A0R/A00=1.000    R3= 0     2     4  
   5( 1)    1.314                    0.000 0.996-0.087

  R CORE   ENERGY   A0R/A00=1.000    R3= 0     2     4     6  
   6( 1)    1.032                    0.878-0.476 0.045-0.001

  R CORE   ENERGY   A0R/A00=1.000    R3= 0     2     4     6  
   7( 1)    2.024                    0.000 0.982-0.189 0.009
 

             ENERGY     K= 1/2
 
 I=  1/2+ (1)  1.732  19: 0.444
                      20:-0.246
                      22: 0.861
 
 I=  1/2+ (2)  1.845  19: 0.711
                      20:-0.488
                      22:-0.506

             ENERGY     K= 1/2  -3/2
 
 I=  3/2+ (1)  1.651  19:-0.307 0.076
                      20: 0.152 0.185
                      22: 0.137 0.908
 
 I=  3/2+ (2)  1.795  19: 0.501 0.121
                      20:-0.271 0.023
                      22:-0.750 0.313

             ENERGY     K= 5/2   1/2  -3/2
 
 I=  5/2+ (1)  1.762  19:-0.095-0.124-0.021
                      20:-0.041 0.106-0.207
                      22: 0.029 0.325-0.902
 
 I=  5/2+ (2)  1.877  19: 0.277 0.095-0.044
                      20: 0.856-0.119 0.016
                      22:-0.352 0.199-0.037

             ENERGY     K= 5/2   1/2  -3/2  -7/2
 
 I=  7/2+ (1)  1.919  19: 0.054 0.547-0.046 0.005
                      20: 0.053-0.250-0.157 0.009
                      22:-0.024-0.191-0.753 0.044
 
 I=  7/2+ (2)  2.052  19: 0.262-0.315-0.074 0.010
                      20: 0.529 0.071-0.040-0.006
                      22:-0.263 0.603-0.327 0.005

             ENERGY     K= 9/2   5/2   1/2  -3/2  -7/2
 
 I=  9/2+ (1)  1.604  21:-0.008-0.229-0.774-0.503-0.060
                      23: 0.006 0.126 0.126-0.236-0.057
 
 I=  9/2+ (2)  2.092  19:-0.009 0.129 0.094-0.060-0.005
                      20:-0.005 0.019-0.126 0.218-0.019
                      22: 0.003 0.000-0.486 0.815-0.080

             ENERGY     K= 9/2   5/2   1/2  -3/2  -7/2 -11/2
 
 I= 11/2+ (1)  2.091  21:-0.059-0.551-0.296 0.635 0.246 0.005
                      23: 0.044 0.258-0.054 0.164 0.211 0.006
 
 I= 11/2+ (2)  2.391  19: 0.007 0.056-0.659 0.120-0.014 0.001
                      20: 0.011-0.070 0.274 0.100-0.028 0.001
                      22:-0.004-0.003 0.111 0.653-0.134 0.004

             ENERGY     K=13/2   9/2   5/2   1/2  -3/2  -7/2 -11/2
 
 I= 13/2+ (1)  1.545  21:-0.000 0.010 0.246 0.765 0.512 0.070-0.000
                      23: 0.000-0.009-0.134-0.114 0.228 0.067 0.000
 
 I= 13/2+ (2)  2.574  19:-0.001 0.025-0.123-0.075 0.099-0.002-0.001
                      20:-0.001 0.008-0.013 0.140-0.218 0.041-0.002
                      22: 0.000-0.003-0.050 0.547-0.757 0.155-0.008

             ENERGY     K=13/2   9/2   5/2   1/2  -3/2  -7/2 -11/2
  21 LEVELS    TIME=  0.0 SEC



 ******************* EXCITATION ENERGIES, DOMINANT CONFIGURATION AND EXPECTATION VALUES (WITH S.P. UU+VV FACTORS) *******************

  NR  Eex(keV)  I   Kdom  NY    <Jz>  <Jx**2> <Jy**2> <Jz**2> <I.j>/|I|  <Rx**2> <Ry**2> <Rz**2> <R.j>/|R|  <HROTx> <HROTy> <HROTz>

   1    0.0  13/2+   1/2  21   -0.02   37.23    8.21    1.52    5.95       1.71    9.35    1.55   -1.52      0.069   0.162   0.222
   2   58.7   9/2+   1/2  21   -0.01   37.16    8.28    1.52    5.90       4.30    7.20    1.47   -4.88      0.174   0.124   0.211
   3  105.9   3/2+   3/2  22   -0.59    1.49    1.46    2.38    0.90       1.35    1.79    2.45   -1.52      0.055   0.031   0.351
   4  186.6   1/2+   1/2  22   -0.23    0.74    2.55    2.35    0.08       0.71    2.71    2.83   -2.23      0.029   0.047   0.405
   5  216.4   5/2+   3/2  22   -0.66    1.55    1.08    2.54    0.65       2.50    4.88    2.71   -1.03      0.101   0.084   0.388
  
   6  250.0   3/2+   1/2  22   -0.29    1.98    2.18    2.08    0.24       1.63    4.87    2.56   -1.92      0.066   0.084   0.366
   7  299.6   1/2+   1/2  19    0.07    2.10    3.78    1.37   -0.62       3.52    4.00    1.55   -2.59      0.143   0.069   0.223
   8  318.5   3/2+   1/2  19    0.05    0.78    3.82    1.82   -0.08       3.35    5.12    2.00   -2.03      0.136   0.088   0.286
   9  331.3   5/2+   5/2  20    1.93    1.32    1.79    6.00    1.64       2.18    3.71    2.25   -1.49      0.089   0.064   0.323
  10  373.6   7/2+   3/2  22   -0.30    1.66    2.45    2.00    0.95       5.07    7.25    2.03   -0.62      0.206   0.125   0.291
  
  11  400.1   5/2+   1/2  22   -0.02    0.77    2.94    2.37    0.26       4.55    6.27    2.49   -1.46      0.185   0.108   0.356
  12  506.4   7/2+   1/2  22    0.68    1.67    1.62    4.08    0.59       3.99   11.81    2.66   -1.17      0.162   0.204   0.381
  13  541.0   7/2+   5/2  20    0.93    1.45    1.83    4.41    0.72       5.43    9.80    2.49   -1.15      0.220   0.169   0.356
  14  545.8  11/2+   3/2  21   -0.11   36.41    8.90    1.64    4.85       5.40   16.02    3.29   -3.61      0.219   0.277   0.471
  15  546.2   9/2+   3/2  22   -0.65    1.64    1.11    2.50    0.60       4.91   16.20    2.94   -0.46      0.199   0.280   0.421
  
  16  676.6   1/2+   1/2  20    1.91    1.71    1.41    6.20    1.04       1.89    1.84    4.54   -2.93      0.077   0.032   0.650
  17  727.8   9/2+   5/2  20    1.65    1.18    2.28    5.24    0.84       6.04   16.58    2.45   -0.90      0.245   0.287   0.352
  18  845.2  11/2+   1/2  19   -0.14    1.57    3.16    1.74    0.82      10.40   20.08    1.89   -0.27      0.422   0.347   0.271
  19  949.0  11/2+   1/2  22    0.33    1.72    1.56    3.56    0.25       6.72   29.86    3.03   -0.85      0.273   0.516   0.434
  20 1028.2  13/2+   3/2  22   -0.64    1.67    1.14    2.48    0.57       7.71   35.16    3.21   -0.19      0.313   0.608   0.460
  
  21 1059.1  13/2+   5/2  21    0.08   34.68   10.50    1.70    4.32       9.02   21.48    4.84   -2.82      0.366   0.371   0.693
