1SPECTRUM OF (Z= 79 A=197) IN PARTICLE-ROTOR  MODEL WITH MODIFIED OSCILLATOR POTENTIAL


 PARITY=+   EPS= 0.388   GAMMA= 15.0   EPS4=0.000   EPS6=0.000   LEVELS:  19  20  21  22  23

 PAIRING FACTORS: GN0= 19.20  GN1=  7.40  IPAIR= 15 ***  E2PLUS(INPUT)=   0.434  E2PLUR(INPUT)=   0.000

 CORIOLIS ATTENUATION PARAMETERS:  CHSI=1.000  ETA=  1.00

 MOMENT OF INERTIA PARAMETERS:   A1=  0.095 MEV   A2=  0.051 MEV   A3=  0.70674 MEV


 DELTA=1.042 MEV  LAMBDA=40.4346 MEV   HW0= 6.7024 MEV   LAMBDA/HW0= 6.0328

 E2ENERGY=0.434 MEV  HBAR**2/B=12875./A**(7/3)=2212.8/A**2 MEV

 IREC=0  =>  RECOIL TERMS j+j-, j+j+, jzjz, ETC TREATED AS ONE-BODY OPERATORS WITH UU+VV PAIRING FACTORS



 S. P. LEVEL   EQP       U     V        (UU + VV)**1.00

     19       1.190    0.509 0.861      1.000 0.971 0.958 0.913 0.789
     20       1.043    0.700 0.714      0.971 1.000 0.999 0.984 0.913
     21       1.045    0.734 0.679      0.958 0.999 1.000 0.992 0.932
     22       1.104    0.815 0.579      0.913 0.984 0.992 1.000 0.971
     23       1.528    0.930 0.366      0.789 0.913 0.932 0.971 1.000

  R CORE   ENERGY   A0R/A00=1.000    R3= 0     2  
   2( 1)    0.434                    1.000-0.030
   2( 2)    2.975                    0.030 1.000

  R CORE   ENERGY   A0R/A00=1.000    R3= 0     2  
   3( 1)    3.409                    0.000 1.000

  R CORE   ENERGY   A0R/A00=1.000    R3= 0     2     4  
   4( 1)    1.420                    0.993-0.114 0.001

  R CORE   ENERGY   A0R/A00=1.000    R3= 0     2     4  
   5( 1)    4.711                    0.000 1.000-0.030

  R CORE   ENERGY   A0R/A00=1.000    R3= 0     2     4     6  
   6( 1)    2.902                    0.973-0.232 0.008-0.000

  R CORE   ENERGY   A0R/A00=1.000    R3= 0     2     4     6  
   7( 1)    6.573                    0.000 0.998-0.067 0.001
 

             ENERGY     K= 1/2
 
 I=  1/2+ (1)  2.489  19: 0.997
                      22: 0.073
 
 I=  1/2+ (2)  3.992  19: 0.079
                      20:-0.378
                      22:-0.922

             ENERGY     K= 1/2  -3/2
 
 I=  3/2+ (1)  2.513  19: 0.999 0.019
 
 I=  3/2+ (2)  3.956  20: 0.069 0.947
                      22: 0.178-0.257

             ENERGY     K= 5/2   1/2  -3/2
 
 I=  5/2+ (1)  2.481  20:-0.341 0.013 0.003
                      22:-0.939 0.032-0.004
 
 I=  5/2+ (2)  3.169  19: 0.020-0.988 0.107
                      22:-0.013-0.097 0.015

             ENERGY     K= 5/2   1/2  -3/2  -7/2
 
 I=  7/2+ (1)  2.017  20:-0.031 0.002 0.034-0.949
                      22:-0.085 0.005-0.009 0.300
 
 I=  7/2+ (2)  2.989  20:-0.339 0.025-0.009 0.087
                      22:-0.933 0.063 0.006-0.028

             ENERGY     K= 9/2   5/2   1/2  -3/2  -7/2
 
 I=  9/2+ (1)  2.650  20:-0.000 0.046-0.007 0.068-0.942
                      22:-0.000 0.127-0.014-0.018 0.298
 
 I=  9/2+ (2)  3.616  21: 0.001-0.069-0.336 0.693 0.024
                      23: 0.012-0.606 0.158-0.097-0.004

             ENERGY     K= 9/2   5/2   1/2  -3/2  -7/2 -11/2
 
 I= 11/2+ (1)  3.403  20:-0.002 0.058-0.006-0.106 0.930-0.065
                      22:-0.006 0.161-0.025 0.030-0.295 0.021
 
 I= 11/2+ (2)  3.960  21:-0.003 0.068 0.376 0.695 0.016-0.001
                      23:-0.025 0.585 0.137-0.097-0.003 0.000

             ENERGY     K=13/2   9/2   5/2   1/2  -3/2  -7/2 -11/2
 
 I= 13/2+ (1)  4.052  21: 0.000-0.004 0.063 0.394-0.685-0.003 0.002
                      23: 0.000-0.039 0.563-0.214 0.089 0.001-0.000
 
 I= 13/2+ (2)  4.266  20: 0.000-0.006 0.070-0.024 0.149-0.912 0.118
                      22: 0.000-0.017 0.192-0.041-0.038 0.289-0.038

             ENERGY     K=13/2   9/2   5/2   1/2  -3/2  -7/2 -11/2
  21 LEVELS    TIME=  0.0 SEC



 ******************* EXCITATION ENERGIES, DOMINANT CONFIGURATION AND EXPECTATION VALUES (WITH S.P. UU+VV FACTORS) *******************

  NR  Eex(keV)  I   Kdom  NY    <Jz>  <Jx**2> <Jy**2> <Jz**2> <I.j>/|I|  <Rx**2> <Ry**2> <Rz**2> <R.j>/|R|  <HROTx> <HROTy> <HROTz>

   1    0.0   7/2+   7/2  20   -3.20    2.06    1.44   11.04    2.88       3.58    3.23    0.66   -1.14      0.339   0.164   0.466
   2  463.6   5/2+   5/2  22    2.09    1.93    1.21    5.57    1.77       3.06    2.57    1.36   -1.31      0.290   0.130   0.964
   3  472.2   1/2+   1/2  19    0.35    1.62    6.29    1.13   -0.22       2.46    6.69    1.03   -2.89      0.232   0.340   0.728
   4  495.8   3/2+   1/2  19    0.35    1.64    6.27    1.13    0.50       2.18    7.66    1.03   -2.45      0.206   0.388   0.728
   5  632.7   9/2+   7/2  20   -3.14    2.06    1.43   10.98    2.31       7.51    8.07    0.68   -0.74      0.711   0.410   0.480
  
   6  972.1   7/2+   5/2  22    2.05    1.93    1.22    5.61    1.30       6.28    6.53    1.37   -0.95      0.595   0.332   0.966
   7 1152.3   5/2+   1/2  19    0.35    1.60    6.28    1.16   -0.25       6.69   11.51    1.08   -2.23      0.634   0.584   0.763
   8 1228.8   7/2+   1/2  19    0.34    1.66    6.25    1.15    0.45       6.66   13.54    1.05   -1.58      0.630   0.687   0.739
   9 1385.9  11/2+   7/2  20   -3.08    2.06    1.43   10.91    1.94      11.42   14.84    0.73   -0.54      1.081   0.753   0.519
  10 1599.2   9/2+   3/2  21    0.25   16.01   24.22    3.56    4.29       8.69   16.10    1.04   -4.41      0.823   0.817   0.737
  
  11 1608.8   9/2+   5/2  22    1.99    1.92    1.24    5.66    1.02       9.68   12.35    1.40   -0.77      0.916   0.627   0.987
  12 1707.2   5/2+   3/2  21    0.50   16.30   23.79    3.86    4.10      10.71   16.90    0.82   -5.97      1.014   0.857   0.580
  13 1939.1   3/2+   3/2  20   -3.03    2.07    1.42   10.81    2.50       2.76    2.01    3.60   -3.27      0.262   0.102   2.544
  14 1943.0  11/2+   3/2  21    0.23   17.19   23.16    3.61    4.27      11.29   16.20    1.20   -3.45      1.069   0.822   0.845
  15 1975.0   1/2+   1/2  22    2.07    1.97    1.17    5.53    1.27       2.21    1.30    3.71   -2.82      0.209   0.066   2.621
  
  16 2034.7  13/2+   3/2  21    0.12   15.67   24.61    3.40    4.36       9.56   20.80    1.23   -2.36      0.906   1.055   0.866
  17 2227.3   3/2+   1/2  22    1.88    1.96    1.19    5.73    0.45       3.79    3.39    3.71   -2.43      0.359   0.172   2.620
  18 2248.9  13/2+   7/2  20   -3.00    2.06    1.43   10.83    1.68      14.86   23.96    0.84   -0.41      1.407   1.216   0.593
  19 2373.5  11/2+   5/2  22    1.92    1.94    1.23    5.72    0.82      13.23   20.11    1.44   -0.67      1.253   1.021   1.021
  20 3233.6  13/2+   5/2  22    1.83    1.90    1.32    5.74    0.69      15.81   30.67    1.56   -0.60      1.497   1.556   1.102
  
  21 3768.9   1/2+   1/2  21   -0.06   11.27   28.70    2.94    3.11      10.53   24.50    3.25   -6.50      0.997   1.243   2.298
