1SPECTRUM OF (Z= 79 A=197) IN PARTICLE-ROTOR  MODEL WITH MODIFIED OSCILLATOR POTENTIAL


 PARITY=+   EPS= 0.696   GAMMA= 15.0   EPS4=0.000   EPS6=0.000   LEVELS:  19  20  21  22  23

 PAIRING FACTORS: GN0= 19.20  GN1=  7.40  IPAIR= 15 ***  E2PLUS(INPUT)=   0.170  E2PLUR(INPUT)=   0.000

 CORIOLIS ATTENUATION PARAMETERS:  CHSI=1.000  ETA=  1.00

 MOMENT OF INERTIA PARAMETERS:   A1=  0.037 MEV   A2=  0.020 MEV   A3=  0.27683 MEV


 DELTA=0.964 MEV  LAMBDA=40.5763 MEV   HW0= 7.0289 MEV   LAMBDA/HW0= 5.7728

 E2ENERGY=0.170 MEV  HBAR**2/B=16228./A**(7/3)=2789.0/A**2 MEV

 IREC=0  =>  RECOIL TERMS j+j-, j+j+, jzjz, ETC TREATED AS ONE-BODY OPERATORS WITH UU+VV PAIRING FACTORS



 S. P. LEVEL   EQP       U     V        (UU + VV)**1.00

     19       1.066    0.536 0.844      1.000 0.966 0.864 0.725 0.682
     20       0.967    0.736 0.677      0.966 1.000 0.965 0.879 0.848
     21       1.181    0.888 0.459      0.864 0.965 1.000 0.973 0.958
     22       2.041    0.970 0.243      0.725 0.879 0.973 1.000 0.998
     23       2.660    0.983 0.184      0.682 0.848 0.958 0.998 1.000

  R CORE   ENERGY   A0R/A00=1.000    R3= 0     2  
   2( 1)    0.170                    1.000-0.030
   2( 2)    1.165                    0.030 1.000

  R CORE   ENERGY   A0R/A00=1.000    R3= 0     2  
   3( 1)    1.335                    0.000 1.000

  R CORE   ENERGY   A0R/A00=1.000    R3= 0     2     4  
   4( 1)    0.556                    0.993-0.114 0.001

  R CORE   ENERGY   A0R/A00=1.000    R3= 0     2     4  
   5( 1)    1.845                    0.000 1.000-0.030

  R CORE   ENERGY   A0R/A00=1.000    R3= 0     2     4     6  
   6( 1)    1.137                    0.973-0.232 0.008-0.000

  R CORE   ENERGY   A0R/A00=1.000    R3= 0     2     4     6  
   7( 1)    2.575                    0.000 0.998-0.067 0.001
 

             ENERGY     K= 1/2
 
 I=  1/2+ (1)  2.493  20: 0.975
                      21: 0.072
                      23:-0.212
 
 I=  1/2+ (2)  2.887  19: 0.996
                      22: 0.084

             ENERGY     K= 1/2  -3/2
 
 I=  3/2+ (1)  2.605  20:-0.920 0.261
                      21:-0.071 0.019
                      23: 0.232 0.161
 
 I=  3/2+ (2)  2.701  20: 0.304 0.785
                      21: 0.024 0.057
                      23:-0.047 0.534

             ENERGY     K= 5/2   1/2  -3/2
 
 I=  5/2+ (1)  2.359  21: 0.999-0.009-0.001
 
 I=  5/2+ (2)  2.415  19: 0.993-0.038 0.004
                      22:-0.113 0.001-0.010

             ENERGY     K= 5/2   1/2  -3/2  -7/2
 
 I=  7/2+ (1)  2.557  21: 0.999-0.019 0.001-0.000
 
 I=  7/2+ (2)  2.610  19: 0.991-0.076-0.004 0.004
                      22:-0.112-0.001 0.013 0.017

             ENERGY     K= 9/2   5/2   1/2  -3/2  -7/2
 
 I=  9/2+ (1)  1.633  20: 0.055-0.002-0.000-0.000 0.003
                      21:-0.997 0.044-0.001-0.000 0.000
 
 I=  9/2+ (2)  2.814  21:-0.044-0.997 0.031 0.001-0.000

             ENERGY     K= 9/2   5/2   1/2  -3/2  -7/2 -11/2
 
 I= 11/2+ (1)  1.940  20:-0.055 0.003 0.000-0.001 0.004 0.000
                      21: 0.995-0.084 0.003-0.000 0.000 0.000
 
 I= 11/2+ (2)  3.129  21: 0.084 0.993-0.048 0.003-0.000 0.000

             ENERGY     K=13/2   9/2   5/2   1/2  -3/2  -7/2 -11/2
 
 I= 13/2+ (1)  2.291  20:-0.005 0.054-0.005 0.000-0.002 0.005 0.000
                      21: 0.090-0.986 0.129-0.006 0.000 0.000 0.000
 
 I= 13/2+ (2)  3.131  20: 0.058 0.005-0.001-0.000-0.001 0.001 0.002
                      21:-0.994-0.086 0.038-0.002 0.000 0.000 0.000

             ENERGY     K=13/2   9/2   5/2   1/2  -3/2  -7/2 -11/2
  21 LEVELS    TIME=  0.0 SEC



 ******************* EXCITATION ENERGIES, DOMINANT CONFIGURATION AND EXPECTATION VALUES (WITH S.P. UU+VV FACTORS) *******************

  NR  Eex(keV)  I   Kdom  NY    <Jz>  <Jx**2> <Jy**2> <Jz**2> <I.j>/|I|  <Rx**2> <Ry**2> <Rz**2> <R.j>/|R|  <HROTx> <HROTy> <HROTz>

   1    0.0   9/2+   9/2  21    4.21    2.50    1.86   18.32    3.80       4.50    4.38    0.71   -1.21      0.167   0.087   0.198
   2  307.1  11/2+   9/2  21    4.21    2.50    1.86   18.32    3.16       9.32   10.63    0.73   -0.84      0.346   0.211   0.202
   3  658.4  13/2+   9/2  21    4.21    2.50    1.86   18.32    2.70      13.66   19.24    0.80   -0.66      0.507   0.382   0.221
   4  726.2   5/2+   5/2  21    4.20    2.47    1.92   18.26    3.55       3.69    3.19    3.52   -3.77      0.137   0.064   0.975
   5  782.8   5/2+   5/2  19    2.01   16.81   16.92    4.93    1.70      17.93   18.30    1.12   -5.50      0.665   0.364   0.309
  
   6  859.9   1/2+   1/2  20    0.66    4.32    5.64    4.65    0.56       4.20    5.94    4.24   -3.72      0.156   0.118   1.174
   7  924.6   7/2+   5/2  21    4.20    2.47    1.92   18.25    2.64       7.09    6.79    3.53   -2.91      0.263   0.135   0.976
   8  972.7   3/2+   1/2  20    0.58    4.20    5.73    4.52    0.16       5.81    7.70    4.09   -3.37      0.216   0.153   1.133
   9  977.8   7/2+   5/2  19    2.01   16.82   16.90    4.92    1.27      21.03   22.16    1.13   -5.05      0.780   0.440   0.312
  10 1060.6   5/2+   1/2  20    0.63    4.33    5.63    4.65    0.27       7.20   10.27    4.28   -2.96      0.267   0.204   1.184
  
  11 1067.9   3/2+   3/2  20   -0.66    3.39    6.48    3.47    0.50       4.98    6.83    3.34   -3.18      0.185   0.136   0.925
  12 1181.1   9/2+   5/2  21    4.19    2.47    1.92   18.25    2.11      11.62   11.24    3.53   -2.36      0.431   0.223   0.976
  13 1221.5   9/2+   5/2  19    2.01   16.83   16.89    4.92    1.02      24.24   27.84    1.17   -4.60      0.899   0.553   0.323
  14 1254.2   1/2+   1/2  19    1.85   18.03   15.19    4.61    1.26      18.36   15.03    3.02   -6.09      0.681   0.299   0.835
  15 1281.9   7/2+   1/2  20    0.29    3.99    5.92    4.27    0.18       8.40   16.16    3.92   -2.52      0.312   0.321   1.085
  
  16 1352.1   3/2+   1/2  19    1.79   18.21   14.87    4.54    0.36      19.70   17.30    2.99   -5.84      0.731   0.344   0.827
  17 1496.3  11/2+   5/2  21    4.18    2.47    1.94   18.20    1.76      17.31   16.47    3.53   -1.98      0.642   0.327   0.976
  18 1497.9  13/2+  13/2  21    4.21    2.50    1.85   18.32    3.90       6.55    4.51    5.84    1.11      0.243   0.090   1.617
  19 1515.6  11/2+   5/2  19    2.01   16.85   16.86    4.92    0.84      27.79   35.35    1.22   -4.19      1.031   0.703   0.337
  20 1788.8   1/2+   1/2  23   -0.23    1.56    7.89    1.65   -0.39       2.40    7.98    2.13   -3.23      0.089   0.159   0.589
  
  21 1842.6  13/2+   5/2  19    2.00   16.88   16.82    4.91    0.74      29.99   45.74    1.36   -3.81      1.112   0.909   0.376
