1SPECTRUM OF (Z= 79 A=197) IN PARTICLE-ROTOR  MODEL WITH MODIFIED OSCILLATOR POTENTIAL


 PARITY=+   EPS= 0.774   GAMMA= 57.5   EPS4=0.000   EPS6=0.000   LEVELS:  17  18  19  20  21

 PAIRING FACTORS: GN0= 19.20  GN1=  7.40  IPAIR= 15 ***  E2PLUS(INPUT)=   0.170  E2PLUR(INPUT)=   0.000

 CORIOLIS ATTENUATION PARAMETERS:  CHSI=1.000  ETA=  1.00

 MOMENT OF INERTIA PARAMETERS:   A1= 11.126 MEV   A2=  0.027 MEV   A3=  0.02976 MEV


 DELTA=0.890 MEV  LAMBDA=40.6063 MEV   HW0= 6.9908 MEV   LAMBDA/HW0= 5.8085

 E2ENERGY=0.170 MEV  HBAR**2/B=22910./A**(7/3)=3937.4/A**2 MEV

 IREC=0  =>  RECOIL TERMS j+j-, j+j+, jzjz, ETC TREATED AS ONE-BODY OPERATORS WITH UU+VV PAIRING FACTORS



 S. P. LEVEL   EQP       U     V        (UU + VV)**1.00

     17       3.311    0.136 0.991      1.000 0.985 0.725 0.707 0.435
     18       1.536    0.304 0.953      0.985 1.000 0.832 0.818 0.584
     19       0.912    0.781 0.624      0.725 0.832 1.000 1.000 0.936
     20       0.924    0.796 0.605      0.707 0.818 1.000 1.000 0.944
     21       1.515    0.951 0.309      0.435 0.584 0.936 0.944 1.000

  R CORE   ENERGY   A0R/A00=1.000    R3= 0     2  
   2( 1)    0.170                   -0.500 0.866
   2( 2)   44.562                    0.866 0.500

  R CORE   ENERGY   A0R/A00=1.000    R3= 0     2  
   3( 1)   44.732                    0.000 1.000

  R CORE   ENERGY   A0R/A00=1.000    R3= 0     2     4  
   4( 1)    0.567                    0.375-0.559 0.739

  R CORE   ENERGY   A0R/A00=1.000    R3= 0     2     4  
   5( 1)   45.242                    0.000-0.500 0.866

  R CORE   ENERGY   A0R/A00=1.000    R3= 0     2     4     6  
   6( 1)    1.190                   -0.313 0.453-0.496 0.671

  R CORE   ENERGY   A0R/A00=1.000    R3= 0     2     4     6  
   7( 1)   45.979                    0.000 0.313-0.586 0.747
 

             ENERGY     K= 1/2
 
 I=  1/2+ (1) 10.707  17: 1.000
 
 I=  1/2+ (2) 36.882  19: 0.314
                      21: 0.949

             ENERGY     K= 1/2  -3/2
 
 I=  3/2+ (1) 10.810  17: 0.498-0.862
                      21: 0.078 0.045
 
 I=  3/2+ (2) 11.099  17: 0.045-0.078
                      19:-0.060-0.034
                      21:-0.860-0.497

             ENERGY     K= 5/2   1/2  -3/2
 
 I=  5/2+ (1)  2.056  19:-0.250-0.790-0.558
 
 I=  5/2+ (2) 10.914  17: 0.784-0.496 0.350
                      21: 0.071 0.046-0.097

             ENERGY     K= 5/2   1/2  -3/2  -7/2
 
 I=  7/2+ (1)  2.254  19: 0.625 0.279-0.649-0.330
 
 I=  7/2+ (2) 11.154  17:-0.274 0.368-0.475 0.724
                      21:-0.130 0.097-0.025-0.114

             ENERGY     K= 9/2   5/2   1/2  -3/2  -7/2
 
 I=  9/2+ (1)  2.298  20:-0.062-0.375-0.702-0.573-0.187
 
 I=  9/2+ (2)  2.509  19:-0.375-0.500 0.468-0.000-0.624

             ENERGY     K= 9/2   5/2   1/2  -3/2  -7/2 -11/2
 
 I= 11/2+ (1)  2.279  18:-0.094-0.366-0.612-0.517-0.211-0.028
                      20: 0.116 0.250 0.084-0.212-0.202-0.043
 
 I= 11/2+ (2)  2.678  18: 0.043 0.166 0.277 0.234 0.096 0.013
                      20: 0.256 0.551 0.185-0.468-0.445-0.094

             ENERGY     K=13/2   9/2   5/2   1/2  -3/2  -7/2 -11/2
 
 I= 13/2+ (1)  2.589  18:-0.049-0.299-0.504-0.156 0.406 0.446 0.149
                      20: 0.068 0.263 0.140-0.218-0.063 0.266 0.170
 
 I= 13/2+ (2)  3.104  18: 0.028 0.170 0.287 0.089-0.231-0.254-0.085
                      20: 0.120 0.462 0.247-0.383-0.110 0.468 0.299

             ENERGY     K=13/2   9/2   5/2   1/2  -3/2  -7/2 -11/2
  21 LEVELS    TIME=  0.0 SEC



 ******************* EXCITATION ENERGIES, DOMINANT CONFIGURATION AND EXPECTATION VALUES (WITH S.P. UU+VV FACTORS) *******************

  NR  Eex(keV)  I   Kdom  NY    <Jz>  <Jx**2> <Jy**2> <Jz**2> <I.j>/|I|  <Rx**2> <Ry**2> <Rz**2> <R.j>/|R|  <HROTx> <HROTy> <HROTz>

   1    0.0   5/2+   1/2  19    0.00    6.15    6.45    4.81    2.09       0.07    7.69    6.06   -3.02      0.755   0.207   0.180
   2  198.3   7/2+   3/2  19    0.00    6.15    6.45    4.81    1.56       0.07   11.19    9.56   -2.46      0.755   0.301   0.284
   3  223.3  11/2+   1/2  18    0.00   28.42    6.58    5.57    5.09       0.04    8.10    7.27   -2.58      0.413   0.218   0.216
   4  242.3   9/2+   1/2  20    0.00   20.11    6.75    5.59    4.05       0.08    9.00    7.84   -2.99      0.899   0.242   0.233
   5  453.2   9/2+   7/2  19    0.00    6.15    6.45    4.81    1.24       0.07   15.69   14.05   -2.06      0.755   0.422   0.418
  
   6  533.5  13/2+   5/2  18    0.00   27.68    6.60    5.57    4.45       0.04   13.56   12.83   -1.70      0.456   0.365   0.382
   7  621.9  11/2+   5/2  20    0.00   21.82    6.71    5.59    3.32       0.07   15.70   14.38   -2.60      0.799   0.422   0.428
   8  764.8  11/2+   9/2  19    0.00    6.15    6.45    4.81    1.03       0.07   21.20   19.54   -1.76      0.755   0.570   0.581
   9 1048.3  13/2+   7/2  20    0.00   22.56    6.70    5.58    2.75       0.07   23.26   21.81   -2.32      0.755   0.626   0.649
  10 1133.0  13/2+  11/2  19    0.00    6.15    6.45    4.81    0.89       0.07   27.71   26.02   -1.53      0.755   0.746   0.774
  
  11 8651.0   1/2+   1/2  17    0.25    0.69    3.21    9.35    0.31       0.63    3.48    9.35   -3.54      7.024   0.094   0.278
  12 8754.1   3/2+   3/2  17    0.25    0.70    3.26    9.31    0.01       0.63    4.83   11.50   -3.21      7.041   0.130   0.342
  13 8858.6   5/2+   5/2  17    0.24    0.71    3.31    9.26    0.24       0.63    7.30   12.67   -2.77      7.060   0.196   0.377
  14 9043.6   3/2+   1/2  21   -0.03    1.84    9.28    4.07    0.80       0.82   10.17    4.87   -3.43      9.154   0.274   0.145
  15 9098.1   7/2+   7/2  17    0.24    0.73    3.46    9.13    0.05       0.64   10.44   17.60   -2.45      7.110   0.281   0.524
  
  16 9188.4   5/2+   3/2  21   -0.03    1.83    9.23    4.12    0.48       0.82   12.81    7.46   -3.00      9.136   0.345   0.222
  17 9288.3   9/2+   9/2  17    0.24    0.74    3.47    9.12    0.26       0.64   14.94   19.90   -2.02      7.115   0.402   0.592
  18 9393.2   7/2+   5/2  21   -0.02    1.80    9.08    4.24    0.29       0.82   16.52   11.26   -2.62      9.085   0.444   0.335
  1934826.0   1/2+   1/2  21    0.03    2.05    9.93    3.32   -0.39       3.15   10.04    3.54   -3.82     35.051   0.270   0.105
  2034925.2   3/2+   3/2  21    0.03    2.04    9.93    3.33   -0.31       3.15   11.96    5.14   -3.53     35.050   0.322   0.153
  
  2143653.2   1/2+   1/2  19   -0.07    5.97    5.75    5.61    1.21       3.99    6.07    5.93   -4.07     44.397   0.163   0.176
