1SPECTRUM OF (Z= 79 A=197) IN PARTICLE-ROTOR  MODEL WITH MODIFIED OSCILLATOR POTENTIAL


 PARITY=+   EPS= 0.478   GAMMA= 43.6   EPS4=0.000   EPS6=0.000   LEVELS:  18  19  20  21  22

 PAIRING FACTORS: GN0= 19.20  GN1=  7.40  IPAIR= 15 ***  E2PLUS(INPUT)=   0.170  E2PLUR(INPUT)=   0.000

 CORIOLIS ATTENUATION PARAMETERS:  CHSI=1.000  ETA=  1.00

 MOMENT OF INERTIA PARAMETERS:   A1=  0.228 MEV   A2=  0.019 MEV   A3=  0.03797 MEV


 DELTA=0.859 MEV  LAMBDA=40.3841 MEV   HW0= 6.7446 MEV   LAMBDA/HW0= 5.9877

 E2ENERGY=0.170 MEV  HBAR**2/B= 7463./A**(7/3)=1282.5/A**2 MEV

 IREC=0  =>  RECOIL TERMS j+j-, j+j+, jzjz, ETC TREATED AS ONE-BODY OPERATORS WITH UU+VV PAIRING FACTORS



 S. P. LEVEL   EQP       U     V        (UU + VV)**1.00

     18       2.283    0.192 0.981      1.000 0.998 0.850 0.702 0.404
     19       1.754    0.253 0.967      0.998 1.000 0.881 0.746 0.461
     20       0.861    0.681 0.733      0.850 0.881 1.000 0.972 0.826
     21       0.932    0.833 0.553      0.702 0.746 0.972 1.000 0.935
     22       1.991    0.975 0.221      0.404 0.461 0.826 0.935 1.000

  R CORE   ENERGY   A0R/A00=1.000    R3= 0     2  
   2( 1)    0.170                   -0.535 0.845
   2( 2)    0.970                    0.845 0.535

  R CORE   ENERGY   A0R/A00=1.000    R3= 0     2  
   3( 1)    1.140                    0.000 1.000

  R CORE   ENERGY   A0R/A00=1.000    R3= 0     2     4  
   4( 1)    0.552                    0.458-0.627 0.630

  R CORE   ENERGY   A0R/A00=1.000    R3= 0     2     4  
   5( 1)    1.650                    0.000-0.535 0.845

  R CORE   ENERGY   A0R/A00=1.000    R3= 0     2     4     6  
   6( 1)    1.114                   -0.440 0.593-0.513 0.438

  R CORE   ENERGY   A0R/A00=1.000    R3= 0     2     4     6  
   7( 1)    2.376                    0.000 0.366-0.628 0.686
 

             ENERGY     K= 1/2
 
 I=  1/2+ (1)  1.593  19: 0.153
                      20:-0.988
 
 I=  1/2+ (2)  2.921  19:-0.988
                      20:-0.153

             ENERGY     K= 1/2  -3/2
 
 I=  3/2+ (1)  1.653  19: 0.053-0.159
                      20:-0.545 0.821
 
 I=  3/2+ (2)  1.837  19: 0.423 0.210
                      20: 0.728 0.497

             ENERGY     K= 5/2   1/2  -3/2
 
 I=  5/2+ (1)  1.828  19:-0.150 0.059 0.018
                      20: 0.649-0.586 0.457
 
 I=  5/2+ (2)  1.985  19: 0.240 0.201-0.348
                      20: 0.626 0.174-0.599

             ENERGY     K= 5/2   1/2  -3/2  -7/2
 
 I=  7/2+ (1)  1.957  19:-0.057-0.013 0.094-0.163
                      20:-0.354 0.501-0.548 0.534
 
 I=  7/2+ (2)  2.189  19:-0.323 0.275-0.091-0.184
                      20:-0.473 0.337 0.033-0.663

             ENERGY     K= 9/2   5/2   1/2  -3/2  -7/2
 
 I=  9/2+ (1)  2.245  19: 0.153-0.090 0.016 0.056-0.094
                      20:-0.349 0.464-0.521 0.480-0.342
 
 I=  9/2+ (2)  2.409  18:-0.008-0.063-0.129-0.101-0.028
                      21: 0.161 0.591 0.235-0.560-0.407
                      22:-0.089-0.138 0.106-0.009-0.145

             ENERGY     K= 9/2   5/2   1/2  -3/2  -7/2 -11/2
 
 I= 11/2+ (1)  1.613  21:-0.076-0.371-0.685-0.565-0.198-0.020
                      22: 0.038 0.110 0.047-0.086-0.071-0.010
 
 I= 11/2+ (2)  2.434  19:-0.101 0.072-0.006-0.066 0.117-0.140
                      20:-0.239 0.388-0.480 0.492-0.420 0.302

             ENERGY     K=13/2   9/2   5/2   1/2  -3/2  -7/2 -11/2
 
 I= 13/2+ (1)  1.853  18:-0.003-0.030-0.104-0.171-0.144-0.062-0.012
                      21: 0.029 0.266 0.563 0.194-0.483-0.461-0.115
                      22:-0.018-0.114-0.094 0.096 0.019-0.123-0.054
 
 I= 13/2+ (2)  2.755  18:-0.008-0.105-0.387-0.647-0.546-0.226-0.037
                      21:-0.004-0.059-0.146-0.055 0.128 0.113 0.022
                      22: 0.005 0.041 0.021-0.082-0.037 0.044 0.019

             ENERGY     K=13/2   9/2   5/2   1/2  -3/2  -7/2 -11/2
  21 LEVELS    TIME=  0.0 SEC



 ******************* EXCITATION ENERGIES, DOMINANT CONFIGURATION AND EXPECTATION VALUES (WITH S.P. UU+VV FACTORS) *******************

  NR  Eex(keV)  I   Kdom  NY    <Jz>  <Jx**2> <Jy**2> <Jz**2> <I.j>/|I|  <Rx**2> <Ry**2> <Rz**2> <R.j>/|R|  <HROTx> <HROTy> <HROTz>

   1    0.0   1/2+   1/2  20   -0.15    1.47    2.00    9.39    0.09       1.29    2.37    9.79   -3.48      0.293   0.045   0.372
   2   20.5  11/2+   1/2  21    0.01   27.72   12.44    5.51    5.11       0.67   13.17    6.47   -3.35      0.153   0.252   0.246
   3   60.3   3/2+   3/2  20   -0.16    1.48    2.02    9.37    0.26       1.28    3.61   10.72   -3.13      0.291   0.069   0.407
   4  235.7   5/2+   5/2  20   -0.14    1.47    2.03    9.37   -0.06       1.33    7.54   13.07   -2.78      0.303   0.144   0.496
   5  244.8   3/2+   1/2  20    0.07    1.69    3.09    8.39    0.61       1.56    3.78    9.20   -3.14      0.356   0.072   0.349
  
   6  260.1  13/2+   5/2  21    0.02   28.33   12.03    5.31    5.01       0.71   15.18    8.61   -2.16      0.161   0.291   0.327
   7  364.7   7/2+   3/2  20   -0.14    1.49    2.08    9.31    0.22       1.34   11.37   14.20   -2.32      0.305   0.218   0.539
   8  392.8   5/2+   5/2  20    0.06    1.69    3.06    8.41    0.40       1.54    5.63   12.36   -2.71      0.352   0.108   0.469
   9  596.6   7/2+   7/2  20    0.05    1.70    3.06    8.40    0.30       1.53    8.91   16.10   -2.32      0.348   0.170   0.611
  10  651.8   7/2+   1/2  21   -0.01   27.68   12.47    5.50    4.99       3.59   12.24    5.97   -5.54      0.818   0.234   0.226
  
  11  652.3   9/2+   1/2  20   -0.11    1.48    2.13    9.28   -0.05       1.48   20.53   16.17   -2.13      0.338   0.393   0.614
  12  743.2   5/2+   1/2  20   -0.21    1.85    2.72    8.56    0.74       3.66    3.82    9.99   -2.61      0.833   0.073   0.379
  13  816.6   9/2+   5/2  21    0.01   27.77   12.36    5.42    4.59       3.61   13.27    7.75   -4.58      0.823   0.254   0.294
  14  841.2  11/2+   3/2  20   -0.12    1.50    2.16    9.24    0.21       1.52   27.37   17.29   -1.72      0.345   0.524   0.656
  15  872.3   9/2+   9/2  20    0.03    1.70    2.99    8.46    0.24       1.55   12.13   21.82   -2.01      0.354   0.232   0.828
  
  16 1033.2  11/2+   7/2  21    0.02   27.82   12.28    5.36    4.31       3.63   15.35   10.75   -3.62      0.827   0.294   0.408
  17 1162.3  13/2+   1/2  18    0.00   39.95    5.00    2.56    5.57       0.33   11.09    7.00   -2.00      0.075   0.212   0.266
  18 1227.6  13/2+   1/2  20   -0.09    1.49    2.20    9.22   -0.05       1.70   41.45   19.26   -1.68      0.386   0.794   0.731
  19 1328.1   1/2+   1/2  19    0.10    3.04    6.23    4.98   -0.25       3.82    6.49    5.13   -3.68      0.869   0.124   0.195
  20 1424.3   3/2+   3/2  19    0.10    3.03    6.21    5.00   -0.19       3.83    7.94    6.95   -3.38      0.873   0.152   0.264
  
  21 3951.5   1/2+   1/2  22    0.34   16.82   17.49    5.87    2.96      13.24   16.78    5.79   -6.29      3.015   0.321   0.220
