1SPECTRUM OF (Z= 79 A=197) IN PARTICLE-ROTOR  MODEL WITH MODIFIED OSCILLATOR POTENTIAL


 PARITY=+   EPS= 0.196   GAMMA=  0.0   EPS4=0.000   EPS6=0.000   LEVELS:  18  19  20  21  22

 PAIRING FACTORS: GN0= 19.20  GN1=  7.40  IPAIR= 15 ***  E2PLUS(INPUT)=   0.170  E2PLUR(INPUT)=   0.000

 CORIOLIS ATTENUATION PARAMETERS:  CHSI=1.000  ETA=  1.00

 MOMENT OF INERTIA PARAMETERS:   A1=  0.028 MEV   A2=  0.028 MEV   A3= 28.39215 MEV


 DELTA=0.926 MEV  LAMBDA=40.4756 MEV   HW0= 6.6109 MEV   LAMBDA/HW0= 6.1226

 E2ENERGY=0.170 MEV  HBAR**2/B= 1478./A**(7/3)= 254.0/A**2 MEV

 IREC=0  =>  RECOIL TERMS j+j-, j+j+, jzjz, ETC TREATED AS ONE-BODY OPERATORS WITH UU+VV PAIRING FACTORS



 S. P. LEVEL   EQP       U     V        (UU + VV)**1.00

     18       2.044    0.233 0.972      1.000 1.000 0.999 0.716 0.682
     19       1.942    0.246 0.969      1.000 1.000 0.999 0.725 0.692
     20       1.742    0.277 0.961      0.999 0.999 1.000 0.746 0.714
     21       1.027    0.846 0.533      0.716 0.725 0.746 1.000 0.999
     22       1.080    0.870 0.493      0.682 0.692 0.714 0.999 1.000

  R CORE   ENERGY   A0R/A00=1.000    R3= 0     2  
   2( 1)    0.170                    1.000 0.000
   2( 2)  113.625                    0.000 1.000

  R CORE   ENERGY   A0R/A00=1.000    R3= 0     2  
   3( 1)  113.796                    0.000 1.000

  R CORE   ENERGY   A0R/A00=1.000    R3= 0     2     4  
   4( 1)    0.568                    1.000 0.000 0.000

  R CORE   ENERGY   A0R/A00=1.000    R3= 0     2     4  
   5( 1)  114.307                    0.000 1.000 0.000

  R CORE   ENERGY   A0R/A00=1.000    R3= 0     2     4     6  
   6( 1)    1.192                    1.000 0.000 0.000 0.000

  R CORE   ENERGY   A0R/A00=1.000    R3= 0     2     4     6  
   7( 1)  115.045                    0.000 1.000 0.000 0.000

          AXIAL SYMMETRY => K RESTRICTED TO OMEGA

                     K
     S.P. ORB#: 18 -3.50
     S.P. ORB#: 19  0.50
     S.P. ORB#: 20  2.50
     S.P. ORB#: 21 -1.50
     S.P. ORB#: 22  0.50
 

             ENERGY    K= OMEGA
 
 I=  1/2+ (1)  1.140  22:-0.999
 
 I=  1/2+ (2)  2.140  19: 0.999

             ENERGY    K= OMEGA
 
 I=  3/2+ (1)  1.117  19:-0.071
                      21: 0.960
                      22: 0.272
 
 I=  3/2+ (2)  1.267  21:-0.275
                      22: 0.961

             ENERGY    K= OMEGA
 
 I=  5/2+ (1)  1.239  21:-0.892
                      22: 0.450
 
 I=  5/2+ (2)  1.363  19:-0.134
                      21:-0.442
                      22:-0.887

             ENERGY    K= OMEGA
 
 I=  7/2+ (1)  1.406  19: 0.167
                      21:-0.889
                      22:-0.426
 
 I=  7/2+ (2)  1.653  21:-0.437
                      22: 0.898

             ENERGY    K= OMEGA
 
 I=  9/2+ (1)  1.646  21: 0.818
                      22:-0.572
 
 I=  9/2+ (2)  1.811  19: 0.209
                      21: 0.553
                      22: 0.806

             ENERGY    K= OMEGA
 
 I= 11/2+ (1)  1.902  19:-0.252
                      21: 0.838
                      22: 0.482
 
 I= 11/2+ (2)  2.271  21:-0.507
                      22: 0.859

             ENERGY    K= OMEGA
 
 I= 13/2+ (1)  2.276  21: 0.776
                      22:-0.628
 
 I= 13/2+ (2)  2.478  19: 0.271
                      21: 0.595
                      22: 0.755

             ENERGY     K= 1/2
  21 LEVELS    TIME=  0.0 SEC



 ******************* EXCITATION ENERGIES, DOMINANT CONFIGURATION AND EXPECTATION VALUES (WITH S.P. UU+VV FACTORS) *******************

  NR  Eex(keV)  I   Kdom  NY    <Jz>  <Jx**2> <Jy**2> <Jz**2> <I.j>/|I|  <Rx**2> <Ry**2> <Rz**2> <R.j>/|R|  <HROTx> <HROTy> <HROTz>

   1    0.0   3/2+  -3/2  21   -1.34    1.11    1.11    2.09    1.34       1.43    1.43    0.00   -1.01      0.041   0.041   0.000
   2   23.0   1/2+   1/2  22    0.50    0.99    0.99    0.25    0.55       1.01    1.01   -0.00   -1.23      0.029   0.029  -0.000
   3  122.3   5/2+  -3/2  21   -1.09    1.09    1.09    1.84    0.97       3.52    3.52    0.00   -0.44      0.100   0.100   0.000
   4  149.8   3/2+   1/2  22    0.35    1.04    1.04    0.40   -0.12       3.34    3.34   -0.00   -1.05      0.095   0.095  -0.000
   5  245.8   5/2+   1/2  22    0.11    0.99    0.99    0.64    0.27       4.88    4.88    0.00   -0.58      0.139   0.139   0.000
  
   6  289.2   7/2+  -3/2  21   -1.08    1.17    1.17    1.84    0.99       6.04    6.04    0.00   -0.07      0.172   0.172   0.000
   7  529.2   9/2+  -3/2  21   -0.84    1.09    1.09    1.60    0.74      10.55   10.55    0.00   -0.01      0.300   0.300   0.000
   8  536.6   7/2+   1/2  22    0.12    1.06    1.06    0.64   -0.25      10.24   10.24   -0.00   -0.83      0.291   0.291  -0.000
   9  693.8   9/2+   1/2  22   -0.11    1.01    1.01    0.87    0.27      12.47   12.47    0.00   -0.31      0.354   0.354   0.000
  10  782.5   5/2+   5/2  20    2.50    1.51    1.51    6.25    2.11       2.78    2.78    0.00   -1.29      0.079   0.079   0.000
  
  11  784.9  11/2+  -3/2  21   -0.90    1.25    1.25    1.66    0.97      14.14   14.14    0.00    0.31      0.401   0.401   0.000
  12  971.8   7/2+   5/2  20    2.14    1.53    1.53    6.60    1.74       5.80    5.80    0.00   -0.81      0.165   0.165   0.000
  13 1023.3   1/2+   1/2  19    0.50    2.71    2.71    0.25   -0.36       3.52    3.52    0.00   -2.25      0.100   0.100   0.000
  14 1025.0   3/2+   1/2  19    0.49    2.64    2.64    0.26    0.54       3.60    3.60    0.00   -1.68      0.102   0.102   0.000
  15 1153.8  11/2+   1/2  22   -0.01    1.07    1.07    0.78   -0.30      21.14   21.14    0.00   -0.73      0.600   0.600   0.000
  
  16 1159.5  13/2+  -3/2  21   -0.70    1.08    1.08    1.47    0.66      21.58   21.58    0.00    0.15      0.613   0.613   0.000
  17 1216.6   9/2+   5/2  20    1.81    1.54    1.54    6.92    1.52       9.84    9.84    0.00   -0.56      0.279   0.279   0.000
  18 1361.2  13/2+   1/2  22   -0.20    1.04    1.04    0.97    0.30      23.81   23.81   -0.00   -0.14      0.676   0.676  -0.000
  19 1517.4  11/2+   5/2  20    1.54    1.55    1.55    7.18    1.36      14.91   14.91    0.00   -0.40      0.423   0.423   0.000
  20 1874.3  13/2+   5/2  20    1.31    1.56    1.56    7.41    1.24      21.00   21.00    0.00   -0.29      0.596   0.596   0.000
  
  2133980.9   1/2+  -3/2  21    0.00    0.00    0.00    0.00   -0.00       0.00    0.00    0.00   -0.00      0.000   0.000   0.000
