1SPECTRUM OF (Z= 79 A=197) IN PARTICLE-ROTOR  MODEL WITH MODIFIED OSCILLATOR POTENTIAL


 PARITY=+   EPS= 0.323   GAMMA= 12.0   EPS4=0.000   EPS6=0.000   LEVELS:  17  18  19  20  21

 PAIRING FACTORS: GN0= 19.20  GN1=  7.40  IPAIR= 15 ***  E2PLUS(INPUT)=   0.434  E2PLUR(INPUT)=   0.000

 CORIOLIS ATTENUATION PARAMETERS:  CHSI=1.000  ETA=  1.00

 MOMENT OF INERTIA PARAMETERS:   A1=  0.090 MEV   A2=  0.055 MEV   A3=  1.14983 MEV


 DELTA=1.068 MEV  LAMBDA=40.4004 MEV   HW0= 6.6641 MEV   LAMBDA/HW0= 6.0624

 E2ENERGY=0.434 MEV  HBAR**2/B= 9368./A**(7/3)=1610.0/A**2 MEV

 IREC=0  =>  RECOIL TERMS j+j-, j+j+, jzjz, ETC TREATED AS ONE-BODY OPERATORS WITH UU+VV PAIRING FACTORS



 S. P. LEVEL   EQP       U     V        (UU + VV)**1.00

     17       2.790    0.195 0.981      1.000 0.981 0.938 0.882 0.881
     18       1.518    0.380 0.925      0.981 1.000 0.987 0.956 0.956
     19       1.197    0.524 0.852      0.938 0.987 1.000 0.991 0.990
     20       1.089    0.634 0.773      0.882 0.956 0.991 1.000 1.000
     21       1.088    0.636 0.772      0.881 0.956 0.990 1.000 1.000

  R CORE   ENERGY   A0R/A00=1.000    R3= 0     2  
   2( 1)    0.434                    1.000-0.014
   2( 2)    4.745                    0.014 1.000

  R CORE   ENERGY   A0R/A00=1.000    R3= 0     2  
   3( 1)    5.179                    0.000 1.000

  R CORE   ENERGY   A0R/A00=1.000    R3= 0     2     4  
   4( 1)    1.437                    0.999-0.054 0.000

  R CORE   ENERGY   A0R/A00=1.000    R3= 0     2     4  
   5( 1)    6.481                    0.000 1.000-0.014

  R CORE   ENERGY   A0R/A00=1.000    R3= 0     2     4     6  
   6( 1)    2.985                    0.993-0.116 0.002-0.000

  R CORE   ENERGY   A0R/A00=1.000    R3= 0     2     4     6  
   7( 1)    8.355                    0.000 0.999-0.032 0.000
 

             ENERGY     K= 1/2
 
 I=  1/2+ (1)  2.710  17: 0.135
                      18:-0.989
                      21:-0.053
 
 I=  1/2+ (2)  5.285  20: 1.000

             ENERGY     K= 1/2  -3/2
 
 I=  3/2+ (1)  2.729  17: 0.131-0.021
                      18:-0.990-0.020
 
 I=  3/2+ (2)  4.716  17:-0.010-0.635
                      18: 0.025-0.770

             ENERGY     K= 5/2   1/2  -3/2
 
 I=  5/2+ (1)  2.122  17:-0.005 0.000-0.064
                      19:-0.126 0.002 0.002
                      21:-0.988 0.012-0.002
 
 I=  5/2+ (2)  3.399  17: 0.004-0.137-0.059
                      18:-0.014 0.983-0.083
                      21: 0.017 0.050-0.007

             ENERGY     K= 5/2   1/2  -3/2  -7/2
 
 I=  7/2+ (1)  1.983  19:-0.019 0.001 0.016-0.982
                      21:-0.149 0.003-0.001 0.111
 
 I=  7/2+ (2)  2.613  17:-0.003-0.006 0.097 0.009
                      18: 0.031 0.016 0.063 0.003
                      19:-0.124 0.005-0.006 0.151
                      21:-0.973 0.024 0.003-0.017

             ENERGY     K= 9/2   5/2   1/2  -3/2  -7/2
 
 I=  9/2+ (1)  2.606  19: 0.000-0.029 0.002-0.031 0.966
                      21: 0.001-0.225 0.010 0.002-0.109
 
 I=  9/2+ (2)  3.239  17: 0.001-0.000 0.004-0.125-0.011
                      18:-0.001 0.027 0.035-0.084-0.003
                      19: 0.003-0.121 0.008 0.011-0.229
                      21: 0.022-0.951 0.040-0.005 0.026

             ENERGY     K= 9/2   5/2   1/2  -3/2  -7/2 -11/2
 
 I= 11/2+ (1)  3.360  19:-0.001 0.037-0.002-0.049 0.946-0.031
                      21:-0.007 0.289-0.016 0.003-0.107 0.004
 
 I= 11/2+ (2)  4.003  17:-0.001-0.004 0.018-0.147-0.012 0.000
                      18: 0.002-0.023-0.034-0.094-0.003 0.000
                      19:-0.005 0.118-0.011 0.023-0.294 0.010
                      21:-0.041 0.928-0.056-0.006 0.033-0.001

             ENERGY     K=13/2   9/2   5/2   1/2  -3/2  -7/2 -11/2
 
 I= 13/2+ (1)  4.238  17:-0.000 0.003 0.042-0.015 0.059 0.004-0.000
                      18: 0.000 0.000-0.056-0.002 0.039 0.001-0.000
                      19: 0.000-0.002 0.044-0.007 0.070-0.920 0.058
                      21: 0.000-0.017 0.349-0.031-0.003 0.104-0.007
 
 I= 13/2+ (2)  4.355  20:-0.000-0.000 0.098 0.918 0.384 0.008-0.000

             ENERGY     K=13/2   9/2   5/2   1/2  -3/2  -7/2 -11/2
  21 LEVELS    TIME=  0.0 SEC



 ******************* EXCITATION ENERGIES, DOMINANT CONFIGURATION AND EXPECTATION VALUES (WITH S.P. UU+VV FACTORS) *******************

  NR  Eex(keV)  I   Kdom  NY    <Jz>  <Jx**2> <Jy**2> <Jz**2> <I.j>/|I|  <Rx**2> <Ry**2> <Rz**2> <R.j>/|R|  <HROTx> <HROTy> <HROTz>

   1    0.0   7/2+   7/2  19   -3.25    1.95    1.59   11.57    3.02       3.44    3.19    0.26   -1.19      0.310   0.175   0.304
   2  139.4   5/2+   5/2  21    2.30    1.80    1.36    5.87    2.04       2.73    2.41    0.56   -1.25      0.245   0.132   0.646
   3  623.0   9/2+   7/2  19   -3.08    1.95    1.58   11.38    2.44       7.47    7.61    0.28   -0.71      0.672   0.418   0.322
   4  630.0   7/2+   5/2  21    2.14    1.81    1.40    5.98    1.59       5.82    5.93    0.57   -0.82      0.524   0.326   0.652
   5  726.8   1/2+   1/2  18    0.60    1.98    5.22    0.87   -0.15       2.76    5.80    0.52   -2.72      0.248   0.319   0.602
  
   6  746.1   3/2+   1/2  18    0.59    1.98    5.23    0.87    0.61       2.64    6.29    0.53   -2.24      0.238   0.346   0.605
   7 1256.3   9/2+   5/2  21    1.94    1.82    1.45    6.11    1.33       9.52   10.77    0.58   -0.60      0.857   0.592   0.664
   8 1376.8  11/2+   7/2  19   -2.88    1.96    1.58   11.16    2.07      11.97   13.41    0.31   -0.46      1.078   0.737   0.353
   9 1415.8   5/2+   1/2  18    0.59    1.99    5.22    0.89   -0.27       7.10   10.79    0.54   -2.07      0.639   0.593   0.621
  10 1476.7   7/2+   1/2  18    0.59    1.98    5.22    0.88    0.53       7.36   11.72    0.53   -1.35      0.663   0.644   0.613
  
  11 2020.0  11/2+   5/2  21    1.71    1.84    1.49    6.29    1.16      13.85   17.00    0.59   -0.47      1.247   0.934   0.681
  12 2117.4   9/2+   1/2  20    0.18   34.57    9.71    0.84    4.51       7.34   16.39    1.26   -4.54      0.661   0.900   1.450
  13 2255.1  13/2+   7/2  19   -2.64    1.96    1.58   10.89    1.82      16.62   20.85    0.35   -0.28      1.495   1.146   0.404
  14 2372.4  13/2+   1/2  20    0.18   34.57    9.71    0.84    4.65       5.20   22.34    1.37   -2.35      0.468   1.228   1.570
  15 2456.7   5/2+   1/2  20    0.18   34.57    9.71    0.84    4.23      15.74   12.02    1.11   -6.07      1.417   0.660   1.273
  
  16 2733.3   3/2+   3/2  18   -0.71    2.32    5.68    1.68    0.55       3.00    6.52    1.79   -2.56      0.270   0.358   2.057
  17 2769.1  11/2+   1/2  18    0.58    1.99    5.20    0.90    0.50      14.94   22.38    0.56   -0.83      1.344   1.230   0.639
  18 2907.6  13/2+   5/2  21    1.42    1.85    1.58    6.47    1.05      18.19   25.13    0.62   -0.38      1.637   1.381   0.711
  19 3302.0   1/2+   1/2  20    0.18   34.57    9.71    0.84    3.66      29.14    9.47    0.92   -6.67      2.623   0.520   1.053
  20 3761.2   1/2+   1/2  21    2.31    1.85    1.33    5.88    1.48       1.98    1.44    3.82   -2.89      0.178   0.079   4.390
  
  21 3909.0   3/2+   3/2  19   -1.30    1.88    1.50    9.57    2.09       2.65    2.14    3.81   -3.03      0.239   0.118   4.377
