1SPECTRUM OF (Z= 79 A=197) IN PARTICLE-ROTOR  MODEL WITH MODIFIED OSCILLATOR POTENTIAL


 PARITY=+   EPS= 0.500   GAMMA= 47.0   EPS4=0.000   EPS6=0.000   LEVELS:  18  19  20  21  22

 PAIRING FACTORS: GN0= 19.20  GN1=  7.40  IPAIR= 15 ***  E2PLUS(INPUT)=   0.170  E2PLUR(INPUT)=   0.000

 CORIOLIS ATTENUATION PARAMETERS:  CHSI=1.000  ETA=  1.00

 MOMENT OF INERTIA PARAMETERS:   A1=  0.376 MEV   A2=  0.021 MEV   A3=  0.03588 MEV


 DELTA=0.878 MEV  LAMBDA=40.3622 MEV   HW0= 6.7574 MEV   LAMBDA/HW0= 5.9730

 E2ENERGY=0.170 MEV  HBAR**2/B= 8655./A**(7/3)=1487.5/A**2 MEV

 IREC=0  =>  RECOIL TERMS j+j-, j+j+, jzjz, ETC TREATED AS ONE-BODY OPERATORS WITH UU+VV PAIRING FACTORS



 S. P. LEVEL   EQP       U     V        (UU + VV)**1.00

     18       2.368    0.189 0.982      1.000 0.994 0.840 0.714 0.402
     19       1.578    0.291 0.957      0.994 1.000 0.892 0.783 0.495
     20       0.878    0.692 0.722      0.840 0.892 1.000 0.980 0.835
     21       0.938    0.823 0.569      0.714 0.783 0.980 1.000 0.928
     22       2.031    0.975 0.222      0.402 0.495 0.835 0.928 1.000

  R CORE   ENERGY   A0R/A00=1.000    R3= 0     2  
   2( 1)    0.170                   -0.516 0.857
   2( 2)    1.562                    0.857 0.516

  R CORE   ENERGY   A0R/A00=1.000    R3= 0     2  
   3( 1)    1.732                    0.000 1.000

  R CORE   ENERGY   A0R/A00=1.000    R3= 0     2     4  
   4( 1)    0.561                    0.414-0.593 0.690

  R CORE   ENERGY   A0R/A00=1.000    R3= 0     2     4  
   5( 1)    2.242                    0.000-0.516 0.857

  R CORE   ENERGY   A0R/A00=1.000    R3= 0     2     4     6  
   6( 1)    1.160                   -0.379 0.528-0.514 0.560

  R CORE   ENERGY   A0R/A00=1.000    R3= 0     2     4     6  
   7( 1)    2.975                    0.000 0.337-0.606 0.720
 

             ENERGY     K= 1/2
 
 I=  1/2+ (1)  1.593  18:-0.233
                      19:-0.269
                      20: 0.935
 
 I=  1/2+ (2)  3.294  18: 0.167
                      19: 0.936
                      20: 0.311

             ENERGY     K= 1/2  -3/2
 
 I=  3/2+ (1)  1.665  18: 0.109-0.200
                      19: 0.109-0.253
                      20:-0.499 0.790
 
 I=  3/2+ (2)  1.833  18:-0.149-0.076
                      19:-0.622-0.333
                      20:-0.573-0.382

             ENERGY     K= 5/2   1/2  -3/2
 
 I=  5/2+ (1)  1.827  18:-0.188 0.114-0.085
                      19:-0.220 0.133-0.070
                      20: 0.703-0.501 0.358
 
 I=  5/2+ (2)  1.975  18:-0.068-0.051 0.148
                      19:-0.378-0.277 0.529
                      20:-0.413-0.208 0.508

             ENERGY     K= 5/2   1/2  -3/2  -7/2
 
 I=  7/2+ (1)  1.988  18: 0.061-0.070 0.095-0.177
                      19:-0.008-0.057 0.137-0.247
                      20:-0.316 0.424-0.490 0.589
 
 I=  7/2+ (2)  2.175  18:-0.097 0.108-0.057-0.078
                      19:-0.482 0.377-0.105-0.331
                      20:-0.383 0.284-0.013-0.497

             ENERGY     K= 9/2   5/2   1/2  -3/2  -7/2
 
 I=  9/2+ (1)  2.275  18:-0.170 0.103-0.078 0.065-0.055
                      19:-0.217 0.139-0.082 0.026 0.016
                      20: 0.523-0.458 0.428-0.367 0.267
 
 I=  9/2+ (2)  2.425  18:-0.029 0.001 0.052-0.111 0.140
                      19:-0.347-0.041 0.277-0.396 0.378
                      20:-0.463 0.109 0.132-0.302 0.361

             ENERGY     K= 9/2   5/2   1/2  -3/2  -7/2 -11/2
 
 I= 11/2+ (1)  1.633  21:-0.088-0.383-0.675-0.563-0.212-0.025
                      22: 0.042 0.104 0.040-0.086-0.076-0.014
 
 I= 11/2+ (2)  2.515  18: 0.053-0.049 0.044-0.053 0.084-0.164
                      19:-0.071 0.036 0.024-0.093 0.157-0.235
                      20:-0.241 0.340-0.403 0.425-0.414 0.416

             ENERGY     K=13/2   9/2   5/2   1/2  -3/2  -7/2 -11/2
 
 I= 13/2+ (1)  1.938  21: 0.041 0.304 0.575 0.188-0.478-0.487-0.141
                      22:-0.025-0.122-0.081 0.106 0.027-0.129-0.068
 
 I= 13/2+ (2)  2.917  18: 0.150-0.096 0.069-0.054 0.046-0.044 0.039
                      19: 0.210-0.148 0.098-0.042-0.012 0.052-0.066
                      20:-0.354 0.368-0.399 0.405-0.376 0.312-0.217

             ENERGY     K=13/2   9/2   5/2   1/2  -3/2  -7/2 -11/2
  21 LEVELS    TIME=  0.0 SEC



 ******************* EXCITATION ENERGIES, DOMINANT CONFIGURATION AND EXPECTATION VALUES (WITH S.P. UU+VV FACTORS) *******************

  NR  Eex(keV)  I   Kdom  NY    <Jz>  <Jx**2> <Jy**2> <Jz**2> <I.j>/|I|  <Rx**2> <Ry**2> <Rz**2> <R.j>/|R|  <HROTx> <HROTy> <HROTz>

   1    0.0   1/2+   1/2  20   -0.08    0.69    3.72    8.26    0.16       0.51    4.04    8.59   -3.46      0.190   0.085   0.308
   2   39.7  11/2+   1/2  21    0.00   28.45   11.39    5.91    5.18       0.42   12.16    7.02   -3.34      0.158   0.255   0.252
   3   71.6   3/2+   3/2  20   -0.08    0.70    3.70    8.28    0.20       0.51    5.34    9.81   -3.11      0.192   0.112   0.352
   4  234.3   5/2+   5/2  20   -0.08    0.69    3.72    8.26   -0.00       0.51    8.44   12.49   -2.74      0.192   0.177   0.448
   5  240.3   3/2+   1/2  19    0.02    2.11    4.82    6.99    1.00       0.45    5.56    7.76   -3.22      0.170   0.116   0.278
  
   6  344.6  13/2+   5/2  21    0.01   28.16   11.49    5.93    4.68       0.45   16.99   11.51   -2.40      0.170   0.356   0.413
   7  381.5   5/2+   3/2  19    0.02    2.11    4.83    6.97    0.67       0.45    8.04   10.21   -2.76      0.169   0.168   0.366
   8  395.3   7/2+   7/2  20   -0.08    0.75    3.67    8.29    0.15       0.53   12.05   14.65   -2.32      0.201   0.252   0.526
   9  582.3   7/2+   7/2  20    0.01    2.08    4.84    6.97    0.48       0.45   11.48   13.88   -2.36      0.167   0.241   0.498
  10  682.3   9/2+   9/2  20   -0.08    0.73    3.67    8.30   -0.03       0.56   18.66   18.54   -2.09      0.210   0.391   0.665
  
  11  782.5   5/2+   1/2  18   -0.11    5.38    3.37    6.66    1.83       0.76    4.63    7.93   -2.74      0.286   0.097   0.285
  12  832.1   9/2+   9/2  20    0.01    2.09    4.91    6.89    0.41       0.44   16.24   17.85   -2.01      0.164   0.340   0.640
  13  921.6  11/2+   3/2  20   -0.07    0.87    3.57    8.35    0.16       0.62   25.41   20.63   -1.74      0.232   0.532   0.740
  14  981.6   7/2+   3/2  18   -0.11    5.37    3.39    6.65    1.36       0.76    8.17   11.43   -2.22      0.284   0.171   0.410
  15 1149.4  11/2+  11/2  20    0.00    2.00    4.97    6.86    0.30       0.44   22.26   23.24   -1.77      0.164   0.466   0.834
  
  16 1236.3   9/2+   7/2  18   -0.11    5.36    3.43    6.61    1.08       0.75   12.92   15.72   -1.85      0.281   0.271   0.564
  17 1324.1  13/2+   1/2  20   -0.07    0.86    3.54    8.40   -0.03       0.69   36.64   24.68   -1.65      0.260   0.768   0.885
  18 1499.5  13/2+  13/2  20   -0.00    2.04    5.12    6.70    0.31       0.44   30.24   27.60   -1.53      0.164   0.634   0.990
  19 1630.8   3/2+   1/2  20   -0.10    0.59    6.75    5.46   -0.28       3.91    7.49    6.21   -3.18      1.471   0.157   0.223
  20 1701.1   1/2+   1/2  19    0.02    2.32    6.92    4.92   -0.69       3.79    7.17    5.15   -3.68      1.427   0.150   0.185
  
  21 2363.5   1/2+   1/2  18   -0.06    5.73    6.64    3.41    1.27       3.71    6.90    3.72   -3.88      1.396   0.145   0.134
