1SPECTRUM OF (Z= 79 A=197) IN PARTICLE-ROTOR  MODEL WITH MODIFIED OSCILLATOR POTENTIAL


 PARITY=+   EPS= 0.348   GAMMA= 37.5   EPS4=0.000   EPS6=0.000   LEVELS:  18  19  20  21  22

 PAIRING FACTORS: GN0= 19.20  GN1=  7.40  IPAIR= 15 ***  E2PLUS(INPUT)=   0.170  E2PLUR(INPUT)=   0.000

 CORIOLIS ATTENUATION PARAMETERS:  CHSI=1.000  ETA=  1.00

 MOMENT OF INERTIA PARAMETERS:   A1=  0.108 MEV   A2=  0.016 MEV   A3=  0.04275 MEV


 DELTA=0.929 MEV  LAMBDA=40.3503 MEV   HW0= 6.6696 MEV   LAMBDA/HW0= 6.0499

 E2ENERGY=0.170 MEV  HBAR**2/B= 3466./A**(7/3)= 595.7/A**2 MEV

 IREC=0  =>  RECOIL TERMS j+j-, j+j+, jzjz, ETC TREATED AS ONE-BODY OPERATORS WITH UU+VV PAIRING FACTORS



 S. P. LEVEL   EQP       U     V        (UU + VV)**1.00

     18       2.189    0.217 0.976      1.000 0.982 0.974 0.764 0.553
     19       1.279    0.396 0.918      0.982 1.000 0.999 0.871 0.698
     20       1.190    0.433 0.901      0.974 0.999 1.000 0.890 0.727
     21       0.964    0.796 0.605      0.764 0.871 0.890 1.000 0.960
     22       1.390    0.934 0.358      0.553 0.698 0.727 0.960 1.000

  R CORE   ENERGY   A0R/A00=1.000    R3= 0     2  
   2( 1)    0.170                   -0.618 0.786
   2( 2)    0.498                    0.786 0.618

  R CORE   ENERGY   A0R/A00=1.000    R3= 0     2  
   3( 1)    0.668                    0.000 1.000

  R CORE   ENERGY   A0R/A00=1.000    R3= 0     2     4  
   4( 1)    0.507                   -0.589 0.701-0.402

  R CORE   ENERGY   A0R/A00=1.000    R3= 0     2     4  
   5( 1)    1.178                    0.000-0.618 0.786

  R CORE   ENERGY   A0R/A00=1.000    R3= 0     2     4     6  
   6( 1)    0.967                   -0.556 0.685-0.437 0.173

  R CORE   ENERGY   A0R/A00=1.000    R3= 0     2     4     6  
   7( 1)    1.868                    0.000-0.487 0.692-0.533
 

             ENERGY     K= 1/2
 
 I=  1/2+ (1)  1.420  21:-1.000
 
 I=  1/2+ (2)  1.823  18:-0.179
                      19:-0.984

             ENERGY     K= 1/2  -3/2
 
 I=  3/2+ (1)  1.336  21:-0.952-0.303
 
 I=  3/2+ (2)  1.541  21:-0.303 0.953

             ENERGY     K= 5/2   1/2  -3/2
 
 I=  5/2+ (1)  1.487  21:-0.424-0.451 0.784
 
 I=  5/2+ (2)  1.640  21:-0.859 0.467-0.193

             ENERGY     K= 5/2   1/2  -3/2  -7/2
 
 I=  7/2+ (1)  1.612  19: 0.031-0.050 0.047-0.033
                      21:-0.654 0.676-0.286-0.160
 
 I=  7/2+ (2)  1.956  18:-0.001 0.003 0.027-0.111
                      19: 0.000 0.028-0.066 0.146
                      21: 0.072 0.072-0.507 0.833

             ENERGY     K= 9/2   5/2   1/2  -3/2  -7/2
 
 I=  9/2+ (1)  1.834  20: 0.047 0.343 0.695 0.552 0.157
                      22:-0.038-0.163-0.068 0.160 0.104
 
 I=  9/2+ (2)  1.868  19: 0.049-0.061 0.054-0.039 0.026
                      21:-0.148-0.154 0.526-0.671 0.464

             ENERGY     K= 9/2   5/2   1/2  -3/2  -7/2 -11/2
 
 I= 11/2+ (1)  2.020  19: 0.024-0.053 0.072-0.071 0.055-0.038
                      21:-0.360 0.594-0.594 0.364-0.081-0.070
 
 I= 11/2+ (2)  2.064  20: 0.149 0.396 0.145-0.354-0.292-0.047
                      22:-0.136-0.366-0.432-0.421-0.262-0.046

             ENERGY     K=13/2   9/2   5/2   1/2  -3/2  -7/2 -11/2
 
 I= 13/2+ (1)  1.507  20: 0.004 0.081 0.369 0.671 0.551 0.197 0.023
                      22:-0.004-0.058-0.153-0.057 0.140 0.114 0.020
 
 I= 13/2+ (2)  2.360  19:-0.038 0.065-0.079 0.077-0.065 0.049-0.031
                      21: 0.045 0.054-0.278 0.509-0.594 0.472-0.232

             ENERGY     K=13/2   9/2   5/2   1/2  -3/2  -7/2 -11/2
  21 LEVELS    TIME=  0.0 SEC



 ******************* EXCITATION ENERGIES, DOMINANT CONFIGURATION AND EXPECTATION VALUES (WITH S.P. UU+VV FACTORS) *******************

  NR  Eex(keV)  I   Kdom  NY    <Jz>  <Jx**2> <Jy**2> <Jz**2> <I.j>/|I|  <Rx**2> <Ry**2> <Rz**2> <R.j>/|R|  <HROTx> <HROTy> <HROTz>

   1    0.0   3/2+   1/2  21    0.22    1.54    6.42    1.66    0.63       1.55    7.44    1.94   -2.54      0.168   0.120   0.083
   2   84.6   1/2+   1/2  21    0.23    1.53    6.42    1.67   -0.36       2.53    6.76    1.69   -2.99      0.274   0.109   0.072
   3  151.3   5/2+   3/2  21    0.22    1.53    6.41    1.69    0.35       1.54   10.41    4.39   -2.13      0.166   0.168   0.188
   4  171.5  13/2+   1/2  20   -0.00   39.83    5.53    2.25    6.11       0.40    7.18    3.41   -1.48      0.043   0.116   0.146
   5  205.7   3/2+   3/2  21    0.22    1.53    6.42    1.68   -0.27       2.49    7.61    4.31   -2.67      0.270   0.123   0.184
  
   6  276.1   7/2+   1/2  21    0.22    1.54    6.41    1.69    0.38       1.80   16.08    4.45   -1.72      0.195   0.259   0.190
   7  304.1   5/2+   5/2  21    0.24    1.52    6.39    1.70    0.03       2.51   10.10    5.56   -2.23      0.272   0.163   0.238
   8  487.2   1/2+   1/2  19    0.73    1.45    1.67    7.67    0.38       1.61    2.08    7.19   -3.17      0.174   0.034   0.308
   9  498.4   9/2+   1/2  20   -0.00   39.75    5.58    2.27    6.00       3.74    5.87    3.07   -4.99      0.405   0.095   0.131
  10  532.6   9/2+   3/2  21    0.21    1.52    6.34    1.80    0.12       2.04   24.63    6.56   -1.57      0.221   0.397   0.281
  
  11  554.8   3/2+   3/2  19   -0.37    1.48    1.76    8.82    0.73       1.59    3.23    8.17   -2.95      0.172   0.052   0.349
  12  607.7   5/2+   5/2  19    1.14    1.48    1.59    6.94    0.84       1.79    5.41    6.59   -2.03      0.194   0.087   0.282
  13  620.1   7/2+   7/2  21    0.05    1.52    6.16    2.15   -0.05       2.52   11.57   11.87   -1.97      0.273   0.187   0.507
  14  684.0  11/2+   1/2  21    0.22    1.55    6.37    1.75    0.35       2.25   32.42    6.59   -1.18      0.243   0.523   0.282
  15  728.8  11/2+   1/2  22   -0.05   32.93   10.38    3.96    4.76       2.12   18.64    5.31   -3.68      0.230   0.300   0.227
  
  16  729.9   7/2+   7/2  19   -0.83    1.54    1.92    8.70    1.22       1.81    8.92    7.52   -1.72      0.196   0.144   0.322
  17  772.8  11/2+   1/2  22   -0.04   33.60    9.91    3.79    5.16       2.54   10.13    8.74   -3.56      0.275   0.163   0.374
  18  782.9   9/2+   9/2  21    0.25    1.52    6.32    1.78    0.25       2.75   15.07   14.09   -1.48      0.298   0.243   0.602
  19 1024.3  13/2+   3/2  21    0.19    1.51    6.24    1.94    0.09       2.62   46.25    8.28   -1.20      0.284   0.745   0.354
  20 1059.9  13/2+   7/2  20   -0.02   37.95    6.85    2.71    4.46       3.62   19.67   10.66   -2.81      0.392   0.317   0.456
  
  21 1506.7   1/2+   1/2  18   -1.94    1.86    1.06    7.73   -1.14       2.22    1.24    9.92   -3.18      0.240   0.020   0.424
