1SPECTRUM OF (Z= 79 A=197) IN PARTICLE-ROTOR  MODEL WITH MODIFIED OSCILLATOR POTENTIAL


 PARITY=+   EPS= 0.387   GAMMA= 12.5   EPS4=0.000   EPS6=0.000   LEVELS:  19  20  21  22  23

 PAIRING FACTORS: GN0= 19.20  GN1=  7.40  IPAIR= 15 ***  E2PLUS(INPUT)=   0.434  E2PLUR(INPUT)=   0.000

 CORIOLIS ATTENUATION PARAMETERS:  CHSI=1.000  ETA=  1.00

 MOMENT OF INERTIA PARAMETERS:   A1=  0.091 MEV   A2=  0.054 MEV   A3=  1.05318 MEV


 DELTA=1.039 MEV  LAMBDA=40.4411 MEV   HW0= 6.7027 MEV   LAMBDA/HW0= 6.0336

 E2ENERGY=0.434 MEV  HBAR**2/B=13349./A**(7/3)=2294.1/A**2 MEV

 IREC=0  =>  RECOIL TERMS j+j-, j+j+, jzjz, ETC TREATED AS ONE-BODY OPERATORS WITH UU+VV PAIRING FACTORS



 S. P. LEVEL   EQP       U     V        (UU + VV)**1.00

     19       1.261    0.465 0.885      1.000 0.954 0.939 0.876 0.763
     20       1.039    0.709 0.705      0.954 1.000 0.999 0.980 0.922
     21       1.044    0.740 0.672      0.939 0.999 1.000 0.988 0.938
     22       1.130    0.835 0.550      0.876 0.980 0.988 1.000 0.980
     23       1.494    0.927 0.375      0.763 0.922 0.938 0.980 1.000

  R CORE   ENERGY   A0R/A00=1.000    R3= 0     2  
   2( 1)    0.434                    1.000-0.016
   2( 2)    4.359                    0.016 1.000

  R CORE   ENERGY   A0R/A00=1.000    R3= 0     2  
   3( 1)    4.793                    0.000 1.000

  R CORE   ENERGY   A0R/A00=1.000    R3= 0     2     4  
   4( 1)    1.435                    0.998-0.062 0.000

  R CORE   ENERGY   A0R/A00=1.000    R3= 0     2     4  
   5( 1)    6.095                    0.000 1.000-0.016

  R CORE   ENERGY   A0R/A00=1.000    R3= 0     2     4     6  
   6( 1)    2.975                    0.991-0.132 0.003-0.000

  R CORE   ENERGY   A0R/A00=1.000    R3= 0     2     4     6  
   7( 1)    7.967                    0.000 0.999-0.036 0.000
 

             ENERGY     K= 1/2
 
 I=  1/2+ (1)  2.758  19: 0.999
 
 I=  1/2+ (2)  5.346  21: 0.261
                      22: 0.964

             ENERGY     K= 1/2  -3/2
 
 I=  3/2+ (1)  2.788  19: 0.999 0.012
 
 I=  3/2+ (2)  4.668  20:-0.190-0.974
                      23:-0.043 0.112

             ENERGY     K= 5/2   1/2  -3/2
 
 I=  5/2+ (1)  2.528  21:-0.234 0.004 0.002
                      22:-0.972 0.017-0.002
 
 I=  5/2+ (2)  3.448  19: 0.012-0.996 0.058
                      22:-0.005-0.063 0.006

             ENERGY     K= 5/2   1/2  -3/2  -7/2
 
 I=  7/2+ (1)  2.013  21: 0.020-0.001-0.019 0.975
                      22: 0.085-0.003 0.004-0.205
 
 I=  7/2+ (2)  3.039  21:-0.233 0.009-0.005 0.086
                      22:-0.968 0.034 0.003-0.018

             ENERGY     K= 9/2   5/2   1/2  -3/2  -7/2
 
 I=  9/2+ (1)  2.650  21: 0.000-0.030 0.002-0.039 0.969
                      22: 0.000-0.127 0.007 0.007-0.204
 
 I=  9/2+ (2)  3.690  21: 0.006-0.231 0.015 0.009-0.127
                      22: 0.024-0.961 0.059-0.006 0.027

             ENERGY     K= 9/2   5/2   1/2  -3/2  -7/2 -11/2
 
 I= 11/2+ (1)  3.420  21: 0.001-0.039 0.002 0.062-0.962 0.035
                      22: 0.004-0.161 0.013-0.011 0.203-0.008
 
 I= 11/2+ (2)  4.257  20: 0.001-0.050-0.254-0.693-0.014 0.000
                      23: 0.020-0.663-0.083 0.072 0.002-0.000

             ENERGY     K=13/2   9/2   5/2   1/2  -3/2  -7/2 -11/2
 
 I= 13/2+ (1)  4.317  21:-0.000 0.002-0.046 0.008-0.088 0.952-0.065
                      22:-0.000 0.009-0.192 0.023 0.015-0.201 0.014
 
 I= 13/2+ (2)  4.438  20: 0.000-0.002 0.046 0.318-0.694-0.004 0.001
                      23: 0.000-0.030 0.624-0.144 0.068 0.001-0.000

             ENERGY     K=13/2   9/2   5/2   1/2  -3/2  -7/2 -11/2
  21 LEVELS    TIME=  0.0 SEC



 ******************* EXCITATION ENERGIES, DOMINANT CONFIGURATION AND EXPECTATION VALUES (WITH S.P. UU+VV FACTORS) *******************

  NR  Eex(keV)  I   Kdom  NY    <Jz>  <Jx**2> <Jy**2> <Jz**2> <I.j>/|I|  <Rx**2> <Ry**2> <Rz**2> <R.j>/|R|  <HROTx> <HROTy> <HROTz>

   1    0.0   7/2+   7/2  21   -3.28    2.04    1.50   11.36    2.94       3.63    3.23    0.44   -1.19      0.329   0.175   0.461
   2  514.7   5/2+   5/2  22    2.21    1.91    1.27    5.71    1.87       3.10    2.57    0.93   -1.31      0.281   0.139   0.982
   3  637.1   9/2+   7/2  21   -3.22    2.04    1.50   11.31    2.36       7.77    7.86    0.45   -0.77      0.705   0.427   0.470
   4  745.0   1/2+   1/2  19    0.38    1.72    6.09    0.99   -0.22       2.55    6.52    0.87   -2.85      0.231   0.354   0.912
   5  774.3   3/2+   1/2  19    0.38    1.74    6.08    0.99    0.50       2.31    7.44    0.87   -2.41      0.210   0.404   0.913
  
   6 1026.2   7/2+   5/2  22    2.16    1.91    1.27    5.76    1.38       6.48    6.36    0.93   -0.94      0.588   0.345   0.981
   7 1406.8  11/2+   7/2  21   -3.16    2.04    1.49   11.24    1.98      12.33   14.01    0.47   -0.56      1.119   0.760   0.492
   8 1435.2   5/2+   1/2  19    0.38    1.71    6.10    1.00   -0.29       7.19   11.18    0.88   -2.20      0.653   0.606   0.929
   9 1513.7   7/2+   1/2  19    0.37    1.75    6.07    1.00    0.45       6.97   13.18    0.87   -1.54      0.633   0.715   0.918
  10 1676.6   9/2+   5/2  22    2.11    1.91    1.28    5.81    1.08      10.45   11.60    0.94   -0.75      0.948   0.629   0.988
  
  11 1858.7   5/2+   5/2  23    0.82   16.80   23.21    4.28    3.91      11.71   17.65    0.53   -5.98      1.063   0.957   0.558
  12 1867.1   9/2+   3/2  20    0.47   16.49   23.72    3.88    4.04      10.18   17.76    0.71   -4.48      0.924   0.964   0.743
  13 2243.9  11/2+   3/2  20    0.46   16.93   23.32    3.90    3.97      14.04   17.65    0.74   -3.58      1.274   0.957   0.781
  14 2303.9  13/2+   7/2  21   -3.10    2.04    1.49   11.17    1.72      17.03   21.96    0.50   -0.43      1.546   1.191   0.530
  15 2425.3  13/2+   3/2  20    0.29   16.19   24.11    3.67    4.11      11.53   22.91    0.87   -2.57      1.046   1.243   0.921
  
  16 2463.7  11/2+   5/2  22    2.05    1.91    1.28    5.87    0.88      14.87   18.44    0.95   -0.65      1.350   1.000   1.003
  17 2654.3   3/2+   3/2  20   -1.15   15.49   25.67    2.06    1.68      14.46   25.11    0.90   -6.28      1.312   1.362   0.948
  18 3288.6   3/2+   3/2  21   -3.10    2.04    1.49   11.15    2.56       2.72    2.08    3.70   -3.33      0.247   0.113   3.892
  19 3332.3   1/2+   1/2  22    2.20    1.94    1.24    5.70    1.33       2.17    1.40    3.75   -2.85      0.197   0.076   3.948
  20 3376.0  13/2+   5/2  22    1.98    1.90    1.30    5.92    0.74      19.18   27.37    0.99   -0.57      1.741   1.484   1.041
  
  21 5061.4   1/2+   1/2  20   -0.19   11.85   28.39    2.93    2.93      11.18   24.30    3.36   -6.52      1.015   1.318   3.541
