


         KAPPAP      MYP     KAPPAN      MYN
    0    0.1200    0.0000    0.1200    0.0000
    1    0.1200    0.0000    0.1200    0.0000
    2    0.1050    0.0000    0.1050    0.0000
    3    0.0900    0.3000    0.0900    0.2500
    4    0.0650    0.5700    0.0700    0.3900
    5    0.0600    0.6500    0.0620    0.4300
    6    0.0540    0.6900    0.0620    0.3400
    7    0.0540    0.6900    0.0620    0.2600
    8    0.0540    0.6900    0.0620    0.2600


     KAPPA    MY     EPS   GAMMA    EPS4     EPS6     W0/W00   NMAX  COUPL     OMROT      EFAC      QFAC
      SEE TABLE     0.403   33.6   0.000    0.000    1.01840     8     0     0.00000   6.70242   6.19179


                     **** PROTONS ****                     **** STRETCHED COORDINATES ****
    SYMMETRY R1= 1


   BASIS FUNCTIONS /N,L,J,OMEGA>,   PARITY -


   1 / 7 7 15/2 13/2>    15 / 7 5 11/2  1/2>    29 / 7 7 13/2 -7/2>    43 / 5 5 11/2  1/2>    57 / 5 5 11/2-11/2>
   2 / 7 7 13/2 13/2>    16 / 7 5  9/2  1/2>    30 / 7 5 11/2 -7/2>    44 / 5 5  9/2  1/2>    58 / 3 3  7/2  5/2>
   3 / 7 7 15/2  9/2>    17 / 7 3  7/2  1/2>    31 / 7 5  9/2 -7/2>    45 / 5 3  7/2  1/2>    59 / 3 3  5/2  5/2>
   4 / 7 7 13/2  9/2>    18 / 7 3  5/2  1/2>    32 / 7 3  7/2 -7/2>    46 / 5 3  5/2  1/2>    60 / 3 3  7/2  1/2>
   5 / 7 5 11/2  9/2>    19 / 7 1  3/2  1/2>    33 / 7 7 15/2-11/2>    47 / 5 1  3/2  1/2>    61 / 3 3  5/2  1/2>
   6 / 7 5  9/2  9/2>    20 / 7 1  1/2  1/2>    34 / 7 7 13/2-11/2>    48 / 5 1  1/2  1/2>    62 / 3 1  3/2  1/2>
   7 / 7 7 15/2  5/2>    21 / 7 7 15/2 -3/2>    35 / 7 5 11/2-11/2>    49 / 5 5 11/2 -3/2>    63 / 3 1  1/2  1/2>
   8 / 7 7 13/2  5/2>    22 / 7 7 13/2 -3/2>    36 / 7 7 15/2-15/2>    50 / 5 5  9/2 -3/2>    64 / 3 3  7/2 -3/2>
   9 / 7 5 11/2  5/2>    23 / 7 5 11/2 -3/2>    37 / 5 5 11/2  9/2>    51 / 5 3  7/2 -3/2>    65 / 3 3  5/2 -3/2>
  10 / 7 5  9/2  5/2>    24 / 7 5  9/2 -3/2>    38 / 5 5  9/2  9/2>    52 / 5 3  5/2 -3/2>    66 / 3 1  3/2 -3/2>
  11 / 7 3  7/2  5/2>    25 / 7 3  7/2 -3/2>    39 / 5 5 11/2  5/2>    53 / 5 1  3/2 -3/2>    67 / 3 3  7/2 -7/2>
  12 / 7 3  5/2  5/2>    26 / 7 3  5/2 -3/2>    40 / 5 5  9/2  5/2>    54 / 5 5 11/2 -7/2>    68 / 1 1  3/2  1/2>
  13 / 7 7 15/2  1/2>    27 / 7 1  3/2 -3/2>    41 / 5 3  7/2  5/2>    55 / 5 5  9/2 -7/2>    69 / 1 1  1/2  1/2>
  14 / 7 7 13/2  1/2>    28 / 7 7 15/2 -7/2>    42 / 5 3  5/2  5/2>    56 / 5 3  7/2 -7/2>    70 / 1 1  3/2 -3/2>


    SINGLE PARTICLE (PARITY-) WAVE FUNCTIONS IN THE ENERGY INTERVAL 6.0<E<8.0

 E=6.2052  -0.052597/ 37> 0.054426/ 38> 0.073779/ 39> 0.601900/ 40>-0.146296/ 41> 0.111300/ 42> 0.082036/ 43>
           -0.066384/ 44>-0.312273/ 45>-0.457012/ 46> 0.051474/ 47>-0.260803/ 48> 0.095648/ 49> 0.296836/ 50>
           -0.257725/ 51> 0.007917/ 52>-0.077775/ 53>-0.179688/ 54> 0.019071/ 55>-0.041616/ 56>-0.019929/ 57>


 E=6.2606   0.031557/ 37> 0.025412/ 38> 0.206313/ 39> 0.356518/ 40> 0.063791/ 41> 0.052437/ 42>-0.286669/ 43>
            0.365209/ 44> 0.368168/ 45>-0.053120/ 46> 0.345572/ 47>-0.155670/ 48> 0.126614/ 49>-0.501116/ 50>
            0.009552/ 51>-0.217237/ 52>-0.031648/ 53> 0.033595/ 54>-0.087124/ 55>-0.006688/ 56> 0.009614/ 57>


 E=6.2820  -0.004560/ 37> 0.003508/ 38>-0.003069/ 40>-0.005145/ 41>-0.008294/ 42> 0.002336/ 43>-0.002807/ 44>
           -0.009588/ 45>-0.004534/ 46> 0.015327/ 47> 0.022508/ 48> 0.005922/ 49> 0.006804/ 50>-0.011779/ 51>
           -0.010452/ 52> 0.101814/ 53>-0.039983/ 54> 0.012949/ 55>-0.352563/ 56> 0.928565/ 57>

 E=6.4193  -0.015943/ 37>-0.042666/ 38>-0.054618/ 39>-0.526530/ 40> 0.079495/ 41>-0.116687/ 42>-0.059279/ 43>
            0.216957/ 44> 0.002619/ 45>-0.089693/ 46> 0.219205/ 47>-0.160424/ 48> 0.272926/ 49> 0.124337/ 50>
           -0.596524/ 51>-0.113318/ 52>-0.211233/ 53>-0.213071/ 54>-0.091392/ 55>-0.086128/ 56>-0.030525/ 57>


 E=6.4338   0.005562/  1> 0.071977/  3>-0.003446/  4> 0.009303/  5>-0.000471/  6> 0.346378/  7>-0.013205/  8>
            0.078674/  9>-0.004628/ 10> 0.010808/ 11>-0.000873/ 12> 0.688974/ 13>-0.006479/ 14> 0.196909/ 15>
           -0.003450/ 16> 0.043066/ 17>-0.001874/ 18> 0.008169/ 19>-0.001328/ 20> 0.546123/ 21> 0.014125/ 22>
            0.144234/ 23> 0.006381/ 24> 0.026942/ 25> 0.002253/ 26> 0.003185/ 27> 0.176369/ 28> 0.008018/ 29>
            0.031882/ 30> 0.001952/ 31> 0.002548/ 32> 0.023087/ 33> 0.001039/ 34> 0.001724/ 35> 0.000879/ 36>


 E=6.5022  -0.141584/ 37> 0.018717/ 38> 0.079142/ 39>-0.003006/ 40>-0.236147/ 41> 0.053292/ 42> 0.015007/ 43>
           -0.071895/ 44>-0.110512/ 45> 0.185885/ 46> 0.256169/ 47>-0.067657/ 48>-0.016388/ 49>-0.057767/ 50>
           -0.073402/ 51> 0.482453/ 52> 0.147707/ 53> 0.124402/ 54>-0.711129/ 55>-0.081380/ 56>-0.031484/ 57>


 E=6.6686  -0.269947/ 37> 0.034225/ 38> 0.174776/ 39>-0.158871/ 40>-0.607024/ 41> 0.091165/ 42> 0.007885/ 43>
           -0.028452/ 44>-0.153153/ 45> 0.221766/ 46> 0.372948/ 47>-0.096120/ 48>-0.005225/ 49>-0.090114/ 50>
            0.046416/ 51>-0.008519/ 52> 0.049572/ 53>-0.057261/ 54> 0.502307/ 55> 0.055841/ 56>-0.001489/ 57>


 E=6.7339   0.017341/  1>-0.000943/  2> 0.179596/  3>-0.016494/  4> 0.025883/  5>-0.002124/  6> 0.559593/  7>
           -0.070993/  8> 0.147855/  9>-0.021506/ 10> 0.023918/ 11>-0.003482/ 12> 0.256311/ 13>-0.108537/ 14>
            0.091872/ 15>-0.038991/ 16> 0.026491/ 17>-0.011570/ 18> 0.007315/ 19>-0.003428/ 20>-0.580120/ 21>
           -0.099231/ 22>-0.183304/ 23>-0.035286/ 24>-0.042191/ 25>-0.009430/ 26>-0.006367/ 27>-0.376448/ 28>
           -0.040162/ 29>-0.077250/ 30>-0.008934/ 31>-0.007041/ 32>-0.066628/ 33>-0.005038/ 34>-0.005464/ 35>

-0.003012/ 36>

 E=6.8412   0.012271/ 37> 0.084906/ 38> 0.070719/ 39> 0.301623/ 40>-0.018850/ 41> 0.065961/ 42>-0.159299/ 43>
           -0.386788/ 44> 0.347508/ 45> 0.463326/ 46>-0.018380/ 47> 0.356631/ 48> 0.176026/ 49> 0.163837/ 50>
           -0.398493/ 51> 0.016038/ 52>-0.132594/ 53>-0.099582/ 54> 0.077042/ 55>-0.056879/ 56>-0.021660/ 57>


 E=6.8472  -0.081821/ 37>-0.782422/ 38> 0.006827/ 39> 0.000934/ 40> 0.061630/ 41> 0.473418/ 42>-0.015803/ 43>
           -0.044257/ 44> 0.051782/ 45> 0.119784/ 46>-0.104901/ 47>-0.214023/ 48> 0.010398/ 49>-0.000698/ 50>
            0.011412/ 51> 0.063101/ 52>-0.204139/ 53>-0.034646/ 54>-0.006413/ 55> 0.146377/ 56> 0.092423/ 57>


 E=6.9394  -0.037696/  1> 0.002180/  2>-0.314111/  3> 0.031033/  4>-0.044592/  5> 0.004038/  6>-0.565407/  7>
            0.083220/  8>-0.119153/  9> 0.024254/ 10>-0.016669/ 11> 0.003574/ 12> 0.444118/ 13> 0.016036/ 14>
            0.344428/ 15>-0.005300/ 16> 0.141408/ 17>-0.010997/ 18> 0.043795/ 19>-0.010582/ 20>-0.138429/ 21>
           -0.049839/ 22> 0.032182/ 23>-0.015227/ 24> 0.018086/ 25>-0.002213/ 26> 0.002971/ 27>-0.417407/ 28>
           -0.048057/ 29>-0.080224/ 30>-0.010792/ 31>-0.007176/ 32>-0.101914/ 33>-0.008176/ 34>-0.008359/ 35>

-0.005406/ 36>

 E=6.9916   0.008113/ 37> 0.368391/ 38> 0.024598/ 39>-0.041939/ 40>-0.104884/ 41>-0.013616/ 42>-0.015815/ 43>
           -0.012075/ 44> 0.064167/ 45> 0.069495/ 46>-0.132942/ 47>-0.194086/ 48>-0.006175/ 49> 0.014296/ 50>
            0.112717/ 51> 0.069248/ 52>-0.524476/ 53>-0.093329/ 54>-0.149611/ 55> 0.612025/ 56> 0.295805/ 57>


 E=7.0451  -0.139812/ 37>-0.059837/ 38> 0.137952/ 39>-0.102033/ 40>-0.488665/ 41> 0.079099/ 42>-0.060779/ 43>
            0.034194/ 44> 0.203339/ 45>-0.162806/ 46>-0.232654/ 47> 0.176160/ 48>-0.034604/ 49> 0.236175/ 50>
            0.135182/ 51>-0.551999/ 52>-0.077405/ 53> 0.069894/ 54>-0.361264/ 55>-0.145007/ 56>-0.046209/ 57>


 E=7.0906   0.020585/  1>-0.001313/  2> 0.141368/  3>-0.015949/  4> 0.020073/  5>-0.001952/  6> 0.118754/  7>
           -0.025283/  8> 0.010792/  9>-0.003035/ 10>-0.001904/ 11>-0.236528/ 13> 0.024218/ 14>-0.150300/ 15>
            0.038996/ 16>-0.080064/ 17> 0.026582/ 18>-0.034451/ 19> 0.014818/ 20> 0.409699/ 21>-0.005188/ 22>
            0.344486/ 23> 0.036905/ 24> 0.129761/ 25> 0.023794/ 26> 0.025775/ 27>-0.698283/ 28>-0.093592/ 29>
           -0.123178/ 30>-0.018532/ 31>-0.009987/ 32>-0.236464/ 33>-0.020841/ 34>-0.019506/ 35>-0.014370/ 36>


 E=7.2493  -0.019216/  1>-0.000523/  2>-0.113026/  3>-0.031591/  4>-0.012274/  5>-0.003022/  6>-0.072030/  7>
           -0.287376/  8> 0.024857/  9>-0.076414/ 10> 0.013076/ 11>-0.010029/ 12>-0.068302/ 13>-0.701172/ 14>
           -0.012020/ 15>-0.257383/ 16> 0.000792/ 17>-0.073561/ 18> 0.005647/ 19>-0.016029/ 20> 0.123760/ 21>
           -0.510640/ 22> 0.022759/ 23>-0.161287/ 24>-0.003833/ 25>-0.033517/ 26>-0.003617/ 27> 0.051505/ 28>
           -0.125469/ 29> 0.002846/ 30>-0.022199/ 31>-0.000929/ 32> 0.006271/ 33>-0.010422/ 34>

 E=7.2623  -0.165829/  1> 0.011174/  2>-0.839322/  3> 0.105140/  4>-0.108285/  5> 0.012004/  6> 0.300156/  7>
            0.048308/  8> 0.332612/  9>-0.030740/ 10> 0.093616/ 11>-0.012847/ 12>-0.097579/ 13> 0.064367/ 14>
           -0.064813/ 15> 0.004207/ 16>-0.073538/ 17> 0.007059/ 18>-0.040227/ 19> 0.012077/ 20> 0.028860/ 21>
            0.060655/ 22> 0.029814/ 23> 0.016760/ 24> 0.007668/ 25> 0.004007/ 26> 0.001396/ 27>-0.028102/ 28>
            0.012169/ 29>-0.000830/ 30> 0.001962/ 31>-0.015797/ 33>-0.001137/ 35>-0.001153/ 36>

 E=7.3438   0.037208/ 37> 0.397263/ 38>-0.013254/ 39>-0.111954/ 40> 0.057882/ 41> 0.453245/ 42>-0.011836/ 43>
           -0.019105/ 44> 0.089301/ 45> 0.165357/ 46>-0.263686/ 47>-0.473703/ 48>-0.014212/ 49>-0.020623/ 50>
            0.054853/ 51> 0.046277/ 52>-0.125542/ 53> 0.073164/ 54> 0.074402/ 55>-0.485386/ 56>-0.146740/ 57>


 E=7.4812  -0.007007/  1> 0.003612/  2>-0.045316/  3> 0.071156/  4>-0.026357/  5> 0.009009/  6>-0.002335/  7>
            0.315969/  8>-0.186394/  9> 0.105877/ 10>-0.059211/ 11> 0.017927/ 12> 0.203151/ 13> 0.191607/ 14>
           -0.450453/ 15> 0.118025/ 16>-0.262507/ 17> 0.068123/ 18>-0.100888/ 19> 0.038392/ 20> 0.114796/ 21>
           -0.428807/ 22>-0.327436/ 23>-0.188971/ 24>-0.142327/ 25>-0.057014/ 26>-0.029463/ 27>-0.081425/ 28>
           -0.192742/ 29>-0.148218/ 30>-0.052008/ 31>-0.025361/ 32> 0.168943/ 33>-0.002814/ 34> 0.008884/ 35>

 0.017893/ 36>

 E=7.4856   0.000776/  1>-0.000660/  2> 0.007120/  3>-0.014138/  4> 0.005047/  5>-0.001914/  6> 0.004689/  7>
           -0.067384/  8> 0.040976/  9>-0.025012/ 10> 0.014100/ 11>-0.004281/ 12>-0.054212/ 13>-0.036068/ 14>
            0.086795/ 15>-0.024890/ 16> 0.058840/ 17>-0.005345/ 18> 0.017088/ 19>-0.001408/ 20> 0.020877/ 21>
            0.086402/ 22> 0.105013/ 23> 0.022087/ 24> 0.106391/ 25> 0.021513/ 26> 0.031675/ 27>-0.181443/ 28>
            0.062244/ 29>-0.297219/ 30>-0.028009/ 31>-0.049998/ 32> 0.891079/ 33> 0.095281/ 34> 0.067226/ 35>

 0.090648/ 36>

 E=7.4933  -0.057275/ 37>-0.024041/ 38> 0.083042/ 39>-0.076518/ 40>-0.294366/ 41>-0.006816/ 42>-0.088597/ 43>
            0.171369/ 44> 0.320837/ 45>-0.373782/ 46>-0.449577/ 47> 0.136620/ 48> 0.068513/ 49>-0.212113/ 50>
           -0.208660/ 51> 0.512275/ 52> 0.095713/ 53>-0.034102/ 54> 0.172605/ 55> 0.016573/ 56> 0.000356/ 57>


 E=7.6847   0.011345/  1> 0.001934/  2> 0.077521/  3> 0.049970/  4> 0.024969/  5> 0.004311/  6> 0.087165/  7>
            0.286300/  8> 0.182400/  9> 0.070334/ 10> 0.047035/ 11> 0.005968/ 12>-0.243660/ 13> 0.281774/ 14>
            0.420442/ 15> 0.148008/ 16> 0.236742/ 17> 0.047473/ 18> 0.074703/ 19>-0.000748/ 20>-0.051502/ 21>
           -0.513122/ 22> 0.274112/ 23>-0.169347/ 24> 0.105919/ 25>-0.032157/ 26> 0.015350/ 27> 0.130837/ 28>
           -0.227824/ 29> 0.068649/ 30>-0.039568/ 31> 0.007773/ 32> 0.034196/ 33>-0.023684/ 34> 0.004122/ 35>

 0.001834/ 36>

 E=7.7314  -0.041589/  1>-0.008568/  2>-0.035060/  3>-0.205149/  4> 0.031451/  5>-0.024024/  6>-0.102439/  7>
           -0.694238/  8> 0.093339/  9>-0.174035/ 10> 0.033664/ 11>-0.021624/ 12> 0.063468/ 13> 0.266597/ 14>
            0.004272/ 15> 0.434043/ 16>-0.096532/ 17> 0.271954/ 18>-0.104341/ 19> 0.111742/ 20>-0.026840/ 21>
           -0.150050/ 22>-0.028921/ 23> 0.015699/ 24>-0.015667/ 25> 0.013015/ 26>-0.002220/ 27> 0.035725/ 28>
           -0.151434/ 29>-0.003919/ 30>-0.025164/ 31>-0.002087/ 32> 0.009188/ 33>-0.020143/ 34> 0.000484/ 36>


 E=7.7410  -0.026631/ 37>-0.241809/ 38> 0.023194/ 39> 0.126768/ 40>-0.111241/ 41>-0.604370/ 42>-0.028191/ 44>
            0.007931/ 45> 0.089393/ 46>-0.041601/ 47>-0.143420/ 48>-0.033189/ 49>-0.041393/ 50> 0.174953/ 51>
            0.157234/ 52>-0.538258/ 53> 0.059534/ 54> 0.056228/ 55>-0.392204/ 56>-0.083831/ 57>

 E=7.7466   0.932218/  1>-0.070711/  2>-0.124250/  3>-0.028434/  4>-0.316114/  5> 0.030188/  6> 0.015048/  7>
           -0.027805/  8> 0.022664/  9> 0.005598/ 10> 0.079013/ 11>-0.011928/ 12> 0.010000/ 14>-0.003866/ 15>
            0.019062/ 16>-0.000690/ 17> 0.004440/ 18>-0.017415/ 19> 0.008103/ 20>-0.000618/ 21>-0.005518/ 22>
           -0.001214/ 23> 0.001867/ 24> 0.001266/ 25>-0.001805/ 26>-0.000792/ 27> 0.001482/ 28>-0.006352/ 29>
           -0.000549/ 30>-0.001158/ 34>

 E=7.9010   0.001773/  1>-0.001374/  2> 0.016897/  3>-0.026747/  4> 0.013572/  5>-0.005186/  6> 0.006554/  7>
           -0.092982/  8> 0.110346/  9>-0.075696/ 10> 0.055632/ 11>-0.019652/ 12>-0.143344/ 13> 0.122871/ 14>
            0.119860/ 15>-0.149530/ 16> 0.304362/ 17>-0.194860/ 18> 0.226167/ 19>-0.131427/ 20> 0.248818/ 21>
            0.161982/ 22>-0.486717/ 23> 0.081995/ 24>-0.203128/ 25> 0.013501/ 26>-0.033980/ 27>-0.025701/ 28>
           -0.489492/ 29>-0.237617/ 30>-0.116472/ 31>-0.043882/ 32>-0.047363/ 33>-0.089885/ 34>-0.019840/ 35>

-0.003185/ 36>

 E=7.9239  -0.014801/  1> 0.004167/  2>-0.063559/  3> 0.055596/  4>-0.046997/  5> 0.010907/  6> 0.069267/  7>
            0.088383/  8>-0.232920/  9> 0.093812/ 10>-0.082119/ 11> 0.022949/ 12> 0.089564/ 13>-0.203435/ 14>
           -0.124290/ 15> 0.117679/ 16>-0.037192/ 17> 0.076992/ 18>-0.009697/ 19> 0.020998/ 20>-0.185905/ 21>
            0.102693/ 22> 0.231748/ 23> 0.442308/ 24> 0.246391/ 25> 0.219843/ 26> 0.090341/ 27> 0.146929/ 28>
           -0.605014/ 29> 0.015352/ 30>-0.090188/ 31> 0.001150/ 32> 0.042432/ 33>-0.106556/ 34>-0.002182/ 35>

 0.003503/ 36>

  Q20Q22:  0.00 SEC    QTME:  0.00 SEC



    SYMMETRY R1= 1


   BASIS FUNCTIONS /N,L,J,OMEGA>,   PARITY +


   1 / 8 8 17/2 17/2>    20 / 8 6 11/2  1/2>    39 / 8 4  7/2 -7/2>    58 / 6 4  7/2  1/2>    77 / 4 2  5/2  5/2>
   2 / 8 8 17/2 13/2>    21 / 8 4  9/2  1/2>    40 / 8 8 17/2-11/2>    59 / 6 2  5/2  1/2>    78 / 4 4  9/2  1/2>
   3 / 8 8 15/2 13/2>    22 / 8 4  7/2  1/2>    41 / 8 8 15/2-11/2>    60 / 6 2  3/2  1/2>    79 / 4 4  7/2  1/2>
   4 / 8 6 13/2 13/2>    23 / 8 2  5/2  1/2>    42 / 8 6 13/2-11/2>    61 / 6 0  1/2  1/2>    80 / 4 2  5/2  1/2>
   5 / 8 8 17/2  9/2>    24 / 8 2  3/2  1/2>    43 / 8 6 11/2-11/2>    62 / 6 6 13/2 -3/2>    81 / 4 2  3/2  1/2>
   6 / 8 8 15/2  9/2>    25 / 8 0  1/2  1/2>    44 / 8 8 17/2-15/2>    63 / 6 6 11/2 -3/2>    82 / 4 0  1/2  1/2>
   7 / 8 6 13/2  9/2>    26 / 8 8 17/2 -3/2>    45 / 8 8 15/2-15/2>    64 / 6 4  9/2 -3/2>    83 / 4 4  9/2 -3/2>
   8 / 8 6 11/2  9/2>    27 / 8 8 15/2 -3/2>    46 / 6 6 13/2 13/2>    65 / 6 4  7/2 -3/2>    84 / 4 4  7/2 -3/2>
   9 / 8 4  9/2  9/2>    28 / 8 6 13/2 -3/2>    47 / 6 6 13/2  9/2>    66 / 6 2  5/2 -3/2>    85 / 4 2  5/2 -3/2>
  10 / 8 8 17/2  5/2>    29 / 8 6 11/2 -3/2>    48 / 6 6 11/2  9/2>    67 / 6 2  3/2 -3/2>    86 / 4 2  3/2 -3/2>
  11 / 8 8 15/2  5/2>    30 / 8 4  9/2 -3/2>    49 / 6 4  9/2  9/2>    68 / 6 6 13/2 -7/2>    87 / 4 4  9/2 -7/2>
  12 / 8 6 13/2  5/2>    31 / 8 4  7/2 -3/2>    50 / 6 6 13/2  5/2>    69 / 6 6 11/2 -7/2>    88 / 4 4  7/2 -7/2>
  13 / 8 6 11/2  5/2>    32 / 8 2  5/2 -3/2>    51 / 6 6 11/2  5/2>    70 / 6 4  9/2 -7/2>    89 / 2 2  5/2  5/2>
  14 / 8 4  9/2  5/2>    33 / 8 2  3/2 -3/2>    52 / 6 4  9/2  5/2>    71 / 6 4  7/2 -7/2>    90 / 2 2  5/2  1/2>
  15 / 8 4  7/2  5/2>    34 / 8 8 17/2 -7/2>    53 / 6 4  7/2  5/2>    72 / 6 6 13/2-11/2>    91 / 2 2  3/2  1/2>
  16 / 8 2  5/2  5/2>    35 / 8 8 15/2 -7/2>    54 / 6 2  5/2  5/2>    73 / 6 6 11/2-11/2>    92 / 2 0  1/2  1/2>
  17 / 8 8 17/2  1/2>    36 / 8 6 13/2 -7/2>    55 / 6 6 13/2  1/2>    74 / 4 4  9/2  9/2>    93 / 2 2  5/2 -3/2>
  18 / 8 8 15/2  1/2>    37 / 8 6 11/2 -7/2>    56 / 6 6 11/2  1/2>    75 / 4 4  9/2  5/2>    94 / 2 2  3/2 -3/2>
  19 / 8 6 13/2  1/2>    38 / 8 4  9/2 -7/2>    57 / 6 4  9/2  1/2>    76 / 4 4  7/2  5/2>    95 / 0 0  1/2  1/2>


    SINGLE PARTICLE (PARITY+) WAVE FUNCTIONS IN THE ENERGY INTERVAL 6.0<E<8.0

 E=6.1123   0.005759/ 46> 0.113504/ 47>-0.011642/ 48> 0.011633/ 49> 0.502368/ 50>-0.079211/ 51> 0.133003/ 52>
           -0.022992/ 53> 0.016928/ 54> 0.301362/ 55>-0.147377/ 56> 0.131853/ 57>-0.061990/ 58> 0.047083/ 59>
           -0.022948/ 60> 0.014974/ 61>-0.634696/ 62>-0.131707/ 63>-0.216874/ 64>-0.051690/ 65>-0.050718/ 66>
           -0.012657/ 67>-0.307255/ 68>-0.038736/ 69>-0.055887/ 70>-0.006504/ 71>-0.034973/ 72>-0.002498/ 73>


 E=6.1158   0.012305/ 74>-0.086170/ 75>-0.346321/ 76> 0.068750/ 77> 0.144129/ 78> 0.352440/ 79>-0.361400/ 80>
           -0.550550/ 81> 0.158378/ 82>-0.156195/ 83>-0.185782/ 84> 0.431033/ 85> 0.054170/ 86> 0.118965/ 87>
           -0.046732/ 88>

 E=6.2842  -0.013595/ 46>-0.227164/ 47> 0.022784/ 48>-0.022783/ 49>-0.674578/ 50> 0.100997/ 51>-0.152282/ 52>
            0.028623/ 53>-0.017787/ 54> 0.392356/ 55> 0.018921/ 56> 0.393053/ 57>-0.023061/ 58> 0.186556/ 59>
           -0.035060/ 60> 0.057767/ 61>-0.198970/ 62>-0.036595/ 63>-0.006221/ 64>-0.014057/ 65> 0.004596/ 66>
           -0.002314/ 67>-0.252442/ 68>-0.028404/ 69>-0.042321/ 70>-0.004936/ 71>-0.036785/ 72>-0.002489/ 73>


 E=6.3526   0.160798/ 74>-0.099939/ 75> 0.107064/ 76> 0.536000/ 77> 0.035596/ 78>-0.038199/ 79>-0.144340/ 80>
            0.137133/ 81> 0.304474/ 82> 0.029132/ 83>-0.157798/ 84>-0.124816/ 85> 0.539641/ 86>-0.054546/ 87>
            0.441375/ 88>

 E=6.4426  -0.003065/ 46>-0.044345/ 47> 0.005880/ 48>-0.004845/ 49>-0.082227/ 50> 0.018856/ 51>-0.021573/ 52>
            0.002652/ 53>-0.001954/ 54> 0.129863/ 55>-0.032321/ 56> 0.071423/ 57>-0.059452/ 58> 0.061826/ 59>
           -0.043590/ 60> 0.033335/ 61>-0.273478/ 62> 0.014597/ 63>-0.359014/ 64>-0.052992/ 65>-0.135757/ 66>
           -0.029016/ 67> 0.821319/ 68> 0.113133/ 69> 0.135909/ 70> 0.017694/ 71> 0.157240/ 72> 0.012149/ 73>


 E=6.5417  -0.002197/ 46>-0.034397/ 47>-0.020374/ 48>-0.001906/ 49>-0.114113/ 50>-0.235589/ 51>-0.003855/ 52>
           -0.054775/ 53> 0.004461/ 54>-0.100114/ 55>-0.730086/ 56>-0.002359/ 57>-0.304493/ 58> 0.025632/ 59>
           -0.098944/ 60> 0.026574/ 61> 0.173545/ 62>-0.465609/ 63> 0.044747/ 64>-0.148170/ 65>-0.000696/ 66>
           -0.024175/ 67> 0.035893/ 68>-0.083909/ 69> 0.000914/ 70>-0.010657/ 71> 0.001223/ 72>-0.003775/ 73>


 E=6.6525  -0.087241/ 46>-0.895168/ 47> 0.107736/ 48>-0.084646/ 49> 0.172986/ 50> 0.028677/ 51> 0.349465/ 52>
           -0.051096/ 53> 0.076867/ 54>-0.048049/ 55> 0.007858/ 56>-0.008381/ 57>-0.027092/ 58>-0.071466/ 59>
            0.009065/ 60>-0.039362/ 61> 0.004779/ 62> 0.020467/ 63> 0.020552/ 64>-0.004668/ 65>-0.002424/ 67>
           -0.001240/ 68> 0.008712/ 69> 0.003507/ 70> 0.000874/ 71>-0.001777/ 72> 0.000439/ 73>

 E=6.7355  -0.005112/ 46>-0.065976/ 47> 0.034290/ 48>-0.013775/ 49>-0.072615/ 50> 0.223920/ 51>-0.148260/ 52>
            0.074139/ 53>-0.034138/ 54> 0.255050/ 55> 0.181841/ 56>-0.434678/ 57> 0.180417/ 58>-0.310804/ 59>
            0.132336/ 60>-0.127196/ 61> 0.093371/ 62>-0.505151/ 63>-0.301913/ 64>-0.224404/ 65>-0.142702/ 66>
           -0.058687/ 67>-0.066469/ 68>-0.150605/ 69>-0.056530/ 70>-0.024537/ 71>-0.010901/ 72>-0.008234/ 73>


 E=6.7881  -0.062473/ 74> 0.058558/ 75>-0.073070/ 76>-0.309199/ 77>-0.056909/ 78> 0.119826/ 79> 0.239563/ 80>
           -0.320097/ 81>-0.547948/ 82> 0.047295/ 83>-0.156699/ 84>-0.172331/ 85> 0.562435/ 86>-0.030815/ 87>
            0.200639/ 88>

 E=6.9082   0.001810/ 47>-0.001358/ 48> 0.000616/ 49>-0.002170/ 50> 0.005028/ 51>-0.000377/ 52> 0.006397/ 53>
           -0.001997/ 54> 0.005333/ 55>-0.004058/ 56> 0.000529/ 57>-0.014626/ 59>-0.016871/ 60> 0.005338/ 61>
           -0.016866/ 62> 0.002660/ 63>-0.007941/ 64> 0.019344/ 65>-0.090049/ 66>-0.018402/ 67> 0.099223/ 68>
           -0.021878/ 69> 0.340887/ 70> 0.042472/ 71>-0.924697/ 72>-0.082305/ 73>

 E=6.9535   0.002298/ 46> 0.025833/ 47>-0.093468/ 48> 0.016426/ 49>-0.053344/ 50>-0.513722/ 51> 0.164460/ 52>
           -0.126210/ 53> 0.040618/ 54>-0.087292/ 55> 0.226628/ 56> 0.285140/ 57> 0.458940/ 58> 0.019150/ 59>
            0.292504/ 60>-0.097682/ 61>-0.081310/ 62>-0.377655/ 63> 0.201428/ 64>-0.063327/ 65> 0.074764/ 66>
            0.002723/ 67> 0.140400/ 68>-0.100171/ 69> 0.054974/ 70>-0.007849/ 71> 0.016938/ 72>-0.005387/ 73>


 E=6.9863  -0.004312/ 46>-0.064466/ 47>-0.078164/ 48>-0.004496/ 49>-0.185903/ 50>-0.537969/ 51>-0.081217/ 52>
           -0.117991/ 53>-0.008173/ 54> 0.277051/ 55>-0.235196/ 56>-0.337433/ 57> 0.092176/ 58>-0.313465/ 59>
            0.150086/ 60>-0.152863/ 61>-0.052747/ 62> 0.412631/ 63>-0.129854/ 64> 0.189391/ 65>-0.027127/ 66>
            0.038251/ 67>-0.074139/ 68> 0.111362/ 69>-0.018363/ 70> 0.015884/ 71>-0.007510/ 72> 0.005856/ 73>


 E=7.0049   0.000380/  1> 0.010933/  2>-0.000412/  3> 0.000685/  4> 0.096063/  5>-0.003856/  6> 0.014513/  7>
           -0.000720/  8> 0.000919/  9> 0.371614/ 10>-0.010771/ 11> 0.083553/ 12>-0.003655/ 13> 0.012470/ 14>
           -0.000835/ 15> 0.001040/ 16> 0.667553/ 17>-0.004427/ 18> 0.176911/ 19>-0.001960/ 20> 0.035559/ 21>
           -0.000801/ 22> 0.006261/ 23>-0.000433/ 24> 0.000926/ 25> 0.548515/ 26> 0.010383/ 27> 0.137522/ 28>
            0.004175/ 29> 0.025015/ 30> 0.001363/ 31> 0.003484/ 32> 0.000351/ 33> 0.208014/ 34> 0.007518/ 35>

 0.039662/ 36> 0.001995/ 37> 0.004306/ 38> 0.036252/ 40> 0.001479/ 41> 0.003919/ 42> 0.002504/ 44>


 E=7.1515  -0.002752/ 46>-0.007678/ 47>-0.062428/ 48> 0.006909/ 49>-0.011966/ 50>-0.356533/ 51> 0.094596/ 52>
           -0.129376/ 53> 0.037266/ 54>-0.120520/ 55> 0.257703/ 56> 0.058435/ 57>-0.097225/ 58> 0.286046/ 59>
           -0.201306/ 60> 0.198840/ 61> 0.305708/ 62> 0.074382/ 63>-0.561157/ 64>-0.098084/ 65>-0.269297/ 66>
           -0.063403/ 67>-0.149159/ 68>-0.188041/ 69>-0.154638/ 70>-0.041648/ 71>-0.048348/ 72>-0.018058/ 73>


 E=7.1993   0.932190/ 46>-0.056286/ 47>-0.014978/ 48>-0.340365/ 49> 0.009928/ 50>-0.008232/ 52> 0.014057/ 53>
            0.091020/ 54> 0.000586/ 55>-0.005343/ 56>-0.006825/ 57> 0.009090/ 58> 0.015367/ 59>-0.008079/ 60>
           -0.015041/ 61>-0.002280/ 62> 0.001092/ 63>-0.002699/ 64> 0.025007/ 65> 0.010796/ 66> 0.003953/ 67>
            0.007708/ 68>-0.039455/ 69>-0.005407/ 70>-0.003411/ 71>-0.001079/ 72>-0.004257/ 73>

 E=7.1998   0.058978/ 46> 0.088094/ 47>-0.026561/ 48> 0.008416/ 49>-0.075808/ 50>-0.039301/ 51> 0.187991/ 52>
           -0.063811/ 53> 0.049461/ 54>-0.023632/ 55> 0.107707/ 56> 0.090641/ 57>-0.134589/ 58>-0.144725/ 59>
            0.001157/ 60>-0.101140/ 61> 0.056208/ 62>-0.019786/ 63> 0.017500/ 64>-0.462007/ 65>-0.159198/ 66>
           -0.177326/ 67>-0.146603/ 68> 0.743756/ 69> 0.083151/ 70> 0.095734/ 71> 0.004660/ 72> 0.065629/ 73>


 E=7.3136   0.001415/  1> 0.034837/  2>-0.002055/  3> 0.002365/  4> 0.238391/  5>-0.019036/  6> 0.039889/  7>
           -0.003365/  8> 0.002802/  9> 0.573763/ 10>-0.060149/ 11> 0.147332/ 12>-0.017732/ 13> 0.025433/ 14>
           -0.003496/ 15> 0.002484/ 16> 0.223555/ 17>-0.082825/ 18> 0.070163/ 19>-0.026547/ 20> 0.017270/ 21>
           -0.006732/ 22> 0.003956/ 23>-0.001661/ 24> 0.000907/ 25>-0.534709/ 26>-0.076749/ 27>-0.155852/ 28>
           -0.024663/ 29>-0.033722/ 30>-0.006163/ 31>-0.005757/ 32>-0.001166/ 33>-0.427273/ 34>-0.038295/ 35>

-0.091513/ 36>-0.009318/ 37>-0.011231/ 38>-0.001093/ 39>-0.104042/ 40>-0.007325/ 41>-0.012308/ 42>
           -0.000752/ 43>-0.008730/ 44>-0.000374/ 45>

 E=7.3656  -0.028633/ 46>-0.244010/ 47> 0.040183/ 48>-0.081788/ 49> 0.233426/ 50>-0.169005/ 51>-0.608199/ 52>
            0.092036/ 53>-0.145088/ 54>-0.020079/ 55>-0.009422/ 56>-0.138099/ 57> 0.231591/ 58> 0.372853/ 59>
           -0.024981/ 60> 0.239655/ 61> 0.010235/ 62>-0.128057/ 63> 0.012731/ 64> 0.010760/ 65> 0.074999/ 66>
            0.020733/ 67>-0.044635/ 68> 0.383277/ 69> 0.039267/ 70> 0.063569/ 71>-0.012587/ 72> 0.033361/ 73>


 E=7.4977  -0.012141/ 46> 0.111943/ 47> 0.835091/ 48>-0.078824/ 49>-0.011536/ 50>-0.016668/ 51>-0.067692/ 52>
           -0.439279/ 53> 0.084852/ 54> 0.005492/ 55> 0.019623/ 56>-0.020132/ 57>-0.073063/ 58> 0.086096/ 59>
            0.168459/ 60>-0.069587/ 61> 0.000841/ 62> 0.015031/ 63>-0.034905/ 64>-0.053116/ 65> 0.117017/ 66>
            0.025261/ 67> 0.028181/ 68> 0.002249/ 69>-0.095431/ 70>-0.016833/ 71>-0.054354/ 72>-0.006250/ 73>


 E=7.5447  -0.003504/  1>-0.074189/  2> 0.004920/  3>-0.005116/  4>-0.388676/  5> 0.036347/  6>-0.064089/  7>
            0.006473/  8>-0.004547/  9>-0.466236/ 10> 0.069775/ 11>-0.086612/ 12> 0.019606/ 13>-0.011299/ 14>
            0.003438/ 15>-0.001009/ 16> 0.445100/ 17> 0.015511/ 18> 0.286069/ 19> 0.001197/ 20> 0.102480/ 21>
           -0.002541/ 22> 0.028679/ 23>-0.003026/ 24> 0.006177/ 25>-0.042477/ 26>-0.047808/ 27> 0.067585/ 28>
           -0.012818/ 29> 0.027878/ 30>-0.001629/ 31> 0.005945/ 32>-0.507830/ 34>-0.055856/ 35>-0.100973/ 36>

-0.013543/ 37>-0.012041/ 38>-0.001544/ 39>-0.183863/ 40>-0.014780/ 41>-0.021890/ 42>-0.001536/ 43>
           -0.018760/ 44>-0.000892/ 45>

 E=7.5673  -0.001949/ 46>-0.025998/ 47>-0.046404/ 48>-0.003510/ 49>-0.041669/ 50>-0.267088/ 51>-0.059671/ 52>
           -0.148767/ 53> 0.006260/ 54> 0.160292/ 55> 0.407983/ 56>-0.306633/ 57>-0.418840/ 58>-0.061467/ 59>
           -0.402161/ 60> 0.131196/ 61>-0.186417/ 62>-0.113256/ 63> 0.363602/ 64>-0.107662/ 65> 0.176051/ 66>
           -0.006162/ 67> 0.080713/ 68>-0.121501/ 69> 0.095111/ 70>-0.013040/ 71> 0.032860/ 72>-0.007288/ 73>


 E=7.6605  -0.001306/ 46>-0.009614/ 47>-0.261485/ 48> 0.028090/ 49>-0.024591/ 50> 0.053169/ 51> 0.072760/ 52>
           -0.032456/ 53> 0.042474/ 54> 0.026833/ 55> 0.028306/ 56>-0.083644/ 57>-0.108775/ 58> 0.132463/ 59>
            0.157145/ 60>-0.065672/ 61>-0.012958/ 62>-0.010031/ 63>-0.111574/ 64>-0.128775/ 65> 0.515372/ 66>
            0.121696/ 67> 0.165821/ 68> 0.152516/ 69>-0.637430/ 70>-0.075758/ 71>-0.280776/ 72>-0.029795/ 73>


 E=7.7154   0.003897/  1> 0.072425/  2>-0.005259/  3> 0.005028/  4> 0.291884/  5>-0.031103/  6> 0.046084/  7>
           -0.005167/  8> 0.003126/  9> 0.080644/ 10>-0.028922/ 11>-0.029814/ 12>-0.001669/ 13>-0.014290/ 14>
            0.001207/ 15>-0.002169/ 16>-0.304616/ 17> 0.023808/ 18>-0.180054/ 19> 0.028927/ 20>-0.077059/ 21>
            0.015868/ 22>-0.027589/ 23> 0.007984/ 24>-0.007985/ 25> 0.481993/ 26> 0.004647/ 27> 0.316529/ 28>
            0.027361/ 29> 0.112445/ 30> 0.016284/ 31> 0.027041/ 32> 0.005258/ 33>-0.548824/ 34>-0.073834/ 35>

-0.087765/ 36>-0.014775/ 37>-0.007692/ 38>-0.001315/ 39>-0.314631/ 40>-0.028022/ 41>-0.037170/ 42>
           -0.002837/ 43>-0.038348/ 44>-0.001973/ 45>

 E=7.7407  -0.014692/ 46>-0.115196/ 47>-0.040692/ 48>-0.049780/ 49> 0.162400/ 50>-0.076404/ 51>-0.434775/ 52>
            0.075419/ 53>-0.135138/ 54>-0.091094/ 55> 0.001933/ 56> 0.257052/ 57>-0.141584/ 58>-0.163770/ 59>
            0.159651/ 60>-0.224693/ 61>-0.027182/ 62> 0.291358/ 63> 0.123888/ 64>-0.505471/ 65>-0.111750/ 66>
           -0.208021/ 67> 0.065131/ 68>-0.308167/ 69>-0.126792/ 70>-0.100230/ 71>-0.031030/ 72>-0.037910/ 73>


 E=7.8305   0.025585/ 46>-0.007624/ 47>-0.001081/ 48> 0.042676/ 49> 0.003099/ 51> 0.007215/ 52>-0.014660/ 53>
           -0.056347/ 54>-0.000524/ 55> 0.001904/ 56> 0.004979/ 57>-0.016097/ 58>-0.023900/ 59> 0.043648/ 60>
            0.068453/ 61>-0.001537/ 62> 0.007970/ 63> 0.006470/ 64>-0.033173/ 65>-0.040321/ 66> 0.172213/ 67>
            0.004402/ 68>-0.013917/ 69> 0.049715/ 70>-0.429371/ 71>-0.078418/ 72> 0.872284/ 73>

 E=7.8599  -0.015265/  1>-0.249074/  2> 0.019051/  3>-0.017130/  4>-0.740266/  5> 0.086046/  6>-0.102770/  7>
            0.012930/  8>-0.006024/  9> 0.409025/ 10> 0.001521/ 11> 0.319857/ 12>-0.030623/ 13> 0.095190/ 14>
           -0.013429/ 15> 0.013171/ 16>-0.201822/ 17>-0.017697/ 18>-0.129554/ 19>-0.016561/ 20>-0.082936/ 21>
           -0.002226/ 22>-0.037489/ 23> 0.004656/ 24>-0.011172/ 25> 0.110448/ 26> 0.003474/ 27> 0.065563/ 28>
            0.005040/ 29> 0.020267/ 30> 0.003597/ 31> 0.004874/ 32> 0.001243/ 33>-0.054284/ 34>-0.010604/ 35>

-0.000353/ 36>-0.001469/ 37> 0.001144/ 38>-0.064621/ 40>-0.006205/ 41>-0.007331/ 42>-0.000613/ 43>
           -0.009509/ 44>-0.000514/ 45>

 E=7.9224  -0.000812/  2>-0.005063/  3>-0.020683/  5>-0.066869/  6>-0.009537/  8> 0.000362/  9>-0.088949/ 10>
           -0.332117/ 11>-0.010826/ 12>-0.084176/ 13> 0.001931/ 14>-0.012915/ 15> 0.000905/ 16>-0.035349/ 17>
           -0.681744/ 18>-0.002521/ 19>-0.222206/ 20> 0.003966/ 21>-0.056635/ 22> 0.003617/ 23>-0.012860/ 24>
            0.002708/ 25> 0.084598/ 26>-0.533490/ 27> 0.009372/ 28>-0.159394/ 29>-0.004089/ 30>-0.034046/ 31>
           -0.002935/ 32>-0.004596/ 33> 0.055512/ 34>-0.165214/ 35> 0.002712/ 36>-0.033258/ 37>-0.001426/ 38>

-0.002966/ 39> 0.013775/ 40>-0.020375/ 41> 0.000553/ 42>-0.001664/ 43> 0.001283/ 44>-0.000721/ 45>


  Q20Q22:  0.00 SEC    QTME:  0.00 SEC

 Q0= 182.761 HBAR/MW0     Q2= -59.243 HBAR/MW0     GAMMA= 24.6 DEG   FOR 79 PARTICLES;  A=197

1
 **********************************************  SINGLE PARTICLE MATRIX ELEMENTS  ***********************************************


   ENY   EMY     A+B     C      D      E    JZ    S0    S+    S-  <R2S> <R4S>  R2DZ  R2D+  R2D-  Q20S  Q22S   Q20   Q22  RHO2    R2


  5.47+ MY=NY -0.782  0.454   8.27   3.27  0.66 -0.36  0.14  0.11  5.50 42.37  0.83  1.93  0.11 -0.14 -1.81  1.06 -2.13  5.50  5.84
  5.53+ 5.47+  0.355 -0.894  -1.19   3.10  0.41 -0.11 -0.13 -0.01  5.50 31.27  0.57  0.33 -0.38 -0.52 -0.80 -0.68 -0.75  0.00  0.00
  5.71+ 5.47+ -0.356 -0.577   0.32  -1.92  1.56  0.02  0.01 -0.43  5.50 42.25 -0.07 -0.52 -0.18  0.11  0.02  0.13  0.02 -0.00  0.01
  5.81+ 5.47+ -0.999 -1.589   0.32   1.88 -0.26 -0.08 -0.03  0.21  5.50 44.16 -0.35 -0.19 -0.33  0.05 -0.20  0.04 -0.18  0.00  0.02
  5.83+ 5.47+ -0.000 -0.000   0.00   0.00 -0.00 -0.00 -0.00  0.00************ -0.02  0.01  0.01  0.08  0.02  0.10  0.02  0.01  0.01
  5.99+ 5.47+ -1.195  1.094   0.33  -2.57 -0.14 -0.12 -0.16 -0.07  5.50 38.68 -0.42 -0.06  0.20  0.33 -0.04  0.38 -0.02  0.00  0.04
  6.11+ 5.47+  0.000 -0.000  -0.00   0.00  0.00 -0.00 -0.00  0.00************ -0.00 -0.00  0.00 -0.01 -0.00 -0.01 -0.00 -0.00 -0.00
  6.12+ 5.47+  0.319 -0.285  -1.60   4.41  0.08 -0.04 -0.05  0.14  5.50 37.77 -0.17  0.10  0.16  0.23 -0.96  0.19 -0.87 -0.00  0.11
  6.28+ 5.47+  0.000 -0.000   0.00  -0.00  0.00  0.00  0.00 -0.00************  0.06 -0.01 -0.00  0.07 -0.02  0.08 -0.02  0.01  0.02
  6.35+ 5.47+  0.095  0.212   0.40  -0.66 -0.05  0.06  0.06 -0.05  5.50 42.85  0.21 -0.08 -0.05 -0.19 -0.11 -0.23 -0.11 -0.00 -0.01
  6.44+ 5.47+ -0.000 -0.000   0.00  -0.00 -0.00  0.00  0.00 -0.00************  0.07  0.00 -0.00 -0.28  0.02 -0.33  0.01 -0.04 -0.08

  5.53+ MY=NY  1.297  0.951  12.36 -10.40 -0.10  0.31  0.59 -0.13  5.50 38.86 -0.54 -0.27  1.81  2.07  1.74  3.94  1.20  5.50  5.81
  5.71+ 5.53+  1.485  1.287   0.49   6.70  0.42 -0.09 -0.23  0.10  5.50 38.03  0.33 -0.60 -0.48 -0.56 -0.45 -0.69 -0.44 -0.00 -0.03
  5.81+ 5.53+ -0.296 -0.586   0.06  -0.88  0.01 -0.01  0.01  0.03  5.50 31.83 -0.09 -0.01 -0.07  0.07  0.00  0.08  0.00  0.00  0.01
  5.83+ 5.53+ -0.000 -0.000   0.00  -0.00  0.00 -0.00  0.00  0.00************ -0.01  0.00  0.00 -0.05 -0.00 -0.05 -0.01 -0.00 -0.01
  5.99+ 5.53+ -0.056  0.226   0.51   6.40 -0.01 -0.02 -0.04 -0.04  5.50 39.49 -0.19 -0.00  0.10 -0.62 -0.37 -0.75 -0.37 -0.00 -0.05
  6.11+ 5.53+ -0.000  0.000  -0.00   0.00 -0.00  0.00  0.00  0.00************ -0.06 -0.02 -0.02 -0.11 -0.00 -0.13 -0.01 -0.01 -0.03
  6.12+ 5.53+ -2.021  1.904  -0.30   0.83 -0.18  0.20  0.21  0.15  5.50 41.45  0.84  0.21 -0.22  0.42 -0.31  0.46 -0.27  0.00  0.08
  6.28+ 5.53+ -0.000  0.000   0.00  -0.00  0.00  0.00  0.00  0.00************ -0.05  0.00 -0.01 -0.31  0.07 -0.36  0.05 -0.04 -0.09
  6.35+ 5.53+  0.061 -0.025   0.05  -0.65  0.12  0.00 -0.01  0.03  5.50 39.34  0.02  0.03 -0.02  0.06  0.01  0.07  0.01 -0.00  0.01
  6.44+ 5.53+ -0.000  0.000   0.00   0.00  0.00  0.00  0.00  0.00************ -0.11 -0.02 -0.04 -0.22  0.08 -0.26  0.07 -0.04 -0.07

  5.71+ MY=NY  0.352 -0.184   9.18  -3.59  0.18 -0.38 -0.01  0.47  5.50 37.62  0.93 -1.75  0.40 -0.64  0.70  0.70  0.13  5.50  5.56
  5.81+ 5.71+  0.545 -0.691  -0.43   0.23 -0.04  0.11  0.07 -0.01  5.50 45.56 -0.05  0.20 -0.38 -0.28 -0.43 -0.37 -0.41  0.00  0.00
  5.83+ 5.71+  0.000 -0.000   0.00   0.00 -0.00  0.00  0.00  0.00************  0.00  0.00 -0.00 -0.03 -0.01 -0.04 -0.01 -0.00 -0.01
  5.99+ 5.71+  1.217  1.228   0.11   1.70  0.26  0.02  0.16 -0.11  5.50 40.85 -0.16  0.28  0.22 -0.07 -0.18 -0.10 -0.17  0.00  0.01
  6.11+ 5.71+  0.000 -0.000   0.00  -0.00 -0.00 -0.00 -0.00 -0.00************ -0.02 -0.01 -0.01  0.10  0.01  0.12  0.01  0.01  0.02
  6.12+ 5.71+  0.475 -0.412   0.08  -0.46 -1.25 -0.03 -0.05 -0.46  5.50 41.99 -0.20 -0.53 -0.19 -0.12  0.29 -0.11  0.26 -0.00 -0.04
  6.28+ 5.71+  0.000 -0.000   0.00  -0.00 -0.00 -0.00  0.00  0.00************  0.04 -0.00 -0.00 -0.01 -0.00 -0.01 -0.00  0.00  0.00
  6.35+ 5.71+  1.304 -1.394   0.21  -0.92 -0.02 -0.15  0.08  0.10  5.50 40.98 -0.58  0.15 -0.13  0.27  0.14  0.32  0.14 -0.00  0.02
  6.44+ 5.71+  0.000 -0.000   0.00  -0.00 -0.00 -0.00  0.00  0.00************ -0.02 -0.00  0.00  0.23 -0.06  0.27 -0.05  0.04  0.07

  5.81+ MY=NY  0.033 -0.392   2.88   2.32 -1.14  0.44  0.22  0.03  5.50 44.24 -1.32 -0.22 -2.08 -3.64 -3.34 -3.14 -3.67  5.50  5.54
  5.83+ 5.81+  0.000  0.000   0.00   0.00 -0.00  0.00  0.00  0.00************ -0.00  0.00  0.00 -0.01 -0.00 -0.02 -0.00 -0.00 -0.00
  5.99+ 5.81+  0.052 -0.300  -0.21   0.22  2.21  0.01  0.41  0.02  5.50 46.27  0.11 -0.39 -0.87  0.03 -0.16  0.02 -0.15 -0.00  0.02
  6.11+ 5.81+  0.000  0.000   0.00  -0.00  0.00  0.00  0.00  0.00************  0.01  0.00  0.00 -0.02 -0.00 -0.02 -0.00 -0.00 -0.00
  6.12+ 5.81+  0.024  0.069   0.06  -0.42  0.24 -0.00  0.04  0.05  5.50 42.17 -0.05  0.01 -0.04 -0.03 -0.15 -0.05 -0.14 -0.00  0.01
  6.28+ 5.81+ -0.000 -0.000   0.00  -0.00 -0.00 -0.00 -0.00 -0.00************  0.01 -0.00 -0.01  0.03  0.01  0.04  0.01  0.00  0.01
  6.35+ 5.81+ -0.219  0.164   0.64  -1.79  0.02  0.02 -0.25 -0.01  5.50 37.73  0.07  0.19  0.21 -0.14  1.61 -0.02  1.46  0.00 -0.16
  6.44+ 5.81+ -0.000  0.000   0.00   0.00 -0.00  0.00  0.00  0.00************ -0.02  0.00  0.00 -0.04 -0.00 -0.04 -0.00 -0.00 -0.01

  5.83+ MY=NY  6.253  6.222  44.95  67.93  0.01  0.00  0.50  0.49  7.50 64.68  0.00  1.05 -1.04  5.44 -2.62  7.98 -2.80  7.50  8.69
  5.99+ 5.83+  0.000 -0.000   0.00   0.00  0.00 -0.00  0.00  0.00************ -0.00  0.00  0.00 -0.01 -0.00 -0.01 -0.00 -0.00 -0.00
  6.11+ 5.83+  2.159 -2.324  -0.00  -1.98  1.29  0.23  0.27 -0.28  7.50 64.95  0.08  0.32  0.34  0.15  0.09  0.19  0.09 -0.00  0.01
  6.12+ 5.83+ -0.000  0.000   0.00   0.00 -0.00 -0.00 -0.00  0.00************ -0.00  0.00  0.00  0.00  0.00  0.00  0.00  0.00  0.00
  6.28+ 5.83+ -0.791 -0.382   0.02 -23.26 -0.12 -0.01 -0.04 -0.01  7.50 47.68  0.02 -0.12  0.05  1.75  1.08  2.13  1.06  0.00  0.13
  6.35+ 5.83+ -0.000  0.000   0.00  -0.00 -0.00  0.00 -0.00 -0.00************  0.00 -0.00 -0.00  0.00  0.00  0.00  0.00  0.00  0.00
  6.44+ 5.83+ -0.069  0.402  -0.02   8.92 -0.14  0.01  0.01  0.01  7.50 76.00  0.08 -0.03 -0.07 -0.67 -0.41 -0.81 -0.40  0.00 -0.05

  5.99+ MY=NY -0.008  0.385   3.31  -0.25 -0.05  0.47  0.40 -0.02  5.50 38.59 -1.21 -0.37  1.84 -3.77 -0.58 -3.05 -1.17  5.50  5.28
  6.11+ 5.99+  0.000 -0.000  -0.00   0.00 -0.00  0.00  0.00  0.00************ -0.01 -0.00 -0.00 -0.03 -0.01 -0.04 -0.01 -0.00 -0.01
  6.12+ 5.99+  0.418 -0.301  -0.33   0.28 -0.06  0.02  0.06  0.07  5.50 34.56 -0.28 -0.13  0.05 -0.19 -0.23 -0.24 -0.21  0.00 -0.00
  6.28+ 5.99+  0.000 -0.000   0.00  -0.00  0.00 -0.00 -0.00 -0.00************  0.00  0.00  0.00  0.03  0.00  0.03  0.00  0.00  0.01
  6.35+ 5.99+ -0.337  0.152   0.05  -0.05  1.85  0.02 -0.56 -0.01  5.50 43.52  0.09  0.45  0.72 -0.05  0.39 -0.02  0.36  0.00 -0.04
  6.44+ 5.99+ -0.000 -0.000   0.00  -0.00  0.00  0.00 -0.00 -0.00************  0.02  0.00  0.00  0.01  0.00  0.01  0.00 -0.00  0.00

  6.11+ MY=NY -4.500 -5.283  41.26  19.33 -0.24 -0.03 -0.19 -0.26  7.50 64.32  0.04 -0.76  0.91  5.02 -0.84  7.65 -1.19  7.50  8.48
  6.12+ 6.11+ -0.000 -0.000   0.00  -0.00  0.00 -0.00  0.00 -0.00************ -0.01  0.00 -0.00  0.03 -0.00  0.04 -0.00  0.00  0.01
  6.28+ 6.11+  3.780 -2.067   0.23 -13.97 -1.44 -0.15  0.30 -0.20  7.50 65.75  0.30  0.73  0.43  0.94  0.56  1.15  0.56  0.00  0.07
  6.35+ 6.11+  0.000  0.000  -0.00  -0.00  0.00 -0.00  0.00 -0.00************ -0.00 -0.00 -0.00 -0.01 -0.00 -0.01 -0.00 -0.00 -0.00
  6.44+ 6.11+  0.158  1.478   0.72 -29.94  0.46  0.04  0.01  0.11  7.50 61.75 -0.11  0.01 -0.29  1.96  1.19  2.38  1.16  0.00  0.14

  6.12+ MY=NY -0.763 -0.659   8.32 -10.68  0.20 -0.41  0.08 -0.77  5.50 40.54  0.95  2.26 -0.49 -0.64  3.18  0.91  2.40  5.50  5.35
  6.28+ 6.12+ -0.000  0.000  -0.00   0.00  0.00  0.00 -0.00  0.00************ -0.02  0.01  0.00  0.05 -0.01  0.06 -0.01  0.00  0.01
  6.35+ 6.12+  0.928  1.023  -0.14  -3.58  0.13 -0.05  0.08 -0.13  5.50 40.81  0.20  0.29  0.33  0.26  0.26  0.32  0.25  0.00  0.01
  6.44+ 6.12+ -0.000 -0.000  -0.00   0.00 -0.00 -0.00 -0.00 -0.00************ -0.01  0.00 -0.01  0.07 -0.03  0.08 -0.03  0.01  0.02

  6.28+ MY=NY  4.479  1.223  37.42 -18.64  1.33  0.17  0.36  0.04  7.50 67.41 -0.13  0.80 -0.21  5.42  0.19  8.20 -0.24  7.50  8.44
  6.35+ 6.28+  0.000 -0.000   0.00  -0.00 -0.00  0.00 -0.00 -0.00************  0.00 -0.00 -0.00  0.02 -0.00  0.03 -0.00  0.00  0.00
  6.44+ 6.28+  1.099 -5.383   0.77 -20.21  0.95  0.12  0.16 -0.39  7.50 67.16 -0.06  0.26  1.01  1.24  0.84  1.51  0.82 -0.00  0.08

  6.35+ MY=NY -0.143 -0.397   3.08  -1.91 -0.24  0.47 -0.62  0.01  5.50 40.67 -1.24  0.57 -2.23 -3.80  1.65 -2.90  0.87  5.50  5.08
  6.44+ 6.35+ -0.000 -0.000   0.00  -0.00 -0.00  0.00 -0.00 -0.00************ -0.01 -0.00  0.00 -0.00  0.00 -0.00  0.00  0.00 -0.00

  6.44+ MY=NY  0.072 -1.783  33.59 -19.06 -2.90 -0.31  0.04 -0.08  7.50 65.89  0.48  0.06  0.35  3.39 -0.10  5.82 -0.59  7.50  8.21

 DECOUP:  0.00 SEC



   #   ENERGY +/-(#)    <Q20>    <Q22>     <R2>     <JZ>      #   ENERGY +/-(#)    <Q20>    <Q22>     <R2>     <JZ>

   1   1.5000  +(# 1)   0.3767  -0.1293   1.5557   0.5000    41   6.1123  +(#21)   7.6517  -1.1938   8.4816  -0.2432
   2   2.2152  -(# 1)   2.4540  -0.2663   2.8026   0.4514    42   6.1158  +(#22)   0.9138   2.4018   5.3497   0.2083
   3   2.4554  -(# 2)  -0.3567  -0.8235   2.5467  -1.2179    43   6.2052  -(#21)   4.6333  -1.7197   7.1992   0.8541
   4   2.8294  -(# 3)  -0.2137   0.4434   2.4295   0.2665    44   6.2606  -(#22)   5.8815   0.7146   7.0830   0.1929
   5   2.9554  +(# 2)   4.6679  -0.3752   4.0617   0.4155    45   6.2820  -(#23)  -4.1744  -2.4957   6.2953  -5.2305
   6   3.1840  +(# 3)   1.9509  -0.8930   3.8122  -1.0712    46   6.2842  +(#23)   8.2009  -0.2392   8.4427   1.3428
   7   3.3925  +(# 4)  -1.0663  -1.6261   3.5516   1.4815    47   6.3526  +(#24)  -2.8959   0.8670   5.0848  -0.2401
   8   3.5866  +(# 5)   1.6879   0.4735   3.6391   0.6984    48   6.4193  -(#24)   3.7619   0.1209   6.9082  -0.1474
   9   3.7029  -(# 4)   5.7566  -0.8812   5.2367   0.2593    49   6.4338  -(#25)   8.7384  -3.4314   9.8385   0.0022
  10   3.7730  +(# 6)  -0.9762  -0.6527   3.4594   0.2789    50   6.4426  +(#25)   5.8168  -0.5934   8.2132  -2.9200
  11   3.9221  -(# 5)   4.8267  -0.3748   5.0795  -1.0426    51   6.5022  -(#26)   0.2193  -3.0544   6.8456  -1.9486
  12   4.1064  -(# 6)   1.3117  -1.4989   4.8043   1.9343    52   6.5417  +(#26)   8.4611  -2.0444   8.6616   0.0734
  13   4.1085  +(# 7)  -0.9904   1.2634   3.2564  -0.8031    53   6.6525  +(#27)   2.2224  -1.4319   7.8992   4.1720
  14   4.3329  -(# 7)   4.8380   0.4070   4.9985   0.4976    54   6.6686  -(#27)   0.0720  -1.2600   6.6405   0.6021
  15   4.3726  -(# 8)  -2.1062  -2.3166   4.5079  -2.7355    55   6.7339  -(#28)   8.1313  -1.7819   9.5971  -0.0747
  16   4.4600  +(# 8)   6.4337  -1.5445   6.3822   0.1090    56   6.7355  +(#28)   9.0248  -1.2640   8.6427  -0.2947
  17   4.5087  -(# 9)   1.1790  -0.9163   4.7282  -0.3638    57   6.7881  +(#29)  -2.6618   3.4780   4.8365  -0.1906
  18   4.6966  +(# 9)   6.7258  -0.2337   6.2771  -0.8842    58   6.8412  -(#29)   3.6278   2.0817   6.6871   0.1863
  19   4.7672  -(#10)  -2.1444  -2.2732   4.4990  -0.1495    59   6.8472  -(#30)  -4.0340  -3.7639   6.4443   3.2225
  20   4.8307  -(#11)   1.5780   1.4537   4.5237  -0.5850    60   6.9082  +(#30)  -1.3643  -2.0909   7.5672  -5.2347
  21   4.8486  +(#10)   4.0359  -1.0970   6.0669   2.0826    61   6.9394  -(#31)   8.5866  -0.5362   9.5171   0.7606
  22   5.0483  -(#12)  -2.0868   0.0351   4.2628   0.6059    62   6.9535  +(#31)   7.9214  -0.9740   8.4887   0.6350
  23   5.0645  +(#11)   6.6822  -0.3349   6.2829   0.1078    63   6.9863  +(#32)   7.1109  -0.1010   8.3063   0.7041
  24   5.0856  +(#12)   0.8854  -1.6545   5.7730  -2.8406    64   6.9916  -(#32)  -3.8872  -2.6981   6.3487  -1.6712
  25   5.1389  -(#13)   7.0994  -2.2105   7.5267   0.0325    65   7.0049  +(#33)   9.4999  -4.0613  10.9899   0.0005
  26   5.2123  +(#13)   4.2912  -0.9034   6.0751  -0.4772    66   7.0451  -(#33)   0.0484   0.5468   6.4479  -0.2734
  27   5.3689  +(#14)  -3.1993  -2.4488   5.3995   4.0761    67   7.0906  -(#34)   8.1187   0.0949   9.3984  -2.4017
  28   5.4080  -(#14)   7.1459  -0.6146   7.3642  -0.5527    68   7.1515  +(#34)   6.8242   0.0646   8.2568  -0.5272
  29   5.4081  -(#15)  -1.8517   2.4864   4.0314   0.5792    69   7.1993  +(#35)  -5.0806  -2.7138   7.2168   6.2385
  30   5.4721  +(#15)   1.0592  -2.1344   5.8429   0.6671    70   7.1998  +(#36)   3.4447  -2.2956   8.1268  -2.3013
  31   5.5287  +(#16)   3.9381   1.2001   5.8145  -0.0983    71   7.2493  -(#35)   9.1177  -2.8419   9.8189   0.0634
  32   5.5562  -(#16)   6.5890  -0.4327   7.2827   1.8112    72   7.2623  -(#36)   4.8177  -0.8305   9.1264   4.0090
  33   5.7123  +(#17)   0.7028   0.1337   5.5646   0.1863    73   7.3136  +(#37)   8.7529  -2.3720  10.7287  -0.0196
  34   5.7474  -(#17)   3.2119  -1.1675   6.9821  -3.1108    74   7.3438  -(#37)  -3.8527  -1.1952   6.1946   0.4276
  35   5.8052  +(#18)  -3.1387  -3.6736   5.5350  -1.1530    75   7.3656  +(#38)   3.2699  -1.2681   7.9992   1.0748
  36   5.8162  -(#18)   7.7819  -1.2002   7.4969   0.1826    76   7.4812  -(#38)   9.1821  -2.0704   9.7450  -0.3507
  37   5.8260  +(#19)   7.9849  -2.7984   8.6876   0.0097    77   7.4856  -(#39)   1.6409  -1.5774   8.8494  -5.0053
  38   5.9705  -(#19)   7.3703  -0.8751   7.4167  -0.4170    78   7.4933  -(#40)   0.2896   3.2905   6.1865  -0.1441
  39   5.9887  +(#20)  -3.0541  -1.1665   5.2809  -0.0532    79   7.4977  +(#39)  -0.8376  -3.0063   7.7223   3.7074
  40   5.9939  -(#20)  -0.4189  -1.8652   6.6492   4.1997    80   7.5447  +(#40)   8.7881  -1.0684  10.5956   0.3068



     PARITY: +     DIMENSION:  95     MATRIX:   0.0 SEC     DIAGONALISATION:   0.0 SEC
     PARITY: -     DIMENSION:  70     MATRIX:   0.0 SEC     DIAGONALISATION:   0.0 SEC
      TOTAL TIME:   0.0 SEC
