


         KAPPAP      MYP     KAPPAN      MYN
    0    0.1200    0.0000    0.1200    0.0000
    1    0.1200    0.0000    0.1200    0.0000
    2    0.1050    0.0000    0.1050    0.0000
    3    0.0900    0.3000    0.0900    0.2500
    4    0.0650    0.5700    0.0700    0.3900
    5    0.0600    0.6500    0.0620    0.4300
    6    0.0540    0.6900    0.0620    0.3400
    7    0.0540    0.6900    0.0620    0.2600
    8    0.0540    0.6900    0.0620    0.2600


     KAPPA    MY     EPS   GAMMA    EPS4     EPS6     W0/W00   NMAX  COUPL     OMROT      EFAC      QFAC
      SEE TABLE     0.581   16.7   0.000    0.000    1.04427     8     0     0.00000   6.87266   6.03841


                     **** PROTONS ****                     **** STRETCHED COORDINATES ****
    SYMMETRY R1= 1


   BASIS FUNCTIONS /N,L,J,OMEGA>,   PARITY -


   1 / 7 7 15/2 13/2>    15 / 7 5 11/2  1/2>    29 / 7 7 13/2 -7/2>    43 / 5 5 11/2  1/2>    57 / 5 5 11/2-11/2>
   2 / 7 7 13/2 13/2>    16 / 7 5  9/2  1/2>    30 / 7 5 11/2 -7/2>    44 / 5 5  9/2  1/2>    58 / 3 3  7/2  5/2>
   3 / 7 7 15/2  9/2>    17 / 7 3  7/2  1/2>    31 / 7 5  9/2 -7/2>    45 / 5 3  7/2  1/2>    59 / 3 3  5/2  5/2>
   4 / 7 7 13/2  9/2>    18 / 7 3  5/2  1/2>    32 / 7 3  7/2 -7/2>    46 / 5 3  5/2  1/2>    60 / 3 3  7/2  1/2>
   5 / 7 5 11/2  9/2>    19 / 7 1  3/2  1/2>    33 / 7 7 15/2-11/2>    47 / 5 1  3/2  1/2>    61 / 3 3  5/2  1/2>
   6 / 7 5  9/2  9/2>    20 / 7 1  1/2  1/2>    34 / 7 7 13/2-11/2>    48 / 5 1  1/2  1/2>    62 / 3 1  3/2  1/2>
   7 / 7 7 15/2  5/2>    21 / 7 7 15/2 -3/2>    35 / 7 5 11/2-11/2>    49 / 5 5 11/2 -3/2>    63 / 3 1  1/2  1/2>
   8 / 7 7 13/2  5/2>    22 / 7 7 13/2 -3/2>    36 / 7 7 15/2-15/2>    50 / 5 5  9/2 -3/2>    64 / 3 3  7/2 -3/2>
   9 / 7 5 11/2  5/2>    23 / 7 5 11/2 -3/2>    37 / 5 5 11/2  9/2>    51 / 5 3  7/2 -3/2>    65 / 3 3  5/2 -3/2>
  10 / 7 5  9/2  5/2>    24 / 7 5  9/2 -3/2>    38 / 5 5  9/2  9/2>    52 / 5 3  5/2 -3/2>    66 / 3 1  3/2 -3/2>
  11 / 7 3  7/2  5/2>    25 / 7 3  7/2 -3/2>    39 / 5 5 11/2  5/2>    53 / 5 1  3/2 -3/2>    67 / 3 3  7/2 -7/2>
  12 / 7 3  5/2  5/2>    26 / 7 3  5/2 -3/2>    40 / 5 5  9/2  5/2>    54 / 5 5 11/2 -7/2>    68 / 1 1  3/2  1/2>
  13 / 7 7 15/2  1/2>    27 / 7 1  3/2 -3/2>    41 / 5 3  7/2  5/2>    55 / 5 5  9/2 -7/2>    69 / 1 1  1/2  1/2>
  14 / 7 7 13/2  1/2>    28 / 7 7 15/2 -7/2>    42 / 5 3  5/2  5/2>    56 / 5 3  7/2 -7/2>    70 / 1 1  3/2 -3/2>


    SINGLE PARTICLE (PARITY-) WAVE FUNCTIONS IN THE ENERGY INTERVAL 6.0<E<8.0

 E=6.1242  -0.169691/ 37> 0.007397/ 38>-0.206990/ 39>-0.656690/ 40> 0.155769/ 41>-0.191491/ 42>-0.103246/ 43>
           -0.239361/ 44> 0.252973/ 45> 0.272846/ 46>-0.043198/ 47> 0.259404/ 48>-0.160723/ 49>-0.124899/ 50>
            0.264963/ 51> 0.066896/ 52> 0.135776/ 53> 0.153922/ 54> 0.028819/ 55> 0.038584/ 56> 0.004729/ 57>


 E=6.1877   0.931426/ 37>-0.136483/ 38> 0.008094/ 39>-0.157846/ 40>-0.245428/ 41> 0.023553/ 42>-0.013810/ 43>
           -0.064370/ 44> 0.023493/ 45> 0.089099/ 46> 0.036241/ 47> 0.040619/ 48>-0.042063/ 49>-0.041791/ 50>
            0.067568/ 51> 0.030920/ 52> 0.041836/ 53> 0.037351/ 54> 0.001762/ 55> 0.008504/ 56> 0.001298/ 57>


 E=6.2369  -0.000464/  1>-0.014866/  3> 0.002318/  4>-0.003633/  5> 0.000468/  6>-0.147849/  7> 0.031211/  8>
           -0.074107/  9> 0.017334/ 10>-0.020687/ 11> 0.004397/ 12>-0.271860/ 13> 0.112177/ 14>-0.249251/ 15>
            0.099906/ 16>-0.164293/ 17> 0.073830/ 18>-0.087109/ 19> 0.044667/ 20> 0.702701/ 21> 0.133185/ 22>
            0.433631/ 23> 0.103578/ 24> 0.180577/ 25> 0.052427/ 26> 0.042822/ 27> 0.139491/ 28> 0.021905/ 29>
            0.049571/ 30> 0.008320/ 31> 0.007156/ 32> 0.007942/ 33> 0.000915/ 34> 0.001048/ 35>

 E=6.3005   0.038255/ 37>-0.019795/ 38>-0.156761/ 39>-0.551288/ 40> 0.056131/ 41>-0.151960/ 42> 0.039729/ 43>
            0.138817/ 44>-0.102638/ 45>-0.092111/ 46> 0.047982/ 47>-0.118948/ 48> 0.311893/ 49> 0.273604/ 50>
           -0.528134/ 51>-0.112606/ 52>-0.275337/ 53>-0.207132/ 54>-0.036890/ 55>-0.056857/ 56>-0.006499/ 57>


 E=6.4626  -0.003832/  1> 0.000330/  2>-0.108482/  3> 0.015776/  4>-0.026366/  5> 0.003267/  6>-0.821262/  7>
            0.148624/  8>-0.398219/  9> 0.085717/ 10>-0.109085/ 11> 0.022346/ 12> 0.075447/ 13> 0.034060/ 14>
            0.217244/ 15>-0.012807/ 16> 0.195009/ 17>-0.045774/ 18> 0.112856/ 19>-0.046666/ 20>-0.050050/ 21>
            0.008433/ 22>-0.011679/ 23> 0.003439/ 24> 0.000898/ 26> 0.000448/ 27>-0.019035/ 28>-0.001283/ 29>
           -0.005976/ 30>-0.000604/ 31>-0.000780/ 32>-0.001344/ 33>

 E=6.6482   0.019390/ 37> 0.005329/ 38> 0.078426/ 39> 0.300543/ 40> 0.021897/ 41> 0.080568/ 42>-0.235022/ 43>
           -0.410359/ 44> 0.399888/ 45> 0.361782/ 46>-0.012759/ 47> 0.373032/ 48> 0.205096/ 49> 0.201250/ 50>
           -0.333208/ 51>-0.067421/ 52>-0.189640/ 53>-0.087551/ 54> 0.008035/ 55>-0.023138/ 56>-0.006233/ 57>


 E=6.6777   0.094117/ 37>-0.013761/ 38>-0.073426/ 39> 0.042799/ 40> 0.200174/ 41>-0.045514/ 42>-0.026357/ 43>
            0.085466/ 44> 0.115741/ 45>-0.163795/ 46>-0.184006/ 47> 0.038741/ 48>-0.055565/ 49> 0.126699/ 50>
            0.176931/ 51>-0.360702/ 52>-0.093934/ 53>-0.166198/ 54> 0.744103/ 55> 0.166436/ 56>-0.244171/ 57>


 E=6.6895   0.000379/  3> 0.005350/  4>-0.000671/  5> 0.000903/  6> 0.020181/  7> 0.106594/  8>-0.012677/  9>
            0.050135/ 10>-0.010945/ 11> 0.010183/ 12> 0.227605/ 13> 0.636659/ 14> 0.024267/ 15> 0.534279/ 16>
           -0.107458/ 17> 0.337211/ 18>-0.137334/ 19> 0.151200/ 20>-0.147588/ 21> 0.174207/ 22>-0.085406/ 23>
            0.097417/ 24>-0.026437/ 25> 0.030523/ 26>-0.001638/ 27>-0.063548/ 28> 0.006169/ 29>-0.022010/ 30>
            0.000764/ 31>-0.002964/ 32>-0.004743/ 33>-0.000618/ 35>

 E=6.7084   0.031793/ 37>-0.003447/ 38>-0.025513/ 39> 0.018326/ 40> 0.071140/ 41>-0.019065/ 42>-0.008848/ 43>
            0.026474/ 44> 0.035774/ 45>-0.055449/ 46>-0.051915/ 47> 0.025319/ 48>-0.011852/ 49> 0.040547/ 50>
            0.030913/ 51>-0.117640/ 52> 0.033756/ 53>-0.020302/ 54> 0.222173/ 55>-0.240291/ 56> 0.926750/ 57>


 E=6.7832   0.001947/  3>-0.001142/  4> 0.000735/  5> 0.012735/  7>-0.015878/  8> 0.014039/  9>-0.007892/ 10>
            0.005439/ 11>-0.001816/ 12>-0.049233/ 13>-0.030463/ 14> 0.019470/ 15>-0.009001/ 16> 0.020899/ 17>
            0.001016/ 18> 0.006878/ 19> 0.000941/ 20> 0.017209/ 21>-0.014934/ 22> 0.223302/ 23> 0.047705/ 24>
            0.166212/ 25> 0.048666/ 26> 0.050885/ 27>-0.877106/ 28>-0.158774/ 29>-0.320327/ 30>-0.060537/ 31>
           -0.047703/ 32>-0.080270/ 33>-0.010386/ 34>-0.010948/ 35>-0.001505/ 36>

 E=6.8077  -0.236898/ 37> 0.033399/ 38> 0.227037/ 39>-0.177687/ 40>-0.650479/ 41> 0.137196/ 42> 0.044025/ 43>
           -0.129866/ 44>-0.190070/ 45> 0.257449/ 46> 0.294451/ 47>-0.065274/ 48> 0.014936/ 49>-0.028656/ 50>
           -0.026729/ 51> 0.037834/ 52> 0.017150/ 53>-0.096167/ 54> 0.436449/ 55> 0.040298/ 56> 0.026143/ 57>


 E=6.9222   0.000699/  1> 0.018259/  3>-0.003431/  4> 0.005667/  5>-0.000843/  6> 0.108119/  7>-0.027546/  8>
            0.095459/  9>-0.025887/ 10> 0.036139/ 11>-0.008570/ 12>-0.292959/ 13> 0.108976/ 14> 0.181623/ 15>
           -0.050060/ 16> 0.325761/ 17>-0.145816/ 18> 0.246017/ 19>-0.131081/ 20>-0.197371/ 21> 0.597549/ 22>
            0.095262/ 23> 0.406445/ 24> 0.141933/ 25> 0.170493/ 26> 0.061181/ 27> 0.069117/ 28> 0.083375/ 29>
            0.042611/ 30> 0.028095/ 31> 0.009040/ 32> 0.007323/ 33> 0.003127/ 34> 0.001275/ 35>

 E=7.1202  -0.106386/ 37> 0.015022/ 38> 0.155996/ 39>-0.135592/ 40>-0.450987/ 41> 0.089454/ 42>-0.073629/ 43>
            0.097045/ 44> 0.217239/ 45>-0.207070/ 46>-0.254082/ 47> 0.095990/ 48>-0.089231/ 49> 0.254482/ 50>
            0.241804/ 51>-0.524052/ 52>-0.137827/ 53> 0.076554/ 54>-0.352972/ 55>-0.019079/ 56> 0.005541/ 57>


 E=7.1693  -0.011545/  1> 0.001133/  2>-0.185592/  3> 0.032462/  4>-0.044662/  5> 0.006425/  6> 0.098917/  7>
            0.007003/  8> 0.163111/  9>-0.025584/ 10> 0.070269/ 11>-0.013065/ 12>-0.391211/ 13> 0.335769/ 14>
            0.242891/ 15> 0.185248/ 16> 0.403077/ 17> 0.268573/ 19>-0.086506/ 20> 0.106543/ 21>-0.441175/ 22>
            0.076801/ 23>-0.297844/ 24> 0.000876/ 25>-0.116104/ 26>-0.017446/ 27> 0.040875/ 28>-0.050215/ 29>
            0.011351/ 30>-0.015116/ 31> 0.000496/ 32> 0.003168/ 33>-0.001434/ 34> 0.000341/ 35>

 E=7.1707  -0.053966/  1> 0.005240/  2>-0.899592/  3> 0.151539/  4>-0.225301/  5> 0.031346/  6>-0.033113/  7>
           -0.009412/  8> 0.200037/  9>-0.057664/ 10> 0.104934/ 11>-0.025170/ 12> 0.077384/ 13>-0.079742/ 14>
           -0.028254/ 15>-0.048455/ 16>-0.113375/ 17> 0.014651/ 18>-0.099316/ 19> 0.041831/ 20>-0.033835/ 21>
            0.101146/ 22>-0.006011/ 23> 0.065966/ 24> 0.006372/ 25> 0.025682/ 26> 0.005178/ 27>-0.004149/ 28>
            0.014593/ 29> 0.001041/ 30> 0.004583/ 31> 0.000596/ 32> 0.000488/ 34>

 E=7.2771  -0.124565/ 37>-0.878994/ 38>-0.017687/ 39>-0.064711/ 40> 0.090577/ 41> 0.380154/ 42>-0.006254/ 43>
           -0.017002/ 44> 0.031535/ 45> 0.065927/ 46>-0.076399/ 47>-0.140013/ 48>-0.006071/ 49>-0.010847/ 50>
            0.032617/ 51> 0.035830/ 52>-0.102168/ 53>-0.017115/ 54>-0.013254/ 55> 0.092390/ 56> 0.039699/ 57>


 E=7.3047  -0.004333/  1> 0.001401/  2>-0.061674/  3> 0.069808/  4>-0.025143/  5> 0.012609/  6> 0.216530/  7>
            0.709319/  8>-0.061992/  9> 0.339498/ 10>-0.071490/ 11> 0.069967/ 12> 0.045808/ 13> 0.174788/ 14>
           -0.166047/ 15>-0.175448/ 16>-0.027787/ 17>-0.284363/ 18> 0.114549/ 19>-0.172213/ 20> 0.152291/ 21>
            0.086173/ 22>-0.156099/ 23>-0.035852/ 24>-0.157158/ 25>-0.055099/ 26>-0.053781/ 27>-0.080151/ 28>
           -0.010913/ 29>-0.047809/ 30>-0.008695/ 31>-0.009303/ 32>-0.008682/ 33>-0.001059/ 34>-0.001459/ 35>


 E=7.4042   0.033070/ 37> 0.215192/ 38>-0.006870/ 39>-0.007575/ 40> 0.018282/ 41> 0.028343/ 42>-0.003874/ 43>
           -0.030886/ 44> 0.027724/ 45> 0.102975/ 46>-0.081654/ 47>-0.187636/ 48>-0.025528/ 49>-0.046418/ 50>
            0.142082/ 51> 0.157637/ 52>-0.452024/ 53>-0.135185/ 54>-0.112973/ 55> 0.740898/ 56> 0.254959/ 57>


 E=7.4660  -0.000597/  2>-0.002341/  3>-0.034383/  4> 0.004136/  5>-0.006165/  6>-0.102794/  7>-0.399623/  8>
            0.028870/  9>-0.209846/ 10> 0.042535/ 11>-0.046146/ 12> 0.015869/ 13> 0.191760/ 14>-0.100585/ 15>
           -0.032210/ 16> 0.034041/ 17>-0.153794/ 18> 0.122078/ 19>-0.121100/ 20> 0.390885/ 21> 0.260852/ 22>
           -0.429991/ 23>-0.039030/ 24>-0.439222/ 25>-0.125148/ 26>-0.149670/ 27>-0.158725/ 28>-0.019797/ 29>
           -0.109991/ 30>-0.019346/ 31>-0.022646/ 32>-0.017605/ 33>-0.002230/ 34>-0.003198/ 35>-0.000354/ 36>


 E=7.4860   0.042374/ 37>-0.012600/ 38>-0.090898/ 39> 0.083435/ 40> 0.257194/ 41>-0.052595/ 42> 0.123560/ 43>
           -0.192921/ 44>-0.361214/ 45> 0.361661/ 46> 0.432661/ 47>-0.125480/ 48>-0.094991/ 49> 0.237870/ 50>
            0.231675/ 51>-0.494906/ 52>-0.081088/ 53> 0.040341/ 54>-0.155738/ 55>-0.022954/ 56>-0.003491/ 57>


 E=7.6116   0.001941/  3>-0.000809/  4> 0.000838/  5>-0.002384/  7> 0.004112/  9> 0.000321/ 10> 0.001582/ 11>
           -0.002028/ 13> 0.001692/ 14> 0.007095/ 15>-0.006691/ 17>-0.004716/ 18>-0.004543/ 19>-0.002267/ 20>
           -0.007016/ 21> 0.001118/ 22> 0.022201/ 23> 0.001156/ 24>-0.037635/ 25>-0.017439/ 26>-0.023505/ 27>
           -0.012754/ 28> 0.011695/ 29> 0.243871/ 30> 0.055998/ 31> 0.066767/ 32>-0.944635/ 33>-0.137881/ 34>
           -0.131616/ 35>-0.031091/ 36>

 E=7.7093  -0.049740/ 37>-0.333684/ 38> 0.032972/ 39> 0.120047/ 40>-0.121920/ 41>-0.505662/ 42> 0.023685/ 43>
            0.062028/ 44>-0.112778/ 45>-0.228704/ 46> 0.258732/ 47> 0.467088/ 48> 0.020236/ 49> 0.019272/ 50>
           -0.082913/ 51>-0.060788/ 52> 0.212520/ 53>-0.075485/ 54>-0.063388/ 55> 0.412462/ 56> 0.096024/ 57>


 E=7.7534  -0.003038/  1>-0.045732/  3> 0.006633/  4>-0.018351/  5> 0.002508/  6> 0.063251/  7>-0.040048/  8>
           -0.108197/  9> 0.022857/ 10>-0.061042/ 11> 0.014044/ 12> 0.030323/ 13>-0.056453/ 14>-0.091969/ 15>
            0.084841/ 16> 0.055475/ 17> 0.028337/ 18> 0.104985/ 19>-0.039098/ 20> 0.037836/ 21>-0.108155/ 22>
           -0.135745/ 23> 0.261947/ 24> 0.022060/ 25> 0.206462/ 26> 0.056744/ 27> 0.203749/ 28>-0.817868/ 29>
           -0.081732/ 30>-0.261571/ 31>-0.039423/ 32>-0.054740/ 33>-0.053140/ 34>-0.012533/ 35>-0.002037/ 36>


 E=7.8430   0.003715/  1> 0.058472/  3> 0.014150/  4> 0.021589/  5> 0.001135/  6>-0.016622/  7> 0.279176/  8>
            0.160884/  9> 0.118073/ 10> 0.067179/ 11> 0.016549/ 12>-0.259717/ 13>-0.416540/ 14> 0.349573/ 15>
            0.123483/ 16> 0.140711/ 17> 0.404888/ 18>-0.165152/ 19> 0.282551/ 20> 0.208793/ 21> 0.173840/ 22>
           -0.215352/ 23> 0.034789/ 24>-0.253778/ 25>-0.048097/ 26>-0.089838/ 27>-0.041409/ 28>-0.047791/ 29>
           -0.053479/ 30>-0.022633/ 31>-0.013536/ 32>-0.007844/ 33>-0.003553/ 34>-0.001821/ 35>

 E=7.8977   0.012714/  1>-0.001303/  2> 0.187371/  3>-0.030678/  4> 0.084045/  5>-0.012186/  6>-0.341254/  7>
            0.178519/  8> 0.561778/  9>-0.130270/ 10> 0.334276/ 11>-0.079277/ 12> 0.003418/ 13> 0.233873/ 14>
            0.138811/ 15>-0.241810/ 16>-0.187008/ 17>-0.194542/ 18>-0.224452/ 19> 0.012738/ 20>-0.066067/ 21>
            0.038348/ 22> 0.086039/ 23>-0.060179/ 24> 0.028220/ 25>-0.045802/ 26>-0.005850/ 27> 0.072314/ 28>
           -0.261815/ 29>-0.009440/ 30>-0.088776/ 31>-0.010136/ 32> 0.001182/ 33>-0.014633/ 34>-0.001078/ 35>


  Q20Q22:  0.00 SEC    QTME:  0.00 SEC



    SYMMETRY R1= 1


   BASIS FUNCTIONS /N,L,J,OMEGA>,   PARITY +


   1 / 8 8 17/2 17/2>    20 / 8 6 11/2  1/2>    39 / 8 4  7/2 -7/2>    58 / 6 4  7/2  1/2>    77 / 4 2  5/2  5/2>
   2 / 8 8 17/2 13/2>    21 / 8 4  9/2  1/2>    40 / 8 8 17/2-11/2>    59 / 6 2  5/2  1/2>    78 / 4 4  9/2  1/2>
   3 / 8 8 15/2 13/2>    22 / 8 4  7/2  1/2>    41 / 8 8 15/2-11/2>    60 / 6 2  3/2  1/2>    79 / 4 4  7/2  1/2>
   4 / 8 6 13/2 13/2>    23 / 8 2  5/2  1/2>    42 / 8 6 13/2-11/2>    61 / 6 0  1/2  1/2>    80 / 4 2  5/2  1/2>
   5 / 8 8 17/2  9/2>    24 / 8 2  3/2  1/2>    43 / 8 6 11/2-11/2>    62 / 6 6 13/2 -3/2>    81 / 4 2  3/2  1/2>
   6 / 8 8 15/2  9/2>    25 / 8 0  1/2  1/2>    44 / 8 8 17/2-15/2>    63 / 6 6 11/2 -3/2>    82 / 4 0  1/2  1/2>
   7 / 8 6 13/2  9/2>    26 / 8 8 17/2 -3/2>    45 / 8 8 15/2-15/2>    64 / 6 4  9/2 -3/2>    83 / 4 4  9/2 -3/2>
   8 / 8 6 11/2  9/2>    27 / 8 8 15/2 -3/2>    46 / 6 6 13/2 13/2>    65 / 6 4  7/2 -3/2>    84 / 4 4  7/2 -3/2>
   9 / 8 4  9/2  9/2>    28 / 8 6 13/2 -3/2>    47 / 6 6 13/2  9/2>    66 / 6 2  5/2 -3/2>    85 / 4 2  5/2 -3/2>
  10 / 8 8 17/2  5/2>    29 / 8 6 11/2 -3/2>    48 / 6 6 11/2  9/2>    67 / 6 2  3/2 -3/2>    86 / 4 2  3/2 -3/2>
  11 / 8 8 15/2  5/2>    30 / 8 4  9/2 -3/2>    49 / 6 4  9/2  9/2>    68 / 6 6 13/2 -7/2>    87 / 4 4  9/2 -7/2>
  12 / 8 6 13/2  5/2>    31 / 8 4  7/2 -3/2>    50 / 6 6 13/2  5/2>    69 / 6 6 11/2 -7/2>    88 / 4 4  7/2 -7/2>
  13 / 8 6 11/2  5/2>    32 / 8 2  5/2 -3/2>    51 / 6 6 11/2  5/2>    70 / 6 4  9/2 -7/2>    89 / 2 2  5/2  5/2>
  14 / 8 4  9/2  5/2>    33 / 8 2  3/2 -3/2>    52 / 6 4  9/2  5/2>    71 / 6 4  7/2 -7/2>    90 / 2 2  5/2  1/2>
  15 / 8 4  7/2  5/2>    34 / 8 8 17/2 -7/2>    53 / 6 4  7/2  5/2>    72 / 6 6 13/2-11/2>    91 / 2 2  3/2  1/2>
  16 / 8 2  5/2  5/2>    35 / 8 8 15/2 -7/2>    54 / 6 2  5/2  5/2>    73 / 6 6 11/2-11/2>    92 / 2 0  1/2  1/2>
  17 / 8 8 17/2  1/2>    36 / 8 6 13/2 -7/2>    55 / 6 6 13/2  1/2>    74 / 4 4  9/2  9/2>    93 / 2 2  5/2 -3/2>
  18 / 8 8 15/2  1/2>    37 / 8 6 11/2 -7/2>    56 / 6 6 11/2  1/2>    75 / 4 4  9/2  5/2>    94 / 2 2  3/2 -3/2>
  19 / 8 6 13/2  1/2>    38 / 8 4  9/2 -7/2>    57 / 6 4  9/2  1/2>    76 / 4 4  7/2  5/2>    95 / 0 0  1/2  1/2>


    SINGLE PARTICLE (PARITY+) WAVE FUNCTIONS IN THE ENERGY INTERVAL 6.0<E<8.0

 E=6.0016   0.009104/ 47>-0.003500/ 48> 0.001737/ 49> 0.085625/ 50>-0.091492/ 51> 0.055425/ 52>-0.038749/ 53>
            0.014621/ 54>-0.303365/ 55>-0.619661/ 56>-0.066768/ 57>-0.543652/ 58> 0.115052/ 59>-0.329243/ 60>
            0.143632/ 61> 0.189079/ 62>-0.083532/ 63> 0.119609/ 64>-0.032938/ 65> 0.040822/ 66>-0.002275/ 67>
            0.034958/ 68>-0.000433/ 69> 0.010092/ 70> 0.000404/ 71> 0.001395/ 72>

 E=6.0772   0.008821/ 74> 0.094259/ 75> 0.342214/ 76>-0.017218/ 77>-0.196524/ 78>-0.369168/ 79> 0.407467/ 80>
            0.509175/ 81>-0.172666/ 82> 0.177806/ 83> 0.188093/ 84>-0.396652/ 85>-0.100150/ 86>-0.095743/ 87>
           -0.009923/ 88>

 E=6.1683   0.167252/ 74>-0.074535/ 75> 0.059670/ 76> 0.326033/ 77>-0.030165/ 78> 0.078980/ 79> 0.135948/ 80>
           -0.200489/ 81>-0.324197/ 82>-0.041010/ 83> 0.117583/ 84> 0.149410/ 85>-0.451931/ 86>-0.108456/ 87>
            0.657152/ 88>

 E=6.2578   0.010172/ 47>-0.001979/ 48> 0.001956/ 49> 0.106667/ 50>-0.030519/ 51> 0.069407/ 52>-0.018870/ 53>
            0.016493/ 54>-0.192320/ 55> 0.097568/ 56> 0.131156/ 57> 0.008517/ 58> 0.194978/ 59>-0.063175/ 60>
            0.104522/ 61>-0.165943/ 62> 0.336124/ 63> 0.230957/ 64> 0.279392/ 65> 0.199083/ 66> 0.107733/ 67>
           -0.696780/ 68>-0.111717/ 69>-0.204535/ 70>-0.030238/ 71>-0.038928/ 72>-0.004004/ 73>

 E=6.2861  -0.013489/ 47> 0.001480/ 48>-0.002385/ 49>-0.129842/ 50> 0.010815/ 51>-0.075560/ 52> 0.013437/ 53>
           -0.017132/ 54> 0.213789/ 55>-0.175281/ 56>-0.129167/ 57> 0.018026/ 58>-0.251279/ 59> 0.130842/ 60>
           -0.160299/ 61> 0.156681/ 62>-0.531107/ 63> 0.065882/ 64>-0.290703/ 65>-0.010821/ 66>-0.071174/ 67>
           -0.564521/ 68>-0.152734/ 69>-0.179095/ 70>-0.038155/ 71>-0.032253/ 72>-0.004269/ 73>

 E=6.2884   0.245620/ 74>-0.139364/ 75> 0.127580/ 76> 0.625888/ 77>-0.027332/ 78> 0.077465/ 79> 0.127312/ 80>
           -0.194873/ 81>-0.308624/ 82> 0.001926/ 83>-0.010524/ 84>-0.017312/ 85> 0.060833/ 86> 0.099928/ 87>
           -0.584770/ 88>

 E=6.5319   0.014546/ 47>-0.001854/ 48> 0.002937/ 49> 0.137602/ 50>-0.009824/ 51> 0.103317/ 52>-0.017615/ 53>
            0.025705/ 54>-0.401521/ 55> 0.377044/ 56> 0.250046/ 57> 0.154114/ 58> 0.422269/ 59>-0.081569/ 60>
            0.227633/ 61> 0.163778/ 62>-0.464306/ 63> 0.046110/ 64>-0.296673/ 65>-0.035059/ 66>-0.084504/ 67>
            0.021042/ 68>-0.035334/ 69> 0.001809/ 70>-0.007265/ 71> 0.000765/ 72>-0.000536/ 73>

 E=6.5375  -0.001099/  2>-0.024671/  5> 0.002281/  6>-0.006898/  7> 0.000707/  8>-0.000753/  9>-0.219185/ 10>
            0.017743/ 11>-0.100474/ 12> 0.011216/ 13>-0.028992/ 14> 0.004226/ 15>-0.004259/ 16>-0.681666/ 17>
            0.019637/ 18>-0.411396/ 19> 0.019936/ 20>-0.186893/ 21> 0.017577/ 22>-0.072710/ 23> 0.015346/ 24>
           -0.021893/ 25>-0.437084/ 26>-0.025827/ 27>-0.235824/ 28>-0.021280/ 29>-0.089203/ 30>-0.012731/ 31>
           -0.024072/ 32>-0.004733/ 33>-0.080256/ 34>-0.007180/ 35>-0.029585/ 36>-0.003334/ 37>-0.005823/ 38>

-0.000660/ 39>-0.005706/ 40>-0.000498/ 41>-0.001098/ 42>

 E=6.5900   0.122665/ 74>-0.109791/ 75> 0.109235/ 76> 0.496992/ 77> 0.045451/ 78>-0.069092/ 79>-0.163018/ 80>
            0.180545/ 81> 0.331930/ 82> 0.054922/ 83>-0.169657/ 84>-0.177356/ 85> 0.552552/ 86>-0.071353/ 87>
            0.405114/ 88>

 E=6.6890  -0.021219/ 46>-0.694992/ 47> 0.097881/ 48>-0.112440/ 49>-0.169019/ 50>-0.422776/ 51> 0.244073/ 52>
           -0.224818/ 53> 0.102701/ 54>-0.066725/ 55>-0.138735/ 56> 0.162194/ 57> 0.117775/ 58>-0.003616/ 59>
            0.196103/ 60>-0.104916/ 61>-0.105999/ 62>-0.064602/ 63> 0.132243/ 64> 0.025504/ 65> 0.103073/ 66>
            0.029928/ 67> 0.080228/ 68> 0.017033/ 69> 0.033664/ 70> 0.006042/ 71> 0.004849/ 72> 0.000603/ 73>


 E=6.7115  -0.019282/ 46>-0.621760/ 47> 0.134529/ 48>-0.106910/ 49> 0.140999/ 50> 0.545567/ 51> 0.099472/ 52>
            0.173132/ 53> 0.014268/ 54> 0.063099/ 55> 0.179085/ 56>-0.145890/ 57>-0.175383/ 58>-0.042650/ 59>
           -0.223967/ 60> 0.076306/ 61> 0.126617/ 62> 0.090121/ 63>-0.154806/ 64>-0.044124/ 65>-0.131446/ 66>
           -0.044429/ 67>-0.094693/ 68>-0.013654/ 69>-0.038413/ 70>-0.005999/ 71>-0.005970/ 72>-0.000586/ 73>


 E=6.8173  -0.001986/  2>-0.039224/  5> 0.005149/  6>-0.011646/  7> 0.001561/  8>-0.001346/  9>-0.267971/ 10>
            0.041451/ 11>-0.135282/ 12> 0.024762/ 13>-0.042887/ 14> 0.008807/ 15>-0.006891/ 16>-0.316292/ 17>
            0.085401/ 18>-0.243152/ 19> 0.066788/ 20>-0.139262/ 21> 0.043668/ 22>-0.068128/ 23> 0.027850/ 24>
           -0.026082/ 25> 0.668194/ 26> 0.105040/ 27> 0.404327/ 28> 0.078859/ 29> 0.172966/ 30> 0.042743/ 31>
            0.053090/ 32> 0.014265/ 33> 0.191155/ 34> 0.026193/ 35> 0.075408/ 36> 0.011827/ 37> 0.015870/ 38>

 0.002268/ 39> 0.016254/ 40> 0.001842/ 41> 0.003276/ 42> 0.000472/ 44>

 E=6.8742   0.000487/ 46> 0.011404/ 47>-0.027085/ 48> 0.004739/ 49>-0.138587/ 50>-0.479449/ 51> 0.035226/ 52>
           -0.203128/ 53> 0.034963/ 54> 0.042457/ 55> 0.173144/ 56>-0.112209/ 57>-0.062247/ 58> 0.024315/ 59>
           -0.154275/ 60> 0.095502/ 61> 0.357547/ 62> 0.274281/ 63>-0.460465/ 64>-0.071514/ 65>-0.382284/ 66>
           -0.109534/ 67>-0.192243/ 68>-0.031033/ 69>-0.089005/ 70>-0.014423/ 71>-0.012249/ 72>-0.001341/ 73>


 E=6.9430  -0.048389/ 74> 0.063054/ 75>-0.064150/ 76>-0.280791/ 77>-0.075057/ 78> 0.128752/ 79> 0.266322/ 80>
           -0.314432/ 81>-0.546660/ 82> 0.063284/ 83>-0.170795/ 84>-0.194345/ 85> 0.560454/ 86>-0.034584/ 87>
            0.183387/ 88>

 E=7.0172   0.008511/  2>-0.000847/  3> 0.000969/  4> 0.149302/  5>-0.020102/  6> 0.044736/  7>-0.006183/  8>
            0.005229/  9> 0.776585/ 10>-0.121478/ 11> 0.389229/ 12>-0.074262/ 13> 0.123982/ 14>-0.026764/ 15>
            0.020202/ 16>-0.199378/ 17>-0.026408/ 18>-0.264837/ 19> 0.002444/ 20>-0.195311/ 21> 0.022690/ 22>
           -0.107445/ 23> 0.029683/ 24>-0.040898/ 25> 0.112593/ 26> 0.011976/ 27> 0.055071/ 28> 0.011299/ 29>
            0.021107/ 30> 0.006757/ 31> 0.006576/ 32> 0.002242/ 33> 0.057585/ 34> 0.007307/ 35> 0.022329/ 36>

 0.003442/ 37> 0.004682/ 38> 0.000677/ 39> 0.005850/ 40> 0.000645/ 41> 0.001179/ 42>

 E=7.1770   0.000630/ 46> 0.020048/ 47>-0.004054/ 48> 0.004677/ 49>-0.018996/ 50> 0.012686/ 51> 0.040000/ 52>
           -0.006745/ 53> 0.013889/ 54>-0.012422/ 55> 0.017228/ 56> 0.039148/ 57>-0.029333/ 58>-0.036007/ 59>
           -0.006230/ 60>-0.031133/ 61>-0.019431/ 62> 0.037921/ 63> 0.067921/ 64>-0.078037/ 65>-0.062684/ 66>
           -0.062776/ 67>-0.083036/ 68> 0.214523/ 69> 0.280174/ 70> 0.095412/ 71>-0.905223/ 72>-0.108236/ 73>


 E=7.2062  -0.002300/ 46>-0.070421/ 47> 0.010575/ 48>-0.016048/ 49> 0.067528/ 50>-0.056781/ 51>-0.145718/ 52>
            0.031215/ 53>-0.053806/ 54> 0.044392/ 55>-0.053903/ 56>-0.126977/ 57> 0.112472/ 58> 0.096566/ 59>
           -0.013408/ 60> 0.117174/ 61> 0.041169/ 62>-0.141832/ 63>-0.140311/ 64> 0.306851/ 65> 0.040464/ 66>
            0.158218/ 67> 0.183200/ 68>-0.770514/ 69>-0.011005/ 70>-0.149309/ 71>-0.299015/ 72>-0.059081/ 73>


 E=7.2304  -0.000716/ 46>-0.024749/ 47>-0.010884/ 48>-0.004137/ 49>-0.061788/ 50>-0.273769/ 51>-0.050833/ 52>
           -0.115548/ 53>-0.001211/ 54> 0.257825/ 55> 0.433050/ 56>-0.354279/ 57>-0.238262/ 58>-0.116998/ 59>
           -0.431410/ 60> 0.167614/ 61>-0.226853/ 62>-0.188508/ 63> 0.282884/ 64>-0.004581/ 65> 0.247891/ 66>
            0.055267/ 67> 0.063678/ 68> 0.048566/ 69> 0.044918/ 70> 0.014531/ 71> 0.012878/ 72> 0.002632/ 73>


 E=7.2916  -0.004862/  5> 0.000597/  6>-0.001590/  7>-0.017515/ 10>-0.010996/ 12>-0.003604/ 14>-0.000526/ 16>
            0.030618/ 17>-0.031286/ 18> 0.009579/ 19>-0.037327/ 20> 0.013783/ 21>-0.029945/ 22> 0.016465/ 23>
           -0.018991/ 24> 0.011390/ 25>-0.089523/ 26> 0.009605/ 27>-0.220559/ 28>-0.030943/ 29>-0.156932/ 30>
           -0.035997/ 31>-0.062840/ 32>-0.016792/ 33> 0.861084/ 34> 0.138552/ 35> 0.348532/ 36> 0.063084/ 37>
            0.075714/ 38> 0.012105/ 39> 0.116554/ 40> 0.014987/ 41> 0.024273/ 42> 0.002546/ 43> 0.004237/ 44>

 0.000321/ 45>

 E=7.3427  -0.007407/ 46>-0.224072/ 47> 0.036265/ 48>-0.055667/ 49> 0.291546/ 50>-0.197251/ 51>-0.604219/ 52>
            0.138347/ 53>-0.230639/ 54> 0.047626/ 55>-0.168384/ 56>-0.205549/ 57> 0.255883/ 58> 0.221282/ 59>
            0.054428/ 60> 0.208087/ 61> 0.031211/ 62>-0.050163/ 63>-0.051765/ 64> 0.058167/ 65> 0.013730/ 66>
            0.035516/ 67>-0.088869/ 68> 0.352621/ 69> 0.029107/ 70> 0.078220/ 71> 0.009613/ 72> 0.011146/ 73>


 E=7.3628  -0.000582/  2>-0.009623/  5>-0.010301/  6>-0.001388/  7>-0.002516/  8>-0.057945/ 10>-0.147446/ 11>
           -0.004039/ 12>-0.073156/ 13> 0.008731/ 14>-0.020395/ 15> 0.003491/ 16>-0.145667/ 17>-0.657852/ 18>
           -0.007961/ 19>-0.499730/ 20> 0.068241/ 21>-0.292369/ 22> 0.085711/ 23>-0.143774/ 24> 0.064703/ 25>
            0.127215/ 26>-0.290588/ 27> 0.075251/ 28>-0.170763/ 29> 0.023012/ 30>-0.065269/ 31>-0.013184/ 33>
           -0.015173/ 34>-0.041276/ 35>-0.009526/ 36>-0.015150/ 37>-0.003142/ 38>-0.002269/ 39>-0.003814/ 40>

-0.002233/ 41>-0.000934/ 42>-0.000320/ 43>

 E=7.5826  -0.005706/  5> 0.006560/  6>-0.005077/  7> 0.002129/  8>-0.000952/  9>-0.046793/ 10> 0.068041/ 11>
           -0.093926/ 12> 0.049303/ 13>-0.050860/ 14> 0.019479/ 15>-0.011231/ 16> 0.291386/ 17> 0.031997/ 18>
           -0.203792/ 19> 0.126583/ 20>-0.329454/ 21> 0.158561/ 22>-0.255621/ 23> 0.138510/ 24>-0.127082/ 25>
            0.176951/ 26>-0.557145/ 27>-0.134596/ 28>-0.389985/ 29>-0.169788/ 30>-0.188423/ 31>-0.090105/ 32>
           -0.052789/ 33>-0.018516/ 34>-0.101176/ 35>-0.034557/ 36>-0.040885/ 37>-0.013549/ 38>-0.006802/ 39>

-0.003932/ 40>-0.005508/ 41>-0.001672/ 42>-0.000823/ 43>

 E=7.6385   0.001692/  1> 0.086600/  2>-0.009875/  3> 0.010208/  4> 0.905128/  5>-0.145154/  6> 0.278751/  7>
           -0.044529/  8> 0.033592/  9>-0.050471/ 10>-0.017658/ 11>-0.218877/ 12> 0.034985/ 13>-0.124544/ 14>
            0.026643/ 15>-0.027057/ 16> 0.009720/ 17>-0.006438/ 18>-0.002924/ 19> 0.004064/ 20> 0.024287/ 21>
           -0.003238/ 22> 0.030616/ 23>-0.011401/ 24> 0.016667/ 25>-0.000795/ 26> 0.005594/ 27>-0.002801/ 28>
            0.006775/ 29> 0.000950/ 30> 0.003988/ 31> 0.001462/ 32> 0.001190/ 33>-0.000479/ 34>-0.000578/ 36>


 E=7.6552  -0.002894/ 46>-0.095905/ 47> 0.016322/ 48>-0.028472/ 49> 0.188029/ 50>-0.145117/ 51>-0.394333/ 52>
            0.074949/ 53>-0.159408/ 54>-0.098067/ 55> 0.112496/ 56> 0.237541/ 57>-0.197451/ 58>-0.150535/ 59>
            0.014081/ 60>-0.200721/ 61>-0.113636/ 62> 0.309272/ 63> 0.260973/ 64>-0.441954/ 65>-0.092400/ 66>
           -0.264167/ 67> 0.073163/ 68>-0.322705/ 69>-0.000776/ 70>-0.077094/ 71> 0.011386/ 72>-0.007929/ 73>


 E=7.7034   0.953766/ 46> 0.033007/ 47> 0.088629/ 48>-0.274346/ 49> 0.004534/ 50> 0.008158/ 51>-0.024280/ 52>
           -0.031849/ 53> 0.061994/ 54> 0.001372/ 55> 0.002171/ 56>-0.006270/ 57>-0.006453/ 58> 0.013291/ 59>
            0.006292/ 60>-0.012142/ 61> 0.000957/ 62> 0.000967/ 63>-0.004152/ 64>-0.002588/ 65> 0.007891/ 66>
            0.001706/ 68> 0.001246/ 69>-0.005802/ 70>-0.000479/ 71>-0.002735/ 72>-0.000512/ 73>

 E=7.7500  -0.125193/ 46> 0.164442/ 47> 0.884595/ 48>-0.052002/ 49> 0.024019/ 50> 0.081014/ 51>-0.108760/ 52>
           -0.341859/ 53> 0.050560/ 54> 0.009102/ 55> 0.021888/ 56>-0.039444/ 57>-0.071078/ 58> 0.072700/ 59>
            0.092306/ 60>-0.026927/ 61> 0.007677/ 62> 0.011769/ 63>-0.034226/ 64>-0.032511/ 65> 0.065385/ 66>
            0.016940/ 67> 0.018133/ 68> 0.012722/ 69>-0.060537/ 70>-0.011025/ 71>-0.026537/ 72>-0.003252/ 73>


 E=7.8093   0.002052/  2> 0.028638/  5>-0.002714/  6> 0.013426/  7>-0.001579/  8> 0.002031/  9> 0.066966/ 10>
            0.026257/ 11> 0.127719/ 12>-0.004015/ 13> 0.065881/ 14>-0.008638/ 15> 0.013459/ 16>-0.392216/ 17>
            0.310014/ 18> 0.266976/ 19> 0.203497/ 20> 0.417635/ 21> 0.053760/ 22> 0.294965/ 23>-0.045715/ 24>
            0.118852/ 25> 0.041538/ 26>-0.444470/ 27> 0.116232/ 28>-0.294577/ 29> 0.055463/ 30>-0.125559/ 31>
            0.004198/ 32>-0.027454/ 33> 0.057497/ 34>-0.076008/ 35> 0.024610/ 36>-0.027382/ 37> 0.004059/ 38>

-0.003809/ 39> 0.007974/ 40>-0.003493/ 41> 0.001562/ 42>-0.000440/ 43>

 E=7.9002  -0.002235/ 46> 0.033345/ 47> 0.164579/ 48>-0.012032/ 49>-0.012011/ 50>-0.017965/ 51> 0.027122/ 52>
            0.041934/ 53>-0.007362/ 54>-0.008040/ 55>-0.046045/ 56> 0.045457/ 57> 0.128570/ 58>-0.101170/ 59>
           -0.135422/ 60> 0.063889/ 61>-0.037999/ 62>-0.075995/ 63> 0.190683/ 64> 0.204617/ 65>-0.390425/ 66>
           -0.086066/ 67>-0.214665/ 68>-0.152842/ 69> 0.723232/ 70> 0.128268/ 71> 0.245002/ 72> 0.030460/ 73>


 E=7.9170   0.001808/  2>-0.003252/  3> 0.000493/  4> 0.005733/  5>-0.094194/  6> 0.017335/  7>-0.025071/  8>
            0.004165/  9>-0.209032/ 10>-0.743649/ 11> 0.061916/ 12>-0.391417/ 13> 0.084126/ 14>-0.116431/ 15>
            0.026487/ 16> 0.012331/ 17>-0.082426/ 18> 0.102852/ 19> 0.180021/ 20>-0.010814/ 21> 0.256434/ 22>
           -0.107630/ 23> 0.193891/ 24>-0.105118/ 25>-0.104436/ 26>-0.053895/ 27> 0.089588/ 28> 0.023221/ 29>
            0.099716/ 30> 0.037708/ 31> 0.047594/ 32> 0.016930/ 33> 0.038275/ 34> 0.001414/ 35> 0.032598/ 36>

 0.005206/ 37> 0.010217/ 38> 0.001649/ 39> 0.007243/ 40> 0.000734/ 41> 0.002022/ 42>

  Q20Q22:  0.00 SEC    QTME:  0.00 SEC

 Q0= 370.817 HBAR/MW0     Q2= -34.839 HBAR/MW0     GAMMA=  7.6 DEG   FOR 79 PARTICLES;  A=197

1
 **********************************************  SINGLE PARTICLE MATRIX ELEMENTS  ***********************************************


   ENY   EMY     A+B     C      D      E    JZ    S0    S+    S-  <R2S> <R4S>  R2DZ  R2D+  R2D-  Q20S  Q22S   Q20   Q22  RHO2    R2


  5.38+ MY=NY  5.585  4.031  37.47  36.40  0.28  0.13  0.62  0.32  7.50 68.96  0.36  1.11 -0.76  8.54 -1.13 15.11 -1.14  7.50 10.39
  5.57+ 5.38+  0.000  0.000   0.00   0.00 -0.00 -0.00  0.00  0.00************ -0.02  0.01  0.00  0.05  0.01  0.07  0.01  0.01  0.02
  5.63+ 5.38+  0.760 -4.421  -2.72 -26.02  0.67  0.24  0.26 -0.43  7.50 69.39  0.64  0.30  0.86  1.05  0.87  1.47  0.77  0.00  0.21
  5.72+ 5.38+  0.000  0.000   0.00  -0.00  0.00  0.00  0.00 -0.00************ -0.00  0.00  0.00  0.00 -0.00  0.01 -0.00  0.00  0.00
  5.75+ 5.38+  0.000 -0.000  -0.00  -0.00  0.00  0.00  0.00 -0.00************  0.00  0.00 -0.00 -0.03 -0.00 -0.04 -0.00 -0.00 -0.01
  5.90+ 5.38+ -1.759  0.027  -4.19 -32.78 -0.29 -0.00 -0.05  0.02  7.50 49.28  0.19 -0.21 -0.05  1.45  1.05  2.01  0.93  0.00  0.30
  6.00+ 5.38+  1.613 -0.747   5.10  -5.72  0.13 -0.39 -0.39  0.18  7.50 70.24 -1.95 -0.26  0.14 -1.04  0.03 -1.40 -0.01  0.00 -0.26
  6.08+ 5.38+  0.000 -0.000   0.00  -0.00 -0.00 -0.00 -0.00  0.00************ -0.01  0.00  0.00  0.01 -0.00  0.02 -0.00  0.00  0.00
  6.17+ 5.38+ -0.000 -0.000  -0.00  -0.00  0.00 -0.00 -0.00  0.00************  0.00 -0.00 -0.00  0.01  0.00  0.01  0.00  0.00  0.00
  6.26+ 5.38+  0.225  0.778   5.93  12.34 -0.10  0.08  0.05 -0.11  7.50 63.83  0.37 -0.06  0.05 -1.46 -0.55 -1.99 -0.51  0.00 -0.33
  6.29+ 5.38+ -0.221 -0.400  -5.97   1.83  0.04 -0.11 -0.08  0.17  7.50 58.21 -0.51  0.06 -0.15  1.22  0.16  1.65  0.17 -0.00  0.29

  5.57+ MY=NY -0.495  0.144   9.11   8.44  0.82 -0.42  0.05  0.18  5.50 41.62  0.94  2.00  0.09 -0.74 -2.35  1.59 -2.32  5.50  5.98
  5.63+ 5.57+  0.000  0.000   0.00   0.00  0.00 -0.00  0.00 -0.00************  0.01 -0.01 -0.00 -0.09 -0.01 -0.13 -0.01 -0.01 -0.04
  5.72+ 5.57+  0.145  0.021   0.42  -1.79 -0.56 -0.09  0.01  0.10  5.50 40.17 -0.06  0.32  0.05  0.23  0.08  0.32  0.07  0.00  0.05
  5.75+ 5.57+  0.219 -0.268   0.33  -0.31  1.58 -0.01 -0.02 -0.42  5.50 41.06  0.08 -0.55 -0.23  0.05  0.02  0.07  0.02  0.00  0.01
  5.90+ 5.57+ -0.000 -0.000   0.00  -0.00  0.00  0.00 -0.00 -0.00************  0.08 -0.01 -0.00 -0.08 -0.02 -0.11 -0.02 -0.00 -0.02
  6.00+ 5.57+ -0.000  0.000  -0.00   0.00  0.00 -0.00  0.00  0.00************ -0.01  0.00 -0.01  0.23  0.07  0.33  0.06  0.04  0.10
  6.08+ 5.57+ -0.041  0.215  -0.82   4.37  0.03  0.01  0.01  0.19  5.50 36.13  0.07  0.15  0.09  0.09 -1.12  0.06 -0.95  0.00  0.09
  6.17+ 5.57+  1.220  1.885  -0.22  -1.17 -0.01  0.06  0.15 -0.14  5.50 41.78  0.33  0.12  0.28 -0.09 -0.06 -0.12 -0.06 -0.00 -0.02
  6.26+ 5.57+ -0.000  0.000   0.00   0.00 -0.00  0.00 -0.00 -0.00************ -0.00  0.01 -0.03 -0.15  0.05 -0.22  0.04 -0.04 -0.08
  6.29+ 5.57+  0.000 -0.000  -0.00   0.00 -0.00  0.00  0.00  0.00************  0.04  0.01 -0.04 -0.05  0.06 -0.07  0.05 -0.01 -0.03

  5.63+ MY=NY -0.450 -3.395  35.48  -6.90 -1.16 -0.20  0.12 -0.05  7.50 70.29  0.00  0.17  0.67  7.88  0.03 14.29 -0.18  7.50 10.17
  5.72+ 5.63+  0.000 -0.000   0.00  -0.00  0.00  0.00  0.00  0.00************  0.00  0.00  0.00 -0.03 -0.00 -0.04 -0.00 -0.00 -0.01
  5.75+ 5.63+  0.000 -0.000   0.00  -0.00  0.00 -0.00  0.00 -0.00************ -0.02 -0.01 -0.00  0.10 -0.00  0.14  0.00  0.01  0.04
  5.90+ 5.63+  5.365  0.429  -2.16  -9.97 -0.07  0.04  0.41  0.02  7.50 69.22  0.34  1.22  0.06  0.59  0.16  0.80  0.15  0.00  0.14
  6.00+ 5.63+  1.893 -0.951   5.01 -18.18 -0.39 -0.13 -0.16 -0.69  7.50 70.22 -0.77 -0.47  0.39 -0.84  1.00 -1.07  0.83  0.00 -0.26
  6.08+ 5.63+  0.000 -0.000  -0.00   0.00 -0.00 -0.00 -0.00 -0.00************ -0.01  0.00 -0.00  0.04 -0.01  0.06 -0.01  0.01  0.02
  6.17+ 5.63+  0.000  0.000   0.00  -0.00  0.00  0.00 -0.00 -0.00************ -0.00  0.00  0.00 -0.00 -0.00 -0.00 -0.00  0.00 -0.00
  6.26+ 5.63+  0.616 -0.953  -2.49 -27.66  0.06 -0.17  0.05  0.01  7.50 69.36 -1.06  0.04 -0.13  1.09  0.84  1.51  0.74 -0.00  0.22
  6.29+ 5.63+ -0.666  1.393  -0.79 -18.97  0.24  0.25 -0.05 -0.02  7.50 65.30  1.26 -0.06  0.11  0.36  0.48  0.51  0.42  0.00  0.06

  5.72+ MY=NY  0.102 -0.003   4.54   1.39  4.05  0.46  0.03  0.03  5.50 36.52 -0.91 -0.06 -0.00 -3.83 -1.51 -2.51 -1.70  5.50  5.17
  5.75+ 5.72+ -0.198 -0.044  -0.92  -0.97  0.90  0.17  0.01 -0.12  5.50 38.95 -0.47  0.30 -0.08 -0.62 -0.38 -0.86 -0.34 -0.00 -0.13
  5.90+ 5.72+  0.000 -0.000   0.00  -0.00  0.00  0.00 -0.00 -0.00************ -0.00 -0.00 -0.00  0.06  0.03  0.09  0.02  0.01  0.02
  6.00+ 5.72+ -0.000  0.000   0.00   0.00  0.00  0.00 -0.00  0.00************ -0.00  0.00 -0.00  0.03  0.01  0.04  0.01  0.00  0.01
  6.08+ 5.72+ -0.060  0.100  -0.09   0.89  0.26  0.00 -0.00  0.11  5.50 39.70  0.06  0.12  0.06  0.03 -0.04  0.03 -0.04  0.00  0.01
  6.17+ 5.72+ -0.230  0.094   0.22  -1.44  0.45  0.01 -0.78 -0.01  5.50 36.91  0.05  0.69  0.58 -0.04  1.28  0.01  1.08 -0.00 -0.08
  6.26+ 5.72+ -0.000 -0.000  -0.00  -0.00 -0.00 -0.00 -0.00  0.00************ -0.00 -0.00  0.01 -0.03  0.02 -0.05  0.01 -0.01 -0.02
  6.29+ 5.72+  0.000  0.000   0.00  -0.00  0.00  0.00  0.00 -0.00************  0.01 -0.00  0.00 -0.01  0.01 -0.01  0.01 -0.00 -0.00

  5.75+ MY=NY  0.372  0.239   9.58  -2.84  0.42 -0.41 -0.04  0.45  5.50 37.87  0.72 -1.83  0.27 -0.95  0.51  1.46  0.10  5.50  5.76
  5.90+ 5.75+  0.000  0.000   0.00  -0.00  0.00  0.00  0.00  0.00************  0.06  0.01  0.00 -0.03  0.01 -0.04  0.01 -0.00 -0.01
  6.00+ 5.75+  0.000 -0.000   0.00  -0.00 -0.00 -0.00 -0.00 -0.00************  0.01 -0.00  0.01 -0.01  0.00 -0.01  0.00 -0.00 -0.00
  6.08+ 5.75+  0.114 -0.394   0.02  -0.81 -1.20 -0.01 -0.02 -0.46  5.50 41.73 -0.08 -0.47 -0.22 -0.03  0.31 -0.02  0.26 -0.00 -0.02
  6.17+ 5.75+ -0.522  0.752  -0.01  -0.33  0.11 -0.02 -0.19 -0.02  5.50 38.09 -0.04  0.05  0.32  0.06  0.35  0.09  0.30 -0.00 -0.01
  6.26+ 5.75+  0.000 -0.000  -0.00  -0.00  0.00 -0.00 -0.00 -0.00************  0.01  0.00 -0.01  0.13 -0.07  0.18 -0.05  0.03  0.07
  6.29+ 5.75+ -0.000 -0.000  -0.00  -0.00  0.00  0.00  0.00  0.00************ -0.05  0.01 -0.01  0.03 -0.05  0.04 -0.04  0.00  0.01

  5.90+ MY=NY  0.033  0.114  35.08   6.11  2.29  0.37  0.13  0.01  7.50 69.70  0.23  0.07 -0.06  5.43 -0.68 10.96 -0.84  7.50  9.60
  6.00+ 5.90+  1.205 -0.007   2.60  -6.62  0.23 -0.00  0.06  0.05  7.50 59.97 -0.66 -0.29 -0.11 -0.68 -0.02 -0.92 -0.03  0.00 -0.17
  6.08+ 5.90+  0.000 -0.000   0.00   0.00  0.00  0.00  0.00  0.00************ -0.02  0.00  0.00 -0.00 -0.01 -0.01 -0.01 -0.00 -0.00
  6.17+ 5.90+  0.000 -0.000   0.00   0.00 -0.00  0.00  0.00 -0.00************ -0.00  0.00  0.00 -0.03 -0.00 -0.05 -0.00 -0.00 -0.01
  6.26+ 5.90+ -0.735 -4.591   2.29  -7.69  0.32  0.02 -0.42 -0.27  7.50 66.71  0.03  0.03  1.15 -0.32  0.68 -0.39  0.57  0.00 -0.12
  6.29+ 5.90+  0.501 -3.345  -2.97   8.00 -0.33  0.00  0.61 -0.20  7.50 68.12  0.08  0.10  0.38  0.48 -0.75  0.60 -0.62 -0.00  0.16

  6.00+ MY=NY -2.787 -1.558  26.21   0.84  0.42 -0.19  0.30 -0.21  7.50 69.53  0.41  2.07 -0.15  8.65  0.13 15.32 -0.07  7.50 10.35
  6.08+ 6.00+ -0.000 -0.000   0.00  -0.00  0.00 -0.00  0.00 -0.00************ -0.02  0.01  0.00  0.15 -0.02  0.22 -0.01  0.02  0.07
  6.17+ 6.00+ -0.000 -0.000   0.00   0.00 -0.00  0.00 -0.00  0.00************ -0.00 -0.00  0.00 -0.02 -0.00 -0.03 -0.00 -0.00 -0.01
  6.26+ 6.00+  1.089  1.662  -1.54 -16.88  0.21 -0.00  0.03 -0.22  7.50 81.25  0.47  0.42  0.82  0.53  0.60  0.75  0.52  0.00  0.10
  6.29+ 6.00+ -1.491 -3.318   2.20  12.17 -0.13  0.02 -0.03  0.20  7.50 72.14 -0.55 -0.43 -0.64 -0.51 -0.57 -0.72 -0.50 -0.00 -0.09

  6.08+ MY=NY -0.610 -0.596   9.01 -11.91  0.25 -0.44  0.05 -0.79  5.50 40.29  0.84  2.26 -0.41 -0.79  3.19  1.84  2.38  5.50  5.65
  6.17+ 6.08+ -0.030 -0.099  -0.18   1.13  0.00  0.03  0.01  0.02  5.50 41.31 -0.02 -0.10 -0.10 -0.08 -0.18 -0.12 -0.16  0.00 -0.01
  6.26+ 6.08+  0.000  0.000  -0.00  -0.00  0.00 -0.00 -0.00 -0.00************ -0.02  0.00  0.00  0.06 -0.04  0.09 -0.03  0.01  0.03
  6.29+ 6.08+ -0.000  0.000  -0.00   0.00  0.00  0.00 -0.00  0.00************  0.02 -0.01 -0.01 -0.03 -0.00 -0.04 -0.00 -0.00 -0.01

  6.17+ MY=NY  0.148 -0.402   3.33   3.39 -1.42  0.47  0.27  0.02  5.50 42.91 -1.26 -0.22 -2.10 -3.86 -3.34 -2.66 -3.25  5.50  5.26
  6.26+ 6.17+ -0.000  0.000  -0.00  -0.00 -0.00 -0.00 -0.00 -0.00************  0.03 -0.00 -0.00  0.06  0.02  0.09  0.02  0.01  0.02
  6.29+ 6.17+  0.000 -0.000  -0.00   0.00  0.00  0.00  0.00  0.00************  0.02 -0.00  0.00 -0.06 -0.02 -0.09 -0.02 -0.01 -0.03

  6.26+ MY=NY  0.395 -0.520  29.67  13.27 -2.28 -0.18  0.00  0.04  7.50 76.93 -0.43  0.10 -0.62  4.17 -1.13  9.24 -1.27  7.50  9.31
  6.29+ 6.26+ -0.352  0.093   3.10  -6.29 -1.28 -0.34 -0.01 -0.01  7.50 70.59  0.47 -0.10  0.93 -1.78  0.08 -2.39  0.02 -0.00 -0.45

  6.29+ MY=NY  0.265  0.427  29.61   5.26 -1.76  0.07  0.03  0.10  7.50 79.20  0.27  0.18 -1.23  4.73 -0.84 10.01 -1.00  7.50  9.44

 DECOUP:  0.00 SEC



   #   ENERGY +/-(#)    <Q20>    <Q22>     <R2>     <JZ>      #   ENERGY +/-(#)    <Q20>    <Q22>     <R2>     <JZ>

   1   1.5000  +(# 1)   0.7409  -0.0844   1.6441   0.5000    41   5.9763  -(#21)  16.1708  -1.7293  11.6360   0.1632
   2   2.0907  -(# 1)   3.6999  -0.1108   3.1951   0.4960    42   6.0016  +(#21)  15.3222  -0.0716  10.3484   0.4185
   3   2.5419  -(# 2)  -0.0951  -0.7304   2.5397  -1.3163    43   6.0772  +(#22)   1.8407   2.3784   5.6547   0.2494
   4   2.6983  +(# 2)   6.7497  -0.1274   4.7623   0.4934    44   6.1242  -(#22)   4.8628  -2.2240   7.5769   1.3177
   5   2.8674  -(# 3)   0.0997   0.4193   2.4856   0.3204    45   6.1683  +(#23)  -2.6615  -3.2505   5.2616  -1.4221
   6   3.1395  +(# 3)   2.8909  -0.7554   4.0957  -1.2972    46   6.1877  -(#23)   0.5999  -1.5251   6.7311   4.2012
   7   3.3576  -(# 4)   9.4549  -0.2079   6.2705   0.4803    47   6.2369  -(#24)  16.1093  -0.0428  11.4921  -1.0292
   8   3.4512  +(# 4)   2.6781   0.1753   3.9831   0.3949    48   6.2578  +(#24)   9.2418  -1.2683   9.3143  -2.2894
   9   3.6166  +(# 5)  -0.5375  -1.2135   3.4956   1.9926    49   6.2861  +(#25)  10.0126  -1.0016   9.4363  -1.7688
  10   3.7227  -(# 5)   5.9671  -0.6540   5.6584  -1.3149    50   6.2884  +(#26)  -2.5605  -1.0742   5.1093   0.1792
  11   3.9040  +(# 6)  -0.7346  -0.3799   3.3936   0.4064    51   6.3005  -(#25)   4.9051   0.0336   7.4074  -0.0513
  12   4.0508  -(# 6)   5.9491   0.0708   5.5982   0.4957    52   6.4626  -(#26)  13.4209  -0.5153  11.0305   2.3002
  13   4.0613  +(# 7)  11.8297  -0.3713   7.7239   0.4526    53   6.5319  +(#27)  11.8526   1.2836   9.5982  -0.1281
  14   4.1704  -(# 7)   2.6145  -0.9228   5.0576   2.0757    54   6.5375  +(#28)  17.2169  -2.3231  12.8767   0.0789
  15   4.1904  +(# 8)  -0.6743   1.1195   3.2870  -0.9900    55   6.5900  +(#29)  -2.4304   0.6946   4.9945  -0.3144
  16   4.3583  +(# 9)   8.9755  -0.6127   7.2134  -1.2679    56   6.6482  -(#27)   5.1800   2.2430   7.2848   0.2090
  17   4.4943  -(# 8)   2.2705  -0.9684   4.9973  -0.1466    57   6.6777  -(#28)   0.5263  -2.7068   6.8103  -2.5472
  18   4.6550  -(# 9)  -1.6236  -1.5439   4.3201  -2.9918    58   6.6890  +(#30)   5.6860  -1.8230   8.6981   3.0674
  19   4.6646  +(#10)   9.2811   0.1594   7.2094   0.4693    59   6.6895  -(#29)  17.6207  -0.5974  11.8161   0.3715
  20   4.7209  -(#10)  13.5121  -0.7258   9.0639   0.3777    60   6.7084  -(#30)  -3.2705  -1.8433   6.0380  -5.1172
  21   4.7478  +(#11)   5.5114  -0.9703   6.5988   2.0965    61   6.7115  +(#31)   6.0760  -1.6564   8.7574   2.7094
  22   4.7601  -(#11)   2.4306   1.3120   4.8479  -0.7857    62   6.7832  -(#31)   9.9963  -0.9252  10.4273  -3.3311
  23   4.9805  -(#12)  11.7321  -0.3636   8.7052  -1.2446    63   6.8077  -(#32)   0.8454  -1.3379   6.7619   0.9643
  24   5.0232  -(#13)  -1.7397  -2.0203   4.3359  -0.3304    64   6.8173  +(#32)  17.2958  -0.2544  12.7289  -0.8056
  25   5.0533  +(#12)   5.5918  -1.0721   6.6217  -0.5329    65   6.8742  +(#33)   8.1114  -0.0714   9.0105  -0.2523
  26   5.2034  +(#13)   1.3637  -1.4363   5.8658  -3.2017    66   6.9222  -(#33)  15.1903  -1.0829  11.4033  -0.7591
  27   5.2405  -(#14)  -1.6308   0.0006   4.1974   0.8308    67   6.9430  +(#34)  -2.2499   3.3581   4.8188  -0.2285
  28   5.2929  -(#15)   9.1364  -0.8305   8.2603   1.8967    68   7.0172  +(#35)  15.8160  -0.0934  12.4417   2.1396
  29   5.3090  +(#14)   5.7148   1.4773   6.4442  -0.2815    69   7.1202  -(#34)   1.0058   0.4562   6.6508  -0.3212
  30   5.3393  -(#16)  11.6030   0.0166   8.6514   0.7849    70   7.1693  -(#35)  14.1955   0.8992  11.0631   0.0877
  31   5.3780  +(#15)  15.1145  -1.1430  10.3940   0.2840    71   7.1707  -(#36)   6.8229  -1.1159   9.8535   4.1442
  32   5.5252  -(#17)  -1.4661   2.4023   4.0393   0.6868    72   7.1770  +(#36)   0.0727  -1.8199   7.6564  -5.0987
  33   5.5682  +(#16)   1.5893  -2.3224   5.9773   0.8236    73   7.2062  +(#37)   3.6550  -2.2992   8.3587  -2.9043
  34   5.6273  +(#17)  14.2917  -0.1770  10.1654  -1.1676    74   7.2304  +(#38)   8.4248   2.1338   8.8954   0.1956
  35   5.6502  -(#18)   8.6583  -1.1941   8.2002  -0.7966    75   7.2771  -(#37)  -3.4896  -2.6826   6.0633   3.9101
  36   5.7170  +(#18)  -2.5114  -1.6992   5.1675   4.0598    76   7.2916  +(#39)  12.5052  -0.6575  11.8717  -3.3392
  37   5.7182  -(#19)   4.5421  -1.1917   7.4363  -3.1688    77   7.3047  -(#38)  11.5178  -1.7424  10.7738   1.6926
  38   5.7503  +(#19)   1.4642   0.0997   5.7638   0.4187    78   7.3427  +(#40)   4.2183  -1.4505   8.3966   1.2641
  39   5.8986  +(#20)  10.9642  -0.8428   9.6004   2.2923    79   7.3628  +(#41)  18.8195  -1.3394  13.0968   0.2738
  40   5.9107  -(#20)   8.8677   1.3979   8.0354  -0.1817    80   7.4042  -(#39)  -3.4559  -2.5420   6.0585  -2.5289



     PARITY: +     DIMENSION:  95     MATRIX:   0.0 SEC     DIAGONALISATION:   0.0 SEC
     PARITY: -     DIMENSION:  70     MATRIX:   0.0 SEC     DIAGONALISATION:   0.0 SEC
      TOTAL TIME:   0.0 SEC
