


         KAPPAP      MYP     KAPPAN      MYN
    0    0.1200    0.0000    0.1200    0.0000
    1    0.1200    0.0000    0.1200    0.0000
    2    0.1050    0.0000    0.1050    0.0000
    3    0.0900    0.3000    0.0900    0.2500
    4    0.0650    0.5700    0.0700    0.3900
    5    0.0600    0.6500    0.0620    0.4300
    6    0.0540    0.6900    0.0620    0.3400
    7    0.0540    0.6900    0.0620    0.2600
    8    0.0540    0.6900    0.0620    0.2600


     KAPPA    MY     EPS   GAMMA    EPS4     EPS6     W0/W00   NMAX  COUPL     OMROT      EFAC      QFAC
      SEE TABLE     1.000   49.6   0.000    0.000    1.11063     8     0     0.00000   7.30939   5.67763


                     **** PROTONS ****                     **** STRETCHED COORDINATES ****
    SYMMETRY R1= 1


   BASIS FUNCTIONS /N,L,J,OMEGA>,   PARITY -


   1 / 7 7 15/2 13/2>    15 / 7 5 11/2  1/2>    29 / 7 7 13/2 -7/2>    43 / 5 5 11/2  1/2>    57 / 5 5 11/2-11/2>
   2 / 7 7 13/2 13/2>    16 / 7 5  9/2  1/2>    30 / 7 5 11/2 -7/2>    44 / 5 5  9/2  1/2>    58 / 3 3  7/2  5/2>
   3 / 7 7 15/2  9/2>    17 / 7 3  7/2  1/2>    31 / 7 5  9/2 -7/2>    45 / 5 3  7/2  1/2>    59 / 3 3  5/2  5/2>
   4 / 7 7 13/2  9/2>    18 / 7 3  5/2  1/2>    32 / 7 3  7/2 -7/2>    46 / 5 3  5/2  1/2>    60 / 3 3  7/2  1/2>
   5 / 7 5 11/2  9/2>    19 / 7 1  3/2  1/2>    33 / 7 7 15/2-11/2>    47 / 5 1  3/2  1/2>    61 / 3 3  5/2  1/2>
   6 / 7 5  9/2  9/2>    20 / 7 1  1/2  1/2>    34 / 7 7 13/2-11/2>    48 / 5 1  1/2  1/2>    62 / 3 1  3/2  1/2>
   7 / 7 7 15/2  5/2>    21 / 7 7 15/2 -3/2>    35 / 7 5 11/2-11/2>    49 / 5 5 11/2 -3/2>    63 / 3 1  1/2  1/2>
   8 / 7 7 13/2  5/2>    22 / 7 7 13/2 -3/2>    36 / 7 7 15/2-15/2>    50 / 5 5  9/2 -3/2>    64 / 3 3  7/2 -3/2>
   9 / 7 5 11/2  5/2>    23 / 7 5 11/2 -3/2>    37 / 5 5 11/2  9/2>    51 / 5 3  7/2 -3/2>    65 / 3 3  5/2 -3/2>
  10 / 7 5  9/2  5/2>    24 / 7 5  9/2 -3/2>    38 / 5 5  9/2  9/2>    52 / 5 3  5/2 -3/2>    66 / 3 1  3/2 -3/2>
  11 / 7 3  7/2  5/2>    25 / 7 3  7/2 -3/2>    39 / 5 5 11/2  5/2>    53 / 5 1  3/2 -3/2>    67 / 3 3  7/2 -7/2>
  12 / 7 3  5/2  5/2>    26 / 7 3  5/2 -3/2>    40 / 5 5  9/2  5/2>    54 / 5 5 11/2 -7/2>    68 / 1 1  3/2  1/2>
  13 / 7 7 15/2  1/2>    27 / 7 1  3/2 -3/2>    41 / 5 3  7/2  5/2>    55 / 5 5  9/2 -7/2>    69 / 1 1  1/2  1/2>
  14 / 7 7 13/2  1/2>    28 / 7 7 15/2 -7/2>    42 / 5 3  5/2  5/2>    56 / 5 3  7/2 -7/2>    70 / 1 1  3/2 -3/2>


    SINGLE PARTICLE (PARITY-) WAVE FUNCTIONS IN THE ENERGY INTERVAL 6.0<E<8.0

 E=6.1713  -0.032610/  1> 0.000460/  2>-0.219272/  3>-0.011065/  4>-0.034592/  5>-0.001105/  6>-0.458560/  7>
           -0.143647/  8>-0.120568/  9>-0.050965/ 10>-0.013401/ 11>-0.008051/ 12>-0.142697/ 13>-0.410203/ 14>
           -0.036711/ 15>-0.240564/ 16> 0.033308/ 17>-0.117726/ 18> 0.044609/ 19>-0.047110/ 20> 0.377293/ 21>
           -0.288523/ 22> 0.041747/ 23>-0.141158/ 24>-0.020344/ 25>-0.044945/ 26>-0.011076/ 27> 0.403375/ 28>
           -0.051495/ 29> 0.068718/ 30>-0.013193/ 31> 0.003973/ 32> 0.118118/ 33> 0.000405/ 34> 0.009680/ 35>

 0.008828/ 36>

 E=6.2121   0.010204/  1>-0.006513/  2> 0.045374/  3>-0.082803/  4> 0.014008/  5>-0.006935/  6>-0.022108/  7>
           -0.234780/  8>-0.008575/  9> 0.002710/ 10>-0.022081/ 11> 0.012038/ 12>-0.152099/ 13>-0.131218/ 14>
           -0.125556/ 15> 0.332516/ 16>-0.263488/ 17> 0.330944/ 18>-0.240002/ 19> 0.186935/ 20> 0.209105/ 21>
           -0.200341/ 22> 0.473640/ 23> 0.139993/ 24> 0.236480/ 25> 0.103141/ 26> 0.062661/ 27>-0.223562/ 28>
           -0.158646/ 29> 0.051564/ 30>-0.005512/ 31> 0.015489/ 32>-0.135833/ 33>-0.033937/ 34>-0.007338/ 35>

-0.013269/ 36>

 E=6.3332  -0.008869/ 37>-0.421743/ 38>-0.003970/ 39>-0.035930/ 40> 0.112542/ 41> 0.515862/ 42>-0.025514/ 43>
           -0.005511/ 44> 0.074985/ 45> 0.100704/ 46>-0.181832/ 47>-0.311085/ 48>-0.001318/ 49>-0.019004/ 50>
            0.050962/ 51>-0.025033/ 52>-0.033565/ 53>-0.007936/ 54> 0.053160/ 55>-0.345226/ 56> 0.518558/ 57>


 E=6.3620   0.140092/ 37> 0.031269/ 38> 0.368949/ 39> 0.206103/ 40> 0.175334/ 41>-0.001746/ 42>-0.425133/ 43>
            0.292691/ 44> 0.237848/ 45> 0.055016/ 46> 0.275545/ 47>-0.073235/ 48> 0.091385/ 49>-0.457976/ 50>
            0.178989/ 51>-0.160926/ 52> 0.036788/ 53> 0.264720/ 54>-0.107496/ 55> 0.059638/ 56> 0.013662/ 57>


 E=6.4183  -0.116296/  1> 0.012069/  2>-0.387293/  3> 0.086789/  4> 0.024909/  5>-0.000818/  6> 0.071031/  7>
            0.085150/  8> 0.543277/  9>-0.118568/ 10> 0.165190/ 11>-0.037718/ 12>-0.056962/ 13> 0.056398/ 14>
            0.078767/ 15>-0.195949/ 16>-0.378956/ 17> 0.008505/ 18>-0.338540/ 19> 0.125178/ 20>-0.022827/ 21>
            0.053682/ 22> 0.091540/ 23>-0.248923/ 24>-0.132085/ 25>-0.149042/ 26>-0.071308/ 27> 0.010509/ 28>
            0.153372/ 29> 0.094449/ 30> 0.008419/ 31> 0.009288/ 32>-0.026850/ 33> 0.031560/ 34> 0.006495/ 35>

-0.004548/ 36>

 E=6.5594  -0.032724/ 37>-0.072666/ 38>-0.029862/ 39>-0.544119/ 40> 0.115210/ 41>-0.145252/ 42>-0.114104/ 43>
            0.328280/ 44>-0.059415/ 45>-0.056192/ 46> 0.206922/ 47>-0.181475/ 48> 0.342476/ 49>-0.010055/ 50>
           -0.259396/ 51>-0.236648/ 52>-0.161088/ 53>-0.412998/ 54>-0.067466/ 55>-0.113059/ 56>-0.067556/ 57>


 E=6.5821  -0.101374/ 58>-0.402240/ 59> 0.133977/ 60> 0.251857/ 61>-0.302884/ 62>-0.528193/ 63>-0.167440/ 64>
           -0.173140/ 65> 0.508486/ 66> 0.243407/ 67>

 E=6.5876  -0.042614/  1> 0.010644/  2>-0.224424/  3> 0.136025/  4>-0.057447/  5> 0.019183/  6>-0.210138/  7>
            0.412621/  8>-0.171007/  9> 0.151264/ 10>-0.057302/ 11> 0.026898/ 12> 0.335946/ 13> 0.188314/ 14>
           -0.039207/ 15> 0.130038/ 16>-0.082351/ 17> 0.080465/ 18>-0.056773/ 19> 0.040489/ 20> 0.054025/ 21>
           -0.443535/ 22>-0.165590/ 23>-0.210442/ 24>-0.103811/ 25>-0.070418/ 26>-0.030106/ 27>-0.253368/ 28>
           -0.290182/ 29>-0.126160/ 30>-0.073614/ 31>-0.021577/ 32>-0.096637/ 33>-0.047953/ 34>-0.014498/ 35>

-0.007754/ 36>

 E=6.7452  -0.008105/  1> 0.014097/  2>-0.083528/  3> 0.105615/  4>-0.047386/  5>-0.001110/  6> 0.009434/  7>
           -0.038535/  8> 0.032993/  9>-0.239006/ 10> 0.114280/ 11>-0.064939/ 12> 0.019448/ 13> 0.039627/ 14>
           -0.028415/ 15>-0.041651/ 16> 0.178367/ 17> 0.291926/ 18>-0.089063/ 19> 0.235550/ 20>-0.013559/ 21>
            0.009282/ 22>-0.146728/ 23>-0.137748/ 24> 0.389840/ 25> 0.092261/ 26> 0.178985/ 27> 0.042846/ 28>
            0.051337/ 29>-0.512223/ 30>-0.102789/ 31>-0.085664/ 32> 0.436340/ 33> 0.067028/ 34>-0.007249/ 35>

 0.066108/ 36>

 E=6.7801  -0.049555/  1>-0.011694/  2>-0.184383/  3>-0.146787/  4> 0.013542/  5>-0.011757/  6>-0.090250/  7>
           -0.319443/  8> 0.163482/  9> 0.029541/ 10> 0.030012/ 11> 0.017497/ 12> 0.111416/ 13> 0.033650/ 14>
            0.259005/ 15> 0.485367/ 16> 0.060351/ 17> 0.278906/ 18>-0.008909/ 19> 0.076027/ 20>-0.217792/ 21>
           -0.106803/ 22>-0.308201/ 23> 0.150198/ 24>-0.255212/ 25> 0.023965/ 26>-0.073400/ 27> 0.341369/ 28>
           -0.095606/ 29> 0.121870/ 30> 0.021340/ 31> 0.012748/ 32> 0.098222/ 33>-0.022450/ 34> 0.015857/ 35>

 0.004172/ 36>

 E=6.7898   0.522759/ 37>-0.044190/ 38>-0.193449/ 39> 0.000622/ 40> 0.186431/ 41>-0.108165/ 42>-0.006462/ 43>
            0.087574/ 44> 0.203098/ 45>-0.262986/ 46>-0.339587/ 47> 0.101474/ 48> 0.009832/ 49> 0.098078/ 50>
           -0.080166/ 51> 0.088121/ 52>-0.058002/ 53> 0.073759/ 54>-0.598656/ 55>-0.072045/ 56> 0.029354/ 57>


 E=7.0207   0.141870/  1>-0.015388/  2> 0.401464/  3>-0.102450/  4> 0.022613/  5>-0.010158/  6>-0.182080/  7>
           -0.081901/  8>-0.271004/  9> 0.003538/ 10>-0.100106/ 11> 0.015143/ 12> 0.060644/ 13> 0.077298/ 14>
            0.226024/ 15> 0.028913/ 16>-0.024768/ 17> 0.189939/ 18>-0.168827/ 19> 0.166300/ 20>-0.089198/ 21>
           -0.035906/ 22> 0.095640/ 23>-0.491008/ 24>-0.099490/ 25>-0.271246/ 26>-0.080937/ 27> 0.009252/ 28>
            0.398644/ 29> 0.089831/ 30> 0.031430/ 31> 0.010454/ 32> 0.026884/ 33> 0.103859/ 34> 0.012966/ 35>

 0.002986/ 36>

 E=7.1064   0.045415/ 37> 0.574047/ 38> 0.012025/ 39>-0.021766/ 40>-0.087068/ 41>-0.252420/ 42>-0.006055/ 43>
           -0.020346/ 44> 0.028828/ 45> 0.118608/ 46>-0.090211/ 47>-0.230156/ 48>-0.007767/ 49>-0.033435/ 50>
            0.128056/ 51> 0.117640/ 52>-0.430337/ 53>-0.085828/ 54> 0.023544/ 55> 0.061614/ 56> 0.540102/ 57>


 E=7.1299   0.403345/  1>-0.043801/  2>-0.028951/  3>-0.029067/  4>-0.522705/  5> 0.075750/  6> 0.021444/  7>
           -0.014293/  8>-0.062071/  9> 0.090010/ 10> 0.477158/ 11>-0.096942/ 12> 0.003781/ 13>-0.012719/ 14>
           -0.050678/ 15> 0.074194/ 16> 0.172086/ 17>-0.189247/ 18>-0.277950/ 19> 0.085975/ 20> 0.001413/ 21>
           -0.012503/ 22>-0.041366/ 23> 0.106050/ 24> 0.091190/ 25>-0.239700/ 26>-0.084786/ 27> 0.018277/ 28>
           -0.036835/ 29> 0.017339/ 30> 0.195902/ 31> 0.059150/ 32>-0.053794/ 33>-0.114663/ 34>-0.027296/ 35>

 0.000457/ 36>

 E=7.3018   0.040731/  1>-0.048715/  2> 0.089746/  3>-0.319643/  4> 0.058228/  5>-0.003403/  6> 0.078411/  7>
            0.126290/  8> 0.199891/  9> 0.499820/ 10>-0.031128/ 11> 0.121422/ 12>-0.174601/ 13> 0.041191/ 14>
            0.137481/ 15> 0.140275/ 16>-0.125842/ 17>-0.266075/ 18>-0.020109/ 19>-0.180116/ 20>-0.010000/ 21>
           -0.165531/ 22> 0.181641/ 23>-0.040344/ 24> 0.047538/ 25>-0.093047/ 26>-0.021170/ 27> 0.043187/ 28>
           -0.047247/ 29>-0.243757/ 30>-0.027036/ 31>-0.051621/ 32> 0.465391/ 33> 0.040279/ 34> 0.017748/ 35>

 0.074773/ 36>

 E=7.3101  -0.039890/  1>-0.028206/  2>-0.251311/  3>-0.249188/  4>-0.039687/  5>-0.011831/  6>-0.236815/  7>
           -0.326720/  8>-0.140650/  9> 0.124270/ 10>-0.078068/ 11> 0.046308/ 12> 0.345732/ 13>-0.171917/ 14>
           -0.122327/ 15>-0.010930/ 16>-0.232345/ 17>-0.120907/ 18>-0.093271/ 19>-0.057837/ 20> 0.068281/ 21>
            0.339070/ 22>-0.143273/ 23> 0.123869/ 24>-0.092102/ 25>-0.019292/ 26>-0.032124/ 27>-0.358880/ 28>
            0.226862/ 29>-0.255100/ 30> 0.032949/ 31>-0.041642/ 32> 0.052390/ 33> 0.052361/ 34>-0.010176/ 35>

 0.020056/ 36>

 E=7.5534  -0.107422/ 37>-0.049401/ 38>-0.074662/ 39>-0.347118/ 40>-0.127313/ 41>-0.098348/ 42> 0.240351/ 43>
            0.369020/ 44>-0.273832/ 45>-0.299536/ 46>-0.073084/ 47>-0.234884/ 48>-0.316151/ 49>-0.182518/ 50>
            0.400456/ 51>-0.008113/ 52> 0.199913/ 53> 0.248795/ 54>-0.084617/ 55> 0.098625/ 56> 0.049650/ 57>


 E=7.5649  -0.069141/  1> 0.089295/  2> 0.011037/  3> 0.018131/  4> 0.045354/  5>-0.157170/  6>-0.000380/  7>
            0.003378/  8>-0.016121/  9>-0.049078/ 10> 0.028444/ 11> 0.215129/ 12> 0.001476/ 13> 0.004009/ 14>
           -0.013968/ 15>-0.022080/ 16> 0.068301/ 17> 0.097595/ 18>-0.148737/ 19>-0.235737/ 20> 0.002107/ 21>
            0.001278/ 22>-0.024726/ 23>-0.019219/ 24> 0.115538/ 25> 0.069641/ 26>-0.374343/ 27> 0.008682/ 28>
            0.003207/ 29>-0.044177/ 30>-0.012044/ 31> 0.481869/ 32>-0.010894/ 33>-0.008250/ 34>-0.510837/ 35>

 0.403536/ 36>

 E=7.6118  -0.024117/  1> 0.019965/  2>-0.116634/  3> 0.213873/  4>-0.076754/  5> 0.036552/  6> 0.049258/  7>
            0.362487/  8>-0.200160/  9> 0.219314/ 10>-0.111096/ 11> 0.054970/ 12> 0.201882/ 13>-0.406868/ 14>
            0.032411/ 15>-0.023088/ 16>-0.135409/ 17> 0.108475/ 18>-0.145425/ 19> 0.093370/ 20>-0.361779/ 21>
            0.013180/ 22> 0.123914/ 23> 0.239603/ 24> 0.145402/ 25> 0.152373/ 26> 0.059591/ 27> 0.197958/ 28>
            0.239198/ 29> 0.189552/ 30> 0.096677/ 31> 0.041530/ 32> 0.163003/ 33> 0.066475/ 34> 0.027326/ 35>

 0.019339/ 36>

 E=7.6610   0.438527/  1>-0.033964/  2>-0.047409/  3>-0.040786/  4>-0.333761/  5> 0.011833/  6>-0.000719/  8>
            0.053329/  9> 0.008370/ 10> 0.054581/ 11> 0.048808/ 12>-0.007987/ 13> 0.011960/ 14> 0.037870/ 15>
           -0.056821/ 16>-0.136942/ 17> 0.129001/ 18> 0.145950/ 19>-0.133490/ 20> 0.001253/ 21> 0.024015/ 22>
            0.050335/ 23>-0.107554/ 24>-0.178776/ 25> 0.416331/ 26> 0.023222/ 27>-0.020399/ 28> 0.007335/ 29>
            0.078975/ 30>-0.495213/ 31>-0.013931/ 32>-0.008833/ 33> 0.356912/ 34>-0.025316/ 35> 0.051745/ 36>


 E=7.7483  -0.349349/ 37> 0.014331/ 38> 0.247167/ 39>-0.064922/ 40>-0.485078/ 41> 0.132432/ 42>-0.101179/ 43>
           -0.061709/ 44> 0.146684/ 45>-0.005282/ 46>-0.031301/ 47> 0.144908/ 48>-0.019444/ 49> 0.278790/ 50>
            0.108886/ 51>-0.397995/ 52>-0.147537/ 53> 0.064113/ 54>-0.475645/ 55>-0.025464/ 56> 0.030238/ 57>


 E=7.7710   0.131307/  1>-0.001945/  2> 0.393060/  3> 0.016696/  4> 0.115347/  5>-0.013453/  6>-0.301322/  7>
            0.068613/  8> 0.033888/  9>-0.128731/ 10>-0.000692/ 11>-0.032817/ 12> 0.101275/ 13>-0.007119/ 14>
            0.248253/ 15>-0.268086/ 16>-0.247249/ 17>-0.052825/ 18>-0.311601/ 19> 0.115671/ 20>-0.069427/ 21>
            0.193761/ 22>-0.057163/ 23> 0.231651/ 24>-0.099210/ 25> 0.087735/ 26>-0.022659/ 27> 0.070075/ 28>
           -0.466190/ 29>-0.075203/ 30>-0.082543/ 31>-0.023773/ 32> 0.099893/ 33>-0.138585/ 34>-0.002018/ 35>

 0.013298/ 36>

  Q20Q22:  0.00 SEC    QTME:  0.00 SEC



    SYMMETRY R1= 1


   BASIS FUNCTIONS /N,L,J,OMEGA>,   PARITY +


   1 / 8 8 17/2 17/2>    20 / 8 6 11/2  1/2>    39 / 8 4  7/2 -7/2>    58 / 6 4  7/2  1/2>    77 / 4 2  5/2  5/2>
   2 / 8 8 17/2 13/2>    21 / 8 4  9/2  1/2>    40 / 8 8 17/2-11/2>    59 / 6 2  5/2  1/2>    78 / 4 4  9/2  1/2>
   3 / 8 8 15/2 13/2>    22 / 8 4  7/2  1/2>    41 / 8 8 15/2-11/2>    60 / 6 2  3/2  1/2>    79 / 4 4  7/2  1/2>
   4 / 8 6 13/2 13/2>    23 / 8 2  5/2  1/2>    42 / 8 6 13/2-11/2>    61 / 6 0  1/2  1/2>    80 / 4 2  5/2  1/2>
   5 / 8 8 17/2  9/2>    24 / 8 2  3/2  1/2>    43 / 8 6 11/2-11/2>    62 / 6 6 13/2 -3/2>    81 / 4 2  3/2  1/2>
   6 / 8 8 15/2  9/2>    25 / 8 0  1/2  1/2>    44 / 8 8 17/2-15/2>    63 / 6 6 11/2 -3/2>    82 / 4 0  1/2  1/2>
   7 / 8 6 13/2  9/2>    26 / 8 8 17/2 -3/2>    45 / 8 8 15/2-15/2>    64 / 6 4  9/2 -3/2>    83 / 4 4  9/2 -3/2>
   8 / 8 6 11/2  9/2>    27 / 8 8 15/2 -3/2>    46 / 6 6 13/2 13/2>    65 / 6 4  7/2 -3/2>    84 / 4 4  7/2 -3/2>
   9 / 8 4  9/2  9/2>    28 / 8 6 13/2 -3/2>    47 / 6 6 13/2  9/2>    66 / 6 2  5/2 -3/2>    85 / 4 2  5/2 -3/2>
  10 / 8 8 17/2  5/2>    29 / 8 6 11/2 -3/2>    48 / 6 6 11/2  9/2>    67 / 6 2  3/2 -3/2>    86 / 4 2  3/2 -3/2>
  11 / 8 8 15/2  5/2>    30 / 8 4  9/2 -3/2>    49 / 6 4  9/2  9/2>    68 / 6 6 13/2 -7/2>    87 / 4 4  9/2 -7/2>
  12 / 8 6 13/2  5/2>    31 / 8 4  7/2 -3/2>    50 / 6 6 13/2  5/2>    69 / 6 6 11/2 -7/2>    88 / 4 4  7/2 -7/2>
  13 / 8 6 11/2  5/2>    32 / 8 2  5/2 -3/2>    51 / 6 6 11/2  5/2>    70 / 6 4  9/2 -7/2>    89 / 2 2  5/2  5/2>
  14 / 8 4  9/2  5/2>    33 / 8 2  3/2 -3/2>    52 / 6 4  9/2  5/2>    71 / 6 4  7/2 -7/2>    90 / 2 2  5/2  1/2>
  15 / 8 4  7/2  5/2>    34 / 8 8 17/2 -7/2>    53 / 6 4  7/2  5/2>    72 / 6 6 13/2-11/2>    91 / 2 2  3/2  1/2>
  16 / 8 2  5/2  5/2>    35 / 8 8 15/2 -7/2>    54 / 6 2  5/2  5/2>    73 / 6 6 11/2-11/2>    92 / 2 0  1/2  1/2>
  17 / 8 8 17/2  1/2>    36 / 8 6 13/2 -7/2>    55 / 6 6 13/2  1/2>    74 / 4 4  9/2  9/2>    93 / 2 2  5/2 -3/2>
  18 / 8 8 15/2  1/2>    37 / 8 6 11/2 -7/2>    56 / 6 6 11/2  1/2>    75 / 4 4  9/2  5/2>    94 / 2 2  3/2 -3/2>
  19 / 8 6 13/2  1/2>    38 / 8 4  9/2 -7/2>    57 / 6 4  9/2  1/2>    76 / 4 4  7/2  5/2>    95 / 0 0  1/2  1/2>


    SINGLE PARTICLE (PARITY+) WAVE FUNCTIONS IN THE ENERGY INTERVAL 6.0<E<8.0

 E=6.0661  -0.017108/ 46>-0.180933/ 47> 0.070691/ 48>-0.029126/ 49>-0.303287/ 50> 0.328679/ 51>-0.169528/ 52>
            0.118430/ 53>-0.039715/ 54> 0.349414/ 55> 0.212012/ 56> 0.040969/ 57> 0.222198/ 58>-0.061092/ 59>
            0.146378/ 60>-0.068262/ 61>-0.011239/ 62>-0.506639/ 63>-0.212256/ 64>-0.249081/ 65>-0.124224/ 66>
           -0.069462/ 67>-0.162748/ 68>-0.220008/ 69>-0.081959/ 70>-0.040280/ 71>-0.033854/ 72>-0.018032/ 73>


 E=6.0673  -0.039678/ 74>-0.085649/ 75>-0.605485/ 76> 0.079020/ 77>-0.040859/ 78> 0.243799/ 79>-0.061973/ 80>
           -0.157680/ 81> 0.182296/ 82> 0.278080/ 83> 0.045155/ 84>-0.371088/ 85>-0.190942/ 86>-0.489931/ 87>
           -0.040318/ 88>

 E=6.1164   0.002386/  1> 0.040532/  2>-0.008826/  3> 0.003465/  4> 0.200452/  5>-0.077852/  6> 0.042397/  7>
           -0.013468/  8> 0.003851/  9> 0.374105/ 10>-0.277585/ 11> 0.121667/ 12>-0.082130/ 13> 0.027913/ 14>
           -0.015137/ 15> 0.003828/ 16> 0.126647/ 17>-0.472115/ 18> 0.050810/ 19>-0.171193/ 20> 0.017711/ 21>
           -0.048860/ 22> 0.007041/ 23>-0.012616/ 24> 0.003551/ 25>-0.318704/ 26>-0.395732/ 27>-0.117102/ 28>
           -0.134083/ 29>-0.034197/ 30>-0.033091/ 31>-0.008709/ 32>-0.005354/ 33>-0.312457/ 34>-0.162109/ 35>

-0.084532/ 36>-0.038729/ 37>-0.013559/ 38>-0.004199/ 39>-0.102072/ 40>-0.030036/ 41>-0.015220/ 42>
           -0.003031/ 43>-0.012156/ 44>-0.001725/ 45>

 E=6.2180   0.004043/ 46> 0.096435/ 47>-0.047671/ 48> 0.026936/ 49> 0.058291/ 50> 0.268165/ 51>-0.079969/ 52>
            0.266894/ 53>-0.091021/ 54>-0.032014/ 55>-0.020018/ 56>-0.130689/ 57>-0.159464/ 58>-0.205246/ 59>
           -0.415449/ 60> 0.136647/ 61> 0.117253/ 62>-0.014449/ 63> 0.283454/ 64> 0.081872/ 65>-0.247498/ 66>
           -0.081858/ 67>-0.324596/ 68>-0.078789/ 69> 0.335069/ 70> 0.057009/ 71>-0.388646/ 72>-0.045091/ 73>


 E=6.2260  -0.015249/ 46>-0.059794/ 47>-0.176243/ 48> 0.030858/ 49>-0.090235/ 50>-0.355338/ 51> 0.121124/ 52>
            0.117016/ 53>-0.030073/ 54> 0.027777/ 55>-0.025703/ 56> 0.251580/ 57> 0.417457/ 58>-0.062422/ 59>
            0.019484/ 60> 0.041554/ 61>-0.157941/ 62>-0.039021/ 63>-0.138439/ 64> 0.163209/ 65>-0.408583/ 66>
           -0.070279/ 67> 0.334864/ 68>-0.020802/ 69> 0.406438/ 70> 0.070212/ 71>-0.166657/ 72>-0.029875/ 73>


 E=6.3361   0.548114/ 74>-0.115624/ 75>-0.008305/ 76> 0.233192/ 77>-0.021122/ 78> 0.072144/ 79> 0.158019/ 80>
           -0.222238/ 81>-0.393881/ 82> 0.016165/ 83> 0.046691/ 84>-0.076201/ 85> 0.059757/ 86> 0.065011/ 87>
           -0.616893/ 88>

 E=6.3890  -0.005108/  1>-0.071984/  2> 0.003702/  3>-0.003469/  4>-0.263653/  5> 0.012683/  6>-0.006458/  7>
            0.002448/  9>-0.261352/ 10>-0.000614/ 11> 0.181133/ 12>-0.018243/ 13> 0.079571/ 14>-0.009548/ 15>
            0.012343/ 16> 0.083280/ 17>-0.007496/ 18> 0.599584/ 19>-0.019505/ 20> 0.311714/ 21>-0.019991/ 22>
            0.111377/ 23>-0.018331/ 24> 0.029612/ 25>-0.081754/ 26> 0.016234/ 27> 0.404113/ 28> 0.029290/ 29>
            0.192752/ 30> 0.020581/ 31> 0.050680/ 32> 0.008171/ 33>-0.316427/ 34>-0.007574/ 35> 0.042800/ 36>

 0.006075/ 37> 0.020284/ 38> 0.002052/ 39>-0.156438/ 40>-0.007859/ 41>-0.009233/ 42>-0.000364/ 43>
           -0.023532/ 44>-0.000926/ 45>

 E=6.4829  -0.081202/ 46>-0.495134/ 47> 0.087370/ 48>-0.034655/ 49> 0.116917/ 50> 0.092072/ 51> 0.304536/ 52>
            0.000837/ 53> 0.076704/ 54>-0.011563/ 55>-0.048514/ 56>-0.170154/ 57> 0.032638/ 58> 0.054619/ 59>
           -0.151373/ 60> 0.142029/ 61> 0.061575/ 62>-0.032736/ 63>-0.155242/ 64> 0.491806/ 65> 0.077221/ 66>
            0.197337/ 67> 0.020118/ 68>-0.457843/ 69>-0.093819/ 70>-0.047957/ 71> 0.008393/ 72>-0.055934/ 73>


 E=6.5898  -0.003157/  1>-0.050905/  2>-0.003505/  3>-0.003752/  4>-0.237712/  5>-0.048381/  6>-0.041611/  7>
           -0.007316/  8>-0.002832/  9>-0.418844/ 10>-0.229281/ 11>-0.106248/ 12>-0.066709/ 13>-0.015526/ 14>
           -0.011496/ 15>-0.000679/ 16>-0.135925/ 17>-0.446477/ 18>-0.039658/ 19>-0.171219/ 20>-0.005284/ 21>
           -0.052440/ 22> 0.002751/ 23>-0.014567/ 24> 0.003535/ 25> 0.347197/ 26>-0.356943/ 27> 0.093289/ 28>
           -0.124327/ 29> 0.014282/ 30>-0.030968/ 31>-0.000396/ 32>-0.004723/ 33> 0.360998/ 34>-0.118114/ 35>

 0.077712/ 36>-0.026393/ 37> 0.008617/ 38>-0.002468/ 39> 0.125630/ 40>-0.015212/ 41> 0.015755/ 42>
           -0.001237/ 43> 0.015865/ 44>-0.000486/ 45>

 E=6.6369  -0.381808/ 46>-0.001217/ 47> 0.027391/ 48> 0.504171/ 49>-0.010399/ 50> 0.010967/ 51> 0.065711/ 52>
           -0.078312/ 53>-0.486528/ 54>-0.003785/ 55> 0.009446/ 56> 0.035915/ 57>-0.060681/ 58>-0.145613/ 59>
            0.179420/ 60> 0.345939/ 61>-0.002416/ 62> 0.011299/ 63> 0.027474/ 64>-0.087857/ 65>-0.080896/ 66>
            0.300670/ 67>-0.007935/ 68> 0.030688/ 69>-0.005825/ 70>-0.224463/ 71> 0.035937/ 72> 0.124429/ 73>


 E=6.8041   0.009293/ 46>-0.012676/ 47>-0.412560/ 48> 0.036636/ 49>-0.013594/ 50>-0.034824/ 51> 0.133510/ 52>
            0.513754/ 53>-0.063244/ 54>-0.028708/ 55>-0.016674/ 56> 0.089497/ 57> 0.129026/ 58>-0.200271/ 59>
           -0.295850/ 60> 0.028516/ 61> 0.000605/ 62>-0.021418/ 63> 0.076536/ 64>-0.018443/ 65> 0.000503/ 66>
           -0.070240/ 67>-0.040239/ 68> 0.060857/ 69>-0.348333/ 70>-0.023182/ 71> 0.495317/ 72> 0.052011/ 73>


 E=6.8213   0.006276/  1> 0.076376/  2>-0.021096/  3> 0.005011/  4> 0.203331/  5>-0.119043/  6> 0.010896/  7>
           -0.006716/  8>-0.002526/  9> 0.016737/ 10>-0.184378/ 11>-0.156833/ 12> 0.077065/ 13>-0.091295/ 14>
            0.043909/ 15>-0.020365/ 16>-0.131660/ 17>-0.041581/ 18>-0.180273/ 19> 0.372389/ 20>-0.202762/ 21>
            0.285294/ 22>-0.156055/ 23> 0.153557/ 24>-0.087779/ 25> 0.188024/ 26>-0.117362/ 27> 0.416510/ 28>
            0.224665/ 29> 0.221244/ 30> 0.142328/ 31> 0.079014/ 32> 0.039566/ 33>-0.225857/ 34>-0.172831/ 35>

 0.097324/ 36> 0.014065/ 37> 0.038754/ 38> 0.008265/ 39>-0.214802/ 40>-0.062096/ 41>-0.012916/ 42>
           -0.003290/ 43>-0.041052/ 44>-0.005356/ 45>

 E=6.8554   0.022095/ 46> 0.215916/ 47> 0.061523/ 48> 0.030486/ 49> 0.318733/ 50> 0.290729/ 51> 0.203197/ 52>
            0.038466/ 53> 0.042230/ 54>-0.415803/ 55> 0.224559/ 56> 0.182412/ 57> 0.074448/ 58> 0.219309/ 59>
           -0.015411/ 60> 0.092023/ 61> 0.002146/ 62>-0.411492/ 63> 0.206141/ 64>-0.152476/ 65> 0.083938/ 66>
           -0.017546/ 67> 0.335241/ 68>-0.162516/ 69> 0.111089/ 70>-0.018675/ 71> 0.067137/ 72>-0.012344/ 73>


 E=7.0028   0.016663/  1> 0.169531/  2>-0.017579/  3> 0.003951/  4> 0.307369/  5>-0.051826/  6>-0.088430/  7>
            0.010456/  8>-0.016291/  9>-0.142749/ 10>-0.009747/ 11>-0.523585/ 12> 0.100768/ 13>-0.141974/ 14>
            0.034536/ 15>-0.015549/ 16> 0.120307/ 17>-0.023052/ 18> 0.025480/ 19> 0.089157/ 20> 0.446331/ 21>
           -0.044905/ 22> 0.386270/ 23>-0.122919/ 24> 0.174708/ 25>-0.015179/ 26>-0.030922/ 27>-0.158863/ 28>
            0.142313/ 29> 0.113924/ 30> 0.095831/ 31> 0.084709/ 32> 0.032699/ 33>-0.000481/ 34>-0.099620/ 35>

-0.154627/ 36>-0.005268/ 37>-0.023712/ 38> 0.001531/ 39> 0.078723/ 40>-0.028464/ 41>-0.015829/ 42>
           -0.002653/ 43> 0.022282/ 44>-0.001508/ 45>

 E=7.0658   0.006372/  1> 0.083744/  2>-0.028094/  3> 0.008552/  4> 0.267059/  5>-0.191621/  6> 0.078258/  7>
           -0.036571/  8> 0.009154/  9> 0.138240/ 10>-0.424193/ 11> 0.148329/ 12>-0.146958/ 13> 0.058901/ 14>
           -0.032962/ 15> 0.010854/ 16>-0.315235/ 17>-0.159862/ 18> 0.102019/ 19>-0.076715/ 20> 0.120254/ 21>
           -0.042641/ 22> 0.068411/ 23>-0.028449/ 24> 0.027602/ 25>-0.104973/ 26> 0.386536/ 27> 0.147131/ 28>
            0.174703/ 29> 0.098265/ 30> 0.060102/ 31> 0.034833/ 32> 0.014081/ 33> 0.266202/ 34> 0.323800/ 35>

 0.138838/ 36> 0.092516/ 37> 0.033141/ 38> 0.011903/ 39> 0.157737/ 40> 0.081802/ 41> 0.032286/ 42>
            0.009270/ 43> 0.025111/ 44> 0.005597/ 45>

 E=7.0711  -0.048341/ 74>-0.111170/ 75>-0.364045/ 76>-0.037728/ 77> 0.207571/ 78> 0.326214/ 79>-0.329850/ 80>
           -0.423963/ 81> 0.068273/ 82>-0.261030/ 83>-0.199983/ 84> 0.475734/ 85> 0.079403/ 86> 0.259664/ 87>
           -0.021465/ 88>

 E=7.0843   0.000931/ 46>-0.017357/ 47> 0.137264/ 48>-0.022907/ 49> 0.004964/ 50> 0.459602/ 51>-0.159059/ 52>
            0.200946/ 53>-0.066351/ 54> 0.175868/ 55>-0.383630/ 56> 0.064479/ 57>-0.017594/ 58>-0.184679/ 59>
            0.158120/ 60>-0.173221/ 61>-0.368642/ 62> 0.039461/ 63> 0.157578/ 64> 0.257435/ 65> 0.165232/ 66>
            0.118862/ 67> 0.313090/ 68> 0.132693/ 69> 0.158554/ 70> 0.045447/ 71> 0.118713/ 72> 0.019774/ 73>


 E=7.1866   0.466132/ 46>-0.012881/ 47>-0.041874/ 48>-0.368967/ 49>-0.003348/ 50>-0.002773/ 51> 0.022071/ 52>
            0.028101/ 53> 0.072152/ 54>-0.003816/ 55> 0.006299/ 56> 0.028753/ 57>-0.031593/ 58>-0.105077/ 59>
            0.081859/ 60> 0.196481/ 61>-0.002412/ 62> 0.014017/ 63> 0.038456/ 64>-0.086093/ 65>-0.153240/ 66>
            0.410592/ 67>-0.012511/ 68> 0.020177/ 69> 0.072472/ 70>-0.490750/ 71>-0.008524/ 72> 0.363389/ 73>


 E=7.2704   0.072267/ 46> 0.479880/ 47>-0.043505/ 48> 0.093460/ 49>-0.256263/ 50> 0.020790/ 51> 0.109960/ 52>
           -0.127927/ 53> 0.033785/ 54> 0.028781/ 55> 0.071045/ 56> 0.231760/ 57>-0.267331/ 58>-0.274163/ 59>
            0.008137/ 60>-0.243784/ 61>-0.013353/ 62> 0.147245/ 63>-0.072861/ 64> 0.140823/ 65>-0.087595/ 66>
            0.024592/ 67> 0.076401/ 68>-0.554424/ 69>-0.084472/ 70>-0.087070/ 71> 0.055009/ 72>-0.078766/ 73>


 E=7.2936  -0.003518/  1>-0.049022/  2> 0.018976/  3>-0.006406/  4>-0.131443/  5> 0.053660/  6>-0.031204/  7>
           -0.013318/  8> 0.003051/  9> 0.036725/ 10>-0.072295/ 11> 0.100379/ 12>-0.171013/ 13> 0.124423/ 14>
           -0.055285/ 15> 0.028900/ 16> 0.010714/ 17> 0.042903/ 18>-0.034273/ 19> 0.068172/ 20> 0.104018/ 21>
            0.290763/ 22>-0.087097/ 23> 0.272617/ 24>-0.145253/ 25>-0.005796/ 26>-0.019390/ 27>-0.094565/ 28>
           -0.063793/ 29> 0.358041/ 30> 0.102500/ 31> 0.224160/ 32> 0.070299/ 33>-0.016502/ 34>-0.006579/ 35>

-0.509441/ 36>-0.106187/ 37>-0.108278/ 38>-0.019361/ 39> 0.437941/ 40> 0.059072/ 41>-0.035727/ 42>
           -0.004258/ 43> 0.131297/ 44> 0.010269/ 45>

 E=7.2978   0.367529/ 74>-0.161123/ 75> 0.068502/ 76> 0.546388/ 77> 0.049747/ 78> 0.020485/ 79>-0.107210/ 80>
            0.119986/ 82> 0.029121/ 83>-0.178615/ 84>-0.104621/ 85> 0.460198/ 86>-0.074728/ 87> 0.495863/ 88>


 E=7.3304  -0.008854/  1>-0.094026/  2>-0.028194/  3>-0.002064/  4>-0.216947/  5>-0.174676/  6> 0.024623/  7>
           -0.009824/  8> 0.004131/  9>-0.033653/ 10>-0.237327/ 11> 0.179649/ 12> 0.122416/ 13> 0.026327/ 14>
            0.053146/ 15>-0.003655/ 16> 0.122999/ 17> 0.034488/ 18> 0.209292/ 19> 0.490104/ 20> 0.047180/ 21>
            0.233026/ 22> 0.036726/ 23> 0.041707/ 24> 0.022680/ 25>-0.210085/ 26>-0.108940/ 27>-0.299524/ 28>
            0.260756/ 29>-0.283660/ 30> 0.084490/ 31>-0.115356/ 32>-0.003139/ 33> 0.253921/ 34>-0.191609/ 35>

 0.116850/ 36> 0.035460/ 37> 0.012686/ 38> 0.009417/ 39> 0.079423/ 40>-0.071401/ 41> 0.029183/ 42>
           -0.001167/ 43>-0.001410/ 44>-0.006467/ 45>

 E=7.5562   0.018264/ 46> 0.051283/ 47> 0.555950/ 48>-0.061977/ 49> 0.017114/ 50>-0.058408/ 51>-0.098306/ 52>
           -0.266297/ 53> 0.003988/ 54>-0.014222/ 55>-0.021173/ 56> 0.038666/ 57> 0.165210/ 58>-0.109434/ 59>
           -0.173270/ 60> 0.111911/ 61> 0.003282/ 62>-0.053659/ 63> 0.177980/ 64> 0.145772/ 65>-0.380540/ 66>
           -0.129098/ 67>-0.149751/ 68> 0.025706/ 69> 0.023364/ 70> 0.057685/ 71> 0.519169/ 72> 0.045436/ 73>


 E=7.5964   0.020118/  1> 0.188132/  2>-0.038455/  3> 0.012140/  4> 0.279545/  5>-0.140931/  6> 0.001976/  7>
           -0.012094/  8>-0.005866/  9>-0.214941/ 10>-0.056520/ 11>-0.190911/ 12> 0.066503/ 13>-0.107740/ 14>
            0.046736/ 15>-0.026651/ 16> 0.103148/ 17> 0.102731/ 18> 0.279608/ 19> 0.115045/ 20>-0.041281/ 21>
            0.221244/ 22>-0.182416/ 23> 0.206776/ 24>-0.143597/ 25>-0.116411/ 26>-0.111440/ 27> 0.051217/ 28>
           -0.465187/ 29>-0.141960/ 30>-0.281286/ 31>-0.118272/ 32>-0.082827/ 33> 0.015727/ 34> 0.307057/ 35>

 0.053039/ 36>-0.023928/ 37>-0.008444/ 38>-0.014676/ 39> 0.107210/ 40> 0.151629/ 41> 0.030012/ 42>
            0.010565/ 43> 0.026328/ 44> 0.013901/ 45>

 E=7.6389  -0.070493/  1>-0.416747/  2> 0.056939/  3> 0.022965/  4> 0.080505/  5> 0.025101/  6> 0.538333/  7>
           -0.091692/  8> 0.059692/  9>-0.038776/ 10> 0.015520/ 11> 0.019686/ 12>-0.081202/ 13>-0.468676/ 14>
            0.099226/ 15>-0.141643/ 16> 0.011834/ 18> 0.056711/ 19>-0.068221/ 20>-0.152259/ 21> 0.157897/ 22>
            0.216080/ 23>-0.019136/ 24> 0.185919/ 25> 0.002677/ 26> 0.009251/ 27> 0.047652/ 28>-0.093204/ 29>
           -0.081323/ 30> 0.177820/ 31> 0.073299/ 32> 0.097312/ 33>-0.029474/ 34> 0.028046/ 35>-0.026971/ 36>

-0.161221/ 37>-0.070628/ 38>-0.029591/ 39> 0.058996/ 40> 0.098125/ 41> 0.030986/ 42>-0.002900/ 43>
            0.007393/ 44> 0.012796/ 45>

 E=7.7325   0.006286/  1> 0.083629/  2> 0.015909/  3> 0.008183/  4> 0.281685/  5> 0.142143/  6> 0.084061/  7>
            0.023744/  8> 0.008339/  9> 0.188995/ 10> 0.378733/ 11> 0.212137/ 12> 0.119870/ 13> 0.068822/ 14>
            0.018162/ 15> 0.009262/ 16>-0.362900/ 17> 0.142016/ 18> 0.155344/ 19> 0.052081/ 20> 0.124167/ 21>
           -0.011456/ 22> 0.059676/ 23>-0.024970/ 24> 0.024651/ 25>-0.100751/ 26>-0.347176/ 27> 0.198122/ 28>
           -0.096195/ 29> 0.107956/ 30>-0.014010/ 31> 0.030848/ 32> 0.001613/ 33> 0.314740/ 34>-0.288009/ 35>

 0.139179/ 36>-0.058965/ 37> 0.026700/ 38>-0.004450/ 39> 0.196344/ 40>-0.065605/ 41> 0.032406/ 42>
           -0.005422/ 43> 0.033648/ 44>-0.003727/ 45>

 E=7.8319  -0.004325/  1>-0.020178/  2> 0.101024/  3>-0.006874/  4> 0.043801/  5> 0.356181/  6>-0.033164/  7>
           -0.017661/  8> 0.002025/  9> 0.014212/ 10>-0.014804/ 11>-0.119451/ 12>-0.490671/ 13> 0.057094/ 14>
           -0.164611/ 15> 0.030127/ 16> 0.021969/ 17> 0.052574/ 18>-0.031165/ 19>-0.081855/ 20> 0.216870/ 21>
            0.322736/ 22> 0.089645/ 23> 0.295620/ 24>-0.071245/ 25>-0.059109/ 26>-0.005227/ 27>-0.140983/ 28>
           -0.067926/ 29>-0.013471/ 30> 0.082524/ 31> 0.035695/ 32> 0.043496/ 33> 0.171185/ 34>-0.020556/ 35>

 0.294342/ 36>-0.006577/ 37> 0.081201/ 38> 0.007254/ 39>-0.359557/ 40>-0.044571/ 41> 0.006893/ 42>
           -0.003471/ 43>-0.131052/ 44>-0.008535/ 45>

 E=7.9031   0.522566/ 46>-0.067162/ 47>-0.026259/ 48>-0.066734/ 49>-0.002142/ 50> 0.018441/ 51> 0.095632/ 52>
           -0.058176/ 53>-0.353603/ 54>-0.005361/ 55> 0.009155/ 56> 0.030897/ 57>-0.068428/ 58>-0.136923/ 59>
            0.185770/ 60> 0.323722/ 61> 0.000663/ 62> 0.006286/ 63>-0.048681/ 65> 0.009714/ 66> 0.065011/ 67>
            0.007267/ 68> 0.013832/ 69>-0.079863/ 70> 0.355916/ 71> 0.033417/ 72>-0.523844/ 73>

  Q20Q22:  0.00 SEC    QTME:  0.00 SEC

 Q0= 423.103 HBAR/MW0     Q2=-174.776 HBAR/MW0     GAMMA= 30.3 DEG   FOR 79 PARTICLES;  A=197

1
 **********************************************  SINGLE PARTICLE MATRIX ELEMENTS  ***********************************************


   ENY   EMY     A+B     C      D      E    JZ    S0    S+    S-  <R2S> <R4S>  R2DZ  R2D+  R2D-  Q20S  Q22S   Q20   Q22  RHO2    R2


  4.96+ MY=NY  0.744  0.738  13.69  -8.02  0.18  0.13 -0.52 -0.35  5.50 36.35 -0.71  0.74  0.18  2.88  0.38  7.39 -0.77  5.50  7.38
  5.15+ 4.96+  0.000  0.000   0.00   0.00  0.00  0.00 -0.00  0.00************ -0.05 -0.01 -0.02  0.02  0.00  0.03  0.00  0.00  0.01
  5.19+ 4.96+  1.454  1.935   0.95   1.16  0.10  0.20 -0.22  0.21  5.50 38.86  0.33 -0.39 -0.43  0.02  0.06  0.04  0.06  0.00 -0.01
  5.32+ 4.96+ -0.000  0.000   0.00  -0.00  0.00  0.00 -0.00  0.00************  0.01  0.01 -0.01 -0.09  0.01 -0.14  0.00 -0.01 -0.04
  5.46+ 4.96+  0.000  0.000  -0.00  -0.00 -0.00 -0.00  0.00 -0.00  5.79****** -0.00  0.00  0.00  0.00  0.00  0.00  0.00  0.00  0.00
  5.50+ 4.96+  0.066 -0.002  -0.95  -7.55  0.00 -0.04  0.03 -0.05  5.50 30.88  0.01  0.04  0.09  1.01  0.44  1.62  0.56  0.00  0.15
  5.59+ 4.96+ -0.000  0.000   0.00  -0.00 -0.00 -0.00 -0.00 -0.00************ -0.19 -0.02  0.02  0.08 -0.02  0.12 -0.01  0.02  0.05
  5.73+ 4.96+ -0.000  0.000  -0.00  -0.00 -0.00 -0.00 -0.00 -0.00************ -0.13  0.01 -0.01 -0.80 -0.22 -1.31 -0.29 -0.11 -0.30
  5.86+ 4.96+ -0.000  0.000  -0.00   0.00 -0.00 -0.00 -0.00 -0.00************  0.01 -0.07 -0.09 -0.09  0.07 -0.13  0.06 -0.03 -0.08
  5.87+ 4.96+ -0.919  0.955  -1.87   3.99 -1.12 -0.05 -0.26 -0.10  5.50 39.41 -0.43 -0.33  1.00  0.31 -0.28  0.38 -0.22 -0.00  0.16
  6.07+ 4.96+ -0.000  0.000   0.00  -0.00 -0.00 -0.00  0.00  0.00************  0.08 -0.19  0.06  3.81  0.49  6.34  0.71  0.99  2.10

  5.15+ MY=NY -4.845 -5.062  33.14  37.70 -0.07  0.00  0.42  0.40  7.50 66.39  0.25  0.58 -0.24  6.40 -2.04 13.05 -3.13  7.50 11.44
  5.19+ 5.15+ -0.000 -0.000   0.00   0.00 -0.00 -0.00  0.00 -0.00************ -0.02 -0.01 -0.01 -0.01 -0.00 -0.02 -0.00 -0.00 -0.01
  5.32+ 5.15+ -1.558 -0.060   1.76   6.27  0.36 -0.05 -0.10  0.08  7.50 90.36 -1.63 -1.13 -1.02 -0.97 -0.39 -1.56 -0.51 -0.00 -0.15
  5.46+ 5.15+ -0.000 -0.000   0.00  -0.00  0.00  0.00  0.00  0.00************  0.12 -0.04 -0.03 -0.05 -0.02 -0.08 -0.02 -0.00 -0.01
  5.50+ 5.15+ -0.000 -0.000  -0.00  -0.00  0.00  0.00 -0.00  0.00************  0.00  0.00  0.00 -0.00 -0.00 -0.01 -0.00 -0.00 -0.00
  5.59+ 5.15+  0.804  0.869  -4.89 -18.84  0.10  0.02  0.04  0.01  7.50112.06 -0.18 -0.03 -0.27  3.10  1.26  4.97  1.62  0.00  0.49
  5.73+ 5.15+  0.170 -0.083   4.05  -9.40 -0.10 -0.01 -0.28 -0.29  7.50 65.19 -0.08 -1.22  1.12 -0.41  0.55 -0.45  0.46  0.00 -0.26
  5.86+ 5.15+  0.349  0.270  -1.88  -9.14 -0.01  0.00 -0.00 -0.01  7.50 63.01  0.09  0.05  0.07  1.37  0.59  2.21  0.75 -0.00  0.21
  5.87+ 5.15+  0.000  0.000  -0.00  -0.00  0.00  0.00 -0.00 -0.00************ -0.02 -0.01 -0.01 -0.02  0.00 -0.03 -0.00 -0.00 -0.01
  6.07+ 5.15+  2.232 -2.240   0.77  -1.39 -1.31 -0.16  0.11 -0.12  7.50 64.17 -1.20 -0.42 -0.39 -0.07  0.01 -0.10  0.00 -0.00 -0.02

  5.19+ MY=NY  0.231 -0.180   9.81  -0.07 -0.38 -0.38 -0.10 -0.76  5.50 37.06  0.84 -0.05 -0.65 -0.50 -1.02  1.97 -2.57  5.50  6.85
  5.32+ 5.19+ -0.000 -0.000   0.00   0.00  0.00 -0.00 -0.00  0.00************ -0.02  0.00  0.00 -0.02  0.00 -0.04 -0.00 -0.01 -0.01
  5.46+ 5.19+ -0.000 -0.000  -0.00   0.00  0.00  0.00 -0.00  0.00  5.29******  0.00 -0.00 -0.00 -0.00 -0.00 -0.00 -0.00  0.00  0.00
  5.50+ 5.19+ -1.531 -1.182  -0.46   0.93  0.06  0.16 -0.17  0.17  5.50 38.67  0.22 -0.36 -0.34 -0.27 -0.17 -0.45 -0.20 -0.00 -0.03
  5.59+ 5.19+  0.000  0.000  -0.00  -0.00  0.00  0.00  0.00 -0.00************  0.03  0.01 -0.02 -0.07  0.01 -0.11 -0.00 -0.01 -0.03
  5.73+ 5.19+  0.000 -0.000   0.00  -0.00 -0.00 -0.00 -0.00 -0.00************ -0.04 -0.01 -0.00  0.40  0.12  0.65  0.16  0.05  0.13
  5.86+ 5.19+  0.000 -0.000  -0.00  -0.00  0.00  0.00 -0.00 -0.00************ -0.18  0.03  0.00 -0.02  0.01 -0.03  0.01 -0.02 -0.03
  5.87+ 5.19+  0.566 -0.593  -0.04  -0.01  0.30  0.02 -0.06 -0.09  5.50 36.85  0.32 -0.35  0.12 -0.02 -0.16 -0.08 -0.15 -0.00  0.04
  6.07+ 5.19+ -0.000  0.000   0.00  -0.00 -0.00 -0.00  0.00  0.00************ -0.01 -0.00  0.05  1.02  0.21  1.68  0.29  0.19  0.45

  5.32+ MY=NY  3.758  3.094  23.76  17.10  0.42  0.18  0.65  0.30  7.50 74.06  0.16  0.76 -1.06  7.00 -1.85 13.99 -2.86  7.50 11.55
  5.46+ 5.32+ -0.000  0.000   0.00   0.00 -0.00 -0.00 -0.00  0.00************  0.01  0.00 -0.01  0.52  0.18  0.85  0.23  0.04  0.14
  5.50+ 5.32+  0.000  0.000   0.00   0.00 -0.00 -0.00 -0.00  0.00************ -0.00  0.00  0.00 -0.00 -0.00 -0.00 -0.00  0.00  0.00
  5.59+ 5.32+  0.601  2.815   2.84  13.72 -0.76 -0.40 -0.39  0.42  7.50 74.72 -1.16 -0.17 -0.37 -2.46 -1.05 -3.96 -1.34 -0.00 -0.38
  5.73+ 5.32+ -1.107  1.216   0.20   1.45  0.83  0.05 -0.11  0.05  7.50 64.22  0.70  0.29  0.50 -0.19 -0.02 -0.29 -0.04 -0.00 -0.05
  5.86+ 5.32+ -1.087 -0.050  -4.27 -18.44 -0.35 -0.15 -0.16  0.16  7.50 66.78 -0.26 -0.03  0.01  3.13  1.32  5.03  1.68 -0.00  0.48
  5.87+ 5.32+ -0.000 -0.000  -0.00  -0.00 -0.00 -0.00 -0.00  0.00************  0.01 -0.00 -0.00  0.08 -0.01  0.12 -0.00  0.01  0.04
  6.07+ 5.32+ -0.543  0.495  -4.52   8.98 -0.54  0.04  0.19  0.08  7.50 76.28  0.35  0.24 -0.66  0.48 -0.34  0.62 -0.25  0.00  0.22

  5.46+ MY=NY  8.319  8.319  75.25 127.82  0.00  0.00  0.50  0.50  9.50100.89  0.00  1.41 -1.41  6.51 -3.87 13.78 -5.40  9.50 14.42
  5.50+ 5.46+ -0.000 -0.000  -0.00  -0.00  0.00  0.00 -0.00 -0.00  5.63****** -0.00  0.00  0.00 -0.00 -0.00 -0.00 -0.00  0.00  0.00
  5.59+ 5.46+  0.000 -0.000   0.00   0.00 -0.00 -0.00  0.00  0.00************ -0.02  0.01  0.00  0.12  0.04  0.19  0.05  0.01  0.03
  5.73+ 5.46+  0.000  0.000  -0.00  -0.00  0.00 -0.00  0.00  0.00************ -0.05  0.02  0.02  0.01  0.00  0.01  0.00  0.00  0.00
  5.86+ 5.46+ -0.000 -0.000   0.00   0.00 -0.00 -0.00 -0.00  0.00************ -0.01  0.00  0.00 -0.06 -0.02 -0.10 -0.03 -0.00 -0.01
  5.87+ 5.46+  0.000 -0.000   0.00   0.00  0.00  0.00  0.00  0.00  4.88******  0.00 -0.00 -0.00  0.00  0.00  0.00  0.00  0.00  0.00
  6.07+ 5.46+  0.000 -0.000   0.00  -0.00  0.00  0.00 -0.00 -0.00************  0.00 -0.00 -0.00  0.04  0.01  0.06  0.02  0.00  0.01

  5.50+ MY=NY -0.170  0.245   3.42   0.58  0.46  0.46 -0.81 -0.03  5.50 38.20 -1.19  0.76  0.12 -3.73 -2.31 -3.21 -4.24  5.50  6.33
  5.59+ 5.50+ -0.000 -0.000   0.00   0.00 -0.00  0.00  0.00  0.00************ -0.02 -0.00 -0.00  0.01 -0.00  0.01 -0.00  0.00  0.01
  5.73+ 5.50+  0.000  0.000  -0.00  -0.00  0.00  0.00 -0.00  0.00************  0.01  0.00  0.00  0.08  0.03  0.13  0.03  0.01  0.02
  5.86+ 5.50+ -0.000 -0.000  -0.00   0.00  0.00 -0.00  0.00  0.00************ -0.01  0.01 -0.01 -0.04  0.01 -0.06  0.00 -0.00 -0.02
  5.87+ 5.50+  0.076 -0.043  -0.12   0.53  0.07  0.00  0.02  0.01  5.50 27.66  0.05 -0.01 -0.07  0.05  0.05  0.09  0.06  0.00 -0.00
  6.07+ 5.50+ -0.000  0.000   0.00  -0.00 -0.00 -0.00 -0.00 -0.00************ -0.01  0.01 -0.00 -0.30 -0.08 -0.48 -0.11 -0.04 -0.10

  5.59+ MY=NY -0.562 -1.553  18.85   4.94 -0.80 -0.11  0.37  0.49  7.50 73.41  1.45  1.80  0.58  6.27 -2.01 12.87 -3.11  7.50 11.40
  5.73+ 5.59+  0.130  0.428   0.14  -4.43  0.14  0.01  0.07  0.07  7.50 59.94  0.26  0.32  0.01  0.02 -0.13 -0.01 -0.12  0.00  0.04
  5.86+ 5.59+ -3.315 -1.508   1.67   4.15 -0.26 -0.21 -0.26  0.21  7.50 78.06 -1.13 -0.71 -0.37 -0.47 -0.16 -0.75 -0.22 -0.00 -0.08
  5.87+ 5.59+ -0.000 -0.000   0.00   0.00 -0.00 -0.00 -0.00  0.00************ -0.04 -0.01 -0.01 -0.04  0.02 -0.07  0.02 -0.01 -0.03
  6.07+ 5.59+  1.135 -1.157   1.29  -2.26  0.47 -0.05 -0.10  0.00  7.50 83.04 -0.77 -0.01  0.38 -0.13  0.07 -0.17  0.04  0.00 -0.05

  5.73+ MY=NY -5.100 -5.111  37.79  32.49  0.00 -0.02 -0.38 -0.42  7.50 64.96  0.00  0.19 -0.14  4.43 -0.86 10.45 -2.28  7.50 10.58
  5.86+ 5.73+ -0.175 -0.264   1.36  -1.66 -0.12 -0.02 -0.03  0.00  7.50 85.24 -0.09 -0.02 -0.06  0.06  0.07  0.11  0.08 -0.00 -0.00
  5.87+ 5.73+ -0.000 -0.000   0.00  -0.00 -0.00 -0.00 -0.00  0.00************ -0.04 -0.01 -0.01 -0.00  0.00 -0.01  0.00  0.00 -0.00
  6.07+ 5.73+  0.840 -0.076  -0.55  -7.05 -0.28 -0.43  0.44 -0.44  7.50 65.56 -0.38  0.48  0.51  0.89  0.40  1.44  0.50 -0.00  0.13

  5.86+ MY=NY  0.024 -0.075  16.70  10.88  1.42  0.34  0.72  0.15  7.50 74.28 -1.17 -0.62 -1.92  1.96 -3.73  5.97 -5.35  7.50 10.71
  5.87+ 5.86+  0.000  0.000   0.00  -0.00  0.00  0.00  0.00  0.00************ -0.02 -0.02 -0.02  0.03 -0.04  0.04 -0.04  0.02  0.04
  6.07+ 5.86+  0.218 -0.269  -0.82   1.60  0.29 -0.02 -0.00 -0.01  7.50 85.93 -0.17  0.19  0.19  0.07  0.03  0.12  0.04 -0.00  0.01

  5.87+ MY=NY  1.815  1.327  14.57 -12.47  0.16  0.36  0.82  0.08  5.50 37.62 -0.17 -0.27  1.23  1.55  2.15  5.90  0.71  5.50  6.52
  6.07+ 5.87+ -0.000 -0.000   0.00  -0.00  0.00  0.00  0.00 -0.00************ -0.05 -0.01  0.02  0.04  0.02  0.07  0.02  0.02  0.03

  6.07+ MY=NY  3.351  3.219  29.99  -1.60  0.03 -0.01 -0.37 -0.45  7.50 66.18 -0.56  0.65  0.23  5.75  0.00 12.65 -1.29  7.50 10.70

 DECOUP:  0.00 SEC



   #   ENERGY +/-(#)    <Q20>    <Q22>     <R2>     <JZ>      #   ENERGY +/-(#)    <Q20>    <Q22>     <R2>     <JZ>

   1   1.5000  +(# 1)   0.8161  -0.4185   1.8266   0.5000    41   5.6049  -(#20)  -1.4456  -0.4872   4.3623  -0.1989
   2   2.0187  -(# 1)   3.6812  -0.6283   3.5213   0.4048    42   5.6531  -(#21)  13.5462  -4.0166  12.8698  -0.0190
   3   2.2994  -(# 2)   0.1503  -1.7373   3.1559  -0.6925    43   5.6860  -(#22)   6.1939  -2.3458   8.6808  -0.3173
   4   2.5574  +(# 2)   6.7382  -0.7780   5.2359   0.3500    44   5.7265  -(#23)  -4.7273  -7.6654   8.2284  -1.9600
   5   2.8238  +(# 3)   3.0891  -1.9342   4.8619  -0.3997    45   5.7292  +(#22)  10.4476  -2.2845  10.5784   0.0020
   6   3.0865  +(# 4)  -0.7615  -3.1382   4.4614   0.7511    46   5.8617  +(#23)   5.9651  -5.3483  10.7086   1.4993
   7   3.1069  -(# 3)   8.3134  -1.4173   6.8059   0.1783    47   5.8665  +(#24)   5.8983   0.7141   6.5190   0.1510
   8   3.1818  -(# 4)   0.2488   0.2731   2.4558  -0.2123    48   5.8735  -(#24)  14.6142  -3.7498  13.0050   0.1671
   9   3.3975  -(# 5)   7.9217  -1.4687   6.7396  -0.2340    49   5.9781  -(#25)   1.2684  -3.9267   8.1832   0.3303
  10   3.6195  -(# 6)   2.7147  -3.1355   6.2119   0.6902    50   6.0661  +(#25)  12.6544  -1.2871  10.6976   0.0376
  11   3.6664  +(# 5)   9.3451  -2.2352   8.3224   0.0628    51   6.0673  +(#26)   2.4470  -0.3741   6.1633  -0.1971
  12   3.7219  +(# 6)   3.4405   0.1338   4.1958  -0.2081    52   6.1164  +(#27)  14.2592  -4.7855  14.2998  -0.0038
  13   3.9143  -(# 7)  -2.4518  -4.8121   5.6965  -1.1656    53   6.1713  -(#26)  11.9125  -3.1058  12.1898  -0.0693
  14   3.9597  +(# 7)  -0.7425  -1.1325   3.7458   0.4982    54   6.2121  -(#27)  17.1555  -2.6327  13.1536  -0.6202
  15   4.0053  +(# 8)  11.9195  -1.2871   8.5388  -0.1942    55   6.2180  +(#28)   5.0894  -4.7462  10.3033  -1.3600
  16   4.1547  -(# 8)  10.3179  -3.0716   9.8328   0.0142    56   6.2260  +(#29)   5.8669  -4.3971  10.3461  -0.8530
  17   4.1615  +(# 9)   6.5739  -3.0470   8.0145   0.7659    57   6.3332  -(#28)  -4.3361  -5.7345   7.6201  -0.3296
  18   4.2314  -(# 9)   6.3141  -0.1191   5.9078  -0.1778    58   6.3361  +(#30)  -2.6947  -2.0562   5.6552   0.2608
  19   4.4564  -(#10)   3.0857  -1.0597   5.5473   0.3418    59   6.3620  -(#29)   7.8093   0.1339   8.1403   0.0966
  20   4.4579  +(#10)   1.9951  -4.5117   7.5501  -1.0860    60   6.3890  +(#31)  15.1383  -4.6457  14.4397   0.0438
  21   4.5951  -(#11)  12.7777  -2.0981  10.0153  -0.1734    61   6.4183  -(#30)  11.1768  -4.6376  12.5804   1.6258
  22   4.6495  +(#11)  11.6015  -3.8060  11.3738   0.0034    62   6.4829  +(#32)   5.9931  -3.5039  10.0529   0.2571
  23   4.7122  -(#12)  -2.0095  -2.7049   5.0361  -0.5194    63   6.5594  -(#31)   6.6590  -0.1411   7.9903  -0.1205
  24   4.7298  -(#13)  11.1460  -2.6662   9.8664   0.7174    64   6.5821  -(#32)  -0.9463   1.7382   3.6718   0.0073
  25   4.7421  +(#12)   8.1061  -0.6621   7.4901  -0.1236    65   6.5876  -(#33)  12.8691  -2.3458  12.1239   0.0153
  26   4.8134  +(#13)  -3.6619  -6.3240   6.9774   1.4618    66   6.5898  +(#33)  12.8587  -4.0570  13.7357  -0.0042
  27   4.8506  +(#14)  -0.3388   0.9900   3.0715   0.0085    67   6.6369  +(#34)  -5.9210  -9.0418   9.4642   2.5089
  28   4.9610  +(#15)   7.3903  -0.7736   7.3753   0.1892    68   6.7452  -(#34)   5.9562  -6.1428  11.9918  -2.1977
  29   5.0088  -(#14)   7.2654  -3.8668   9.4582  -1.0377    69   6.7801  -(#35)  13.7856  -2.2962  12.3043  -0.0964
  30   5.0725  -(#15)  12.6858  -4.6055  12.8951   0.0005    70   6.7898  -(#36)   1.3794  -1.8926   7.4773   0.2204
  31   5.1460  +(#16)  13.0483  -3.1323  11.4449  -0.0711    71   6.8041  +(#35)   0.2687  -5.3733   9.4861  -0.2465
  32   5.1852  +(#17)   1.9654  -2.5708   6.8473  -0.3812    72   6.8213  +(#36)  17.9304  -3.2797  14.5532  -0.5055
  33   5.2354  -(#16)   9.1853  -1.5128   9.0286  -0.0335    73   6.8554  +(#37)   9.1653  -0.6173   9.7030   0.0479
  34   5.3164  +(#18)  13.9917  -2.8613  11.5516   0.4403    74   7.0028  +(#38)  16.6384  -3.7745  14.4515   1.4939
  35   5.3328  -(#17)   1.1422  -5.8260   8.8374   1.5239    75   7.0207  -(#37)  11.5456  -2.7985  12.0002   0.1098
  36   5.3750  -(#18)   2.9856   0.9111   4.8186   0.0779    76   7.0658  +(#39)  13.4334  -3.3080  13.5912   0.0314
  37   5.4617  +(#19)  13.7801  -5.4017  14.4174   0.0001    77   7.0711  +(#40)   2.4715   1.6842   5.4300  -0.1294
  38   5.5007  +(#20)  -3.2099  -4.2432   6.3285   0.4564    78   7.0843  +(#41)  10.4064  -0.0418   9.7648  -0.0578
  39   5.5091  -(#19)  10.9907  -0.7083   9.1303   0.0791    79   7.1064  -(#38)  -3.8495  -3.5856   6.9543  -0.2449
  40   5.5890  +(#21)  12.8663  -3.1142  11.3990  -0.8460    80   7.1299  -(#39)  -0.6578  -8.2381  11.3137   2.8226



     PARITY: +     DIMENSION:  95     MATRIX:   0.0 SEC     DIAGONALISATION:   0.0 SEC
     PARITY: -     DIMENSION:  70     MATRIX:   0.0 SEC     DIAGONALISATION:   0.0 SEC
      TOTAL TIME:   0.0 SEC
