


         KAPPAP      MYP     KAPPAN      MYN
    0    0.1200    0.0000    0.1200    0.0000
    1    0.1200    0.0000    0.1200    0.0000
    2    0.1050    0.0000    0.1050    0.0000
    3    0.0900    0.3000    0.0900    0.2500
    4    0.0650    0.5700    0.0700    0.3900
    5    0.0600    0.6500    0.0620    0.4300
    6    0.0540    0.6900    0.0620    0.3400
    7    0.0540    0.6900    0.0620    0.2600
    8    0.0540    0.6900    0.0620    0.2600


     KAPPA    MY     EPS   GAMMA    EPS4     EPS6     W0/W00   NMAX  COUPL     OMROT      EFAC      QFAC
      SEE TABLE     0.457   57.1   0.000    0.000    1.02179     8     0     0.00000   6.72474   6.17124


                     **** PROTONS ****                     **** STRETCHED COORDINATES ****
    SYMMETRY R1= 1


   BASIS FUNCTIONS /N,L,J,OMEGA>,   PARITY -


   1 / 7 7 15/2 13/2>    15 / 7 5 11/2  1/2>    29 / 7 7 13/2 -7/2>    43 / 5 5 11/2  1/2>    57 / 5 5 11/2-11/2>
   2 / 7 7 13/2 13/2>    16 / 7 5  9/2  1/2>    30 / 7 5 11/2 -7/2>    44 / 5 5  9/2  1/2>    58 / 3 3  7/2  5/2>
   3 / 7 7 15/2  9/2>    17 / 7 3  7/2  1/2>    31 / 7 5  9/2 -7/2>    45 / 5 3  7/2  1/2>    59 / 3 3  5/2  5/2>
   4 / 7 7 13/2  9/2>    18 / 7 3  5/2  1/2>    32 / 7 3  7/2 -7/2>    46 / 5 3  5/2  1/2>    60 / 3 3  7/2  1/2>
   5 / 7 5 11/2  9/2>    19 / 7 1  3/2  1/2>    33 / 7 7 15/2-11/2>    47 / 5 1  3/2  1/2>    61 / 3 3  5/2  1/2>
   6 / 7 5  9/2  9/2>    20 / 7 1  1/2  1/2>    34 / 7 7 13/2-11/2>    48 / 5 1  1/2  1/2>    62 / 3 1  3/2  1/2>
   7 / 7 7 15/2  5/2>    21 / 7 7 15/2 -3/2>    35 / 7 5 11/2-11/2>    49 / 5 5 11/2 -3/2>    63 / 3 1  1/2  1/2>
   8 / 7 7 13/2  5/2>    22 / 7 7 13/2 -3/2>    36 / 7 7 15/2-15/2>    50 / 5 5  9/2 -3/2>    64 / 3 3  7/2 -3/2>
   9 / 7 5 11/2  5/2>    23 / 7 5 11/2 -3/2>    37 / 5 5 11/2  9/2>    51 / 5 3  7/2 -3/2>    65 / 3 3  5/2 -3/2>
  10 / 7 5  9/2  5/2>    24 / 7 5  9/2 -3/2>    38 / 5 5  9/2  9/2>    52 / 5 3  5/2 -3/2>    66 / 3 1  3/2 -3/2>
  11 / 7 3  7/2  5/2>    25 / 7 3  7/2 -3/2>    39 / 5 5 11/2  5/2>    53 / 5 1  3/2 -3/2>    67 / 3 3  7/2 -7/2>
  12 / 7 3  5/2  5/2>    26 / 7 3  5/2 -3/2>    40 / 5 5  9/2  5/2>    54 / 5 5 11/2 -7/2>    68 / 1 1  3/2  1/2>
  13 / 7 7 15/2  1/2>    27 / 7 1  3/2 -3/2>    41 / 5 3  7/2  5/2>    55 / 5 5  9/2 -7/2>    69 / 1 1  1/2  1/2>
  14 / 7 7 13/2  1/2>    28 / 7 7 15/2 -7/2>    42 / 5 3  5/2  5/2>    56 / 5 3  7/2 -7/2>    70 / 1 1  3/2 -3/2>


    SINGLE PARTICLE (PARITY-) WAVE FUNCTIONS IN THE ENERGY INTERVAL 6.0<E<8.0

 E=6.0125   0.186029/ 37>-0.097701/ 38> 0.161543/ 39>-0.391934/ 40> 0.209441/ 41>-0.022518/ 42>-0.208750/ 43>
           -0.160666/ 44> 0.487246/ 45>-0.018619/ 46> 0.049730/ 47>-0.003855/ 48>-0.035334/ 49> 0.381462/ 50>
            0.373404/ 51> 0.034767/ 52> 0.027933/ 53> 0.239369/ 54> 0.252945/ 55> 0.073564/ 56> 0.085219/ 57>


 E=6.2369   0.152264/ 37> 0.170568/ 38>-0.005802/ 39> 0.357445/ 40>-0.026088/ 41>-0.117439/ 42>-0.097346/ 43>
           -0.274152/ 44>-0.011825/ 45>-0.645852/ 46> 0.049855/ 47>-0.104365/ 48> 0.156376/ 49> 0.076738/ 50>
            0.018998/ 51>-0.351150/ 52>-0.016285/ 53>-0.146804/ 54> 0.327129/ 55> 0.002563/ 56>-0.085589/ 57>


 E=6.2979   0.025823/  1> 0.155504/  3>-0.000956/  4> 0.003202/  5> 0.423243/  7>-0.001740/  8> 0.013416/  9>
            0.635233/ 13>-0.000558/ 14> 0.023233/ 15> 0.000654/ 17> 0.555571/ 21> 0.001432/ 22> 0.019412/ 23>
            0.000497/ 25> 0.278354/ 28> 0.001489/ 29> 0.007488/ 30> 0.071718/ 33> 0.000452/ 34> 0.000914/ 35>
            0.006305/ 36>

 E=6.3319   0.212033/ 37>-0.147528/ 38>-0.163698/ 39>-0.053089/ 40> 0.119135/ 41> 0.094798/ 42> 0.116214/ 43>
            0.176856/ 44>-0.014580/ 45> 0.179584/ 46>-0.512259/ 47> 0.177417/ 48>-0.078845/ 49>-0.280749/ 50>
            0.070931/ 51>-0.458378/ 52>-0.208964/ 53> 0.024011/ 54> 0.382803/ 55> 0.086397/ 56> 0.104531/ 57>


 E=6.3786  -0.172290/ 37>-0.119935/ 38>-0.176086/ 39>-0.482356/ 40>-0.146932/ 41>-0.015556/ 42> 0.206290/ 43>
           -0.190035/ 44>-0.368181/ 45>-0.003480/ 46>-0.056098/ 47> 0.011586/ 48> 0.022696/ 49> 0.456923/ 50>
           -0.273043/ 51> 0.006669/ 52>-0.023869/ 53>-0.239878/ 54> 0.320826/ 55>-0.050518/ 56>-0.073646/ 57>


 E=6.4366   0.025977/ 37> 0.491322/ 38>-0.024259/ 39>-0.164684/ 40>-0.042105/ 41>-0.522074/ 42> 0.033921/ 43>
            0.091154/ 44> 0.005641/ 45> 0.105356/ 46> 0.072588/ 47> 0.493625/ 48>-0.057162/ 49>-0.069331/ 50>
            0.004583/ 51>-0.122888/ 52> 0.284961/ 53> 0.107123/ 54> 0.070682/ 55>-0.060753/ 56>-0.248587/ 57>


 E=6.5540   0.210692/ 37>-0.164145/ 38>-0.044854/ 39>-0.319522/ 40> 0.382090/ 41>-0.103235/ 42>-0.125993/ 43>
            0.301937/ 44> 0.198878/ 45>-0.229264/ 46> 0.053281/ 47>-0.036986/ 48> 0.217690/ 49>-0.031198/ 50>
           -0.441361/ 51>-0.201129/ 52>-0.056549/ 53>-0.167861/ 54>-0.316527/ 55>-0.184817/ 56>-0.123332/ 57>


 E=6.6570  -0.259710/ 37>-0.182639/ 38> 0.220162/ 39>-0.103898/ 40>-0.252115/ 41> 0.128489/ 42>-0.167095/ 43>
            0.209424/ 44> 0.121310/ 45> 0.166123/ 46> 0.509511/ 47>-0.104852/ 48> 0.114502/ 49>-0.307370/ 50>
           -0.076268/ 51>-0.243723/ 52> 0.083602/ 53>-0.044289/ 54> 0.422067/ 55>-0.051343/ 56>-0.112414/ 57>


 E=6.6933  -0.083964/  1> 0.003722/  2>-0.356148/  3> 0.034413/  4>-0.008881/  5> 0.000659/  6>-0.544853/  7>
            0.106920/  8>-0.021086/  9> 0.004077/ 10>-0.000567/ 11>-0.164405/ 13> 0.167325/ 14>-0.007370/ 15>
            0.007706/ 16> 0.430600/ 21> 0.144431/ 22> 0.018413/ 23> 0.006272/ 24> 0.000618/ 25> 0.499121/ 28>
            0.066902/ 29> 0.016331/ 30> 0.002014/ 31> 0.199151/ 33> 0.013770/ 34> 0.003057/ 35> 0.023409/ 36>


 E=6.7379  -0.023264/ 37> 0.509316/ 38> 0.039301/ 39>-0.196968/ 40>-0.073091/ 41>-0.198405/ 42>-0.058051/ 43>
            0.100302/ 44> 0.057538/ 45> 0.082901/ 46> 0.079642/ 47>-0.266852/ 48> 0.092099/ 49>-0.060427/ 50>
           -0.081467/ 51> 0.041656/ 52>-0.515935/ 53>-0.163764/ 54> 0.030635/ 55> 0.334413/ 56> 0.357152/ 57>


 E=6.9639  -0.176087/  1> 0.006900/  2>-0.479106/  3> 0.043487/  4> 0.022709/  5> 0.000588/  6>-0.225548/  7>
            0.073826/  8> 0.149485/  9> 0.001682/ 10> 0.007530/ 11> 0.384521/ 13> 0.022889/ 14> 0.302283/ 15>
            0.000558/ 16> 0.020154/ 17> 0.000957/ 19> 0.123691/ 21>-0.059465/ 22> 0.240275/ 23>-0.001431/ 24>
            0.014702/ 25> 0.000496/ 27>-0.457226/ 28>-0.065186/ 29> 0.070064/ 30>-0.001277/ 31> 0.002374/ 32>
           -0.345493/ 33>-0.021443/ 34> 0.004039/ 35>-0.057065/ 36>

 E=7.0572  -0.162065/ 37>-0.169821/ 38> 0.033889/ 39>-0.304866/ 40>-0.330974/ 41>-0.114835/ 42> 0.091237/ 43>
            0.289876/ 44>-0.186956/ 45>-0.427935/ 46>-0.009960/ 47>-0.062367/ 48>-0.158426/ 49>-0.021209/ 50>
            0.399180/ 51>-0.273642/ 52> 0.028453/ 53> 0.125073/ 54>-0.325746/ 55> 0.151430/ 56> 0.091560/ 57>


 E=7.1511  -0.026879/  1>-0.011777/  2>-0.101441/  3>-0.119384/  4>-0.002272/  6>-0.141660/  7>-0.395229/  8>
            0.000969/  9>-0.015513/ 10>-0.000347/ 12>-0.040877/ 13>-0.636435/ 14> 0.000514/ 15>-0.030709/ 16>
           -0.001212/ 18> 0.108718/ 21>-0.544088/ 22>-0.001125/ 23>-0.024603/ 24>-0.000368/ 25>-0.000828/ 26>
            0.135210/ 28>-0.240533/ 29>-0.000398/ 30>-0.007335/ 31> 0.060021/ 33>-0.045760/ 34> 0.007976/ 36>


 E=7.1690  -0.157126/ 37> 0.131027/ 38> 0.154398/ 39> 0.058504/ 40>-0.428886/ 41> 0.205307/ 42>-0.123186/ 43>
           -0.184200/ 44> 0.326594/ 45> 0.178410/ 46>-0.223603/ 47> 0.168308/ 48> 0.074779/ 49> 0.275862/ 50>
           -0.119510/ 51>-0.399750/ 52>-0.198830/ 53>-0.013496/ 54>-0.312619/ 55>-0.200177/ 56>-0.074647/ 57>


 E=7.1988  -0.298174/  1> 0.016500/  2>-0.433315/  3> 0.070205/  4> 0.084484/  5>-0.005345/  6> 0.237922/  7>
            0.047756/  8> 0.265340/  9>-0.043150/ 10> 0.017264/ 11>-0.002481/ 12> 0.196705/ 13>-0.041040/ 14>
            0.103941/ 15>-0.089319/ 16> 0.009429/ 17>-0.008378/ 18> 0.000800/ 19>-0.000597/ 20>-0.404472/ 21>
           -0.002104/ 22>-0.250069/ 23>-0.070665/ 24>-0.020400/ 25>-0.005837/ 26>-0.001122/ 27> 0.145051/ 28>
            0.075920/ 29>-0.182987/ 30>-0.019191/ 31>-0.007634/ 32> 0.460750/ 33> 0.043335/ 34>-0.023223/ 35>

 0.114808/ 36>

 E=7.2367   0.035136/ 37> 0.449109/ 38>-0.039901/ 39>-0.202175/ 40> 0.050535/ 41> 0.279309/ 42> 0.051183/ 43>
            0.112498/ 44>-0.067451/ 45>-0.007943/ 46>-0.179198/ 47>-0.514824/ 48>-0.076402/ 49>-0.077640/ 50>
            0.165483/ 51>-0.005930/ 52> 0.101470/ 53> 0.125307/ 54> 0.067799/ 55>-0.475925/ 56>-0.246181/ 57>


 E=7.3710   0.399123/  1>-0.020572/  2> 0.178447/  3>-0.045386/  4>-0.181570/  5> 0.010080/  6>-0.385382/  7>
            0.019665/  8>-0.232840/  9> 0.039677/ 10> 0.030308/ 11> 0.001304/ 12> 0.320945/ 13> 0.018312/ 14>
            0.222566/ 15> 0.014617/ 16> 0.157991/ 17>-0.000540/ 18> 0.019749/ 19>-0.001569/ 20>-0.082147/ 21>
           -0.037234/ 22>-0.006625/ 23>-0.036237/ 24> 0.093904/ 25>-0.000874/ 26> 0.007922/ 27>-0.235278/ 28>
            0.019098/ 29>-0.278454/ 30>-0.025989/ 31> 0.001998/ 32> 0.443400/ 33> 0.041407/ 34>-0.064769/ 35>

 0.185533/ 36>

 E=7.4300  -0.056068/  1> 0.027735/  2>-0.138972/  3> 0.193679/  4>-0.071329/  5> 0.004888/  6>-0.048580/  7>
            0.355959/  8>-0.294611/  9> 0.018871/ 10>-0.015158/ 11> 0.000687/ 12> 0.129737/ 13> 0.114706/ 14>
           -0.509507/ 15> 0.007576/ 16>-0.036799/ 17> 0.000539/ 18>-0.001930/ 19> 0.055170/ 21>-0.294119/ 22>
           -0.425639/ 23>-0.018109/ 24>-0.027646/ 25>-0.001031/ 26>-0.001016/ 27>-0.123613/ 28>-0.303302/ 29>
           -0.165265/ 30>-0.012390/ 31>-0.005336/ 32>-0.105236/ 33>-0.090889/ 34>-0.020697/ 35>-0.018857/ 36>


 E=7.4987  -0.386467/  1> 0.023468/  2> 0.109775/  3> 0.022658/  4> 0.219422/  5>-0.018088/  6> 0.103685/  7>
           -0.025476/  8> 0.015805/  9>-0.033207/ 10>-0.076336/ 11> 0.010422/ 12>-0.256723/ 13> 0.018866/ 14>
           -0.170665/ 15> 0.022824/ 16>-0.086513/ 17> 0.053448/ 18>-0.024447/ 19> 0.012974/ 20> 0.363217/ 21>
           -0.007017/ 22> 0.264817/ 23>-0.004661/ 24> 0.160722/ 25> 0.035687/ 26> 0.020710/ 27>-0.411399/ 28>
           -0.011884/ 29>-0.265559/ 30>-0.040941/ 31> 0.022537/ 32> 0.322718/ 33> 0.043002/ 34>-0.119330/ 35>

 0.267130/ 36>

 E=7.5783   0.556835/  1>-0.032559/  2>-0.424453/  3>-0.001811/  4>-0.363895/  5> 0.027324/  6> 0.310100/  7>
            0.007280/  8> 0.246588/  9> 0.007046/ 10> 0.185766/ 11>-0.019346/ 12>-0.229431/ 13>-0.007280/ 14>
           -0.165793/ 15>-0.007258/ 16>-0.097249/ 17>-0.010826/ 18>-0.087931/ 19> 0.018245/ 20> 0.171459/ 21>
            0.006454/ 22> 0.112442/ 23> 0.005647/ 24> 0.057333/ 25>-0.001638/ 26>-0.003916/ 27>-0.120639/ 28>
           -0.006591/ 29>-0.060245/ 30>-0.006416/ 31> 0.022141/ 32> 0.051512/ 33> 0.008859/ 34>-0.063772/ 35>

 0.121422/ 36>

 E=7.6647   0.018904/  1>-0.003461/  2>-0.023114/  3> 0.001820/  4>-0.013368/  5> 0.005730/  6> 0.031299/  7>
           -0.001801/  8> 0.019279/  9>-0.002286/ 10> 0.007490/ 11>-0.011461/ 12>-0.047973/ 13> 0.002989/ 14>
           -0.033213/ 15> 0.003314/ 16>-0.018534/ 17> 0.001464/ 18>-0.001827/ 19> 0.030347/ 20> 0.081138/ 21>
           -0.005633/ 22> 0.066433/ 23>-0.007503/ 24> 0.048868/ 25>-0.016113/ 26> 0.083532/ 27>-0.148846/ 28>
            0.010123/ 29>-0.152231/ 30> 0.016507/ 31>-0.208277/ 32> 0.299815/ 33>-0.016190/ 34> 0.456320/ 35>

-0.764505/ 36>

 E=7.7140  -0.068067/  1>-0.034784/  2>-0.183429/  3>-0.248644/  4>-0.050009/  5>-0.004960/  6>-0.078936/  7>
           -0.464092/  8>-0.201923/  9>-0.019460/ 10>-0.009308/ 11>-0.000409/ 12> 0.162552/ 13>-0.150552/ 14>
           -0.344266/ 15>-0.007846/ 16>-0.022682/ 17>-0.001019/ 19> 0.059587/ 21> 0.385173/ 22>-0.289126/ 23>
            0.018742/ 24>-0.017056/ 25> 0.000603/ 26>-0.000535/ 27>-0.172200/ 28> 0.392793/ 29>-0.114478/ 30>
            0.012682/ 31>-0.003243/ 32>-0.133179/ 33> 0.115441/ 34>-0.014669/ 35>-0.022038/ 36>

 E=7.7706  -0.095180/ 37>-0.144842/ 38> 0.095436/ 39>-0.034829/ 40>-0.353351/ 41>-0.232820/ 42>-0.078106/ 43>
            0.137646/ 44> 0.286503/ 45>-0.284366/ 46>-0.417428/ 47> 0.045687/ 48> 0.048024/ 49>-0.200976/ 50>
           -0.118727/ 51> 0.506012/ 52>-0.113964/ 53>-0.004696/ 54> 0.216910/ 55>-0.196309/ 56>-0.069358/ 57>


 E=7.7831   0.049269/  1> 0.080135/  2> 0.077344/  3> 0.379103/  4>-0.022844/  5>-0.020694/  6>-0.038092/  7>
            0.257429/  8>-0.058147/  9>-0.208447/ 10> 0.001017/ 11>-0.010888/ 12>-0.034072/ 13>-0.319023/ 14>
           -0.020746/ 15>-0.479518/ 16> 0.001139/ 17>-0.045006/ 18> 0.001008/ 19>-0.003128/ 20> 0.069076/ 21>
           -0.060598/ 22> 0.051517/ 23>-0.365523/ 24>-0.001855/ 25>-0.028937/ 26>-0.001085/ 27>-0.029186/ 28>
            0.422901/ 29> 0.043800/ 30>-0.084187/ 31>-0.079079/ 33> 0.222717/ 34> 0.007345/ 35>-0.018056/ 36>


 E=7.8350  -0.010489/ 37> 0.271006/ 38> 0.022210/ 39>-0.151583/ 40>-0.054610/ 41> 0.533796/ 42>-0.036603/ 43>
            0.095918/ 44> 0.124595/ 45>-0.233425/ 46>-0.147407/ 47> 0.183578/ 48> 0.054276/ 49>-0.056617/ 50>
           -0.222712/ 51> 0.090405/ 52> 0.460864/ 53>-0.078147/ 54> 0.026920/ 55> 0.423132/ 56> 0.129923/ 57>


 E=7.9660   0.079706/  1>-0.129108/  2> 0.023893/  3>-0.360006/  4> 0.126756/  5> 0.045233/  6>-0.079449/  7>
            0.113816/  8> 0.126557/  9> 0.263794/ 10>-0.151793/ 11> 0.022541/ 12> 0.069149/ 13> 0.161797/ 14>
           -0.098060/ 15> 0.127859/ 16>-0.419905/ 17> 0.023272/ 18>-0.055657/ 19> 0.006745/ 20>-0.012832/ 21>
           -0.304426/ 22> 0.007756/ 23>-0.286971/ 24>-0.302829/ 25>-0.039491/ 26>-0.028121/ 27>-0.057376/ 28>
            0.202774/ 29> 0.169983/ 30>-0.146118/ 31>-0.046385/ 32> 0.082914/ 33> 0.292951/ 34> 0.054773/ 35>

 0.039158/ 36>

 E=7.9891  -0.121199/  1> 0.041494/  2>-0.166341/  3> 0.186509/  4>-0.188278/  5> 0.029121/  6> 0.115689/  7>
            0.110132/  8>-0.444281/  9> 0.168792/ 10>-0.032307/ 11> 0.009306/ 12> 0.085615/ 13>-0.179310/ 14>
           -0.155006/ 15> 0.308139/ 16>-0.016154/ 17> 0.031337/ 18>-0.001845/ 19> 0.002396/ 20>-0.179451/ 21>
           -0.050928/ 22> 0.387583/ 23> 0.254176/ 24> 0.036583/ 25> 0.021699/ 26> 0.002518/ 27> 0.042638/ 28>
            0.200067/ 29> 0.344730/ 30> 0.086183/ 31> 0.015515/ 32> 0.183753/ 33> 0.112199/ 34> 0.065082/ 35>

 0.047200/ 36>

  Q20Q22:  0.00 SEC    QTME:  0.00 SEC



    SYMMETRY R1= 1


   BASIS FUNCTIONS /N,L,J,OMEGA>,   PARITY +


   1 / 8 8 17/2 17/2>    20 / 8 6 11/2  1/2>    39 / 8 4  7/2 -7/2>    58 / 6 4  7/2  1/2>    77 / 4 2  5/2  5/2>
   2 / 8 8 17/2 13/2>    21 / 8 4  9/2  1/2>    40 / 8 8 17/2-11/2>    59 / 6 2  5/2  1/2>    78 / 4 4  9/2  1/2>
   3 / 8 8 15/2 13/2>    22 / 8 4  7/2  1/2>    41 / 8 8 15/2-11/2>    60 / 6 2  3/2  1/2>    79 / 4 4  7/2  1/2>
   4 / 8 6 13/2 13/2>    23 / 8 2  5/2  1/2>    42 / 8 6 13/2-11/2>    61 / 6 0  1/2  1/2>    80 / 4 2  5/2  1/2>
   5 / 8 8 17/2  9/2>    24 / 8 2  3/2  1/2>    43 / 8 6 11/2-11/2>    62 / 6 6 13/2 -3/2>    81 / 4 2  3/2  1/2>
   6 / 8 8 15/2  9/2>    25 / 8 0  1/2  1/2>    44 / 8 8 17/2-15/2>    63 / 6 6 11/2 -3/2>    82 / 4 0  1/2  1/2>
   7 / 8 6 13/2  9/2>    26 / 8 8 17/2 -3/2>    45 / 8 8 15/2-15/2>    64 / 6 4  9/2 -3/2>    83 / 4 4  9/2 -3/2>
   8 / 8 6 11/2  9/2>    27 / 8 8 15/2 -3/2>    46 / 6 6 13/2 13/2>    65 / 6 4  7/2 -3/2>    84 / 4 4  7/2 -3/2>
   9 / 8 4  9/2  9/2>    28 / 8 6 13/2 -3/2>    47 / 6 6 13/2  9/2>    66 / 6 2  5/2 -3/2>    85 / 4 2  5/2 -3/2>
  10 / 8 8 17/2  5/2>    29 / 8 6 11/2 -3/2>    48 / 6 6 11/2  9/2>    67 / 6 2  3/2 -3/2>    86 / 4 2  3/2 -3/2>
  11 / 8 8 15/2  5/2>    30 / 8 4  9/2 -3/2>    49 / 6 4  9/2  9/2>    68 / 6 6 13/2 -7/2>    87 / 4 4  9/2 -7/2>
  12 / 8 6 13/2  5/2>    31 / 8 4  7/2 -3/2>    50 / 6 6 13/2  5/2>    69 / 6 6 11/2 -7/2>    88 / 4 4  7/2 -7/2>
  13 / 8 6 11/2  5/2>    32 / 8 2  5/2 -3/2>    51 / 6 6 11/2  5/2>    70 / 6 4  9/2 -7/2>    89 / 2 2  5/2  5/2>
  14 / 8 4  9/2  5/2>    33 / 8 2  3/2 -3/2>    52 / 6 4  9/2  5/2>    71 / 6 4  7/2 -7/2>    90 / 2 2  5/2  1/2>
  15 / 8 4  7/2  5/2>    34 / 8 8 17/2 -7/2>    53 / 6 4  7/2  5/2>    72 / 6 6 13/2-11/2>    91 / 2 2  3/2  1/2>
  16 / 8 2  5/2  5/2>    35 / 8 8 15/2 -7/2>    54 / 6 2  5/2  5/2>    73 / 6 6 11/2-11/2>    92 / 2 0  1/2  1/2>
  17 / 8 8 17/2  1/2>    36 / 8 6 13/2 -7/2>    55 / 6 6 13/2  1/2>    74 / 4 4  9/2  9/2>    93 / 2 2  5/2 -3/2>
  18 / 8 8 15/2  1/2>    37 / 8 6 11/2 -7/2>    56 / 6 6 11/2  1/2>    75 / 4 4  9/2  5/2>    94 / 2 2  3/2 -3/2>
  19 / 8 6 13/2  1/2>    38 / 8 4  9/2 -7/2>    57 / 6 4  9/2  1/2>    76 / 4 4  7/2  5/2>    95 / 0 0  1/2  1/2>


    SINGLE PARTICLE (PARITY+) WAVE FUNCTIONS IN THE ENERGY INTERVAL 6.0<E<8.0

 E=6.0997  -0.042944/ 46>-0.301383/ 47> 0.032661/ 48>-0.006093/ 49>-0.555339/ 50> 0.132338/ 51>-0.023389/ 52>
            0.005177/ 53>-0.000599/ 54>-0.179099/ 55> 0.225511/ 56>-0.009331/ 57> 0.011862/ 58>-0.000437/ 59>
            0.000516/ 60> 0.459110/ 62> 0.189456/ 63> 0.022368/ 64> 0.009118/ 65> 0.000880/ 66> 0.472693/ 68>
            0.074971/ 69> 0.015391/ 70> 0.001904/ 71> 0.141140/ 72> 0.009519/ 73>

 E=6.3315   0.093957/ 46> 0.436130/ 47>-0.030193/ 48>-0.014650/ 49> 0.286704/ 50>-0.063574/ 51>-0.163302/ 52>
           -0.007245/ 54>-0.373176/ 55>-0.020781/ 56>-0.383425/ 57>-0.029850/ 59> 0.000417/ 60>-0.001639/ 61>
           -0.078679/ 62> 0.053186/ 63>-0.290639/ 64>-0.019256/ 66>-0.000480/ 67> 0.481202/ 68> 0.052085/ 69>
           -0.063890/ 70> 0.000338/ 71> 0.258728/ 72> 0.011111/ 73>

 E=6.3332  -0.114483/ 74>-0.029997/ 75>-0.383034/ 76>-0.208967/ 77> 0.112149/ 78> 0.307404/ 79>-0.266491/ 80>
           -0.496463/ 81> 0.057120/ 82>-0.162390/ 83>-0.120726/ 84> 0.468581/ 85>-0.157741/ 86> 0.174677/ 87>
           -0.227757/ 88>

 E=6.3976   0.223477/ 74>-0.129203/ 75>-0.055165/ 76> 0.529902/ 77> 0.084154/ 78> 0.122237/ 79>-0.247048/ 80>
           -0.137053/ 81> 0.270629/ 82>-0.050609/ 83>-0.221039/ 84> 0.104427/ 85> 0.476021/ 86> 0.023831/ 87>
            0.430066/ 88>

 E=6.4865  -0.018399/ 46>-0.115403/ 47>-0.083347/ 48>-0.193680/ 50>-0.365616/ 51> 0.000668/ 52>-0.014897/ 53>
            0.000414/ 54>-0.059495/ 55>-0.646064/ 56> 0.000680/ 57>-0.036433/ 58> 0.000390/ 59>-0.001763/ 60>
            0.155113/ 62>-0.536149/ 63>-0.001282/ 64>-0.027383/ 65>-0.000701/ 66>-0.000947/ 67> 0.172099/ 68>
           -0.200025/ 69>-0.005163/ 71> 0.057135/ 72>-0.023036/ 73>

 E=6.5420  -0.172835/ 46>-0.475254/ 47> 0.067909/ 48> 0.050254/ 49> 0.161912/ 50> 0.066709/ 51> 0.287169/ 52>
           -0.054068/ 53> 0.018326/ 54> 0.217969/ 55>-0.041473/ 56> 0.137521/ 57>-0.139115/ 58> 0.017883/ 59>
           -0.016911/ 60> 0.002995/ 61>-0.412376/ 62> 0.008395/ 63>-0.309895/ 64>-0.103440/ 65>-0.031314/ 66>
           -0.009299/ 67> 0.260224/ 68> 0.089317/ 69>-0.160620/ 70>-0.017374/ 71> 0.389869/ 72> 0.030079/ 73>


 E=6.6765   0.256686/ 46> 0.346658/ 47>-0.040125/ 48>-0.119987/ 49>-0.413421/ 50> 0.012284/ 51>-0.328791/ 52>
            0.036518/ 53> 0.017112/ 54> 0.326698/ 55> 0.012843/ 56> 0.255278/ 57> 0.009938/ 58> 0.237986/ 59>
           -0.013361/ 60> 0.038473/ 61>-0.157748/ 62>-0.026048/ 63>-0.081354/ 64>-0.025684/ 65> 0.099041/ 66>
            0.002545/ 67>-0.087464/ 68> 0.019325/ 69>-0.257777/ 70>-0.015310/ 71> 0.410871/ 72> 0.022354/ 73>


 E=6.7363  -0.041506/ 46>-0.175841/ 47> 0.158913/ 48>-0.039151/ 49>-0.092449/ 50> 0.386361/ 51>-0.251726/ 52>
            0.022175/ 53>-0.011732/ 54> 0.166061/ 55> 0.136902/ 56>-0.493216/ 57> 0.011429/ 58>-0.043622/ 59>
            0.001696/ 60>-0.003071/ 61> 0.054902/ 62>-0.340441/ 63>-0.395045/ 64>-0.025287/ 65>-0.028127/ 66>
           -0.001672/ 67>-0.182909/ 68>-0.295904/ 69>-0.123409/ 70>-0.010767/ 71>-0.107103/ 72>-0.053733/ 73>


 E=6.7680  -0.144081/ 46>-0.073933/ 47> 0.025618/ 48> 0.076573/ 49> 0.160219/ 50>-0.019918/ 51> 0.095685/ 52>
           -0.042689/ 53>-0.015513/ 54>-0.225379/ 55> 0.014956/ 56>-0.168412/ 57> 0.022131/ 58>-0.097192/ 59>
            0.091064/ 60>-0.057944/ 61> 0.302573/ 62>-0.011239/ 63> 0.257880/ 64>-0.021505/ 65> 0.222870/ 66>
            0.042802/ 67>-0.410793/ 68> 0.005585/ 69>-0.391300/ 70>-0.042084/ 71> 0.541807/ 72> 0.040404/ 73>


 E=6.8377   0.003110/  1> 0.040040/  2> 0.000421/  4> 0.180329/  5>-0.000880/  6> 0.004085/  7> 0.431208/ 10>
           -0.001336/ 11> 0.013153/ 12> 0.616853/ 17>-0.000402/ 18> 0.020927/ 19> 0.000540/ 21> 0.547972/ 26>
            0.001053/ 27> 0.017963/ 28> 0.000435/ 30> 0.298753/ 34> 0.001228/ 35> 0.008101/ 36> 0.093199/ 40>
            0.000495/ 41> 0.001597/ 42> 0.013514/ 44>

 E=6.8513   0.741941/ 46>-0.285269/ 47>-0.018465/ 48>-0.482733/ 49> 0.140924/ 50> 0.010507/ 51> 0.150271/ 52>
            0.022589/ 53> 0.244300/ 54>-0.077372/ 55>-0.005710/ 56>-0.064077/ 57>-0.006902/ 58>-0.041168/ 59>
           -0.029966/ 60>-0.109562/ 61> 0.046172/ 62> 0.002013/ 63> 0.032469/ 64> 0.024195/ 66>-0.037953/ 67>
           -0.029661/ 68> 0.001954/ 69>-0.019817/ 70> 0.017564/ 71> 0.019712/ 72>-0.008439/ 73>

 E=7.0203   0.043321/ 46> 0.129913/ 47> 0.282288/ 48>-0.006557/ 49>-0.041026/ 50> 0.298236/ 51>-0.036609/ 52>
           -0.188856/ 53> 0.004399/ 54>-0.060545/ 55>-0.283288/ 56>-0.015762/ 57>-0.570761/ 58> 0.008055/ 59>
           -0.068533/ 60> 0.006687/ 61> 0.113043/ 62>-0.002301/ 63> 0.036446/ 64>-0.397039/ 65>-0.008996/ 66>
           -0.031809/ 67>-0.075087/ 68> 0.391807/ 69> 0.020329/ 70>-0.053342/ 71>-0.102742/ 72> 0.115374/ 73>


 E=7.0244  -0.099367/ 74> 0.068178/ 75>-0.085573/ 76>-0.362311/ 77>-0.055519/ 78> 0.116676/ 79> 0.232957/ 80>
           -0.311025/ 81>-0.532083/ 82> 0.045427/ 83>-0.150839/ 84>-0.165061/ 85> 0.539580/ 86>-0.034304/ 87>
            0.227353/ 88>

 E=7.0595  -0.044674/ 46>-0.201978/ 47>-0.185951/ 48>-0.029443/ 49>-0.121988/ 50>-0.469288/ 51>-0.185552/ 52>
           -0.021552/ 53>-0.006528/ 54> 0.188662/ 55>-0.168958/ 56>-0.355727/ 57>-0.011065/ 58>-0.023867/ 59>
           -0.000710/ 60>-0.000803/ 61> 0.050985/ 62> 0.418074/ 63>-0.287986/ 64> 0.025140/ 65>-0.015988/ 66>
            0.000975/ 67>-0.217919/ 68> 0.353226/ 69>-0.090787/ 70> 0.010097/ 71>-0.121470/ 72> 0.061428/ 73>


 E=7.1622   0.080046/ 46> 0.089870/ 47>-0.311247/ 48> 0.069444/ 49>-0.128412/ 50> 0.012651/ 51> 0.123807/ 52>
            0.231926/ 53>-0.105106/ 54> 0.103270/ 55> 0.173420/ 56>-0.064958/ 57> 0.173876/ 58>-0.485421/ 59>
            0.068400/ 60>-0.088223/ 61>-0.041647/ 62>-0.285202/ 63> 0.032357/ 64>-0.356154/ 65>-0.298411/ 66>
           -0.057883/ 67>-0.044752/ 68> 0.291981/ 69> 0.132493/ 70>-0.090701/ 71> 0.126808/ 72> 0.176727/ 73>


 E=7.2448  -0.012480/  1>-0.124807/  2> 0.005875/  3>-0.001527/  4>-0.393834/  5> 0.033250/  6>-0.010454/  7>
            0.000801/  8>-0.527370/ 10> 0.086678/ 11>-0.018934/ 12> 0.003143/ 13>-0.000490/ 14>-0.151411/ 17>
            0.127580/ 18>-0.006058/ 19> 0.005278/ 20> 0.403040/ 26> 0.112316/ 27> 0.015571/ 28> 0.004456/ 29>
            0.000463/ 30> 0.509773/ 34> 0.058091/ 35> 0.016239/ 36> 0.001806/ 37> 0.000327/ 38> 0.247406/ 40>
            0.015786/ 41> 0.004953/ 42> 0.048247/ 44> 0.001487/ 45>

 E=7.2842  -0.073554/ 46>-0.196918/ 47> 0.270697/ 48>-0.112510/ 49> 0.086957/ 50> 0.173507/ 51>-0.415162/ 52>
            0.081173/ 53>-0.023046/ 54> 0.108172/ 55>-0.224370/ 56>-0.165461/ 57> 0.299931/ 58>-0.026438/ 59>
            0.094598/ 60>-0.026102/ 61>-0.206003/ 62>-0.051016/ 63> 0.397339/ 64> 0.199509/ 65> 0.066040/ 66>
            0.030363/ 67> 0.109115/ 68> 0.306610/ 69> 0.269357/ 70> 0.043212/ 71> 0.153254/ 72> 0.105808/ 73>


 E=7.2915   0.033459/ 46> 0.052321/ 47> 0.378590/ 48>-0.021414/ 49>-0.055632/ 50>-0.319098/ 51> 0.041389/ 52>
           -0.466457/ 53> 0.060727/ 54> 0.045326/ 55> 0.246915/ 56> 0.021755/ 57> 0.209930/ 58>-0.013619/ 59>
            0.480483/ 60>-0.173859/ 61>-0.051401/ 62>-0.155067/ 63>-0.042803/ 64>-0.208770/ 65> 0.150410/ 66>
            0.074271/ 67> 0.089097/ 68> 0.057433/ 69>-0.060896/ 70>-0.099267/ 71>-0.149642/ 72> 0.090419/ 73>


 E=7.3838   0.175476/ 46>-0.066233/ 47> 0.018307/ 48> 0.063893/ 49> 0.031052/ 50> 0.011373/ 51>-0.006727/ 52>
           -0.021173/ 53>-0.216787/ 54>-0.017301/ 55>-0.043477/ 56> 0.009313/ 57>-0.046418/ 58> 0.006292/ 59>
            0.043626/ 60> 0.325285/ 61> 0.012251/ 62> 0.094492/ 63>-0.017502/ 64> 0.124590/ 65>-0.101678/ 66>
            0.403099/ 67>-0.010496/ 68>-0.200688/ 69> 0.048736/ 70>-0.509660/ 71> 0.006954/ 72> 0.547118/ 73>


 E=7.4360  -0.123280/ 46>-0.163534/ 47>-0.317268/ 48>-0.080662/ 49> 0.209370/ 50> 0.022375/ 51>-0.174388/ 52>
            0.197391/ 53> 0.070151/ 54>-0.166849/ 55> 0.171736/ 56> 0.114085/ 57> 0.119928/ 58> 0.489868/ 59>
           -0.020983/ 60> 0.102649/ 61> 0.076219/ 62>-0.283982/ 63>-0.044085/ 64>-0.243007/ 65> 0.244441/ 66>
            0.001946/ 67> 0.055415/ 68> 0.274794/ 69>-0.148196/ 70>-0.089163/ 71>-0.209565/ 72> 0.192262/ 73>


 E=7.5441  -0.084055/ 46>-0.027040/ 47> 0.319766/ 48>-0.114473/ 49> 0.084768/ 50>-0.249416/ 51>-0.074628/ 52>
           -0.111503/ 53> 0.102512/ 54>-0.127331/ 55> 0.180650/ 56> 0.109279/ 57> 0.108923/ 58> 0.217017/ 59>
           -0.299831/ 60> 0.182348/ 61> 0.169655/ 62>-0.122764/ 63>-0.153613/ 64>-0.017210/ 65>-0.491867/ 66>
           -0.174239/ 67>-0.216663/ 68> 0.052241/ 69> 0.274306/ 70> 0.046754/ 71> 0.250909/ 72> 0.077129/ 73>


 E=7.5458  -0.033300/  1>-0.249389/  2> 0.012927/  3> 0.000621/  4>-0.492157/  5> 0.050819/  6> 0.026401/  7>
            0.001027/  8> 0.000765/  9>-0.170714/ 10> 0.073631/ 11> 0.129887/ 12> 0.002135/ 13> 0.006527/ 14>
            0.389726/ 17> 0.021668/ 18> 0.238639/ 19> 0.000697/ 20> 0.014057/ 21> 0.000579/ 23> 0.157439/ 26>
           -0.057235/ 27> 0.195600/ 28>-0.001784/ 29> 0.010957/ 30> 0.000385/ 32>-0.420250/ 34>-0.069086/ 35>
            0.067949/ 36>-0.001757/ 37> 0.002820/ 38>-0.404849/ 40>-0.029453/ 41> 0.006616/ 42>-0.000383/ 43>

-0.112955/ 44>-0.003764/ 45>

 E=7.6292   0.363678/ 46>-0.159252/ 47> 0.034608/ 48> 0.298839/ 49> 0.085179/ 50>-0.032397/ 51>-0.072509/ 52>
           -0.067076/ 53>-0.513896/ 54>-0.049521/ 55> 0.045696/ 56> 0.028727/ 57> 0.037904/ 58> 0.063191/ 59>
            0.131557/ 60> 0.405777/ 61> 0.030945/ 62>-0.080355/ 63>-0.005261/ 64>-0.077914/ 65>-0.029859/ 66>
            0.097989/ 67>-0.021340/ 68> 0.164144/ 69>-0.017919/ 70> 0.200837/ 71> 0.017510/ 72>-0.429649/ 73>


 E=7.7512   0.058323/ 46> 0.155470/ 47> 0.245520/ 48> 0.084563/ 49>-0.069246/ 50> 0.230419/ 51> 0.348421/ 52>
            0.171389/ 53> 0.018614/ 54>-0.076737/ 55>-0.274276/ 56> 0.144812/ 57> 0.402519/ 58> 0.013601/ 59>
            0.044914/ 60>-0.002766/ 61> 0.149201/ 62>-0.035832/ 63>-0.341890/ 64> 0.305495/ 65>-0.028086/ 66>
            0.021204/ 67>-0.075893/ 68> 0.328154/ 69>-0.222336/ 70> 0.062132/ 71>-0.130374/ 72> 0.104582/ 73>


 E=7.7850  -0.004724/  1>-0.037278/  2>-0.024093/  3>-0.092484/  5>-0.149152/  6> 0.001916/  7>-0.003707/  8>
           -0.100943/ 10>-0.412821/ 11> 0.004846/ 12>-0.015828/ 13> 0.000452/ 14>-0.000412/ 15>-0.026051/ 17>
           -0.623927/ 18> 0.001753/ 19>-0.027615/ 20>-0.000979/ 22> 0.071963/ 26>-0.544423/ 27>-0.004327/ 28>
           -0.023016/ 29>-0.000448/ 30>-0.000744/ 31> 0.107211/ 34>-0.269576/ 35>-0.003635/ 36>-0.008764/ 37>
            0.065430/ 40>-0.067941/ 41>-0.000669/ 42>-0.001043/ 43> 0.016254/ 44>-0.005775/ 45>

 E=7.8026   0.071993/  1> 0.384102/  2>-0.027030/  3>-0.009831/  4> 0.363266/  5>-0.070607/  6>-0.102889/  7>
            0.006376/  8>-0.003180/  9>-0.287559/ 10>-0.041754/ 11>-0.232165/ 12> 0.032079/ 13>-0.014042/ 14>
            0.001973/ 15>-0.000443/ 16>-0.181773/ 17> 0.029967/ 18>-0.081041/ 19> 0.058876/ 20>-0.005950/ 21>
            0.004609/ 22>-0.000346/ 23> 0.395075/ 26>-0.000529/ 27> 0.202418/ 28> 0.048311/ 29> 0.013976/ 30>
            0.003527/ 31> 0.000680/ 32>-0.047807/ 34>-0.069185/ 35> 0.181812/ 36> 0.016694/ 37> 0.008706/ 38>

 0.000703/ 39>-0.475832/ 40>-0.051555/ 41> 0.040817/ 42> 0.001520/ 43>-0.210639/ 44>-0.009084/ 45>


 E=7.9132   0.082189/ 46> 0.089077/ 47>-0.237439/ 48> 0.179432/ 49>-0.137560/ 50> 0.042279/ 51> 0.324431/ 52>
           -0.306079/ 53> 0.108073/ 54> 0.114707/ 55> 0.147882/ 56>-0.310526/ 57>-0.150604/ 58> 0.240916/ 59>
           -0.060955/ 60> 0.057247/ 61>-0.043157/ 62>-0.251286/ 63> 0.023604/ 64> 0.344128/ 65> 0.210472/ 66>
            0.057615/ 67>-0.050666/ 68> 0.201189/ 69> 0.335146/ 70> 0.153530/ 71> 0.130092/ 72> 0.137009/ 73>


  Q20Q22:  0.00 SEC    QTME:  0.00 SEC

 Q0= 107.593 HBAR/MW0     Q2=-101.676 HBAR/MW0     GAMMA= 53.2 DEG   FOR 79 PARTICLES;  A=197

1
 **********************************************  SINGLE PARTICLE MATRIX ELEMENTS  ***********************************************


   ENY   EMY     A+B     C      D      E    JZ    S0    S+    S-  <R2S> <R4S>  R2DZ  R2D+  R2D-  Q20S  Q22S   Q20   Q22  RHO2    R2


  5.40+ MY=NY -1.484 -0.872   7.73  -7.40  0.30 -0.21  0.16 -0.27  5.50 37.60  0.81  1.51 -0.28  2.68 -0.49  3.78 -1.14  5.50  6.02
  5.48+ 5.40+ -0.398 -1.108  -1.09   5.01 -0.25  0.13 -0.22  0.27  5.50 38.15 -0.74 -0.61 -0.68 -1.88 -0.91 -2.26 -1.03  0.00 -0.00
  5.68+ 5.40+  1.075 -1.089  -0.11   0.14  1.00  0.08  0.06 -0.09  5.50 48.90  0.52 -0.33 -0.32 -0.10 -0.06 -0.12 -0.07 -0.00  0.00
  5.72+ 5.40+  0.000 -0.000   0.00   0.00  0.00  0.00  0.00 -0.00************  0.00 -0.00 -0.00 -0.00 -0.00 -0.00 -0.00 -0.00 -0.00
  5.80+ 5.40+  0.722 -0.729  -0.27   0.57 -0.70  0.07  0.11  0.26  5.50 44.41  0.33  0.44 -0.01 -0.14  0.11 -0.14  0.10  0.00 -0.03
  5.86+ 5.40+ -1.399  1.414   0.35  -0.76  0.49 -0.15 -0.00 -0.11  5.50 40.37 -0.58 -0.20 -0.05  0.30  0.03  0.34  0.05  0.00  0.02
  6.10+ 5.40+ -0.000 -0.000   0.00   0.00  0.00  0.00 -0.00 -0.00************  0.00  0.00  0.00 -0.00 -0.00 -0.00 -0.00  0.00  0.00
  6.33+ 5.40+ -0.000  0.000  -0.00   0.00  0.00  0.00  0.00  0.00************ -0.00  0.00  0.00 -0.02 -0.01 -0.02 -0.01 -0.00 -0.00
  6.33+ 5.40+ -0.029  0.024  -3.66   7.35  0.04  0.02  0.05  0.10  5.50 26.32  0.08  0.11  0.02  0.85 -0.79  0.82 -0.69  0.00  0.19
  6.40+ 5.40+ -0.046  0.060  -1.51   3.00  0.01  0.05  0.00  0.03  5.50 27.13  0.16  0.04  0.02  0.34 -0.09  0.37 -0.06 -0.00  0.04
  6.49+ 5.40+ -0.000 -0.000   0.00  -0.00  0.00 -0.00 -0.00 -0.00************  0.00 -0.00  0.00 -0.14 -0.06 -0.17 -0.06 -0.00 -0.01

  5.48+ MY=NY  0.364  0.039   3.14  -3.70 -0.50  0.40 -0.09 -0.06  5.50 34.65 -1.05  0.36 -1.36 -2.05 -2.23 -1.80 -3.20  5.50  5.93
  5.68+ 5.48+  0.313 -0.278   0.23  -0.26  0.28  0.01  0.03  0.00  5.50 53.26  0.15 -0.10 -0.10  0.19  0.11  0.24  0.12  0.00 -0.00
  5.72+ 5.48+  0.000  0.000   0.00   0.00  0.00  0.00  0.00  0.00************  0.00 -0.00 -0.00  0.00  0.00  0.00  0.00  0.00  0.00
  5.80+ 5.48+ -0.955  0.959  -0.20   0.37  0.44 -0.08  0.03 -0.06  5.50 42.16 -0.47 -0.17 -0.15 -0.09 -0.08 -0.12 -0.09 -0.00  0.01
  5.86+ 5.48+  0.566 -0.551  -0.10   0.21  2.04  0.05  0.47  0.06  5.50 43.75  0.25 -0.31 -0.94 -0.10  0.25 -0.07  0.23 -0.00 -0.05
  6.10+ 5.48+ -0.000 -0.000   0.00   0.00  0.00  0.00  0.00 -0.00************ -0.00 -0.00 -0.00 -0.00 -0.00 -0.00 -0.00  0.00  0.00
  6.33+ 5.48+  0.000 -0.000   0.00  -0.00 -0.00 -0.00  0.00 -0.00************ -0.00  0.00  0.00  0.02  0.01  0.02  0.01  0.00  0.00
  6.33+ 5.48+  0.052 -0.037   0.84  -1.71 -0.06 -0.03  0.05 -0.02  5.50 13.22 -0.14 -0.09 -0.11 -0.20 -0.30 -0.27 -0.30 -0.00  0.03
  6.40+ 5.48+  0.023 -0.025   1.88  -3.78  0.07 -0.02 -0.14 -0.02  5.50 36.31 -0.06  0.11  0.21 -0.42  1.02 -0.31  0.95 -0.00 -0.20
  6.49+ 5.48+ -0.000 -0.000   0.00   0.00  0.00 -0.00 -0.00  0.00************ -0.00 -0.00 -0.00 -0.04 -0.02 -0.05 -0.02 -0.00 -0.00

  5.68+ MY=NY  2.470  2.475  11.67   1.33 -0.00  0.02  0.29  0.25  5.50 38.60 -0.04 -1.07  1.14 -0.08  0.92  0.92 -0.01  5.50  5.58
  5.72+ 5.68+  0.000  0.000   0.00   0.00  0.00  0.00  0.00  0.00************  0.00 -0.00  0.00  0.01  0.00  0.01  0.00  0.00  0.00
  5.80+ 5.68+ -0.217 -0.064   1.00  -3.12 -0.11  0.38  0.40 -0.39  5.50 37.92 -0.90  0.72  0.71  0.89  0.38  1.06  0.44 -0.00  0.01
  5.86+ 5.68+  0.167  0.220  -2.18   6.88 -0.03  0.07  0.07 -0.08  5.50 37.29 -0.20  0.14  0.16 -1.97 -0.84 -2.34 -0.97  0.00 -0.02
  6.10+ 5.68+  0.000 -0.000   0.00   0.00  0.00  0.00  0.00 -0.00************  0.01  0.00  0.00  0.00  0.00  0.00  0.00  0.00  0.00
  6.33+ 5.68+ -0.000  0.000   0.00  -0.00 -0.00  0.00  0.00 -0.00************  0.00 -0.00  0.00  0.19  0.06  0.22  0.07  0.01  0.01
  6.33+ 5.68+ -1.456  1.451   0.01  -0.04 -1.18  0.16  0.15 -0.13  5.50 37.84  0.59 -0.31 -0.34  0.10  0.02  0.12  0.03 -0.00  0.00
  6.40+ 5.68+  0.176 -0.189   0.12  -0.32  0.18 -0.02 -0.00  0.04  5.50 37.17 -0.07  0.08  0.01  0.30  0.08  0.35  0.10 -0.00  0.01
  6.49+ 5.68+  0.000 -0.000   0.00   0.00  0.00 -0.00 -0.00  0.00************  0.00 -0.00 -0.00 -0.00 -0.00 -0.00 -0.00 -0.00 -0.00

  5.72+ MY=NY  6.496  6.496  45.66  77.51  0.00  0.00  0.50  0.50  7.50 63.76 -0.00  1.06 -1.06  3.31 -3.55  4.30 -4.36  7.50  8.65
  5.80+ 5.72+  0.000  0.000   0.00   0.00  0.00  0.00  0.00  0.00************  0.00 -0.00 -0.00 -0.00 -0.00 -0.00 -0.00 -0.00 -0.00
  5.86+ 5.72+  0.000  0.000  -0.00   0.00  0.00  0.00  0.00 -0.00************  0.00 -0.00 -0.00  0.00  0.00  0.00  0.00  0.00  0.00
  6.10+ 5.72+  1.749 -1.749  -0.00  -0.00  1.65  0.29  0.29 -0.29  7.50 63.77 -0.05  0.09  0.09  0.00  0.00  0.00  0.00 -0.00 -0.00
  6.33+ 5.72+ -0.075 -0.075   3.13  -9.56 -0.00  0.00 -0.00 -0.00  7.50 18.28  0.00 -0.01  0.01  2.60  1.09  3.08  1.26 -0.00  0.03
  6.33+ 5.72+ -0.000 -0.000   0.00  -0.00 -0.00  0.00 -0.00 -0.00************  0.00 -0.00 -0.00 -0.00 -0.00 -0.00 -0.00  0.00 -0.00
  6.40+ 5.72+  0.000 -0.000   0.00  -0.00  0.00 -0.00 -0.00  0.00************ -0.00  0.00  0.00 -0.00 -0.00 -0.00 -0.00  0.00 -0.00
  6.49+ 5.72+  0.626 -0.626   0.00  -0.00  0.58 -0.41 -0.40  0.40  7.50 63.77 -1.05  0.65  0.65  0.00  0.00  0.00  0.00  0.00  0.00

  5.80+ MY=NY -1.287 -1.322   9.61 -10.91 -0.02 -0.06  0.36  0.26  5.50 37.00  0.20 -0.91  1.19  0.35  1.51  1.49  0.59  5.50  5.52
  5.86+ 5.80+ -0.603 -0.589  -1.72   5.65  0.06 -0.01 -0.15  0.16  5.50 39.86 -0.07 -0.36 -0.35 -1.61 -0.63 -1.91 -0.74  0.00 -0.02
  6.10+ 5.80+  0.000 -0.000   0.00   0.00  0.00  0.00  0.00 -0.00************ -0.00 -0.00 -0.00  0.01  0.00  0.01  0.00  0.00  0.00
  6.33+ 5.80+ -0.000  0.000  -0.00   0.00  0.00  0.00  0.00  0.00************  0.00 -0.00 -0.00 -0.00 -0.00 -0.00 -0.00 -0.00 -0.00
  6.33+ 5.80+ -0.671  0.666  -0.13   0.27  0.66  0.06  0.24  0.38  5.50 41.04  0.29  0.57 -0.17  0.36 -0.36  0.35 -0.31  0.00  0.09
  6.40+ 5.80+ -1.649  1.650  -0.18   0.37  0.99  0.17 -0.12  0.11  5.50 42.86  0.69  0.27  0.29 -0.06 -0.01 -0.07 -0.01  0.00 -0.00
  6.49+ 5.80+  0.000 -0.000   0.00   0.00  0.00 -0.00 -0.00  0.00************ -0.00 -0.00  0.00 -0.01 -0.00 -0.01 -0.00 -0.00 -0.00

  5.86+ MY=NY  0.215  0.448   4.23  -6.44 -0.08  0.44  0.62 -0.03  5.50 38.50 -1.17 -0.49  1.61 -2.50  0.24 -1.90 -0.85  5.50  5.50
  6.10+ 5.86+ -0.000 -0.000   0.00   0.00  0.00  0.00 -0.00 -0.00************  0.00  0.00  0.00  0.00  0.00  0.00  0.00  0.00  0.00
  6.33+ 5.86+  0.000 -0.000  -0.00   0.00 -0.00 -0.00  0.00 -0.00************  0.00 -0.00 -0.00  0.00  0.00  0.00  0.00  0.00  0.00
  6.33+ 5.86+  1.057 -1.042  -0.07   0.11 -0.86 -0.09  0.13 -0.03  5.50 46.48 -0.49 -0.23 -0.33 -0.16 -0.15 -0.21 -0.16  0.00  0.01
  6.40+ 5.86+  0.295 -0.300   0.06  -0.12  1.68 -0.03 -0.39 -0.04  5.50 42.95 -0.14  0.27  0.77 -0.14  0.29 -0.11  0.27 -0.00 -0.06
  6.49+ 5.86+ -0.000 -0.000   0.00   0.00  0.00 -0.00 -0.00 -0.00************  0.00  0.00  0.00 -0.00 -0.00 -0.00 -0.00 -0.00 -0.00

  6.10+ MY=NY -5.493 -5.493  39.29  42.17 -0.00  0.00 -0.16 -0.16  7.50 63.75  0.00 -0.86  0.86  2.39 -2.30  3.48 -3.24  7.50  8.37
  6.33+ 6.10+  2.095 -2.095   0.00  -0.00 -1.96 -0.17  0.18 -0.18  7.50 63.92  0.67  0.51  0.51  0.00  0.00  0.00  0.00  0.00  0.00
  6.33+ 6.10+  0.000 -0.000   0.00   0.00 -0.00 -0.00  0.00 -0.00************  0.00 -0.00  0.00 -0.00 -0.00 -0.00 -0.00 -0.00 -0.00
  6.40+ 6.10+  0.000 -0.000   0.00   0.00 -0.00 -0.00  0.00 -0.00************  0.00  0.00  0.00  0.00  0.00  0.00  0.00  0.00  0.00
  6.49+ 6.10+ -0.002 -0.002   2.10  -4.14 -0.00 -0.00 -0.47 -0.47  7.50 63.77  0.00 -0.46  0.46 -0.78  0.84 -0.74  0.75  0.00 -0.20

  6.33+ MY=NY  4.487  4.486  32.07  16.53  0.00  0.00  0.31  0.31  7.50 68.37 -0.00  0.77 -0.77  2.29 -2.00  3.42 -2.96  7.50  8.32
  6.33+ 6.33+  0.000  0.000   0.00   0.00  0.00 -0.00  0.00  0.00************  0.00 -0.00 -0.00 -0.00 -0.00 -0.00 -0.00 -0.00 -0.00
  6.40+ 6.33+  0.000  0.000   0.00  -0.00  0.00 -0.00  0.00 -0.00************ -0.00  0.00  0.00 -0.00 -0.00 -0.00 -0.00 -0.00 -0.00
  6.49+ 6.33+  0.498 -0.498  -0.00   0.00 -0.56 -0.13  0.12 -0.12  7.50 63.42 -0.78 -0.54 -0.54 -0.00 -0.00 -0.00 -0.00  0.00 -0.00

  6.33+ MY=NY -1.425 -1.372   7.64  -6.68  0.03 -0.19 -0.18 -0.57  5.50 40.50  0.46  1.72 -1.02 -1.48  2.95 -0.32  1.83  5.50  5.14
  6.40+ 6.33+  0.376  0.501   1.96  -5.67  0.08 -0.38  0.40 -0.41  5.50 40.31  0.94  0.75  0.76  1.42  0.63  1.69  0.72 -0.00  0.01
  6.49+ 6.33+  0.000 -0.000   0.00   0.00 -0.00 -0.00  0.00 -0.00************ -0.00  0.00 -0.00 -0.01 -0.00 -0.01 -0.00 -0.00 -0.00

  6.40+ MY=NY  0.449  0.349   4.07  -6.74 -0.02  0.25 -0.52 -0.25  5.50 40.13 -0.74  1.18 -1.52 -2.99  2.48 -2.09  1.27  5.50  5.10
  6.49+ 6.40+ -0.000 -0.000   0.00   0.00 -0.00 -0.00  0.00 -0.00************ -0.00 -0.00 -0.00  0.00  0.00  0.00  0.00  0.00  0.00

  6.49+ MY=NY -5.493 -5.493  33.88  53.00 -0.00 -0.00  0.16  0.16  7.50 63.81 -0.00  1.39 -1.39  2.88 -2.89  3.93 -3.76  7.50  8.51

 DECOUP:  0.00 SEC



   #   ENERGY +/-(#)    <Q20>    <Q22>     <R2>     <JZ>      #   ENERGY +/-(#)    <Q20>    <Q22>     <R2>     <JZ>

   1   1.5000  +(# 1)   0.2340  -0.2417   1.5631   0.5000    41   6.0125  -(#21)   2.8731  -2.3063   7.1548  -0.0020
   2   2.2295  -(# 1)   1.0985  -0.8532   2.7452   0.0965    42   6.0997  +(#21)   3.4755  -3.2357   8.3728  -0.0000
   3   2.3984  -(# 2)   0.4165  -0.8124   2.6814  -0.6812    43   6.2369  -(#22)   3.8841  -2.2887   7.2352   0.1304
   4   2.8721  -(# 3)  -0.3452   0.4570   2.3888   0.0847    44   6.2979  -(#23)   4.9165  -5.0753   9.8248  -0.0000
   5   2.9882  +(# 2)   1.9929  -1.4535   3.9277   0.0195    45   6.3315  +(#22)   3.4174  -2.9554   8.3173   0.0007
   6   3.1566  +(# 3)   1.6052  -1.4437   3.8939   0.5730    46   6.3319  -(#24)   4.1239  -1.8991   7.1845  -0.5141
   7   3.2596  +(# 4)   0.2959  -1.4150   3.7805   0.2603    47   6.3332  +(#23)  -0.3214   1.8344   5.1415   0.0396
   8   3.6824  +(# 5)   1.8593   0.4316   3.5756   0.2252    48   6.3786  -(#25)   1.5825  -0.9187   6.7971  -0.0064
   9   3.6986  -(# 4)   2.4842  -2.2155   5.1063   0.0009    49   6.3976  +(#24)  -2.0866   1.2660   5.0984  -0.0249
  10   3.7065  +(# 6)  -1.4284  -0.8154   3.5295   0.3624    50   6.4366  -(#26)  -1.9722  -4.3959   7.1325   1.4511
  11   4.0145  -(# 5)   3.3918  -1.0066   4.9625  -0.7065    51   6.4865  +(#25)   3.9290  -3.7647   8.5060  -0.0000
  12   4.0234  -(# 6)   1.6641  -1.9467   4.9898   1.1815    52   6.5420  +(#26)   3.1229  -2.1423   8.1458  -0.0371
  13   4.1396  -(# 7)  -0.5018  -2.6063   4.9302  -1.7380    53   6.5540  -(#27)   1.7580  -0.4643   6.7293  -0.0081
  14   4.2067  +(# 7)  -1.0494   1.3118   3.1759  -0.4404    54   6.6570  -(#28)   2.5754  -0.1688   6.7434   0.0103
  15   4.4181  +(# 8)   3.0658  -2.9411   6.2856   0.0000    55   6.6765  +(#27)   3.7716  -1.5875   8.0990   0.6133
  16   4.4492  -(# 8)   2.2483  -1.1407   4.8923   0.0169    56   6.6933  -(#29)   3.9505  -3.8042   9.5149  -0.0000
  17   4.4997  -(# 9)   1.6236  -0.1876   4.6681   0.1391    57   6.7363  +(#28)   3.5840  -3.1959   8.3746   0.0004
  18   4.5724  -(#10)  -1.0612  -1.8015   4.7383  -0.1169    58   6.7379  -(#30)  -2.4290  -2.1057   6.6803  -0.1834
  19   4.7519  +(# 9)   2.5810  -2.0688   6.0877  -0.0066    59   6.7680  +(#29)   3.7081  -1.2362   8.0302  -2.7933
  20   4.8709  +(#10)   3.0298  -2.1425   6.1381   0.1209    60   6.8377  +(#30)   5.5318  -5.7874  11.0045   0.0000
  21   4.9920  -(#11)   0.9444   1.0488   4.3882  -0.2152    61   6.8513  +(#31)  -3.6872  -4.0399   7.9263   5.3515
  22   5.0135  +(#11)   4.0014  -1.1356   6.0362  -1.2813    62   6.9639  -(#31)   3.6761  -3.3114   9.4031   0.0000
  23   5.0298  -(#12)  -1.8820   0.2497   4.2993   0.0955    63   7.0203  +(#32)   3.9959  -3.1212   8.3951   0.0148
  24   5.0627  -(#13)   3.6703  -3.6575   7.4652   0.0000    64   7.0244  +(#33)  -2.6666   3.3031   4.6818  -0.0837
  25   5.0838  +(#12)  -1.9315  -3.4954   5.9729   3.0747    65   7.0572  -(#32)   0.3372   0.7873   6.3854   0.0044
  26   5.1121  +(#13)   2.4681  -2.0398   6.0731   0.0031    66   7.0595  +(#34)   2.3173  -1.7570   8.0095   0.0011
  27   5.2710  +(#14)   2.2365  -1.2641   5.9136  -0.0079    67   7.1511  -(#33)   4.6557  -4.6318   9.7230   0.0000
  28   5.4018  +(#15)   3.7811  -1.1433   6.0194   0.3116    68   7.1622  +(#35)   4.4701  -2.6309   8.3455  -0.1762
  29   5.4243  -(#14)   2.9585  -2.6306   7.2206  -0.0002    69   7.1690  -(#34)   1.0163   1.3066   6.3475  -0.0030
  30   5.4762  +(#16)  -1.7970  -3.2027   5.9311  -0.5243    70   7.1988  -(#35)   3.2435  -2.5103   9.2223  -0.0023
  31   5.5807  -(#15)  -1.8925   2.3547   3.9175   0.3427    71   7.2367  -(#36)  -2.6183  -0.2227   6.3239   0.1198
  32   5.6141  -(#16)   3.1016  -2.5157   7.2116   0.0113    72   7.2448  +(#36)   4.4760  -4.4210  10.6700  -0.0000
  33   5.6849  +(#17)   0.9155  -0.0067   5.5769  -0.0042    73   7.2842  +(#37)   2.4082  -1.4196   7.9559   0.0411
  34   5.7217  +(#18)   4.3019  -4.3630   8.6451   0.0000    74   7.2915  +(#38)   5.2263  -2.1127   8.3143   1.2970
  35   5.7966  -(#17)   3.3416  -1.6631   7.0772  -0.3304    75   7.3710  -(#37)   3.3069  -1.9828   9.1321   0.0760
  36   5.7976  +(#19)   1.4927   0.5934   5.5160  -0.0209    76   7.3838  +(#39)  -3.3525  -5.4585   8.2107  -2.6499
  37   5.8031  -(#18)   3.1107  -2.8956   7.2811  -0.0235    77   7.4300  -(#38)   4.3189  -4.1131   9.6013   0.0000
  38   5.8631  +(#20)  -1.9007  -0.8515   5.4970  -0.0961    78   7.4360  +(#40)   2.8942  -1.1501   7.9473   0.0298
  39   5.8883  -(#19)   3.6711  -1.3280   7.0437   1.9729    79   7.4987  -(#39)   4.1475  -1.1449   9.0500  -1.0598
  40   5.9743  -(#20)  -2.5528  -3.5567   6.9327  -4.1789    80   7.5441  +(#41)   3.6778  -0.7623   7.9419  -0.4054



     PARITY: +     DIMENSION:  95     MATRIX:   0.0 SEC     DIAGONALISATION:   0.0 SEC
     PARITY: -     DIMENSION:  70     MATRIX:   0.0 SEC     DIAGONALISATION:   0.0 SEC
      TOTAL TIME:   0.0 SEC
