


         KAPPAP      MYP     KAPPAN      MYN
    0    0.1200    0.0000    0.1200    0.0000
    1    0.1200    0.0000    0.1200    0.0000
    2    0.1050    0.0000    0.1050    0.0000
    3    0.0900    0.3000    0.0900    0.2500
    4    0.0650    0.5700    0.0700    0.3900
    5    0.0600    0.6500    0.0620    0.4300
    6    0.0540    0.6900    0.0620    0.3400
    7    0.0540    0.6900    0.0620    0.2600
    8    0.0540    0.6900    0.0620    0.2600


     KAPPA    MY     EPS   GAMMA    EPS4     EPS6     W0/W00   NMAX  COUPL     OMROT      EFAC      QFAC
      SEE TABLE     0.326   40.0   0.000    0.000    1.01165     8     0     0.00000   6.65798   6.23312


                     **** PROTONS ****                     **** STRETCHED COORDINATES ****
    SYMMETRY R1= 1


   BASIS FUNCTIONS /N,L,J,OMEGA>,   PARITY -


   1 / 7 7 15/2 13/2>    15 / 7 5 11/2  1/2>    29 / 7 7 13/2 -7/2>    43 / 5 5 11/2  1/2>    57 / 5 5 11/2-11/2>
   2 / 7 7 13/2 13/2>    16 / 7 5  9/2  1/2>    30 / 7 5 11/2 -7/2>    44 / 5 5  9/2  1/2>    58 / 3 3  7/2  5/2>
   3 / 7 7 15/2  9/2>    17 / 7 3  7/2  1/2>    31 / 7 5  9/2 -7/2>    45 / 5 3  7/2  1/2>    59 / 3 3  5/2  5/2>
   4 / 7 7 13/2  9/2>    18 / 7 3  5/2  1/2>    32 / 7 3  7/2 -7/2>    46 / 5 3  5/2  1/2>    60 / 3 3  7/2  1/2>
   5 / 7 5 11/2  9/2>    19 / 7 1  3/2  1/2>    33 / 7 7 15/2-11/2>    47 / 5 1  3/2  1/2>    61 / 3 3  5/2  1/2>
   6 / 7 5  9/2  9/2>    20 / 7 1  1/2  1/2>    34 / 7 7 13/2-11/2>    48 / 5 1  1/2  1/2>    62 / 3 1  3/2  1/2>
   7 / 7 7 15/2  5/2>    21 / 7 7 15/2 -3/2>    35 / 7 5 11/2-11/2>    49 / 5 5 11/2 -3/2>    63 / 3 1  1/2  1/2>
   8 / 7 7 13/2  5/2>    22 / 7 7 13/2 -3/2>    36 / 7 7 15/2-15/2>    50 / 5 5  9/2 -3/2>    64 / 3 3  7/2 -3/2>
   9 / 7 5 11/2  5/2>    23 / 7 5 11/2 -3/2>    37 / 5 5 11/2  9/2>    51 / 5 3  7/2 -3/2>    65 / 3 3  5/2 -3/2>
  10 / 7 5  9/2  5/2>    24 / 7 5  9/2 -3/2>    38 / 5 5  9/2  9/2>    52 / 5 3  5/2 -3/2>    66 / 3 1  3/2 -3/2>
  11 / 7 3  7/2  5/2>    25 / 7 3  7/2 -3/2>    39 / 5 5 11/2  5/2>    53 / 5 1  3/2 -3/2>    67 / 3 3  7/2 -7/2>
  12 / 7 3  5/2  5/2>    26 / 7 3  5/2 -3/2>    40 / 5 5  9/2  5/2>    54 / 5 5 11/2 -7/2>    68 / 1 1  3/2  1/2>
  13 / 7 7 15/2  1/2>    27 / 7 1  3/2 -3/2>    41 / 5 3  7/2  5/2>    55 / 5 5  9/2 -7/2>    69 / 1 1  1/2  1/2>
  14 / 7 7 13/2  1/2>    28 / 7 7 15/2 -7/2>    42 / 5 3  5/2  5/2>    56 / 5 3  7/2 -7/2>    70 / 1 1  3/2 -3/2>


    SINGLE PARTICLE (PARITY-) WAVE FUNCTIONS IN THE ENERGY INTERVAL 6.0<E<8.0

 E=6.1144  -0.056364/ 37> 0.027085/ 38>-0.091880/ 39> 0.243537/ 40>-0.152476/ 41> 0.047403/ 42> 0.213133/ 43>
            0.195160/ 44>-0.541840/ 45> 0.155397/ 46>-0.253631/ 47> 0.095671/ 48> 0.056223/ 49>-0.489829/ 50>
           -0.351056/ 51>-0.159908/ 52>-0.090196/ 53>-0.083307/ 54>-0.137707/ 55>-0.046488/ 56>-0.001946/ 57>


 E=6.1516  -0.001421/ 37> 0.001961/ 38> 0.002638/ 39>-0.003284/ 40> 0.000705/ 41>-0.006500/ 42>-0.005677/ 43>
            0.003180/ 45>-0.004076/ 46> 0.012535/ 47> 0.018321/ 48> 0.015531/ 49> 0.003948/ 50> 0.014887/ 51>
           -0.014597/ 52> 0.089803/ 53>-0.096310/ 54> 0.022791/ 55>-0.329818/ 56> 0.933836/ 57>

 E=6.3055   0.018359/ 37>-0.078030/ 38>-0.051675/ 39>-0.566288/ 40> 0.151068/ 41>-0.071650/ 42>-0.014001/ 43>
            0.258282/ 44> 0.199279/ 45> 0.512286/ 46>-0.126210/ 47> 0.245258/ 48>-0.077522/ 49>-0.345339/ 50>
            0.209776/ 51>-0.008372/ 52> 0.043215/ 53> 0.129721/ 54>-0.087296/ 55> 0.033527/ 56> 0.018601/ 57>


 E=6.3467  -0.060492/ 37>-0.053378/ 38>-0.169532/ 39>-0.494498/ 40>-0.075885/ 41>-0.056197/ 42> 0.230552/ 43>
           -0.258654/ 44>-0.438741/ 45> 0.075306/ 46>-0.255666/ 47> 0.101792/ 48>-0.049521/ 49> 0.498065/ 50>
           -0.143811/ 51> 0.151263/ 52>-0.011525/ 53>-0.086476/ 54> 0.124165/ 55>-0.012897/ 56>-0.008979/ 57>


 E=6.4737   0.026931/ 37> 0.044369/ 38>-0.020211/ 39> 0.364789/ 40>-0.049740/ 41> 0.069342/ 42> 0.111477/ 43>
           -0.218426/ 44>-0.128030/ 45> 0.102939/ 46>-0.356537/ 47> 0.190454/ 48>-0.225544/ 49>-0.051785/ 50>
            0.610321/ 51>-0.017362/ 52> 0.121998/ 53> 0.133192/ 54> 0.357742/ 55> 0.132663/ 56> 0.038481/ 57>


 E=6.4989   0.104105/ 37>-0.034435/ 38>-0.061167/ 39>-0.129619/ 40> 0.254892/ 41>-0.069378/ 42>-0.040991/ 43>
            0.146338/ 44> 0.107801/ 45>-0.182606/ 46>-0.134999/ 47> 0.007090/ 48> 0.106958/ 49>-0.046975/ 50>
           -0.177195/ 51>-0.502777/ 52>-0.196049/ 53>-0.149159/ 54> 0.670918/ 55> 0.051663/ 56>-0.001716/ 57>


 E=6.6051   0.010104/  1> 0.099254/  3>-0.002926/  4> 0.008632/  5> 0.382567/  7>-0.008361/  8> 0.055787/  9>
           -0.001955/ 10> 0.005067/ 11> 0.675377/ 13>-0.003362/ 14> 0.119299/ 15>-0.001082/ 16> 0.016162/ 17>
           -0.000359/ 18> 0.001922/ 19> 0.558914/ 21> 0.007975/ 22> 0.092676/ 23> 0.002297/ 24> 0.011044/ 25>
            0.000552/ 26> 0.000872/ 27> 0.215774/ 28> 0.005841/ 29> 0.025650/ 30> 0.000986/ 31> 0.001402/ 32>
            0.036384/ 33> 0.001039/ 34> 0.001867/ 35> 0.001854/ 36>

 E=6.6433  -0.246864/ 37> 0.050588/ 38> 0.170523/ 39>-0.149934/ 40>-0.648433/ 41> 0.071246/ 42>-0.033364/ 43>
            0.020832/ 44>-0.058351/ 45> 0.217552/ 46> 0.436093/ 47>-0.093449/ 48> 0.013396/ 49>-0.125260/ 50>
            0.020878/ 51>-0.001045/ 52> 0.056144/ 53>-0.036267/ 54> 0.431228/ 55> 0.037060/ 56>-0.010194/ 57>


 E=6.7367   0.076049/ 37> 0.824130/ 38>-0.015287/ 39>-0.030588/ 40>-0.020750/ 41>-0.454594/ 42> 0.004815/ 43>
            0.012510/ 44>-0.010016/ 45>-0.057984/ 46> 0.060971/ 47> 0.222608/ 48>-0.002418/ 49> 0.010955/ 50>
           -0.020881/ 51>-0.051125/ 52> 0.157173/ 53> 0.022913/ 54>-0.004505/ 55>-0.129153/ 56>-0.068930/ 57>


 E=6.8709  -0.019139/ 37> 0.059887/ 38>-0.036313/ 39>-0.291112/ 40>-0.058836/ 41>-0.097380/ 42> 0.109863/ 43>
            0.339163/ 44>-0.294227/ 45>-0.493371/ 46> 0.028016/ 47>-0.371703/ 48>-0.129581/ 49>-0.117721/ 50>
            0.390945/ 51>-0.056247/ 52>-0.067532/ 53> 0.048657/ 54>-0.142095/ 55> 0.273357/ 56> 0.111848/ 57>


 E=6.8716   0.033223/  1>-0.001325/  2> 0.250125/  3>-0.016959/  4> 0.024697/  5>-0.001521/  6> 0.587566/  7>
           -0.058408/  8> 0.100566/  9>-0.011266/ 10> 0.010954/ 11>-0.001247/ 12> 0.220111/ 13>-0.086378/ 14>
            0.047210/ 15>-0.019053/ 16> 0.008173/ 17>-0.003405/ 18> 0.001399/ 19>-0.000610/ 20>-0.534677/ 21>
           -0.077236/ 22>-0.105933/ 23>-0.016745/ 24>-0.015634/ 25>-0.002800/ 26>-0.001615/ 27>-0.444632/ 28>
           -0.035775/ 29>-0.060958/ 30>-0.005313/ 31>-0.003888/ 32>-0.106701/ 33>-0.005924/ 34>-0.006131/ 35>

-0.006696/ 36>

 E=6.8771  -0.016592/ 37>-0.306349/ 38>-0.022178/ 39>-0.054955/ 40> 0.035751/ 41>-0.038782/ 42> 0.048881/ 43>
            0.125622/ 44>-0.142135/ 45>-0.248358/ 46> 0.109347/ 47> 0.101336/ 48>-0.059774/ 49>-0.044685/ 50>
            0.092066/ 51>-0.140576/ 52> 0.531845/ 53> 0.123283/ 54> 0.062926/ 55>-0.610730/ 56>-0.261697/ 57>


 E=7.0039  -0.116988/ 37>-0.021904/ 38> 0.116771/ 39>-0.065093/ 40>-0.477215/ 41> 0.071552/ 42>-0.062050/ 43>
           -0.011060/ 44> 0.238028/ 45>-0.105837/ 46>-0.298903/ 47> 0.200656/ 48>-0.009044/ 49> 0.229606/ 50>
            0.085744/ 51>-0.566351/ 52>-0.160042/ 53> 0.037140/ 54>-0.342821/ 55>-0.089311/ 56>-0.016404/ 57>


 E=7.0701  -0.072325/  1> 0.003283/  2>-0.407217/  3> 0.032806/  4>-0.038251/  5> 0.002947/  6>-0.447822/  7>
            0.066989/  8>-0.036989/  9> 0.011878/ 10>-0.001271/ 11> 0.001028/ 12> 0.455574/ 13> 0.017340/ 14>
            0.247842/ 15> 0.000996/ 16> 0.065501/ 17>-0.001856/ 18> 0.013200/ 19>-0.002020/ 20>-0.010169/ 21>
           -0.049710/ 22> 0.088400/ 23>-0.008297/ 24> 0.023118/ 25> 0.002795/ 27>-0.536984/ 28>-0.054205/ 29>
           -0.062604/ 30>-0.007899/ 31>-0.003678/ 32>-0.198197/ 33>-0.012725/ 34>-0.011278/ 35>-0.015394/ 36>


 E=7.2177  -0.086035/  1> 0.004331/  2>-0.360077/  3> 0.033774/  4>-0.030113/  5> 0.002629/  6>-0.047921/  7>
            0.031696/  8> 0.062624/  9>-0.002526/ 10> 0.015299/ 11>-0.001446/ 12> 0.323613/ 13>-0.025356/ 14>
            0.161424/ 15>-0.029869/ 16> 0.055203/ 17>-0.012865/ 18> 0.015668/ 19>-0.005266/ 20>-0.507947/ 21>
           -0.004166/ 22>-0.279893/ 23>-0.026826/ 24>-0.074067/ 25>-0.011398/ 26>-0.011208/ 27> 0.513687/ 28>
            0.066408/ 29> 0.032490/ 30> 0.006408/ 31> 0.321877/ 33> 0.023239/ 34> 0.017691/ 35> 0.030527/ 36>


 E=7.2184   0.027156/ 37> 0.374163/ 38>-0.011268/ 39>-0.114382/ 40> 0.048630/ 41> 0.476068/ 42>-0.002146/ 43>
            0.000733/ 44> 0.057776/ 45> 0.136295/ 46>-0.250492/ 47>-0.511210/ 48>-0.017802/ 49>-0.023543/ 50>
            0.073438/ 51> 0.047532/ 52>-0.156332/ 53> 0.062288/ 54> 0.064786/ 55>-0.462330/ 56>-0.127504/ 57>


 E=7.3289  -0.231913/  1> 0.012279/  2>-0.709825/  3> 0.072872/  4>-0.044437/  5> 0.004633/  6> 0.454906/  7>
            0.002756/  8> 0.295332/  9>-0.028204/ 10> 0.058365/ 11>-0.007197/ 12>-0.254741/ 13>-0.013213/ 14>
           -0.143062/ 15>-0.013235/ 16>-0.080052/ 17> 0.001514/ 18>-0.028215/ 19> 0.005971/ 20> 0.150910/ 21>
            0.008877/ 22> 0.074440/ 23> 0.007604/ 24> 0.016383/ 25> 0.003596/ 26> 0.002620/ 27>-0.070188/ 28>
           -0.012502/ 29> 0.009044/ 30> 0.001660/ 32>-0.097078/ 33>-0.007381/ 34>-0.004910/ 35>-0.011130/ 36>


 E=7.4291   0.002978/  1> 0.003705/  2> 0.028721/  3> 0.067188/  4> 0.004766/  6> 0.085299/  7> 0.345482/  8>
            0.003004/  9> 0.057378/ 10>-0.002112/ 11> 0.004786/ 12> 0.033657/ 13> 0.695130/ 14> 0.000563/ 15>
            0.155829/ 16>-0.002704/ 17> 0.027830/ 18>-0.002030/ 19> 0.004214/ 20>-0.080879/ 21> 0.549593/ 22>
           -0.003013/ 23> 0.111409/ 24> 0.003339/ 25> 0.015575/ 26> 0.001337/ 27>-0.057211/ 28> 0.172009/ 29>
            0.000667/ 30> 0.021016/ 31> 0.000934/ 32>-0.017078/ 33> 0.019003/ 34>-0.001419/ 36>

 E=7.4292  -0.051059/ 37>-0.031311/ 38> 0.068907/ 39>-0.067692/ 40>-0.287117/ 41>-0.037608/ 42>-0.070112/ 43>
            0.154471/ 44> 0.299460/ 45>-0.375346/ 46>-0.480833/ 47> 0.123008/ 48> 0.052841/ 49>-0.195396/ 50>
           -0.186920/ 51> 0.534667/ 52> 0.084740/ 53>-0.025079/ 54> 0.167129/ 55>-0.004497/ 56>-0.004625/ 57>


 E=7.4690   0.007831/  1>-0.000514/  2> 0.012831/  3>-0.002434/  4>-0.022613/  7>-0.000992/  8>-0.009284/  9>
            0.001844/ 10>-0.002219/ 11> 0.045154/ 13>-0.008644/ 14> 0.026341/ 15>-0.003147/ 16> 0.008361/ 17>
           -0.007209/ 18> 0.006857/ 19>-0.004604/ 20>-0.118274/ 21> 0.006708/ 22>-0.080519/ 23> 0.013002/ 24>
           -0.069663/ 25>-0.006333/ 26>-0.016808/ 27> 0.335394/ 28>-0.014991/ 29> 0.297889/ 30> 0.027720/ 31>
            0.036100/ 32>-0.861561/ 33>-0.072019/ 34>-0.035263/ 35>-0.134355/ 36>

 E=7.5926  -0.019158/ 37>-0.229290/ 38> 0.014414/ 39> 0.117267/ 40>-0.086056/ 41>-0.610702/ 42> 0.003550/ 43>
           -0.031540/ 44>-0.007801/ 45> 0.104173/ 46>-0.016935/ 47>-0.152689/ 48>-0.028233/ 49>-0.029301/ 50>
            0.168372/ 51> 0.139020/ 52>-0.560139/ 53> 0.050325/ 54> 0.047226/ 55>-0.379029/ 56>-0.075523/ 57>


 E=7.6452   0.922259/  1>-0.055478/  2>-0.218724/  3>-0.016433/  4>-0.295630/  5> 0.023039/  6> 0.052766/  7>
            0.011141/  8> 0.044422/  9> 0.012565/ 10> 0.067915/ 11>-0.007318/ 12>-0.012081/ 13>-0.014509/ 15>
           -0.000762/ 16>-0.004670/ 17>-0.005677/ 18>-0.011582/ 19> 0.002143/ 20> 0.004651/ 21>-0.004564/ 22>
           -0.002241/ 23>-0.000860/ 24>-0.001816/ 26>-0.000683/ 27>-0.001509/ 28>-0.003136/ 29>-0.001729/ 30>
            0.000402/ 33>-0.000542/ 34>

 E=7.6594   0.017857/  1>-0.009800/  2> 0.024732/  3>-0.128995/  4> 0.031997/  5>-0.011272/  6>-0.014529/  7>
           -0.415296/  8> 0.222836/  9>-0.092187/ 10> 0.049211/ 11>-0.011323/ 12>-0.120551/ 13>-0.185687/ 14>
            0.474146/ 15>-0.061652/ 16> 0.161258/ 17>-0.020240/ 18> 0.037116/ 19>-0.008812/ 20>-0.073300/ 21>
            0.426091/ 22> 0.369380/ 23> 0.119504/ 24> 0.108842/ 25> 0.026371/ 26> 0.016225/ 27> 0.019349/ 28>
            0.276601/ 29> 0.102899/ 30> 0.043275/ 31> 0.013028/ 32> 0.018687/ 33> 0.043778/ 34> 0.007958/ 35>

 0.001870/ 36>

 E=7.8179  -0.016864/  1>-0.007842/  2>-0.090766/  3>-0.116831/  4>-0.033272/  5>-0.007931/  6>-0.064101/  7>
           -0.398349/  8>-0.215008/  9>-0.066971/ 10>-0.040140/ 11>-0.004366/ 12> 0.185022/ 13>-0.191270/ 14>
           -0.481989/ 15>-0.048410/ 16>-0.165861/ 17>-0.006045/ 18>-0.036982/ 19> 0.003968/ 20> 0.062524/ 21>
            0.422366/ 22>-0.359510/ 23> 0.089429/ 24>-0.098071/ 25> 0.009868/ 26>-0.011911/ 27>-0.113669/ 28>
            0.265425/ 29>-0.096125/ 30> 0.031828/ 31>-0.009557/ 32>-0.047676/ 33> 0.039963/ 34>-0.006899/ 35>

-0.004445/ 36>

 E=7.8488  -0.000425/  4>-0.000989/  8> 0.000541/ 12> 0.000816/ 13> 0.000508/ 17> 0.000707/ 18>-0.001018/ 19>
           -0.002409/ 20>-0.003505/ 21> 0.001075/ 22>-0.003556/ 23> 0.000972/ 24>-0.001374/ 25> 0.003913/ 26>
           -0.013906/ 27> 0.019294/ 28>-0.003791/ 29> 0.023868/ 30>-0.008523/ 31> 0.069816/ 32>-0.116817/ 33>
            0.016372/ 34>-0.296181/ 35> 0.944570/ 36>

 E=7.8995  -0.003333/  1>-0.026240/  2>-0.035036/  3>-0.299157/  4> 0.032563/  5>-0.023603/  6>-0.040029/  7>
           -0.559184/  8> 0.128027/  9>-0.072800/ 10> 0.029540/ 11>-0.005784/ 12> 0.012936/ 13> 0.433816/ 14>
            0.036701/ 15> 0.370134/ 16>-0.016583/ 17> 0.142035/ 18>-0.025300/ 19> 0.038729/ 20> 0.000571/ 21>
           -0.133933/ 22>-0.099596/ 23> 0.066901/ 24>-0.029171/ 25> 0.021570/ 26>-0.002453/ 27> 0.039106/ 28>
           -0.413516/ 29>-0.060189/ 30>-0.051852/ 31>-0.009382/ 32> 0.013527/ 33>-0.089334/ 34>-0.005702/ 35>

-0.000676/ 36>

  Q20Q22:  0.00 SEC    QTME:  0.00 SEC



    SYMMETRY R1= 1


   BASIS FUNCTIONS /N,L,J,OMEGA>,   PARITY +


   1 / 8 8 17/2 17/2>    20 / 8 6 11/2  1/2>    39 / 8 4  7/2 -7/2>    58 / 6 4  7/2  1/2>    77 / 4 2  5/2  5/2>
   2 / 8 8 17/2 13/2>    21 / 8 4  9/2  1/2>    40 / 8 8 17/2-11/2>    59 / 6 2  5/2  1/2>    78 / 4 4  9/2  1/2>
   3 / 8 8 15/2 13/2>    22 / 8 4  7/2  1/2>    41 / 8 8 15/2-11/2>    60 / 6 2  3/2  1/2>    79 / 4 4  7/2  1/2>
   4 / 8 6 13/2 13/2>    23 / 8 2  5/2  1/2>    42 / 8 6 13/2-11/2>    61 / 6 0  1/2  1/2>    80 / 4 2  5/2  1/2>
   5 / 8 8 17/2  9/2>    24 / 8 2  3/2  1/2>    43 / 8 6 11/2-11/2>    62 / 6 6 13/2 -3/2>    81 / 4 2  3/2  1/2>
   6 / 8 8 15/2  9/2>    25 / 8 0  1/2  1/2>    44 / 8 8 17/2-15/2>    63 / 6 6 11/2 -3/2>    82 / 4 0  1/2  1/2>
   7 / 8 6 13/2  9/2>    26 / 8 8 17/2 -3/2>    45 / 8 8 15/2-15/2>    64 / 6 4  9/2 -3/2>    83 / 4 4  9/2 -3/2>
   8 / 8 6 11/2  9/2>    27 / 8 8 15/2 -3/2>    46 / 6 6 13/2 13/2>    65 / 6 4  7/2 -3/2>    84 / 4 4  7/2 -3/2>
   9 / 8 4  9/2  9/2>    28 / 8 6 13/2 -3/2>    47 / 6 6 13/2  9/2>    66 / 6 2  5/2 -3/2>    85 / 4 2  5/2 -3/2>
  10 / 8 8 17/2  5/2>    29 / 8 6 11/2 -3/2>    48 / 6 6 11/2  9/2>    67 / 6 2  3/2 -3/2>    86 / 4 2  3/2 -3/2>
  11 / 8 8 15/2  5/2>    30 / 8 4  9/2 -3/2>    49 / 6 4  9/2  9/2>    68 / 6 6 13/2 -7/2>    87 / 4 4  9/2 -7/2>
  12 / 8 6 13/2  5/2>    31 / 8 4  7/2 -3/2>    50 / 6 6 13/2  5/2>    69 / 6 6 11/2 -7/2>    88 / 4 4  7/2 -7/2>
  13 / 8 6 11/2  5/2>    32 / 8 2  5/2 -3/2>    51 / 6 6 11/2  5/2>    70 / 6 4  9/2 -7/2>    89 / 2 2  5/2  5/2>
  14 / 8 4  9/2  5/2>    33 / 8 2  3/2 -3/2>    52 / 6 4  9/2  5/2>    71 / 6 4  7/2 -7/2>    90 / 2 2  5/2  1/2>
  15 / 8 4  7/2  5/2>    34 / 8 8 17/2 -7/2>    53 / 6 4  7/2  5/2>    72 / 6 6 13/2-11/2>    91 / 2 2  3/2  1/2>
  16 / 8 2  5/2  5/2>    35 / 8 8 15/2 -7/2>    54 / 6 2  5/2  5/2>    73 / 6 6 11/2-11/2>    92 / 2 0  1/2  1/2>
  17 / 8 8 17/2  1/2>    36 / 8 6 13/2 -7/2>    55 / 6 6 13/2  1/2>    74 / 4 4  9/2  9/2>    93 / 2 2  5/2 -3/2>
  18 / 8 8 15/2  1/2>    37 / 8 6 11/2 -7/2>    56 / 6 6 11/2  1/2>    75 / 4 4  9/2  5/2>    94 / 2 2  3/2 -3/2>
  19 / 8 6 13/2  1/2>    38 / 8 4  9/2 -7/2>    57 / 6 4  9/2  1/2>    76 / 4 4  7/2  5/2>    95 / 0 0  1/2  1/2>


    SINGLE PARTICLE (PARITY+) WAVE FUNCTIONS IN THE ENERGY INTERVAL 6.0<E<8.0

 E=6.0811  -0.067267/ 75>-0.346326/ 76> 0.042379/ 77> 0.118192/ 78> 0.340130/ 79>-0.349283/ 80>-0.581827/ 81>
            0.186408/ 82>-0.133042/ 83>-0.176051/ 84> 0.430547/ 85> 0.018084/ 86> 0.107004/ 87>-0.054484/ 88>


 E=6.2365   0.147041/ 74>-0.087073/ 75> 0.094551/ 76> 0.528232/ 77> 0.033778/ 78>-0.024100/ 79>-0.151981/ 80>
            0.126115/ 81> 0.333826/ 82> 0.016838/ 83>-0.155843/ 84>-0.094941/ 85> 0.558002/ 86>-0.039780/ 87>
            0.429104/ 88>

 E=6.2396   0.013380/ 46> 0.184469/ 47>-0.014060/ 48> 0.013393/ 49> 0.580451/ 50>-0.070300/ 51> 0.102023/ 52>
           -0.013631/ 53> 0.009176/ 54> 0.253934/ 55>-0.116420/ 56> 0.063871/ 57>-0.029466/ 58> 0.013595/ 59>
           -0.006412/ 60> 0.002979/ 61>-0.584557/ 62>-0.101802/ 63>-0.127901/ 64>-0.024764/ 65>-0.020032/ 66>
           -0.004113/ 67>-0.390347/ 68>-0.037407/ 69>-0.049098/ 70>-0.004428/ 71>-0.063087/ 72>-0.003386/ 73>


 E=6.4149  -0.029485/ 46>-0.320865/ 47> 0.026123/ 48>-0.022298/ 49>-0.553850/ 50> 0.078364/ 51>-0.061207/ 52>
            0.013962/ 53>-0.003883/ 54> 0.465517/ 55> 0.017756/ 56> 0.314806/ 57>-0.005575/ 58> 0.097563/ 59>
           -0.009654/ 60> 0.020819/ 61>-0.114724/ 62>-0.052747/ 63> 0.066198/ 64>-0.009471/ 65> 0.018414/ 66>
           -0.463619/ 68>-0.047643/ 69>-0.051095/ 70>-0.005618/ 71>-0.106322/ 72>-0.006027/ 73>

 E=6.5394   0.020083/ 46> 0.177721/ 47>-0.016939/ 48> 0.012056/ 49> 0.128784/ 50>-0.030223/ 51>-0.008371/ 52>
           -0.003792/ 54>-0.276625/ 55> 0.023892/ 56>-0.154452/ 57> 0.042539/ 58>-0.069972/ 59> 0.024766/ 60>
           -0.023084/ 61> 0.454177/ 62>-0.006285/ 63> 0.324364/ 64> 0.038481/ 65> 0.087862/ 66> 0.015914/ 67>
           -0.678447/ 68>-0.083193/ 69>-0.061382/ 70>-0.007716/ 71>-0.221318/ 72>-0.013951/ 73>

 E=6.6539  -0.057384/ 74> 0.050135/ 75>-0.072257/ 76>-0.300441/ 77>-0.046739/ 78> 0.113916/ 79> 0.223684/ 80>
           -0.327799/ 81>-0.556403/ 82> 0.038627/ 83>-0.148259/ 84>-0.160033/ 85> 0.573075/ 86>-0.025967/ 87>
            0.195713/ 88>

 E=6.6672  -0.128593/ 46>-0.849459/ 47> 0.083287/ 48>-0.048304/ 49> 0.324246/ 50> 0.013352/ 51> 0.325276/ 52>
           -0.038028/ 53> 0.052611/ 54>-0.128880/ 55>-0.025535/ 56>-0.076786/ 57>-0.027144/ 58>-0.078301/ 59>
            0.005393/ 60>-0.028881/ 61> 0.060638/ 62>-0.004449/ 63> 0.035883/ 64>-0.003972/ 65> 0.004362/ 66>
           -0.030770/ 68>-0.004625/ 69> 0.001191/ 70>-0.000556/ 71>-0.020049/ 72>-0.001206/ 73>

 E=6.7042  -0.000989/ 46> 0.009943/ 47> 0.041425/ 48>-0.000767/ 49> 0.113056/ 50> 0.301729/ 51> 0.010242/ 52>
            0.046770/ 53>-0.001254/ 54> 0.050876/ 55> 0.722032/ 56>-0.001154/ 57> 0.184738/ 58>-0.009053/ 59>
            0.038350/ 60>-0.007494/ 61>-0.115475/ 62> 0.534006/ 63>-0.006783/ 64> 0.114956/ 65> 0.005516/ 66>
            0.014071/ 67>-0.062030/ 68> 0.127597/ 69>-0.000664/ 70> 0.011714/ 71>-0.009917/ 72> 0.007754/ 73>


 E=6.8375   0.000725/ 46> 0.003677/ 47>-0.001968/ 48> 0.000571/ 49>-0.005121/ 50>-0.002649/ 51> 0.002664/ 53>
           -0.001077/ 54> 0.012117/ 55>-0.005845/ 56> 0.013267/ 57>-0.000534/ 58>-0.001338/ 59>-0.012875/ 60>
            0.007337/ 61>-0.050231/ 62> 0.008673/ 63>-0.036271/ 64> 0.019222/ 65>-0.078224/ 66>-0.011840/ 67>
            0.204556/ 68>-0.021764/ 69> 0.319834/ 70> 0.031373/ 71>-0.915909/ 72>-0.065832/ 73>

 E=6.9031  -0.004846/ 46>-0.046579/ 47> 0.072414/ 48>-0.018695/ 49>-0.022393/ 50> 0.354919/ 51>-0.195997/ 52>
            0.080207/ 53>-0.034032/ 54> 0.164668/ 55> 0.205995/ 56>-0.507859/ 57> 0.097666/ 58>-0.205248/ 59>
            0.047437/ 60>-0.053305/ 61> 0.073178/ 62>-0.452137/ 63>-0.370630/ 64>-0.144732/ 65>-0.113862/ 66>
           -0.031014/ 67>-0.051465/ 68>-0.209264/ 69>-0.073258/ 70>-0.025449/ 71>-0.026562/ 72>-0.018102/ 73>


 E=7.0394   0.937600/ 46>-0.106094/ 47>-0.019099/ 48>-0.318384/ 49> 0.017576/ 50> 0.005177/ 51> 0.018665/ 52>
            0.012473/ 53> 0.081767/ 54>-0.003561/ 55>-0.002039/ 56>-0.002292/ 57>-0.001477/ 58> 0.003009/ 59>
           -0.008341/ 60>-0.016345/ 61> 0.000699/ 62> 0.000793/ 63> 0.000667/ 64> 0.000564/ 65> 0.001761/ 66>
           -0.003943/ 67> 0.000622/ 69> 0.001194/ 71>-0.000389/ 73>

 E=7.0917   0.007978/ 46> 0.080510/ 47> 0.040150/ 48> 0.017452/ 49> 0.097776/ 50> 0.272437/ 51> 0.183259/ 52>
            0.043452/ 53> 0.025079/ 54>-0.201083/ 55> 0.299308/ 56> 0.469129/ 57> 0.143328/ 58> 0.168971/ 59>
            0.038268/ 60> 0.026161/ 61>-0.038516/ 62>-0.525451/ 63> 0.301292/ 64>-0.111615/ 65> 0.073976/ 66>
           -0.009616/ 67> 0.141822/ 68>-0.241352/ 69> 0.058765/ 70>-0.021358/ 71> 0.035856/ 72>-0.019176/ 73>


 E=7.1159  -0.001187/ 46> 0.044345/ 47> 0.196939/ 48>-0.011483/ 49> 0.084244/ 50> 0.705748/ 51>-0.084231/ 52>
            0.100518/ 53>-0.016726/ 54>-0.073698/ 55>-0.304982/ 56> 0.046713/ 57>-0.455479/ 58> 0.124546/ 59>
           -0.225784/ 60> 0.094864/ 61> 0.032326/ 62> 0.130962/ 63> 0.044243/ 64>-0.050546/ 65> 0.012494/ 66>
           -0.012940/ 67>-0.031038/ 68> 0.167962/ 69> 0.010067/ 70> 0.013561/ 71>-0.009242/ 72> 0.017432/ 73>


 E=7.1920   0.000834/  1> 0.018166/  2>-0.000433/  3> 0.000777/  4> 0.124952/  5>-0.003024/  6> 0.012429/  7>
           -0.000388/  8> 0.000535/  9> 0.400505/ 10>-0.006624/ 11> 0.057108/ 12>-0.001457/ 13> 0.005502/ 14>
            0.654530/ 17>-0.002368/ 18> 0.107250/ 19>-0.000642/ 20> 0.013342/ 21> 0.001460/ 23> 0.555865/ 26>
            0.005853/ 27> 0.087009/ 28> 0.001479/ 29> 0.009964/ 30> 0.000894/ 32> 0.244075/ 34> 0.005175/ 35>
            0.030064/ 36> 0.000917/ 37> 0.002164/ 38> 0.053016/ 40> 0.001337/ 41> 0.003843/ 42> 0.004767/ 44>


 E=7.2531   0.005999/ 46> 0.026658/ 47>-0.015419/ 48> 0.012350/ 49>-0.045438/ 50> 0.017977/ 51> 0.048895/ 52>
            0.008235/ 53>-0.002882/ 54> 0.065551/ 55> 0.030533/ 56>-0.069604/ 57> 0.083234/ 58>-0.270341/ 59>
            0.136536/ 60>-0.148020/ 61>-0.078492/ 62>-0.220208/ 63> 0.270303/ 64>-0.331856/ 65>-0.022103/ 66>
           -0.089783/ 67>-0.031026/ 68> 0.753578/ 69> 0.177330/ 70> 0.075607/ 71> 0.017144/ 72> 0.103334/ 73>


 E=7.2838   0.011449/ 46> 0.075874/ 47>-0.066676/ 48> 0.036704/ 49>-0.034837/ 50>-0.152046/ 51> 0.290715/ 52>
           -0.110598/ 53> 0.063059/ 54>-0.138723/ 55> 0.232397/ 56> 0.220820/ 57>-0.237576/ 58> 0.184614/ 59>
           -0.155057/ 60> 0.094830/ 61> 0.247354/ 62>-0.038911/ 63>-0.525878/ 64>-0.346981/ 65>-0.253180/ 66>
           -0.114935/ 67>-0.143059/ 68> 0.194957/ 69>-0.134266/ 70>-0.007074/ 71>-0.059387/ 72> 0.025675/ 73>


 E=7.4188  -0.037778/ 46>-0.189093/ 47> 0.160766/ 48>-0.114003/ 49> 0.213695/ 50>-0.171734/ 51>-0.630981/ 52>
            0.012316/ 53>-0.088166/ 54>-0.086899/ 55> 0.069719/ 56> 0.030689/ 57> 0.180863/ 58> 0.489933/ 59>
           -0.034551/ 60> 0.224000/ 61> 0.048249/ 62>-0.138690/ 63>-0.058603/ 64>-0.008590/ 65> 0.072653/ 66>
            0.011247/ 67>-0.024100/ 68> 0.265474/ 69>-0.022971/ 70> 0.031528/ 71>-0.030920/ 72> 0.035700/ 73>


 E=7.4560   0.007354/ 46> 0.119264/ 47> 0.844915/ 48>-0.061537/ 49>-0.061386/ 50>-0.103898/ 51> 0.074356/ 52>
           -0.429320/ 53> 0.093650/ 54> 0.024461/ 55> 0.025321/ 56>-0.013971/ 57>-0.046025/ 58>-0.036508/ 59>
            0.161041/ 60>-0.103464/ 61>-0.014148/ 62> 0.022521/ 63> 0.001945/ 64>-0.039449/ 65> 0.067351/ 66>
            0.013552/ 67> 0.021951/ 68>-0.040551/ 69>-0.057416/ 70>-0.015224/ 71>-0.025020/ 72>-0.009099/ 73>


 E=7.4640   0.003255/  1> 0.058895/  2>-0.002509/  3> 0.002772/  4> 0.303670/  5>-0.017866/  6> 0.033918/  7>
           -0.002109/  8> 0.001651/  9> 0.578049/ 10>-0.048277/ 11> 0.094632/ 12>-0.008849/ 13> 0.010659/ 14>
           -0.001122/ 15> 0.000714/ 16> 0.196023/ 17>-0.066578/ 18> 0.037504/ 19>-0.013191/ 20> 0.005622/ 21>
           -0.002052/ 22> 0.000786/ 23>-0.492902/ 26>-0.060514/ 27>-0.089470/ 28>-0.011860/ 29>-0.012189/ 30>
           -0.001806/ 31>-0.001352/ 32>-0.478293/ 34>-0.032515/ 35>-0.066888/ 36>-0.005092/ 37>-0.005531/ 38>

-0.000407/ 39>-0.151498/ 40>-0.007748/ 41>-0.012206/ 42>-0.000549/ 43>-0.017114/ 44>-0.000530/ 45>


 E=7.6230  -0.002078/ 46> 0.005804/ 47>-0.162948/ 48> 0.018249/ 49>-0.014826/ 50> 0.090908/ 51> 0.067137/ 52>
           -0.019116/ 53> 0.037077/ 54> 0.009019/ 55>-0.047581/ 56>-0.018358/ 57> 0.004385/ 58> 0.078000/ 59>
            0.227057/ 60>-0.117205/ 61>-0.025910/ 62>-0.001890/ 63>-0.045878/ 64>-0.097240/ 65> 0.501562/ 66>
            0.097230/ 67> 0.156091/ 68> 0.140439/ 69>-0.702464/ 70>-0.051932/ 71>-0.257693/ 72>-0.066100/ 73>


 E=7.6513   0.007288/ 46> 0.045183/ 47> 0.115150/ 48> 0.012391/ 49> 0.003489/ 50> 0.227834/ 51> 0.138720/ 52>
            0.168112/ 53>-0.103630/ 55>-0.353292/ 56> 0.254823/ 57> 0.548524/ 58> 0.002350/ 59> 0.306024/ 60>
           -0.079947/ 61> 0.140964/ 62> 0.041186/ 63>-0.350345/ 64> 0.262172/ 65>-0.188643/ 66> 0.035010/ 67>
           -0.085283/ 68> 0.154705/ 69> 0.035814/ 71> 0.002799/ 72> 0.036038/ 73>

 E=7.6788  -0.008453/  1>-0.126332/  2> 0.006488/  3>-0.006002/  4>-0.465514/  5> 0.035619/  6>-0.048859/  7>
            0.004190/  8>-0.002337/  9>-0.359427/ 10> 0.057126/ 11>-0.019029/ 12> 0.009709/ 13> 0.001240/ 14>
            0.000978/ 15> 0.443484/ 17> 0.015333/ 18> 0.200397/ 19> 0.002083/ 20> 0.046143/ 21> 0.008236/ 23>
           -0.000420/ 24> 0.001173/ 25> 0.062795/ 26>-0.042621/ 27> 0.091081/ 28>-0.006980/ 29> 0.021726/ 30>
           -0.000432/ 31> 0.003107/ 32>-0.537646/ 34>-0.052194/ 35>-0.061338/ 36>-0.007969/ 37>-0.004392/ 38>

-0.000589/ 39>-0.280430/ 40>-0.017803/ 41>-0.022311/ 42>-0.001269/ 43>-0.040557/ 44>-0.001481/ 45>


 E=7.6857  -0.016078/ 46> 0.004984/ 47> 0.010818/ 48>-0.031696/ 49> 0.000776/ 50>-0.003795/ 51>-0.005769/ 52>
            0.014573/ 53> 0.037052/ 54>-0.002594/ 55>-0.001861/ 56> 0.004186/ 57> 0.017693/ 58> 0.008246/ 59>
           -0.038885/ 60>-0.050171/ 61> 0.005779/ 62>-0.010709/ 63>-0.003889/ 64> 0.013015/ 65>-0.002303/ 66>
           -0.157854/ 67>-0.019383/ 68> 0.063158/ 69> 0.002670/ 70> 0.411028/ 71> 0.075372/ 72>-0.887846/ 73>


 E=7.7781  -0.017354/ 46>-0.079979/ 47> 0.003085/ 48>-0.063651/ 49> 0.123470/ 50>-0.022097/ 51>-0.385828/ 52>
            0.104980/ 53>-0.119572/ 54>-0.090473/ 55>-0.078326/ 56> 0.311345/ 57>-0.020703/ 58>-0.268734/ 59>
            0.228963/ 60>-0.246711/ 61> 0.010396/ 62> 0.268709/ 63> 0.046667/ 64>-0.507133/ 65>-0.215139/ 66>
           -0.184828/ 67> 0.028839/ 68>-0.253905/ 69>-0.112707/ 70>-0.100306/ 71>-0.018801/ 72>-0.039937/ 73>


 E=7.8488   0.015314/  1> 0.189459/  2>-0.011006/  3> 0.008787/  4> 0.470130/  5>-0.044004/  6> 0.038789/  7>
           -0.004267/  8> 0.001295/  9>-0.092568/ 10>-0.026634/ 11>-0.110061/ 12> 0.004112/ 13>-0.024812/ 14>
            0.002050/ 15>-0.002515/ 16>-0.293304/ 17> 0.026792/ 18>-0.126981/ 19> 0.022140/ 20>-0.035127/ 21>
            0.007258/ 22>-0.008166/ 23> 0.002110/ 24>-0.001687/ 25> 0.498260/ 26> 0.007656/ 27> 0.230676/ 28>
            0.018126/ 29> 0.056177/ 30> 0.006682/ 31> 0.009594/ 32> 0.001530/ 33>-0.363368/ 34>-0.053050/ 35>

-0.000837/ 36>-0.004349/ 37> 0.004182/ 38>-0.405945/ 40>-0.029854/ 41>-0.029956/ 42>-0.001963/ 43>
           -0.076141/ 44>-0.003099/ 45>

 E=7.8736   0.287869/ 46>-0.096944/ 47> 0.094663/ 48> 0.720942/ 49> 0.015545/ 50>-0.013870/ 51> 0.009369/ 52>
           -0.063751/ 53>-0.528000/ 54>-0.003588/ 55> 0.006433/ 56> 0.014524/ 57>-0.013718/ 58>-0.073886/ 59>
            0.079620/ 60> 0.238719/ 61>-0.003077/ 62>-0.002918/ 63> 0.015324/ 64>-0.022558/ 65>-0.030147/ 66>
            0.107786/ 67> 0.007582/ 68> 0.021251/ 69>-0.040743/ 70>-0.024976/ 71>-0.004851/ 72>-0.101501/ 73>


 E=7.9691  -0.020351/ 46> 0.036683/ 47> 0.312771/ 48>-0.088797/ 49>-0.022114/ 50>-0.179114/ 51> 0.075358/ 52>
            0.488039/ 53>-0.073820/ 54> 0.005954/ 55> 0.029299/ 56> 0.054541/ 57> 0.142441/ 58>-0.284555/ 59>
           -0.504536/ 60> 0.155489/ 61>-0.035457/ 62>-0.047522/ 63> 0.123287/ 64> 0.078877/ 65>-0.147474/ 66>
           -0.060910/ 67> 0.082985/ 68> 0.067461/ 69>-0.391740/ 70>-0.036617/ 71>-0.099631/ 72> 0.014997/ 73>


 E=7.9713   0.030813/  1> 0.322589/  2>-0.020110/  3> 0.014196/  4> 0.513050/  5>-0.056882/  6> 0.017319/  7>
           -0.003607/  8>-0.001128/  9>-0.512003/ 10> 0.008949/ 11>-0.251958/ 12> 0.021446/ 13>-0.050452/ 14>
            0.006220/ 15>-0.005144/ 16> 0.365020/ 17> 0.009608/ 18> 0.183324/ 19> 0.006622/ 20> 0.076633/ 21>
            0.023162/ 23>-0.002114/ 24> 0.005029/ 25>-0.219001/ 26>-0.015707/ 27>-0.092018/ 28>-0.012353/ 29>
           -0.018405/ 30>-0.004385/ 31>-0.003154/ 32>-0.000928/ 33> 0.031497/ 34> 0.017519/ 35>-0.044582/ 36>

-0.001807/ 37>-0.008123/ 38>-0.000613/ 39> 0.246384/ 40> 0.019845/ 41> 0.015599/ 42> 0.001160/ 43>
            0.059209/ 44> 0.002560/ 45>

  Q20Q22:  0.00 SEC    QTME:  0.00 SEC

 Q0= 126.216 HBAR/MW0     Q2= -62.568 HBAR/MW0     GAMMA= 35.0 DEG   FOR 79 PARTICLES;  A=197

1
 **********************************************  SINGLE PARTICLE MATRIX ELEMENTS  ***********************************************


   ENY   EMY     A+B     C      D      E    JZ    S0    S+    S-  <R2S> <R4S>  R2DZ  R2D+  R2D-  Q20S  Q22S   Q20   Q22  RHO2    R2


  5.49+ MY=NY -1.077  0.328   7.40   0.52  0.71 -0.32  0.17  0.11  5.50 42.84  1.12  2.06  0.11  0.60 -1.69  1.50 -2.02  5.50  5.82
  5.58+ 5.49+  0.767 -1.135  -1.08   2.04  0.55 -0.02 -0.05 -0.04  5.50 24.59  0.54  0.09 -0.28 -0.24 -0.43 -0.30 -0.41 -0.00  0.02
  5.69+ 5.49+ -0.516 -0.435   0.77  -1.54  1.44 -0.02 -0.04 -0.33  5.50 43.06 -0.20 -0.56 -0.22  0.02  0.09  0.03  0.08  0.00 -0.01
  5.73+ 5.49+  0.795  1.535  -0.28  -2.35  0.43  0.09  0.10 -0.28  5.50 43.37  0.36  0.03  0.22  0.03  0.14  0.04  0.13 -0.00 -0.01
  5.89+ 5.49+ -1.198  1.097   0.68  -2.22 -0.10 -0.13 -0.13 -0.07  5.50 40.21 -0.42 -0.06  0.15  0.27  0.06  0.30  0.07 -0.00  0.02
  5.98+ 5.49+ -0.000  0.000   0.00  -0.00 -0.00 -0.00 -0.00 -0.00************  0.01 -0.01 -0.00 -0.05 -0.02 -0.06 -0.02 -0.00 -0.01
  6.08+ 5.49+  0.131 -0.128  -2.36   5.55  0.06 -0.01 -0.01  0.17  5.50 37.16 -0.03  0.12  0.14  0.56 -1.11  0.53 -1.01  0.00  0.14
  6.24+ 5.49+  0.082  0.155   0.14  -0.26 -0.04  0.07  0.05 -0.04  5.50 45.88  0.20 -0.07 -0.06 -0.14 -0.10 -0.17 -0.10 -0.00 -0.00
  6.24+ 5.49+  0.000  0.000   0.00  -0.00 -0.00  0.00  0.00 -0.00************ -0.00 -0.00 -0.00 -0.00 -0.00 -0.00 -0.00 -0.00 -0.00
  6.41+ 5.49+ -0.000  0.000  -0.00   0.00 -0.00 -0.00 -0.00  0.00************  0.03 -0.01 -0.00  0.06 -0.01  0.07 -0.00  0.01  0.01
  6.54+ 5.49+ -0.000  0.000  -0.00   0.00 -0.00 -0.00  0.00  0.00************ -0.06  0.00 -0.00  0.26 -0.02  0.30 -0.01  0.03  0.06

  5.58+ MY=NY  1.583  1.472  12.21  -7.43 -0.11  0.26  0.49 -0.12  5.50 39.04 -0.66 -0.47  1.79  2.01  1.60  3.34  1.11  5.50  5.67
  5.69+ 5.58+  1.397  1.094   0.25   6.90  0.33 -0.15 -0.29  0.21  5.50 38.50  0.57 -0.67 -0.60 -0.89 -0.57 -1.03 -0.57 -0.00 -0.03
  5.73+ 5.58+  0.337  0.705  -0.08   2.55 -0.05 -0.03 -0.06  0.03  5.50 40.50  0.16 -0.13 -0.03 -0.24 -0.11 -0.27 -0.12  0.00 -0.01
  5.89+ 5.58+  0.079  0.246   0.06   7.07  0.02  0.01 -0.01 -0.04  5.50 32.10 -0.17  0.04  0.10 -0.96 -0.52 -1.11 -0.53  0.00 -0.04
  5.98+ 5.58+  0.000 -0.000  -0.00   0.00  0.00 -0.00 -0.00 -0.00************  0.00 -0.00  0.00  0.04  0.01  0.04  0.01  0.00  0.00
  6.08+ 5.58+ -1.851  1.769   0.04  -0.09 -0.34  0.22  0.23  0.10  5.50 41.75  0.79  0.08 -0.21  0.40 -0.20  0.43 -0.17  0.00  0.05
  6.24+ 5.58+  0.116 -0.123   0.13  -0.68  0.19 -0.01 -0.03  0.06  5.50 31.52 -0.03  0.06  0.01  0.12  0.04  0.14  0.04 -0.00  0.01
  6.24+ 5.58+  0.000 -0.000   0.00  -0.00  0.00 -0.00 -0.00  0.00************ -0.04 -0.01 -0.02 -0.05 -0.01 -0.06 -0.01 -0.00 -0.01
  6.41+ 5.58+  0.000 -0.000   0.00   0.00 -0.00  0.00  0.00 -0.00************ -0.03  0.01 -0.00 -0.26  0.03 -0.29  0.02 -0.03 -0.05
  6.54+ 5.58+  0.000  0.000   0.00  -0.00 -0.00  0.00  0.00  0.00************  0.11  0.02  0.04  0.23 -0.07  0.25 -0.06  0.03  0.06

  5.69+ MY=NY  0.291 -0.816   8.52  -4.77  0.08 -0.28  0.06  0.36  5.50 37.48  0.83 -1.57  0.34 -0.50  0.54  0.46  0.02  5.50  5.54
  5.73+ 5.69+ -0.619  0.694   1.26  -0.89  0.24 -0.22 -0.09  0.06  5.50 43.66  0.38 -0.40  0.76  0.75  1.01  0.92  0.97  0.00 -0.02
  5.89+ 5.69+  1.143  1.040   0.06   0.46  0.56  0.02  0.25 -0.13  5.50 41.91 -0.19  0.21  0.06  0.06 -0.14  0.06 -0.13  0.00  0.02
  5.98+ 5.69+  0.000  0.000  -0.00   0.00  0.00  0.00  0.00  0.00************ -0.00 -0.00  0.00  0.02  0.01  0.03  0.01  0.00  0.00
  6.08+ 5.69+  0.613 -0.562   0.05  -0.38 -1.13 -0.06 -0.08 -0.48  5.50 42.10 -0.29 -0.51 -0.20 -0.20  0.28 -0.19  0.25  0.00 -0.04
  6.24+ 5.69+  1.216 -1.283   0.51  -1.35 -0.09 -0.16  0.04  0.08  5.50 41.80 -0.55  0.12 -0.07  0.21  0.43  0.27  0.41 -0.00 -0.02
  6.24+ 5.69+  0.000 -0.000   0.00  -0.00 -0.00 -0.00  0.00  0.00************ -0.01 -0.01 -0.00  0.08  0.01  0.09  0.02  0.00  0.01
  6.41+ 5.69+  0.000 -0.000   0.00   0.00 -0.00  0.00  0.00 -0.00************  0.03 -0.00 -0.01 -0.02  0.00 -0.02 -0.00 -0.00 -0.00
  6.54+ 5.69+  0.000  0.000  -0.00   0.00 -0.00 -0.00  0.00 -0.00************  0.01  0.01 -0.00 -0.26  0.05 -0.29  0.04 -0.03 -0.06

  5.73+ MY=NY -0.187 -0.183   2.94   1.34 -1.20  0.38  0.21  0.05  5.50 44.19 -1.30 -0.32 -1.91 -3.29 -3.01 -2.94 -3.42  5.50  5.59
  5.89+ 5.73+  0.156  0.467   0.30  -0.40 -2.15 -0.01 -0.35 -0.05  5.50 46.78 -0.14  0.41  0.93 -0.04  0.24 -0.02  0.22  0.00 -0.02
  5.98+ 5.73+  0.000  0.000  -0.00  -0.00 -0.00 -0.00 -0.00  0.00************ -0.00  0.00  0.00 -0.01 -0.00 -0.01 -0.00 -0.00 -0.00
  6.08+ 5.73+  0.089 -0.175  -0.11   0.43 -0.37 -0.00 -0.05 -0.13  5.50 43.10  0.02 -0.10 -0.01  0.00  0.25  0.03  0.23 -0.00 -0.02
  6.24+ 5.73+  0.393 -0.368  -0.71   1.72 -0.01 -0.05  0.27  0.03  5.50 36.61 -0.16 -0.19 -0.21  0.25 -1.66  0.14 -1.54 -0.00  0.16
  6.24+ 5.73+  0.000 -0.000  -0.00   0.00 -0.00 -0.00  0.00  0.00************ -0.01 -0.00 -0.00  0.03  0.01  0.03  0.01  0.00  0.00
  6.41+ 5.73+  0.000  0.000   0.00   0.00 -0.00 -0.00 -0.00 -0.00************ -0.00  0.00  0.00 -0.03 -0.01 -0.03 -0.01 -0.00 -0.00
  6.54+ 5.73+  0.000  0.000  -0.00   0.00 -0.00 -0.00  0.00 -0.00************ -0.01  0.00 -0.00 -0.08  0.01 -0.09  0.01 -0.01 -0.02

  5.89+ MY=NY -0.050  0.400   3.18  -0.89  0.03  0.46  0.37 -0.02  5.50 38.79 -1.23 -0.36  1.85 -3.65 -0.58 -3.13 -1.17  5.50  5.36
  5.98+ 5.89+  0.000  0.000   0.00   0.00  0.00  0.00  0.00  0.00************  0.00 -0.00 -0.00  0.01  0.00  0.01  0.00  0.00  0.00
  6.08+ 5.89+  0.497 -0.418  -0.23   0.19 -0.11 -0.01  0.06  0.05  5.50 39.30 -0.28 -0.09 -0.01 -0.15 -0.16 -0.18 -0.15 -0.00  0.00
  6.24+ 5.89+ -0.278  0.171   0.05  -0.09  1.78  0.02 -0.57 -0.01  5.50 43.57  0.09  0.47  0.70 -0.06  0.43 -0.03  0.40  0.00 -0.04
  6.24+ 5.89+ -0.000  0.000   0.00  -0.00  0.00  0.00 -0.00 -0.00************ -0.00 -0.00 -0.00 -0.03 -0.01 -0.03 -0.01 -0.00 -0.00
  6.41+ 5.89+  0.000  0.000  -0.00   0.00 -0.00 -0.00  0.00  0.00************ -0.00  0.00  0.00  0.02  0.00  0.02  0.00  0.00  0.00
  6.54+ 5.89+  0.000  0.000  -0.00   0.00 -0.00  0.00 -0.00 -0.00************ -0.02 -0.00 -0.00 -0.01 -0.00 -0.01 -0.00  0.00  0.00

  5.98+ MY=NY  6.397  6.394  45.79  72.88  0.00  0.00  0.50  0.50  7.50 64.10  0.00  1.05 -1.05  4.53 -3.02  6.11 -3.27  7.50  8.33
  6.08+ 5.98+  0.000 -0.000  -0.00  -0.00 -0.00  0.00 -0.00  0.00************  0.00 -0.00 -0.00 -0.00 -0.00 -0.00 -0.00 -0.00 -0.00
  6.24+ 5.98+ -0.000  0.000  -0.00   0.00 -0.00 -0.00 -0.00  0.00************ -0.00  0.00  0.00 -0.00 -0.00 -0.00 -0.00 -0.00 -0.00
  6.24+ 5.98+ -2.107  2.123  -0.02   0.24 -1.46 -0.21 -0.24  0.24  7.50 64.20  0.09 -0.28 -0.29 -0.02 -0.01 -0.03 -0.01  0.00 -0.00
  6.41+ 5.98+  0.402  0.329  -1.75  18.90  0.03  0.00  0.02  0.02  7.50 50.39 -0.00  0.06 -0.05 -1.68 -0.98 -1.95 -0.99 -0.00 -0.06
  6.54+ 5.98+ -0.084  0.186  -0.32   3.42 -0.10 -0.00 -0.00  0.01  7.50 32.36  0.03 -0.02 -0.03 -0.30 -0.17 -0.35 -0.18 -0.00 -0.01

  6.08+ MY=NY -0.928 -0.662   7.78  -9.30  0.23 -0.38  0.09 -0.72  5.50 40.77  1.04  2.28 -0.52 -0.49  3.06  0.69  2.37  5.50  5.32
  6.24+ 6.08+  0.886  1.024  -0.02  -3.76  0.11 -0.08  0.13 -0.17  5.50 41.11  0.32  0.33  0.36  0.40  0.33  0.48  0.32  0.00  0.01
  6.24+ 6.08+  0.000  0.000  -0.00  -0.00  0.00 -0.00  0.00 -0.00************ -0.00  0.00 -0.00  0.02  0.00  0.02  0.00  0.00  0.00
  6.41+ 6.08+  0.000 -0.000   0.00  -0.00 -0.00 -0.00  0.00 -0.00************ -0.02  0.01  0.00  0.04 -0.00  0.04 -0.00  0.00  0.01
  6.54+ 6.08+ -0.000  0.000   0.00  -0.00  0.00 -0.00 -0.00 -0.00************  0.02 -0.00  0.01 -0.09  0.03 -0.10  0.02 -0.01 -0.02

  6.24+ MY=NY -0.018 -0.373   2.89  -1.89 -0.26  0.45 -0.58  0.01  5.50 40.78 -1.25  0.57 -2.24 -3.71  1.56 -3.01  0.83  5.50  5.17
  6.24+ 6.24+ -0.000 -0.000   0.00  -0.00 -0.00  0.00 -0.00 -0.00************ -0.00 -0.00 -0.00 -0.01 -0.00 -0.01 -0.00 -0.00 -0.00
  6.41+ 6.24+  0.000 -0.000   0.00  -0.00 -0.00 -0.00  0.00 -0.00************  0.00 -0.00 -0.00  0.02  0.00  0.03  0.00  0.00  0.00
  6.54+ 6.24+ -0.000 -0.000  -0.00   0.00 -0.00 -0.00 -0.00 -0.00************  0.01  0.00 -0.00  0.00 -0.00  0.00  0.00 -0.00  0.00

  6.24+ MY=NY -5.211 -5.332  41.67  29.77 -0.04 -0.00 -0.29 -0.30  7.50 64.03  0.01 -0.90  0.92  3.77 -1.31  5.40 -1.70  7.50  8.12
  6.41+ 6.24+  2.993 -2.638   0.44  -4.14 -1.82 -0.18  0.26 -0.23  7.50 64.52  0.36  0.53  0.47  0.33  0.19  0.38  0.19 -0.00  0.01
  6.54+ 6.24+ -0.263 -0.980  -2.86  25.92 -0.26 -0.02 -0.01 -0.07  7.50 61.02  0.06 -0.04  0.18 -2.01 -1.18 -2.33 -1.19 -0.00 -0.08

  6.41+ MY=NY  4.652  3.133  38.22  -8.24  0.57  0.06  0.31  0.17  7.50 65.76 -0.09  0.81 -0.55  3.91 -0.13  5.66 -0.60  7.50  8.03
  6.54+ 6.41+ -2.254  4.465  -2.09  17.88 -1.75 -0.18 -0.22  0.35  7.50 65.76  0.31 -0.40 -0.79 -1.33 -0.81 -1.55 -0.81  0.00 -0.05

  6.54+ MY=NY -0.020 -3.793  35.98 -34.55 -2.16 -0.21  0.05 -0.25  7.50 65.88  0.43  0.01  0.69  3.76  0.71  5.57  0.19  7.50  7.94

 DECOUP:  0.00 SEC



   #   ENERGY +/-(#)    <Q20>    <Q22>     <R2>     <JZ>      #   ENERGY +/-(#)    <Q20>    <Q22>     <R2>     <JZ>

   1   1.5000  +(# 1)   0.2649  -0.1279   1.5347   0.5000    41   6.1144  -(#20)   5.9993  -1.3016   7.1280  -0.2121
   2   2.2581  -(# 1)   1.9325  -0.3686   2.6973   0.3915    42   6.1516  -(#21)  -4.2810  -2.3001   6.3708  -5.2537
   3   2.4373  -(# 2)  -0.3346  -0.6780   2.5391  -1.1939    43   6.2365  +(#22)  -3.0149   0.8297   5.1671  -0.2596
   4   2.8046  -(# 3)  -0.2733   0.4072   2.4370   0.3024    44   6.2396  +(#23)   5.3984  -1.7045   8.1178  -0.0441
   5   3.0444  +(# 2)   3.7063  -0.5903   3.8668   0.3106    45   6.3055  -(#22)   5.3282  -0.9983   7.0421   0.7877
   6   3.2168  +(# 3)   1.8380  -0.7474   3.7268  -0.9053    46   6.3467  -(#23)   4.2379   0.1359   6.8393   0.4112
   7   3.3546  +(# 4)  -1.2636  -1.5977   3.5526   1.5432    47   6.4149  +(#24)   5.6572  -0.5988   8.0301   0.5696
   8   3.5964  +(# 5)   1.1013   0.6978   3.5227   0.7281    48   6.4737  -(#24)   3.3871  -0.2360   6.8053  -0.7570
   9   3.7377  +(# 6)  -0.6091  -0.8071   3.5290   0.1553    49   6.4989  -(#25)   1.0538  -2.0521   6.7904  -1.8570
  10   3.8103  -(# 4)   4.2183  -1.2952   4.9791   0.1132    50   6.5394  +(#25)   5.5651   0.1866   7.9448  -2.1678
  11   4.0123  -(# 5)   4.3196  -0.0747   4.8670  -0.9310    51   6.6051  -(#26)   6.7726  -3.9087   9.4499   0.0001
  12   4.0502  +(# 7)  -1.0638   1.2546   3.2875  -0.8318    52   6.6433  -(#27)   0.2603  -1.1828   6.6385   0.9174
  13   4.1205  -(# 6)   1.1484  -1.3276   4.7267   2.0319    53   6.6539  +(#26)  -2.8140   3.5444   4.9156  -0.2059
  14   4.3065  -(# 7)  -2.3231  -2.1715   4.5211  -2.9364    54   6.6672  +(#27)   2.2829  -0.7607   7.7652   3.9595
  15   4.4190  -(# 8)   4.2509   0.4258   4.8118   0.4904    55   6.7042  +(#28)   6.3075  -2.7336   8.2951   0.0136
  16   4.5218  -(# 9)   1.3343  -1.0396   4.7138  -0.2840    56   6.7367  -(#28)  -4.0819  -3.4455   6.5006   3.5280
  17   4.5816  +(# 8)   4.7476  -1.9914   6.0919   0.0275    57   6.8375  +(#29)  -1.4320  -1.6908   7.5478  -5.1924
  18   4.7057  -(#10)  -2.1950  -2.3267   4.5471  -0.1536    58   6.8709  -(#29)   2.3403   1.2755   6.5688  -0.1317
  19   4.8110  +(# 9)   4.7331  -0.4744   5.9409  -0.5510    59   6.8716  -(#30)   5.9339  -2.2909   9.2203  -0.0088
  20   4.8280  -(#11)   1.3752   1.4664   4.4696  -0.6097    60   6.8771  -(#31)  -3.1766  -2.2695   6.4597  -1.7317
  21   4.9228  +(#10)   4.0522  -0.5224   5.8889   1.7867    61   6.9031  +(#30)   6.5290  -2.0389   8.2449  -0.1048
  22   4.9664  -(#12)  -2.1978  -0.0228   4.3193   0.6715    62   7.0039  -(#32)   0.2155   0.5881   6.4598  -0.2680
  23   5.0750  +(#11)   0.5122  -1.3585   5.6768  -3.0719    63   7.0394  +(#31)  -5.2317  -2.5179   7.3132   6.2777
  24   5.1981  +(#12)   5.4433  -0.9030   6.0423   0.2233    64   7.0701  -(#33)   5.7831  -1.1106   9.0911   0.1766
  25   5.2699  +(#13)  -3.3289  -2.2394   5.4441   4.1562    65   7.0917  +(#32)   5.2380  -0.6277   7.9980  -0.3404
  26   5.2753  -(#13)   5.3623  -2.6534   7.2085   0.0052    66   7.1159  +(#33)   6.8860  -0.5653   8.1291   1.5532
  27   5.2967  +(#14)   4.3232  -0.8098   5.9399  -0.3307    67   7.1920  +(#34)   7.4423  -4.5492  10.5689   0.0000
  28   5.3094  -(#14)  -1.9830   2.5298   4.0850   0.6076    68   7.2177  -(#34)   6.3109   0.1747   9.0081  -1.3187
  29   5.4893  +(#15)   1.4963  -2.0200   5.8241   0.7133    69   7.2184  -(#35)  -3.8991  -1.3896   6.3127   0.5026
  30   5.5239  -(#15)   4.8419  -1.1208   7.0138  -0.1692    70   7.2531  +(#35)   3.9478  -1.3409   7.9611  -2.4857
  31   5.5779  +(#16)   3.3382   1.1114   5.6681  -0.1138    71   7.2838  +(#36)   6.0020  -0.2554   8.0249  -0.6116
  32   5.6703  -(#16)   5.3554  -0.1940   6.9650   1.1732    72   7.3289  -(#36)   4.9704   0.1705   8.8969   3.3482
  33   5.6928  +(#17)   0.4638   0.0169   5.5369   0.0782    73   7.4188  +(#37)   3.6995  -0.9918   7.9059   1.4118
  34   5.7267  +(#18)  -2.9405  -3.4194   5.5930  -1.2064    74   7.4291  -(#37)   6.9608  -3.4919   9.4244   0.0018
  35   5.7927  -(#17)   3.2996  -0.4403   6.8182  -2.8113    75   7.4292  -(#38)   0.0565   3.2732   6.1814  -0.1551
  36   5.8868  +(#19)  -3.1296  -1.1700   5.3551   0.0242    76   7.4560  +(#38)  -0.5008  -2.2802   7.6836   3.8395
  37   5.9525  -(#18)  -0.3824  -1.4713   6.6135   4.1111    77   7.4640  +(#39)   6.5269  -2.8920  10.3290  -0.0016
  38   5.9620  -(#19)   5.5675  -1.9638   7.1574   0.1139    78   7.4690  -(#39)   1.2887  -0.9259   8.6987  -5.0294
  39   5.9813  +(#20)   6.1067  -3.2666   8.3310   0.0010    79   7.5926  -(#40)  -3.7926   1.6443   6.0219   0.1501
  40   6.0811  +(#21)   0.6891   2.3731   5.3229   0.2299    80   7.6230  +(#40)  -0.3428  -2.3233   7.7010  -2.5081



     PARITY: +     DIMENSION:  95     MATRIX:   0.0 SEC     DIAGONALISATION:   0.0 SEC
     PARITY: -     DIMENSION:  70     MATRIX:   0.0 SEC     DIAGONALISATION:   0.0 SEC
      TOTAL TIME:   0.0 SEC
