


         KAPPAP      MYP     KAPPAN      MYN
    0    0.1200    0.0000    0.1200    0.0000
    1    0.1200    0.0000    0.1200    0.0000
    2    0.1050    0.0000    0.1050    0.0000
    3    0.0900    0.3000    0.0900    0.2500
    4    0.0650    0.5700    0.0700    0.3900
    5    0.0600    0.6500    0.0620    0.4300
    6    0.0540    0.6900    0.0620    0.3400
    7    0.0540    0.6900    0.0620    0.2600
    8    0.0540    0.6900    0.0620    0.2600


     KAPPA    MY     EPS   GAMMA    EPS4     EPS6     W0/W00   NMAX  COUPL     OMROT      EFAC      QFAC
      SEE TABLE     0.678   51.4   0.000    0.000    1.04849     8     0     0.00000   6.90046   6.01409


                     **** PROTONS ****                     **** STRETCHED COORDINATES ****
    SYMMETRY R1= 1


   BASIS FUNCTIONS /N,L,J,OMEGA>,   PARITY -


   1 / 7 7 15/2 13/2>    15 / 7 5 11/2  1/2>    29 / 7 7 13/2 -7/2>    43 / 5 5 11/2  1/2>    57 / 5 5 11/2-11/2>
   2 / 7 7 13/2 13/2>    16 / 7 5  9/2  1/2>    30 / 7 5 11/2 -7/2>    44 / 5 5  9/2  1/2>    58 / 3 3  7/2  5/2>
   3 / 7 7 15/2  9/2>    17 / 7 3  7/2  1/2>    31 / 7 5  9/2 -7/2>    45 / 5 3  7/2  1/2>    59 / 3 3  5/2  5/2>
   4 / 7 7 13/2  9/2>    18 / 7 3  5/2  1/2>    32 / 7 3  7/2 -7/2>    46 / 5 3  5/2  1/2>    60 / 3 3  7/2  1/2>
   5 / 7 5 11/2  9/2>    19 / 7 1  3/2  1/2>    33 / 7 7 15/2-11/2>    47 / 5 1  3/2  1/2>    61 / 3 3  5/2  1/2>
   6 / 7 5  9/2  9/2>    20 / 7 1  1/2  1/2>    34 / 7 7 13/2-11/2>    48 / 5 1  1/2  1/2>    62 / 3 1  3/2  1/2>
   7 / 7 7 15/2  5/2>    21 / 7 7 15/2 -3/2>    35 / 7 5 11/2-11/2>    49 / 5 5 11/2 -3/2>    63 / 3 1  1/2  1/2>
   8 / 7 7 13/2  5/2>    22 / 7 7 13/2 -3/2>    36 / 7 7 15/2-15/2>    50 / 5 5  9/2 -3/2>    64 / 3 3  7/2 -3/2>
   9 / 7 5 11/2  5/2>    23 / 7 5 11/2 -3/2>    37 / 5 5 11/2  9/2>    51 / 5 3  7/2 -3/2>    65 / 3 3  5/2 -3/2>
  10 / 7 5  9/2  5/2>    24 / 7 5  9/2 -3/2>    38 / 5 5  9/2  9/2>    52 / 5 3  5/2 -3/2>    66 / 3 1  3/2 -3/2>
  11 / 7 3  7/2  5/2>    25 / 7 3  7/2 -3/2>    39 / 5 5 11/2  5/2>    53 / 5 1  3/2 -3/2>    67 / 3 3  7/2 -7/2>
  12 / 7 3  5/2  5/2>    26 / 7 3  5/2 -3/2>    40 / 5 5  9/2  5/2>    54 / 5 5 11/2 -7/2>    68 / 1 1  3/2  1/2>
  13 / 7 7 15/2  1/2>    27 / 7 1  3/2 -3/2>    41 / 5 3  7/2  5/2>    55 / 5 5  9/2 -7/2>    69 / 1 1  1/2  1/2>
  14 / 7 7 13/2  1/2>    28 / 7 7 15/2 -7/2>    42 / 5 3  5/2  5/2>    56 / 5 3  7/2 -7/2>    70 / 1 1  3/2 -3/2>


    SINGLE PARTICLE (PARITY-) WAVE FUNCTIONS IN THE ENERGY INTERVAL 6.0<E<8.0

 E=6.1424   0.449769/ 37>-0.041539/ 38>-0.155344/ 39>-0.025325/ 40>-0.099277/ 41>-0.021906/ 42> 0.043808/ 43>
            0.059547/ 44> 0.147391/ 45>-0.067804/ 46>-0.292158/ 47> 0.197487/ 48>-0.046871/ 49>-0.056138/ 50>
            0.139497/ 51>-0.567876/ 52>-0.109547/ 53>-0.003837/ 54> 0.491057/ 55> 0.040670/ 56> 0.051306/ 57>


 E=6.3259  -0.046353/  1> 0.004438/  2>-0.264767/  3> 0.053389/  4>-0.027552/  5> 0.004123/  6>-0.502114/  7>
            0.197439/  8>-0.088786/  9> 0.033095/ 10>-0.010549/ 11> 0.002979/ 12>-0.167838/ 13> 0.332934/ 14>
           -0.036495/ 15> 0.070131/ 16>-0.006931/ 17> 0.011860/ 18>-0.001642/ 19> 0.001786/ 20> 0.424456/ 21>
            0.280368/ 22> 0.085908/ 23> 0.054973/ 24> 0.013801/ 25> 0.007767/ 26> 0.001768/ 27> 0.418281/ 28>
            0.114618/ 29> 0.059861/ 30> 0.014591/ 31> 0.004172/ 32> 0.128731/ 33> 0.018919/ 34> 0.007857/ 35>

 0.010884/ 36>

 E=6.3595  -0.160723/ 37>-0.026651/ 38>-0.285416/ 39>-0.372759/ 40>-0.149629/ 41>-0.067334/ 42> 0.329267/ 43>
           -0.242119/ 44>-0.328611/ 45>-0.045377/ 46>-0.162520/ 47> 0.059353/ 48>-0.018327/ 49> 0.483483/ 50>
           -0.227301/ 51> 0.089073/ 52>-0.032616/ 53>-0.280252/ 54> 0.196646/ 55>-0.038131/ 56>-0.075392/ 57>


 E=6.3872   0.017374/ 37> 0.462495/ 38> 0.026644/ 39> 0.008903/ 40>-0.086898/ 41>-0.539983/ 42>-0.013475/ 43>
            0.029302/ 44>-0.020103/ 45>-0.075911/ 46> 0.219871/ 47> 0.401666/ 48>-0.009080/ 49>-0.021170/ 50>
           -0.049394/ 51>-0.052952/ 52> 0.216496/ 53> 0.087072/ 54>-0.014025/ 55> 0.133541/ 56>-0.436729/ 57>


 E=6.5414   0.065242/ 37>-0.108639/ 38> 0.018649/ 39>-0.472038/ 40> 0.193022/ 41>-0.118942/ 42>-0.186499/ 43>
            0.373275/ 44> 0.090295/ 45>-0.087943/ 46> 0.231046/ 47>-0.146435/ 48> 0.323964/ 49>-0.085944/ 50>
           -0.348599/ 51>-0.261130/ 52>-0.147112/ 53>-0.293513/ 54>-0.124329/ 55>-0.111966/ 56>-0.081881/ 57>


 E=6.6011   0.086631/  1>-0.003871/  2> 0.350647/  3>-0.026022/  4> 0.002140/  5>-0.001015/  6> 0.287444/  7>
           -0.035634/  8>-0.171233/  9> 0.003971/ 10>-0.037837/ 11> 0.002374/ 12>-0.254710/ 13>-0.006730/ 14>
           -0.544400/ 15> 0.006865/ 16>-0.162624/ 17> 0.006825/ 18>-0.034289/ 19> 0.005763/ 20>-0.001325/ 21>
            0.022209/ 22>-0.373750/ 23>-0.009306/ 24>-0.099317/ 25>-0.006847/ 26>-0.012915/ 27> 0.410017/ 28>
            0.036038/ 29>-0.042563/ 30> 0.000475/ 31>-0.007680/ 32> 0.206883/ 33> 0.012650/ 34> 0.005066/ 35>

 0.022688/ 36>

 E=6.6779   0.433758/ 37> 0.006472/ 38>-0.224981/ 39> 0.050536/ 40> 0.280284/ 41>-0.119202/ 42> 0.068486/ 43>
           -0.009552/ 44> 0.113986/ 45>-0.260326/ 46>-0.407757/ 47> 0.119142/ 48>-0.032227/ 49> 0.172866/ 50>
           -0.072348/ 51> 0.146396/ 52>-0.034778/ 53> 0.058230/ 54>-0.577180/ 55>-0.064202/ 56> 0.020566/ 57>


 E=6.7120  -0.031038/  1>-0.004683/  2>-0.165273/  3>-0.071761/  4>-0.012407/  5>-0.004988/  6>-0.293054/  7>
           -0.318856/  8>-0.033275/  9>-0.052200/ 10>-0.000639/ 11>-0.004336/ 12>-0.093924/ 13>-0.589878/ 14>
           -0.011701/ 15>-0.128771/ 16> 0.000894/ 17>-0.022796/ 18> 0.001641/ 19>-0.003519/ 20> 0.240935/ 21>
           -0.480858/ 22> 0.028457/ 23>-0.095467/ 24>-0.000565/ 25>-0.013324/ 26>-0.001103/ 27> 0.252894/ 28>
           -0.170271/ 29> 0.024507/ 30>-0.020346/ 31> 0.000560/ 32> 0.083750/ 33>-0.022630/ 34> 0.003842/ 35>

 0.007595/ 36>

 E=6.8899  -0.024809/ 37>-0.578560/ 38>-0.008416/ 39> 0.074431/ 40> 0.079276/ 41> 0.250058/ 42> 0.010198/ 43>
           -0.006403/ 44>-0.016905/ 45>-0.100386/ 46> 0.055163/ 47> 0.223894/ 48>-0.021077/ 49> 0.024505/ 50>
           -0.078679/ 51>-0.113489/ 52> 0.475996/ 53> 0.117929/ 54> 0.001688/ 55>-0.212214/ 56>-0.470017/ 57>


 E=6.9201  -0.136244/  1> 0.014064/  2>-0.369840/  3> 0.093857/  4> 0.013802/  5>-0.000693/  6> 0.050368/  7>
            0.111759/  8> 0.269176/  9>-0.073164/ 10> 0.071644/ 11>-0.017592/ 12> 0.204092/ 13>-0.015820/ 14>
            0.207817/ 15>-0.242959/ 16> 0.106955/ 17>-0.109089/ 18> 0.048120/ 19>-0.035653/ 20>-0.340795/ 21>
            0.043004/ 22>-0.422451/ 23>-0.169785/ 24>-0.141549/ 25>-0.061689/ 26>-0.027906/ 27> 0.286224/ 28>
            0.129957/ 29>-0.122936/ 30>-0.019297/ 31>-0.020768/ 32> 0.311628/ 33> 0.048584/ 34> 0.004884/ 35>

 0.044767/ 36>

 E=7.0608  -0.026773/  1> 0.014459/  2>-0.169486/  3> 0.156010/  4>-0.075201/  5> 0.015985/  6>-0.175653/  7>
            0.393630/  8>-0.293745/  9> 0.095971/ 10>-0.055439/ 11> 0.012217/ 12> 0.316511/ 13> 0.145535/ 14>
           -0.293343/ 15> 0.048985/ 16>-0.057276/ 17> 0.007731/ 18> 0.001383/ 19>-0.002261/ 20> 0.079522/ 21>
           -0.357440/ 22>-0.313906/ 23>-0.092012/ 24>-0.074202/ 25>-0.018380/ 26>-0.009069/ 27>-0.244628/ 28>
           -0.299813/ 29>-0.162979/ 30>-0.048414/ 31>-0.017848/ 32>-0.108986/ 33>-0.064070/ 34>-0.019244/ 35>

-0.009910/ 36>

 E=7.0887   0.230540/  1>-0.017415/  2> 0.419303/  3>-0.081410/  4>-0.082560/  5> 0.004047/  6>-0.298470/  7>
           -0.057813/  8>-0.440345/  9> 0.054694/ 10>-0.054287/ 11> 0.009676/ 12> 0.181577/ 13>-0.026963/ 14>
            0.276502/ 15> 0.009220/ 16> 0.426688/ 17>-0.059868/ 18> 0.210622/ 19>-0.068569/ 20>-0.140839/ 21>
            0.053073/ 22>-0.113597/ 23> 0.042264/ 24> 0.086030/ 25> 0.018238/ 26> 0.026043/ 27> 0.056655/ 28>
            0.038471/ 29>-0.144863/ 30>-0.011488/ 32> 0.215469/ 33> 0.019003/ 34>-0.006003/ 35> 0.039723/ 36>


 E=7.2441  -0.137659/ 37>-0.089864/ 38>-0.023809/ 39>-0.352974/ 40>-0.202667/ 41>-0.095222/ 42> 0.180241/ 43>
            0.359653/ 44>-0.267345/ 45>-0.361240/ 46>-0.036206/ 47>-0.196437/ 48>-0.256792/ 49>-0.120814/ 50>
            0.435061/ 51>-0.108763/ 52> 0.136280/ 53> 0.200995/ 54>-0.195483/ 55> 0.104709/ 56> 0.064644/ 57>


 E=7.2687   0.042761/  1>-0.009218/  2> 0.066796/  3>-0.035355/  4>-0.005212/  5> 0.007194/  6>-0.074049/  7>
            0.031689/  8>-0.068678/  9> 0.082293/ 10>-0.041339/ 11> 0.010071/ 12> 0.084928/ 13>-0.022765/ 14>
            0.099417/ 15>-0.026881/ 16> 0.017804/ 17>-0.157808/ 18> 0.099478/ 19>-0.104904/ 20>-0.136990/ 21>
            0.011109/ 22>-0.159275/ 23> 0.044438/ 24>-0.364377/ 25>-0.077091/ 26>-0.108981/ 27> 0.269013/ 28>
           -0.006018/ 29> 0.535947/ 30> 0.084157/ 31> 0.049984/ 32>-0.562253/ 33>-0.068355/ 34> 0.041136/ 35>

-0.139678/ 36>

 E=7.3667  -0.073645/  1>-0.024066/  2>-0.171573/  3>-0.208528/  4> 0.017813/  5>-0.003405/  6> 0.008764/  7>
           -0.291487/  8> 0.091266/  9> 0.130908/ 10>-0.002986/ 11> 0.027863/ 12> 0.113106/ 13> 0.155281/ 14>
            0.090231/ 15> 0.611707/ 16>-0.006960/ 17> 0.247626/ 18>-0.025529/ 19> 0.061303/ 20>-0.185937/ 21>
           -0.088767/ 22>-0.145352/ 23> 0.342206/ 24>-0.044670/ 25> 0.099635/ 26> 0.166037/ 28>-0.287932/ 29>
            0.003622/ 30> 0.024900/ 31> 0.000407/ 32> 0.114911/ 33>-0.085686/ 34> 0.005734/ 35> 0.012377/ 36>


 E=7.3767  -0.265744/ 37> 0.006270/ 38> 0.217699/ 39>-0.002478/ 40>-0.491261/ 41> 0.133811/ 42>-0.127013/ 43>
           -0.117326/ 44> 0.235018/ 45> 0.039903/ 46>-0.084745/ 47> 0.204713/ 48> 0.039029/ 49> 0.293796/ 50>
            0.009225/ 51>-0.414510/ 52>-0.185977/ 53> 0.012012/ 54>-0.435560/ 55>-0.051311/ 56> 0.008168/ 57>


 E=7.4910   0.646297/  1>-0.053201/  2>-0.200233/  3>-0.021647/  4>-0.568805/  5> 0.062094/  6> 0.071046/  7>
           -0.002279/  8> 0.089397/  9> 0.043244/ 10> 0.369729/ 11>-0.059629/ 12>-0.022331/ 13>-0.001615/ 14>
           -0.035055/ 15> 0.021894/ 16> 0.035569/ 17>-0.071658/ 18>-0.170791/ 19> 0.053277/ 20> 0.001858/ 21>
           -0.006233/ 23> 0.029324/ 24> 0.042887/ 25>-0.079929/ 26>-0.027953/ 27> 0.014017/ 28>-0.011607/ 29>
            0.003164/ 30> 0.056361/ 31> 0.018504/ 32>-0.022202/ 33>-0.036947/ 34>-0.009799/ 35>

 E=7.5248  -0.080745/  1>-0.010431/  2>-0.263803/  3>-0.143004/  4>-0.053796/  5>-0.011302/  6>-0.121366/  7>
           -0.431188/  8>-0.181857/  9>-0.089473/ 10>-0.020266/ 11>-0.010126/ 12> 0.252421/ 13>-0.184343/ 14>
           -0.294992/ 15>-0.056392/ 16>-0.044418/ 17>-0.028580/ 18> 0.013385/ 19>-0.014856/ 20> 0.089016/ 21>
            0.429543/ 22>-0.252288/ 23> 0.145514/ 24>-0.033358/ 25> 0.034685/ 26> 0.003749/ 27>-0.258326/ 28>
            0.273999/ 29>-0.117062/ 30> 0.045581/ 31>-0.007627/ 32>-0.165209/ 33> 0.041510/ 34>-0.017281/ 35>

-0.020699/ 36>

 E=7.5502  -0.038094/ 37>-0.520581/ 38> 0.011806/ 39> 0.138313/ 40>-0.003931/ 41>-0.281313/ 42>-0.004285/ 43>
           -0.011377/ 44>-0.060627/ 45>-0.113704/ 46> 0.222425/ 47> 0.390863/ 48> 0.037087/ 49>-0.004227/ 50>
           -0.039854/ 51> 0.079669/ 52>-0.133835/ 53>-0.127881/ 54>-0.033836/ 55> 0.494607/ 56> 0.347488/ 57>


 E=7.5615   0.129993/  1>-0.036466/  2> 0.140306/  3>-0.201028/  4> 0.025435/  5>-0.004959/  6>-0.230982/  7>
           -0.104712/  8>-0.013258/  9> 0.096152/ 10>-0.079305/ 11> 0.032535/ 12> 0.180451/ 13> 0.107318/ 14>
            0.102175/ 15> 0.146321/ 16>-0.382278/ 17> 0.196468/ 18>-0.265784/ 19> 0.139000/ 20>-0.074108/ 21>
           -0.139096/ 22> 0.040913/ 23>-0.433316/ 24>-0.230577/ 25>-0.176192/ 26>-0.082531/ 27>-0.072769/ 28>
            0.361611/ 29> 0.051710/ 30>-0.044578/ 31>-0.016754/ 32> 0.116450/ 33> 0.168197/ 34> 0.022912/ 35>

 0.024833/ 36>

 E=7.7505  -0.025338/  1> 0.087554/  2> 0.043420/  3> 0.398638/  4>-0.045037/  5>-0.026205/  6>-0.022623/  7>
           -0.132231/  8>-0.104768/  9>-0.506845/ 10> 0.093393/ 11>-0.084717/ 12> 0.046896/ 13> 0.081332/ 14>
            0.005527/ 15> 0.045262/ 16> 0.175470/ 17> 0.457402/ 18>-0.107217/ 19> 0.274139/ 20>-0.083586/ 21>
           -0.051796/ 22>-0.077858/ 23>-0.150900/ 24> 0.182901/ 25> 0.059250/ 26> 0.078765/ 27> 0.157571/ 28>
            0.068858/ 29> 0.063616/ 30>-0.027869/ 31>-0.002195/ 32>-0.237217/ 33> 0.009297/ 34> 0.036596/ 35>

-0.122891/ 36>

 E=7.7592  -0.019747/  1> 0.029515/  2> 0.011705/  3> 0.032351/  4> 0.002908/  5>-0.039857/  6>-0.005915/  7>
           -0.011037/  8>-0.013429/  9>-0.047103/ 10> 0.021435/ 11> 0.052211/ 12> 0.007368/ 13> 0.007764/ 14>
            0.001765/ 15> 0.029851/ 17> 0.062897/ 18>-0.064261/ 19>-0.066649/ 20>-0.013740/ 21>-0.004353/ 22>
           -0.019242/ 23>-0.018830/ 24> 0.033315/ 25> 0.041184/ 26>-0.192678/ 27> 0.038192/ 28> 0.005989/ 29>
            0.048103/ 30>-0.027474/ 31> 0.364139/ 32>-0.125534/ 33> 0.017171/ 34>-0.570855/ 35> 0.675817/ 36>


 E=7.8228  -0.084792/  1> 0.031611/  2>-0.198841/  3> 0.235824/  4>-0.121688/  5> 0.037123/  6> 0.126467/  7>
            0.255464/  8>-0.320776/  9> 0.191947/ 10>-0.101797/ 11> 0.035687/ 12> 0.147282/ 13>-0.346385/ 14>
           -0.112296/ 15> 0.142789/ 16>-0.083576/ 17> 0.072224/ 18>-0.035251/ 19> 0.021770/ 20>-0.277465/ 21>
           -0.038971/ 22> 0.292509/ 23> 0.209945/ 24> 0.127046/ 25> 0.077593/ 26> 0.029725/ 27> 0.094778/ 28>
            0.313788/ 29> 0.244501/ 30> 0.103698/ 31> 0.037830/ 32> 0.183075/ 33> 0.112536/ 34> 0.039231/ 35>

 0.030502/ 36>

 E=7.9863   0.304283/  1>-0.008590/  2>-0.048043/  3> 0.081041/  4>-0.035000/  5>-0.002105/  6>-0.029140/  7>
            0.011591/  8> 0.074357/  9>-0.102875/ 10>-0.185203/ 11> 0.032682/ 12> 0.027999/ 13>-0.039720/ 14>
            0.027403/ 15>-0.093844/ 16>-0.199302/ 17> 0.145633/ 18> 0.235341/ 19>-0.101667/ 20>-0.017361/ 21>
            0.093710/ 22> 0.022587/ 23> 0.069615/ 24>-0.196418/ 25> 0.454723/ 26> 0.089824/ 27>-0.012807/ 28>
           -0.164626/ 29> 0.082803/ 30>-0.494653/ 31>-0.070801/ 32> 0.024873/ 33> 0.388466/ 34> 0.022383/ 35>

 0.049944/ 36>

  Q20Q22:  0.00 SEC    QTME:  0.00 SEC



    SYMMETRY R1= 1


   BASIS FUNCTIONS /N,L,J,OMEGA>,   PARITY +


   1 / 8 8 17/2 17/2>    20 / 8 6 11/2  1/2>    39 / 8 4  7/2 -7/2>    58 / 6 4  7/2  1/2>    77 / 4 2  5/2  5/2>
   2 / 8 8 17/2 13/2>    21 / 8 4  9/2  1/2>    40 / 8 8 17/2-11/2>    59 / 6 2  5/2  1/2>    78 / 4 4  9/2  1/2>
   3 / 8 8 15/2 13/2>    22 / 8 4  7/2  1/2>    41 / 8 8 15/2-11/2>    60 / 6 2  3/2  1/2>    79 / 4 4  7/2  1/2>
   4 / 8 6 13/2 13/2>    23 / 8 2  5/2  1/2>    42 / 8 6 13/2-11/2>    61 / 6 0  1/2  1/2>    80 / 4 2  5/2  1/2>
   5 / 8 8 17/2  9/2>    24 / 8 2  3/2  1/2>    43 / 8 6 11/2-11/2>    62 / 6 6 13/2 -3/2>    81 / 4 2  3/2  1/2>
   6 / 8 8 15/2  9/2>    25 / 8 0  1/2  1/2>    44 / 8 8 17/2-15/2>    63 / 6 6 11/2 -3/2>    82 / 4 0  1/2  1/2>
   7 / 8 6 13/2  9/2>    26 / 8 8 17/2 -3/2>    45 / 8 8 15/2-15/2>    64 / 6 4  9/2 -3/2>    83 / 4 4  9/2 -3/2>
   8 / 8 6 11/2  9/2>    27 / 8 8 15/2 -3/2>    46 / 6 6 13/2 13/2>    65 / 6 4  7/2 -3/2>    84 / 4 4  7/2 -3/2>
   9 / 8 4  9/2  9/2>    28 / 8 6 13/2 -3/2>    47 / 6 6 13/2  9/2>    66 / 6 2  5/2 -3/2>    85 / 4 2  5/2 -3/2>
  10 / 8 8 17/2  5/2>    29 / 8 6 11/2 -3/2>    48 / 6 6 11/2  9/2>    67 / 6 2  3/2 -3/2>    86 / 4 2  3/2 -3/2>
  11 / 8 8 15/2  5/2>    30 / 8 4  9/2 -3/2>    49 / 6 4  9/2  9/2>    68 / 6 6 13/2 -7/2>    87 / 4 4  9/2 -7/2>
  12 / 8 6 13/2  5/2>    31 / 8 4  7/2 -3/2>    50 / 6 6 13/2  5/2>    69 / 6 6 11/2 -7/2>    88 / 4 4  7/2 -7/2>
  13 / 8 6 11/2  5/2>    32 / 8 2  5/2 -3/2>    51 / 6 6 11/2  5/2>    70 / 6 4  9/2 -7/2>    89 / 2 2  5/2  5/2>
  14 / 8 4  9/2  5/2>    33 / 8 2  3/2 -3/2>    52 / 6 4  9/2  5/2>    71 / 6 4  7/2 -7/2>    90 / 2 2  5/2  1/2>
  15 / 8 4  7/2  5/2>    34 / 8 8 17/2 -7/2>    53 / 6 4  7/2  5/2>    72 / 6 6 13/2-11/2>    91 / 2 2  3/2  1/2>
  16 / 8 2  5/2  5/2>    35 / 8 8 15/2 -7/2>    54 / 6 2  5/2  5/2>    73 / 6 6 11/2-11/2>    92 / 2 0  1/2  1/2>
  17 / 8 8 17/2  1/2>    36 / 8 6 13/2 -7/2>    55 / 6 6 13/2  1/2>    74 / 4 4  9/2  9/2>    93 / 2 2  5/2 -3/2>
  18 / 8 8 15/2  1/2>    37 / 8 6 11/2 -7/2>    56 / 6 6 11/2  1/2>    75 / 4 4  9/2  5/2>    94 / 2 2  3/2 -3/2>
  19 / 8 6 13/2  1/2>    38 / 8 4  9/2 -7/2>    57 / 6 4  9/2  1/2>    76 / 4 4  7/2  5/2>    95 / 0 0  1/2  1/2>


    SINGLE PARTICLE (PARITY+) WAVE FUNCTIONS IN THE ENERGY INTERVAL 6.0<E<8.0

 E=6.0558   0.483394/ 74>-0.136340/ 75> 0.014010/ 76> 0.333925/ 77> 0.011164/ 78> 0.036527/ 79> 0.108812/ 80>
           -0.218629/ 81>-0.402914/ 82> 0.005900/ 83> 0.081121/ 84>-0.088802/ 85> 0.094856/ 86> 0.040023/ 87>
           -0.622497/ 88>

 E=6.1413  -0.017671/ 46>-0.164390/ 47>-0.037055/ 48>-0.009548/ 49>-0.364014/ 50>-0.256571/ 51>-0.042470/ 52>
           -0.041507/ 53>-0.000402/ 54>-0.124397/ 55>-0.570332/ 56>-0.014732/ 57>-0.151862/ 58> 0.007464/ 59>
           -0.034441/ 60> 0.007835/ 61> 0.311877/ 62>-0.436375/ 63> 0.029598/ 64>-0.098306/ 65>-0.005250/ 66>
           -0.013105/ 67> 0.294507/ 68>-0.113913/ 69> 0.025516/ 70>-0.010558/ 71> 0.071017/ 72>-0.007448/ 73>


 E=6.2506  -0.035460/ 46>-0.210303/ 47> 0.069231/ 48>-0.007608/ 49>-0.060636/ 50> 0.160824/ 51> 0.104244/ 52>
           -0.038676/ 53> 0.030078/ 54> 0.219353/ 55> 0.011283/ 56> 0.227479/ 57>-0.312008/ 58> 0.212541/ 59>
           -0.188773/ 60> 0.115330/ 61>-0.320611/ 62> 0.093016/ 63>-0.491284/ 64>-0.170561/ 65>-0.162216/ 66>
           -0.058768/ 67> 0.372202/ 68> 0.138315/ 69>-0.059099/ 70>-0.005287/ 71> 0.204681/ 72> 0.025776/ 73>


 E=6.2790  -0.001645/  1>-0.027445/  2> 0.000652/  3>-0.001163/  4>-0.151569/  5> 0.003564/  6>-0.014651/  7>
            0.000447/  8>-0.000618/  9>-0.415956/ 10> 0.006520/ 11>-0.056560/ 12> 0.001371/ 13>-0.005223/ 14>
           -0.632659/ 17> 0.002136/ 18>-0.097757/ 19> 0.000544/ 20>-0.011486/ 21>-0.001190/ 23>-0.550551/ 26>
           -0.005440/ 27>-0.081593/ 28>-0.001301/ 29>-0.008874/ 30>-0.000760/ 32>-0.271435/ 34>-0.005521/ 35>
           -0.032172/ 36>-0.000947/ 37>-0.002243/ 38>-0.071278/ 40>-0.001770/ 41>-0.005072/ 42>-0.008189/ 44>


 E=6.3935  -0.122648/ 46>-0.516551/ 47> 0.068268/ 48> 0.031715/ 49> 0.244910/ 50> 0.013057/ 51> 0.576719/ 52>
           -0.101432/ 53> 0.083605/ 54>-0.133599/ 55> 0.008235/ 56>-0.080711/ 57>-0.091057/ 58>-0.405278/ 59>
            0.088009/ 60>-0.201484/ 61> 0.038056/ 62> 0.022896/ 63> 0.110413/ 64>-0.135837/ 65>-0.076474/ 66>
           -0.045470/ 67> 0.004653/ 68> 0.089017/ 69> 0.078925/ 70> 0.000867/ 71>-0.047585/ 72> 0.012117/ 73>


 E=6.4553  -0.035983/ 46>-0.240685/ 47> 0.121722/ 48>-0.032347/ 49>-0.189973/ 50> 0.411753/ 51>-0.162892/ 52>
            0.084794/ 53>-0.028411/ 54> 0.308414/ 55> 0.185649/ 56>-0.270689/ 57> 0.079065/ 58>-0.145322/ 59>
            0.045769/ 60>-0.048699/ 61> 0.062453/ 62>-0.428595/ 63>-0.248892/ 64>-0.136914/ 65>-0.084238/ 66>
           -0.028331/ 67>-0.280633/ 68>-0.269394/ 69>-0.102485/ 70>-0.034012/ 71>-0.099219/ 72>-0.032282/ 73>


 E=6.6129   0.005814/ 46> 0.065795/ 47>-0.063972/ 48> 0.019830/ 49>-0.030046/ 50> 0.038523/ 51>-0.031388/ 52>
            0.134035/ 53>-0.049893/ 54> 0.015859/ 55>-0.023233/ 56> 0.036395/ 57>-0.015362/ 58>-0.078049/ 59>
           -0.223189/ 60> 0.104897/ 61>-0.035719/ 62> 0.008580/ 63>-0.027021/ 64> 0.063011/ 65>-0.393999/ 66>
           -0.090812/ 67> 0.124849/ 68>-0.018795/ 69> 0.571592/ 70> 0.077714/ 71>-0.613690/ 72>-0.056737/ 73>


 E=6.6197  -0.060218/ 74>-0.084549/ 75>-0.379386/ 76>-0.065398/ 77> 0.172388/ 78> 0.331861/ 79>-0.327755/ 80>
           -0.461607/ 81> 0.088479/ 82>-0.221345/ 83>-0.182969/ 84> 0.484662/ 85> 0.016665/ 86> 0.220848/ 87>
           -0.080078/ 88>

 E=6.6650   0.030288/ 46> 0.152818/ 47> 0.147547/ 48>-0.009374/ 49> 0.062578/ 50> 0.349869/ 51>-0.096898/ 52>
           -0.056538/ 53>-0.148120/ 55>-0.143885/ 56>-0.160787/ 57>-0.618507/ 58> 0.039036/ 59>-0.279658/ 60>
            0.074620/ 61> 0.233943/ 62> 0.138749/ 63> 0.178633/ 64>-0.213928/ 65> 0.080079/ 66>-0.038929/ 67>
           -0.276531/ 68> 0.180204/ 69>-0.057527/ 70>-0.009698/ 71>-0.076777/ 72> 0.028111/ 73>

 E=6.7594   0.305458/ 74>-0.146694/ 75> 0.048648/ 76> 0.560814/ 77> 0.060154/ 78> 0.037239/ 79>-0.150826/ 80>
           -0.011593/ 81> 0.179972/ 82> 0.003107/ 83>-0.188091/ 84>-0.052726/ 85> 0.478505/ 86>-0.042124/ 87>
            0.488990/ 88>

 E=6.8305  -0.092156/ 46>-0.340809/ 47> 0.081906/ 48>-0.022546/ 49> 0.207656/ 50> 0.039809/ 51> 0.072570/ 52>
           -0.005469/ 53> 0.035458/ 54>-0.098083/ 55>-0.106451/ 56>-0.175515/ 57>-0.044933/ 58> 0.287838/ 59>
           -0.225281/ 60> 0.230361/ 61> 0.082084/ 62> 0.147911/ 63>-0.103579/ 64> 0.541794/ 65> 0.146301/ 66>
            0.162896/ 67>-0.010370/ 68>-0.420286/ 69>-0.061265/ 70> 0.006739/ 71>-0.082852/ 72>-0.090557/ 73>


 E=6.8353  -0.005973/  1>-0.080551/  2> 0.008264/  3>-0.003945/  4>-0.323543/  5> 0.056986/  6>-0.036919/  7>
            0.005833/  8>-0.001890/  9>-0.512064/ 10> 0.168034/ 11>-0.083900/ 12> 0.027245/ 13>-0.009788/ 14>
            0.002901/ 15>-0.000723/ 16>-0.158639/ 17> 0.260169/ 18>-0.029922/ 19> 0.049073/ 20>-0.004590/ 21>
            0.007262/ 22>-0.000732/ 23> 0.000983/ 24> 0.411556/ 26> 0.225266/ 27> 0.074085/ 28> 0.040504/ 29>
            0.010373/ 30> 0.005433/ 31> 0.001281/ 32> 0.000523/ 33> 0.460047/ 34> 0.106886/ 35> 0.065056/ 36>

 0.014539/ 37> 0.005617/ 38> 0.000968/ 39> 0.181635/ 40> 0.024733/ 41> 0.015093/ 42> 0.001532/ 43>
            0.026986/ 44> 0.001847/ 45>

 E=6.8772   0.631687/ 46>-0.084808/ 47>-0.014812/ 48>-0.576244/ 49> 0.021446/ 50>-0.004185/ 51> 0.013285/ 52>
            0.035002/ 53> 0.400912/ 54>-0.002794/ 55>-0.001165/ 56>-0.016086/ 57> 0.020204/ 58> 0.066334/ 59>
           -0.081722/ 60>-0.223420/ 61>-0.002915/ 62>-0.001374/ 63>-0.013418/ 64> 0.026362/ 65> 0.044144/ 66>
           -0.140956/ 67> 0.014492/ 68>-0.006974/ 69> 0.011098/ 70> 0.096486/ 71>-0.038487/ 72>-0.057850/ 73>


 E=6.9596  -0.030176/ 46>-0.214657/ 47>-0.100496/ 48>-0.027017/ 49>-0.228799/ 50>-0.417487/ 51>-0.176601/ 52>
           -0.073115/ 53>-0.022467/ 54> 0.314615/ 55>-0.188297/ 56>-0.288941/ 57>-0.040964/ 58>-0.134800/ 59>
            0.023319/ 60>-0.043706/ 61> 0.040990/ 62> 0.427689/ 63>-0.244528/ 64> 0.071407/ 65>-0.067117/ 66>
            0.002323/ 67>-0.298465/ 68> 0.272772/ 69>-0.080812/ 70> 0.022147/ 71>-0.113362/ 72> 0.030200/ 73>


 E=7.0407   0.047516/ 46>-0.032436/ 47>-0.451908/ 48> 0.015858/ 49>-0.008704/ 50> 0.049760/ 51> 0.107285/ 52>
            0.542083/ 53>-0.076673/ 54>-0.009463/ 55>-0.039428/ 56> 0.022463/ 57> 0.056481/ 58>-0.233553/ 59>
           -0.417713/ 60> 0.108575/ 61> 0.039049/ 62> 0.012088/ 63> 0.081949/ 64> 0.082277/ 65>-0.198118/ 66>
           -0.080054/ 67>-0.136064/ 68>-0.007830/ 69>-0.117714/ 70> 0.007435/ 71> 0.371895/ 72> 0.025640/ 73>


 E=7.1671  -0.013790/  1>-0.147790/  2> 0.009153/  3>-0.004087/  4>-0.404056/  5> 0.038977/  6> 0.002504/  7>
            0.002640/  8> 0.002018/  9>-0.239358/ 10> 0.054033/ 11> 0.183399/ 12> 0.002186/ 13> 0.041720/ 14>
           -0.001407/ 15> 0.003820/ 16> 0.283247/ 17> 0.014555/ 18> 0.476097/ 19>-0.000781/ 20> 0.125101/ 21>
           -0.001833/ 22> 0.023202/ 23>-0.001413/ 24> 0.003399/ 25> 0.052815/ 26>-0.039971/ 27> 0.350511/ 28>
            0.087036/ 30> 0.002757/ 31> 0.012896/ 32> 0.001056/ 33>-0.411057/ 34>-0.052499/ 35> 0.058823/ 36>

-0.003490/ 37> 0.012852/ 38>-0.282964/ 40>-0.022041/ 41>-0.008280/ 42>-0.001064/ 43>-0.056191/ 44>
           -0.002445/ 45>

 E=7.1985   0.031235/ 46> 0.161566/ 47>-0.191413/ 48> 0.057417/ 49>-0.046682/ 50>-0.362662/ 51> 0.271583/ 52>
           -0.169434/ 53> 0.071888/ 54>-0.186791/ 55> 0.385289/ 56> 0.099012/ 57>-0.103881/ 58> 0.152327/ 59>
           -0.110880/ 60> 0.086595/ 61> 0.315972/ 62>-0.036293/ 63>-0.296638/ 64>-0.245387/ 65>-0.149807/ 66>
           -0.083063/ 67>-0.190910/ 68>-0.263170/ 69>-0.184501/ 70>-0.062230/ 71>-0.141561/ 72>-0.048531/ 73>


 E=7.2597  -0.003149/  1>-0.040036/  2>-0.012751/  3>-0.001499/  4>-0.151602/  5>-0.106142/  6>-0.012321/  7>
           -0.010082/  8>-0.228112/ 10>-0.361040/ 11>-0.024479/ 12>-0.057559/ 13>-0.000551/ 14>-0.005827/ 15>
           -0.068767/ 17>-0.599534/ 18>-0.007987/ 19>-0.115456/ 20>-0.017538/ 22> 0.000430/ 23>-0.002432/ 24>
            0.180086/ 26>-0.506732/ 27> 0.020363/ 28>-0.091732/ 29>-0.012235/ 31>-0.000565/ 32>-0.001107/ 33>
            0.209878/ 34>-0.215365/ 35> 0.020256/ 36>-0.028002/ 37> 0.000552/ 38>-0.001694/ 39> 0.087688/ 40>

-0.042103/ 41> 0.005387/ 42>-0.002351/ 43> 0.013833/ 44>-0.002565/ 45>

 E=7.3100  -0.365451/ 46> 0.032900/ 47>-0.016010/ 48> 0.110415/ 49> 0.010886/ 50>-0.007607/ 51>-0.054741/ 52>
            0.047405/ 53> 0.154434/ 54>-0.006379/ 55> 0.005417/ 56>-0.021410/ 57> 0.053291/ 58> 0.135342/ 59>
           -0.137617/ 60>-0.297421/ 61> 0.004779/ 62>-0.031476/ 63>-0.016492/ 64> 0.021215/ 65> 0.151810/ 66>
           -0.458812/ 67> 0.004785/ 68> 0.065023/ 69>-0.066408/ 70> 0.518809/ 71>-0.001261/ 72>-0.425965/ 73>


 E=7.3292   0.061708/ 46> 0.350441/ 47> 0.075357/ 48> 0.077552/ 49>-0.277445/ 50> 0.096543/ 51> 0.165777/ 52>
           -0.130030/ 53> 0.028766/ 54> 0.149106/ 55>-0.103420/ 56> 0.104706/ 57>-0.256401/ 58>-0.406879/ 59>
            0.044488/ 60>-0.272426/ 61>-0.099618/ 62> 0.242480/ 63>-0.023019/ 64> 0.240871/ 65>-0.046041/ 66>
            0.022776/ 67> 0.065203/ 68>-0.465516/ 69>-0.046018/ 70> 0.007989/ 71> 0.082170/ 72>-0.137843/ 73>


 E=7.5108   0.003046/ 46>-0.018564/ 47>-0.534303/ 48> 0.060904/ 49>-0.021682/ 50> 0.155132/ 51> 0.082665/ 52>
            0.259621/ 53>-0.018528/ 54> 0.035326/ 55>-0.043188/ 56>-0.019960/ 57>-0.151544/ 58> 0.037999/ 59>
            0.195202/ 60>-0.138103/ 61>-0.068075/ 62> 0.048146/ 63>-0.090361/ 64>-0.115438/ 65> 0.460545/ 66>
            0.149731/ 67> 0.201444/ 68>-0.004971/ 69>-0.177383/ 70>-0.085254/ 71>-0.428751/ 72>-0.010670/ 73>


 E=7.5183   0.028901/  1> 0.242718/  2>-0.027610/  3> 0.004649/  4> 0.396562/  5>-0.096038/  6>-0.050763/  7>
            0.004586/  8>-0.008077/  9>-0.148354/ 10>-0.075827/ 11>-0.320648/ 12> 0.073141/ 13>-0.081751/ 14>
            0.020231/ 15>-0.009730/ 16>-0.180604/ 17> 0.027535/ 18>-0.164047/ 19> 0.174164/ 20>-0.057024/ 21>
            0.062558/ 22>-0.017442/ 23> 0.016610/ 24>-0.006009/ 25> 0.344280/ 26>-0.017281/ 27> 0.362289/ 28>
            0.133299/ 29> 0.108521/ 30> 0.044369/ 31> 0.022630/ 32> 0.007995/ 33>-0.192063/ 34>-0.106988/ 35>

 0.175141/ 36> 0.026839/ 37> 0.035728/ 38> 0.005313/ 39>-0.387480/ 40>-0.061790/ 41> 0.001513/ 42>
           -0.000557/ 43>-0.107609/ 44>-0.007907/ 45>

 E=7.5661  -0.126785/ 74> 0.090222/ 75>-0.088243/ 76>-0.389589/ 77>-0.074987/ 78> 0.122729/ 79> 0.255646/ 80>
           -0.293660/ 81>-0.512143/ 82> 0.061599/ 83>-0.159175/ 84>-0.181832/ 85> 0.511194/ 86>-0.045934/ 87>
            0.236703/ 88>

 E=7.6355   0.006535/  1> 0.073918/  2>-0.033974/  3> 0.009287/  4> 0.206640/  5>-0.193536/  6> 0.094135/  7>
           -0.024268/  8> 0.008029/  9> 0.085114/ 10>-0.365268/ 11> 0.273647/ 12>-0.077781/ 13> 0.056832/ 14>
           -0.011353/ 15> 0.005400/ 16>-0.267745/ 17>-0.121507/ 18> 0.374174/ 19>-0.031748/ 20> 0.104098/ 21>
           -0.007149/ 22> 0.018404/ 23>-0.001891/ 24> 0.002505/ 25>-0.111922/ 26> 0.307904/ 27> 0.341963/ 28>
            0.074339/ 29> 0.086979/ 30> 0.014551/ 31> 0.013159/ 32> 0.002291/ 33> 0.201781/ 34> 0.305426/ 35>

 0.179333/ 36> 0.052434/ 37> 0.026689/ 38> 0.004482/ 39> 0.146041/ 40> 0.094536/ 41> 0.036596/ 42>
            0.006921/ 43> 0.027990/ 44> 0.008022/ 45>

 E=7.7446  -0.048737/  1>-0.319968/  2> 0.028952/  3> 0.003014/  4>-0.251304/  5> 0.057808/  6> 0.158783/  7>
           -0.011765/  8> 0.014251/  9> 0.332956/ 10> 0.001183/ 11> 0.364253/ 12>-0.051685/ 13> 0.019133/ 14>
           -0.009518/ 15>-0.002886/ 16>-0.258149/ 17>-0.002556/ 18>-0.280870/ 19>-0.010063/ 20>-0.350889/ 21>
            0.016248/ 22>-0.148890/ 23> 0.022920/ 24>-0.040480/ 25> 0.122147/ 26> 0.007146/ 27> 0.090315/ 28>
            0.025332/ 29>-0.117362/ 30> 0.001122/ 31>-0.041275/ 32>-0.003453/ 33> 0.085842/ 34>-0.028664/ 35>

 0.276274/ 36> 0.024581/ 37> 0.030114/ 38> 0.003809/ 39>-0.339178/ 40>-0.041442/ 41> 0.037066/ 42>
            0.001241/ 43>-0.137166/ 44>-0.007913/ 45>

 E=7.7457   0.458823/ 46>-0.104581/ 47> 0.003510/ 48> 0.124705/ 49> 0.020808/ 50> 0.012293/ 51> 0.062079/ 52>
           -0.071097/ 53>-0.445482/ 54>-0.008041/ 55> 0.002709/ 56> 0.010603/ 57>-0.035210/ 58>-0.092715/ 59>
            0.179002/ 60> 0.333734/ 61> 0.002513/ 62>-0.009524/ 63> 0.004284/ 64>-0.054545/ 65> 0.014806/ 66>
            0.066955/ 67> 0.001361/ 68> 0.070298/ 69>-0.067155/ 70> 0.318585/ 71> 0.018578/ 72>-0.531513/ 73>


 E=7.8495   0.037185/ 46> 0.193979/ 47> 0.168879/ 48> 0.053485/ 49>-0.056705/ 50> 0.300136/ 51> 0.299151/ 52>
            0.135280/ 53> 0.051880/ 54>-0.160042/ 55>-0.348202/ 56> 0.189642/ 57> 0.289018/ 58> 0.071529/ 59>
            0.167413/ 60>-0.028028/ 61> 0.264777/ 62> 0.028881/ 63>-0.373938/ 64> 0.191002/ 65>-0.141283/ 66>
            0.027729/ 67>-0.156946/ 68> 0.284181/ 69>-0.179450/ 70> 0.038553/ 71>-0.124966/ 72> 0.053541/ 73>


 E=7.9284   0.029347/  1> 0.158063/  2>-0.019771/  3>-0.003839/  4> 0.034890/  5>-0.020446/  6>-0.095617/  7>
            0.018159/  8>-0.009746/  9>-0.122300/ 10> 0.031177/ 11>-0.099199/ 12> 0.053752/ 13> 0.001251/ 14>
           -0.001976/ 15> 0.005485/ 16> 0.179675/ 17>-0.024659/ 18> 0.181100/ 19>-0.038274/ 20> 0.121635/ 21>
           -0.112909/ 22> 0.103796/ 23>-0.078567/ 24> 0.055261/ 25>-0.252208/ 26> 0.009915/ 27>-0.272733/ 28>
            0.016331/ 29>-0.316347/ 30>-0.066555/ 31>-0.113948/ 32>-0.030094/ 33> 0.353347/ 34> 0.016087/ 35>

 0.433735/ 36> 0.077366/ 37> 0.037171/ 38> 0.006735/ 39>-0.408639/ 40>-0.062769/ 41> 0.099377/ 42>
            0.008069/ 43>-0.246189/ 44>-0.016613/ 45>

  Q20Q22:  0.00 SEC    QTME:  0.00 SEC

 Q0= 230.748 HBAR/MW0     Q2=-137.818 HBAR/MW0     GAMMA= 40.2 DEG   FOR 79 PARTICLES;  A=197

1
 **********************************************  SINGLE PARTICLE MATRIX ELEMENTS  ***********************************************


   ENY   EMY     A+B     C      D      E    JZ    S0    S+    S-  <R2S> <R4S>  R2DZ  R2D+  R2D-  Q20S  Q22S   Q20   Q22  RHO2    R2


  5.27+ MY=NY -0.210 -0.369   8.94  -3.05 -0.09 -0.38 -0.04 -0.56  5.50 36.86  0.76  0.67 -0.52  0.20 -0.91  1.70 -1.98  5.50  6.23
  5.29+ 5.27+  0.000  0.000   0.00   0.00 -0.00 -0.00  0.00  0.00************  0.00 -0.00 -0.00 -0.01 -0.00 -0.02 -0.01 -0.00 -0.00
  5.48+ 5.27+  1.213  1.172   0.40  -1.72  0.07 -0.13  0.15 -0.19  5.50 38.42  0.03  0.42  0.47  0.33  0.29  0.47  0.31 -0.00 -0.01
  5.75+ 5.27+  0.897 -0.934   0.00  -0.16  0.64  0.05 -0.05 -0.16  5.50 38.07  0.49 -0.40 -0.05 -0.06 -0.21 -0.12 -0.21  0.00  0.03
  5.77+ 5.27+  0.000 -0.000   0.00  -0.00  0.00  0.00  0.00 -0.00************  0.01  0.01  0.00 -0.00 -0.00 -0.00 -0.00  0.00  0.00
  5.89+ 5.27+  0.057 -0.062   0.72  -1.43 -1.62  0.01  0.04  0.36  5.50 41.50  0.07  0.89  0.11 -0.25  0.30 -0.25  0.26  0.00 -0.10
  5.98+ 5.27+ -0.000 -0.000  -0.00  -0.00 -0.00 -0.00 -0.00 -0.00************ -0.01  0.00 -0.00 -0.11 -0.01 -0.14 -0.02 -0.01 -0.03
  6.06+ 5.27+ -1.333  1.375  -0.24   0.25 -0.04 -0.12 -0.04 -0.04  5.50 36.74 -0.60 -0.10  0.13  0.27  0.01  0.34  0.03  0.00  0.04
  6.14+ 5.27+  0.000 -0.000   0.00  -0.00  0.00 -0.00 -0.00  0.00************  0.02  0.00  0.00 -0.41 -0.14 -0.55 -0.16 -0.03 -0.07
  6.25+ 5.27+ -0.000 -0.000  -0.00  -0.00  0.00  0.00  0.00 -0.00************  0.03  0.00 -0.04 -0.33 -0.02 -0.43 -0.04 -0.05 -0.10
  6.28+ 5.27+ -0.000  0.000   0.00   0.00 -0.00 -0.00 -0.00  0.00541.92******  0.00  0.00 -0.00  0.00  0.00  0.00  0.00  0.00  0.00

  5.29+ MY=NY  6.428  6.428  45.52  74.84  0.00  0.00  0.50  0.50  7.50 64.06  0.00  1.06 -1.06  4.36 -3.11  7.02 -4.04  7.50  9.50
  5.48+ 5.29+  0.000  0.000   0.00   0.00  0.00 -0.00  0.00 -0.00************ -0.00  0.00  0.00 -0.01 -0.00 -0.01 -0.00 -0.00 -0.00
  5.75+ 5.29+  0.000 -0.000   0.00  -0.00  0.00  0.00 -0.00 -0.00************  0.00 -0.00  0.00  0.01  0.00  0.02  0.00  0.00  0.00
  5.77+ 5.29+  1.576 -1.580  -0.00  -0.06  1.29  0.40  0.41 -0.41  7.50 64.16  0.46  0.02  0.02  0.01  0.01  0.02  0.01  0.00  0.00
  5.89+ 5.29+  0.000 -0.000   0.00  -0.00 -0.00  0.00  0.00  0.00************  0.00 -0.00 -0.00 -0.00 -0.00 -0.01 -0.00 -0.00 -0.00
  5.98+ 5.29+ -0.377 -0.355  -0.64 -14.47 -0.01 -0.00 -0.01 -0.00  7.50 83.45  0.00 -0.03  0.02  3.24  1.38  4.31  1.64  0.00  0.20
  6.06+ 5.29+ -0.000  0.000  -0.00  -0.00  0.00 -0.00 -0.00 -0.00************  0.00 -0.00 -0.00  0.00  0.00  0.00  0.00  0.00  0.00
  6.14+ 5.29+  1.246 -1.249   0.00  -0.09  0.95 -0.30 -0.29  0.29  7.50 64.25 -1.18  0.53  0.53  0.02  0.01  0.02  0.01  0.00  0.00
  6.25+ 5.29+  0.000 -0.039  -0.07  -1.02  0.02  0.04  0.04 -0.04  7.50 50.38  0.09 -0.03 -0.03  0.24  0.10  0.32  0.12 -0.00  0.01
  6.28+ 5.29+  0.000 -0.000  -0.00  -0.00  0.00  0.00  0.00 -0.00************  0.00  0.07 -0.07  5.84  2.01  7.79  2.42  0.40  0.89

  5.48+ MY=NY  0.050  0.022   3.14  -0.46  0.03  0.45 -0.54 -0.02  5.50 37.35 -1.20  0.56 -0.67 -3.46 -2.37 -3.15 -3.73  5.50  5.99
  5.75+ 5.48+ -0.190  0.128   0.07  -0.58 -0.16 -0.00 -0.04 -0.02  5.50 32.63 -0.11  0.06  0.09 -0.11 -0.10 -0.16 -0.11 -0.00  0.00
  5.77+ 5.48+ -0.000 -0.000   0.00   0.00 -0.00  0.00 -0.00 -0.00************  0.00  0.00  0.00 -0.00 -0.00 -0.00 -0.00 -0.00 -0.00
  5.89+ 5.48+  0.654 -0.615   0.12  -0.04  0.05  0.03  0.06  0.05  5.50 40.09  0.38  0.06 -0.11  0.09  0.14  0.14  0.14  0.00 -0.02
  5.98+ 5.48+  0.000 -0.000   0.00  -0.00 -0.00 -0.00  0.00  0.00************  0.01 -0.00 -0.00 -0.01 -0.00 -0.02 -0.00 -0.00 -0.00
  6.06+ 5.48+ -0.339  0.277  -0.24   0.46 -2.34 -0.02 -0.45 -0.01  5.50 42.36 -0.12  0.34  1.20  0.09 -0.42  0.03 -0.38  0.00  0.10
  6.14+ 5.48+ -0.000 -0.000   0.00   0.00 -0.00 -0.00 -0.00  0.00************  0.00  0.00  0.00  0.10  0.04  0.14  0.04  0.01  0.01
  6.25+ 5.48+ -0.000 -0.000   0.00   0.00 -0.00 -0.00 -0.00  0.00************  0.02  0.00  0.01  0.02  0.01  0.03  0.01 -0.00  0.00
  6.28+ 5.48+  0.000  0.000   0.00   0.00 -0.00 -0.00 -0.00  0.00 54.58******  0.00  0.00  0.00  0.00  0.00  0.00  0.00 -0.00  0.00

  5.75+ MY=NY  2.118  1.966  13.61  -6.65  0.04  0.22  0.61  0.16  5.50 37.78 -0.26 -0.61  1.25  1.05  1.74  3.31  0.61  5.50  5.81
  5.77+ 5.75+  0.000  0.000   0.00  -0.00  0.00  0.00  0.00  0.00************  0.02  0.01  0.01  0.01  0.00  0.01  0.00  0.00  0.00
  5.89+ 5.75+ -0.831 -1.077   0.90  -8.44  0.03  0.36  0.40 -0.38  5.50 37.80 -0.40  0.66  0.62  1.36  0.65  1.83  0.75  0.00  0.07
  5.98+ 5.75+  0.000 -0.000   0.00  -0.00 -0.00  0.00  0.00 -0.00************  0.01 -0.00 -0.00  0.15  0.01  0.19  0.02  0.02  0.04
  6.06+ 5.75+  0.261  0.233  -0.52   7.18 -0.02  0.09  0.08 -0.10  5.50 35.62 -0.14  0.14  0.18 -1.15 -0.52 -1.53 -0.61  0.00 -0.06
  6.14+ 5.75+  0.000  0.000   0.00   0.00 -0.00  0.00  0.00 -0.00************  0.01  0.00  0.00 -0.00  0.00 -0.01  0.00 -0.00 -0.00
  6.25+ 5.75+  0.000 -0.000   0.00   0.00  0.00  0.00  0.00 -0.00************ -0.11 -0.04 -0.04 -0.10  0.03 -0.13  0.02 -0.02 -0.04
  6.28+ 5.75+  0.000  0.000   0.00  -0.00  0.00  0.00  0.00 -0.00 33.25****** -0.00 -0.00 -0.00 -0.00  0.00 -0.00  0.00  0.00 -0.00

  5.77+ MY=NY -5.360 -5.382  37.84  40.78 -0.01 -0.00  0.15  0.15  7.50 64.54  0.01 -0.36  0.37  4.21 -2.30  7.00 -3.29  7.50  9.31
  5.89+ 5.77+ -0.000 -0.000   0.00   0.00 -0.00  0.00  0.00 -0.00************ -0.00 -0.00 -0.00  0.03  0.01  0.04  0.01  0.00  0.00
  5.98+ 5.77+  1.498 -1.398  -0.03  -0.72 -1.10 -0.05  0.11 -0.10  7.50 67.06  1.12  0.85  0.84  0.14  0.06  0.19  0.07 -0.00  0.01
  6.06+ 5.77+  0.000 -0.000   0.00   0.00 -0.00  0.00  0.00 -0.00************  0.00  0.00  0.00  0.01  0.00  0.01  0.00  0.00  0.00
  6.14+ 5.77+ -0.014 -0.038   3.96  -7.03 -0.01 -0.00 -0.48 -0.48  7.50 64.22 -0.00 -1.03  1.03 -0.98  0.77 -1.06  0.63  0.00 -0.31
  6.25+ 5.77+ -0.445 -0.526  -0.52  17.37 -0.04 -0.00  0.02  0.01  7.50 37.57  0.06  0.04  0.04 -2.97 -1.34 -3.97 -1.57  0.00 -0.17
  6.28+ 5.77+ -0.000 -0.000  -0.00   0.00 -0.00  0.00 -0.00 -0.00************  0.04 -0.02 -0.02 -0.00 -0.00 -0.00 -0.00 -0.00 -0.00

  5.89+ MY=NY -0.592 -0.563  10.18 -10.78 -0.07 -0.22  0.25  0.53  5.50 37.35  0.67 -0.87  0.99 -0.08  1.46  1.85  0.23  5.50  5.70
  5.98+ 5.89+  0.000  0.000   0.00   0.00 -0.00 -0.00  0.00  0.00************  0.01 -0.00 -0.00 -0.02 -0.00 -0.02 -0.00 -0.00 -0.00
  6.06+ 5.89+ -1.121 -1.022   0.33   0.73  0.02 -0.13 -0.17  0.17  5.50 38.79  0.06 -0.38 -0.38 -0.07  0.03 -0.08  0.02  0.00 -0.02
  6.14+ 5.89+ -0.000 -0.000   0.00   0.00 -0.00 -0.00 -0.00 -0.00************ -0.00 -0.00 -0.00 -0.01  0.00 -0.01 -0.00 -0.00 -0.00
  6.25+ 5.89+ -0.000  0.000   0.00   0.00 -0.00 -0.00 -0.00  0.00************ -0.01  0.00  0.00 -0.19  0.01 -0.25 -0.00 -0.03 -0.06
  6.28+ 5.89+ -0.000  0.000   0.00   0.00 -0.00 -0.00  0.00  0.00 33.40****** -0.00  0.00  0.00 -0.00  0.00 -0.00 -0.00  0.00 -0.00

  5.98+ MY=NY  4.359  4.142  28.49  18.58  0.11  0.03  0.45  0.40  7.50 71.73  0.02  0.84 -0.83  4.78 -2.22  7.72 -3.16  7.50  9.38
  6.06+ 5.98+  0.000  0.000   0.00   0.00 -0.00 -0.00  0.00  0.00************  0.00 -0.00 -0.00 -0.00 -0.00 -0.00 -0.00 -0.00 -0.00
  6.14+ 5.98+  0.948 -0.863   0.05   0.13 -0.93 -0.14  0.08 -0.08  7.50 61.93 -1.03 -0.61 -0.62 -0.08 -0.04 -0.10 -0.04  0.00 -0.00
  6.25+ 5.98+ -1.613  2.512  -0.26   7.89 -1.42 -0.35 -0.37  0.40  7.50 71.32 -0.23 -0.14 -0.24 -1.49 -0.66 -1.98 -0.78  0.00 -0.09
  6.28+ 5.98+ -0.000  0.000  -0.00   0.00 -0.00 -0.00 -0.00  0.00************ -0.00 -0.00  0.00 -0.27 -0.10 -0.36 -0.12 -0.01 -0.03

  6.06+ MY=NY  0.066 -0.003   3.58  -2.31  0.09  0.45  0.73  0.03  5.50 38.09 -1.18 -0.72  1.16 -3.65 -0.03 -2.90 -1.55  5.50  5.48
  6.14+ 6.06+ -0.000 -0.000   0.00   0.00 -0.00 -0.00  0.00 -0.00************  0.00  0.00  0.00 -0.00  0.00 -0.00  0.00 -0.00 -0.00
  6.25+ 6.06+ -0.000  0.000   0.00   0.00 -0.00 -0.00 -0.00  0.00************  0.01  0.00  0.00 -0.01  0.00 -0.02 -0.00 -0.00 -0.00
  6.28+ 6.06+  0.000  0.000   0.00   0.00  0.00  0.00  0.00  0.00  8.06******  0.00 -0.00  0.00 -0.00 -0.00 -0.00 -0.00  0.00  0.00

  6.14+ MY=NY -5.371 -5.391  35.71  45.42 -0.01 -0.00 -0.15 -0.15  7.50 63.32 -0.01  0.89 -0.90  3.66 -1.81  6.41 -2.88  7.50  9.12
  6.25+ 6.14+  0.224  0.024  -2.48   1.61 -0.09 -0.01  0.01  0.00  7.50164.13 -0.02 -0.10  0.09  0.26  0.09  0.34  0.11 -0.00  0.02
  6.28+ 6.14+ -0.000 -0.000   0.00   0.00 -0.00  0.00 -0.00 -0.00************ -0.04  0.02  0.02 -0.00 -0.00 -0.00 -0.00 -0.00 -0.00

  6.25+ MY=NY -1.197 -3.728  25.51 -12.93 -0.93 -0.06  0.28  0.09  7.50 72.48  0.77  0.55  0.70  5.96 -1.01  9.44 -1.88  7.50  9.30
  6.28+ 6.25+ -0.000 -0.000   0.00  -0.00 -0.00 -0.00  0.00  0.00************  0.01 -0.00 -0.00 -0.02 -0.01 -0.02 -0.01 -0.00 -0.00

  6.28+ MY=NY  8.447  8.447  76.59 132.66  0.00  0.00  0.50  0.50  9.50100.07  0.00  1.41 -1.41  5.34 -4.35  8.58 -5.52  9.50 12.09

 DECOUP:  0.00 SEC



   #   ENERGY +/-(#)    <Q20>    <Q22>     <R2>     <JZ>      #   ENERGY +/-(#)    <Q20>    <Q22>     <R2>     <JZ>

   1   1.5000  +(# 1)   0.4479  -0.3103   1.6407   0.5000    41   5.9541  -(#21)  -0.1517  -4.2226   7.5338  -2.2020
   2   2.1460  -(# 1)   2.2521  -0.6654   2.9836   0.3082    42   5.9609  -(#22)   2.2224  -3.1907   7.6105  -1.1084
   3   2.3630  -(# 2)   0.1475  -1.3060   2.8471  -0.7353    43   5.9822  -(#23)  -1.5320   2.1029   3.7586   0.1795
   4   2.8180  +(# 2)   4.2112  -0.9671   4.3351   0.2073    44   5.9848  +(#21)   7.7227  -3.1575   9.3772   0.1149
   5   2.9909  -(# 3)  -0.1599   0.4200   2.3725  -0.0729    45   6.0558  +(#22)  -2.9000  -1.5454   5.4775   0.0781
   6   3.0220  +(# 3)   2.1882  -1.6159   4.2121  -0.1252    46   6.1413  +(#23)   6.4112  -2.8843   9.1241  -0.0101
   7   3.2042  +(# 4)  -0.5109  -2.4023   4.0283   0.6887    47   6.1424  -(#24)   1.4272  -3.1667   7.4924  -0.3456
   8   3.4660  -(# 4)   4.7757  -1.7879   5.6197   0.0499    48   6.2506  +(#24)   9.4433  -1.8840   9.3014  -0.9673
   9   3.6814  +(# 5)   2.2864   0.1878   3.7753  -0.0676    49   6.2790  +(#25)   8.5795  -5.5170  12.0875   0.0000
  10   3.7681  -(# 5)   6.2690  -1.0023   5.6338  -0.1275    50   6.3259  -(#25)   7.4374  -3.8562  10.5116  -0.0011
  11   3.8154  +(# 6)  -1.0852  -0.7635   3.5379   0.5114    51   6.3595  -(#26)   4.0815  -0.2748   7.1438   0.0003
  12   3.8767  -(# 6)   2.0435  -2.4103   5.3902   0.7689    52   6.3872  -(#27)  -4.1412  -5.2807   7.2360   0.6451
  13   4.0729  -(# 7)  -2.2633  -3.9995   5.1805  -1.5540    53   6.3935  +(#26)   6.1577  -3.0904   9.1399   2.4241
  14   4.1197  +(# 7)   5.4204  -2.5771   6.9077   0.0084    54   6.4553  +(#27)   6.5987  -2.1319   8.9625   0.0138
  15   4.3340  -(# 8)   4.1440  -0.3409   5.1691  -0.0447    55   6.5414  -(#28)   5.0185   0.3529   7.1190  -0.0297
  16   4.4590  +(# 8)  -0.8185   1.2170   3.0806  -0.2146    56   6.6011  -(#29)   7.9923  -3.7713  10.5686   0.0218
  17   4.4759  -(# 9)   2.3235  -0.5865   4.9740   0.2759    57   6.6129  +(#28)   0.6447  -4.8285   8.7974  -3.5445
  18   4.5012  +(# 9)   6.8361  -1.6251   6.8694  -0.2803    58   6.6197  +(#29)   1.0829   1.9781   5.1583  -0.0168
  19   4.5891  +(#10)   5.8285  -2.1331   6.8543   0.9214    59   6.6650  +(#30)   8.3723  -1.8841   9.1505   0.1677
  20   4.6294  -(#10)  -2.2374  -2.2958   4.7584  -0.4155    60   6.6779  -(#30)   1.0595  -1.1770   6.9434   0.0494
  21   4.6991  -(#11)   6.1495  -3.3345   8.1997   0.0010    61   6.7120  -(#31)   7.3701  -3.8556  10.5020  -0.0011
  22   4.7938  +(#11)   2.4641  -3.1778   6.6413  -1.4982    62   6.7594  +(#31)  -2.5105   0.6856   4.9749   0.0378
  23   4.9396  +(#12)   4.6271  -1.1893   6.4492  -0.0078    63   6.8305  +(#32)   6.4603  -2.3242   8.9911  -0.4532
  24   5.0246  +(#13)  -3.3239  -5.2009   6.3313   2.2936    64   6.8353  +(#33)   7.9624  -4.4258  11.7279  -0.0001
  25   5.1301  -(#12)   1.7583   1.1032   4.4721  -0.0921    65   6.8772  +(#34)  -5.2767  -6.6877   8.4276   4.6153
  26   5.1403  +(#14)   5.6232  -0.3724   6.3854   0.0584    66   6.8899  -(#32)  -3.8788  -2.9717   6.6960  -0.0494
  27   5.1421  -(#13)   6.4344  -2.5997   8.0563  -0.0539    67   6.9201  -(#33)   8.6059  -2.5932  10.3606  -0.3929
  28   5.2646  -(#14)  -1.8429  -0.0915   4.2632  -0.0403    68   6.9596  +(#35)   4.9432  -1.0845   8.4675  -0.0131
  29   5.2714  +(#15)   1.7040  -1.9758   6.2338  -0.0755    69   7.0407  +(#36)   0.6394  -4.6088   8.7418   0.9269
  30   5.2906  +(#16)   7.0161  -4.0412   9.4984   0.0001    70   7.0608  -(#34)   7.2998  -3.0235  10.2841   0.0015
  31   5.3024  -(#15)   7.3482  -2.4207   8.1403   0.3972    71   7.0887  -(#35)   9.6296  -2.1889  10.4039   1.7299
  32   5.4837  +(#17)  -3.1487  -3.7349   5.9896   0.0184    72   7.1671  +(#37)   8.3405  -4.2760  11.7437   0.0032
  33   5.5161  -(#16)   7.3561  -1.9515   8.0242  -1.2564    73   7.1985  +(#38)   6.1454  -0.2917   8.4388  -0.0134
  34   5.5432  -(#17)   5.5005  -2.1334   7.8081  -0.0624    74   7.2441  -(#36)   2.8606   1.4553   6.5394  -0.0169
  35   5.6999  -(#18)   1.2842  -4.1712   7.7233   2.5625    75   7.2597  +(#39)   8.3177  -4.7955  11.8703  -0.0001
  36   5.7482  +(#18)   3.3113   0.6135   5.8133   0.0281    76   7.2687  -(#37)   5.7538  -3.2337  10.1188  -3.5041
  37   5.7674  +(#19)   6.9978  -3.2910   9.3084  -0.0089    77   7.3100  +(#40)  -5.1680  -6.7722   8.4641  -1.3221
  38   5.8026  -(#19)   7.7959  -4.7797  10.7929   0.0000    78   7.3292  +(#41)   5.2047  -0.7173   8.4126   0.0049
  39   5.8090  -(#20)   6.2199  -1.1961   7.6753  -0.0146    79   7.3667  -(#38)   8.7853  -3.0370  10.4968   0.1025
  40   5.8873  +(#20)   1.8491   0.2338   5.7021  -0.0682    80   7.3767  -(#39)   1.1643   0.9298   6.4317   0.0290



     PARITY: +     DIMENSION:  95     MATRIX:   0.0 SEC     DIAGONALISATION:   0.0 SEC
     PARITY: -     DIMENSION:  70     MATRIX:   0.0 SEC     DIAGONALISATION:   0.0 SEC
      TOTAL TIME:   0.0 SEC
