


         KAPPAP      MYP     KAPPAN      MYN
    0    0.1200    0.0000    0.1200    0.0000
    1    0.1200    0.0000    0.1200    0.0000
    2    0.1050    0.0000    0.1050    0.0000
    3    0.0900    0.3000    0.0900    0.2500
    4    0.0650    0.5700    0.0700    0.3900
    5    0.0600    0.6500    0.0620    0.4300
    6    0.0540    0.6900    0.0620    0.3400
    7    0.0540    0.6900    0.0620    0.2600
    8    0.0540    0.6900    0.0620    0.2600


     KAPPA    MY     EPS   GAMMA    EPS4     EPS6     W0/W00   NMAX  COUPL     OMROT      EFAC      QFAC
      SEE TABLE     0.370   31.8   0.000    0.000    1.01557     8     0     0.00000   6.68378   6.20906


                     **** PROTONS ****                     **** STRETCHED COORDINATES ****
    SYMMETRY R1= 1


   BASIS FUNCTIONS /N,L,J,OMEGA>,   PARITY -


   1 / 7 7 15/2 13/2>    15 / 7 5 11/2  1/2>    29 / 7 7 13/2 -7/2>    43 / 5 5 11/2  1/2>    57 / 5 5 11/2-11/2>
   2 / 7 7 13/2 13/2>    16 / 7 5  9/2  1/2>    30 / 7 5 11/2 -7/2>    44 / 5 5  9/2  1/2>    58 / 3 3  7/2  5/2>
   3 / 7 7 15/2  9/2>    17 / 7 3  7/2  1/2>    31 / 7 5  9/2 -7/2>    45 / 5 3  7/2  1/2>    59 / 3 3  5/2  5/2>
   4 / 7 7 13/2  9/2>    18 / 7 3  5/2  1/2>    32 / 7 3  7/2 -7/2>    46 / 5 3  5/2  1/2>    60 / 3 3  7/2  1/2>
   5 / 7 5 11/2  9/2>    19 / 7 1  3/2  1/2>    33 / 7 7 15/2-11/2>    47 / 5 1  3/2  1/2>    61 / 3 3  5/2  1/2>
   6 / 7 5  9/2  9/2>    20 / 7 1  1/2  1/2>    34 / 7 7 13/2-11/2>    48 / 5 1  1/2  1/2>    62 / 3 1  3/2  1/2>
   7 / 7 7 15/2  5/2>    21 / 7 7 15/2 -3/2>    35 / 7 5 11/2-11/2>    49 / 5 5 11/2 -3/2>    63 / 3 1  1/2  1/2>
   8 / 7 7 13/2  5/2>    22 / 7 7 13/2 -3/2>    36 / 7 7 15/2-15/2>    50 / 5 5  9/2 -3/2>    64 / 3 3  7/2 -3/2>
   9 / 7 5 11/2  5/2>    23 / 7 5 11/2 -3/2>    37 / 5 5 11/2  9/2>    51 / 5 3  7/2 -3/2>    65 / 3 3  5/2 -3/2>
  10 / 7 5  9/2  5/2>    24 / 7 5  9/2 -3/2>    38 / 5 5  9/2  9/2>    52 / 5 3  5/2 -3/2>    66 / 3 1  3/2 -3/2>
  11 / 7 3  7/2  5/2>    25 / 7 3  7/2 -3/2>    39 / 5 5 11/2  5/2>    53 / 5 1  3/2 -3/2>    67 / 3 3  7/2 -7/2>
  12 / 7 3  5/2  5/2>    26 / 7 3  5/2 -3/2>    40 / 5 5  9/2  5/2>    54 / 5 5 11/2 -7/2>    68 / 1 1  3/2  1/2>
  13 / 7 7 15/2  1/2>    27 / 7 1  3/2 -3/2>    41 / 5 3  7/2  5/2>    55 / 5 5  9/2 -7/2>    69 / 1 1  1/2  1/2>
  14 / 7 7 13/2  1/2>    28 / 7 7 15/2 -7/2>    42 / 5 3  5/2  5/2>    56 / 5 3  7/2 -7/2>    70 / 1 1  3/2 -3/2>


    SINGLE PARTICLE (PARITY-) WAVE FUNCTIONS IN THE ENERGY INTERVAL 6.0<E<8.0

 E=6.0145  -0.076227/ 37> 0.012545/ 38>-0.130648/ 39> 0.109467/ 40>-0.095117/ 41> 0.029606/ 42> 0.256562/ 43>
            0.076338/ 44>-0.451081/ 45> 0.193643/ 46>-0.331628/ 47> 0.159498/ 48> 0.089443/ 49>-0.591637/ 50>
           -0.265369/ 51>-0.232612/ 52>-0.100847/ 53>-0.063347/ 54>-0.097427/ 55>-0.027362/ 56>-0.005442/ 57>


 E=6.2407  -0.043159/ 37> 0.045256/ 38> 0.026874/ 39> 0.522045/ 40>-0.165230/ 41> 0.100766/ 42> 0.144667/ 43>
           -0.178647/ 44>-0.390956/ 45>-0.408463/ 46>-0.041447/ 47>-0.196179/ 48> 0.050107/ 49> 0.417734/ 50>
           -0.250170/ 51> 0.066692/ 52>-0.064585/ 53>-0.145408/ 54> 0.043982/ 55>-0.031686/ 56>-0.018625/ 57>


 E=6.2697  -0.001076/ 37> 0.004432/ 38> 0.013657/ 39> 0.034177/ 40>-0.002530/ 41> 0.001037/ 42>-0.015040/ 43>
            0.019638/ 44> 0.013862/ 45>-0.015360/ 46> 0.032977/ 47> 0.000606/ 48> 0.014554/ 49>-0.021492/ 50>
           -0.010910/ 51>-0.023196/ 52> 0.074307/ 53>-0.044358/ 54> 0.009939/ 55>-0.312057/ 56> 0.943499/ 57>


 E=6.2720  -0.018054/ 37>-0.037440/ 38>-0.200933/ 39>-0.512542/ 40>-0.011824/ 41>-0.082816/ 42> 0.245207/ 43>
           -0.323179/ 44>-0.308261/ 45> 0.161092/ 46>-0.348994/ 47> 0.208792/ 48>-0.133007/ 49> 0.405349/ 50>
            0.062216/ 51> 0.197339/ 52> 0.055111/ 53> 0.001629/ 54> 0.075070/ 55>-0.006923/ 56> 0.061051/ 57>


 E=6.4241  -0.008135/ 37>-0.038773/ 38>-0.051954/ 39>-0.492577/ 40> 0.082470/ 41>-0.109221/ 42>-0.057415/ 43>
            0.208798/ 44> 0.011789/ 45>-0.116150/ 46> 0.211176/ 47>-0.162649/ 48> 0.266518/ 49> 0.141188/ 50>
           -0.630002/ 51>-0.127136/ 52>-0.221420/ 53>-0.195159/ 54>-0.067274/ 55>-0.080751/ 56>-0.024535/ 57>


 E=6.5155  -0.005113/  1>-0.068960/  3> 0.003204/  4>-0.008666/  5> 0.000427/  6>-0.342901/  7> 0.012701/  8>
           -0.075733/  9> 0.004330/ 10>-0.010131/ 11> 0.000798/ 12>-0.694205/ 13> 0.006354/ 14>-0.193008/ 15>
            0.003274/ 16>-0.041046/ 17> 0.001719/ 18>-0.007571/ 19> 0.001198/ 20>-0.546733/ 21>-0.013755/ 22>
           -0.140438/ 23>-0.006035/ 24>-0.025528/ 25>-0.002076/ 26>-0.002945/ 27>-0.171986/ 28>-0.007592/ 29>
           -0.030228/ 30>-0.001800/ 31>-0.002354/ 32>-0.021683/ 33>-0.000947/ 34>-0.001574/ 35>-0.000790/ 36>


 E=6.5296  -0.103568/ 37> 0.012782/ 38> 0.064662/ 39>-0.019029/ 40>-0.218916/ 41> 0.043961/ 42> 0.011442/ 43>
           -0.057050/ 44>-0.090342/ 45> 0.156635/ 46> 0.223252/ 47>-0.059242/ 48>-0.010792/ 49>-0.036185/ 50>
           -0.077313/ 51> 0.446520/ 52> 0.132509/ 53> 0.119577/ 54>-0.772631/ 55>-0.095768/ 56>-0.022502/ 57>


 E=6.6704  -0.246669/ 37> 0.029121/ 38> 0.175539/ 39>-0.175048/ 40>-0.661391/ 41> 0.096668/ 42> 0.007709/ 43>
           -0.021043/ 44>-0.149253/ 45> 0.213601/ 46> 0.378136/ 47>-0.104001/ 48>-0.005547/ 49>-0.089885/ 50>
            0.039364/ 51> 0.025260/ 52> 0.053765/ 53>-0.046799/ 54> 0.435939/ 55> 0.049389/ 56>-0.000994/ 57>


 E=6.7860   0.015948/  1>-0.000806/  2> 0.172928/  3>-0.014455/  4> 0.024101/  5>-0.001835/  6> 0.560554/  7>
           -0.062123/  8> 0.143000/  9>-0.018606/ 10> 0.022324/ 11>-0.003003/ 12> 0.264176/ 13>-0.090934/ 14>
            0.091188/ 15>-0.031735/ 16> 0.025110/ 17>-0.009201/ 18> 0.006518/ 19>-0.002748/ 20>-0.592030/ 21>
           -0.085571/ 22>-0.180584/ 23>-0.030002/ 24>-0.039994/ 25>-0.007995/ 26>-0.005791/ 27>-0.371088/ 28>
           -0.035452/ 29>-0.073594/ 30>-0.007789/ 31>-0.006490/ 32>-0.062901/ 33>-0.004382/ 34>-0.004993/ 35>

-0.002710/ 36>

 E=6.8159   0.000904/ 37> 0.033835/ 38> 0.068392/ 39> 0.282780/ 40>-0.034057/ 41> 0.093930/ 42>-0.149795/ 43>
           -0.386290/ 44> 0.354340/ 45> 0.498603/ 46>-0.041566/ 47> 0.354271/ 48> 0.159794/ 49> 0.154584/ 50>
           -0.384326/ 51> 0.024606/ 52>-0.136864/ 53>-0.086921/ 54> 0.072729/ 55>-0.041287/ 56>-0.012309/ 57>


 E=6.8556   0.083533/ 37> 0.848898/ 38>-0.002651/ 39> 0.007966/ 40>-0.057513/ 41>-0.429000/ 42> 0.004343/ 43>
            0.015896/ 44>-0.022143/ 45>-0.069031/ 46> 0.079184/ 47> 0.183678/ 48> 0.007782/ 50>-0.024045/ 51>
           -0.045800/ 52> 0.139192/ 53> 0.019904/ 54> 0.009215/ 55>-0.116321/ 56>-0.057596/ 57>

 E=6.9746  -0.034997/  1> 0.001922/  2>-0.307385/  3> 0.028570/  4>-0.042930/  5> 0.003673/  6>-0.584278/  7>
            0.079094/  8>-0.128643/  9> 0.023200/ 10>-0.018708/ 11> 0.003512/ 12> 0.463370/ 13> 0.014795/ 14>
            0.314518/ 15>-0.003812/ 16> 0.120997/ 17>-0.008461/ 18> 0.035620/ 19>-0.008183/ 20>-0.147840/ 21>
           -0.046501/ 22> 0.011592/ 23>-0.014651/ 24> 0.009926/ 25>-0.002596/ 26> 0.001526/ 27>-0.406219/ 28>
           -0.043835/ 29>-0.077959/ 30>-0.009764/ 31>-0.006913/ 32>-0.094074/ 33>-0.007158/ 34>-0.007558/ 35>

-0.004730/ 36>

 E=6.9887  -0.010877/ 37> 0.265583/ 38> 0.035974/ 39>-0.051660/ 40>-0.146106/ 41> 0.033429/ 42>-0.021067/ 43>
           -0.003941/ 44> 0.086480/ 45> 0.037299/ 46>-0.164036/ 47>-0.163619/ 48>-0.009473/ 49> 0.042955/ 50>
            0.122438/ 51>-0.006879/ 52>-0.521473/ 53>-0.088230/ 54>-0.194681/ 55> 0.659938/ 56> 0.264197/ 57>


 E=7.0209  -0.115056/ 37>-0.077406/ 38> 0.120028/ 39>-0.093235/ 40>-0.451580/ 41> 0.062308/ 42>-0.055023/ 43>
            0.042827/ 44> 0.200545/ 45>-0.187559/ 46>-0.248245/ 47> 0.195177/ 48>-0.033936/ 49> 0.228203/ 50>
            0.128505/ 51>-0.578591/ 52>-0.025324/ 53> 0.076548/ 54>-0.312742/ 55>-0.235570/ 56>-0.074667/ 57>


 E=7.1132   0.017619/  1>-0.001056/  2> 0.127975/  3>-0.013422/  4> 0.017916/  5>-0.001651/  6> 0.115972/  7>
           -0.022403/  8> 0.014595/  9>-0.003628/ 10>-0.233204/ 13> 0.018480/ 14>-0.137285/ 15> 0.028173/ 16>
           -0.066562/ 17> 0.018621/ 18>-0.026368/ 19> 0.010417/ 20> 0.417591/ 21>-0.007108/ 22> 0.313468/ 23>
            0.028402/ 24> 0.111364/ 25> 0.018467/ 26> 0.021118/ 27>-0.722885/ 28>-0.089997/ 29>-0.130567/ 30>
           -0.018277/ 31>-0.010906/ 32>-0.230087/ 33>-0.019122/ 34>-0.018651/ 35>-0.013208/ 36>

 E=7.2764  -0.161092/  1> 0.010110/  2>-0.865566/  3> 0.096578/  4>-0.113197/  5> 0.011333/  6> 0.291343/  7>
            0.011625/  8> 0.296622/  9>-0.032432/ 10> 0.080778/ 11>-0.011297/ 12>-0.099742/ 13>-0.021004/ 14>
           -0.061604/ 15>-0.021858/ 16>-0.057382/ 17>-0.002256/ 18>-0.028541/ 19> 0.006723/ 20> 0.040688/ 21>
           -0.003802/ 22> 0.025604/ 23>-0.002123/ 24> 0.005950/ 25> 0.000900/ 27>-0.020046/ 28>-0.003894/ 29>
           -0.001671/ 30>-0.000817/ 31>-0.012566/ 33>-0.001126/ 34>-0.000975/ 35>-0.000884/ 36>

 E=7.3213   0.032375/ 37> 0.360668/ 38>-0.012680/ 39>-0.112982/ 40> 0.061431/ 41> 0.490630/ 42>-0.012233/ 43>
           -0.017228/ 44> 0.091341/ 45> 0.163802/ 46>-0.273161/ 47>-0.488479/ 48>-0.013066/ 49>-0.027359/ 50>
            0.060860/ 51> 0.073706/ 52>-0.175517/ 53> 0.062942/ 54> 0.072296/ 55>-0.446233/ 56>-0.115881/ 57>


 E=7.3278  -0.001218/  1> 0.001718/  2> 0.006380/  3> 0.042271/  4>-0.001566/  5> 0.004185/  6> 0.094145/  7>
            0.288912/  8> 0.010207/  9> 0.070027/ 10>-0.002559/ 11> 0.008041/ 12> 0.047037/ 13> 0.712369/ 14>
           -0.000882/ 15> 0.252482/ 16>-0.010942/ 17> 0.071028/ 18>-0.010231/ 19> 0.016385/ 20>-0.100742/ 21>
            0.516680/ 22>-0.009375/ 23> 0.159241/ 24> 0.007387/ 25> 0.032646/ 26> 0.004044/ 27>-0.049364/ 28>
            0.122589/ 29>-0.001435/ 30> 0.021181/ 31> 0.001045/ 32>-0.008382/ 33> 0.009577/ 34>-0.000395/ 36>


 E=7.4277  -0.049069/ 37>-0.026705/ 38> 0.074804/ 39>-0.069971/ 40>-0.279439/ 41>-0.017002/ 42>-0.082201/ 43>
            0.167714/ 44> 0.314576/ 45>-0.382051/ 46>-0.459121/ 47> 0.143882/ 48> 0.063738/ 49>-0.206372/ 50>
           -0.206364/ 51> 0.518526/ 52> 0.106545/ 53>-0.031478/ 54> 0.160239/ 55> 0.024093/ 56> 0.002190/ 57>


 E=7.4879   0.000568/  1> 0.002050/  3>-0.001288/  4> 0.000549/  5>-0.003483/  7>-0.003531/  8> 0.000618/  9>
           -0.000333/ 11> 0.007917/ 13>-0.006108/ 14> 0.011640/ 15>-0.001799/ 16> 0.001573/ 17>-0.006459/ 18>
            0.004108/ 19>-0.004563/ 20>-0.043308/ 21> 0.008700/ 22>-0.029450/ 23> 0.015568/ 24>-0.055772/ 25>
           -0.005757/ 26>-0.017900/ 27> 0.196128/ 28>-0.017039/ 29> 0.285137/ 30> 0.032023/ 31> 0.046633/ 32>
           -0.921511/ 33>-0.089150/ 34>-0.069695/ 35>-0.088743/ 36>

 E=7.5503   0.004203/  1>-0.003395/  2> 0.029146/  3>-0.071798/  4> 0.022767/  5>-0.008744/  6>-0.011780/  7>
           -0.338811/  8> 0.177663/  9>-0.108989/ 10> 0.056031/ 11>-0.017684/ 12>-0.182230/ 13>-0.214693/ 14>
            0.448110/ 15>-0.123846/ 16> 0.251887/ 17>-0.064555/ 18> 0.092622/ 19>-0.034162/ 20>-0.102522/ 21>
            0.470779/ 22> 0.330254/ 23> 0.195091/ 24> 0.152331/ 25> 0.059307/ 26> 0.033029/ 27> 0.019535/ 28>
            0.207302/ 29> 0.071710/ 30> 0.044127/ 31> 0.012523/ 32> 0.022513/ 33> 0.022827/ 34> 0.005081/ 35>

 0.001783/ 36>

 E=7.6747  -0.023593/ 37>-0.221875/ 38> 0.021828/ 39> 0.122604/ 40>-0.109710/ 41>-0.609384/ 42>-0.026432/ 44>
            0.008489/ 45> 0.087880/ 46>-0.042865/ 47>-0.145376/ 48>-0.031159/ 49>-0.042603/ 50> 0.173990/ 51>
            0.166341/ 52>-0.559349/ 53> 0.053237/ 54> 0.053402/ 55>-0.368311/ 56>-0.070132/ 57>

 E=7.7251   0.013575/  1> 0.001468/  2> 0.066519/  3> 0.046618/  4> 0.021904/  5> 0.003944/  6> 0.074919/  7>
            0.274289/  8> 0.185139/  9> 0.062870/ 10> 0.047872/ 11> 0.004602/ 12>-0.240807/ 13> 0.274005/ 14>
            0.464863/ 15> 0.127150/ 16> 0.256804/ 17> 0.033029/ 18> 0.082761/ 19>-0.006883/ 20>-0.053317/ 21>
           -0.491516/ 22> 0.292737/ 23>-0.157496/ 24> 0.111823/ 25>-0.028240/ 26> 0.016526/ 27> 0.112307/ 28>
           -0.210003/ 29> 0.065217/ 30>-0.035348/ 31> 0.007479/ 32> 0.028888/ 33>-0.020850/ 34> 0.003627/ 35>

 0.001514/ 36>

 E=7.7352   0.946661/  1>-0.068056/  2>-0.123430/  3>-0.016070/  4>-0.279997/  5> 0.026397/  6> 0.019193/  7>
            0.008633/  8> 0.016254/  9> 0.012027/ 10> 0.058713/ 11>-0.007704/ 12>-0.002261/ 13>-0.005866/ 14>
           -0.005122/ 15>-0.004889/ 16> 0.001391/ 17>-0.007551/ 18>-0.008073/ 19> 0.001071/ 20> 0.000776/ 21>
            0.004817/ 22>-0.000579/ 23> 0.001588/ 24> 0.000879/ 25>-0.001195/ 26>-0.000421/ 27>-0.000900/ 28>
            0.002895/ 29>-0.000325/ 30> 0.000863/ 31>

 E=7.7763   0.008948/  1>-0.011703/  2>-0.037166/  3>-0.204973/  4> 0.016074/  5>-0.022138/  6>-0.094551/  7>
           -0.717621/  8> 0.106967/  9>-0.185851/ 10> 0.042611/ 11>-0.024778/ 12> 0.047103/ 13> 0.311084/ 14>
            0.002368/ 15> 0.394667/ 16>-0.074397/ 17> 0.227659/ 18>-0.080178/ 19> 0.088687/ 20>-0.004997/ 21>
           -0.160223/ 22>-0.051619/ 23>-0.009830/ 24>-0.028072/ 25> 0.001600/ 26>-0.005845/ 27> 0.026394/ 28>
           -0.159394/ 29>-0.015034/ 30>-0.028617/ 31>-0.003913/ 32> 0.005184/ 33>-0.020404/ 34>-0.001036/ 35>


 E=7.9397   0.002272/  1> 0.019384/  3>-0.005248/  4> 0.011994/  5>-0.002383/  6> 0.004321/  7>-0.028539/  8>
            0.101337/  9>-0.049632/ 10> 0.046931/ 11>-0.014251/ 12>-0.126722/ 13> 0.060904/ 14> 0.137591/ 15>
           -0.162779/ 16> 0.274035/ 17>-0.177528/ 18> 0.192136/ 19>-0.111858/ 20> 0.214315/ 21> 0.202862/ 22>
           -0.475744/ 23> 0.117049/ 24>-0.188931/ 25> 0.027227/ 26>-0.028950/ 27>-0.000877/ 28>-0.561536/ 29>
           -0.231639/ 30>-0.126811/ 31>-0.042737/ 32>-0.032351/ 33>-0.097827/ 34>-0.018386/ 35>-0.001169/ 36>


 E=7.9605  -0.010205/  1> 0.002913/  2>-0.048652/  3> 0.040803/  4>-0.038692/  5> 0.008375/  6> 0.050453/  7>
            0.062605/  8>-0.218997/  9> 0.080063/ 10>-0.077490/ 11> 0.020309/ 12> 0.105675/ 13>-0.181171/ 14>
           -0.144817/ 15> 0.130514/ 16>-0.104280/ 17> 0.099861/ 18>-0.057527/ 19> 0.042672/ 20>-0.209126/ 21>
            0.091830/ 22> 0.326151/ 23> 0.391519/ 24> 0.263136/ 25> 0.192267/ 26> 0.085653/ 27> 0.139645/ 28>
           -0.594026/ 29> 0.039689/ 30>-0.089081/ 31> 0.004490/ 32> 0.045264/ 33>-0.098594/ 34>-0.000485/ 35>

 0.004933/ 36>

  Q20Q22:  0.00 SEC    QTME:  0.00 SEC



    SYMMETRY R1= 1


   BASIS FUNCTIONS /N,L,J,OMEGA>,   PARITY +


   1 / 8 8 17/2 17/2>    20 / 8 6 11/2  1/2>    39 / 8 4  7/2 -7/2>    58 / 6 4  7/2  1/2>    77 / 4 2  5/2  5/2>
   2 / 8 8 17/2 13/2>    21 / 8 4  9/2  1/2>    40 / 8 8 17/2-11/2>    59 / 6 2  5/2  1/2>    78 / 4 4  9/2  1/2>
   3 / 8 8 15/2 13/2>    22 / 8 4  7/2  1/2>    41 / 8 8 15/2-11/2>    60 / 6 2  3/2  1/2>    79 / 4 4  7/2  1/2>
   4 / 8 6 13/2 13/2>    23 / 8 2  5/2  1/2>    42 / 8 6 13/2-11/2>    61 / 6 0  1/2  1/2>    80 / 4 2  5/2  1/2>
   5 / 8 8 17/2  9/2>    24 / 8 2  3/2  1/2>    43 / 8 6 11/2-11/2>    62 / 6 6 13/2 -3/2>    81 / 4 2  3/2  1/2>
   6 / 8 8 15/2  9/2>    25 / 8 0  1/2  1/2>    44 / 8 8 17/2-15/2>    63 / 6 6 11/2 -3/2>    82 / 4 0  1/2  1/2>
   7 / 8 6 13/2  9/2>    26 / 8 8 17/2 -3/2>    45 / 8 8 15/2-15/2>    64 / 6 4  9/2 -3/2>    83 / 4 4  9/2 -3/2>
   8 / 8 6 11/2  9/2>    27 / 8 8 15/2 -3/2>    46 / 6 6 13/2 13/2>    65 / 6 4  7/2 -3/2>    84 / 4 4  7/2 -3/2>
   9 / 8 4  9/2  9/2>    28 / 8 6 13/2 -3/2>    47 / 6 6 13/2  9/2>    66 / 6 2  5/2 -3/2>    85 / 4 2  5/2 -3/2>
  10 / 8 8 17/2  5/2>    29 / 8 6 11/2 -3/2>    48 / 6 6 11/2  9/2>    67 / 6 2  3/2 -3/2>    86 / 4 2  3/2 -3/2>
  11 / 8 8 15/2  5/2>    30 / 8 4  9/2 -3/2>    49 / 6 4  9/2  9/2>    68 / 6 6 13/2 -7/2>    87 / 4 4  9/2 -7/2>
  12 / 8 6 13/2  5/2>    31 / 8 4  7/2 -3/2>    50 / 6 6 13/2  5/2>    69 / 6 6 11/2 -7/2>    88 / 4 4  7/2 -7/2>
  13 / 8 6 11/2  5/2>    32 / 8 2  5/2 -3/2>    51 / 6 6 11/2  5/2>    70 / 6 4  9/2 -7/2>    89 / 2 2  5/2  5/2>
  14 / 8 4  9/2  5/2>    33 / 8 2  3/2 -3/2>    52 / 6 4  9/2  5/2>    71 / 6 4  7/2 -7/2>    90 / 2 2  5/2  1/2>
  15 / 8 4  7/2  5/2>    34 / 8 8 17/2 -7/2>    53 / 6 4  7/2  5/2>    72 / 6 6 13/2-11/2>    91 / 2 2  3/2  1/2>
  16 / 8 2  5/2  5/2>    35 / 8 8 15/2 -7/2>    54 / 6 2  5/2  5/2>    73 / 6 6 11/2-11/2>    92 / 2 0  1/2  1/2>
  17 / 8 8 17/2  1/2>    36 / 8 6 13/2 -7/2>    55 / 6 6 13/2  1/2>    74 / 4 4  9/2  9/2>    93 / 2 2  5/2 -3/2>
  18 / 8 8 15/2  1/2>    37 / 8 6 11/2 -7/2>    56 / 6 6 11/2  1/2>    75 / 4 4  9/2  5/2>    94 / 2 2  3/2 -3/2>
  19 / 8 6 13/2  1/2>    38 / 8 4  9/2 -7/2>    57 / 6 4  9/2  1/2>    76 / 4 4  7/2  5/2>    95 / 0 0  1/2  1/2>


    SINGLE PARTICLE (PARITY+) WAVE FUNCTIONS IN THE ENERGY INTERVAL 6.0<E<8.0

 E=6.0702   0.017215/ 74>-0.082845/ 75>-0.334225/ 76> 0.086223/ 77> 0.136727/ 78> 0.353657/ 79>-0.362565/ 80>
           -0.570716/ 81> 0.168134/ 82>-0.144188/ 83>-0.179895/ 84> 0.418506/ 85> 0.049608/ 86> 0.104886/ 87>
           -0.052254/ 88>

 E=6.1559   0.005260/ 46> 0.108675/ 47>-0.010147/ 48> 0.010761/ 49> 0.501534/ 50>-0.069172/ 51> 0.127782/ 52>
           -0.019923/ 53> 0.015664/ 54> 0.311512/ 55>-0.122842/ 56> 0.129464/ 57>-0.050242/ 58> 0.043459/ 59>
           -0.018369/ 60> 0.012844/ 61>-0.649057/ 62>-0.114338/ 63>-0.213555/ 64>-0.044499/ 65>-0.047912/ 66>
           -0.010966/ 67>-0.302296/ 68>-0.034265/ 69>-0.053100/ 70>-0.005701/ 71>-0.032893/ 72>-0.002170/ 73>


 E=6.3059   0.138073/ 74>-0.091859/ 75> 0.106038/ 76> 0.517673/ 77> 0.034314/ 78>-0.044019/ 79>-0.148814/ 80>
            0.155819/ 81> 0.331160/ 82> 0.028640/ 83>-0.156835/ 84>-0.127633/ 85> 0.558048/ 86>-0.050472/ 87>
            0.422360/ 88>

 E=6.3159  -0.012617/ 46>-0.222065/ 47> 0.021239/ 48>-0.021888/ 49>-0.694188/ 50> 0.098122/ 51>-0.159626/ 52>
            0.028054/ 53>-0.018823/ 54> 0.413001/ 55> 0.018985/ 56> 0.356071/ 57>-0.016898/ 58> 0.158047/ 59>
           -0.026985/ 60> 0.046543/ 61>-0.204080/ 62>-0.037699/ 63>-0.023038/ 64>-0.015037/ 65>-0.001529/ 66>
           -0.002988/ 67>-0.241359/ 68>-0.026542/ 69>-0.040524/ 70>-0.004566/ 71>-0.033326/ 72>-0.002193/ 73>


 E=6.4641  -0.002595/ 46>-0.039106/ 47> 0.004766/ 48>-0.004105/ 49>-0.073237/ 50> 0.016121/ 51>-0.018079/ 52>
            0.002615/ 53>-0.001681/ 54> 0.126182/ 55>-0.019894/ 56> 0.068514/ 57>-0.041183/ 58> 0.050594/ 59>
           -0.030363/ 60> 0.024755/ 61>-0.285625/ 62> 0.019835/ 63>-0.322662/ 64>-0.040585/ 65>-0.115756/ 66>
           -0.022998/ 67> 0.841667/ 68> 0.110344/ 69> 0.140078/ 70> 0.017483/ 71> 0.152862/ 72> 0.011288/ 73>


 E=6.6066   0.002711/ 46> 0.039239/ 47> 0.018555/ 48> 0.002371/ 49> 0.097601/ 50> 0.233365/ 51>-0.002941/ 52>
            0.053501/ 53>-0.005326/ 54> 0.085565/ 55> 0.741400/ 56>-0.007206/ 57> 0.302406/ 58>-0.029022/ 59>
            0.096703/ 60>-0.026712/ 61>-0.145136/ 62> 0.468561/ 63>-0.026123/ 64> 0.147487/ 65> 0.006359/ 66>
            0.024355/ 67>-0.040037/ 68> 0.080050/ 69>-0.001173/ 70> 0.009958/ 71>-0.003040/ 72> 0.003336/ 73>


 E=6.6629  -0.084312/ 46>-0.912640/ 47> 0.104986/ 48>-0.086895/ 49> 0.178843/ 50> 0.030575/ 51> 0.308285/ 52>
           -0.041053/ 53> 0.065523/ 54>-0.043020/ 55> 0.014334/ 56>-0.016481/ 57>-0.016815/ 58>-0.057525/ 59>
            0.007429/ 60>-0.029563/ 61> 0.005712/ 62> 0.018724/ 63> 0.013602/ 64>-0.001064/ 65>-0.001078/ 67>
           -0.003897/ 68> 0.005371/ 69> 0.001406/ 70> 0.000485/ 71>-0.001786/ 72>

 E=6.7027  -0.053984/ 74> 0.053322/ 75>-0.069813/ 76>-0.293559/ 77>-0.053491/ 78> 0.118543/ 79> 0.235503/ 80>
           -0.324832/ 81>-0.554420/ 82> 0.044455/ 83>-0.155005/ 84>-0.169412/ 85> 0.570712/ 86>-0.028063/ 87>
            0.191616/ 88>

 E=6.7926   0.003221/ 46> 0.044324/ 47>-0.031348/ 48> 0.011053/ 49> 0.048406/ 50>-0.225025/ 51> 0.140868/ 52>
           -0.072023/ 53> 0.032291/ 54>-0.228839/ 55>-0.196726/ 56> 0.445243/ 57>-0.178919/ 58> 0.301426/ 59>
           -0.124594/ 60> 0.119108/ 61>-0.095380/ 62> 0.524838/ 63> 0.300808/ 64> 0.225931/ 65> 0.138795/ 66>
            0.057403/ 67> 0.045254/ 68> 0.148469/ 69> 0.051066/ 70> 0.023447/ 71> 0.005542/ 72> 0.007540/ 73>


 E=6.9048   0.000853/ 47>-0.000743/ 48>-0.001600/ 50> 0.002279/ 51>-0.000432/ 52> 0.003504/ 53>-0.001160/ 54>
            0.004585/ 55>-0.001928/ 56> 0.002046/ 58>-0.009675/ 59>-0.009814/ 60> 0.003265/ 61>-0.016306/ 62>
           -0.010310/ 64> 0.014895/ 65>-0.068899/ 66>-0.013276/ 67> 0.104613/ 68>-0.022100/ 69> 0.301316/ 70>
            0.035566/ 71>-0.940362/ 72>-0.080377/ 73>

 E=6.9937   0.002527/ 46> 0.037225/ 47>-0.059618/ 48> 0.015663/ 49> 0.011778/ 50>-0.309801/ 51> 0.187054/ 52>
           -0.084316/ 53> 0.042283/ 54>-0.183093/ 55> 0.324120/ 56> 0.404661/ 57> 0.363313/ 58> 0.153323/ 59>
            0.184583/ 60>-0.016697/ 61>-0.041380/ 62>-0.499389/ 63> 0.227421/ 64>-0.132596/ 65> 0.073878/ 66>
           -0.013555/ 67> 0.126871/ 68>-0.133745/ 69> 0.045331/ 70>-0.013971/ 71> 0.017398/ 72>-0.006623/ 73>


 E=7.0161  -0.003198/ 46>-0.046721/ 47>-0.107399/ 48> 0.002698/ 49>-0.177270/ 50>-0.717245/ 51>-0.002386/ 52>
           -0.164193/ 53> 0.010723/ 54> 0.211822/ 55>-0.101028/ 56>-0.242907/ 57> 0.242197/ 58>-0.281876/ 59>
            0.224289/ 60>-0.164481/ 61>-0.057139/ 62> 0.232939/ 63>-0.062821/ 64> 0.132134/ 65>-0.007590/ 66>
            0.029378/ 67>-0.025161/ 68> 0.056399/ 69>-0.002810/ 70> 0.009262/ 71>-0.001327/ 72> 0.002765/ 73>


 E=7.0973   0.000337/  1> 0.010125/  2>-0.000370/  3> 0.000617/  4> 0.092504/  5>-0.003606/  6> 0.013584/  7>
           -0.000655/  8> 0.000837/  9> 0.368713/ 10>-0.010396/ 11> 0.080616/ 12>-0.003428/ 13> 0.011708/ 14>
           -0.000763/ 15> 0.000953/ 16> 0.672497/ 17>-0.004346/ 18> 0.173418/ 19>-0.001867/ 20> 0.033906/ 21>
           -0.000739/ 22> 0.005805/ 23>-0.000388/ 24> 0.000836/ 25> 0.549629/ 26> 0.010133/ 27> 0.134052/ 28>
            0.003957/ 29> 0.023724/ 30> 0.001256/ 31> 0.003218/ 32> 0.000316/ 33> 0.203612/ 34> 0.007152/ 35>

 0.037743/ 36> 0.001845/ 37> 0.003988/ 38> 0.034264/ 40> 0.001357/ 41> 0.003600/ 42> 0.002269/ 44>


 E=7.1748   0.011070/ 46>-0.002156/ 47> 0.050612/ 48>-0.010486/ 49> 0.011378/ 50> 0.296175/ 51>-0.097904/ 52>
            0.113166/ 53>-0.034870/ 54> 0.119631/ 55>-0.236156/ 56>-0.082810/ 57> 0.140127/ 58>-0.280752/ 59>
            0.211071/ 60>-0.190620/ 61>-0.300111/ 62>-0.095381/ 63> 0.601759/ 64> 0.118817/ 65> 0.287943/ 66>
            0.071913/ 67> 0.138723/ 68> 0.147523/ 69> 0.147884/ 70> 0.035759/ 71> 0.040489/ 72> 0.013754/ 73>


 E=7.1806   0.949285/ 46>-0.053850/ 47>-0.016663/ 48>-0.299972/ 49> 0.005472/ 50>-0.004484/ 51> 0.004566/ 52>
            0.007741/ 53> 0.072167/ 54>-0.001828/ 55> 0.002647/ 56>-0.000506/ 57> 0.007555/ 59>-0.007636/ 60>
           -0.011613/ 61> 0.003531/ 62> 0.001055/ 63>-0.007339/ 64>-0.000669/ 65>-0.001727/ 66>-0.003824/ 67>
           -0.001429/ 68>-0.002018/ 69>-0.002118/ 70> 0.000394/ 71>-0.000774/ 72>-0.000527/ 73>

 E=7.2329   0.006513/ 46> 0.059196/ 47>-0.016850/ 48> 0.018642/ 49>-0.054999/ 50>-0.021296/ 51> 0.153304/ 52>
           -0.047039/ 53> 0.035363/ 54>-0.017997/ 55> 0.085495/ 56> 0.067499/ 57>-0.103457/ 58>-0.115507/ 59>
            0.003368/ 60>-0.077505/ 61> 0.044901/ 62>-0.047524/ 63> 0.022283/ 64>-0.419627/ 65>-0.135112/ 66>
           -0.155281/ 67>-0.138264/ 68> 0.809319/ 69> 0.098740/ 70> 0.107134/ 71> 0.067518/ 73>

 E=7.3750   0.001250/  1> 0.032305/  2>-0.001769/  3> 0.002124/  4> 0.230998/  5>-0.016767/  6> 0.037403/  7>
           -0.002915/  8> 0.002546/  9> 0.576534/ 10>-0.052708/ 11> 0.143226/ 12>-0.015318/ 13> 0.023898/ 14>
           -0.002995/ 15> 0.002256/ 16> 0.229730/ 17>-0.069806/ 18> 0.069774/ 19>-0.021736/ 20> 0.016544/ 21>
           -0.005364/ 22> 0.003615/ 23>-0.001305/ 24> 0.000773/ 25>-0.545047/ 26>-0.066108/ 27>-0.153729/ 28>
           -0.020864/ 29>-0.032109/ 30>-0.005161/ 31>-0.005275/ 32>-0.000981/ 33>-0.422500/ 34>-0.033837/ 35>

-0.087552/ 36>-0.008111/ 37>-0.010399/ 38>-0.000942/ 39>-0.098778/ 40>-0.006400/ 41>-0.011311/ 42>
           -0.000646/ 43>-0.007912/ 44>-0.000317/ 45>

 E=7.3858   0.024511/ 46> 0.220360/ 47>-0.036631/ 48> 0.080404/ 49>-0.233496/ 50> 0.180516/ 51> 0.668632/ 52>
           -0.097026/ 53> 0.157391/ 54> 0.021752/ 55> 0.003240/ 56> 0.121072/ 57>-0.216164/ 58>-0.374473/ 59>
            0.035508/ 60>-0.236280/ 61>-0.008868/ 62> 0.114589/ 63>-0.004814/ 64>-0.043112/ 65>-0.073564/ 66>
           -0.029936/ 67> 0.032228/ 68>-0.298346/ 69>-0.028750/ 70>-0.050065/ 71> 0.009434/ 72>-0.024801/ 73>


 E=7.5122   0.007438/ 46>-0.110989/ 47>-0.880558/ 48> 0.084084/ 49> 0.012699/ 50> 0.031396/ 51> 0.055358/ 52>
            0.395006/ 53>-0.075473/ 54>-0.003943/ 55>-0.015883/ 56> 0.011672/ 57> 0.050124/ 58>-0.059699/ 59>
           -0.128733/ 60> 0.054136/ 61>-0.000666/ 62>-0.010729/ 63> 0.021823/ 64> 0.037056/ 65>-0.074140/ 66>
           -0.015029/ 67>-0.017229/ 68>-0.000466/ 69> 0.065203/ 70> 0.011305/ 71> 0.029604/ 72> 0.003533/ 73>


 E=7.5627  -0.001034/ 46>-0.017134/ 47>-0.043225/ 48>-0.000815/ 49>-0.041808/ 50>-0.244613/ 51>-0.036977/ 52>
           -0.144084/ 53> 0.011796/ 54> 0.147881/ 55> 0.402572/ 56>-0.312979/ 57>-0.457596/ 58>-0.040010/ 59>
           -0.420460/ 60> 0.144009/ 61>-0.165171/ 62>-0.103959/ 63> 0.348579/ 64>-0.112937/ 65> 0.165053/ 66>
           -0.009077/ 67> 0.066843/ 68>-0.108407/ 69> 0.082837/ 70>-0.012192/ 71> 0.025093/ 72>-0.006435/ 73>


 E=7.5858  -0.003100/  1>-0.069231/  2> 0.004318/  3>-0.004657/  4>-0.381830/  5> 0.033116/  6>-0.062002/  7>
            0.005820/  8>-0.004318/  9>-0.483396/ 10> 0.064704/ 11>-0.096621/ 12> 0.018186/ 13>-0.013870/ 14>
            0.003263/ 15>-0.001295/ 16> 0.461660/ 17> 0.013640/ 18> 0.262943/ 19> 0.001068/ 20> 0.088520/ 21>
           -0.001998/ 22> 0.023588/ 23>-0.002333/ 24> 0.004873/ 25>-0.052071/ 26>-0.043296/ 27> 0.047714/ 28>
           -0.011719/ 29> 0.019802/ 30>-0.001720/ 31> 0.004079/ 32>-0.504391/ 34>-0.050826/ 35>-0.100414/ 36>

-0.012215/ 37>-0.011910/ 38>-0.001393/ 39>-0.173530/ 40>-0.013049/ 41>-0.020217/ 42>-0.001334/ 43>
           -0.016802/ 44>-0.000755/ 45>

 E=7.6745   0.000435/ 46>-0.000921/ 47> 0.173323/ 48>-0.021079/ 49> 0.027090/ 50>-0.048049/ 51>-0.079163/ 52>
            0.055642/ 53>-0.045979/ 54>-0.026553/ 55>-0.021295/ 56> 0.086891/ 57> 0.080990/ 58>-0.131735/ 59>
           -0.135139/ 60> 0.044074/ 61> 0.011922/ 62> 0.024794/ 63> 0.102282/ 64> 0.091534/ 65>-0.497496/ 66>
           -0.124560/ 67>-0.164494/ 68>-0.172094/ 69> 0.701672/ 70> 0.077659/ 71> 0.252532/ 72> 0.027034/ 73>


 E=7.7360  -0.011210/ 46>-0.092028/ 47>-0.037184/ 48>-0.042482/ 49> 0.140218/ 50>-0.071414/ 51>-0.404594/ 52>
            0.060085/ 53>-0.123089/ 54>-0.082303/ 55> 0.013066/ 56> 0.260086/ 57>-0.159948/ 58>-0.200474/ 59>
            0.156811/ 60>-0.240220/ 61>-0.030099/ 62> 0.281625/ 63> 0.130175/ 64>-0.537911/ 65>-0.101918/ 66>
           -0.210415/ 67> 0.068091/ 68>-0.271747/ 69>-0.162120/ 70>-0.098324/ 71>-0.038882/ 72>-0.034961/ 73>


 E=7.7396   0.003209/  1> 0.063253/  2>-0.004305/  3> 0.004299/  4> 0.271425/  5>-0.026694/  6> 0.042895/  7>
           -0.004474/  8> 0.002919/  9> 0.090534/ 10>-0.026136/ 11>-0.015138/ 12>-0.002961/ 13>-0.008912/ 14>
            0.000439/ 15>-0.001343/ 16>-0.308867/ 17> 0.019659/ 18>-0.167437/ 19> 0.021435/ 20>-0.066310/ 21>
            0.011253/ 22>-0.022064/ 23> 0.005574/ 24>-0.005949/ 25> 0.492758/ 26> 0.003316/ 27> 0.292338/ 28>
            0.021237/ 29> 0.097625/ 30> 0.012479/ 31> 0.022284/ 32> 0.004017/ 33>-0.574795/ 34>-0.070140/ 35>

-0.098504/ 36>-0.014694/ 37>-0.009819/ 38>-0.001428/ 39>-0.306139/ 40>-0.025428/ 41>-0.035666/ 42>
           -0.002559/ 43>-0.035140/ 44>-0.001704/ 45>

 E=7.8253  -0.012120/ 46> 0.004203/ 47> 0.001611/ 48>-0.025076/ 49>-0.002136/ 51>-0.003288/ 52> 0.009561/ 53>
            0.031298/ 54>-0.001213/ 56>-0.002958/ 57> 0.011167/ 58> 0.014175/ 59>-0.029376/ 60>-0.042626/ 61>
            0.001309/ 62>-0.006861/ 63>-0.003934/ 64> 0.024064/ 65> 0.027784/ 66>-0.131663/ 67>-0.005515/ 68>
            0.020034/ 69>-0.039900/ 70> 0.384701/ 71> 0.078346/ 72>-0.905646/ 73>

 E=7.8758   0.013931/  1> 0.241303/  2>-0.017406/  3> 0.016366/  4> 0.766618/  5>-0.082889/  6> 0.110652/  7>
           -0.012871/  8> 0.006880/  9>-0.409907/ 10>-0.003818/ 11>-0.288766/ 12> 0.024235/ 13>-0.082104/ 14>
            0.010638/ 15>-0.010955/ 16> 0.191908/ 17> 0.011757/ 18> 0.115241/ 19> 0.011859/ 20> 0.065743/ 21>
            0.001732/ 22> 0.027430/ 23>-0.003026/ 24> 0.007702/ 25>-0.101552/ 26>-0.005900/ 27>-0.054614/ 28>
           -0.004955/ 29>-0.016571/ 30>-0.002924/ 31>-0.003903/ 32>-0.000950/ 33> 0.051119/ 34> 0.008155/ 35>

 0.003163/ 36> 0.001245/ 37>-0.000387/ 38> 0.054704/ 40> 0.004856/ 41> 0.006217/ 42> 0.000481/ 43>
            0.007559/ 44> 0.000385/ 45>

  Q20Q22:  0.00 SEC    QTME:  0.00 SEC

 Q0= 158.703 HBAR/MW0     Q2= -56.216 HBAR/MW0     GAMMA= 26.6 DEG   FOR 79 PARTICLES;  A=197

1
 **********************************************  SINGLE PARTICLE MATRIX ELEMENTS  ***********************************************


   ENY   EMY     A+B     C      D      E    JZ    S0    S+    S-  <R2S> <R4S>  R2DZ  R2D+  R2D-  Q20S  Q22S   Q20   Q22  RHO2    R2


  5.49+ MY=NY -0.962  0.987   9.11   0.86  0.43 -0.25  0.24  0.14  5.50 41.51  0.52  1.69  0.46  0.34 -1.25  1.58 -1.55  5.50  5.81
  5.52+ 5.49+ -0.190 -0.900  -2.07   6.29  0.57 -0.26 -0.21  0.08  5.50 38.49  0.89  0.86 -0.75 -1.00 -1.59 -1.27 -1.49 -0.00  0.00
  5.70+ 5.49+  0.708  0.841  -0.23   3.75 -1.41 -0.03 -0.06  0.43  5.50 41.81  0.15  0.33  0.04 -0.21 -0.22 -0.26 -0.21  0.00 -0.01
  5.82+ 5.49+ -0.881 -1.441   0.34   2.04 -0.17 -0.08 -0.06  0.19  5.50 43.78 -0.32 -0.15 -0.26  0.03 -0.13  0.03 -0.12 -0.00  0.01
  5.90+ 5.49+  0.000 -0.000  -0.00   0.00 -0.00 -0.00  0.00  0.00************ -0.01  0.01  0.01  0.10  0.02  0.11  0.02  0.01  0.02
  5.97+ 5.49+ -1.152  0.963   0.33  -4.39 -0.11 -0.11 -0.12 -0.06  5.50 39.40 -0.34 -0.07  0.14  0.45  0.15  0.53  0.16 -0.00  0.04
  6.07+ 5.49+  0.797 -0.738  -1.51   4.28  0.10 -0.10 -0.10  0.11  5.50 38.32 -0.38  0.04  0.21  0.14 -0.95  0.09 -0.86  0.00  0.09
  6.16+ 5.49+  0.000 -0.000  -0.00   0.00 -0.00 -0.00 -0.00  0.00************  0.02  0.00  0.01  0.03 -0.00  0.03 -0.00  0.00  0.00
  6.31+ 5.49+  0.113  0.223   0.32  -0.40 -0.07  0.06  0.06 -0.06  5.50 42.09  0.20 -0.07 -0.04 -0.20 -0.09 -0.24 -0.09  0.00 -0.02
  6.32+ 5.49+ -0.000 -0.000  -0.00   0.00  0.00 -0.00 -0.00  0.00************  0.07 -0.01  0.00  0.13 -0.04  0.15 -0.03  0.02  0.04
  6.46+ 5.49+ -0.000 -0.000  -0.00  -0.00 -0.00  0.00 -0.00  0.00************  0.08  0.01  0.01 -0.17  0.00 -0.20 -0.00 -0.02 -0.04

  5.52+ MY=NY  1.316  0.461  11.24  -7.46  0.14  0.20  0.47 -0.12  5.50 39.43 -0.20  0.07  1.55  1.73  1.06  3.35  0.61  5.50  5.80
  5.70+ 5.52+ -1.369 -1.133  -0.67  -5.69 -0.82  0.07  0.21  0.02  5.50 36.78 -0.33  0.69  0.49  0.49  0.39  0.59  0.37  0.00  0.03
  5.82+ 5.52+ -0.485 -0.972   0.19  -0.46 -0.01 -0.03 -0.02  0.08  5.50 43.26 -0.18 -0.06 -0.14  0.08 -0.02  0.09 -0.01  0.00  0.01
  5.90+ 5.52+ -0.000 -0.000  -0.00  -0.00 -0.00  0.00  0.00  0.00************ -0.01  0.00  0.00 -0.03  0.00 -0.03  0.00 -0.00 -0.01
  5.97+ 5.52+ -0.345  0.445   0.63   5.44 -0.03 -0.06 -0.08 -0.05  5.50 39.46 -0.29 -0.03  0.14 -0.52 -0.34 -0.62 -0.33 -0.00 -0.04
  6.07+ 5.52+ -1.845  1.735  -0.60   1.90 -0.14  0.19  0.19  0.20  5.50 41.06  0.75  0.22 -0.14  0.47 -0.61  0.49 -0.54 -0.00  0.10
  6.16+ 5.52+ -0.000  0.000  -0.00  -0.00 -0.00  0.00  0.00  0.00************ -0.06 -0.02 -0.02 -0.12 -0.00 -0.14 -0.01 -0.01 -0.03
  6.31+ 5.52+  0.096  0.044   0.15  -0.83  0.10  0.02  0.00  0.02  5.50 62.13  0.08  0.00 -0.02  0.00 -0.01  0.00 -0.01  0.00  0.00
  6.32+ 5.52+ -0.000 -0.000  -0.00   0.00 -0.00 -0.00  0.00 -0.00************ -0.04  0.00 -0.01 -0.29  0.06 -0.33  0.05 -0.04 -0.08
  6.46+ 5.52+ -0.000 -0.000   0.00  -0.00  0.00  0.00  0.00  0.00************ -0.08 -0.01 -0.03 -0.26  0.09 -0.30  0.08 -0.04 -0.08

  5.70+ MY=NY  0.370 -0.166   9.07  -3.19  0.18 -0.38 -0.02  0.43  5.50 37.88  0.96 -1.82  0.39 -0.60  0.64  0.65  0.14  5.50  5.55
  5.82+ 5.70+ -0.568  0.753   0.19   0.16  0.01 -0.08 -0.07 -0.01  5.50 42.53  0.00 -0.15  0.31  0.20  0.31  0.25  0.29  0.00  0.00
  5.90+ 5.70+  0.000  0.000   0.00   0.00  0.00 -0.00  0.00  0.00************ -0.00 -0.00  0.00  0.03  0.01  0.04  0.01  0.00  0.01
  5.97+ 5.70+ -1.235 -1.212  -0.17  -1.67 -0.21 -0.01 -0.15  0.10  5.50 40.95  0.18 -0.29 -0.23  0.06  0.19  0.08  0.17  0.00 -0.01
  6.07+ 5.70+ -0.474  0.383  -0.06   0.40  1.21  0.03  0.05  0.48  5.50 42.04  0.20  0.49  0.21  0.11 -0.29  0.11 -0.26 -0.00  0.04
  6.16+ 5.70+ -0.000  0.000   0.00   0.00  0.00  0.00  0.00  0.00************  0.03  0.01  0.01 -0.11 -0.01 -0.13 -0.01 -0.01 -0.02
  6.31+ 5.70+ -1.261  1.358  -0.24   1.01  0.03  0.16 -0.09 -0.10  5.50 41.02  0.58 -0.13  0.13 -0.27 -0.11 -0.32 -0.11  0.00 -0.02
  6.32+ 5.70+  0.000 -0.000   0.00  -0.00 -0.00 -0.00  0.00  0.00************ -0.04  0.00  0.00  0.01  0.00  0.01  0.00 -0.00 -0.00
  6.46+ 5.70+ -0.000  0.000   0.00  -0.00  0.00  0.00 -0.00  0.00************  0.02  0.00 -0.01 -0.22  0.07 -0.26  0.06 -0.03 -0.06

  5.82+ MY=NY  0.065 -0.442   2.87   2.27 -1.29  0.45  0.26  0.03  5.50 43.65 -1.33 -0.23 -2.11 -3.65 -3.31 -3.16 -3.58  5.50  5.50
  5.90+ 5.82+  0.000  0.000   0.00   0.00 -0.00  0.00  0.00  0.00************ -0.00  0.00  0.00 -0.01 -0.00 -0.02 -0.00 -0.00 -0.00
  5.97+ 5.82+  0.069 -0.277  -0.24   0.41  2.23  0.01  0.39  0.02  5.50 46.95  0.11 -0.36 -0.92  0.03 -0.30  0.02 -0.27  0.00  0.03
  6.07+ 5.82+  0.040  0.074   0.04  -0.43  0.23 -0.00  0.04  0.04  5.50 43.52 -0.06 -0.02 -0.06 -0.04 -0.17 -0.05 -0.16  0.00  0.01
  6.16+ 5.82+ -0.000  0.000   0.00  -0.00 -0.00  0.00 -0.00  0.00************  0.00  0.00  0.00 -0.02 -0.00 -0.02 -0.00 -0.00 -0.00
  6.31+ 5.82+ -0.182  0.116   0.64  -1.90 -0.02  0.01 -0.26 -0.01  5.50 39.75  0.05  0.21  0.18 -0.14  1.80 -0.03  1.64 -0.00 -0.15
  6.32+ 5.82+  0.000 -0.000  -0.00   0.00  0.00 -0.00  0.00  0.00************  0.01 -0.00 -0.01  0.03  0.01  0.04  0.01  0.00  0.01
  6.46+ 5.82+ -0.000  0.000   0.00  -0.00 -0.00  0.00 -0.00  0.00************ -0.02  0.00  0.00 -0.03 -0.00 -0.03 -0.00 -0.00 -0.00

  5.90+ MY=NY  6.257  6.221  45.09  67.71  0.01  0.00  0.50  0.49  7.50 64.63  0.00  1.04 -1.04  5.40 -2.62  7.76 -2.76  7.50  8.57
  5.97+ 5.90+  0.000  0.000   0.00   0.00  0.00 -0.00  0.00  0.00************ -0.00  0.00  0.00 -0.01 -0.00 -0.01 -0.00 -0.00 -0.00
  6.07+ 5.90+  0.000  0.000   0.00   0.00  0.00  0.00  0.00  0.00************ -0.00  0.00  0.00  0.00  0.00  0.00  0.00  0.00  0.00
  6.16+ 5.90+  2.199 -2.378   0.03  -2.17  1.29  0.21  0.26 -0.27  7.50 64.89  0.02  0.33  0.36  0.15  0.10  0.18  0.10 -0.00  0.01
  6.31+ 5.90+ -0.000 -0.000   0.00  -0.00 -0.00 -0.00 -0.00 -0.00************  0.00 -0.00 -0.00  0.00  0.00  0.00  0.00  0.00  0.00
  6.32+ 5.90+ -0.792 -0.362   0.39 -23.53 -0.13 -0.01 -0.05 -0.01  7.50 51.76  0.02 -0.12  0.05  1.58  1.05  1.89  1.02  0.00  0.10
  6.46+ 5.90+ -0.054  0.387  -0.17   9.26 -0.13 -0.00 -0.00  0.01  7.50 31.29  0.05 -0.02 -0.07 -0.61 -0.41 -0.73 -0.40 -0.00 -0.04

  5.97+ MY=NY -0.032  0.418   3.28  -0.15  0.07  0.47  0.36 -0.02  5.50 38.88 -1.20 -0.33  1.86 -3.75 -0.65 -3.08 -1.16  5.50  5.28
  6.07+ 5.97+  0.430 -0.282  -0.41   0.40 -0.04  0.04  0.06  0.08  5.50 35.54 -0.31 -0.17  0.10 -0.24 -0.28 -0.30 -0.26 -0.00 -0.01
  6.16+ 5.97+  0.000 -0.000  -0.00   0.00  0.00 -0.00 -0.00  0.00************ -0.01 -0.00 -0.00 -0.03 -0.01 -0.04 -0.01 -0.00 -0.01
  6.31+ 5.97+ -0.347  0.125   0.07  -0.05  1.76  0.02 -0.59 -0.01  5.50 43.48  0.08  0.47  0.68 -0.05  0.45 -0.02  0.41  0.00 -0.04
  6.32+ 5.97+  0.000 -0.000  -0.00  -0.00 -0.00 -0.00  0.00  0.00************  0.00  0.00  0.00  0.03  0.00  0.04  0.00  0.00  0.01
  6.46+ 5.97+ -0.000  0.000  -0.00   0.00  0.00  0.00 -0.00  0.00************  0.02  0.00  0.00  0.01  0.00  0.01  0.00 -0.00  0.00

  6.07+ MY=NY -0.770 -0.623   8.07 -10.20  0.24 -0.40  0.09 -0.74  5.50 40.68  0.98  2.29 -0.47 -0.58  3.10  0.86  2.39  5.50  5.37
  6.16+ 6.07+ -0.000 -0.000   0.00  -0.00  0.00 -0.00  0.00 -0.00************ -0.01  0.00 -0.00  0.04 -0.00  0.04 -0.00  0.00  0.01
  6.31+ 6.07+  0.916  1.038  -0.19  -3.48  0.16 -0.04  0.07 -0.13  5.50 40.95  0.21  0.28  0.32  0.24  0.28  0.29  0.26  0.00  0.01
  6.32+ 6.07+ -0.000 -0.000  -0.00   0.00 -0.00  0.00 -0.00  0.00************ -0.03  0.01  0.00  0.06 -0.01  0.07 -0.01  0.01  0.01
  6.46+ 6.07+ -0.000  0.000   0.00  -0.00  0.00 -0.00 -0.00  0.00************ -0.01  0.00 -0.01  0.07 -0.03  0.08 -0.03  0.01  0.02

  6.16+ MY=NY -4.434 -5.301  41.70  17.84 -0.26 -0.03 -0.21 -0.29  7.50 64.39  0.04 -0.76  0.92  4.94 -0.76  7.37 -1.07  7.50  8.37
  6.31+ 6.16+  0.000 -0.000   0.00  -0.00 -0.00  0.00 -0.00 -0.00************ -0.00 -0.00 -0.00 -0.01 -0.00 -0.01 -0.00 -0.00 -0.00
  6.32+ 6.16+  3.935 -2.126   0.44 -15.15 -1.45 -0.15  0.32 -0.21  7.50 65.51  0.26  0.73  0.41  0.92  0.60  1.10  0.59 -0.00  0.06
  6.46+ 6.16+  0.108  1.520   1.10 -30.92  0.48  0.05 -0.00  0.11  7.50 61.75 -0.10  0.01 -0.28  1.81  1.22  2.17  1.18  0.00  0.12

  6.31+ MY=NY -0.121 -0.438   2.99  -1.63 -0.28  0.47 -0.57  0.02  5.50 40.81 -1.25  0.52 -2.29 -3.78  1.46 -2.94  0.78  5.50  5.12
  6.32+ 6.31+  0.000  0.000   0.00  -0.00  0.00 -0.00  0.00 -0.00************  0.00 -0.00 -0.00  0.02 -0.00  0.03 -0.00  0.00  0.01
  6.46+ 6.31+  0.000 -0.000   0.00  -0.00  0.00  0.00  0.00 -0.00************ -0.01 -0.00  0.00 -0.01  0.00 -0.01  0.00 -0.00 -0.00

  6.32+ MY=NY  4.509  1.028  38.46 -21.54  1.40  0.17  0.35  0.02  7.50 66.61 -0.17  0.80 -0.18  5.21  0.39  7.77 -0.02  7.50  8.32
  6.46+ 6.32+  1.135 -5.517   0.92 -20.39  0.89  0.11  0.15 -0.40  7.50 66.49 -0.10  0.24  1.01  1.13  0.82  1.36  0.79  0.00  0.07

  6.46+ MY=NY  0.075 -1.637  34.32 -20.03 -2.99 -0.31  0.03 -0.09  7.50 65.62  0.51  0.04  0.31  3.15  0.04  5.38 -0.41  7.50  8.10

 DECOUP:  0.00 SEC



   #   ENERGY +/-(#)    <Q20>    <Q22>     <R2>     <JZ>      #   ENERGY +/-(#)    <Q20>    <Q22>     <R2>     <JZ>

   1   1.5000  +(# 1)   0.3508  -0.1140   1.5473   0.5000    41   6.0702  +(#21)   0.8554   2.3945   5.3698   0.2401
   2   2.2277  -(# 1)   2.3800  -0.2471   2.7723   0.4552    42   6.1559  +(#22)   7.3741  -1.0732   8.3718  -0.2632
   3   2.4575  -(# 2)  -0.4015  -0.7343   2.5253  -1.2662    43   6.2407  -(#21)   4.7733  -1.1337   7.1046   0.5461
   4   2.8148  -(# 3)  -0.2245   0.4114   2.4387   0.3110    44   6.2697  -(#22)  -4.1685  -2.1638   6.2616  -5.2746
   5   2.9811  +(# 2)   4.5447  -0.3553   4.0092   0.4209    45   6.2720  -(#23)   5.4649   0.2376   7.0512   0.6288
   6   3.1991  +(# 3)   1.8691  -0.7876   3.7683  -1.1402    46   6.3059  +(#23)  -2.9422   0.7767   5.1202  -0.2823
   7   3.3991  +(# 4)  -1.0936  -1.5462   3.5273   1.5673    47   6.3159  +(#24)   7.7697  -0.0176   8.3163   1.4078
   8   3.5796  +(# 5)   1.4617   0.5497   3.6028   0.7908    48   6.4241  -(#24)   3.7147   0.0942   6.8809  -0.2719
   9   3.7401  -(# 4)   5.5914  -0.8599   5.1653   0.2675    49   6.4641  +(#25)   5.3774  -0.4123   8.1017  -3.0020
  10   3.7675  +(# 6)  -0.8470  -0.6770   3.4733   0.2510    50   6.5155  -(#25)   8.4917  -3.3919   9.7019   0.0026
  11   3.9447  -(# 5)   4.5830  -0.2657   5.0050  -1.1024    51   6.5296  -(#26)   0.0873  -2.7632   6.7629  -2.2950
  12   4.0737  +(# 7)  -1.0236   1.2203   3.2806  -0.8898    52   6.6066  +(#26)   8.2827  -2.0618   8.5578   0.0819
  13   4.1230  -(# 6)   1.2058  -1.3642   4.7517   2.0461    53   6.6629  +(#27)   1.9621  -1.1878   7.8148   4.2350
  14   4.3456  -(# 7)   4.6962   0.4383   4.9522   0.5306    54   6.6704  -(#27)   0.0361  -1.3366   6.6265   0.9610
  15   4.3787  -(# 8)  -2.1655  -2.1045   4.4662  -2.9193    55   6.7027  +(#28)  -2.7268   3.5136   4.8914  -0.2150
  16   4.5084  +(# 8)   6.2438  -1.5203   6.2943   0.1147    56   6.7860  -(#28)   7.8699  -1.6691   9.4785  -0.0854
  17   4.5183  -(# 9)   1.2542  -0.9400   4.7178  -0.3249    57   6.7926  +(#29)   8.8123  -1.2636   8.5401  -0.3387
  18   4.7261  +(# 9)   6.3573  -0.1266   6.1782  -0.9213    58   6.8159  -(#29)   3.6623   2.0656   6.6944   0.2046
  19   4.7754  -(#10)  -2.1615  -2.2863   4.4833  -0.2136    59   6.8556  -(#30)  -4.0824  -3.2373   6.3692   3.6866
  20   4.8065  -(#11)   1.5348   1.4673   4.5262  -0.6502    60   6.9048  +(#30)  -1.5009  -1.7941   7.5074  -5.2945
  21   4.8732  +(#10)   3.8037  -0.8974   5.9813   2.1572    61   6.9746  -(#31)   8.2396  -0.2953   9.3911   0.8346
  22   5.0219  -(#12)  -2.1109  -0.0144   4.2800   0.7295    62   6.9887  -(#32)  -3.6922  -2.5513   6.3471  -2.0946
  23   5.0943  +(#11)   2.0696  -1.2735   5.8340  -2.3207    63   6.9937  +(#31)   7.4938  -0.3584   8.3187   0.0020
  24   5.1018  +(#12)   5.3226  -0.4808   6.1023  -0.4895    64   7.0161  +(#32)   6.9901  -0.5117   8.2800   1.5336
  25   5.1983  -(#13)   6.8936  -2.1807   7.4231   0.0354    65   7.0209  -(#33)  -0.1944   0.2264   6.4588  -0.4458
  26   5.2395  +(#13)   4.2277  -0.9929   6.0345  -0.5058    66   7.0973  +(#33)   9.2354  -4.0160  10.8372   0.0006
  27   5.3457  -(#14)  -1.9033   2.5091   4.0700   0.6367    67   7.1132  -(#34)   7.5920   0.2611   9.2721  -2.5034
  28   5.3656  +(#14)  -3.2625  -2.1310   5.3536   4.2014    68   7.1748  +(#34)   6.8507   0.0393   8.2147  -0.6630
  29   5.4427  -(#15)   6.8373  -0.4983   7.2627  -0.5768    69   7.1806  +(#35)  -5.1309  -2.3655   7.1792   6.3202
  30   5.4947  +(#15)   1.5792  -1.5501   5.8079   0.4301    70   7.2329  +(#36)   3.1296  -1.9517   8.0074  -2.6931
  31   5.5227  +(#16)   3.3519   0.6149   5.7950   0.1402    71   7.2764  -(#35)   4.3784  -0.6157   9.0157   4.1158
  32   5.5838  -(#16)   6.1880  -0.2334   7.1703   1.8667    72   7.3213  -(#36)  -3.8796  -1.5090   6.2317   0.5491
  33   5.6993  +(#17)   0.6477   0.1435   5.5547   0.1866    73   7.3278  -(#37)   8.9267  -2.8565   9.6983   0.0224
  34   5.7638  -(#17)   2.9077  -0.9529   6.8924  -3.1943    74   7.3750  +(#37)   8.4897  -2.2627  10.5980  -0.0238
  35   5.8246  +(#18)  -3.1577  -3.5819   5.4978  -1.3035    75   7.3858  +(#38)   3.2062  -1.3389   7.9591   1.4509
  36   5.8674  -(#18)   7.6862  -1.2242   7.4184   0.2091    76   7.4277  -(#38)   0.2313   3.2964   6.2216  -0.1607
  37   5.8968  +(#19)   7.7558  -2.7648   8.5671   0.0109    77   7.4879  -(#39)   1.0401  -1.3040   8.7288  -5.2662
  38   5.9709  +(#20)  -3.0756  -1.1591   5.2839   0.0676    78   7.5122  +(#39)  -0.9816  -2.5067   7.6272   3.9947
  39   5.9968  -(#19)  -0.5651  -1.5979   6.5875   4.2591    79   7.5503  -(#40)   9.2556  -2.0046   9.6546  -0.1738
  40   6.0145  -(#20)   7.2401  -0.9263   7.3442  -0.4442    80   7.5627  +(#40)   6.1333   1.5508   8.0007   0.1824



     PARITY: +     DIMENSION:  95     MATRIX:   0.0 SEC     DIAGONALISATION:   0.0 SEC
     PARITY: -     DIMENSION:  70     MATRIX:   0.0 SEC     DIAGONALISATION:   0.0 SEC
      TOTAL TIME:   0.0 SEC
