


         KAPPAP      MYP     KAPPAN      MYN
    0    0.1200    0.0000    0.1200    0.0000
    1    0.1200    0.0000    0.1200    0.0000
    2    0.1050    0.0000    0.1050    0.0000
    3    0.0900    0.3000    0.0900    0.2500
    4    0.0650    0.5700    0.0700    0.3900
    5    0.0600    0.6500    0.0620    0.4300
    6    0.0540    0.6900    0.0620    0.3400
    7    0.0540    0.6900    0.0620    0.2600
    8    0.0540    0.6900    0.0620    0.2600


     KAPPA    MY     EPS   GAMMA    EPS4     EPS6     W0/W00   NMAX  COUPL     OMROT      EFAC      QFAC
      SEE TABLE     0.457   40.0   0.000    0.000    1.02305     8     0     0.00000   6.73303   6.16365


                     **** PROTONS ****                     **** STRETCHED COORDINATES ****
    SYMMETRY R1= 1


   BASIS FUNCTIONS /N,L,J,OMEGA>,   PARITY -


   1 / 7 7 15/2 13/2>    15 / 7 5 11/2  1/2>    29 / 7 7 13/2 -7/2>    43 / 5 5 11/2  1/2>    57 / 5 5 11/2-11/2>
   2 / 7 7 13/2 13/2>    16 / 7 5  9/2  1/2>    30 / 7 5 11/2 -7/2>    44 / 5 5  9/2  1/2>    58 / 3 3  7/2  5/2>
   3 / 7 7 15/2  9/2>    17 / 7 3  7/2  1/2>    31 / 7 5  9/2 -7/2>    45 / 5 3  7/2  1/2>    59 / 3 3  5/2  5/2>
   4 / 7 7 13/2  9/2>    18 / 7 3  5/2  1/2>    32 / 7 3  7/2 -7/2>    46 / 5 3  5/2  1/2>    60 / 3 3  7/2  1/2>
   5 / 7 5 11/2  9/2>    19 / 7 1  3/2  1/2>    33 / 7 7 15/2-11/2>    47 / 5 1  3/2  1/2>    61 / 3 3  5/2  1/2>
   6 / 7 5  9/2  9/2>    20 / 7 1  1/2  1/2>    34 / 7 7 13/2-11/2>    48 / 5 1  1/2  1/2>    62 / 3 1  3/2  1/2>
   7 / 7 7 15/2  5/2>    21 / 7 7 15/2 -3/2>    35 / 7 5 11/2-11/2>    49 / 5 5 11/2 -3/2>    63 / 3 1  1/2  1/2>
   8 / 7 7 13/2  5/2>    22 / 7 7 13/2 -3/2>    36 / 7 7 15/2-15/2>    50 / 5 5  9/2 -3/2>    64 / 3 3  7/2 -3/2>
   9 / 7 5 11/2  5/2>    23 / 7 5 11/2 -3/2>    37 / 5 5 11/2  9/2>    51 / 5 3  7/2 -3/2>    65 / 3 3  5/2 -3/2>
  10 / 7 5  9/2  5/2>    24 / 7 5  9/2 -3/2>    38 / 5 5  9/2  9/2>    52 / 5 3  5/2 -3/2>    66 / 3 1  3/2 -3/2>
  11 / 7 3  7/2  5/2>    25 / 7 3  7/2 -3/2>    39 / 5 5 11/2  5/2>    53 / 5 1  3/2 -3/2>    67 / 3 3  7/2 -7/2>
  12 / 7 3  5/2  5/2>    26 / 7 3  5/2 -3/2>    40 / 5 5  9/2  5/2>    54 / 5 5 11/2 -7/2>    68 / 1 1  3/2  1/2>
  13 / 7 7 15/2  1/2>    27 / 7 1  3/2 -3/2>    41 / 5 3  7/2  5/2>    55 / 5 5  9/2 -7/2>    69 / 1 1  1/2  1/2>
  14 / 7 7 13/2  1/2>    28 / 7 7 15/2 -7/2>    42 / 5 3  5/2  5/2>    56 / 5 3  7/2 -7/2>    70 / 1 1  3/2 -3/2>


    SINGLE PARTICLE (PARITY-) WAVE FUNCTIONS IN THE ENERGY INTERVAL 6.0<E<8.0

 E=6.1436   0.061907/ 37>-0.068904/ 38>-0.099521/ 39>-0.585865/ 40> 0.106809/ 41>-0.088501/ 42>-0.005742/ 43>
            0.032247/ 44> 0.244926/ 45> 0.526137/ 46>-0.125932/ 47> 0.309040/ 48>-0.140603/ 49>-0.205037/ 50>
            0.195859/ 51> 0.038025/ 52> 0.062833/ 53> 0.245575/ 54>-0.008287/ 55> 0.050030/ 56> 0.036717/ 57>


 E=6.2340   0.014252/ 37>-0.013114/ 38>-0.006444/ 39>-0.002466/ 40> 0.008298/ 41> 0.023232/ 42> 0.002205/ 43>
           -0.001853/ 44> 0.012242/ 45> 0.010706/ 46>-0.041886/ 47>-0.046670/ 48>-0.012020/ 49>-0.001758/ 50>
            0.018439/ 51> 0.017296/ 52>-0.171016/ 53> 0.049723/ 54>-0.009138/ 55> 0.442964/ 56>-0.875190/ 57>


 E=6.2875   0.072386/ 37> 0.024828/ 38> 0.224420/ 39> 0.313115/ 40> 0.110762/ 41> 0.038677/ 42>-0.305603/ 43>
            0.343427/ 44> 0.386043/ 45> 0.015904/ 46> 0.281664/ 47>-0.092084/ 48> 0.089609/ 49>-0.543238/ 50>
            0.118688/ 51>-0.207118/ 52>-0.001275/ 53> 0.108717/ 54>-0.106149/ 55> 0.015524/ 56> 0.009536/ 57>


 E=6.3002  -0.008402/  1>-0.089561/  3> 0.003796/  4>-0.010574/  5> 0.000483/  6>-0.368980/  7> 0.012038/  8>
           -0.074986/  9> 0.003838/ 10>-0.009314/ 11> 0.000675/ 12>-0.674976/ 13> 0.005201/ 14>-0.169419/ 15>
            0.002425/ 16>-0.032604/ 17> 0.001168/ 18>-0.005473/ 19> 0.000790/ 20>-0.551526/ 21>-0.011967/ 22>
           -0.128949/ 23>-0.004832/ 24>-0.021465/ 25>-0.001562/ 26>-0.002295/ 27>-0.201825/ 28>-0.008000/ 29>
           -0.032999/ 30>-0.001796/ 31>-0.002415/ 32>-0.031553/ 33>-0.001274/ 34>-0.002170/ 35>-0.001476/ 36>


 E=6.4061   0.214968/ 37>-0.003644/ 38>-0.078962/ 39> 0.205057/ 40> 0.142608/ 41>-0.000960/ 42> 0.034841/ 43>
           -0.041277/ 44> 0.094489/ 45>-0.160818/ 46>-0.392603/ 47> 0.155681/ 48>-0.104941/ 49> 0.028635/ 50>
            0.299999/ 51>-0.432201/ 52>-0.063646/ 53>-0.001129/ 54> 0.603293/ 55> 0.090050/ 56> 0.065717/ 57>


 E=6.4445  -0.073964/ 37> 0.064389/ 38> 0.069565/ 39> 0.489852/ 40>-0.182403/ 41> 0.132409/ 42> 0.091338/ 43>
           -0.274259/ 44>-0.084609/ 45> 0.147109/ 46>-0.103265/ 47> 0.109807/ 48>-0.267687/ 49>-0.066103/ 50>
            0.450543/ 51> 0.345669/ 52> 0.236900/ 53> 0.272838/ 54>-0.160916/ 55> 0.065203/ 56> 0.022261/ 57>


 E=6.6562  -0.315950/ 37> 0.069148/ 38> 0.177368/ 39>-0.118679/ 40>-0.512312/ 41> 0.055477/ 42>-0.008344/ 43>
           -0.023803/ 44>-0.136911/ 45> 0.228457/ 46> 0.388164/ 47>-0.065391/ 48> 0.001436/ 49>-0.105040/ 50>
            0.054703/ 51>-0.075811/ 52> 0.059496/ 53>-0.060899/ 54> 0.572286/ 55> 0.053906/ 56>-0.018651/ 57>


 E=6.6614   0.026595/  1>-0.001566/  2> 0.220847/  3>-0.023227/  4> 0.029700/  5>-0.002673/  6> 0.566805/  7>
           -0.092495/  8> 0.136851/  9>-0.024120/ 10> 0.020661/ 11>-0.003392/ 12> 0.225726/ 13>-0.149692/ 14>
            0.071395/ 15>-0.047222/ 16> 0.018620/ 17>-0.012097/ 18> 0.004967/ 19>-0.002935/ 20>-0.536374/ 21>
           -0.129855/ 22>-0.152727/ 23>-0.039380/ 24>-0.032341/ 25>-0.008863/ 26>-0.004680/ 27>-0.412774/ 28>
           -0.052934/ 29>-0.078322/ 30>-0.010326/ 31>-0.006732/ 32>-0.090110/ 33>-0.007555/ 34>-0.006948/ 35>

-0.005120/ 36>

 E=6.7424  -0.086994/ 37>-0.638404/ 38> 0.012056/ 39>-0.029710/ 40> 0.040846/ 41> 0.522844/ 42>-0.005716/ 43>
           -0.019765/ 44> 0.026508/ 45> 0.126283/ 46>-0.125384/ 47>-0.347317/ 48>-0.001609/ 49>-0.023377/ 50>
            0.061560/ 51> 0.083204/ 52>-0.282808/ 53>-0.044854/ 54> 0.021665/ 55> 0.163335/ 56> 0.187043/ 57>


 E=6.9036  -0.056037/  1> 0.003279/  2>-0.358550/  3> 0.036816/  4>-0.043406/  5> 0.004206/  6>-0.475611/  7>
            0.081472/  8>-0.046230/  9> 0.018348/ 10> 0.001787/ 12> 0.401567/ 13> 0.018103/ 14> 0.385415/ 15>
           -0.004731/ 16> 0.152469/ 17>-0.010313/ 18> 0.044355/ 19>-0.010024/ 20>-0.071933/ 21>-0.055504/ 22>
            0.127465/ 23>-0.010733/ 24> 0.048539/ 25> 0.001123/ 26> 0.007867/ 27>-0.483549/ 28>-0.059909/ 29>
           -0.071403/ 30>-0.011286/ 31>-0.005116/ 32>-0.155051/ 33>-0.012717/ 34>-0.011323/ 35>-0.010681/ 36>


 E=6.9311  -0.027979/ 37> 0.017937/ 38>-0.062851/ 39>-0.332653/ 40>-0.052415/ 41>-0.119131/ 42> 0.166140/ 43>
            0.381675/ 44>-0.326918/ 45>-0.425193/ 46>-0.003507/ 47>-0.323941/ 48>-0.199574/ 49>-0.164494/ 50>
            0.426447/ 51>-0.025501/ 52> 0.098899/ 53> 0.120969/ 54>-0.107071/ 55> 0.111618/ 56> 0.061006/ 57>


 E=6.9469  -0.034882/ 37>-0.519884/ 38>-0.017743/ 39> 0.001776/ 40> 0.067185/ 41> 0.113062/ 42> 0.027466/ 43>
            0.054756/ 44>-0.072693/ 45>-0.135321/ 46> 0.092808/ 47> 0.172729/ 48>-0.024169/ 49>-0.007080/ 50>
           -0.044038/ 51>-0.130515/ 52> 0.520424/ 53> 0.109259/ 54> 0.070974/ 55>-0.469498/ 56>-0.342403/ 57>


 E=7.0877   0.050516/  1>-0.003232/  2> 0.255297/  3>-0.028314/  4> 0.029261/  5>-0.002764/  6> 0.114922/  7>
           -0.017745/  8>-0.039480/  9> 0.008911/ 10>-0.017572/ 11> 0.003278/ 12>-0.271226/ 13> 0.081897/ 14>
           -0.196634/ 15> 0.084162/ 16>-0.108911/ 17> 0.047702/ 18>-0.048076/ 19> 0.023109/ 20> 0.418107/ 21>
            0.037929/ 22> 0.388878/ 23> 0.067714/ 24> 0.145951/ 25> 0.033791/ 26> 0.029297/ 27>-0.572787/ 28>
           -0.079543/ 29>-0.057370/ 30>-0.009648/ 31>-0.001066/ 32>-0.278227/ 33>-0.025140/ 34>-0.019922/ 35>

-0.022642/ 36>

 E=7.1036  -0.184979/ 37>-0.027320/ 38> 0.163225/ 39>-0.090924/ 40>-0.524006/ 41> 0.095938/ 42>-0.073401/ 43>
           -0.003586/ 44> 0.209028/ 45>-0.097379/ 46>-0.192876/ 47> 0.168835/ 48>-0.021967/ 49> 0.247101/ 50>
            0.111998/ 51>-0.499933/ 52>-0.136670/ 53> 0.056231/ 54>-0.414329/ 55>-0.066369/ 56>-0.011267/ 57>


 E=7.1323   0.003360/  1> 0.002779/  2> 0.035059/  3> 0.056357/  4> 0.001723/  5> 0.005214/  6> 0.124663/  7>
            0.318831/  8> 0.016788/  9> 0.071448/ 10>-0.001156/ 11> 0.007656/ 12> 0.089510/ 13> 0.677975/ 14>
            0.029948/ 15> 0.210997/ 16> 0.008540/ 17> 0.050659/ 18> 0.008905/ 20>-0.180397/ 21> 0.522233/ 22>
           -0.060723/ 23> 0.141479/ 24>-0.011652/ 25> 0.024553/ 26>-0.042322/ 28> 0.156904/ 29>-0.004629/ 30>
            0.024928/ 31> 0.000419/ 32> 0.006579/ 33> 0.017224/ 34> 0.001019/ 35> 0.001053/ 36>

 E=7.2465  -0.201475/  1> 0.013792/  2>-0.747242/  3> 0.097356/  4>-0.064003/  5> 0.007884/  6> 0.348863/  7>
            0.017335/  8> 0.412963/  9>-0.053249/ 10> 0.110158/ 11>-0.017040/ 12>-0.164643/ 13>-0.001011/ 14>
           -0.110320/ 15>-0.028942/ 16>-0.131622/ 17> 0.005569/ 18>-0.071269/ 19> 0.020578/ 20> 0.078978/ 21>
            0.022444/ 22> 0.072535/ 23> 0.002519/ 24> 0.014748/ 25> 0.001760/ 26> 0.001861/ 27>-0.044551/ 28>
            0.001436/ 29> 0.009426/ 30> 0.000541/ 31> 0.001709/ 32>-0.045626/ 33>-0.002838/ 34>-0.002653/ 35>

-0.004563/ 36>

 E=7.3620   0.041469/ 37> 0.456647/ 38>-0.012570/ 39>-0.113733/ 40> 0.041732/ 41> 0.384388/ 42>-0.007864/ 43>
           -0.012778/ 44> 0.078389/ 45> 0.151449/ 46>-0.244972/ 47>-0.445117/ 48>-0.018184/ 49>-0.009561/ 50>
            0.045696/ 51>-0.003764/ 52>-0.028634/ 53> 0.089671/ 54> 0.069772/ 55>-0.527505/ 56>-0.212608/ 57>


 E=7.3882   0.018038/  1>-0.006425/  2> 0.093079/  3>-0.097197/  4> 0.040904/  5>-0.011704/  6> 0.030223/  7>
           -0.337843/  8> 0.225169/  9>-0.105081/ 10> 0.064416/ 11>-0.016992/ 12>-0.230056/ 13>-0.164983/ 14>
            0.472566/ 15>-0.088521/ 16> 0.244437/ 17>-0.047012/ 18> 0.083039/ 19>-0.026971/ 20>-0.108007/ 21>
            0.378330/ 22> 0.368843/ 23> 0.152578/ 24> 0.152355/ 25> 0.046180/ 26> 0.029867/ 27> 0.098056/ 28>
            0.221307/ 29> 0.119235/ 30> 0.048205/ 31> 0.018482/ 32> 0.027832/ 33> 0.030301/ 34> 0.008189/ 35>

 0.001348/ 36>

 E=7.4579   0.002814/  1>-0.000386/  2> 0.006759/  3>-0.001669/  4> 0.000739/  5> 0.000325/  6>-0.012190/  7>
            0.008199/  8>-0.009201/  9> 0.009952/ 10>-0.005953/ 11> 0.001742/ 12> 0.027501/ 13>-0.003980/ 14>
            0.011485/ 15> 0.001449/ 16>-0.009942/ 17>-0.020649/ 18> 0.009531/ 19>-0.015216/ 20>-0.069104/ 21>
           -0.067085/ 23> 0.024583/ 24>-0.132357/ 25>-0.018886/ 26>-0.042932/ 27> 0.237010/ 28>-0.026199/ 29>
            0.403671/ 30> 0.050228/ 31> 0.063473/ 32>-0.847593/ 33>-0.090866/ 34>-0.045064/ 35>-0.114409/ 36>


 E=7.6445  -0.075963/ 37>-0.026196/ 38> 0.097374/ 39>-0.084686/ 40>-0.324093/ 41>-0.005872/ 42>-0.096561/ 43>
            0.173703/ 44> 0.326213/ 45>-0.358616/ 46>-0.435104/ 47> 0.124408/ 48> 0.073685/ 49>-0.217957/ 50>
           -0.206286/ 51> 0.502265/ 52> 0.072565/ 53>-0.036821/ 54> 0.195105/ 55>-0.004635/ 56>-0.006446/ 57>


 E=7.6520  -0.020952/  1>-0.004297/  2>-0.113910/  3>-0.083273/  4>-0.032091/  5>-0.007484/  6>-0.106929/  7>
           -0.362937/  8>-0.185450/  9>-0.090774/ 10>-0.042081/ 11>-0.009060/ 12> 0.232775/ 13>-0.255864/ 14>
           -0.360472/ 15>-0.141491/ 16>-0.170788/ 17>-0.052276/ 18>-0.042633/ 19>-0.008090/ 20> 0.062626/ 21>
            0.505852/ 22>-0.267928/ 23> 0.144670/ 24>-0.094497/ 25> 0.024378/ 26>-0.012949/ 27>-0.172993/ 28>
            0.284124/ 29>-0.086521/ 30> 0.045408/ 31>-0.009386/ 32>-0.059380/ 33> 0.037635/ 34>-0.006877/ 35>

-0.004155/ 36>

 E=7.6850   0.041799/  1> 0.014432/  2> 0.056689/  3> 0.232507/  4>-0.030263/  5> 0.023417/  6> 0.083337/  7>
            0.585941/  8>-0.063144/  9> 0.086247/ 10>-0.010593/ 11> 0.003700/ 12>-0.086461/ 13>-0.242262/ 14>
           -0.008859/ 15>-0.525794/ 16> 0.107777/ 17>-0.318127/ 18> 0.114190/ 19>-0.125309/ 20> 0.068136/ 21>
            0.141483/ 22> 0.026665/ 23>-0.105693/ 24> 0.005809/ 25>-0.047324/ 26>-0.003653/ 27>-0.064835/ 28>
            0.217647/ 29>-0.005419/ 30> 0.025001/ 31> 0.000482/ 32>-0.026424/ 33> 0.038170/ 34>-0.000826/ 35>

-0.001951/ 36>

 E=7.7123   0.885601/  1>-0.068747/  2>-0.155362/  3>-0.032079/  4>-0.401662/  5> 0.039601/  6> 0.028203/  7>
           -0.020882/  8> 0.034329/  9> 0.017184/ 10> 0.132592/ 11>-0.019463/ 12>-0.002780/ 13> 0.007234/ 14>
           -0.008569/ 15> 0.022397/ 16> 0.003318/ 17>-0.003038/ 18>-0.034452/ 19> 0.013081/ 20>-0.001221/ 21>
           -0.004110/ 22>-0.001217/ 23> 0.007312/ 24> 0.005522/ 25>-0.005441/ 26>-0.002004/ 27> 0.002687/ 28>
           -0.008871/ 29>-0.001005/ 30> 0.002016/ 31> 0.000797/ 32>-0.003091/ 34>-0.000478/ 35>

 E=7.8530   0.023895/  1>-0.004712/  2> 0.059932/  3>-0.034493/  4> 0.036629/  5>-0.005340/  6>-0.088799/  7>
            0.018439/  8> 0.083013/  9> 0.007386/ 10>-0.001789/ 11> 0.005249/ 12> 0.082005/ 13> 0.041981/ 14>
            0.005261/ 15> 0.049988/ 16>-0.313440/ 17> 0.142715/ 18>-0.244249/ 19> 0.124904/ 20>-0.090321/ 21>
           -0.190841/ 22> 0.229243/ 23>-0.394834/ 24>-0.051083/ 25>-0.171774/ 26>-0.048156/ 27>-0.050514/ 28>
            0.643191/ 29> 0.183281/ 30> 0.096715/ 31> 0.026887/ 32> 0.033907/ 33> 0.155257/ 34> 0.023035/ 35>

 0.003195/ 36>

 E=7.8559  -0.029940/ 37>-0.277949/ 38> 0.022216/ 39> 0.132726/ 40>-0.103508/ 41>-0.591417/ 42> 0.002502/ 43>
           -0.034463/ 44> 0.000568/ 45> 0.099888/ 46>-0.031787/ 47>-0.145789/ 48>-0.036549/ 49>-0.033327/ 50>
            0.175577/ 51> 0.129899/ 52>-0.499185/ 53> 0.070788/ 54> 0.057150/ 55>-0.434679/ 56>-0.115139/ 57>


 E=7.8942   0.031481/  1>-0.010954/  2> 0.110081/  3>-0.122399/  4> 0.080628/  5>-0.021629/  6>-0.089655/  7>
           -0.190780/  8> 0.334115/  9>-0.159670/ 10> 0.120254/ 11>-0.036895/ 12>-0.155815/ 13> 0.302694/ 14>
            0.167969/ 15>-0.172281/ 16> 0.143316/ 17>-0.145809/ 18> 0.088208/ 19>-0.066588/ 20> 0.289793/ 21>
           -0.013775/ 22>-0.404347/ 23>-0.338625/ 24>-0.277380/ 25>-0.169063/ 26>-0.082271/ 27>-0.126990/ 28>
            0.044273/ 29>-0.188956/ 30>-0.042928/ 31>-0.035161/ 32>-0.087525/ 33> 0.010915/ 34>-0.016842/ 35>

-0.008267/ 36>

  Q20Q22:  0.00 SEC    QTME:  0.00 SEC



    SYMMETRY R1= 1


   BASIS FUNCTIONS /N,L,J,OMEGA>,   PARITY +


   1 / 8 8 17/2 17/2>    20 / 8 6 11/2  1/2>    39 / 8 4  7/2 -7/2>    58 / 6 4  7/2  1/2>    77 / 4 2  5/2  5/2>
   2 / 8 8 17/2 13/2>    21 / 8 4  9/2  1/2>    40 / 8 8 17/2-11/2>    59 / 6 2  5/2  1/2>    78 / 4 4  9/2  1/2>
   3 / 8 8 15/2 13/2>    22 / 8 4  7/2  1/2>    41 / 8 8 15/2-11/2>    60 / 6 2  3/2  1/2>    79 / 4 4  7/2  1/2>
   4 / 8 6 13/2 13/2>    23 / 8 2  5/2  1/2>    42 / 8 6 13/2-11/2>    61 / 6 0  1/2  1/2>    80 / 4 2  5/2  1/2>
   5 / 8 8 17/2  9/2>    24 / 8 2  3/2  1/2>    43 / 8 6 11/2-11/2>    62 / 6 6 13/2 -3/2>    81 / 4 2  3/2  1/2>
   6 / 8 8 15/2  9/2>    25 / 8 0  1/2  1/2>    44 / 8 8 17/2-15/2>    63 / 6 6 11/2 -3/2>    82 / 4 0  1/2  1/2>
   7 / 8 6 13/2  9/2>    26 / 8 8 17/2 -3/2>    45 / 8 8 15/2-15/2>    64 / 6 4  9/2 -3/2>    83 / 4 4  9/2 -3/2>
   8 / 8 6 11/2  9/2>    27 / 8 8 15/2 -3/2>    46 / 6 6 13/2 13/2>    65 / 6 4  7/2 -3/2>    84 / 4 4  7/2 -3/2>
   9 / 8 4  9/2  9/2>    28 / 8 6 13/2 -3/2>    47 / 6 6 13/2  9/2>    66 / 6 2  5/2 -3/2>    85 / 4 2  5/2 -3/2>
  10 / 8 8 17/2  5/2>    29 / 8 6 11/2 -3/2>    48 / 6 6 11/2  9/2>    67 / 6 2  3/2 -3/2>    86 / 4 2  3/2 -3/2>
  11 / 8 8 15/2  5/2>    30 / 8 4  9/2 -3/2>    49 / 6 4  9/2  9/2>    68 / 6 6 13/2 -7/2>    87 / 4 4  9/2 -7/2>
  12 / 8 6 13/2  5/2>    31 / 8 4  7/2 -3/2>    50 / 6 6 13/2  5/2>    69 / 6 6 11/2 -7/2>    88 / 4 4  7/2 -7/2>
  13 / 8 6 11/2  5/2>    32 / 8 2  5/2 -3/2>    51 / 6 6 11/2  5/2>    70 / 6 4  9/2 -7/2>    89 / 2 2  5/2  5/2>
  14 / 8 4  9/2  5/2>    33 / 8 2  3/2 -3/2>    52 / 6 4  9/2  5/2>    71 / 6 4  7/2 -7/2>    90 / 2 2  5/2  1/2>
  15 / 8 4  7/2  5/2>    34 / 8 8 17/2 -7/2>    53 / 6 4  7/2  5/2>    72 / 6 6 13/2-11/2>    91 / 2 2  3/2  1/2>
  16 / 8 2  5/2  5/2>    35 / 8 8 15/2 -7/2>    54 / 6 2  5/2  5/2>    73 / 6 6 11/2-11/2>    92 / 2 0  1/2  1/2>
  17 / 8 8 17/2  1/2>    36 / 8 6 13/2 -7/2>    55 / 6 6 13/2  1/2>    74 / 4 4  9/2  9/2>    93 / 2 2  5/2 -3/2>
  18 / 8 8 15/2  1/2>    37 / 8 6 11/2 -7/2>    56 / 6 6 11/2  1/2>    75 / 4 4  9/2  5/2>    94 / 2 2  3/2 -3/2>
  19 / 8 6 13/2  1/2>    38 / 8 4  9/2 -7/2>    57 / 6 4  9/2  1/2>    76 / 4 4  7/2  5/2>    95 / 0 0  1/2  1/2>


    SINGLE PARTICLE (PARITY+) WAVE FUNCTIONS IN THE ENERGY INTERVAL 6.0<E<8.0

 E=6.0575   0.009727/ 46> 0.150967/ 47>-0.017735/ 48> 0.014687/ 49> 0.534309/ 50>-0.107032/ 51> 0.131800/ 52>
           -0.027067/ 53> 0.016090/ 54> 0.260904/ 55>-0.203871/ 56> 0.101810/ 57>-0.074519/ 58> 0.034284/ 59>
           -0.023195/ 60> 0.011430/ 61>-0.580887/ 62>-0.170063/ 63>-0.182361/ 64>-0.056728/ 65>-0.040516/ 66>
           -0.011831/ 67>-0.347019/ 68>-0.052497/ 69>-0.059475/ 70>-0.007836/ 71>-0.049838/ 72>-0.003971/ 73>


 E=6.2264   0.003931/ 74> 0.087080/ 75> 0.364701/ 76>-0.029684/ 77>-0.151484/ 78>-0.346101/ 79> 0.353702/ 80>
            0.520320/ 81>-0.142821/ 82> 0.174721/ 83> 0.191629/ 84>-0.453791/ 85>-0.049340/ 86>-0.148334/ 87>
            0.043943/ 88>

 E=6.2572  -0.021107/ 46>-0.267119/ 47> 0.026592/ 48>-0.023452/ 49>-0.576387/ 50> 0.089426/ 51>-0.080551/ 52>
            0.019388/ 53>-0.005483/ 54> 0.372559/ 55> 0.013255/ 56> 0.464650/ 57>-0.029220/ 58> 0.214642/ 59>
           -0.039195/ 60> 0.064158/ 61>-0.164538/ 62>-0.038423/ 63> 0.086352/ 64>-0.006556/ 65> 0.034629/ 66>
            0.002073/ 67>-0.355563/ 68>-0.039718/ 69>-0.047680/ 70>-0.005878/ 71>-0.069248/ 72>-0.004603/ 73>


 E=6.4228  -0.009371/ 46>-0.103866/ 47> 0.010659/ 48>-0.009904/ 49>-0.147441/ 50> 0.003239/ 51>-0.021299/ 52>
           -0.005923/ 53> 0.000947/ 54> 0.172260/ 55>-0.140136/ 56> 0.120978/ 57>-0.136586/ 58> 0.108490/ 59>
           -0.083930/ 60> 0.058608/ 61>-0.282795/ 62>-0.059439/ 63>-0.421774/ 64>-0.095791/ 65>-0.158712/ 66>
           -0.039981/ 67> 0.716813/ 68> 0.091113/ 69> 0.087481/ 70> 0.010638/ 71> 0.185404/ 72> 0.013965/ 73>


 E=6.4301   0.208056/ 74>-0.112679/ 75> 0.099626/ 76> 0.559583/ 77> 0.038926/ 78>-0.019558/ 79>-0.139319/ 80>
            0.093921/ 81> 0.259589/ 82> 0.024748/ 83>-0.161720/ 84>-0.107821/ 85> 0.512253/ 86>-0.055998/ 87>
            0.468522/ 88>

 E=6.4542  -0.002189/ 46>-0.034480/ 47>-0.030969/ 48>-0.001309/ 49>-0.141841/ 50>-0.267581/ 51>-0.013372/ 52>
           -0.055060/ 53> 0.002285/ 54>-0.137077/ 55>-0.687476/ 56>-0.041340/ 57>-0.233911/ 58>-0.011284/ 59>
           -0.057552/ 60> 0.004161/ 61> 0.260264/ 62>-0.485121/ 63> 0.124475/ 64>-0.125491/ 65> 0.029125/ 66>
           -0.014259/ 67>-0.031347/ 68>-0.120463/ 69>-0.005568/ 70>-0.013928/ 71>-0.021457/ 72>-0.008050/ 73>


 E=6.6186  -0.106496/ 46>-0.825016/ 47> 0.101826/ 48>-0.059417/ 49> 0.216145/ 50> 0.022220/ 51> 0.446139/ 52>
           -0.070662/ 53> 0.093303/ 54>-0.082648/ 55> 0.001823/ 56>-0.009880/ 57>-0.049149/ 58>-0.123629/ 59>
            0.017232/ 60>-0.067907/ 61> 0.011073/ 62> 0.035371/ 63> 0.047319/ 64>-0.015492/ 65>-0.001305/ 66>
           -0.006455/ 67> 0.001736/ 68> 0.023232/ 69> 0.012013/ 70> 0.002180/ 71>-0.005246/ 72> 0.001611/ 73>


 E=6.6732   0.013243/ 46> 0.129505/ 47>-0.058029/ 48> 0.022671/ 49> 0.103925/ 50>-0.286351/ 51> 0.169456/ 52>
           -0.084730/ 53> 0.036436/ 54>-0.277132/ 55>-0.184993/ 56> 0.428482/ 57>-0.151538/ 58> 0.279501/ 59>
           -0.105907/ 60> 0.106569/ 61>-0.081095/ 62> 0.451804/ 63> 0.324210/ 64> 0.191569/ 65> 0.138056/ 66>
            0.049512/ 67> 0.127570/ 68> 0.180334/ 69> 0.079286/ 70> 0.028559/ 71> 0.027891/ 72> 0.013163/ 73>


 E=6.8497   0.000666/  1> 0.015665/  2>-0.000529/  3> 0.000902/  4> 0.115372/  5>-0.004057/  6> 0.015781/  7>
           -0.000696/  8> 0.000914/  9> 0.389847/ 10>-0.009625/ 11> 0.077968/ 12>-0.002936/ 13> 0.010422/ 14>
           -0.000613/ 15> 0.000789/ 16> 0.654142/ 17>-0.003603/ 18> 0.152214/ 19>-0.001398/ 20> 0.026893/ 21>
           -0.000502/ 22> 0.004173/ 23> 0.000550/ 25> 0.550471/ 26> 0.008754/ 27> 0.121799/ 28> 0.003122/ 29>
            0.019628/ 30> 0.000915/ 31> 0.002442/ 32> 0.231980/ 34> 0.007246/ 35> 0.039697/ 36> 0.001749/ 37>

 0.003903/ 38> 0.047371/ 40> 0.001713/ 41> 0.004674/ 42> 0.003959/ 44>

 E=6.8670   0.000399/ 46> 0.007743/ 47>-0.004505/ 48> 0.002337/ 49>-0.004217/ 50> 0.016391/ 51>-0.000622/ 52>
            0.018615/ 53>-0.005792/ 54> 0.007465/ 55>-0.007590/ 56> 0.005382/ 57>-0.006818/ 58>-0.026479/ 59>
           -0.044448/ 60> 0.016294/ 61>-0.024630/ 62> 0.006018/ 63>-0.014455/ 64> 0.028128/ 65>-0.153979/ 66>
           -0.033086/ 67> 0.119355/ 68>-0.022140/ 69> 0.429297/ 70> 0.054748/ 71>-0.872631/ 72>-0.078454/ 73>


 E=6.9002   0.001340/ 46> 0.005317/ 47>-0.123870/ 48> 0.015433/ 49>-0.090761/ 50>-0.529426/ 51> 0.109068/ 52>
           -0.090920/ 53> 0.022204/ 54> 0.029045/ 55> 0.162730/ 56> 0.171090/ 57> 0.548987/ 58>-0.103263/ 59>
            0.366838/ 60>-0.158129/ 61>-0.130617/ 62>-0.259229/ 63> 0.121259/ 64> 0.027357/ 65> 0.043828/ 66>
            0.019590/ 67> 0.173179/ 68>-0.098653/ 69> 0.069265/ 70>-0.002741/ 71> 0.019271/ 72>-0.008112/ 73>


 E=6.9571  -0.081175/ 74> 0.067481/ 75>-0.079221/ 76>-0.338297/ 77>-0.061153/ 78> 0.120607/ 79> 0.243259/ 80>
           -0.312285/ 81>-0.536754/ 82> 0.050648/ 83>-0.157325/ 84>-0.174406/ 85> 0.547176/ 86>-0.035174/ 87>
            0.216047/ 88>

 E=6.9828  -0.010298/ 46>-0.111418/ 47>-0.071476/ 48>-0.014330/ 49>-0.184729/ 50>-0.430237/ 51>-0.144730/ 52>
           -0.082521/ 53>-0.021940/ 54> 0.289604/ 55>-0.258679/ 56>-0.357432/ 57>-0.019020/ 58>-0.239907/ 59>
            0.052559/ 60>-0.088529/ 61>-0.011844/ 62> 0.494544/ 63>-0.218002/ 64> 0.192307/ 65>-0.056959/ 66>
            0.033419/ 67>-0.154172/ 68> 0.162234/ 69>-0.050127/ 70> 0.020028/ 71>-0.030906/ 72> 0.009966/ 73>


 E=7.1129   0.022188/ 46> 0.151255/ 47>-0.004885/ 48> 0.032043/ 49>-0.105392/ 50> 0.103856/ 51> 0.122620/ 52>
           -0.011132/ 53> 0.015906/ 54> 0.054967/ 55>-0.012178/ 56> 0.069137/ 57>-0.111593/ 58>-0.337679/ 59>
            0.113876/ 60>-0.226935/ 61>-0.082357/ 62>-0.032593/ 63> 0.238831/ 64>-0.435082/ 65>-0.069007/ 66>
           -0.152191/ 67>-0.050556/ 68> 0.652130/ 69> 0.127492/ 70> 0.072976/ 71> 0.044590/ 72> 0.076640/ 73>


 E=7.1532   0.885363/ 46>-0.065551/ 47>-0.016315/ 48>-0.428258/ 49> 0.010391/ 50> 0.003836/ 51>-0.000587/ 52>
            0.018923/ 53> 0.155962/ 54> 0.001363/ 55>-0.005300/ 56>-0.006598/ 57> 0.006199/ 58> 0.013403/ 59>
           -0.013965/ 60>-0.048392/ 61>-0.004442/ 62> 0.004300/ 64> 0.007425/ 65> 0.012855/ 66>-0.013550/ 67>
            0.004276/ 68>-0.001062/ 69> 0.006998/ 71>-0.002522/ 72>-0.003717/ 73>

 E=7.1650  -0.022743/ 46>-0.069413/ 47> 0.103568/ 48>-0.023153/ 49> 0.047778/ 50> 0.369033/ 51>-0.220420/ 52>
            0.162688/ 53>-0.067146/ 54> 0.146210/ 55>-0.331925/ 56>-0.120304/ 57> 0.121884/ 58>-0.180909/ 59>
            0.151784/ 60>-0.114638/ 61>-0.302585/ 62> 0.004881/ 63> 0.421116/ 64> 0.326227/ 65> 0.274202/ 66>
            0.135676/ 67> 0.205407/ 68>-0.059990/ 69> 0.129551/ 70> 0.016950/ 71> 0.061184/ 72>-0.006372/ 73>


 E=7.2224  -0.002529/  1>-0.049914/  2> 0.003171/  3>-0.003165/  4>-0.279114/  5> 0.025533/  6>-0.042987/  7>
            0.003989/  8>-0.002821/  9>-0.568506/ 10> 0.077184/ 11>-0.131715/ 12> 0.019514/ 13>-0.020808/ 14>
            0.003298/ 15>-0.001905/ 16>-0.200408/ 17> 0.113370/ 18>-0.055479/ 19> 0.031999/ 20>-0.012170/ 21>
            0.007104/ 22>-0.002557/ 23> 0.001487/ 24>-0.000594/ 25> 0.496960/ 26> 0.100841/ 27> 0.129223/ 28>
            0.027835/ 29> 0.025246/ 30> 0.005881/ 31> 0.003990/ 32> 0.000931/ 33> 0.456132/ 34> 0.049320/ 35>

 0.089090/ 36> 0.010426/ 37> 0.010120/ 38> 0.001075/ 39> 0.133931/ 40> 0.010419/ 41> 0.014699/ 42>
            0.000961/ 43> 0.013903/ 44> 0.000630/ 45>

 E=7.3420  -0.045754/ 46>-0.274316/ 47> 0.091547/ 48>-0.091713/ 49> 0.231888/ 50>-0.139608/ 51>-0.489008/ 52>
            0.038348/ 53>-0.094468/ 54>-0.046900/ 55> 0.016188/ 56>-0.122638/ 57> 0.235020/ 58> 0.406262/ 59>
            0.009157/ 60> 0.227591/ 61> 0.027149/ 62>-0.161918/ 63> 0.014876/ 64>-0.087283/ 65> 0.088006/ 66>
           -0.005524/ 67>-0.052866/ 68> 0.487111/ 69> 0.037426/ 70> 0.070313/ 71>-0.038697/ 72> 0.054127/ 73>


 E=7.4091  -0.017284/ 46> 0.121852/ 47> 0.694022/ 48>-0.053778/ 49>-0.034142/ 50>-0.006695/ 51>-0.038541/ 52>
           -0.516910/ 53> 0.108326/ 54> 0.014803/ 55> 0.026651/ 56>-0.023329/ 57>-0.128554/ 58> 0.106000/ 59>
            0.270027/ 60>-0.129711/ 61>-0.007196/ 62> 0.034343/ 63>-0.059039/ 64>-0.080262/ 65> 0.210358/ 66>
            0.051051/ 67> 0.060867/ 68>-0.037364/ 69>-0.134937/ 70>-0.031019/ 71>-0.130513/ 72>-0.019307/ 73>


 E=7.4957   0.006316/  1> 0.104450/  2>-0.007197/  3> 0.006496/  4> 0.428522/  5>-0.043698/  6> 0.059062/  7>
           -0.006742/  8> 0.003624/  9> 0.388266/ 10>-0.074933/ 11> 0.021070/ 12>-0.016821/ 13>-0.004799/ 14>
           -0.002056/ 15>-0.000805/ 16>-0.406090/ 17>-0.019456/ 18>-0.313804/ 19>-0.002166/ 20>-0.107824/ 21>
            0.002027/ 22>-0.027988/ 23> 0.002570/ 24>-0.005601/ 25>-0.014644/ 26> 0.055260/ 27>-0.139437/ 28>
            0.011400/ 29>-0.048812/ 30>-0.009690/ 32>-0.000712/ 33> 0.520101/ 34> 0.065803/ 35> 0.076406/ 36>

 0.013335/ 37> 0.006794/ 38> 0.001241/ 39> 0.241371/ 40> 0.020539/ 41> 0.025231/ 42> 0.001896/ 43>
            0.031475/ 44> 0.001537/ 45>

 E=7.6038   0.005424/ 46> 0.021029/ 47> 0.420701/ 48>-0.042413/ 49> 0.010384/ 50>-0.118831/ 51>-0.083603/ 52>
           -0.096348/ 53>-0.027077/ 54> 0.003391/ 55> 0.043251/ 56> 0.016128/ 57> 0.069189/ 58>-0.123155/ 59>
           -0.231047/ 60> 0.122212/ 61>-0.007933/ 62>-0.029651/ 63> 0.155374/ 64> 0.143053/ 65>-0.486309/ 66>
           -0.104941/ 67>-0.147485/ 68>-0.118617/ 69> 0.504259/ 70> 0.055627/ 71> 0.333260/ 72> 0.042181/ 73>


 E=7.6323  -0.008969/ 46>-0.068424/ 47>-0.143199/ 48>-0.008826/ 49>-0.021621/ 50>-0.284840/ 51>-0.131244/ 52>
           -0.144560/ 53>-0.007716/ 54> 0.165911/ 55> 0.399736/ 56>-0.281436/ 57>-0.396119/ 58>-0.058229/ 59>
           -0.306535/ 60> 0.076869/ 61>-0.216209/ 62>-0.095938/ 63> 0.365716/ 64>-0.164937/ 65> 0.257859/ 66>
            0.000693/ 67> 0.133048/ 68>-0.154888/ 69> 0.040854/ 70>-0.030507/ 71> 0.000877/ 72>-0.022110/ 73>


 E=7.7117   0.009969/  1> 0.139678/  2>-0.010670/  3> 0.008515/  4> 0.408407/  5>-0.047849/  6> 0.046385/  7>
           -0.005892/  8> 0.002054/  9>-0.005471/ 10>-0.026036/ 11>-0.120114/ 12> 0.011117/ 13>-0.040375/ 14>
            0.005609/ 15>-0.005600/ 16>-0.284622/ 17> 0.053920/ 18>-0.186483/ 19> 0.056270/ 20>-0.079752/ 21>
            0.026428/ 22>-0.028447/ 23> 0.010967/ 24>-0.008604/ 25> 0.457269/ 26> 0.024328/ 27> 0.335301/ 28>
            0.046290/ 29> 0.118152/ 30> 0.022392/ 31> 0.028132/ 32> 0.006249/ 33>-0.422333/ 34>-0.068079/ 35>

-0.013627/ 36>-0.006518/ 37> 0.006253/ 38>-0.364908/ 40>-0.034891/ 41>-0.035773/ 42>-0.002932/ 43>
           -0.059709/ 44>-0.003201/ 45>

 E=7.7417  -0.091609/ 46> 0.019817/ 47> 0.005158/ 48>-0.088439/ 49> 0.001227/ 50>-0.007115/ 51>-0.025844/ 52>
            0.031880/ 53> 0.145908/ 54>-0.000572/ 55>-0.004332/ 56>-0.006551/ 57> 0.031669/ 58> 0.053034/ 59>
           -0.092510/ 60>-0.162352/ 61> 0.002982/ 62>-0.007803/ 63>-0.009361/ 64> 0.048641/ 65> 0.060449/ 66>
           -0.290117/ 67>-0.007260/ 68> 0.009980/ 69>-0.052470/ 70> 0.507994/ 71> 0.073575/ 72>-0.751549/ 73>


 E=7.7788   0.004384/  2> 0.007607/  3> 0.036457/  5> 0.083653/  6> 0.002176/  7> 0.010871/  8> 0.107136/ 10>
            0.355156/ 11> 0.015740/ 12> 0.080399/ 13> 0.011119/ 15>-0.000560/ 16> 0.055551/ 17> 0.662706/ 18>
            0.015348/ 19> 0.187744/ 20> 0.003193/ 21> 0.041333/ 22> 0.007918/ 24>-0.000957/ 25>-0.120858/ 26>
            0.536740/ 27>-0.029138/ 28> 0.140072/ 29>-0.003610/ 30> 0.026006/ 31> 0.000522/ 32> 0.003001/ 33>
           -0.065765/ 34> 0.192589/ 35>-0.007757/ 36> 0.034696/ 37> 0.002778/ 39>-0.007052/ 40> 0.029730/ 41>

 0.002245/ 43> 0.000326/ 44> 0.001388/ 45>

 E=7.7849  -0.026215/ 46>-0.152779/ 47>-0.021008/ 48>-0.071470/ 49> 0.194955/ 50>-0.053965/ 51>-0.458254/ 52>
            0.113667/ 53>-0.145479/ 54>-0.116129/ 55>-0.059362/ 56> 0.270062/ 57>-0.068013/ 58>-0.111322/ 59>
            0.191411/ 60>-0.195598/ 61> 0.001017/ 62> 0.308522/ 63> 0.079504/ 64>-0.437696/ 65>-0.168835/ 66>
           -0.192093/ 67> 0.043373/ 68>-0.351170/ 69>-0.078217/ 70>-0.109631/ 71>-0.011154/ 72>-0.040116/ 73>


 E=7.8663  -0.023867/  1>-0.288822/  2> 0.023544/  3>-0.016715/  4>-0.585807/  5> 0.080440/  6>-0.036430/  7>
            0.007130/  8> 0.000916/  9> 0.447393/ 10>-0.000868/ 11> 0.365893/ 12>-0.041340/ 13> 0.101344/ 14>
           -0.016045/ 15> 0.013347/ 16>-0.282776/ 17>-0.006167/ 18>-0.196745/ 19>-0.015394/ 20>-0.139280/ 21>
            0.001963/ 22>-0.064244/ 23> 0.009938/ 24>-0.019507/ 25> 0.169827/ 26> 0.021558/ 27> 0.114927/ 28>
            0.016526/ 29> 0.030150/ 30> 0.008293/ 31> 0.006512/ 32> 0.002297/ 33>-0.061299/ 34>-0.014226/ 35>

 0.034326/ 36> 0.001767/ 37> 0.008799/ 38> 0.000831/ 39>-0.155909/ 40>-0.015259/ 41>-0.013128/ 42>
           -0.001178/ 43>-0.031625/ 44>-0.001731/ 45>

 E=7.9270   0.358225/ 46>-0.090481/ 47> 0.092853/ 48> 0.495605/ 49> 0.005400/ 50>-0.006509/ 51> 0.067516/ 52>
           -0.078742/ 53>-0.559632/ 54>-0.004102/ 55> 0.007120/ 56> 0.029618/ 57>-0.032673/ 58>-0.133043/ 59>
            0.132264/ 60> 0.319904/ 61>-0.005401/ 62> 0.002496/ 63> 0.018889/ 64>-0.051636/ 65>-0.030257/ 66>
            0.148261/ 67> 0.014654/ 68> 0.034704/ 69>-0.075055/ 70> 0.062472/ 71> 0.001341/ 72>-0.329796/ 73>


  Q20Q22:  0.00 SEC    QTME:  0.00 SEC

 Q0= 189.492 HBAR/MW0     Q2= -74.225 HBAR/MW0     GAMMA= 29.0 DEG   FOR 79 PARTICLES;  A=197

1
 **********************************************  SINGLE PARTICLE MATRIX ELEMENTS  ***********************************************


   ENY   EMY     A+B     C      D      E    JZ    S0    S+    S-  <R2S> <R4S>  R2DZ  R2D+  R2D-  Q20S  Q22S   Q20   Q22  RHO2    R2


  5.41+ MY=NY -0.459  0.088   8.08   2.02  0.62 -0.38  0.09 -0.08  5.50 35.09  0.82  1.73 -0.11 -0.19 -1.67  1.01 -2.17  5.50  5.92
  5.58+ 5.41+  0.615 -0.863  -0.43   0.67  0.35 -0.00 -0.07 -0.08  5.50 35.85  0.41 -0.05 -0.15 -0.20 -0.30 -0.27 -0.28  0.00  0.01
  5.71+ 5.41+ -1.036 -1.565   0.23   1.49  0.21 -0.04 -0.00  0.05  5.50 47.61 -0.31 -0.49 -0.50  0.04 -0.35  0.00 -0.32 -0.00  0.05
  5.71+ 5.41+ -0.000 -0.000   0.00   0.00  0.00 -0.00  0.00  0.00************ -0.01  0.01  0.00  0.06  0.02  0.07  0.02  0.00  0.01
  5.75+ 5.41+ -0.216 -0.218  -0.12   1.13 -1.62 -0.02  0.03  0.47  5.50 42.12 -0.06  0.55  0.07 -0.09  0.07 -0.09  0.06 -0.00 -0.02
  5.99+ 5.41+ -1.209  1.207   0.17  -1.11 -0.18 -0.13 -0.16 -0.07  5.50 37.76 -0.48 -0.04  0.25  0.30 -0.17  0.33 -0.14 -0.00  0.06
  6.06+ 5.41+  0.000 -0.000   0.00  -0.00 -0.00  0.00  0.00  0.00************ -0.01 -0.01 -0.00 -0.01 -0.00 -0.02 -0.00 -0.00 -0.01
  6.23+ 5.41+ -0.067  0.049   1.87  -4.49 -0.07  0.01  0.01 -0.13  5.50 35.26  0.04 -0.15 -0.11 -0.31  0.83 -0.27  0.74  0.00 -0.13
  6.26+ 5.41+ -0.000 -0.000   0.00  -0.00 -0.00  0.00  0.00 -0.00************  0.04 -0.00 -0.00  0.10 -0.00  0.12  0.00  0.02  0.03
  6.42+ 5.41+  0.000  0.000   0.00  -0.00 -0.00  0.00  0.00 -0.00************  0.07  0.00 -0.02 -0.47 -0.02 -0.57 -0.03 -0.07 -0.13
  6.43+ 5.41+  0.033  0.158   0.46  -0.82 -0.05  0.05  0.05 -0.03  5.50 43.09  0.19 -0.07 -0.06 -0.17 -0.11 -0.21 -0.11  0.00 -0.01

  5.58+ MY=NY  1.427  1.340  12.96 -10.27 -0.10  0.32  0.64 -0.08  5.50 38.42 -0.55 -0.39  1.75  1.96  1.89  3.94  1.22  5.50  5.79
  5.71+ 5.58+  0.367  0.106  -0.06   2.05  0.12 -0.04 -0.07  0.06  5.50 37.42  0.09 -0.19 -0.26 -0.27 -0.22 -0.34 -0.22 -0.00 -0.01
  5.71+ 5.58+  0.000 -0.000   0.00   0.00  0.00 -0.00 -0.00  0.00************ -0.00  0.00 -0.00 -0.04 -0.01 -0.05 -0.01 -0.00 -0.01
  5.75+ 5.58+ -1.400 -1.350  -0.17  -7.44 -0.16  0.16  0.26 -0.20  5.50 38.35 -0.35  0.58  0.48  0.75  0.49  0.94  0.49  0.00  0.04
  5.99+ 5.58+  0.104  0.168   0.29   6.87  0.03  0.01  0.01 -0.04  5.50 32.89 -0.12  0.03  0.09 -0.78 -0.41 -0.96 -0.42 -0.00 -0.05
  6.06+ 5.58+  0.000 -0.000   0.00  -0.00  0.00 -0.00 -0.00 -0.00************ -0.05 -0.02 -0.02 -0.06 -0.00 -0.08 -0.01 -0.01 -0.01
  6.23+ 5.58+  2.045 -1.952   0.25  -0.41  0.31 -0.20 -0.20 -0.09  5.50 41.46 -0.85 -0.17  0.28 -0.38  0.14 -0.43  0.11 -0.00 -0.07
  6.26+ 5.58+  0.000 -0.000   0.00  -0.00  0.00 -0.00  0.00 -0.00************ -0.04  0.00 -0.00 -0.28  0.04 -0.34  0.02 -0.04 -0.08
  6.42+ 5.58+  0.000 -0.000   0.00  -0.00  0.00 -0.00 -0.00  0.00************ -0.13 -0.02 -0.04 -0.20  0.07 -0.24  0.06 -0.04 -0.07
  6.43+ 5.58+  0.084 -0.104  -0.04  -0.40  0.17 -0.01 -0.02  0.05  5.50 31.61 -0.03  0.07 -0.01  0.12  0.04  0.15  0.04  0.00  0.01

  5.71+ MY=NY  0.378 -0.719   3.29   1.30 -0.78  0.42  0.10  0.07  5.50 44.95 -1.05 -0.12 -1.83 -3.40 -2.96 -2.91 -3.53  5.50  5.65
  5.71+ 5.71+  0.000 -0.000   0.00   0.00 -0.00  0.00  0.00  0.00************ -0.00  0.00  0.00 -0.02 -0.01 -0.02 -0.01 -0.00 -0.00
  5.75+ 5.71+ -0.456  0.454  -1.73   1.94 -0.32  0.17 -0.03 -0.14  5.50 33.82 -0.72  0.33 -0.53 -0.79 -1.03 -1.05 -0.99  0.00  0.01
  5.99+ 5.71+  0.494  0.131  -0.12   0.37  2.15  0.02  0.48 -0.02  5.50 44.38  0.05 -0.30 -0.76 -0.01  0.04 -0.01  0.03  0.00 -0.01
  6.06+ 5.71+  0.000 -0.000  -0.00  -0.00 -0.00  0.00 -0.00 -0.00************ -0.00 -0.00  0.00  0.01  0.00  0.01  0.00  0.00  0.00
  6.23+ 5.71+ -0.225  0.160  -0.19   0.65  0.28  0.02 -0.01  0.11  5.50 37.27  0.14  0.19  0.07  0.08  0.02  0.10  0.02 -0.00  0.01
  6.26+ 5.71+ -0.000 -0.000   0.00  -0.00 -0.00  0.00 -0.00  0.00************  0.02 -0.00 -0.01  0.02  0.00  0.02  0.01  0.00  0.00
  6.42+ 5.71+ -0.000  0.000   0.00   0.00 -0.00  0.00 -0.00 -0.00************ -0.02 -0.00 -0.00  0.03 -0.03  0.04 -0.02  0.01  0.02
  6.43+ 5.71+  0.288 -0.344   0.71  -1.83  0.05 -0.04 -0.16  0.02  5.50 40.39 -0.14  0.19  0.18 -0.05  1.26  0.09  1.15 -0.00 -0.15

  5.71+ MY=NY  6.319  6.310  45.17  70.67  0.00  0.00  0.50  0.50  7.50 64.46  0.00  1.05 -1.05  5.11 -2.78  7.63 -3.11  7.50  8.82
  5.75+ 5.71+ -0.000  0.000  -0.00  -0.00 -0.00  0.00 -0.00 -0.00************ -0.00  0.00  0.00  0.02  0.00  0.02  0.00  0.00  0.00
  5.99+ 5.71+  0.000 -0.000  -0.00   0.00  0.00  0.00  0.00 -0.00************ -0.00  0.00  0.00 -0.01 -0.00 -0.01 -0.00 -0.00 -0.00
  6.06+ 5.71+  2.050 -2.110  -0.01  -0.74  1.36  0.27  0.30 -0.30  7.50 64.67  0.15  0.26  0.27  0.08  0.04  0.10  0.04 -0.00  0.01
  6.23+ 5.71+ -0.000  0.000  -0.00   0.00  0.00  0.00 -0.00  0.00************  0.00 -0.00 -0.00 -0.00 -0.00 -0.00 -0.00 -0.00 -0.00
  6.26+ 5.71+ -0.618 -0.417  -0.16 -20.92 -0.07 -0.01 -0.03 -0.01  7.50 33.35  0.01 -0.08  0.05  2.20  1.14  2.72  1.17  0.00  0.16
  6.42+ 5.71+ -0.212  0.428   0.04   5.70 -0.20  0.07  0.07 -0.06  7.50 70.35  0.29 -0.09 -0.12 -0.60 -0.31 -0.74 -0.32  0.00 -0.04
  6.43+ 5.71+ -0.000  0.000   0.00   0.00 -0.00  0.00 -0.00 -0.00************  0.00 -0.00 -0.00  0.00  0.00  0.00  0.00  0.00  0.00

  5.75+ MY=NY -0.243  0.118   8.89  -4.59  0.01 -0.34  0.01  0.48  5.50 38.34  0.61 -1.50  0.47 -0.77  0.67  0.59 -0.05  5.50  5.58
  5.99+ 5.75+ -1.077 -1.227   0.00  -1.17  0.56 -0.05 -0.01  0.13  5.50 35.78  0.17 -0.42 -0.54  0.08  0.16  0.11  0.15 -0.00 -0.01
  6.06+ 5.75+ -0.000  0.000   0.00   0.00 -0.00 -0.00 -0.00  0.00************  0.02  0.01  0.01 -0.08 -0.01 -0.10 -0.01 -0.01 -0.02
  6.23+ 5.75+  0.523 -0.523   0.11  -0.39 -1.30 -0.04 -0.07 -0.41  5.50 41.97 -0.22 -0.60 -0.11 -0.14  0.32 -0.13  0.29  0.00 -0.05
  6.26+ 5.75+  0.000  0.000   0.00   0.00 -0.00  0.00 -0.00 -0.00************ -0.03  0.00  0.00  0.02  0.00  0.03  0.00  0.00  0.00
  6.42+ 5.75+ -0.000 -0.000   0.00  -0.00  0.00 -0.00 -0.00  0.00************  0.00  0.00 -0.00 -0.25  0.04 -0.30  0.03 -0.04 -0.08
  6.43+ 5.75+ -1.367  1.420   0.11  -0.01  0.06  0.14 -0.13 -0.08  5.50 38.39  0.59 -0.08  0.21 -0.29  0.35 -0.30  0.30 -0.00 -0.08

  5.99+ MY=NY  0.021  0.290   3.35  -0.75 -0.12  0.47  0.49 -0.01  5.50 38.27 -1.21 -0.47  1.71 -3.76 -0.41 -3.04 -1.21  5.50  5.31
  6.06+ 5.99+ -0.000 -0.000   0.00   0.00  0.00 -0.00 -0.00 -0.00************ -0.00 -0.00 -0.00 -0.03 -0.00 -0.03 -0.01 -0.00 -0.00
  6.23+ 5.99+ -0.432  0.365   0.18  -0.07  0.10  0.00 -0.06 -0.05  5.50 38.72  0.24  0.06  0.03  0.11  0.14  0.15  0.14 -0.00 -0.00
  6.26+ 5.99+  0.000 -0.000   0.00  -0.00 -0.00 -0.00  0.00 -0.00************ -0.00  0.00  0.00  0.02  0.00  0.02  0.00  0.00  0.00
  6.42+ 5.99+  0.000  0.000   0.00  -0.00  0.00  0.00 -0.00  0.00************  0.02  0.00  0.00  0.01  0.00  0.01  0.00 -0.00  0.00
  6.43+ 5.99+ -0.318  0.209   0.05  -0.11  1.99  0.02 -0.50 -0.01  5.50 43.46  0.10  0.40  0.82 -0.05  0.35 -0.02  0.32 -0.00 -0.05

  6.06+ MY=NY -4.964 -5.275  40.60  27.11 -0.11 -0.01 -0.15 -0.18  7.50 63.98  0.03 -0.79  0.86  4.65 -1.25  7.27 -1.73  7.50  8.59
  6.23+ 6.06+  0.000 -0.000   0.00  -0.00 -0.00 -0.00  0.00 -0.00************  0.00 -0.00  0.00 -0.02 -0.00 -0.02 -0.00 -0.00 -0.00
  6.26+ 6.06+  3.020 -2.158   0.10  -7.37 -1.53 -0.14  0.25 -0.19  7.50 65.71  0.46  0.67  0.52  0.68  0.34  0.84  0.35 -0.00  0.05
  6.42+ 6.06+  0.299  1.188   0.23 -24.69  0.34  0.03  0.10  0.16  7.50 63.60 -0.10  0.10 -0.32  2.40  1.02  2.94  1.07 -0.00  0.19
  6.43+ 6.06+  0.000  0.000   0.00  -0.00  0.00  0.00  0.00  0.00************ -0.00 -0.00 -0.00 -0.01 -0.00 -0.01 -0.00 -0.00 -0.00

  6.23+ MY=NY -0.798 -0.753   8.65 -11.15  0.14 -0.42  0.06 -0.81  5.50 40.32  0.91  2.20 -0.52 -0.72  3.30  0.95  2.35  5.50  5.28
  6.26+ 6.23+  0.000 -0.000   0.00  -0.00  0.00 -0.00  0.00 -0.00************  0.02 -0.01 -0.00 -0.03  0.00 -0.04  0.00 -0.00 -0.01
  6.42+ 6.23+ -0.000 -0.000   0.00  -0.00  0.00  0.00 -0.00  0.00************  0.02 -0.00  0.01 -0.06  0.02 -0.07  0.02 -0.01 -0.02
  6.43+ 6.23+ -0.935 -0.986  -0.05   3.91 -0.09  0.09 -0.12  0.15  5.50 40.56 -0.21 -0.33 -0.36 -0.37 -0.27 -0.46 -0.27  0.00 -0.02

  6.26+ MY=NY  4.551  2.433  35.22  -7.64  0.86  0.12  0.38  0.14  7.50 68.77 -0.05  0.80 -0.43  5.33 -0.44  8.15 -0.96  7.50  8.58
  6.42+ 6.26+  1.322 -4.521   0.86 -18.92  1.40  0.21  0.19 -0.36  7.50 68.84  0.08  0.39  0.92  1.61  0.92  2.00  0.94 -0.00  0.10
  6.43+ 6.26+  0.000 -0.000   0.00  -0.00  0.00  0.00  0.00 -0.00************  0.00 -0.00 -0.00  0.02 -0.00  0.02  0.00  0.00  0.00

  6.42+ MY=NY -0.129 -3.028  31.97 -19.20 -2.33 -0.25  0.09 -0.11  7.50 66.60  0.40  0.15  0.48  4.36 -0.19  7.04 -0.78  7.50  8.43
  6.43+ 6.42+ -0.000 -0.000   0.00  -0.00 -0.00 -0.00  0.00 -0.00************ -0.01 -0.00  0.00  0.00  0.00  0.00  0.00  0.00  0.00

  6.43+ MY=NY -0.140 -0.293   3.22  -2.50 -0.15  0.46 -0.70  0.00  5.50 40.39 -1.22  0.66 -2.09 -3.81  1.94 -2.84  0.93  5.50  5.04

 DECOUP:  0.00 SEC



   #   ENERGY +/-(#)    <Q20>    <Q22>     <R2>     <JZ>      #   ENERGY +/-(#)    <Q20>    <Q22>     <R2>     <JZ>

   1   1.5000  +(# 1)   0.3878  -0.1705   1.5689   0.5000    41   6.0575  +(#21)   7.2651  -1.7330   8.5878  -0.1080
   2   2.2032  -(# 1)   2.4038  -0.3557   2.8298   0.4207    42   6.1436  -(#21)   5.1098  -1.7788   7.3426   0.8213
   3   2.4367  -(# 2)  -0.2487  -0.9787   2.6065  -1.0874    43   6.2264  +(#22)   0.9457   2.3541   5.2844   0.1425
   4   2.8601  -(# 3)  -0.2161   0.4818   2.4081   0.1667    44   6.2340  -(#22)  -4.1777  -3.3115   6.4711  -5.0003
   5   2.9316  +(# 2)   4.5599  -0.5051   4.1021   0.3656    45   6.2572  +(#23)   8.1505  -0.9558   8.5835   0.8714
   6   3.1542  +(# 3)   2.0401  -1.0974   3.8900  -0.8291    46   6.2875  -(#23)   5.4646   0.5953   7.0553   0.0318
   7   3.3524  +(# 4)  -1.0880  -1.8696   3.6319   1.3031    47   6.3002  -(#24)   8.3839  -3.7664   9.9999   0.0006
   8   3.6103  +(# 5)   2.0388   0.4263   3.6789   0.4325    48   6.4061  -(#25)   0.7522  -3.0804   7.0143  -1.2968
   9   3.6584  -(# 4)   5.4461  -1.1139   5.2898   0.1798    49   6.4228  +(#24)   7.0419  -0.7763   8.4292  -2.3571
  10   3.7723  +(# 6)  -1.1682  -0.6590   3.4549   0.3418    50   6.4301  +(#25)  -2.8356   0.9340   5.0398  -0.1547
  11   3.9009  -(# 5)   5.2779  -0.5091   5.1864  -0.8196    51   6.4445  -(#26)   3.7715  -0.0010   6.9402  -0.2008
  12   4.0619  -(# 6)   1.3993  -1.7777   4.9095   1.6822    52   6.4542  +(#26)   7.7405  -2.2614   8.7164  -0.0386
  13   4.1792  +(# 7)  -0.9535   1.3177   3.2063  -0.6139    53   6.6186  +(#27)   2.9115  -1.8561   8.0968   3.8960
  14   4.3128  -(# 7)  -1.8624  -2.7289   4.6606  -2.3753    54   6.6562  -(#27)   0.1737  -1.1875   6.6847   0.1525
  15   4.3422  -(# 8)   4.6217   0.2362   5.0066   0.2888    55   6.6614  -(#28)   7.7400  -2.2974   9.7214  -0.0247
  16   4.3922  +(# 8)   6.0759  -1.8163   6.4605   0.0580    56   6.6732  +(#28)   8.3154  -1.5054   8.6788  -0.1360
  17   4.4913  -(# 9)   1.1836  -0.8949   4.7620  -0.2244    57   6.7424  -(#29)  -4.0864  -4.7233   6.6772   2.2347
  18   4.6733  +(# 9)   6.8854  -0.5294   6.3768  -0.7032    58   6.8497  +(#29)   9.1451  -4.4187  11.1791   0.0001
  19   4.7186  -(#10)  -2.2251  -2.2277   4.5488  -0.1266    59   6.8670  +(#30)  -1.0599  -2.7550   7.7578  -5.0181
  20   4.8073  +(#10)   4.5496  -1.3956   6.2242   1.8150    60   6.9002  +(#31)   8.7934  -1.2594   8.7005   0.8077
  21   4.8974  -(#11)   1.6585   1.4116   4.4981  -0.4389    61   6.9036  -(#30)   8.1426  -1.4061   9.6449   0.3488
  22   5.0302  +(#11)   2.5373  -1.7850   6.0433  -1.9537    62   6.9311  -(#31)   3.3920   1.9935   6.6198   0.0775
  23   5.0481  +(#12)   4.7138  -0.9309   6.1790  -0.6072    63   6.9469  -(#32)  -3.8796  -2.6091   6.4086  -0.6144
  24   5.0483  -(#12)   6.7548  -2.4989   7.6343   0.0134    64   6.9571  +(#32)  -2.5662   3.3840   4.7319  -0.1361
  25   5.0848  -(#13)  -2.0826   0.0670   4.2477   0.3786    65   6.9828  +(#33)   6.3827  -0.2241   8.2759   0.1822
  26   5.1866  +(#13)   4.5797  -0.6484   6.1242  -0.2925    66   7.0877  -(#33)   8.7607  -0.2927   9.5629  -1.7413
  27   5.3119  +(#14)  -3.1509  -3.1906   5.5741   3.7136    67   7.1036  -(#34)   0.2474   0.8313   6.4137  -0.1319
  28   5.3717  -(#14)   6.8005  -1.1327   7.4504  -0.3332    68   7.1129  +(#34)   4.1324  -2.7109   8.3576  -1.7602
  29   5.4130  +(#15)   1.0087  -2.1689   5.9180   0.6352    69   7.1323  -(#35)   8.5974  -3.1392   9.9380  -0.0066
  30   5.5297  -(#15)   7.1881  -0.8064   7.4505   1.4175    70   7.1532  +(#35)  -5.1276  -3.5996   7.4001   6.0680
  31   5.5317  -(#16)  -1.7829   2.4224   3.9565   0.4554    71   7.1650  +(#36)   6.8537   0.1726   8.2759  -0.2097
  32   5.5804  +(#16)   3.9439   1.2154   5.7919  -0.1085    72   7.2224  +(#37)   8.3493  -2.8827  10.8735  -0.0048
  33   5.7072  +(#17)  -2.9114  -3.5311   5.6492  -0.7917    73   7.2465  -(#36)   5.9475  -0.9716   9.3286   3.6413
  34   5.7135  -(#17)   4.1000  -1.4486   7.1790  -2.7302    74   7.3420  +(#38)   3.5173  -1.0689   8.0585   0.4301
  35   5.7142  +(#18)   7.6290  -3.1118   8.8212   0.0032    75   7.3620  -(#37)  -3.8159  -0.7998   6.1655   0.2317
  36   5.7464  +(#19)   0.5937  -0.0545   5.5768   0.0116    76   7.3882  -(#38)   8.8290  -2.4756   9.8731  -0.0496
  37   5.7577  -(#18)   6.9112  -1.4983   7.5140   0.0333    77   7.4091  +(#39)  -0.3947  -3.9305   7.9982   2.7818
  38   5.9311  -(#19)   7.1891  -0.8163   7.4520  -0.2517    78   7.4579  -(#39)   1.9336  -2.0194   9.0053  -4.9937
  39   5.9511  -(#20)  -0.0425  -2.4388   6.8328   3.9433    79   7.4957  +(#40)   8.3455  -1.8829  10.7346   0.0999
  40   5.9898  +(#20)  -3.0408  -1.2146   5.3134  -0.1281    80   7.6038  +(#41)  -0.4344  -2.5019   7.7958  -1.1650



     PARITY: +     DIMENSION:  95     MATRIX:   0.0 SEC     DIAGONALISATION:   0.0 SEC
     PARITY: -     DIMENSION:  70     MATRIX:   0.0 SEC     DIAGONALISATION:   0.0 SEC
      TOTAL TIME:   0.0 SEC
