


         KAPPAP      MYP     KAPPAN      MYN
    0    0.1200    0.0000    0.1200    0.0000
    1    0.1200    0.0000    0.1200    0.0000
    2    0.1050    0.0000    0.1050    0.0000
    3    0.0900    0.3000    0.0900    0.2500
    4    0.0650    0.5700    0.0700    0.3900
    5    0.0600    0.6500    0.0620    0.4300
    6    0.0540    0.6900    0.0620    0.3400
    7    0.0540    0.6900    0.0620    0.2600
    8    0.0540    0.6900    0.0620    0.2600


     KAPPA    MY     EPS   GAMMA    EPS4     EPS6     W0/W00   NMAX  COUPL     OMROT      EFAC      QFAC
      SEE TABLE     0.517   56.2   0.000    0.000    1.02783     8     0     0.00000   6.76450   6.13497


                     **** PROTONS ****                     **** STRETCHED COORDINATES ****
    SYMMETRY R1= 1


   BASIS FUNCTIONS /N,L,J,OMEGA>,   PARITY -


   1 / 7 7 15/2 13/2>    15 / 7 5 11/2  1/2>    29 / 7 7 13/2 -7/2>    43 / 5 5 11/2  1/2>    57 / 5 5 11/2-11/2>
   2 / 7 7 13/2 13/2>    16 / 7 5  9/2  1/2>    30 / 7 5 11/2 -7/2>    44 / 5 5  9/2  1/2>    58 / 3 3  7/2  5/2>
   3 / 7 7 15/2  9/2>    17 / 7 3  7/2  1/2>    31 / 7 5  9/2 -7/2>    45 / 5 3  7/2  1/2>    59 / 3 3  5/2  5/2>
   4 / 7 7 13/2  9/2>    18 / 7 3  5/2  1/2>    32 / 7 3  7/2 -7/2>    46 / 5 3  5/2  1/2>    60 / 3 3  7/2  1/2>
   5 / 7 5 11/2  9/2>    19 / 7 1  3/2  1/2>    33 / 7 7 15/2-11/2>    47 / 5 1  3/2  1/2>    61 / 3 3  5/2  1/2>
   6 / 7 5  9/2  9/2>    20 / 7 1  1/2  1/2>    34 / 7 7 13/2-11/2>    48 / 5 1  1/2  1/2>    62 / 3 1  3/2  1/2>
   7 / 7 7 15/2  5/2>    21 / 7 7 15/2 -3/2>    35 / 7 5 11/2-11/2>    49 / 5 5 11/2 -3/2>    63 / 3 1  1/2  1/2>
   8 / 7 7 13/2  5/2>    22 / 7 7 13/2 -3/2>    36 / 7 7 15/2-15/2>    50 / 5 5  9/2 -3/2>    64 / 3 3  7/2 -3/2>
   9 / 7 5 11/2  5/2>    23 / 7 5 11/2 -3/2>    37 / 5 5 11/2  9/2>    51 / 5 3  7/2 -3/2>    65 / 3 3  5/2 -3/2>
  10 / 7 5  9/2  5/2>    24 / 7 5  9/2 -3/2>    38 / 5 5  9/2  9/2>    52 / 5 3  5/2 -3/2>    66 / 3 1  3/2 -3/2>
  11 / 7 3  7/2  5/2>    25 / 7 3  7/2 -3/2>    39 / 5 5 11/2  5/2>    53 / 5 1  3/2 -3/2>    67 / 3 3  7/2 -7/2>
  12 / 7 3  5/2  5/2>    26 / 7 3  5/2 -3/2>    40 / 5 5  9/2  5/2>    54 / 5 5 11/2 -7/2>    68 / 1 1  3/2  1/2>
  13 / 7 7 15/2  1/2>    27 / 7 1  3/2 -3/2>    41 / 5 3  7/2  5/2>    55 / 5 5  9/2 -7/2>    69 / 1 1  1/2  1/2>
  14 / 7 7 13/2  1/2>    28 / 7 7 15/2 -7/2>    42 / 5 3  5/2  5/2>    56 / 5 3  7/2 -7/2>    70 / 1 1  3/2 -3/2>


    SINGLE PARTICLE (PARITY-) WAVE FUNCTIONS IN THE ENERGY INTERVAL 6.0<E<8.0

 E=6.1643   0.024214/  1> 0.151071/  3>-0.001403/  4> 0.004583/  5> 0.420937/  7>-0.002638/  8> 0.019840/  9>
            0.000606/ 11> 0.638315/ 13>-0.000859/ 14> 0.034862/ 15> 0.001465/ 17> 0.556340/ 21> 0.002194/ 22>
            0.028984/ 23> 0.001105/ 25> 0.274038/ 28> 0.002226/ 29> 0.010916/ 30> 0.068544/ 33> 0.000648/ 34>
            0.001279/ 35> 0.005785/ 36>

 E=6.1663   0.162009/ 37> 0.142974/ 38> 0.016203/ 39> 0.356418/ 40>-0.052761/ 41>-0.093800/ 42>-0.126253/ 43>
           -0.246877/ 44>-0.043552/ 45>-0.664496/ 46> 0.073079/ 47>-0.149189/ 48> 0.193633/ 49> 0.105638/ 50>
            0.058983/ 51>-0.308407/ 52>-0.009306/ 53>-0.194405/ 54> 0.270178/ 55> 0.003221/ 56>-0.091446/ 57>


 E=6.2693  -0.272118/ 37> 0.102184/ 38> 0.192181/ 39> 0.057957/ 40>-0.058142/ 41>-0.049422/ 42>-0.126731/ 43>
           -0.146737/ 44>-0.038654/ 45>-0.139985/ 46> 0.476362/ 47>-0.216261/ 48> 0.085542/ 49> 0.238585/ 50>
           -0.067419/ 51> 0.505235/ 52> 0.183276/ 53>-0.028931/ 54>-0.407454/ 55>-0.063998/ 56>-0.091826/ 57>


 E=6.3761  -0.184393/ 37>-0.089520/ 38>-0.200300/ 39>-0.469249/ 40>-0.146839/ 41>-0.039658/ 42> 0.234035/ 43>
           -0.194854/ 44>-0.358053/ 45>-0.010563/ 46>-0.061593/ 47> 0.026356/ 48> 0.020857/ 49> 0.459982/ 50>
           -0.266353/ 51> 0.020619/ 52>-0.018383/ 53>-0.261131/ 54> 0.295170/ 55>-0.050319/ 56>-0.086151/ 57>


 E=6.3943   0.026162/ 37> 0.480107/ 38>-0.008526/ 39>-0.106180/ 40>-0.054319/ 41>-0.537341/ 42> 0.017546/ 43>
            0.062874/ 44> 0.018510/ 45> 0.048868/ 46> 0.129875/ 47> 0.484608/ 48>-0.050683/ 49>-0.051295/ 50>
           -0.014167/ 51>-0.098246/ 52> 0.282741/ 53> 0.121057/ 54> 0.034247/ 55>-0.007661/ 56>-0.310152/ 57>


 E=6.5594   0.204784/ 37>-0.160333/ 38>-0.033997/ 39>-0.353590/ 40> 0.342693/ 41>-0.106592/ 42>-0.147304/ 43>
            0.332659/ 44> 0.187920/ 45>-0.201446/ 46> 0.086163/ 47>-0.056903/ 48> 0.245671/ 49>-0.049999/ 50>
           -0.416708/ 51>-0.209151/ 52>-0.076755/ 53>-0.191029/ 54>-0.307160/ 55>-0.164941/ 56>-0.119493/ 57>


 E=6.6021  -0.077214/  1> 0.004314/  2>-0.341828/  3> 0.041327/  4>-0.012615/  5> 0.001163/  6>-0.538259/  7>
            0.131270/  8>-0.031234/  9> 0.007443/ 10>-0.001257/ 11>-0.164513/ 13> 0.207318/ 14>-0.011131/ 15>
            0.014259/ 16>-0.000628/ 17> 0.000786/ 18> 0.429039/ 21> 0.178411/ 22> 0.027631/ 23> 0.011555/ 24>
            0.001405/ 25> 0.000550/ 26> 0.486931/ 28> 0.081371/ 29> 0.023750/ 30> 0.003624/ 31> 0.000600/ 32>
            0.187394/ 33> 0.016272/ 34> 0.004223/ 35> 0.020978/ 36>

 E=6.6585  -0.300608/ 37>-0.130195/ 38> 0.235080/ 39>-0.113147/ 40>-0.241706/ 41> 0.117615/ 42>-0.166780/ 43>
            0.188574/ 44> 0.066793/ 45> 0.194505/ 46> 0.501891/ 47>-0.120737/ 48> 0.116067/ 49>-0.292629/ 50>
           -0.047169/ 51>-0.241899/ 52> 0.051206/ 53>-0.058403/ 54> 0.454313/ 55>-0.009648/ 56>-0.088621/ 57>


 E=6.7597   0.010311/ 37>-0.540190/ 38>-0.027054/ 39> 0.172841/ 40> 0.068106/ 41> 0.227820/ 42> 0.043496/ 43>
           -0.074521/ 44>-0.035119/ 45>-0.089940/ 46>-0.036299/ 47> 0.252674/ 48>-0.077160/ 49> 0.044060/ 50>
            0.032655/ 51>-0.062473/ 52> 0.508955/ 53> 0.159582/ 54>-0.017672/ 55>-0.292700/ 56>-0.394541/ 57>


 E=6.8839  -0.157110/  1> 0.006390/  2>-0.452876/  3> 0.040544/  4> 0.022243/  5> 0.000701/  6>-0.231508/  7>
            0.068242/  8> 0.174029/  9> 0.001587/ 10> 0.012949/ 11> 0.360436/ 13> 0.020958/ 14> 0.371046/ 15>
            0.000374/ 16> 0.036784/ 17> 0.002597/ 19> 0.104751/ 21>-0.054648/ 22> 0.289956/ 23>-0.001125/ 24>
            0.026286/ 25> 0.000390/ 26> 0.001291/ 27>-0.444931/ 28>-0.060586/ 29> 0.076679/ 30>-0.001389/ 31>
            0.003857/ 32>-0.317559/ 33>-0.019973/ 34> 0.003005/ 35>-0.049311/ 36>

 E=7.0292  -0.028830/  1>-0.010489/  2>-0.119321/  3>-0.111971/  4>-0.001858/  5>-0.003042/  6>-0.178366/  7>
           -0.384015/  8>-0.003487/  9>-0.021931/ 10> 0.000327/ 11>-0.000696/ 12>-0.053146/ 13>-0.628259/ 14>
           -0.001037/ 15>-0.044546/ 16>-0.002563/ 18> 0.139818/ 21>-0.534241/ 22> 0.002756/ 23>-0.035377/ 24>
           -0.000416/ 25>-0.001719/ 26> 0.165174/ 28>-0.230138/ 29> 0.003040/ 30>-0.010122/ 31> 0.067566/ 33>
           -0.041902/ 34> 0.000713/ 35> 0.008122/ 36>

 E=7.1128  -0.173357/ 37>-0.156553/ 38> 0.030628/ 39>-0.318312/ 40>-0.320217/ 41>-0.104051/ 42> 0.109168/ 43>
            0.304464/ 44>-0.201221/ 45>-0.402628/ 46>-0.015022/ 47>-0.085296/ 48>-0.183820/ 49>-0.034372/ 50>
            0.412949/ 51>-0.241372/ 52> 0.045058/ 53> 0.145764/ 54>-0.314429/ 55> 0.143049/ 56> 0.093440/ 57>


 E=7.1447  -0.268599/  1> 0.017330/  2>-0.429192/  3> 0.077464/  4> 0.080884/  5>-0.006242/  6> 0.210647/  7>
            0.054659/  8> 0.295728/  9>-0.057620/ 10> 0.028292/ 11>-0.004856/ 12> 0.193772/ 13>-0.045513/ 14>
            0.123627/ 15>-0.124446/ 16> 0.017038/ 17>-0.017428/ 18> 0.002283/ 19>-0.001849/ 20>-0.390054/ 21>
           -0.001409/ 22>-0.290958/ 23>-0.097242/ 24>-0.035376/ 25>-0.011931/ 26>-0.002865/ 27> 0.166700/ 28>
            0.085349/ 29>-0.191736/ 30>-0.024349/ 31>-0.011659/ 32> 0.433801/ 33> 0.046787/ 34>-0.019455/ 35>

 0.099202/ 36>

 E=7.2276  -0.182156/ 37> 0.092498/ 38> 0.175472/ 39> 0.066046/ 40>-0.438679/ 41> 0.181886/ 42>-0.137098/ 43>
           -0.189719/ 44> 0.319265/ 45> 0.157216/ 46>-0.171689/ 47> 0.201669/ 48> 0.082821/ 49> 0.291848/ 50>
           -0.113709/ 51>-0.396736/ 52>-0.201249/ 53>-0.021125/ 54>-0.341371/ 55>-0.152580/ 56>-0.053655/ 57>


 E=7.3076   0.031463/ 37> 0.477542/ 38>-0.031004/ 39>-0.189151/ 40> 0.024245/ 41> 0.278496/ 42> 0.040744/ 43>
            0.085664/ 44>-0.026538/ 45> 0.031842/ 46>-0.202827/ 47>-0.475248/ 48>-0.070364/ 49>-0.051358/ 50>
            0.132279/ 51>-0.039430/ 52> 0.116753/ 53> 0.131714/ 54> 0.050926/ 55>-0.488675/ 56>-0.281678/ 57>


 E=7.3251   0.165095/  1> 0.008722/  2>-0.013430/  3> 0.123752/  4>-0.164111/  5> 0.011777/  6>-0.281635/  7>
            0.298761/  8>-0.391822/  9> 0.048761/ 10> 0.001152/ 11> 0.002266/ 12> 0.323465/ 13> 0.104139/ 14>
           -0.231342/ 15> 0.018049/ 16> 0.093355/ 17>-0.001041/ 18> 0.021510/ 19>-0.002728/ 20>-0.003732/ 21>
           -0.260791/ 22>-0.338106/ 23>-0.044466/ 24> 0.040638/ 25>-0.001976/ 26> 0.006859/ 27>-0.244260/ 28>
           -0.229871/ 29>-0.306116/ 30>-0.030847/ 31>-0.007105/ 32> 0.152970/ 33>-0.045388/ 34>-0.050567/ 35>

 0.076557/ 36>

 E=7.3274  -0.325411/  1> 0.031230/  2>-0.272903/  3> 0.151479/  4> 0.102618/  5>-0.004011/  6> 0.258941/  7>
            0.206268/  8> 0.053407/  9>-0.017150/ 10>-0.036330/ 11>-0.000546/ 12>-0.141605/ 13> 0.059474/ 14>
           -0.490314/ 15>-0.004264/ 16>-0.208766/ 17> 0.003459/ 18>-0.034993/ 19> 0.004125/ 20> 0.121256/ 21>
           -0.157751/ 22>-0.220120/ 23> 0.012453/ 24>-0.117546/ 25>-0.001231/ 26>-0.012447/ 27> 0.053227/ 28>
           -0.200000/ 29> 0.141837/ 30> 0.010519/ 31>-0.002778/ 32>-0.412860/ 33>-0.084168/ 34> 0.033447/ 35>

-0.135475/ 36>

 E=7.4627   0.298222/  1>-0.021088/  2>-0.038118/  3>-0.025330/  4>-0.183858/  5> 0.018359/  6>-0.132432/  7>
            0.025791/  8>-0.056185/  9> 0.042930/ 10> 0.062238/ 11>-0.010712/ 12> 0.249608/ 13>-0.019307/ 14>
            0.193144/ 15>-0.026405/ 16> 0.114570/ 17>-0.079482/ 18> 0.049910/ 19>-0.028318/ 20>-0.341832/ 21>
            0.008411/ 22>-0.289166/ 23> 0.010156/ 24>-0.214366/ 25>-0.049787/ 26>-0.035841/ 27> 0.406407/ 28>
            0.010179/ 29> 0.324194/ 30> 0.052495/ 31>-0.014663/ 32>-0.363914/ 33>-0.048819/ 34> 0.108922/ 35>

-0.231080/ 36>

 E=7.5547   0.599344/  1>-0.038216/  2>-0.392337/  3>-0.005733/  4>-0.434802/  5> 0.035907/  6> 0.251209/  7>
            0.010052/  8> 0.240556/  9> 0.013853/ 10> 0.243535/ 11>-0.028611/ 12>-0.167215/ 13>-0.007816/ 14>
           -0.139885/ 15>-0.009069/ 16>-0.091042/ 17>-0.022103/ 18>-0.120387/ 19> 0.029134/ 20> 0.116971/ 21>
            0.004463/ 22> 0.087929/ 23> 0.002701/ 24> 0.056625/ 25>-0.015956/ 26>-0.006351/ 27>-0.082125/ 28>
           -0.001898/ 29>-0.051343/ 30> 0.002564/ 31> 0.015363/ 32> 0.042238/ 33> 0.002256/ 34>-0.037585/ 35>

 0.063776/ 36>

 E=7.6626  -0.072499/  1>-0.030988/  2>-0.205865/  3>-0.236828/  4>-0.048364/  5>-0.006869/  6>-0.092988/  7>
           -0.463774/  8>-0.191963/  9>-0.029211/ 10>-0.012383/ 11>-0.000972/ 12> 0.187850/ 13>-0.153894/ 14>
           -0.324782/ 15>-0.012316/ 16>-0.031161/ 17>-0.000770/ 18>-0.001970/ 19> 0.067278/ 21> 0.390645/ 22>
           -0.273380/ 23> 0.028788/ 24>-0.023089/ 25> 0.001425/ 26>-0.000821/ 27>-0.197570/ 28> 0.384403/ 29>
           -0.109853/ 30> 0.018386/ 31>-0.004601/ 32>-0.145575/ 33> 0.106554/ 34>-0.013581/ 35>-0.023847/ 36>


 E=7.6738  -0.012212/  1> 0.004703/  2> 0.009396/  3>-0.007951/  4> 0.007614/  5>-0.010091/  6>-0.014958/  7>
           -0.003667/  8>-0.010314/  9> 0.005904/ 10>-0.002404/ 11> 0.020354/ 12> 0.027692/ 13> 0.002143/ 14>
            0.020950/ 15> 0.006390/ 16> 0.014753/ 17> 0.002772/ 18>-0.007363/ 19>-0.045541/ 20>-0.052907/ 21>
            0.006282/ 22>-0.050964/ 23> 0.014901/ 24>-0.041039/ 25> 0.024145/ 26>-0.114431/ 27> 0.108742/ 28>
           -0.016435/ 29> 0.134903/ 30>-0.019815/ 31> 0.256722/ 32>-0.250215/ 33> 0.015332/ 34>-0.502332/ 35>

 0.749881/ 36>

 E=7.6829   0.060681/  1> 0.063848/  2> 0.109710/  3> 0.328243/  4>-0.014187/  5>-0.018651/  6>-0.049809/  7>
            0.249650/  8>-0.052535/  9>-0.219453/ 10> 0.001607/ 11>-0.016005/ 12>-0.048979/ 13>-0.272082/ 14>
           -0.020494/ 15>-0.541706/ 16> 0.002806/ 17>-0.075223/ 18> 0.002743/ 19>-0.008455/ 20> 0.097146/ 21>
           -0.033457/ 22> 0.049224/ 23>-0.402626/ 24>-0.004080/ 25>-0.045929/ 26>-0.004380/ 27>-0.044977/ 28>
            0.382246/ 29> 0.036620/ 30>-0.083146/ 31> 0.004093/ 32>-0.109209/ 33> 0.185018/ 34>-0.005211/ 35>

-0.008162/ 36>

 E=7.8717   0.105927/  1>-0.102264/  2> 0.042675/  3>-0.320252/  4> 0.104350/  5> 0.035622/  6>-0.114032/  7>
            0.077032/  8> 0.114670/  9> 0.260611/ 10>-0.156131/ 11> 0.031632/ 12> 0.096689/ 13> 0.148262/ 14>
           -0.057189/ 15> 0.142531/ 16>-0.469152/ 17> 0.041781/ 18>-0.094111/ 19> 0.016742/ 20>-0.023183/ 21>
           -0.268587/ 22> 0.024541/ 23>-0.309644/ 24>-0.328450/ 25>-0.061698/ 26>-0.044356/ 27>-0.073162/ 28>
            0.205953/ 29> 0.144398/ 30>-0.133343/ 31>-0.044115/ 32> 0.116269/ 33> 0.247867/ 34> 0.044111/ 35>

 0.049362/ 36>

 E=7.8888  -0.106811/ 37>-0.127372/ 38> 0.108615/ 39>-0.047609/ 40>-0.367243/ 41>-0.184535/ 42>-0.090597/ 43>
            0.149482/ 44> 0.304251/ 45>-0.293707/ 46>-0.412683/ 47> 0.059766/ 48> 0.058236/ 49>-0.211672/ 50>
           -0.138287/ 51> 0.497534/ 52>-0.081516/ 53>-0.011513/ 54> 0.225038/ 55>-0.171428/ 56>-0.066725/ 57>


 E=7.9437  -0.120910/  1> 0.048816/  2>-0.179027/  3> 0.235293/  4>-0.171876/  5> 0.029460/  6> 0.124135/  7>
            0.149519/  8>-0.413949/  9> 0.156904/ 10>-0.044160/ 11> 0.012670/ 12> 0.096299/ 13>-0.233240/ 14>
           -0.145810/ 15> 0.267986/ 16>-0.023344/ 17> 0.043029/ 18>-0.004289/ 19> 0.005165/ 20>-0.199401/ 21>
           -0.061250/ 22> 0.363402/ 23> 0.227064/ 24> 0.051867/ 25> 0.029640/ 26> 0.005107/ 27> 0.050702/ 28>
            0.260334/ 29> 0.318277/ 30> 0.084158/ 31> 0.020581/ 32> 0.190111/ 33> 0.136549/ 34> 0.058489/ 35>

 0.045260/ 36>

 E=7.9624   0.003413/ 37>-0.292220/ 38>-0.016606/ 39> 0.155568/ 40> 0.027590/ 41>-0.542989/ 42> 0.034334/ 43>
           -0.090136/ 44>-0.105019/ 45> 0.211800/ 46> 0.108085/ 47>-0.180667/ 48>-0.056673/ 49> 0.044512/ 50>
            0.218744/ 51>-0.055709/ 52>-0.446630/ 53> 0.086663/ 54>-0.012472/ 55>-0.446556/ 56>-0.149342/ 57>


  Q20Q22:  0.00 SEC    QTME:  0.00 SEC



    SYMMETRY R1= 1


   BASIS FUNCTIONS /N,L,J,OMEGA>,   PARITY +


   1 / 8 8 17/2 17/2>    20 / 8 6 11/2  1/2>    39 / 8 4  7/2 -7/2>    58 / 6 4  7/2  1/2>    77 / 4 2  5/2  5/2>
   2 / 8 8 17/2 13/2>    21 / 8 4  9/2  1/2>    40 / 8 8 17/2-11/2>    59 / 6 2  5/2  1/2>    78 / 4 4  9/2  1/2>
   3 / 8 8 15/2 13/2>    22 / 8 4  7/2  1/2>    41 / 8 8 15/2-11/2>    60 / 6 2  3/2  1/2>    79 / 4 4  7/2  1/2>
   4 / 8 6 13/2 13/2>    23 / 8 2  5/2  1/2>    42 / 8 6 13/2-11/2>    61 / 6 0  1/2  1/2>    80 / 4 2  5/2  1/2>
   5 / 8 8 17/2  9/2>    24 / 8 2  3/2  1/2>    43 / 8 6 11/2-11/2>    62 / 6 6 13/2 -3/2>    81 / 4 2  3/2  1/2>
   6 / 8 8 15/2  9/2>    25 / 8 0  1/2  1/2>    44 / 8 8 17/2-15/2>    63 / 6 6 11/2 -3/2>    82 / 4 0  1/2  1/2>
   7 / 8 6 13/2  9/2>    26 / 8 8 17/2 -3/2>    45 / 8 8 15/2-15/2>    64 / 6 4  9/2 -3/2>    83 / 4 4  9/2 -3/2>
   8 / 8 6 11/2  9/2>    27 / 8 8 15/2 -3/2>    46 / 6 6 13/2 13/2>    65 / 6 4  7/2 -3/2>    84 / 4 4  7/2 -3/2>
   9 / 8 4  9/2  9/2>    28 / 8 6 13/2 -3/2>    47 / 6 6 13/2  9/2>    66 / 6 2  5/2 -3/2>    85 / 4 2  5/2 -3/2>
  10 / 8 8 17/2  5/2>    29 / 8 6 11/2 -3/2>    48 / 6 6 11/2  9/2>    67 / 6 2  3/2 -3/2>    86 / 4 2  3/2 -3/2>
  11 / 8 8 15/2  5/2>    30 / 8 4  9/2 -3/2>    49 / 6 4  9/2  9/2>    68 / 6 6 13/2 -7/2>    87 / 4 4  9/2 -7/2>
  12 / 8 6 13/2  5/2>    31 / 8 4  7/2 -3/2>    50 / 6 6 13/2  5/2>    69 / 6 6 11/2 -7/2>    88 / 4 4  7/2 -7/2>
  13 / 8 6 11/2  5/2>    32 / 8 2  5/2 -3/2>    51 / 6 6 11/2  5/2>    70 / 6 4  9/2 -7/2>    89 / 2 2  5/2  5/2>
  14 / 8 4  9/2  5/2>    33 / 8 2  3/2 -3/2>    52 / 6 4  9/2  5/2>    71 / 6 4  7/2 -7/2>    90 / 2 2  5/2  1/2>
  15 / 8 4  7/2  5/2>    34 / 8 8 17/2 -7/2>    53 / 6 4  7/2  5/2>    72 / 6 6 13/2-11/2>    91 / 2 2  3/2  1/2>
  16 / 8 2  5/2  5/2>    35 / 8 8 15/2 -7/2>    54 / 6 2  5/2  5/2>    73 / 6 6 11/2-11/2>    92 / 2 0  1/2  1/2>
  17 / 8 8 17/2  1/2>    36 / 8 6 13/2 -7/2>    55 / 6 6 13/2  1/2>    74 / 4 4  9/2  9/2>    93 / 2 2  5/2 -3/2>
  18 / 8 8 15/2  1/2>    37 / 8 6 11/2 -7/2>    56 / 6 6 11/2  1/2>    75 / 4 4  9/2  5/2>    94 / 2 2  3/2 -3/2>
  19 / 8 6 13/2  1/2>    38 / 8 4  9/2 -7/2>    57 / 6 4  9/2  1/2>    76 / 4 4  7/2  5/2>    95 / 0 0  1/2  1/2>


    SINGLE PARTICLE (PARITY+) WAVE FUNCTIONS IN THE ENERGY INTERVAL 6.0<E<8.0

 E=6.0204  -0.038045/ 46>-0.282193/ 47> 0.038271/ 48>-0.008391/ 49>-0.540550/ 50> 0.160280/ 51>-0.034232/ 52>
            0.009277/ 53>-0.001309/ 54>-0.177466/ 55> 0.277014/ 56>-0.014086/ 57> 0.021781/ 58>-0.001029/ 59>
            0.001416/ 60> 0.452185/ 62> 0.231636/ 63> 0.033398/ 64> 0.016608/ 65> 0.002009/ 66> 0.000789/ 67>
            0.452331/ 68> 0.089520/ 69> 0.021916/ 70> 0.003330/ 71> 0.128778/ 72> 0.010897/ 73>

 E=6.2556   0.079939/ 46> 0.399718/ 47>-0.025373/ 48>-0.012956/ 49> 0.287947/ 50>-0.050545/ 51>-0.180489/ 52>
            0.001324/ 53>-0.011649/ 54>-0.342144/ 55>-0.015591/ 56>-0.455564/ 57> 0.001630/ 58>-0.052735/ 59>
            0.001290/ 60>-0.004255/ 61>-0.056560/ 62> 0.040839/ 63>-0.337085/ 64>-0.002660/ 65>-0.032818/ 66>
           -0.001299/ 67> 0.457367/ 68> 0.042728/ 69>-0.065171/ 70> 0.228621/ 72> 0.009444/ 73>

 E=6.3896  -0.019608/ 46>-0.134085/ 47>-0.075245/ 48>-0.001734/ 49>-0.239668/ 50>-0.348101/ 51>-0.004632/ 52>
           -0.020497/ 53> 0.000512/ 54>-0.075793/ 55>-0.630392/ 56>-0.001269/ 57>-0.052397/ 58> 0.000615/ 59>
           -0.003699/ 60> 0.195663/ 62>-0.518812/ 63> 0.003521/ 64>-0.038777/ 65>-0.000991/ 66>-0.001906/ 67>
            0.207143/ 68>-0.186037/ 69> 0.003689/ 70>-0.006831/ 71> 0.063740/ 72>-0.020075/ 73>

 E=6.4163  -0.108869/ 74>-0.041992/ 75>-0.385852/ 76>-0.178361/ 77> 0.128884/ 78> 0.315767/ 79>-0.284508/ 80>
           -0.484119/ 81> 0.066483/ 82>-0.181343/ 83>-0.136242/ 84> 0.479471/ 85>-0.114130/ 86> 0.192122/ 87>
           -0.195853/ 88>

 E=6.4901   0.145033/ 46> 0.448671/ 47>-0.075450/ 48>-0.041625/ 49>-0.124544/ 50>-0.080727/ 51>-0.300638/ 52>
            0.067781/ 53>-0.027701/ 54>-0.216326/ 55> 0.044212/ 56>-0.163203/ 57> 0.189768/ 58>-0.034260/ 59>
            0.034732/ 60>-0.008555/ 61> 0.394170/ 62>-0.014040/ 63> 0.353375/ 64> 0.137660/ 65> 0.052495/ 66>
            0.017958/ 67>-0.278028/ 68>-0.103632/ 69> 0.155026/ 70> 0.020022/ 71>-0.350183/ 72>-0.032235/ 73>


 E=6.4907   0.249455/ 74>-0.137831/ 75>-0.031874/ 76> 0.541097/ 77> 0.082797/ 78> 0.104550/ 79>-0.226280/ 80>
           -0.107328/ 81> 0.241515/ 82>-0.042160/ 83>-0.216684/ 84> 0.068805/ 85> 0.479162/ 86> 0.011775/ 87>
            0.450486/ 88>

 E=6.6265  -0.216252/ 46>-0.363259/ 47> 0.034375/ 48> 0.109784/ 49> 0.397220/ 50>-0.023027/ 51> 0.392584/ 52>
           -0.041767/ 53>-0.007522/ 54>-0.311793/ 55>-0.010953/ 56>-0.259777/ 57>-0.005671/ 58>-0.317194/ 59>
            0.032302/ 60>-0.072892/ 61> 0.165073/ 62> 0.026302/ 63> 0.130045/ 64> 0.010664/ 65>-0.102957/ 66>
           -0.005397/ 67> 0.037850/ 68>-0.001742/ 69> 0.238689/ 70> 0.012296/ 71>-0.328055/ 72>-0.014564/ 73>


 E=6.6586  -0.051223/ 46>-0.218394/ 47> 0.156812/ 48>-0.033767/ 49>-0.107073/ 50> 0.397643/ 51>-0.219279/ 52>
            0.031820/ 53>-0.015824/ 54> 0.198488/ 55> 0.144600/ 56>-0.455566/ 57> 0.018007/ 58>-0.069700/ 59>
            0.004818/ 60>-0.008435/ 61> 0.069593/ 62>-0.356308/ 63>-0.355767/ 64>-0.038908/ 65>-0.041190/ 66>
           -0.003805/ 67>-0.222962/ 68>-0.298185/ 69>-0.108548/ 70>-0.015095/ 71>-0.130489/ 72>-0.051360/ 73>


 E=6.6860   0.002841/  1> 0.038012/  2> 0.000586/  4> 0.176254/  5>-0.001304/  6> 0.005908/  7> 0.429579/ 10>
           -0.002030/ 11> 0.019511/ 12> 0.000612/ 14> 0.619648/ 17>-0.000617/ 18> 0.031391/ 19> 0.001209/ 21>
            0.548928/ 26> 0.001612/ 27> 0.026844/ 28> 0.000970/ 30> 0.295187/ 34> 0.001845/ 35> 0.011887/ 36>
            0.089884/ 40> 0.000720/ 41> 0.002269/ 42> 0.012600/ 44>

 E=6.7304   0.080301/ 46> 0.076600/ 47>-0.031845/ 48>-0.040965/ 49>-0.127455/ 50> 0.022157/ 51>-0.091935/ 52>
            0.060428/ 53>-0.004298/ 54> 0.171845/ 55>-0.016799/ 56> 0.146834/ 57>-0.024083/ 58> 0.084568/ 59>
           -0.129340/ 60> 0.084207/ 61>-0.242484/ 62> 0.013597/ 63>-0.242335/ 64> 0.035179/ 65>-0.283413/ 66>
           -0.054973/ 67> 0.368409/ 68>-0.011707/ 69> 0.455000/ 70> 0.052166/ 71>-0.568517/ 72>-0.045801/ 73>


 E=6.8446   0.720573/ 46>-0.231944/ 47>-0.019734/ 48>-0.526032/ 49> 0.098085/ 50> 0.011330/ 51> 0.125633/ 52>
            0.028735/ 53> 0.297414/ 54>-0.046431/ 55>-0.006184/ 56>-0.044573/ 57>-0.008509/ 58>-0.023194/ 59>
           -0.046848/ 60>-0.144412/ 61> 0.023099/ 62> 0.001280/ 63> 0.017094/ 64>-0.001660/ 65> 0.022956/ 66>
           -0.064518/ 67>-0.009849/ 68> 0.005557/ 69>-0.007202/ 70> 0.034465/ 71>-0.000746/ 72>-0.018313/ 73>


 E=6.9322  -0.043485/ 46>-0.163692/ 47>-0.240124/ 48> 0.003420/ 49> 0.041198/ 50>-0.291480/ 51> 0.056399/ 52>
            0.176066/ 53>-0.002225/ 54> 0.081778/ 55> 0.245664/ 56> 0.029663/ 57> 0.605926/ 58>-0.013229/ 59>
            0.106159/ 60>-0.015147/ 61>-0.146595/ 62>-0.024265/ 63>-0.062958/ 64> 0.398314/ 65> 0.007594/ 66>
            0.043739/ 67> 0.107780/ 68>-0.349911/ 69>-0.023729/ 70> 0.044311/ 71> 0.120034/ 72>-0.091679/ 73>


 E=7.0334   0.048479/ 46> 0.224973/ 47> 0.164366/ 48> 0.029828/ 49> 0.136998/ 50> 0.460857/ 51> 0.180524/ 52>
            0.035455/ 53> 0.006651/ 54>-0.212272/ 55> 0.175831/ 56> 0.340731/ 57> 0.021161/ 58> 0.022791/ 59>
            0.004230/ 60>-0.001409/ 61>-0.057238/ 62>-0.426658/ 63> 0.277164/ 64>-0.047091/ 65> 0.015617/ 66>
           -0.004000/ 67> 0.244187/ 68>-0.328908/ 69> 0.090148/ 70>-0.015499/ 71> 0.133082/ 72>-0.050258/ 73>


 E=7.0796   0.091531/ 46> 0.124804/ 47>-0.262824/ 48> 0.047455/ 49>-0.171690/ 50>-0.033444/ 51> 0.081926/ 52>
            0.196426/ 53>-0.091633/ 54> 0.137669/ 55> 0.160391/ 56>-0.017573/ 57> 0.188678/ 58>-0.490451/ 59>
            0.118581/ 60>-0.134918/ 61>-0.060725/ 62>-0.249503/ 63> 0.032946/ 64>-0.394413/ 65>-0.284088/ 66>
           -0.080813/ 67>-0.046001/ 68> 0.312113/ 69> 0.094167/ 70>-0.075768/ 71> 0.141874/ 72> 0.151484/ 73>


 E=7.1397  -0.011238/  1>-0.117480/  2> 0.006937/  3>-0.002109/  4>-0.383607/  5> 0.040265/  6>-0.015115/  7>
            0.001436/  8>-0.525424/ 10> 0.106558/ 11>-0.028233/ 12> 0.005756/ 13>-0.001093/ 14>-0.152357/ 17>
            0.157805/ 18>-0.009159/ 19> 0.009747/ 20>-0.000439/ 21> 0.000472/ 22> 0.404211/ 26> 0.138645/ 27>
            0.023433/ 28> 0.008207/ 29> 0.001050/ 30> 0.000365/ 31> 0.502949/ 34> 0.070964/ 35> 0.023891/ 36>
            0.003278/ 37> 0.000715/ 38> 0.237221/ 40> 0.018901/ 41> 0.007011/ 42> 0.000421/ 43> 0.044472/ 44>

 0.001727/ 45>

 E=7.1740  -0.108651/ 74> 0.074988/ 75>-0.086932/ 76>-0.372441/ 77>-0.061266/ 78> 0.118901/ 79> 0.240246/ 80>
           -0.305468/ 81>-0.525462/ 82> 0.050162/ 83>-0.153795/ 84>-0.170335/ 85> 0.530236/ 86>-0.037805/ 87>
            0.231321/ 88>

 E=7.2096   0.009490/ 46> 0.034155/ 47> 0.405951/ 48>-0.040513/ 49>-0.046999/ 50>-0.232297/ 51>-0.042922/ 52>
           -0.479668/ 53> 0.075029/ 54> 0.065616/ 55> 0.153973/ 56> 0.013567/ 57> 0.193407/ 58> 0.035514/ 59>
            0.520817/ 60>-0.201840/ 61>-0.093044/ 62>-0.117802/ 63>-0.012016/ 64>-0.170888/ 65> 0.191897/ 66>
            0.068694/ 67> 0.133720/ 68> 0.092921/ 69> 0.000600/ 70>-0.056276/ 71>-0.184450/ 72> 0.050968/ 73>


 E=7.2661  -0.073267/ 46>-0.213868/ 47> 0.226569/ 48>-0.096719/ 49> 0.097040/ 50> 0.252215/ 51>-0.384099/ 52>
            0.148177/ 53>-0.042229/ 54> 0.114657/ 55>-0.293932/ 56>-0.157133/ 57> 0.232967/ 58>-0.037937/ 59>
            0.035441/ 60>-0.004668/ 61>-0.219135/ 62>-0.024439/ 63> 0.373905/ 64> 0.214716/ 65> 0.060991/ 66>
            0.028504/ 67> 0.108997/ 68> 0.324955/ 69> 0.250982/ 70> 0.057529/ 71> 0.175988/ 72> 0.094195/ 73>


 E=7.3355  -0.233731/ 46> 0.077419/ 47>-0.022908/ 48>-0.023028/ 49>-0.031520/ 50>-0.000331/ 51>-0.012551/ 52>
            0.037927/ 53> 0.221039/ 54> 0.015586/ 55> 0.021131/ 56>-0.003316/ 57> 0.032527/ 58> 0.022948/ 59>
           -0.087718/ 60>-0.346542/ 61>-0.009910/ 62>-0.058773/ 63> 0.009590/ 64>-0.079967/ 65> 0.107510/ 66>
           -0.441675/ 67> 0.007437/ 68> 0.146625/ 69>-0.048243/ 70> 0.517874/ 71>-0.000572/ 72>-0.498050/ 73>


 E=7.4146  -0.119527/ 46>-0.195933/ 47>-0.288566/ 48>-0.062256/ 49> 0.232247/ 50>-0.015162/ 51>-0.145795/ 52>
            0.194154/ 53> 0.051765/ 54>-0.183293/ 55> 0.186124/ 56> 0.066164/ 57> 0.151245/ 58> 0.485166/ 59>
           -0.031131/ 60> 0.138276/ 61> 0.096809/ 62>-0.293602/ 63>-0.047873/ 64>-0.274187/ 65> 0.196196/ 66>
           -0.014809/ 67> 0.032541/ 68> 0.311109/ 69>-0.092511/ 70>-0.070996/ 71>-0.202815/ 72> 0.170510/ 73>


 E=7.4601  -0.029152/  1>-0.230381/  2> 0.012865/  3>-0.476156/  5> 0.051210/  6> 0.027208/  7> 0.001437/  8>
            0.001224/  9>-0.179254/ 10> 0.074434/ 11> 0.155573/ 12> 0.002868/ 13> 0.011627/ 14> 0.000396/ 16>
            0.372585/ 17> 0.021897/ 18> 0.298630/ 19> 0.000905/ 20> 0.026140/ 21> 0.001604/ 23> 0.142153/ 26>
           -0.057852/ 27> 0.241405/ 28>-0.002347/ 29> 0.020085/ 30> 0.001042/ 32>-0.416647/ 34>-0.069785/ 35>
            0.077191/ 36>-0.002414/ 37> 0.004807/ 38>-0.382995/ 40>-0.029538/ 41> 0.005363/ 42>-0.000541/ 43>

-0.101687/ 44>-0.003705/ 45>

 E=7.5239  -0.055419/ 46>-0.030571/ 47> 0.387648/ 48>-0.086466/ 49> 0.078927/ 50>-0.260763/ 51>-0.070093/ 52>
           -0.174492/ 53> 0.068165/ 54>-0.116496/ 55> 0.171352/ 56> 0.069122/ 57> 0.143053/ 58> 0.166215/ 59>
           -0.264443/ 60> 0.194875/ 61> 0.162464/ 62>-0.116931/ 63>-0.087884/ 64>-0.006827/ 65>-0.490794/ 66>
           -0.169505/ 67>-0.227633/ 68> 0.055694/ 69> 0.238655/ 70> 0.055928/ 71> 0.291343/ 72> 0.054523/ 73>


 E=7.6338   0.393640/ 46>-0.151379/ 47> 0.021298/ 48> 0.237400/ 49> 0.069625/ 50>-0.015593/ 51>-0.027056/ 52>
           -0.067038/ 53>-0.493911/ 54>-0.034998/ 55> 0.028376/ 56> 0.009154/ 57> 0.021575/ 58> 0.012026/ 59>
            0.155182/ 60> 0.382365/ 61> 0.018848/ 62>-0.061355/ 63> 0.007567/ 64>-0.079247/ 65>-0.003107/ 66>
            0.082524/ 67>-0.011804/ 68> 0.152254/ 69>-0.036611/ 70> 0.254722/ 71> 0.012771/ 72>-0.480689/ 73>


 E=7.6404  -0.003470/  1>-0.033605/  2>-0.022577/  3>-0.102592/  5>-0.143841/  6>-0.001511/  7>-0.005002/  8>
           -0.133723/ 10>-0.406217/ 11>-0.002170/ 12>-0.022068/ 13>-0.000796/ 15>-0.037883/ 17>-0.619572/ 18>
           -0.000603/ 19>-0.039098/ 20>-0.001949/ 22> 0.101304/ 26>-0.538964/ 27> 0.001634/ 28>-0.032417/ 29>
           -0.001463/ 31> 0.130850/ 34>-0.262937/ 35> 0.002083/ 36>-0.012043/ 37> 0.065503/ 40>-0.064645/ 41>
            0.000805/ 42>-0.001377/ 43> 0.013207/ 44>-0.005323/ 45>

 E=7.7436   0.062900/  1> 0.359872/  2>-0.028289/  3>-0.007880/  4> 0.370615/  5>-0.074581/  6>-0.106072/  7>
            0.008036/  8>-0.004859/  9>-0.265003/ 10>-0.038817/ 11>-0.267123/ 12> 0.044294/ 13>-0.023899/ 14>
            0.004037/ 15>-0.001102/ 16>-0.178922/ 17> 0.045015/ 18>-0.097367/ 19> 0.083560/ 20>-0.010672/ 21>
            0.009699/ 22>-0.000948/ 23> 0.000826/ 24> 0.383222/ 26> 0.009467/ 27> 0.239734/ 28> 0.067997/ 29>
            0.024604/ 30> 0.007365/ 31> 0.001792/ 32> 0.000473/ 33>-0.070748/ 34>-0.071512/ 35> 0.200024/ 36>

 0.022277/ 37> 0.014130/ 38> 0.001387/ 39>-0.462235/ 40>-0.054486/ 41> 0.038249/ 42> 0.001736/ 43>
           -0.190655/ 44>-0.009354/ 45>

 E=7.7799   0.060415/ 46> 0.176807/ 47> 0.238756/ 48> 0.080648/ 49>-0.076462/ 50> 0.245281/ 51> 0.350993/ 52>
            0.154909/ 53> 0.026482/ 54>-0.092471/ 55>-0.288910/ 56> 0.152251/ 57> 0.364947/ 58> 0.021258/ 59>
            0.062154/ 60>-0.004823/ 61> 0.176529/ 62>-0.030655/ 63>-0.353472/ 64> 0.274926/ 65>-0.043282/ 66>
            0.026442/ 67>-0.092759/ 68> 0.332744/ 69>-0.218522/ 70> 0.055905/ 71>-0.141745/ 72> 0.097258/ 73>


 E=7.9474   0.083220/ 46> 0.109095/ 47>-0.226500/ 48> 0.164915/ 49>-0.164456/ 50> 0.026536/ 51> 0.334252/ 52>
           -0.290002/ 53> 0.108298/ 54> 0.138827/ 55> 0.171990/ 56>-0.317999/ 57>-0.142863/ 58> 0.180320/ 59>
           -0.097164/ 60> 0.074456/ 61>-0.058668/ 62>-0.282224/ 63> 0.036006/ 64> 0.336874/ 65> 0.203456/ 66>
            0.076744/ 67>-0.044530/ 68> 0.229567/ 69> 0.306283/ 70> 0.146358/ 71> 0.129414/ 72> 0.132910/ 73>


 E=7.9615  -0.105126/  1>-0.403266/  2> 0.022139/  3> 0.031463/  4>-0.032403/  5>-0.006192/  6> 0.232339/  7>
           -0.018348/  8> 0.004492/  9> 0.344723/ 10>-0.103225/ 11> 0.268508/ 12>-0.048272/ 13>-0.029292/ 14>
           -0.003165/ 15>-0.003051/ 16>-0.331785/ 17>-0.042303/ 18>-0.098013/ 19>-0.016887/ 20>-0.138657/ 21>
           -0.000935/ 22>-0.021303/ 23> 0.000535/ 24>-0.002163/ 25> 0.024726/ 26> 0.101322/ 27> 0.080836/ 28>
            0.042358/ 29>-0.086864/ 30> 0.002871/ 31>-0.011515/ 32> 0.301596/ 34> 0.058529/ 35> 0.317417/ 36>

 0.036094/ 37> 0.000432/ 38> 0.001741/ 39>-0.337556/ 40>-0.021793/ 41> 0.110982/ 42> 0.005599/ 43>
           -0.270123/ 44>-0.010293/ 45>

 E=7.9649  -0.035681/  1>-0.172714/  2> 0.054795/  3>-0.002832/  4>-0.148944/  5> 0.216204/  6>-0.043789/  7>
            0.005394/  8>-0.002416/  9> 0.051336/ 10> 0.316837/ 11>-0.256543/ 12> 0.012745/ 13>-0.031274/ 14>
            0.000556/ 15>-0.001605/ 16> 0.060446/ 17> 0.094132/ 18>-0.536654/ 19> 0.004645/ 20>-0.082044/ 21>
            0.000452/ 22>-0.008334/ 23>-0.000702/ 25> 0.075874/ 26>-0.247746/ 27>-0.420181/ 28>-0.011394/ 29>
           -0.059670/ 30>-0.000803/ 31>-0.004916/ 32>-0.039986/ 34>-0.295423/ 35>-0.121148/ 36>-0.009808/ 37>

-0.011250/ 38>-0.201344/ 40>-0.124899/ 41>-0.012451/ 42>-0.001936/ 43>-0.099816/ 44>-0.015971/ 45>


  Q20Q22:  0.00 SEC    QTME:  0.00 SEC

 Q0= 122.787 HBAR/MW0     Q2=-108.366 HBAR/MW0     GAMMA= 51.3 DEG   FOR 79 PARTICLES;  A=197

1
 **********************************************  SINGLE PARTICLE MATRIX ELEMENTS  ***********************************************


   ENY   EMY     A+B     C      D      E    JZ    S0    S+    S-  <R2S> <R4S>  R2DZ  R2D+  R2D-  Q20S  Q22S   Q20   Q22  RHO2    R2


  5.36+ MY=NY -1.265 -0.896   8.18  -8.06  0.21 -0.27  0.11 -0.39  5.50 37.68  0.74  1.37 -0.26  2.33 -0.43  3.60 -1.18  5.50  6.08
  5.46+ 5.36+ -0.636 -1.053  -0.93   4.71 -0.16  0.15 -0.21  0.26  5.50 38.26 -0.49 -0.53 -0.60 -1.47 -0.75 -1.82 -0.86 -0.00 -0.00
  5.61+ 5.36+  0.000  0.000   0.00   0.00  0.00 -0.00  0.00  0.00************  0.00 -0.00 -0.00 -0.00 -0.00 -0.00 -0.00 -0.00 -0.00
  5.71+ 5.36+  1.089 -1.108  -0.01  -0.08  0.99  0.08  0.05 -0.11  5.50 47.04  0.55 -0.36 -0.31 -0.11 -0.09 -0.15 -0.10  0.00  0.01
  5.83+ 5.36+ -0.771  0.781  -0.13   0.24  0.89 -0.07 -0.10 -0.29  5.50 43.76 -0.37 -0.54 -0.01  0.22 -0.18  0.22 -0.15 -0.00  0.05
  5.90+ 5.36+ -1.356  1.377   0.09  -0.25  0.33 -0.15 -0.01 -0.09  5.50 39.60 -0.59 -0.17 -0.00  0.32  0.02  0.37  0.05 -0.00  0.02
  6.02+ 5.36+  0.000 -0.000   0.00   0.00  0.00  0.00  0.00 -0.00************  0.00  0.00  0.00 -0.00 -0.00 -0.00 -0.00  0.00  0.00
  6.26+ 5.36+ -0.000 -0.000   0.00  -0.00  0.00  0.00 -0.00  0.00************ -0.00  0.00  0.00 -0.04 -0.01 -0.05 -0.01 -0.00 -0.00
  6.39+ 5.36+ -0.000  0.000  -0.00   0.00  0.00  0.00  0.00  0.00************  0.00  0.00  0.00 -0.19 -0.07 -0.24 -0.09 -0.01 -0.01
  6.42+ 5.36+ -0.029  0.024  -3.78   7.60  0.04  0.02  0.04  0.10  5.50 23.19  0.07  0.14  0.02  0.76 -0.72  0.74 -0.62  0.00  0.20
  6.49+ 5.36+ -0.000  0.000  -0.00   0.00  0.00  0.00  0.00  0.00************ -0.00 -0.01  0.01  0.45  0.11  0.54  0.14  0.03  0.05

  5.46+ MY=NY  0.291  0.002   3.14  -3.10 -0.34  0.41 -0.24 -0.05  5.50 35.98 -1.13  0.42 -1.16 -2.50 -2.24 -2.25 -3.36  5.50  5.96
  5.61+ 5.46+  0.000  0.000   0.00   0.00  0.00  0.00  0.00  0.00************  0.00 -0.00 -0.00  0.00  0.00  0.00  0.00  0.00  0.00
  5.71+ 5.46+  0.310 -0.269   0.06   0.13  0.28  0.01  0.04  0.01  5.50 40.49  0.16 -0.10 -0.11  0.18  0.11  0.23  0.13 -0.00 -0.00
  5.83+ 5.46+  0.906 -0.904   0.22  -0.39 -0.26  0.07  0.01  0.06  5.50 40.97  0.47  0.13  0.06  0.08  0.10  0.11  0.10 -0.00 -0.01
  5.90+ 5.46+  0.456 -0.434   0.07  -0.14  2.15  0.04  0.48  0.04  5.50 43.32  0.20 -0.33 -1.03 -0.12  0.32 -0.08  0.30 -0.00 -0.07
  6.02+ 5.46+  0.000 -0.000   0.00   0.00  0.00  0.00  0.00 -0.00************ -0.00 -0.00 -0.00 -0.00 -0.00 -0.00 -0.00  0.00  0.00
  6.26+ 5.46+  0.000 -0.000   0.00  -0.00  0.00  0.00 -0.00  0.00************ -0.00  0.00  0.00  0.02  0.01  0.03  0.01  0.00  0.00
  6.39+ 5.46+  0.000 -0.000   0.00  -0.00 -0.00 -0.00  0.00 -0.00************ -0.00 -0.00 -0.00 -0.06 -0.02 -0.07 -0.03 -0.00 -0.00
  6.42+ 5.46+  0.048 -0.032   0.77  -1.59 -0.05 -0.02  0.04 -0.02  5.50  8.28 -0.12 -0.08 -0.10 -0.16 -0.24 -0.23 -0.25 -0.00  0.03
  6.49+ 5.46+  0.000 -0.000   0.00  -0.00  0.00 -0.00 -0.00 -0.00************  0.01  0.00  0.00  0.12  0.04  0.15  0.05  0.01  0.01

  5.61+ MY=NY  6.492  6.492  45.70  77.25  0.00  0.00  0.50  0.50  7.50 63.78 -0.00  1.06 -1.06  3.45 -3.49  4.71 -4.38  7.50  8.84
  5.71+ 5.61+  0.000  0.000   0.00   0.00  0.00  0.00  0.00  0.00************  0.00 -0.00  0.00  0.01  0.00  0.01  0.00  0.00  0.00
  5.83+ 5.61+ -0.000 -0.000  -0.00  -0.00 -0.00 -0.00 -0.00 -0.00************ -0.00  0.00  0.00  0.00  0.00  0.00  0.00  0.00  0.00
  5.90+ 5.61+  0.000  0.000   0.00   0.00  0.00 -0.00  0.00  0.00************  0.00 -0.00 -0.00  0.00  0.00  0.00  0.00  0.00  0.00
  6.02+ 5.61+  1.712 -1.712   0.00  -0.00  1.58  0.32  0.33 -0.33  7.50 63.79  0.05  0.05  0.05  0.00  0.00  0.00  0.00 -0.00 -0.00
  6.26+ 5.61+ -0.115 -0.115   2.49 -10.03 -0.00 -0.00 -0.00 -0.00  7.50  2.50  0.00 -0.01  0.01  2.85  1.20  3.48  1.41  0.00  0.05
  6.39+ 5.61+  0.777 -0.777   0.00  -0.00  0.70 -0.38 -0.38  0.38  7.50 63.80 -1.08  0.64  0.64  0.00  0.00  0.00  0.00  0.00  0.00
  6.42+ 5.61+  0.000 -0.000   0.00   0.00  0.00 -0.00 -0.00  0.00************  0.00 -0.00 -0.00 -0.00 -0.00 -0.00 -0.00 -0.00 -0.00
  6.49+ 5.61+ -0.016  0.016  -0.00   0.01 -0.02 -0.01 -0.01  0.01  7.50 53.11 -0.02  0.01  0.01 -0.00 -0.00 -0.01 -0.00  0.00 -0.00

  5.71+ MY=NY  2.443  2.442  12.11   0.14 -0.00  0.04  0.35  0.27  5.50 38.24 -0.08 -1.00  1.12  0.06  1.09  1.27  0.07  5.50  5.61
  5.83+ 5.71+  0.272  0.237  -1.23   4.49  0.06 -0.39 -0.41  0.40  5.50 37.83  0.79 -0.69 -0.67 -1.13 -0.50 -1.39 -0.58  0.00 -0.02
  5.90+ 5.71+  0.221  0.255  -1.89   7.09 -0.03  0.10  0.09 -0.11  5.50 37.10 -0.23  0.17  0.20 -1.80 -0.78 -2.20 -0.91 -0.00 -0.03
  6.02+ 5.71+  0.000 -0.000  -0.00  -0.00  0.00  0.00  0.00 -0.00************  0.01  0.00  0.00  0.00  0.00  0.00  0.00  0.00  0.00
  6.26+ 5.71+  0.000 -0.000   0.00  -0.00  0.00 -0.00 -0.00 -0.00************  0.00 -0.00 -0.00  0.18  0.05  0.21  0.06  0.01  0.02
  6.39+ 5.71+ -0.000  0.000  -0.00   0.00 -0.00  0.00  0.00 -0.00************  0.00  0.00  0.00 -0.00 -0.00 -0.00 -0.00 -0.00 -0.00
  6.42+ 5.71+ -1.547  1.538  -0.05   0.08 -1.14  0.16  0.15 -0.11  5.50 37.65  0.63 -0.28 -0.35  0.14  0.02  0.16  0.04  0.00  0.01
  6.49+ 5.71+  0.000 -0.000  -0.00  -0.00  0.00 -0.00 -0.00  0.00************  0.13  0.07  0.07  0.02  0.00  0.02  0.00  0.00  0.00

  5.83+ MY=NY -1.138 -1.185  10.09 -12.23 -0.03 -0.07  0.38  0.29  5.50 37.17  0.31 -0.82  1.21  0.50  1.63  1.87  0.63  5.50  5.55
  5.90+ 5.83+  0.769  0.744   1.09  -4.79 -0.05  0.06  0.16 -0.16  5.50 39.47  0.02  0.39  0.38  1.20  0.45  1.45  0.54 -0.00  0.03
  6.02+ 5.83+  0.000  0.000  -0.00  -0.00 -0.00 -0.00 -0.00  0.00************  0.00  0.00  0.00 -0.01 -0.00 -0.02 -0.01 -0.00 -0.00
  6.26+ 5.83+  0.000  0.000  -0.00   0.00  0.00  0.00  0.00  0.00************ -0.01  0.00  0.00  0.01  0.00  0.01  0.00  0.00  0.00
  6.39+ 5.83+  0.000 -0.000   0.00  -0.00 -0.00 -0.00 -0.00 -0.00************  0.00  0.00  0.00  0.01  0.00  0.01  0.00  0.00  0.00
  6.42+ 5.83+  0.848 -0.840   0.30  -0.62 -0.85 -0.07 -0.20 -0.37  5.50 41.09 -0.37 -0.67  0.16 -0.36  0.34 -0.35  0.29 -0.00 -0.09
  6.49+ 5.83+  0.000 -0.000   0.00  -0.00 -0.00 -0.00  0.00 -0.00************  0.00  0.00 -0.00 -0.23 -0.04 -0.27 -0.06 -0.01 -0.03

  5.90+ MY=NY  0.148  0.289   3.89  -5.08 -0.03  0.44  0.65  0.00  5.50 38.27 -1.17 -0.59  1.45 -2.95  0.14 -2.34 -1.11  5.50  5.50
  6.02+ 5.90+  0.000  0.000  -0.00  -0.00  0.00  0.00  0.00 -0.00************  0.00  0.00  0.00  0.00  0.00  0.01  0.00  0.00  0.00
  6.26+ 5.90+ -0.000  0.000   0.00   0.00  0.00  0.00  0.00  0.00************  0.00 -0.00 -0.00  0.00  0.00  0.00  0.00  0.00  0.00
  6.39+ 5.90+  0.000 -0.000   0.00   0.00 -0.00 -0.00  0.00  0.00************  0.00  0.00  0.00 -0.00 -0.00 -0.00 -0.00 -0.00 -0.00
  6.42+ 5.90+  0.957 -0.939  -0.02  -0.01 -0.73 -0.07  0.13  0.00  5.50 45.06 -0.45 -0.16 -0.32 -0.13 -0.16 -0.18 -0.17  0.00  0.02
  6.49+ 5.90+  0.000 -0.000   0.00  -0.00  0.00 -0.00 -0.00 -0.00************ -0.00 -0.00 -0.00  0.05  0.01  0.06  0.02  0.00  0.01

  6.02+ MY=NY -5.485 -5.486  39.07  42.34 -0.00 -0.00 -0.08 -0.08  7.50 63.73  0.00 -0.77  0.77  2.69 -2.37  4.03 -3.37  7.50  8.57
  6.26+ 6.02+  1.923 -1.922   0.00  -0.01 -1.75 -0.14  0.16 -0.16  7.50 64.14  0.78  0.59  0.59  0.00  0.00  0.00  0.00  0.00  0.00
  6.39+ 6.02+ -0.003 -0.003   2.60  -5.10 -0.00 -0.00 -0.49 -0.49  7.50 63.80  0.00 -0.63  0.63 -0.82  0.87 -0.78  0.77 -0.00 -0.23
  6.42+ 6.02+ -0.000  0.000   0.00  -0.00  0.00  0.00 -0.00 -0.00************  0.00 -0.00  0.00 -0.00 -0.00 -0.00 -0.00 -0.00 -0.00
  6.49+ 6.02+  0.165  0.168   4.28 -14.51  0.00  0.00 -0.00 -0.00  7.50 60.26 -0.00  0.01 -0.02  2.96  1.28  3.62  1.49  0.00  0.04

  6.26+ MY=NY  4.475  4.469  31.07  18.20  0.00  0.00  0.35  0.35  7.50 69.48 -0.00  0.79 -0.79  2.79 -2.23  4.17 -3.23  7.50  8.55
  6.39+ 6.26+  0.650 -0.649  -0.00   0.00 -0.68 -0.13  0.12 -0.12  7.50 63.23 -0.90 -0.60 -0.60 -0.00 -0.00 -0.00 -0.00 -0.00 -0.00
  6.42+ 6.26+  0.000 -0.000  -0.00  -0.00 -0.00 -0.00  0.00 -0.00************  0.00 -0.00 -0.00 -0.00 -0.00 -0.00 -0.00 -0.00 -0.00
  6.49+ 6.26+  2.458 -2.477   0.12  -0.41  2.18  0.30  0.31 -0.32  7.50 68.26 -0.32  0.31  0.32  0.09  0.04  0.10  0.04  0.00  0.00

  6.39+ MY=NY -5.487 -5.487  34.33  51.87 -0.00 -0.00  0.08  0.08  7.50 63.95 -0.00  1.30 -1.30  2.94 -2.68  4.26 -3.65  7.50  8.65
  6.42+ 6.39+ -0.000 -0.000   0.00   0.00  0.00 -0.00 -0.00 -0.00************ -0.00 -0.00  0.00 -0.01 -0.00 -0.01 -0.00 -0.00 -0.00
  6.49+ 6.39+ -0.025 -0.020   1.86  -2.92  0.00  0.00  0.01  0.01  7.50 26.78  0.00  0.04 -0.04 -0.08 -0.05 -0.11 -0.06 -0.00  0.00

  6.42+ MY=NY -1.340 -1.323   8.14  -7.96  0.02 -0.25 -0.14 -0.65  5.50 40.28  0.56  1.78 -0.91 -1.36  3.09 -0.00  1.87  5.50  5.12
  6.49+ 6.42+  0.000  0.000   0.00  -0.00  0.00 -0.00  0.00 -0.00************  0.00 -0.00  0.00 -0.05 -0.01 -0.05 -0.01 -0.00 -0.01

  6.49+ MY=NY -3.318 -3.538  28.07  -8.29 -0.10 -0.01 -0.04 -0.06  7.50 63.27  0.04 -0.49  0.55  2.54 -1.28  4.05 -2.34  7.50  8.36

 DECOUP:  0.00 SEC



   #   ENERGY +/-(#)    <Q20>    <Q22>     <R2>     <JZ>      #   ENERGY +/-(#)    <Q20>    <Q22>     <R2>     <JZ>

   1   1.5000  +(# 1)   0.2749  -0.2669   1.5804   0.5000    41   5.9595  -(#21)   2.8077  -2.2702   7.2289  -0.2964
   2   2.2093  -(# 1)   1.2873  -0.8433   2.7941   0.1340    42   6.0204  +(#21)   4.0333  -3.3745   8.5700  -0.0001
   3   2.3873  -(# 2)   0.4081  -0.9428   2.7301  -0.6645    43   6.1643  -(#22)   5.3522  -5.1065  10.0472   0.0000
   4   2.9034  -(# 3)  -0.3210   0.4518   2.3777   0.0305    44   6.1663  -(#23)   4.6572  -2.0463   7.3606   0.1832
   5   2.9475  +(# 2)   2.3522  -1.4002   4.0089   0.0385    45   6.2556  +(#22)   4.1730  -3.2336   8.5548   0.0028
   6   3.1206  +(# 3)   1.7359  -1.5085   3.9719   0.4576    46   6.2693  -(#24)   3.9756  -2.0067   7.2873  -0.5395
   7   3.2409  +(# 4)   0.2103  -1.6684   3.8582   0.3265    47   6.3761  -(#25)   1.9310  -0.8414   6.8554  -0.0087
   8   3.6394  -(# 4)   2.8198  -2.1944   5.2147   0.0027    48   6.3896  +(#23)   4.2641  -3.6475   8.6474  -0.0001
   9   3.6856  +(# 5)   1.8026   0.1270   3.6469   0.0299    49   6.3943  -(#26)  -2.8462  -4.8234   7.2049   1.2434
  10   3.7307  +(# 6)  -1.2404  -0.5769   3.4981   0.5114    50   6.4163  +(#24)  -0.0015   1.8737   5.1202   0.0297
  11   3.9632  -(# 5)   4.2530  -1.2300   5.1564  -0.1577    51   6.4901  +(#25)   4.0526  -2.3419   8.3626  -0.1026
  12   3.9854  -(# 6)   1.8411  -1.8146   5.0440   0.7050    52   6.4907  +(#26)  -2.2255   1.1036   5.0633  -0.0119
  13   4.1087  -(# 7)  -1.0668  -3.1024   5.0265  -1.6771    53   6.5594  -(#27)   2.3557  -0.2919   6.7847  -0.0094
  14   4.2746  +(# 7)  -1.0126   1.2909   3.1415  -0.3639    54   6.6021  -(#28)   4.4943  -3.9260   9.7259  -0.0000
  15   4.3400  +(# 8)   3.4130  -2.9383   6.4222   0.0001    55   6.6265  +(#27)   5.1372  -1.7499   8.3465   1.0209
  16   4.4191  -(# 8)   2.5013  -0.9984   4.9418   0.0067    56   6.6585  -(#29)   2.6138  -0.2495   6.8008  -0.0102
  17   4.4994  -(# 9)   2.1924  -0.1332   4.7369   0.2149    57   6.6586  +(#28)   3.9250  -3.0055   8.4848   0.0037
  18   4.5720  -(#10)  -1.6931  -2.0272   4.7487  -0.2509    58   6.6860  +(#29)   5.9961  -5.8302  11.2555  -0.0000
  19   4.6983  +(# 9)   3.1689  -2.1657   6.2423  -0.0202    59   6.7304  +(#30)   3.4152  -2.0619   8.2448  -3.1838
  20   4.8077  +(#10)   3.7500  -2.2168   6.3083   0.2187    60   6.7597  -(#30)  -2.9838  -2.4055   6.7018  -0.0732
  21   4.9609  +(#11)   4.3705  -1.4805   6.2185  -1.3160    61   6.8446  +(#31)  -4.2361  -4.9099   8.0894   5.2749
  22   4.9660  -(#11)   4.0405  -3.6685   7.6302   0.0000    62   6.8839  -(#31)   4.4289  -3.6109   9.6558   0.0002
  23   5.0330  -(#12)   1.0271   1.0236   4.3909  -0.1648    63   6.9322  +(#32)   4.7075  -3.0765   8.5741   0.0355
  24   5.0543  +(#12)  -2.2876  -4.0737   6.1065   2.8075    64   7.0292  -(#32)   5.0472  -4.5608   9.9074   0.0000
  25   5.0644  +(#13)   2.5565  -1.9636   6.1427   0.0693    65   7.0334  +(#33)   2.6943  -1.6699   8.0963   0.0030
  26   5.0887  -(#13)  -1.8162   0.1899   4.2876   0.0337    66   7.0796  +(#34)   5.4886  -2.4027   8.5124  -0.2775
  27   5.2443  +(#14)   2.7892  -1.0733   5.9845  -0.0077    67   7.1128  -(#33)   0.7027   0.8920   6.3865   0.0045
  28   5.3579  +(#15)   3.6020  -1.1807   6.0841   0.2247    68   7.1397  +(#35)   5.0181  -4.5304  10.8985  -0.0000
  29   5.3594  -(#14)   3.5043  -2.7616   7.3951  -0.0010    69   7.1447  -(#34)   4.0631  -2.7465   9.4456  -0.0093
  30   5.4565  +(#16)  -2.2548  -3.3588   5.9648  -0.3646    70   7.1740  +(#36)  -2.5633   3.2010   4.6059  -0.0553
  31   5.5466  -(#15)   3.8268  -2.7286   7.4193   0.0292    71   7.2096  +(#37)   4.7260  -2.7373   8.5072   1.2727
  32   5.6063  +(#17)   4.7093  -4.3823   8.8389   0.0000    72   7.2276  -(#35)   1.3218   1.3556   6.3518   0.0027
  33   5.6911  -(#16)  -1.8125   2.2809   3.8642   0.2875    73   7.2661  +(#38)   2.7791  -1.2579   8.0210  -0.0059
  34   5.7067  +(#18)   1.2726   0.0737   5.6069  -0.0035    74   7.3076  -(#36)  -3.0559  -0.4386   6.2963   0.0678
  35   5.7285  -(#17)   3.5931  -2.7675   7.4048  -0.0114    75   7.3251  -(#37)   4.6922  -3.3033   9.6186   0.0690
  36   5.7492  -(#18)   4.3888  -1.7136   7.2674  -0.6227    76   7.3274  -(#38)   4.4127  -2.8850   9.5071   0.1289
  37   5.8257  +(#19)   1.8689   0.6321   5.5508  -0.0291    77   7.3355  +(#39)  -4.0285  -6.1209   8.3547  -2.1997
  38   5.8416  -(#19)   3.6796  -1.9626   7.2500   2.3001    78   7.4146  +(#40)   3.6910  -0.9131   8.0384   0.0268
  39   5.9024  +(#20)  -2.3414  -1.1097   5.5007  -0.0417    79   7.4601  +(#41)   4.7417  -4.0076  10.7661   0.0000
  40   5.9575  -(#20)  -2.6768  -4.2148   7.0978  -3.7854    80   7.4627  -(#39)   5.6634  -1.2361   9.2927  -1.7068



     PARITY: +     DIMENSION:  95     MATRIX:   0.0 SEC     DIAGONALISATION:   0.0 SEC
     PARITY: -     DIMENSION:  70     MATRIX:   0.0 SEC     DIAGONALISATION:   0.0 SEC
      TOTAL TIME:   0.0 SEC
