


         KAPPAP      MYP     KAPPAN      MYN
    0    0.1200    0.0000    0.1200    0.0000
    1    0.1200    0.0000    0.1200    0.0000
    2    0.1050    0.0000    0.1050    0.0000
    3    0.0900    0.3000    0.0900    0.2500
    4    0.0650    0.5700    0.0700    0.3900
    5    0.0600    0.6500    0.0620    0.4300
    6    0.0540    0.6900    0.0620    0.3400
    7    0.0540    0.6900    0.0620    0.2600
    8    0.0540    0.6900    0.0620    0.2600


     KAPPA    MY     EPS   GAMMA    EPS4     EPS6     W0/W00   NMAX  COUPL     OMROT      EFAC      QFAC
      SEE TABLE     0.420   46.2   0.000    0.000    1.01893     8     0     0.00000   6.70588   6.18860


                     **** PROTONS ****                     **** STRETCHED COORDINATES ****
    SYMMETRY R1= 1


   BASIS FUNCTIONS /N,L,J,OMEGA>,   PARITY -


   1 / 7 7 15/2 13/2>    15 / 7 5 11/2  1/2>    29 / 7 7 13/2 -7/2>    43 / 5 5 11/2  1/2>    57 / 5 5 11/2-11/2>
   2 / 7 7 13/2 13/2>    16 / 7 5  9/2  1/2>    30 / 7 5 11/2 -7/2>    44 / 5 5  9/2  1/2>    58 / 3 3  7/2  5/2>
   3 / 7 7 15/2  9/2>    17 / 7 3  7/2  1/2>    31 / 7 5  9/2 -7/2>    45 / 5 3  7/2  1/2>    59 / 3 3  5/2  5/2>
   4 / 7 7 13/2  9/2>    18 / 7 3  5/2  1/2>    32 / 7 3  7/2 -7/2>    46 / 5 3  5/2  1/2>    60 / 3 3  7/2  1/2>
   5 / 7 5 11/2  9/2>    19 / 7 1  3/2  1/2>    33 / 7 7 15/2-11/2>    47 / 5 1  3/2  1/2>    61 / 3 3  5/2  1/2>
   6 / 7 5  9/2  9/2>    20 / 7 1  1/2  1/2>    34 / 7 7 13/2-11/2>    48 / 5 1  1/2  1/2>    62 / 3 1  3/2  1/2>
   7 / 7 7 15/2  5/2>    21 / 7 7 15/2 -3/2>    35 / 7 5 11/2-11/2>    49 / 5 5 11/2 -3/2>    63 / 3 1  1/2  1/2>
   8 / 7 7 13/2  5/2>    22 / 7 7 13/2 -3/2>    36 / 7 7 15/2-15/2>    50 / 5 5  9/2 -3/2>    64 / 3 3  7/2 -3/2>
   9 / 7 5 11/2  5/2>    23 / 7 5 11/2 -3/2>    37 / 5 5 11/2  9/2>    51 / 5 3  7/2 -3/2>    65 / 3 3  5/2 -3/2>
  10 / 7 5  9/2  5/2>    24 / 7 5  9/2 -3/2>    38 / 5 5  9/2  9/2>    52 / 5 3  5/2 -3/2>    66 / 3 1  3/2 -3/2>
  11 / 7 3  7/2  5/2>    25 / 7 3  7/2 -3/2>    39 / 5 5 11/2  5/2>    53 / 5 1  3/2 -3/2>    67 / 3 3  7/2 -7/2>
  12 / 7 3  5/2  5/2>    26 / 7 3  5/2 -3/2>    40 / 5 5  9/2  5/2>    54 / 5 5 11/2 -7/2>    68 / 1 1  3/2  1/2>
  13 / 7 7 15/2  1/2>    27 / 7 1  3/2 -3/2>    41 / 5 3  7/2  5/2>    55 / 5 5  9/2 -7/2>    69 / 1 1  1/2  1/2>
  14 / 7 7 13/2  1/2>    28 / 7 7 15/2 -7/2>    42 / 5 3  5/2  5/2>    56 / 5 3  7/2 -7/2>    70 / 1 1  3/2 -3/2>


    SINGLE PARTICLE (PARITY-) WAVE FUNCTIONS IN THE ENERGY INTERVAL 6.0<E<8.0

 E=6.0157   0.118636/ 37>-0.041846/ 38> 0.161465/ 39>-0.293197/ 40> 0.169049/ 41>-0.053055/ 42>-0.263953/ 43>
           -0.194931/ 44> 0.488481/ 45>-0.138909/ 46> 0.224478/ 47>-0.084300/ 48>-0.040355/ 49> 0.456275/ 50>
            0.348002/ 51> 0.144728/ 52> 0.085352/ 53> 0.165372/ 54> 0.164746/ 55> 0.058822/ 56> 0.023865/ 57>


 E=6.1293  -0.010337/ 37> 0.012095/ 38> 0.006115/ 39>-0.005709/ 40>-0.001322/ 41>-0.026385/ 42>-0.007209/ 43>
            0.002737/ 44>-0.005775/ 45>-0.004885/ 46> 0.030017/ 47> 0.058319/ 48> 0.021968/ 49> 0.015765/ 51>
           -0.026674/ 52> 0.179556/ 53>-0.105253/ 54> 0.023254/ 55>-0.448740/ 56> 0.864807/ 57>

 E=6.2125   0.008532/ 37>-0.090813/ 38>-0.087230/ 39>-0.525393/ 40> 0.095698/ 41>-0.039830/ 42> 0.066705/ 43>
            0.178855/ 44> 0.126569/ 45> 0.607665/ 46>-0.197100/ 47> 0.303127/ 48>-0.142665/ 49>-0.232567/ 50>
            0.135294/ 51> 0.059003/ 52> 0.030357/ 53> 0.198019/ 54>-0.073888/ 55> 0.043532/ 56> 0.033536/ 57>


 E=6.3437  -0.121531/ 37>-0.048970/ 38>-0.189822/ 39>-0.423353/ 40>-0.132975/ 41>-0.041628/ 42> 0.250471/ 43>
           -0.278068/ 44>-0.405746/ 45>-0.002959/ 46>-0.152836/ 47> 0.033861/ 48>-0.025700/ 49> 0.541106/ 50>
           -0.222017/ 51> 0.181405/ 52>-0.014990/ 53>-0.161887/ 54> 0.121274/ 55>-0.036319/ 56>-0.028988/ 57>


 E=6.3834  -0.013527/  1>-0.114609/  3> 0.003108/  4>-0.009319/  5>-0.395794/  7> 0.007781/  8>-0.053107/  9>
            0.001688/ 10>-0.004468/ 11>-0.662371/ 13> 0.002914/ 14>-0.106479/ 15> 0.000853/ 16>-0.013145/ 17>
           -0.001429/ 19>-0.558341/ 21>-0.007091/ 22>-0.084609/ 23>-0.001873/ 24>-0.009249/ 25>-0.000419/ 26>
           -0.000676/ 27>-0.234477/ 28>-0.005775/ 29>-0.025852/ 30>-0.000914/ 31>-0.001321/ 32>-0.045067/ 33>
           -0.001196/ 34>-0.002178/ 35>-0.002699/ 36>

 E=6.3880   0.202470/ 37>-0.020318/ 38>-0.122878/ 39> 0.039926/ 40> 0.156871/ 41>-0.028977/ 42> 0.062766/ 43>
           -0.008900/ 44> 0.019459/ 45>-0.139178/ 46>-0.416050/ 47> 0.152388/ 48>-0.039942/ 49>-0.002303/ 50>
            0.153083/ 51>-0.499526/ 52>-0.131850/ 53>-0.052438/ 54> 0.626678/ 55> 0.086187/ 56> 0.038933/ 57>


 E=6.4909   0.066146/ 37>-0.085415/ 38>-0.012081/ 39>-0.435616/ 40> 0.216661/ 41>-0.111179/ 42>-0.143117/ 43>
            0.326345/ 44> 0.165622/ 45>-0.139890/ 46> 0.207171/ 47>-0.133467/ 48> 0.270105/ 49>-0.045789/ 50>
           -0.502939/ 51>-0.277555/ 52>-0.185254/ 53>-0.226311/ 54>-0.027385/ 55>-0.102099/ 56>-0.051529/ 57>


 E=6.6289   0.193868/ 37>-0.431895/ 38>-0.132342/ 39> 0.102229/ 40> 0.402493/ 41> 0.291510/ 42> 0.035317/ 43>
           -0.037688/ 44> 0.058062/ 45>-0.120022/ 46>-0.413160/ 47>-0.174377/ 48>-0.015529/ 49> 0.116082/ 50>
           -0.000990/ 51> 0.133285/ 52>-0.222501/ 53> 0.006620/ 54>-0.418267/ 55> 0.061220/ 56> 0.140207/ 57>


 E=6.6460  -0.249225/ 37>-0.460819/ 38> 0.130548/ 39>-0.058737/ 40>-0.284366/ 41> 0.446852/ 42>-0.040228/ 43>
            0.010233/ 44>-0.023402/ 45> 0.218654/ 46> 0.189102/ 47>-0.334807/ 48> 0.023591/ 49>-0.116944/ 50>
            0.052323/ 51>-0.003563/ 52>-0.192127/ 53>-0.070240/ 54> 0.357399/ 55> 0.151365/ 56> 0.130724/ 57>


 E=6.7359   0.044142/  1>-0.002157/  2> 0.280280/  3>-0.025340/  4> 0.026458/  5>-0.002028/  6> 0.575014/  7>
           -0.087507/  8> 0.092425/  9>-0.014796/ 10> 0.009644/ 11>-0.001412/ 12> 0.199858/ 13>-0.138472/ 14>
            0.039534/ 15>-0.027919/ 16> 0.006441/ 17>-0.004529/ 18> 0.001112/ 19>-0.000692/ 20>-0.498632/ 21>
           -0.119619/ 22>-0.091881/ 23>-0.023027/ 24>-0.012860/ 25>-0.003317/ 26>-0.001319/ 27>-0.462470/ 28>
           -0.052799/ 29>-0.060106/ 30>-0.006905/ 31>-0.003704/ 32>-0.129621/ 33>-0.009146/ 34>-0.007173/ 35>

-0.009758/ 36>

 E=6.8497   0.022356/ 37> 0.517417/ 38> 0.005349/ 39>-0.074289/ 40>-0.065554/ 41>-0.138579/ 42>-0.006732/ 43>
            0.008947/ 44> 0.020932/ 45> 0.072645/ 46>-0.069825/ 47>-0.228452/ 48> 0.014832/ 49>-0.010763/ 50>
            0.055175/ 51> 0.124311/ 52>-0.512849/ 53>-0.101618/ 54>-0.065487/ 55> 0.470681/ 56> 0.349030/ 57>


 E=6.9667  -0.064785/ 37>-0.081110/ 38>-0.034013/ 39>-0.333638/ 40>-0.125668/ 41>-0.104384/ 42> 0.139982/ 43>
            0.366861/ 44>-0.301982/ 45>-0.473221/ 46> 0.013215/ 47>-0.251003/ 48>-0.184292/ 49>-0.124199/ 50>
            0.431403/ 51>-0.123548/ 52> 0.131902/ 53> 0.131924/ 54>-0.163450/ 55> 0.067233/ 56> 0.027798/ 57>


 E=6.9835  -0.094185/  1> 0.004714/  2>-0.430927/  3> 0.040240/  4>-0.031034/  5> 0.003081/  6>-0.378223/  7>
            0.075852/  8> 0.028516/  9> 0.010177/ 10> 0.009714/ 11> 0.000352/ 12> 0.407067/ 13> 0.021539/ 14>
            0.320970/ 15> 0.000944/ 16> 0.084825/ 17>-0.002302/ 18> 0.016501/ 19>-0.002442/ 20> 0.028020/ 21>
           -0.058746/ 22> 0.174362/ 23>-0.006820/ 24> 0.042782/ 25> 0.001060/ 26> 0.005092/ 27>-0.525877/ 28>
           -0.064606/ 29>-0.033952/ 30>-0.007640/ 31>-0.000690/ 32>-0.238544/ 33>-0.017225/ 34>-0.011523/ 35>

-0.022891/ 36>

 E=7.0886  -0.176262/ 37>-0.013602/ 38> 0.157052/ 39>-0.038400/ 40>-0.515215/ 41> 0.102520/ 42>-0.087847/ 43>
           -0.063165/ 44> 0.252612/ 45>-0.022193/ 46>-0.210024/ 47> 0.210986/ 48> 0.011808/ 49> 0.258070/ 50>
            0.036657/ 51>-0.491374/ 52>-0.174626/ 53> 0.027190/ 54>-0.396037/ 55>-0.065967/ 56>-0.007062/ 57>


 E=7.1823   0.138422/  1>-0.007862/  2> 0.440889/  3>-0.048338/  4> 0.018988/  5>-0.002107/  6>-0.028048/  7>
           -0.024176/  8>-0.157862/  9> 0.020104/ 10>-0.035727/ 11> 0.004969/ 12>-0.279374/ 13> 0.073136/ 14>
           -0.175556/ 15> 0.073731/ 16>-0.064487/ 17> 0.027931/ 18>-0.020118/ 19> 0.009281/ 20> 0.455100/ 21>
            0.034261/ 22> 0.326634/ 23> 0.057714/ 24> 0.090832/ 25> 0.020139/ 26> 0.014493/ 27>-0.406684/ 28>
           -0.064897/ 29> 0.032899/ 30> 0.001063/ 31> 0.007552/ 32>-0.360051/ 33>-0.029837/ 34>-0.014890/ 35>

-0.044063/ 36>

 E=7.2220  -0.001083/  1>-0.005502/  2>-0.033223/  3>-0.081629/  4>-0.001498/  5>-0.005364/  6>-0.128439/  7>
           -0.360175/  8>-0.018830/  9>-0.053882/ 10>-0.000990/ 11>-0.003986/ 12>-0.065729/ 13>-0.669670/ 14>
           -0.016653/ 15>-0.132536/ 16>-0.003712/ 17>-0.020416/ 18>-0.000332/ 19>-0.002394/ 20> 0.144319/ 21>
           -0.544032/ 22> 0.032081/ 23>-0.097372/ 24> 0.004403/ 25>-0.011659/ 26> 0.073870/ 28>-0.193523/ 29>
            0.008465/ 30>-0.021286/ 31> 0.003485/ 33>-0.026564/ 34>-0.000890/ 36>

 E=7.2730   0.032832/ 37> 0.456683/ 38>-0.012075/ 39>-0.126233/ 40> 0.028592/ 41> 0.377849/ 42> 0.002039/ 43>
            0.009434/ 44> 0.052505/ 45> 0.121620/ 46>-0.236539/ 47>-0.464869/ 48>-0.026499/ 49>-0.014592/ 50>
            0.067404/ 51>-0.015036/ 52>-0.018509/ 53> 0.089970/ 54> 0.060681/ 55>-0.526103/ 56>-0.215431/ 57>


 E=7.3177   0.259794/  1>-0.015586/  2> 0.559557/  3>-0.072041/  4>-0.010228/  5>-0.000911/  6>-0.458416/  7>
            0.002310/  8>-0.364187/  9> 0.045015/ 10>-0.067164/ 11> 0.010008/ 12> 0.309031/ 13> 0.009115/ 14>
            0.209613/ 15> 0.017086/ 16> 0.156499/ 17>-0.008801/ 18> 0.061395/ 19>-0.015244/ 20>-0.190324/ 21>
           -0.021449/ 22>-0.122064/ 23>-0.016886/ 24>-0.016120/ 25>-0.006691/ 26>-0.001982/ 27> 0.060107/ 28>
            0.016692/ 29>-0.059605/ 30>-0.003950/ 31>-0.007286/ 32> 0.187782/ 33> 0.015698/ 34> 0.005163/ 35>

 0.028902/ 36>

 E=7.4565  -0.026117/  1> 0.002295/  2>-0.032591/  3> 0.010630/  4> 0.002815/  5>-0.000353/  6> 0.049359/  7>
            0.006621/  8> 0.020133/  9>-0.007636/ 10> 0.005558/ 11>-0.000723/ 12>-0.078088/ 13> 0.013268/ 14>
           -0.072610/ 15> 0.005806/ 16>-0.025502/ 17> 0.024061/ 18>-0.022634/ 19> 0.015913/ 20> 0.170641/ 21>
           -0.021127/ 22> 0.123966/ 23>-0.025923/ 24> 0.139635/ 25> 0.016941/ 26> 0.035760/ 27>-0.375070/ 28>
            0.006625/ 29>-0.400120/ 30>-0.045658/ 31>-0.044912/ 32> 0.761475/ 33> 0.072876/ 34> 0.005603/ 35>

 0.157498/ 36>

 E=7.4818  -0.022020/  1> 0.011827/  2>-0.088994/  3> 0.135731/  4>-0.051842/  5> 0.012113/  6>-0.023310/  7>
            0.365608/  8>-0.262537/  9> 0.078956/ 10>-0.052071/ 11> 0.009594/ 12> 0.172765/ 13> 0.144773/ 14>
           -0.508444/ 15> 0.045131/ 16>-0.160269/ 17> 0.014157/ 18>-0.033910/ 19> 0.006685/ 20> 0.080152/ 21>
           -0.346126/ 22>-0.412762/ 23>-0.092502/ 24>-0.114752/ 25>-0.021047/ 26>-0.016200/ 27>-0.075450/ 28>
           -0.263096/ 29>-0.122359/ 30>-0.039101/ 31>-0.014035/ 32>-0.076702/ 33>-0.052733/ 34>-0.012933/ 35>

-0.010544/ 36>

 E=7.6340  -0.077288/ 37>-0.042721/ 38> 0.091815/ 39>-0.077154/ 40>-0.330623/ 41>-0.043353/ 42>-0.086571/ 43>
            0.164308/ 44> 0.315438/ 45>-0.353729/ 46>-0.448177/ 47> 0.110905/ 48> 0.064154/ 49>-0.211076/ 50>
           -0.189582/ 51> 0.515296/ 52> 0.048963/ 53>-0.029876/ 54> 0.199024/ 55>-0.032968/ 56>-0.014850/ 57>


 E=7.6385   0.856434/  1>-0.057203/  2>-0.250081/  3>-0.020302/  4>-0.404749/  5> 0.035179/  6> 0.076156/  7>
            0.010164/  8> 0.078442/  9> 0.020813/ 10> 0.140026/ 11>-0.017316/ 12>-0.025172/ 13>-0.004780/ 14>
           -0.018801/ 15>-0.003877/ 16>-0.004462/ 17>-0.017551/ 18>-0.034415/ 19> 0.007384/ 20> 0.008691/ 21>
            0.001258/ 22> 0.006275/ 23> 0.001399/ 24> 0.006427/ 25>-0.007525/ 26>-0.002354/ 27>-0.003196/ 28>
            0.000918/ 29>-0.002007/ 30> 0.002680/ 31> 0.000786/ 32> 0.001348/ 33>-0.000802/ 34>-0.000560/ 35>

 0.000928/ 36>

 E=7.7236   0.029525/  1> 0.013116/  2> 0.137676/  3> 0.159939/  4> 0.038785/  5> 0.010774/  6> 0.091500/  7>
            0.459044/  8> 0.193836/  9> 0.076101/ 10> 0.032427/ 11> 0.005524/ 12>-0.195983/ 13> 0.192010/ 14>
            0.373338/ 15> 0.047211/ 16> 0.115551/ 17> 0.007700/ 18> 0.022912/ 19>-0.001390/ 20>-0.061340/ 21>
           -0.447194/ 22> 0.297375/ 23>-0.091288/ 24> 0.073546/ 25>-0.011102/ 26> 0.007965/ 27> 0.160831/ 28>
           -0.324710/ 29> 0.098769/ 30>-0.038192/ 31> 0.008890/ 32> 0.078407/ 33>-0.058633/ 34> 0.009281/ 35>

 0.007881/ 36>

 E=7.7771  -0.022728/ 37>-0.278394/ 38> 0.013497/ 39> 0.131654/ 40>-0.076350/ 41>-0.591700/ 42> 0.007744/ 43>
           -0.042783/ 44>-0.019734/ 45> 0.121079/ 46>-0.002495/ 47>-0.154246/ 48>-0.036241/ 49>-0.018585/ 50>
            0.178435/ 51> 0.098538/ 52>-0.503626/ 53> 0.068037/ 54> 0.045902/ 55>-0.436555/ 56>-0.116733/ 57>


 E=7.8010   0.010773/  1> 0.033899/  2> 0.065145/  3> 0.308284/  4>-0.020577/  5> 0.017353/  6> 0.018820/  7>
            0.455879/  8>-0.079862/  9>-0.024591/ 10>-0.009548/ 11>-0.009767/ 12>-0.038133/ 13>-0.341800/ 14>
           -0.024851/ 15>-0.502968/ 16> 0.032592/ 17>-0.196296/ 18> 0.036999/ 19>-0.053289/ 20> 0.049241/ 21>
            0.093336/ 22> 0.057153/ 23>-0.213305/ 24> 0.003210/ 25>-0.063749/ 26>-0.005476/ 27>-0.061869/ 28>
            0.427999/ 29> 0.034369/ 30> 0.025820/ 31> 0.003789/ 32>-0.039313/ 33> 0.114896/ 34> 0.005230/ 35>

-0.006852/ 36>

 E=7.8532   0.000646/  1>-0.000867/  2>-0.000428/  3>-0.001541/  4> 0.000332/  5> 0.001286/  6>-0.001815/  8>
            0.001051/  9> 0.000488/ 10>-0.001017/ 11>-0.003523/ 12>-0.001361/ 13> 0.002254/ 14>-0.000954/ 15>
            0.003059/ 16>-0.003114/ 17>-0.001294/ 18> 0.004178/ 19> 0.011084/ 20> 0.006162/ 21>-0.002828/ 22>
            0.007109/ 23>-0.001563/ 24> 0.001573/ 25>-0.010714/ 26> 0.041320/ 27>-0.027929/ 28> 0.004328/ 29>
           -0.039305/ 30> 0.015373/ 31>-0.141052/ 32> 0.135828/ 33>-0.020148/ 34> 0.407870/ 35>-0.888929/ 36>


 E=7.9550  -0.026475/  1> 0.028461/  2>-0.023336/  3> 0.188935/  4>-0.059627/  5> 0.011146/  6> 0.075406/  7>
            0.060417/  8>-0.110097/  9>-0.068652/ 10> 0.030088/ 11>-0.019557/ 12>-0.075518/ 13>-0.184536/ 14>
            0.046705/ 15>-0.195227/ 16> 0.332758/ 17>-0.157311/ 18> 0.187206/ 19>-0.090852/ 20> 0.051993/ 21>
            0.340875/ 22>-0.143288/ 23> 0.384817/ 24> 0.135173/ 25> 0.135134/ 26> 0.052716/ 27> 0.037030/ 28>
           -0.509496/ 29>-0.193838/ 30>-0.020842/ 31>-0.012855/ 32>-0.037244/ 33>-0.209533/ 34>-0.029739/ 35>

-0.012330/ 36>

 E=7.9844  -0.057893/  1> 0.018425/  2>-0.144276/  3> 0.135431/  4>-0.130455/  5> 0.024633/  6> 0.113001/  7>
            0.100889/  8>-0.438465/  9> 0.149948/ 10>-0.109633/ 11> 0.028418/ 12> 0.124481/ 13>-0.225959/ 14>
           -0.187429/ 15> 0.265386/ 16>-0.075728/ 17> 0.121898/ 18>-0.033811/ 19> 0.035143/ 20>-0.239636/ 21>
           -0.007155/ 22> 0.435194/ 23> 0.304759/ 24> 0.198404/ 25> 0.108445/ 26> 0.045004/ 27> 0.081702/ 28>
            0.060497/ 29> 0.261951/ 30> 0.074801/ 31> 0.039196/ 32> 0.116133/ 33> 0.016397/ 34> 0.031044/ 35>

 0.015156/ 36>

  Q20Q22:  0.00 SEC    QTME:  0.00 SEC



    SYMMETRY R1= 1


   BASIS FUNCTIONS /N,L,J,OMEGA>,   PARITY +


   1 / 8 8 17/2 17/2>    20 / 8 6 11/2  1/2>    39 / 8 4  7/2 -7/2>    58 / 6 4  7/2  1/2>    77 / 4 2  5/2  5/2>
   2 / 8 8 17/2 13/2>    21 / 8 4  9/2  1/2>    40 / 8 8 17/2-11/2>    59 / 6 2  5/2  1/2>    78 / 4 4  9/2  1/2>
   3 / 8 8 15/2 13/2>    22 / 8 4  7/2  1/2>    41 / 8 8 15/2-11/2>    60 / 6 2  3/2  1/2>    79 / 4 4  7/2  1/2>
   4 / 8 6 13/2 13/2>    23 / 8 2  5/2  1/2>    42 / 8 6 13/2-11/2>    61 / 6 0  1/2  1/2>    80 / 4 2  5/2  1/2>
   5 / 8 8 17/2  9/2>    24 / 8 2  3/2  1/2>    43 / 8 6 11/2-11/2>    62 / 6 6 13/2 -3/2>    81 / 4 2  3/2  1/2>
   6 / 8 8 15/2  9/2>    25 / 8 0  1/2  1/2>    44 / 8 8 17/2-15/2>    63 / 6 6 11/2 -3/2>    82 / 4 0  1/2  1/2>
   7 / 8 6 13/2  9/2>    26 / 8 8 17/2 -3/2>    45 / 8 8 15/2-15/2>    64 / 6 4  9/2 -3/2>    83 / 4 4  9/2 -3/2>
   8 / 8 6 11/2  9/2>    27 / 8 8 15/2 -3/2>    46 / 6 6 13/2 13/2>    65 / 6 4  7/2 -3/2>    84 / 4 4  7/2 -3/2>
   9 / 8 4  9/2  9/2>    28 / 8 6 13/2 -3/2>    47 / 6 6 13/2  9/2>    66 / 6 2  5/2 -3/2>    85 / 4 2  5/2 -3/2>
  10 / 8 8 17/2  5/2>    29 / 8 6 11/2 -3/2>    48 / 6 6 11/2  9/2>    67 / 6 2  3/2 -3/2>    86 / 4 2  3/2 -3/2>
  11 / 8 8 15/2  5/2>    30 / 8 4  9/2 -3/2>    49 / 6 4  9/2  9/2>    68 / 6 6 13/2 -7/2>    87 / 4 4  9/2 -7/2>
  12 / 8 6 13/2  5/2>    31 / 8 4  7/2 -3/2>    50 / 6 6 13/2  5/2>    69 / 6 6 11/2 -7/2>    88 / 4 4  7/2 -7/2>
  13 / 8 6 11/2  5/2>    32 / 8 2  5/2 -3/2>    51 / 6 6 11/2  5/2>    70 / 6 4  9/2 -7/2>    89 / 2 2  5/2  5/2>
  14 / 8 4  9/2  5/2>    33 / 8 2  3/2 -3/2>    52 / 6 4  9/2  5/2>    71 / 6 4  7/2 -7/2>    90 / 2 2  5/2  1/2>
  15 / 8 4  7/2  5/2>    34 / 8 8 17/2 -7/2>    53 / 6 4  7/2  5/2>    72 / 6 6 13/2-11/2>    91 / 2 2  3/2  1/2>
  16 / 8 2  5/2  5/2>    35 / 8 8 15/2 -7/2>    54 / 6 2  5/2  5/2>    73 / 6 6 11/2-11/2>    92 / 2 0  1/2  1/2>
  17 / 8 8 17/2  1/2>    36 / 8 6 13/2 -7/2>    55 / 6 6 13/2  1/2>    74 / 4 4  9/2  9/2>    93 / 2 2  5/2 -3/2>
  18 / 8 8 15/2  1/2>    37 / 8 6 11/2 -7/2>    56 / 6 6 11/2  1/2>    75 / 4 4  9/2  5/2>    94 / 2 2  3/2 -3/2>
  19 / 8 6 13/2  1/2>    38 / 8 4  9/2 -7/2>    57 / 6 4  9/2  1/2>    76 / 4 4  7/2  5/2>    95 / 0 0  1/2  1/2>


    SINGLE PARTICLE (PARITY+) WAVE FUNCTIONS IN THE ENERGY INTERVAL 6.0<E<8.0

 E=6.1297   0.018724/ 46> 0.213786/ 47>-0.021653/ 48> 0.015103/ 49> 0.573329/ 50>-0.105843/ 51> 0.096341/ 52>
           -0.017923/ 53> 0.008544/ 54> 0.225822/ 55>-0.188193/ 56> 0.052907/ 57>-0.043488/ 58> 0.011033/ 59>
           -0.008420/ 60> 0.002733/ 61>-0.539620/ 62>-0.157140/ 63>-0.111514/ 64>-0.033522/ 65>-0.017096/ 66>
           -0.004710/ 67>-0.412997/ 68>-0.055847/ 69>-0.050146/ 70>-0.005840/ 71>-0.079630/ 72>-0.005430/ 73>


 E=6.2271   0.020214/ 74> 0.073586/ 75> 0.372000/ 76> 0.005625/ 77>-0.136495/ 78>-0.339728/ 79> 0.341142/ 80>
            0.531621/ 81>-0.143710/ 82> 0.164985/ 83> 0.182698/ 84>-0.462512/ 85>-0.011955/ 86>-0.149911/ 87>
            0.070216/ 88>

 E=6.3428  -0.040084/ 46>-0.347596/ 47> 0.030112/ 48>-0.019213/ 49>-0.467255/ 50> 0.076172/ 51> 0.009332/ 52>
            0.009006/ 53> 0.005494/ 54> 0.401788/ 55> 0.018058/ 56> 0.407444/ 57>-0.008254/ 58> 0.126805/ 59>
           -0.012377/ 60> 0.026548/ 61>-0.060382/ 62>-0.053832/ 63> 0.176831/ 64>-0.003098/ 65> 0.044529/ 66>
            0.002993/ 67>-0.492833/ 68>-0.054819/ 69>-0.033586/ 70>-0.005125/ 71>-0.142342/ 72>-0.008451/ 73>


 E=6.3651   0.210120/ 74>-0.109908/ 75> 0.079260/ 76> 0.561922/ 77> 0.043330/ 78> 0.002656/ 79>-0.154594/ 80>
            0.061082/ 81> 0.269169/ 82> 0.010920/ 83>-0.168521/ 84>-0.071637/ 85> 0.515906/ 86>-0.041208/ 87>
            0.467180/ 88>

 E=6.5092  -0.040327/ 46>-0.275192/ 47> 0.027261/ 48>-0.013709/ 49>-0.124052/ 50> 0.015271/ 51> 0.065796/ 52>
           -0.015887/ 53> 0.015081/ 54> 0.278005/ 55>-0.114929/ 56> 0.199597/ 57>-0.114618/ 58> 0.106526/ 59>
           -0.056254/ 60> 0.040731/ 61>-0.417381/ 62>-0.055693/ 63>-0.394114/ 64>-0.083740/ 65>-0.113466/ 66>
           -0.027256/ 67> 0.565550/ 68> 0.072226/ 69> 0.009240/ 70> 0.001603/ 71> 0.250861/ 72> 0.017058/ 73>


 E=6.5368  -0.001117/ 46>-0.030082/ 47>-0.050894/ 48>-0.000581/ 49>-0.148553/ 50>-0.319696/ 51>-0.018903/ 52>
           -0.044895/ 53>-0.111085/ 55>-0.682777/ 56>-0.036455/ 57>-0.146847/ 58>-0.012848/ 59>-0.022301/ 60>
           -0.001738/ 61> 0.223030/ 62>-0.527084/ 63> 0.072749/ 64>-0.094348/ 65> 0.012883/ 66>-0.008199/ 67>
            0.040971/ 68>-0.153633/ 69> 0.006304/ 70>-0.012509/ 71>-0.012241/ 72>-0.012614/ 73>

 E=6.6394  -0.147894/ 46>-0.739579/ 47> 0.084173/ 48>-0.017013/ 49> 0.357574/ 50> 0.019055/ 51> 0.434395/ 52>
           -0.058734/ 53> 0.067657/ 54>-0.176180/ 55>-0.002960/ 56>-0.118608/ 57>-0.036344/ 58>-0.165537/ 59>
            0.022721/ 60>-0.067105/ 61> 0.089380/ 62> 0.020636/ 63> 0.079965/ 64>-0.008972/ 65> 0.003334/ 66>
           -0.001581/ 67>-0.048574/ 68> 0.005447/ 69> 0.017582/ 70> 0.000422/ 71>-0.048627/ 72>-0.001569/ 73>


 E=6.7639   0.015464/ 46> 0.114862/ 47>-0.091344/ 48> 0.027649/ 49> 0.075913/ 50>-0.358066/ 51> 0.220019/ 52>
           -0.077136/ 53> 0.035329/ 54>-0.214905/ 55>-0.174832/ 56> 0.497537/ 57>-0.076396/ 58> 0.189111/ 59>
           -0.038504/ 60> 0.046937/ 61>-0.075758/ 62> 0.397433/ 63> 0.380030/ 64> 0.122846/ 65> 0.105439/ 66>
            0.025497/ 67> 0.138873/ 68> 0.224420/ 69> 0.106379/ 70> 0.028127/ 71> 0.032665/ 72> 0.022404/ 73>


 E=6.8145  -0.002188/ 46>-0.009987/ 47> 0.005687/ 48>-0.001463/ 49> 0.015232/ 50>-0.009858/ 51> 0.008981/ 52>
           -0.017374/ 53> 0.006708/ 54>-0.028873/ 55> 0.003232/ 56>-0.011831/ 57>-0.002950/ 58> 0.015637/ 59>
            0.039414/ 60>-0.020166/ 61> 0.068782/ 62> 0.000427/ 63> 0.069819/ 64>-0.030101/ 65> 0.164775/ 66>
            0.028975/ 67>-0.225874/ 68> 0.030486/ 69>-0.433193/ 70>-0.046844/ 71> 0.843267/ 72> 0.067127/ 73>


 E=6.9030  -0.082471/ 74> 0.064086/ 75>-0.080511/ 76>-0.340506/ 77>-0.055889/ 78> 0.117913/ 79> 0.235431/ 80>
           -0.315036/ 81>-0.538955/ 82> 0.046080/ 83>-0.153254/ 84>-0.168057/ 85> 0.549855/ 86>-0.032974/ 87>
            0.217276/ 88>

 E=6.9386   0.001260/  1> 0.023401/  2>-0.000518/  3> 0.000942/  4> 0.140958/  5>-0.003114/  6> 0.013022/  7>
           -0.000374/  8> 0.000524/  9> 0.410805/ 10>-0.006094/ 11> 0.053708/ 12>-0.001235/ 13> 0.004764/ 14>
            0.642121/ 17>-0.002061/ 18> 0.095728/ 19>-0.000508/ 20> 0.010844/ 21> 0.001082/ 23> 0.553654/ 26>
            0.005192/ 27> 0.079068/ 28> 0.001199/ 29> 0.008280/ 30> 0.000682/ 32> 0.261108/ 34> 0.005009/ 35>
            0.029672/ 36> 0.000825/ 37> 0.001982/ 38> 0.063658/ 40> 0.001479/ 41> 0.004315/ 42> 0.006631/ 44>


 E=7.0163  -0.055187/ 46>-0.033774/ 47>-0.173800/ 48> 0.038635/ 49>-0.043634/ 50>-0.454417/ 51> 0.086614/ 52>
           -0.005194/ 53>-0.003609/ 54> 0.052897/ 55> 0.294292/ 56> 0.081723/ 57> 0.599574/ 58>-0.108283/ 59>
            0.293876/ 60>-0.108388/ 61>-0.110401/ 62>-0.246028/ 63> 0.054704/ 64> 0.125652/ 65> 0.019984/ 66>
            0.035729/ 67> 0.133246/ 68>-0.259401/ 69> 0.029615/ 70>-0.011800/ 71> 0.050809/ 72>-0.030791/ 73>


 E=7.0272   0.872082/ 46>-0.121398/ 47>-0.032462/ 48>-0.433088/ 49> 0.023600/ 50>-0.019249/ 51> 0.035608/ 52>
            0.021816/ 53> 0.164774/ 54>-0.004733/ 55> 0.018047/ 56> 0.002056/ 57> 0.037451/ 58> 0.004111/ 59>
           -0.003253/ 60>-0.056364/ 61>-0.005643/ 62>-0.018890/ 63> 0.006066/ 64> 0.009035/ 65> 0.009108/ 66>
           -0.015263/ 67> 0.010380/ 68>-0.018035/ 69> 0.001357/ 70> 0.006473/ 71> 0.001048/ 72>-0.005862/ 73>


 E=7.0464  -0.009091/ 46>-0.145084/ 47>-0.120091/ 48>-0.023547/ 49>-0.147779/ 50>-0.493615/ 51>-0.160460/ 52>
           -0.066976/ 53>-0.018070/ 54> 0.234930/ 55>-0.196293/ 56>-0.377790/ 57> 0.012201/ 58>-0.145588/ 59>
            0.028246/ 60>-0.038041/ 61> 0.024287/ 62> 0.471191/ 63>-0.276440/ 64> 0.137734/ 65>-0.058733/ 66>
            0.018232/ 67>-0.176115/ 68> 0.215339/ 69>-0.069996/ 70> 0.020700/ 71>-0.054399/ 72> 0.018527/ 73>


 E=7.1562  -0.029989/ 46>-0.121275/ 47> 0.053857/ 48>-0.037613/ 49> 0.117247/ 50> 0.015068/ 51>-0.140060/ 52>
            0.014236/ 53>-0.001143/ 54>-0.071275/ 55>-0.077850/ 56>-0.009604/ 57>-0.011736/ 58> 0.374658/ 59>
           -0.156254/ 60> 0.209277/ 61> 0.044529/ 62> 0.177879/ 63>-0.150442/ 64> 0.476029/ 65> 0.135246/ 66>
            0.139234/ 67> 0.044004/ 68>-0.610256/ 69>-0.132780/ 70>-0.033207/ 71>-0.032136/ 72>-0.108069/ 73>


 E=7.2468  -0.022686/ 46>-0.118905/ 47> 0.136516/ 48>-0.053265/ 49> 0.049727/ 50> 0.273211/ 51>-0.327785/ 52>
            0.144555/ 53>-0.071808/ 54> 0.155520/ 55>-0.318463/ 56>-0.189520/ 57> 0.195036/ 58>-0.167664/ 59>
            0.140276/ 60>-0.088784/ 61>-0.270149/ 62> 0.028602/ 63> 0.457045/ 64> 0.286642/ 65> 0.207850/ 66>
            0.093201/ 67> 0.149762/ 68> 0.113979/ 69> 0.188052/ 70> 0.045502/ 71> 0.090198/ 72> 0.017277/ 73>


 E=7.3006  -0.004942/  1>-0.074939/  2> 0.003908/  3>-0.003376/  4>-0.331704/  5> 0.026111/  6>-0.034973/  7>
            0.002739/  8>-0.001628/  9>-0.562765/ 10> 0.071913/ 11>-0.085622/ 12> 0.011628/ 13>-0.009073/ 14>
            0.001278/ 15>-0.000585/ 16>-0.180143/ 17> 0.105399/ 18>-0.031657/ 19> 0.019077/ 20>-0.004400/ 21>
            0.002708/ 22>-0.000587/ 23> 0.000357/ 24> 0.462158/ 26> 0.093191/ 27> 0.077419/ 28> 0.016351/ 29>
            0.009838/ 30> 0.002185/ 31> 0.001043/ 32> 0.490296/ 34> 0.047457/ 35> 0.064224/ 36> 0.006550/ 37>

 0.005040/ 38> 0.000459/ 39> 0.177912/ 40> 0.011580/ 41> 0.013629/ 42> 0.000738/ 43> 0.023726/ 44>
            0.000872/ 45>

 E=7.3618  -0.037013/ 46>-0.056940/ 47> 0.583616/ 48>-0.102216/ 49> 0.092557/ 50>-0.172428/ 51>-0.261316/ 52>
           -0.416837/ 53> 0.062158/ 54>-0.044675/ 55> 0.097219/ 56>-0.013252/ 57> 0.075758/ 58> 0.345639/ 59>
            0.242224/ 60> 0.008666/ 61> 0.022260/ 62>-0.113489/ 63>-0.047062/ 64>-0.145629/ 65> 0.215365/ 66>
            0.026476/ 67> 0.028217/ 68> 0.225538/ 69>-0.100529/ 70> 0.002580/ 71>-0.134590/ 72> 0.027971/ 73>


 E=7.3879   0.047756/ 46> 0.254757/ 47> 0.362864/ 48> 0.049263/ 49>-0.214414/ 50> 0.063305/ 51> 0.341806/ 52>
           -0.327241/ 53> 0.095217/ 54> 0.111095/ 55>-0.075849/ 56>-0.009328/ 57>-0.209913/ 58>-0.376257/ 59>
            0.191098/ 60>-0.271392/ 61>-0.076341/ 62> 0.195144/ 63> 0.024884/ 64> 0.076087/ 65> 0.050020/ 66>
            0.046710/ 67> 0.069225/ 68>-0.362261/ 69>-0.059101/ 70>-0.046254/ 71>-0.011230/ 72>-0.070590/ 73>


 E=7.5653  -0.015779/ 46>-0.007435/ 47>-0.403699/ 48> 0.034391/ 49>-0.017241/ 50> 0.131047/ 51> 0.068040/ 52>
            0.087056/ 53> 0.038213/ 54> 0.026242/ 55>-0.033784/ 56>-0.040170/ 57>-0.091671/ 58> 0.068483/ 59>
            0.219836/ 60>-0.166758/ 61>-0.052678/ 62> 0.015321/ 63>-0.031531/ 64>-0.134932/ 65> 0.544839/ 66>
            0.079410/ 67> 0.174033/ 68> 0.079110/ 69>-0.488748/ 70>-0.012337/ 71>-0.317213/ 72>-0.100820/ 73>


 E=7.5741   0.012861/  1> 0.157250/  2>-0.009331/  3> 0.006586/  4> 0.480252/  5>-0.045624/  6> 0.037566/  7>
           -0.004597/  8> 0.001335/  9> 0.300708/ 10>-0.070967/ 11>-0.037644/ 12>-0.009889/ 13>-0.011212/ 14>
           -0.000617/ 15>-0.000998/ 16>-0.408404/ 17>-0.020353/ 18>-0.257539/ 19>-0.002516/ 20>-0.059294/ 21>
           -0.010146/ 23> 0.000487/ 24>-0.001382/ 25>-0.088341/ 26> 0.054618/ 27>-0.156324/ 28> 0.007444/ 29>
           -0.035537/ 30>-0.004877/ 32> 0.508802/ 34> 0.065321/ 35> 0.028794/ 36> 0.008323/ 37> 0.000464/ 39>

 0.319005/ 40> 0.024104/ 41> 0.021199/ 42> 0.001509/ 43> 0.056037/ 44> 0.002314/ 45>

 E=7.6176  -0.094907/ 46> 0.024723/ 47> 0.038255/ 48>-0.091008/ 49>-0.002279/ 50>-0.019564/ 51>-0.020553/ 52>
            0.022156/ 53> 0.150486/ 54>-0.001357/ 55> 0.006102/ 56>-0.002728/ 57> 0.031246/ 58> 0.036944/ 59>
           -0.115822/ 60>-0.159682/ 61> 0.007375/ 62>-0.017233/ 63> 0.000758/ 64> 0.031835/ 65> 0.008388/ 66>
           -0.313168/ 67>-0.027374/ 68> 0.054064/ 69> 0.001739/ 70> 0.518866/ 71> 0.088102/ 72>-0.731586/ 73>


 E=7.6873   0.020799/ 46> 0.099622/ 47> 0.150283/ 48> 0.034372/ 49>-0.022857/ 50> 0.277764/ 51> 0.240818/ 52>
            0.159062/ 53> 0.023042/ 54>-0.120119/ 55>-0.357663/ 56> 0.223683/ 57> 0.438322/ 58> 0.047147/ 59>
            0.236203/ 60>-0.044995/ 61> 0.184181/ 62> 0.029531/ 63>-0.383802/ 64> 0.251058/ 65>-0.142202/ 66>
            0.040310/ 67>-0.103402/ 68> 0.246378/ 69>-0.123699/ 70> 0.047114/ 71>-0.054494/ 72> 0.031056/ 73>


 E=7.7982   0.025516/  1> 0.249561/  2>-0.017065/  3> 0.009232/  4> 0.476181/  5>-0.057466/  6> 0.009319/  7>
           -0.002813/  8>-0.001558/  9>-0.160455/ 10>-0.027079/ 11>-0.191826/ 12> 0.017114/ 13>-0.042336/ 14>
            0.005170/ 15>-0.004309/ 16>-0.242798/ 17> 0.048652/ 18>-0.130135/ 19> 0.048484/ 20>-0.036778/ 21>
            0.015025/ 22>-0.008748/ 23> 0.003801/ 24>-0.002032/ 25> 0.446108/ 26> 0.018406/ 27> 0.264873/ 28>
            0.037681/ 29> 0.066412/ 30> 0.011993/ 31> 0.011540/ 32> 0.002337/ 33>-0.267537/ 34>-0.058967/ 35>

 0.066959/ 36> 0.002072/ 37> 0.014328/ 38> 0.001059/ 39>-0.436588/ 40>-0.039102/ 41>-0.021418/ 42>
           -0.001831/ 43>-0.104241/ 44>-0.004880/ 45>

 E=7.8065   0.360936/ 46>-0.099937/ 47> 0.058718/ 48> 0.486008/ 49> 0.016206/ 50>-0.006964/ 51> 0.031605/ 52>
           -0.096776/ 53>-0.559436/ 54>-0.001274/ 55> 0.013527/ 56> 0.004297/ 57>-0.032077/ 58>-0.084513/ 59>
            0.146023/ 60> 0.338679/ 61>-0.004620/ 62>-0.014007/ 63> 0.016985/ 64>-0.039251/ 65>-0.013302/ 66>
            0.156941/ 67> 0.006265/ 68> 0.056695/ 69>-0.045555/ 70> 0.078923/ 71> 0.006861/ 72>-0.337019/ 73>


 E=7.8223   0.025998/ 46> 0.127347/ 47>-0.031142/ 48> 0.079539/ 49>-0.173303/ 50>-0.001631/ 51> 0.417157/ 52>
           -0.158530/ 53> 0.145190/ 54> 0.130444/ 55> 0.139591/ 56>-0.326492/ 57>-0.040949/ 58> 0.155698/ 59>
           -0.243727/ 60> 0.187806/ 61>-0.043599/ 62>-0.303088/ 63> 0.008691/ 64> 0.412625/ 65> 0.229612/ 66>
            0.157438/ 67>-0.017937/ 68> 0.294578/ 69> 0.125218/ 70> 0.108235/ 71> 0.025001/ 72> 0.071600/ 73>


 E=7.8749  -0.006915/  2>-0.012766/  3>-0.045431/  5>-0.110048/  6>-0.002381/  7>-0.009911/  8>-0.101662/ 10>
           -0.386504/ 11>-0.010812/ 12>-0.058003/ 13>-0.005476/ 15>-0.038187/ 17>-0.653459/ 18>-0.005766/ 19>
           -0.118531/ 20>-0.000479/ 21>-0.016777/ 22>-0.002118/ 24> 0.092518/ 26>-0.548721/ 27> 0.012404/ 28>
           -0.093423/ 29> 0.000563/ 30>-0.011573/ 31>-0.000948/ 33> 0.077995/ 34>-0.227216/ 35> 0.006429/ 36>
           -0.027851/ 37>-0.001580/ 39> 0.019513/ 40>-0.042968/ 41> 0.000533/ 42>-0.002291/ 43> 0.001466/ 44>

-0.002538/ 45>

 E=7.9653  -0.045592/  1>-0.359105/  2> 0.026459/  3>-0.010276/  4>-0.363242/  5> 0.057901/  6> 0.052501/  7>
           -0.001809/  8> 0.006811/  9> 0.469987/ 10>-0.014798/ 11> 0.286102/ 12>-0.034975/ 13> 0.050168/ 14>
           -0.008805/ 15> 0.004672/ 16>-0.368521/ 17>-0.011746/ 18>-0.230049/ 19>-0.010523/ 20>-0.129009/ 21>
            0.001371/ 22>-0.043215/ 23> 0.004524/ 24>-0.009960/ 25> 0.191148/ 26> 0.026727/ 27> 0.094049/ 28>
            0.025139/ 29> 0.000542/ 30> 0.007402/ 31>-0.001894/ 32> 0.001021/ 33> 0.063966/ 34>-0.021491/ 35>

 0.138044/ 36> 0.011231/ 37> 0.021200/ 38> 0.002136/ 39>-0.359344/ 40>-0.035704/ 41>-0.005738/ 42>
           -0.000998/ 43>-0.119141/ 44>-0.005896/ 45>

 E=7.9788  -0.007249/ 46> 0.041182/ 47> 0.404828/ 48>-0.051783/ 49>-0.027916/ 50>-0.205525/ 51> 0.054027/ 52>
            0.362140/ 53>-0.071576/ 54> 0.020004/ 55> 0.050681/ 56> 0.040154/ 57> 0.135347/ 58>-0.273665/ 59>
           -0.474265/ 60> 0.128851/ 61>-0.059098/ 62>-0.043820/ 63> 0.124588/ 64> 0.004288/ 65> 0.013596/ 66>
           -0.050702/ 67> 0.133539/ 68> 0.070718/ 69>-0.473708/ 70>-0.060793/ 71>-0.186722/ 72> 0.025522/ 73>


  Q20Q22:  0.00 SEC    QTME:  0.00 SEC

 Q0= 138.525 HBAR/MW0     Q2= -80.295 HBAR/MW0     GAMMA= 39.3 DEG   FOR 79 PARTICLES;  A=197

1
 **********************************************  SINGLE PARTICLE MATRIX ELEMENTS  ***********************************************


   ENY   EMY     A+B     C      D      E    JZ    S0    S+    S-  <R2S> <R4S>  R2DZ  R2D+  R2D-  Q20S  Q22S   Q20   Q22  RHO2    R2


  5.41+ MY=NY -0.787 -0.020   7.50  -1.03  0.57 -0.35  0.13 -0.11  5.50 35.81  1.00  1.79 -0.08  0.68 -1.38  1.72 -1.92  5.50  5.94
  5.62+ 5.41+  0.224 -1.687  -0.21   1.56  0.49  0.01 -0.07 -0.00  5.50 38.85  0.21 -0.31 -0.38 -0.18 -0.33 -0.25 -0.32 -0.00  0.02
  5.63+ 5.41+  1.288  0.664  -0.45  -1.30  0.34  0.06  0.06 -0.19  5.50 45.94  0.56  0.20  0.24  0.01  0.11  0.03  0.10  0.00 -0.01
  5.74+ 5.41+ -0.199  0.253   0.33  -1.00  1.48 -0.01 -0.04 -0.41  5.50 41.83 -0.10 -0.61 -0.15  0.10 -0.10  0.10 -0.09  0.00  0.02
  5.79+ 5.41+  0.000 -0.000   0.00  -0.00  0.00  0.00 -0.00 -0.00************  0.01 -0.00 -0.00 -0.03 -0.01 -0.04 -0.01 -0.00 -0.00
  5.92+ 5.41+ -1.222  1.228   0.36  -1.14 -0.13 -0.14 -0.12 -0.07  5.50 39.03 -0.48 -0.05  0.19  0.29 -0.05  0.32 -0.03  0.00  0.04
  6.13+ 5.41+  0.000 -0.000   0.00  -0.00 -0.00  0.00 -0.00 -0.00************ -0.01 -0.00 -0.00  0.00  0.00  0.00  0.00 -0.00 -0.00
  6.23+ 5.41+ -0.017  0.017   2.63  -5.68 -0.07 -0.00 -0.01 -0.14  5.50 36.48 -0.02 -0.15 -0.10 -0.55  0.86 -0.52  0.78  0.00 -0.16
  6.34+ 5.41+  0.000  0.000   0.00  -0.00 -0.00  0.00  0.00 -0.00************  0.02 -0.00 -0.00  0.12  0.01  0.14  0.02  0.01  0.02
  6.37+ 5.41+  0.006  0.118   0.14  -0.24 -0.03  0.05  0.04 -0.02  5.50 46.62  0.18 -0.06 -0.05 -0.10 -0.11 -0.13 -0.11 -0.00  0.00
  6.51+ 5.41+ -0.000 -0.000   0.00  -0.00  0.00  0.00 -0.00 -0.00************  0.05 -0.00 -0.01 -0.47 -0.02 -0.55 -0.04 -0.06 -0.10

  5.62+ MY=NY  1.550  0.950   9.84  -4.06 -0.14  0.29  0.38  0.03  5.50 40.05 -0.64 -0.53  0.43  0.07  0.18  1.22 -0.50  5.50  5.69
  5.63+ 5.62+  0.637  1.160   4.57  -3.52  0.28 -0.09  0.21 -0.03  5.50 35.70  0.31 -0.22  1.67  2.30  2.18  2.88  2.18 -0.00 -0.03
  5.74+ 5.62+  1.365  0.568   0.05   6.19  0.22 -0.22 -0.27  0.27  5.50 37.73  0.73 -0.63 -0.48 -0.81 -0.36 -0.97 -0.39 -0.00 -0.04
  5.79+ 5.62+  0.000  0.000   0.00   0.00  0.00 -0.00 -0.00  0.00************  0.00 -0.00 -0.00  0.03  0.01  0.03  0.01  0.00  0.00
  5.92+ 5.62+  0.303  0.159  -0.29   6.23  1.19  0.04  0.28 -0.04  5.50 42.34 -0.09 -0.12 -0.35 -0.93 -0.42 -1.11 -0.45 -0.00 -0.04
  6.13+ 5.62+  0.000 -0.000   0.00  -0.00  0.00 -0.00 -0.00 -0.00************ -0.02 -0.01 -0.01 -0.02 -0.00 -0.03 -0.00 -0.00 -0.00
  6.23+ 5.62+  1.513 -1.492  -0.08   0.34  0.48 -0.16 -0.18 -0.01  5.50 41.54 -0.60  0.02  0.27 -0.25  0.14 -0.27  0.11 -0.00 -0.04
  6.34+ 5.62+  0.000 -0.000   0.00  -0.00  0.00 -0.00 -0.00  0.00************ -0.01  0.00 -0.00 -0.20  0.00 -0.23 -0.01 -0.02 -0.04
  6.37+ 5.62+  0.170 -0.209   0.53  -1.46  0.24 -0.02 -0.11  0.06  5.50 37.06 -0.07  0.17  0.12  0.07  0.72  0.16  0.68  0.00 -0.08
  6.51+ 5.62+  0.000 -0.000   0.00   0.00  0.00 -0.00 -0.00  0.00************ -0.12 -0.03 -0.04 -0.18  0.03 -0.20  0.02 -0.02 -0.05

  5.63+ MY=NY  0.495  0.328   5.63  -1.63 -0.78  0.40  0.22 -0.01  5.50 42.58 -1.12 -0.10 -0.74 -1.87 -1.65 -1.21 -2.33  5.50  5.72
  5.74+ 5.63+  0.160  1.147  -0.73   5.13 -0.04 -0.13 -0.23  0.12  5.50 39.82 -0.02 -0.34 -0.44 -0.87 -0.63 -1.07 -0.64 -0.00 -0.01
  5.79+ 5.63+  0.000  0.000   0.00   0.00  0.00 -0.00 -0.00  0.00************ -0.00  0.00  0.00  0.00  0.00  0.01  0.00  0.00  0.00
  5.92+ 5.63+ -0.123  0.228  -0.02   3.80 -1.85  0.01 -0.38 -0.04  5.50 43.96 -0.16  0.35  0.78 -0.62 -0.36 -0.74 -0.38 -0.00 -0.02
  6.13+ 5.63+  0.000 -0.000  -0.00  -0.00  0.00 -0.00 -0.00 -0.00************ -0.02 -0.01 -0.01 -0.01 -0.00 -0.01 -0.00 -0.00 -0.00
  6.23+ 5.63+  1.114 -1.038   0.22  -0.53  0.24 -0.12 -0.09 -0.05  5.50 40.82 -0.52 -0.08  0.11 -0.25 -0.06 -0.29 -0.08  0.00 -0.02
  6.34+ 5.63+  0.000 -0.000  -0.00   0.00  0.00 -0.00  0.00  0.00************ -0.02  0.00  0.00 -0.13 -0.00 -0.16 -0.01 -0.01 -0.03
  6.37+ 5.63+  0.049 -0.042  -0.74   1.47  0.08 -0.00  0.14  0.04  5.50 41.63 -0.01 -0.08 -0.18  0.23 -1.06  0.13 -0.98 -0.00  0.15
  6.51+ 5.63+  0.000 -0.000  -0.00   0.00  0.00 -0.00  0.00 -0.00************ -0.06 -0.02 -0.02 -0.08  0.04 -0.09  0.03 -0.02 -0.03

  5.74+ MY=NY -0.457 -0.473   9.19  -7.31  0.05 -0.30  0.11  0.42  5.50 37.73  0.69 -1.39  0.77 -0.21  1.10  1.01  0.34  5.50  5.55
  5.79+ 5.74+ -0.000 -0.000   0.00  -0.00  0.00 -0.00 -0.00  0.00************ -0.00  0.00  0.00  0.01  0.00  0.01  0.00  0.00  0.00
  5.92+ 5.74+  1.045  1.123  -0.01  -0.39 -0.18  0.06  0.12 -0.15  5.50 38.88 -0.18  0.37  0.40  0.12 -0.04  0.13 -0.03 -0.00  0.02
  6.13+ 5.74+ -0.000  0.000  -0.00   0.00  0.00  0.00  0.00  0.00************ -0.01 -0.01 -0.00  0.06  0.01  0.07  0.01  0.00  0.01
  6.23+ 5.74+ -0.760  0.746  -0.11   0.35  1.25  0.07  0.12  0.44  5.50 41.92  0.33  0.64  0.09  0.23 -0.34  0.22 -0.30  0.00  0.06
  6.34+ 5.74+  0.000 -0.000   0.00  -0.00 -0.00 -0.00  0.00  0.00************  0.02 -0.01 -0.01 -0.03 -0.00 -0.04 -0.00 -0.00 -0.00
  6.37+ 5.74+  1.406 -1.443   0.12  -0.36 -0.16 -0.16  0.11  0.05  5.50 39.22 -0.60  0.05 -0.16  0.25 -0.10  0.27 -0.08  0.00  0.04
  6.51+ 5.74+  0.000 -0.000   0.00   0.00  0.00 -0.00  0.00  0.00************  0.00 -0.01  0.00  0.30 -0.03  0.34 -0.02  0.04  0.07

  5.79+ MY=NY  6.424  6.423  45.70  74.27  0.00  0.00  0.50  0.50  7.50 64.04  0.00  1.06 -1.06  4.36 -3.11  6.11 -3.55  7.50  8.60
  5.92+ 5.79+  0.000  0.000  -0.00  -0.00  0.00  0.00  0.00 -0.00************  0.00 -0.00 -0.00  0.00  0.00  0.01  0.00  0.00  0.00
  6.13+ 5.79+ -1.972  1.977  -0.01   0.08 -1.49 -0.26 -0.28  0.28  7.50 64.12 -0.01 -0.22 -0.22 -0.01 -0.01 -0.01 -0.01 -0.00 -0.00
  6.23+ 5.79+  0.000 -0.000   0.00   0.00  0.00 -0.00  0.00  0.00************ -0.00  0.00  0.00  0.00  0.00  0.00  0.00  0.00  0.00
  6.34+ 5.79+  0.342  0.314  -1.38  16.82  0.01  0.00  0.01  0.01  7.50 33.21 -0.00  0.05 -0.04 -2.24 -1.09 -2.68 -1.15 -0.00 -0.10
  6.37+ 5.79+  0.000 -0.000  -0.00   0.00 -0.00 -0.00  0.00  0.00************ -0.00  0.00  0.00 -0.00 -0.00 -0.00 -0.00 -0.00 -0.00
  6.51+ 5.79+  0.163 -0.212   0.13  -1.63  0.14 -0.05 -0.05  0.05  7.50 68.91 -0.18  0.08  0.09  0.22  0.11  0.26  0.11 -0.00  0.01

  5.92+ MY=NY -0.018  0.284   3.30  -1.56 -0.12  0.46  0.50 -0.00  5.50 38.30 -1.22 -0.49  1.69 -3.62 -0.34 -3.05 -1.21  5.50  5.38
  6.13+ 5.92+  0.000  0.000  -0.00  -0.00  0.00  0.00 -0.00 -0.00************ -0.00 -0.00 -0.00 -0.02 -0.01 -0.03 -0.01 -0.00 -0.00
  6.23+ 5.92+ -0.546  0.497   0.14  -0.10  0.20  0.03 -0.07 -0.04  5.50 39.57  0.28  0.06  0.08  0.11  0.13  0.14  0.13  0.00 -0.01
  6.34+ 5.92+ -0.000  0.000   0.00  -0.00  0.00  0.00 -0.00 -0.00************ -0.00  0.00  0.00  0.01  0.00  0.01  0.00  0.00  0.00
  6.37+ 5.92+ -0.273  0.210   0.04  -0.08  1.97  0.02 -0.50 -0.02  5.50 43.54  0.09  0.40  0.82 -0.07  0.35 -0.03  0.32  0.00 -0.05
  6.51+ 5.92+ -0.000  0.000  -0.00   0.00  0.00  0.00 -0.00 -0.00************  0.01  0.00  0.00 -0.01  0.00 -0.01  0.00 -0.00 -0.00

  6.13+ MY=NY -5.332 -5.372  40.73  34.34 -0.02 -0.00 -0.20 -0.21  7.50 63.91  0.00 -0.88  0.89  3.63 -1.64  5.46 -2.22  7.50  8.35
  6.23+ 6.13+  0.000 -0.000   0.00  -0.00  0.00 -0.00  0.00 -0.00************  0.00 -0.00  0.00 -0.01 -0.00 -0.02 -0.00 -0.00 -0.00
  6.34+ 6.13+  2.560 -2.426   0.17  -1.56 -1.80 -0.17  0.22 -0.21  7.50 64.65  0.49  0.54  0.52  0.18  0.08  0.21  0.09 -0.00  0.01
  6.37+ 6.13+  0.000 -0.000  -0.00  -0.00 -0.00 -0.00  0.00 -0.00************ -0.00 -0.00 -0.00 -0.01 -0.00 -0.01 -0.00 -0.00 -0.00
  6.51+ 6.13+  0.344  0.670   2.33 -21.58  0.13  0.01  0.07  0.10  7.50 62.92 -0.04  0.09 -0.17  2.50  1.08  2.98  1.16 -0.00  0.12

  6.23+ MY=NY -0.953 -0.837   8.40 -10.20  0.13 -0.39  0.05 -0.78  5.50 40.40  0.92  2.17 -0.57 -0.72  3.24  0.69  2.31  5.50  5.24
  6.34+ 6.23+ -0.000 -0.000   0.00   0.00 -0.00  0.00 -0.00  0.00************  0.01 -0.01 -0.00 -0.02  0.00 -0.02 -0.00 -0.00 -0.00
  6.37+ 6.23+ -0.879 -0.957  -0.33   4.33 -0.09  0.14 -0.18  0.20  5.50 40.59 -0.35 -0.41 -0.44 -0.57 -0.35 -0.69 -0.36 -0.00 -0.02
  6.51+ 6.23+ -0.000 -0.000   0.00   0.00  0.00 -0.00 -0.00 -0.00************  0.02 -0.00  0.01 -0.08  0.02 -0.09  0.01 -0.01 -0.02

  6.34+ MY=NY  4.476  3.854  35.28   2.86  0.26  0.03  0.31  0.24  7.50 67.73 -0.03  0.77 -0.67  3.88 -0.94  5.83 -1.56  7.50  8.29
  6.37+ 6.34+  0.000  0.000   0.00  -0.00  0.00  0.00 -0.00  0.00************  0.00 -0.00 -0.00  0.02  0.00  0.02  0.00  0.00  0.00
  6.51+ 6.34+  2.296 -3.508   1.47 -11.40  1.96  0.24  0.24 -0.30  7.50 67.42 -0.18  0.47  0.68  1.20  0.62  1.44  0.65 -0.00  0.05

  6.37+ MY=NY -0.004 -0.198   3.17  -2.91 -0.13  0.45 -0.69 -0.02  5.50 40.44 -1.19  0.71 -2.05 -3.73  1.98 -2.88  0.96  5.50  5.08
  6.51+ 6.37+  0.000 -0.000   0.00  -0.00  0.00  0.00  0.00 -0.00************ -0.01 -0.00 -0.00 -0.00  0.00 -0.00  0.00  0.00  0.00

  6.51+ MY=NY -0.792 -4.176  33.27 -26.73 -1.53 -0.15  0.06 -0.22  7.50 67.02  0.35 -0.03  0.72  4.36  0.18  6.52 -0.48  7.50  8.20

 DECOUP:  0.00 SEC



   #   ENERGY +/-(#)    <Q20>    <Q22>     <R2>     <JZ>      #   ENERGY +/-(#)    <Q20>    <Q22>     <R2>     <JZ>

   1   1.5000  +(# 1)   0.3053  -0.1826   1.5557   0.5000    41   6.1293  -(#21)  -4.1827  -3.3638   6.5747  -4.9612
   2   2.2296  -(# 1)   1.9359  -0.4838   2.7568   0.3436    42   6.1297  +(#21)   5.4647  -2.2215   8.3472  -0.0160
   3   2.4218  -(# 2)  -0.1307  -0.8998   2.6158  -1.0113    43   6.2125  -(#22)   6.1514  -1.2839   7.2799   0.7469
   4   2.8487  -(# 3)  -0.2788   0.4705   2.4058   0.1677    44   6.2271  +(#22)   0.6926   2.3134   5.2368   0.1371
   5   2.9868  +(# 2)   3.6794  -0.7538   3.9645   0.2453    45   6.3428  +(#23)   5.8256  -1.5573   8.2874   0.2598
   6   3.1722  +(# 3)   1.9744  -1.0861   3.8466  -0.5136    46   6.3437  -(#23)   3.8336  -0.0196   6.8746   0.1127
   7   3.3166  +(# 4)  -1.0092  -1.8030   3.6596   1.1450    47   6.3651  +(#24)  -2.8821   0.9592   5.0835  -0.1421
   8   3.6319  +(# 5)   1.8043   0.5238   3.6002   0.4404    48   6.3834  -(#24)   6.7980  -4.2218   9.7621   0.0000
   9   3.7189  -(# 4)   4.1541  -1.5067   5.1180   0.0677    49   6.3880  -(#25)   0.9734  -3.1000   7.0371  -1.4784
  10   3.7385  +(# 6)  -1.1609  -0.7602   3.4960   0.2779    50   6.4909  -(#26)   4.1547   0.4396   6.8402  -0.0988
  11   3.9707  -(# 5)   5.0482  -0.3507   5.0397  -0.7069    51   6.5092  +(#25)   6.5162  -0.4809   8.2006  -1.5471
  12   4.0633  -(# 6)   1.3312  -1.7567   4.8799   1.6555    52   6.5368  +(#26)   6.0856  -2.8697   8.5000  -0.0207
  13   4.1541  +(# 7)  -1.0142   1.3224   3.2128  -0.5950    53   6.6289  -(#27)  -1.6515  -2.8300   6.7439   0.9646
  14   4.2525  -(# 7)  -2.1877  -2.8449   4.6941  -2.4641    54   6.6394  +(#27)   3.7041  -1.2212   8.0336   3.4840
  15   4.4065  -(# 8)   4.5552   0.2301   4.9089   0.3414    55   6.6460  -(#28)  -1.8012  -2.9214   6.7425   1.3850
  16   4.4566  +(# 8)   4.7120  -2.2251   6.2747   0.0128    56   6.7359  -(#29)   5.9738  -2.7899   9.4777  -0.0023
  17   4.4922  -(# 9)   1.0711  -0.8788   4.7294  -0.1580    57   6.7639  +(#28)   6.2144  -2.2466   8.4235  -0.0373
  18   4.6593  -(#10)  -2.2408  -2.2613   4.6056  -0.1130    58   6.8145  +(#29)  -0.7567  -2.5178   7.7861  -4.8928
  19   4.7514  +(# 9)   4.9384  -0.9653   6.1168  -0.3853    59   6.8497  -(#30)  -3.9607  -2.6767   6.4981  -0.6101
  20   4.8634  +(#10)   4.8593  -1.0904   6.1270   1.4032    60   6.9030  +(#30)  -2.6635   3.4081   4.7550  -0.1331
  21   4.9118  -(#11)   1.4874   1.4085   4.4431  -0.4333    61   6.9386  +(#31)   7.4872  -4.8895  10.9243   0.0000
  22   5.0261  +(#11)   1.3352  -1.9317   5.9053  -2.5963    62   6.9667  -(#31)   2.7132   1.7695   6.5105   0.0905
  23   5.0331  -(#12)  -2.1897   0.0454   4.2812   0.3643    63   6.9835  -(#32)   5.9383  -1.9845   9.3593   0.0578
  24   5.1169  +(#12)   4.7823  -1.1307   6.1253   0.0756    64   7.0163  +(#32)   7.9181  -1.3029   8.4539   0.5380
  25   5.1177  -(#13)   5.3518  -2.9115   7.4348   0.0019    65   7.0272  +(#33)  -5.1046  -3.6655   7.5283   6.0030
  26   5.2286  +(#13)  -3.2068  -3.2376   5.6513   3.7127    66   7.0464  +(#34)   4.6091  -0.8589   8.0696   0.2454
  27   5.2435  +(#14)   4.5194  -0.5219   6.0128  -0.1466    67   7.0886  -(#33)   0.4554   0.9935   6.4023  -0.1042
  28   5.4107  +(#15)   1.7230  -1.9237   5.9418   0.5781    68   7.1562  +(#35)   5.0849  -2.1879   8.3056  -1.6658
  29   5.4411  -(#14)   4.9166  -1.6382   7.2107  -0.0821    69   7.1823  -(#34)   6.3799  -0.8606   9.2416  -0.6857
  30   5.4916  -(#15)  -1.8710   2.4361   3.9707   0.4463    70   7.2220  -(#35)   6.8364  -3.7209   9.6943  -0.0026
  31   5.6136  -(#16)   5.7174  -1.0680   7.2070   0.7436    71   7.2468  +(#36)   5.6626  -0.1756   8.0742  -0.1095
  32   5.6222  +(#16)   1.2227  -0.5013   5.6902  -0.1489    72   7.2730  -(#36)  -3.8179  -0.7752   6.2404   0.2219
  33   5.6285  +(#17)  -1.2087  -2.3306   5.7156  -0.8003    73   7.3006  +(#37)   6.5578  -3.3897  10.6200  -0.0003
  34   5.7414  +(#18)   1.0125   0.3438   5.5491   0.0565    74   7.3177  -(#37)   6.5622  -0.2348   9.1699   2.5545
  35   5.7590  -(#17)   4.6951  -0.8012   7.0697  -2.2719    75   7.3618  +(#38)   0.9694  -3.0828   8.0342   1.9947
  36   5.7915  +(#19)   6.1121  -3.5528   8.6001   0.0003    76   7.3879  +(#39)   3.6429  -1.1400   8.0161   1.1805
  37   5.8332  -(#18)   5.3388  -2.1213   7.3207   0.0194    77   7.4565  -(#38)   2.6800  -1.4193   8.9626  -4.6021
  38   5.9157  +(#20)  -3.0464  -1.2108   5.3775  -0.1235    78   7.4818  -(#39)   6.8121  -3.1463   9.6099  -0.0138
  39   5.9199  -(#19)   0.2243  -2.1974   6.8355   3.8300    79   7.5653  +(#40)  -0.1026  -2.3873   7.8309  -1.2079
  40   6.0157  -(#20)   5.6328  -1.3397   7.2376  -0.1055    80   7.5741  +(#41)   6.2608  -2.4346  10.4548   0.0102



     PARITY: +     DIMENSION:  95     MATRIX:   0.0 SEC     DIAGONALISATION:   0.0 SEC
     PARITY: -     DIMENSION:  70     MATRIX:   0.0 SEC     DIAGONALISATION:   0.0 SEC
      TOTAL TIME:   0.0 SEC
