


         KAPPAP      MYP     KAPPAN      MYN
    0    0.1200    0.0000    0.1200    0.0000
    1    0.1200    0.0000    0.1200    0.0000
    2    0.1050    0.0000    0.1050    0.0000
    3    0.0900    0.3000    0.0900    0.2500
    4    0.0650    0.5700    0.0700    0.3900
    5    0.0600    0.6500    0.0620    0.4300
    6    0.0540    0.6900    0.0620    0.3400
    7    0.0540    0.6900    0.0620    0.2600
    8    0.0540    0.6900    0.0620    0.2600


     KAPPA    MY     EPS   GAMMA    EPS4     EPS6     W0/W00   NMAX  COUPL     OMROT      EFAC      QFAC
      SEE TABLE     0.227   34.3   0.000    0.000    1.00573     8     0     0.00000   6.61901   6.26982


                     **** PROTONS ****                     **** STRETCHED COORDINATES ****
    SYMMETRY R1= 1


   BASIS FUNCTIONS /N,L,J,OMEGA>,   PARITY -


   1 / 7 7 15/2 13/2>    15 / 7 5 11/2  1/2>    29 / 7 7 13/2 -7/2>    43 / 5 5 11/2  1/2>    57 / 5 5 11/2-11/2>
   2 / 7 7 13/2 13/2>    16 / 7 5  9/2  1/2>    30 / 7 5 11/2 -7/2>    44 / 5 5  9/2  1/2>    58 / 3 3  7/2  5/2>
   3 / 7 7 15/2  9/2>    17 / 7 3  7/2  1/2>    31 / 7 5  9/2 -7/2>    45 / 5 3  7/2  1/2>    59 / 3 3  5/2  5/2>
   4 / 7 7 13/2  9/2>    18 / 7 3  5/2  1/2>    32 / 7 3  7/2 -7/2>    46 / 5 3  5/2  1/2>    60 / 3 3  7/2  1/2>
   5 / 7 5 11/2  9/2>    19 / 7 1  3/2  1/2>    33 / 7 7 15/2-11/2>    47 / 5 1  3/2  1/2>    61 / 3 3  5/2  1/2>
   6 / 7 5  9/2  9/2>    20 / 7 1  1/2  1/2>    34 / 7 7 13/2-11/2>    48 / 5 1  1/2  1/2>    62 / 3 1  3/2  1/2>
   7 / 7 7 15/2  5/2>    21 / 7 7 15/2 -3/2>    35 / 7 5 11/2-11/2>    49 / 5 5 11/2 -3/2>    63 / 3 1  1/2  1/2>
   8 / 7 7 13/2  5/2>    22 / 7 7 13/2 -3/2>    36 / 7 7 15/2-15/2>    50 / 5 5  9/2 -3/2>    64 / 3 3  7/2 -3/2>
   9 / 7 5 11/2  5/2>    23 / 7 5 11/2 -3/2>    37 / 5 5 11/2  9/2>    51 / 5 3  7/2 -3/2>    65 / 3 3  5/2 -3/2>
  10 / 7 5  9/2  5/2>    24 / 7 5  9/2 -3/2>    38 / 5 5  9/2  9/2>    52 / 5 3  5/2 -3/2>    66 / 3 1  3/2 -3/2>
  11 / 7 3  7/2  5/2>    25 / 7 3  7/2 -3/2>    39 / 5 5 11/2  5/2>    53 / 5 1  3/2 -3/2>    67 / 3 3  7/2 -7/2>
  12 / 7 3  5/2  5/2>    26 / 7 3  5/2 -3/2>    40 / 5 5  9/2  5/2>    54 / 5 5 11/2 -7/2>    68 / 1 1  3/2  1/2>
  13 / 7 7 15/2  1/2>    27 / 7 1  3/2 -3/2>    41 / 5 3  7/2  5/2>    55 / 5 5  9/2 -7/2>    69 / 1 1  1/2  1/2>
  14 / 7 7 13/2  1/2>    28 / 7 7 15/2 -7/2>    42 / 5 3  5/2  5/2>    56 / 5 3  7/2 -7/2>    70 / 1 1  3/2 -3/2>


    SINGLE PARTICLE (PARITY-) WAVE FUNCTIONS IN THE ENERGY INTERVAL 6.0<E<8.0

 E=6.0980  -0.000344/ 37>-0.000786/ 40>-0.000845/ 42>-0.002412/ 43>-0.002347/ 44>-0.001724/ 45>-0.001119/ 46>
            0.001369/ 47> 0.004353/ 48> 0.014570/ 49>-0.004590/ 50> 0.009939/ 51>-0.007773/ 52> 0.033268/ 53>
           -0.098779/ 54> 0.015718/ 55>-0.207566/ 56> 0.972304/ 57>

 E=6.1180   0.007991/ 37> 0.015450/ 38> 0.065205/ 39> 0.238256/ 40>-0.009636/ 41> 0.026428/ 42> 0.046929/ 43>
            0.785519/ 44>-0.027880/ 45> 0.203457/ 46>-0.026255/ 47> 0.041111/ 48>-0.084681/ 49> 0.501155/ 50>
            0.012576/ 51> 0.095134/ 52> 0.009906/ 53>-0.031316/ 54> 0.073994/ 55> 0.001030/ 56> 0.002018/ 57>


 E=6.2479  -0.017871/ 37> 0.024296/ 38>-0.020501/ 39> 0.264008/ 40>-0.125611/ 41> 0.042643/ 42> 0.129759/ 43>
            0.254626/ 44>-0.519469/ 45> 0.142320/ 46>-0.203796/ 47> 0.071281/ 48> 0.059181/ 49>-0.572978/ 50>
           -0.329518/ 51>-0.158759/ 52>-0.077788/ 53>-0.021699/ 54>-0.140718/ 55>-0.032265/ 56>-0.005273/ 57>


 E=6.3773   0.030100/ 37>-0.018984/ 38> 0.053459/ 39>-0.099213/ 40> 0.166570/ 41>-0.022926/ 42>-0.161612/ 43>
            0.390599/ 44> 0.564053/ 45> 0.187406/ 46> 0.167563/ 47> 0.028157/ 48>-0.000895/ 49>-0.552747/ 50>
            0.234114/ 51>-0.104507/ 52> 0.031996/ 53> 0.078519/ 54>-0.134392/ 55> 0.018562/ 56> 0.008510/ 57>


 E=6.3986  -0.022358/ 37>-0.095367/ 38>-0.109112/ 39>-0.857974/ 40> 0.088732/ 41>-0.107728/ 42> 0.096544/ 43>
            0.140228/ 44>-0.213841/ 45> 0.293425/ 46>-0.181897/ 47> 0.143054/ 48>-0.016627/ 49> 0.046080/ 50>
           -0.069787/ 51> 0.030104/ 52>-0.012075/ 53>-0.008972/ 54>-0.010223/ 55>-0.005650/ 56>-0.000707/ 57>


 E=6.5119   0.009418/ 37>-0.015927/ 38> 0.012482/ 39>-0.132743/ 40> 0.087178/ 41>-0.040196/ 42>-0.102649/ 43>
            0.116106/ 44> 0.226303/ 45>-0.222814/ 46> 0.287859/ 47>-0.172182/ 48> 0.200764/ 49> 0.125723/ 50>
           -0.750720/ 51>-0.079982/ 52>-0.171546/ 53>-0.099297/ 54>-0.235471/ 55>-0.118438/ 56>-0.020668/ 57>


 E=6.5427   0.022454/ 37>-0.009281/ 38>-0.014019/ 39>-0.032240/ 40> 0.108667/ 41>-0.023363/ 42>-0.025172/ 43>
            0.070597/ 44> 0.063730/ 45>-0.086654/ 46>-0.025118/ 47>-0.009475/ 48> 0.063083/ 49>-0.105775/ 50>
           -0.142555/ 51>-0.340619/ 52>-0.121305/ 53>-0.104757/ 54> 0.884896/ 55> 0.087448/ 56>-0.004659/ 57>


 E=6.6623  -0.165847/ 37> 0.059400/ 38> 0.154506/ 39>-0.170200/ 40>-0.833331/ 41> 0.082316/ 42>-0.034388/ 43>
            0.026342/ 44> 0.013589/ 45> 0.150862/ 46> 0.386050/ 47>-0.092578/ 48> 0.009640/ 49>-0.063648/ 50>
           -0.005723/ 51> 0.066925/ 52> 0.044976/ 53>-0.010009/ 54> 0.147141/ 55> 0.006396/ 56>-0.003656/ 57>


 E=6.7255  -0.069033/ 37>-0.944407/ 38> 0.016588/ 39> 0.055243/ 40>-0.019898/ 41> 0.300555/ 42>-0.003521/ 43>
           -0.008975/ 44> 0.002942/ 45> 0.017364/ 46>-0.002662/ 47>-0.083056/ 48> 0.000904/ 49>-0.003775/ 50>
            0.002871/ 51> 0.016485/ 52>-0.028509/ 53>-0.003639/ 54> 0.004894/ 55> 0.027706/ 56> 0.007310/ 57>


 E=6.8354  -0.004501/ 37>-0.026697/ 38>-0.028663/ 39>-0.204083/ 40> 0.008225/ 41>-0.091506/ 42> 0.076648/ 43>
            0.315837/ 44>-0.303551/ 45>-0.673184/ 46> 0.160669/ 47>-0.372629/ 48>-0.078963/ 49>-0.089381/ 50>
            0.303667/ 51>-0.108872/ 52> 0.061344/ 53> 0.035214/ 54>-0.069898/ 55> 0.065990/ 56> 0.014331/ 57>


 E=6.8419  -0.008126/  1>-0.089224/  3> 0.002277/  4>-0.006776/  5>-0.373968/  7> 0.007103/  8>-0.047653/  9>
            0.001452/ 10>-0.003797/ 11>-0.688237/ 13> 0.002991/ 14>-0.106372/ 15> 0.000835/ 16>-0.012593/ 17>
           -0.001308/ 19>-0.561367/ 21>-0.006978/ 22>-0.081398/ 23>-0.001750/ 24>-0.008490/ 25>-0.000370/ 26>
           -0.000592/ 27>-0.203122/ 28>-0.004768/ 29>-0.021088/ 30>-0.000706/ 31>-0.001013/ 32>-0.031021/ 33>
           -0.000766/ 34>-0.001390/ 35>-0.001400/ 36>

 E=6.8656   0.001220/ 37>-0.065119/ 38>-0.006700/ 39> 0.009398/ 40> 0.030868/ 41>-0.044693/ 42> 0.009266/ 43>
            0.014220/ 44>-0.037839/ 45>-0.048708/ 46> 0.070575/ 47> 0.105261/ 48>-0.016670/ 49>-0.016251/ 50>
            0.010356/ 51>-0.070151/ 52> 0.409138/ 53> 0.093319/ 54> 0.119811/ 55>-0.860189/ 56>-0.191231/ 57>


 E=6.9646  -0.047379/ 37>-0.007034/ 38> 0.060676/ 39>-0.051479/ 40>-0.331968/ 41> 0.039317/ 42>-0.037542/ 43>
            0.014839/ 44> 0.218195/ 45>-0.169545/ 46>-0.432859/ 47> 0.188759/ 48>-0.013658/ 49> 0.191230/ 50>
            0.108668/ 51>-0.657040/ 52>-0.191612/ 53> 0.025884/ 54>-0.228472/ 55>-0.092949/ 56>-0.012403/ 57>


 E=7.0189   0.026728/  1>-0.000794/  2> 0.228417/  3>-0.010736/  4> 0.019389/  5>-0.000884/  6> 0.594558/  7>
           -0.035898/  8> 0.087365/  9>-0.006375/ 10> 0.008144/ 11>-0.000672/ 12> 0.236539/ 13>-0.047267/ 14>
            0.043592/ 15>-0.009077/ 16> 0.006365/ 17>-0.001425/ 18> 0.000873/ 19>-0.562297/ 21>-0.044912/ 22>
           -0.095681/ 23>-0.008810/ 24>-0.012006/ 25>-0.001386/ 26>-0.001040/ 27>-0.429794/ 28>-0.022669/ 29>
           -0.050608/ 30>-0.003102/ 31>-0.002778/ 32>-0.091817/ 33>-0.003682/ 34>-0.004542/ 35>-0.005035/ 36>


 E=7.1562  -0.058782/  1> 0.002058/  2>-0.384790/  3> 0.022702/  4>-0.033332/  5> 0.001898/  6>-0.496985/  7>
            0.047874/  8>-0.059979/  9> 0.008251/ 10>-0.005088/ 11> 0.000789/ 12> 0.494640/ 13> 0.010591/ 14>
            0.172111/ 15> 0.000567/ 16> 0.035835/ 17>-0.000740/ 18> 0.005922/ 19>-0.000751/ 20>-0.041381/ 21>
           -0.033099/ 22> 0.033152/ 23>-0.005487/ 24> 0.007823/ 25>-0.000422/ 26> 0.000798/ 27>-0.529515/ 28>
           -0.037415/ 29>-0.061131/ 30>-0.005154/ 31>-0.003454/ 32>-0.168285/ 33>-0.008161/ 34>-0.008602/ 35>

-0.011209/ 36>

 E=7.1864  -0.014135/ 37>-0.237964/ 38> 0.007895/ 39> 0.104691/ 40>-0.055641/ 41>-0.608571/ 42> 0.003908/ 43>
           -0.007492/ 44>-0.056980/ 45>-0.103332/ 46> 0.260275/ 47> 0.527983/ 48> 0.009100/ 49> 0.036482/ 50>
           -0.068621/ 51>-0.137763/ 52> 0.302331/ 53>-0.027413/ 54>-0.049008/ 55> 0.276915/ 56> 0.043036/ 57>


 E=7.2555  -0.058141/  1> 0.002239/  2>-0.294203/  3> 0.019876/  4>-0.024815/  5> 0.001597/  6>-0.090259/  7>
            0.020644/  8> 0.014075/  9> 0.001379/ 10> 0.003846/ 11> 0.339715/ 13>-0.015017/ 14> 0.118857/ 15>
           -0.010412/ 16> 0.030036/ 17>-0.003694/ 18> 0.006358/ 19>-0.001476/ 20>-0.535363/ 21>-0.002804/ 22>
           -0.199415/ 23>-0.010805/ 24>-0.041192/ 25>-0.004202/ 26>-0.005035/ 27> 0.589629/ 28> 0.051230/ 29>
            0.057756/ 30> 0.006166/ 31> 0.002757/ 32> 0.294101/ 33> 0.015910/ 34> 0.015102/ 35> 0.023307/ 36>


 E=7.2561   0.026283/ 37> 0.032292/ 38>-0.042015/ 39> 0.043681/ 40> 0.224842/ 41> 0.077314/ 42> 0.047258/ 43>
           -0.130962/ 44>-0.264221/ 45> 0.400232/ 46> 0.526215/ 47>-0.153747/ 48>-0.035540/ 49> 0.162477/ 50>
            0.167501/ 51>-0.549668/ 52>-0.125817/ 53> 0.016192/ 54>-0.118075/ 55>-0.015858/ 56>-0.000446/ 57>


 E=7.3398  -0.210192/  1> 0.008651/  2>-0.792542/  3> 0.059413/  4>-0.061134/  5> 0.004410/  6> 0.447464/  7>
            0.003249/  8> 0.197956/  9>-0.012633/ 10> 0.032580/ 11>-0.003039/ 12>-0.218251/ 13>-0.007939/ 14>
           -0.088719/ 15>-0.005351/ 16>-0.032310/ 17>-0.008436/ 19> 0.001320/ 20> 0.118830/ 21> 0.005936/ 22>
            0.040448/ 23> 0.003427/ 24> 0.008099/ 25> 0.001275/ 26> 0.001111/ 27>-0.059499/ 28>-0.006689/ 29>
           -0.001993/ 30>-0.000531/ 31>-0.058806/ 33>-0.003432/ 34>-0.002967/ 35>-0.005580/ 36>

 E=7.4144  -0.010956/ 37>-0.153660/ 38> 0.010311/ 39> 0.094102/ 40>-0.076929/ 41>-0.607622/ 42> 0.001834/ 43>
           -0.023250/ 44>-0.003529/ 45> 0.098679/ 46>-0.024840/ 47>-0.173255/ 48>-0.019695/ 49>-0.031566/ 50>
            0.154568/ 51> 0.171075/ 52>-0.640864/ 53> 0.030132/ 54> 0.037196/ 55>-0.287022/ 56>-0.036530/ 57>


 E=7.4529   0.003601/  1> 0.007254/  3>-0.000656/  4> 0.000329/  5>-0.013289/  7> 0.000851/  8>-0.004102/  9>
            0.000504/ 10>-0.000686/ 11> 0.032019/ 13>-0.002122/ 14> 0.012875/ 15>-0.001126/ 16> 0.003722/ 17>
           -0.001475/ 18> 0.001732/ 19>-0.000826/ 20>-0.097453/ 21> 0.006189/ 22>-0.049258/ 23> 0.005178/ 24>
           -0.026731/ 25>-0.001554/ 26>-0.005176/ 27> 0.317367/ 28>-0.009452/ 29> 0.189502/ 30> 0.013062/ 31>
            0.019877/ 32>-0.910661/ 33>-0.058491/ 34>-0.042467/ 35>-0.118215/ 36>

 E=7.5926   0.958090/  1>-0.046145/  2>-0.204993/  3>-0.012079/  4>-0.184707/  5> 0.011338/  6> 0.043063/  7>
            0.004039/  8> 0.028842/  9> 0.004504/ 10> 0.025717/ 11>-0.002179/ 12>-0.009454/ 13>-0.000744/ 14>
           -0.004808/ 15>-0.000584/ 16>-0.001828/ 17>-0.001287/ 18>-0.002534/ 19> 0.000353/ 20> 0.002301/ 21>
            0.000802/ 23>-0.000712/ 28> 0.000330/ 33>

 E=7.6585   0.001555/  1> 0.002965/  2> 0.017535/  3> 0.060178/  4>-0.000878/  5> 0.003768/  6> 0.048740/  7>
            0.338726/  8>-0.005121/  9> 0.049546/ 10>-0.002605/ 11> 0.003710/ 12> 0.019674/ 13> 0.712916/ 14>
           -0.003383/ 15> 0.139845/ 16>-0.002749/ 17> 0.021851/ 18>-0.001460/ 19> 0.002927/ 20>-0.046502/ 21>
            0.554578/ 22> 0.006268/ 23> 0.098548/ 24> 0.004363/ 25> 0.012235/ 26> 0.001162/ 27>-0.034256/ 28>
            0.162156/ 29> 0.002582/ 30> 0.017331/ 31> 0.000775/ 32>-0.006519/ 33> 0.016531/ 34>-0.000335/ 36>


 E=7.7536  -0.000434/ 13> 0.000335/ 20> 0.002500/ 21> 0.001687/ 23> 0.000935/ 25>-0.000913/ 26> 0.003166/ 27>
           -0.015755/ 28> 0.002045/ 29>-0.014906/ 30> 0.003470/ 31>-0.026366/ 32> 0.109230/ 33>-0.011475/ 34>
            0.185099/ 35>-0.975947/ 36>

 E=7.7596  -0.005689/ 37>-0.059540/ 38> 0.010264/ 39> 0.056957/ 40>-0.063318/ 41>-0.357829/ 42>-0.014053/ 43>
           -0.052789/ 44> 0.099038/ 45> 0.266617/ 46>-0.307245/ 47>-0.639111/ 48> 0.015005/ 49> 0.038075/ 50>
           -0.113677/ 51>-0.164216/ 52> 0.465680/ 53>-0.013445/ 54>-0.020567/ 55> 0.122892/ 56> 0.012418/ 57>


 E=7.8399  -0.000607/  1>-0.008893/  2>-0.011003/  3>-0.144537/  4> 0.018652/  5>-0.010606/  6>-0.035057/  7>
           -0.526839/  8> 0.129937/  9>-0.094667/ 10> 0.026433/ 11>-0.009121/ 12>-0.038140/ 13>-0.256560/ 14>
            0.280918/ 15>-0.067025/ 16> 0.081353/ 17>-0.015647/ 18> 0.016376/ 19>-0.004460/ 20>-0.040399/ 21>
            0.569987/ 22> 0.220997/ 23> 0.128568/ 24> 0.058255/ 25> 0.021831/ 26> 0.008254/ 27>-0.023885/ 28>
            0.333698/ 29> 0.058561/ 30> 0.042629/ 31> 0.007215/ 32>-0.003708/ 33> 0.046030/ 34> 0.003872/ 35>


 E=7.9673  -0.008553/  1>-0.002517/  2>-0.047502/  3>-0.047184/  4>-0.035039/  5>-0.001936/  6>-0.020498/  7>
           -0.202742/  8>-0.270425/  9>-0.022411/ 10>-0.047271/ 11> 0.158908/ 13>-0.140564/ 14>-0.660925/ 15>
           -0.030320/ 16>-0.195034/ 17>-0.001416/ 18>-0.038084/ 19> 0.004375/ 20> 0.069114/ 21> 0.264113/ 22>
           -0.473337/ 23> 0.039026/ 24>-0.115143/ 25>-0.013302/ 27>-0.060010/ 28> 0.156132/ 29>-0.107736/ 30>
            0.013798/ 31>-0.010398/ 32>-0.025412/ 33> 0.020983/ 34>-0.006437/ 35>-0.001860/ 36>

 E=7.9868   0.003976/  1> 0.021478/  2> 0.029036/  3> 0.285375/  4>-0.026637/  5> 0.020953/  6> 0.033587/  7>
            0.621699/  8>-0.108543/  9> 0.099343/ 10>-0.025036/ 11> 0.009304/ 12>-0.011992/ 13>-0.490208/ 14>
           -0.006095/ 15>-0.243386/ 16> 0.009312/ 17>-0.071507/ 18> 0.009468/ 19>-0.015756/ 20>-0.011201/ 21>
            0.148309/ 22> 0.118913/ 23>-0.001272/ 24> 0.032955/ 25>-0.001435/ 26> 0.004224/ 27>-0.025307/ 28>
            0.388890/ 29> 0.060672/ 30> 0.049093/ 31> 0.008211/ 32>-0.007665/ 33> 0.073079/ 34> 0.005296/ 35>

-0.000320/ 36>

  Q20Q22:  0.00 SEC    QTME:  0.00 SEC



    SYMMETRY R1= 1


   BASIS FUNCTIONS /N,L,J,OMEGA>,   PARITY +


   1 / 8 8 17/2 17/2>    20 / 8 6 11/2  1/2>    39 / 8 4  7/2 -7/2>    58 / 6 4  7/2  1/2>    77 / 4 2  5/2  5/2>
   2 / 8 8 17/2 13/2>    21 / 8 4  9/2  1/2>    40 / 8 8 17/2-11/2>    59 / 6 2  5/2  1/2>    78 / 4 4  9/2  1/2>
   3 / 8 8 15/2 13/2>    22 / 8 4  7/2  1/2>    41 / 8 8 15/2-11/2>    60 / 6 2  3/2  1/2>    79 / 4 4  7/2  1/2>
   4 / 8 6 13/2 13/2>    23 / 8 2  5/2  1/2>    42 / 8 6 13/2-11/2>    61 / 6 0  1/2  1/2>    80 / 4 2  5/2  1/2>
   5 / 8 8 17/2  9/2>    24 / 8 2  3/2  1/2>    43 / 8 6 11/2-11/2>    62 / 6 6 13/2 -3/2>    81 / 4 2  3/2  1/2>
   6 / 8 8 15/2  9/2>    25 / 8 0  1/2  1/2>    44 / 8 8 17/2-15/2>    63 / 6 6 11/2 -3/2>    82 / 4 0  1/2  1/2>
   7 / 8 6 13/2  9/2>    26 / 8 8 17/2 -3/2>    45 / 8 8 15/2-15/2>    64 / 6 4  9/2 -3/2>    83 / 4 4  9/2 -3/2>
   8 / 8 6 11/2  9/2>    27 / 8 8 15/2 -3/2>    46 / 6 6 13/2 13/2>    65 / 6 4  7/2 -3/2>    84 / 4 4  7/2 -3/2>
   9 / 8 4  9/2  9/2>    28 / 8 6 13/2 -3/2>    47 / 6 6 13/2  9/2>    66 / 6 2  5/2 -3/2>    85 / 4 2  5/2 -3/2>
  10 / 8 8 17/2  5/2>    29 / 8 6 11/2 -3/2>    48 / 6 6 11/2  9/2>    67 / 6 2  3/2 -3/2>    86 / 4 2  3/2 -3/2>
  11 / 8 8 15/2  5/2>    30 / 8 4  9/2 -3/2>    49 / 6 4  9/2  9/2>    68 / 6 6 13/2 -7/2>    87 / 4 4  9/2 -7/2>
  12 / 8 6 13/2  5/2>    31 / 8 4  7/2 -3/2>    50 / 6 6 13/2  5/2>    69 / 6 6 11/2 -7/2>    88 / 4 4  7/2 -7/2>
  13 / 8 6 11/2  5/2>    32 / 8 2  5/2 -3/2>    51 / 6 6 11/2  5/2>    70 / 6 4  9/2 -7/2>    89 / 2 2  5/2  5/2>
  14 / 8 4  9/2  5/2>    33 / 8 2  3/2 -3/2>    52 / 6 4  9/2  5/2>    71 / 6 4  7/2 -7/2>    90 / 2 2  5/2  1/2>
  15 / 8 4  7/2  5/2>    34 / 8 8 17/2 -7/2>    53 / 6 4  7/2  5/2>    72 / 6 6 13/2-11/2>    91 / 2 2  3/2  1/2>
  16 / 8 2  5/2  5/2>    35 / 8 8 15/2 -7/2>    54 / 6 2  5/2  5/2>    73 / 6 6 11/2-11/2>    92 / 2 0  1/2  1/2>
  17 / 8 8 17/2  1/2>    36 / 8 6 13/2 -7/2>    55 / 6 6 13/2  1/2>    74 / 4 4  9/2  9/2>    93 / 2 2  5/2 -3/2>
  18 / 8 8 15/2  1/2>    37 / 8 6 11/2 -7/2>    56 / 6 6 11/2  1/2>    75 / 4 4  9/2  5/2>    94 / 2 2  3/2 -3/2>
  19 / 8 6 13/2  1/2>    38 / 8 4  9/2 -7/2>    57 / 6 4  9/2  1/2>    76 / 4 4  7/2  5/2>    95 / 0 0  1/2  1/2>


    SINGLE PARTICLE (PARITY+) WAVE FUNCTIONS IN THE ENERGY INTERVAL 6.0<E<8.0

 E=6.1185   0.073734/ 74>-0.054529/ 75> 0.084613/ 76> 0.421459/ 77> 0.024345/ 78>-0.043089/ 79>-0.151763/ 80>
            0.202965/ 81> 0.437703/ 82> 0.015638/ 83>-0.141915/ 84>-0.104479/ 85> 0.636795/ 86>-0.026757/ 87>
            0.333194/ 88>

 E=6.1858  -0.003235/ 46>-0.063612/ 47> 0.001927/ 48>-0.003520/ 49>-0.346270/ 50> 0.008934/ 51>-0.044092/ 52>
            0.001867/ 53>-0.002833/ 54>-0.713693/ 55> 0.004542/ 56>-0.120355/ 57> 0.001595/ 58>-0.015713/ 59>
            0.000686/ 60>-0.001698/ 61>-0.559739/ 62>-0.009861/ 63>-0.085966/ 64>-0.002865/ 65>-0.009028/ 66>
           -0.000630/ 67>-0.168508/ 68>-0.005085/ 69>-0.015797/ 70>-0.000609/ 71>-0.017791/ 72>-0.000443/ 73>


 E=6.3585   0.010485/ 46> 0.165136/ 47>-0.008807/ 48> 0.010289/ 49> 0.581779/ 50>-0.043190/ 51> 0.087158/ 52>
           -0.007832/ 53> 0.006678/ 54> 0.275077/ 55>-0.062418/ 56> 0.058468/ 57>-0.013752/ 58> 0.010122/ 59>
           -0.002698/ 60> 0.001659/ 61>-0.616210/ 62>-0.059335/ 63>-0.114702/ 64>-0.013299/ 65>-0.015075/ 66>
           -0.002167/ 67>-0.373222/ 68>-0.023711/ 69>-0.040163/ 70>-0.002621/ 71>-0.053258/ 72>-0.002083/ 73>


 E=6.4125   0.031393/ 74>-0.032544/ 75> 0.058511/ 76> 0.239260/ 77> 0.033699/ 78>-0.104258/ 79>-0.201324/ 80>
            0.345578/ 81> 0.581944/ 82>-0.027729/ 83> 0.135252/ 84> 0.143328/ 85>-0.601724/ 86> 0.016694/ 87>
           -0.157203/ 88>

 E=6.4824  -0.023519/ 46>-0.298919/ 47> 0.018773/ 48>-0.019058/ 49>-0.608180/ 50> 0.060810/ 51>-0.081510/ 52>
            0.010897/ 53>-0.006212/ 54> 0.511740/ 55> 0.012063/ 56> 0.213750/ 57>-0.001957/ 58> 0.051700/ 59>
           -0.003699/ 60> 0.009035/ 61>-0.148765/ 62>-0.038250/ 63> 0.007459/ 64>-0.007605/ 65> 0.003230/ 66>
           -0.000723/ 67>-0.429463/ 68>-0.033304/ 69>-0.046015/ 70>-0.003746/ 71>-0.084255/ 72>-0.003785/ 73>


 E=6.5700  -0.012619/ 46>-0.132596/ 47> 0.009305/ 48>-0.008455/ 49>-0.126473/ 50> 0.017975/ 51>-0.008295/ 52>
            0.001872/ 53> 0.263575/ 55>-0.013342/ 56> 0.104888/ 57>-0.014126/ 58> 0.033067/ 59>-0.007026/ 60>
            0.007974/ 61>-0.466096/ 62> 0.005867/ 63>-0.219975/ 64>-0.015710/ 65>-0.047210/ 66>-0.006326/ 67>
            0.751087/ 68> 0.067070/ 69> 0.075700/ 70> 0.006943/ 71> 0.202387/ 72> 0.009934/ 73>

 E=6.6724  -0.114903/ 46>-0.902010/ 47> 0.069227/ 48>-0.054514/ 49> 0.320005/ 50> 0.013444/ 51> 0.207613/ 52>
           -0.017216/ 53> 0.028484/ 54>-0.108615/ 55>-0.008047/ 56>-0.051534/ 57>-0.009086/ 58>-0.030293/ 59>
            0.001041/ 60>-0.008600/ 61> 0.044682/ 62> 0.003012/ 63> 0.017151/ 64> 0.000960/ 65> 0.002887/ 66>
            0.000514/ 67>-0.023841/ 68>-0.002358/ 69>-0.001506/ 70>-0.011748/ 72>-0.000605/ 73>

 E=6.8073  -0.000322/ 46>-0.001447/ 47> 0.002916/ 50>-0.000385/ 51> 0.000786/ 52>-0.000451/ 53>-0.009972/ 55>
            0.000639/ 56>-0.004826/ 57>-0.000621/ 59> 0.002604/ 60>-0.001729/ 61> 0.042556/ 62>-0.005189/ 63>
            0.026802/ 64>-0.007388/ 65> 0.029595/ 66> 0.003462/ 67>-0.198776/ 68> 0.015750/ 69>-0.200222/ 70>
           -0.015553/ 71> 0.955609/ 72> 0.055461/ 73>

 E=6.8972  -0.001012/ 46>-0.014947/ 47>-0.035397/ 48> 0.000630/ 49>-0.061367/ 50>-0.295146/ 51> 0.005941/ 52>
           -0.041364/ 53> 0.002696/ 54>-0.030000/ 55>-0.744007/ 56> 0.007491/ 57>-0.167028/ 58> 0.007547/ 59>
           -0.030329/ 60> 0.005213/ 61> 0.065527/ 62>-0.539955/ 63>-0.008675/ 64>-0.102866/ 65>-0.007269/ 66>
           -0.011499/ 67> 0.036840/ 68>-0.119524/ 69>-0.002029/ 70>-0.009738/ 71> 0.003681/ 72>-0.006667/ 73>


 E=6.9669   0.973548/ 46>-0.103429/ 47>-0.014119/ 48>-0.199757/ 49> 0.014644/ 50> 0.002404/ 51> 0.013240/ 52>
            0.005160/ 53> 0.030918/ 54>-0.002309/ 55>-0.000547/ 56>-0.001607/ 57>-0.001822/ 60>-0.003793/ 61>
            0.000451/ 62>-0.000526/ 67>

 E=7.0617  -0.001211/ 46>-0.003111/ 47> 0.075907/ 48>-0.010773/ 49> 0.023241/ 50> 0.430597/ 51>-0.138616/ 52>
            0.078521/ 53>-0.022710/ 54> 0.074646/ 55> 0.283317/ 56>-0.383515/ 57> 0.099451/ 58>-0.131186/ 59>
            0.034160/ 60>-0.030454/ 61> 0.055362/ 62>-0.588679/ 63>-0.280934/ 64>-0.152409/ 65>-0.077835/ 66>
           -0.025809/ 67> 0.007050/ 68>-0.241108/ 69>-0.050674/ 70>-0.024423/ 71>-0.002381/ 72>-0.017438/ 73>


 E=7.1846  -0.004109/ 46>-0.043666/ 47>-0.003087/ 48>-0.016785/ 49>-0.046473/ 50>-0.101927/ 51>-0.219131/ 52>
           -0.003991/ 53>-0.030084/ 54> 0.174642/ 55>-0.282312/ 56>-0.635085/ 57>-0.099366/ 58>-0.209462/ 59>
           -0.013998/ 60>-0.037247/ 61> 0.043240/ 62> 0.411845/ 63>-0.374923/ 64> 0.071405/ 65>-0.085612/ 66>
            0.002732/ 67>-0.081365/ 68> 0.180262/ 69>-0.055766/ 70> 0.013507/ 71>-0.019216/ 72> 0.012943/ 73>


 E=7.1993  -0.001774/ 46>-0.032842/ 47>-0.189670/ 48> 0.011893/ 49>-0.064190/ 50>-0.772975/ 51> 0.082443/ 52>
           -0.122491/ 53> 0.018375/ 54> 0.051211/ 55> 0.386417/ 56>-0.109532/ 57> 0.284774/ 58>-0.076284/ 59>
            0.107874/ 60>-0.040644/ 61> 0.016668/ 62>-0.132381/ 63>-0.154257/ 64>-0.013855/ 65>-0.043779/ 66>
           -0.004515/ 67> 0.002650/ 68>-0.170922/ 69>-0.037638/ 70>-0.017077/ 71>-0.000750/ 72>-0.015927/ 73>


 E=7.3088  -0.001792/ 47>-0.026715/ 48> 0.003149/ 49>-0.010252/ 50>-0.057789/ 51> 0.010606/ 52>-0.006476/ 53>
           -0.000638/ 54> 0.021111/ 55> 0.102507/ 56>-0.061482/ 57> 0.072894/ 58>-0.091971/ 59> 0.054033/ 60>
           -0.043464/ 61>-0.014023/ 62>-0.288722/ 63> 0.134887/ 64>-0.253584/ 65>-0.018417/ 66>-0.057720/ 67>
           -0.055997/ 68> 0.867756/ 69> 0.137784/ 70> 0.083446/ 71>-0.008033/ 72> 0.102392/ 73>

 E=7.3645   0.005435/ 46> 0.044368/ 47>-0.007423/ 48> 0.025404/ 49>-0.016650/ 50> 0.021693/ 51> 0.266805/ 52>
           -0.050856/ 53> 0.049003/ 54>-0.124351/ 55> 0.064283/ 56> 0.319258/ 57>-0.218068/ 58> 0.223539/ 59>
           -0.126321/ 60> 0.091080/ 61> 0.208245/ 62> 0.038329/ 63>-0.691362/ 64>-0.196382/ 65>-0.236120/ 66>
           -0.066293/ 67>-0.087801/ 68> 0.144622/ 69>-0.158953/ 70>-0.004849/ 71>-0.037684/ 72> 0.014815/ 73>


 E=7.4595  -0.001054/ 46> 0.029420/ 47> 0.901354/ 48>-0.106069/ 49> 0.036962/ 50>-0.191868/ 51>-0.241841/ 52>
           -0.228557/ 53> 0.005011/ 54>-0.020297/ 55> 0.044967/ 56> 0.046670/ 57> 0.039318/ 58> 0.125089/ 59>
            0.035499/ 60> 0.027769/ 61> 0.011428/ 62>-0.019554/ 63>-0.030820/ 64>-0.005923/ 65> 0.013154/ 66>
            0.002649/ 67>-0.001712/ 68> 0.024374/ 69>-0.019114/ 70> 0.001019/ 71>-0.005337/ 72> 0.002786/ 73>


 E=7.4608  -0.000605/  1>-0.014908/  2>-0.000556/  4>-0.113796/  5> 0.002391/  6>-0.009876/  7>-0.000373/  9>
           -0.393535/ 10> 0.005677/ 11>-0.049050/ 12> 0.001090/ 13>-0.004137/ 14>-0.666890/ 17> 0.002114/ 18>
           -0.095672/ 19> 0.000499/ 20>-0.010410/ 21>-0.000996/ 23>-0.559370/ 26>-0.005151/ 27>-0.076609/ 28>
           -0.001134/ 29>-0.007676/ 30>-0.000604/ 32>-0.231858/ 34>-0.004278/ 35>-0.024939/ 36>-0.000663/ 37>
           -0.001573/ 38>-0.045964/ 40>-0.001004/ 41>-0.002905/ 42>-0.003685/ 44>

 E=7.4842  -0.022451/ 46>-0.146175/ 47>-0.266521/ 48>-0.072868/ 49> 0.186235/ 50>-0.079693/ 51>-0.765934/ 52>
            0.169981/ 53>-0.136422/ 54>-0.082607/ 55> 0.026361/ 56> 0.161094/ 57> 0.091767/ 58> 0.370022/ 59>
           -0.064850/ 60> 0.159081/ 61> 0.040072/ 62>-0.038550/ 63>-0.093102/ 64> 0.019288/ 65> 0.007995/ 66>
            0.003915/ 67>-0.009635/ 68> 0.065300/ 69>-0.038718/ 70> 0.006615/ 71>-0.010427/ 72> 0.007313/ 73>


 E=7.6402   0.000719/ 46>-0.001655/ 47> 0.010463/ 48> 0.000902/ 49> 0.003480/ 50>-0.007826/ 51>-0.012498/ 52>
            0.009434/ 53>-0.010225/ 54>-0.005610/ 55> 0.002103/ 56> 0.013936/ 57>-0.006588/ 58>-0.011565/ 59>
           -0.037408/ 60> 0.031887/ 61> 0.015936/ 62> 0.017367/ 63>-0.031949/ 64> 0.037086/ 65>-0.175636/ 66>
            0.021434/ 67>-0.057034/ 68>-0.127283/ 69> 0.409512/ 70>-0.194468/ 71> 0.029154/ 72> 0.858230/ 73>


 E=7.6408   0.002343/  1> 0.048572/  2>-0.001531/  3> 0.001971/  4> 0.282080/  5>-0.011414/  6> 0.027147/  7>
           -0.001226/  8> 0.001142/  9> 0.588678/ 10>-0.029698/ 11> 0.083153/ 12>-0.004956/ 13> 0.008053/ 14>
           -0.000586/ 15> 0.000463/ 16> 0.209522/ 17>-0.037081/ 18> 0.034674/ 19>-0.006403/ 20> 0.004453/ 21>
           -0.000870/ 22> 0.000521/ 23>-0.517929/ 26>-0.035335/ 27>-0.081225/ 28>-0.006200/ 29>-0.009496/ 30>
           -0.000865/ 31>-0.000894/ 32>-0.467332/ 34>-0.020651/ 35>-0.056338/ 36>-0.002953/ 37>-0.004015/ 38>

-0.132994/ 40>-0.004877/ 41>-0.009232/ 42>-0.013213/ 44>

 E=7.6496  -0.000580/ 46>-0.002597/ 47> 0.020478/ 48>-0.005490/ 49> 0.006864/ 50>-0.017672/ 51>-0.025785/ 52>
            0.020859/ 53>-0.010890/ 54>-0.011232/ 55> 0.009615/ 56> 0.025821/ 57>-0.013168/ 58>-0.018550/ 59>
           -0.089411/ 60> 0.039438/ 61> 0.034180/ 62> 0.010117/ 63>-0.060607/ 64> 0.057294/ 65>-0.326177/ 66>
           -0.083745/ 67>-0.130748/ 68>-0.072054/ 69> 0.770238/ 70> 0.192830/ 71> 0.174670/ 72>-0.426774/ 73>


 E=7.6947  -0.002019/ 46>-0.014529/ 47>-0.053462/ 48>-0.005763/ 49>-0.003053/ 50>-0.140576/ 51>-0.075273/ 52>
           -0.156842/ 53> 0.010566/ 54> 0.054700/ 55> 0.292251/ 56>-0.210346/ 57>-0.698133/ 58> 0.079842/ 59>
           -0.375258/ 60> 0.129645/ 61>-0.065980/ 62>-0.012383/ 63> 0.242842/ 64>-0.283382/ 65> 0.078099/ 66>
           -0.053510/ 67> 0.029246/ 68>-0.089408/ 69> 0.014004/ 70>-0.029306/ 71> 0.002746/ 72>-0.006934/ 73>


 E=7.7874   0.006046/  1> 0.105214/  2>-0.004046/  3> 0.004431/  4> 0.447536/  5>-0.024031/  6> 0.043617/  7>
           -0.002610/  8> 0.001907/  9> 0.403978/ 10>-0.038563/ 11> 0.041988/ 12>-0.006173/ 13> 0.003142/ 14>
           -0.000649/ 15>-0.473374/ 17>-0.009166/ 18>-0.141299/ 19>-0.001044/ 20>-0.025805/ 21>-0.003795/ 23>
           -0.000454/ 25>-0.039676/ 26> 0.027177/ 27>-0.044539/ 28> 0.004116/ 29>-0.008981/ 30> 0.000326/ 31>
           -0.001088/ 32> 0.549301/ 34> 0.035368/ 35> 0.063481/ 36> 0.005042/ 37> 0.004547/ 38> 0.000365/ 39>

 0.248797/ 40> 0.011512/ 41> 0.017809/ 42> 0.000751/ 43> 0.031034/ 44> 0.000866/ 45>

 E=7.8121  -0.004377/ 46>-0.025625/ 47> 0.008779/ 48>-0.029226/ 49> 0.052791/ 50>-0.016188/ 51>-0.228078/ 52>
            0.071542/ 53>-0.085598/ 54>-0.046961/ 55>-0.047150/ 56> 0.260780/ 57>-0.024929/ 58>-0.432666/ 59>
            0.209866/ 60>-0.273375/ 61>-0.005032/ 62> 0.211023/ 63> 0.081794/ 64>-0.602292/ 65>-0.248778/ 66>
           -0.196867/ 67> 0.017770/ 68>-0.155897/ 69>-0.073854/ 70>-0.080999/ 71>-0.006828/ 72>-0.022677/ 73>


 E=7.8482   0.188260/ 46>-0.084921/ 47> 0.083496/ 48> 0.894056/ 49> 0.015285/ 50>-0.009565/ 51>-0.033011/ 52>
           -0.049955/ 53>-0.366761/ 54>-0.002907/ 55> 0.003200/ 56> 0.007031/ 57>-0.005131/ 58>-0.016273/ 59>
            0.033142/ 60> 0.099589/ 61>-0.001554/ 63> 0.003042/ 64>-0.002110/ 65>-0.010314/ 66> 0.029137/ 67>
            0.000938/ 68> 0.003659/ 69>-0.006742/ 70>-0.009989/ 71>-0.000605/ 72>-0.010407/ 73>

 E=7.9015  -0.009826/  1>-0.144820/  2> 0.006277/  3>-0.006162/  4>-0.435836/  5> 0.028142/  6>-0.039669/  7>
            0.002876/  8>-0.001640/  9> 0.033402/ 10> 0.017978/ 11> 0.048231/ 12> 0.009274/ 14>-0.000407/ 15>
            0.000789/ 16> 0.331369/ 17>-0.016272/ 18> 0.101627/ 19>-0.008189/ 20> 0.021670/ 21>-0.002178/ 22>
            0.003909/ 23>-0.000568/ 24> 0.000609/ 25>-0.538024/ 26>-0.005779/ 27>-0.171006/ 28>-0.007372/ 29>
           -0.032601/ 30>-0.002399/ 31>-0.004481/ 32>-0.000520/ 33> 0.437453/ 34> 0.039284/ 35> 0.033865/ 36>

 0.004511/ 37> 0.001215/ 38> 0.378286/ 40> 0.020155/ 41> 0.026832/ 42> 0.001292/ 43> 0.059308/ 44>
            0.001839/ 45>

 E=7.9846   0.023198/  1> 0.296147/  2>-0.013820/  3> 0.012519/  4> 0.618253/  5>-0.046009/  6> 0.046626/  7>
           -0.004098/  8> 0.001491/  9>-0.527382/ 10> 0.005408/ 11>-0.181032/ 12> 0.009686/ 13>-0.030107/ 14>
            0.002547/ 15>-0.002595/ 16> 0.340557/ 17> 0.006333/ 18> 0.120693/ 19> 0.002844/ 20> 0.033957/ 21>
            0.007542/ 23>-0.000440/ 24> 0.001270/ 25>-0.206171/ 26>-0.009291/ 27>-0.062292/ 28>-0.004861/ 29>
           -0.011654/ 30>-0.001461/ 31>-0.001734/ 32> 0.063111/ 34> 0.010547/ 35>-0.008365/ 36> 0.000379/ 37>

-0.001828/ 38> 0.170253/ 40> 0.009930/ 41> 0.011600/ 42> 0.000612/ 43> 0.032959/ 44> 0.001091/ 45>


  Q20Q22:  0.00 SEC    QTME:  0.00 SEC

 Q0=  74.278 HBAR/MW0     Q2= -34.199 HBAR/MW0     GAMMA= 33.1 DEG   FOR 79 PARTICLES;  A=197

1
 **********************************************  SINGLE PARTICLE MATRIX ELEMENTS  ***********************************************


   ENY   EMY     A+B     C      D      E    JZ    S0    S+    S-  <R2S> <R4S>  R2DZ  R2D+  R2D-  Q20S  Q22S   Q20   Q22  RHO2    R2


  5.55+ MY=NY -0.744  2.182  11.33  -7.44 -0.25  0.04  0.40 -0.05  5.50 34.54 -0.53  0.55  1.47  1.86  0.63  2.76  0.35  5.50  5.65
  5.58+ 5.55+ -1.622 -0.281  -1.65   2.07  0.49 -0.24 -0.08  0.16  5.50 41.43  0.92  1.20 -0.79 -0.74 -1.38 -0.87 -1.32 -0.00  0.03
  5.66+ 5.55+ -1.188 -1.167   0.15  -6.45  0.73  0.07  0.18 -0.35  5.50 41.03 -0.59 -0.02  0.34  0.55  0.68  0.63  0.66  0.00  0.00
  5.77+ 5.55+  0.313  0.763  -0.01  -3.85  0.17  0.05  0.07 -0.13  5.50 43.32  0.16  0.04  0.12  0.23  0.18  0.26  0.18  0.00  0.01
  5.84+ 5.55+ -0.855  0.437   0.61  -6.65 -0.08 -0.08 -0.05 -0.01  5.50 43.35 -0.17 -0.08  0.01  0.78  0.53  0.87  0.52 -0.00  0.02
  5.97+ 5.55+ -1.335  1.263   1.66  -4.19 -0.16  0.20  0.20 -0.04  5.50 39.04  0.59 -0.02 -0.21 -0.15  0.83 -0.12  0.78 -0.00 -0.05
  6.12+ 5.55+  0.080  0.170  -0.04   0.37 -0.13  0.06  0.08 -0.08  5.50 41.41  0.15 -0.08 -0.05 -0.19 -0.09 -0.21 -0.09  0.00 -0.01
  6.19+ 5.55+ -0.000  0.000  -0.00   0.00  0.00 -0.00 -0.00  0.00************  0.00 -0.00 -0.00 -0.07 -0.02 -0.08 -0.02 -0.00 -0.01
  6.36+ 5.55+ -0.000  0.000   0.00  -0.00  0.00  0.00  0.00  0.00************  0.03  0.01  0.01  0.05  0.01  0.05  0.01  0.00  0.01
  6.41+ 5.55+ -0.033  0.065   2.23  -3.82  0.01  0.02  0.02  0.02  5.50 32.91  0.05  0.00  0.00 -1.01  0.16 -1.08  0.13 -0.00 -0.08
  6.48+ 5.55+  0.000 -0.000  -0.00   0.00 -0.00 -0.00  0.00 -0.00************  0.04 -0.02  0.01  0.18 -0.03  0.19 -0.03  0.02  0.03

  5.58+ MY=NY  0.961 -0.358   8.10  -0.23  1.14 -0.11  0.22  0.01  5.50 42.92  0.93  1.07  0.57  1.06 -0.66  1.83 -0.89  5.50  5.67
  5.66+ 5.58+  0.655  0.769   1.14   2.22  1.32 -0.07 -0.20 -0.08  5.50 39.97  0.31 -1.04 -0.45 -0.66 -0.01 -0.71 -0.02 -0.00 -0.04
  5.77+ 5.58+  0.407  1.809  -0.42   0.08 -0.01  0.07  0.08 -0.19  5.50 41.03  0.27  0.05  0.25 -0.10 -0.03 -0.11 -0.03  0.00 -0.00
  5.84+ 5.58+ -0.861  0.714   0.90   2.60 -0.01 -0.11 -0.12 -0.06  5.50 40.91 -0.47 -0.04  0.13 -0.50 -0.22 -0.55 -0.22  0.00 -0.02
  5.97+ 5.58+  0.964 -0.893   1.67  -4.43  0.20 -0.16 -0.16 -0.24  5.50 41.17 -0.46 -0.07 -0.05 -0.87  1.38 -0.87  1.28 -0.00 -0.13
  6.12+ 5.58+  0.285  0.028   0.11  -0.71  0.08  0.05  0.04 -0.00  5.50 56.61  0.13 -0.02 -0.04 -0.03 -0.02 -0.03 -0.02  0.00 -0.00
  6.19+ 5.58+ -0.000 -0.000   0.00  -0.00 -0.00 -0.00 -0.00 -0.00************  0.01 -0.00 -0.00 -0.01 -0.01 -0.01 -0.01  0.00 -0.00
  6.36+ 5.58+ -0.000  0.000  -0.00   0.00  0.00 -0.00 -0.00 -0.00************ -0.03 -0.01 -0.01 -0.04 -0.00 -0.05 -0.00 -0.00 -0.01
  6.41+ 5.58+ -0.155  0.120  -1.44   2.42  0.01 -0.05 -0.04 -0.05  5.50 34.06 -0.13 -0.00 -0.00  0.70 -0.13  0.75 -0.11  0.00  0.05
  6.48+ 5.58+  0.000 -0.000   0.00  -0.00  0.00  0.00  0.00  0.00************  0.01  0.00 -0.01 -0.15  0.02 -0.16  0.01 -0.01 -0.02

  5.66+ MY=NY  0.219 -0.635   8.17  -3.29 -0.16 -0.33 -0.01  0.28  5.50 38.61  0.96 -1.71  0.43 -0.19  0.48  0.54  0.15  5.50  5.53
  5.77+ 5.66+ -0.634  0.984   0.02   1.13  0.03 -0.08 -0.05 -0.04  5.50 40.50 -0.03 -0.12  0.30  0.21  0.22  0.24  0.21  0.00  0.00
  5.84+ 5.66+  1.466  0.753   0.26   0.18  0.16  0.00  0.21 -0.10  5.50 42.30 -0.22  0.28  0.12  0.06 -0.11  0.06 -0.10  0.00  0.01
  5.97+ 5.66+ -0.572  0.518  -0.22   0.84  0.97  0.07  0.09  0.58  5.50 42.32  0.27  0.38  0.32  0.27 -0.50  0.26 -0.46 -0.00  0.04
  6.12+ 5.66+  0.997 -1.123   0.44  -1.18 -0.07 -0.19  0.10  0.11  5.50 41.57 -0.54  0.06 -0.06  0.28  0.19  0.31  0.18  0.00  0.01
  6.19+ 5.66+ -0.000  0.000  -0.00   0.00  0.00  0.00 -0.00 -0.00************ -0.00  0.00  0.00  0.03  0.01  0.03  0.01  0.00  0.00
  6.36+ 5.66+ -0.000 -0.000   0.00  -0.00  0.00  0.00 -0.00  0.00************ -0.01 -0.01 -0.00  0.10  0.02  0.11  0.02  0.01  0.01
  6.41+ 5.66+ -0.024 -0.201   1.06  -2.27 -0.01  0.09 -0.01  0.09  5.50 44.68  0.23  0.05  0.05 -0.53  0.21 -0.56  0.18  0.00 -0.05
  6.48+ 5.66+  0.000  0.000  -0.00   0.00  0.00 -0.00  0.00 -0.00************  0.02 -0.00 -0.01 -0.00 -0.00 -0.00 -0.00  0.00  0.00

  5.77+ MY=NY  0.017 -0.361   3.01   0.59 -2.25  0.43  0.16  0.03  5.50 41.31 -1.42 -0.15 -1.69 -3.52 -2.43 -3.20 -2.69  5.50  5.46
  5.84+ 5.77+ -0.020  0.408   0.37  -0.83 -1.97 -0.01 -0.27 -0.03  5.50 49.29 -0.10  0.26  1.54 -0.08  0.70 -0.05  0.66 -0.00 -0.04
  5.97+ 5.77+ -0.023  0.178   0.09  -0.57  0.16 -0.01  0.03  0.04  5.50 44.34 -0.05 -0.01 -0.05 -0.04 -0.21 -0.05 -0.20  0.00  0.01
  6.12+ 5.77+  0.124 -0.079  -0.74   2.02  0.27 -0.02  0.25  0.01  5.50 39.96 -0.05 -0.21 -0.06  0.25 -2.30  0.15 -2.17 -0.00  0.14
  6.19+ 5.77+  0.000  0.000   0.00   0.00 -0.00  0.00 -0.00 -0.00************ -0.00  0.00  0.00 -0.01 -0.00 -0.01 -0.00 -0.00 -0.00
  6.36+ 5.77+ -0.000  0.000   0.00  -0.00 -0.00  0.00 -0.00  0.00************ -0.00 -0.00 -0.00  0.01  0.00  0.01  0.00  0.00  0.00
  6.41+ 5.77+ -0.015 -0.007   0.18  -0.46 -0.17  0.01 -0.07  0.01  5.50 36.82  0.01  0.07  0.06 -0.07  0.29 -0.06  0.27  0.00 -0.02
  6.48+ 5.77+  0.000 -0.000  -0.00   0.00  0.00  0.00  0.00 -0.00************ -0.01  0.00  0.01 -0.02 -0.00 -0.03 -0.00 -0.00 -0.00

  5.84+ MY=NY -0.068  0.377   2.97  -0.43  1.06  0.47  0.31 -0.02  5.50 40.66 -1.19 -0.30  1.53 -3.58 -0.92 -3.18 -1.26  5.50  5.38
  5.97+ 5.84+ -0.475  0.322   0.24  -0.01 -0.01  0.00 -0.05 -0.05  5.50 39.74  0.31  0.13 -0.04  0.23  0.20  0.26  0.19  0.00  0.00
  6.12+ 5.84+ -0.284  0.120   0.23  -0.54  1.34  0.02 -0.71 -0.01  5.50 43.14  0.07  0.61  0.55 -0.12  1.02 -0.07  0.96  0.00 -0.06
  6.19+ 5.84+  0.000  0.000   0.00   0.00 -0.00  0.00  0.00  0.00************  0.00 -0.00 -0.00  0.01  0.00  0.01  0.00  0.00  0.00
  6.36+ 5.84+ -0.000  0.000   0.00  -0.00  0.00 -0.00  0.00 -0.00************ -0.00 -0.00 -0.00 -0.03 -0.01 -0.04 -0.01 -0.00 -0.00
  6.41+ 5.84+  0.006  0.049   0.58  -1.61  0.12 -0.00  0.25 -0.00  5.50 40.49 -0.01 -0.23 -0.13 -0.16  1.53 -0.09  1.44 -0.00 -0.09
  6.48+ 5.84+ -0.000 -0.000  -0.00   0.00 -0.00  0.00 -0.00 -0.00************  0.00  0.00  0.00  0.03  0.00  0.03  0.00  0.00  0.00

  5.97+ MY=NY -0.979 -0.477   6.60  -7.08  0.34 -0.34  0.15 -0.60  5.50 41.37  1.20  2.38 -0.44 -0.04  2.60  0.82  2.16  5.50  5.42
  6.12+ 5.97+ -0.863 -1.084   0.29   3.25 -0.12  0.01 -0.09  0.16  5.50 42.09 -0.35 -0.27 -0.29 -0.30 -0.37 -0.35 -0.36  0.00 -0.00
  6.19+ 5.97+  0.000  0.000   0.00   0.00  0.00 -0.00  0.00 -0.00************ -0.00  0.00  0.00  0.00  0.00  0.00  0.00  0.00  0.00
  6.36+ 5.97+ -0.000  0.000   0.00  -0.00  0.00 -0.00 -0.00 -0.00************  0.00 -0.00  0.00 -0.02 -0.00 -0.03 -0.00 -0.00 -0.00
  6.41+ 5.97+ -1.377  1.424   0.53  -1.17  0.08 -0.19 -0.15 -0.19  5.50 43.79 -0.61 -0.09  0.08  0.26 -0.13  0.28 -0.12 -0.00  0.02
  6.48+ 5.97+  0.000 -0.000  -0.00   0.00 -0.00  0.00  0.00  0.00************  0.02 -0.01 -0.00 -0.05  0.01 -0.05  0.00 -0.00 -0.01

  6.12+ MY=NY  0.040 -0.539   2.42  -0.57 -0.42  0.44 -0.33  0.03  5.50 41.21 -1.31  0.34 -2.46 -3.56  0.57 -3.08  0.15  5.50  5.30
  6.19+ 6.12+  0.000  0.000   0.00   0.00  0.00 -0.00  0.00  0.00************ -0.00  0.00  0.00 -0.00 -0.00 -0.00 -0.00 -0.00 -0.00
  6.36+ 6.12+ -0.000  0.000   0.00   0.00  0.00 -0.00  0.00  0.00************ -0.00 -0.00  0.00 -0.01 -0.00 -0.01 -0.00 -0.00 -0.00
  6.41+ 6.12+  0.266 -0.224  -0.07   0.08  1.27  0.02  0.46  0.02  5.50 45.15  0.11 -0.38 -0.45 -0.02  0.15 -0.01  0.15  0.00 -0.01
  6.48+ 6.12+  0.000  0.000  -0.00   0.00 -0.00  0.00 -0.00 -0.00************  0.00 -0.00 -0.00  0.02 -0.00  0.02 -0.00  0.00  0.00

  6.19+ MY=NY  6.399  6.393  46.10  72.30  0.00  0.00  0.50  0.50  7.50 64.02 -0.00  1.05 -1.05  4.41 -3.04  5.58 -3.16  7.50  8.04
  6.36+ 6.19+ -2.195  2.223  -0.04   0.41 -1.43 -0.17 -0.21  0.21  7.50 64.09  0.19 -0.33 -0.33 -0.03 -0.02 -0.03 -0.02 -0.00 -0.00
  6.41+ 6.19+  0.000  0.000   0.00   0.00  0.00  0.00  0.00 -0.00************ -0.00  0.00 -0.00 -0.00 -0.00 -0.00 -0.00 -0.00 -0.00
  6.48+ 6.19+  0.428  0.314  -2.22  19.92  0.04  0.00  0.03  0.02  7.50 58.88 -0.01  0.07 -0.05 -1.22 -0.92 -1.36 -0.91 -0.00 -0.03

  6.36+ MY=NY -5.125 -5.332  42.50  26.75 -0.07 -0.01 -0.34 -0.36  7.50 64.00  0.01 -0.89  0.92  3.63 -1.14  4.83 -1.38  7.50  7.89
  6.41+ 6.36+  0.000  0.000  -0.00  -0.00 -0.00  0.00  0.00  0.00************  0.00  0.00  0.00  0.00  0.00  0.00  0.00  0.00  0.00
  6.48+ 6.36+  3.281 -2.736   0.75  -6.45 -1.79 -0.18  0.27 -0.24  7.50 64.25  0.33  0.54  0.45  0.37  0.28  0.42  0.28  0.00  0.01

  6.41+ MY=NY  0.294  0.701   2.36  -3.67 -0.28  0.45  0.80 -0.05  5.50 43.58 -1.32 -0.69  2.65 -3.62  4.20 -2.95  3.58  5.50  5.10
  6.48+ 6.41+  0.000  0.000   0.00  -0.00  0.00  0.00 -0.00  0.00************  0.00 -0.00  0.00  0.01 -0.00  0.01 -0.00  0.00  0.00

  6.48+ MY=NY  4.804  2.569  40.36 -15.93  0.78  0.08  0.33  0.14  7.50 64.48 -0.15  0.83 -0.46  3.61  0.43  4.89  0.10  7.50  7.80

 DECOUP:  0.00 SEC



   #   ENERGY +/-(#)    <Q20>    <Q22>     <R2>     <JZ>      #   ENERGY +/-(#)    <Q20>    <Q22>     <R2>     <JZ>

   1   1.5000  +(# 1)   0.1972  -0.0805   1.5172   0.5000    41   6.1185  +(#21)  -3.0806   0.1484   5.2985  -0.4254
   2   2.2939  -(# 1)   1.7507  -0.3037   2.6278   0.4127    42   6.1858  +(#22)   5.5761  -3.1611   8.0392   0.0018
   3   2.4356  -(# 2)  -0.5174  -0.3735   2.4902  -1.3320    43   6.2479  -(#21)   5.5070  -1.2044   6.9169  -0.3507
   4   2.7705  -(# 3)  -0.2474   0.2748   2.4680   0.4193    44   6.3585  +(#23)   4.8325  -1.3847   7.8856  -0.0702
   5   3.1179  +(# 2)   3.3814  -0.5337   3.7436   0.3344    45   6.3773  -(#22)   4.4200   0.1295   6.7685  -0.2570
   6   3.2526  +(# 3)   1.5796  -0.3195   3.6180  -1.1711    46   6.3986  -(#23)   3.6635  -0.2795   6.7459   2.0613
   7   3.3680  +(# 4)  -1.4709  -1.3647   3.4903   1.9642    47   6.4125  +(#24)  -2.9493   3.5760   5.1001  -0.2777
   8   3.5564  +(# 5)   0.3388   0.8129   3.4722   0.7681    48   6.4824  +(#25)   4.8938   0.0982   7.8000   0.7852
   9   3.7470  +(# 6)   0.0603  -0.7968   3.5518   0.1818    49   6.5119  -(#24)   3.8313   0.0049   6.7392  -1.0779
  10   3.9164  -(# 4)   3.8163  -1.2357   4.8131   0.1331    50   6.5427  -(#25)   0.0958  -1.1127   6.5731  -3.0177
  11   3.9582  +(# 7)  -1.1287   1.0751   3.3646  -1.0774    51   6.5700  +(#26)   4.2847   0.7125   7.7249  -2.4811
  12   4.0592  -(# 5)   3.4596   0.2119   4.7035  -1.0228    52   6.6623  -(#26)   0.1412  -1.1777   6.5798   2.0276
  13   4.1559  -(# 6)   0.8182  -0.7120   4.5941   2.2721    53   6.6724  +(#27)   1.2878  -0.1610   7.5902   4.1598
  14   4.3043  -(# 7)  -2.5036  -1.3617   4.4256  -3.2931    54   6.7255  -(#27)  -4.1900  -1.8634   6.3504   4.2804
  15   4.4561  -(# 8)   3.5655   0.2257   4.7093   0.4687    55   6.8073  +(#28)  -1.9467  -0.8749   7.4310  -5.3368
  16   4.5745  -(# 9)   1.9063  -1.1005   4.6855  -0.2014    56   6.8354  -(#28)   3.8268   1.2954   6.6612   0.3188
  17   4.7204  +(# 8)   4.3083  -1.9162   5.8849   0.0361    57   6.8419  -(#29)   6.2001  -3.7862   9.1159   0.0003
  18   4.7238  -(#10)  -1.7125  -1.2069   4.4657  -0.5913    58   6.8656  -(#30)  -4.0565  -2.0965   6.3728  -3.1005
  19   4.7744  -(#11)   0.8528   0.5142   4.5223  -0.6608    59   6.8972  +(#29)   5.8237  -2.7346   8.0289   0.0145
  20   4.8771  +(# 9)   4.0076  -0.1586   5.7601  -0.6081    60   6.9646  -(#31)   0.4245  -0.3747   6.5491  -0.5377
  21   4.9013  -(#12)  -2.1928  -0.2990   4.3809   1.1225    61   6.9669  +(#30)  -5.3757  -1.5014   7.2544   6.4070
  22   4.9688  +(#10)   3.1218   0.1067   5.6887   1.9423    62   7.0189  -(#32)   5.3663  -1.9837   8.9551  -0.0174
  23   5.0866  +(#11)  -0.0527  -0.6613   5.5366  -3.2961    63   7.0617  +(#31)   5.7396  -1.5256   7.9508  -0.2176
  24   5.1340  -(#13)  -2.0945   2.5495   4.2154   0.7729    64   7.1562  -(#33)   5.1065  -0.4713   8.8477   0.3041
  25   5.2407  +(#12)  -3.4733  -1.3232   5.3626   4.3721    65   7.1846  +(#32)   5.2123  -1.0481   7.8890  -0.1905
  26   5.3141  +(#13)   5.2724  -0.9582   5.8874   0.2886    66   7.1864  -(#34)  -3.8502  -2.5954   6.4157   0.9361
  27   5.3899  +(#14)   4.1166  -1.0677   5.8217  -0.4151    67   7.1993  +(#33)   5.2870   0.2167   7.8175   1.6881
  28   5.4467  -(#14)   4.8865  -2.5602   6.9598   0.0081    68   7.2555  -(#35)   5.3806   0.9264   8.7805  -1.7130
  29   5.5544  +(#15)   2.7572   0.3550   5.6510  -0.2514    69   7.2561  -(#36)   0.1057   3.1479   6.3169  -0.1792
  30   5.5769  +(#16)   1.8287  -0.8915   5.6681   1.1473    70   7.3088  +(#34)   2.5204  -0.3587   7.6792  -3.0290
  31   5.6138  -(#15)   4.2844  -0.7914   6.8156  -0.2262    71   7.3398  -(#37)   3.4825   0.6040   8.6813   3.7296
  32   5.6642  +(#17)   0.5447   0.1492   5.5251  -0.1628    72   7.3645  +(#35)   5.6264   0.0631   7.8479  -0.8056
  33   5.7209  -(#16)   4.4073   0.4458   6.7487   1.3763    73   7.4144  -(#38)  -3.8991   1.2558   6.1805   0.0872
  34   5.7692  +(#18)  -3.1981  -2.6923   5.4624  -2.2528    74   7.4529  -(#39)   0.3359  -0.2838   8.5381  -5.2046
  35   5.8136  -(#17)   2.2542   0.0700   6.6367  -3.0453    75   7.4595  +(#36)  -1.0571  -1.1616   7.5039   4.0994
  36   5.8407  +(#19)  -3.1804  -1.2569   5.3769   1.0628    76   7.4608  +(#37)   6.8278  -4.4097  10.1927   0.0001
  37   5.9407  -(#18)  -1.0037  -0.7247   6.4809   4.3259    77   7.4842  +(#38)   3.0899  -0.3930   7.7169   2.1999
  38   5.9661  +(#20)   0.8221   2.1642   5.4209   0.3402    78   7.5926  -(#40)  -2.8895  -0.9569   8.3770   6.3471
  39   6.0980  -(#19)  -4.4234  -1.3640   6.3057  -5.3994    79   7.6402  +(#39)  -4.4023  -1.8035   7.3335  -4.9041
  40   6.1180  -(#20)   5.2548  -2.0104   6.9497   0.0639    80   7.6408  +(#40)   5.9395  -2.5862  10.0272  -0.0039



     PARITY: +     DIMENSION:  95     MATRIX:   0.0 SEC     DIAGONALISATION:   0.0 SEC
     PARITY: -     DIMENSION:  70     MATRIX:   0.0 SEC     DIAGONALISATION:   0.0 SEC
      TOTAL TIME:   0.0 SEC
