


         KAPPAP      MYP     KAPPAN      MYN
    0    0.1200    0.0000    0.1200    0.0000
    1    0.1200    0.0000    0.1200    0.0000
    2    0.1050    0.0000    0.1050    0.0000
    3    0.0900    0.3000    0.0900    0.2500
    4    0.0650    0.5700    0.0700    0.3900
    5    0.0600    0.6500    0.0620    0.4300
    6    0.0540    0.6900    0.0620    0.3400
    7    0.0540    0.6900    0.0620    0.2600
    8    0.0540    0.6900    0.0620    0.2600


     KAPPA    MY     EPS   GAMMA    EPS4     EPS6     W0/W00   NMAX  COUPL     OMROT      EFAC      QFAC
      SEE TABLE     0.452   45.0   0.000    0.000    1.02202     8     0     0.00000   6.72627   6.16984


                     **** PROTONS ****                     **** STRETCHED COORDINATES ****
    SYMMETRY R1= 1


   BASIS FUNCTIONS /N,L,J,OMEGA>,   PARITY -


   1 / 7 7 15/2 13/2>    15 / 7 5 11/2  1/2>    29 / 7 7 13/2 -7/2>    43 / 5 5 11/2  1/2>    57 / 5 5 11/2-11/2>
   2 / 7 7 13/2 13/2>    16 / 7 5  9/2  1/2>    30 / 7 5 11/2 -7/2>    44 / 5 5  9/2  1/2>    58 / 3 3  7/2  5/2>
   3 / 7 7 15/2  9/2>    17 / 7 3  7/2  1/2>    31 / 7 5  9/2 -7/2>    45 / 5 3  7/2  1/2>    59 / 3 3  5/2  5/2>
   4 / 7 7 13/2  9/2>    18 / 7 3  5/2  1/2>    32 / 7 3  7/2 -7/2>    46 / 5 3  5/2  1/2>    60 / 3 3  7/2  1/2>
   5 / 7 5 11/2  9/2>    19 / 7 1  3/2  1/2>    33 / 7 7 15/2-11/2>    47 / 5 1  3/2  1/2>    61 / 3 3  5/2  1/2>
   6 / 7 5  9/2  9/2>    20 / 7 1  1/2  1/2>    34 / 7 7 13/2-11/2>    48 / 5 1  1/2  1/2>    62 / 3 1  3/2  1/2>
   7 / 7 7 15/2  5/2>    21 / 7 7 15/2 -3/2>    35 / 7 5 11/2-11/2>    49 / 5 5 11/2 -3/2>    63 / 3 1  1/2  1/2>
   8 / 7 7 13/2  5/2>    22 / 7 7 13/2 -3/2>    36 / 7 7 15/2-15/2>    50 / 5 5  9/2 -3/2>    64 / 3 3  7/2 -3/2>
   9 / 7 5 11/2  5/2>    23 / 7 5 11/2 -3/2>    37 / 5 5 11/2  9/2>    51 / 5 3  7/2 -3/2>    65 / 3 3  5/2 -3/2>
  10 / 7 5  9/2  5/2>    24 / 7 5  9/2 -3/2>    38 / 5 5  9/2  9/2>    52 / 5 3  5/2 -3/2>    66 / 3 1  3/2 -3/2>
  11 / 7 3  7/2  5/2>    25 / 7 3  7/2 -3/2>    39 / 5 5 11/2  5/2>    53 / 5 1  3/2 -3/2>    67 / 3 3  7/2 -7/2>
  12 / 7 3  5/2  5/2>    26 / 7 3  5/2 -3/2>    40 / 5 5  9/2  5/2>    54 / 5 5 11/2 -7/2>    68 / 1 1  3/2  1/2>
  13 / 7 7 15/2  1/2>    27 / 7 1  3/2 -3/2>    41 / 5 3  7/2  5/2>    55 / 5 5  9/2 -7/2>    69 / 1 1  1/2  1/2>
  14 / 7 7 13/2  1/2>    28 / 7 7 15/2 -7/2>    42 / 5 3  5/2  5/2>    56 / 5 3  7/2 -7/2>    70 / 1 1  3/2 -3/2>


    SINGLE PARTICLE (PARITY-) WAVE FUNCTIONS IN THE ENERGY INTERVAL 6.0<E<8.0

 E=6.1544  -0.013094/ 37> 0.011441/ 38> 0.000774/ 39>-0.036376/ 40> 0.001704/ 41>-0.035874/ 42>-0.001645/ 43>
            0.009673/ 44> 0.001194/ 45> 0.027685/ 46> 0.029530/ 47> 0.084944/ 48> 0.007721/ 49>-0.011689/ 50>
            0.009669/ 51>-0.022717/ 52> 0.200078/ 53>-0.068448/ 54> 0.016210/ 55>-0.464652/ 56> 0.852318/ 57>


 E=6.1654  -0.027443/ 37> 0.083860/ 38> 0.097474/ 39> 0.536893/ 40>-0.094676/ 41> 0.051328/ 42>-0.055065/ 43>
           -0.121146/ 44>-0.172329/ 45>-0.591697/ 46> 0.180169/ 47>-0.309900/ 48> 0.154613/ 49> 0.213365/ 50>
           -0.137782/ 51>-0.054248/ 52>-0.023952/ 53>-0.238400/ 54> 0.044743/ 55>-0.076649/ 56> 0.014483/ 57>


 E=6.3104   0.012138/  1> 0.108441/  3>-0.003447/  4> 0.010095/  5>-0.000359/  6> 0.389729/  7>-0.009125/  8>
            0.060590/  9>-0.002275/ 10> 0.005862/ 11>-0.000329/ 12> 0.665081/ 13>-0.003528/ 14> 0.124854/ 15>
           -0.001212/ 16> 0.017995/ 17>-0.000432/ 18> 0.002279/ 19> 0.556858/ 21> 0.008484/ 22> 0.098252/ 23>
            0.002604/ 24> 0.012462/ 25> 0.000665/ 26> 0.001044/ 27> 0.226790/ 28> 0.006600/ 29> 0.028803/ 30>
            0.001187/ 31> 0.001678/ 32> 0.041578/ 33> 0.001283/ 34> 0.002287/ 35> 0.002351/ 36>

 E=6.3285   0.124034/ 37> 0.039058/ 38> 0.206037/ 39> 0.389520/ 40> 0.133599/ 41> 0.040618/ 42>-0.274350/ 43>
            0.296463/ 44> 0.398617/ 45> 0.005856/ 46> 0.175264/ 47>-0.042227/ 48> 0.040776/ 49>-0.540685/ 50>
            0.204106/ 51>-0.207483/ 52> 0.009621/ 53> 0.157568/ 54>-0.096340/ 55> 0.033795/ 56> 0.027776/ 57>


 E=6.3691   0.230566/ 37>-0.021518/ 38>-0.127930/ 39> 0.043601/ 40> 0.140520/ 41>-0.030325/ 42> 0.061023/ 43>
           -0.015029/ 44> 0.042829/ 45>-0.163331/ 46>-0.411398/ 47> 0.151824/ 48>-0.045469/ 49> 0.040454/ 50>
            0.162912/ 51>-0.499580/ 52>-0.126159/ 53>-0.058150/ 54> 0.612779/ 55> 0.075236/ 56> 0.049017/ 57>


 E=6.4779   0.053566/ 37>-0.079931/ 38>-0.019376/ 39>-0.471805/ 40> 0.189953/ 41>-0.118483/ 42>-0.136389/ 43>
            0.321620/ 44> 0.129907/ 45>-0.120484/ 46> 0.206980/ 47>-0.136587/ 48> 0.281639/ 49>-0.024220/ 50>
           -0.485804/ 51>-0.274923/ 52>-0.194121/ 53>-0.248668/ 54>-0.010143/ 55>-0.096094/ 56>-0.048624/ 57>


 E=6.6357   0.224493/ 37>-0.386636/ 38>-0.143393/ 39> 0.087923/ 40> 0.415794/ 41> 0.258823/ 42> 0.027181/ 43>
           -0.018485/ 44> 0.088914/ 45>-0.128721/ 46>-0.417730/ 47>-0.159188/ 48>-0.011039/ 49> 0.106923/ 50>
           -0.010561/ 51> 0.133917/ 52>-0.214965/ 53> 0.014131/ 54>-0.456504/ 55> 0.038500/ 56> 0.143764/ 57>


 E=6.6534  -0.246676/ 37>-0.465648/ 38> 0.118257/ 39>-0.062719/ 40>-0.239657/ 41> 0.471315/ 42>-0.028558/ 43>
           -0.007386/ 44>-0.033955/ 45> 0.225472/ 46> 0.134286/ 47>-0.351442/ 48> 0.014515/ 49>-0.099345/ 50>
            0.069446/ 51> 0.008706/ 52>-0.214154/ 53>-0.072870/ 54> 0.340176/ 55> 0.150423/ 56> 0.161024/ 57>


 E=6.6834   0.039143/  1>-0.002140/  2> 0.264662/  3>-0.026792/  4> 0.028542/  5>-0.002430/  6> 0.571361/  7>
           -0.096677/  8> 0.106598/  9>-0.018927/ 10> 0.012796/ 11>-0.002055/ 12> 0.204351/ 13>-0.155403/ 14>
            0.047656/ 15>-0.036624/ 16> 0.009208/ 17>-0.006953/ 18> 0.001898/ 19>-0.001236/ 20>-0.504658/ 21>
           -0.133693/ 22>-0.108791/ 23>-0.030027/ 24>-0.017770/ 25>-0.005016/ 26>-0.002095/ 27>-0.449087/ 28>
           -0.057264/ 29>-0.067188/ 30>-0.008582/ 31>-0.004706/ 32>-0.118793/ 33>-0.009388/ 34>-0.007457/ 35>

-0.008368/ 36>

 E=6.8787   0.027094/ 37> 0.537644/ 38> 0.005708/ 39>-0.065486/ 40>-0.069806/ 41>-0.157237/ 42>-0.004977/ 43>
            0.005469/ 44> 0.020267/ 45> 0.075163/ 46>-0.074564/ 47>-0.221050/ 48> 0.008413/ 49>-0.014325/ 50>
            0.074191/ 51> 0.126460/ 52>-0.503591/ 53>-0.098084/ 54>-0.064589/ 55> 0.442826/ 56> 0.361229/ 57>


 E=6.9377  -0.082419/  1> 0.004405/  2>-0.408686/  3> 0.039886/  4>-0.034502/  5> 0.003471/  6>-0.398099/  7>
            0.077035/  8> 0.020007/  9> 0.011718/ 10> 0.010390/ 11> 0.000455/ 12> 0.394153/ 13> 0.020694/ 14>
            0.360865/ 15>-0.000456/ 16> 0.111370/ 17>-0.004286/ 18> 0.025170/ 19>-0.004366/ 20> 0.001354/ 21>
           -0.058108/ 22> 0.183502/ 23>-0.007052/ 24> 0.052345/ 25> 0.001748/ 26> 0.007038/ 27>-0.515947/ 28>
           -0.064508/ 29>-0.042267/ 30>-0.008746/ 31>-0.001365/ 32>-0.215237/ 33>-0.016443/ 34>-0.011894/ 35>

-0.019074/ 36>

 E=6.9786  -0.059929/ 37>-0.074579/ 38>-0.044359/ 39>-0.337973/ 40>-0.104799/ 41>-0.102411/ 42> 0.154316/ 43>
            0.374843/ 44>-0.311682/ 45>-0.450118/ 46> 0.006635/ 47>-0.262302/ 48>-0.198326/ 49>-0.139791/ 50>
            0.430662/ 51>-0.093614/ 52> 0.148557/ 53> 0.141403/ 54>-0.143242/ 55> 0.062968/ 56> 0.024642/ 57>


 E=7.1137  -0.191080/ 37>-0.017294/ 38> 0.166119/ 39>-0.054620/ 40>-0.522607/ 41> 0.102675/ 42>-0.086433/ 43>
           -0.047959/ 44> 0.235822/ 45>-0.041617/ 46>-0.189011/ 47> 0.196109/ 48> 0.002472/ 49> 0.258108/ 50>
            0.060467/ 51>-0.485289/ 52>-0.164588/ 53> 0.036154/ 54>-0.412116/ 55>-0.060038/ 56>-0.004872/ 57>


 E=7.1417   0.106826/  1>-0.005191/  2> 0.391046/  3>-0.022928/  4> 0.024205/  5>-0.000904/  6> 0.060260/  7>
            0.073804/  8>-0.124041/  9> 0.036181/ 10>-0.034329/ 11> 0.006795/ 12>-0.247640/ 13> 0.263040/ 14>
           -0.181326/ 15> 0.127228/ 16>-0.080612/ 17> 0.045163/ 18>-0.029750/ 19> 0.015400/ 20> 0.377052/ 21>
            0.186045/ 22> 0.334130/ 23> 0.096681/ 24> 0.107350/ 25> 0.030305/ 26> 0.019308/ 27>-0.448822/ 28>
           -0.016205/ 29> 0.011998/ 30> 0.005793/ 31> 0.006494/ 32>-0.322197/ 33>-0.021680/ 34>-0.015991/ 35>

-0.035293/ 36>

 E=7.1523  -0.029742/  1> 0.006466/  2>-0.077877/  3> 0.084937/  4>-0.005069/  5> 0.006059/  6> 0.128590/  7>
            0.341975/  8> 0.060912/  9> 0.051650/ 10> 0.011632/ 11> 0.003178/ 12> 0.153201/ 13> 0.618897/ 14>
            0.077324/ 15> 0.122592/ 16> 0.030175/ 17> 0.015073/ 18> 0.009625/ 19>-0.000868/ 20>-0.283791/ 21>
            0.504548/ 22>-0.144648/ 23> 0.086626/ 24>-0.039358/ 25> 0.006591/ 26>-0.005977/ 27> 0.053489/ 28>
            0.196205/ 29>-0.014301/ 30> 0.022152/ 31>-0.002201/ 32> 0.092880/ 33> 0.031360/ 34> 0.005018/ 35>

 0.011383/ 36>

 E=7.2837   0.241471/  1>-0.015428/  2> 0.608248/  3>-0.079777/  4> 0.005696/  5>-0.002318/  6>-0.427985/  7>
           -0.001480/  8>-0.403253/  9> 0.052456/ 10>-0.085336/ 11> 0.013102/ 12> 0.266689/ 13> 0.008400/ 14>
            0.188924/ 15> 0.022962/ 16> 0.170802/ 17>-0.010955/ 18> 0.076728/ 19>-0.020930/ 20>-0.159242/ 21>
           -0.021842/ 22>-0.120685/ 23>-0.011899/ 24>-0.018999/ 25>-0.005816/ 26>-0.002393/ 27> 0.065837/ 28>
            0.010343/ 29>-0.042862/ 30>-0.002565/ 31>-0.005849/ 32> 0.135322/ 33> 0.010966/ 34> 0.004835/ 35>

 0.018549/ 36>

 E=7.3188   0.036581/ 37> 0.468049/ 38>-0.011936/ 39>-0.122544/ 40> 0.029411/ 41> 0.366001/ 42>-0.001173/ 43>
            0.001739/ 44> 0.062229/ 45> 0.131361/ 46>-0.237489/ 47>-0.448475/ 48>-0.024476/ 49>-0.010121/ 50>
            0.056412/ 51>-0.020901/ 52>-0.001324/ 53> 0.093910/ 54> 0.061722/ 55>-0.530003/ 56>-0.230419/ 57>


 E=7.4163  -0.026199/  1> 0.010418/  2>-0.107293/  3> 0.126055/  4>-0.050178/  5> 0.012516/  6>-0.029972/  7>
            0.357396/  8>-0.251211/  9> 0.087538/ 10>-0.056761/ 11> 0.011862/ 12> 0.197173/ 13> 0.148406/ 14>
           -0.497918/ 15> 0.055443/ 16>-0.187146/ 17> 0.022772/ 18>-0.048108/ 19> 0.012140/ 20> 0.100122/ 21>
           -0.349917/ 22>-0.392245/ 23>-0.110035/ 24>-0.119830/ 25>-0.026580/ 26>-0.018091/ 27>-0.116217/ 28>
           -0.250325/ 29>-0.145069/ 30>-0.045458/ 31>-0.018488/ 32>-0.032724/ 33>-0.042536/ 34>-0.011773/ 35>

-0.001017/ 36>

 E=7.4469   0.013857/  1>-0.001097/  2> 0.018488/  3>-0.001893/  4>-0.002726/  5> 0.000997/  6>-0.035006/  7>
            0.016021/  8>-0.028188/  9> 0.014448/ 10>-0.009691/ 11> 0.001873/ 12> 0.065439/ 13>-0.003708/ 14>
            0.027806/ 15>-0.001015/ 16> 0.003744/ 17>-0.027368/ 18> 0.019696/ 19>-0.019094/ 20>-0.128214/ 21>
           -0.001976/ 22>-0.128213/ 23> 0.024129/ 24>-0.160990/ 25>-0.021728/ 26>-0.044683/ 27> 0.323587/ 28>
           -0.026568/ 29> 0.418200/ 30> 0.049104/ 31> 0.053051/ 32>-0.784316/ 33>-0.081860/ 34>-0.015363/ 35>

-0.144271/ 36>

 E=7.6556   0.854879/  1>-0.060768/  2>-0.214129/  3>-0.018900/  4>-0.426118/  5> 0.039964/  6> 0.059974/  7>
            0.014712/  8> 0.064844/  9> 0.023786/ 10> 0.155194/ 11>-0.020782/ 12>-0.019230/ 13>-0.005361/ 14>
           -0.013605/ 15>-0.006345/ 16> 0.003017/ 17>-0.022721/ 18>-0.038821/ 19> 0.008660/ 20> 0.005652/ 21>
            0.005416/ 23> 0.007965/ 25>-0.010688/ 26>-0.003142/ 27>-0.000875/ 28> 0.001629/ 29>-0.001044/ 30>
            0.004013/ 31> 0.001258/ 32>-0.000462/ 33>-0.001433/ 34>-0.000662/ 35> 0.000399/ 36>

 E=7.6825  -0.081885/ 37>-0.037373/ 38> 0.098090/ 39>-0.081775/ 40>-0.334971/ 41>-0.028347/ 42>-0.093171/ 43>
            0.169243/ 44> 0.321864/ 45>-0.352306/ 46>-0.438234/ 47> 0.114678/ 48> 0.069676/ 49>-0.215768/ 50>
           -0.196354/ 51> 0.506501/ 52> 0.053844/ 53>-0.033394/ 54> 0.202365/ 55>-0.026144/ 56>-0.013498/ 57>


 E=7.6849  -0.024022/  1>-0.010983/  2>-0.142429/  3>-0.143178/  4>-0.039998/  5>-0.010615/  6>-0.103482/  7>
           -0.449065/  8>-0.187258/  9>-0.086451/ 10>-0.033798/ 11>-0.007344/ 12> 0.213455/ 13>-0.205553/ 14>
           -0.355334/ 15>-0.065426/ 16>-0.128325/ 17>-0.014693/ 18>-0.028568/ 19> 0.000647/ 20> 0.062907/ 21>
            0.462295/ 22>-0.281945/ 23> 0.108226/ 24>-0.079017/ 25> 0.015170/ 26>-0.009284/ 27>-0.174157/ 28>
            0.314742/ 29>-0.095847/ 30> 0.041747/ 31>-0.009244/ 32>-0.078186/ 33> 0.052443/ 34>-0.008973/ 35>

-0.007179/ 36>

 E=7.7392   0.004089/  1> 0.027956/  2> 0.075672/  3> 0.276489/  4>-0.011047/  5> 0.017464/  6> 0.030208/  7>
            0.472229/  8>-0.067819/  9>-0.010107/ 10>-0.008556/ 11>-0.009459/ 12>-0.056704/ 13>-0.300395/ 14>
           -0.021917/ 15>-0.546865/ 16> 0.056075/ 17>-0.251647/ 18> 0.061799/ 19>-0.079180/ 20> 0.068950/ 21>
            0.124560/ 22> 0.040365/ 23>-0.202577/ 24>-0.069354/ 26>-0.006762/ 27>-0.075020/ 28> 0.366577/ 29>
            0.013382/ 30> 0.025394/ 31> 0.002062/ 32>-0.043923/ 33> 0.087695/ 34> 0.001334/ 35>-0.004924/ 36>


 E=7.8447  -0.026230/ 37>-0.286138/ 38> 0.016672/ 39> 0.134031/ 40>-0.085611/ 41>-0.588030/ 42> 0.006399/ 43>
           -0.041214/ 44>-0.013183/ 45> 0.114992/ 46>-0.013094/ 47>-0.151785/ 48>-0.037596/ 49>-0.022627/ 50>
            0.178079/ 51> 0.105176/ 52>-0.492042/ 53> 0.072221/ 54> 0.050239/ 55>-0.444671/ 56>-0.124348/ 57>


 E=7.8943  -0.035253/  1> 0.018688/  2>-0.052269/  3> 0.132227/  4>-0.057965/  5> 0.010741/  6> 0.099378/  7>
            0.050019/  8>-0.121043/  9>-0.034373/ 10> 0.018400/ 11>-0.013391/ 12>-0.081167/ 13>-0.143070/ 14>
            0.010585/ 15>-0.141667/ 16> 0.348545/ 17>-0.163673/ 18> 0.224699/ 19>-0.113808/ 20> 0.055998/ 21>
            0.280441/ 22>-0.151638/ 23> 0.414510/ 24> 0.132841/ 25> 0.161161/ 26> 0.053659/ 27> 0.046019/ 28>
           -0.528162/ 29>-0.172451/ 30>-0.036761/ 31> 0.004581/ 32>-0.053053/ 33>-0.182924/ 34>-0.078137/ 35>

 0.096823/ 36>

 E=7.8982   0.003434/  1>-0.001244/  2> 0.006740/  3>-0.015834/  4> 0.006860/  5>-0.003266/  6>-0.012390/  7>
           -0.005311/  8> 0.014203/  9> 0.003905/ 10>-0.000732/ 11> 0.006503/ 12> 0.010993/ 13> 0.016508/ 14>
           -0.000939/ 15> 0.015730/ 16>-0.039920/ 17> 0.022979/ 18>-0.034143/ 19> 0.000599/ 20>-0.011334/ 21>
           -0.032673/ 22> 0.012990/ 23>-0.049963/ 24>-0.014848/ 25>-0.007522/ 26>-0.055453/ 27> 0.016088/ 28>
            0.061013/ 29> 0.053747/ 30>-0.012026/ 31> 0.156904/ 32>-0.110186/ 33> 0.042748/ 34>-0.420770/ 35>

 0.874871/ 36>

 E=7.9421   0.051852/  1>-0.017762/  2> 0.142072/  3>-0.148659/  4> 0.115362/  5>-0.025671/  6>-0.108663/  7>
           -0.150368/  8> 0.402802/  9>-0.158026/ 10> 0.117008/ 11>-0.032545/ 12>-0.139782/ 13> 0.269688/ 14>
            0.179458/ 15>-0.228333/ 16> 0.102933/ 17>-0.132549/ 18> 0.053575/ 19>-0.046806/ 20> 0.261487/ 21>
            0.011386/ 22>-0.418183/ 23>-0.292830/ 24>-0.216376/ 25>-0.119623/ 26>-0.053763/ 27>-0.093875/ 28>
           -0.097747/ 29>-0.247155/ 30>-0.076099/ 31>-0.040320/ 32>-0.113153/ 33>-0.026612/ 34>-0.028469/ 35>

-0.013234/ 36>

  Q20Q22:  0.00 SEC    QTME:  0.00 SEC



    SYMMETRY R1= 1


   BASIS FUNCTIONS /N,L,J,OMEGA>,   PARITY +


   1 / 8 8 17/2 17/2>    20 / 8 6 11/2  1/2>    39 / 8 4  7/2 -7/2>    58 / 6 4  7/2  1/2>    77 / 4 2  5/2  5/2>
   2 / 8 8 17/2 13/2>    21 / 8 4  9/2  1/2>    40 / 8 8 17/2-11/2>    59 / 6 2  5/2  1/2>    78 / 4 4  9/2  1/2>
   3 / 8 8 15/2 13/2>    22 / 8 4  7/2  1/2>    41 / 8 8 15/2-11/2>    60 / 6 2  3/2  1/2>    79 / 4 4  7/2  1/2>
   4 / 8 6 13/2 13/2>    23 / 8 2  5/2  1/2>    42 / 8 6 13/2-11/2>    61 / 6 0  1/2  1/2>    80 / 4 2  5/2  1/2>
   5 / 8 8 17/2  9/2>    24 / 8 2  3/2  1/2>    43 / 8 6 11/2-11/2>    62 / 6 6 13/2 -3/2>    81 / 4 2  3/2  1/2>
   6 / 8 8 15/2  9/2>    25 / 8 0  1/2  1/2>    44 / 8 8 17/2-15/2>    63 / 6 6 11/2 -3/2>    82 / 4 0  1/2  1/2>
   7 / 8 6 13/2  9/2>    26 / 8 8 17/2 -3/2>    45 / 8 8 15/2-15/2>    64 / 6 4  9/2 -3/2>    83 / 4 4  9/2 -3/2>
   8 / 8 6 11/2  9/2>    27 / 8 8 15/2 -3/2>    46 / 6 6 13/2 13/2>    65 / 6 4  7/2 -3/2>    84 / 4 4  7/2 -3/2>
   9 / 8 4  9/2  9/2>    28 / 8 6 13/2 -3/2>    47 / 6 6 13/2  9/2>    66 / 6 2  5/2 -3/2>    85 / 4 2  5/2 -3/2>
  10 / 8 8 17/2  5/2>    29 / 8 6 11/2 -3/2>    48 / 6 6 11/2  9/2>    67 / 6 2  3/2 -3/2>    86 / 4 2  3/2 -3/2>
  11 / 8 8 15/2  5/2>    30 / 8 4  9/2 -3/2>    49 / 6 4  9/2  9/2>    68 / 6 6 13/2 -7/2>    87 / 4 4  9/2 -7/2>
  12 / 8 6 13/2  5/2>    31 / 8 4  7/2 -3/2>    50 / 6 6 13/2  5/2>    69 / 6 6 11/2 -7/2>    88 / 4 4  7/2 -7/2>
  13 / 8 6 11/2  5/2>    32 / 8 2  5/2 -3/2>    51 / 6 6 11/2  5/2>    70 / 6 4  9/2 -7/2>    89 / 2 2  5/2  5/2>
  14 / 8 4  9/2  5/2>    33 / 8 2  3/2 -3/2>    52 / 6 4  9/2  5/2>    71 / 6 4  7/2 -7/2>    90 / 2 2  5/2  1/2>
  15 / 8 4  7/2  5/2>    34 / 8 8 17/2 -7/2>    53 / 6 4  7/2  5/2>    72 / 6 6 13/2-11/2>    91 / 2 2  3/2  1/2>
  16 / 8 2  5/2  5/2>    35 / 8 8 15/2 -7/2>    54 / 6 2  5/2  5/2>    73 / 6 6 11/2-11/2>    92 / 2 0  1/2  1/2>
  17 / 8 8 17/2  1/2>    36 / 8 6 13/2 -7/2>    55 / 6 6 13/2  1/2>    74 / 4 4  9/2  9/2>    93 / 2 2  5/2 -3/2>
  18 / 8 8 15/2  1/2>    37 / 8 6 11/2 -7/2>    56 / 6 6 11/2  1/2>    75 / 4 4  9/2  5/2>    94 / 2 2  3/2 -3/2>
  19 / 8 6 13/2  1/2>    38 / 8 4  9/2 -7/2>    57 / 6 4  9/2  1/2>    76 / 4 4  7/2  5/2>    95 / 0 0  1/2  1/2>


    SINGLE PARTICLE (PARITY+) WAVE FUNCTIONS IN THE ENERGY INTERVAL 6.0<E<8.0

 E=6.0831   0.015948/ 46> 0.196114/ 47>-0.022206/ 48> 0.015683/ 49> 0.561523/ 50>-0.115545/ 51> 0.109059/ 52>
           -0.022416/ 53> 0.010989/ 54> 0.231486/ 55>-0.211277/ 56> 0.064889/ 57>-0.057210/ 58> 0.016287/ 59>
           -0.012997/ 60> 0.004682/ 61>-0.544325/ 62>-0.175140/ 63>-0.131475/ 64>-0.043450/ 65>-0.023355/ 66>
           -0.006951/ 67>-0.393565/ 68>-0.059388/ 69>-0.054565/ 70>-0.007010/ 71>-0.070708/ 72>-0.005374/ 73>


 E=6.2593   0.017757/ 74> 0.079650/ 75> 0.372014/ 76>-0.001079/ 77>-0.145142/ 78>-0.341478/ 79> 0.344757/ 80>
            0.519549/ 81>-0.138313/ 82> 0.174120/ 83> 0.187151/ 84>-0.463633/ 85>-0.026524/ 86>-0.157090/ 87>
            0.060602/ 88>

 E=6.2978  -0.033690/ 46>-0.320767/ 47> 0.028944/ 48>-0.020478/ 49>-0.487153/ 50> 0.076222/ 51>-0.004506/ 52>
            0.010183/ 53> 0.004922/ 54> 0.381946/ 55> 0.014659/ 56> 0.451398/ 57>-0.015290/ 58> 0.163841/ 59>
           -0.020560/ 60> 0.039379/ 61>-0.092453/ 62>-0.047477/ 63> 0.173903/ 64>-0.001835/ 65> 0.050562/ 66>
            0.003984/ 67>-0.458671/ 68>-0.050782/ 69>-0.038044/ 70>-0.005409/ 71>-0.120095/ 72>-0.007423/ 73>


 E=6.4160   0.220873/ 74>-0.114511/ 75> 0.084844/ 76> 0.564131/ 77> 0.042952/ 78>-0.002007/ 79>-0.147836/ 80>
            0.064909/ 81> 0.254641/ 82> 0.015294/ 83>-0.167538/ 84>-0.082850/ 85> 0.509123/ 86>-0.047132/ 87>
            0.472552/ 88>

 E=6.4672   0.026855/ 46> 0.216070/ 47>-0.007592/ 48> 0.013438/ 49> 0.193075/ 50> 0.082327/ 51>-0.025242/ 52>
            0.028463/ 53>-0.010842/ 54>-0.196198/ 55> 0.335626/ 56>-0.167073/ 57> 0.182034/ 58>-0.112560/ 59>
            0.080267/ 60>-0.050880/ 61> 0.273164/ 62> 0.219098/ 63> 0.369631/ 64> 0.123453/ 65> 0.122173/ 66>
            0.035347/ 67>-0.579374/ 68>-0.028205/ 69>-0.027982/ 70> 0.000815/ 71>-0.211616/ 72>-0.011990/ 73>


 E=6.4792   0.007132/ 46> 0.035705/ 47>-0.050234/ 48> 0.003442/ 49>-0.104182/ 50>-0.293955/ 51>-0.031049/ 52>
           -0.041631/ 53>-0.003813/ 54>-0.199711/ 55>-0.601394/ 56>-0.103501/ 57>-0.115239/ 58>-0.056744/ 59>
           -0.002757/ 60>-0.020217/ 61> 0.357417/ 62>-0.467950/ 63> 0.226731/ 64>-0.067305/ 65> 0.062070/ 66>
            0.001976/ 67>-0.162344/ 68>-0.161650/ 69>-0.002880/ 70>-0.013561/ 71>-0.086744/ 72>-0.015968/ 73>


 E=6.6186  -0.134411/ 46>-0.758684/ 47> 0.090164/ 48>-0.027037/ 49> 0.307976/ 50> 0.020835/ 51> 0.464317/ 52>
           -0.067901/ 53> 0.080772/ 54>-0.138576/ 55>-0.001459/ 56>-0.080424/ 57>-0.046322/ 58>-0.172170/ 59>
            0.025514/ 60>-0.078652/ 61> 0.055604/ 62> 0.025347/ 63> 0.070561/ 64>-0.018752/ 65>-0.001466/ 66>
           -0.005404/ 67>-0.026977/ 68> 0.016438/ 69> 0.016581/ 70> 0.000878/ 71>-0.028206/ 72> 0.000479/ 73>


 E=6.7093   0.016849/ 46> 0.133147/ 47>-0.083392/ 48> 0.026943/ 49> 0.094651/ 50>-0.345566/ 51> 0.204545/ 52>
           -0.083294/ 53> 0.036796/ 54>-0.246330/ 55>-0.180224/ 56> 0.467284/ 57>-0.096680/ 58> 0.216142/ 59>
           -0.055371/ 60> 0.063120/ 61>-0.077899/ 62> 0.410141/ 63> 0.359335/ 64> 0.143246/ 65> 0.117324/ 66>
            0.032704/ 67> 0.153769/ 68> 0.214518/ 69> 0.098873/ 70> 0.029297/ 71> 0.041338/ 72> 0.020239/ 73>


 E=6.8209  -0.001341/ 46>-0.011137/ 47> 0.008732/ 48>-0.002908/ 49> 0.011589/ 50>-0.008195/ 51> 0.003821/ 52>
           -0.021684/ 53> 0.007805/ 54>-0.019093/ 55> 0.005186/ 56>-0.013623/ 57>-0.003272/ 58> 0.024507/ 59>
            0.047809/ 60>-0.021876/ 61> 0.051679/ 62>-0.001669/ 63> 0.047226/ 64>-0.033519/ 65> 0.180668/ 66>
            0.034683/ 67>-0.187362/ 68> 0.028050/ 69>-0.455491/ 70>-0.053089/ 71> 0.839071/ 72> 0.070693/ 73>


 E=6.8570   0.001091/  1> 0.021393/  2>-0.000551/  3> 0.000982/  4> 0.134858/  5>-0.003509/  6> 0.014345/  7>
           -0.000480/  8> 0.000659/  9> 0.406133/ 10>-0.007178/ 11> 0.061683/ 12>-0.001682/ 13> 0.006329/ 14>
            0.000377/ 16> 0.644663/ 17>-0.002483/ 18> 0.112217/ 19>-0.000716/ 20> 0.014841/ 21> 0.001728/ 23>
            0.552939/ 26> 0.006205/ 27> 0.092034/ 28> 0.001669/ 29> 0.011212/ 30> 0.000375/ 31> 0.001069/ 32>
            0.254415/ 34> 0.005782/ 35> 0.033444/ 36> 0.001094/ 37> 0.002567/ 38> 0.059612/ 40> 0.001621/ 41>

 0.004630/ 42> 0.005906/ 44>

 E=6.9530   0.007295/ 46> 0.034363/ 47> 0.156156/ 48>-0.014830/ 49> 0.066904/ 50> 0.474972/ 51>-0.085279/ 52>
            0.026426/ 53>-0.007225/ 54>-0.068206/ 55>-0.235139/ 56>-0.098466/ 57>-0.604846/ 58> 0.124888/ 59>
           -0.336896/ 60> 0.137833/ 61> 0.130253/ 62> 0.239045/ 63>-0.057462/ 64>-0.099845/ 65>-0.020666/ 66>
           -0.031652/ 67>-0.154132/ 68> 0.187804/ 69>-0.042786/ 70> 0.007854/ 71>-0.048874/ 72> 0.019419/ 73>


 E=6.9748  -0.086782/ 74> 0.067861/ 75>-0.081281/ 76>-0.346129/ 77>-0.059400/ 78> 0.119409/ 79> 0.240084/ 80>
           -0.311845/ 81>-0.535218/ 82> 0.049022/ 83>-0.155333/ 84>-0.171540/ 85> 0.544769/ 86>-0.035017/ 87>
            0.219913/ 88>

 E=7.0198  -0.020418/ 46>-0.145105/ 47>-0.098744/ 48>-0.017853/ 49>-0.163162/ 50>-0.462089/ 51>-0.161340/ 52>
           -0.073022/ 53>-0.021964/ 54> 0.255726/ 55>-0.222091/ 56>-0.365585/ 57>-0.015725/ 58>-0.160521/ 59>
            0.021887/ 60>-0.042409/ 61> 0.020781/ 62> 0.486968/ 63>-0.263600/ 64> 0.157587/ 65>-0.060136/ 66>
            0.023612/ 67>-0.186345/ 68> 0.201871/ 69>-0.068657/ 70> 0.021124/ 71>-0.053482/ 72> 0.015563/ 73>


 E=7.0614   0.862374/ 46>-0.100449/ 47>-0.023206/ 48>-0.454372/ 49> 0.017684/ 50>-0.003410/ 51> 0.018604/ 52>
            0.021451/ 53> 0.181861/ 54>-0.001977/ 55>-0.000684/ 56>-0.007296/ 57> 0.007345/ 58> 0.013599/ 59>
           -0.020541/ 60>-0.059824/ 61> 0.000702/ 63>-0.001731/ 64> 0.005381/ 65> 0.010055/ 66>-0.021051/ 67>
            0.001690/ 68>-0.001309/ 69>-0.001501/ 70> 0.009906/ 71>-0.003973/ 72>-0.005481/ 73>

 E=7.1124  -0.033024/ 46>-0.153798/ 47> 0.038508/ 48>-0.037030/ 49> 0.129865/ 50>-0.006423/ 51>-0.130558/ 52>
            0.025119/ 53>-0.006295/ 54>-0.069171/ 55>-0.048846/ 56>-0.041257/ 57> 0.050346/ 58> 0.369133/ 59>
           -0.142885/ 60> 0.223044/ 61> 0.045849/ 62> 0.110142/ 63>-0.158139/ 64> 0.488456/ 65> 0.130314/ 66>
            0.154082/ 67> 0.054929/ 68>-0.609992/ 69>-0.118440/ 70>-0.041460/ 71>-0.036546/ 72>-0.095936/ 73>


 E=7.2169   0.018283/ 46> 0.102591/ 47>-0.133645/ 48> 0.043939/ 49>-0.041927/ 50>-0.321507/ 51> 0.285603/ 52>
           -0.152049/ 53> 0.071061/ 54>-0.163600/ 55> 0.341321/ 56> 0.163466/ 57>-0.150436/ 58> 0.189471/ 59>
           -0.144795/ 60> 0.107019/ 61> 0.289290/ 62>-0.033045/ 63>-0.435099/ 64>-0.285462/ 65>-0.222136/ 66>
           -0.102186/ 67>-0.169098/ 68>-0.100786/ 69>-0.173174/ 70>-0.042188/ 71>-0.086398/ 72>-0.014123/ 73>


 E=7.2413  -0.004235/  1>-0.068253/  2> 0.003994/  3>-0.003496/  4>-0.318645/  5> 0.028060/  6>-0.038628/  7>
            0.003374/  8>-0.002047/  9>-0.562968/ 10> 0.079684/ 11>-0.099641/ 12> 0.014989/ 13>-0.012227/ 14>
            0.001902/ 15>-0.000902/ 16>-0.183909/ 17> 0.117876/ 18>-0.037909/ 19> 0.024915/ 20>-0.006197/ 21>
            0.004132/ 22>-0.000978/ 23> 0.000637/ 24> 0.468500/ 26> 0.103969/ 27> 0.091752/ 28> 0.021297/ 29>
            0.013622/ 30> 0.003318/ 31> 0.001679/ 32> 0.000392/ 33> 0.481632/ 34> 0.051936/ 35> 0.072970/ 36>

 0.008286/ 37> 0.006572/ 38> 0.000662/ 39> 0.166629/ 40> 0.012160/ 41> 0.014591/ 42> 0.000881/ 43>
            0.020977/ 44> 0.000864/ 45>

 E=7.3452   0.047463/ 46> 0.099636/ 47>-0.520399/ 48> 0.101222/ 49>-0.125479/ 50> 0.141692/ 51> 0.309753/ 52>
            0.375788/ 53>-0.043472/ 54> 0.047809/ 55>-0.078487/ 56> 0.049479/ 57>-0.084522/ 58>-0.387336/ 59>
           -0.233442/ 60>-0.041151/ 61>-0.025173/ 62> 0.120788/ 63> 0.043625/ 64> 0.157099/ 65>-0.225170/ 66>
           -0.026091/ 67>-0.020996/ 68>-0.290015/ 69> 0.079288/ 70>-0.014379/ 71> 0.149580/ 72>-0.031974/ 73>


 E=7.3682   0.036616/ 46> 0.267489/ 47> 0.399511/ 48> 0.036141/ 49>-0.201985/ 50> 0.064513/ 51> 0.293362/ 52>
           -0.382911/ 53> 0.113782/ 54> 0.088042/ 55>-0.043895/ 56> 0.025929/ 57>-0.234571/ 58>-0.283151/ 59>
            0.216117/ 60>-0.270429/ 61>-0.060174/ 62> 0.175592/ 63>-0.016245/ 64> 0.053286/ 65> 0.093270/ 66>
            0.055175/ 67> 0.082465/ 68>-0.366916/ 69>-0.094701/ 70>-0.056945/ 71>-0.052539/ 72>-0.067226/ 73>


 E=7.5254   0.010842/  1> 0.142304/  2>-0.009090/  3> 0.006813/  4> 0.465644/  5>-0.046606/  6> 0.043273/  7>
           -0.005389/  8> 0.001824/  9> 0.320010/ 10>-0.073859/ 11>-0.032951/ 12>-0.011783/ 13>-0.012841/ 14>
           -0.000829/ 15>-0.001314/ 16>-0.399334/ 17>-0.020858/ 18>-0.291086/ 19>-0.002624/ 20>-0.078179/ 21>
            0.000674/ 22>-0.015595/ 23> 0.000950/ 24>-0.002448/ 25>-0.068612/ 26> 0.056478/ 27>-0.169458/ 28>
            0.008554/ 29>-0.044936/ 30>-0.007081/ 32>-0.000457/ 33> 0.510841/ 34> 0.067541/ 35> 0.038039/ 36>

 0.009920/ 37> 0.000808/ 38> 0.000637/ 39> 0.298360/ 40> 0.024066/ 41> 0.022963/ 42> 0.001715/ 43>
            0.048879/ 44> 0.002183/ 45>

 E=7.5666   0.015789/ 46> 0.017269/ 47> 0.449399/ 48>-0.040046/ 49> 0.013567/ 50>-0.123413/ 51>-0.070507/ 52>
           -0.116258/ 53>-0.031572/ 54>-0.019644/ 55> 0.025441/ 56> 0.036315/ 57> 0.101660/ 58>-0.086808/ 59>
           -0.206821/ 60> 0.151637/ 61> 0.038961/ 62>-0.019288/ 63> 0.069447/ 64> 0.143253/ 65>-0.527531/ 66>
           -0.085348/ 67>-0.169501/ 68>-0.078331/ 69> 0.456715/ 70> 0.025408/ 71> 0.334458/ 72> 0.078933/ 73>


 E=7.6350   0.118787/ 46>-0.028174/ 47>-0.029493/ 48> 0.094602/ 49> 0.002360/ 50> 0.016903/ 51> 0.026343/ 52>
           -0.026932/ 53>-0.174466/ 54>-0.000513/ 55>-0.003471/ 56> 0.007219/ 57>-0.033887/ 58>-0.050729/ 59>
            0.123483/ 60> 0.188988/ 61>-0.003985/ 62> 0.014228/ 63>-0.044626/ 65>-0.036547/ 66> 0.334711/ 67>
            0.019518/ 68>-0.033073/ 69> 0.020298/ 70>-0.525773/ 71>-0.082332/ 72> 0.698354/ 73>

 E=7.6836  -0.017731/ 46>-0.099873/ 47>-0.140817/ 48>-0.028382/ 49> 0.013639/ 50>-0.291039/ 51>-0.220447/ 52>
           -0.154051/ 53>-0.024482/ 54> 0.139046/ 55> 0.374550/ 56>-0.238799/ 57>-0.406839/ 58>-0.058491/ 59>
           -0.257886/ 60> 0.055509/ 61>-0.204832/ 62>-0.050825/ 63> 0.387524/ 64>-0.215752/ 65> 0.167532/ 66>
           -0.029491/ 67> 0.116330/ 68>-0.230341/ 69> 0.118871/ 70>-0.043296/ 71> 0.052175/ 72>-0.023864/ 73>


 E=7.7589  -0.020762/  1>-0.221451/  2> 0.015814/  3>-0.009695/  4>-0.470280/  5> 0.054566/  6>-0.019495/  7>
            0.003341/  8> 0.000994/  9> 0.116998/ 10> 0.013884/ 11> 0.191428/ 12>-0.021583/ 13> 0.048987/ 14>
           -0.006898/ 15> 0.005632/ 16> 0.247734/ 17>-0.077699/ 18> 0.150073/ 19>-0.063530/ 20> 0.050083/ 21>
           -0.021966/ 22> 0.014079/ 23>-0.006441/ 24> 0.003735/ 25>-0.437410/ 26>-0.041683/ 27>-0.295300/ 28>
           -0.049658/ 29>-0.085369/ 30>-0.017413/ 31>-0.016946/ 32>-0.003761/ 33> 0.306145/ 34> 0.054793/ 35>

-0.055100/ 36>-0.002376/ 37>-0.015045/ 38>-0.001287/ 39> 0.417082/ 40> 0.038064/ 41> 0.025783/ 42>
            0.002124/ 43> 0.090833/ 44> 0.004506/ 45>

 E=7.7939   0.000652/  1> 0.002632/  2>-0.012002/  3> 0.000320/  4>-0.027817/  5>-0.105523/  6>-0.002400/  7>
           -0.010727/  8>-0.118566/ 10>-0.379020/ 11>-0.023224/ 12>-0.064620/ 13>-0.002549/ 14>-0.006768/ 15>
           -0.055131/ 17>-0.650885/ 18>-0.014863/ 19>-0.135635/ 20>-0.003174/ 21>-0.021858/ 22>-0.000467/ 23>
           -0.003051/ 24> 0.124985/ 26>-0.543227/ 27> 0.030572/ 28>-0.105574/ 29> 0.005058/ 30>-0.014633/ 31>
            0.000411/ 32>-0.001261/ 33> 0.071339/ 34>-0.220558/ 35> 0.011142/ 36>-0.030552/ 37> 0.000680/ 38>

-0.001909/ 39> 0.001642/ 40>-0.040916/ 41>-0.000385/ 42>-0.002462/ 43>-0.002578/ 44>-0.002383/ 45>


 E=7.8221   0.055037/ 46> 0.138343/ 47>-0.009337/ 48> 0.111218/ 49>-0.188934/ 50> 0.009829/ 51> 0.435930/ 52>
           -0.153595/ 53> 0.106142/ 54> 0.133693/ 55> 0.125176/ 56>-0.306531/ 57>-0.011618/ 58> 0.111005/ 59>
           -0.222370/ 60> 0.208617/ 61>-0.037229/ 62>-0.312676/ 63>-0.012135/ 64> 0.404216/ 65> 0.213170/ 66>
            0.178907/ 67>-0.021256/ 68> 0.326048/ 69> 0.099160/ 70> 0.114957/ 71> 0.017684/ 72> 0.038743/ 73>


 E=7.8323   0.368255/ 46>-0.106145/ 47> 0.060086/ 48> 0.437562/ 49> 0.025747/ 50>-0.003876/ 51> 0.016546/ 52>
           -0.084983/ 53>-0.559911/ 54>-0.011081/ 55> 0.002194/ 56> 0.032678/ 57>-0.035484/ 58>-0.109165/ 59>
            0.168772/ 60> 0.322413/ 61>-0.001795/ 62> 0.013656/ 63> 0.016635/ 64>-0.074249/ 65>-0.030103/ 66>
            0.136128/ 67> 0.008694/ 68> 0.029002/ 69>-0.060667/ 70> 0.101051/ 71> 0.008793/ 72>-0.386353/ 73>


 E=7.9282  -0.038365/  1>-0.336601/  2> 0.026276/  3>-0.012303/  4>-0.414640/  5> 0.064008/  6> 0.036680/  7>
           -0.000374/  8> 0.006552/  9> 0.465145/ 10>-0.013594/ 11> 0.325622/ 12>-0.040652/ 13> 0.067542/ 14>
           -0.011748/ 15> 0.007163/ 16>-0.352048/ 17>-0.011355/ 18>-0.236858/ 19>-0.012486/ 20>-0.151697/ 21>
            0.002783/ 22>-0.058551/ 23> 0.007582/ 24>-0.015271/ 25> 0.198046/ 26> 0.025931/ 27> 0.116613/ 28>
            0.025397/ 29> 0.010982/ 30> 0.009071/ 31> 0.001612/ 33> 0.013979/ 34>-0.020972/ 35> 0.115779/ 36>

 0.009436/ 37> 0.020529/ 38> 0.002123/ 39>-0.304973/ 40>-0.031091/ 41>-0.010105/ 42>-0.001242/ 43>
           -0.089076/ 44>-0.004682/ 45>

 E=7.9968  -0.008812/ 46> 0.045283/ 47> 0.423577/ 48>-0.054118/ 49>-0.025836/ 50>-0.200845/ 51> 0.049207/ 52>
            0.351986/ 53>-0.069619/ 54> 0.012592/ 55> 0.033091/ 56> 0.063403/ 57> 0.157742/ 58>-0.276038/ 59>
           -0.443790/ 60> 0.110041/ 61>-0.055635/ 62>-0.032146/ 63> 0.105652/ 64>-0.009486/ 65> 0.028267/ 66>
           -0.048274/ 67> 0.142303/ 68> 0.071496/ 69>-0.485884/ 70>-0.070207/ 71>-0.206076/ 72> 0.024374/ 73>


  Q20Q22:  0.00 SEC    QTME:  0.00 SEC

 Q0= 151.270 HBAR/MW0     Q2= -82.088 HBAR/MW0     GAMMA= 37.5 DEG   FOR 79 PARTICLES;  A=197

1
 **********************************************  SINGLE PARTICLE MATRIX ELEMENTS  ***********************************************


   ENY   EMY     A+B     C      D      E    JZ    S0    S+    S-  <R2S> <R4S>  R2DZ  R2D+  R2D-  Q20S  Q22S   Q20   Q22  RHO2    R2


  5.39+ MY=NY -0.589 -0.022   7.81  -0.11  0.53 -0.37  0.10 -0.14  5.50 35.73  0.91  1.68 -0.14  0.30 -1.44  1.41 -2.02  5.50  5.95
  5.62+ 5.39+  0.587 -1.255  -0.29   0.78  0.49  0.03 -0.05 -0.07  5.50 37.85  0.38 -0.22 -0.24 -0.16 -0.28 -0.22 -0.27 -0.00  0.02
  5.63+ 5.39+ -1.154 -1.268   0.25   1.69 -0.15 -0.04 -0.05  0.17  5.50 44.74 -0.40 -0.33 -0.41 -0.03 -0.25 -0.07 -0.23 -0.00  0.03
  5.73+ 5.39+  0.000 -0.000  -0.00   0.00 -0.00 -0.00  0.00  0.00************  0.01 -0.00 -0.00 -0.04 -0.01 -0.05 -0.01 -0.00 -0.00
  5.75+ 5.39+  0.077 -0.127  -0.17   0.68 -1.56 -0.00  0.03  0.43  5.50 42.85  0.05  0.65  0.16 -0.12  0.15 -0.12  0.13  0.00 -0.03
  5.95+ 5.39+ -1.227  1.241   0.23  -0.95 -0.15 -0.14 -0.13 -0.06  5.50 38.35 -0.50 -0.05  0.22  0.30 -0.09  0.33 -0.07 -0.00  0.05
  6.08+ 5.39+  0.000 -0.000  -0.00  -0.00 -0.00  0.00  0.00 -0.00************ -0.01 -0.01 -0.00 -0.00  0.00 -0.00  0.00 -0.00 -0.00
  6.26+ 5.39+ -0.025  0.019   2.38  -5.23 -0.07  0.00 -0.00 -0.13  5.50 37.05 -0.00 -0.16 -0.10 -0.44  0.82 -0.41  0.73 -0.00 -0.15
  6.30+ 5.39+ -0.000  0.000   0.00  -0.00 -0.00  0.00  0.00 -0.00************  0.02 -0.00 -0.00  0.13  0.01  0.15  0.02  0.02  0.03
  6.42+ 5.39+  0.006  0.127   0.31  -0.56 -0.04  0.05  0.04 -0.03  5.50 45.46  0.18 -0.06 -0.05 -0.13 -0.10 -0.17 -0.10  0.00 -0.00
  6.47+ 5.39+ -0.000  0.000   0.00  -0.00 -0.00  0.00  0.00 -0.00************ -0.06  0.00  0.01  0.63  0.08  0.75  0.11  0.07  0.14

  5.62+ MY=NY  1.727  1.541  12.54  -7.35 -0.05  0.28  0.55 -0.01  5.50 38.69 -0.50 -0.54  1.44  1.47  1.52  3.14  0.81  5.50  5.71
  5.63+ 5.62+ -0.121 -0.562  -2.00   2.25 -0.01  0.03 -0.12  0.04  5.50 36.37 -0.07  0.02 -0.82 -1.08 -1.00 -1.37 -1.00 -0.00  0.00
  5.73+ 5.62+ -0.000 -0.000   0.00  -0.00 -0.00  0.00  0.00 -0.00************  0.00 -0.00 -0.00  0.03  0.01  0.04  0.01  0.00  0.00
  5.75+ 5.62+ -1.382 -1.056   0.10  -7.78 -0.18  0.23  0.31 -0.28  5.50 38.08 -0.57  0.68  0.58  0.99  0.53  1.21  0.56  0.00  0.04
  5.95+ 5.62+  0.223  0.199  -0.10   7.06  0.45  0.04  0.13 -0.05  5.50 39.58 -0.13 -0.00 -0.06 -0.99 -0.46 -1.20 -0.49 -0.00 -0.05
  6.08+ 5.62+  0.000 -0.000  -0.00  -0.00  0.00  0.00  0.00 -0.00************ -0.03 -0.01 -0.01 -0.03 -0.00 -0.04 -0.01 -0.00 -0.01
  6.26+ 5.62+  1.887 -1.831   0.11  -0.07  0.48 -0.19 -0.19 -0.04  5.50 41.38 -0.78 -0.06  0.30 -0.34  0.11 -0.37  0.08 -0.00 -0.05
  6.30+ 5.62+  0.000 -0.000   0.00  -0.00  0.00 -0.00 -0.00 -0.00************ -0.02  0.00 -0.00 -0.25  0.01 -0.29 -0.00 -0.03 -0.06
  6.42+ 5.62+  0.153 -0.186   0.15  -0.71  0.24 -0.02 -0.05  0.06  5.50 34.08 -0.06  0.12  0.04  0.14  0.27  0.19  0.26  0.00 -0.02
  6.47+ 5.62+  0.000 -0.000   0.00  -0.00  0.00 -0.00 -0.00  0.00************  0.12  0.03  0.04  0.19 -0.04  0.22 -0.03  0.03  0.06

  5.63+ MY=NY  0.192 -0.362   3.19   0.53 -0.81  0.45  0.05  0.02  5.50 45.97 -1.24  0.03 -1.65 -3.24 -2.85 -2.86 -3.55  5.50  5.73
  5.73+ 5.63+ -0.000  0.000  -0.00  -0.00 -0.00 -0.00 -0.00 -0.00************  0.00 -0.00 -0.00  0.01  0.00  0.01  0.00  0.00  0.00
  5.75+ 5.63+ -0.313  0.842  -0.66   2.44 -0.12 -0.03 -0.12  0.00  5.50 43.55 -0.30 -0.07 -0.21 -0.50 -0.45 -0.63 -0.45  0.00  0.00
  5.95+ 5.63+  0.249 -0.150  -0.08  -1.31  2.17  0.01  0.47  0.02  5.50 44.80  0.11 -0.38 -0.88  0.20  0.22  0.26  0.22 -0.00 -0.01
  6.08+ 5.63+  0.000 -0.000  -0.00  -0.00  0.00  0.00  0.00 -0.00************  0.01  0.00  0.00  0.00  0.00  0.00  0.00 -0.00  0.00
  6.26+ 5.63+ -0.500  0.437  -0.26   0.66 -0.03  0.06  0.02  0.04  5.50 40.13  0.26  0.10 -0.01  0.14  0.08  0.17  0.08  0.00  0.01
  6.30+ 5.63+ -0.000  0.000   0.00  -0.00  0.00  0.00 -0.00  0.00************  0.02 -0.00 -0.00  0.06  0.00  0.07  0.00  0.01  0.01
  6.42+ 5.63+  0.023 -0.048   0.83  -1.82  0.02 -0.01 -0.17 -0.01  5.50 41.41 -0.02  0.14  0.21 -0.16  1.20 -0.03  1.10 -0.00 -0.17
  6.47+ 5.63+  0.000 -0.000   0.00  -0.00  0.00 -0.00 -0.00  0.00************ -0.01 -0.00 -0.00  0.03  0.04  0.04  0.04 -0.00 -0.01

  5.73+ MY=NY  6.399  6.397  45.57  73.43  0.00  0.00  0.50  0.50  7.50 64.15  0.00  1.06 -1.06  4.58 -3.01  6.62 -3.46  7.50  8.73
  5.75+ 5.73+  0.000  0.000   0.00   0.00  0.00 -0.00  0.00  0.00************  0.00 -0.00 -0.00 -0.01 -0.00 -0.01 -0.00 -0.00 -0.00
  5.95+ 5.73+ -0.000 -0.000  -0.00  -0.00  0.00 -0.00 -0.00  0.00************  0.00 -0.00 -0.00  0.00  0.00  0.01  0.00  0.00  0.00
  6.08+ 5.73+ -1.975  1.986  -0.01   0.16 -1.45 -0.27 -0.30  0.30  7.50 64.26 -0.08 -0.22 -0.22 -0.02 -0.01 -0.03 -0.01  0.00 -0.00
  6.26+ 5.73+  0.000 -0.000   0.00   0.00 -0.00 -0.00 -0.00 -0.00************ -0.00  0.00  0.00  0.00  0.00  0.00  0.00  0.00  0.00
  6.30+ 5.73+  0.415  0.360  -0.73  17.91  0.02  0.00  0.01  0.01  7.50 27.53 -0.01  0.05 -0.04 -2.35 -1.14 -2.87 -1.21  0.00 -0.12
  6.42+ 5.73+ -0.000  0.000  -0.00   0.00  0.00  0.00 -0.00 -0.00************ -0.00  0.00  0.00 -0.00 -0.00 -0.00 -0.00 -0.00 -0.00
  6.47+ 5.73+ -0.400  0.474  -0.09   2.22 -0.29  0.19  0.18 -0.18  7.50 65.73  0.62 -0.23 -0.24 -0.29 -0.14 -0.35 -0.15 -0.00 -0.02

  5.75+ MY=NY -0.346 -0.334   9.30  -6.84  0.05 -0.32  0.09  0.47  5.50 37.72  0.73 -1.41  0.72 -0.35  1.07  0.98  0.27  5.50  5.56
  5.95+ 5.75+ -1.083 -1.158   0.08  -0.18  0.18 -0.07 -0.11  0.15  5.50 38.73  0.16 -0.37 -0.41 -0.03  0.09 -0.02  0.08 -0.00 -0.01
  6.08+ 5.75+ -0.000  0.000  -0.00  -0.00 -0.00 -0.00 -0.00  0.00************  0.01  0.01  0.00 -0.06 -0.01 -0.07 -0.01 -0.00 -0.01
  6.26+ 5.75+  0.708 -0.696   0.16  -0.47 -1.30 -0.06 -0.10 -0.42  5.50 41.88 -0.31 -0.66 -0.09 -0.21  0.33 -0.20  0.29 -0.00 -0.07
  6.30+ 5.75+  0.000  0.000  -0.00   0.00  0.00  0.00  0.00  0.00************ -0.03  0.01  0.01  0.03  0.00  0.04  0.00  0.00  0.01
  6.42+ 5.75+ -1.419  1.462  -0.06   0.28  0.12  0.15 -0.10 -0.06  5.50 39.08  0.60 -0.08  0.17 -0.26  0.10 -0.28  0.08 -0.00 -0.04
  6.47+ 5.75+ -0.000  0.000   0.00   0.00 -0.00  0.00  0.00 -0.00************  0.00 -0.01  0.00  0.26 -0.03  0.30 -0.02  0.03  0.07

  5.95+ MY=NY  0.000  0.256   3.33  -1.34 -0.11  0.46  0.52 -0.00  5.50 38.24 -1.21 -0.51  1.65 -3.68 -0.33 -3.05 -1.24  5.50  5.36
  6.08+ 5.95+  0.000 -0.000   0.00   0.00 -0.00 -0.00  0.00 -0.00************ -0.00 -0.00 -0.00 -0.02 -0.01 -0.03 -0.01 -0.00 -0.00
  6.26+ 5.95+ -0.504  0.453   0.13  -0.05  0.17  0.02 -0.07 -0.04  5.50 39.29  0.26  0.05  0.08  0.10  0.13  0.13  0.13  0.00 -0.00
  6.30+ 5.95+  0.000  0.000   0.00  -0.00 -0.00 -0.00  0.00  0.00************ -0.00  0.00  0.00  0.01  0.00  0.01  0.00  0.00  0.00
  6.42+ 5.95+ -0.295  0.224   0.05  -0.11  2.01  0.02 -0.49 -0.02  5.50 43.46  0.10  0.39  0.85 -0.06  0.35 -0.03  0.32 -0.00 -0.05
  6.47+ 5.95+ -0.000  0.000   0.00   0.00  0.00  0.00 -0.00 -0.00************ -0.01 -0.00 -0.00  0.01 -0.00  0.01 -0.00  0.00  0.00

  6.08+ MY=NY -5.265 -5.341  40.56  33.04 -0.03 -0.00 -0.17 -0.17  7.50 63.90  0.01 -0.84  0.86  3.96 -1.58  6.09 -2.17  7.50  8.47
  6.26+ 6.08+  0.000 -0.000  -0.00  -0.00 -0.00 -0.00  0.00 -0.00************  0.00 -0.00  0.00 -0.01 -0.00 -0.02 -0.00 -0.00 -0.00
  6.30+ 6.08+  2.570 -2.323   0.17  -2.52 -1.69 -0.16  0.22 -0.20  7.50 65.02  0.52  0.59  0.55  0.28  0.13  0.35  0.14  0.00  0.02
  6.42+ 6.08+  0.000 -0.000  -0.00   0.00 -0.00 -0.00  0.00  0.00************ -0.00 -0.00 -0.00 -0.01 -0.00 -0.01 -0.00 -0.00 -0.00
  6.47+ 6.08+ -0.311 -0.717  -0.41  17.70 -0.16 -0.01 -0.23 -0.26  7.50 63.93  0.05 -0.24  0.33 -2.53 -0.67 -3.01 -0.79 -0.00 -0.20

  6.26+ MY=NY -0.895 -0.828   8.60 -10.72  0.12 -0.40  0.04 -0.80  5.50 40.31  0.90  2.16 -0.56 -0.75  3.28  0.80  2.31  5.50  5.24
  6.30+ 6.26+  0.000  0.000   0.00   0.00  0.00  0.00  0.00  0.00************  0.01 -0.01 -0.00 -0.02  0.00 -0.02  0.00 -0.00 -0.00
  6.42+ 6.26+ -0.906 -0.958  -0.27   4.25 -0.08  0.13 -0.17  0.19  5.50 40.50 -0.30 -0.38 -0.41 -0.51 -0.32 -0.63 -0.33  0.00 -0.02
  6.47+ 6.26+ -0.000  0.000   0.00   0.00 -0.00 -0.00 -0.00  0.00************ -0.01  0.00 -0.01  0.05 -0.02  0.05 -0.02  0.01  0.01

  6.30+ MY=NY  4.496  3.582  34.72   1.66  0.38  0.05  0.34  0.23  7.50 68.50 -0.03  0.78 -0.63  4.40 -0.94  6.68 -1.54  7.50  8.44
  6.42+ 6.30+ -0.000  0.000   0.00   0.00 -0.00 -0.00 -0.00  0.00************  0.00 -0.00 -0.00  0.01  0.00  0.02  0.00  0.00  0.00
  6.47+ 6.30+ -1.576  3.118  -1.13  12.19 -1.75 -0.26 -0.17  0.25  7.50 69.27 -0.21 -0.55 -0.80 -1.30 -0.67 -1.59 -0.71  0.00 -0.06

  6.42+ MY=NY -0.058 -0.210   3.23  -2.89 -0.12  0.45 -0.71 -0.01  5.50 40.38 -1.20  0.71 -2.03 -3.76  2.02 -2.85  0.94  5.50  5.05
  6.47+ 6.42+ -0.000 -0.000   0.00  -0.00 -0.00  0.00 -0.00  0.00************  0.01  0.00  0.00 -0.01 -0.00 -0.01 -0.00 -0.00 -0.00

  6.47+ MY=NY -1.467 -4.313  31.90  -7.91 -1.42 -0.14  0.11 -0.12  7.50 66.74  0.27  0.31  0.24  4.73 -0.40  7.13 -1.02  7.50  8.41

 DECOUP:  0.00 SEC



   #   ENERGY +/-(#)    <Q20>    <Q22>     <R2>     <JZ>      #   ENERGY +/-(#)    <Q20>    <Q22>     <R2>     <JZ>

   1   1.5000  +(# 1)   0.3412  -0.1899   1.5650   0.5000    41   6.0831  +(#21)   6.0861  -2.1667   8.4749  -0.0291
   2   2.2152  -(# 1)   2.1115  -0.4555   2.7936   0.3679    42   6.1544  -(#21)  -4.1499  -3.5796   6.5972  -4.8787
   3   2.4219  -(# 2)  -0.1499  -0.9732   2.6307  -1.0087    43   6.1654  -(#22)   5.8766  -1.4566   7.3455   0.7194
   4   2.8629  -(# 3)  -0.2556   0.4794   2.4005   0.1407    44   6.2593  +(#22)   0.8004   2.3095   5.2373   0.1227
   5   2.9572  +(# 2)   4.0107  -0.6847   4.0305   0.2825    45   6.2978  +(#23)   6.6750  -1.5414   8.4434   0.3827
   6   3.1550  +(# 3)   2.0084  -1.1475   3.8869  -0.5798    46   6.3104  -(#23)   7.3339  -4.1312   9.9038   0.0001
   7   3.3189  +(# 4)  -1.0191  -1.8954   3.6770   1.1545    47   6.3285  -(#24)   4.3089   0.1282   6.9397   0.0914
   8   3.6303  +(# 5)   1.9967   0.4580   3.6437   0.3624    48   6.3691  -(#25)   0.8244  -3.2273   7.0741  -1.3764
   9   3.6811  -(# 4)   4.5847  -1.4106   5.2010   0.0933    49   6.4160  +(#24)  -2.8485   0.9422   5.0546  -0.1267
  10   3.7526  +(# 6)  -1.2367  -0.7123   3.4756   0.3380    50   6.4672  +(#25)   7.1259  -1.0231   8.4133  -1.4347
  11   3.9355  -(# 5)   5.3006  -0.4509   5.1326  -0.6787    51   6.4779  -(#26)   4.2485   0.4316   6.8876  -0.0729
  12   4.0486  -(# 6)   1.3670  -1.8411   4.9230   1.5809    52   6.4792  +(#26)   6.6111  -2.2696   8.5463  -0.3595
  13   4.1859  +(# 7)  -0.9834   1.3239   3.1958  -0.5575    53   6.6186  +(#27)   3.5750  -1.6233   8.1254   3.6077
  14   4.2583  -(# 7)  -2.1853  -2.9643   4.7138  -2.3729    54   6.6357  -(#27)  -1.4205  -2.6578   6.7491   0.7301
  15   4.3813  -(# 8)   4.6683   0.2039   4.9666   0.2932    55   6.6534  -(#28)  -2.2369  -3.3242   6.7625   1.3739
  16   4.4104  +(# 8)   5.1598  -2.1333   6.3711   0.0207    56   6.6834  -(#29)   6.5817  -2.7271   9.6121  -0.0048
  17   4.4879  -(# 9)   1.1577  -0.8459   4.7508  -0.1157    57   6.7093  +(#28)   6.8280  -2.0094   8.5302  -0.0522
  18   4.6711  -(#10)  -2.2642  -2.2364   4.5957  -0.1397    58   6.8209  +(#29)  -0.8039  -2.8201   7.8392  -4.8785
  19   4.7134  +(# 9)   5.7433  -0.8693   6.2429  -0.4908    59   6.8570  +(#30)   8.0515  -4.7995  11.0809   0.0000
  20   4.8263  +(#10)   4.9311  -1.2872   6.2193   1.5238    60   6.8787  -(#30)  -3.9811  -2.6784   6.4794  -0.4459
  21   4.9253  -(#11)   1.5669   1.3897   4.4575  -0.3975    61   6.9377  -(#31)   6.7148  -1.9810   9.5138   0.0995
  22   5.0124  +(#11)   1.2904  -2.1884   5.9672  -2.5425    62   6.9530  +(#31)   8.6460  -1.2691   8.6123   0.6529
  23   5.0629  -(#12)   5.8185  -2.8237   7.5453   0.0034    63   6.9748  +(#32)  -2.5981   3.3654   4.7161  -0.1200
  24   5.0663  -(#13)  -2.1425   0.0527   4.2638   0.3176    64   6.9786  -(#32)   2.9893   1.8710   6.5366   0.0854
  25   5.0798  +(#12)   5.1736  -0.9459   6.1937   0.0641    65   7.0198  +(#33)   5.1273  -0.6801   8.1487   0.1595
  26   5.2147  +(#13)   4.7000  -0.4792   6.0729  -0.1720    66   7.0614  +(#34)  -5.1594  -3.9104   7.5395   5.9737
  27   5.2427  +(#14)  -3.2152  -3.4390   5.6756   3.6237    67   7.1124  +(#35)   4.7942  -2.5266   8.3914  -1.6090
  28   5.3944  +(#15)   1.4150  -2.0173   5.9547   0.5403    68   7.1137  -(#33)   0.3921   0.9505   6.3986  -0.0952
  29   5.4013  -(#14)   5.5562  -1.5785   7.3298  -0.1306    69   7.1417  -(#34)   7.4406  -1.1259   9.4623  -0.8380
  30   5.5445  -(#15)  -1.8173   2.4071   3.9437   0.4196    70   7.1523  -(#35)   7.3282  -3.2294   9.7673  -0.1200
  31   5.5707  -(#16)   6.4654  -1.0766   7.3510   0.9169    71   7.2169  +(#36)   6.2196   0.0519   8.1548  -0.1064
  32   5.6209  +(#16)   3.1400   0.8136   5.7119  -0.0514    72   7.2413  +(#37)   7.1718  -3.3200  10.7643  -0.0007
  33   5.6350  +(#17)  -2.8598  -3.5530   5.7306  -0.8310    73   7.2837  -(#36)   6.8028  -0.5386   9.3059   2.8850
  34   5.7272  +(#18)   6.6205  -3.4613   8.7268   0.0006    74   7.3188  -(#37)  -3.8152  -0.7421   6.2053   0.1894
  35   5.7294  -(#17)   4.7388  -1.1285   7.1749  -2.3776    75   7.3452  +(#38)   1.2478  -3.0314   8.0897   1.5612
  36   5.7524  +(#19)   0.9808   0.2748   5.5631   0.0585    76   7.3682  +(#39)   2.9262  -1.6845   8.0655   1.2778
  37   5.7848  -(#18)   5.7866  -1.9387   7.4086   0.0141    77   7.4163  -(#38)   7.4219  -2.9563   9.7361  -0.0139
  38   5.9171  -(#19)   0.1768  -2.4847   6.8932   3.7911    78   7.4469  -(#39)   2.5552  -1.8182   9.0462  -4.7180
  39   5.9476  +(#20)  -3.0467  -1.2350   5.3615  -0.1194    79   7.5254  +(#40)   7.0010  -2.4225  10.6109   0.0199
  40   5.9717  -(#20)   6.2134  -1.1032   7.3282  -0.1249    80   7.5666  +(#41)  -0.2724  -2.4344   7.8378  -0.9315



     PARITY: +     DIMENSION:  95     MATRIX:   0.0 SEC     DIAGONALISATION:   0.0 SEC
     PARITY: -     DIMENSION:  70     MATRIX:   0.0 SEC     DIAGONALISATION:   0.0 SEC
      TOTAL TIME:   0.0 SEC
