 PARITY=+   EPS= 0.283   GAMMA= 27.7   EPS4=0.000   EPS6=0.000   LEVELS:  19  20  21  22  23
0   Z= 79   A=197   IQ=1   GSFAC= 0.75   GR=  0.40   MIN SPIN=  1/2   MAX SPIN= 13/2   KMAX= 13/2

 MICR QUADR MOMENTS:  Q0= 799.992  Q2=-231.804 FM**2


   B(E2) AND Q(E2) IN E2B2 AND EB,   B(M1) AND M(M1) INNM2 AND NM,   T(E2) AND T(M1) IN 1/PS

       E1     II      EF     IF     B(E2)             B(M1)              GD        D       EREL    T(E2)      T(M1)
                                             WU               MWU

     126.2   1/2 -  126.2   1/2    0.0000            0.0337
     126.2   1/2 -  112.6   3/2    1.6231  238.36    0.2324  129.78    0.001   -0.030     13.6  0.929E-08  0.103E-04
     353.5   1/2 -  126.2   1/2    0.0000    0.00    0.0487   27.18    0.000    0.000    227.2  0.000E+00  0.100E-01
     353.5   1/2 -  353.5   1/2    0.0000           -0.0721
     353.5   1/2 -  112.6   3/2    0.3449   50.66    0.0016    0.91    0.895    2.914    240.8  0.341E-02  0.402E-03


     353.5   1/2 -  298.6   3/2    0.9158  134.49    0.0666   37.17    0.028    0.169     54.9  0.555E-05  0.193E-03
     353.5   1/2 -  348.8   3/2    0.0122    1.80    0.0318   17.76    0.000   -0.002      4.7  0.332E-12  0.571E-07
     353.5   1/2 -  291.9   5/2    0.3729   54.77    0.0000    0.00    1.000    0.000     61.5  0.402E-05  0.000E+00
     353.5   1/2 -  353.3   5/2    0.5333   78.32    0.0000    0.00    1.000    0.000      0.1  0.169E-18  0.000E+00
     684.7   1/2 -  126.2   1/2    0.0000    0.00    0.0014    0.78    0.000    0.000    558.5  0.000E+00  0.431E-02


     684.7   1/2 -  353.5   1/2    0.0000    0.00    0.0582   32.48    0.000    0.000    331.2  0.000E+00  0.372E-01
     684.7   1/2 -  684.7   1/2    0.0000            1.2727
     684.7   1/2 -  112.6   3/2    0.0128    1.88    0.0185   10.33    0.136    0.396    572.1  0.958E-02  0.610E-01
     684.7   1/2 -  298.6   3/2    0.0320    4.70    0.0828   46.22    0.038   -0.200    386.1  0.335E-02  0.838E-01
     684.7   1/2 -  348.8   3/2    0.0497    7.30    0.0597   33.33    0.061    0.255    335.9  0.259E-02  0.398E-01


     684.7   1/2 -  291.9   5/2    0.0388    5.70    0.0000    0.00    1.000    0.000    392.8  0.443E-02  0.000E+00
     684.7   1/2 -  353.3   5/2    0.0000    0.00    0.0000    0.00    1.000    0.000    331.4  0.101E-06  0.000E+00
     684.7   1/2 -  487.7   5/2    0.0032    0.47    0.0000    0.00    1.000    0.000    197.0  0.115E-04  0.000E+00
     112.6   3/2 -  112.6   3/2   -1.4285            0.7295
     298.6   3/2 -  126.2   1/2    0.2893   42.49    0.1633   91.20    0.035    0.191    172.4  0.537E-03  0.147E-01


     298.6   3/2 -  112.6   3/2    0.3433   50.42    0.2502  139.75    0.032   -0.181    186.0  0.932E-03  0.283E-01
     298.6   3/2 -  298.6   3/2    1.0689            0.8911
     298.6   3/2 -  291.9   5/2    0.1508   22.14    0.0526   29.40    0.000    0.009      6.7  0.246E-10  0.277E-06
     348.8   3/2 -  126.2   1/2    0.3817   56.06    0.0332   18.52    0.283    0.629    222.6  0.254E-02  0.643E-02
     348.8   3/2 -  112.6   3/2    0.1287   18.89    0.0686   38.31    0.068    0.269    236.2  0.115E-02  0.159E-01


     348.8   3/2 -  298.6   3/2    0.1652   24.27    0.0727   40.61    0.004   -0.063     50.2  0.641E-06  0.162E-03
     348.8   3/2 -  348.8   3/2    0.4117            0.2841
     348.8   3/2 -  291.9   5/2    0.8512  125.00    0.0097    5.43    0.164    0.443     56.9  0.618E-05  0.315E-04
     348.8   3/2 -  347.3   7/2    0.0538    7.90    0.0000    0.00    1.000    0.000      1.4  0.406E-14  0.000E+00
     291.9   5/2 -  126.2   1/2    0.4427   65.02    0.0000    0.00    1.000    0.000    165.7  0.674E-03  0.000E+00


     291.9   5/2 -  112.6   3/2    1.0400  152.73    0.2761  154.21    0.077   -0.290    179.3  0.235E-02  0.280E-01
     291.9   5/2 -  291.9   5/2   -0.5903            1.8184
     291.9   5/2 -  118.4   9/2    0.0000    0.00    0.0000    0.00    1.000    0.000    173.5  0.271E-12  0.000E+00
     353.3   5/2 -  126.2   1/2    0.9648  141.68    0.0000    0.00    1.000    0.000    227.1  0.711E-02  0.000E+00
     353.3   5/2 -  112.6   3/2    0.0675    9.91    0.0023    1.29    0.540    1.083    240.7  0.666E-03  0.567E-03


     353.3   5/2 -  298.6   3/2    0.0720   10.58    0.0058    3.26    0.025   -0.160     54.7  0.432E-06  0.168E-04
     353.3   5/2 -  348.8   3/2    0.4712   69.20    0.0019    1.05    0.004   -0.060      4.6  0.112E-10  0.311E-08
     353.3   5/2 -  291.9   5/2    0.0770   11.31    0.0457   25.51    0.004   -0.066     61.4  0.821E-06  0.186E-03
     353.3   5/2 -  353.3   5/2    0.3359            0.7324
     353.3   5/2 -  347.3   7/2    0.1205   17.69    0.0942   52.59    0.000   -0.006      6.0  0.113E-10  0.356E-06


     353.3   5/2 -  118.4   9/2    0.0000    0.00    0.0000    0.00    1.000    0.000    234.9  0.271E-12  0.000E+00
     487.7   5/2 -  126.2   1/2    0.0197    2.90    0.0000    0.00    1.000    0.000    361.5  0.149E-02  0.000E+00
     487.7   5/2 -  353.5   1/2    0.0093    1.37    0.0000    0.00    1.000    0.000    134.3  0.497E-05  0.000E+00
     487.7   5/2 -  112.6   3/2    0.0050    0.73    0.0491   27.40    0.010   -0.100    375.1  0.453E-03  0.456E-01
     487.7   5/2 -  298.6   3/2    1.1495  168.81    0.0011    0.59    0.964    5.174    189.1  0.339E-02  0.127E-03


     487.7   5/2 -  348.8   3/2    0.2570   37.74    0.0419   23.40    0.076   -0.286    138.9  0.162E-03  0.198E-02
     487.7   5/2 -  291.9   5/2    0.0993   14.59    0.1201   67.06    0.022    0.148    195.8  0.349E-03  0.159E-01
     487.7   5/2 -  353.3   5/2    0.0147    2.16    0.0230   12.83    0.008    0.089    134.4  0.784E-05  0.981E-03
     487.7   5/2 -  487.7   5/2   -0.5450            0.6977
     487.7   5/2 -  347.3   7/2    0.4573   67.16    0.0931   51.98    0.063   -0.259    140.4  0.304E-03  0.453E-02


     487.7   5/2 -  118.4   9/2    0.0000    0.00    0.0000    0.00    1.000    0.000    369.3  0.409E-11  0.000E+00
     347.3   7/2 -  112.6   3/2    1.6016  235.21    0.0000    0.00    1.000    0.000    234.7  0.139E-01  0.000E+00
     347.3   7/2 -  298.6   3/2    0.0116    1.70    0.0000    0.00    1.000    0.000     48.7  0.389E-07  0.000E+00
     347.3   7/2 -  291.9   5/2    0.0011    0.16    0.0002    0.09    0.014   -0.119     55.4  0.713E-08  0.504E-06
     347.3   7/2 -  347.3   7/2   -1.9005            1.3871


     347.3   7/2 -  118.4   9/2    0.0000    0.00    0.0000    0.00    1.000 -422.469    228.9  0.155E-12  0.865E-18
     534.8   7/2 -  112.6   3/2    0.0091    1.33    0.0000    0.00    1.000    0.000    422.2  0.148E-02  0.000E+00
     534.8   7/2 -  298.6   3/2    0.2506   36.81    0.0000    0.00    1.000    0.000    236.2  0.225E-02  0.000E+00
     534.8   7/2 -  348.8   3/2    0.3260   47.88    0.0000    0.00    1.000    0.000    186.0  0.885E-03  0.000E+00
     534.8   7/2 -  291.9   5/2    0.5024   73.77    0.0363   20.28    0.361   -0.752    242.9  0.518E-02  0.915E-02


     534.8   7/2 -  353.3   5/2    0.3664   53.80    0.0147    8.21    0.362    0.754    181.4  0.879E-03  0.155E-02
     534.8   7/2 -  487.7   5/2    0.3248   47.70    0.0636   35.50    0.008    0.089     47.1  0.914E-06  0.117E-03
     534.8   7/2 -  347.3   7/2    0.6341   93.12    0.2137  119.36    0.067   -0.269    187.4  0.179E-02  0.248E-01
     534.8   7/2 -  534.8   7/2   -1.1429            1.6975
     534.8   7/2 -  118.4   9/2    0.0000    0.00    0.0000    0.00    0.998   20.205    416.4  0.266E-10  0.653E-13


     534.8   7/2 -  425.8  11/2    0.0000    0.00    0.0000    0.00    1.000    0.000    108.9  0.141E-13  0.000E+00
     570.4   7/2 -  112.6   3/2    0.0023    0.34    0.0000    0.00    1.000    0.000    457.8  0.573E-03  0.000E+00
     570.4   7/2 -  298.6   3/2    1.1357  166.79    0.0000    0.00    1.000    0.000    271.8  0.205E-01  0.000E+00
     570.4   7/2 -  348.8   3/2    0.0082    1.21    0.0000    0.00    1.000    0.000    221.6  0.537E-04  0.000E+00
     570.4   7/2 -  291.9   5/2    0.3630   53.31    0.0378   21.10    0.341   -0.719    278.5  0.742E-02  0.144E-01


     570.4   7/2 -  353.3   5/2    0.0493    7.24    0.2296  128.26    0.007   -0.084    217.1  0.290E-03  0.413E-01
     570.4   7/2 -  487.7   5/2    0.4149   60.94    0.0027    1.53    0.419   -0.848     82.7  0.196E-04  0.272E-04
     570.4   7/2 -  347.3   7/2    0.0000    0.01    0.0654   36.53    0.000   -0.005    223.0  0.313E-06  0.128E-01
     570.4   7/2 -  534.8   7/2    0.0406    5.97    0.0128    7.17    0.003   -0.053     35.6  0.284E-07  0.102E-04
     570.4   7/2 -  570.4   7/2   -0.6122            1.7147


     570.4   7/2 -  118.4   9/2    0.0000    0.00    0.0000    0.00    1.000 -168.200    452.0  0.485E-11  0.171E-15
     570.4   7/2 -  425.8  11/2    0.0000    0.00    0.0000    0.00    1.000    0.000    144.5  0.454E-13  0.000E+00
     118.4   9/2 -  118.4   9/2   -3.7682            6.4399
     118.4   9/2 -    0.0  13/2    1.6971  249.23    0.0000    0.00    1.000    0.000    118.4  0.482E-03  0.000E+00
     582.5   9/2 -  291.9   5/2    1.6896  248.13    0.0000    0.00    1.000    0.000    290.6  0.427E-01  0.000E+00


     582.5   9/2 -  353.3   5/2    0.0307    4.52    0.0000    0.00    1.000    0.000    229.2  0.237E-03  0.000E+00
     582.5   9/2 -  487.7   5/2    0.0017    0.25    0.0000    0.00    1.000    0.000     94.8  0.158E-06  0.000E+00
     582.5   9/2 -  347.3   7/2    0.3704   54.39    0.3085  172.29    0.044   -0.215    235.1  0.325E-02  0.706E-01
     582.5   9/2 -  534.8   7/2    0.4579   67.25    0.0228   12.73    0.031    0.178     47.7  0.138E-05  0.436E-04
     582.5   9/2 -  570.4   7/2    0.0006    0.08    0.0148    8.26    0.000   -0.002     12.1  0.175E-11  0.462E-06


     582.5   9/2 -  118.4   9/2    0.0000    0.00    0.0000    0.00    1.000 -114.752    464.1  0.348E-10  0.264E-14
     582.5   9/2 -  582.5   9/2   -1.2806            2.6641
     582.5   9/2 -  425.8  11/2    0.0000    0.00    0.0000    0.00    0.788    1.929    156.7  0.198E-14  0.532E-15
     582.5   9/2 -    0.0  13/2    0.0000    0.00    0.0000    0.00    1.000    0.000    582.5  0.195E-09  0.000E+00
     663.0   9/2 -  291.9   5/2    0.1242   18.24    0.0000    0.00    1.000    0.000    371.1  0.107E-01  0.000E+00


     663.0   9/2 -  353.3   5/2    1.8140  266.39    0.0000    0.00    1.000    0.000    309.7  0.631E-01  0.000E+00
     663.0   9/2 -  487.7   5/2    0.0432    6.34    0.0000    0.00    1.000    0.000    175.3  0.873E-04  0.000E+00
     663.0   9/2 -  347.3   7/2    0.0019    0.27    0.0411   22.94    0.003    0.056    315.7  0.715E-04  0.227E-01
     663.0   9/2 -  534.8   7/2    0.1697   24.92    0.0176    9.84    0.099   -0.332    128.3  0.719E-04  0.654E-03
     663.0   9/2 -  570.4   7/2    0.2095   30.76    0.0225   12.59    0.052   -0.235     92.7  0.175E-04  0.316E-03


     663.0   9/2 -  118.4   9/2    0.0000    0.00    0.0000    0.00    0.984   -7.795    544.6  0.132E-11  0.217E-13
     663.0   9/2 -  582.5   9/2    0.0011    0.17    0.1161   64.86    0.000    0.007     80.5  0.475E-07  0.107E-02
     663.0   9/2 -  663.0   9/2   -0.6236            1.8405
     663.0   9/2 -  425.8  11/2    0.0000    0.00    0.0000    0.00    0.995  -13.885    237.2  0.257E-12  0.133E-14
     663.0   9/2 -    0.0  13/2    0.0000    0.00    0.0000    0.00    1.000    0.000    663.0  0.154E-10  0.000E+00


     425.8  11/2 -  347.3   7/2    0.0000    0.00    0.0000    0.00    1.000    0.000     78.5  0.728E-14  0.000E+00
     425.8  11/2 -  118.4   9/2    1.3375  196.42    0.7867  439.37    0.100   -0.334    307.4  0.448E-01  0.402E+00
     425.8  11/2 -  425.8  11/2   -2.1191            6.2615
     425.8  11/2 -    0.0  13/2    0.1191   17.48    0.1091   60.93    0.121    0.370    425.8  0.203E-01  0.148E+00
     713.6  11/2 -  347.3   7/2    2.0273  297.72    0.0000    0.00    1.000    0.000    366.3  0.163E+00  0.000E+00


     713.6  11/2 -  534.8   7/2    0.2191   32.18    0.0000    0.00    1.000    0.000    178.9  0.489E-03  0.000E+00
     713.6  11/2 -  570.4   7/2    0.0000    0.01    0.0000    0.00    1.000    0.000    143.2  0.345E-07  0.000E+00
     713.6  11/2 -  118.4   9/2    0.0000    0.00    0.0000    0.00    1.000  141.744    595.2  0.503E-10  0.250E-14
     713.6  11/2 -  582.5   9/2    0.0975   14.33    0.0210   11.74    0.052   -0.235    131.1  0.462E-04  0.834E-03
     713.6  11/2 -  663.0   9/2    0.0815   11.96    0.0477   26.63    0.003   -0.055     50.6  0.329E-06  0.109E-03


     713.6  11/2 -  425.8  11/2    0.0000    0.00    0.0000    0.00    0.997  -18.335    287.8  0.577E-11  0.172E-13
     713.6  11/2 -  713.6  11/2   -1.1074            1.7485
     713.6  11/2 -    0.0  13/2    0.0000    0.00    0.0000    0.00    1.000 -283.324    713.6  0.122E-09  0.153E-14
     954.7  11/2 -  347.3   7/2    0.0003    0.04    0.0000    0.00    1.000    0.000    607.4  0.306E-03  0.000E+00
     954.7  11/2 -  534.8   7/2    0.0914   13.42    0.0000    0.00    1.000    0.000    420.0  0.146E-01  0.000E+00


     954.7  11/2 -  570.4   7/2    2.0466  300.55    0.0000    0.00    1.000    0.000    384.3  0.209E+00  0.000E+00
     954.7  11/2 -  118.4   9/2    0.0000    0.00    0.0000    0.00    0.999  -39.777    836.3  0.107E-09  0.678E-13
     954.7  11/2 -  582.5   9/2    0.1268   18.62    0.1022   57.08    0.106   -0.345    372.2  0.111E-01  0.928E-01
     954.7  11/2 -  663.0   9/2    0.0007    0.10    0.2740  153.02    0.000    0.012    291.7  0.171E-04  0.120E+00
     954.7  11/2 -  425.8  11/2    0.0000    0.00    0.0000    0.00    0.995  -14.031    528.9  0.491E-10  0.250E-12


     954.7  11/2 -  713.6  11/2    0.0060    0.89    0.0783   43.71    0.003   -0.056    241.1  0.601E-04  0.193E-01
     954.7  11/2 -  954.7  11/2   -0.8319            2.8806
     954.7  11/2 -    0.0  13/2    0.0000    0.00    0.0000    0.00    1.000  212.080    954.7  0.684E-10  0.152E-14
     954.7  11/2 -  804.9  13/2    0.0000    0.00    0.0000    0.00    0.986    8.309    149.8  0.344E-13  0.499E-15
       0.0  13/2 -    0.0  13/2   -4.4927            7.4388


     804.9  13/2 -  118.4   9/2    0.1531   22.49    0.0000    0.00    1.000    0.000    686.5  0.285E+00  0.000E+00
     804.9  13/2 -  582.5   9/2    0.0000    0.00    0.0000    0.00    1.000    0.000    222.4  0.138E-11  0.000E+00
     804.9  13/2 -  663.0   9/2    0.0000    0.00    0.0000    0.00    1.000    0.000    141.8  0.135E-14  0.000E+00
     804.9  13/2 -  425.8  11/2    1.5775  231.67    1.2057  673.37    0.115   -0.361    379.1  0.151E+00  0.116E+01
     804.9  13/2 -  713.6  11/2    0.0000    0.00    0.0000    0.00    0.948   -4.257     91.3  0.849E-15  0.469E-16


     804.9  13/2 -    0.0  13/2    0.0004    0.06    0.0156    8.69    0.011   -0.107    804.9  0.164E-02  0.143E+00
     804.9  13/2 -  804.9  13/2   -1.1161            6.2637
    1006.7  13/2 -  118.4   9/2    0.0000    0.00    0.0000    0.00    1.000    0.000    888.3  0.923E-09  0.000E+00
    1006.7  13/2 -  582.5   9/2    2.2995  337.70    0.0000    0.00    1.000    0.000    424.2  0.385E+00  0.000E+00
    1006.7  13/2 -  663.0   9/2    0.0007    0.10    0.0000    0.00    1.000    0.000    343.7  0.395E-04  0.000E+00


    1006.7  13/2 -  425.8  11/2    0.0000    0.00    0.0000    0.00    1.000  185.796    580.9  0.180E-10  0.520E-15
    1006.7  13/2 -  713.6  11/2    0.1458   21.41    0.3660  204.42    0.023   -0.154    293.1  0.385E-02  0.162E+00
    1006.7  13/2 -  954.7  11/2    0.0035    0.51    0.0025    1.37    0.003    0.052     52.0  0.162E-07  0.607E-05
    1006.7  13/2 -    0.0  13/2    0.0000    0.00    0.0000    0.00    1.000  735.663   1006.7  0.145E-08  0.271E-14
    1006.7  13/2 -  804.9  13/2    0.0000    0.00    0.0000    0.00    0.999   26.823    201.8  0.541E-12  0.751E-15


    1006.7  13/2 - 1006.7  13/2   -1.1340            3.3178

 TIME=  0.0 SEC
