 PARITY=+   EPS= 0.839   GAMMA= 41.5   EPS4=0.000   EPS6=0.000   LEVELS:  18  19  20  21  22
0   Z= 79   A=197   IQ=1   GSFAC= 0.75   GR=  0.40   MIN SPIN=  1/2   MAX SPIN= 13/2   KMAX= 13/2

 MICR QUADR MOMENTS:  Q0=2556.657  Q2=-695.623 FM**2


   B(E2) AND Q(E2) IN E2B2 AND EB,   B(M1) AND M(M1) INNM2 AND NM,   T(E2) AND T(M1) IN 1/PS

       E1     II      EF     IF     B(E2)             B(M1)              GD        D       EREL    T(E2)      T(M1)
                                             WU               MWU

       0.0   1/2 -    0.0   1/2    0.0000            1.8034
     223.4   1/2 -    0.0   1/2    0.0000    0.00    0.0715   39.93    0.000    0.000    223.4  0.000E+00  0.140E-01
     223.4   1/2 -  223.4   1/2    0.0000            0.0830
     223.4   1/2 -  193.0   3/2    0.0977   14.34    0.0373   20.81    0.002    0.041     30.5  0.313E-07  0.186E-04
     193.0   3/2 -    0.0   1/2    9.2352 1356.25    0.0209   11.69    0.919   -3.375    193.0  0.301E-01  0.265E-02


     193.0   3/2 -  193.0   3/2    4.1121           -0.1309
     400.1   3/2 -    0.0   1/2    0.0169    2.49    0.0158    8.83    0.106   -0.345    400.1  0.212E-02  0.178E-01
     400.1   3/2 -  223.4   1/2   10.9010 1600.89    0.1969  109.97    0.545    1.094    176.6  0.229E-01  0.191E-01
     400.1   3/2 -  193.0   3/2    0.0160    2.35    0.0048    2.70    0.089   -0.314    207.1  0.744E-04  0.757E-03
     400.1   3/2 -  400.1   3/2    3.1621            0.4226


     400.1   3/2 -  352.2   5/2    0.0003    0.04    0.1006   56.17    0.000   -0.002     47.8  0.902E-09  0.194E-03
     808.6   3/2 -    0.0   1/2    0.2563   37.64    0.0080    4.48    0.935    3.807    808.6  0.108E+01  0.746E-01
     808.6   3/2 -  223.4   1/2    3.7120  545.14    0.3481  194.44    0.717    1.591    585.1  0.311E+01  0.123E+01
     808.6   3/2 -  193.0   3/2    0.6227   91.45    0.0183   10.20    0.900   -2.992    615.6  0.672E+00  0.750E-01
     808.6   3/2 -  400.1   3/2    9.4123 1382.26    0.4166  232.66    0.723   -1.617    408.5  0.131E+01  0.500E+00


     808.6   3/2 -  808.6   3/2   -3.1374            0.9653
     808.6   3/2 -  352.2   5/2    0.1395   20.48    0.0048    2.67    0.808    2.053    456.3  0.337E-01  0.799E-02
     808.6   3/2 -  544.1   5/2    0.2168   31.83    0.0000    0.00    1.000 -131.375    264.5  0.342E-02  0.198E-06
     808.6   3/2 -  603.8   5/2    4.8020  705.21    0.0905   50.54    0.607    1.242    204.8  0.211E-01  0.137E-01
     808.6   3/2 -  723.2   7/2    0.0863   12.67    0.0000    0.00    1.000    0.000     85.4  0.477E-05  0.000E+00


     352.2   5/2 -    0.0   1/2   12.8904 1893.04    0.0000    0.00    1.000    0.000    352.2  0.853E+00  0.000E+00
     352.2   5/2 -  223.4   1/2    0.0516    7.58    0.0000    0.00    1.000    0.000    128.8  0.223E-04  0.000E+00
     352.2   5/2 -  193.0   3/2    0.6613   97.12    0.9706  542.07    0.012   -0.109    159.3  0.827E-03  0.690E-01
     352.2   5/2 -  352.2   5/2    2.0962            2.5402
     544.1   5/2 -    0.0   1/2    1.0395  152.66    0.0000    0.00    1.000    0.000    544.1  0.605E+00  0.000E+00


     544.1   5/2 -  223.4   1/2    0.5703   83.76    0.0000    0.00    1.000    0.000    320.6  0.236E-01  0.000E+00
     544.1   5/2 -  193.0   3/2    7.1858 1055.29    0.0933   52.12    0.868   -2.565    351.1  0.468E+00  0.711E-01
     544.1   5/2 -  400.1   3/2    0.1089   16.00    0.0101    5.65    0.134   -0.393    144.0  0.824E-04  0.532E-03
     544.1   5/2 -  352.2   5/2   12.5819 1847.74    0.0011    0.59    0.997  -17.420    191.9  0.399E-01  0.131E-03
     544.1   5/2 -  544.1   5/2   -3.9719            2.4303


     603.8   5/2 -    0.0   1/2    0.0905   13.30    0.0000    0.00    1.000    0.000    603.8  0.886E-01  0.000E+00
     603.8   5/2 -  223.4   1/2    9.4528 1388.21    0.0000    0.00    1.000    0.000    380.4  0.918E+00  0.000E+00
     603.8   5/2 -  193.0   3/2    0.0487    7.15    0.0532   29.72    0.097   -0.327    410.8  0.695E-02  0.649E-01
     603.8   5/2 -  400.1   3/2    2.2388  328.78    0.0117    6.53    0.846    2.347    203.7  0.959E-02  0.174E-02
     603.8   5/2 -  352.2   5/2    0.2459   36.11    0.0129    7.18    0.456    0.916    251.6  0.302E-02  0.360E-02


     603.8   5/2 -  544.1   5/2    0.1705   25.03    0.0293   16.37    0.014   -0.120     59.7  0.158E-05  0.110E-03
     603.8   5/2 -  603.8   5/2    4.9916            0.9878
     723.2   7/2 -  193.0   3/2   14.4393 2120.50    0.0000    0.00    1.000    0.000    530.2  0.738E+01  0.000E+00
     723.2   7/2 -  400.1   3/2    0.0213    3.12    0.0000    0.00    1.000    0.000    323.2  0.914E-03  0.000E+00
     723.2   7/2 -  352.2   5/2    0.2928   43.00    0.0389   21.75    0.418   -0.847    371.0  0.251E-01  0.350E-01


     723.2   7/2 -  544.1   5/2    8.9534 1314.87    0.0560   31.28    0.781   -1.886    179.1  0.201E-01  0.566E-02
     723.2   7/2 -  603.8   5/2    0.5584   82.00    0.0126    7.03    0.305    0.662    119.4  0.165E-03  0.377E-03
     723.2   7/2 -  723.2   7/2   -0.6904            1.1570
     925.0   7/2 -  193.0   3/2    0.2400   35.25    0.0000    0.00    1.000    0.000    732.0  0.615E+00  0.000E+00
     925.0   7/2 -  400.1   3/2   10.9269 1604.69    0.0000    0.00    1.000    0.000    524.9  0.531E+01  0.000E+00


     925.0   7/2 -  808.6   3/2    0.6032   88.59    0.0000    0.00    1.000    0.000    116.4  0.157E-03  0.000E+00
     925.0   7/2 -  352.2   5/2    0.6340   93.10    0.0113    6.29    0.928    3.579    572.8  0.477E+00  0.372E-01
     925.0   7/2 -  544.1   5/2    4.8892  718.01    0.0113    6.33    0.977   -6.588    380.9  0.478E+00  0.110E-01
     925.0   7/2 -  603.8   5/2    0.6803   99.91    0.3403  190.03    0.125    0.378    321.2  0.284E-01  0.198E+00
     925.0   7/2 -  723.2   7/2    1.5162  222.66    0.0448   25.03    0.488   -0.977    201.8  0.619E-02  0.648E-02


     925.0   7/2 -  925.0   7/2    2.3811            2.0596
     992.0   7/2 -  193.0   3/2    0.3997   58.70    0.0000    0.00    1.000    0.000    799.0  0.159E+01  0.000E+00
     992.0   7/2 -  400.1   3/2    3.5681  523.99    0.0000    0.00    1.000    0.000    591.9  0.316E+01  0.000E+00
     992.0   7/2 -  808.6   3/2    0.1987   29.18    0.0000    0.00    1.000    0.000    183.4  0.503E-03  0.000E+00
     992.0   7/2 -  352.2   5/2    1.8979  278.72    0.0055    3.06    0.990   -9.917    639.7  0.248E+01  0.252E-01


     992.0   7/2 -  544.1   5/2    6.4669  949.71    0.1484   82.90    0.858   -2.461    447.9  0.142E+01  0.235E+00
     992.0   7/2 -  603.8   5/2    1.8846  276.77    0.0505   28.18    0.796    1.975    388.2  0.203E+00  0.519E-01
     992.0   7/2 -  723.2   7/2    3.1896  468.41    0.3200  178.73    0.333   -0.706    268.7  0.545E-01  0.109E+00
     992.0   7/2 -  925.0   7/2    0.1852   27.19    0.0007    0.41    0.441    0.889     67.0  0.304E-05  0.385E-05
     992.0   7/2 -  992.0   7/2    5.5902            1.7029


     992.0   7/2 -  991.6   9/2    5.6292  826.69    0.2049  114.42    0.000    0.002      0.4  0.460E-15  0.179E-09
     991.6   9/2 -  352.2   5/2   17.8229 2617.42    0.0000    0.00    1.000    0.000    639.4  0.232E+02  0.000E+00
     991.6   9/2 -  544.1   5/2    0.0067    0.99    0.0000    0.00    1.000    0.000    447.5  0.147E-02  0.000E+00
     991.6   9/2 -  603.8   5/2    0.0456    6.70    0.0000    0.00    1.000    0.000    387.8  0.488E-02  0.000E+00
     991.6   9/2 -  723.2   7/2    2.1527  316.14    0.8955  500.16    0.107   -0.346    268.4  0.366E-01  0.305E+00


     991.6   9/2 -  925.0   7/2    1.9361  284.33    0.0000    0.02    0.994  -13.045     66.6  0.309E-04  0.182E-06
     991.6   9/2 -  991.6   9/2    0.3989            3.2682
     991.6   9/2 -  718.1  13/2    0.0000    0.00    0.0000    0.00    1.000    0.000    273.5  0.329E-13  0.000E+00
    1319.3   9/2 -  352.2   5/2    0.0450    6.60    0.0000    0.00    1.000    0.000    967.1  0.464E+00  0.000E+00
    1319.3   9/2 -  544.1   5/2    0.9361  137.47    0.0000    0.00    1.000    0.000    775.2  0.320E+01  0.000E+00


    1319.3   9/2 -  603.8   5/2   15.0688 2212.95    0.0000    0.00    1.000    0.000    715.5  0.345E+02  0.000E+00
    1319.3   9/2 -  723.2   7/2    0.0037    0.54    0.0032    1.81    0.220    0.531    596.1  0.340E-02  0.121E-01
    1319.3   9/2 -  925.0   7/2    0.2995   43.98    0.0013    0.72    0.962   -5.003    394.3  0.348E-01  0.139E-02
    1319.3   9/2 -  992.0   7/2    0.2237   32.85    0.0006    0.32    0.967   -5.371    327.4  0.103E-01  0.356E-03
    1319.3   9/2 -  991.6   9/2    0.0726   10.66    0.0033    1.87    0.618   -1.272    327.7  0.335E-02  0.207E-02


    1319.3   9/2 - 1319.3   9/2    3.1584            1.3308
    1319.3   9/2 -  718.1  13/2    0.0000    0.00    0.0000    0.00    1.000    0.000    601.2  0.375E-11  0.000E+00
    1471.6   9/2 -  352.2   5/2    0.0016    0.24    0.0000    0.00    1.000    0.000   1119.4  0.343E-01  0.000E+00
    1471.6   9/2 -  544.1   5/2    3.1175  457.82    0.0000    0.00    1.000    0.000    927.5  0.261E+02  0.000E+00
    1471.6   9/2 -  603.8   5/2    0.6603   96.98    0.0000    0.00    1.000    0.000    867.8  0.397E+01  0.000E+00


    1471.6   9/2 -  723.2   7/2    0.1634   23.99    0.0324   18.12    0.662   -1.398    748.4  0.468E+00  0.239E+00
    1471.6   9/2 -  925.0   7/2    2.0127  295.58    0.0825   46.05    0.835   -2.248    546.6  0.120E+01  0.237E+00
    1471.6   9/2 -  992.0   7/2    8.8384 1297.98    0.4136  231.01    0.773   -1.846    479.7  0.274E+01  0.803E+00
    1471.6   9/2 -  991.6   9/2    3.2714  480.42    0.0099    5.54    0.981    7.256    480.0  0.102E+01  0.193E-01
    1471.6   9/2 - 1319.3   9/2    0.0006    0.08    0.0042    2.35    0.002    0.046    152.3  0.550E-06  0.262E-03


    1471.6   9/2 - 1471.6   9/2    7.7646            2.8207
    1471.6   9/2 - 1409.6  11/2    0.0000    0.00    0.0000    0.00    0.961    4.944     62.0  0.960E-15  0.393E-16
    1471.6   9/2 -  718.1  13/2    0.0000    0.00    0.0000    0.00    1.000    0.000    753.5  0.369E-11  0.000E+00
    1409.6  11/2 -  723.2   7/2    0.0000    0.00    0.0000    0.00    1.000    0.000    686.4  0.964E-09  0.000E+00
    1409.6  11/2 -  925.0   7/2    0.0000    0.00    0.0000    0.00    1.000    0.000    484.6  0.148E-13  0.000E+00


    1409.6  11/2 -  992.0   7/2    0.0000    0.00    0.0000    0.00    1.000    0.000    417.7  0.528E-10  0.000E+00
    1409.6  11/2 -  991.6   9/2    0.0000    0.00    0.0000    0.00    0.990  -10.104    418.0  0.199E-10  0.195E-12
    1409.6  11/2 - 1319.3   9/2    0.0000    0.00    0.0000    0.00    0.461   -0.925     90.3  0.151E-13  0.177E-13
    1409.6  11/2 - 1409.6  11/2  -13.5018            5.1591
    1409.6  11/2 -  718.1  13/2    0.0000    0.00    0.0000    0.00    1.000 -125.098    691.5  0.233E-08  0.149E-12


    1542.8  11/2 -  723.2   7/2   19.2879 2832.56    0.0000    0.00    1.000    0.000    819.6  0.870E+02  0.000E+00
    1542.8  11/2 -  925.0   7/2    0.1181   17.35    0.0000    0.00    1.000    0.000    617.9  0.130E+00  0.000E+00
    1542.8  11/2 -  992.0   7/2    0.2069   30.39    0.0000    0.00    1.000    0.000    550.9  0.128E+00  0.000E+00
    1542.8  11/2 -  991.6   9/2    0.6022   88.43    0.0745   41.60    0.630   -1.305    551.3  0.374E+00  0.220E+00
    1542.8  11/2 - 1319.3   9/2    0.0757   11.11    0.0475   26.53    0.052   -0.235    223.5  0.515E-03  0.934E-02


    1542.8  11/2 - 1471.6   9/2    8.7644 1287.10    0.0543   30.32    0.362   -0.754     71.2  0.196E-03  0.346E-03
    1542.8  11/2 - 1409.6  11/2    0.0000    0.00    0.0000    0.00    0.704   -1.543    133.2  0.460E-12  0.193E-12
    1542.8  11/2 - 1542.8  11/2   -0.1337            1.8338
    1542.8  11/2 -  718.1  13/2    0.0000    0.00    0.0000    0.00    0.657   -1.384    824.7  0.275E-11  0.144E-11
    1750.7  11/2 -  723.2   7/2    0.0021    0.31    0.0000    0.00    1.000    0.000   1027.5  0.298E-01  0.000E+00


    1750.7  11/2 -  925.0   7/2   16.1939 2378.18    0.0000    0.00    1.000    0.000    825.7  0.758E+02  0.000E+00
    1750.7  11/2 -  992.0   7/2    3.9982  587.16    0.0000    0.00    1.000    0.000    758.7  0.123E+02  0.000E+00
    1750.7  11/2 -  991.6   9/2    0.0002    0.02    0.0161    9.01    0.004   -0.065    759.1  0.521E-03  0.124E+00
    1750.7  11/2 - 1319.3   9/2    0.7187  105.55    0.5401  301.66    0.146    0.414    431.4  0.131E+00  0.763E+00
    1750.7  11/2 - 1471.6   9/2    0.3653   53.65    0.0278   15.53    0.415   -0.842    279.1  0.755E-02  0.106E-01


    1750.7  11/2 - 1409.6  11/2    0.0000    0.00    0.0000    0.00    0.986   -8.249    341.1  0.384E-10  0.564E-12
    1750.7  11/2 - 1542.8  11/2    0.0238    3.50    0.0072    4.02    0.090    0.315    207.8  0.113E-03  0.114E-02
    1750.7  11/2 - 1750.7  11/2    1.0406            3.0781
    1750.7  11/2 -  718.1  13/2    0.0000    0.00    0.0000    0.00    0.259    0.591   1032.6  0.215E-12  0.616E-12
     718.1  13/2 -  718.1  13/2  -14.3175            8.1958


    1908.7  13/2 -  991.6   9/2   21.9693 3226.34    0.0000    0.00    1.000    0.000    917.1  0.174E+03  0.000E+00
    1908.7  13/2 - 1319.3   9/2    0.0061    0.89    0.0000    0.00    1.000    0.000    589.4  0.528E-02  0.000E+00
    1908.7  13/2 - 1471.6   9/2    0.0289    4.24    0.0000    0.00    1.000    0.000    437.1  0.561E-02  0.000E+00
    1908.7  13/2 - 1409.6  11/2    0.0000    0.00    0.0000    0.00    0.453   -0.909    499.0  0.527E-10  0.637E-10
    1908.7  13/2 - 1542.8  11/2    1.5946  234.18    0.9511  531.21    0.135   -0.394    365.8  0.127E+00  0.819E+00


    1908.7  13/2 - 1750.7  11/2    0.2151   31.58    0.0323   18.05    0.103   -0.339    158.0  0.258E-03  0.224E-02
    1908.7  13/2 -  718.1  13/2    0.0000    0.00    0.0000    0.00    0.904   -3.075   1190.5  0.219E-09  0.231E-10
    1908.7  13/2 - 1908.7  13/2   -0.0873            4.0406
    1991.0  13/2 -  991.6   9/2    0.0000    0.00    0.0000    0.00    1.000    0.000    999.5  0.583E-07  0.000E+00
    1991.0  13/2 - 1319.3   9/2    0.0000    0.00    0.0000    0.00    1.000    0.000    671.7  0.107E-08  0.000E+00


    1991.0  13/2 - 1471.6   9/2    0.0000    0.00    0.0000    0.00    1.000    0.000    519.4  0.615E-09  0.000E+00
    1991.0  13/2 - 1409.6  11/2   10.9154 1603.00    0.3984  222.50    0.865   -2.534    581.4  0.885E+01  0.138E+01
    1991.0  13/2 - 1542.8  11/2    0.0000    0.00    0.0000    0.00    0.456    0.915    448.2  0.796E-10  0.951E-10
    1991.0  13/2 - 1750.7  11/2    0.0000    0.00    0.0000    0.00    0.995  -14.156    240.4  0.188E-10  0.937E-13
    1991.0  13/2 -  718.1  13/2    0.0000    0.00    0.0000    0.00    0.999  -44.252   1272.9  0.855E-08  0.437E-11


    1991.0  13/2 - 1908.7  13/2    0.0000    0.00    0.0000    0.00    0.013   -0.117     82.4  0.192E-14  0.141E-12
    1991.0  13/2 - 1991.0  13/2   -8.7975            5.1098

 TIME=  0.0 SEC
