 PARITY=+   EPS= 0.968   GAMMA= 34.0   EPS4=0.000   EPS6=0.000   LEVELS:  19  20  21  22  23
0   Z= 79   A=197   IQ=1   GSFAC= 0.75   GR=  0.40   MIN SPIN=  1/2   MAX SPIN= 13/2   KMAX= 13/2

 MICR QUADR MOMENTS:  Q0=4237.062  Q2=-553.911 FM**2


   B(E2) AND Q(E2) IN E2B2 AND EB,   B(M1) AND M(M1) INNM2 AND NM,   T(E2) AND T(M1) IN 1/PS

       E1     II      EF     IF     B(E2)             B(M1)              GD        D       EREL    T(E2)      T(M1)
                                             WU               MWU

       0.0   1/2 -    0.0   1/2    0.0000            1.9184
     115.7   1/2 -    0.0   1/2    0.0000    0.00    0.0000    0.00    0.000    0.000    115.7  0.000E+00  0.906E-08
     115.7   1/2 -  115.7   1/2    0.0000            2.0092
     115.7   1/2 -    4.4   3/2    0.0001    0.01    0.0004    0.25    0.001   -0.038    111.3  0.154E-07  0.109E-04
     115.7   1/2 -   16.6   3/2    0.0003    0.04    0.0001    0.08    0.012   -0.112     99.1  0.296E-07  0.235E-05


     115.7   1/2 -    6.3   5/2    0.0000    0.00    0.0000    0.00    1.000    0.000    109.4  0.632E-11  0.000E+00
     115.7   1/2 -   10.4   5/2    0.0003    0.05    0.0000    0.00    1.000    0.000    105.3  0.530E-07  0.000E+00
     115.7   1/2 -   22.4   5/2    0.0002    0.03    0.0000    0.00    1.000    0.000     93.3  0.154E-07  0.000E+00
     420.3   1/2 -    0.0   1/2    0.0000    0.00    0.0000    0.00    0.000    0.000    420.3  0.000E+00  0.761E-17
     420.3   1/2 -  115.7   1/2    0.0000    0.00    0.0000    0.00    0.000    0.000    304.6  0.000E+00  0.556E-14


     420.3   1/2 -  420.3   1/2    0.0000           -0.3985
     420.3   1/2 -    4.4   3/2    0.0000    0.00    0.0000    0.00    1.000 -747.823    416.0  0.223E-08  0.402E-14
     420.3   1/2 -   16.6   3/2    0.0000    0.00    0.0000    0.00    0.996  -16.719    403.7  0.273E-11  0.978E-14
     420.3   1/2 -  121.3   3/2    0.0000    0.00    0.0000    0.00    0.955    4.603    299.0  0.617E-12  0.291E-13
     420.3   1/2 -    6.3   5/2    0.0000    0.00    0.0000    0.00    1.000    0.000    414.0  0.232E-08  0.000E+00


     420.3   1/2 -   10.4   5/2    0.0000    0.00    0.0000    0.00    1.000    0.000    409.9  0.836E-09  0.000E+00
     420.3   1/2 -   22.4   5/2    0.0000    0.00    0.0000    0.00    1.000    0.000    397.9  0.496E-10  0.000E+00
       4.4   3/2 -    0.0   1/2   18.7119 2747.97    0.0100    5.56    0.024   -0.158      4.4  0.363E-09  0.146E-07
       4.4   3/2 -    4.4   3/2    4.3964           -0.3037
      16.6   3/2 -    0.0   1/2   18.2308 2677.32    0.0010    0.56    0.777   -1.869     16.6  0.282E-06  0.809E-07


      16.6   3/2 -    4.4   3/2   27.3293 4013.49    0.0025    1.40    0.532    1.067     12.3  0.922E-07  0.810E-07
      16.6   3/2 -   16.6   3/2   -4.3965           -0.5545
      16.6   3/2 -    6.3   5/2   11.5828 1701.01    0.3579  199.89    0.002    0.049     10.3  0.166E-07  0.695E-05
      16.6   3/2 -   10.4   5/2    6.3613  934.21    0.9215  514.64    0.000   -0.014      6.2  0.703E-09  0.384E-05
      16.6   3/2 -   13.4   7/2    0.7036  103.33    0.0000    0.00    1.000    0.000      3.2  0.279E-11  0.000E+00


     121.3   3/2 -    0.0   1/2    0.0000    0.00    0.0000    0.01    0.007   -0.087    121.3  0.339E-08  0.453E-06
     121.3   3/2 -  115.7   1/2   36.9292 5423.31    0.1335   74.54    0.006    0.078      5.6  0.250E-08  0.414E-06
     121.3   3/2 -    4.4   3/2    0.0001    0.02    0.0002    0.10    0.007   -0.085    116.9  0.374E-07  0.515E-05
     121.3   3/2 -   16.6   3/2    0.0001    0.02    0.0001    0.04    0.011   -0.106    104.7  0.175E-07  0.156E-05
     121.3   3/2 -  121.3   3/2   -7.7579           -0.0057


     121.3   3/2 -    6.3   5/2    0.0001    0.01    0.0000    0.00    0.122    0.373    115.0  0.141E-07  0.101E-06
     121.3   3/2 -   10.4   5/2    0.0000    0.00    0.0001    0.04    0.002    0.046    110.9  0.347E-08  0.162E-05
     121.3   3/2 -   22.4   5/2    0.0000    0.01    0.0002    0.09    0.002    0.041     98.9  0.441E-08  0.264E-05
     121.3   3/2 -   13.4   7/2    0.0002    0.03    0.0000    0.00    1.000    0.000    107.9  0.417E-07  0.000E+00
     121.3   3/2 -   19.6   7/2    0.0000    0.00    0.0000    0.00    1.000    0.000    101.7  0.313E-08  0.000E+00


     121.3   3/2 -   31.5   7/2    0.0000    0.00    0.0000    0.00    1.000    0.000     89.8  0.179E-08  0.000E+00
       6.3   5/2 -    0.0   1/2   34.3286 5041.39    0.0000    0.00    1.000    0.000      6.3  0.413E-08  0.000E+00
       6.3   5/2 -    4.4   3/2    0.1726   25.35    0.8751  488.73    0.000    0.001      1.9  0.556E-13  0.110E-06
       6.3   5/2 -    6.3   5/2   -5.6924            2.7063
      10.4   5/2 -    0.0   1/2    1.4710  216.02    0.0000    0.00    1.000    0.000     10.4  0.222E-08  0.000E+00


      10.4   5/2 -    4.4   3/2   24.5617 3607.06    0.2957  165.13    0.002   -0.046      6.1  0.247E-08  0.116E-05
      10.4   5/2 -    6.3   5/2   25.3644 3724.94    0.0000    0.02    0.910    3.171      4.1  0.379E-09  0.377E-10
      10.4   5/2 -   10.4   5/2    1.0578            2.3891
      22.4   5/2 -    0.0   1/2    1.1431  167.88    0.0000    0.00    1.000    0.000     22.4  0.787E-07  0.000E+00
      22.4   5/2 -    4.4   3/2   11.8647 1742.41    0.0272   15.17    0.090    0.314     18.0  0.276E-06  0.280E-05


      22.4   5/2 -   16.6   3/2   25.3236 3718.95    0.2138  119.38    0.003    0.052      5.8  0.199E-08  0.725E-06
      22.4   5/2 -    6.3   5/2   11.4250 1677.84    0.0194   10.84    0.096   -0.325     16.1  0.151E-06  0.143E-05
      22.4   5/2 -   10.4   5/2   10.9652 1610.31    0.2923  163.24    0.004    0.061     12.0  0.328E-07  0.881E-05
      22.4   5/2 -   22.4   5/2    4.6346            0.1211
      22.4   5/2 -   13.4   7/2    7.4953 1100.74    0.3521  196.65    0.001   -0.034      9.0  0.527E-08  0.445E-05


      22.4   5/2 -   19.6   7/2   20.8320 3059.32    0.7896  440.98    0.000    0.012      2.8  0.401E-10  0.290E-06
      22.4   5/2 -   17.1   9/2    2.0158  296.03    0.0000    0.00    1.000    0.000      5.3  0.105E-09  0.000E+00
      13.4   7/2 -    4.4   3/2   33.8234 4967.19    0.0000    0.00    1.000    0.000      9.1  0.254E-07  0.000E+00
      13.4   7/2 -    6.3   5/2    0.9001  132.18    0.0226   12.64    0.001   -0.038      7.2  0.206E-09  0.146E-06
      13.4   7/2 -   10.4   5/2   26.1868 3845.70    0.0484   27.05    0.003   -0.058      3.0  0.785E-10  0.232E-07


      13.4   7/2 -   13.4   7/2   -6.6104            1.1397
      19.6   7/2 -    4.4   3/2    2.1708  318.80    0.0000    0.00    1.000    0.000     15.3  0.221E-07  0.000E+00
      19.6   7/2 -   16.6   3/2    3.4459  506.05    0.0000    0.00    1.000    0.000      3.0  0.106E-10  0.000E+00
      19.6   7/2 -    6.3   5/2    6.5918  968.05    0.0006    0.31    0.594    1.210     13.4  0.342E-07  0.233E-07
      19.6   7/2 -   10.4   5/2   24.8850 3654.53    0.1559   87.09    0.009   -0.097      9.2  0.201E-07  0.214E-05


      19.6   7/2 -   13.4   7/2    0.6936  101.87    0.5467  305.34    0.000   -0.006      6.2  0.778E-10  0.230E-05
      19.6   7/2 -   19.6   7/2    6.0123            1.9167
      19.6   7/2 -   17.1   9/2   23.4952 3450.43    0.3313  185.04    0.000    0.018      2.6  0.322E-10  0.992E-07
      31.5   7/2 -    4.4   3/2    1.0253  150.57    0.0000    0.00    1.000    0.000     27.1  0.183E-06  0.000E+00
      31.5   7/2 -   16.6   3/2    9.8905 1452.48    0.0000    0.00    1.000    0.000     14.8  0.869E-07  0.000E+00


      31.5   7/2 -    6.3   5/2    2.7155  398.78    0.0001    0.07    0.900    2.993     25.2  0.335E-06  0.374E-07
      31.5   7/2 -   10.4   5/2    0.6528   95.87    0.0101    5.64    0.019   -0.141     21.0  0.327E-07  0.165E-05
      31.5   7/2 -   22.4   5/2    6.5622  963.71    0.1330   74.28    0.003    0.053      9.1  0.490E-08  0.174E-05
      31.5   7/2 -   13.4   7/2    8.7956 1291.70    0.0816   45.56    0.024    0.156     18.0  0.204E-06  0.840E-05
      31.5   7/2 -   19.6   7/2   12.4634 1830.34    0.0956   53.40    0.012   -0.112     11.8  0.350E-07  0.278E-05


      31.5   7/2 -   31.5   7/2   12.2442            0.3696
      31.5   7/2 -   17.1   9/2    4.4256  649.93    0.1192   66.55    0.005    0.073     14.4  0.333E-07  0.625E-05
      31.5   7/2 -   30.5   9/2   22.4913 3303.00    0.5955  332.58    0.000   -0.005      1.0  0.290E-12  0.108E-07
      31.5   7/2 -   27.9  11/2    0.4616   67.79    0.0000    0.00    1.000    0.000      3.6  0.319E-11  0.000E+00
      17.1   9/2 -    6.3   5/2   42.4408 6232.71    0.0000    0.00    1.000    0.000     10.8  0.755E-07  0.000E+00


      17.1   9/2 -   10.4   5/2    1.5903  233.54    0.0000    0.00    1.000    0.000      6.6  0.250E-09  0.000E+00
      17.1   9/2 -   13.4   7/2    4.3800  643.24    0.8997  502.49    0.000   -0.007      3.6  0.338E-10  0.759E-06
      17.1   9/2 -   17.1   9/2   -6.6052            3.4868
      30.5   9/2 -    6.3   5/2    1.0797  158.56    0.0000    0.00    1.000    0.000     24.2  0.108E-06  0.000E+00
      30.5   9/2 -   10.4   5/2   11.1656 1639.74    0.0000    0.00    1.000    0.000     20.0  0.438E-06  0.000E+00


      30.5   9/2 -   22.4   5/2    3.3543  492.60    0.0000    0.00    1.000    0.000      8.1  0.139E-08  0.000E+00
      30.5   9/2 -   13.4   7/2    4.0803  599.22    0.0129    7.22    0.060   -0.252     17.0  0.709E-07  0.112E-05
      30.5   9/2 -   19.6   7/2   10.4104 1528.84    0.1829  102.17    0.005   -0.068     10.8  0.187E-07  0.406E-05
      30.5   9/2 -   17.1   9/2    2.5781  378.61    0.0035    1.98    0.083    0.300     13.4  0.135E-07  0.149E-06
      30.5   9/2 -   30.5   9/2    6.0419            2.3142


      30.5   9/2 -   27.9  11/2   25.1103 3687.62    0.0990   55.31    0.001   -0.034      2.5  0.325E-10  0.286E-07
      40.3   9/2 -    6.3   5/2    5.9388  872.15    0.0000    0.00    1.000    0.000     34.0  0.331E-05  0.000E+00
      40.3   9/2 -   10.4   5/2   12.4212 1824.14    0.0000    0.00    1.000    0.000     29.9  0.361E-05  0.000E+00
      40.3   9/2 -   22.4   5/2    4.1057  602.95    0.0000    0.00    1.000    0.000     17.9  0.927E-07  0.000E+00
      40.3   9/2 -   13.4   7/2    2.9600  434.70    0.0043    2.42    0.255   -0.585     26.9  0.507E-06  0.148E-05


      40.3   9/2 -   19.6   7/2   20.3981 2995.61    0.0003    0.17    0.953    4.514     20.7  0.941E-06  0.462E-07
      40.3   9/2 -   31.5   7/2    5.6106  823.95    0.0461   25.75    0.007    0.081      8.9  0.374E-08  0.565E-06
      40.3   9/2 -   17.1   9/2    4.8922  718.45    0.0051    2.83    0.266   -0.601     23.2  0.405E-06  0.112E-05
      40.3   9/2 -   30.5   9/2    5.4056  793.85    0.2311  129.05    0.002   -0.040      9.9  0.618E-08  0.391E-05
      40.3   9/2 -   40.3   9/2   -8.1880            2.8523


      40.3   9/2 -   27.9  11/2    0.5098   74.86    0.0362   20.20    0.002   -0.039     12.4  0.183E-08  0.122E-05
      40.3   9/2 -   39.7  11/2   15.5463 2283.08    0.1677   93.65    0.000    0.005      0.6  0.209E-13  0.787E-09
      40.3   9/2 -   32.1  13/2    0.2685   39.43    0.0000    0.00    1.000    0.000      8.2  0.124E-09  0.000E+00
      27.9  11/2 -   13.4   7/2   46.6424 6849.76    0.0000    0.00    1.000    0.000     14.5  0.361E-06  0.000E+00
      27.9  11/2 -   19.6   7/2    3.3294  488.94    0.0000    0.00    1.000    0.000      8.3  0.157E-08  0.000E+00


      27.9  11/2 -   17.1   9/2    0.3043   44.69    0.0234   13.05    0.001   -0.033     10.8  0.554E-09  0.523E-06
      27.9  11/2 -   27.9  11/2   -7.5308            1.4331
      39.7  11/2 -   13.4   7/2    0.6676   98.04    0.0000    0.00    1.000    0.000     26.2  0.101E-06  0.000E+00
      39.7  11/2 -   19.6   7/2   22.7472 3340.58    0.0000    0.00    1.000    0.000     20.0  0.896E-06  0.000E+00
      39.7  11/2 -   31.5   7/2    4.8338  709.88    0.0000    0.00    1.000    0.000      8.2  0.221E-08  0.000E+00


      39.7  11/2 -   17.1   9/2    9.0911 1335.08    0.0011    0.59    0.752    1.740     22.6  0.655E-06  0.216E-06
      39.7  11/2 -   30.5   9/2    6.5146  956.71    0.4790  267.52    0.001   -0.028      9.2  0.532E-08  0.663E-05
      39.7  11/2 -   27.9  11/2    0.0131    1.93    0.4303  240.33    0.000   -0.002     11.8  0.362E-10  0.124E-04
      39.7  11/2 -   39.7  11/2    1.0656            3.2118
      39.7  11/2 -   32.1  13/2   22.6029 3319.38    0.2175  121.49    0.004    0.064      7.6  0.694E-08  0.167E-05


      53.4  11/2 -   13.4   7/2    4.4871  658.96    0.0000    0.00    1.000    0.000     39.9  0.556E-05  0.000E+00
      53.4  11/2 -   19.6   7/2    3.3792  496.25    0.0000    0.00    1.000    0.000     33.7  0.180E-05  0.000E+00
      53.4  11/2 -   31.5   7/2    6.7187  986.69    0.0000    0.00    1.000    0.000     21.9  0.414E-06  0.000E+00
      53.4  11/2 -   17.1   9/2    1.0668  156.67    0.0013    0.74    0.424   -0.858     36.3  0.820E-06  0.111E-05
      53.4  11/2 -   30.5   9/2   15.2504 2239.63    0.0336   18.77    0.142   -0.407     22.9  0.118E-05  0.712E-05


      53.4  11/2 -   40.3   9/2   18.1036 2658.63    0.1572   87.78    0.013   -0.117     13.0  0.836E-07  0.615E-05
      53.4  11/2 -   27.9  11/2    6.8296 1002.98    0.0070    3.90    0.305    0.663     25.5  0.892E-06  0.203E-05
      53.4  11/2 -   39.7  11/2    4.6458  682.27    0.0015    0.82    0.291    0.641     13.7  0.273E-07  0.664E-07
      53.4  11/2 -   53.4  11/2   -0.7346            3.2064
      53.4  11/2 -   32.1  13/2    0.1168   17.15    0.0142    7.92    0.003    0.051     21.3  0.622E-08  0.241E-05


      32.1  13/2 -   17.1   9/2   54.5641 8013.10    0.0000    0.00    1.000    0.000     15.0  0.509E-06  0.000E+00
      32.1  13/2 -   30.5   9/2    0.4901   71.98    0.0000    0.00    1.000    0.000      1.6  0.711E-13  0.000E+00
      32.1  13/2 -   27.9  11/2    1.7049  250.38    1.1013  615.07    0.000   -0.004      4.2  0.266E-10  0.142E-05
      32.1  13/2 -   32.1  13/2   -8.1691            4.2899
      54.2  13/2 -   17.1   9/2    0.6853  100.64    0.0000    0.00    1.000    0.000     37.2  0.593E-06  0.000E+00


      54.2  13/2 -   30.5   9/2   27.1768 3991.10    0.0000    0.00    1.000    0.000     23.8  0.253E-05  0.000E+00
      54.2  13/2 -   40.3   9/2    0.6502   95.48    0.0000    0.00    1.000    0.000     13.9  0.414E-08  0.000E+00
      54.2  13/2 -   27.9  11/2    7.8648 1154.99    0.0075    4.18    0.336   -0.711     26.3  0.122E-05  0.241E-05
      54.2  13/2 -   39.7  11/2    1.2015  176.44    0.0588   32.83    0.003   -0.055     14.6  0.960E-08  0.320E-05
      54.2  13/2 -   53.4  11/2   23.1601 3401.22    0.1049   58.57    0.000   -0.011      0.9  0.141E-12  0.122E-08


      54.2  13/2 -   32.1  13/2    0.7720  113.37    0.0040    2.22    0.062    0.257     22.2  0.502E-07  0.761E-06
      54.2  13/2 -   54.2  13/2   -0.5721            2.4157
      66.9  13/2 -   17.1   9/2    1.4541  213.54    0.0000    0.00    1.000    0.000     49.8  0.544E-05  0.000E+00
      66.9  13/2 -   30.5   9/2    0.9078  133.31    0.0000    0.00    1.000    0.000     36.4  0.711E-06  0.000E+00
      66.9  13/2 -   40.3   9/2   10.0884 1481.56    0.0000    0.00    1.000    0.000     26.6  0.163E-05  0.000E+00


      66.9  13/2 -   27.9  11/2    0.0334    4.91    0.0057    3.16    0.006   -0.079     39.0  0.367E-07  0.589E-05
      66.9  13/2 -   39.7  11/2   10.6285 1560.87    0.0098    5.45    0.359    0.748     27.2  0.193E-05  0.346E-05
      66.9  13/2 -   53.4  11/2    6.8138 1000.66    0.2619  146.28    0.003   -0.057     13.5  0.375E-07  0.114E-04
      66.9  13/2 -   32.1  13/2    5.2800  775.40    0.0053    2.96    0.455   -0.914     34.8  0.329E-05  0.393E-05
      66.9  13/2 -   54.2  13/2    0.0536    7.87    0.5956  332.63    0.000   -0.003     12.6  0.212E-09  0.212E-04


      66.9  13/2 -   66.9  13/2    4.4883            3.0668

 TIME=  0.0 SEC
