 PARITY=+   EPS= 0.291   GAMMA=  0.0   EPS4=0.000   EPS6=0.000   LEVELS:  14  15  16  17  18  19  20  21  22  23  24  25  26  27  28
0   Z= 79   A=197   IQ=0   GSFAC= 0.60   GR=  0.40   MIN SPIN=  1/2   MAX SPIN= 13/2   KMAX= 13/2

 MACR QUADR MOMENTS:  Q0=1069.320  Q2=   0.000 FM**2


   B(E2) AND Q(E2) IN E2B2 AND EB,   B(M1) AND M(M1) INNM2 AND NM,   T(E2) AND T(M1) IN 1/PS

       E1     II      EF     IF     B(E2)             B(M1)              GD        D       EREL    T(E2)      T(M1)
                                             WU               MWU

     587.7   1/2 -  587.7   1/2    0.0000            1.5697
     587.7   1/2 -  537.2   3/2    0.1149   16.88    0.0003    0.19    0.379   -0.781     50.5  0.459E-06  0.753E-06
     587.7   1/2 -    0.0   5/2    0.0001    0.02    0.0000    0.00    1.000    0.000    587.7  0.902E-04  0.000E+00
     843.1   1/2 -  587.7   1/2    0.0000    0.00    0.0061    3.38    0.000    0.000    255.4  0.000E+00  0.178E-02
     843.1   1/2 -  843.1   1/2    0.0000           -0.1182


     843.1   1/2 -  537.2   3/2    0.7499  110.12    0.0265   14.79    0.648   -1.355    305.9  0.245E-01  0.133E-01
     843.1   1/2 -  805.5   3/2    1.9609  287.97    0.0036    2.01    0.348    0.730     37.6  0.179E-05  0.336E-05
     843.1   1/2 -    0.0   5/2    0.0016    0.24    0.0000    0.00    1.000    0.000    843.1  0.849E-02  0.000E+00
     843.1   1/2 -  729.2   5/2    0.0000    0.00    0.0000    0.00    1.000    0.000    113.9  0.565E-10  0.000E+00
     843.1   1/2 -  778.6   5/2    0.4408   64.73    0.0000    0.00    1.000    0.000     64.5  0.600E-05  0.000E+00


    1619.3   1/2 -  587.7   1/2    0.0000    0.00    0.0000    0.00    0.000    0.000   1031.7  0.000E+00  0.121E-21
    1619.3   1/2 -  843.1   1/2    0.0000    0.00    0.0000    0.00    0.000    0.000    776.3  0.000E+00  0.115E-19
    1619.3   1/2 - 1619.3   1/2    0.0000            2.1660
    1619.3   1/2 -  537.2   3/2    0.0000    0.00    0.0000    0.00    1.000    0.000   1082.2  0.400E-06  0.122E-20
    1619.3   1/2 -  805.5   3/2    0.0000    0.00    0.0000    0.00    1.000    0.000    813.9  0.235E-06  0.208E-22


    1619.3   1/2 -  897.3   3/2    0.0000    0.00    0.0000    0.00    1.000    0.000    722.0  0.176E-08  0.390E-21
    1619.3   1/2 -    0.0   5/2    0.0000    0.00    0.0000    0.00    1.000    0.000   1619.3  0.560E-06  0.000E+00
    1619.3   1/2 -  729.2   5/2    4.5630  670.11    0.0000    0.00    1.000    0.000    890.2  0.311E+02  0.000E+00
    1619.3   1/2 -  778.6   5/2    0.0000    0.00    0.0000    0.00    1.000    0.000    840.8  0.904E-07  0.000E+00
    1619.3   1/2 -  904.1   5/2    0.0000    0.00    0.0000    0.00    1.000    0.000    715.3  0.752E-07  0.000E+00


    1619.3   1/2 - 1404.4   5/2    0.0000    0.00    0.0000    0.00    1.000    0.000    215.0  0.391E-08  0.000E+00
    3924.7   1/2 -  587.7   1/2    0.0000    0.00    0.0006    0.33    0.000    0.000   3337.0  0.000E+00  0.392E+00
    3924.7   1/2 -  843.1   1/2    0.0000    0.00    0.0007    0.42    0.000    0.000   3081.6  0.000E+00  0.384E+00
    3924.7   1/2 - 1619.3   1/2    0.0000    0.00    0.0000    0.00    0.000    0.000   2305.4  0.000E+00  0.572E-21
    3924.7   1/2 - 3924.7   1/2    0.0000            1.3420


    3924.7   1/2 -  537.2   3/2    0.0034    0.49    0.0096    5.38    0.735    1.664   3387.5  0.182E+02  0.659E+01
    3924.7   1/2 -  805.5   3/2    0.0073    1.07    0.0297   16.61    0.622    1.283   3119.2  0.262E+02  0.159E+02
    3924.7   1/2 -  897.3   3/2    0.0167    2.46    0.0946   52.85    0.529    1.060   3027.4  0.519E+02  0.462E+02
    3924.7   1/2 - 1789.3   3/2    0.0000    0.00    0.0000    0.00    1.000    0.000   2135.4  0.722E-03  0.806E-18
    3924.7   1/2 - 1964.5   3/2    0.0521    7.65    0.6312  352.55    0.180   -0.469   1960.2  0.184E+02  0.837E+02


    3924.7   1/2 -    0.0   5/2    0.0011    0.16    0.0000    0.00    1.000    0.000   3924.7  0.125E+02  0.000E+00
    3924.7   1/2 -  729.2   5/2    0.0000    0.00    0.0000    0.00    1.000    0.000   3195.5  0.421E-01  0.000E+00
    3924.7   1/2 -  778.6   5/2    0.0003    0.04    0.0000    0.00    1.000    0.000   3146.1  0.104E+01  0.000E+00
    3924.7   1/2 -  904.1   5/2    0.0093    1.36    0.0000    0.00    1.000    0.000   3020.6  0.284E+02  0.000E+00
    3924.7   1/2 - 1404.4   5/2    0.0354    5.20    0.0000    0.00    1.000    0.000   2520.3  0.439E+02  0.000E+00


     537.2   3/2 -  537.2   3/2    1.2319            0.6538
     537.2   3/2 -    0.0   5/2    0.0078    1.14    0.4133  230.85    0.004   -0.061    537.2  0.424E-02  0.113E+01
     537.2   3/2 -  190.0   7/2    0.0009    0.13    0.0000    0.00    1.000    0.000    347.2  0.563E-04  0.000E+00
     537.2   3/2 -  342.2   7/2    0.0139    2.04    0.0000    0.00    1.000    0.000    195.0  0.478E-04  0.000E+00
     805.5   3/2 -  587.7   1/2    0.8559  125.70    0.0052    2.90    0.844    2.327    217.8  0.512E-02  0.946E-03


     805.5   3/2 -  537.2   3/2    1.3371  196.37    0.0026    1.46    0.962   -5.061    268.3  0.227E-01  0.886E-03
     805.5   3/2 -  805.5   3/2   -1.3102            0.2167
     805.5   3/2 -    0.0   5/2    0.0027    0.40    0.0677   37.81    0.018   -0.134    805.5  0.112E-01  0.623E+00
     805.5   3/2 -  729.2   5/2    0.0000    0.00    0.0000    0.00    0.497    0.994     76.3  0.344E-12  0.348E-12
     805.5   3/2 -  778.6   5/2    0.3451   50.68    0.0060    3.38    0.028   -0.169     26.9  0.594E-07  0.207E-05


     805.5   3/2 -  190.0   7/2    0.0002    0.03    0.0000    0.00    1.000    0.000    615.5  0.207E-03  0.000E+00
     805.5   3/2 -  342.2   7/2    0.0006    0.09    0.0000    0.00    1.000    0.000    463.3  0.162E-03  0.000E+00
     897.3   3/2 -  587.7   1/2    1.2942  190.07    0.0032    1.78    0.964   -5.200    309.7  0.450E-01  0.166E-02
     897.3   3/2 -  843.1   1/2    0.8775  128.86    0.0149    8.32    0.107   -0.347     54.3  0.504E-05  0.419E-04
     897.3   3/2 -  537.2   3/2    0.1255   18.43    0.0109    6.09    0.509   -1.017    360.2  0.928E-02  0.896E-02


     897.3   3/2 -  805.5   3/2    0.0269    3.95    0.0572   31.92    0.003    0.052     91.8  0.215E-05  0.779E-03
     897.3   3/2 -  897.3   3/2   -2.0400            0.1674
     897.3   3/2 -    0.0   5/2    0.0004    0.05    0.0003    0.17    0.394    0.806    897.3  0.251E-02  0.386E-02
     897.3   3/2 -  729.2   5/2    0.0000    0.00    0.0000    0.00    0.279   -0.622    168.2  0.433E-11  0.112E-10
     897.3   3/2 -  778.6   5/2    0.1455   21.37    0.0886   49.47    0.016    0.127    118.8  0.419E-04  0.261E-02


     897.3   3/2 -  190.0   7/2    0.0002    0.02    0.0000    0.00    1.000    0.000    707.3  0.338E-03  0.000E+00
     897.3   3/2 -  342.2   7/2    0.0013    0.18    0.0000    0.00    1.000    0.000    555.2  0.808E-03  0.000E+00
    1789.3   3/2 -  587.7   1/2    0.0000    0.00    0.0000    0.00    1.000    0.000   1201.7  0.131E-07  0.129E-19
    1789.3   3/2 -  843.1   1/2    0.0000    0.00    0.0000    0.00    1.000    0.000    946.3  0.193E-06  0.854E-19
    1789.3   3/2 - 1619.3   1/2    0.5990   87.96    1.9284 1077.04    0.006   -0.079    170.0  0.104E-02  0.167E+00


    1789.3   3/2 -  537.2   3/2    0.0000    0.00    0.0000    0.00    1.000    0.000   1252.1  0.590E-06  0.407E-20
    1789.3   3/2 -  805.5   3/2    0.0000    0.00    0.0000    0.00    1.000    0.000    983.8  0.137E-06  0.523E-20
    1789.3   3/2 -  897.3   3/2    0.0000    0.00    0.0000    0.00    1.000    0.000    892.0  0.301E-09  0.271E-19
    1789.3   3/2 - 1789.3   3/2    1.0998            2.2309
    1789.3   3/2 -    0.0   5/2    0.0000    0.00    0.0000    0.00    1.000    0.000   1789.3  0.277E-05  0.838E-13


    1789.3   3/2 -  729.2   5/2    2.4868  365.20    0.1683   94.01    0.920    3.393   1060.2  0.406E+02  0.353E+01
    1789.3   3/2 -  778.6   5/2    0.0000    0.00    0.0000    0.00    0.983    7.570   1010.8  0.186E-06  0.325E-08
    1789.3   3/2 -  904.1   5/2    0.0000    0.00    0.0000    0.00    0.994   13.030    885.2  0.501E-07  0.295E-09
    1789.3   3/2 - 1404.4   5/2    0.0000    0.00    0.0000    0.00    1.000 -211.514    385.0  0.120E-07  0.268E-12
    1789.3   3/2 -  190.0   7/2    0.0000    0.00    0.0000    0.00    1.000    0.000   1599.3  0.423E-06  0.000E+00


    1789.3   3/2 -  342.2   7/2    0.0000    0.00    0.0000    0.00    1.000    0.000   1447.2  0.122E-05  0.000E+00
    1789.3   3/2 -  953.5   7/2    0.0000    0.00    0.0000    0.00    1.000    0.000    835.8  0.362E-09  0.000E+00
    1789.3   3/2 - 1257.1   7/2    2.3883  350.74    0.0000    0.00    1.000    0.000    532.2  0.124E+01  0.000E+00
    1789.3   3/2 - 1452.2   7/2    0.0000    0.00    0.0000    0.00    1.000    0.000    337.1  0.963E-09  0.000E+00
    1964.5   3/2 -  587.7   1/2    0.0046    0.67    0.0320   17.87    0.158    0.434   1376.9  0.277E+00  0.147E+01


    1964.5   3/2 -  843.1   1/2    0.0012    0.18    0.3437  191.96    0.003    0.055   1121.5  0.262E-01  0.853E+01
    1964.5   3/2 - 1619.3   1/2    0.0000    0.00    0.0000    0.00    1.000    0.000    345.2  0.778E-09  0.128E-19
    1964.5   3/2 -  537.2   3/2    0.0001    0.02    0.0049    2.75    0.030   -0.174   1427.4  0.766E-02  0.252E+00
    1964.5   3/2 -  805.5   3/2    0.0032    0.47    0.0505   28.22    0.055   -0.242   1159.0  0.809E-01  0.138E+01
    1964.5   3/2 -  897.3   3/2    0.0134    1.96    0.2004  111.90    0.050    0.229   1067.2  0.226E+00  0.429E+01


    1964.5   3/2 - 1789.3   3/2    0.0000    0.00    0.0000    0.00    1.000    0.000    175.2  0.252E-09  0.447E-22
    1964.5   3/2 - 1964.5   3/2    2.0716            1.8317
    1964.5   3/2 -    0.0   5/2    0.0686   10.08    0.2923  163.23    0.386   -0.793   1964.5  0.245E+02  0.390E+02
    1964.5   3/2 -  729.2   5/2    0.0000    0.00    0.0000    0.00    1.000    0.000   1235.4  0.211E-04  0.198E-10
    1964.5   3/2 -  778.6   5/2    0.0002    0.04    0.0000    0.00    0.979   -6.904   1186.0  0.697E-02  0.146E-03


    1964.5   3/2 -  904.1   5/2    0.0245    3.59    0.0188   10.48    0.504    1.009   1060.5  0.400E+00  0.394E+00
    1964.5   3/2 - 1404.4   5/2    0.0536    7.87    0.1024   57.19    0.102    0.337    560.2  0.360E-01  0.317E+00
    1964.5   3/2 -  190.0   7/2    0.0192    2.82    0.0000    0.00    1.000    0.000   1774.5  0.412E+01  0.000E+00
    1964.5   3/2 -  342.2   7/2    0.0713   10.47    0.0000    0.00    1.000    0.000   1622.4  0.977E+01  0.000E+00
    1964.5   3/2 -  953.5   7/2    0.0028    0.41    0.0000    0.00    1.000    0.000   1011.0  0.362E-01  0.000E+00


    1964.5   3/2 - 1257.1   7/2    0.0000    0.00    0.0000    0.00    1.000    0.000    707.4  0.102E-05  0.000E+00
    1964.5   3/2 - 1452.2   7/2    0.0001    0.02    0.0000    0.00    1.000    0.000    512.3  0.566E-04  0.000E+00
       0.0   5/2 -    0.0   5/2    3.7798            3.0549
     729.2   5/2 -  587.7   1/2    0.0000    0.00    0.0000    0.00    1.000    0.000    141.5  0.420E-11  0.000E+00
     729.2   5/2 -  537.2   3/2    0.0000    0.00    0.0000    0.00    0.911    3.209    192.0  0.148E-11  0.144E-12


     729.2   5/2 -    0.0   5/2    0.0000    0.00    0.0000    0.00    0.983   -7.500    729.2  0.181E-07  0.322E-09
     729.2   5/2 -  729.2   5/2   -2.1092            5.0113
     729.2   5/2 -  190.0   7/2    0.0000    0.00    0.0000    0.00    0.062    0.256    539.1  0.534E-11  0.811E-10
     729.2   5/2 -  342.2   7/2    0.0000    0.00    0.0000    0.00    0.130    0.387    387.0  0.242E-10  0.162E-09
     729.2   5/2 -  270.5   9/2    4.6913  688.94    0.0000    0.00    1.000    0.000    458.6  0.116E+01  0.000E+00


     729.2   5/2 -  558.0   9/2    0.0000    0.00    0.0000    0.00    1.000    0.000    171.1  0.140E-10  0.000E+00
     778.6   5/2 -  587.7   1/2    0.1925   28.28    0.0000    0.00    1.000    0.000    190.9  0.596E-03  0.000E+00
     778.6   5/2 -  537.2   3/2    3.0178  443.18    0.0001    0.06    0.999  -32.615    241.4  0.302E-01  0.284E-04
     778.6   5/2 -    0.0   5/2    0.0076    1.12    0.0848   47.34    0.036   -0.194    778.6  0.266E-01  0.704E+00
     778.6   5/2 -  729.2   5/2    0.0000    0.00    0.0000    0.00    0.002    0.044     49.4  0.133E-13  0.693E-11


     778.6   5/2 -  778.6   5/2   -1.0467            1.1379
     778.6   5/2 -  190.0   7/2    0.0009    0.14    0.0542   30.30    0.004    0.065    588.6  0.812E-03  0.195E+00
     778.6   5/2 -  342.2   7/2    0.0008    0.11    0.2807  156.77    0.000   -0.019    436.4  0.148E-03  0.411E+00
     778.6   5/2 -  270.5   9/2    0.0000    0.00    0.0000    0.00    1.000    0.000    508.1  0.197E-10  0.000E+00
     778.6   5/2 -  558.0   9/2    0.0000    0.00    0.0000    0.00    1.000    0.000    220.5  0.365E-08  0.000E+00


     778.6   5/2 -  765.7   9/2    0.0145    2.12    0.0000    0.00    1.000    0.000     12.8  0.614E-10  0.000E+00
     904.1   5/2 -  587.7   1/2    1.9672  288.89    0.0000    0.00    1.000    0.000    316.4  0.761E-01  0.000E+00
     904.1   5/2 -  843.1   1/2    0.1054   15.47    0.0000    0.00    1.000    0.000     61.0  0.109E-05  0.000E+00
     904.1   5/2 -  537.2   3/2    0.1154   16.94    0.0508   28.37    0.175   -0.460    366.9  0.936E-02  0.442E-01
     904.1   5/2 -  805.5   3/2    0.2909   42.71    0.3693  206.24    0.005    0.073     98.6  0.331E-04  0.623E-02


     904.1   5/2 -  897.3   3/2    0.3894   57.19    0.2359  131.77    0.000    0.007      6.8  0.666E-10  0.128E-05
     904.1   5/2 -    0.0   5/2    0.0086    1.26    0.0138    7.73    0.260   -0.593    904.1  0.633E-01  0.180E+00
     904.1   5/2 -  729.2   5/2    0.0000    0.00    0.0000    0.00    0.937   -3.872    174.9  0.109E-10  0.724E-12
     904.1   5/2 -  778.6   5/2    0.0594    8.73    0.0688   38.41    0.009   -0.097    125.5  0.226E-04  0.239E-02
     904.1   5/2 -  904.1   5/2   -2.8883            2.2443


     904.1   5/2 -  190.0   7/2    0.0001    0.01    0.0106    5.91    0.002    0.047    714.1  0.148E-03  0.678E-01
     904.1   5/2 -  342.2   7/2    0.0000    0.00    0.0489   27.29    0.000   -0.001    561.9  0.905E-07  0.153E+00
     904.1   5/2 -  270.5   9/2    0.0000    0.00    0.0000    0.00    1.000    0.000    633.6  0.239E-07  0.000E+00
     904.1   5/2 -  558.0   9/2    0.0027    0.40    0.0000    0.00    1.000    0.000    346.0  0.166E-03  0.000E+00
     904.1   5/2 -  765.7   9/2    0.0156    2.29    0.0000    0.00    1.000    0.000    138.3  0.965E-05  0.000E+00


    1404.4   5/2 -  587.7   1/2    0.0438    6.44    0.0000    0.00    1.000    0.000    816.7  0.194E+00  0.000E+00
    1404.4   5/2 -  843.1   1/2    1.9638  288.40    0.0000    0.00    1.000    0.000    561.3  0.133E+01  0.000E+00
    1404.4   5/2 -  537.2   3/2    0.0377    5.53    0.0000    0.02    0.998   21.126    867.2  0.225E+00  0.505E-03
    1404.4   5/2 -  805.5   3/2    0.6475   95.10    0.0011    0.60    0.993  -12.267    598.9  0.609E+00  0.404E-02
    1404.4   5/2 -  897.3   3/2    0.2212   32.49    0.0963   53.80    0.290   -0.640    507.0  0.904E-01  0.221E+00


    1404.4   5/2 -    0.0   5/2    0.0007    0.10    0.0006    0.34    0.605    1.238   1404.4  0.449E-01  0.293E-01
    1404.4   5/2 -  729.2   5/2    0.0000    0.00    0.0000    0.00    1.000  -87.580    675.2  0.220E-06  0.286E-10
    1404.4   5/2 -  778.6   5/2    0.1092   16.04    0.0084    4.67    0.780   -1.883    625.8  0.128E+00  0.361E-01
    1404.4   5/2 -  904.1   5/2    0.0051    0.75    0.0019    1.04    0.321    0.688    500.3  0.195E-02  0.412E-02
    1404.4   5/2 - 1404.4   5/2   -2.8114            0.9163


    1404.4   5/2 -  190.0   7/2    0.0000    0.00    0.0000    0.00    0.794    1.964   1214.3  0.981E-03  0.254E-03
    1404.4   5/2 -  342.2   7/2    0.0008    0.12    0.0011    0.59    0.384   -0.789   1062.2  0.139E-01  0.224E-01
    1404.4   5/2 -  953.5   7/2    0.0005    0.08    0.0118    6.60    0.006   -0.079    450.9  0.119E-03  0.191E-01
    1404.4   5/2 - 1257.1   7/2    0.0000    0.00    0.0000    0.00    0.997   18.328    147.2  0.202E-11  0.602E-14
    1404.4   5/2 -  270.5   9/2    0.0000    0.00    0.0000    0.00    1.000    0.000   1133.8  0.901E-05  0.000E+00


    1404.4   5/2 -  558.0   9/2    0.0018    0.26    0.0000    0.00    1.000    0.000    846.3  0.955E-02  0.000E+00
    1404.4   5/2 -  765.7   9/2    0.0039    0.57    0.0000    0.00    1.000    0.000    638.6  0.505E-02  0.000E+00
     190.0   7/2 -    0.0   5/2    0.8001  117.50    0.0324   18.09    0.382    0.786    190.0  0.242E-02  0.391E-02
     190.0   7/2 -  190.0   7/2    4.1074            2.4913
     342.2   7/2 -    0.0   5/2    3.2581  478.48    0.2766  154.50    0.489    0.978    342.2  0.186E+00  0.195E+00


     342.2   7/2 -  190.0   7/2    0.6330   92.96    0.0433   24.17    0.190   -0.484    152.1  0.630E-03  0.268E-02
     342.2   7/2 -  342.2   7/2    1.4762            2.9671
     342.2   7/2 -  270.5   9/2    0.0000    0.00    0.0000    0.00    1.000   59.002     71.6  0.309E-14  0.888E-18
     953.5   7/2 -  537.2   3/2    1.7633  258.96    0.0000    0.00    1.000    0.000    416.3  0.269E+00  0.000E+00
     953.5   7/2 -  805.5   3/2    0.3234   47.50    0.0000    0.00    1.000    0.000    148.0  0.280E-03  0.000E+00


     953.5   7/2 -  897.3   3/2    0.0962   14.13    0.0000    0.00    1.000    0.000     56.2  0.656E-06  0.000E+00
     953.5   7/2 -    0.0   5/2    0.0039    0.57    0.0045    2.49    0.355   -0.742    953.5  0.374E-01  0.679E-01
     953.5   7/2 -  729.2   5/2    0.0000    0.00    0.0000    0.00    0.983    7.556    224.3  0.102E-11  0.179E-13
     953.5   7/2 -  778.6   5/2    1.3006  191.01    0.0000    0.03    0.998   24.712    174.9  0.260E-02  0.425E-05
     953.5   7/2 -  904.1   5/2    0.0573    8.42    0.0010    0.58    0.085   -0.304     49.4  0.206E-06  0.222E-05


     953.5   7/2 -  190.0   7/2    0.0004    0.06    0.0152    8.51    0.011    0.104    763.5  0.130E-02  0.119E+00
     953.5   7/2 -  342.2   7/2    0.0087    1.28    0.0691   38.58    0.032   -0.181    611.3  0.909E-02  0.278E+00
     953.5   7/2 -  953.5   7/2   -2.8122            1.5419
     953.5   7/2 -  270.5   9/2    0.0000    0.00    0.0000    0.00    1.000 -293.319    683.0  0.441E-09  0.513E-14
     953.5   7/2 -  558.0   9/2    0.0002    0.03    0.0533   29.78    0.000    0.021    395.5  0.264E-04  0.580E-01


     953.5   7/2 -  765.7   9/2    0.0003    0.05    0.2014  112.46    0.000    0.006    187.8  0.983E-06  0.235E-01
    1257.1   7/2 -  537.2   3/2    0.0000    0.00    0.0000    0.00    1.000    0.000    719.9  0.612E-09  0.000E+00
    1257.1   7/2 -  805.5   3/2    0.0000    0.00    0.0000    0.00    1.000    0.000    451.6  0.264E-08  0.000E+00
    1257.1   7/2 -  897.3   3/2    0.0000    0.00    0.0000    0.00    1.000    0.000    359.8  0.303E-10  0.000E+00
    1257.1   7/2 -    0.0   5/2    0.0000    0.00    0.0000    0.00    1.000    0.000   1257.1  0.693E-06  0.317E-13


    1257.1   7/2 -  729.2   5/2    1.0849  159.33    0.7923  442.52    0.209   -0.514    528.0  0.543E+00  0.205E+01
    1257.1   7/2 -  778.6   5/2    0.0000    0.00    0.0000    0.00    0.612   -1.255    478.5  0.181E-08  0.115E-08
    1257.1   7/2 -  904.1   5/2    0.0000    0.00    0.0000    0.00    0.906   -3.104    353.0  0.301E-09  0.313E-10
    1257.1   7/2 -  190.0   7/2    0.0000    0.00    0.0000    0.00    1.000  965.436   1067.1  0.998E-08  0.109E-13
    1257.1   7/2 -  342.2   7/2    0.0000    0.00    0.0000    0.00    1.000 -854.074    914.9  0.814E-07  0.112E-12


    1257.1   7/2 -  953.5   7/2    0.0000    0.00    0.0000    0.00    0.995  -14.838    303.6  0.124E-11  0.562E-14
    1257.1   7/2 - 1257.1   7/2   -1.0332            4.8346
    1257.1   7/2 -  270.5   9/2    1.3216  194.09    0.3479  194.32    0.719    1.601    986.6  0.151E+02  0.588E+01
    1257.1   7/2 -  558.0   9/2    0.0000    0.00    0.0000    0.00    1.000  292.570    699.1  0.584E-09  0.683E-14
    1257.1   7/2 -  765.7   9/2    0.0000    0.00    0.0000    0.00    1.000  199.152    491.4  0.132E-08  0.333E-13


    1257.1   7/2 - 1019.4  11/2    0.0000    0.00    0.0000    0.00    1.000    0.000    237.7  0.546E-11  0.000E+00
    1257.1   7/2 - 1164.3  11/2    3.5734  524.78    0.0000    0.00    1.000    0.000     92.8  0.299E-03  0.000E+00
    1452.2   7/2 -  537.2   3/2    0.0526    7.73    0.0000    0.00    1.000    0.000    915.0  0.412E+00  0.000E+00
    1452.2   7/2 -  805.5   3/2    1.9115  280.72    0.0000    0.00    1.000    0.000    646.7  0.264E+01  0.000E+00
    1452.2   7/2 -  897.3   3/2    0.2939   43.16    0.0000    0.00    1.000    0.000    554.9  0.189E+00  0.000E+00


    1452.2   7/2 -    0.0   5/2    0.0008    0.11    0.0026    1.43    0.300   -0.654   1452.2  0.592E-01  0.138E+00
    1452.2   7/2 -  729.2   5/2    0.0000    0.00    0.0000    0.00    0.966    5.306    723.0  0.755E-09  0.268E-10
    1452.2   7/2 -  778.6   5/2    0.7277  106.86    0.0067    3.75    0.971   -5.838    673.6  0.123E+01  0.361E-01
    1452.2   7/2 -  904.1   5/2    0.0971   14.26    0.0030    1.66    0.872    2.610    548.1  0.586E-01  0.861E-02
    1452.2   7/2 - 1404.4   5/2    0.4976   73.08    0.0004    0.21    0.682    1.464     47.9  0.152E-05  0.711E-06


    1452.2   7/2 -  190.0   7/2    0.0002    0.04    0.0064    3.56    0.041    0.208   1262.2  0.973E-02  0.225E+00
    1452.2   7/2 -  342.2   7/2    0.0024    0.36    0.0329   18.37    0.059   -0.251   1110.0  0.497E-01  0.792E+00
    1452.2   7/2 -  953.5   7/2    0.1117   16.40    0.0023    1.28    0.894   -2.901    498.7  0.420E-01  0.500E-02
    1452.2   7/2 - 1257.1   7/2    0.0000    0.00    0.0000    0.00    0.990  -10.190    195.1  0.202E-10  0.195E-12
    1452.2   7/2 - 1452.2   7/2   -2.8079            1.1767


    1452.2   7/2 -  270.5   9/2    0.0000    0.00    0.0000    0.00    1.000  148.379   1181.7  0.587E-07  0.267E-11
    1452.2   7/2 -  558.0   9/2    0.0002    0.03    0.0171    9.53    0.007    0.082    894.2  0.144E-02  0.215E+00
    1452.2   7/2 -  765.7   9/2    0.0002    0.03    0.0733   40.93    0.001   -0.029    686.5  0.343E-03  0.417E+00
    1452.2   7/2 - 1019.4  11/2    0.0000    0.01    0.0000    0.00    1.000    0.000    432.8  0.687E-05  0.000E+00
    1452.2   7/2 - 1164.3  11/2    0.0000    0.00    0.0000    0.00    1.000    0.000    287.9  0.230E-09  0.000E+00


    1452.2   7/2 - 1282.1  11/2    0.0016    0.24    0.0000    0.00    1.000    0.000    170.1  0.287E-05  0.000E+00
     270.5   9/2 -    0.0   5/2    0.0000    0.00    0.0000    0.00    1.000    0.000    270.5  0.558E-12  0.000E+00
     270.5   9/2 -  190.0   7/2    0.0000    0.00    0.0000    0.00    0.648   -1.356     80.5  0.152E-16  0.825E-17
     270.5   9/2 -  270.5   9/2   -3.2908            6.2728
     270.5   9/2 -  222.6  13/2    4.6967  689.74    0.0000    0.00    1.000    0.000     47.9  0.145E-04  0.000E+00


     558.0   9/2 -    0.0   5/2    0.3074   45.15    0.0000    0.00    1.000    0.000    558.0  0.203E+00  0.000E+00
     558.0   9/2 -  190.0   7/2    3.7616  552.42    0.0687   38.38    0.837    2.267    368.0  0.310E+00  0.603E-01
     558.0   9/2 -  342.2   7/2    0.0088    1.29    0.0322   18.01    0.009    0.094    215.9  0.502E-04  0.571E-02
     558.0   9/2 -  270.5   9/2    0.0000    0.00    0.0000    0.00    1.000  288.192    287.5  0.634E-10  0.763E-15
     558.0   9/2 -  558.0   9/2    1.0685            2.8749


     558.0   9/2 -  222.6  13/2    0.0000    0.00    0.0000    0.00    1.000    0.000    335.5  0.174E-09  0.000E+00
     765.7   9/2 -    0.0   5/2    0.8560  125.71    0.0000    0.00    1.000    0.000    765.7  0.275E+01  0.000E+00
     765.7   9/2 -  729.2   5/2    0.0000    0.00    0.0000    0.00    1.000    0.000     36.6  0.160E-13  0.000E+00
     765.7   9/2 -  190.0   7/2    0.0448    6.58    0.0385   21.49    0.211   -0.517    575.7  0.346E-01  0.129E+00
     765.7   9/2 -  342.2   7/2    3.4633  508.61    0.3315  185.13    0.565    1.140    423.6  0.576E+00  0.443E+00


     765.7   9/2 -  270.5   9/2    0.0000    0.00    0.0000    0.00    1.000    0.000    495.2  0.250E-08  0.623E-15
     765.7   9/2 -  558.0   9/2    0.3062   44.97    0.0437   24.42    0.173   -0.458    207.7  0.144E-02  0.689E-02
     765.7   9/2 -  765.7   9/2   -0.3262            3.1986
     765.7   9/2 -  222.6  13/2    0.0000    0.00    0.0000    0.00    1.000    0.000    543.2  0.541E-08  0.000E+00
    1499.4   9/2 -    0.0   5/2    0.0003    0.04    0.0000    0.00    1.000    0.000   1499.4  0.265E-01  0.000E+00


    1499.4   9/2 -  729.2   5/2    0.0000    0.00    0.0000    0.00    1.000    0.000    770.3  0.354E-07  0.000E+00
    1499.4   9/2 -  778.6   5/2    2.4544  360.44    0.0000    0.00    1.000    0.000    720.8  0.583E+01  0.000E+00
    1499.4   9/2 -  904.1   5/2    0.1148   16.86    0.0000    0.00    1.000    0.000    595.3  0.105E+00  0.000E+00
    1499.4   9/2 - 1404.4   5/2    0.0289    4.24    0.0000    0.00    1.000    0.000     95.1  0.273E-05  0.000E+00
    1499.4   9/2 -  190.0   7/2    0.0003    0.05    0.0015    0.83    0.204    0.507   1309.4  0.151E-01  0.586E-01


    1499.4   9/2 -  342.2   7/2    0.0036    0.53    0.0067    3.77    0.332   -0.705   1157.3  0.914E-01  0.184E+00
    1499.4   9/2 -  953.5   7/2    0.8118  119.22    0.0011    0.61    0.994   12.434    545.9  0.480E+00  0.311E-02
    1499.4   9/2 - 1257.1   7/2    0.0000    0.00    0.0000    0.00    0.998  -22.268    242.3  0.534E-11  0.108E-13
    1499.4   9/2 - 1452.2   7/2    0.3767   55.32    0.0007    0.42    0.437   -0.882     47.2  0.108E-05  0.139E-05
    1499.4   9/2 -  270.5   9/2    0.0000    0.00    0.0000    0.00    1.000  -81.588   1228.9  0.576E-07  0.866E-11


    1499.4   9/2 -  558.0   9/2    0.0015    0.22    0.0214   11.97    0.042    0.208    941.4  0.136E-01  0.315E+00
    1499.4   9/2 -  765.7   9/2    0.0047    0.68    0.0709   39.59    0.024   -0.156    733.7  0.121E-01  0.493E+00
    1499.4   9/2 - 1499.4   9/2   -3.0670            2.1165
    1499.4   9/2 - 1019.4  11/2    0.0000    0.01    0.0494   27.60    0.000    0.012    480.0  0.145E-04  0.962E-01
    1499.4   9/2 - 1164.3  11/2    0.0000    0.00    0.0000    0.00    0.999   28.652    335.1  0.824E-10  0.100E-12


    1499.4   9/2 - 1282.1  11/2    0.0003    0.05    0.1847  103.18    0.000    0.008    217.3  0.205E-05  0.334E-01
    1499.4   9/2 -  222.6  13/2    0.0000    0.00    0.0000    0.00    1.000    0.000   1276.8  0.123E-06  0.000E+00
    1601.7   9/2 -    0.0   5/2    0.0026    0.38    0.0000    0.00    1.000    0.000   1601.7  0.337E+00  0.000E+00
    1601.7   9/2 -  729.2   5/2    0.0000    0.00    0.0000    0.00    1.000    0.000    872.5  0.465E-06  0.000E+00
    1601.7   9/2 -  778.6   5/2    0.0366    5.38    0.0000    0.00    1.000    0.000    823.1  0.169E+00  0.000E+00


    1601.7   9/2 -  904.1   5/2    2.9460  432.64    0.0000    0.00    1.000    0.000    697.6  0.594E+01  0.000E+00
    1601.7   9/2 - 1404.4   5/2    0.0498    7.31    0.0000    0.00    1.000    0.000    197.3  0.182E-03  0.000E+00
    1601.7   9/2 -  190.0   7/2    0.0022    0.32    0.0006    0.34    0.832   -2.224   1411.7  0.148E+00  0.298E-01
    1601.7   9/2 -  342.2   7/2    0.0188    2.76    0.0019    1.03    0.918   -3.337   1259.5  0.725E+00  0.651E-01
    1601.7   9/2 -  953.5   7/2    0.1026   15.07    0.0986   55.08    0.233   -0.550    648.2  0.143E+00  0.473E+00


    1601.7   9/2 - 1257.1   7/2    0.0000    0.00    0.0000    0.00    1.000  109.780    344.6  0.433E-09  0.359E-13
    1601.7   9/2 - 1452.2   7/2    0.0746   10.95    0.1253   69.96    0.009    0.096    149.5  0.679E-04  0.736E-02
    1601.7   9/2 -  270.5   9/2    0.0000    0.00    0.0000    0.00    1.000    0.000   1331.2  0.231E-05  0.403E-12
    1601.7   9/2 -  558.0   9/2    0.0011    0.16    0.0142    7.91    0.056   -0.243   1043.6  0.167E-01  0.283E+00
    1601.7   9/2 -  765.7   9/2    0.0121    1.77    0.0397   22.17    0.129   -0.384    835.9  0.602E-01  0.408E+00


    1601.7   9/2 - 1499.4   9/2    0.0123    1.80    0.1214   67.80    0.001   -0.027    102.3  0.167E-05  0.229E-02
    1601.7   9/2 - 1601.7   9/2   -3.7092            2.8939
    1601.7   9/2 - 1019.4  11/2    0.0019    0.27    0.0385   21.52    0.011    0.107    582.2  0.152E-02  0.134E+00
    1601.7   9/2 - 1164.3  11/2    0.0000    0.00    0.0000    0.00    1.000  479.400    437.3  0.654E-09  0.284E-14
    1601.7   9/2 - 1282.1  11/2    0.0071    1.04    0.1169   65.27    0.004    0.065    319.6  0.287E-03  0.672E-01


    1601.7   9/2 -  222.6  13/2    0.0000    0.00    0.0000    0.00    1.000    0.000   1379.1  0.636E-05  0.000E+00
    1601.7   9/2 - 1568.2  13/2    0.0067    0.99    0.0000    0.00    1.000    0.000     33.5  0.345E-08  0.000E+00
    1019.4  11/2 -  190.0   7/2    1.0763  158.06    0.0000    0.00    1.000    0.000    829.4  0.515E+01  0.000E+00
    1019.4  11/2 -  342.2   7/2    0.1107   16.26    0.0000    0.00    1.000    0.000    677.3  0.193E+00  0.000E+00
    1019.4  11/2 -  953.5   7/2    0.0003    0.05    0.0000    0.00    1.000    0.000     66.0  0.517E-08  0.000E+00


    1019.4  11/2 -  270.5   9/2    0.0000    0.00    0.0000    0.00    0.999   40.759    748.9  0.236E-10  0.142E-13
    1019.4  11/2 -  558.0   9/2    3.4882  512.27    0.1052   58.77    0.830    2.212    461.4  0.890E+00  0.182E+00
    1019.4  11/2 -  765.7   9/2    0.0131    1.93    0.0288   16.09    0.020   -0.143    253.7  0.169E-03  0.828E-02
    1019.4  11/2 - 1019.4  11/2   -0.6319            3.2395
    1019.4  11/2 -  222.6  13/2    0.0000    0.00    0.0000    0.00    1.000 -248.354    796.9  0.153E-08  0.248E-13


    1164.3  11/2 -  190.0   7/2    0.0000    0.00    0.0000    0.00    1.000    0.000    974.3  0.101E-07  0.000E+00
    1164.3  11/2 -  342.2   7/2    0.0000    0.00    0.0000    0.00    1.000    0.000    822.2  0.337E-07  0.000E+00
    1164.3  11/2 -  953.5   7/2    0.0000    0.00    0.0000    0.00    1.000    0.000    210.9  0.129E-11  0.000E+00
    1164.3  11/2 -  270.5   9/2    0.7867  115.53    0.3814  213.01    0.533   -1.069    893.8  0.548E+01  0.479E+01
    1164.3  11/2 -  558.0   9/2    0.0000    0.00    0.0000    0.00    1.000 -357.868    606.3  0.177E-09  0.138E-14


    1164.3  11/2 -  765.7   9/2    0.0000    0.00    0.0000    0.00    1.000 -226.854    398.6  0.476E-09  0.926E-14
    1164.3  11/2 - 1019.4  11/2    0.0000    0.00    0.0000    0.00    1.000   81.588    144.9  0.168E-11  0.252E-15
    1164.3  11/2 - 1164.3  11/2   -2.4837            6.1206
    1164.3  11/2 -  222.6  13/2    0.8018  117.75    0.4769  266.35    0.508    1.017    941.8  0.725E+01  0.701E+01
    1282.1  11/2 -  190.0   7/2    0.0058    0.84    0.0000    0.00    1.000    0.000   1092.0  0.109E+00  0.000E+00


    1282.1  11/2 -  342.2   7/2    1.6459  241.71    0.0000    0.00    1.000    0.000    939.9  0.147E+02  0.000E+00
    1282.1  11/2 -  953.5   7/2    0.0142    2.08    0.0000    0.00    1.000    0.000    328.6  0.661E-03  0.000E+00
    1282.1  11/2 - 1257.1   7/2    0.0000    0.00    0.0000    0.00    1.000    0.000     25.0  0.205E-15  0.000E+00
    1282.1  11/2 -  270.5   9/2    0.0000    0.00    0.0000    0.00    1.000 -251.613   1011.5  0.108E-07  0.170E-12
    1282.1  11/2 -  558.0   9/2    0.0497    7.29    0.0550   30.73    0.247   -0.573    724.0  0.121E+00  0.368E+00


    1282.1  11/2 -  765.7   9/2    2.8716  421.72    0.3442  192.26    0.607    1.242    516.3  0.129E+01  0.834E+00
    1282.1  11/2 - 1019.4  11/2    0.1497   21.99    0.0385   21.49    0.157   -0.431    262.6  0.228E-02  0.123E-01
    1282.1  11/2 - 1164.3  11/2    0.0000    0.00    0.0000    0.00    1.000   62.231    117.7  0.156E-11  0.403E-15
    1282.1  11/2 - 1282.1  11/2   -1.5220            3.5110
    1282.1  11/2 -  222.6  13/2    0.0000    0.00    0.0000    0.00    1.000 -319.842   1059.5  0.146E-07  0.143E-12


    1736.3  11/2 -  190.0   7/2    0.0000    0.00    0.0000    0.00    1.000    0.000   1546.3  0.106E-02  0.000E+00
    1736.3  11/2 -  342.2   7/2    0.0020    0.30    0.0000    0.00    1.000    0.000   1394.2  0.131E+00  0.000E+00
    1736.3  11/2 -  953.5   7/2    3.0378  446.13    0.0000    0.00    1.000    0.000    782.9  0.109E+02  0.000E+00
    1736.3  11/2 - 1257.1   7/2    0.0000    0.00    0.0000    0.00    1.000    0.000    479.2  0.429E-09  0.000E+00
    1736.3  11/2 - 1452.2   7/2    0.0799   11.73    0.0000    0.00    1.000    0.000    284.1  0.181E-02  0.000E+00


    1736.3  11/2 -  270.5   9/2    0.0000    0.00    0.0000    0.00    1.000    0.000   1465.8  0.503E-07  0.710E-15
    1736.3  11/2 -  558.0   9/2    0.0008    0.12    0.0017    0.92    0.318    0.683   1178.3  0.222E-01  0.477E-01
    1736.3  11/2 -  765.7   9/2    0.0122    1.79    0.0040    2.21    0.668   -1.419    970.6  0.128E+00  0.638E-01
    1736.3  11/2 - 1499.4   9/2    0.4396   64.56    0.0012    0.65    0.936    3.820    236.9  0.400E-02  0.274E-03
    1736.3  11/2 - 1601.7   9/2    0.0672    9.87    0.0011    0.60    0.440   -0.886    134.7  0.363E-04  0.462E-04


    1736.3  11/2 - 1019.4  11/2    0.0015    0.21    0.0232   12.97    0.022    0.150    716.9  0.337E-02  0.151E+00
    1736.3  11/2 - 1164.3  11/2    0.0000    0.00    0.0000    0.00    1.000  228.259    572.0  0.252E-09  0.483E-14
    1736.3  11/2 - 1282.1  11/2    0.0074    1.09    0.0595   33.24    0.017   -0.133    454.3  0.175E-02  0.982E-01
    1736.3  11/2 - 1736.3  11/2   -3.7932            2.3330
    1736.3  11/2 -  222.6  13/2    0.0000    0.00    0.0000    0.00    1.000    0.000   1513.8  0.533E-07  0.178E-13


    1736.3  11/2 - 1568.2  13/2    0.0003    0.05    0.0616   34.41    0.000   -0.010    168.1  0.527E-06  0.515E-02
    2503.2  11/2 -  190.0   7/2    0.0000    0.00    0.0000    0.00    1.000    0.000   2313.1  0.857E-02  0.000E+00
    2503.2  11/2 -  342.2   7/2    0.0002    0.03    0.0000    0.00    1.000    0.000   2161.0  0.101E+00  0.000E+00
    2503.2  11/2 -  953.5   7/2    0.0152    2.22    0.0000    0.00    1.000    0.000   1549.7  0.165E+01  0.000E+00
    2503.2  11/2 - 1257.1   7/2    0.0000    0.00    0.0000    0.00    1.000    0.000   1246.0  0.119E-06  0.000E+00


    2503.2  11/2 - 1452.2   7/2    2.8638  420.57    0.0000    0.00    1.000    0.000   1050.9  0.448E+02  0.000E+00
    2503.2  11/2 -  270.5   9/2    0.0000    0.00    0.0000    0.00    1.000    0.000   2232.6  0.941E-07  0.763E-14
    2503.2  11/2 -  558.0   9/2    0.0004    0.06    0.0009    0.53    0.536    1.075   1945.1  0.141E+00  0.122E+00
    2503.2  11/2 -  765.7   9/2    0.0012    0.17    0.0038    2.14    0.391   -0.802   1737.4  0.227E+00  0.353E+00
    2503.2  11/2 - 1499.4   9/2    0.3728   54.74    0.0064    3.60    0.976   -6.358   1003.7  0.463E+01  0.115E+00


    2503.2  11/2 - 1601.7   9/2    0.0402    5.90    0.0011    0.61    0.954    4.544    901.5  0.292E+00  0.141E-01
    2503.2  11/2 - 1019.4  11/2    0.0009    0.14    0.0083    4.62    0.145    0.413   1483.7  0.809E-01  0.475E+00
    2503.2  11/2 - 1164.3  11/2    0.0000    0.00    0.0000    0.00    1.000  819.199   1338.8  0.169E-06  0.260E-12
    2503.2  11/2 - 1282.1  11/2    0.0012    0.18    0.0298   16.63    0.040   -0.204   1221.1  0.395E-01  0.954E+00
    2503.2  11/2 - 1736.3  11/2    0.0201    2.96    0.0040    2.23    0.673   -1.433    766.8  0.651E-01  0.317E-01


    2503.2  11/2 - 2503.2  11/2   -3.6476            2.0782
    2503.2  11/2 -  222.6  13/2    0.0000    0.00    0.0000    0.00    1.000    0.000   2280.6  0.478E-06  0.703E-14
    2503.2  11/2 - 1568.2  13/2    0.0000    0.00    0.0133    7.44    0.001    0.033    934.9  0.214E-03  0.192E+00
    2503.2  11/2 - 1874.9  13/2    0.0000    0.01    0.0544   30.36    0.000    0.013    628.2  0.409E-04  0.237E+00
    2503.2  11/2 - 2344.2  13/2    0.0000    0.00    0.0000    0.00    0.998   21.270    159.0  0.437E-12  0.966E-15


     222.6  13/2 -  222.6  13/2   -3.9157            7.2478
    1568.2  13/2 -  270.5   9/2    0.0000    0.00    0.0000    0.00    1.000    0.000   1297.7  0.939E-06  0.000E+00
    1568.2  13/2 -  558.0   9/2    1.8367  269.73    0.0000    0.00    1.000    0.000   1010.2  0.236E+02  0.000E+00
    1568.2  13/2 -  765.7   9/2    0.0655    9.62    0.0000    0.00    1.000    0.000    802.5  0.266E+00  0.000E+00
    1568.2  13/2 - 1499.4   9/2    0.0008    0.11    0.0000    0.00    1.000    0.000     68.8  0.145E-07  0.000E+00


    1568.2  13/2 - 1019.4  11/2    2.8065  412.15    0.1365   76.23    0.811    2.072    548.8  0.170E+01  0.397E+00
    1568.2  13/2 - 1164.3  11/2    0.0000    0.00    0.0000    0.00    0.999   36.778    403.9  0.299E-11  0.221E-14
    1568.2  13/2 - 1282.1  11/2    0.0161    2.37    0.0358   20.02    0.025   -0.160    286.1  0.378E-03  0.148E-01
    1568.2  13/2 -  222.6  13/2    0.0000    0.00    0.0000    0.00    1.000    0.000   1345.6  0.631E-06  0.410E-13
    1568.2  13/2 - 1568.2  13/2   -1.7602            3.6729


    1874.9  13/2 -  270.5   9/2    0.0000    0.00    0.0000    0.00    1.000    0.000   1604.4  0.758E-05  0.000E+00
    1874.9  13/2 -  558.0   9/2    0.0012    0.18    0.0000    0.00    1.000    0.000   1316.9  0.599E-01  0.000E+00
    1874.9  13/2 -  765.7   9/2    2.1991  322.95    0.0000    0.00    1.000    0.000   1109.2  0.450E+02  0.000E+00
    1874.9  13/2 - 1499.4   9/2    0.0061    0.89    0.0000    0.00    1.000    0.000    375.5  0.554E-03  0.000E+00
    1874.9  13/2 - 1601.7   9/2    0.0287    4.21    0.0000    0.00    1.000    0.000    273.2  0.533E-03  0.000E+00


    1874.9  13/2 - 1019.4  11/2    0.0778   11.42    0.0619   34.57    0.389   -0.798    855.5  0.435E+00  0.682E+00
    1874.9  13/2 - 1164.3  11/2    0.0000    0.00    0.0000    0.00    1.000 -251.613    710.6  0.232E-08  0.367E-13
    1874.9  13/2 - 1282.1  11/2    2.2556  331.25    0.3539  197.68    0.608    1.246    592.9  0.202E+01  0.130E+01
    1874.9  13/2 - 1736.3  11/2    0.0046    0.68    0.1670   93.26    0.000    0.019    138.6  0.289E-05  0.782E-02
    1874.9  13/2 -  222.6  13/2    0.0000    0.00    0.0000    0.00    1.000    0.000   1652.4  0.326E-05  0.435E-13


    1874.9  13/2 - 1568.2  13/2    0.0883   12.97    0.0470   26.23    0.109   -0.350    306.7  0.293E-02  0.239E-01
    1874.9  13/2 - 1874.9  13/2   -2.3087            3.9100
    2344.2  13/2 -  270.5   9/2    0.0611    8.97    0.0000    0.00    1.000    0.000   2073.7  0.286E+02  0.000E+00
    2344.2  13/2 -  558.0   9/2    0.0000    0.00    0.0000    0.00    1.000    0.000   1786.1  0.324E-05  0.000E+00
    2344.2  13/2 -  765.7   9/2    0.0000    0.00    0.0000    0.00    1.000    0.000   1578.4  0.833E-05  0.000E+00


    2344.2  13/2 - 1499.4   9/2    0.0000    0.00    0.0000    0.00    1.000    0.000    844.8  0.207E-07  0.000E+00
    2344.2  13/2 - 1601.7   9/2    0.0000    0.00    0.0000    0.00    1.000    0.000    742.5  0.470E-07  0.000E+00
    2344.2  13/2 - 1019.4  11/2    0.0000    0.00    0.0000    0.00    1.000  533.253   1324.7  0.152E-07  0.524E-13
    2344.2  13/2 - 1164.3  11/2    0.9733  142.94    0.5204  290.63    0.643   -1.343   1179.8  0.271E+02  0.150E+02
    2344.2  13/2 - 1282.1  11/2    0.0000    0.00    0.0000    0.00    1.000 -915.893   1062.1  0.450E-07  0.523E-13


    2344.2  13/2 - 1736.3  11/2    0.0000    0.00    0.0000    0.00    1.000    0.000    607.8  0.107E-08  0.531E-15
    2344.2  13/2 -  222.6  13/2    0.0745   10.94    0.0400   22.31    0.853    2.412   2121.6  0.391E+02  0.672E+01
    2344.2  13/2 - 1568.2  13/2    0.0000    0.00    0.0000    0.00    1.000    0.000    776.0  0.130E-07  0.274E-14
    2344.2  13/2 - 1874.9  13/2    0.0000    0.00    0.0000    0.00    1.000    0.000    469.2  0.185E-08  0.847E-15
    2344.2  13/2 - 2344.2  13/2   -2.2031            6.0083


    2611.7  13/2 -  270.5   9/2    0.0000    0.00    0.0000    0.00    1.000    0.000   2341.2  0.215E-05  0.000E+00
    2611.7  13/2 -  558.0   9/2    0.0004    0.06    0.0000    0.00    1.000    0.000   2053.7  0.195E+00  0.000E+00
    2611.7  13/2 -  765.7   9/2    0.0000    0.00    0.0000    0.00    1.000    0.000   1846.0  0.565E-03  0.000E+00
    2611.7  13/2 - 1499.4   9/2    3.0508  448.03    0.0000    0.00    1.000    0.000   1112.3  0.634E+02  0.000E+00
    2611.7  13/2 - 1601.7   9/2    0.2362   34.69    0.0000    0.00    1.000    0.000   1010.1  0.303E+01  0.000E+00


    2611.7  13/2 - 1019.4  11/2    0.0034    0.50    0.0017    0.92    0.782    1.894   1592.3  0.422E+00  0.117E+00
    2611.7  13/2 - 1164.3  11/2    0.0000    0.00    0.0000    0.00    1.000 -893.820   1447.4  0.733E-07  0.948E-13
    2611.7  13/2 - 1282.1  11/2    0.0002    0.03    0.0057    3.20    0.037   -0.195   1329.7  0.899E-02  0.237E+00
    2611.7  13/2 - 1736.3  11/2    0.2734   40.15    0.0123    6.89    0.922    3.430    875.4  0.171E+01  0.146E+00
    2611.7  13/2 - 2503.2  11/2    0.2281   33.50    0.0005    0.30    0.776    1.861    108.6  0.420E-04  0.121E-04


    2611.7  13/2 -  222.6  13/2    0.0000    0.00    0.0000    0.00    1.000  273.065   2389.2  0.165E-05  0.222E-10
    2611.7  13/2 - 1568.2  13/2    0.0023    0.34    0.0127    7.11    0.121    0.372   1043.5  0.352E-01  0.255E+00
    2611.7  13/2 - 1874.9  13/2    0.0007    0.10    0.0307   17.14    0.008   -0.090    736.8  0.175E-02  0.216E+00
    2611.7  13/2 - 2344.2  13/2    0.0000    0.00    0.0000    0.00    0.999   39.272    267.6  0.169E-10  0.109E-13
    2611.7  13/2 - 2611.7  13/2   -3.8470            3.2923



 TIME=  0.0 SEC
