 PARITY=+   EPS= 0.339   GAMMA=  0.0   EPS4=0.000   EPS6=0.000   LEVELS:  18  19  20  21  22
0   Z= 79   A=197   IQ=1   GSFAC= 0.75   GR=  0.40   MIN SPIN=  1/2   MAX SPIN= 13/2   KMAX= 13/2

 MICR QUADR MOMENTS:  Q0=1242.955  Q2=   0.000 FM**2


   B(E2) AND Q(E2) IN E2B2 AND EB,   B(M1) AND M(M1) INNM2 AND NM,   T(E2) AND T(M1) IN 1/PS

       E1     II      EF     IF     B(E2)             B(M1)              GD        D       EREL    T(E2)      T(M1)
                                             WU               MWU

     684.0   1/2 -  684.0   1/2    0.0000           -0.1409
     684.0   1/2 -    0.0   5/2    0.0000    0.00    0.0000    0.00    1.000    0.000    684.0  0.267E-05  0.000E+00
     684.0   1/2 -  460.7   5/2    0.0000    0.00    0.0000    0.00    1.000    0.000    223.3  0.215E-08  0.000E+00
     930.0   1/2 -  684.0   1/2    0.0000    0.00    0.0000    0.00    0.000    0.000    246.0  0.000E+00  0.498E-15
     930.0   1/2 -  930.0   1/2    0.0000            2.3332


     930.0   1/2 -  697.7   3/2    0.0000    0.00    0.0000    0.00    1.000  819.199    232.3  0.223E-08  0.340E-14
     930.0   1/2 -    0.0   5/2    0.0000    0.00    0.0000    0.00    1.000    0.000    930.0  0.367E-09  0.000E+00
     930.0   1/2 -  460.7   5/2    6.3422  931.39    0.0000    0.00    1.000    0.000    469.3  0.176E+01  0.000E+00
     697.7   3/2 -  684.0   1/2    3.0478  447.59    0.0577   32.23    0.007   -0.083     13.7  0.179E-07  0.261E-05
     697.7   3/2 -  697.7   3/2   -2.4755            0.4657


     697.7   3/2 -    0.0   5/2    0.0000    0.00    0.0000    0.00    1.000    0.000    697.7  0.168E-05  0.191E-27
     697.7   3/2 -  460.7   5/2    0.0000    0.00    0.0000    0.00    1.000  836.092    237.0  0.541E-09  0.756E-15
     697.7   3/2 -   39.4   7/2    0.0000    0.00    0.0000    0.00    1.000    0.000    658.3  0.479E-07  0.000E+00
     697.7   3/2 -  207.3   7/2    0.0000    0.00    0.0000    0.00    1.000    0.000    490.4  0.205E-06  0.000E+00
     951.4   3/2 -  684.0   1/2    0.0000    0.00    0.0000    0.00    1.000    0.000    267.5  0.174E-09  0.144E-22


     951.4   3/2 -  930.0   1/2    0.5987   87.92    2.1992 1228.26    0.000   -0.009     21.4  0.331E-07  0.381E-03
     951.4   3/2 -  697.7   3/2    0.0000    0.00    0.0000    0.00    1.000    0.000    253.8  0.667E-09  0.112E-23
     951.4   3/2 -  951.4   3/2    1.5152            2.4426
     951.4   3/2 -    0.0   5/2    0.0000    0.00    0.0000    0.00    1.000    0.000    951.4  0.471E-10  0.105E-21
     951.4   3/2 -  460.7   5/2    3.2397  475.77    0.6934  387.28    0.438    0.883    490.8  0.113E+01  0.144E+01


     951.4   3/2 -   39.4   7/2    0.0000    0.00    0.0000    0.00    1.000    0.000    912.1  0.157E-10  0.000E+00
     951.4   3/2 -  207.3   7/2    0.0000    0.00    0.0000    0.00    1.000    0.000    744.2  0.756E-11  0.000E+00
    1726.5   3/2 -  684.0   1/2    0.0000    0.00    0.0000    0.00    1.000    0.000   1042.5  0.196E-05  0.597E-23
    1726.5   3/2 -  930.0   1/2    2.3894  350.90    0.0002    0.14    1.000   65.733    796.5  0.935E+01  0.216E-02
    1726.5   3/2 -  697.7   3/2    0.0000    0.00    0.0000    0.00    1.000    0.000   1028.8  0.125E-05  0.763E-22


    1726.5   3/2 -  951.4   3/2    1.9641  288.45    0.0072    4.04    0.991   10.631    775.1  0.670E+01  0.593E-01
    1726.5   3/2 - 1726.5   3/2   -1.4554           -2.4792
    1726.5   3/2 -    0.0   5/2    0.0000    0.00    0.0000    0.00    1.000    0.000   1726.5  0.369E-08  0.350E-22
    1726.5   3/2 -  460.7   5/2    0.0267    3.91    0.0031    1.71    0.906   -3.105   1265.9  0.106E+01  0.110E+00
    1726.5   3/2 -  958.8   5/2    0.0000    0.00    0.0000    0.00    1.000    0.000    767.7  0.124E-06  0.102E-21


    1726.5   3/2 -   39.4   7/2    0.0000    0.00    0.0000    0.00    1.000    0.000   1687.1  0.226E-10  0.000E+00
    1726.5   3/2 -  207.3   7/2    0.0000    0.00    0.0000    0.00    1.000    0.000   1519.2  0.147E-08  0.000E+00
    1726.5   3/2 -  990.7   7/2    0.0000    0.00    0.0000    0.00    1.000    0.000    735.8  0.758E-06  0.000E+00
       0.0   5/2 -    0.0   5/2    4.4305            3.1804
     460.7   5/2 -    0.0   5/2    0.0000    0.00    0.0000    0.00    0.922    3.429    460.7  0.225E-11  0.192E-12


     460.7   5/2 -  460.7   5/2   -2.7387            5.0288
     460.7   5/2 -   39.4   7/2    0.0000    0.00    0.0000    0.00    0.998  -21.211    421.3  0.225E-12  0.499E-15
     460.7   5/2 -  207.3   7/2    0.0000    0.00    0.0000    0.00    0.958   -4.795    253.4  0.136E-12  0.592E-14
     460.7   5/2 -  285.1   9/2    0.0000    0.00    0.0000    0.00    1.000    0.000    175.6  0.252E-12  0.000E+00
     460.7   5/2 -  315.1   9/2    6.6583  977.81    0.0000    0.00    1.000    0.000    145.6  0.531E-02  0.000E+00


     958.8   5/2 -  684.0   1/2    3.0478  447.59    0.0000    0.00    1.000    0.000    274.8  0.583E-01  0.000E+00
     958.8   5/2 -  930.0   1/2    0.0000    0.00    0.0000    0.00    1.000    0.000     28.8  0.325E-13  0.000E+00
     958.8   5/2 -  697.7   3/2    0.8708  127.88    0.0892   49.84    0.316   -0.679    261.1  0.129E-01  0.280E-01
     958.8   5/2 -  951.4   3/2    0.0000    0.00    0.0000    0.00    1.000    0.000      7.3  0.385E-17  0.690E-30
     958.8   5/2 -    0.0   5/2    0.0000    0.00    0.0000    0.00    1.000    0.000    958.8  0.309E-05  0.227E-24


     958.8   5/2 -  460.7   5/2    0.0000    0.00    0.0000    0.00    1.000    0.000    498.1  0.322E-07  0.119E-13
     958.8   5/2 -  958.8   5/2   -3.5364            0.8233
     958.8   5/2 -   39.4   7/2    0.0000    0.00    0.0000    0.00    1.000    0.000    919.4  0.301E-06  0.163E-26
     958.8   5/2 -  207.3   7/2    0.0000    0.00    0.0000    0.00    1.000    0.000    751.5  0.206E-05  0.179E-25
     958.8   5/2 -  285.1   9/2    0.0000    0.00    0.0000    0.00    1.000    0.000    673.7  0.671E-07  0.000E+00


     958.8   5/2 -  315.1   9/2    0.0000    0.00    0.0000    0.00    1.000    0.000    643.7  0.338E-06  0.000E+00
     958.8   5/2 -  472.6   9/2    0.0000    0.00    0.0000    0.00    1.000    0.000    486.2  0.121E-06  0.000E+00
      39.4   7/2 -    0.0   5/2    0.2774   40.74    0.0086    4.83    0.033    0.186     39.4  0.320E-06  0.929E-05
      39.4   7/2 -   39.4   7/2    5.5629            1.9944
     207.3   7/2 -    0.0   5/2    5.1898  762.15    0.4710  263.08    0.247    0.573    207.3  0.242E-01  0.738E-01


     207.3   7/2 -   39.4   7/2    0.2555   37.53    0.0310   17.33    0.139   -0.401    167.9  0.416E-03  0.258E-02
     207.3   7/2 -  207.3   7/2    1.0802            3.0094
     990.7   7/2 -  697.7   3/2    3.9186  575.47    0.0000    0.00    1.000    0.000    293.1  0.103E+00  0.000E+00
     990.7   7/2 -  951.4   3/2    0.0000    0.00    0.0000    0.00    1.000    0.000     39.3  0.351E-13  0.000E+00
     990.7   7/2 -    0.0   5/2    0.0000    0.00    0.0000    0.00    1.000    0.000    990.7  0.809E-06  0.774E-25


     990.7   7/2 -  460.7   5/2    0.0000    0.00    0.0000    0.00    1.000  965.436    530.1  0.446E-08  0.469E-14
     990.7   7/2 -  958.8   5/2    0.4354   63.94    0.0742   41.44    0.004   -0.064     32.0  0.177E-06  0.426E-04
     990.7   7/2 -   39.4   7/2    0.0000    0.00    0.0000    0.00    1.000    0.000    951.4  0.201E-06  0.238E-25
     990.7   7/2 -  207.3   7/2    0.0000    0.00    0.0000    0.00    1.000    0.000    783.5  0.143E-05  0.262E-24
     990.7   7/2 -  990.7   7/2   -4.1258            1.3537


     990.7   7/2 -  285.1   9/2    0.0000    0.00    0.0000    0.00    1.000    0.000    705.6  0.138E-06  0.935E-27
     990.7   7/2 -  315.1   9/2    0.0000    0.00    0.0000    0.00    1.000    0.000    675.7  0.325E-07  0.207E-21
     990.7   7/2 -  472.6   9/2    0.0000    0.00    0.0000    0.00    1.000    0.000    518.1  0.273E-06  0.216E-25
     990.7   7/2 -  586.6  11/2    0.0000    0.00    0.0000    0.00    1.000    0.000    404.1  0.566E-08  0.000E+00
     990.7   7/2 -  795.7  11/2    0.0000    0.00    0.0000    0.00    1.000    0.000    195.0  0.918E-09  0.000E+00


     285.1   9/2 -    0.0   5/2    0.1497   21.99    0.0000    0.00    1.000    0.000    285.1  0.344E-02  0.000E+00
     285.1   9/2 -   39.4   7/2    5.1569  757.33    0.0298   16.65    0.879    2.690    245.7  0.563E-01  0.778E-02
     285.1   9/2 -  207.3   7/2    0.0277    4.06    0.0289   16.13    0.004    0.063     77.8  0.963E-06  0.240E-03
     285.1   9/2 -  285.1   9/2    1.9341            2.3575
     315.1   9/2 -    0.0   5/2    0.0000    0.00    0.0000    0.00    1.000    0.000    315.1  0.695E-13  0.000E+00


     315.1   9/2 -   39.4   7/2    0.0000    0.00    0.0000    0.00    0.879    2.693    275.7  0.127E-11  0.175E-12
     315.1   9/2 -  207.3   7/2    0.0000    0.00    0.0000    0.00    0.002   -0.044    107.8  0.293E-16  0.151E-13
     315.1   9/2 -  285.1   9/2    0.0000    0.00    0.0000    0.00    0.001   -0.028     30.0  0.211E-16  0.261E-13
     315.1   9/2 -  315.1   9/2   -4.1606            6.0475
     472.6   9/2 -    0.0   5/2    1.3811  202.82    0.0000    0.00    1.000    0.000    472.6  0.397E+00  0.000E+00


     472.6   9/2 -  460.7   5/2    0.0000    0.00    0.0000    0.00    1.000    0.000     12.0  0.221E-19  0.000E+00
     472.6   9/2 -   39.4   7/2    0.0561    8.24    0.0230   12.82    0.241   -0.564    433.2  0.105E-01  0.329E-01
     472.6   9/2 -  207.3   7/2    4.6419  681.69    0.6301  351.90    0.264    0.600    265.4  0.745E-01  0.207E+00
     472.6   9/2 -  285.1   9/2    0.1853   27.22    0.0362   20.20    0.111   -0.353    187.5  0.524E-03  0.420E-02
     472.6   9/2 -  315.1   9/2    0.0000    0.00    0.0000    0.00    0.739   -1.684    157.5  0.206E-13  0.726E-14


     472.6   9/2 -  472.6   9/2   -0.7958            3.0490
     472.6   9/2 -  403.2  13/2    0.0000    0.00    0.0000    0.00    1.000    0.000     69.4  0.337E-16  0.000E+00
     586.6  11/2 -   39.4   7/2    1.1961  175.66    0.0000    0.00    1.000    0.000    547.3  0.716E+00  0.000E+00
     586.6  11/2 -  207.3   7/2    0.1327   19.49    0.0000    0.00    1.000    0.000    379.4  0.127E-01  0.000E+00
     586.6  11/2 -  285.1   9/2    5.0539  742.20    0.0576   32.15    0.847    2.352    301.6  0.154E+00  0.278E-01


     586.6  11/2 -  315.1   9/2    0.0000    0.00    0.0000    0.00    0.904    3.071    271.6  0.191E-11  0.203E-12
     586.6  11/2 -  472.6   9/2    0.0000    0.00    0.0486   27.17    0.000    0.001    114.0  0.778E-09  0.127E-02
     586.6  11/2 -  586.6  11/2   -0.2047            2.7277
     586.6  11/2 -  403.2  13/2    0.0000    0.00    0.0000    0.00    0.270   -0.608    183.4  0.339E-14  0.916E-14
     795.7  11/2 -   39.4   7/2    0.0024    0.35    0.0000    0.00    1.000    0.000    756.3  0.710E-02  0.000E+00


     795.7  11/2 -  207.3   7/2    2.3902  351.02    0.0000    0.00    1.000    0.000    588.4  0.206E+01  0.000E+00
     795.7  11/2 -  285.1   9/2    0.0715   10.49    0.0495   27.64    0.207   -0.511    510.6  0.303E-01  0.116E+00
     795.7  11/2 -  315.1   9/2    0.0000    0.00    0.0000    0.00    0.382    0.786    480.6  0.155E-11  0.251E-11
     795.7  11/2 -  472.6   9/2    3.7371  548.82    0.6818  380.78    0.284    0.630    323.1  0.160E+00  0.405E+00
     795.7  11/2 -  586.6  11/2    0.1188   17.45    0.0340   18.99    0.096   -0.325    209.0  0.579E-03  0.547E-02


     795.7  11/2 -  795.7  11/2   -1.9758            3.2043
     795.7  11/2 -  403.2  13/2    0.0000    0.00    0.0000    0.00    0.936    3.826    392.5  0.419E-12  0.286E-13
    1398.7  11/2 -   39.4   7/2    0.0000    0.00    0.0000    0.00    1.000    0.000   1359.3  0.966E-11  0.000E+00
    1398.7  11/2 -  207.3   7/2    0.0000    0.00    0.0000    0.00    1.000    0.000   1191.4  0.103E-11  0.000E+00
    1398.7  11/2 -  990.7   7/2    0.0000    0.00    0.0000    0.00    1.000    0.000    408.0  0.565E-08  0.000E+00


    1398.7  11/2 -  285.1   9/2    0.0000    0.00    0.0000    0.00    0.692   -1.500   1113.6  0.334E-09  0.148E-09
    1398.7  11/2 -  315.1   9/2    0.5616   82.47    0.4442  248.11    0.507   -1.014   1083.6  0.102E+02  0.995E+01
    1398.7  11/2 -  472.6   9/2    0.0000    0.00    0.0000    0.00    0.902   -3.031    926.1  0.625E-11  0.681E-12
    1398.7  11/2 -  586.6  11/2    0.0000    0.00    0.0000    0.00    0.946   -4.197    812.0  0.126E-10  0.718E-12
    1398.7  11/2 -  795.7  11/2    0.0000    0.00    0.0000    0.00    0.970    5.689    603.0  0.180E-11  0.556E-13


    1398.7  11/2 - 1398.7  11/2   -4.1820            3.9749
    1398.7  11/2 -  403.2  13/2    0.4757   69.86    1.2006  670.51    0.214    0.522    995.5  0.567E+01  0.208E+02
    1398.7  11/2 -  944.3  13/2    0.0000    0.00    0.0000    0.00    0.852    2.398    454.4  0.242E-12  0.421E-13
    1398.7  11/2 - 1176.2  13/2    0.0000    0.00    0.0000    0.00    0.998  -23.727    222.5  0.239E-13  0.425E-16
     403.2  13/2 -  285.1   9/2    0.0000    0.00    0.0000    0.00    1.000    0.000    118.1  0.207E-13  0.000E+00


     403.2  13/2 -  315.1   9/2    4.6112  677.19    0.0000    0.00    1.000    0.000     88.1  0.299E-03  0.000E+00
     403.2  13/2 -  403.2  13/2   -4.7580            6.9376
     944.3  13/2 -  285.1   9/2    2.1998  323.05    0.0000    0.00    1.000    0.000    659.2  0.334E+01  0.000E+00
     944.3  13/2 -  315.1   9/2    0.0000    0.00    0.0000    0.00    1.000    0.000    629.2  0.303E-10  0.000E+00
     944.3  13/2 -  472.6   9/2    0.0971   14.26    0.0000    0.00    1.000    0.000    471.7  0.277E-01  0.000E+00


     944.3  13/2 -  586.6  11/2    4.2197  619.69    0.0834   46.57    0.818    2.118    357.7  0.301E+00  0.671E-01
     944.3  13/2 -  795.7  11/2    0.0062    0.90    0.0651   36.38    0.001   -0.038    148.6  0.544E-05  0.376E-02
     944.3  13/2 -  403.2  13/2    0.0000    0.00    0.0000    0.00    0.799   -1.991    541.1  0.212E-11  0.535E-12
     944.3  13/2 -  944.3  13/2   -1.5705            3.1017
    1176.2  13/2 -  285.1   9/2    0.0032    0.48    0.0000    0.00    1.000    0.000    891.1  0.222E-01  0.000E+00


    1176.2  13/2 -  315.1   9/2    0.0000    0.00    0.0000    0.00    1.000    0.000    861.1  0.151E-10  0.000E+00
    1176.2  13/2 -  472.6   9/2    3.0869  453.33    0.0000    0.00    1.000    0.000    703.6  0.649E+01  0.000E+00
    1176.2  13/2 -  586.6  11/2    0.0697   10.23    0.0736   41.12    0.186   -0.478    589.6  0.606E-01  0.266E+00
    1176.2  13/2 -  795.7  11/2    2.9950  439.84    0.6918  386.38    0.303    0.659    380.5  0.292E+00  0.671E+00
    1176.2  13/2 -  403.2  13/2    0.0000    0.00    0.0000    0.00    0.990   10.158    773.0  0.251E-10  0.243E-12


    1176.2  13/2 -  944.3  13/2    0.0760   11.15    0.0300   16.76    0.086   -0.307    231.9  0.622E-03  0.659E-02
    1176.2  13/2 - 1176.2  13/2   -2.7771            3.4295

 TIME=  0.0 SEC
