 PARITY=+   EPS= 0.283   GAMMA= 46.2   EPS4=0.000   EPS6=0.000   LEVELS:  19  20  21  22  23
0   Z= 79   A=197   IQ=1   GSFAC= 0.75   GR=  0.40   MIN SPIN=  1/2   MAX SPIN= 13/2   KMAX= 13/2

 MICR QUADR MOMENTS:  Q0= 574.910  Q2=-369.103 FM**2


   B(E2) AND Q(E2) IN E2B2 AND EB,   B(M1) AND M(M1) INNM2 AND NM,   T(E2) AND T(M1) IN 1/PS

       E1     II      EF     IF     B(E2)             B(M1)              GD        D       EREL    T(E2)      T(M1)
                                             WU               MWU

      85.4   1/2 -   85.4   1/2    0.0000            0.1773
      85.4   1/2 -    0.0   3/2    0.1077   15.81    0.4946  276.23    0.001   -0.033     85.4  0.597E-05  0.542E-02
    1265.1   1/2 -   85.4   1/2    0.0000    0.00    0.0047    2.64    0.000    0.000   1179.7  0.000E+00  0.137E+00
    1265.1   1/2 - 1265.1   1/2    0.0000           -0.3753
    1265.1   1/2 -    0.0   3/2    0.2148   31.55    0.0001    0.04    1.000  -59.373   1265.1  0.849E+01  0.241E-02


    1265.1   1/2 -  175.6   3/2    0.0080    1.17    0.0001    0.03    0.991  -10.682   1089.5  0.150E+00  0.131E-02
    1265.1   1/2 -  137.6   5/2    0.0671    9.85    0.0000    0.00    1.000    0.000   1127.6  0.149E+01  0.000E+00
    1265.1   1/2 -  303.5   5/2    0.0023    0.33    0.0000    0.00    1.000    0.000    961.7  0.227E-01  0.000E+00
    1385.4   1/2 -   85.4   1/2    0.0000    0.00    0.0033    1.86    0.000    0.000   1300.0  0.000E+00  0.129E+00
    1385.4   1/2 - 1265.1   1/2    0.0000    0.00    0.0086    4.81    0.000    0.000    120.3  0.000E+00  0.264E-03


    1385.4   1/2 - 1385.4   1/2    0.0000            1.1013
    1385.4   1/2 -    0.0   3/2    0.0034    0.49    0.1284   71.71    0.034    0.187   1385.4  0.210E+00  0.601E+01
    1385.4   1/2 -  175.6   3/2    0.0094    1.39    0.0670   37.39    0.125   -0.378   1209.8  0.298E+00  0.209E+01
    1385.4   1/2 - 1303.9   3/2    0.4202   61.71    0.0006    0.33    0.765    1.806     81.5  0.185E-04  0.566E-05
    1385.4   1/2 -  137.6   5/2    0.0141    2.06    0.0000    0.00    1.000    0.000   1247.9  0.519E+00  0.000E+00


    1385.4   1/2 -  303.5   5/2    0.0112    1.65    0.0000    0.00    1.000    0.000   1082.0  0.203E+00  0.000E+00
       0.0   3/2 -    0.0   3/2   -1.4220            1.3925
     175.6   3/2 -   85.4   1/2    1.0199  149.78    0.1365   76.22    0.040    0.205     90.2  0.744E-04  0.176E-02
     175.6   3/2 -    0.0   3/2    0.0840   12.34    0.3492  195.00    0.005   -0.072    175.6  0.171E-03  0.333E-01
     175.6   3/2 -  175.6   3/2    1.4026            0.5242


     175.6   3/2 -  137.6   5/2    0.0511    7.50    0.2131  119.02    0.000    0.016     38.1  0.499E-07  0.207E-03
    1303.9   3/2 -   85.4   1/2    0.0326    4.79    0.0060    3.38    0.847    2.355   1218.5  0.107E+01  0.193E+00
    1303.9   3/2 - 1265.1   1/2    0.6488   95.28    0.0202   11.29    0.032    0.183     38.7  0.691E-06  0.207E-04
    1303.9   3/2 -    0.0   3/2    0.0953   13.99    0.0206   11.50    0.845    2.335   1303.9  0.438E+01  0.803E+00
    1303.9   3/2 -  175.6   3/2    0.0070    1.02    0.0002    0.13    0.963    5.118   1128.2  0.155E+00  0.592E-02


    1303.9   3/2 - 1303.9   3/2    1.0451           -0.0125
    1303.9   3/2 -  137.6   5/2    0.0931   13.68    0.0218   12.15    0.801    2.009   1166.3  0.245E+01  0.608E+00
    1303.9   3/2 -  303.5   5/2    0.0001    0.02    0.0132    7.35    0.007   -0.085   1000.4  0.168E-02  0.232E+00
    1303.9   3/2 -  303.7   7/2    0.0232    3.41    0.0000    0.00    1.000    0.000   1000.2  0.283E+00  0.000E+00
    1303.9   3/2 -  524.6   7/2    0.0033    0.48    0.0000    0.00    1.000    0.000    779.3  0.115E-01  0.000E+00


     137.6   5/2 -   85.4   1/2    0.0172    2.52    0.0000    0.00    1.000    0.000     52.1  0.807E-07  0.000E+00
     137.6   5/2 -    0.0   3/2    1.7668  259.47    0.2195  122.60    0.095   -0.325    137.6  0.106E-02  0.101E-01
     137.6   5/2 -  137.6   5/2    0.5775            1.5197
     303.5   5/2 -   85.4   1/2    1.0673  156.74    0.0000    0.00    1.000    0.000    218.0  0.642E-02  0.000E+00
     303.5   5/2 -    0.0   3/2    0.0203    2.98    0.0869   48.52    0.015   -0.122    303.5  0.637E-03  0.427E-01


     303.5   5/2 -  175.6   3/2    0.3352   49.23    0.0204   11.37    0.157    0.432    127.8  0.139E-03  0.748E-03
     303.5   5/2 -  137.6   5/2    0.0317    4.66    0.3204  178.94    0.002   -0.043    165.9  0.486E-04  0.257E-01
     303.5   5/2 -  303.5   5/2    1.9882            1.4831
    1458.5   5/2 -   85.4   1/2    0.0000    0.00    0.0000    0.00    1.000    0.000   1373.0  0.868E-03  0.000E+00
    1458.5   5/2 - 1265.1   1/2    0.8787  129.05    0.0000    0.00    1.000    0.000    193.3  0.289E-02  0.000E+00


    1458.5   5/2 - 1385.4   1/2    0.0002    0.02    0.0000    0.00    1.000    0.000     73.0  0.421E-08  0.000E+00
    1458.5   5/2 -    0.0   3/2    0.0207    3.05    0.0000    0.00    1.000  -60.084   1458.5  0.167E+01  0.462E-03
    1458.5   5/2 -  175.6   3/2    0.0168    2.47    0.0009    0.51    0.954   -4.571   1282.8  0.711E+00  0.340E-01
    1458.5   5/2 - 1303.9   3/2    0.4295   63.08    0.0716   39.99    0.090    0.315    154.6  0.462E-03  0.465E-02
    1458.5   5/2 -  137.6   5/2    0.0839   12.32    0.0001    0.06    0.999  -31.465   1320.9  0.411E+01  0.416E-02


    1458.5   5/2 -  303.5   5/2    0.0048    0.71    0.0031    1.70    0.595   -1.212   1155.0  0.122E+00  0.828E-01
    1458.5   5/2 - 1458.5   5/2    1.7166            0.2555
    1458.5   5/2 -  303.7   7/2    0.1211   17.79    0.0000    0.01    1.000   75.989   1154.8  0.303E+01  0.526E-03
    1458.5   5/2 -  524.6   7/2    0.0000    0.00    0.0001    0.05    0.057   -0.246    933.8  0.716E-04  0.118E-02
    1458.5   5/2 - 1436.9   7/2    0.0010    0.15    0.0079    4.43    0.000   -0.006     21.6  0.565E-10  0.140E-05


    1458.5   5/2 -  566.4   9/2    0.0538    7.90    0.0000    0.00    1.000    0.000    892.1  0.371E+00  0.000E+00
    1458.5   5/2 -  730.3   9/2    0.0003    0.05    0.0000    0.00    1.000    0.000    728.2  0.830E-03  0.000E+00
    1458.5   5/2 - 1256.0   9/2    0.0000    0.00    0.0000    0.00    1.000    0.000    202.5  0.439E-13  0.000E+00
     303.7   7/2 -    0.0   3/2    0.8109  119.08    0.0000    0.00    1.000    0.000    303.7  0.256E-01  0.000E+00
     303.7   7/2 -  175.6   3/2    0.0870   12.77    0.0000    0.00    1.000    0.000    128.0  0.365E-04  0.000E+00


     303.7   7/2 -  137.6   5/2    1.0420  153.03    0.1863  104.06    0.097   -0.327    166.1  0.161E-02  0.150E-01
     303.7   7/2 -  303.5   5/2    0.0010    0.14    0.0767   42.85    0.000   -0.000      0.2  0.791E-20  0.169E-10
     303.7   7/2 -  303.7   7/2    1.4686            1.3451
     524.6   7/2 -    0.0   3/2    0.0148    2.18    0.0000    0.00    1.000    0.000    524.6  0.719E-02  0.000E+00
     524.6   7/2 -  175.6   3/2    1.2909  189.58    0.0000    0.00    1.000    0.000    349.0  0.815E-01  0.000E+00


     524.6   7/2 -  137.6   5/2    0.0888   13.03    0.2111  117.93    0.042   -0.209    387.1  0.941E-02  0.216E+00
     524.6   7/2 -  303.5   5/2    0.1501   22.05    0.1652   92.29    0.030    0.176    221.2  0.970E-03  0.315E-01
     524.6   7/2 -  303.7   7/2    0.0135    1.99    0.3014  168.33    0.002   -0.039    221.0  0.869E-04  0.572E-01
     524.6   7/2 -  524.6   7/2    2.2776            1.8172
    1436.9   7/2 -    0.0   3/2    0.1158   17.00    0.0000    0.00    1.000    0.000   1436.9  0.865E+01  0.000E+00


    1436.9   7/2 -  175.6   3/2    0.0008    0.11    0.0000    0.00    1.000    0.000   1261.2  0.303E-01  0.000E+00
    1436.9   7/2 - 1303.9   3/2    0.0001    0.01    0.0000    0.00    1.000    0.000    133.0  0.451E-07  0.000E+00
    1436.9   7/2 -  137.6   5/2    0.1084   15.91    0.0002    0.13    0.998  -23.018   1299.3  0.490E+01  0.924E-02
    1436.9   7/2 -  303.5   5/2    0.0002    0.02    0.0000    0.00    0.970   -5.651   1133.4  0.377E-02  0.118E-03
    1436.9   7/2 -  303.7   7/2    0.0665    9.77    0.0002    0.09    0.997  -18.797   1133.2  0.152E+01  0.429E-02


    1436.9   7/2 -  524.6   7/2    0.0021    0.31    0.0001    0.03    0.954   -4.553    912.3  0.162E-01  0.782E-03
    1436.9   7/2 - 1436.9   7/2   -3.3496            2.5912
    1436.9   7/2 -  566.4   9/2    0.0222    3.26    0.0002    0.12    0.982   -7.435    870.5  0.135E+00  0.245E-02
    1436.9   7/2 -  730.3   9/2    0.0000    0.00    0.0000    0.01    0.148    0.418    706.6  0.162E-04  0.931E-04
    1436.9   7/2 - 1256.0   9/2    0.0000    0.00    0.0000    0.00    0.563   -1.135    180.9  0.541E-13  0.420E-13


    1436.9   7/2 -  800.0  11/2    0.0035    0.52    0.0000    0.00    1.000    0.000    636.9  0.452E-02  0.000E+00
    1436.9   7/2 - 1091.1  11/2    0.0001    0.02    0.0000    0.00    1.000    0.000    345.8  0.879E-05  0.000E+00
    1436.9   7/2 - 1249.5  11/2    0.0000    0.00    0.0000    0.00    1.000    0.000    187.4  0.335E-10  0.000E+00
     566.4   9/2 -  137.6   5/2    1.2063  177.16    0.0000    0.00    1.000    0.000    428.8  0.213E+00  0.000E+00
     566.4   9/2 -  303.5   5/2    0.0009    0.13    0.0000    0.00    1.000    0.000    262.9  0.131E-04  0.000E+00


     566.4   9/2 -  303.7   7/2    0.6139   90.15    0.3380  188.76    0.080   -0.295    262.7  0.937E-02  0.108E+00
     566.4   9/2 -  524.6   7/2    0.0749   10.99    0.0406   22.65    0.002    0.047     41.7  0.116E-06  0.519E-04
     566.4   9/2 -  566.4   9/2    1.9156            2.0266
     566.4   9/2 -   30.3  13/2    0.0000    0.00    0.0000    0.00    1.000    0.000    536.1  0.136E-12  0.000E+00
     730.3   9/2 -  137.6   5/2    0.0003    0.05    0.0000    0.00    1.000    0.000    592.7  0.304E-03  0.000E+00


     730.3   9/2 -  303.5   5/2    1.5830  232.47    0.0000    0.00    1.000    0.000    426.8  0.274E+00  0.000E+00
     730.3   9/2 -  303.7   7/2    0.0050    0.73    0.1815  101.37    0.003   -0.059    426.6  0.857E-03  0.248E+00
     730.3   9/2 -  524.6   7/2    0.1152   16.91    0.0022    1.25    0.602    1.229    205.6  0.517E-03  0.342E-03
     730.3   9/2 -  566.4   9/2    0.0093    1.36    0.3103  173.28    0.001   -0.024    163.9  0.134E-04  0.240E-01
     730.3   9/2 -  730.3   9/2    2.4317            2.4273


     730.3   9/2 -   30.3  13/2    0.0000    0.00    0.0000    0.00    1.000    0.000    700.0  0.159E-11  0.000E+00
    1256.0   9/2 -  137.6   5/2    0.0000    0.00    0.0000    0.00    1.000    0.000   1118.4  0.242E-08  0.000E+00
    1256.0   9/2 -  303.5   5/2    0.0000    0.00    0.0000    0.00    1.000    0.000    952.5  0.442E-10  0.000E+00
    1256.0   9/2 -  303.7   7/2    0.0000    0.00    0.0000    0.00    1.000  -54.416    952.3  0.118E-08  0.400E-12
    1256.0   9/2 -  524.6   7/2    0.0000    0.00    0.0000    0.00    1.000   69.768    731.3  0.527E-10  0.108E-13


    1256.0   9/2 -  566.4   9/2    0.0000    0.00    0.0000    0.00    0.930   -3.638    689.6  0.225E-09  0.170E-10
    1256.0   9/2 -  730.3   9/2    0.0000    0.00    0.0000    0.00    0.125    0.379    525.7  0.528E-12  0.368E-11
    1256.0   9/2 - 1256.0   9/2   -3.9425            6.5047
    1256.0   9/2 -  800.0  11/2    0.0000    0.00    0.0000    0.00    0.973    6.028    455.9  0.340E-11  0.936E-13
    1256.0   9/2 - 1091.1  11/2    0.0000    0.00    0.0000    0.00    0.000    0.021    164.9  0.158E-15  0.354E-12


    1256.0   9/2 - 1249.5  11/2    0.0467    6.86    0.0419   23.38    0.000   -0.006      6.5  0.668E-11  0.204E-06
    1256.0   9/2 -   30.3  13/2    0.2984   43.82    0.0000    0.00    1.000    0.000   1225.7  0.101E+02  0.000E+00
    1256.0   9/2 - 1193.8  13/2    0.0000    0.00    0.0000    0.00    1.000    0.000     62.2  0.683E-16  0.000E+00
     800.0  11/2 -  303.7   7/2    1.5000  220.29    0.0000    0.00    1.000    0.000    496.3  0.551E+00  0.000E+00
     800.0  11/2 -  524.6   7/2    0.0397    5.83    0.0000    0.00    1.000    0.000    275.4  0.768E-03  0.000E+00


     800.0  11/2 -  566.4   9/2    0.4151   60.97    0.1559   87.05    0.092   -0.317    233.7  0.353E-02  0.350E-01
     800.0  11/2 -  730.3   9/2    0.0014    0.21    0.0394   22.01    0.000   -0.011     69.7  0.285E-07  0.235E-03
     800.0  11/2 -  800.0  11/2    2.1383            1.7840
     800.0  11/2 -   30.3  13/2    0.0000    0.00    0.0000    0.00    0.963   -5.097    769.8  0.120E-10  0.461E-12
    1091.1  11/2 -  303.7   7/2    0.0123    1.81    0.0000    0.00    1.000    0.000    787.4  0.456E-01  0.000E+00


    1091.1  11/2 -  524.6   7/2    1.6036  235.51    0.0000    0.00    1.000    0.000    566.5  0.114E+01  0.000E+00
    1091.1  11/2 -  566.4   9/2    0.0728   10.70    0.3194  178.37    0.042   -0.209    524.7  0.354E-01  0.812E+00
    1091.1  11/2 -  730.3   9/2    0.0570    8.37    0.1766   98.66    0.028    0.171    360.8  0.425E-02  0.146E+00
    1091.1  11/2 -  800.0  11/2    0.0042    0.62    0.2070  115.63    0.001   -0.035    291.1  0.108E-03  0.899E-01
    1091.1  11/2 - 1091.1  11/2    2.4726            2.8692


    1091.1  11/2 -   30.3  13/2    0.0000    0.00    0.0000    0.00    0.683   -1.469   1060.8  0.336E-11  0.156E-11
    1249.5  11/2 -  303.7   7/2    0.0000    0.00    0.0000    0.00    1.000    0.000    945.8  0.855E-10  0.000E+00
    1249.5  11/2 -  524.6   7/2    0.0000    0.00    0.0000    0.00    1.000    0.000    724.8  0.633E-12  0.000E+00
    1249.5  11/2 -  566.4   9/2    0.0000    0.00    0.0000    0.00    0.974   -6.141    683.1  0.320E-10  0.849E-12
    1249.5  11/2 -  730.3   9/2    0.0000    0.00    0.0000    0.00    0.487    0.975    519.2  0.174E-12  0.183E-12


    1249.5  11/2 -  800.0  11/2    0.0000    0.00    0.0000    0.00    0.867    2.552    449.4  0.156E-11  0.239E-12
    1249.5  11/2 - 1091.1  11/2    0.0000    0.00    0.0000    0.00    0.172   -0.456    158.3  0.109E-13  0.523E-13
    1249.5  11/2 - 1249.5  11/2   -4.5863            5.7936
    1249.5  11/2 -   30.3  13/2    0.0816   11.99    0.7412  413.96    0.102    0.337   1219.2  0.268E+01  0.236E+02
    1249.5  11/2 - 1193.8  13/2    0.0000    0.00    0.0000    0.00    0.158    0.434     55.6  0.397E-16  0.211E-15


      30.3  13/2 -   30.3  13/2   -4.7310            7.5496
    1193.8  13/2 -  566.4   9/2    1.6171  237.48    0.0000    0.00    1.000    0.000    627.4  0.192E+01  0.000E+00
    1193.8  13/2 -  730.3   9/2    0.0016    0.24    0.0000    0.00    1.000    0.000    463.5  0.425E-03  0.000E+00
    1193.8  13/2 -  800.0  11/2    0.2673   39.25    0.3805  212.50    0.070   -0.275    393.8  0.309E-01  0.409E+00
    1193.8  13/2 - 1091.1  11/2    0.0642    9.43    0.0103    5.73    0.044    0.214    102.7  0.895E-05  0.196E-03


    1193.8  13/2 -   30.3  13/2    0.0000    0.00    0.0000    0.00    0.690   -1.491   1163.5  0.320E-09  0.144E-09
    1193.8  13/2 - 1193.8  13/2    2.2228            2.7851
    1354.2  13/2 -  566.4   9/2    0.0005    0.07    0.0000    0.00    1.000    0.000    787.8  0.174E-02  0.000E+00
    1354.2  13/2 -  730.3   9/2    1.8017  264.60    0.0000    0.00    1.000    0.000    623.9  0.208E+01  0.000E+00
    1354.2  13/2 - 1256.0   9/2    0.0000    0.00    0.0000    0.00    1.000    0.000     98.2  0.964E-16  0.000E+00


    1354.2  13/2 -  800.0  11/2    0.0004    0.06    0.2019  112.74    0.000   -0.022    554.2  0.281E-03  0.605E+00
    1354.2  13/2 - 1091.1  11/2    0.0539    7.91    0.0010    0.54    0.727   -1.631    263.1  0.829E-03  0.311E-03
    1354.2  13/2 - 1249.5  11/2    0.0000    0.00    0.0000    0.00    0.993  -11.766    104.8  0.768E-16  0.555E-18
    1354.2  13/2 -   30.3  13/2    0.0000    0.00    0.0000    0.00    0.442   -0.889   1323.9  0.939E-10  0.119E-09
    1354.2  13/2 - 1193.8  13/2    0.0035    0.51    0.3081  172.05    0.000   -0.014    160.4  0.448E-05  0.224E-01


    1354.2  13/2 - 1354.2  13/2    2.5045            3.2174

 TIME=  0.0 SEC
