 PARITY=+   EPS= 0.420   GAMMA= 13.8   EPS4=0.000   EPS6=0.000   LEVELS:  18  19  20  21  22
0   Z= 79   A=197   IQ=1   GSFAC= 0.75   GR=  0.40   MIN SPIN=  1/2   MAX SPIN= 13/2   KMAX= 13/2

 MICR QUADR MOMENTS:  Q0=1578.640  Q2=-141.381 FM**2


   B(E2) AND Q(E2) IN E2B2 AND EB,   B(M1) AND M(M1) INNM2 AND NM,   T(E2) AND T(M1) IN 1/PS

       E1     II      EF     IF     B(E2)             B(M1)              GD        D       EREL    T(E2)      T(M1)
                                             WU               MWU

     187.1   1/2 -  187.1   1/2    0.0000           -0.2254
    1052.8   1/2 -  187.1   1/2    0.0000    0.00    0.0058    3.25    0.000    0.000    865.7  0.000E+00  0.665E-01
    1052.8   1/2 - 1052.8   1/2    0.0000            1.6440
    1052.8   1/2 -  199.0   3/2    0.0056    0.82    0.0035    1.94    0.449    0.903    853.9  0.310E-01  0.380E-01
    1052.8   1/2 -  805.7   3/2    0.0000    0.00    0.0000    0.00    0.855    2.427    247.2  0.836E-14  0.142E-14


    1052.8   1/2 -  914.5   3/2    0.0404    5.94    0.0000    0.02    0.938   -3.898    138.4  0.250E-04  0.165E-05
    1052.8   1/2 -  344.1   5/2    0.3230   47.43    0.0000    0.00    1.000    0.000    708.7  0.705E+00  0.000E+00
    1052.8   1/2 -  454.5   5/2    0.0024    0.36    0.0000    0.00    1.000    0.000    598.4  0.229E-02  0.000E+00
    1052.8   1/2 -  615.3   5/2    0.0000    0.00    0.0000    0.00    1.000    0.000    437.5  0.268E-09  0.000E+00
    1241.2   1/2 -  187.1   1/2    0.0000    0.00    0.0000    0.00    0.000    0.000   1054.1  0.000E+00  0.844E-12


    1241.2   1/2 - 1052.8   1/2    0.0000    0.00    0.0000    0.00    0.000    0.000    188.4  0.000E+00  0.188E-16
    1241.2   1/2 - 1241.2   1/2    0.0000            1.8342
    1241.2   1/2 -  199.0   3/2    0.0000    0.00    0.0000    0.00    1.000    0.000   1042.2  0.235E-05  0.158E-12
    1241.2   1/2 -  805.7   3/2    0.8716  128.00    3.4949 1951.94    0.032   -0.181    435.5  0.167E+00  0.508E+01
    1241.2   1/2 -  914.5   3/2    0.0000    0.00    0.0000    0.00    1.000   53.212    326.7  0.204E-11  0.721E-15


    1241.2   1/2 -  344.1   5/2    0.0000    0.00    0.0000    0.00    1.000    0.000    897.1  0.173E-08  0.000E+00
    1241.2   1/2 -  454.5   5/2    0.0000    0.00    0.0000    0.00    1.000    0.000    786.7  0.863E-06  0.000E+00
    1241.2   1/2 -  615.3   5/2    6.0504  888.54    0.0000    0.00    1.000    0.000    625.9  0.709E+01  0.000E+00
     199.0   3/2 -  187.1   1/2    4.9121  721.38    0.0897   50.10    0.005   -0.073     11.9  0.142E-07  0.264E-05
     199.0   3/2 -  199.0   3/2   -3.1617            0.4792


     199.0   3/2 -    0.0   7/2    0.0004    0.06    0.0000    0.00    1.000    0.000    199.0  0.157E-05  0.000E+00
     805.7   3/2 -  187.1   1/2    0.0000    0.00    0.0000    0.00    1.000    0.000    618.5  0.418E-08  0.189E-14
     805.7   3/2 -  199.0   3/2    0.0000    0.00    0.0000    0.00    1.000  466.781    606.7  0.227E-07  0.105E-12
     805.7   3/2 -  805.7   3/2    2.0817            2.4083
     805.7   3/2 -  344.1   5/2    0.0000    0.00    0.0000    0.00    1.000   92.022    461.6  0.820E-11  0.969E-15


     805.7   3/2 -  454.5   5/2    0.0000    0.00    0.0000    0.00    1.000  702.458    351.2  0.105E-08  0.213E-14
     805.7   3/2 -  615.3   5/2    8.3914 1232.33    0.3159  176.45    0.400    0.817    190.4  0.256E-01  0.384E-01
     805.7   3/2 -    0.0   7/2    0.0000    0.00    0.0000    0.00    1.000    0.000    805.7  0.143E-11  0.000E+00
     805.7   3/2 -  488.7   7/2    0.0000    0.00    0.0000    0.00    1.000    0.000    317.0  0.102E-08  0.000E+00
     805.7   3/2 -  542.8   7/2    0.0000    0.00    0.0000    0.00    1.000    0.000    262.9  0.555E-12  0.000E+00


     914.5   3/2 -  187.1   1/2    0.0011    0.16    0.0002    0.09    0.704    1.544    727.4  0.263E-02  0.110E-02
     914.5   3/2 -  199.0   3/2    0.0055    0.80    0.0008    0.46    0.701    1.531    715.5  0.125E-01  0.532E-02
     914.5   3/2 -  805.7   3/2    0.0000    0.00    0.0000    0.00    0.990   -9.807    108.8  0.434E-15  0.451E-17
     914.5   3/2 -  914.5   3/2    3.0878            0.8838
     914.5   3/2 -  344.1   5/2    0.0013    0.19    0.0380   21.21    0.008    0.088    570.4  0.964E-03  0.124E+00


     914.5   3/2 -  454.5   5/2    0.0033    0.48    0.0001    0.05    0.841    2.302    460.0  0.829E-03  0.156E-03
     914.5   3/2 -  615.3   5/2    0.0000    0.00    0.0000    0.00    1.000  250.201    299.2  0.230E-11  0.369E-16
     914.5   3/2 -    0.0   7/2    0.2824   41.48    0.0000    0.00    1.000    0.000    914.5  0.220E+01  0.000E+00
     914.5   3/2 -  488.7   7/2    0.0014    0.21    0.0000    0.00    1.000    0.000    425.8  0.240E-03  0.000E+00
     914.5   3/2 -  542.8   7/2    0.0000    0.00    0.0000    0.00    1.000    0.000    371.7  0.119E-05  0.000E+00


     344.1   5/2 -  187.1   1/2    0.0029    0.43    0.0000    0.00    1.000    0.000    157.0  0.342E-05  0.000E+00
     344.1   5/2 -  199.0   3/2    0.0008    0.12    0.0002    0.11    0.058   -0.248    145.1  0.625E-06  0.102E-04
     344.1   5/2 -  344.1   5/2    5.6117            2.9992
     344.1   5/2 -    0.0   7/2    0.0463    6.79    0.0007    0.37    0.850   -2.385    344.1  0.272E-02  0.479E-03
     344.1   5/2 -  249.8   9/2    0.0362    5.31    0.0000    0.00    1.000    0.000     94.3  0.328E-05  0.000E+00


     454.5   5/2 -  187.1   1/2    4.9580  728.11    0.0000    0.00    1.000    0.000    267.4  0.826E-01  0.000E+00
     454.5   5/2 -  199.0   3/2    1.4556  213.76    0.1673   93.44    0.282   -0.627    255.5  0.193E-01  0.491E-01
     454.5   5/2 -  344.1   5/2    0.0106    1.55    0.0003    0.15    0.255    0.585    110.4  0.211E-05  0.616E-05
     454.5   5/2 -  454.5   5/2   -4.3639            0.9480
     454.5   5/2 -    0.0   7/2    0.0000    0.00    0.0000    0.00    0.011    0.107    454.5  0.644E-07  0.563E-05


     454.5   5/2 -  249.8   9/2    0.0008    0.12    0.0000    0.00    1.000    0.000    204.6  0.359E-05  0.000E+00
     615.3   5/2 -  187.1   1/2    0.0000    0.00    0.0000    0.00    1.000    0.000    428.2  0.610E-08  0.000E+00
     615.3   5/2 -  199.0   3/2    0.0000    0.00    0.0000    0.00    1.000  369.323    416.3  0.254E-08  0.185E-13
     615.3   5/2 -  344.1   5/2    0.0000    0.00    0.0000    0.00    0.997   18.481    271.2  0.103E-13  0.300E-16
     615.3   5/2 -  454.5   5/2    0.0000    0.00    0.0000    0.00    0.999  -31.128    160.8  0.297E-10  0.306E-13


     615.3   5/2 -  615.3   5/2   -2.3386            4.4550
     615.3   5/2 -    0.0   7/2    0.0000    0.00    0.0000    0.00    1.000 -528.790    615.3  0.501E-12  0.177E-17
     615.3   5/2 -  488.7   7/2    0.0000    0.00    0.0000    0.00    0.999   38.284    126.6  0.912E-12  0.623E-15
     615.3   5/2 -  542.8   7/2    0.0000    0.00    0.0000    0.00    0.947    4.243     72.5  0.942E-17  0.523E-18
     615.3   5/2 -  249.8   9/2    0.0000    0.00    0.0000    0.00    1.000    0.000    365.5  0.280E-13  0.000E+00


     615.3   5/2 -  524.1   9/2    9.6258 1413.62    0.0000    0.00    1.000    0.000     91.2  0.741E-03  0.000E+00
       0.0   7/2 -    0.0   7/2    7.3239            1.7842
     488.7   7/2 -  199.0   3/2    6.3660  934.90    0.0000    0.00    1.000    0.000    289.7  0.158E+00  0.000E+00
     488.7   7/2 -  344.1   5/2    0.0000    0.00    0.0001    0.04    0.000   -0.012    144.6  0.519E-09  0.384E-05
     488.7   7/2 -  454.5   5/2    0.6624   97.28    0.0942   52.59    0.006   -0.076     34.2  0.380E-06  0.665E-04


     488.7   7/2 -    0.0   7/2    0.0002    0.02    0.0000    0.00    0.981   -7.234    488.7  0.549E-04  0.105E-05
     488.7   7/2 -  488.7   7/2   -5.2099            1.3778
     488.7   7/2 -  249.8   9/2    0.0004    0.06    0.0000    0.01    0.576    1.166    238.9  0.391E-05  0.288E-05
     542.8   7/2 -  199.0   3/2    0.0001    0.02    0.0000    0.00    1.000    0.000    343.8  0.635E-05  0.000E+00
     542.8   7/2 -  344.1   5/2    8.6612 1271.95    0.4002  223.51    0.372    0.770    198.7  0.327E-01  0.552E-01


     542.8   7/2 -  454.5   5/2    0.0053    0.78    0.0008    0.46    0.034    0.186     88.3  0.349E-06  0.100E-04
     542.8   7/2 -    0.0   7/2    0.0331    4.86    0.0062    3.49    0.520   -1.040    542.8  0.190E-01  0.176E-01
     542.8   7/2 -  488.7   7/2    0.0005    0.07    0.0000    0.00    0.212   -0.519     54.1  0.266E-08  0.987E-08
     542.8   7/2 -  542.8   7/2    1.1082            2.9398
     542.8   7/2 -  249.8   9/2    0.0074    1.09    0.0002    0.09    0.722    1.613    292.9  0.195E-03  0.749E-04


     542.8   7/2 -  524.1   9/2    0.0000    0.00    0.0000    0.00    0.985   -8.070     18.7  0.121E-17  0.186E-19
     249.8   9/2 -    0.0   7/2    8.2904 1217.50    0.0096    5.38    0.974    6.102    249.8  0.984E-01  0.264E-02
     249.8   9/2 -  249.8   9/2    2.8527            2.1311
     524.1   9/2 -  344.1   5/2    0.0000    0.00    0.0000    0.00    1.000    0.000    180.0  0.125E-12  0.000E+00
     524.1   9/2 -  454.5   5/2    0.0000    0.00    0.0000    0.00    1.000    0.000     69.6  0.119E-11  0.000E+00


     524.1   9/2 -    0.0   7/2    0.0000    0.00    0.0000    0.00    1.000 -121.362    524.1  0.181E-13  0.123E-17
     524.1   9/2 -  488.7   7/2    0.0000    0.00    0.0000    0.00    0.999   29.403     35.4  0.474E-14  0.548E-17
     524.1   9/2 -  249.8   9/2    0.0000    0.00    0.0000    0.00    0.839    2.286    274.3  0.583E-15  0.112E-15
     524.1   9/2 -  524.1   9/2   -4.8976            5.7302
     793.0   9/2 -  344.1   5/2    2.4809  364.34    0.0000    0.00    1.000    0.000    448.9  0.552E+00  0.000E+00


     793.0   9/2 -  454.5   5/2    0.0391    5.75    0.0000    0.00    1.000    0.000    338.6  0.212E-02  0.000E+00
     793.0   9/2 -  615.3   5/2    0.0000    0.00    0.0000    0.00    1.000    0.000    177.7  0.123E-11  0.000E+00
     793.0   9/2 -    0.0   7/2    0.0104    1.53    0.0017    0.95    0.728   -1.634    793.0  0.399E-01  0.149E-01
     793.0   9/2 -  488.7   7/2    0.0025    0.37    0.0025    1.37    0.061   -0.256    304.3  0.800E-04  0.122E-02
     793.0   9/2 -  542.8   7/2    7.2310 1061.93    0.5781  322.88    0.352    0.737    250.3  0.866E-01  0.159E+00


     793.0   9/2 -  249.8   9/2    0.0286    4.21    0.0100    5.57    0.370   -0.767    543.2  0.165E-01  0.281E-01
     793.0   9/2 -  524.1   9/2    0.0000    0.00    0.0000    0.00    1.000  181.728    268.9  0.216E-11  0.653E-16
     793.0   9/2 -  793.0   9/2   -1.3027            3.0564
     793.0   9/2 -  549.6  11/2    0.0003    0.05    0.0020    1.11    0.007    0.083    243.4  0.348E-05  0.503E-03
     793.0   9/2 -  633.0  13/2    0.0000    0.00    0.0000    0.00    1.000    0.000    160.0  0.999E-12  0.000E+00


     549.6  11/2 -    0.0   7/2    1.8662  274.07    0.0000    0.00    1.000    0.000    549.6  0.114E+01  0.000E+00
     549.6  11/2 -  488.7   7/2    0.0031    0.45    0.0000    0.00    1.000    0.000     60.9  0.314E-07  0.000E+00
     549.6  11/2 -  542.8   7/2    0.0264    3.87    0.0000    0.00    1.000    0.000      6.9  0.486E-11  0.000E+00
     549.6  11/2 -  249.8   9/2    8.2036 1204.76    0.0154    8.58    0.971    5.766    299.8  0.242E+00  0.729E-02
     549.6  11/2 -  524.1   9/2    0.0000    0.00    0.0000    0.00    0.960   -4.921     25.5  0.697E-19  0.288E-20


     549.6  11/2 -  549.6  11/2    0.2382            2.4992
     995.7  11/2 -    0.0   7/2    0.0002    0.04    0.0000    0.00    1.000    0.000    995.7  0.286E-02  0.000E+00
     995.7  11/2 -  488.7   7/2    7.5383 1107.05    0.0000    0.00    1.000    0.000    507.0  0.308E+01  0.000E+00
     995.7  11/2 -  542.8   7/2    0.0033    0.49    0.0000    0.00    1.000    0.000    453.0  0.777E-03  0.000E+00
     995.7  11/2 -  249.8   9/2    0.0021    0.31    0.0000    0.00    0.999  -43.408    745.9  0.596E-02  0.316E-05


     995.7  11/2 -  524.1   9/2    0.0000    0.00    0.0000    0.00    0.995  -14.524    471.6  0.866E-10  0.410E-12
     995.7  11/2 -  793.0   9/2    0.0023    0.34    0.0024    1.32    0.027    0.168    202.7  0.977E-05  0.348E-03
     995.7  11/2 -  549.6  11/2    0.0012    0.18    0.0000    0.01    0.896   -2.932    446.1  0.262E-03  0.305E-04
     995.7  11/2 -  995.7  11/2   -5.8559            2.1345
     995.7  11/2 -  633.0  13/2    0.0000    0.00    0.0000    0.00    0.999   27.755    362.7  0.343E-09  0.446E-12


     995.7  11/2 -  896.2  13/2    0.0041    0.60    0.0001    0.03    0.310    0.670     99.6  0.486E-06  0.108E-05
    1096.1  11/2 -    0.0   7/2    0.0013    0.19    0.0000    0.00    1.000    0.000   1096.1  0.247E-01  0.000E+00
    1096.1  11/2 -  488.7   7/2    0.0066    0.96    0.0000    0.00    1.000    0.000    607.4  0.662E-02  0.000E+00
    1096.1  11/2 -  542.8   7/2    4.2351  621.95    0.0000    0.00    1.000    0.000    553.4  0.268E+01  0.000E+00
    1096.1  11/2 -  249.8   9/2    0.0157    2.30    0.0040    2.21    0.663   -1.402    846.3  0.830E-01  0.422E-01


    1096.1  11/2 -  524.1   9/2    0.0000    0.00    0.0000    0.00    0.505    1.009    572.0  0.183E-13  0.179E-13
    1096.1  11/2 -  793.0   9/2    5.4574  801.46    0.6521  364.22    0.348    0.730    303.1  0.170E+00  0.320E+00
    1096.1  11/2 -  549.6  11/2    0.0222    3.27    0.0125    6.97    0.269   -0.607    546.5  0.132E-01  0.359E-01
    1096.1  11/2 -  995.7  11/2    0.0035    0.51    0.0001    0.07    0.171    0.454    100.4  0.433E-06  0.210E-05
    1096.1  11/2 - 1096.1  11/2   -2.6907            3.2180


    1096.1  11/2 -  633.0  13/2    0.0000    0.00    0.0000    0.00    0.996   16.201    463.1  0.191E-10  0.729E-13
    1096.1  11/2 -  896.2  13/2    0.0001    0.02    0.0060    3.33    0.001   -0.025    200.0  0.529E-06  0.838E-03
     633.0  13/2 -  249.8   9/2    0.0000    0.00    0.0000    0.00    1.000    0.000    383.2  0.748E-15  0.000E+00
     633.0  13/2 -  524.1   9/2    7.0013 1028.19    0.0000    0.00    1.000    0.000    108.9  0.131E-02  0.000E+00
     633.0  13/2 -  549.6  11/2    0.0000    0.00    0.0000    0.00    0.652    1.369     83.4  0.204E-18  0.109E-18


     633.0  13/2 -  633.0  13/2   -5.8536            6.7302
     896.2  13/2 -  249.8   9/2    3.4751  510.34    0.0000    0.00    1.000    0.000    646.3  0.478E+01  0.000E+00
     896.2  13/2 -  524.1   9/2    0.0000    0.00    0.0000    0.00    1.000    0.000    372.1  0.138E-12  0.000E+00
     896.2  13/2 -  793.0   9/2    0.0276    4.06    0.0000    0.00    1.000    0.000    103.1  0.394E-05  0.000E+00
     896.2  13/2 -  549.6  11/2    6.8751 1009.66    0.0195   10.90    0.967    5.416    346.5  0.419E+00  0.143E-01


     896.2  13/2 -  633.0  13/2    0.0000    0.00    0.0000    0.00    0.992   11.098    263.2  0.243E-13  0.197E-15
     896.2  13/2 -  896.2  13/2   -1.3921            2.8826
    1438.5  13/2 -  249.8   9/2    0.0029    0.42    0.0000    0.00    1.000    0.000   1188.7  0.829E-01  0.000E+00
    1438.5  13/2 -  524.1   9/2    0.0000    0.00    0.0000    0.00    1.000    0.000    914.4  0.202E-07  0.000E+00
    1438.5  13/2 -  793.0   9/2    5.4178  795.64    0.0000    0.00    1.000    0.000    645.5  0.741E+01  0.000E+00


    1438.5  13/2 -  549.6  11/2    0.0189    2.78    0.0066    3.71    0.609   -1.249    888.9  0.128E+00  0.821E-01
    1438.5  13/2 -  995.7  11/2    0.0007    0.11    0.0177    9.88    0.006   -0.074    442.8  0.150E-03  0.270E-01
    1438.5  13/2 - 1096.1  11/2    4.0396  593.24    0.7105  396.80    0.316    0.680    342.4  0.232E+00  0.502E+00
    1438.5  13/2 -  633.0  13/2    0.0000    0.00    0.0000    0.00    1.000  159.433    805.5  0.361E-08  0.142E-12
    1438.5  13/2 -  896.2  13/2    0.0163    2.40    0.0154    8.58    0.178   -0.465    542.3  0.934E-02  0.431E-01


    1438.5  13/2 - 1438.5  13/2   -3.6067            3.5230

 TIME=  0.0 SEC
