 PARITY=+   EPS= 0.710   GAMMA=  0.0   EPS4=0.000   EPS6=0.000   LEVELS:  17  18  19  20  21
0   Z= 79   A=197   IQ=1   GSFAC= 0.75   GR=  0.40   MIN SPIN=  1/2   MAX SPIN= 13/2   KMAX= 13/2

 MICR QUADR MOMENTS:  Q0=3545.915  Q2=   0.000 FM**2


   B(E2) AND Q(E2) IN E2B2 AND EB,   B(M1) AND M(M1) INNM2 AND NM,   T(E2) AND T(M1) IN 1/PS

       E1     II      EF     IF     B(E2)             B(M1)              GD        D       EREL    T(E2)      T(M1)
                                             WU               MWU

     518.2   1/2 -  518.2   1/2    0.0000           -0.2424
     518.2   1/2 -    0.0   3/2    1.0100  148.32    1.4017  782.85    0.118   -0.366    518.2  0.460E+00  0.343E+01
     518.2   1/2 -   78.3   5/2    0.0907   13.32    0.0000    0.00    1.000    0.000    439.9  0.182E-01  0.000E+00
     518.2   1/2 -  370.1   5/2    2.0708  304.10    0.0000    0.00    1.000    0.000    148.1  0.180E-02  0.000E+00
    2034.0   1/2 -  518.2   1/2    0.0000    0.00    0.0000    0.00    0.000    0.000   1515.8  0.000E+00  0.847E-15


    2034.0   1/2 - 2034.0   1/2    0.0000           -0.1318
    2034.0   1/2 -    0.0   3/2    0.0000    0.00    0.0000    0.00    1.000    0.000   2034.0  0.496E-05  0.682E-13
    2034.0   1/2 -  629.5   3/2    0.0000    0.00    0.0000    0.00    1.000    0.000   1404.5  0.264E-05  0.109E-14
    2034.0   1/2 - 1822.0   3/2   47.2815 6943.62    0.0178    9.94    0.988   -9.098    212.1  0.247E+00  0.299E-02
    2034.0   1/2 -   78.3   5/2    0.0000    0.00    0.0000    0.00    1.000    0.000   1955.8  0.120E-04  0.000E+00


    2034.0   1/2 -  370.1   5/2    0.0000    0.00    0.0000    0.00    1.000    0.000   1663.9  0.388E-05  0.000E+00
    2034.0   1/2 - 1201.3   5/2    0.0000    0.00    0.0000    0.00    1.000    0.000    832.7  0.207E-06  0.000E+00
       0.0   3/2 -    0.0   3/2    6.8286            2.3143
     629.5   3/2 -  518.2   1/2   24.6939 3626.47    0.0340   19.00    0.862   -2.497    111.3  0.515E-02  0.826E-03
     629.5   3/2 -    0.0   3/2    1.8745  275.29    0.3055  170.65    0.628   -1.298    629.5  0.226E+01  0.134E+01


     629.5   3/2 -  629.5   3/2   -6.8477            0.1601
     629.5   3/2 -   78.3   5/2    0.0376    5.53    0.0684   38.19    0.104    0.340    551.2  0.234E-01  0.202E+00
     629.5   3/2 -  370.1   5/2    0.2792   41.01    1.0282  574.28    0.013    0.113    259.4  0.400E-02  0.316E+00
     629.5   3/2 -  558.1   7/2    0.1486   21.82    0.0000    0.00    1.000    0.000     71.4  0.336E-05  0.000E+00
    1822.0   3/2 -  518.2   1/2    0.0000    0.00    0.0000    0.00    1.000    0.000   1303.8  0.764E-06  0.830E-15


    1822.0   3/2 -    0.0   3/2    0.0000    0.00    0.0000    0.00    1.000    0.000   1822.0  0.310E-05  0.568E-14
    1822.0   3/2 -  629.5   3/2    0.0000    0.00    0.0000    0.00    1.000    0.000   1192.5  0.385E-06  0.587E-15
    1822.0   3/2 - 1822.0   3/2   -6.8944            0.6671
    1822.0   3/2 -   78.3   5/2    0.0000    0.00    0.0000    0.00    1.000    0.000   1743.7  0.694E-05  0.362E-13
    1822.0   3/2 -  370.1   5/2    0.0000    0.00    0.0000    0.00    1.000    0.000   1451.9  0.363E-06  0.347E-12


    1822.0   3/2 - 1201.3   5/2    0.0000    0.00    0.0000    0.00    1.000    0.000    620.6  0.516E-08  0.292E-14
    1822.0   3/2 -  558.1   7/2    0.0000    0.00    0.0000    0.00    1.000    0.000   1263.9  0.717E-06  0.000E+00
    1822.0   3/2 -  864.2   7/2    0.0000    0.00    0.0000    0.00    1.000    0.000    957.8  0.475E-07  0.000E+00
    1822.0   3/2 - 1473.4   7/2    0.0000    0.00    0.0000    0.00    1.000    0.000    348.5  0.271E-08  0.000E+00
      78.3   5/2 -    0.0   3/2    2.8446  417.75    0.0089    5.00    0.574    1.162     78.3  0.102E-03  0.755E-04


      78.3   5/2 -   78.3   5/2   11.6280            1.1599
     370.1   5/2 -    0.0   3/2   38.8562 5706.29    0.2723  152.10    0.931    3.681    370.1  0.329E+01  0.243E+00
     370.1   5/2 -   78.3   5/2    4.1488  609.28    0.0480   26.79    0.836   -2.260    291.8  0.107E+00  0.210E-01
     370.1   5/2 -  370.1   5/2   -1.7281            2.3203
    1201.3   5/2 -  518.2   1/2   24.4784 3594.81    0.0000    0.00    1.000    0.000    683.2  0.444E+02  0.000E+00


    1201.3   5/2 -    0.0   3/2    0.5486   80.57    0.0222   12.42    0.961   -4.967   1201.3  0.167E+02  0.679E+00
    1201.3   5/2 -  629.5   3/2    7.7053 1131.57    0.0777   43.42    0.957   -4.740    571.9  0.575E+01  0.256E+00
    1201.3   5/2 -   78.3   5/2    0.0016    0.24    0.0245   13.66    0.054   -0.239   1123.1  0.349E-01  0.610E+00
    1201.3   5/2 -  370.1   5/2    0.4890   71.82    0.3380  188.76    0.409   -0.832    831.2  0.237E+01  0.342E+01
    1201.3   5/2 - 1201.3   5/2   -9.9374            0.3531


    1201.3   5/2 -  558.1   7/2    0.0150    2.20    0.1424   79.55    0.029    0.174    643.3  0.201E-01  0.667E+00
    1201.3   5/2 -  864.2   7/2    0.0550    8.07    0.8733  487.73    0.005    0.070    337.1  0.292E-02  0.589E+00
    1201.3   5/2 - 1181.5   9/2    0.0486    7.13    0.0000    0.00    1.000    0.000     19.8  0.182E-08  0.000E+00
     558.1   7/2 -    0.0   3/2    2.7547  404.55    0.0000    0.00    1.000    0.000    558.1  0.182E+01  0.000E+00
     558.1   7/2 -   78.3   5/2   41.7154 6126.19    0.0055    3.07    0.999   34.781    479.8  0.129E+02  0.107E-01


     558.1   7/2 -  370.1   5/2    0.0875   12.85    0.0382   21.35    0.053    0.237    188.0  0.251E-03  0.447E-02
     558.1   7/2 -  558.1   7/2    0.8998            1.6816
     864.2   7/2 -    0.0   3/2   15.0977 2217.20    0.0000    0.00    1.000    0.000    864.2  0.888E+02  0.000E+00
     864.2   7/2 -  629.5   3/2    1.5270  224.24    0.0000    0.00    1.000    0.000    234.7  0.133E-01  0.000E+00
     864.2   7/2 -   78.3   5/2    1.7246  253.27    0.0287   16.05    0.963   -5.070    785.9  0.631E+01  0.245E+00


     864.2   7/2 -  370.1   5/2   25.5592 3753.54    0.3384  188.99    0.927    3.575    494.1  0.918E+01  0.718E+00
     864.2   7/2 -  558.1   7/2    2.5974  381.45    0.0959   53.56    0.638   -1.327    306.1  0.852E-01  0.484E-01
     864.2   7/2 -  864.2   7/2   -6.1290            2.7251
    1473.4   7/2 -    0.0   3/2    0.3404   50.00    0.0000    0.00    1.000    0.000   1473.4  0.288E+02  0.000E+00
    1473.4   7/2 -  629.5   3/2   30.5069 4480.14    0.0000    0.00    1.000    0.000    844.0  0.159E+03  0.000E+00


    1473.4   7/2 -   78.3   5/2    0.0079    1.16    0.0007    0.42    0.935   -3.784   1395.2  0.510E+00  0.356E-01
    1473.4   7/2 -  370.1   5/2    1.7921  263.19    0.0112    6.24    0.993  -11.637   1103.3  0.357E+02  0.264E+00
    1473.4   7/2 - 1201.3   5/2    4.1991  616.66    0.0157    8.75    0.932   -3.709    272.1  0.764E-01  0.555E-02
    1473.4   7/2 -  558.1   7/2    0.0000    0.00    0.0386   21.54    0.000    0.003    915.4  0.587E-05  0.521E+00
    1473.4   7/2 -  864.2   7/2    0.5046   74.10    0.1960  109.49    0.398   -0.814    609.2  0.517E+00  0.780E+00


    1473.4   7/2 - 1473.4   7/2  -11.3685            0.5854
    1473.4   7/2 - 1181.5   9/2    0.0793   11.64    0.2168  121.06    0.021    0.147    291.9  0.205E-02  0.949E-01
    1181.5   9/2 -   78.3   5/2   13.3674 1963.10    0.0000    0.00    1.000    0.000   1103.2  0.267E+03  0.000E+00
    1181.5   9/2 -  370.1   5/2    2.1589  317.06    0.0000    0.00    1.000    0.000    811.4  0.926E+01  0.000E+00
    1181.5   9/2 -  558.1   7/2   33.3055 4891.13    0.0139    7.76    0.998   25.417    623.4  0.383E+02  0.592E-01


    1181.5   9/2 -  864.2   7/2    0.2117   31.10    0.0322   17.99    0.314   -0.677    317.3  0.831E-02  0.181E-01
    1181.5   9/2 - 1181.5   9/2   -4.5857            2.1220
    1545.9   9/2 -   78.3   5/2    0.1257   18.47    0.0000    0.00    1.000    0.000   1467.6  0.104E+02  0.000E+00
    1545.9   9/2 -  370.1   5/2   23.8575 3503.64    0.0000    0.00    1.000    0.000   1175.8  0.654E+03  0.000E+00
    1545.9   9/2 - 1201.3   5/2    0.4223   62.01    0.0000    0.00    1.000    0.000    344.5  0.250E-01  0.000E+00


    1545.9   9/2 -  558.1   7/2    1.3914  204.33    0.0530   29.62    0.947   -4.213    987.8  0.160E+02  0.899E+00
    1545.9   9/2 -  864.2   7/2   18.5874 2729.68    0.1971  110.10    0.968    5.511    681.7  0.334E+02  0.110E+01
    1545.9   9/2 - 1473.4   7/2    0.8644  126.94    0.7454  416.34    0.004    0.065     72.4  0.210E-04  0.498E-02
    1545.9   9/2 - 1181.5   9/2    1.3111  192.54    0.0845   47.21    0.588   -1.195    364.4  0.103E+00  0.720E-01
    1545.9   9/2 - 1545.9   9/2   -8.5569            2.8356


    2480.4   9/2 -   78.3   5/2    0.0016    0.24    0.0000    0.00    1.000    0.000   2402.2  0.156E+01  0.000E+00
    2480.4   9/2 -  370.1   5/2    0.1051   15.44    0.0000    0.00    1.000    0.000   2110.3  0.537E+02  0.000E+00
    2480.4   9/2 - 1201.3   5/2   35.2961 5183.47    0.0000    0.00    1.000    0.000   1279.1  0.147E+04  0.000E+00
    2480.4   9/2 -  558.1   7/2    0.0103    1.51    0.0034    1.90    0.886   -2.784   1922.4  0.329E+01  0.425E+00
    2480.4   9/2 -  864.2   7/2    0.3279   48.15    0.0135    7.51    0.978   -6.643   1616.2  0.441E+02  0.100E+01


    2480.4   9/2 - 1473.4   7/2    2.9112  427.52    0.0773   43.20    0.964   -5.144   1007.0  0.368E+02  0.139E+01
    2480.4   9/2 - 1181.5   9/2    0.0015    0.22    0.0716   40.02    0.024   -0.157   1299.0  0.686E-01  0.276E+01
    2480.4   9/2 - 1545.9   9/2    0.1430   21.01    0.2611  145.80    0.249   -0.576    934.6  0.124E+01  0.375E+01
    2480.4   9/2 - 2480.4   9/2  -12.7035            0.9490
    2480.4   9/2 - 1934.5  11/2    0.0164    2.40    0.3086  172.38    0.011    0.105    545.9  0.968E-02  0.884E+00


    2480.4   9/2 - 2296.5  11/2    0.0528    7.75    0.7269  405.98    0.002    0.041    183.9  0.136E-03  0.796E-01
    1934.5  11/2 -  558.1   7/2   22.5413 3310.35    0.0000    0.00    1.000    0.000   1376.4  0.136E+04  0.000E+00
    1934.5  11/2 -  864.2   7/2    2.2114  324.75    0.0000    0.00    1.000    0.000   1070.3  0.379E+02  0.000E+00
    1934.5  11/2 - 1473.4   7/2    0.0911   13.38    0.0000    0.00    1.000    0.000    461.1  0.232E-01  0.000E+00
    1934.5  11/2 - 1181.5   9/2   23.3067 3422.74    0.0357   19.95    0.996   16.016    753.0  0.688E+02  0.268E+00


    1934.5  11/2 - 1545.9   9/2    0.1432   21.03    0.0797   44.54    0.158   -0.434    388.7  0.155E-01  0.824E-01
    1934.5  11/2 - 1934.5  11/2   -8.1765            2.7307
    2296.5  11/2 -  558.1   7/2    0.3522   51.73    0.0000    0.00    1.000    0.000   1738.5  0.682E+02  0.000E+00
    2296.5  11/2 -  864.2   7/2   28.1290 4130.94    0.0000    0.00    1.000    0.000   1432.3  0.207E+04  0.000E+00
    2296.5  11/2 - 1473.4   7/2    1.3560  199.14    0.0000    0.00    1.000    0.000    823.1  0.625E+01  0.000E+00


    2296.5  11/2 - 1181.5   9/2    2.2508  330.55    0.0794   44.32    0.961   -4.944   1115.0  0.473E+02  0.194E+01
    2296.5  11/2 - 1545.9   9/2   13.1163 1926.22    0.2460  137.38    0.954    4.564    750.7  0.381E+02  0.183E+01
    2296.5  11/2 - 1934.5  11/2    0.8867  130.21    0.1623   90.67    0.332   -0.704    362.0  0.673E-01  0.136E+00
    2296.5  11/2 - 2296.5  11/2  -10.3192            3.3626
    2934.8  11/2 -  558.1   7/2    0.0098    1.45    0.0000    0.00    1.000    0.000   2376.7  0.911E+01  0.000E+00


    2934.8  11/2 -  864.2   7/2    0.5832   85.64    0.0000    0.00    1.000    0.000   2070.6  0.271E+03  0.000E+00
    2934.8  11/2 - 1473.4   7/2   36.0368 5292.25    0.0000    0.00    1.000    0.000   1461.4  0.293E+04  0.000E+00
    2934.8  11/2 - 1181.5   9/2    0.0214    3.15    0.0001    0.05    0.998  -22.229   1753.3  0.433E+01  0.877E-02
    2934.8  11/2 - 1545.9   9/2    1.8868  277.09    0.0009    0.49    1.000  -53.543   1388.9  0.119E+03  0.415E-01
    2934.8  11/2 - 2480.4   9/2    2.1194  311.25    0.0004    0.21    0.999  -28.530    454.3  0.501E+00  0.615E-03


    2934.8  11/2 - 1934.5  11/2    0.0001    0.01    0.0484   27.01    0.001    0.033   1000.3  0.931E-03  0.852E+00
    2934.8  11/2 - 2296.5  11/2    0.2237   32.85    0.0625   34.89    0.503   -1.006    638.3  0.289E+00  0.286E+00
    2934.8  11/2 - 2934.8  11/2  -13.1293            1.0920
    2934.8  11/2 - 2849.9  13/2    0.0780   11.45    0.3691  206.17    0.001    0.032     84.9  0.420E-05  0.398E-02
    2849.9  13/2 - 1181.5   9/2   28.5506 4192.85    0.0000    0.00    1.000    0.000   1668.4  0.450E+04  0.000E+00


    2849.9  13/2 - 1545.9   9/2    1.0723  157.48    0.0000    0.00    1.000    0.000   1304.0  0.493E+02  0.000E+00
    2849.9  13/2 - 2480.4   9/2    0.0208    3.06    0.0000    0.00    1.000    0.000    369.4  0.175E-02  0.000E+00
    2849.9  13/2 - 1934.5  11/2   17.0982 2510.98    0.0359   20.05    0.996   16.631    915.3  0.134E+03  0.485E+00
    2849.9  13/2 - 2296.5  11/2    0.9004  132.23    0.0185   10.33    0.912   -3.215    553.3  0.570E+00  0.551E-01
    2849.9  13/2 - 2849.9  13/2  -10.0295            3.0496



 TIME=  0.0 SEC
