 PARITY=+   EPS= 0.903   GAMMA= 42.9   EPS4=0.000   EPS6=0.000   LEVELS:  18  19  20  21  22
0   Z= 79   A=197   IQ=1   GSFAC= 0.75   GR=  0.40   MIN SPIN=  1/2   MAX SPIN= 13/2   KMAX= 13/2

 MICR QUADR MOMENTS:  Q0=2749.252  Q2=-758.443 FM**2


   B(E2) AND Q(E2) IN E2B2 AND EB,   B(M1) AND M(M1) INNM2 AND NM,   T(E2) AND T(M1) IN 1/PS

       E1     II      EF     IF     B(E2)             B(M1)              GD        D       EREL    T(E2)      T(M1)
                                             WU               MWU

       0.0   1/2 -    0.0   1/2    0.0000            1.8504
     218.7   1/2 -    0.0   1/2    0.0000    0.00    0.0536   29.91    0.000    0.000    218.7  0.000E+00  0.986E-02
     218.7   1/2 -  218.7   1/2    0.0000            0.0013
     218.7   1/2 -  202.5   3/2    0.0867   12.73    0.0281   15.69    0.001    0.024     16.2  0.117E-08  0.209E-05
     202.5   3/2 -    0.0   1/2   10.8165 1588.48    0.0257   14.34    0.923   -3.461    202.5  0.449E-01  0.375E-02


     202.5   3/2 -  202.5   3/2    4.4934           -0.1427
     410.0   3/2 -    0.0   1/2    0.0164    2.42    0.0116    6.46    0.142   -0.407    410.0  0.232E-02  0.140E-01
     410.0   3/2 -  218.7   1/2   12.7888 1878.12    0.2339  130.65    0.581    1.178    191.3  0.400E-01  0.288E-01
     410.0   3/2 -  202.5   3/2    0.0134    1.97    0.0041    2.30    0.089   -0.312    207.5  0.629E-04  0.647E-03
     410.0   3/2 -  410.0   3/2    3.4327            0.4547


     410.0   3/2 -  352.5   5/2    0.0064    0.94    0.0814   45.44    0.000   -0.013     57.5  0.490E-07  0.272E-03
     932.0   3/2 -    0.0   1/2    0.1740   25.56    0.0063    3.50    0.944    4.091    932.0  0.149E+01  0.892E-01
     932.0   3/2 -  218.7   1/2    4.2953  630.79    0.4136  231.02    0.786    1.914    713.3  0.968E+01  0.264E+01
     932.0   3/2 -  202.5   3/2    0.4617   67.80    0.0147    8.22    0.920   -3.401    729.5  0.116E+01  0.101E+00
     932.0   3/2 -  410.0   3/2   11.0597 1624.20    0.4936  275.68    0.809   -2.057    522.0  0.523E+01  0.124E+01


     932.0   3/2 -  932.0   3/2   -3.4126            1.0169
     932.0   3/2 -  352.5   5/2    0.0786   11.55    0.0029    1.64    0.862    2.495    579.6  0.627E-01  0.101E-01
     932.0   3/2 -  582.8   5/2    2.2311  327.65    0.0582   32.49    0.764    1.801    349.2  0.141E+00  0.436E-01
     932.0   3/2 -  593.9   5/2    1.7315  254.28    0.0753   42.04    0.646    1.350    338.1  0.934E-01  0.512E-01
     932.0   3/2 -  758.7   7/2    0.0759   11.15    0.0000    0.00    1.000    0.000    173.3  0.145E-03  0.000E+00


     352.5   5/2 -    0.0   1/2   14.2046 2086.04    0.0000    0.00    1.000    0.000    352.5  0.943E+00  0.000E+00
     352.5   5/2 -  218.7   1/2    0.0350    5.14    0.0000    0.00    1.000    0.000    133.8  0.183E-04  0.000E+00
     352.5   5/2 -  202.5   3/2    1.2533  184.06    1.0917  609.73    0.018   -0.134    150.0  0.116E-02  0.648E-01
     352.5   5/2 -  352.5   5/2    3.6566            2.5664
     582.8   5/2 -    0.0   1/2    0.9193  135.01    0.0000    0.00    1.000    0.000    582.8  0.754E+00  0.000E+00


     582.8   5/2 -  218.7   1/2    6.6907  982.57    0.0000    0.00    1.000    0.000    364.1  0.522E+00  0.000E+00
     582.8   5/2 -  202.5   3/2    4.2720  627.37    0.0031    1.75    0.993  -11.680    380.3  0.415E+00  0.304E-02
     582.8   5/2 -  410.0   3/2    0.5106   74.99    0.0381   21.26    0.217    0.527    172.8  0.960E-03  0.346E-02
     582.8   5/2 -  352.5   5/2    6.1731  906.56    0.0060    3.35    0.974   -6.148    230.3  0.488E-01  0.129E-02
     582.8   5/2 -  582.8   5/2    0.1074            1.7117


     593.9   5/2 -    0.0   1/2    1.3713  201.39    0.0000    0.00    1.000    0.000    593.9  0.124E+01  0.000E+00
     593.9   5/2 -  218.7   1/2    4.4310  650.71    0.0000    0.00    1.000    0.000    375.2  0.402E+00  0.000E+00
     593.9   5/2 -  202.5   3/2    3.7936  557.12    0.0905   50.57    0.816   -2.109    391.4  0.425E+00  0.955E-01
     593.9   5/2 -  410.0   3/2    1.8629  273.58    0.0138    7.71    0.760    1.779    183.9  0.478E-02  0.151E-02
     593.9   5/2 -  352.5   5/2    6.3186  927.92    0.0032    1.76    0.988    8.998    241.4  0.632E-01  0.781E-03


     593.9   5/2 -  582.8   5/2    9.9353 1459.07    0.1848  103.22    0.005   -0.068     11.1  0.204E-07  0.445E-05
     593.9   5/2 -  593.9   5/2    0.6014            1.8582
     758.7   7/2 -  202.5   3/2   17.3597 2549.39    0.0000    0.00    1.000    0.000    556.2  0.113E+02  0.000E+00
     758.7   7/2 -  410.0   3/2    0.0014    0.21    0.0000    0.00    1.000    0.000    348.7  0.882E-04  0.000E+00
     758.7   7/2 -  352.5   5/2    0.1773   26.04    0.0387   21.61    0.344   -0.724    406.2  0.239E-01  0.457E-01


     758.7   7/2 -  582.8   5/2    3.6794  540.35    0.0595   33.24    0.570   -1.152    175.9  0.756E-02  0.570E-02
     758.7   7/2 -  593.9   5/2    6.0812  893.07    0.0030    1.68    0.974   -6.171    164.8  0.902E-02  0.237E-03
     758.7   7/2 -  758.7   7/2    0.1525            1.0161
     951.5   7/2 -  202.5   3/2    0.0375    5.51    0.0000    0.00    1.000    0.000    749.0  0.108E+00  0.000E+00
     951.5   7/2 -  410.0   3/2   14.4125 2116.57    0.0000    0.00    1.000    0.000    541.5  0.819E+01  0.000E+00


     951.5   7/2 -  932.0   3/2    0.7114  104.48    0.0000    0.00    1.000    0.000     19.4  0.241E-07  0.000E+00
     951.5   7/2 -  352.5   5/2    0.6391   93.86    0.0083    4.64    0.950    4.372    599.0  0.601E+00  0.314E-01
     951.5   7/2 -  582.8   5/2    5.8507  859.21    0.1007   56.27    0.845    2.339    368.7  0.486E+00  0.888E-01
     951.5   7/2 -  593.9   5/2    0.0491    7.21    0.2836  158.40    0.015   -0.124    357.6  0.350E-02  0.228E+00
     951.5   7/2 -  758.7   7/2    1.3209  193.99    0.0136    7.61    0.714   -1.580    192.7  0.429E-02  0.172E-02


     951.5   7/2 -  951.5   7/2    2.6502            2.0946
    1012.3   7/2 -  202.5   3/2    0.2503   36.77    0.0000    0.00    1.000    0.000    809.8  0.106E+01  0.000E+00
    1012.3   7/2 -  410.0   3/2    2.3129  339.67    0.0000    0.00    1.000    0.000    602.3  0.224E+01  0.000E+00
    1012.3   7/2 -  932.0   3/2    0.1316   19.32    0.0000    0.00    1.000    0.000     80.3  0.536E-05  0.000E+00
    1012.3   7/2 -  352.5   5/2    3.4913  512.73    0.0049    2.76    0.995  -14.595    659.9  0.533E+01  0.250E-01


    1012.3   7/2 -  582.8   5/2    2.6189  384.61    0.1793  100.16    0.651   -1.367    429.5  0.467E+00  0.250E+00
    1012.3   7/2 -  593.9   5/2    9.0669 1331.54    0.0154    8.62    0.986   -8.445    418.4  0.142E+01  0.199E-01
    1012.3   7/2 -  758.7   7/2    5.4593  801.73    0.3285  183.49    0.426   -0.861    253.6  0.699E-01  0.943E-01
    1012.3   7/2 -  951.5   7/2    0.0033    0.48    0.0043    2.41    0.002    0.044     60.9  0.333E-07  0.171E-04
    1012.3   7/2 - 1012.3   7/2    5.7151            1.8723


    1012.3   7/2 - 1011.4   9/2    7.0349 1033.12    0.1875  104.73    0.000    0.005      0.9  0.591E-13  0.264E-08
    1011.4   9/2 -  352.5   5/2   20.6008 3025.37    0.0000    0.00    1.000    0.000    658.9  0.312E+02  0.000E+00
    1011.4   9/2 -  582.8   5/2    0.1450   21.30    0.0000    0.00    1.000    0.000    428.6  0.256E-01  0.000E+00
    1011.4   9/2 -  593.9   5/2    0.0065    0.96    0.0000    0.00    1.000    0.000    417.5  0.101E-02  0.000E+00
    1011.4   9/2 -  758.7   7/2    2.0179  296.34    1.0010  559.09    0.082   -0.299    252.7  0.254E-01  0.284E+00


    1011.4   9/2 -  951.5   7/2    1.3355  196.12    0.0046    2.56    0.420   -0.851     59.9  0.126E-04  0.174E-04
    1011.4   9/2 - 1011.4   9/2    1.3352            3.2982
    1011.4   9/2 -  477.2  13/2    0.0000    0.00    0.0000    0.00    1.000    0.000    534.2  0.966E-13  0.000E+00
    1330.5   9/2 -  352.5   5/2    0.0331    4.86    0.0000    0.00    1.000    0.000    978.0  0.361E+00  0.000E+00
    1330.5   9/2 -  582.8   5/2   10.0085 1469.81    0.0000    0.00    1.000    0.000    747.7  0.285E+02  0.000E+00


    1330.5   9/2 -  593.9   5/2    7.3586 1080.67    0.0000    0.00    1.000    0.000    736.6  0.195E+02  0.000E+00
    1330.5   9/2 -  758.7   7/2    0.0031    0.45    0.0051    2.83    0.121    0.372    571.7  0.230E-02  0.167E-01
    1330.5   9/2 -  951.5   7/2    0.1450   21.30    0.0045    2.49    0.764    1.799    379.0  0.138E-01  0.427E-02
    1330.5   9/2 - 1012.3   7/2    0.1133   16.63    0.0011    0.64    0.874   -2.634    318.1  0.450E-02  0.649E-03
    1330.5   9/2 - 1011.4   9/2    0.0446    6.55    0.0021    1.17    0.600   -1.225    319.1  0.180E-02  0.120E-02


    1330.5   9/2 - 1330.5   9/2    5.4322            1.5412
    1330.5   9/2 -  477.2  13/2    0.0000    0.00    0.0000    0.00    1.000    0.000    853.3  0.152E-10  0.000E+00
    1488.7   9/2 -  352.5   5/2    0.0062    0.91    0.0000    0.00    1.000    0.000   1136.3  0.143E+00  0.000E+00
    1488.7   9/2 -  582.8   5/2    1.4240  209.12    0.0000    0.00    1.000    0.000    905.9  0.106E+02  0.000E+00
    1488.7   9/2 -  593.9   5/2    2.7263  400.37    0.0000    0.00    1.000    0.000    894.8  0.191E+02  0.000E+00


    1488.7   9/2 -  758.7   7/2    0.3447   50.62    0.0293   16.35    0.813   -2.086    730.0  0.872E+00  0.200E+00
    1488.7   9/2 -  951.5   7/2    1.5017  220.53    0.0489   27.33    0.860   -2.478    537.3  0.820E+00  0.134E+00
    1488.7   9/2 - 1012.3   7/2   12.7611 1874.06    0.4322  241.39    0.823   -2.155    476.4  0.382E+01  0.822E+00
    1488.7   9/2 - 1011.4   9/2    5.0717  744.82    0.0075    4.19    0.991   10.339    477.3  0.153E+01  0.143E-01
    1488.7   9/2 - 1330.5   9/2    0.0166    2.43    0.0003    0.16    0.501   -1.002    158.3  0.201E-04  0.200E-04


    1488.7   9/2 - 1488.7   9/2    7.9576            2.8699
    1488.7   9/2 -  477.2  13/2    0.0000    0.00    0.0000    0.00    1.000    0.000   1011.5  0.204E-12  0.000E+00
    1602.3  11/2 -  758.7   7/2   22.6828 3331.12    0.0000    0.00    1.000    0.000    843.6  0.118E+03  0.000E+00
    1602.3  11/2 -  951.5   7/2    0.0462    6.78    0.0000    0.00    1.000    0.000    650.9  0.658E-01  0.000E+00
    1602.3  11/2 - 1012.3   7/2    0.0715   10.51    0.0000    0.00    1.000    0.000    590.0  0.624E-01  0.000E+00


    1602.3  11/2 - 1011.4   9/2    0.4376   64.26    0.0765   42.74    0.581   -1.177    590.9  0.385E+00  0.278E+00
    1602.3  11/2 - 1330.5   9/2    0.0001    0.02    0.0374   20.92    0.000   -0.013    271.9  0.241E-05  0.132E-01
    1602.3  11/2 - 1488.7   9/2   10.5221 1545.24    0.0661   36.94    0.587   -1.193    113.6  0.243E-02  0.171E-02
    1602.3  11/2 - 1602.3  11/2    0.2309            1.8250
    1602.3  11/2 -  477.2  13/2    0.0000    0.00    0.0000    0.00    1.000  -65.008   1125.1  0.173E-11  0.409E-15


    1788.0  11/2 -  758.7   7/2    0.0069    1.01    0.0000    0.00    1.000    0.000   1029.3  0.969E-01  0.000E+00
    1788.0  11/2 -  951.5   7/2   20.4121 2997.66    0.0000    0.00    1.000    0.000    836.5  0.102E+03  0.000E+00
    1788.0  11/2 - 1012.3   7/2    2.5753  378.20    0.0000    0.00    1.000    0.000    775.7  0.882E+01  0.000E+00
    1788.0  11/2 - 1011.4   9/2    0.0001    0.02    0.0117    6.55    0.004    0.066    776.6  0.423E-03  0.966E-01
    1788.0  11/2 - 1330.5   9/2    1.6667  244.77    0.5569  311.05    0.303    0.659    457.5  0.408E+00  0.939E+00


    1788.0  11/2 - 1488.7   9/2    0.4224   62.04    0.0141    7.88    0.650   -1.363    299.3  0.124E-01  0.666E-02
    1788.0  11/2 - 1602.3  11/2    0.0353    5.18    0.0117    6.51    0.067    0.269    185.7  0.950E-04  0.131E-02
    1788.0  11/2 - 1788.0  11/2    1.7128            3.1685
    1788.0  11/2 -  477.2  13/2    0.0000    0.00    0.0000    0.00    0.954    4.538   1310.8  0.106E-10  0.517E-12
    2160.2  11/2 -  758.7   7/2    0.0265    3.89    0.0000    0.00    1.000    0.000   1401.5  0.175E+01  0.000E+00


    2160.2  11/2 -  951.5   7/2    0.4413   64.80    0.0000    0.00    1.000    0.000   1208.8  0.139E+02  0.000E+00
    2160.2  11/2 - 1012.3   7/2    7.0199 1030.92    0.0000    0.00    1.000    0.000   1147.9  0.171E+03  0.000E+00
    2160.2  11/2 - 1011.4   9/2    1.9329  283.86    0.0041    2.30    0.998   20.710   1148.9  0.472E+02  0.110E+00
    2160.2  11/2 - 1330.5   9/2    0.0018    0.26    0.0082    4.60    0.092    0.319    829.8  0.840E-02  0.828E-01
    2160.2  11/2 - 1488.7   9/2    6.8465 1005.45    0.2619  146.26    0.891   -2.859    671.5  0.114E+02  0.140E+01


    2160.2  11/2 - 1602.3  11/2    0.9113  133.83    0.3139  175.34    0.385   -0.791    557.9  0.601E+00  0.960E+00
    2160.2  11/2 - 1788.0  11/2    0.0024    0.35    0.0052    2.92    0.042    0.209    372.3  0.207E-03  0.474E-02
    2160.2  11/2 - 2160.2  11/2   10.4526            2.3865
    2160.2  11/2 -  477.2  13/2    0.0000    0.00    0.0000    0.00    0.978   -6.685   1683.0  0.290E-10  0.648E-12
    2160.2  11/2 - 1956.2  13/2    8.3823 1231.00    0.1724   96.29    0.584    1.184    204.0  0.362E-01  0.258E-01


     477.2  13/2 -  477.2  13/2  -15.1395            8.1940
    1956.2  13/2 - 1011.4   9/2   25.3604 3724.35    0.0000    0.00    1.000    0.000    944.8  0.233E+03  0.000E+00
    1956.2  13/2 - 1330.5   9/2    0.0147    2.16    0.0000    0.00    1.000    0.000    625.8  0.172E-01  0.000E+00
    1956.2  13/2 - 1488.7   9/2    0.0027    0.40    0.0000    0.00    1.000    0.000    467.5  0.745E-03  0.000E+00
    1956.2  13/2 - 1602.3  11/2    1.8399  270.21    0.9998  558.38    0.138   -0.400    353.9  0.125E+00  0.780E+00


    1956.2  13/2 - 1788.0  11/2    0.2029   29.80    0.0368   20.53    0.098   -0.329    168.2  0.334E-03  0.308E-02
    1956.2  13/2 -  477.2  13/2    0.0000    0.00    0.0000    0.00    0.000   -0.005   1479.0  0.657E-16  0.218E-11
    1956.2  13/2 - 1956.2  13/2    0.4825            4.0541
    2378.1  13/2 - 1011.4   9/2    0.0110    1.61    0.0000    0.00    1.000    0.000   1366.7  0.639E+00  0.000E+00
    2378.1  13/2 - 1330.5   9/2   22.4453 3296.24    0.0000    0.00    1.000    0.000   1047.6  0.346E+03  0.000E+00


    2378.1  13/2 - 1488.7   9/2    0.0287    4.21    0.0000    0.00    1.000    0.000    889.4  0.195E+00  0.000E+00
    2378.1  13/2 - 1602.3  11/2    0.0005    0.08    0.0008    0.47    0.206   -0.509    775.8  0.180E-02  0.695E-02
    2378.1  13/2 - 1788.0  11/2    0.0609    8.94    0.0022    1.24    0.868    2.569    590.1  0.532E-01  0.805E-02
    2378.1  13/2 - 2160.2  11/2    0.0812   11.92    0.0002    0.10    0.936    3.825    217.8  0.486E-03  0.332E-04
    2378.1  13/2 -  477.2  13/2    0.0000    0.00    0.0000    0.00    0.811   -2.071   1900.9  0.484E-09  0.113E-09


    2378.1  13/2 - 1956.2  13/2    0.0019    0.28    0.0007    0.38    0.255   -0.585    421.9  0.311E-03  0.908E-03
    2378.1  13/2 - 2378.1  13/2    2.9544            1.9600

 TIME=  0.0 SEC
