 PARITY=+   EPS= 0.871   GAMMA= 20.0   EPS4=0.000   EPS6=0.000   LEVELS:  18  19  20  21  22
0   Z= 79   A=197   IQ=1   GSFAC= 0.75   GR=  0.40   MIN SPIN=  1/2   MAX SPIN= 13/2   KMAX= 13/2

 MICR QUADR MOMENTS:  Q0=4586.404  Q2=-295.352 FM**2


   B(E2) AND Q(E2) IN E2B2 AND EB,   B(M1) AND M(M1) INNM2 AND NM,   T(E2) AND T(M1) IN 1/PS

       E1     II      EF     IF     B(E2)             B(M1)              GD        D       EREL    T(E2)      T(M1)
                                             WU               MWU

     377.4   1/2 -  377.4   1/2    0.0000           -0.1608
    1008.5   1/2 -  377.4   1/2    0.0000    0.00    0.0000    0.00    0.000    0.000    631.1  0.000E+00  0.852E-14
    1008.5   1/2 - 1008.5   1/2    0.0000            0.0429
    1008.5   1/2 -  488.4   3/2    0.0000    0.00    0.0000    0.00    1.000 -164.100    520.2  0.509E-08  0.189E-12
    1008.5   1/2 -  796.3   3/2    0.0000    0.00    0.0000    0.00    1.000 -579.261    212.3  0.176E-10  0.528E-16


    1008.5   1/2 -  626.2   5/2    0.0000    0.00    0.0000    0.00    1.000    0.000    382.3  0.846E-08  0.000E+00
    1008.5   1/2 -  759.1   5/2    0.0000    0.00    0.0000    0.00    1.000    0.000    249.5  0.256E-09  0.000E+00
    1008.5   1/2 -  903.9   5/2    0.0000    0.00    0.0000    0.00    1.000    0.000    104.7  0.829E-14  0.000E+00
    1522.7   1/2 -  377.4   1/2    0.0000    0.00    0.0316   17.66    0.000    0.000   1145.3  0.000E+00  0.836E+00
    1522.7   1/2 - 1008.5   1/2    0.0000    0.00    0.0000    0.00    0.000    0.000    514.2  0.000E+00  0.312E-14


    1522.7   1/2 - 1522.7   1/2    0.0000           -0.3049
    1522.7   1/2 -  488.4   3/2    0.0367    5.39    0.0570   31.81    0.323   -0.691   1034.3  0.530E+00  0.111E+01
    1522.7   1/2 -  796.3   3/2    1.3232  194.32    0.5508  307.64    0.468   -0.937    726.5  0.327E+01  0.372E+01
    1522.7   1/2 - 1099.1   3/2    0.0000    0.00    0.0000    0.00    1.000 -206.877    423.6  0.148E-07  0.346E-12
    1522.7   1/2 -  626.2   5/2    0.0000    0.00    0.0000    0.00    1.000    0.000    896.5  0.867E-09  0.000E+00


    1522.7   1/2 -  759.1   5/2    0.0701   10.29    0.0000    0.00    1.000    0.000    763.7  0.222E+00  0.000E+00
    1522.7   1/2 -  903.9   5/2    0.3332   48.93    0.0000    0.00    1.000    0.000    618.9  0.369E+00  0.000E+00
     488.4   3/2 -  377.4   1/2   41.7068 6124.92    0.0747   41.70    0.827   -2.184    111.0  0.857E-02  0.180E-02
     488.4   3/2 -  488.4   3/2   -9.1239            0.4148
     796.3   3/2 -  377.4   1/2    0.0954   14.01    0.0472   26.36    0.197    0.496    418.9  0.150E-01  0.610E-01


     796.3   3/2 -  488.4   3/2    0.3933   57.75    0.0325   18.15    0.443   -0.892    307.9  0.133E-01  0.167E-01
     796.3   3/2 -  796.3   3/2    9.1364            1.8193
     796.3   3/2 -  626.2   5/2    0.0000    0.00    0.0000    0.00    0.885    2.770    170.1  0.181E-11  0.236E-12
     796.3   3/2 -  759.1   5/2    9.4288 1384.68    0.0643   35.90    0.124    0.375     37.2  0.823E-05  0.584E-04
    1099.1   3/2 -  377.4   1/2    0.0000    0.00    0.0000    0.00    1.000 -121.522    721.7  0.633E-08  0.429E-12


    1099.1   3/2 - 1008.5   1/2   16.7633 2461.80    0.0892   49.82    0.516    1.033     90.5  0.124E-02  0.117E-02
    1099.1   3/2 -  488.4   3/2    0.0000    0.00    0.0000    0.00    1.000    0.000    610.7  0.302E-08  0.426E-15
    1099.1   3/2 -  796.3   3/2    0.0000    0.00    0.0000    0.00    0.999  -30.902    302.8  0.289E-09  0.303E-12
    1099.1   3/2 - 1099.1   3/2   -0.3611            0.7410
    1099.1   3/2 -  626.2   5/2    0.0000    0.00    0.0000    0.00    1.000    0.000    472.9  0.151E-06  0.121E-21


    1099.1   3/2 -  759.1   5/2    0.0000    0.00    0.0000    0.00    0.953    4.515    340.0  0.842E-12  0.413E-13
    1099.1   3/2 -  903.9   5/2    0.0000    0.00    0.0000    0.00    1.000   97.189    195.2  0.251E-11  0.266E-15
    1099.1   3/2 -  986.3   7/2    0.0000    0.00    0.0000    0.00    1.000    0.000    112.8  0.157E-11  0.000E+00
     626.2   5/2 -  377.4   1/2    0.0000    0.00    0.0000    0.00    1.000    0.000    248.8  0.108E-11  0.000E+00
     626.2   5/2 -  488.4   3/2    0.0000    0.00    0.0000    0.00    0.994  -12.730    137.8  0.162E-13  0.998E-16


     626.2   5/2 -  626.2   5/2  -11.4995            4.6753
     626.2   5/2 -   52.8   9/2   80.992211894.25    0.0000    0.00    1.000    0.000    573.4  0.612E+02  0.000E+00
     759.1   5/2 -  377.4   1/2   37.1299 5452.77    0.0000    0.00    1.000    0.000    381.6  0.367E+01  0.000E+00
     759.1   5/2 -  488.4   3/2    9.3390 1371.50    0.1286   71.85    0.787   -1.920    270.7  0.166E+00  0.449E-01
     759.1   5/2 -  626.2   5/2    0.0000    0.00    0.0000    0.00    0.039    0.200    132.8  0.176E-13  0.438E-12


     759.1   5/2 -  759.1   5/2   -8.7371            1.0795
     759.1   5/2 -   52.8   9/2    0.0000    0.00    0.0000    0.00    1.000    0.000    706.2  0.225E-10  0.000E+00
     903.9   5/2 -  377.4   1/2    0.7573  111.21    0.0000    0.00    1.000    0.000    526.5  0.374E+00  0.000E+00
     903.9   5/2 -  488.4   3/2    1.5350  225.43    0.0201   11.20    0.902   -3.026    415.5  0.232E+00  0.253E-01
     903.9   5/2 -  796.3   3/2   10.4614 1536.33    0.0232   12.94    0.784    1.903    107.6  0.184E-02  0.508E-03


     903.9   5/2 -  626.2   5/2    0.0000    0.00    0.0000    0.00    0.506   -1.013    277.7  0.347E-12  0.338E-12
     903.9   5/2 -  759.1   5/2   15.4863 2274.26    0.0401   22.41    0.849   -2.369    144.8  0.120E-01  0.215E-02
     903.9   5/2 -  903.9   5/2   12.3505            0.7530
     903.9   5/2 -   52.8   9/2    0.0000    0.00    0.0000    0.00    1.000    0.000    851.0  0.121E-10  0.000E+00
     986.3   7/2 -  488.4   3/2   43.4166 6376.02    0.0000    0.00    1.000    0.000    497.9  0.162E+02  0.000E+00


     986.3   7/2 -  796.3   3/2    1.3590  199.57    0.0000    0.00    1.000    0.000    190.0  0.410E-02  0.000E+00
     986.3   7/2 -  626.2   5/2    0.0000    0.00    0.0000    0.00    0.715   -1.583    360.0  0.194E-10  0.773E-11
     986.3   7/2 -  759.1   5/2    6.4783  951.38    0.0527   29.42    0.815   -2.098    227.2  0.479E-01  0.109E-01
     986.3   7/2 -  903.9   5/2   15.0568 2211.19    0.0001    0.03    0.999  -35.638     82.4  0.697E-03  0.549E-06
     986.3   7/2 -  986.3   7/2  -10.1834            1.1461


     986.3   7/2 -   52.8   9/2    0.0000    0.00    0.0000    0.00    0.983    7.566    933.4  0.663E-09  0.116E-10
    1322.3   7/2 -  488.4   3/2    9.9996 1468.51    0.0000    0.00    1.000    0.000    833.9  0.492E+02  0.000E+00
    1322.3   7/2 -  796.3   3/2    1.0060  147.74    0.0000    0.00    1.000    0.000    526.0  0.494E+00  0.000E+00
    1322.3   7/2 - 1099.1   3/2    0.0000    0.00    0.0000    0.00    1.000    0.000    223.2  0.266E-12  0.000E+00
    1322.3   7/2 -  626.2   5/2    0.0000    0.00    0.0000    0.00    0.877   -2.670    696.1  0.864E-11  0.121E-11


    1322.3   7/2 -  759.1   5/2    0.2516   36.95    0.0076    4.22    0.880    2.705    563.2  0.174E+00  0.238E-01
    1322.3   7/2 -  903.9   5/2   53.7310 7890.77    0.0145    8.07    0.998  -21.240    418.4  0.841E+01  0.186E-01
    1322.3   7/2 -  986.3   7/2   12.7599 1873.88    0.0021    1.17    0.998  -21.796    336.0  0.667E+00  0.140E-02
    1322.3   7/2 - 1322.3   7/2   -2.6228            1.1998
    1322.3   7/2 -   52.8   9/2    0.0000    0.00    0.0000    0.00    0.975    6.247   1269.5  0.334E-10  0.855E-12


    1322.3   7/2 - 1180.8  11/2    0.0000    0.00    0.0000    0.00    1.000    0.000    141.5  0.457E-14  0.000E+00
    1391.7   7/2 -  488.4   3/2    0.3999   58.73    0.0000    0.00    1.000    0.000    903.3  0.293E+01  0.000E+00
    1391.7   7/2 -  796.3   3/2   27.8409 4088.62    0.0000    0.00    1.000    0.000    595.4  0.254E+02  0.000E+00
    1391.7   7/2 - 1099.1   3/2    0.0000    0.00    0.0000    0.00    1.000    0.000    292.6  0.271E-11  0.000E+00
    1391.7   7/2 -  626.2   5/2    0.0000    0.00    0.0000    0.00    0.941    3.999    765.5  0.102E-08  0.636E-10


    1391.7   7/2 -  759.1   5/2    4.8418  711.05    0.0019    1.09    0.999  -26.268    632.7  0.599E+01  0.868E-02
    1391.7   7/2 -  903.9   5/2    0.0469    6.89    0.0706   39.44    0.099    0.331    487.8  0.158E-01  0.144E+00
    1391.7   7/2 -  986.3   7/2    0.0388    5.69    0.0011    0.64    0.794    1.962    405.5  0.518E-02  0.135E-02
    1391.7   7/2 - 1322.3   7/2    2.6099  383.28    0.0477   26.65    0.154   -0.427     69.4  0.513E-04  0.281E-03
    1391.7   7/2 - 1391.7   7/2   -8.1138            2.3242


    1391.7   7/2 -   52.8   9/2    0.0000    0.00    0.0000    0.00    0.990   10.206   1338.9  0.174E-08  0.167E-10
    1391.7   7/2 - 1180.8  11/2    0.0000    0.00    0.0000    0.00    1.000    0.000    210.9  0.762E-12  0.000E+00
      52.8   9/2 -   52.8   9/2  -16.3232            5.9467
      52.8   9/2 -    0.0  13/2   78.473511524.37    0.0000    0.00    1.000    0.000     52.8  0.394E-03  0.000E+00
    1395.1   9/2 -  626.2   5/2    0.0000    0.00    0.0000    0.00    1.000    0.000    768.9  0.155E-10  0.000E+00


    1395.1   9/2 -  759.1   5/2   52.1955 7665.26    0.0000    0.00    1.000    0.000    636.1  0.663E+02  0.000E+00
    1395.1   9/2 -  903.9   5/2    0.0178    2.61    0.0000    0.00    1.000    0.000    491.2  0.621E-02  0.000E+00
    1395.1   9/2 -  986.3   7/2    6.4412  945.93    0.1801  100.60    0.806   -2.036    408.8  0.898E+00  0.217E+00
    1395.1   9/2 - 1322.3   7/2    5.4526  800.76    0.0001    0.08    0.993   11.951     72.8  0.136E-03  0.953E-06
    1395.1   9/2 - 1391.7   7/2    9.8517 1446.78    0.0507   28.34    0.002    0.039      3.4  0.542E-10  0.350E-07


    1395.1   9/2 -   52.8   9/2    0.0000    0.00    0.0000    0.00    0.436   -0.879   1342.3  0.498E-10  0.644E-10
    1395.1   9/2 - 1395.1   9/2  -11.5987            2.0369
    1395.1   9/2 - 1180.8  11/2    0.0000    0.00    0.0000    0.00    0.663   -1.404    214.3  0.153E-12  0.775E-13
    1395.1   9/2 -    0.0  13/2    0.0000    0.00    0.0000    0.00    1.000    0.000   1395.1  0.273E-08  0.000E+00
    1685.5   9/2 -  626.2   5/2    0.0000    0.00    0.0000    0.00    1.000    0.000   1059.3  0.215E-08  0.000E+00


    1685.5   9/2 -  759.1   5/2    1.2425  182.46    0.0000    0.00    1.000    0.000    926.5  0.103E+02  0.000E+00
    1685.5   9/2 -  903.9   5/2   24.5926 3611.59    0.0000    0.00    1.000    0.000    781.6  0.875E+02  0.000E+00
    1685.5   9/2 -  986.3   7/2    6.5376  960.09    0.0325   18.17    0.986    8.252    699.2  0.133E+02  0.196E+00
    1685.5   9/2 - 1322.3   7/2   37.1061 5449.28    0.0163    9.13    0.995  -14.408    363.2  0.286E+01  0.138E-01
    1685.5   9/2 - 1391.7   7/2    3.3548  492.68    0.0871   48.65    0.697    1.518    293.8  0.896E-01  0.389E-01


    1685.5   9/2 -   52.8   9/2    0.0000    0.00    0.0000    0.00    0.589   -1.197   1632.7  0.658E-10  0.460E-10
    1685.5   9/2 - 1395.1   9/2    2.2455  329.77    0.0527   29.45    0.713   -1.578    290.4  0.566E-01  0.227E-01
    1685.5   9/2 - 1685.5   9/2   -7.6678            1.8025
    1685.5   9/2 - 1180.8  11/2    0.0000    0.00    0.0000    0.00    0.897    2.952    504.7  0.109E-10  0.125E-11
    1685.5   9/2 -    0.0  13/2    0.0000    0.00    0.0000    0.00    1.000    0.000   1685.5  0.228E-08  0.000E+00


    1180.8  11/2 -  986.3   7/2    0.0000    0.00    0.0000    0.00    1.000    0.000    194.5  0.289E-12  0.000E+00
    1180.8  11/2 -   52.8   9/2   12.9216 1897.62    1.0521  587.60    0.915   -3.291   1127.9  0.288E+03  0.266E+02
    1180.8  11/2 - 1180.8  11/2  -12.2380            5.4720
    1180.8  11/2 -    0.0  13/2    5.9814  878.41    0.2443  136.46    0.959    4.864   1180.8  0.167E+03  0.708E+01
    1742.3  11/2 -  986.3   7/2   57.1641 8394.94    0.0000    0.00    1.000    0.000    756.0  0.172E+03  0.000E+00


    1742.3  11/2 - 1322.3   7/2    0.0226    3.31    0.0000    0.00    1.000    0.000    420.0  0.360E-02  0.000E+00
    1742.3  11/2 - 1391.7   7/2    0.8745  128.43    0.0000    0.00    1.000    0.000    350.5  0.565E-01  0.000E+00
    1742.3  11/2 -   52.8   9/2    0.0000    0.00    0.0000    0.00    0.958   -4.801   1689.4  0.249E-08  0.108E-09
    1742.3  11/2 - 1395.1   9/2    4.1692  612.28    0.0449   25.09    0.886   -2.784    347.2  0.256E+00  0.331E-01
    1742.3  11/2 - 1685.5   9/2   14.6413 2150.17    0.0025    1.37    0.930    3.646     56.7  0.105E-03  0.791E-05


    1742.3  11/2 - 1180.8  11/2    0.0000    0.00    0.0000    0.00    0.064   -0.262    561.5  0.834E-12  0.121E-10
    1742.3  11/2 - 1742.3  11/2  -12.8858            1.9257
    1742.3  11/2 -    0.0  13/2    0.0000    0.00    0.0000    0.00    0.966    5.356   1742.3  0.101E-08  0.352E-10
    2278.7  11/2 -  986.3   7/2    0.0529    7.77    0.0000    0.00    1.000    0.000   1292.4  0.233E+01  0.000E+00
    2278.7  11/2 - 1322.3   7/2    1.3927  204.52    0.0000    0.00    1.000    0.000    956.4  0.136E+02  0.000E+00


    2278.7  11/2 - 1391.7   7/2   47.7423 7011.28    0.0000    0.00    1.000    0.000    886.9  0.320E+03  0.000E+00
    2278.7  11/2 -   52.8   9/2    0.0000    0.00    0.0000    0.00    0.959    4.827   2225.8  0.435E-09  0.186E-10
    2278.7  11/2 - 1395.1   9/2    6.6189  972.02    0.0007    0.40    1.000   70.878    883.5  0.435E+02  0.866E-02
    2278.7  11/2 - 1685.5   9/2    0.0735   10.80    0.3040  169.76    0.056   -0.243    593.1  0.658E-01  0.112E+01
    2278.7  11/2 - 1180.8  11/2    0.0000    0.00    0.0000    0.00    0.997  -19.072   1097.9  0.393E-10  0.108E-12


    2278.7  11/2 - 1742.3  11/2    0.2460   36.13    0.0010    0.58    0.979   -6.863    536.4  0.133E+00  0.283E-02
    2278.7  11/2 - 2278.7  11/2  -11.8159            3.0729
    2278.7  11/2 -    0.0  13/2    0.0000    0.00    0.0000    0.00    0.996   16.192   2278.7  0.873E-09  0.333E-11
       0.0  13/2 -    0.0  13/2  -18.8121            6.9464
    2288.2  13/2 -   52.8   9/2    0.0000    0.00    0.0000    0.00    1.000    0.000   2235.3  0.696E-08  0.000E+00


    2288.2  13/2 - 1395.1   9/2   62.7787 9219.47    0.0000    0.00    1.000    0.000    893.1  0.435E+03  0.000E+00
    2288.2  13/2 - 1685.5   9/2    0.1098   16.12    0.0000    0.00    1.000    0.000    602.7  0.106E+00  0.000E+00
    2288.2  13/2 - 1180.8  11/2    0.0000    0.00    0.0000    0.00    0.931   -3.682   1107.4  0.182E-08  0.134E-09
    2288.2  13/2 - 1742.3  11/2    3.6448  535.27    0.2234  124.75    0.771   -1.836    545.9  0.216E+01  0.640E+00
    2288.2  13/2 - 2278.7  11/2    9.2401 1356.98    0.0409   22.82    0.014    0.119      9.5  0.874E-08  0.617E-06


    2288.2  13/2 -    0.0  13/2    0.0000    0.00    0.0000    0.00    0.205    0.507   2288.2  0.657E-10  0.255E-09
    2288.2  13/2 - 2288.2  13/2  -13.8559            2.9503
    2370.5  13/2 -   52.8   9/2    0.9321  136.89    0.0000    0.00    1.000    0.000   2317.6  0.760E+03  0.000E+00
    2370.5  13/2 - 1395.1   9/2    0.0000    0.00    0.0000    0.00    1.000    0.000    975.4  0.415E-08  0.000E+00
    2370.5  13/2 - 1685.5   9/2    0.0000    0.00    0.0000    0.00    1.000    0.000    685.0  0.154E-12  0.000E+00


    2370.5  13/2 - 1180.8  11/2   18.9900 2788.81    1.4964  835.73    0.926   -3.529   1189.7  0.552E+03  0.443E+02
    2370.5  13/2 - 1742.3  11/2    0.0000    0.00    0.0000    0.00    0.829    2.204    628.2  0.209E-12  0.430E-13
    2370.5  13/2 - 2278.7  11/2    0.0000    0.00    0.0000    0.00    0.767    1.812     91.8  0.836E-14  0.255E-14
    2370.5  13/2 -    0.0  13/2    0.1083   15.90    0.0786   43.88    0.843    2.317   2370.5  0.989E+02  0.184E+02
    2370.5  13/2 - 2288.2  13/2    0.0000    0.00    0.0000    0.00    0.003    0.053     82.3  0.236E-15  0.824E-13


    2370.5  13/2 - 2370.5  13/2  -10.7908            5.2465

 TIME=  0.0 SEC
