 PARITY=+   EPS= 0.420   GAMMA= 50.8   EPS4=0.000   EPS6=0.000   LEVELS:  18  19  20  21  22
0   Z= 79   A=197   IQ=1   GSFAC= 0.75   GR=  0.40   MIN SPIN=  1/2   MAX SPIN= 13/2   KMAX= 13/2

 MICR QUADR MOMENTS:  Q0= 782.524  Q2=-553.979 FM**2


   B(E2) AND Q(E2) IN E2B2 AND EB,   B(M1) AND M(M1) INNM2 AND NM,   T(E2) AND T(M1) IN 1/PS

       E1     II      EF     IF     B(E2)             B(M1)              GD        D       EREL    T(E2)      T(M1)
                                             WU               MWU

     351.4   1/2 -  351.4   1/2    0.0000            1.3107
     434.3   3/2 -  351.4   1/2    0.9144  134.29    0.0150    8.37    0.225    0.539     82.9  0.436E-04  0.150E-03
     434.3   3/2 -  434.3   3/2   -0.9147            0.6539
     454.9   3/2 -  351.4   1/2    1.3579  199.42    0.0158    8.84    0.389   -0.798    103.5  0.197E-03  0.309E-03
     454.9   3/2 -  434.3   3/2    1.8614  273.36    0.0083    4.65    0.062   -0.257     20.6  0.848E-07  0.129E-05


     454.9   3/2 -  454.9   3/2    0.8769           -0.0148
    1297.4   3/2 -  351.4   1/2    0.0183    2.69    0.0379   21.17    0.231   -0.548    946.0  0.170E+00  0.565E+00
    1297.4   3/2 -  434.3   3/2    0.0175    2.57    0.0738   41.22    0.109   -0.350    863.1  0.102E+00  0.835E+00
    1297.4   3/2 -  454.9   3/2    0.0494    7.25    0.0175    9.77    0.581   -1.178    842.5  0.256E+00  0.184E+00
    1297.4   3/2 - 1297.4   3/2   -2.0918            1.5953


    1297.4   3/2 -  690.5   5/2    0.0005    0.08    0.0229   12.82    0.006   -0.077    606.8  0.533E-03  0.903E-01
    1297.4   3/2 -  763.3   5/2    0.0804   11.81    0.0099    5.52    0.617   -1.268    534.1  0.426E-01  0.265E-01
    1297.4   3/2 -  977.5   7/2    0.0081    1.19    0.0000    0.00    1.000    0.000    319.8  0.332E-03  0.000E+00
    1297.4   3/2 - 1053.1   7/2    0.0058    0.85    0.0000    0.00    1.000    0.000    244.2  0.614E-04  0.000E+00
     690.5   5/2 -  351.4   1/2    0.0035    0.51    0.0000    0.00    1.000    0.000    339.1  0.190E-03  0.000E+00


     690.5   5/2 -  434.3   3/2    2.4318  357.12    0.0093    5.18    0.923    3.454    256.3  0.328E-01  0.275E-02
     690.5   5/2 -  454.9   3/2    1.4855  218.16    0.0131    7.34    0.813   -2.086    235.7  0.132E-01  0.303E-02
     690.5   5/2 -  690.5   5/2    0.7539            0.9777
     763.3   5/2 -  351.4   1/2    2.2321  327.79    0.0000    0.00    1.000    0.000    411.9  0.323E+00  0.000E+00
     763.3   5/2 -  434.3   3/2    0.1837   26.98    0.2051  114.55    0.063   -0.259    329.0  0.864E-02  0.129E+00


     763.3   5/2 -  454.9   3/2    0.4903   72.00    0.2607  145.58    0.110   -0.352    308.4  0.167E-01  0.135E+00
     763.3   5/2 -  690.5   5/2    0.0109    1.60    0.0299   16.69    0.001    0.037     72.7  0.270E-06  0.202E-03
     763.3   5/2 -  763.3   5/2    2.9820            2.1720
    1559.2   5/2 -  351.4   1/2    0.0541    7.95    0.0000    0.00    1.000    0.000   1207.8  0.170E+01  0.000E+00
    1559.2   5/2 -  434.3   3/2    0.0014    0.21    0.0041    2.26    0.233    0.551   1124.9  0.308E-01  0.102E+00


    1559.2   5/2 -  454.9   3/2    0.0011    0.17    0.0623   34.77    0.015    0.124   1104.3  0.225E-01  0.148E+01
    1559.2   5/2 - 1297.4   3/2    3.7097  544.79    0.2116  118.16    0.454   -0.913    261.8  0.557E-01  0.668E-01
    1559.2   5/2 -  690.5   5/2    0.0009    0.13    0.0074    4.13    0.058   -0.247    868.6  0.522E-02  0.854E-01
    1559.2   5/2 -  763.3   5/2    0.0349    5.13    0.0216   12.08    0.415   -0.842    795.9  0.136E+00  0.192E+00
    1559.2   5/2 - 1559.2   5/2    0.8060            1.6900


    1559.2   5/2 -  977.5   7/2    0.0299    4.39    0.0654   36.50    0.097   -0.327    581.7  0.243E-01  0.226E+00
    1559.2   5/2 - 1053.1   7/2    0.0202    2.97    0.0035    1.93    0.509    1.018    506.0  0.818E-02  0.789E-02
    1559.2   5/2 - 1484.9   9/2    0.0000    0.00    0.0000    0.00    1.000    0.000     74.3  0.725E-09  0.000E+00
    1559.2   5/2 - 1554.3   9/2    0.0281    4.13    0.0000    0.00    1.000    0.000      4.9  0.933E-12  0.000E+00
     977.5   7/2 -  434.3   3/2    1.8594  273.07    0.0000    0.00    1.000    0.000    543.3  0.107E+01  0.000E+00


     977.5   7/2 -  454.9   3/2    0.8845  129.89    0.0000    0.00    1.000    0.000    522.6  0.421E+00  0.000E+00
     977.5   7/2 -  690.5   5/2    0.5564   81.71    0.0075    4.16    0.810   -2.065    287.0  0.132E-01  0.310E-02
     977.5   7/2 -  763.3   5/2    0.3352   49.23    0.0000    0.02    0.997   19.525    214.3  0.185E-02  0.484E-05
     977.5   7/2 -  977.5   7/2    3.0274            1.1361
     977.5   7/2 -  227.2  11/2    0.0000    0.00    0.0000    0.00    1.000    0.000    750.3  0.324E-11  0.000E+00


    1053.1   7/2 -  434.3   3/2    0.2882   42.33    0.0000    0.00    1.000    0.000    618.9  0.319E+00  0.000E+00
    1053.1   7/2 -  454.9   3/2    1.5034  220.79    0.0000    0.00    1.000    0.000    598.3  0.141E+01  0.000E+00
    1053.1   7/2 -  690.5   5/2    1.8824  276.44    0.0034    1.92    0.980    7.058    362.6  0.144E+00  0.289E-02
    1053.1   7/2 -  763.3   5/2    0.0272    3.99    0.0191   10.65    0.077   -0.288    289.9  0.679E-03  0.817E-02
    1053.1   7/2 -  977.5   7/2    0.1022   15.00    0.0567   31.66    0.007   -0.085     75.6  0.308E-05  0.431E-03


    1053.1   7/2 - 1053.1   7/2    2.5633            1.0274
    1053.1   7/2 -  227.2  11/2    0.0000    0.00    0.0000    0.00    1.000    0.000    825.9  0.415E-11  0.000E+00
    1915.4   7/2 -  434.3   3/2    0.0126    1.85    0.0000    0.00    1.000    0.000   1481.1  0.110E+01  0.000E+00
    1915.4   7/2 -  454.9   3/2    0.0290    4.25    0.0000    0.00    1.000    0.000   1460.5  0.235E+01  0.000E+00
    1915.4   7/2 - 1297.4   3/2    1.6063  235.90    0.0000    0.00    1.000    0.000    618.0  0.177E+01  0.000E+00


    1915.4   7/2 -  690.5   5/2    0.0000    0.01    0.0095    5.28    0.004    0.064   1224.8  0.125E-02  0.306E+00
    1915.4   7/2 -  763.3   5/2    0.0177    2.60    0.0079    4.39    0.674    1.439   1152.1  0.438E+00  0.211E+00
    1915.4   7/2 - 1559.2   5/2    2.3047  338.46    0.2532  141.42    0.445   -0.895    356.2  0.161E+00  0.201E+00
    1915.4   7/2 -  977.5   7/2    0.0081    1.19    0.0935   52.24    0.050   -0.229    937.8  0.715E-01  0.136E+01
    1915.4   7/2 - 1053.1   7/2    0.0073    1.08    0.0089    4.96    0.299   -0.653    862.2  0.427E-01  0.100E+00


    1915.4   7/2 - 1915.4   7/2    2.0935            1.7737
    1915.4   7/2 - 1484.9   9/2    0.0004    0.07    0.0282   15.72    0.002   -0.045    430.5  0.802E-04  0.395E-01
    1915.4   7/2 - 1554.3   9/2    0.0741   10.88    0.0255   14.27    0.208   -0.512    361.1  0.555E-02  0.212E-01
    1915.4   7/2 -  227.2  11/2    0.0000    0.00    0.0000    0.00    1.000    0.000   1688.2  0.102E-09  0.000E+00
    1915.4   7/2 - 1895.1  11/2    0.0077    1.13    0.0000    0.00    1.000    0.000     20.3  0.325E-09  0.000E+00


    1484.9   9/2 -  690.5   5/2    2.4264  356.33    0.0000    0.00    1.000    0.000    794.3  0.936E+01  0.000E+00
    1484.9   9/2 -  763.3   5/2    0.1001   14.69    0.0000    0.00    1.000    0.000    721.6  0.239E+00  0.000E+00
    1484.9   9/2 -  977.5   7/2    0.1594   23.40    0.0479   26.76    0.372    0.770    507.3  0.653E-01  0.110E+00
    1484.9   9/2 - 1053.1   7/2    1.4404  211.53    0.0044    2.48    0.977   -6.475    431.7  0.264E+00  0.629E-02
    1484.9   9/2 - 1484.9   9/2    2.8107            1.7219


    1484.9   9/2 -  227.2  11/2    0.0000    0.00    0.0000    0.00    1.000   45.968   1257.6  0.600E-10  0.284E-13
    1484.9   9/2 -    0.0  13/2    0.0000    0.00    0.0000    0.00    1.000    0.000   1484.9  0.185E-11  0.000E+00
    1484.9   9/2 - 1024.8  13/2    0.0000    0.00    0.0000    0.00    1.000    0.000    460.1  0.572E-13  0.000E+00
    1554.3   9/2 -  690.5   5/2    0.0419    6.16    0.0000    0.00    1.000    0.000    863.8  0.246E+00  0.000E+00
    1554.3   9/2 -  763.3   5/2    3.1147  457.42    0.0000    0.00    1.000    0.000    791.0  0.118E+02  0.000E+00


    1554.3   9/2 -  977.5   7/2    0.2168   31.84    0.4422  246.99    0.102   -0.336    576.8  0.169E+00  0.149E+01
    1554.3   9/2 - 1053.1   7/2    0.0085    1.24    0.0367   20.51    0.039   -0.200    501.2  0.327E-02  0.814E-01
    1554.3   9/2 - 1484.9   9/2    0.0017    0.25    0.0045    2.50    0.001    0.036     69.5  0.336E-07  0.264E-04
    1554.3   9/2 - 1554.3   9/2    3.7909            3.0791
    1554.3   9/2 -  227.2  11/2    0.0000    0.00    0.0000    0.00    0.999   32.898   1327.1  0.106E-10  0.981E-14


    1554.3   9/2 -    0.0  13/2    0.0000    0.00    0.0000    0.00    1.000    0.000   1554.3  0.327E-09  0.000E+00
    1554.3   9/2 - 1024.8  13/2    0.0000    0.00    0.0000    0.00    1.000    0.000    529.5  0.229E-10  0.000E+00
    2391.5   9/2 -  690.5   5/2    0.0000    0.00    0.0000    0.00    1.000    0.000   1700.9  0.118E-02  0.000E+00
    2391.5   9/2 -  763.3   5/2    0.0546    8.02    0.0000    0.00    1.000    0.000   1628.2  0.763E+01  0.000E+00
    2391.5   9/2 - 1559.2   5/2    2.4011  352.62    0.0000    0.00    1.000    0.000    832.3  0.117E+02  0.000E+00


    2391.5   9/2 -  977.5   7/2    0.0108    1.59    0.0332   18.55    0.311    0.671   1414.0  0.745E+00  0.165E+01
    2391.5   9/2 - 1053.1   7/2    0.0015    0.23    0.0349   19.49    0.052    0.235   1338.3  0.811E-01  0.147E+01
    2391.5   9/2 - 1915.4   7/2    1.4207  208.64    0.3338  186.45    0.401   -0.818    476.1  0.424E+00  0.634E+00
    2391.5   9/2 - 1484.9   9/2    0.0011    0.17    0.0006    0.31    0.538   -1.079    906.6  0.845E-02  0.725E-02
    2391.5   9/2 - 1554.3   9/2    0.0129    1.90    0.0085    4.77    0.424   -0.858    837.2  0.649E-01  0.882E-01


    2391.5   9/2 - 2391.5   9/2    2.8960            2.2085
    2391.5   9/2 -  227.2  11/2    0.0000    0.00    0.0000    0.00    1.000  -46.631   2164.3  0.221E-08  0.102E-11
    2391.5   9/2 - 1895.1  11/2    0.0169    2.49    0.0889   49.67    0.032   -0.180    496.4  0.623E-02  0.191E+00
    2391.5   9/2 - 2052.7  11/2    0.0237    3.48    0.0036    2.01    0.344    0.724    338.8  0.129E-02  0.246E-02
    2391.5   9/2 -    0.0  13/2    0.0000    0.00    0.0000    0.00    1.000    0.000   2391.5  0.473E-08  0.000E+00


    2391.5   9/2 - 1024.8  13/2    0.0000    0.00    0.0000    0.00    1.000    0.000   1366.7  0.445E-09  0.000E+00
     227.2  11/2 -  227.2  11/2   -6.6218            5.5131
     227.2  11/2 -    0.0  13/2    0.5874   86.26    0.1856  103.64    0.102    0.337    227.2  0.434E-02  0.383E-01
    1895.1  11/2 -  977.5   7/2    3.4585  507.91    0.0000    0.00    1.000    0.000    917.5  0.274E+02  0.000E+00
    1895.1  11/2 - 1053.1   7/2    0.0186    2.73    0.0000    0.00    1.000    0.000    841.9  0.958E-01  0.000E+00


    1895.1  11/2 - 1484.9   9/2    0.1694   24.88    0.0121    6.78    0.619   -1.276    410.2  0.240E-01  0.148E-01
    1895.1  11/2 - 1554.3   9/2    0.2222   32.63    0.0028    1.57    0.864   -2.523    340.8  0.125E-01  0.196E-02
    1895.1  11/2 -  227.2  11/2    0.0000    0.00    0.0000    0.00    0.881   -2.720   1667.9  0.234E-09  0.316E-10
    1895.1  11/2 - 1895.1  11/2    3.6740            1.8931
    1895.1  11/2 -    0.0  13/2    0.0000    0.00    0.0000    0.00    0.871   -2.595   1895.1  0.146E-09  0.216E-10


    1895.1  11/2 - 1024.8  13/2    0.0000    0.00    0.0000    0.00    0.318   -0.683    870.3  0.253E-10  0.542E-10
    2052.7  11/2 -  977.5   7/2    0.0074    1.09    0.0000    0.00    1.000    0.000   1075.2  0.130E+00  0.000E+00
    2052.7  11/2 - 1053.1   7/2    2.9089  427.19    0.0000    0.00    1.000    0.000    999.5  0.354E+02  0.000E+00
    2052.7  11/2 - 1915.4   7/2    0.0075    1.10    0.0000    0.00    1.000    0.000    137.3  0.448E-05  0.000E+00
    2052.7  11/2 - 1484.9   9/2    0.8810  129.38    0.0023    1.28    0.989    9.283    567.8  0.634E+00  0.736E-02


    2052.7  11/2 - 1554.3   9/2    0.0044    0.65    0.0188   10.48    0.039    0.202    498.4  0.166E-02  0.409E-01
    2052.7  11/2 -  227.2  11/2    0.0000    0.00    0.0000    0.00    0.994  -12.368   1825.5  0.428E-09  0.280E-11
    2052.7  11/2 - 1895.1  11/2    0.0285    4.19    0.0490   27.34    0.010   -0.100    157.6  0.339E-04  0.337E-02
    2052.7  11/2 - 2052.7  11/2    3.5868            1.9008
    2052.7  11/2 -    0.0  13/2    0.0000    0.00    0.0000    0.00    0.994  -13.048   2052.7  0.246E-09  0.145E-11


    2052.7  11/2 - 1024.8  13/2    0.0000    0.00    0.0000    0.00    0.958    4.789   1027.9  0.108E-09  0.470E-11
       0.0  13/2 -    0.0  13/2   -6.2852            7.4541
    1024.8  13/2 -  227.2  11/2    2.9403  431.81    0.8380  468.04    0.607   -1.244    797.5  0.116E+02  0.748E+01
    1024.8  13/2 -    0.0  13/2    0.1551   22.77    0.0213   11.89    0.841   -2.303   1024.8  0.214E+01  0.403E+00
    1024.8  13/2 - 1024.8  13/2   -4.2691            5.3640


    2661.1  13/2 - 1484.9   9/2    3.0794  452.23    0.0000    0.00    1.000    0.000   1176.2  0.846E+02  0.000E+00
    2661.1  13/2 - 1554.3   9/2    0.3450   50.67    0.0000    0.00    1.000    0.000   1106.7  0.699E+01  0.000E+00
    2661.1  13/2 - 2391.5   9/2    0.0001    0.01    0.0000    0.00    1.000    0.000    269.6  0.157E-05  0.000E+00
    2661.1  13/2 -  227.2  11/2    0.0000    0.00    0.0000    0.00    0.999  -30.969   2433.8  0.905E-09  0.944E-12
    2661.1  13/2 - 1895.1  11/2    0.0128    1.88    0.1601   89.40    0.031    0.180    766.0  0.411E-01  0.127E+01


    2661.1  13/2 - 2052.7  11/2    0.7458  109.52    0.0063    3.53    0.968   -5.505    608.4  0.758E+00  0.250E-01
    2661.1  13/2 -    0.0  13/2    0.0000    0.00    0.0000    0.00    0.952   -4.467   2661.1  0.549E-09  0.275E-10
    2661.1  13/2 - 1024.8  13/2    0.0000    0.00    0.0000    0.00    0.957   -4.691   1636.3  0.790E-09  0.359E-10
    2661.1  13/2 - 2661.1  13/2    3.4977            2.5749

 TIME=  0.0 SEC
