 PARITY=+   EPS= 0.957   GAMMA= 30.0   EPS4=0.000   EPS6=0.000   LEVELS:  18  19  20  21  22
0   Z= 79   A=197   IQ=1   GSFAC= 0.75   GR=  0.40   MIN SPIN=  1/2   MAX SPIN= 13/2   KMAX= 13/2

 MICR QUADR MOMENTS:  Q0=4621.192  Q2=-454.048 FM**2


   B(E2) AND Q(E2) IN E2B2 AND EB,   B(M1) AND M(M1) INNM2 AND NM,   T(E2) AND T(M1) IN 1/PS

       E1     II      EF     IF     B(E2)             B(M1)              GD        D       EREL    T(E2)      T(M1)
                                             WU               MWU

       0.0   1/2 -    0.0   1/2    0.0000            1.8894
     151.8   1/2 -    0.0   1/2    0.0000    0.00    0.0000    0.00    0.000    0.000    151.8  0.000E+00  0.122E-06
     151.8   1/2 -  151.8   1/2    0.0000            2.0096
     151.8   1/2 -  131.5   3/2    0.0154    2.25    0.0005    0.27    0.009   -0.096     20.2  0.633E-09  0.693E-07
     151.8   1/2 -   40.6   5/2   12.6108 1851.98    0.0000    0.00    1.000    0.000    111.2  0.262E-02  0.000E+00


     850.8   1/2 -    0.0   1/2    0.0000    0.00    0.0205   11.44    0.000    0.000    850.8  0.000E+00  0.222E+00
     850.8   1/2 -  151.8   1/2    0.0000    0.00    0.0041    2.27    0.000    0.000    699.1  0.000E+00  0.245E-01
     850.8   1/2 -  850.8   1/2    0.0000           -0.3281
     850.8   1/2 -  131.5   3/2    0.0144    2.12    0.0135    7.54    0.277   -0.619    719.3  0.339E-01  0.884E-01
     850.8   1/2 -  280.9   3/2    0.0432    6.34    0.0197   10.99    0.331    0.703    570.0  0.317E-01  0.641E-01


     850.8   1/2 -  351.4   3/2    0.0889   13.05    0.0351   19.59    0.305   -0.662    499.4  0.337E-01  0.769E-01
     850.8   1/2 -   40.6   5/2    0.0003    0.04    0.0000    0.00    1.000    0.000    810.3  0.128E-02  0.000E+00
     850.8   1/2 -  162.8   5/2    0.0000    0.00    0.0000    0.00    1.000    0.000    688.0  0.148E-04  0.000E+00
     850.8   1/2 -  305.4   5/2    0.1079   15.85    0.0000    0.00    1.000    0.000    545.4  0.635E-01  0.000E+00
     131.5   3/2 -    0.0   1/2   23.4979 3450.82    0.0070    3.93    0.976   -6.329    131.5  0.113E-01  0.282E-03


     131.5   3/2 -  131.5   3/2    2.9071           -0.3318
     131.5   3/2 -   40.6   5/2    0.0018    0.26    0.0024    1.34    0.004   -0.066     91.0  0.137E-06  0.318E-04
     280.9   3/2 -    0.0   1/2    0.2177   31.97    0.0001    0.06    0.990   10.170    280.9  0.464E-02  0.449E-04
     280.9   3/2 -  151.8   1/2   42.5492 6248.64    0.2117  118.26    0.699    1.524    129.1  0.186E-01  0.802E-02
     280.9   3/2 -  131.5   3/2    0.2785   40.90    0.0001    0.05    0.981    7.218    149.3  0.252E-03  0.484E-05


     280.9   3/2 -  280.9   3/2   -8.9325            0.1581
     280.9   3/2 -   40.6   5/2    0.0906   13.31    0.1181   65.97    0.030   -0.175    240.3  0.886E-03  0.288E-01
     280.9   3/2 -  162.8   5/2    0.0915   13.43    0.0031    1.75    0.220    0.531    118.0  0.256E-04  0.908E-04
     280.9   3/2 -  257.7   7/2   16.4107 2410.02    0.0000    0.00    1.000    0.000     23.2  0.133E-05  0.000E+00
     351.4   3/2 -    0.0   1/2   18.8980 2775.31    0.0017    0.97    0.999  -30.447    351.4  0.124E+01  0.133E-02


     351.4   3/2 -  151.8   1/2    0.3591   52.73    0.0022    1.21    0.821    2.143    199.6  0.139E-02  0.302E-03
     351.4   3/2 -  131.5   3/2   38.0305 5585.04    0.0042    2.35    0.997   17.393    219.8  0.238E+00  0.788E-03
     351.4   3/2 -  280.9   3/2    0.1232   18.10    0.0007    0.39    0.380   -0.783     70.5  0.262E-05  0.428E-05
     351.4   3/2 -  351.4   3/2   -2.9484           -0.4572
     351.4   3/2 -   40.6   5/2    0.0245    3.59    0.0016    0.91    0.502   -1.004    310.8  0.866E-03  0.860E-03


     351.4   3/2 -  162.8   5/2   11.3053 1660.27    0.5189  289.80    0.349    0.733    188.6  0.329E-01  0.612E-01
     351.4   3/2 -  305.4   5/2   22.6685 3329.03    0.6697  374.06    0.047   -0.223     46.0  0.567E-04  0.114E-02
     351.4   3/2 -  257.7   7/2    0.0340    4.99    0.0000    0.00    1.000    0.000     93.7  0.299E-05  0.000E+00
      40.6   5/2 -    0.0   1/2    0.0539    7.91    0.0000    0.00    1.000    0.000     40.6  0.721E-07  0.000E+00
      40.6   5/2 -   40.6   5/2   15.9145            3.1175


     162.8   5/2 -    0.0   1/2   41.9316 6157.94    0.0000    0.00    1.000    0.000    162.8  0.585E-01  0.000E+00
     162.8   5/2 -  151.8   1/2    0.0236    3.46    0.0000    0.00    1.000    0.000     11.1  0.477E-10  0.000E+00
     162.8   5/2 -  131.5   3/2    2.6397  387.65    0.6797  379.63    0.003    0.051     31.3  0.964E-06  0.366E-03
     162.8   5/2 -   40.6   5/2    0.1104   16.22    0.0000    0.01    0.990    9.914    122.3  0.368E-04  0.375E-06
     162.8   5/2 -  162.8   5/2  -10.8396            2.7221


     305.4   5/2 -    0.0   1/2    0.0289    4.25    0.0000    0.00    1.000    0.000    305.4  0.939E-03  0.000E+00
     305.4   5/2 -  151.8   1/2    0.0045    0.66    0.0000    0.00    1.000    0.000    153.7  0.471E-05  0.000E+00
     305.4   5/2 -  131.5   3/2   28.4029 4171.15    0.3698  206.52    0.617   -1.269    173.9  0.551E-01  0.342E-01
     305.4   5/2 -  280.9   3/2    0.1549   22.74    0.0023    1.26    0.028   -0.169     24.6  0.169E-07  0.591E-06
     305.4   5/2 -   40.6   5/2    0.0016    0.23    0.0000    0.00    0.987    8.552    264.9  0.251E-04  0.343E-06


     305.4   5/2 -  162.8   5/2   10.6531 1564.48    0.0010    0.56    0.993   12.245    142.6  0.766E-02  0.511E-04
     305.4   5/2 -  305.4   5/2    2.8712            2.1245
     305.4   5/2 -  257.7   7/2    0.0002    0.02    0.0012    0.69    0.000    0.015     47.7  0.502E-09  0.237E-05
     257.7   7/2 -  131.5   3/2    0.0000    0.01    0.0000    0.00    1.000    0.000    126.2  0.188E-07  0.000E+00
     257.7   7/2 -   40.6   5/2   67.3217 9886.64    0.3836  214.24    0.852    2.395    217.1  0.397E+00  0.691E-01


     257.7   7/2 -  162.8   5/2    0.0527    7.74    0.0005    0.26    0.411    0.835     94.9  0.495E-05  0.710E-05
     257.7   7/2 -  257.7   7/2    2.4280            2.7693
     367.5   7/2 -  131.5   3/2   39.8605 5853.78    0.0000    0.00    1.000    0.000    236.0  0.356E+00  0.000E+00
     367.5   7/2 -  280.9   3/2    0.0004    0.06    0.0000    0.00    1.000    0.000     86.7  0.262E-07  0.000E+00
     367.5   7/2 -  351.4   3/2    0.1477   21.69    0.0000    0.00    1.000    0.000     16.1  0.197E-08  0.000E+00


     367.5   7/2 -   40.6   5/2    0.0029    0.43    0.0000    0.02    0.870    2.582    327.0  0.134E-03  0.201E-04
     367.5   7/2 -  162.8   5/2    3.1487  462.40    0.0183   10.22    0.833   -2.235    204.7  0.138E-01  0.276E-02
     367.5   7/2 -  305.4   5/2   29.4005 4317.66    0.0608   33.98    0.564   -1.136     62.1  0.331E-03  0.256E-03
     367.5   7/2 -  257.7   7/2    0.0012    0.18    0.0001    0.05    0.101   -0.334    109.8  0.238E-06  0.213E-05
     367.5   7/2 -  367.5   7/2   -8.7175            1.0558


     367.5   7/2 -  317.7   9/2    0.0023    0.34    0.0020    1.13    0.002   -0.044     49.8  0.867E-08  0.440E-05
     567.7   7/2 -  131.5   3/2    3.2941  483.76    0.0000    0.00    1.000    0.000    436.2  0.635E+00  0.000E+00
     567.7   7/2 -  280.9   3/2    0.0074    1.09    0.0000    0.00    1.000    0.000    286.9  0.176E-03  0.000E+00
     567.7   7/2 -  351.4   3/2    7.6486 1123.25    0.0000    0.00    1.000    0.000    216.4  0.442E-01  0.000E+00
     567.7   7/2 -   40.6   5/2    0.0010    0.15    0.0002    0.09    0.560   -1.128    527.2  0.502E-03  0.394E-03


     567.7   7/2 -  162.8   5/2    3.4247  502.95    0.0017    0.96    0.996   15.037    404.9  0.455E+00  0.201E-02
     567.7   7/2 -  305.4   5/2   28.0175 4114.56    0.2350  131.24    0.850   -2.385    262.3  0.425E+00  0.746E-01
     567.7   7/2 -  257.7   7/2    0.0001    0.01    0.0000    0.01    0.328   -0.699    310.0  0.277E-05  0.567E-05
     567.7   7/2 -  367.5   7/2    0.0819   12.03    0.5824  325.28    0.004    0.063    200.2  0.322E-03  0.823E-01
     567.7   7/2 -  567.7   7/2    2.4119            2.0958


     567.7   7/2 -  317.7   9/2    0.0140    2.05    0.0000    0.01    0.973    5.986    250.1  0.167E-03  0.466E-05
     567.7   7/2 -  462.3   9/2   26.2167 3850.11    0.3518  196.50    0.365    0.758    105.5  0.417E-02  0.726E-02
     567.7   7/2 -  550.2   9/2    0.2759   40.51    0.0053    2.97    0.011    0.105     17.6  0.561E-08  0.506E-06
     317.7   9/2 -   40.6   5/2   13.9769 2052.60    0.0000    0.00    1.000    0.000    277.1  0.279E+00  0.000E+00
     317.7   9/2 -  162.8   5/2    0.0304    4.46    0.0000    0.00    1.000    0.000    154.8  0.330E-04  0.000E+00


     317.7   9/2 -  305.4   5/2    0.0056    0.83    0.0000    0.00    1.000    0.000     12.2  0.189E-10  0.000E+00
     317.7   9/2 -  257.7   7/2   12.2257 1795.43    0.2591  144.71    0.105    0.343     60.0  0.116E-03  0.983E-03
     317.7   9/2 -  317.7   9/2   16.1195            3.9278
     462.3   9/2 -   40.6   5/2    0.1033   15.16    0.0000    0.00    1.000    0.000    421.7  0.168E-01  0.000E+00
     462.3   9/2 -  162.8   5/2   47.9715 7044.94    0.0000    0.00    1.000    0.000    299.5  0.141E+01  0.000E+00


     462.3   9/2 -  305.4   5/2    5.6443  828.91    0.0000    0.00    1.000    0.000    156.9  0.654E-02  0.000E+00
     462.3   9/2 -  257.7   7/2    0.1709   25.10    0.0016    0.92    0.751    1.735    204.6  0.747E-03  0.248E-03
     462.3   9/2 -  367.5   7/2    3.0319  445.25    0.8493  474.36    0.022   -0.149     94.8  0.283E-03  0.127E-01
     462.3   9/2 -  317.7   9/2    0.7291  107.07    0.0003    0.16    0.974    6.127    144.6  0.563E-03  0.150E-04
     462.3   9/2 -  462.3   9/2   -9.8175            3.5220


     550.2   9/2 -   40.6   5/2   10.0342 1473.59    0.0000    0.00    1.000    0.000    509.6  0.421E+01  0.000E+00
     550.2   9/2 -  162.8   5/2    0.3249   47.72    0.0000    0.00    1.000    0.000    387.4  0.346E-01  0.000E+00
     550.2   9/2 -  305.4   5/2    0.0203    2.98    0.0000    0.00    1.000    0.000    244.8  0.218E-03  0.000E+00
     550.2   9/2 -  257.7   7/2   32.9863 4844.26    0.5312  296.66    0.786    1.919    292.5  0.861E+00  0.234E+00
     550.2   9/2 -  367.5   7/2    0.0284    4.17    0.0050    2.81    0.115   -0.361    182.7  0.704E-04  0.541E-03


     550.2   9/2 -  317.7   9/2   34.1801 5019.58    0.0391   21.85    0.970    5.722    232.5  0.283E+00  0.865E-02
     550.2   9/2 -  462.3   9/2    0.4003   58.79    0.0004    0.24    0.833    2.236     87.9  0.256E-04  0.512E-05
     550.2   9/2 -  550.2   9/2    2.8273            3.6475
     573.9  11/2 -  257.7   7/2   26.0186 3821.01    0.0000    0.00    1.000    0.000    316.2  0.100E+01  0.000E+00
     573.9  11/2 -  367.5   7/2    0.0002    0.03    0.0000    0.00    1.000    0.000    206.4  0.799E-06  0.000E+00


     573.9  11/2 -  567.7   7/2    0.0012    0.18    0.0000    0.00    1.000    0.000      6.1  0.133E-12  0.000E+00
     573.9  11/2 -  317.7   9/2   47.9236 7037.91    0.3698  206.53    0.855    2.428    256.2  0.646E+00  0.109E+00
     573.9  11/2 -  462.3   9/2    0.0935   13.73    0.0005    0.27    0.624    1.287    111.6  0.197E-04  0.119E-04
     573.9  11/2 -  550.2   9/2    0.8200  120.42    0.0199   11.13    0.016   -0.127     23.7  0.748E-07  0.467E-05
     573.9  11/2 -  573.9  11/2    3.9098            3.5689


     759.7  11/2 -  257.7   7/2    0.0006    0.09    0.0000    0.00    1.000    0.000    502.0  0.227E-03  0.000E+00
     759.7  11/2 -  367.5   7/2   56.6530 8319.88    0.0000    0.00    1.000    0.000    392.1  0.641E+01  0.000E+00
     759.7  11/2 -  567.7   7/2    3.3074  485.72    0.0000    0.00    1.000    0.000    191.9  0.105E-01  0.000E+00
     759.7  11/2 -  317.7   9/2    0.0007    0.10    0.0000    0.01    0.913    3.246    442.0  0.144E-03  0.137E-04
     759.7  11/2 -  462.3   9/2    0.1535   22.55    0.0120    6.73    0.439   -0.884    297.4  0.436E-02  0.558E-02


     759.7  11/2 -  550.2   9/2    0.0066    0.97    0.0003    0.18    0.379   -0.782    209.5  0.327E-04  0.534E-04
     759.7  11/2 -  573.9  11/2    0.0007    0.10    0.0000    0.02    0.356   -0.743    185.8  0.190E-05  0.344E-05
     759.7  11/2 -  759.7  11/2  -10.9785            1.3986
     976.5  11/2 -  257.7   7/2   13.9931 2054.99    0.0000    0.00    1.000    0.000    718.8  0.328E+02  0.000E+00
     976.5  11/2 -  367.5   7/2    0.0020    0.29    0.0000    0.00    1.000    0.000    609.0  0.202E-02  0.000E+00


     976.5  11/2 -  567.7   7/2    0.0011    0.16    0.0000    0.00    1.000    0.000    408.8  0.149E-03  0.000E+00
     976.5  11/2 -  317.7   9/2    3.7879  556.28    0.0010    0.56    0.999   33.773    658.8  0.574E+01  0.503E-02
     976.5  11/2 -  462.3   9/2    0.2942   43.20    0.0019    1.07    0.966    5.300    514.2  0.129E+00  0.459E-02
     976.5  11/2 -  550.2   9/2   34.9594 5134.03    0.3420  190.99    0.928    3.589    426.3  0.601E+01  0.466E+00
     976.5  11/2 -  573.9  11/2   17.6978 2599.04    0.2511  140.26    0.888    2.814    402.6  0.228E+01  0.288E+00


     976.5  11/2 -  759.7  11/2    0.0003    0.05    0.0001    0.07    0.081    0.296    216.8  0.185E-05  0.211E-04
     976.5  11/2 -  976.5  11/2   -1.5687            2.8989
     976.5  11/2 -  772.2  13/2    3.9658  582.41    0.1873  104.63    0.380   -0.783    204.3  0.172E-01  0.281E-01
     976.5  11/2 -  820.4  13/2    0.0000    0.00    0.0000    0.00    0.108   -0.347    156.1  0.192E-22  0.159E-21
     976.5  11/2 -  867.9  13/2    0.1162   17.06    0.0005    0.29    0.649   -1.361    108.6  0.215E-04  0.116E-04


     772.2  13/2 -  317.7   9/2   29.0504 4266.25    0.0000    0.00    1.000    0.000    454.5  0.688E+01  0.000E+00
     772.2  13/2 -  462.3   9/2    0.9412  138.23    0.0000    0.00    1.000    0.000    309.9  0.328E-01  0.000E+00
     772.2  13/2 -  550.2   9/2   12.3440 1812.80    0.0000    0.00    1.000    0.000    222.0  0.813E-01  0.000E+00
     772.2  13/2 -  573.9  11/2   35.4173 5201.27    0.7240  404.38    0.572    1.155    198.3  0.133E+00  0.994E-01
     772.2  13/2 -  759.7  11/2    0.0113    1.65    0.0122    6.81    0.000   -0.010     12.6  0.428E-10  0.425E-06


     772.2  13/2 -  772.2  13/2   -0.7632            4.2884
     820.4  13/2 -  317.7   9/2    0.0000    0.00    0.0000    0.00    1.000    0.000    502.8  0.155E-18  0.000E+00
     820.4  13/2 -  462.3   9/2    0.0000    0.00    0.0000    0.00    1.000    0.000    358.1  0.111E-20  0.000E+00
     820.4  13/2 -  550.2   9/2    0.0000    0.00    0.0000    0.00    1.000    0.000    270.2  0.157E-20  0.000E+00
     820.4  13/2 -  573.9  11/2    0.0000    0.00    0.0000    0.00    0.658    1.386    246.5  0.378E-20  0.197E-20


     820.4  13/2 -  759.7  11/2    0.0000    0.00    0.0000    0.00    0.002   -0.047     60.8  0.413E-26  0.183E-23
     820.4  13/2 -  772.2  13/2    0.0000    0.00    0.0000    0.00    0.018   -0.136     48.2  0.960E-24  0.516E-22
     820.4  13/2 -  820.4  13/2  -19.2472            7.5446
     867.9  13/2 -  317.7   9/2    0.0862   12.66    0.0000    0.00    1.000    0.000    550.2  0.530E-01  0.000E+00
     867.9  13/2 -  462.3   9/2   62.8908 9235.94    0.0000    0.00    1.000    0.000    405.6  0.842E+01  0.000E+00


     867.9  13/2 -  550.2   9/2    0.8092  118.84    0.0000    0.00    1.000    0.000    317.7  0.319E-01  0.000E+00
     867.9  13/2 -  573.9  11/2    0.3811   55.97    0.0077    4.28    0.749    1.726    294.0  0.102E-01  0.343E-02
     867.9  13/2 -  759.7  11/2    1.2476  183.22    1.0293  574.87    0.010   -0.099    108.2  0.226E-03  0.229E-01
     867.9  13/2 -  772.2  13/2    0.3214   47.20    0.0001    0.08    0.938   -3.878     95.6  0.314E-04  0.209E-05
     867.9  13/2 -  820.4  13/2    0.0000    0.00    0.0000    0.00    0.001   -0.037     47.4  0.578E-26  0.425E-23


     867.9  13/2 -  867.9  13/2  -11.3034            4.3186

 TIME=  0.0 SEC
