 PARITY=+   EPS= 0.870   GAMMA= 45.0   EPS4=0.000   EPS6=0.000   LEVELS:  18  19  20  21  22
0   Z= 79   A=197   IQ=1   GSFAC= 0.75   GR=  0.40   MIN SPIN=  1/2   MAX SPIN= 13/2   KMAX= 13/2

 MICR QUADR MOMENTS:  Q0=2378.061  Q2=-801.109 FM**2


   B(E2) AND Q(E2) IN E2B2 AND EB,   B(M1) AND M(M1) INNM2 AND NM,   T(E2) AND T(M1) IN 1/PS

       E1     II      EF     IF     B(E2)             B(M1)              GD        D       EREL    T(E2)      T(M1)
                                             WU               MWU

       0.0   1/2 -    0.0   1/2    0.0000            1.7811
     121.7   1/2 -    0.0   1/2    0.0000    0.00    0.0976   54.48    0.000    0.000    121.7  0.000E+00  0.309E-02
     121.7   1/2 -  121.7   1/2    0.0000            0.0491
     121.7   1/2 -  110.5   3/2    0.0927   13.61    0.0473   26.40    0.000    0.013     11.1  0.193E-09  0.115E-05
     110.5   3/2 -    0.0   1/2    9.4821 1392.50    0.0349   19.48    0.697   -1.517    110.5  0.191E-02  0.829E-03


     110.5   3/2 -  110.5   3/2    4.2801           -0.0547
     231.6   3/2 -    0.0   1/2    0.0280    4.11    0.0205   11.44    0.048   -0.225    231.6  0.228E-03  0.448E-02
     231.6   3/2 -  121.7   1/2   10.2816 1509.92    0.1800  100.54    0.324    0.692    109.9  0.201E-02  0.421E-02
     231.6   3/2 -  110.5   3/2    0.0060    0.88    0.0039    2.19    0.015   -0.125    121.0  0.191E-05  0.123E-03
     231.6   3/2 -  231.6   3/2    3.7813            0.3176


     231.6   3/2 -  198.5   5/2    0.0000    0.00    0.1328   74.14    0.000   -0.000     33.1  0.667E-11  0.848E-04
     677.6   3/2 -    0.0   1/2    0.1875   27.53    0.0141    7.87    0.809    2.057    677.6  0.327E+00  0.772E-01
     677.6   3/2 -  121.7   1/2    3.2886  482.96    0.4274  238.72    0.622    1.284    556.0  0.213E+01  0.129E+01
     677.6   3/2 -  110.5   3/2    0.4537   66.63    0.0256   14.30    0.798   -1.988    567.1  0.325E+00  0.822E-01
     677.6   3/2 -  231.6   3/2    6.3310  929.76    0.4337  242.24    0.668   -1.419    446.1  0.136E+01  0.677E+00


     677.6   3/2 -  677.6   3/2   -3.7604            1.1319
     677.6   3/2 -  198.5   5/2    0.0587    8.62    0.0034    1.87    0.736    1.668    479.2  0.181E-01  0.650E-02
     677.6   3/2 -  275.5   5/2    0.0554    8.13    0.0005    0.30    0.920    3.383    402.1  0.710E-02  0.621E-03
     677.6   3/2 -  331.4   5/2    2.2767  334.35    0.1155   64.53    0.621    1.280    346.2  0.138E+00  0.844E-01
     677.6   3/2 -  409.3   7/2    0.0387    5.68    0.0000    0.00    1.000    0.000    268.3  0.656E-03  0.000E+00


     677.6   3/2 -  515.0   7/2    0.1779   26.12    0.0000    0.00    1.000    0.000    162.6  0.247E-03  0.000E+00
     677.6   3/2 -  569.2   7/2    0.8363  122.82    0.0000    0.00    1.000    0.000    108.4  0.153E-03  0.000E+00
     198.5   5/2 -    0.0   1/2   12.7817 1877.08    0.0000    0.00    1.000    0.000    198.5  0.480E-01  0.000E+00
     198.5   5/2 -  121.7   1/2    0.0802   11.77    0.0000    0.00    1.000    0.000     76.8  0.262E-05  0.000E+00
     198.5   5/2 -  110.5   3/2    0.5817   85.43    0.9324  520.75    0.003   -0.058     87.9  0.373E-04  0.112E-01


     198.5   5/2 -  198.5   5/2    1.9414            2.5031
     275.5   5/2 -    0.0   1/2    0.3299   48.45    0.0000    0.00    1.000    0.000    275.5  0.639E-02  0.000E+00
     275.5   5/2 -  121.7   1/2    0.2398   35.21    0.0000    0.00    1.000    0.000    153.9  0.252E-03  0.000E+00
     275.5   5/2 -  110.5   3/2    6.1399  901.68    0.1436   80.21    0.446   -0.898    165.0  0.916E-02  0.114E-01
     275.5   5/2 -  231.6   3/2    0.1813   26.63    0.0170    9.50    0.014   -0.119     43.9  0.362E-06  0.254E-04


     275.5   5/2 -  198.5   5/2   13.5106 1984.13    0.0013    0.72    0.977   -6.583     77.0  0.447E-03  0.103E-04
     275.5   5/2 -  275.5   5/2   -3.6569            2.5284
     331.4   5/2 -    0.0   1/2    0.0411    6.04    0.0000    0.00    1.000    0.000    331.4  0.201E-02  0.000E+00
     331.4   5/2 -  121.7   1/2    9.3016 1366.00    0.0000    0.00    1.000    0.000    209.7  0.461E-01  0.000E+00
     331.4   5/2 -  110.5   3/2    0.0002    0.02    0.0653   36.45    0.000   -0.009    220.9  0.104E-05  0.124E-01


     331.4   5/2 -  231.6   3/2    2.2975  337.40    0.0405   22.61    0.282    0.626     99.8  0.278E-03  0.709E-03
     331.4   5/2 -  198.5   5/2    0.0335    4.92    0.0132    7.38    0.030    0.176    132.9  0.170E-04  0.546E-03
     331.4   5/2 -  275.5   5/2    0.0212    3.11    0.0126    7.02    0.004   -0.060     55.9  0.141E-06  0.386E-04
     331.4   5/2 -  331.4   5/2    6.0932            1.1034
     409.3   7/2 -  110.5   3/2   12.4215 1824.19    0.0000    0.00    1.000    0.000    298.8  0.361E+00  0.000E+00


     409.3   7/2 -  231.6   3/2    0.0799   11.73    0.0000    0.00    1.000    0.000    177.7  0.173E-03  0.000E+00
     409.3   7/2 -  198.5   5/2    0.4958   72.81    0.0707   39.49    0.178   -0.465    210.9  0.252E-02  0.117E-01
     409.3   7/2 -  275.5   5/2   11.4341 1679.17    0.0738   41.20    0.658   -1.387    133.8  0.598E-02  0.311E-02
     409.3   7/2 -  331.4   5/2    0.3143   46.16    0.0103    5.73    0.114    0.359     77.9  0.110E-04  0.855E-04
     409.3   7/2 -  409.3   7/2   -1.1153            1.5522


     515.0   7/2 -  110.5   3/2    2.0571  302.10    0.0000    0.00    1.000    0.000    404.5  0.272E+00  0.000E+00
     515.0   7/2 -  231.6   3/2    1.8646  273.83    0.0000    0.00    1.000    0.000    283.4  0.416E-01  0.000E+00
     515.0   7/2 -  198.5   5/2    1.2663  185.96    0.0003    0.17    0.997   17.027    316.5  0.491E-01  0.169E-03
     515.0   7/2 -  275.5   5/2    8.7868 1290.40    0.1061   59.25    0.767   -1.815    239.5  0.844E-01  0.256E-01
     515.0   7/2 -  331.4   5/2    0.0276    4.05    0.0920   51.40    0.007    0.084    183.6  0.702E-04  0.100E-01


     515.0   7/2 -  409.3   7/2    3.3151  486.84    0.2926  163.40    0.081   -0.296    105.7  0.533E-03  0.607E-02
     515.0   7/2 -  515.0   7/2    5.8259            1.6726
     569.2   7/2 -  110.5   3/2    0.1259   18.49    0.0000    0.00    1.000    0.000    458.7  0.312E-01  0.000E+00
     569.2   7/2 -  231.6   3/2   11.7702 1728.53    0.0000    0.00    1.000    0.000    337.6  0.630E+00  0.000E+00
     569.2   7/2 -  198.5   5/2    0.2518   36.98    0.0176    9.82    0.577   -1.168    370.7  0.215E-01  0.158E-01


     569.2   7/2 -  275.5   5/2    0.5458   80.15    0.0432   24.15    0.430   -0.869    293.7  0.145E-01  0.193E-01
     569.2   7/2 -  331.4   5/2    2.2800  334.83    0.2311  129.07    0.279    0.622    237.8  0.212E-01  0.547E-01
     569.2   7/2 -  409.3   7/2    0.2108   30.95    0.0876   48.95    0.041   -0.206    159.9  0.269E-03  0.630E-02
     569.2   7/2 -  515.0   7/2    0.3280   48.17    0.0081    4.54    0.076   -0.287     54.2  0.187E-05  0.228E-04
     569.2   7/2 -  569.2   7/2    5.4059            1.5109


     575.2   9/2 -  198.5   5/2   16.8219 2470.41    0.0000    0.00    1.000    0.000    376.7  0.156E+01  0.000E+00
     575.2   9/2 -  275.5   5/2    0.0101    1.49    0.0000    0.00    1.000    0.000    299.7  0.299E-03  0.000E+00
     575.2   9/2 -  331.4   5/2    0.0891   13.08    0.0000    0.00    1.000    0.000    243.8  0.936E-03  0.000E+00
     575.2   9/2 -  409.3   7/2    3.4557  507.49    0.8038  448.91    0.076   -0.286    165.9  0.529E-02  0.646E-01
     575.2   9/2 -  515.0   7/2    4.5859  673.47    0.1089   60.82    0.096    0.325     60.2  0.442E-04  0.418E-03


     575.2   9/2 -  569.2   7/2    0.6432   94.45    0.1355   75.68    0.000    0.011      6.0  0.607E-10  0.513E-06
     575.2   9/2 -  575.2   9/2    1.4077            3.1799
     575.2   9/2 -  474.2  13/2    0.0000    0.00    0.0000    0.00    1.000    0.000    101.0  0.133E-15  0.000E+00
     757.3   9/2 -  198.5   5/2    0.0825   12.12    0.0000    0.00    1.000    0.000    558.8  0.549E-01  0.000E+00
     757.3   9/2 -  275.5   5/2    0.9185  134.89    0.0000    0.00    1.000    0.000    481.8  0.291E+00  0.000E+00


     757.3   9/2 -  331.4   5/2   12.6185 1853.11    0.0000    0.00    1.000    0.000    425.9  0.216E+01  0.000E+00
     757.3   9/2 -  409.3   7/2    0.0089    1.30    0.0044    2.46    0.145   -0.412    348.0  0.553E-03  0.326E-02
     757.3   9/2 -  515.0   7/2    1.4006  205.69    0.0057    3.18    0.909   -3.166    242.3  0.143E-01  0.142E-02
     757.3   9/2 -  569.2   7/2    0.0001    0.02    0.0417   23.30    0.000   -0.008    188.1  0.305E-06  0.489E-02
     757.3   9/2 -  575.2   9/2    0.3528   51.81    0.0008    0.43    0.914   -3.259    182.1  0.862E-03  0.812E-04


     757.3   9/2 -  757.3   9/2    6.3588            1.7774
     757.3   9/2 -  474.2  13/2    0.0000    0.00    0.0000    0.00    1.000    0.000    283.1  0.215E-12  0.000E+00
     788.7   9/2 -  198.5   5/2    0.0280    4.12    0.0000    0.00    1.000    0.000    590.2  0.245E-01  0.000E+00
     788.7   9/2 -  275.5   5/2    3.0250  444.25    0.0000    0.00    1.000    0.000    513.2  0.131E+01  0.000E+00
     788.7   9/2 -  331.4   5/2    1.5580  228.80    0.0000    0.00    1.000    0.000    457.3  0.380E+00  0.000E+00


     788.7   9/2 -  409.3   7/2    0.0868   12.75    0.0139    7.78    0.384    0.789    379.4  0.833E-02  0.134E-01
     788.7   9/2 -  515.0   7/2    7.5191 1104.23    0.4899  273.61    0.444   -0.893    273.7  0.141E+00  0.177E+00
     788.7   9/2 -  569.2   7/2    2.2712  333.54    0.1140   63.65    0.400   -0.816    219.5  0.141E-01  0.212E-01
     788.7   9/2 -  575.2   9/2    2.8462  417.99    0.0115    6.42    0.887    2.797    213.5  0.154E-01  0.197E-02
     788.7   9/2 -  757.3   9/2    0.0005    0.07    0.0205   11.43    0.000    0.004     31.4  0.188E-09  0.111E-04


     788.7   9/2 -  788.7   9/2    7.9436            2.8636
     788.7   9/2 -  474.2  13/2    0.0000    0.00    0.0000    0.00    1.000    0.000    314.5  0.356E-12  0.000E+00
     896.8  11/2 -  409.3   7/2   17.2097 2527.35    0.0000    0.00    1.000    0.000    487.5  0.578E+01  0.000E+00
     896.8  11/2 -  515.0   7/2    0.6757   99.23    0.0000    0.00    1.000    0.000    381.8  0.669E-01  0.000E+00
     896.8  11/2 -  569.2   7/2    0.1602   23.52    0.0000    0.00    1.000    0.000    327.6  0.737E-02  0.000E+00


     896.8  11/2 -  575.2   9/2    0.9479  139.21    0.1362   76.07    0.333   -0.706    321.6  0.398E-01  0.797E-01
     896.8  11/2 -  757.3   9/2    0.5008   73.55    0.0448   25.00    0.131   -0.389    139.5  0.323E-03  0.214E-02
     896.8  11/2 -  788.7   9/2    8.8347 1297.44    0.0558   31.17    0.562   -1.133    108.1  0.159E-02  0.124E-02
     896.8  11/2 -  896.8  11/2    0.9625            2.1056
     896.8  11/2 -  474.2  13/2    0.0000    0.00    0.0000    0.00    0.042   -0.211    422.6  0.521E-14  0.117E-12


    1060.0  11/2 -  409.3   7/2    0.0008    0.12    0.0000    0.00    1.000    0.000    650.6  0.112E-02  0.000E+00
    1060.0  11/2 -  515.0   7/2    4.8341  709.92    0.0000    0.00    1.000    0.000    545.0  0.284E+01  0.000E+00
    1060.0  11/2 -  569.2   7/2   12.7087 1866.36    0.0000    0.00    1.000    0.000    490.8  0.441E+01  0.000E+00
    1060.0  11/2 -  575.2   9/2    0.0038    0.55    0.0147    8.19    0.040    0.205    484.8  0.123E-02  0.294E-01
    1060.0  11/2 -  757.3   9/2    1.6083  236.20    0.3716  207.55    0.216    0.524    302.7  0.498E-01  0.181E+00


    1060.0  11/2 -  788.7   9/2    0.2771   40.69    0.0856   47.80    0.142   -0.406    271.3  0.497E-02  0.301E-01
    1060.0  11/2 -  896.8  11/2    0.0836   12.28    0.0006    0.35    0.711   -1.569    163.2  0.118E-03  0.479E-04
    1060.0  11/2 - 1060.0  11/2    3.7397            2.9244
    1060.0  11/2 -  474.2  13/2    0.0000    0.00    0.0000    0.00    0.981   -7.264    585.8  0.151E-11  0.287E-13
    1183.9  11/2 -  409.3   7/2    0.0086    1.26    0.0000    0.00    1.000    0.000    774.6  0.292E-01  0.000E+00


    1183.9  11/2 -  515.0   7/2    3.9639  582.13    0.0000    0.00    1.000    0.000    668.9  0.648E+01  0.000E+00
    1183.9  11/2 -  569.2   7/2    3.6220  531.92    0.0000    0.00    1.000    0.000    614.7  0.388E+01  0.000E+00
    1183.9  11/2 -  575.2   9/2    0.6643   97.56    0.0032    1.79    0.982    7.290    608.7  0.677E+00  0.127E-01
    1183.9  11/2 -  757.3   9/2    0.0828   12.15    0.0659   36.78    0.137   -0.398    426.6  0.143E-01  0.900E-01
    1183.9  11/2 -  788.7   9/2    4.6048  676.24    0.1805  100.82    0.734   -1.662    395.2  0.542E+00  0.196E+00


    1183.9  11/2 -  896.8  11/2    0.3526   51.78    0.2960  165.30    0.064   -0.261    287.1  0.839E-02  0.123E+00
    1183.9  11/2 - 1060.0  11/2    0.1858   27.29    0.0000    0.02    0.982   -7.304    124.0  0.663E-04  0.124E-05
    1183.9  11/2 - 1183.9  11/2   10.1598            2.0986
    1183.9  11/2 -  474.2  13/2    0.0000    0.00    0.0000    0.00    0.434   -0.875    709.7  0.231E-11  0.302E-11
    1183.9  11/2 - 1131.0  13/2    5.8091  853.11    0.2163  120.79    0.049    0.228     52.9  0.293E-04  0.563E-03


     474.2  13/2 -  474.2  13/2  -14.4323            8.2572
    1131.0  13/2 -  575.2   9/2   20.4546 3003.90    0.0000    0.00    1.000    0.000    555.9  0.132E+02  0.000E+00
    1131.0  13/2 -  757.3   9/2    0.0072    1.05    0.0000    0.00    1.000    0.000    373.7  0.637E-03  0.000E+00
    1131.0  13/2 -  788.7   9/2    0.0672    9.87    0.0000    0.00    1.000    0.000    342.3  0.386E-02  0.000E+00
    1131.0  13/2 -  896.8  11/2    2.3054  338.56    0.8985  501.80    0.089   -0.312    234.2  0.198E-01  0.203E+00


    1131.0  13/2 - 1060.0  11/2    0.4392   64.50    0.0100    5.60    0.133   -0.392     71.1  0.972E-05  0.634E-04
    1131.0  13/2 -  474.2  13/2    0.0000    0.00    0.0000    0.00    0.771   -1.834    656.9  0.654E-11  0.194E-11
    1131.0  13/2 - 1131.0  13/2    1.6001            3.9106
    1383.6  13/2 -  575.2   9/2    0.0150    2.21    0.0000    0.00    1.000    0.000    808.4  0.634E-01  0.000E+00
    1383.6  13/2 -  757.3   9/2   16.6033 2438.31    0.0000    0.00    1.000    0.000    626.3  0.195E+02  0.000E+00


    1383.6  13/2 -  788.7   9/2    0.9238  135.67    0.0000    0.00    1.000    0.000    594.9  0.840E+00  0.000E+00
    1383.6  13/2 -  896.8  11/2    0.0000    0.00    0.0019    1.08    0.000    0.001    486.8  0.487E-08  0.392E-02
    1383.6  13/2 - 1060.0  11/2    0.0098    1.44    0.0009    0.49    0.448    0.902    323.7  0.425E-03  0.523E-03
    1383.6  13/2 - 1183.9  11/2    0.0651    9.56    0.0000    0.03    0.974   -6.081    199.7  0.252E-03  0.682E-05
    1383.6  13/2 -  474.2  13/2    0.0000    0.00    0.0000    0.00    0.723   -1.615    909.5  0.334E-09  0.128E-09


    1383.6  13/2 - 1131.0  13/2    0.0066    0.97    0.0005    0.29    0.359   -0.748    252.6  0.826E-04  0.148E-03
    1383.6  13/2 - 1383.6  13/2    5.0971            2.2148

 TIME=  0.0 SEC
