 PARITY=+   EPS= 0.807   GAMMA= 55.2   EPS4=0.000   EPS6=0.000   LEVELS:  17  18  19  20  21
0   Z= 79   A=197   IQ=1   GSFAC= 0.75   GR=  0.40   MIN SPIN=  1/2   MAX SPIN= 13/2   KMAX= 13/2

 MICR QUADR MOMENTS:  Q0=1329.181  Q2=******** FM**2


   B(E2) AND Q(E2) IN E2B2 AND EB,   B(M1) AND M(M1) INNM2 AND NM,   T(E2) AND T(M1) IN 1/PS

       E1     II      EF     IF     B(E2)             B(M1)              GD        D       EREL    T(E2)      T(M1)
                                             WU               MWU

     285.2   5/2 -  285.2   5/2   -7.0543            2.9420
     285.2   5/2 -    0.0   9/2    0.0000    0.00    0.0000    0.00    1.000    0.000    285.2  0.323E-08  0.000E+00
     483.5   7/2 -  285.2   5/2   13.8539 2034.54    0.3770  210.57    0.500   -1.001    198.3  0.518E-01  0.517E-01
     483.5   7/2 -  483.5   7/2   -1.3203            2.9123
     483.5   7/2 -    0.0   9/2    0.0000    0.00    0.0000    0.00    1.000    0.000    483.5  0.164E-07  0.894E-16


     483.5   7/2 -   99.3  11/2    0.0000    0.00    0.0000    0.00    1.000    0.000    384.2  0.435E-08  0.000E+00
     483.5   7/2 -  412.8  11/2    0.0000    0.00    0.0000    0.00    1.000    0.000     70.7  0.956E-12  0.000E+00
       0.0   9/2 -    0.0   9/2  -10.7467            5.1661
     738.4   9/2 -  285.2   5/2    3.8846  570.49    0.0000    0.00    1.000    0.000    453.2  0.906E+00  0.000E+00
     738.4   9/2 -  483.5   7/2   11.7501 1725.59    0.5474  305.71    0.492   -0.983    254.9  0.154E+00  0.160E+00


     738.4   9/2 -    0.0   9/2    0.0000    0.00    0.0000    0.00    1.000    0.000    738.4  0.342E-07  0.238E-16
     738.4   9/2 -  738.4   9/2    1.7865            3.0392
     738.4   9/2 -   99.3  11/2    0.0000    0.00    0.0000    0.00    0.968    5.517    639.1  0.142E-07  0.467E-09
     738.4   9/2 -  412.8  11/2    0.0000    0.00    0.0000    0.00    0.977   -6.545    325.6  0.267E-08  0.623E-10
     738.4   9/2 -  400.8  13/2    0.0000    0.00    0.0000    0.00    1.000    0.000    337.6  0.124E-08  0.000E+00


      99.3  11/2 -    0.0   9/2    3.9184  575.44    0.0182   10.15    0.596   -1.214     99.3  0.462E-03  0.313E-03
      99.3  11/2 -   99.3  11/2   -9.6450            4.7427
     412.8  11/2 -    0.0   9/2    8.2249 1207.89    0.7335  409.64    0.570   -1.151    412.8  0.120E+01  0.908E+00
     412.8  11/2 -   99.3  11/2    1.4018  205.86    0.0751   41.95    0.560    1.127    313.4  0.517E-01  0.407E-01
     412.8  11/2 -  412.8  11/2   -7.4311            4.4841


     412.8  11/2 -  400.8  13/2    0.1856   27.25    0.0057    3.16    0.003   -0.057     12.0  0.553E-09  0.170E-06
    1049.9  11/2 -  483.5   7/2    6.5954  968.58    0.0000    0.00    1.000    0.000    566.4  0.469E+01  0.000E+00
    1049.9  11/2 -    0.0   9/2    0.0000    0.00    0.0000    0.00    0.971   -5.769   1049.9  0.470E-07  0.141E-08
    1049.9  11/2 -  738.4   9/2    9.0340 1326.70    0.6398  357.32    0.487   -0.974    311.5  0.323E+00  0.340E+00
    1049.9  11/2 -   99.3  11/2    0.0000    0.00    0.0000    0.00    0.641    1.337    950.5  0.939E-09  0.525E-09


    1049.9  11/2 -  412.8  11/2    0.0000    0.00    0.0000    0.00    0.998  -22.947    637.1  0.461E-07  0.875E-10
    1049.9  11/2 - 1049.9  11/2    3.6734            3.2505
    1049.9  11/2 -  400.8  13/2    0.0000    0.00    0.0000    0.00    0.997  -17.023    649.1  0.543E-07  0.188E-09
    1049.9  11/2 -  847.7  13/2    0.0000    0.00    0.0000    0.00    0.897    2.952    202.2  0.951E-10  0.109E-10
     400.8  13/2 -    0.0   9/2    0.7992  117.37    0.0000    0.00    1.000    0.000    400.8  0.101E+00  0.000E+00


     400.8  13/2 -   99.3  11/2   11.6994 1718.13    0.2274  127.00    0.764   -1.800    301.5  0.355E+00  0.110E+00
     400.8  13/2 -  400.8  13/2   -4.9619            4.9763
     847.7  13/2 -    0.0   9/2    1.3284  195.08    0.0000    0.00    1.000    0.000    847.7  0.709E+01  0.000E+00
     847.7  13/2 -  738.4   9/2    0.0000    0.00    0.0000    0.00    1.000    0.000    109.3  0.586E-11  0.000E+00
     847.7  13/2 -   99.3  11/2    0.0001    0.02    0.1478   82.52    0.000   -0.017    748.4  0.324E-03  0.109E+01


     847.7  13/2 -  412.8  11/2   12.6037 1850.93    0.8897  496.90    0.650   -1.363    434.9  0.239E+01  0.129E+01
     847.7  13/2 -  400.8  13/2    0.8183  120.17    0.0591   33.01    0.657    1.384    446.9  0.178E+00  0.928E-01
     847.7  13/2 -  847.7  13/2   -3.7748            4.4104
    1417.8  13/2 -    0.0   9/2    0.0000    0.00    0.0000    0.00    1.000    0.000   1417.8  0.869E-08  0.000E+00
    1417.8  13/2 -  738.4   9/2    8.3917 1232.38    0.0000    0.00    1.000    0.000    679.4  0.148E+02  0.000E+00


    1417.8  13/2 -   99.3  11/2    0.0000    0.00    0.0000    0.00    0.986   -8.439   1318.5  0.263E-06  0.369E-08
    1417.8  13/2 -  412.8  11/2    0.0000    0.00    0.0000    0.00    0.668    1.419   1005.1  0.458E-08  0.227E-08
    1417.8  13/2 - 1049.9  11/2    6.9649 1022.85    0.6960  388.74    0.484   -0.969    368.0  0.573E+00  0.610E+00
    1417.8  13/2 -  400.8  13/2    0.0000    0.00    0.0000    0.00    1.000 -131.783   1017.0  0.171E-06  0.982E-11
    1417.8  13/2 -  847.7  13/2    0.0000    0.00    0.0000    0.00    1.000   99.720    570.2  0.120E-07  0.121E-11


    1417.8  13/2 - 1417.8  13/2    4.9122            3.5125

 TIME=  0.0 SEC
