 PARITY=+   EPS= 0.500   GAMMA= 34.8   EPS4=0.000   EPS6=0.000   LEVELS:  18  19  20  21  22
0   Z= 79   A=197   IQ=1   GSFAC= 0.75   GR=  0.40   MIN SPIN=  1/2   MAX SPIN= 13/2   KMAX= 13/2

 MICR QUADR MOMENTS:  Q0=1456.102  Q2=-423.281 FM**2


   B(E2) AND Q(E2) IN E2B2 AND EB,   B(M1) AND M(M1) INNM2 AND NM,   T(E2) AND T(M1) IN 1/PS

       E1     II      EF     IF     B(E2)             B(M1)              GD        D       EREL    T(E2)      T(M1)
                                             WU               MWU

       0.0   1/2 -    0.0   1/2    0.0000            1.7168
     769.7   1/2 -    0.0   1/2    0.0000    0.00    0.0090    5.04    0.000    0.000    769.7  0.000E+00  0.724E-01
     769.7   1/2 -  769.7   1/2    0.0000            0.1198
     769.7   1/2 -   29.0   3/2    1.8651  273.90    0.0090    5.01    0.988   -8.895    740.7  0.507E+01  0.641E-01
     769.7   1/2 -  282.9   3/2    0.3374   49.54    0.0185   10.35    0.749    1.729    486.8  0.113E+00  0.376E-01


     769.7   1/2 -  296.9   5/2    0.0287    4.21    0.0000    0.00    1.000    0.000    472.7  0.826E-02  0.000E+00
     769.7   1/2 -  479.9   5/2    0.9093  133.54    0.0000    0.00    1.000    0.000    289.8  0.227E-01  0.000E+00
     769.7   1/2 -  703.3   5/2    0.3170   46.55    0.0000    0.00    1.000    0.000     66.4  0.498E-05  0.000E+00
    1023.1   1/2 -    0.0   1/2    0.0000    0.00    0.0341   19.05    0.000    0.000   1023.1  0.000E+00  0.643E+00
    1023.1   1/2 -  769.7   1/2    0.0000    0.00    0.0147    8.20    0.000    0.000    253.4  0.000E+00  0.421E-02


    1023.1   1/2 - 1023.1   1/2    0.0000           -0.1556
    1023.1   1/2 -   29.0   3/2    0.0119    1.75    0.0535   29.89    0.133    0.391    994.1  0.141E+00  0.925E+00
    1023.1   1/2 -  282.9   3/2    0.7150  105.01    0.0000    0.02    1.000   91.288    740.2  0.194E+01  0.233E-03
    1023.1   1/2 -  888.2   3/2    0.6505   95.53    0.0006    0.32    0.935   -3.781    134.9  0.354E-03  0.248E-04
    1023.1   1/2 -  296.9   5/2    0.0632    9.28    0.0000    0.00    1.000    0.000    726.2  0.156E+00  0.000E+00


    1023.1   1/2 -  479.9   5/2    1.2663  185.97    0.0000    0.00    1.000    0.000    543.2  0.731E+00  0.000E+00
    1023.1   1/2 -  703.3   5/2    0.0005    0.07    0.0000    0.00    1.000    0.000    319.8  0.208E-04  0.000E+00
      29.0   3/2 -    0.0   1/2    0.5542   81.38    0.0004    0.22    0.448   -0.901     29.0  0.138E-06  0.171E-06
      29.0   3/2 -   29.0   3/2    2.9471            0.4893
     282.9   3/2 -    0.0   1/2    3.4540  507.25    0.0805   44.97    0.704    1.542    282.9  0.763E-01  0.321E-01


     282.9   3/2 -   29.0   3/2    0.0999   14.67    0.0023    1.30    0.657    1.383    253.9  0.129E-02  0.672E-03
     282.9   3/2 -  282.9   3/2   -2.5910            0.2957
     888.2   3/2 -    0.0   1/2    0.5869   86.19    0.0000    0.00    1.000  411.662    888.2  0.396E+01  0.234E-04
     888.2   3/2 -  769.7   1/2    0.2273   33.37    0.0039    2.18    0.362    0.753    118.6  0.650E-04  0.115E-03
     888.2   3/2 -   29.0   3/2    0.0091    1.34    0.0176    9.84    0.209    0.515    859.2  0.521E-01  0.197E+00


     888.2   3/2 -  282.9   3/2    1.2325  181.00    0.0088    4.90    0.973   -5.975    605.4  0.122E+01  0.342E-01
     888.2   3/2 -  888.2   3/2    2.3423           -0.5545
     888.2   3/2 -  296.9   5/2    0.1953   28.69    0.4833  269.94    0.089   -0.313    591.3  0.172E+00  0.176E+01
     888.2   3/2 -  479.9   5/2    0.0134    1.97    0.0493   27.56    0.030   -0.177    408.3  0.185E-02  0.591E-01
     888.2   3/2 -  703.3   5/2    2.0233  297.14    0.0041    2.28    0.921    3.425    184.9  0.534E-02  0.455E-03


     888.2   3/2 -  290.3   7/2    0.0000    0.00    0.0000    0.00    1.000    0.000    597.9  0.596E-07  0.000E+00
     888.2   3/2 -  322.9   7/2    0.0271    3.97    0.0000    0.00    1.000    0.000    565.3  0.191E-01  0.000E+00
     888.2   3/2 -  803.5   7/2    0.1684   24.72    0.0000    0.00    1.000    0.000     84.7  0.896E-05  0.000E+00
     296.9   5/2 -    0.0   1/2    2.5632  376.42    0.0000    0.00    1.000    0.000    296.9  0.722E-01  0.000E+00
     296.9   5/2 -   29.0   3/2    0.0166    2.44    0.0942   52.63    0.009   -0.094    267.9  0.280E-03  0.319E-01


     296.9   5/2 -  282.9   3/2    0.0856   12.58    0.2100  117.31    0.000   -0.007     14.1  0.575E-09  0.103E-04
     296.9   5/2 -  296.9   5/2    4.3208            2.6643
     296.9   5/2 -  290.3   7/2    0.0000    0.00    0.0000    0.00    0.055   -0.241      6.6  0.693E-21  0.119E-19
     479.9   5/2 -    0.0   1/2    0.0200    2.93    0.0000    0.00    1.000    0.000    479.9  0.620E-02  0.000E+00
     479.9   5/2 -   29.0   3/2    5.7550  845.16    0.0027    1.53    0.997  -17.207    450.9  0.131E+01  0.442E-02


     479.9   5/2 -  282.9   3/2    0.3234   47.49    0.0416   23.24    0.173   -0.457    197.0  0.117E-02  0.560E-02
     479.9   5/2 -  296.9   5/2    0.1834   26.94    0.0073    4.08    0.368    0.763    183.0  0.459E-03  0.788E-03
     479.9   5/2 -  479.9   5/2   -0.9831            1.1029
     479.9   5/2 -  290.3   7/2    0.0000    0.00    0.0000    0.00    1.000 -682.666    189.6  0.109E-10  0.234E-16
     479.9   5/2 -  322.9   7/2    0.0008    0.12    0.0000    0.00    0.909   -3.165    157.0  0.930E-06  0.929E-07


     703.3   5/2 -    0.0   1/2    1.9631  288.29    0.0000    0.00    1.000    0.000    703.3  0.412E+01  0.000E+00
     703.3   5/2 -   29.0   3/2    0.0512    7.52    0.0149    8.30    0.521   -1.042    674.3  0.871E-01  0.802E-01
     703.3   5/2 -  282.9   3/2    2.0551  301.81    0.5321  297.20    0.321    0.688    420.4  0.329E+00  0.696E+00
     703.3   5/2 -  296.9   5/2    1.4074  206.69    0.0000    0.01    1.000   77.763    406.4  0.190E+00  0.315E-04
     703.3   5/2 -  479.9   5/2    0.2900   42.59    0.0900   50.24    0.100   -0.334    223.4  0.197E-02  0.177E-01


     703.3   5/2 -  703.3   5/2   -1.9797            2.0127
     703.3   5/2 -  290.3   7/2    0.0000    0.00    0.0000    0.00    1.000 -655.884    413.0  0.230E-08  0.534E-14
     703.3   5/2 -  322.9   7/2    0.0000    0.00    0.0004    0.20    0.009   -0.095    380.4  0.310E-05  0.343E-03
     290.3   7/2 -   29.0   3/2    0.0000    0.00    0.0000    0.00    1.000    0.000    261.3  0.224E-10  0.000E+00
     290.3   7/2 -  282.9   3/2    0.0000    0.00    0.0000    0.00    1.000    0.000      7.5  0.635E-17  0.000E+00


     290.3   7/2 -  290.3   7/2   -5.5024            4.3479
     290.3   7/2 -  155.2  11/2    5.5093  809.07    0.0000    0.00    1.000    0.000    135.2  0.303E-02  0.000E+00
     322.9   7/2 -   29.0   3/2    2.3555  345.92    0.0000    0.00    1.000    0.000    293.9  0.630E-01  0.000E+00
     322.9   7/2 -  282.9   3/2    0.0003    0.04    0.0000    0.00    1.000    0.000     40.0  0.343E-09  0.000E+00
     322.9   7/2 -  296.9   5/2    0.0800   11.75    0.0008    0.44    0.045   -0.217     26.0  0.115E-07  0.244E-06


     322.9   7/2 -  290.3   7/2    0.0000    0.00    0.0000    0.00    0.979   -6.813     32.6  0.450E-15  0.970E-17
     322.9   7/2 -  322.9   7/2    6.1527            1.2945
     322.9   7/2 -  155.2  11/2    0.0000    0.00    0.0000    0.00    1.000    0.000    167.7  0.195E-12  0.000E+00
     803.5   7/2 -   29.0   3/2    0.0233    3.43    0.0000    0.00    1.000    0.000    774.5  0.794E-01  0.000E+00
     803.5   7/2 -  282.9   3/2    3.4967  513.52    0.0000    0.00    1.000    0.000    520.6  0.163E+01  0.000E+00


     803.5   7/2 -  296.9   5/2    3.5765  525.23    0.1387   77.47    0.821    2.142    506.6  0.146E+01  0.317E+00
     803.5   7/2 -  479.9   5/2    0.0103    1.52    0.0155    8.67    0.046   -0.220    323.6  0.447E-03  0.926E-02
     803.5   7/2 -  703.3   5/2    1.7993  264.24    0.0017    0.95    0.881    2.721    100.2  0.222E-03  0.300E-04
     803.5   7/2 -  290.3   7/2    0.0000    0.00    0.0000    0.00    1.000  166.799    513.2  0.141E-08  0.507E-13
     803.5   7/2 -  322.9   7/2    0.0425    6.24    0.0000    0.00    0.999  -28.501    480.6  0.133E-01  0.164E-04


     803.5   7/2 -  803.5   7/2    0.6587            1.7831
     803.5   7/2 -  729.7   9/2    0.0000    0.00    0.0000    0.00    0.998  -21.689     73.9  0.829E-13  0.176E-15
     803.5   7/2 -  155.2  11/2    0.0000    0.00    0.0000    0.00    1.000    0.000    648.4  0.371E-08  0.000E+00
     729.7   9/2 -  296.9   5/2    0.0000    0.00    0.0000    0.00    1.000    0.000    432.7  0.987E-12  0.000E+00
     729.7   9/2 -  479.9   5/2    0.0000    0.00    0.0000    0.00    1.000    0.000    249.8  0.301E-10  0.000E+00


     729.7   9/2 -  703.3   5/2    0.0000    0.00    0.0000    0.00    1.000    0.000     26.4  0.281E-14  0.000E+00
     729.7   9/2 -  290.3   7/2    4.9658  729.27    0.2484  138.76    0.728   -1.635    439.3  0.992E+00  0.371E+00
     729.7   9/2 -  322.9   7/2    0.0000    0.00    0.0000    0.00    1.000  305.296    406.8  0.288E-09  0.307E-14
     729.7   9/2 -  729.7   9/2   -2.3583            4.6050
     729.7   9/2 -  155.2  11/2    0.5023   73.76    0.0091    5.08    0.927    3.555    574.5  0.383E+00  0.303E-01


     963.1   9/2 -  296.9   5/2    0.7630  112.05    0.0000    0.00    1.000    0.000    666.2  0.122E+01  0.000E+00
     963.1   9/2 -  479.9   5/2    2.9909  439.24    0.0000    0.00    1.000    0.000    483.2  0.961E+00  0.000E+00
     963.1   9/2 -  703.3   5/2    0.0147    2.15    0.0000    0.00    1.000    0.000    259.8  0.212E-03  0.000E+00
     963.1   9/2 -  290.3   7/2    0.0000    0.00    0.0000    0.00    1.000  -94.512    672.8  0.118E-09  0.132E-13
     963.1   9/2 -  322.9   7/2    4.1719  612.68    0.0011    0.59    0.999   33.390    640.2  0.547E+01  0.491E-02


     963.1   9/2 -  803.5   7/2    0.0485    7.13    0.1020   56.98    0.008    0.092    159.6  0.613E-04  0.730E-02
     963.1   9/2 -  729.7   9/2    0.0000    0.00    0.0000    0.00    1.000 -151.493    233.4  0.612E-11  0.267E-15
     963.1   9/2 -  963.1   9/2    1.5444            1.9903
     963.1   9/2 -  155.2  11/2    0.0000    0.00    0.0000    0.00    0.994   12.550    807.9  0.246E-10  0.156E-12
     963.1   9/2 -  825.1  13/2    0.0000    0.00    0.0000    0.00    1.000    0.000    138.0  0.219E-13  0.000E+00


    1187.6   9/2 -  296.9   5/2    3.8370  563.49    0.0000    0.00    1.000    0.000    890.7  0.262E+02  0.000E+00
    1187.6   9/2 -  479.9   5/2    0.5209   76.50    0.0000    0.00    1.000    0.000    707.7  0.113E+01  0.000E+00
    1187.6   9/2 -  703.3   5/2    1.0800  158.60    0.0000    0.00    1.000    0.000    484.3  0.351E+00  0.000E+00
    1187.6   9/2 -  290.3   7/2    0.0000    0.00    0.0000    0.00    1.000   98.472    897.3  0.204E-08  0.211E-12
    1187.6   9/2 -  322.9   7/2    0.5071   74.47    0.0543   30.32    0.829   -2.200    864.7  0.299E+01  0.618E+00


    1187.6   9/2 -  803.5   7/2    0.9120  133.94    0.4173  233.04    0.183    0.473    384.1  0.930E-01  0.416E+00
    1187.6   9/2 -  729.7   9/2    0.0000    0.00    0.0000    0.00    1.000    0.000    458.0  0.314E-09  0.269E-16
    1187.6   9/2 -  963.1   9/2    0.0321    4.71    0.0863   48.22    0.013   -0.114    224.5  0.223E-03  0.172E-01
    1187.6   9/2 - 1187.6   9/2    2.1616            3.1051
    1187.6   9/2 -  155.2  11/2    0.0000    0.00    0.0000    0.00    1.000  -48.075   1032.5  0.141E-08  0.609E-12


    1187.6   9/2 -  825.1  13/2    0.0000    0.00    0.0000    0.00    1.000    0.000    362.5  0.402E-10  0.000E+00
     155.2  11/2 -  155.2  11/2   -7.5466            5.2532
    1317.3  11/2 -  290.3   7/2    0.0000    0.00    0.0000    0.00    1.000    0.000   1027.0  0.234E-08  0.000E+00
    1317.3  11/2 -  322.9   7/2    3.6982  543.10    0.0000    0.00    1.000    0.000    994.4  0.439E+02  0.000E+00
    1317.3  11/2 -  803.5   7/2    0.0134    1.96    0.0000    0.00    1.000    0.000    513.8  0.584E-02  0.000E+00


    1317.3  11/2 -  729.7   9/2    0.0000    0.00    0.0000    0.00    1.000  110.296    587.6  0.119E-08  0.979E-13
    1317.3  11/2 -  963.1   9/2    0.9582  140.72    0.0031    1.72    0.964   -5.206    354.2  0.652E-01  0.240E-02
    1317.3  11/2 - 1187.6   9/2    0.0165    2.42    0.0005    0.29    0.267    0.603    129.7  0.736E-05  0.203E-04
    1317.3  11/2 -  155.2  11/2    0.0000    0.00    0.0000    0.00    1.000  209.842   1162.1  0.713E-08  0.162E-12
    1317.3  11/2 - 1317.3  11/2    5.0149            2.1031


    1317.3  11/2 -  825.1  13/2    0.0000    0.00    0.0000    0.00    1.000 -411.662    492.2  0.419E-09  0.246E-14
    1395.6  11/2 -  290.3   7/2    0.6797   99.82    0.0000    0.00    1.000    0.000   1105.3  0.137E+02  0.000E+00
    1395.6  11/2 -  322.9   7/2    0.0000    0.00    0.0000    0.00    1.000    0.000   1072.7  0.286E-07  0.000E+00
    1395.6  11/2 -  803.5   7/2    0.0000    0.00    0.0000    0.00    1.000    0.000    592.1  0.540E-08  0.000E+00
    1395.6  11/2 -  729.7   9/2    4.7965  704.40    0.3404  190.13    0.812   -2.081    666.0  0.767E+01  0.177E+01


    1395.6  11/2 -  963.1   9/2    0.0000    0.00    0.0000    0.00    0.998  -24.698    432.5  0.182E-09  0.299E-12
    1395.6  11/2 - 1187.6   9/2    0.0000    0.00    0.0000    0.00    0.994   12.698    208.0  0.868E-11  0.538E-13
    1395.6  11/2 -  155.2  11/2    0.0023    0.33    0.0006    0.32    0.810   -2.063   1240.5  0.816E-01  0.192E-01
    1395.6  11/2 - 1317.3  11/2    0.0000    0.00    0.0000    0.00    0.997   19.420     78.3  0.122E-12  0.323E-15
    1395.6  11/2 - 1395.6  11/2   -0.0266            4.8302


    1395.6  11/2 -  825.1  13/2    0.7163  105.19    0.0268   14.98    0.858    2.455    570.5  0.528E+00  0.876E-01
     825.1  13/2 -  729.7   9/2    4.0512  594.95    0.0000    0.00    1.000    0.000     95.4  0.391E-03  0.000E+00
     825.1  13/2 -  155.2  11/2    3.6604  537.55    0.1823  101.83    0.862   -2.499    669.9  0.603E+01  0.965E+00
     825.1  13/2 -  825.1  13/2   -4.7506            5.5105
    1983.5  13/2 -  729.7   9/2    0.0000    0.00    0.0000    0.00    1.000    0.000   1253.9  0.643E-08  0.000E+00


    1983.5  13/2 -  963.1   9/2    5.8419  857.92    0.0000    0.00    1.000    0.000   1020.4  0.789E+02  0.000E+00
    1983.5  13/2 - 1187.6   9/2    0.0250    3.67    0.0000    0.00    1.000    0.000    795.9  0.975E-01  0.000E+00
    1983.5  13/2 -  155.2  11/2    0.0000    0.00    0.0000    0.00    0.999   29.175   1828.4  0.446E-08  0.525E-11
    1983.5  13/2 - 1317.3  11/2    2.5120  368.90    0.0049    2.75    0.994   12.534    666.2  0.402E+01  0.256E-01
    1983.5  13/2 - 1395.6  11/2    0.0000    0.00    0.0000    0.00    0.997  -17.336    587.9  0.638E-09  0.212E-11


    1983.5  13/2 -  825.1  13/2    0.0000    0.00    0.0000    0.00    1.000    0.000   1158.4  0.509E-08  0.255E-14
    1983.5  13/2 - 1983.5  13/2    1.3969            2.7988
    2007.7  13/2 -  729.7   9/2    1.1116  163.25    0.0000    0.00    1.000    0.000   1278.1  0.463E+02  0.000E+00
    2007.7  13/2 -  963.1   9/2    0.0000    0.00    0.0000    0.00    1.000    0.000   1044.7  0.133E-07  0.000E+00
    2007.7  13/2 - 1187.6   9/2    0.0000    0.00    0.0000    0.00    1.000    0.000    820.1  0.125E-07  0.000E+00


    2007.7  13/2 -  155.2  11/2    0.0321    4.72    0.0005    0.28    0.994  -12.419   1852.6  0.855E+01  0.555E-01
    2007.7  13/2 - 1317.3  11/2    0.0000    0.00    0.0000    0.00    1.000 -188.731    690.5  0.487E-08  0.137E-12
    2007.7  13/2 - 1395.6  11/2    5.4967  807.23    0.4486  250.54    0.761   -1.784    612.1  0.576E+01  0.181E+01
    2007.7  13/2 -  825.1  13/2    0.0061    0.90    0.0000    0.01    0.998  -22.856   1182.6  0.173E+00  0.331E-03
    2007.7  13/2 - 1983.5  13/2    0.0000    0.00    0.0000    0.00    0.976   -6.381     24.2  0.207E-15  0.508E-17


    2007.7  13/2 - 2007.7  13/2    0.2484            5.3600

 TIME=  0.0 SEC
