 PARITY=+   EPS= 0.131   GAMMA=  0.0   EPS4=0.000   EPS6=0.000   LEVELS:  19  20  21  22  23
0   Z= 79   A=197   IQ=1   GSFAC= 0.75   GR=  0.40   MIN SPIN=  1/2   MAX SPIN= 13/2   KMAX= 13/2

 MICR QUADR MOMENTS:  Q0= 346.146  Q2=  -0.000 FM**2


   B(E2) AND Q(E2) IN E2B2 AND EB,   B(M1) AND M(M1) INNM2 AND NM,   T(E2) AND T(M1) IN 1/PS

       E1     II      EF     IF     B(E2)             B(M1)              GD        D       EREL    T(E2)      T(M1)
                                             WU               MWU

       3.1   1/2 -    3.1   1/2    0.0000            1.8850
       3.1   1/2 -    0.0   3/2    0.0441    6.48    0.0031    1.72    0.000   -0.010      3.1  0.150E-12  0.159E-08
     941.9   1/2 -    3.1   1/2    0.0000    0.00    0.1518   84.79    0.000    0.000    938.8  0.000E+00  0.221E+01
     941.9   1/2 -  941.9   1/2    0.0000            0.0796
     941.9   1/2 -    0.0   3/2    0.0045    0.66    0.0034    1.92    0.447   -0.900    941.9  0.409E-01  0.506E-01


     941.9   1/2 -  131.8   3/2    0.0024    0.36    0.0019    1.08    0.363    0.755    810.1  0.103E-01  0.181E-01
     941.9   1/2 -  933.9   3/2    0.4425   64.99    0.0394   21.98    0.001   -0.022      8.0  0.179E-09  0.357E-06
     941.9   1/2 -  118.7   5/2    0.0022    0.33    0.0000    0.00    1.000    0.000    823.2  0.103E-01  0.000E+00
     941.9   1/2 -  232.4   5/2    0.0073    1.08    0.0000    0.00    1.000    0.000    709.5  0.161E-01  0.000E+00
    2668.3   1/2 -    3.1   1/2    0.0000    0.00    0.0000    0.00    0.000    0.000   2665.3  0.000E+00  0.219E-21


    2668.3   1/2 -  941.9   1/2    0.0000    0.00    0.0000    0.00    0.000    0.000   1726.4  0.000E+00  0.917E-21
    2668.3   1/2 - 2668.3   1/2    0.0000            2.3223
    2668.3   1/2 -    0.0   3/2    0.0000    0.00    0.0000    0.00    1.000    0.000   2668.3  0.436E-05  0.620E-18
    2668.3   1/2 -  131.8   3/2    0.0000    0.00    0.0000    0.00    1.000    0.000   2536.5  0.115E-04  0.247E-19
    2668.3   1/2 -  933.9   3/2    0.0000    0.00    0.0000    0.00    1.000    0.000   1734.5  0.288E-06  0.168E-20


    2668.3   1/2 -  118.7   5/2    0.0000    0.00    0.0000    0.00    1.000    0.000   2549.6  0.479E-05  0.000E+00
    2668.3   1/2 -  232.4   5/2    0.0000    0.00    0.0000    0.00    1.000    0.000   2435.9  0.158E-04  0.000E+00
    2668.3   1/2 - 1255.2   5/2    0.0000    0.00    0.0000    0.00    1.000    0.000   1413.2  0.362E-07  0.000E+00
       0.0   3/2 -    0.0   3/2    0.5178            0.3577
     131.8   3/2 -    3.1   1/2    0.2057   30.20    0.0020    1.10    0.544    1.093    128.7  0.888E-04  0.743E-04


     131.8   3/2 -    0.0   3/2    0.0961   14.11    0.0062    3.45    0.158    0.433    131.8  0.467E-04  0.249E-03
     131.8   3/2 -  131.8   3/2   -0.5189           -0.2934
     131.8   3/2 -  118.7   5/2    0.0034    0.50    0.3412  190.57    0.000   -0.001     13.1  0.161E-10  0.135E-04
     933.9   3/2 -    3.1   1/2    0.0023    0.34    0.0010    0.53    0.593   -1.207    930.8  0.198E-01  0.136E-01
     933.9   3/2 -    0.0   3/2    0.0038    0.55    0.0128    7.14    0.151   -0.422    933.9  0.326E-01  0.183E+00


     933.9   3/2 -  131.8   3/2    0.0005    0.08    0.0493   27.53    0.005    0.069    802.0  0.212E-02  0.448E+00
     933.9   3/2 -  933.9   3/2   -0.6658            0.3933
     933.9   3/2 -  118.7   5/2    0.0021    0.31    0.0750   41.87    0.013    0.115    815.1  0.939E-02  0.715E+00
     933.9   3/2 -  232.4   5/2    0.0010    0.14    0.1363   76.14    0.002    0.049    701.4  0.203E-02  0.828E+00
     933.9   3/2 -  279.9   7/2    0.0086    1.26    0.0000    0.00    1.000    0.000    653.9  0.126E-01  0.000E+00


     933.9   3/2 -  523.0   7/2    0.0001    0.01    0.0000    0.00    1.000    0.000    410.9  0.103E-04  0.000E+00
     118.7   5/2 -    3.1   1/2    0.0643    9.45    0.0000    0.00    1.000    0.000    115.7  0.162E-04  0.000E+00
     118.7   5/2 -    0.0   3/2    0.3086   45.33    0.0043    2.39    0.413    0.839    118.7  0.889E-04  0.126E-03
     118.7   5/2 -  118.7   5/2   -0.4310            1.3998
     232.4   5/2 -    3.1   1/2    0.1648   24.21    0.0000    0.00    1.000    0.000    229.3  0.128E-02  0.000E+00


     232.4   5/2 -    0.0   3/2    0.0554    8.13    0.1281   71.55    0.016   -0.127    232.4  0.458E-03  0.283E-01
     232.4   5/2 -  131.8   3/2    0.0942   13.83    0.7235  404.07    0.001    0.030    100.6  0.118E-04  0.130E-01
     232.4   5/2 -  118.7   5/2    0.0270    3.96    0.2393  133.65    0.001   -0.032    113.7  0.625E-05  0.619E-02
     232.4   5/2 -  232.4   5/2   -0.7925            2.1808
    1255.2   5/2 -    3.1   1/2    0.0008    0.12    0.0000    0.00    1.000    0.000   1252.1  0.311E-01  0.000E+00


    1255.2   5/2 -  941.9   1/2    0.2214   32.51    0.0000    0.00    1.000    0.000    313.3  0.815E-02  0.000E+00
    1255.2   5/2 -    0.0   3/2    0.0010    0.15    0.0016    0.87    0.411    0.835   1255.2  0.378E-01  0.543E-01
    1255.2   5/2 -  131.8   3/2    0.0029    0.42    0.0468   26.14    0.051   -0.232   1123.4  0.628E-01  0.117E+01
    1255.2   5/2 -  933.9   3/2    0.0639    9.38    0.0142    7.91    0.244   -0.568    321.3  0.267E-02  0.827E-02
    1255.2   5/2 -  118.7   5/2    0.0011    0.17    0.0074    4.12    0.122    0.373   1136.4  0.265E-01  0.191E+00


    1255.2   5/2 -  232.4   5/2    0.0004    0.05    0.0427   23.84    0.006   -0.079   1022.8  0.497E-02  0.804E+00
    1255.2   5/2 - 1255.2   5/2   -0.9514            0.9155
    1255.2   5/2 -  279.9   7/2    0.0000    0.00    0.0024    1.33    0.001    0.024    975.2  0.215E-04  0.388E-01
    1255.2   5/2 -  523.0   7/2    0.0032    0.47    0.0012    0.65    0.504    1.008    732.2  0.821E-02  0.809E-02
    1255.2   5/2 - 1238.6   7/2    0.0428    6.29    0.0326   18.19    0.000   -0.016     16.6  0.662E-09  0.263E-05


    1255.2   5/2 -  521.4   9/2    0.0005    0.07    0.0000    0.00    1.000    0.000    733.8  0.119E-02  0.000E+00
    1255.2   5/2 -  682.4   9/2    0.0039    0.57    0.0000    0.00    1.000    0.000    572.8  0.291E-02  0.000E+00
     279.9   7/2 -    0.0   3/2    0.1782   26.17    0.0000    0.00    1.000    0.000    279.9  0.374E-02  0.000E+00
     279.9   7/2 -  131.8   3/2    0.0153    2.24    0.0000    0.00    1.000    0.000    148.1  0.133E-04  0.000E+00
     279.9   7/2 -  118.7   5/2    0.1654   24.29    0.0085    4.76    0.259   -0.592    161.2  0.220E-03  0.628E-03


     279.9   7/2 -  232.4   5/2    0.0253    3.71    0.0014    0.79    0.027   -0.167     47.5  0.747E-07  0.268E-05
     279.9   7/2 -  279.9   7/2   -0.8160            1.2291
     523.0   7/2 -    0.0   3/2    0.0008    0.12    0.0000    0.00    1.000    0.000    523.0  0.377E-03  0.000E+00
     523.0   7/2 -  131.8   3/2    0.2669   39.19    0.0000    0.00    1.000    0.000    391.2  0.298E-01  0.000E+00
     523.0   7/2 -  118.7   5/2    0.0158    2.32    0.0103    5.74    0.148   -0.417    404.3  0.208E-02  0.119E-01


     523.0   7/2 -  232.4   5/2    0.0695   10.20    0.0000    0.01    0.993  -12.324    290.6  0.176E-02  0.116E-04
     523.0   7/2 -  279.9   7/2    0.0083    1.22    0.0345   19.26    0.010    0.099    243.1  0.860E-04  0.871E-02
     523.0   7/2 -  523.0   7/2   -1.0111            0.3787
     523.0   7/2 -  521.4   9/2    0.0068    0.99    0.4158  232.25    0.000   -0.000      1.6  0.803E-15  0.287E-07
    1238.6   7/2 -    0.0   3/2    0.0013    0.19    0.0000    0.00    1.000    0.000   1238.6  0.464E-01  0.000E+00


    1238.6   7/2 -  131.8   3/2    0.0007    0.11    0.0000    0.00    1.000    0.000   1106.7  0.147E-01  0.000E+00
    1238.6   7/2 -  933.9   3/2    0.2839   41.70    0.0000    0.00    1.000    0.000    304.7  0.910E-02  0.000E+00
    1238.6   7/2 -  118.7   5/2    0.0049    0.71    0.0018    0.98    0.706   -1.551   1119.8  0.104E+00  0.434E-01
    1238.6   7/2 -  232.4   5/2    0.0000    0.00    0.0007    0.39    0.022   -0.148   1006.1  0.279E-03  0.127E-01
    1238.6   7/2 -  279.9   7/2    0.0006    0.08    0.0254   14.16    0.014   -0.120    958.6  0.567E-02  0.393E+00


    1238.6   7/2 -  523.0   7/2    0.0003    0.04    0.0684   38.19    0.001    0.037    715.6  0.590E-03  0.441E+00
    1238.6   7/2 - 1238.6   7/2   -1.1115            1.1328
    1238.6   7/2 -  521.4   9/2    0.0040    0.58    0.1146   64.03    0.012    0.111    717.1  0.919E-02  0.744E+00
    1238.6   7/2 -  682.4   9/2    0.0001    0.01    0.1525   85.15    0.000    0.009    556.2  0.365E-04  0.462E+00
    1238.6   7/2 -  765.3  11/2    0.0055    0.81    0.0000    0.00    1.000    0.000    473.3  0.159E-02  0.000E+00


    1238.6   7/2 - 1143.6  11/2    0.0000    0.01    0.0000    0.00    1.000    0.000     94.9  0.348E-08  0.000E+00
     521.4   9/2 -  118.7   5/2    0.2737   40.20    0.0000    0.00    1.000    0.000    402.7  0.354E-01  0.000E+00
     521.4   9/2 -  232.4   5/2    0.0096    1.41    0.0000    0.00    1.000    0.000    289.0  0.237E-03  0.000E+00
     521.4   9/2 -  279.9   7/2    0.1028   15.10    0.0295   16.46    0.124    0.376    241.5  0.103E-02  0.730E-02
     521.4   9/2 -  521.4   9/2   -1.0322            2.4637


     682.4   9/2 -  118.7   5/2    0.0008    0.12    0.0000    0.00    1.000    0.000    563.7  0.552E-03  0.000E+00
     682.4   9/2 -  232.4   5/2    0.2939   43.16    0.0000    0.00    1.000    0.000    450.0  0.662E-01  0.000E+00
     682.4   9/2 -  279.9   7/2    0.0264    3.87    0.2315  129.27    0.013   -0.113    402.5  0.339E-02  0.266E+00
     682.4   9/2 -  523.0   7/2    0.0421    6.19    0.5750  321.15    0.001    0.036    159.4  0.529E-04  0.410E-01
     682.4   9/2 -  521.4   9/2    0.0034    0.50    0.2231  124.59    0.000   -0.017    161.0  0.453E-05  0.164E-01


     682.4   9/2 -  682.4   9/2   -1.1453            2.8533
    1759.2   9/2 -  118.7   5/2    0.0001    0.01    0.0000    0.00    1.000    0.000   1640.5  0.138E-01  0.000E+00
    1759.2   9/2 -  232.4   5/2    0.0001    0.01    0.0000    0.00    1.000    0.000   1526.8  0.517E-02  0.000E+00
    1759.2   9/2 - 1255.2   5/2    0.0030    0.44    0.0000    0.00    1.000    0.000    504.0  0.120E-02  0.000E+00
    1759.2   9/2 -  279.9   7/2    0.0001    0.01    0.2237  124.93    0.001   -0.023   1479.3  0.679E-02  0.127E+02


    1759.2   9/2 -  523.0   7/2    0.0000    0.00    0.0815   45.54    0.000    0.020   1236.2  0.107E-02  0.271E+01
    1759.2   9/2 - 1238.6   7/2    0.0004    0.07    0.0079    4.44    0.010   -0.102    520.7  0.207E-03  0.197E-01
    1759.2   9/2 -  521.4   9/2    0.0000    0.00    0.1985  110.87    0.000   -0.006   1237.8  0.246E-03  0.663E+01
    1759.2   9/2 -  682.4   9/2    0.0002    0.03    0.1059   59.13    0.002    0.041   1076.8  0.393E-02  0.233E+01
    1759.2   9/2 - 1759.2   9/2   -0.3386            3.1592


    1759.2   9/2 -  765.3  11/2    0.0000    0.00    0.0622   34.73    0.000    0.007    994.0  0.463E-04  0.107E+01
    1759.2   9/2 - 1143.6  11/2    0.0003    0.05    0.0296   16.51    0.003    0.053    615.6  0.345E-03  0.121E+00
    1759.2   9/2 - 1149.3  13/2    0.0000    0.00    0.0000    0.00    1.000    0.000    609.9  0.444E-08  0.000E+00
    1759.2   9/2 - 1349.7  13/2    0.0000    0.00    0.0000    0.00    1.000    0.000    409.5  0.615E-06  0.000E+00
     765.3  11/2 -  279.9   7/2    0.3048   44.77    0.0000    0.00    1.000    0.000    485.3  0.100E+00  0.000E+00


     765.3  11/2 -  523.0   7/2    0.0027    0.40    0.0000    0.00    1.000    0.000    242.3  0.275E-04  0.000E+00
     765.3  11/2 -  521.4   9/2    0.0607    8.92    0.0064    3.55    0.282   -0.627    243.8  0.639E-03  0.162E-02
     765.3  11/2 -  682.4   9/2    0.0167    2.45    0.0033    1.86    0.023   -0.154     82.9  0.795E-06  0.333E-04
     765.3  11/2 -  765.3  11/2   -1.1821            2.0771
    1143.6  11/2 -  279.9   7/2    0.0003    0.04    0.0000    0.00    1.000    0.000    863.7  0.176E-02  0.000E+00


    1143.6  11/2 -  523.0   7/2    0.3365   49.41    0.0000    0.00    1.000    0.000    620.7  0.378E+00  0.000E+00
    1143.6  11/2 -  521.4   9/2    0.0072    1.05    0.0132    7.39    0.127   -0.381    622.2  0.814E-02  0.561E-01
    1143.6  11/2 -  682.4   9/2    0.0360    5.29    0.0008    0.45    0.867   -2.553    461.2  0.917E-02  0.141E-02
    1143.6  11/2 -  765.3  11/2    0.0018    0.26    0.0461   25.75    0.004    0.062    378.4  0.168E-03  0.440E-01
    1143.6  11/2 - 1143.6  11/2   -1.2239            1.1807


    1789.5  11/2 -  279.9   7/2    0.0022    0.32    0.0000    0.00    1.000    0.000   1509.6  0.209E+00  0.000E+00
    1789.5  11/2 -  523.0   7/2    0.0003    0.04    0.0000    0.00    1.000    0.000   1266.5  0.117E-01  0.000E+00
    1789.5  11/2 - 1238.6   7/2    0.3356   49.28    0.0000    0.00    1.000    0.000    551.0  0.208E+00  0.000E+00
    1789.5  11/2 -  521.4   9/2    0.0044    0.65    0.0030    1.67    0.622   -1.283   1268.1  0.177E+00  0.107E+00
    1789.5  11/2 -  682.4   9/2    0.0000    0.00    0.0006    0.35    0.022    0.152   1107.1  0.341E-03  0.148E-01


    1789.5  11/2 - 1759.2   9/2    0.0004    0.05    0.0043    2.40    0.000    0.007     30.3  0.115E-09  0.211E-05
    1789.5  11/2 -  765.3  11/2    0.0001    0.02    0.0288   16.10    0.003   -0.056   1024.3  0.173E-02  0.545E+00
    1789.5  11/2 - 1143.6  11/2    0.0001    0.02    0.0877   48.96    0.000    0.021    645.9  0.180E-03  0.416E+00
    1789.5  11/2 - 1789.5  11/2   -1.2859            1.8614
    1789.5  11/2 - 1149.3  13/2    0.0041    0.61    0.1514   84.55    0.008    0.088    640.2  0.543E-02  0.699E+00


    1789.5  11/2 - 1349.7  13/2    0.0000    0.00    0.1770   98.88    0.000   -0.001    439.8  0.198E-06  0.265E+00
    1149.3  13/2 -  521.4   9/2    0.3435   50.44    0.0000    0.00    1.000    0.000    627.9  0.409E+00  0.000E+00
    1149.3  13/2 -  682.4   9/2    0.0021    0.30    0.0000    0.00    1.000    0.000    466.9  0.557E-03  0.000E+00
    1149.3  13/2 -  765.3  11/2    0.0467    6.86    0.0425   23.74    0.101    0.335    384.0  0.476E-02  0.424E-01
    1149.3  13/2 - 1143.6  11/2    0.0036    0.53    0.3680  205.53    0.000   -0.000      5.7  0.255E-12  0.117E-05


    1149.3  13/2 - 1149.3  13/2   -1.2488            3.3839
    1349.7  13/2 -  521.4   9/2    0.0002    0.03    0.0000    0.00    1.000    0.000    828.3  0.111E-02  0.000E+00
    1349.7  13/2 -  682.4   9/2    0.3422   50.25    0.0000    0.00    1.000    0.000    667.3  0.553E+00  0.000E+00
    1349.7  13/2 -  765.3  11/2    0.0139    2.04    0.2482  138.61    0.013   -0.115    584.5  0.115E-01  0.872E+00
    1349.7  13/2 - 1143.6  11/2    0.0227    3.34    0.5058  282.52    0.001    0.036    206.1  0.103E-03  0.779E-01


    1349.7  13/2 - 1149.3  13/2    0.0008    0.12    0.2074  115.84    0.000   -0.010    200.4  0.319E-05  0.294E-01
    1349.7  13/2 - 1349.7  13/2   -1.3150            3.6178
    2441.1  13/2 -  521.4   9/2    0.0001    0.01    0.0000    0.00    1.000    0.000   1919.7  0.259E-01  0.000E+00
    2441.1  13/2 -  682.4   9/2    0.0000    0.00    0.0000    0.00    1.000    0.000   1758.7  0.372E-02  0.000E+00
    2441.1  13/2 - 1759.2   9/2    0.2872   42.18    0.0000    0.00    1.000    0.000    681.9  0.517E+00  0.000E+00


    2441.1  13/2 -  765.3  11/2    0.0001    0.01    0.1614   90.16    0.001   -0.032   1675.9  0.135E-01  0.134E+02
    2441.1  13/2 - 1143.6  11/2    0.0000    0.00    0.0773   43.18    0.000    0.016   1297.5  0.765E-03  0.297E+01
    2441.1  13/2 - 1789.5  11/2    0.0004    0.06    0.0102    5.72    0.011   -0.105    651.6  0.554E-03  0.499E-01
    2441.1  13/2 - 1149.3  13/2    0.0000    0.01    0.1955  109.21    0.000   -0.015   1291.8  0.163E-02  0.742E+01
    2441.1  13/2 - 1349.7  13/2    0.0002    0.03    0.1310   73.18    0.001    0.033   1091.4  0.326E-02  0.300E+01


    2441.1  13/2 - 2441.1  13/2   -0.9158            3.5742

 TIME=  0.0 SEC
