 PARITY=+   EPS= 0.081   GAMMA= 12.0   EPS4=0.000   EPS6=0.000   LEVELS:  19  20  21  22  23
0   Z= 79   A=197   IQ=1   GSFAC= 0.75   GR=  0.40   MIN SPIN=  1/2   MAX SPIN= 13/2   KMAX= 13/2

 MICR QUADR MOMENTS:  Q0= 212.038  Q2= -34.603 FM**2


   B(E2) AND Q(E2) IN E2B2 AND EB,   B(M1) AND M(M1) INNM2 AND NM,   T(E2) AND T(M1) IN 1/PS

       E1     II      EF     IF     B(E2)             B(M1)              GD        D       EREL    T(E2)      T(M1)
                                             WU               MWU

       0.0   1/2 -    0.0   1/2    0.0000            1.9735
     713.5   1/2 -    0.0   1/2    0.0000    0.00    0.0346   19.30    0.000    0.000    713.5  0.000E+00  0.221E+00
     713.5   1/2 -  713.5   1/2    0.0000            0.1079
     713.5   1/2 -   20.2   3/2    0.0239    3.51    0.0042    2.33    0.656   -1.382    693.3  0.467E-01  0.245E-01
     713.5   1/2 -  363.9   3/2    0.0093    1.37    0.0010    0.58    0.434    0.876    349.6  0.595E-03  0.776E-03


     713.5   1/2 -  687.5   3/2    0.1246   18.30    0.0138    7.69    0.004   -0.065     26.0  0.181E-07  0.426E-05
     713.5   1/2 -  355.2   5/2    0.0076    1.12    0.0000    0.00    1.000    0.000    358.3  0.549E-03  0.000E+00
     713.5   1/2 -  504.0   5/2    0.0112    1.65    0.0000    0.00    1.000    0.000    209.5  0.554E-04  0.000E+00
      20.2   3/2 -    0.0   1/2    0.0068    1.00    0.0002    0.14    0.008   -0.089     20.2  0.281E-09  0.356E-07
      20.2   3/2 -   20.2   3/2    0.2196            0.4417


     363.9   3/2 -    0.0   1/2    0.0684   10.05    0.0011    0.63    0.848    2.358    363.9  0.533E-02  0.958E-03
     363.9   3/2 -   20.2   3/2    0.0459    6.74    0.0039    2.20    0.488    0.977    343.7  0.269E-02  0.281E-02
     363.9   3/2 -  363.9   3/2   -0.2678           -0.2198
     363.9   3/2 -  355.2   5/2    0.0031    0.45    0.3490  194.91    0.000   -0.001      8.7  0.185E-11  0.403E-05
     687.5   3/2 -    0.0   1/2    0.0103    1.51    0.0016    0.88    0.682   -1.464    687.5  0.193E-01  0.900E-02


     687.5   3/2 -   20.2   3/2    0.0175    2.57    0.0111    6.21    0.327   -0.697    667.3  0.282E-01  0.581E-01
     687.5   3/2 -  363.9   3/2    0.0040    0.59    0.0669   37.37    0.004    0.066    323.6  0.173E-03  0.399E-01
     687.5   3/2 -  687.5   3/2   -0.3411            0.2705
     687.5   3/2 -  355.2   5/2    0.0128    1.87    0.1082   60.46    0.009    0.095    332.3  0.631E-03  0.699E-01
     687.5   3/2 -  504.0   5/2    0.0009    0.13    0.2754  153.81    0.000    0.009    183.5  0.232E-05  0.299E-01


     687.5   3/2 -  571.1   7/2    0.0159    2.34    0.0000    0.00    1.000    0.000    116.3  0.414E-05  0.000E+00
     355.2   5/2 -    0.0   1/2    0.0255    3.75    0.0000    0.00    1.000    0.000    355.2  0.176E-02  0.000E+00
     355.2   5/2 -   20.2   3/2    0.1022   15.01    0.0038    2.10    0.679    1.454    335.0  0.526E-02  0.249E-02
     355.2   5/2 -  355.2   5/2   -0.2778            1.4566
     504.0   5/2 -    0.0   1/2    0.0590    8.66    0.0000    0.00    1.000    0.000    504.0  0.234E-01  0.000E+00


     504.0   5/2 -   20.2   3/2    0.0199    2.92    0.0989   55.23    0.032   -0.181    483.8  0.642E-02  0.197E+00
     504.0   5/2 -  363.9   3/2    0.0325    4.77    0.6579  367.46    0.001    0.026    140.1  0.214E-04  0.318E-01
     504.0   5/2 -  355.2   5/2    0.0086    1.26    0.2401  134.08    0.001   -0.023    148.8  0.762E-05  0.139E-01
     504.0   5/2 -  504.0   5/2   -0.4853            2.2655
    1606.9   5/2 -    0.0   1/2    0.0008    0.11    0.0000    0.00    1.000    0.000   1606.9  0.982E-01  0.000E+00


    1606.9   5/2 -  713.5   1/2    0.0127    1.86    0.0000    0.00    1.000    0.000    893.4  0.879E-01  0.000E+00
    1606.9   5/2 -   20.2   3/2    0.0001    0.02    0.2918  162.97    0.001   -0.030   1586.7  0.184E-01  0.205E+02
    1606.9   5/2 -  363.9   3/2    0.0004    0.06    0.0723   40.38    0.006   -0.076   1243.0  0.142E-01  0.244E+01
    1606.9   5/2 -  687.5   3/2    0.0042    0.61    0.0410   22.87    0.056   -0.245    919.4  0.335E-01  0.560E+00
    1606.9   5/2 -  355.2   5/2    0.0005    0.07    0.1241   69.31    0.004    0.065   1251.7  0.178E-01  0.428E+01


    1606.9   5/2 -  504.0   5/2    0.0007    0.11    0.0380   21.22    0.016    0.127   1102.9  0.145E-01  0.897E+00
    1606.9   5/2 - 1606.9   5/2    0.6086            2.9305
    1606.9   5/2 -  571.1   7/2    0.0000    0.00    0.0237   13.23    0.000   -0.016   1035.8  0.114E-03  0.463E+00
    1606.9   5/2 - 1358.0   7/2    0.0026    0.39    0.0133    7.41    0.008    0.092    249.0  0.307E-04  0.360E-02
    1606.9   5/2 - 1590.6   7/2    0.0032    0.47    0.0024    1.35    0.000    0.016     16.3  0.448E-10  0.184E-06


    1606.9   5/2 - 1361.1   9/2    0.0001    0.02    0.0000    0.00    1.000    0.000    245.8  0.128E-05  0.000E+00
    1606.9   5/2 - 1551.0   9/2    0.0001    0.02    0.0000    0.00    1.000    0.000     55.9  0.739E-09  0.000E+00
     571.1   7/2 -   20.2   3/2    0.0706   10.37    0.0000    0.00    1.000    0.000    550.9  0.437E-01  0.000E+00
     571.1   7/2 -  363.9   3/2    0.0040    0.59    0.0000    0.00    1.000    0.000    207.2  0.187E-04  0.000E+00
     571.1   7/2 -  355.2   5/2    0.0440    6.47    0.0037    2.08    0.276   -0.618    215.9  0.252E-03  0.661E-03


     571.1   7/2 -  504.0   5/2    0.0097    1.42    0.0027    1.49    0.011   -0.107     67.1  0.161E-06  0.142E-04
     571.1   7/2 -  571.1   7/2   -0.5451            1.3770
    1358.0   7/2 -   20.2   3/2    0.0001    0.01    0.0000    0.00    1.000    0.000   1337.7  0.477E-02  0.000E+00
    1358.0   7/2 -  363.9   3/2    0.0988   14.51    0.0000    0.00    1.000    0.000    994.0  0.117E+01  0.000E+00
    1358.0   7/2 -  687.5   3/2    0.0001    0.01    0.0000    0.00    1.000    0.000    670.5  0.853E-04  0.000E+00


    1358.0   7/2 -  355.2   5/2    0.0076    1.11    0.0091    5.08    0.367   -0.762   1002.7  0.936E-01  0.161E+00
    1358.0   7/2 -  504.0   5/2    0.0245    3.60    0.0003    0.16    0.978   -6.605    854.0  0.136E+00  0.312E-02
    1358.0   7/2 -  571.1   7/2    0.0028    0.40    0.0110    6.13    0.097    0.328    786.8  0.101E-01  0.942E-01
    1358.0   7/2 - 1358.0   7/2   -0.5801            0.5255
    1590.6   7/2 -   20.2   3/2    0.0024    0.35    0.0000    0.00    1.000    0.000   1570.4  0.277E+00  0.000E+00


    1590.6   7/2 -  363.9   3/2    0.0018    0.27    0.0000    0.00    1.000    0.000   1226.7  0.622E-01  0.000E+00
    1590.6   7/2 -  687.5   3/2    0.0914   13.42    0.0000    0.00    1.000    0.000    903.1  0.670E+00  0.000E+00
    1590.6   7/2 -  355.2   5/2    0.0146    2.14    0.0030    1.68    0.836   -2.261   1235.4  0.511E+00  0.100E+00
    1590.6   7/2 -  504.0   5/2    0.0000    0.00    0.0006    0.32    0.003    0.051   1086.6  0.337E-04  0.128E-01
    1590.6   7/2 -  571.1   7/2    0.0009    0.14    0.0086    4.78    0.074   -0.282   1019.5  0.127E-01  0.160E+00


    1590.6   7/2 - 1358.0   7/2    0.0008    0.12    0.1221   68.22    0.000    0.016    232.7  0.666E-05  0.271E-01
    1590.6   7/2 - 1590.6   7/2   -0.6097            0.8743
    1590.6   7/2 - 1361.1   9/2    0.0110    1.62    0.1870  104.43    0.002    0.046    229.5  0.856E-04  0.398E-01
    1590.6   7/2 - 1551.0   9/2    0.0000    0.00    0.3867  215.98    0.000   -0.000     39.6  0.198E-10  0.423E-03
    1361.1   9/2 -  355.2   5/2    0.1060   15.57    0.0000    0.00    1.000    0.000   1005.9  0.133E+01  0.000E+00


    1361.1   9/2 -  504.0   5/2    0.0021    0.31    0.0000    0.00    1.000    0.000    857.1  0.120E-01  0.000E+00
    1361.1   9/2 -  571.1   7/2    0.0289    4.24    0.0063    3.53    0.664    1.405    790.0  0.108E+00  0.549E-01
    1361.1   9/2 - 1358.0   7/2    0.0029    0.42    0.2903  162.11    0.000   -0.000      3.2  0.112E-13  0.163E-06
    1361.1   9/2 - 1361.1   9/2   -0.6149            2.4575
    1551.0   9/2 -  355.2   5/2    0.0001    0.01    0.0000    0.00    1.000    0.000   1195.8  0.187E-02  0.000E+00


    1551.0   9/2 -  504.0   5/2    0.1109   16.29    0.0000    0.00    1.000    0.000   1047.0  0.170E+01  0.000E+00
    1551.0   9/2 -  571.1   7/2    0.0082    1.21    0.1037   57.91    0.050   -0.230    979.9  0.907E-01  0.172E+01
    1551.0   9/2 - 1358.0   7/2    0.0127    1.86    0.5260  293.78    0.001    0.025    193.0  0.414E-04  0.666E-01
    1551.0   9/2 - 1361.1   9/2    0.0009    0.13    0.2113  118.02    0.000   -0.010    189.9  0.263E-05  0.255E-01
    1551.0   9/2 - 1551.0   9/2   -0.6850            2.9730


    2759.2   9/2 -  355.2   5/2    0.0001    0.02    0.0000    0.00    1.000    0.000   2404.0  0.124E+00  0.000E+00
    2759.2   9/2 -  504.0   5/2    0.0000    0.00    0.0000    0.00    1.000    0.000   2255.2  0.204E-01  0.000E+00
    2759.2   9/2 - 1606.9   5/2    0.0487    7.15    0.0000    0.00    1.000    0.000   1152.3  0.121E+01  0.000E+00
    2759.2   9/2 -  571.1   7/2    0.0001    0.01    0.1545   86.29    0.001   -0.035   2188.1  0.349E-01  0.285E+02
    2759.2   9/2 - 1358.0   7/2    0.0000    0.00    0.0848   47.37    0.000    0.015   1401.2  0.909E-03  0.411E+01


    2759.2   9/2 - 1590.6   7/2    0.0004    0.05    0.0459   25.66    0.007   -0.087   1168.6  0.966E-02  0.129E+01
    2759.2   9/2 - 1361.1   9/2    0.0000    0.01    0.1956  109.25    0.000   -0.016   1398.1  0.248E-02  0.941E+01
    2759.2   9/2 - 1551.0   9/2    0.0003    0.05    0.0921   51.44    0.003    0.058   1208.2  0.974E-02  0.286E+01
    2759.2   9/2 - 2759.2   9/2   -0.1965            3.1404
    2759.2   9/2 - 1640.5  11/2    0.0000    0.00    0.0408   22.79    0.000   -0.013   1118.7  0.181E-03  0.101E+01


    1640.5  11/2 -  571.1   7/2    0.1175   17.25    0.0000    0.00    1.000    0.000   1069.3  0.200E+01  0.000E+00
    1640.5  11/2 - 1358.0   7/2    0.0005    0.07    0.0000    0.00    1.000    0.000    282.5  0.102E-04  0.000E+00
    1640.5  11/2 - 1590.6   7/2    0.0013    0.20    0.0000    0.00    1.000    0.000     49.8  0.502E-08  0.000E+00
    1640.5  11/2 - 1361.1   9/2    0.0146    2.14    0.0023    1.29    0.254   -0.584    279.3  0.302E-03  0.886E-03
    1640.5  11/2 - 1551.0   9/2    0.0051    0.75    0.0037    2.08    0.008   -0.087     89.5  0.358E-06  0.468E-04


    1640.5  11/2 - 1640.5  11/2   -0.7168            2.2196
    2897.9  11/2 -  571.1   7/2    0.0000    0.00    0.0000    0.00    1.000    0.000   2326.8  0.271E-01  0.000E+00
    2897.9  11/2 - 1358.0   7/2    0.1292   18.98    0.0000    0.00    1.000    0.000   1540.0  0.137E+02  0.000E+00
    2897.9  11/2 - 1590.6   7/2    0.0000    0.01    0.0000    0.00    1.000    0.000   1307.3  0.206E-02  0.000E+00
    2897.9  11/2 - 1361.1   9/2    0.0037    0.54    0.0127    7.11    0.321   -0.687   1536.8  0.384E+00  0.813E+00


    2897.9  11/2 - 1551.0   9/2    0.0118    1.73    0.0012    0.67    0.925   -3.515   1346.9  0.639E+00  0.517E-01
    2897.9  11/2 - 2759.2   9/2    0.0008    0.11    0.0441   24.61    0.000    0.015    138.7  0.472E-06  0.207E-02
    2897.9  11/2 - 1640.5  11/2    0.0005    0.07    0.0128    7.15    0.042    0.208   1257.5  0.194E-01  0.448E+00
    2897.9  11/2 - 2897.9  11/2   -0.6893            1.3858
    2910.1  13/2 - 1361.1   9/2    0.1334   19.59    0.0000    0.00    1.000    0.000   1549.0  0.145E+02  0.000E+00


    2910.1  13/2 - 1551.0   9/2    0.0004    0.05    0.0000    0.00    1.000    0.000   1359.1  0.205E-01  0.000E+00
    2910.1  13/2 - 2759.2   9/2    0.0000    0.00    0.0000    0.00    1.000    0.000    151.0  0.884E-09  0.000E+00
    2910.1  13/2 - 1640.5  11/2    0.0124    1.83    0.0053    2.98    0.722    1.613   1269.7  0.500E+00  0.192E+00
    2910.1  13/2 - 2897.9  11/2    0.0017    0.25    0.2953  164.93    0.000   -0.001     12.2  0.567E-11  0.949E-05
    2910.1  13/2 - 2910.1  13/2   -0.7169            3.3397



 TIME=  0.0 SEC
