 PARITY=+   EPS= 0.807   GAMMA= 60.0   EPS4=0.000   EPS6=0.000   LEVELS:  17  18  19  20  21
0   Z= 79   A=197   IQ=1   GSFAC= 0.75   GR=  0.40   MIN SPIN=  1/2   MAX SPIN= 13/2   KMAX= 13/2

 MICR QUADR MOMENTS:  Q0= 984.885  Q2=******** FM**2


   B(E2) AND Q(E2) IN E2B2 AND EB,   B(M1) AND M(M1) INNM2 AND NM,   T(E2) AND T(M1) IN 1/PS

       E1     II      EF     IF     B(E2)             B(M1)              GD        D       EREL    T(E2)      T(M1)
                                             WU               MWU

    2466.1   1/2 - 2466.1   1/2    0.0000            0.0626
    2466.1   1/2 -   87.1   5/2    0.0000    0.00    0.0000    0.00    1.000    0.000   2379.0  0.261E-02  0.000E+00
    2574.7   3/2 - 2466.1   1/2    7.5635 1110.76    0.1145   63.95    0.351    0.735    108.6  0.139E-02  0.258E-02
    2574.7   3/2 - 2574.7   3/2    3.8997            0.2045
    2574.7   3/2 -   87.1   5/2    0.0000    0.00    0.0000    0.00    1.000    0.000   2487.6  0.186E-02  0.179E-16


    2574.7   3/2 -  285.8   7/2    0.0000    0.00    0.0000    0.00    1.000    0.000   2288.9  0.922E-03  0.000E+00
      87.1   5/2 -   87.1   5/2   -7.0479            3.0167
      87.1   5/2 -    0.0   9/2    0.0000    0.00    0.0000    0.00    1.000    0.000     87.1  0.152E-10  0.000E+00
    2677.6   5/2 - 2466.1   1/2    7.5635 1110.76    0.0000    0.00    1.000    0.000    211.5  0.391E-01  0.000E+00
    2677.6   5/2 - 2574.7   3/2    2.1610  317.36    0.0436   24.35    0.267    0.603    102.9  0.304E-03  0.837E-03


    2677.6   5/2 -   87.1   5/2    0.0000    0.00    0.0000    0.00    1.000    0.000   2590.5  0.856E-03  0.383E-15
    2677.6   5/2 - 2677.6   5/2    5.5710            1.0931
    2677.6   5/2 -  285.8   7/2    0.0000    0.00    0.0000    0.00    1.000    0.000   2391.8  0.136E-02  0.569E-14
    2677.6   5/2 -    0.0   9/2    0.0000    0.00    0.0000    0.00    1.000    0.000   2677.6  0.853E-15  0.000E+00
    2677.6   5/2 -  541.4   9/2    0.0000    0.00    0.0000    0.00    1.000    0.000   2136.2  0.423E-03  0.000E+00


     285.8   7/2 -   87.1   5/2   13.8351 2031.78    0.4068  227.19    0.482   -0.965    198.7  0.523E-01  0.562E-01
     285.8   7/2 -  285.8   7/2   -1.3156            2.9702
     285.8   7/2 -    0.0   9/2    0.0000    0.00    0.0000    0.00    1.000  100.893    285.8  0.205E-08  0.201E-12
     285.8   7/2 -  278.4  11/2    0.0000    0.00    0.0000    0.00    1.000    0.000      7.3  0.301E-16  0.000E+00
    2931.0   7/2 - 2574.7   3/2    9.7246 1428.12    0.0000    0.00    1.000    0.000    356.3  0.681E+00  0.000E+00


    2931.0   7/2 -   87.1   5/2    0.0000    0.00    0.0000    0.00    1.000    0.000   2843.9  0.303E-03  0.239E-13
    2931.0   7/2 - 2677.6   5/2    1.0805  158.68    0.1472   82.22    0.246    0.572    253.4  0.138E-01  0.422E-01
    2931.0   7/2 -  285.8   7/2    0.0000    0.00    0.0000    0.00    1.000    0.000   2645.2  0.127E-02  0.580E-13
    2931.0   7/2 - 2931.0   7/2    6.4995            1.0666
    2931.0   7/2 -    0.0   9/2    0.0000    0.00    0.0000    0.00    1.000    0.000   2931.0  0.231E-14  0.361E-24


    2931.0   7/2 -  541.4   9/2    0.0000    0.00    0.0000    0.00    1.000    0.000   2389.6  0.121E-02  0.500E-13
    2931.0   7/2 -  278.4  11/2    0.0000    0.00    0.0000    0.00    1.000    0.000   2652.5  0.182E-12  0.000E+00
    2931.0   7/2 -  853.6  11/2    0.0000    0.00    0.0000    0.00    1.000    0.000   2077.4  0.281E-03  0.000E+00
    2931.0   7/2 -  926.4  11/2    0.0000    0.00    0.0000    0.00    1.000    0.000   2004.6  0.157E-11  0.000E+00
       0.0   9/2 -    0.0   9/2  -10.7502            5.2188


     541.4   9/2 -   87.1   5/2    3.8738  568.90    0.0000    0.00    1.000    0.000    454.3  0.915E+00  0.000E+00
     541.4   9/2 -  285.8   7/2   11.7388 1723.93    0.5906  329.85    0.474   -0.949    255.6  0.156E+00  0.174E+00
     541.4   9/2 -    0.0   9/2    0.0000    0.00    0.0000    0.00    1.000   70.384    541.4  0.120E-07  0.243E-11
     541.4   9/2 -  541.4   9/2    1.7940            3.0863
     541.4   9/2 -  278.4  11/2    0.0000    0.00    0.0000    0.00    0.974   -6.150    263.0  0.213E-08  0.564E-10


     278.4  11/2 -    0.0   9/2   11.5237 1692.33    0.4749  265.25    0.566   -1.142    278.4  0.235E+00  0.180E+00
     278.4  11/2 -  278.4  11/2   -5.7399            5.1796
     853.6  11/2 -  285.8   7/2    6.5738  965.40    0.0000    0.00    1.000    0.000    567.8  0.473E+01  0.000E+00
     853.6  11/2 -    0.0   9/2    0.0000    0.00    0.0000    0.00    0.838   -2.273    853.6  0.167E-06  0.323E-07
     853.6  11/2 -  541.4   9/2    9.0299 1326.10    0.6903  385.54    0.469   -0.940    312.2  0.327E+00  0.370E+00


     853.6  11/2 -  278.4  11/2    0.0000    0.00    0.0000    0.00    0.988   -9.003    575.1  0.312E-07  0.385E-09
     853.6  11/2 -  853.6  11/2    3.6866            3.2902
     853.6  11/2 -  611.7  13/2    0.0000    0.00    0.0000    0.00    0.679    1.454    241.9  0.544E-09  0.257E-09
     926.4  11/2 -  285.8   7/2    0.0000    0.00    0.0000    0.00    1.000    0.000    640.7  0.240E-07  0.000E+00
     926.4  11/2 -    0.0   9/2    0.6352   93.28    0.2883  161.01    0.567   -1.145    926.4  0.529E+01  0.403E+01


     926.4  11/2 -  541.4   9/2    0.0000    0.00    0.0000    0.00    0.687   -1.481    385.0  0.103E-07  0.468E-08
     926.4  11/2 -  278.4  11/2    0.3162   46.44    0.0013    0.71    0.986   -8.501    648.0  0.441E+00  0.610E-02
     926.4  11/2 -  853.6  11/2    0.0000    0.00    0.0000    0.00    0.440   -0.886     72.9  0.722E-11  0.920E-11
     926.4  11/2 -  926.4  11/2  -11.3183            4.1224
     926.4  11/2 -  611.7  13/2    0.0401    5.89    0.0009    0.50    0.756    1.759    314.7  0.151E-02  0.488E-03


     611.7  13/2 -    0.0   9/2    1.9176  281.61    0.0000    0.00    1.000    0.000    611.7  0.200E+01  0.000E+00
     611.7  13/2 -  541.4   9/2    0.0000    0.00    0.0000    0.00    1.000    0.000     70.3  0.217E-11  0.000E+00
     611.7  13/2 -  278.4  11/2   13.4278 1971.96    0.7453  416.27    0.581   -1.178    333.2  0.673E+00  0.485E+00
     611.7  13/2 -  611.7  13/2   -2.4326            5.2596
    1222.5  13/2 -    0.0   9/2    0.0000    0.00    0.0000    0.00    1.000    0.000   1222.5  0.178E-06  0.000E+00


    1222.5  13/2 -  541.4   9/2    8.3591 1227.59    0.0000    0.00    1.000    0.000    681.1  0.150E+02  0.000E+00
    1222.5  13/2 -  278.4  11/2    0.0000    0.00    0.0000    0.00    0.245   -0.569    944.1  0.532E-07  0.164E-06
    1222.5  13/2 -  853.6  11/2    6.9659 1022.99    0.7510  419.43    0.467   -0.936    369.0  0.581E+00  0.664E+00
    1222.5  13/2 -  926.4  11/2    0.0000    0.00    0.0000    0.00    0.559   -1.126    296.1  0.126E-07  0.994E-08
    1222.5  13/2 -  611.7  13/2    0.0000    0.00    0.0000    0.00    0.993   12.349    610.9  0.631E-07  0.414E-09


    1222.5  13/2 - 1222.5  13/2    4.9336            3.5466
    1331.4  13/2 -    0.0   9/2    0.2054   30.17    0.0000    0.00    1.000    0.000   1331.4  0.105E+02  0.000E+00
    1331.4  13/2 -  541.4   9/2    0.0000    0.00    0.0000    0.00    1.000    0.000    790.0  0.985E-06  0.000E+00
    1331.4  13/2 -  278.4  11/2    0.1700   24.96    0.2815  157.24    0.317   -0.681   1052.9  0.268E+01  0.578E+01
    1331.4  13/2 -  853.6  11/2    0.0000    0.00    0.0000    0.00    0.617   -1.270    477.8  0.972E-07  0.602E-07


    1331.4  13/2 -  926.4  11/2   10.8352 1591.22    0.2714  151.59    0.819   -2.130    404.9  0.144E+01  0.317E+00
    1331.4  13/2 -  611.7  13/2    0.3046   44.73    0.0017    0.93    0.985   -8.106    719.7  0.717E+00  0.109E-01
    1331.4  13/2 - 1222.5  13/2    0.0000    0.00    0.0000    0.00    0.522   -1.046    108.8  0.587E-10  0.537E-10
    1331.4  13/2 - 1331.4  13/2   -6.2811            4.1924

 TIME=  0.0 SEC
