 PARITY=+   EPS= 0.242   GAMMA=  0.0   EPS4=0.000   EPS6=0.000   LEVELS:  18  19  20  21  22
0   Z= 79   A=197   IQ=1   GSFAC= 0.75   GR=  0.40   MIN SPIN=  1/2   MAX SPIN= 13/2   KMAX= 13/2

 MICR QUADR MOMENTS:  Q0= 771.501  Q2=   0.000 FM**2


   B(E2) AND Q(E2) IN E2B2 AND EB,   B(M1) AND M(M1) INNM2 AND NM,   T(E2) AND T(M1) IN 1/PS

       E1     II      EF     IF     B(E2)             B(M1)              GD        D       EREL    T(E2)      T(M1)
                                             WU               MWU

     888.0   1/2 -  888.0   1/2    0.0000           -0.0599
     888.0   1/2 -    0.0   3/2    0.0606    8.89    0.0175    9.78    0.654   -1.375    888.0  0.408E+00  0.216E+00
     888.0   1/2 -  227.9   5/2    0.0121    1.78    0.0000    0.00    1.000    0.000    660.1  0.186E-01  0.000E+00
     888.0   1/2 -  355.5   5/2    0.1089   15.99    0.0000    0.00    1.000    0.000    532.5  0.569E-01  0.000E+00
    2535.8   1/2 -  888.0   1/2    0.0000    0.00    0.0000    0.00    0.000    0.000   1647.8  0.000E+00  0.125E-19


    2535.8   1/2 - 2535.8   1/2    0.0000            2.3250
    2535.8   1/2 -    0.0   3/2    0.0000    0.00    0.0000    0.00    1.000    0.000   2535.8  0.320E-05  0.602E-18
    2535.8   1/2 -  922.0   3/2    0.0000    0.00    0.0000    0.00    1.000    0.000   1613.8  0.324E-05  0.529E-20
    2535.8   1/2 -  227.9   5/2    0.0000    0.00    0.0000    0.00    1.000    0.000   2308.0  0.201E-06  0.000E+00
    2535.8   1/2 -  355.5   5/2    0.0000    0.00    0.0000    0.00    1.000    0.000   2180.4  0.260E-06  0.000E+00


    2535.8   1/2 - 1651.4   5/2    0.0000    0.00    0.0000    0.00    1.000    0.000    884.4  0.256E-06  0.000E+00
       0.0   3/2 -    0.0   3/2    1.4392            0.3263
     922.0   3/2 -  888.0   1/2    1.1359  166.81    0.0385   21.48    0.023   -0.154     34.0  0.631E-06  0.266E-04
     922.0   3/2 -    0.0   3/2    0.1167   17.14    0.0047    2.61    0.936   -3.839    922.0  0.949E+00  0.644E-01
     922.0   3/2 -  922.0   3/2   -1.4522            0.4302


     922.0   3/2 -  227.9   5/2    0.0029    0.42    0.0090    5.04    0.096   -0.325    694.1  0.562E-02  0.531E-01
     922.0   3/2 -  355.5   5/2    0.0173    2.55    0.0178    9.92    0.178    0.466    566.5  0.123E-01  0.569E-01
     922.0   3/2 -  554.4   7/2    0.0018    0.26    0.0000    0.00    1.000    0.000    367.6  0.144E-03  0.000E+00
     922.0   3/2 -  732.7   7/2    0.0958   14.07    0.0000    0.00    1.000    0.000    189.3  0.284E-03  0.000E+00
     922.0   3/2 -  841.1   7/2    0.0783   11.50    0.0000    0.00    1.000    0.000     80.9  0.331E-05  0.000E+00


     227.9   5/2 -    0.0   3/2    0.2142   31.46    0.4510  251.88    0.017   -0.131    227.9  0.161E-02  0.939E-01
     227.9   5/2 -  227.9   5/2    2.4235            3.3833
     355.5   5/2 -    0.0   3/2    1.6810  246.87    0.0089    4.95    0.943    4.075    355.5  0.116E+00  0.701E-02
     355.5   5/2 -  227.9   5/2    0.3221   47.30    0.0090    5.04    0.287    0.634    127.6  0.133E-03  0.330E-03
     355.5   5/2 -  355.5   5/2   -0.2166            0.6154


    1651.4   5/2 -  888.0   1/2    1.1258  165.33    0.0000    0.00    1.000    0.000    763.4  0.356E+01  0.000E+00
    1651.4   5/2 -    0.0   3/2    0.0276    4.05    0.0000    0.02    0.999  -39.928   1651.4  0.413E+01  0.259E-02
    1651.4   5/2 -  922.0   3/2    0.3621   53.18    0.0514   28.72    0.722   -1.611    729.4  0.912E+00  0.351E+00
    1651.4   5/2 -  227.9   5/2    0.0015    0.22    0.0023    1.28    0.480    0.961   1423.5  0.107E+00  0.116E+00
    1651.4   5/2 -  355.5   5/2    0.0240    3.52    0.0078    4.34    0.782   -1.895   1295.9  0.107E+01  0.297E+00


    1651.4   5/2 - 1651.4   5/2   -2.1303            0.8413
    1651.4   5/2 -  554.4   7/2    0.0001    0.01    0.0025    1.42    0.028   -0.171   1097.0  0.172E-02  0.590E-01
    1651.4   5/2 -  732.7   7/2    0.0022    0.33    0.0008    0.45    0.619    1.273    918.7  0.177E-01  0.109E-01
    1651.4   5/2 -  841.1   7/2    0.0010    0.14    0.0309   17.25    0.014    0.118    810.3  0.406E-02  0.289E+00
    1651.4   5/2 - 1158.7   9/2    0.0006    0.09    0.0000    0.00    1.000    0.000    492.7  0.211E-03  0.000E+00


    1651.4   5/2 - 1393.4   9/2    0.0220    3.23    0.0000    0.00    1.000    0.000    258.0  0.306E-03  0.000E+00
    1651.4   5/2 - 1541.6   9/2    0.0130    1.91    0.0000    0.00    1.000    0.000    109.8  0.253E-05  0.000E+00
     554.4   7/2 -    0.0   3/2    0.0143    2.10    0.0000    0.00    1.000    0.000    554.4  0.916E-02  0.000E+00
     554.4   7/2 -  227.9   5/2    0.5228   76.77    0.0313   17.46    0.553    1.112    326.5  0.237E-01  0.192E-01
     554.4   7/2 -  355.5   5/2    0.0108    1.58    0.1514   84.58    0.002    0.044    198.9  0.410E-04  0.210E-01


     554.4   7/2 -  554.4   7/2    2.8441            2.3604
     732.7   7/2 -    0.0   3/2    0.5099   74.89    0.0000    0.00    1.000    0.000    732.7  0.131E+01  0.000E+00
     732.7   7/2 -  227.9   5/2    0.8946  131.38    0.0940   52.51    0.627    1.297    504.8  0.358E+00  0.213E+00
     732.7   7/2 -  355.5   5/2    0.2885   42.36    0.2897  161.82    0.089   -0.313    377.3  0.269E-01  0.274E+00
     732.7   7/2 -  554.4   7/2    0.3551   52.16    0.1106   61.78    0.066   -0.266    178.3  0.781E-03  0.110E-01


     732.7   7/2 -  732.7   7/2   -0.3316            2.4442
     841.1   7/2 -    0.0   3/2    0.2941   43.19    0.0000    0.00    1.000    0.000    841.1  0.151E+01  0.000E+00
     841.1   7/2 -  227.9   5/2    0.6575   96.56    0.0872   48.68    0.663    1.402    613.3  0.696E+00  0.354E+00
     841.1   7/2 -  355.5   5/2    0.9088  133.46    0.2203  123.03    0.403    0.821    485.7  0.300E+00  0.444E+00
     841.1   7/2 -  554.4   7/2    0.1002   14.71    0.0331   18.49    0.147   -0.415    286.7  0.237E-02  0.137E-01


     841.1   7/2 -  732.7   7/2    0.4305   63.22    0.2611  145.81    0.013    0.116    108.4  0.787E-04  0.586E-02
     841.1   7/2 -  841.1   7/2    0.0364            1.5542
    1158.7   9/2 -  227.9   5/2    0.2253   33.08    0.0000    0.00    1.000    0.000    930.8  0.192E+01  0.000E+00
    1158.7   9/2 -  355.5   5/2    0.0007    0.11    0.0000    0.00    1.000    0.000    803.2  0.293E-02  0.000E+00
    1158.7   9/2 -  554.4   7/2    1.9738  289.87    0.0772   43.14    0.866    2.543    604.3  0.194E+01  0.300E+00


    1158.7   9/2 -  732.7   7/2    0.0004    0.06    0.0074    4.14    0.007   -0.084    426.0  0.705E-04  0.101E-01
    1158.7   9/2 -  841.1   7/2    0.0104    1.53    0.2355  131.54    0.003    0.056    317.6  0.409E-03  0.133E+00
    1158.7   9/2 - 1158.7   9/2    0.6609            2.7720
    1393.4   9/2 -  227.9   5/2    0.3380   49.64    0.0000    0.00    1.000    0.000   1165.6  0.887E+01  0.000E+00
    1393.4   9/2 -  355.5   5/2    0.5955   87.45    0.0000    0.00    1.000    0.000   1038.0  0.875E+01  0.000E+00


    1393.4   9/2 -  554.4   7/2    0.0377    5.54    0.0218   12.18    0.458   -0.919    839.0  0.191E+00  0.227E+00
    1393.4   9/2 -  732.7   7/2    1.0542  154.82    0.0000    0.02    1.000 -104.303    660.7  0.162E+01  0.149E-03
    1393.4   9/2 -  841.1   7/2    0.0222    3.26    0.3452  192.79    0.013    0.117    552.3  0.139E-01  0.102E+01
    1393.4   9/2 - 1158.7   9/2    0.1597   23.45    0.1162   64.92    0.050   -0.229    234.7  0.139E-02  0.265E-01
    1393.4   9/2 - 1393.4   9/2   -1.2852            2.5776


    1541.6   9/2 -  227.9   5/2    0.1214   17.82    0.0000    0.00    1.000    0.000   1313.7  0.579E+01  0.000E+00
    1541.6   9/2 -  355.5   5/2    0.5725   84.07    0.0000    0.00    1.000    0.000   1186.2  0.164E+02  0.000E+00
    1541.6   9/2 -  554.4   7/2    0.0054    0.79    0.0297   16.60    0.109   -0.349    987.2  0.615E-01  0.503E+00
    1541.6   9/2 -  732.7   7/2    0.1273   18.69    0.0014    0.79    0.976    6.403    808.9  0.538E+00  0.131E-01
    1541.6   9/2 -  841.1   7/2    1.4245  209.20    0.3339  186.50    0.592    1.205    700.5  0.293E+01  0.202E+01


    1541.6   9/2 - 1158.7   9/2    0.0593    8.71    0.0268   14.95    0.184   -0.475    382.9  0.596E-02  0.265E-01
    1541.6   9/2 - 1393.4   9/2    0.1796   26.37    0.2110  117.84    0.013    0.114    148.2  0.157E-03  0.121E-01
    1541.6   9/2 - 1541.6   9/2   -0.7811            1.8110
    1902.2  11/2 -  554.4   7/2    0.5938   87.21    0.0000    0.00    1.000    0.000   1347.8  0.322E+02  0.000E+00
    1902.2  11/2 -  732.7   7/2    0.1784   26.20    0.0000    0.00    1.000    0.000   1169.5  0.476E+01  0.000E+00


    1902.2  11/2 -  841.1   7/2    0.0012    0.18    0.0000    0.00    1.000    0.000   1061.1  0.200E-01  0.000E+00
    1902.2  11/2 - 1158.7   9/2    1.6867  247.71    0.1341   74.87    0.828    2.196    743.5  0.468E+01  0.970E+00
    1902.2  11/2 - 1393.4   9/2    0.0000    0.00    0.0223   12.44    0.000   -0.003    508.8  0.491E-06  0.516E-01
    1902.2  11/2 - 1541.6   9/2    0.0008    0.11    0.3112  173.81    0.000   -0.015    360.6  0.574E-04  0.257E+00
    1902.2  11/2 - 1902.2  11/2   -0.7567            3.2560


    2059.4  11/2 -  554.4   7/2    0.0096    1.40    0.0000    0.00    1.000    0.000   1505.0  0.901E+00  0.000E+00
    2059.4  11/2 -  732.7   7/2    0.9505  139.58    0.0000    0.00    1.000    0.000   1326.7  0.477E+02  0.000E+00
    2059.4  11/2 -  841.1   7/2    0.3384   49.69    0.0000    0.00    1.000    0.000   1218.3  0.111E+02  0.000E+00
    2059.4  11/2 - 1158.7   9/2    0.1567   23.01    0.0015    0.82    0.984   -7.731    900.7  0.113E+01  0.190E-01
    2059.4  11/2 - 1393.4   9/2    0.5706   83.79    0.0001    0.07    0.999  -38.429    666.0  0.912E+00  0.618E-03


    2059.4  11/2 - 1541.6   9/2    0.0059    0.87    0.0742   41.45    0.015   -0.122    517.8  0.269E-02  0.181E+00
    2059.4  11/2 - 1902.2  11/2    0.1071   15.73    0.0337   18.80    0.052   -0.233    157.2  0.125E-03  0.230E-02
    2059.4  11/2 - 2059.4  11/2   -2.0795            2.2666
    2354.2  11/2 -  554.4   7/2    0.0024    0.35    0.0000    0.00    1.000    0.000   1799.8  0.555E+00  0.000E+00
    2354.2  11/2 -  732.7   7/2    0.0939   13.79    0.0000    0.00    1.000    0.000   1621.5  0.128E+02  0.000E+00


    2354.2  11/2 -  841.1   7/2    0.7990  117.34    0.0000    0.00    1.000    0.000   1513.0  0.773E+02  0.000E+00
    2354.2  11/2 - 1158.7   9/2    0.0141    2.08    0.0692   38.66    0.168   -0.450   1195.5  0.421E+00  0.208E+01
    2354.2  11/2 - 1393.4   9/2    0.3149   46.25    0.0004    0.22    0.998  -22.395    960.7  0.314E+01  0.627E-02
    2354.2  11/2 - 1541.6   9/2    1.2306  180.72    0.5714  319.12    0.496    0.993    812.6  0.532E+01  0.540E+01
    2354.2  11/2 - 1902.2  11/2    0.0440    6.46    0.0925   51.65    0.063   -0.260    452.0  0.101E-01  0.150E+00


    2354.2  11/2 - 2059.4  11/2    0.0602    8.84    0.1426   79.63    0.025    0.159    294.8  0.163E-02  0.643E-01
    2354.2  11/2 - 2354.2  11/2   -1.0980            2.6789
    2804.7  13/2 - 1158.7   9/2    1.0052  147.62    0.0000    0.00    1.000    0.000   1646.0  0.148E+03  0.000E+00
    2804.7  13/2 - 1393.4   9/2    0.0595    8.73    0.0000    0.00    1.000    0.000   1411.2  0.406E+01  0.000E+00
    2804.7  13/2 - 1541.6   9/2    0.0063    0.92    0.0000    0.00    1.000    0.000   1263.0  0.246E+00  0.000E+00


    2804.7  13/2 - 1902.2  11/2    1.3626  200.11    0.1266   70.68    0.859    2.465    902.5  0.995E+01  0.164E+01
    2804.7  13/2 - 2059.4  11/2    0.0824   12.10    0.1306   72.96    0.195    0.493    745.3  0.231E+00  0.952E+00
    2804.7  13/2 - 2354.2  11/2    0.0023    0.34    0.2289  127.83    0.001   -0.037    450.5  0.518E-03  0.368E+00
    2804.7  13/2 - 2804.7  13/2   -1.3632            3.5729

 TIME=  0.0 SEC
