 PARITY=+   EPS= 0.678   GAMMA= 31.4   EPS4=0.000   EPS6=0.000   LEVELS:  18  19  20  21  22
0   Z= 79   A=197   IQ=1   GSFAC= 0.75   GR=  0.40   MIN SPIN=  1/2   MAX SPIN= 13/2   KMAX= 13/2

 MICR QUADR MOMENTS:  Q0=2422.107  Q2=-445.813 FM**2


   B(E2) AND Q(E2) IN E2B2 AND EB,   B(M1) AND M(M1) INNM2 AND NM,   T(E2) AND T(M1) IN 1/PS

       E1     II      EF     IF     B(E2)             B(M1)              GD        D       EREL    T(E2)      T(M1)
                                             WU               MWU

       0.0   1/2 -    0.0   1/2    0.0000           -0.1242
     141.4   1/2 -    0.0   1/2    0.0000    0.00    0.0530   29.62    0.000    0.000    141.4  0.000E+00  0.264E-02
     141.4   1/2 -  141.4   1/2    0.0000            0.3281
    1334.2   1/2 -    0.0   1/2    0.0000    0.00    0.0000    0.00    0.000    0.000   1334.2  0.000E+00  0.115E-12
    1334.2   1/2 -  141.4   1/2    0.0000    0.00    0.0000    0.00    0.000    0.000   1192.8  0.000E+00  0.377E-14


    1334.2   1/2 - 1334.2   1/2    0.0000            2.2611
    1334.2   1/2 -  146.9   3/2    0.0000    0.00    0.0000    0.00    1.000    0.000   1187.2  0.547E-07  0.177E-14
    1334.2   1/2 -  250.2   3/2    0.0000    0.00    0.0000    0.00    1.000    0.000   1084.0  0.443E-06  0.839E-14
    1334.2   1/2 -  396.8   3/2    0.0000    0.00    0.0000    0.00    1.000    0.000    937.3  0.917E-08  0.191E-15
    1334.2   1/2 -  394.6   5/2    0.0000    0.00    0.0000    0.00    1.000    0.000    939.5  0.104E-06  0.000E+00


    1334.2   1/2 -  583.0   5/2    0.0000    0.00    0.0000    0.00    1.000    0.000    751.2  0.125E-06  0.000E+00
    1334.2   1/2 -  978.9   5/2    0.0000    0.00    0.0000    0.00    1.000    0.000    355.2  0.117E-08  0.000E+00
     146.9   3/2 -    0.0   1/2    0.1628   23.90    0.0465   25.96    0.050   -0.229    146.9  0.136E-03  0.260E-02
     146.9   3/2 -  141.4   1/2    3.6436  535.09    0.0096    5.37    0.008    0.089      5.5  0.228E-09  0.285E-07
     146.9   3/2 -  146.9   3/2    4.4631            0.1096


     250.2   3/2 -    0.0   1/2    8.0806 1186.68    0.4203  234.73    0.455   -0.913    250.2  0.966E-01  0.116E+00
     250.2   3/2 -  141.4   1/2    0.4724   69.38    0.0120    6.70    0.244   -0.568    108.7  0.877E-04  0.271E-03
     250.2   3/2 -  146.9   3/2    0.7469  109.68    0.1073   59.91    0.049   -0.227    103.2  0.107E-03  0.208E-02
     250.2   3/2 -  250.2   3/2    1.3378            1.5287
     396.8   3/2 -    0.0   1/2    1.4103  207.11    0.0052    2.89    0.967   -5.456    396.8  0.169E+00  0.569E-02


     396.8   3/2 -  141.4   1/2    8.1518 1197.15    0.1598   89.26    0.698    1.519    255.4  0.108E+00  0.469E-01
     396.8   3/2 -  146.9   3/2    0.8116  119.19    0.0182   10.18    0.658   -1.388    249.9  0.965E-02  0.501E-02
     396.8   3/2 -  250.2   3/2    0.1364   20.03    0.0004    0.24    0.828    2.192    146.7  0.113E-03  0.235E-04
     396.8   3/2 -  396.8   3/2   -4.7495            0.9625
     396.8   3/2 -  394.6   5/2    7.3657 1081.70    0.0124    6.94    0.002    0.044      2.2  0.447E-11  0.228E-08


     396.8   3/2 -  268.9   7/2    0.0000    0.00    0.0000    0.00    1.000    0.000    127.9  0.735E-10  0.000E+00
     394.6   5/2 -    0.0   1/2    3.6458  535.41    0.0000    0.00    1.000    0.000    394.6  0.426E+00  0.000E+00
     394.6   5/2 -  141.4   1/2    2.9848  438.33    0.0000    0.00    1.000    0.000    253.2  0.379E-01  0.000E+00
     394.6   5/2 -  146.9   3/2    7.9795 1171.85    0.0595   33.23    0.851   -2.388    247.7  0.908E-01  0.159E-01
     394.6   5/2 -  250.2   3/2    1.5996  234.92    0.0019    1.04    0.925   -3.524    144.5  0.123E-02  0.990E-04


     394.6   5/2 -  394.6   5/2   -1.6734            0.7394
     394.6   5/2 -  268.9   7/2    0.0000    0.00    0.0000    0.00    1.000 -405.563    125.7  0.151E-10  0.921E-16
     583.0   5/2 -    0.0   1/2    7.1441 1049.16    0.0000    0.00    1.000    0.000    583.0  0.587E+01  0.000E+00
     583.0   5/2 -  141.4   1/2    2.1704  318.74    0.0000    0.00    1.000    0.000    441.6  0.445E+00  0.000E+00
     583.0   5/2 -  146.9   3/2    2.5976  381.47    0.0033    1.86    0.990  -10.135    436.1  0.500E+00  0.486E-02


     583.0   5/2 -  250.2   3/2    0.0404    5.94    0.0051    2.83    0.380   -0.782    332.8  0.202E-02  0.329E-02
     583.0   5/2 -  396.8   3/2    1.2693  186.41    0.0000    0.03    0.998  -25.245    186.2  0.346E-02  0.543E-05
     583.0   5/2 -  394.6   5/2    0.0003    0.04    0.0015    0.82    0.005    0.070    188.3  0.851E-06  0.174E-03
     583.0   5/2 -  583.0   5/2   -1.5312            0.1705
     583.0   5/2 -  268.9   7/2    0.0000    0.00    0.0000    0.00    1.000  292.570    314.1  0.489E-09  0.570E-14


     978.9   5/2 -    0.0   1/2    0.8971  131.74    0.0000    0.00    1.000    0.000    978.9  0.984E+01  0.000E+00
     978.9   5/2 -  141.4   1/2    0.9395  137.97    0.0000    0.00    1.000    0.000    837.5  0.472E+01  0.000E+00
     978.9   5/2 -  146.9   3/2    1.0833  159.10    0.0125    6.98    0.977   -6.449    832.0  0.527E+01  0.127E+00
     978.9   5/2 -  250.2   3/2    5.7060  837.96    0.0314   17.56    0.985   -8.174    728.8  0.143E+02  0.214E+00
     978.9   5/2 -  396.8   3/2    0.1362   20.00    0.0037    2.08    0.896   -2.928    582.1  0.111E+00  0.130E-01


     978.9   5/2 -  394.6   5/2    0.2922   42.92    0.0052    2.93    0.930   -3.632    584.3  0.243E+00  0.184E-01
     978.9   5/2 -  583.0   5/2    1.4647  215.11    0.0137    7.67    0.921   -3.405    395.9  0.174E+00  0.150E-01
     978.9   5/2 -  978.9   5/2   -3.7829            2.1773
     978.9   5/2 -  268.9   7/2    0.0000    0.00    0.0000    0.00    1.000 -167.076    710.0  0.317E-08  0.113E-12
     978.9   5/2 -  807.0   7/2    7.0502 1035.38    0.0164    9.18    0.898    2.964    171.9  0.129E-01  0.147E-02


     978.9   5/2 -  923.4   7/2    0.0000    0.00    0.0000    0.00    1.000    0.000     55.6  0.382E-12  0.148E-18
     978.9   5/2 -  863.6   9/2    0.0000    0.00    0.0000    0.00    1.000    0.000    115.3  0.130E-11  0.000E+00
     268.9   7/2 -  146.9   3/2    0.0000    0.00    0.0000    0.00    1.000    0.000    122.0  0.121E-11  0.000E+00
     268.9   7/2 -  250.2   3/2    0.0000    0.00    0.0000    0.00    1.000    0.000     18.8  0.387E-16  0.000E+00
     268.9   7/2 -  268.9   7/2   -8.8208            3.4261


     807.0   7/2 -  146.9   3/2    8.0883 1187.83    0.0000    0.00    1.000    0.000    660.1  0.124E+02  0.000E+00
     807.0   7/2 -  250.2   3/2    4.4081  647.35    0.0000    0.00    1.000    0.000    556.9  0.288E+01  0.000E+00
     807.0   7/2 -  396.8   3/2    1.0554  155.00    0.0000    0.00    1.000    0.000    410.2  0.150E+00  0.000E+00
     807.0   7/2 -  394.6   5/2    1.1348  166.66    0.2586  144.42    0.341   -0.719    412.4  0.165E+00  0.319E+00
     807.0   7/2 -  583.0   5/2    0.0448    6.58    0.1214   67.80    0.013    0.113    224.0  0.309E-03  0.240E-01


     807.0   7/2 -  268.9   7/2    0.0000    0.00    0.0000    0.00    0.998   24.438    538.1  0.916E-09  0.153E-11
     807.0   7/2 -  807.0   7/2   -1.9292            2.0065
     923.4   7/2 -  146.9   3/2    0.0000    0.00    0.0000    0.00    1.000    0.000    776.4  0.211E-08  0.000E+00
     923.4   7/2 -  250.2   3/2    0.0000    0.00    0.0000    0.00    1.000    0.000    673.2  0.307E-08  0.000E+00
     923.4   7/2 -  396.8   3/2    0.0000    0.00    0.0000    0.00    1.000    0.000    526.5  0.992E-09  0.000E+00


     923.4   7/2 -  394.6   5/2    0.0000    0.00    0.0000    0.00    1.000  -67.633    528.7  0.390E-08  0.853E-12
     923.4   7/2 -  583.0   5/2    0.0000    0.00    0.0000    0.00    0.998   21.215    340.4  0.122E-08  0.272E-11
     923.4   7/2 -  268.9   7/2    0.1033   15.18    0.2907  162.37    0.095    0.325    654.4  0.151E+00  0.143E+01
     923.4   7/2 -  807.0   7/2    0.0000    0.00    0.0000    0.00    0.561    1.131    116.3  0.225E-12  0.176E-12
     923.4   7/2 -  923.4   7/2   -6.1984            3.6456


     923.4   7/2 -  863.6   9/2    1.6229  238.33    0.0084    4.69    0.324   -0.692     59.7  0.151E-04  0.315E-04
     923.4   7/2 -  847.5  11/2    0.1573   23.10    0.0000    0.00    1.000    0.000     75.9  0.484E-05  0.000E+00
     863.6   9/2 -  394.6   5/2    0.0000    0.00    0.0000    0.00    1.000    0.000    469.0  0.521E-08  0.000E+00
     863.6   9/2 -  583.0   5/2    0.0000    0.00    0.0000    0.00    1.000    0.000    280.6  0.642E-09  0.000E+00
     863.6   9/2 -  268.9   7/2    8.3700 1229.18    0.2527  141.14    0.890   -2.850    594.7  0.760E+01  0.935E+00


     863.6   9/2 -  807.0   7/2    0.0000    0.00    0.0000    0.00    1.000  -96.298     56.6  0.626E-13  0.675E-17
     863.6   9/2 -  863.6   9/2   -4.5600            4.0742
     863.6   9/2 -  847.5  11/2    0.7590  111.47    0.0673   37.61    0.002    0.045     16.2  0.102E-07  0.500E-05
    1128.7   9/2 -  394.6   5/2   15.8747 2331.31    0.0000    0.00    1.000    0.000    734.1  0.413E+02  0.000E+00
    1128.7   9/2 -  583.0   5/2    0.1354   19.88    0.0000    0.00    1.000    0.000    545.7  0.800E-01  0.000E+00


    1128.7   9/2 -  978.9   5/2    0.0976   14.33    0.0000    0.00    1.000    0.000    149.8  0.898E-04  0.000E+00
    1128.7   9/2 -  268.9   7/2    0.0000    0.00    0.0000    0.00    1.000 -774.071    859.8  0.216E-07  0.362E-13
    1128.7   9/2 -  807.0   7/2    0.5527   81.17    0.0380   21.24    0.510   -1.021    321.7  0.232E-01  0.223E-01
    1128.7   9/2 -  923.4   7/2    0.0000    0.00    0.0000    0.00    0.993  -11.748    205.3  0.225E-10  0.163E-12
    1128.7   9/2 -  863.6   9/2    0.0000    0.00    0.0000    0.00    1.000 -342.523    265.1  0.211E-09  0.179E-14


    1128.7   9/2 - 1128.7   9/2   -2.7674            1.5471
    1128.7   9/2 -  847.5  11/2    0.0000    0.00    0.0000    0.00    1.000 -254.511    281.3  0.198E-09  0.305E-14
    1280.7   9/2 -  394.6   5/2    0.0000    0.00    0.0000    0.00    1.000    0.000    886.1  0.193E-06  0.000E+00
    1280.7   9/2 -  583.0   5/2    0.0000    0.00    0.0000    0.00    1.000    0.000    697.7  0.531E-07  0.000E+00
    1280.7   9/2 -  978.9   5/2    0.0000    0.00    0.0000    0.00    1.000    0.000    301.8  0.557E-09  0.000E+00


    1280.7   9/2 -  268.9   7/2    0.8713  127.95    0.0000    0.00    1.000 -692.350   1011.8  0.113E+02  0.237E-04
    1280.7   9/2 -  807.0   7/2    0.0000    0.00    0.0000    0.00    1.000  -52.883    473.7  0.621E-09  0.222E-12
    1280.7   9/2 -  923.4   7/2    8.0890 1187.93    0.0635   35.48    0.919   -3.357    357.3  0.575E+00  0.510E-01
    1280.7   9/2 -  863.6   9/2    0.0542    7.95    0.2469  137.91    0.026    0.163    417.1  0.834E-02  0.315E+00
    1280.7   9/2 - 1128.7   9/2    0.0000    0.00    0.0000    0.00    1.000 -352.526    152.0  0.285E-10  0.230E-15


    1280.7   9/2 - 1280.7   9/2   -4.1060            3.4977
    1280.7   9/2 -  847.5  11/2    0.0138    2.03    0.0064    3.60    0.218    0.528    433.3  0.257E-02  0.922E-02
    1280.7   9/2 - 1253.5  11/2    1.1450  168.14    0.0031    1.71    0.161    0.438     27.2  0.209E-06  0.109E-05
     847.5  11/2 -  268.9   7/2   13.8298 2031.01    0.0000    0.00    1.000    0.000    578.5  0.109E+02  0.000E+00
     847.5  11/2 -  807.0   7/2    0.0000    0.00    0.0000    0.00    1.000    0.000     40.4  0.337E-15  0.000E+00


     847.5  11/2 -  847.5  11/2  -11.1536            4.5240
    1253.5  11/2 -  268.9   7/2    0.1873   27.51    0.0000    0.00    1.000    0.000    984.6  0.211E+01  0.000E+00
    1253.5  11/2 -  807.0   7/2    0.0000    0.00    0.0000    0.00    1.000    0.000    446.4  0.915E-10  0.000E+00
    1253.5  11/2 -  923.4   7/2   11.3775 1670.86    0.0000    0.00    1.000    0.000    330.1  0.544E+00  0.000E+00
    1253.5  11/2 -  863.6   9/2    0.0944   13.86    0.0060    3.36    0.623    1.287    389.9  0.104E-01  0.626E-02


    1253.5  11/2 - 1128.7   9/2    0.0000    0.00    0.0000    0.00    0.997   19.365    124.8  0.166E-11  0.443E-14
    1253.5  11/2 -  847.5  11/2    0.0214    3.14    0.2784  155.48    0.009    0.094    406.0  0.288E-02  0.328E+00
    1253.5  11/2 - 1253.5  11/2  -10.2904            4.1846
    1702.9  11/2 -  268.9   7/2    0.0000    0.00    0.0000    0.00    1.000    0.000   1434.0  0.193E-07  0.000E+00
    1702.9  11/2 -  807.0   7/2   18.4481 2709.23    0.0000    0.00    1.000    0.000    895.9  0.130E+03  0.000E+00


    1702.9  11/2 -  923.4   7/2    0.0000    0.00    0.0000    0.00    1.000    0.000    779.6  0.202E-09  0.000E+00
    1702.9  11/2 -  863.6   9/2    0.0000    0.00    0.0000    0.00    0.981   -7.093    839.3  0.820E-07  0.163E-08
    1702.9  11/2 - 1128.7   9/2    0.5830   85.62    0.3339  186.48    0.285   -0.632    574.2  0.444E+00  0.111E+01
    1702.9  11/2 - 1280.7   9/2    0.0000    0.00    0.0000    0.00    0.957    4.724    422.2  0.168E-09  0.753E-11
    1702.9  11/2 -  847.5  11/2    0.0000    0.00    0.0000    0.00    0.966    5.329    855.5  0.286E-08  0.101E-09


    1702.9  11/2 - 1253.5  11/2    0.0000    0.00    0.0000    0.00    0.989    9.319    449.5  0.143E-09  0.164E-11
    1702.9  11/2 - 1702.9  11/2   -3.4717            2.9997
    1702.9  11/2 - 1480.4  13/2    0.0000    0.00    0.0000    0.00    0.813    2.085    222.5  0.849E-10  0.195E-10
    1480.4  13/2 -  863.6   9/2   13.7802 2023.71    0.0000    0.00    1.000    0.000    616.8  0.150E+02  0.000E+00
    1480.4  13/2 - 1128.7   9/2    0.0000    0.00    0.0000    0.00    1.000    0.000    351.7  0.777E-10  0.000E+00


    1480.4  13/2 - 1280.7   9/2    1.4673  215.48    0.0000    0.00    1.000    0.000    199.7  0.568E-02  0.000E+00
    1480.4  13/2 -  847.5  11/2    4.1457  608.82    0.2239  125.05    0.837   -2.268    632.9  0.514E+01  0.999E+00
    1480.4  13/2 - 1253.5  11/2    1.2507  183.68    0.0183   10.24    0.709   -1.561    226.9  0.918E-02  0.377E-02
    1480.4  13/2 - 1480.4  13/2   -7.0213            5.3711
    1859.8  13/2 -  863.6   9/2    1.1206  164.57    0.0000    0.00    1.000    0.000    996.2  0.134E+02  0.000E+00


    1859.8  13/2 - 1128.7   9/2    0.0000    0.00    0.0000    0.00    1.000    0.000    731.1  0.794E-07  0.000E+00
    1859.8  13/2 - 1280.7   9/2   13.1530 1931.60    0.0000    0.00    1.000    0.000    579.1  0.105E+02  0.000E+00
    1859.8  13/2 -  847.5  11/2    1.2677  186.17    0.0145    8.12    0.984   -7.872   1012.4  0.164E+02  0.265E+00
    1859.8  13/2 - 1253.5  11/2    3.9954  586.75    0.0364   20.35    0.965   -5.286    606.4  0.400E+01  0.143E+00
    1859.8  13/2 - 1702.9  11/2    0.0000    0.00    0.0000    0.00    0.029    0.174    156.9  0.141E-13  0.467E-12


    1859.8  13/2 - 1480.4  13/2    0.0989   14.52    0.0861   48.11    0.103    0.338    379.4  0.949E-02  0.828E-01
    1859.8  13/2 - 1859.8  13/2   -7.2338            3.8417
    2157.3  13/2 -  863.6   9/2    0.0000    0.00    0.0000    0.00    1.000    0.000   1293.7  0.525E-07  0.000E+00
    2157.3  13/2 - 1128.7   9/2   19.8560 2915.99    0.0000    0.00    1.000    0.000   1028.6  0.279E+03  0.000E+00
    2157.3  13/2 - 1280.7   9/2    0.0000    0.00    0.0000    0.00    1.000    0.000    876.6  0.109E-06  0.000E+00


    2157.3  13/2 -  847.5  11/2    0.0000    0.00    0.0000    0.00    1.000 -383.624   1309.8  0.550E-07  0.374E-12
    2157.3  13/2 - 1253.5  11/2    0.0000    0.00    0.0000    0.00    1.000 -682.666    903.8  0.183E-07  0.400E-13
    2157.3  13/2 - 1702.9  11/2    0.1961   28.80    0.0315   17.57    0.471   -0.944    454.4  0.463E-01  0.519E-01
    2157.3  13/2 - 1480.4  13/2    0.0000    0.00    0.0000    0.00    1.000 -108.425    676.9  0.336E-08  0.286E-12
    2157.3  13/2 - 1859.8  13/2    0.0000    0.00    0.0000    0.00    1.000 -413.757    297.5  0.843E-09  0.493E-14


    2157.3  13/2 - 2157.3  13/2   -3.7535            2.3496

 TIME=  0.0 SEC
