 PARITY=+   EPS= 0.371   GAMMA= 47.0   EPS4=0.000   EPS6=0.000   LEVELS:  18  19  20  21  22
0   Z= 79   A=197   IQ=1   GSFAC= 0.75   GR=  0.40   MIN SPIN=  1/2   MAX SPIN= 13/2   KMAX= 13/2

 MICR QUADR MOMENTS:  Q0= 773.144  Q2=-475.702 FM**2


   B(E2) AND Q(E2) IN E2B2 AND EB,   B(M1) AND M(M1) INNM2 AND NM,   T(E2) AND T(M1) IN 1/PS

       E1     II      EF     IF     B(E2)             B(M1)              GD        D       EREL    T(E2)      T(M1)
                                             WU               MWU

     987.1   1/2 -  987.1   1/2    0.0000            1.2081
     987.1   1/2 -  727.9   3/2    0.2614   38.38    0.0716   40.00    0.145    0.412    259.2  0.373E-02  0.220E-01
    2320.0   1/2 -  987.1   1/2    0.0000    0.00    0.0002    0.14    0.000    0.000   1332.9  0.000E+00  0.103E-01
    2320.0   1/2 - 2320.0   1/2    0.0000           -0.3088
    2320.0   1/2 -  727.9   3/2    0.5138   75.46    0.5950  332.29    0.603   -1.232   1592.1  0.641E+02  0.423E+02


    2320.0   1/2 - 1119.9   3/2    0.0633    9.30    0.0001    0.06    0.998  -23.873   1200.1  0.192E+01  0.337E-02
    2320.0   1/2 - 1160.8   3/2    0.0029    0.42    0.0307   17.14    0.081   -0.296   1159.2  0.738E-01  0.841E+00
    2320.0   1/2 - 1064.8   5/2    0.1243   18.25    0.0000    0.00    1.000    0.000   1255.2  0.472E+01  0.000E+00
    2320.0   1/2 - 1497.3   5/2    0.0237    3.49    0.0000    0.00    1.000    0.000    822.7  0.109E+00  0.000E+00
    2320.0   1/2 - 1676.6   5/2    0.0093    1.37    0.0000    0.00    1.000    0.000    643.4  0.126E-01  0.000E+00


     727.9   3/2 -  727.9   3/2   -1.6921            1.6443
    1119.9   3/2 -  987.1   1/2    1.2091  177.57    0.0041    2.29    0.783    1.900    132.8  0.609E-03  0.169E-03
    1119.9   3/2 -  727.9   3/2    0.2266   33.28    0.0057    3.20    0.808    2.051    392.0  0.256E-01  0.608E-02
    1119.9   3/2 - 1119.9   3/2   -0.3617            0.4542
    1119.9   3/2 - 1064.8   5/2    0.0516    7.58    0.0022    1.20    0.048   -0.224     55.1  0.320E-06  0.635E-05


    1160.8   3/2 -  987.1   1/2    0.5743   84.33    0.0411   22.94    0.226   -0.541    173.7  0.111E-02  0.379E-02
    1160.8   3/2 -  727.9   3/2    0.2485   36.49    0.0291   16.23    0.526   -1.054    432.9  0.461E-01  0.415E-01
    1160.8   3/2 - 1119.9   3/2    1.6601  243.80    0.0327   18.25    0.056   -0.242     40.9  0.231E-05  0.392E-04
    1160.8   3/2 - 1160.8   3/2    0.0822            0.0994
    1160.8   3/2 - 1064.8   5/2    0.0285    4.19    0.0303   16.91    0.006   -0.078     96.0  0.283E-05  0.471E-03


    1064.8   5/2 -  987.1   1/2    0.1499   22.01    0.0000    0.00    1.000    0.000     77.7  0.518E-05  0.000E+00
    1064.8   5/2 -  727.9   3/2    2.8231  414.59    0.1890  105.56    0.540   -1.084    336.9  0.150E+00  0.127E+00
    1064.8   5/2 - 1064.8   5/2    0.8339            1.9808
    1497.3   5/2 -  987.1   1/2    0.0643    9.45    0.0000    0.00    1.000    0.000    510.2  0.271E-01  0.000E+00
    1497.3   5/2 -  727.9   3/2    0.0021    0.31    0.0018    1.03    0.320   -0.685    769.4  0.695E-02  0.148E-01


    1497.3   5/2 - 1119.9   3/2    1.0325  151.63    0.0484   27.02    0.678    1.452    377.4  0.964E-01  0.458E-01
    1497.3   5/2 - 1160.8   3/2    2.2158  325.41    0.0288   16.08    0.858   -2.458    336.5  0.117E+00  0.193E-01
    1497.3   5/2 - 1064.8   5/2    0.0008    0.12    0.0208   11.64    0.005   -0.070    432.5  0.146E-03  0.297E-01
    1497.3   5/2 - 1497.3   5/2    0.6339            0.9291
    1497.3   5/2 - 1472.4   7/2    0.0077    1.14    0.0225   12.55    0.000   -0.012     24.9  0.902E-09  0.610E-05


    1676.6   5/2 -  987.1   1/2    1.7048  250.36    0.0000    0.00    1.000    0.000    689.4  0.324E+01  0.000E+00
    1676.6   5/2 -  727.9   3/2    0.0908   13.33    0.0169    9.45    0.770    1.829    948.6  0.851E+00  0.254E+00
    1676.6   5/2 - 1119.9   3/2    0.4027   59.15    0.2421  135.22    0.263   -0.598    556.6  0.263E+00  0.735E+00
    1676.6   5/2 - 1160.8   3/2    0.1994   29.29    0.1539   85.96    0.193   -0.489    515.8  0.888E-01  0.372E+00
    1676.6   5/2 - 1064.8   5/2    0.0885   12.99    0.0456   25.47    0.335    0.709    611.7  0.925E-01  0.184E+00


    1676.6   5/2 - 1497.3   5/2    0.0073    1.07    0.0044    2.43    0.036    0.193    179.2  0.165E-04  0.442E-03
    1676.6   5/2 - 1676.6   5/2    2.5908            1.8325
    1676.6   5/2 - 1472.4   7/2    0.0154    2.26    0.0718   40.08    0.006   -0.079    204.1  0.665E-04  0.107E-01
    1472.4   7/2 -  727.9   3/2    1.4056  206.42    0.0000    0.00    1.000    0.000    744.5  0.392E+01  0.000E+00
    1472.4   7/2 - 1119.9   3/2    0.1052   15.44    0.0000    0.00    1.000    0.000    352.5  0.698E-02  0.000E+00


    1472.4   7/2 - 1160.8   3/2    0.0794   11.66    0.0000    0.00    1.000    0.000    311.6  0.285E-02  0.000E+00
    1472.4   7/2 - 1064.8   5/2    1.5926  233.88    0.1643   91.77    0.527   -1.057    407.6  0.219E+00  0.196E+00
    1472.4   7/2 - 1472.4   7/2    2.0085            1.8993
    1472.4   7/2 -  995.4  11/2    0.0000    0.00    0.0000    0.00    1.000    0.000    477.0  0.365E-11  0.000E+00
    1922.2   7/2 -  727.9   3/2    0.0089    1.31    0.0000    0.00    1.000    0.000   1194.3  0.264E+00  0.000E+00


    1922.2   7/2 - 1119.9   3/2    1.8617  273.40    0.0000    0.00    1.000    0.000    802.3  0.755E+01  0.000E+00
    1922.2   7/2 - 1160.8   3/2    0.0002    0.03    0.0000    0.00    1.000    0.000    761.4  0.614E-03  0.000E+00
    1922.2   7/2 - 1064.8   5/2    0.1044   15.33    0.0000    0.00    1.000   95.354    857.4  0.590E+00  0.649E-04
    1922.2   7/2 - 1497.3   5/2    1.2509  183.70    0.0009    0.48    0.995  -13.470    424.9  0.211E+00  0.116E-02
    1922.2   7/2 - 1676.6   5/2    0.4390   64.48    0.0045    2.51    0.803    2.020    245.6  0.479E-02  0.117E-02


    1922.2   7/2 - 1472.4   7/2    0.0167    2.45    0.0028    1.54    0.459    0.921    449.8  0.374E-02  0.441E-02
    1922.2   7/2 - 1922.2   7/2    1.7365            1.2409
    1922.2   7/2 -  995.4  11/2    0.0000    0.00    0.0000    0.00    1.000    0.000    926.8  0.204E-09  0.000E+00
    2093.5   7/2 -  727.9   3/2    0.0156    2.30    0.0000    0.00    1.000    0.000   1365.5  0.906E+00  0.000E+00
    2093.5   7/2 - 1119.9   3/2    0.1129   16.57    0.0000    0.00    1.000    0.000    973.5  0.120E+01  0.000E+00


    2093.5   7/2 - 1160.8   3/2    1.6215  238.13    0.0000    0.00    1.000    0.000    932.7  0.140E+02  0.000E+00
    2093.5   7/2 - 1064.8   5/2    0.1531   22.48    0.0088    4.93    0.927   -3.566   1028.6  0.215E+01  0.169E+00
    2093.5   7/2 - 1497.3   5/2    0.6511   95.62    0.0014    0.80    0.991   10.608    596.1  0.598E+00  0.531E-02
    2093.5   7/2 - 1676.6   5/2    0.0665    9.76    0.0573   31.99    0.123   -0.374    416.9  0.102E-01  0.730E-01
    2093.5   7/2 - 1472.4   7/2    0.0580    8.52    0.0326   18.20    0.322   -0.690    621.0  0.654E-01  0.137E+00


    2093.5   7/2 - 1922.2   7/2    0.0258    3.78    0.0389   21.72    0.013   -0.116    171.3  0.463E-04  0.344E-02
    2093.5   7/2 - 2093.5   7/2    2.8634            0.7151
    2093.5   7/2 -  995.4  11/2    0.0000    0.00    0.0000    0.00    1.000    0.000   1098.1  0.220E-10  0.000E+00
    2125.6   9/2 - 1064.8   5/2    2.0705  304.07    0.0000    0.00    1.000    0.000   1060.8  0.339E+02  0.000E+00
    2125.6   9/2 - 1497.3   5/2    0.0017    0.25    0.0000    0.00    1.000    0.000    628.3  0.200E-02  0.000E+00


    2125.6   9/2 - 1676.6   5/2    0.0503    7.38    0.0000    0.00    1.000    0.000    449.0  0.112E-01  0.000E+00
    2125.6   9/2 - 1472.4   7/2    0.9249  135.83    0.3185  177.87    0.462   -0.927    653.2  0.134E+01  0.156E+01
    2125.6   9/2 - 1922.2   7/2    0.0466    6.85    0.0024    1.33    0.360   -0.751    203.4  0.198E-03  0.352E-03
    2125.6   9/2 - 2093.5   7/2    0.0487    7.16    0.0488   27.23    0.001   -0.027     32.1  0.204E-07  0.285E-04
    2125.6   9/2 - 2125.6   9/2    2.5400            2.7500


    2125.6   9/2 -  995.4  11/2    0.0000    0.00    0.0000    0.00    1.000 -205.311   1130.2  0.522E-09  0.124E-13
    2125.6   9/2 -    0.0  13/2    0.0000    0.00    0.0000    0.00    1.000    0.000   2125.6  0.223E-08  0.000E+00
    2125.6   9/2 - 2092.1  13/2    0.0000    0.00    0.0000    0.00    1.000    0.000     33.6  0.247E-16  0.000E+00
    2616.9   9/2 - 1064.8   5/2    0.0008    0.12    0.0000    0.00    1.000    0.000   1552.1  0.910E-01  0.000E+00
    2616.9   9/2 - 1497.3   5/2    2.1167  310.86    0.0000    0.00    1.000    0.000   1119.6  0.454E+02  0.000E+00


    2616.9   9/2 - 1676.6   5/2    0.0895   13.14    0.0000    0.00    1.000    0.000    940.4  0.803E+00  0.000E+00
    2616.9   9/2 - 1472.4   7/2    0.0031    0.45    0.0002    0.11    0.936   -3.834   1144.5  0.732E-01  0.498E-02
    2616.9   9/2 - 1922.2   7/2    0.4659   68.43    0.0749   41.82    0.676    1.443    694.7  0.920E+00  0.442E+00
    2616.9   9/2 - 2093.5   7/2    0.8466  124.34    0.0721   40.28    0.690   -1.493    523.5  0.406E+00  0.182E+00
    2616.9   9/2 - 2125.6   9/2    0.0009    0.13    0.0160    8.94    0.009   -0.097    491.3  0.317E-03  0.334E-01


    2616.9   9/2 - 2616.9   9/2    2.3415            1.7443
    2616.9   9/2 -  995.4  11/2    0.0000    0.00    0.0000    0.00    1.000   70.033   1621.5  0.234E-08  0.477E-12
    2616.9   9/2 -    0.0  13/2    0.0000    0.00    0.0000    0.00    1.000    0.000   2616.9  0.418E-08  0.000E+00
    2616.9   9/2 - 2092.1  13/2    0.0000    0.00    0.0000    0.00    1.000    0.000    524.9  0.176E-10  0.000E+00
    2947.6   9/2 - 1064.8   5/2    0.0048    0.70    0.0000    0.00    1.000    0.000   1882.8  0.138E+01  0.000E+00


    2947.6   9/2 - 1497.3   5/2    0.0081    1.19    0.0000    0.00    1.000    0.000   1450.3  0.636E+00  0.000E+00
    2947.6   9/2 - 1676.6   5/2    2.5369  372.56    0.0000    0.00    1.000    0.000   1271.0  0.103E+03  0.000E+00
    2947.6   9/2 - 1472.4   7/2    0.0435    6.39    0.0504   28.15    0.566    1.141   1475.2  0.371E+01  0.285E+01
    2947.6   9/2 - 1922.2   7/2    0.1405   20.64    0.1870  104.43    0.354   -0.740   1025.4  0.194E+01  0.355E+01
    2947.6   9/2 - 2093.5   7/2    0.0730   10.73    0.1714   95.72    0.177   -0.464    854.1  0.405E+00  0.188E+01


    2947.6   9/2 - 2125.6   9/2    0.0147    2.16    0.0544   30.36    0.112    0.356    822.0  0.673E-01  0.531E+00
    2947.6   9/2 - 2616.9   9/2    0.0186    2.73    0.0001    0.05    0.936   -3.810    330.7  0.898E-03  0.618E-04
    2947.6   9/2 - 2947.6   9/2    3.2583            2.5287
    2947.6   9/2 -  995.4  11/2    0.0000    0.00    0.0000    0.00    0.995   14.854   1952.2  0.271E-08  0.123E-10
    2947.6   9/2 - 2723.4  11/2    0.0105    1.54    0.0556   31.03    0.007   -0.081    224.2  0.725E-04  0.110E-01


    2947.6   9/2 -    0.0  13/2    0.0000    0.00    0.0000    0.00    1.000    0.000   2947.6  0.465E-08  0.000E+00
    2947.6   9/2 - 2092.1  13/2    0.0000    0.00    0.0000    0.00    1.000    0.000    855.5  0.146E-09  0.000E+00
     995.4  11/2 -  995.4  11/2   -6.0272            5.6199
     995.4  11/2 -    0.0  13/2    0.2652   38.94    0.3151  176.00    0.366    0.760    995.4  0.316E+01  0.547E+01
    2723.4  11/2 - 1472.4   7/2    2.6018  382.09    0.0000    0.00    1.000    0.000   1250.9  0.972E+02  0.000E+00


    2723.4  11/2 - 1922.2   7/2    0.0214    3.14    0.0000    0.00    1.000    0.000    801.2  0.860E-01  0.000E+00
    2723.4  11/2 - 2093.5   7/2    0.0236    3.46    0.0000    0.00    1.000    0.000    629.9  0.285E-01  0.000E+00
    2723.4  11/2 - 2125.6   9/2    0.6210   91.20    0.1407   78.56    0.522   -1.046    597.7  0.578E+00  0.529E+00
    2723.4  11/2 - 2616.9   9/2    0.0082    1.21    0.0309   17.26    0.002   -0.046    106.4  0.137E-05  0.656E-03
    2723.4  11/2 -  995.4  11/2    0.0000    0.00    0.0000    0.00    0.995  -13.496   1728.0  0.247E-08  0.136E-10


    2723.4  11/2 - 2723.4  11/2    2.7812            2.4026
    2723.4  11/2 -    0.0  13/2    0.0000    0.00    0.0000    0.00    0.997  -17.993   2723.4  0.352E-08  0.109E-10
    2723.4  11/2 - 2092.1  13/2    0.0000    0.00    0.0000    0.00    0.988    9.079    631.3  0.536E-10  0.650E-12
       0.0  13/2 -    0.0  13/2   -5.8924            7.4995
    2092.1  13/2 -  995.4  11/2    2.5908  380.47    0.8106  452.71    0.727   -1.632   1096.7  0.501E+02  0.188E+02


    2092.1  13/2 -    0.0  13/2    0.0741   10.89    0.0000    0.00    1.000    0.000   2092.1  0.363E+02  0.106E-04
    2092.1  13/2 - 2092.1  13/2   -3.7430            5.3942

 TIME=  0.0 SEC
