 PARITY=+   EPS= 0.807   GAMMA=  9.6   EPS4=0.000   EPS6=0.000   LEVELS:  19  20  21  22  23
0   Z= 79   A=197   IQ=1   GSFAC= 0.75   GR=  0.40   MIN SPIN=  1/2   MAX SPIN= 13/2   KMAX= 13/2

 MICR QUADR MOMENTS:  Q0=4361.734  Q2=-134.357 FM**2


   B(E2) AND Q(E2) IN E2B2 AND EB,   B(M1) AND M(M1) INNM2 AND NM,   T(E2) AND T(M1) IN 1/PS

       E1     II      EF     IF     B(E2)             B(M1)              GD        D       EREL    T(E2)      T(M1)
                                             WU               MWU

       0.0   1/2 -    0.0   1/2    0.0000           -0.1609
      24.1   1/2 -    0.0   1/2    0.0000    0.00    0.0000    0.00    0.000    0.000     24.1  0.000E+00  0.633E-17
      24.1   1/2 -   24.1   1/2    0.0000            2.5391
      24.1   1/2 -    2.5   3/2    0.0000    0.00    0.0000    0.00    0.003   -0.055     21.6  0.490E-20  0.161E-17
      24.1   1/2 -   11.6   5/2    0.0000    0.00    0.0000    0.00    1.000    0.000     12.5  0.375E-15  0.000E+00


      24.1   1/2 -   13.7   5/2  114.964216883.27    0.0000    0.00    1.000    0.000     10.4  0.170E-06  0.000E+00
     470.7   1/2 -    0.0   1/2    0.0000    0.00    0.0000    0.00    0.000    0.000    470.7  0.000E+00  0.470E-15
     470.7   1/2 -   24.1   1/2    0.0000    0.00    0.0000    0.00    0.000    0.000    446.6  0.000E+00  0.592E-14
     470.7   1/2 -  470.7   1/2    0.0000            0.4350
     470.7   1/2 -    2.5   3/2    0.0000    0.00    0.0000    0.00    1.000    0.000    468.2  0.548E-07  0.855E-15


     470.7   1/2 -   55.3   3/2    0.0000    0.00    0.0000    0.00    1.000    0.000    415.4  0.360E-05  0.872E-13
     470.7   1/2 -  102.6   3/2    0.0000    0.00    0.0000    0.00    1.000  127.130    368.1  0.240E-10  0.148E-14
     470.7   1/2 -   11.6   5/2    0.0000    0.00    0.0000    0.00    1.000    0.000    459.1  0.730E-07  0.000E+00
     470.7   1/2 -   13.7   5/2    0.0000    0.01    0.0000    0.00    1.000    0.000    457.0  0.908E-05  0.000E+00
     470.7   1/2 -   24.6   5/2    0.0000    0.00    0.0000    0.00    1.000    0.000    446.1  0.220E-08  0.000E+00


       2.5   3/2 -    0.0   1/2   37.8791 5562.80    0.0627   35.01    0.003   -0.052      2.5  0.489E-10  0.181E-07
       2.5   3/2 -    2.5   3/2   -8.7167            0.4762
      55.3   3/2 -    0.0   1/2    0.0000    0.00    0.0000    0.00    0.002   -0.047     55.3  0.147E-17  0.653E-15
      55.3   3/2 -   24.1   1/2   38.8818 5710.05    0.4767  266.25    0.052   -0.235     31.2  0.141E-04  0.255E-03
      55.3   3/2 -    2.5   3/2    0.0000    0.00    0.0000    0.00    0.003    0.056     52.8  0.118E-17  0.376E-15


      55.3   3/2 -   55.3   3/2   -8.5650           -1.4298
      55.3   3/2 -   11.6   5/2    0.0000    0.00    0.0000    0.00    0.012    0.108     43.7  0.290E-13  0.247E-11
      55.3   3/2 -   13.7   5/2   16.8840 2479.53    2.0017 1117.98    0.010    0.101     41.6  0.257E-04  0.254E-02
      55.3   3/2 -   24.6   5/2    0.0000    0.00    0.0000    0.00    0.003    0.054     30.8  0.741E-18  0.258E-15
      55.3   3/2 -   17.3   7/2    0.0000    0.00    0.0000    0.00    1.000    0.000     38.0  0.286E-15  0.000E+00


      55.3   3/2 -   34.0   7/2    0.0000    0.00    0.0000    0.00    1.000    0.000     21.3  0.531E-18  0.000E+00
     102.6   3/2 -    0.0   1/2    0.0376    5.53    0.1028   57.43    0.003   -0.052    102.6  0.523E-05  0.196E-02
     102.6   3/2 -   24.1   1/2    0.0000    0.00    0.0000    0.00    0.187   -0.480     78.5  0.229E-14  0.995E-14
     102.6   3/2 -    2.5   3/2    0.1284   18.86    0.0867   48.45    0.010    0.101    100.1  0.157E-04  0.153E-02
     102.6   3/2 -   55.3   3/2    0.0000    0.00    0.0000    0.00    0.062    0.256     47.3  0.728E-15  0.111E-13


     102.6   3/2 -  102.6   3/2    8.7211            1.5911
     102.6   3/2 -   11.6   5/2    0.0464    6.81    0.0204   11.39    0.013   -0.114     91.0  0.353E-05  0.271E-03
     102.6   3/2 -   13.7   5/2    0.0000    0.00    0.0000    0.00    0.022   -0.149     88.9  0.201E-14  0.903E-13
     102.6   3/2 -   24.6   5/2    0.0215    3.16    0.0026    1.44    0.034   -0.188     78.0  0.761E-06  0.215E-04
     102.6   3/2 -   17.3   7/2    0.0409    6.01    0.0000    0.00    1.000    0.000     85.3  0.225E-05  0.000E+00


     102.6   3/2 -   34.0   7/2    0.0153    2.25    0.0000    0.00    1.000    0.000     68.6  0.283E-06  0.000E+00
     102.6   3/2 -   83.2   7/2    0.0000    0.00    0.0000    0.00    1.000    0.000     19.4  0.190E-16  0.000E+00
      11.6   5/2 -    0.0   1/2   37.8951 5565.15    0.0000    0.00    1.000    0.000     11.6  0.969E-07  0.000E+00
      11.6   5/2 -    2.5   3/2   10.6724 1567.32    0.0973   54.35    0.006   -0.079      9.1  0.792E-08  0.127E-05
      11.6   5/2 -   11.6   5/2  -12.3170            0.8074


      13.7   5/2 -    0.0   1/2    0.0000    0.00    0.0000    0.00    1.000    0.000     13.7  0.196E-15  0.000E+00
      13.7   5/2 -    2.5   3/2    0.0000    0.00    0.0000    0.00    0.009   -0.096     11.2  0.198E-16  0.216E-14
      13.7   5/2 -   11.6   5/2    0.0000    0.00    0.0000    0.00    0.000   -0.000      2.1  0.156E-22  0.511E-15
      13.7   5/2 -   13.7   5/2  -12.6450            4.0041
      13.7   5/2 -   13.0   9/2   91.323313411.44    0.0000    0.00    1.000    0.000      0.8  0.266E-12  0.000E+00


      24.6   5/2 -    0.0   1/2    0.0187    2.75    0.0000    0.00    1.000    0.000     24.6  0.205E-08  0.000E+00
      24.6   5/2 -   24.1   1/2    0.0000    0.00    0.0000    0.00    1.000    0.000      0.5  0.171E-26  0.000E+00
      24.6   5/2 -    2.5   3/2    0.2018   29.63    0.0002    0.12    0.239   -0.560     22.0  0.128E-07  0.408E-07
      24.6   5/2 -   11.6   5/2    1.1455  168.23    0.0000    0.00    0.997  -17.993     13.0  0.515E-08  0.159E-10
      24.6   5/2 -   13.7   5/2    0.0000    0.00    0.0000    0.00    0.157   -0.431     10.8  0.261E-17  0.140E-16


      24.6   5/2 -   24.6   5/2   15.4375            0.6734
      24.6   5/2 -   17.3   7/2    0.8476  124.47    0.0001    0.06    0.224    0.538      7.2  0.206E-09  0.714E-09
      24.6   5/2 -   13.0   9/2    0.0000    0.00    0.0000    0.00    1.000    0.000     11.6  0.391E-19  0.000E+00
      17.3   7/2 -    2.5   3/2   48.4475 7114.84    0.0000    0.00    1.000    0.000     14.8  0.418E-06  0.000E+00
      17.3   7/2 -   11.6   5/2    5.4936  806.77    0.0826   46.16    0.002   -0.039      5.7  0.416E-09  0.274E-06


      17.3   7/2 -   13.7   5/2    0.0000    0.00    0.0000    0.00    0.001   -0.028      3.6  0.315E-19  0.401E-16
      17.3   7/2 -   17.3   7/2  -14.2237            1.3933
      17.3   7/2 -   13.0   9/2    0.0000    0.00    0.0000    0.00    0.000    0.008      4.4  0.482E-21  0.679E-17
      34.0   7/2 -    2.5   3/2    0.2814   41.32    0.0000    0.00    1.000    0.000     31.5  0.106E-06  0.000E+00
      34.0   7/2 -   11.6   5/2    0.0000    0.00    0.0003    0.19    0.000    0.006     22.4  0.236E-11  0.663E-07


      34.0   7/2 -   13.7   5/2    0.0000    0.00    0.0000    0.00    0.095    0.324     20.3  0.798E-18  0.758E-17
      34.0   7/2 -   24.6   5/2   66.9940 9838.52    0.0112    6.27    0.270   -0.608      9.4  0.616E-07  0.167E-06
      34.0   7/2 -   17.3   7/2    1.0796  158.55    0.0000    0.02    0.825   -2.174     16.7  0.171E-07  0.361E-08
      34.0   7/2 -   34.0   7/2    2.6220            1.1497
      34.0   7/2 -   13.0   9/2    0.0000    0.00    0.0000    0.00    0.000    0.013     21.0  0.445E-20  0.249E-16


      34.0   7/2 -   33.3   9/2    2.9766  437.13    0.0001    0.05    0.010    0.102      0.7  0.593E-14  0.570E-12
      83.2   7/2 -    2.5   3/2    0.0000    0.00    0.0000    0.00    1.000    0.000     80.6  0.638E-14  0.000E+00
      83.2   7/2 -   55.3   3/2   47.4312 6965.59    0.0000    0.00    1.000    0.000     27.9  0.971E-05  0.000E+00
      83.2   7/2 -   11.6   5/2    0.0000    0.00    0.0000    0.00    0.036   -0.192     71.6  0.118E-12  0.321E-11
      83.2   7/2 -   13.7   5/2    6.5162  956.95    0.6744  376.67    0.031   -0.180     69.5  0.129E-03  0.398E-02


      83.2   7/2 -   24.6   5/2    0.0000    0.00    0.0000    0.00    0.048   -0.224     58.6  0.546E-16  0.109E-14
      83.2   7/2 -   17.3   7/2    0.0000    0.00    0.0000    0.00    0.000    0.014     65.9  0.106E-16  0.521E-13
      83.2   7/2 -   34.0   7/2    0.0000    0.00    0.0000    0.00    0.046    0.218     49.2  0.494E-17  0.104E-15
      83.2   7/2 -   83.2   7/2  -13.8673           -0.1613
      83.2   7/2 -   13.0   9/2    4.5050  661.58    1.8073 1009.38    0.008    0.092     70.2  0.938E-04  0.110E-01


      83.2   7/2 -   33.3   9/2    0.0000    0.00    0.0000    0.00    0.377   -0.777     49.9  0.948E-16  0.157E-15
      83.2   7/2 -   46.4   9/2    0.0000    0.00    0.0000    0.00    0.336   -0.711     36.8  0.619E-17  0.122E-16
      83.2   7/2 -   42.0  11/2    0.0000    0.00    0.0000    0.00    1.000    0.000     41.2  0.375E-15  0.000E+00
      83.2   7/2 -   61.4  11/2    0.0000    0.00    0.0000    0.00    1.000    0.000     21.7  0.821E-18  0.000E+00
      13.0   9/2 -   11.6   5/2    0.0000    0.00    0.0000    0.00    1.000    0.000      1.4  0.307E-20  0.000E+00


      13.0   9/2 -   13.0   9/2  -16.2031            5.0739
      33.3   9/2 -   11.6   5/2   52.7790 7750.96    0.0000    0.00    1.000    0.000     21.7  0.312E-05  0.000E+00
      33.3   9/2 -   13.7   5/2    0.0000    0.00    0.0000    0.00    1.000    0.000     19.6  0.168E-14  0.000E+00
      33.3   9/2 -   24.6   5/2    0.2718   39.91    0.0000    0.00    1.000    0.000      8.8  0.170E-09  0.000E+00
      33.3   9/2 -   17.3   7/2    3.5350  519.13    0.1006   56.18    0.006   -0.079     16.0  0.452E-07  0.725E-05


      33.3   9/2 -   13.0   9/2    0.0000    0.00    0.0000    0.00    0.000   -0.004     20.4  0.625E-20  0.468E-15
      33.3   9/2 -   33.3   9/2  -15.0798            1.6438
      33.3   9/2 -   22.5  13/2    0.0000    0.00    0.0000    0.00    1.000    0.000     10.9  0.152E-16  0.000E+00
      46.4   9/2 -   11.6   5/2    1.3306  195.40    0.0000    0.00    1.000    0.000     34.8  0.831E-06  0.000E+00
      46.4   9/2 -   13.7   5/2    0.0000    0.00    0.0000    0.00    1.000    0.000     32.7  0.482E-15  0.000E+00


      46.4   9/2 -   24.6   5/2   18.7079 2747.38    0.0000    0.00    1.000    0.000     21.8  0.113E-05  0.000E+00
      46.4   9/2 -   17.3   7/2    0.0181    2.65    0.0023    1.31    0.005    0.067     29.1  0.458E-08  0.101E-05
      46.4   9/2 -   34.0   7/2   54.7417 8039.20    0.0168    9.40    0.257   -0.588     12.4  0.195E-06  0.563E-06
      46.4   9/2 -   13.0   9/2    0.0000    0.00    0.0000    0.00    0.001    0.024     33.4  0.457E-19  0.768E-16
      46.4   9/2 -   33.3   9/2    1.5888  233.33    0.0000    0.00    0.959    4.837     13.1  0.743E-08  0.318E-09


      46.4   9/2 -   46.4   9/2   -4.7257            1.5950
      46.4   9/2 -   42.0  11/2    2.0443  300.22    0.0019    1.08    0.014    0.120      4.4  0.429E-10  0.297E-08
      46.4   9/2 -   22.5  13/2    0.0000    0.00    0.0000    0.00    1.000    0.000     23.9  0.179E-16  0.000E+00
      42.0  11/2 -   17.3   7/2   56.4309 8287.25    0.0000    0.00    1.000    0.000     24.6  0.626E-05  0.000E+00
      42.0  11/2 -   34.0   7/2    0.3109   45.65    0.0000    0.00    1.000    0.000      8.0  0.121E-09  0.000E+00


      42.0  11/2 -   13.0   9/2    0.0000    0.00    0.0000    0.00    0.051   -0.231     29.0  0.225E-18  0.420E-17
      42.0  11/2 -   33.3   9/2    2.9359  431.16    0.0887   49.53    0.002   -0.041      8.6  0.173E-08  0.101E-05
      42.0  11/2 -   42.0  11/2  -15.9998            2.2632
      42.0  11/2 -   22.5  13/2    0.0000    0.00    0.0000    0.00    0.004   -0.061     19.5  0.600E-17  0.162E-14
      61.4  11/2 -   17.3   7/2    0.9849  144.63    0.0000    0.00    1.000    0.000     44.1  0.201E-05  0.000E+00


      61.4  11/2 -   34.0   7/2   31.8951 4684.01    0.0000    0.00    1.000    0.000     27.4  0.602E-05  0.000E+00
      61.4  11/2 -   13.0   9/2    0.0000    0.00    0.0000    0.00    0.026    0.164     48.5  0.270E-20  0.100E-18
      61.4  11/2 -   33.3   9/2    0.6751   99.14    0.0010    0.59    0.261    0.594     28.1  0.145E-06  0.410E-06
      61.4  11/2 -   46.4   9/2   41.0449 6027.72    0.0209   11.70    0.235   -0.554     15.0  0.383E-06  0.125E-05
      61.4  11/2 -   42.0  11/2    0.9661  141.88    0.0003    0.15    0.485   -0.971     19.5  0.329E-07  0.349E-07


      61.4  11/2 -   61.4  11/2   -8.8434            2.0357
      61.4  11/2 -   22.5  13/2    0.0000    0.00    0.0000    0.00    0.013    0.113     39.0  0.775E-17  0.609E-15
     111.3  11/2 -   17.3   7/2    0.0000    0.00    0.0000    0.00    1.000    0.000     94.0  0.160E-13  0.000E+00
     111.3  11/2 -   34.0   7/2    0.0000    0.00    0.0000    0.00    1.000    0.000     77.3  0.194E-15  0.000E+00
     111.3  11/2 -   83.2   7/2   52.1861 7663.89    0.0000    0.00    1.000    0.000     28.2  0.113E-04  0.000E+00


     111.3  11/2 -   13.0   9/2    3.3042  485.25    0.7673  428.54    0.028   -0.170     98.4  0.371E-03  0.129E-01
     111.3  11/2 -   33.3   9/2    0.0000    0.00    0.0000    0.00    0.642    1.338     78.0  0.736E-15  0.411E-15
     111.3  11/2 -   46.4   9/2    0.0000    0.00    0.0000    0.00    0.109    0.349     64.9  0.113E-16  0.931E-16
     111.3  11/2 -   42.0  11/2    0.0000    0.00    0.0000    0.00    0.009    0.098     69.4  0.110E-16  0.115E-14
     111.3  11/2 -   61.4  11/2    0.0000    0.00    0.0000    0.00    0.000    0.018     49.9  0.345E-19  0.108E-15


     111.3  11/2 -  111.3  11/2  -15.4173            2.1388
     111.3  11/2 -   22.5  13/2    1.9482  286.11    1.5185  848.09    0.007    0.084     88.9  0.132E-03  0.188E-01
     111.3  11/2 -   64.4  13/2    0.0000    0.00    0.0000    0.00    0.003    0.057     46.9  0.618E-15  0.189E-12
     111.3  11/2 -   80.0  13/2    0.0000    0.00    0.0000    0.00    0.002    0.047     31.3  0.124E-16  0.552E-14
      22.5  13/2 -   13.0   9/2   60.3621 8864.58    0.0000    0.00    1.000    0.000      9.5  0.567E-07  0.000E+00


      22.5  13/2 -   22.5  13/2  -17.9079            6.0380
      64.4  13/2 -   13.0   9/2    0.0000    0.00    0.0000    0.00    1.000    0.000     51.4  0.243E-13  0.000E+00
      64.4  13/2 -   33.3   9/2   56.9311 8360.71    0.0000    0.00    1.000    0.000     31.1  0.201E-04  0.000E+00
      64.4  13/2 -   46.4   9/2    0.8753  128.55    0.0000    0.00    1.000    0.000     18.0  0.201E-07  0.000E+00
      64.4  13/2 -   42.0  11/2    2.4701  362.74    0.0903   50.44    0.009   -0.098     22.4  0.171E-06  0.179E-04


      64.4  13/2 -   61.4  11/2    4.3626  640.68    0.0003    0.18    0.076    0.287      3.0  0.123E-10  0.149E-09
      64.4  13/2 -   22.5  13/2    0.0000    0.00    0.0000    0.00    0.000   -0.009     41.9  0.357E-16  0.398E-12
      64.4  13/2 -   64.4  13/2  -15.9883            2.4537
      80.0  13/2 -   13.0   9/2    0.0000    0.00    0.0000    0.00    1.000    0.000     67.0  0.102E-13  0.000E+00
      80.0  13/2 -   33.3   9/2    2.3821  349.83    0.0000    0.00    1.000    0.000     46.7  0.644E-05  0.000E+00


      80.0  13/2 -   46.4   9/2   40.3776 5929.73    0.0000    0.00    1.000    0.000     33.6  0.211E-04  0.000E+00
      80.0  13/2 -   42.0  11/2    0.2708   39.78    0.0064    3.60    0.040    0.205     38.0  0.263E-06  0.625E-05
      80.0  13/2 -   61.4  11/2   28.5016 4185.66    0.0240   13.40    0.221   -0.533     18.6  0.769E-06  0.271E-05
      80.0  13/2 -   22.5  13/2    0.0000    0.00    0.0000    0.00    0.000    0.019     57.5  0.458E-16  0.128E-12
      80.0  13/2 -   64.4  13/2    1.1440  168.00    0.0002    0.10    0.521    1.043     15.6  0.129E-07  0.119E-07


      80.0  13/2 -   80.0  13/2  -12.2824            2.4411

 TIME=  0.0 SEC
