 PARITY=+   EPS= 0.259   GAMMA= 30.0   EPS4=0.000   EPS6=0.000   LEVELS:  19  20  21  22  23
0   Z= 79   A=197   IQ=1   GSFAC= 0.75   GR=  0.40   MIN SPIN=  1/2   MAX SPIN= 13/2   KMAX= 13/2

 MICR QUADR MOMENTS:  Q0= 689.462  Q2=-230.010 FM**2


   B(E2) AND Q(E2) IN E2B2 AND EB,   B(M1) AND M(M1) INNM2 AND NM,   T(E2) AND T(M1) IN 1/PS

       E1     II      EF     IF     B(E2)             B(M1)              GD        D       EREL    T(E2)      T(M1)
                                             WU               MWU

      43.0   1/2 -   43.0   1/2    0.0000            0.2575
      43.0   1/2 -   28.8   3/2    0.4547   66.77    0.1598   89.26    0.000   -0.020     14.2  0.321E-08  0.807E-05
     369.3   1/2 -   43.0   1/2    0.0000    0.00    0.0121    6.77    0.000    0.000    326.3  0.000E+00  0.741E-02
     369.3   1/2 -  369.3   1/2    0.0000           -0.2405
     369.3   1/2 -   28.8   3/2    0.4339   63.72    0.0055    3.10    0.863   -2.508    340.5  0.242E-01  0.385E-02


     369.3   1/2 -  200.2   3/2    0.7640  112.20    0.0400   22.34    0.275    0.615    169.1  0.129E-02  0.340E-02
     369.3   1/2 -  252.1   5/2    0.5419   79.58    0.0000    0.00    1.000    0.000    117.2  0.146E-03  0.000E+00
     991.2   1/2 -   43.0   1/2    0.0000    0.00    0.0149    8.31    0.000    0.000    948.2  0.000E+00  0.223E+00
     991.2   1/2 -  369.3   1/2    0.0000    0.00    0.0721   40.29    0.000    0.000    621.9  0.000E+00  0.305E+00
     991.2   1/2 -  991.2   1/2    0.0000            1.2623


     991.2   1/2 -   28.8   3/2    0.0285    4.18    0.0452   25.27    0.288    0.636    962.4  0.287E+00  0.710E+00
     991.2   1/2 -  200.2   3/2    0.0096    1.41    0.2036  113.73    0.020   -0.143    791.0  0.362E-01  0.177E+01
     991.2   1/2 -  376.7   3/2    0.0156    2.29    0.0881   49.20    0.044    0.215    614.5  0.167E-01  0.360E+00
     991.2   1/2 -  252.1   5/2    0.0214    3.15    0.0000    0.00    1.000    0.000    739.1  0.576E-01  0.000E+00
     991.2   1/2 -  401.7   5/2    0.0424    6.22    0.0000    0.00    1.000    0.000    589.5  0.368E-01  0.000E+00


     991.2   1/2 -  626.8   5/2    0.0310    4.56    0.0000    0.00    1.000    0.000    364.4  0.243E-02  0.000E+00
      28.8   3/2 -   28.8   3/2   -0.4988            0.6200
     200.2   3/2 -   43.0   1/2    0.4628   67.97    0.2040  113.91    0.037    0.197    157.2  0.541E-03  0.139E-01
     200.2   3/2 -   28.8   3/2    0.8157  119.79    0.2339  130.65    0.066   -0.266    171.4  0.147E-02  0.207E-01
     200.2   3/2 -  200.2   3/2    0.2565            1.0826


     376.7   3/2 -   43.0   1/2    0.4482   65.82    0.0067    3.72    0.839    2.280    333.7  0.226E-01  0.435E-02
     376.7   3/2 -  369.3   1/2    0.1140   16.74    0.0510   28.50    0.000   -0.009      7.4  0.318E-10  0.371E-06
     376.7   3/2 -   28.8   3/2    0.2029   29.80    0.0077    4.29    0.689    1.489    347.9  0.126E-01  0.569E-02
     376.7   3/2 -  200.2   3/2    0.1446   21.24    0.0343   19.15    0.084   -0.302    176.5  0.303E-03  0.332E-02
     376.7   3/2 -  376.7   3/2   -0.7770            0.3285


     376.7   3/2 -  252.1   5/2    0.6388   93.81    0.0084    4.69    0.450    0.905    124.6  0.234E-03  0.286E-03
     252.1   5/2 -   43.0   1/2    0.1179   17.32    0.0000    0.00    1.000    0.000    209.1  0.575E-03  0.000E+00
     252.1   5/2 -   28.8   3/2    1.2222  179.48    0.1237   69.10    0.255   -0.584    223.3  0.828E-02  0.243E-01
     252.1   5/2 -  200.2   3/2    0.0010    0.15    0.0160    8.92    0.000    0.011     51.9  0.461E-08  0.394E-04
     252.1   5/2 -  252.1   5/2    0.0683            0.9622


     401.7   5/2 -   43.0   1/2    0.9729  142.88    0.0000    0.00    1.000    0.000    358.7  0.704E-01  0.000E+00
     401.7   5/2 -  369.3   1/2    0.0226    3.32    0.0000    0.00    1.000    0.000     32.4  0.984E-08  0.000E+00
     401.7   5/2 -   28.8   3/2    0.0803   11.79    0.1395   77.92    0.053   -0.235    372.9  0.706E-02  0.127E+00
     401.7   5/2 -  200.2   3/2    0.0774   11.37    0.0018    1.01    0.547   -1.099    201.5  0.314E-03  0.260E-03
     401.7   5/2 -  376.7   3/2    0.0521    7.65    0.0006    0.31    0.039   -0.200     24.9  0.614E-08  0.153E-06


     401.7   5/2 -  252.1   5/2    0.0183    2.69    0.0941   52.54    0.003   -0.055    149.6  0.167E-04  0.554E-02
     401.7   5/2 -  401.7   5/2   -0.1087            1.7292
     401.7   5/2 -  271.2   9/2    0.0000    0.00    0.0000    0.00    1.000    0.000    130.5  0.401E-13  0.000E+00
     626.8   5/2 -   43.0   1/2    0.0361    5.31    0.0000    0.00    1.000    0.000    583.8  0.299E-01  0.000E+00
     626.8   5/2 -  369.3   1/2    0.0033    0.48    0.0000    0.00    1.000    0.000    257.5  0.450E-04  0.000E+00


     626.8   5/2 -   28.8   3/2    0.0075    1.10    0.0553   30.88    0.033    0.184    598.0  0.701E-02  0.208E+00
     626.8   5/2 -  200.2   3/2    0.5169   75.91    0.0072    4.03    0.900    3.008    426.6  0.891E-01  0.985E-02
     626.8   5/2 -  376.7   3/2    0.0139    2.04    0.0292   16.30    0.020   -0.144    250.1  0.165E-03  0.804E-02
     626.8   5/2 -  252.1   5/2    0.0020    0.30    0.0715   39.91    0.003   -0.053    374.7  0.183E-03  0.662E-01
     626.8   5/2 -  401.7   5/2    0.7119  104.55    0.1607   89.72    0.135    0.395    225.1  0.502E-02  0.323E-01


     626.8   5/2 -  626.8   5/2   -0.9590            1.0523
     626.8   5/2 -  463.0   7/2    0.2790   40.98    0.1200   66.99    0.041   -0.208    163.8  0.401E-03  0.928E-02
     626.8   5/2 -  271.2   9/2    0.0000    0.00    0.0000    0.00    1.000    0.000    355.7  0.976E-13  0.000E+00
     463.0   7/2 -   28.8   3/2    1.0747  157.82    0.0000    0.00    1.000    0.000    434.2  0.202E+00  0.000E+00
     463.0   7/2 -  200.2   3/2    0.0003    0.04    0.0000    0.00    1.000    0.000    262.9  0.459E-05  0.000E+00


     463.0   7/2 -  376.7   3/2    0.0824   12.11    0.0000    0.00    1.000    0.000     86.3  0.482E-05  0.000E+00
     463.0   7/2 -  252.1   5/2    0.0003    0.05    0.0138    7.71    0.001   -0.028    210.9  0.175E-05  0.228E-02
     463.0   7/2 -  401.7   5/2    0.0183    2.69    0.0334   18.63    0.001   -0.038     61.4  0.194E-06  0.136E-03
     463.0   7/2 -  463.0   7/2   -1.2255            1.3402
     463.0   7/2 -  271.2   9/2    0.0000    0.00    0.0000    0.00    0.995  -14.148    191.9  0.266E-13  0.133E-15


     653.5   7/2 -   28.8   3/2    0.0007    0.11    0.0000    0.00    1.000    0.000    624.7  0.862E-03  0.000E+00
     653.5   7/2 -  200.2   3/2    1.2543  184.21    0.0000    0.00    1.000    0.000    453.3  0.293E+00  0.000E+00
     653.5   7/2 -  376.7   3/2    0.0211    3.09    0.0000    0.00    1.000    0.000    276.8  0.418E-03  0.000E+00
     653.5   7/2 -  252.1   5/2    0.1625   23.86    0.2277  127.15    0.074   -0.282    401.4  0.207E-01  0.259E+00
     653.5   7/2 -  401.7   5/2    0.1532   22.50    0.1026   57.28    0.062    0.256    251.8  0.189E-02  0.288E-01


     653.5   7/2 -  626.8   5/2    0.1571   23.06    0.0107    5.98    0.007    0.085     26.7  0.260E-07  0.359E-05
     653.5   7/2 -  463.0   7/2    0.0828   12.16    0.1148   64.14    0.018   -0.135    190.5  0.253E-03  0.140E-01
     653.5   7/2 -  653.5   7/2   -0.4373            1.9894
     653.5   7/2 -  271.2   9/2    0.0000    0.00    0.0000    0.00    0.998   20.851    382.4  0.442E-11  0.102E-13
     737.0   7/2 -   28.8   3/2    0.0035    0.52    0.0000    0.00    1.000    0.000    708.2  0.764E-02  0.000E+00


     737.0   7/2 -  200.2   3/2    0.0136    2.00    0.0000    0.00    1.000    0.000    536.8  0.742E-02  0.000E+00
     737.0   7/2 -  376.7   3/2    0.1059   15.54    0.0000    0.00    1.000    0.000    360.3  0.784E-02  0.000E+00
     737.0   7/2 -  252.1   5/2    0.6405   94.06    0.0521   29.11    0.667   -1.415    484.9  0.209E+00  0.105E+00
     737.0   7/2 -  401.7   5/2    0.0414    6.07    0.0123    6.86    0.208   -0.512    335.3  0.214E-02  0.815E-02
     737.0   7/2 -  626.8   5/2    0.0183    2.68    0.1119   62.48    0.001    0.037    110.2  0.362E-05  0.263E-02


     737.0   7/2 -  463.0   7/2    0.7028  103.21    0.1107   61.83    0.248   -0.575    274.0  0.132E-01  0.401E-01
     737.0   7/2 -  653.5   7/2    0.0314    4.62    0.0001    0.07    0.550   -1.105     83.5  0.155E-05  0.127E-05
     737.0   7/2 -  737.0   7/2   -0.5172            1.6700
     737.0   7/2 -  271.2   9/2    0.0000    0.00    0.0000    0.00    0.999   38.247    465.8  0.490E-10  0.335E-13
     737.0   7/2 -  735.7  11/2    0.0000    0.00    0.0000    0.00    1.000    0.000      1.3  0.907E-23  0.000E+00


     271.2   9/2 -  252.1   5/2    0.0000    0.00    0.0000    0.00    1.000    0.000     19.0  0.423E-17  0.000E+00
     271.2   9/2 -  271.2   9/2   -3.4228            6.5179
     271.2   9/2 -    0.0  13/2    1.1608  170.47    0.0000    0.00    1.000    0.000    271.2  0.208E-01  0.000E+00
     750.5   9/2 -  252.1   5/2    1.3767  202.17    0.0000    0.00    1.000    0.000    498.3  0.516E+00  0.000E+00
     750.5   9/2 -  401.7   5/2    0.0138    2.03    0.0000    0.00    1.000    0.000    348.8  0.872E-03  0.000E+00


     750.5   9/2 -  626.8   5/2    0.0116    1.70    0.0000    0.00    1.000    0.000    123.6  0.409E-05  0.000E+00
     750.5   9/2 -  463.0   7/2    0.3858   56.65    0.1303   72.78    0.145   -0.412    287.4  0.923E-02  0.545E-01
     750.5   9/2 -  653.5   7/2    0.0002    0.03    0.0164    9.14    0.000    0.009     96.9  0.205E-07  0.263E-03
     750.5   9/2 -  737.0   7/2    0.1728   25.37    0.0030    1.67    0.007    0.085     13.5  0.935E-09  0.129E-06
     750.5   9/2 -  271.2   9/2    0.0000    0.00    0.0000    0.00    0.995   14.510    479.3  0.330E-10  0.157E-12


     750.5   9/2 -  750.5   9/2   -0.5761            1.7878
     750.5   9/2 -  735.7  11/2    0.0000    0.00    0.0000    0.00    0.037   -0.195     14.8  0.101E-19  0.264E-18
     750.5   9/2 -    0.0  13/2    0.0000    0.00    0.0000    0.00    1.000    0.000    750.5  0.528E-09  0.000E+00
     958.3   9/2 -  252.1   5/2    0.0000    0.00    0.0000    0.00    1.000    0.000    706.2  0.203E-04  0.000E+00
     958.3   9/2 -  401.7   5/2    1.4975  219.91    0.0000    0.00    1.000    0.000    556.6  0.976E+00  0.000E+00


     958.3   9/2 -  626.8   5/2    0.0226    3.33    0.0000    0.00    1.000    0.000    331.5  0.111E-02  0.000E+00
     958.3   9/2 -  463.0   7/2    0.0332    4.87    0.2070  115.63    0.027   -0.165    495.3  0.121E-01  0.443E+00
     958.3   9/2 -  653.5   7/2    0.0419    6.16    0.0081    4.53    0.250   -0.577    304.8  0.135E-02  0.404E-02
     958.3   9/2 -  737.0   7/2    0.0071    1.04    0.0229   12.79    0.010    0.103    221.3  0.460E-04  0.437E-02
     958.3   9/2 -  271.2   9/2    0.0000    0.00    0.0000    0.00    1.000 -154.152    687.1  0.117E-09  0.494E-14


     958.3   9/2 -  750.5   9/2    0.0122    1.80    0.1155   64.48    0.003   -0.056    207.8  0.579E-04  0.182E-01
     958.3   9/2 -  958.3   9/2   -0.2979            2.7588
     958.3   9/2 -  735.7  11/2    0.0000    0.00    0.0000    0.00    1.000  -82.260    222.7  0.178E-12  0.263E-16
     958.3   9/2 -    0.0  13/2    0.0000    0.00    0.0000    0.00    1.000    0.000    958.3  0.760E-09  0.000E+00
     735.7  11/2 -  463.0   7/2    0.0000    0.00    0.0000    0.00    1.000    0.000    272.6  0.148E-11  0.000E+00


     735.7  11/2 -  653.5   7/2    0.0000    0.00    0.0000    0.00    1.000    0.000     82.1  0.395E-14  0.000E+00
     735.7  11/2 -  271.2   9/2    1.2046  176.90    0.7463  416.79    0.194   -0.491    464.5  0.318E+00  0.132E+01
     735.7  11/2 -  735.7  11/2   -1.8368            6.3579
     735.7  11/2 -    0.0  13/2    0.1005   14.76    0.0930   51.96    0.288    0.637    735.7  0.264E+00  0.652E+00
    1100.1  11/2 -  463.0   7/2    1.4744  216.53    0.0000    0.00    1.000    0.000    637.1  0.189E+01  0.000E+00


    1100.1  11/2 -  653.5   7/2    0.0033    0.49    0.0000    0.00    1.000    0.000    446.6  0.721E-03  0.000E+00
    1100.1  11/2 -  737.0   7/2    0.1423   20.89    0.0000    0.00    1.000    0.000    363.1  0.110E-01  0.000E+00
    1100.1  11/2 -  271.2   9/2    0.0000    0.00    0.0000    0.00    0.996   15.179    829.0  0.160E-09  0.692E-12
    1100.1  11/2 -  750.5   9/2    0.0514    7.55    0.0405   22.61    0.097   -0.328    349.7  0.328E-02  0.305E-01
    1100.1  11/2 -  958.3   9/2    0.0032    0.48    0.0079    4.44    0.006    0.075    141.8  0.227E-05  0.399E-03


    1100.1  11/2 -  735.7  11/2    0.0000    0.00    0.0000    0.00    0.991   10.470    364.5  0.904E-11  0.825E-13
    1100.1  11/2 - 1100.1  11/2   -0.5356            1.7433
    1100.1  11/2 -    0.0  13/2    0.0000    0.00    0.0000    0.00    1.000 -154.590   1100.1  0.103E-08  0.430E-13
    1313.5  11/2 -  463.0   7/2    0.0003    0.04    0.0000    0.00    1.000    0.000    850.4  0.153E-02  0.000E+00
    1313.5  11/2 -  653.5   7/2    1.7556  257.83    0.0000    0.00    1.000    0.000    659.9  0.268E+01  0.000E+00


    1313.5  11/2 -  737.0   7/2    0.0146    2.14    0.0000    0.00    1.000    0.000    576.5  0.113E-01  0.000E+00
    1313.5  11/2 -  271.2   9/2    0.0000    0.00    0.0000    0.00    1.000 -110.617   1042.3  0.591E-09  0.483E-13
    1313.5  11/2 -  750.5   9/2    0.1037   15.22    0.3234  180.60    0.066   -0.265    563.0  0.715E-01  0.102E+01
    1313.5  11/2 -  958.3   9/2    0.0997   14.64    0.0921   51.41    0.086    0.308    355.2  0.687E-02  0.726E-01
    1313.5  11/2 -  735.7  11/2    0.0000    0.00    0.0000    0.00    0.997  -16.922    577.8  0.114E-09  0.399E-12


    1313.5  11/2 - 1100.1  11/2    0.0071    1.04    0.0692   38.67    0.003   -0.057    213.3  0.383E-04  0.118E-01
    1313.5  11/2 - 1313.5  11/2   -0.3505            2.9198
    1313.5  11/2 -    0.0  13/2    0.0000    0.00    0.0000    0.00    1.000  147.415   1313.5  0.128E-08  0.587E-13
       0.0  13/2 -    0.0  13/2   -4.1209            7.5190
    1324.6  13/2 -  271.2   9/2    0.1525   22.40    0.0000    0.00    1.000    0.000   1053.4  0.241E+01  0.000E+00


    1324.6  13/2 -  750.5   9/2    0.0000    0.00    0.0000    0.00    1.000    0.000    574.1  0.108E-09  0.000E+00
    1324.6  13/2 -  958.3   9/2    0.0000    0.00    0.0000    0.00    1.000    0.000    366.3  0.939E-11  0.000E+00
    1324.6  13/2 -  735.7  11/2    1.4064  206.54    1.1641  650.13    0.225   -0.539    588.9  0.122E+01  0.418E+01
    1324.6  13/2 - 1100.1  11/2    0.0000    0.00    0.0000    0.00    0.500    1.001    224.4  0.346E-14  0.345E-14
    1324.6  13/2 - 1313.5  11/2    0.0000    0.00    0.0000    0.00    0.366    0.760     11.1  0.139E-18  0.242E-18


    1324.6  13/2 -    0.0  13/2    0.0000    0.00    0.0097    5.40    0.000    0.012   1324.6  0.608E-04  0.396E+00
    1324.6  13/2 - 1324.6  13/2   -0.8441            6.3781
    1465.2  13/2 -  271.2   9/2    0.0000    0.00    0.0000    0.00    1.000    0.000   1194.1  0.259E-08  0.000E+00
    1465.2  13/2 -  750.5   9/2    1.8347  269.44    0.0000    0.00    1.000    0.000    714.8  0.418E+01  0.000E+00
    1465.2  13/2 -  958.3   9/2    0.0083    1.23    0.0000    0.00    1.000    0.000    506.9  0.341E-02  0.000E+00


    1465.2  13/2 -  735.7  11/2    0.0000    0.00    0.0000    0.00    1.000 -199.152    729.6  0.704E-10  0.177E-14
    1465.2  13/2 - 1100.1  11/2    0.1708   25.08    0.1392   77.74    0.102   -0.337    365.1  0.135E-01  0.119E+00
    1465.2  13/2 - 1313.5  11/2    0.0000    0.00    0.0090    5.04    0.000   -0.005    151.7  0.127E-07  0.555E-03
    1465.2  13/2 -    0.0  13/2    0.0000    0.00    0.0000    0.00    1.000  993.425   1465.2  0.606E-08  0.606E-14
    1465.2  13/2 - 1324.6  13/2    0.0000    0.00    0.0000    0.00    0.959    4.867    140.6  0.731E-13  0.309E-14


    1465.2  13/2 - 1465.2  13/2   -0.4805            2.4847

 TIME=  0.0 SEC
