 PARITY=+   EPS= 0.678   GAMMA= 11.4   EPS4=0.000   EPS6=0.000   LEVELS:  17  18  19  20  21
0   Z= 79   A=197   IQ=1   GSFAC= 0.75   GR=  0.40   MIN SPIN=  1/2   MAX SPIN= 13/2   KMAX= 13/2

 MICR QUADR MOMENTS:  Q0=3149.998  Q2=-144.457 FM**2


   B(E2) AND Q(E2) IN E2B2 AND EB,   B(M1) AND M(M1) INNM2 AND NM,   T(E2) AND T(M1) IN 1/PS

       E1     II      EF     IF     B(E2)             B(M1)              GD        D       EREL    T(E2)      T(M1)
                                             WU               MWU

      35.4   1/2 -   35.4   1/2    0.0000           -0.1895
      35.4   1/2 -    0.0   5/2    0.0000    0.00    0.0000    0.00    1.000    0.000     35.4  0.380E-16  0.000E+00
      88.9   1/2 -   35.4   1/2    0.0000    0.00    0.0000    0.00    0.000    0.000     53.4  0.000E+00  0.911E-14
      88.9   1/2 -   88.9   1/2    0.0000            0.9396
      88.9   1/2 -   44.0   3/2    0.0000    0.00    0.0000    0.00    0.617    1.268     44.9  0.919E-14  0.571E-14


      88.9   1/2 -   57.3   3/2    0.0000    0.00    0.0000    0.00    0.293   -0.643     31.6  0.961E-15  0.232E-14
      88.9   1/2 -    0.0   5/2    0.2669   39.20    0.0000    0.00    1.000    0.000     88.9  0.180E-04  0.000E+00
      88.9   1/2 -   49.5   5/2    0.0000    0.00    0.0000    0.00    1.000    0.000     39.4  0.343E-14  0.000E+00
      88.9   1/2 -   66.8   5/2    0.0000    0.00    0.0000    0.00    1.000    0.000     22.1  0.523E-18  0.000E+00
     220.1   1/2 -   35.4   1/2    0.0000    0.00    0.0000    0.00    0.000    0.000    184.7  0.000E+00  0.112E-12


     220.1   1/2 -   88.9   1/2    0.0000    0.00    0.2556  142.78    0.000    0.000    131.3  0.000E+00  0.102E-01
     220.1   1/2 -  220.1   1/2    0.0000            0.1106
     220.1   1/2 -   44.0   3/2    0.0000    0.00    0.0000    0.00    1.000 -112.948    176.1  0.340E-10  0.266E-14
     220.1   1/2 -   57.3   3/2    0.0000    0.00    0.0000    0.00    0.999   33.137    162.9  0.184E-10  0.167E-13
     220.1   1/2 -   94.0   3/2    0.0567    8.33    0.3107  173.51    0.002   -0.045    126.1  0.220E-04  0.110E-01


     220.1   1/2 -    0.0   5/2    0.0368    5.40    0.0000    0.00    1.000    0.000    220.1  0.232E-03  0.000E+00
     220.1   1/2 -   49.5   5/2    0.0000    0.00    0.0000    0.00    1.000    0.000    170.7  0.255E-10  0.000E+00
     220.1   1/2 -   66.8   5/2    0.0000    0.00    0.0000    0.00    1.000    0.000    153.3  0.599E-11  0.000E+00
      44.0   3/2 -   35.4   1/2   19.5406 2869.67    0.2227  124.38    0.004   -0.067      8.5  0.109E-07  0.245E-05
      44.0   3/2 -   44.0   3/2   -5.7820            0.5620


      44.0   3/2 -    0.0   5/2    0.0000    0.00    0.0000    0.00    0.048   -0.226     44.0  0.792E-16  0.156E-14
      44.0   3/2 -   13.9   7/2    0.0000    0.00    0.0000    0.00    1.000    0.000     30.0  0.295E-16  0.000E+00
      57.3   3/2 -   35.4   1/2    0.2607   38.29    0.1705   95.20    0.001    0.022     21.8  0.157E-07  0.312E-04
      57.3   3/2 -   44.0   3/2    3.1737  466.08    0.3237  180.77    0.001    0.035     13.3  0.159E-07  0.133E-04
      57.3   3/2 -   57.3   3/2    5.7805            1.4607


      57.3   3/2 -    0.0   5/2    0.0000    0.00    0.0000    0.00    0.057    0.246     57.3  0.146E-15  0.241E-14
      57.3   3/2 -   49.5   5/2    0.1810   26.59    0.1033   57.68    0.000   -0.009      7.8  0.641E-10  0.866E-06
      57.3   3/2 -   13.9   7/2    0.0000    0.00    0.0000    0.00    1.000    0.000     43.3  0.664E-17  0.000E+00
      94.0   3/2 -   35.4   1/2    0.0000    0.00    0.0000    0.00    0.880    2.704     58.6  0.395E-13  0.541E-14
      94.0   3/2 -   88.9   1/2   19.3063 2835.27    0.1060   59.23    0.003    0.058      5.2  0.867E-09  0.257E-06


      94.0   3/2 -   44.0   3/2    0.0000    0.00    0.0000    0.00    0.909    3.157     50.0  0.181E-13  0.182E-14
      94.0   3/2 -   57.3   3/2    0.0000    0.00    0.0000    0.00    0.694    1.505     36.8  0.192E-14  0.849E-15
      94.0   3/2 -   94.0   3/2   -6.2420            0.6391
      94.0   3/2 -    0.0   5/2    0.0729   10.70    0.0001    0.03    0.883   -2.749     94.0  0.654E-05  0.865E-06
      94.0   3/2 -   49.5   5/2    0.0000    0.00    0.0000    0.00    0.049   -0.226     44.6  0.125E-14  0.243E-13


      94.0   3/2 -   66.8   5/2    0.0000    0.00    0.0000    0.00    0.011   -0.106     27.2  0.515E-16  0.458E-14
      94.0   3/2 -   13.9   7/2    0.2088   30.66    0.0000    0.00    1.000    0.000     80.1  0.839E-05  0.000E+00
      94.0   3/2 -   67.0   7/2    0.0000    0.00    0.0000    0.00    1.000    0.000     27.0  0.125E-14  0.000E+00
      94.0   3/2 -   83.7   7/2    0.0000    0.00    0.0000    0.00    1.000    0.000     10.3  0.710E-17  0.000E+00
       0.0   5/2 -    0.0   5/2   11.1739            2.8015


      49.5   5/2 -   35.4   1/2   19.7033 2893.56    0.0000    0.00    1.000    0.000     14.0  0.130E-06  0.000E+00
      49.5   5/2 -   44.0   3/2    5.4470  799.93    0.1295   72.31    0.001   -0.029      5.5  0.322E-09  0.371E-06
      49.5   5/2 -    0.0   5/2    0.0000    0.00    0.0000    0.00    0.205    0.509     49.5  0.133E-14  0.516E-14
      49.5   5/2 -   49.5   5/2   -9.0013            0.9380
      49.5   5/2 -   13.9   7/2    0.0000    0.00    0.0000    0.00    0.485    0.971     35.5  0.180E-15  0.191E-15


      49.5   5/2 -   31.8   9/2    0.0000    0.00    0.0000    0.00    1.000    0.000     17.7  0.130E-16  0.000E+00
      66.8   5/2 -   35.4   1/2    0.0769   11.30    0.0000    0.00    1.000    0.000     31.3  0.284E-07  0.000E+00
      66.8   5/2 -   44.0   3/2    0.5097   74.85    0.1121   62.62    0.002   -0.040     22.8  0.382E-07  0.234E-04
      66.8   5/2 -   57.3   3/2   33.3072 4891.38    0.2867  160.11    0.007    0.085      9.5  0.318E-07  0.436E-05
      66.8   5/2 -    0.0   5/2    0.0000    0.00    0.0000    0.00    0.029    0.174     66.8  0.112E-15  0.372E-14


      66.8   5/2 -   49.5   5/2    0.0243    3.57    0.2342  130.82    0.000   -0.005     17.3  0.464E-09  0.215E-04
      66.8   5/2 -   66.8   5/2   -2.1867            1.7632
      66.8   5/2 -   13.9   7/2    0.0000    0.00    0.0000    0.00    0.096   -0.326     52.8  0.105E-15  0.988E-15
      66.8   5/2 -   31.8   9/2    0.0000    0.00    0.0000    0.00    1.000    0.000     35.0  0.358E-19  0.000E+00
      13.9   7/2 -    0.0   5/2   34.6965 5095.41    0.3232  180.53    0.014    0.120     13.9  0.224E-06  0.154E-04


      13.9   7/2 -   13.9   7/2    2.1027            2.8039
      67.0   7/2 -   44.0   3/2   23.1001 3392.41    0.0000    0.00    1.000    0.000     23.1  0.183E-05  0.000E+00
      67.0   7/2 -   57.3   3/2    0.7427  109.07    0.0000    0.00    1.000    0.000      9.8  0.812E-09  0.000E+00
      67.0   7/2 -    0.0   5/2    0.0000    0.00    0.0000    0.00    0.368   -0.763     67.0  0.581E-15  0.998E-15
      67.0   7/2 -   49.5   5/2    2.8379  416.77    0.3189  178.11    0.002   -0.044     17.6  0.584E-07  0.306E-04


      67.0   7/2 -   66.8   5/2    4.3648  641.01    0.2171  121.26    0.000    0.001      0.3  0.622E-16  0.665E-10
      67.0   7/2 -   13.9   7/2    0.0000    0.00    0.0000    0.00    0.194    0.490     53.1  0.103E-15  0.429E-15
      67.0   7/2 -   67.0   7/2   -9.2229            2.0306
      67.0   7/2 -   31.8   9/2    0.0000    0.00    0.0000    0.00    0.000   -0.003     35.3  0.108E-19  0.153E-14
      67.0   7/2 -   53.4  11/2    0.0000    0.00    0.0000    0.00    1.000    0.000     13.7  0.118E-19  0.000E+00


      83.7   7/2 -   44.0   3/2    2.2039  323.66    0.0000    0.00    1.000    0.000     39.7  0.267E-05  0.000E+00
      83.7   7/2 -   57.3   3/2   13.3657 1962.84    0.0000    0.00    1.000    0.000     26.5  0.212E-05  0.000E+00
      83.7   7/2 -    0.0   5/2    0.0000    0.00    0.0000    0.00    0.983   -7.580     83.7  0.109E-13  0.189E-15
      83.7   7/2 -   49.5   5/2    0.1329   19.51    0.0269   15.03    0.004    0.063     34.3  0.768E-07  0.191E-04
      83.7   7/2 -   66.8   5/2   16.6733 2448.58    0.1606   89.68    0.020    0.144     17.0  0.285E-06  0.138E-04


      83.7   7/2 -   13.9   7/2    0.0000    0.00    0.0000    0.00    0.005    0.071     69.8  0.322E-17  0.647E-15
      83.7   7/2 -   67.0   7/2    0.7940  116.61    0.2306  128.76    0.001    0.026     16.7  0.126E-07  0.189E-04
      83.7   7/2 -   83.7   7/2   -7.3873            1.2211
      83.7   7/2 -   31.8   9/2    0.0000    0.00    0.0000    0.00    0.052   -0.235     52.0  0.571E-15  0.104E-13
      83.7   7/2 -   79.2   9/2    1.2303  180.68    0.1580   88.23    0.000   -0.011      4.6  0.307E-10  0.269E-06


      83.7   7/2 -   53.4  11/2    0.0000    0.00    0.0000    0.00    1.000    0.000     30.4  0.107E-15  0.000E+00
      31.8   9/2 -    0.0   5/2    9.7865 1437.22    0.0000    0.00    1.000    0.000     31.8  0.385E-05  0.000E+00
      31.8   9/2 -   13.9   7/2   29.3228 4306.26    0.4693  262.12    0.014    0.117     17.8  0.640E-06  0.466E-04
      31.8   9/2 -   31.8   9/2   -2.7858            2.9532
      79.2   9/2 -    0.0   5/2    0.0000    0.00    0.0000    0.00    1.000    0.000     79.2  0.200E-14  0.000E+00


      79.2   9/2 -   49.5   5/2   27.9860 4109.93    0.0000    0.00    1.000    0.000     29.7  0.789E-05  0.000E+00
      79.2   9/2 -   66.8   5/2    0.3183   46.75    0.0000    0.00    1.000    0.000     12.4  0.112E-08  0.000E+00
      79.2   9/2 -   13.9   7/2    0.0000    0.00    0.0000    0.00    0.002   -0.042     65.2  0.182E-16  0.106E-13
      79.2   9/2 -   67.0   7/2    0.9830  144.36    0.0607   33.92    0.002   -0.041     12.1  0.312E-08  0.190E-05
      79.2   9/2 -   31.8   9/2    0.0000    0.00    0.0000    0.00    0.329    0.700     47.4  0.365E-15  0.746E-15


      79.2   9/2 -   79.2   9/2  -11.2215            1.6415
      79.2   9/2 -   53.4  11/2    0.0000    0.00    0.0000    0.00    0.005    0.070     25.8  0.796E-18  0.161E-15
      79.2   9/2 -   78.5  13/2    0.0000    0.00    0.0000    0.00    1.000    0.000      0.6  0.436E-24  0.000E+00
      98.5   9/2 -    0.0   5/2    0.0000    0.00    0.0000    0.00    1.000    0.000     98.5  0.249E-13  0.000E+00
      98.5   9/2 -   49.5   5/2    0.1713   25.16    0.0000    0.00    1.000    0.000     49.0  0.593E-06  0.000E+00


      98.5   9/2 -   66.8   5/2   20.7990 3054.48    0.0000    0.00    1.000    0.000     31.7  0.814E-05  0.000E+00
      98.5   9/2 -   13.9   7/2    0.0000    0.00    0.0000    0.00    0.504    1.008     84.6  0.205E-13  0.202E-13
      98.5   9/2 -   67.0   7/2    2.2595  331.82    0.0152    8.50    0.092   -0.319     31.5  0.849E-06  0.833E-05
      98.5   9/2 -   83.7   7/2   11.4688 1684.28    0.5153  287.82    0.003    0.058     14.8  0.979E-07  0.291E-04
      98.5   9/2 -   31.8   9/2    0.0000    0.00    0.0000    0.00    0.061    0.255     66.7  0.309E-16  0.476E-15


      98.5   9/2 -   79.2   9/2    0.1467   21.55    0.2030  113.36    0.000   -0.014     19.3  0.485E-08  0.259E-04
      98.5   9/2 -   98.5   9/2   -8.6251            2.4546
      98.5   9/2 -   53.4  11/2    0.0000    0.00    0.0000    0.00    0.228    0.544     45.1  0.169E-14  0.570E-14
      98.5   9/2 -   78.5  13/2    0.0000    0.00    0.0000    0.00    1.000    0.000     20.0  0.428E-17  0.000E+00
      53.4  11/2 -   13.9   7/2   16.6261 2441.66    0.0000    0.00    1.000    0.000     39.4  0.193E-04  0.000E+00


      53.4  11/2 -   31.8   9/2   22.4286 3293.80    0.5468  305.36    0.013    0.115     21.6  0.129E-05  0.970E-04
      53.4  11/2 -   53.4  11/2   -5.7301            3.1761
     102.9  11/2 -   13.9   7/2    0.0000    0.00    0.0000    0.00    1.000    0.000     88.9  0.994E-14  0.000E+00
     102.9  11/2 -   67.0   7/2   28.8104 4231.00    0.0000    0.00    1.000    0.000     35.8  0.208E-04  0.000E+00
     102.9  11/2 -   83.7   7/2    0.4551   66.84    0.0000    0.00    1.000    0.000     19.1  0.143E-07  0.000E+00


     102.9  11/2 -   31.8   9/2    0.0000    0.00    0.0000    0.00    0.894    2.906     71.1  0.341E-14  0.404E-15
     102.9  11/2 -   79.2   9/2    0.7789  114.39    0.4038  225.53    0.001   -0.027     23.7  0.715E-07  0.950E-04
     102.9  11/2 -   98.5   9/2    3.9133  574.69    0.2761  154.22    0.000    0.014      4.4  0.773E-10  0.409E-06
     102.9  11/2 -   53.4  11/2    0.0000    0.00    0.0000    0.00    0.712    1.571     49.5  0.200E-16  0.811E-17
     102.9  11/2 -  102.9  11/2  -10.7378            3.1020


     102.9  11/2 -   78.5  13/2    0.0000    0.00    0.0000    0.00    0.072    0.278     24.3  0.724E-17  0.935E-16
     128.1  11/2 -   13.9   7/2    0.0000    0.00    0.0000    0.00    1.000    0.000    114.2  0.133E-12  0.000E+00
     128.1  11/2 -   67.0   7/2    0.9475  139.15    0.0000    0.00    1.000    0.000     61.1  0.982E-05  0.000E+00
     128.1  11/2 -   83.7   7/2   24.4518 3590.92    0.0000    0.00    1.000    0.000     44.4  0.513E-04  0.000E+00
     128.1  11/2 -   31.8   9/2    0.0000    0.00    0.0000    0.00    0.928   -3.585     96.4  0.495E-13  0.385E-14


     128.1  11/2 -   79.2   9/2    0.3697   54.29    0.0063    3.51    0.089    0.313     49.0  0.127E-05  0.130E-04
     128.1  11/2 -   98.5   9/2    5.9497  873.75    0.1025   57.22    0.034    0.188     29.6  0.166E-05  0.469E-04
     128.1  11/2 -   53.4  11/2    0.0000    0.00    0.0000    0.00    0.976   -6.344     74.8  0.630E-14  0.157E-15
     128.1  11/2 -  102.9  11/2    0.1714   25.18    0.1005   56.13    0.001    0.027     25.2  0.214E-07  0.284E-04
     128.1  11/2 -  128.1  11/2  -10.8629            1.6497


     128.1  11/2 -   78.5  13/2    0.0000    0.00    0.0000    0.00    0.201   -0.502     49.6  0.167E-14  0.662E-14
     128.1  11/2 -  123.1  13/2    1.9349  284.15    0.0969   54.12    0.000   -0.019      5.1  0.780E-10  0.220E-06
      78.5  13/2 -   31.8   9/2   21.1758 3109.81    0.0000    0.00    1.000    0.000     46.8  0.580E-04  0.000E+00
      78.5  13/2 -   53.4  11/2   17.1883 2524.22    0.5962  332.99    0.013    0.113     25.2  0.213E-05  0.168E-03
      78.5  13/2 -   78.5  13/2   -7.6296            3.4559


     123.1  13/2 -   31.8   9/2    0.0000    0.00    0.0000    0.00    1.000    0.000     91.3  0.456E-13  0.000E+00
     123.1  13/2 -   79.2   9/2   30.5206 4482.15    0.0000    0.00    1.000    0.000     43.9  0.608E-04  0.000E+00
     123.1  13/2 -   98.5   9/2    0.8198  120.40    0.0000    0.00    1.000    0.000     24.6  0.895E-07  0.000E+00
     123.1  13/2 -   53.4  11/2    0.0000    0.00    0.0000    0.00    0.615   -1.263     69.7  0.258E-14  0.162E-14
     123.1  13/2 -  102.9  11/2    0.0962   14.12    0.0313   17.47    0.001   -0.029     20.2  0.393E-08  0.452E-05


     123.1  13/2 -   78.5  13/2    0.0000    0.00    0.0000    0.00    0.899   -2.987     44.5  0.852E-15  0.954E-16
     123.1  13/2 -  123.1  13/2  -11.9212            2.2223
     147.0  13/2 -   31.8   9/2    0.0000    0.00    0.0000    0.00    1.000    0.000    115.3  0.227E-13  0.000E+00
     147.0  13/2 -   79.2   9/2    0.6806   99.95    0.0000    0.00    1.000    0.000     67.9  0.119E-04  0.000E+00
     147.0  13/2 -   98.5   9/2   26.5942 3905.54    0.0000    0.00    1.000    0.000     48.5  0.872E-04  0.000E+00


     147.0  13/2 -   53.4  11/2    0.0000    0.00    0.0000    0.00    0.459    0.921     93.7  0.240E-13  0.283E-13
     147.0  13/2 -  102.9  11/2    2.1537  316.28    0.0000    0.01    0.993  -11.760     44.1  0.440E-05  0.318E-07
     147.0  13/2 -  128.1  11/2    4.3351  636.64    0.6170  344.58    0.002    0.042     18.9  0.127E-06  0.732E-04
     147.0  13/2 -   78.5  13/2    0.0000    0.00    0.0000    0.00    0.999   44.180     68.5  0.998E-15  0.511E-18
     147.0  13/2 -  123.1  13/2    0.1626   23.88    0.1426   79.63    0.000   -0.021     23.9  0.156E-07  0.345E-04


     147.0  13/2 -  147.0  13/2  -11.3443            3.3917

 TIME=  0.0 SEC
