1SPECTRUM OF (Z= 75 A=191) IN PARTICLE-ROTOR  MODEL WITH MODIFIED OSCILLATOR POTENTIAL


 PARITY=+   EPS= 0.067   GAMMA= 45.0   EPS4=0.000   EPS6=0.000   LEVELS:  16  17  18  19  20  21  22

 PAIRING FACTORS: GN0= 19.20  GN1=  7.40  IPAIR= 15 ***  E2PLUS(INPUT)=   0.207  E2PLUR(INPUT)=   0.000

 CORIOLIS ATTENUATION PARAMETERS:  CHSI=1.000  ETA=  1.00

 MOMENT OF INERTIA PARAMETERS:   A1=  0.337 MEV   A2=  0.024 MEV   A3=  0.04512 MEV


 DELTA=0.948 MEV  LAMBDA=39.2288 MEV   HW0= 6.6132 MEV   LAMBDA/HW0= 5.9319

 E2ENERGY=0.207 MEV  HBAR**2/B=  170./A**(7/3)=  29.6/A**2 MEV

 IREC=1  =>  RECOIL TERMS j+j-, j+j+, jzjz, ETC TREATED AS TWO-BODY OPERATORS WITH APPROPRIATE PAIRING FACTORS



 S. P. LEVEL   EQP       U     V        (UU + VV)**1.00

     16       2.264    0.214 0.977      1.000 1.000 0.999 0.997 0.812 0.723 0.526
     17       2.049    0.238 0.971      1.000 1.000 1.000 0.999 0.826 0.740 0.547
     18       1.945    0.252 0.968      0.999 1.000 1.000 0.999 0.834 0.749 0.558
     19       1.708    0.290 0.957      0.997 0.999 0.999 1.000 0.855 0.775 0.591
     20       0.954    0.745 0.668      0.812 0.826 0.834 0.855 1.000 0.990 0.924
     21       1.024    0.830 0.558      0.723 0.740 0.749 0.775 0.990 1.000 0.968
     22       1.517    0.943 0.331      0.526 0.547 0.558 0.591 0.924 0.968 1.000

  R CORE   ENERGY   A0R/A00=1.000    R3= 0     2  
   2( 1)    0.207                   -0.526 0.851
   2( 2)    1.417                    0.851 0.526

  R CORE   ENERGY   A0R/A00=1.000    R3= 0     2  
   3( 1)    1.624                    0.000 1.000

  R CORE   ENERGY   A0R/A00=1.000    R3= 0     2     4  
   4( 1)    0.677                    0.437-0.612 0.659

  R CORE   ENERGY   A0R/A00=1.000    R3= 0     2     4  
   5( 1)    2.245                    0.000-0.526 0.851

  R CORE   ENERGY   A0R/A00=1.000    R3= 0     2     4     6  
   6( 1)    1.383                   -0.413 0.565-0.516 0.494
 

             ENERGY     K= 1/2
 
 I=  1/2+ (1)  1.071  20: 0.536
                      21:-0.824
                      22: 0.181
 
 I=  1/2+ (2)  1.635  19:-0.059
                      20:-0.128
                      21: 0.134
                      22: 0.980

             ENERGY     K= 1/2  -3/2
 
 I=  3/2+ (1)  1.017  20: 0.785 0.156
                      21: 0.164 0.558
                      22:-0.073 0.120
 
 I=  3/2+ (2)  1.194  20: 0.139 0.600
                      21: 0.583-0.528

             ENERGY     K= 5/2   1/2  -3/2
 
 I=  5/2+ (1)  1.182  20:-0.610-0.164 0.498
                      21: 0.049-0.345 0.478
 
 I=  5/2+ (2)  1.344  20: 0.166-0.375 0.426
                      21:-0.639 0.304-0.096
                      22: 0.294-0.185 0.124

             ENERGY     K= 5/2   1/2  -3/2  -7/2
 
 I=  7/2+ (1)  1.283  20:-0.504 0.461-0.233-0.122
                      21:-0.083-0.015 0.218-0.570
                      22: 0.083-0.108 0.138-0.215
 
 I=  7/2+ (2)  1.659  20: 0.269-0.139-0.135 0.554
                      21: 0.372-0.445 0.400-0.287

             ENERGY     K= 9/2   5/2   1/2  -3/2  -7/2
 
 I=  9/2+ (1)  1.659  20:-0.553 0.145 0.146-0.323 0.335
                      21: 0.056-0.198 0.328-0.395 0.353
 
 I=  9/2+ (2)  1.833  18: 0.027 0.019-0.055 0.079-0.080
                      19:-0.168 0.084-0.043 0.018-0.007
                      20:-0.070 0.209-0.311 0.343-0.283
                      21: 0.482-0.325 0.206-0.092 0.008
                      22:-0.298 0.229-0.192 0.152-0.103

             ENERGY     K= 9/2   5/2   1/2  -3/2  -7/2 -11/2
 
 I= 11/2+ (1)  1.780  20:-0.334 0.414-0.381 0.257-0.086-0.094
                      21:-0.051 0.029 0.046-0.161 0.296-0.480
                      22: 0.070-0.102 0.128-0.151 0.175-0.229
 
 I= 11/2+ (2)  2.363  20: 0.232-0.236 0.137 0.032-0.225 0.442
                      21: 0.248-0.362 0.406-0.375 0.287-0.182

             ENERGY     K=13/2   9/2   5/2   1/2  -3/2  -7/2 -11/2
 
 I= 13/2+ (1)  2.372  20: 0.441-0.235 0.039 0.144-0.267 0.297-0.226
                      21:-0.046 0.129-0.235 0.327-0.374 0.352-0.258
 
 I= 13/2+ (2)  2.489  18:-0.049-0.017 0.083-0.142 0.179-0.183 0.147
                      19: 0.380-0.253 0.182-0.122 0.074-0.041 0.021
                      20: 0.038-0.107 0.178-0.230 0.247-0.220 0.151
                      21:-0.296 0.246-0.203 0.145-0.081 0.026 0.008
                      22: 0.206-0.184 0.176-0.161 0.135-0.103 0.065

             ENERGY     K=13/2   9/2   5/2   1/2  -3/2  -7/2 -11/2
  21 LEVELS    TIME=  0.0 SEC



 ******************* EXCITATION ENERGIES, DOMINANT CONFIGURATION AND EXPECTATION VALUES (WITH S.P. UU+VV FACTORS) *******************

  NR  Eex(keV)  I   Kdom  NY    <Jz>  <Jx**2> <Jy**2> <Jz**2> <I.j>/|I|  <Rx**2> <Ry**2> <Rz**2> <R.j>/|R|  <HROTx> <HROTy> <HROTz>

   1    0.0   3/2+   1/2  20   -0.11    1.73    0.83    0.82    1.62      -0.01    0.46    0.42   -0.27     -0.003   0.011   0.019
   2   54.3   1/2+   1/2  21    0.12    0.24    0.62    0.60    0.39      -0.01    0.81    0.73   -0.90     -0.003   0.020   0.033
   3  164.8   5/2+   5/2  20   -0.06    1.83    0.70    0.76    1.04      -0.01    2.99    2.94   -0.10     -0.004   0.072   0.133
   4  177.4   3/2+   3/2  20   -0.15    0.70    0.84    0.86    0.11      -0.01    2.89    2.87   -0.92     -0.004   0.070   0.129
   5  265.6   7/2+   7/2  21   -0.31    1.31    1.06    1.03    1.47       0.00    4.05    3.44    0.89      0.000   0.098   0.155
  
   6  327.4   5/2+   5/2  21    0.35    0.56    0.49    0.47    0.36       0.00    4.43    3.69   -0.16      0.001   0.107   0.166
   7  618.6   1/2+   1/2  22   -0.50    0.25    1.12    1.13   -0.36       0.01    2.00    1.88   -1.43      0.003   0.048   0.085
   8  642.1   7/2+   7/2  20   -0.17    1.06    0.79    0.91   -0.14       0.02   10.99    8.60   -0.75      0.007   0.266   0.388
   9  642.1   9/2+   9/2  20   -0.16    1.70    0.65    0.86    0.81       0.02   11.20    8.70    0.18      0.008   0.271   0.393
  10  653.6   3/2+   3/2  22   -0.20    0.28    0.66    0.84    0.21       0.01    2.46    2.26   -0.63      0.004   0.059   0.102
  
  11  763.5  11/2+  11/2  21   -0.35    1.15    1.25    1.12    1.48       0.06   12.76    8.69    1.16      0.021   0.308   0.392
  12  816.0   9/2+   9/2  21    0.50    0.63    0.75    0.80    0.65       0.06   12.15    8.25    0.23      0.020   0.294   0.372
  13  865.1   5/2+   5/2  19    1.30    0.79    3.05    4.29    2.40       0.08    1.56    1.04   -0.63      0.028   0.038   0.047
  14  950.0   1/2+   1/2  19    1.61    0.33    3.46    4.61    1.97       0.07    2.42    3.26   -2.80      0.024   0.058   0.147
  15 1066.9   7/2+   7/2  22   -0.05    0.34    0.44    0.70   -0.11       0.09   10.66    7.33   -0.45      0.030   0.258   0.330
  
  16 1110.7   9/2+   9/2  19    1.22    0.81    2.74    3.94    2.15       0.09    6.18    4.55    0.98      0.032   0.149   0.205
  17 1346.6  11/2+  11/2  20   -0.23    1.19    0.74    1.04   -0.21       0.17   26.44   14.66   -0.66      0.057   0.639   0.661
  18 1355.1  13/2+  13/2  20   -0.28    1.64    0.56    0.99    0.72       0.17   26.97   14.78    0.28      0.058   0.652   0.667
  19 1472.4  13/2+  13/2  19    0.80    0.70    2.04    2.35    1.47       0.15   21.22   11.97    0.89      0.052   0.513   0.540
  20 1681.1  13/2+  13/2  19    0.84    0.74    1.53    2.26    1.33       0.19   22.06   12.43    0.81      0.065   0.533   0.561
  
  21 1691.4  11/2+  11/2  17   -1.78    1.33    3.46    9.05    2.79       0.66   10.16    5.42    0.70      0.222   0.246   0.244
