1SPECTRUM OF (Z= 75 A=191) IN PARTICLE-ROTOR  MODEL WITH MODIFIED OSCILLATOR POTENTIAL


 PARITY=+   EPS= 0.117   GAMMA= 60.0   EPS4=0.000   EPS6=0.000   LEVELS:  16  17  18  19  20  21  22

 PAIRING FACTORS: GN0= 19.20  GN1=  7.40  IPAIR= 15 ***  E2PLUS(INPUT)=   0.207  E2PLUR(INPUT)=   0.000

 CORIOLIS ATTENUATION PARAMETERS:  CHSI=1.000  ETA=  1.00

 MOMENT OF INERTIA PARAMETERS:   A1= 34.536 MEV   A2=  0.035 MEV   A3=  0.03454 MEV


 DELTA=0.923 MEV  LAMBDA=39.3345 MEV   HW0= 6.6197 MEV   LAMBDA/HW0= 5.9420

 E2ENERGY=0.207 MEV  HBAR**2/B=  596./A**(7/3)= 103.5/A**2 MEV

 IREC=1  =>  RECOIL TERMS j+j-, j+j+, jzjz, ETC TREATED AS TWO-BODY OPERATORS WITH APPROPRIATE PAIRING FACTORS



 S. P. LEVEL   EQP       U     V        (UU + VV)**1.00

     16       2.241    0.211 0.978      1.000 1.000 0.999 0.997 0.804 0.750 0.433
     17       2.072    0.229 0.973      1.000 1.000 1.000 0.999 0.815 0.763 0.450
     18       1.933    0.246 0.969      0.999 1.000 1.000 0.999 0.825 0.774 0.466
     19       1.708    0.281 0.960      0.997 0.999 0.999 1.000 0.845 0.797 0.498
     20       0.930    0.750 0.661      0.804 0.815 0.825 0.845 1.000 0.996 0.884
     21       0.965    0.804 0.594      0.750 0.763 0.774 0.797 0.996 1.000 0.921
     22       2.031    0.972 0.234      0.433 0.450 0.466 0.498 0.884 0.921 1.000

  R CORE   ENERGY   A0R/A00=1.000    R3= 0     2  
   2( 1)    0.207                   -0.500 0.866
   2( 2)  138.213                    0.866 0.500

  R CORE   ENERGY   A0R/A00=1.000    R3= 0     2  
   3( 1)  138.420                    0.000 1.000

  R CORE   ENERGY   A0R/A00=1.000    R3= 0     2     4  
   4( 1)    0.691                    0.375-0.559 0.740

  R CORE   ENERGY   A0R/A00=1.000    R3= 0     2     4  
   5( 1)  139.042                    0.000-0.500 0.866

  R CORE   ENERGY   A0R/A00=1.000    R3= 0     2     4     6  
   6( 1)    1.450                   -0.312 0.453-0.496 0.672
 

             ENERGY     K= 1/2
 
 I=  1/2+ (1)  1.038  17: 0.061
                      21: 0.994
                      22: 0.091
 
 I=  1/2+ (2)  1.881  17: 0.148
                      19:-0.966
                      21:-0.054
                      22: 0.204

             ENERGY     K= 1/2  -3/2
 
 I=  3/2+ (1)  0.993  20:-0.770-0.445
                      21:-0.221 0.383
                      22: 0.042-0.072
 
 I=  3/2+ (2)  1.153  20: 0.388 0.224
                      21:-0.445 0.771

             ENERGY     K= 5/2   1/2  -3/2
 
 I=  5/2+ (1)  1.152  20: 0.501 0.317-0.672
                      21: 0.343-0.217 0.154
 
 I=  5/2+ (2)  1.316  18: 0.048 0.031-0.065
                      19: 0.075-0.047 0.034
                      20:-0.234-0.148 0.313
                      21: 0.690-0.437 0.309
                      22: 0.164-0.104 0.074

             ENERGY     K= 5/2   1/2  -3/2  -7/2
 
 I=  7/2+ (1)  1.287  19: 0.026-0.034 0.044-0.068
                      20:-0.497 0.370-0.096-0.438
                      21:-0.169 0.227-0.293 0.448
                      22: 0.053-0.071 0.092-0.141
 
 I=  7/2+ (2)  1.612  20: 0.406-0.302 0.078 0.358
                      21:-0.216 0.290-0.375 0.572

             ENERGY     K= 9/2   5/2   1/2  -3/2  -7/2
 
 I=  9/2+ (1)  1.643  20: 0.486-0.000-0.260 0.424-0.486
                      21: 0.364-0.243 0.195-0.159 0.121
 
 I=  9/2+ (2)  1.795  18: 0.130 0.000-0.070 0.114-0.130
                      19: 0.237-0.158 0.127-0.103 0.079
                      20:-0.255-0.000 0.136-0.222 0.255
                      21: 0.525-0.350 0.281-0.229 0.175
                      22: 0.190-0.126 0.101-0.083 0.063

             ENERGY     K= 9/2   5/2   1/2  -3/2  -7/2 -11/2
 
 I= 11/2+ (1)  1.818  17:-0.017 0.022-0.026 0.031-0.038 0.057
                      19:-0.024 0.032-0.038 0.045-0.055 0.081
                      20: 0.359-0.339 0.258-0.131-0.053 0.396
                      21: 0.130-0.168 0.201-0.237 0.291-0.431
                      22:-0.054 0.070-0.084 0.099-0.122 0.180
 
 I= 11/2+ (2)  2.344  16:-0.053 0.050-0.038 0.019 0.008-0.059
                      18: 0.070-0.066 0.050-0.025-0.010 0.077
                      20:-0.349 0.330-0.251 0.127 0.052-0.385
                      21: 0.144-0.186 0.223-0.264 0.323-0.479

             ENERGY     K=13/2   9/2   5/2   1/2  -3/2  -7/2 -11/2
 
 I= 13/2+ (1)  2.407  18:-0.079 0.018 0.015-0.038 0.055-0.065 0.065
                      20:-0.429 0.097 0.080-0.207 0.299-0.355 0.357
                      21:-0.407 0.277-0.228 0.197-0.170 0.144-0.113
 
 I= 13/2+ (2)  2.434  17: 0.064-0.044 0.036-0.031 0.027-0.023 0.018
                      18:-0.195 0.044 0.036-0.094 0.136-0.161 0.162
                      19:-0.379 0.257-0.213 0.183-0.158 0.134-0.105
                      20: 0.266-0.060-0.050 0.128-0.185 0.220-0.221
                      21:-0.315 0.214-0.177 0.152-0.132 0.112-0.087
                      22:-0.160 0.109-0.090 0.077-0.067 0.057-0.044

             ENERGY     K=13/2   9/2   5/2   1/2  -3/2  -7/2 -11/2
  21 LEVELS    TIME=  0.0 SEC



 ******************* EXCITATION ENERGIES, DOMINANT CONFIGURATION AND EXPECTATION VALUES (WITH S.P. UU+VV FACTORS) *******************

  NR  Eex(keV)  I   Kdom  NY    <Jz>  <Jx**2> <Jy**2> <Jz**2> <I.j>/|I|  <Rx**2> <Ry**2> <Rz**2> <R.j>/|R|  <HROTx> <HROTy> <HROTz>

   1    0.0   3/2+   1/2  20   -0.09    1.84    0.74    0.74    1.51       0.00    0.61    0.61   -0.36      0.000   0.021   0.021
   2   45.2   1/2+   1/2  21    0.04    0.25    0.65    0.65    0.33       0.00    0.86    0.86   -0.96      0.000   0.030   0.030
   3  159.2   5/2+   3/2  20   -0.04    1.86    0.68    0.68    1.01      -0.00    3.01    3.01   -0.10     -0.000   0.104   0.104
   4  159.8   3/2+   3/2  21   -0.12    0.66    0.78    0.78    0.14       0.00    2.72    2.72   -0.84      0.000   0.094   0.094
   5  293.7   7/2+   5/2  20   -0.27    1.43    1.00    1.00    1.34      -0.00    4.25    4.25    0.66     -0.000   0.147   0.147
  
   6  323.2   5/2+   5/2  21    0.28    0.62    0.79    0.79    0.41       0.00    4.25    4.25   -0.33      0.000   0.147   0.147
   7  619.4   7/2+   7/2  21   -0.09    1.05    0.84    0.84   -0.04       0.00    9.39    9.39   -0.66      0.000   0.324   0.324
   8  650.4   9/2+   9/2  20   -0.06    1.70    0.70    0.70    0.78       0.00   10.04   10.04    0.18      0.000   0.347   0.347
   9  802.3   9/2+   9/2  21    0.58    0.75    1.62    1.62    1.08      -0.00    8.98    8.98    0.33     -0.000   0.310   0.310
  10  825.2  11/2+  11/2  21   -0.43    1.24    1.40    1.40    1.47       0.00   11.11   11.11    1.01      0.000   0.384   0.384
  
  11  879.8   5/2+   5/2  19    0.99    0.63    3.02    3.02    2.05       0.00    1.65    1.65   -0.34      0.000   0.057   0.057
  12  887.8   1/2+   1/2  19    1.19    0.25    3.16    3.16    1.66      -0.00    2.22    2.22   -2.43     -0.000   0.077   0.077
  13 1046.7   3/2+   3/2  19    0.25    1.09    2.80    2.80    1.26       0.00    2.78    2.78   -1.80      0.000   0.096   0.096
  14 1155.6   1/2+   1/2  22   -0.31    0.25    1.39    1.39   -0.07       0.00    1.95    1.95   -1.56      0.000   0.067   0.067
  15 1202.6   9/2+   9/2  19    0.77    0.68    2.10    2.10    1.46      -0.00    7.55    7.55    0.61     -0.000   0.261   0.261
  
  16 1228.7   7/2+   7/2  17   -1.08    0.83    5.81    5.81    2.72      -0.00    3.29    3.29   -0.64     -0.000   0.114   0.114
  17 1351.4  11/2+  11/2  21   -0.06    1.23    0.97    0.97   -0.04       0.00   19.73   19.73   -0.55      0.000   0.681   0.681
  18 1414.2  13/2+  13/2  20   -0.02    1.46    0.75    0.75    0.71       0.00   20.89   20.89    0.31      0.000   0.721   0.721
  19 1441.4  13/2+  13/2  19    0.82    0.95    2.74    2.74    1.82      -0.00   14.85   14.85    1.16     -0.000   0.513   0.513
  20 1532.8  11/2+  11/2  17   -1.31    0.77    6.19    6.19    2.94       0.00    6.87    6.87    1.19      0.000   0.237   0.237
  
  21 1896.4  13/2+  13/2  19    0.53    0.70    0.90    0.90    0.78      -0.00   20.17   20.17    0.47     -0.000   0.697   0.697
