1SPECTRUM OF (Z= 75 A=191) IN PARTICLE-ROTOR  MODEL WITH MODIFIED OSCILLATOR POTENTIAL


 PARITY=+   EPS= 0.230   GAMMA= 26.5   EPS4=0.000   EPS6=0.000   LEVELS:  15  16  17  18  19  20  21

 PAIRING FACTORS: GN0= 19.20  GN1=  7.40  IPAIR= 15 ***  E2PLUS(INPUT)=   0.207  E2PLUR(INPUT)=   0.000

 CORIOLIS ATTENUATION PARAMETERS:  CHSI=1.000  ETA=  1.00

 MOMENT OF INERTIA PARAMETERS:   A1=  0.058 MEV   A2=  0.018 MEV   A3=  0.08926 MEV


 DELTA=0.875 MEV  LAMBDA=39.8162 MEV   HW0= 6.6496 MEV   LAMBDA/HW0= 5.9878

 E2ENERGY=0.207 MEV  HBAR**2/B= 1580./A**(7/3)= 274.4/A**2 MEV

 IREC=1  =>  RECOIL TERMS j+j-, j+j+, jzjz, ETC TREATED AS TWO-BODY OPERATORS WITH APPROPRIATE PAIRING FACTORS



 S. P. LEVEL   EQP       U     V        (UU + VV)**1.00

     15       3.194    0.138 0.990      1.000 1.000 0.999 0.982 0.958 0.896 0.480
     16       2.790    0.159 0.987      1.000 1.000 0.999 0.986 0.964 0.905 0.498
     17       2.340    0.190 0.982      0.999 0.999 1.000 0.991 0.972 0.918 0.526
     18       1.432    0.323 0.946      0.982 0.986 0.991 1.000 0.995 0.964 0.637
     19       1.154    0.417 0.909      0.958 0.964 0.972 0.995 1.000 0.986 0.712
     20       0.940    0.563 0.826      0.896 0.905 0.918 0.964 0.986 1.000 0.820
     21       1.320    0.935 0.354      0.480 0.498 0.526 0.637 0.712 0.820 1.000

  R CORE   ENERGY   A0R/A00=1.000    R3= 0     2  
   2( 1)    0.207                    0.955-0.296
   2( 2)    0.455                    0.296 0.955

  R CORE   ENERGY   A0R/A00=1.000    R3= 0     2  
   3( 1)    0.662                    0.000 1.000

  R CORE   ENERGY   A0R/A00=1.000    R3= 0     2     4  
   4( 1)    0.570                    0.816-0.575 0.061

  R CORE   ENERGY   A0R/A00=1.000    R3= 0     2     4  
   5( 1)    1.282                    0.000 0.955-0.296

  R CORE   ENERGY   A0R/A00=1.000    R3= 0     2     4     6  
   6( 1)    1.071                    0.733-0.660 0.164-0.011
 

             ENERGY     K= 1/2
 
 I=  1/2+ (1)  1.107  16:-0.060
                      20: 0.975
                      21:-0.208
 
 I=  1/2+ (2)  1.488  18:-0.276
                      19:-0.744
                      20: 0.162
                      21: 0.584

             ENERGY     K= 1/2  -3/2
 
 I=  3/2+ (1)  1.086  16: 0.068-0.000
                      19:-0.068 0.035
                      20:-0.969-0.077
                      21:-0.092-0.183
 
 I=  3/2+ (2)  1.374  17:-0.020-0.116
                      19:-0.001-0.126
                      20: 0.055-0.911
                      21:-0.293 0.217

             ENERGY     K= 5/2   1/2  -3/2
 
 I=  5/2+ (1)  1.287  17: 0.011 0.005-0.117
                      18: 0.184-0.016-0.006
                      19: 0.716-0.058 0.002
                      20:-0.163 0.469-0.366
                      21: 0.192-0.051-0.114
 
 I=  5/2+ (2)  1.357  17: 0.056 0.018 0.004
                      18: 0.141-0.002-0.023
                      19: 0.484-0.060-0.019
                      20:-0.390-0.569 0.432
                      21: 0.079 0.009 0.253

             ENERGY     K= 5/2   1/2  -3/2  -7/2
 
 I=  7/2+ (1)  1.356  16: 0.008 0.065-0.016 0.000
                      17:-0.053 0.047-0.005 0.003
                      18:-0.010 0.021-0.003 0.075
                      19: 0.003-0.085 0.062-0.043
                      20: 0.299-0.897 0.103 0.019
                      21: 0.008-0.126-0.205 0.077
 
 I=  7/2+ (2)  1.498  17: 0.050 0.023-0.129-0.043
                      18:-0.196 0.042 0.029-0.414
                      19:-0.774 0.144-0.037 0.161
                      20:-0.031-0.089-0.238-0.047
                      21:-0.178-0.043-0.057-0.098

             ENERGY     K= 9/2   5/2   1/2  -3/2  -7/2
 
 I=  9/2+ (1)  1.632  15: 0.001-0.021 0.072-0.016-0.000
                      17:-0.005-0.015 0.034-0.147 0.023
                      18:-0.083 0.126-0.043 0.015-0.083
                      19:-0.309 0.513-0.136 0.011 0.029
                      20: 0.043-0.079 0.485-0.496 0.073
                      21:-0.079 0.164 0.018-0.178 0.019
 
 I=  9/2+ (2)  1.763  17:-0.007 0.115 0.005-0.008 0.060
                      18:-0.133 0.042 0.041-0.088 0.288
                      19:-0.481 0.101-0.004-0.007-0.116
                      20: 0.129-0.532-0.052 0.346 0.051
                      21:-0.118 0.029-0.254 0.309 0.101

             ENERGY     K= 9/2   5/2   1/2  -3/2  -7/2 -11/2
 
 I= 11/2+ (1)  1.765  15:-0.000-0.008 0.069-0.083 0.018-0.000
                      17: 0.022-0.095 0.047 0.020 0.005-0.002
                      18:-0.004 0.009 0.009-0.034 0.140-0.098
                      19:-0.026 0.116-0.113 0.084-0.084 0.039
                      20:-0.073 0.462-0.739 0.291 0.000-0.008
                      21:-0.006 0.061-0.073-0.136 0.144-0.033
 
 I= 11/2+ (2)  1.924  16: 0.019-0.047 0.054-0.061 0.019 0.012
                      17:-0.019 0.015 0.050-0.118 0.043 0.022
                      18: 0.129-0.150 0.047 0.061-0.263 0.376
                      19: 0.474-0.563 0.202-0.060 0.100-0.135
                      20:-0.055 0.144-0.197-0.043 0.031 0.027
                      21: 0.112-0.115 0.006-0.052-0.008 0.068

             ENERGY     K=13/2   9/2   5/2   1/2  -3/2  -7/2 -11/2
 
 I= 13/2+ (1)  2.113  15:-0.000 0.002-0.041 0.086-0.033-0.002-0.002
                      17: 0.005 0.012-0.018 0.066-0.159 0.076 0.011
                      18: 0.017-0.097 0.116-0.055 0.028-0.077 0.109
                      19: 0.060-0.367 0.457-0.186 0.026 0.024-0.038
                      20:-0.010 0.036-0.158 0.448-0.462 0.158-0.002
                      21: 0.016-0.102 0.134 0.024-0.149 0.058 0.012
 
 I= 13/2+ (2)  2.240  15:-0.001 0.003-0.019 0.046-0.059 0.017 0.006
                      16: 0.030 0.065-0.110 0.030 0.011-0.001-0.006
                      17:-0.022-0.059 0.119-0.060 0.016 0.012-0.013
                      18:-0.000 0.038-0.053 0.046-0.164 0.490-0.539
                      19: 0.001 0.144-0.206 0.089 0.054-0.196 0.199
                      20: 0.012 0.068-0.239 0.292-0.185 0.095-0.043
                      21: 0.001 0.019-0.009 0.003-0.084 0.155-0.117

             ENERGY     K=13/2   9/2   5/2   1/2  -3/2  -7/2 -11/2
  21 LEVELS    TIME=  0.0 SEC



 ******************* EXCITATION ENERGIES, DOMINANT CONFIGURATION AND EXPECTATION VALUES (WITH S.P. UU+VV FACTORS) *******************

  NR  Eex(keV)  I   Kdom  NY    <Jz>  <Jx**2> <Jy**2> <Jz**2> <I.j>/|I|  <Rx**2> <Ry**2> <Rz**2> <R.j>/|R|  <HROTx> <HROTy> <HROTz>

   1    0.0   3/2+   1/2  20    0.36    1.02    1.47    0.58    0.91       0.62    2.23    0.46   -0.72      0.036   0.040   0.041
   2   21.3   1/2+   1/2  20    0.41    0.54    1.54    0.61   -0.10       1.10    2.07    0.46   -1.46      0.064   0.037   0.041
   3  201.5   5/2+   5/2  19    1.45    1.08    1.37    3.40    1.56       1.08    3.82    0.48   -0.53      0.063   0.068   0.043
   4  270.5   7/2+   1/2  20    0.33    1.00    1.52    0.75    0.94       2.32    8.40    0.88    0.13      0.135   0.150   0.079
   5  270.9   5/2+   1/2  20    0.90    1.07    1.24    1.91    0.82       1.88    4.95    1.31   -0.63      0.110   0.088   0.117
  
   6  287.7   3/2+   3/2  20    0.09    0.50    1.55    0.66    0.08       0.51    2.49    3.14   -1.03      0.030   0.044   0.280
   7  343.0   5/2+   5/2  20    0.46    0.79    1.33    0.97    0.65       1.29    4.05    2.63   -0.41      0.076   0.072   0.235
   8  402.5   1/2+   1/2  19    0.59    1.01    0.46    2.29    0.52       1.34    0.32    1.95   -1.74      0.078   0.006   0.174
   9  412.5   7/2+   5/2  19    0.81    1.51    1.38    5.81    2.15       2.89    4.33    0.14   -0.06      0.168   0.077   0.012
  10  448.9   3/2+   3/2  21   -0.53    0.69   -0.18    0.94    0.34       2.04    0.43    1.41   -0.40      0.119   0.008   0.126
  
  11  496.8   7/2+   7/2  18   -0.50    1.14    1.46    5.86    1.98       3.35    4.11    1.03   -0.21      0.196   0.073   0.092
  12  510.4   1/2+   1/2  21    1.06    0.99    0.37    3.47    0.38       1.64    0.62    2.66   -2.03      0.096   0.011   0.238
  13  546.5   9/2+   5/2  19    1.00    1.13    1.54    2.81    1.26       2.28   13.82    1.60    0.19      0.133   0.247   0.143
  14  676.7   9/2+   5/2  20    0.49    1.18    1.15    3.21    1.57       2.98    8.52    3.15    0.60      0.174   0.152   0.281
  15  679.4  11/2+   1/2  20    0.26    0.96    1.85    1.31    1.08       2.95   22.14    1.86    0.45      0.172   0.395   0.166
  
  16  687.0   9/2+   7/2  18   -0.35    1.47    1.47    5.41    1.47       3.72   13.60    1.17   -0.24      0.217   0.243   0.105
  17  838.1  11/2+   5/2  19    0.70    1.43    1.34    6.10    1.94       3.28   15.96    2.14    0.59      0.191   0.285   0.191
  18  941.6  11/2+  11/2  18   -1.64    1.44    1.46    8.86    2.41       2.99   12.61    3.04    0.62      0.174   0.225   0.271
  19 1026.9  13/2+   3/2  20    0.93    1.09    1.71    3.00    1.27       3.65   30.95    2.28    0.50      0.213   0.552   0.203
  20 1154.2  13/2+  11/2  18   -1.89    1.64    1.78    8.27    2.09       3.97   24.86    2.45    0.52      0.231   0.443   0.219
  
  21 1257.8  13/2+   3/2  21    0.25    0.94    0.50    1.68    0.91       5.18   30.66    3.29    0.52      0.302   0.547   0.294
