 PARITY=+   EPS= 0.183   GAMMA= 55.0   EPS4=0.000   EPS6=0.000   LEVELS:  16  17  18  19  20  21  22
0   Z= 75   A=191   IQ=1   GSFAC= 0.75   GR=  0.39   MIN SPIN=  1/2   MAX SPIN= 13/2   KMAX= 13/2

 MICR QUADR MOMENTS:  Q0= 277.555  Q2=-266.563 FM**2


   B(E2) AND Q(E2) IN E2B2 AND EB,   B(M1) AND M(M1) INNM2 AND NM,   T(E2) AND T(M1) IN 1/PS

       E1     II      EF     IF     B(E2)             B(M1)              GD        D       EREL    T(E2)      T(M1)
                                             WU               MWU

      64.4   1/2 -   64.4   1/2    0.0000            0.4034
      64.4   1/2 -    0.0   3/2    0.0896   13.72    0.2174  121.42    0.001   -0.034     64.4  0.121E-05  0.102E-02
     972.5   1/2 -   64.4   1/2    0.0000    0.00    0.0536   29.93    0.000    0.000    908.0  0.000E+00  0.706E+00
     972.5   1/2 -  972.5   1/2    0.0000            1.4792
     972.5   1/2 -    0.0   3/2    0.0067    1.02    0.1744   97.41    0.024    0.158    972.5  0.707E-01  0.282E+01


     972.5   1/2 -  164.1   3/2    0.0039    0.60    0.2154  120.28    0.008   -0.091    808.3  0.164E-01  0.200E+01
     972.5   1/2 -  154.0   5/2    0.0101    1.54    0.0000    0.00    1.000    0.000    818.5  0.451E-01  0.000E+00
     972.5   1/2 -  332.2   5/2    0.0309    4.72    0.0000    0.00    1.000    0.000    640.2  0.405E-01  0.000E+00
       0.0   3/2 -    0.0   3/2   -0.7315            1.0030
     164.1   3/2 -   64.4   1/2    0.3682   56.36    0.1341   74.90    0.019    0.138     99.7  0.443E-04  0.234E-02


     164.1   3/2 -    0.0   3/2    0.1512   23.15    0.2773  154.89    0.010   -0.101    164.1  0.220E-03  0.216E-01
     164.1   3/2 -  164.1   3/2    0.7238            0.7424
     164.1   3/2 -  154.0   5/2    0.0350    5.36    0.0816   45.58    0.000    0.006     10.1  0.457E-10  0.150E-05
    1128.0   3/2 -   64.4   1/2    0.0013    0.20    0.1598   89.24    0.006    0.081   1063.6  0.221E-01  0.338E+01
    1128.0   3/2 -  972.5   1/2    0.3353   51.32    0.1013   56.56    0.053    0.236    155.6  0.373E-03  0.671E-02


    1128.0   3/2 -    0.0   3/2    0.0069    1.06    0.1544   86.26    0.038    0.198   1128.0  0.154E+00  0.390E+01
    1128.0   3/2 -  164.1   3/2    0.0004    0.06    0.1040   58.11    0.002   -0.047    963.9  0.369E-02  0.164E+01
    1128.0   3/2 - 1128.0   3/2    0.4373            0.4912
    1128.0   3/2 -  154.0   5/2    0.0017    0.26    0.0080    4.48    0.121   -0.371    974.0  0.179E-01  0.130E+00
    1128.0   3/2 -  332.2   5/2    0.0165    2.53    0.0178    9.93    0.290    0.639    795.8  0.643E-01  0.158E+00


    1128.0   3/2 -  330.4   7/2    0.0063    0.97    0.0000    0.00    1.000    0.000    797.7  0.250E-01  0.000E+00
    1128.0   3/2 -  592.3   7/2    0.0023    0.36    0.0000    0.00    1.000    0.000    535.7  0.126E-02  0.000E+00
     154.0   5/2 -   64.4   1/2    0.0446    6.83    0.0000    0.00    1.000    0.000     89.6  0.314E-05  0.000E+00
     154.0   5/2 -    0.0   3/2    0.6284   96.16    0.1312   73.29    0.073   -0.281    154.0  0.664E-03  0.843E-02
     154.0   5/2 -  154.0   5/2    0.4517            1.2162


     332.2   5/2 -   64.4   1/2    0.3619   55.39    0.0000    0.00    1.000    0.000    267.8  0.608E-02  0.000E+00
     332.2   5/2 -    0.0   3/2    0.0258    3.95    0.1015   56.70    0.019   -0.140    332.2  0.128E-02  0.655E-01
     332.2   5/2 -  164.1   3/2    0.1579   24.17    0.0005    0.29    0.857    2.451    168.1  0.259E-03  0.431E-04
     332.2   5/2 -  154.0   5/2    0.0250    3.83    0.1713   95.70    0.003   -0.057    178.2  0.549E-04  0.171E-01
     332.2   5/2 -  332.2   5/2    1.1898            2.0922


     332.2   5/2 -  330.4   7/2    0.0053    0.82    0.0106    5.91    0.000    0.001      1.9  0.142E-14  0.119E-08
    1146.3   5/2 -   64.4   1/2    0.0099    1.52    0.0000    0.00    1.000    0.000   1081.9  0.180E+00  0.000E+00
    1146.3   5/2 -  972.5   1/2    0.3495   53.49    0.0000    0.00    1.000    0.000    173.9  0.677E-03  0.000E+00
    1146.3   5/2 -    0.0   3/2    0.0039    0.59    0.0975   54.46    0.035    0.191   1146.3  0.938E-01  0.258E+01
    1146.3   5/2 -  164.1   3/2    0.0077    1.19    0.0926   51.74    0.053   -0.236    982.2  0.864E-01  0.154E+01


    1146.3   5/2 - 1128.0   3/2    0.1754   26.84    0.3275  182.94    0.000   -0.011     18.3  0.438E-08  0.353E-04
    1146.3   5/2 -  154.0   5/2    0.0047    0.72    0.1378   76.97    0.023    0.153    992.3  0.554E-01  0.237E+01
    1146.3   5/2 -  332.2   5/2    0.0000    0.00    0.0853   47.63    0.000    0.013    814.1  0.130E-03  0.810E+00
    1146.3   5/2 - 1146.3   5/2    1.2073            2.5301
    1146.3   5/2 -  330.4   7/2    0.0009    0.14    0.0098    5.45    0.041   -0.208    815.9  0.402E-02  0.933E-01


    1146.3   5/2 -  592.3   7/2    0.0028    0.43    0.0630   35.16    0.009   -0.098    554.0  0.180E-02  0.188E+00
    1146.3   5/2 -  645.0   9/2    0.0035    0.53    0.0000    0.00    1.000    0.000    501.3  0.134E-02  0.000E+00
    1146.3   5/2 -  817.2   9/2    0.0398    6.09    0.0000    0.00    1.000    0.000    329.1  0.187E-02  0.000E+00
     330.4   7/2 -    0.0   3/2    0.3234   49.49    0.0000    0.00    1.000    0.000    330.4  0.155E-01  0.000E+00
     330.4   7/2 -  164.1   3/2    0.0455    6.96    0.0000    0.00    1.000    0.000    166.3  0.705E-04  0.000E+00


     330.4   7/2 -  154.0   5/2    0.3398   52.00    0.0788   44.04    0.085   -0.305    176.4  0.708E-03  0.762E-02
     330.4   7/2 -  330.4   7/2    1.0847            1.1332
     592.3   7/2 -    0.0   3/2    0.0053    0.81    0.0000    0.00    1.000    0.000    592.3  0.469E-02  0.000E+00
     592.3   7/2 -  164.1   3/2    0.4609   70.54    0.0000    0.00    1.000    0.000    428.2  0.810E-01  0.000E+00
     592.3   7/2 -  154.0   5/2    0.0662   10.14    0.2412  134.71    0.035   -0.191    438.3  0.131E-01  0.358E+00


     592.3   7/2 -  332.2   5/2    0.0965   14.77    0.0878   49.01    0.049    0.227    260.1  0.140E-02  0.272E-01
     592.3   7/2 -  330.4   7/2    0.0139    2.13    0.1543   86.17    0.004   -0.065    262.0  0.209E-03  0.488E-01
     592.3   7/2 -  592.3   7/2    1.3670            2.0643
    1491.9   7/2 -    0.0   3/2    0.0003    0.04    0.0000    0.00    1.000    0.000   1491.9  0.229E-01  0.000E+00
    1491.9   7/2 -  164.1   3/2    0.0014    0.21    0.0000    0.00    1.000    0.000   1327.8  0.693E-01  0.000E+00


    1491.9   7/2 - 1128.0   3/2    0.4503   68.91    0.0000    0.00    1.000    0.000    363.9  0.350E-01  0.000E+00
    1491.9   7/2 -  154.0   5/2    0.0052    0.79    0.1433   80.01    0.043    0.212   1337.9  0.270E+00  0.604E+01
    1491.9   7/2 -  332.2   5/2    0.0046    0.71    0.0818   45.68    0.050    0.230   1159.7  0.119E+00  0.224E+01
    1491.9   7/2 - 1146.3   5/2    0.1259   19.26    0.0361   20.14    0.224    0.538    345.6  0.757E-02  0.262E-01
    1491.9   7/2 -  330.4   7/2    0.0017    0.26    0.0237   13.21    0.063    0.260   1161.5  0.442E-01  0.653E+00


    1491.9   7/2 -  592.3   7/2    0.0001    0.01    0.2191  122.39    0.000   -0.011    899.6  0.367E-03  0.281E+01
    1491.9   7/2 - 1491.9   7/2    1.2229            1.4542
    1491.9   7/2 -  645.0   9/2    0.0042    0.65    0.0036    2.01    0.369    0.765    846.9  0.225E-01  0.384E-01
    1491.9   7/2 -  817.2   9/2    0.0137    2.10    0.0191   10.67    0.185   -0.476    674.7  0.234E-01  0.103E+00
    1491.9   7/2 -  909.9  11/2    0.0023    0.36    0.0000    0.00    1.000    0.000    582.0  0.191E-02  0.000E+00


    1491.9   7/2 - 1288.6  11/2    0.0060    0.92    0.0000    0.00    1.000    0.000    203.3  0.253E-04  0.000E+00
     645.0   9/2 -  154.0   5/2    0.4674   71.53    0.0000    0.00    1.000    0.000    491.0  0.163E+00  0.000E+00
     645.0   9/2 -  332.2   5/2    0.0079    1.20    0.0000    0.00    1.000    0.000    312.8  0.287E-03  0.000E+00
     645.0   9/2 -  330.4   7/2    0.2081   31.84    0.1581   88.32    0.083   -0.300    314.6  0.782E-02  0.867E-01
     645.0   9/2 -  592.3   7/2    0.0363    5.56    0.0082    4.59    0.008    0.092     52.7  0.179E-06  0.211E-04


     645.0   9/2 -  645.0   9/2    1.3426            1.7519
     817.2   9/2 -  154.0   5/2    0.0008    0.12    0.0000    0.00    1.000    0.000    663.2  0.119E-02  0.000E+00
     817.2   9/2 -  332.2   5/2    0.5554   84.99    0.0000    0.00    1.000    0.000    485.0  0.182E+00  0.000E+00
     817.2   9/2 -  330.4   7/2    0.0079    1.22    0.2378  132.81    0.005   -0.074    486.8  0.265E-02  0.483E+00
     817.2   9/2 -  592.3   7/2    0.0669   10.23    0.0106    5.90    0.182   -0.471    224.9  0.469E-03  0.211E-02


     817.2   9/2 -  645.0   9/2    0.0034    0.52    0.1361   75.99    0.001   -0.023    172.2  0.623E-05  0.122E-01
     817.2   9/2 -  817.2   9/2    1.5983            3.3807
    1638.9   9/2 -  154.0   5/2    0.0003    0.04    0.0000    0.00    1.000    0.000   1484.9  0.255E-01  0.000E+00
    1638.9   9/2 -  332.2   5/2    0.0223    3.41    0.0000    0.00    1.000    0.000   1306.6  0.104E+01  0.000E+00
    1638.9   9/2 - 1146.3   5/2    0.5445   83.33    0.0000    0.00    1.000    0.000    492.6  0.193E+00  0.000E+00


    1638.9   9/2 -  330.4   7/2    0.0037    0.57    0.1400   78.18    0.030    0.177   1308.5  0.174E+00  0.552E+01
    1638.9   9/2 -  592.3   7/2    0.0096    1.47    0.0392   21.92    0.156   -0.430   1046.5  0.147E+00  0.792E+00
    1638.9   9/2 - 1491.9   7/2    0.0648    9.92    0.3155  176.21    0.003   -0.055    147.0  0.543E-04  0.176E-01
    1638.9   9/2 -  645.0   9/2    0.0019    0.28    0.0789   44.09    0.016    0.127    993.9  0.219E-01  0.136E+01
    1638.9   9/2 -  817.2   9/2    0.0002    0.03    0.1218   68.05    0.001    0.028    821.7  0.940E-03  0.119E+01


    1638.9   9/2 - 1638.9   9/2    1.6260            3.1027
    1638.9   9/2 -  909.9  11/2    0.0018    0.27    0.0026    1.47    0.197   -0.495    729.0  0.440E-02  0.180E-01
    1638.9   9/2 - 1288.6  11/2    0.0039    0.59    0.0314   17.54    0.010   -0.102    350.3  0.248E-03  0.237E-01
    1638.9   9/2 - 1401.6  13/2    0.0020    0.30    0.0000    0.00    1.000    0.000    237.2  0.180E-04  0.000E+00
    1638.9   9/2 - 1512.1  13/2    0.0284    4.34    0.0000    0.00    1.000    0.000    126.8  0.113E-04  0.000E+00


    1638.9   9/2 - 1603.8  13/2    0.0000    0.00    0.0000    0.00    1.000    0.000     35.1  0.598E-18  0.000E+00
     909.9  11/2 -  330.4   7/2    0.5667   86.72    0.0000    0.00    1.000    0.000    579.5  0.452E+00  0.000E+00
     909.9  11/2 -  592.3   7/2    0.0093    1.42    0.0000    0.00    1.000    0.000    317.5  0.366E-03  0.000E+00
     909.9  11/2 -  645.0   9/2    0.1365   20.90    0.0590   32.94    0.101   -0.336    264.9  0.217E-02  0.193E-01
     909.9  11/2 -  817.2   9/2    0.0028    0.42    0.0007    0.40    0.023    0.152     92.7  0.230E-06  0.992E-05


     909.9  11/2 -  909.9  11/2    1.5684            1.7473
    1288.6  11/2 -  330.4   7/2    0.0017    0.26    0.0000    0.00    1.000    0.000    958.2  0.167E-01  0.000E+00
    1288.6  11/2 -  592.3   7/2    0.5914   90.50    0.0000    0.00    1.000    0.000    696.3  0.118E+01  0.000E+00
    1288.6  11/2 -  645.0   9/2    0.0344    5.26    0.3498  195.35    0.027   -0.168    643.6  0.463E-01  0.164E+01
    1288.6  11/2 -  817.2   9/2    0.0489    7.48    0.0665   37.15    0.102    0.337    471.4  0.139E-01  0.123E+00


    1288.6  11/2 -  909.9  11/2    0.0026    0.40    0.0868   48.45    0.003   -0.054    378.7  0.246E-03  0.829E-01
    1288.6  11/2 - 1288.6  11/2    1.6680            3.1136
    1401.6  13/2 -  645.0   9/2    0.6013   92.02    0.0000    0.00    1.000    0.000    756.6  0.182E+01  0.000E+00
    1401.6  13/2 -  817.2   9/2    0.0003    0.05    0.0000    0.00    1.000    0.000    584.4  0.286E-03  0.000E+00
    1401.6  13/2 -  909.9  11/2    0.0948   14.51    0.1589   88.73    0.091   -0.316    491.8  0.333E-01  0.333E+00


    1401.6  13/2 - 1288.6  11/2    0.0248    3.80    0.0008    0.47    0.206    0.509    113.0  0.558E-05  0.215E-04
    1401.6  13/2 - 1401.6  13/2    1.6686            2.4894
    1512.1  13/2 -  645.0   9/2    0.0000    0.00    0.0000    0.00    1.000    0.000    867.1  0.659E-04  0.000E+00
    1512.1  13/2 -  817.2   9/2    0.6359   97.31    0.0000    0.00    1.000    0.000    694.9  0.126E+01  0.000E+00
    1512.1  13/2 -  909.9  11/2    0.0020    0.31    0.3113  173.86    0.002   -0.041    602.2  0.198E-02  0.120E+01


    1512.1  13/2 - 1288.6  11/2    0.0343    5.25    0.0354   19.76    0.032   -0.183    223.5  0.233E-03  0.695E-02
    1512.1  13/2 - 1401.6  13/2    0.0006    0.10    0.1415   79.05    0.000   -0.006    110.5  0.127E-06  0.336E-02
    1512.1  13/2 - 1512.1  13/2    1.8112            4.4768
    1603.8  13/2 -  645.0   9/2    0.0000    0.00    0.0000    0.00    1.000    0.000    958.8  0.390E-08  0.000E+00
    1603.8  13/2 -  817.2   9/2    0.0000    0.00    0.0000    0.00    1.000    0.000    786.6  0.765E-10  0.000E+00


    1603.8  13/2 -  909.9  11/2    0.0000    0.00    0.0000    0.00    0.122   -0.374    693.9  0.134E-09  0.960E-09
    1603.8  13/2 - 1288.6  11/2    0.0000    0.00    0.0000    0.00    0.798   -1.989    315.2  0.117E-11  0.295E-12
    1603.8  13/2 - 1401.6  13/2    0.0000    0.00    0.0000    0.00    0.016   -0.129    202.2  0.984E-11  0.595E-09
    1603.8  13/2 - 1512.1  13/2    0.0000    0.00    0.0000    0.00    0.818    2.117     91.7  0.950E-14  0.212E-14
    1603.8  13/2 - 1603.8  13/2   -3.2669            7.3554



 TIME=  0.0 SEC
