 PARITY=+   EPS= 0.156   GAMMA= 46.0   EPS4=0.000   EPS6=0.000   LEVELS:  17  18  19  20  21  22  23
0   Z= 75   A=191   IQ=1   GSFAC= 0.75   GR=  0.39   MIN SPIN=  1/2   MAX SPIN= 13/2   KMAX= 13/2

 MICR QUADR MOMENTS:  Q0= 303.004  Q2=-200.044 FM**2


   B(E2) AND Q(E2) IN E2B2 AND EB,   B(M1) AND M(M1) INNM2 AND NM,   T(E2) AND T(M1) IN 1/PS

       E1     II      EF     IF     B(E2)             B(M1)              GD        D       EREL    T(E2)      T(M1)
                                             WU               MWU

      48.1   1/2 -   48.1   1/2    0.0000            0.6645
      48.1   1/2 -    0.0   3/2    0.1113   17.03    0.1129   63.06    0.002   -0.040     48.1  0.351E-06  0.222E-03
     977.6   1/2 -   48.1   1/2    0.0000    0.00    0.1996  111.50    0.000    0.000    929.5  0.000E+00  0.282E+01
     977.6   1/2 -  977.6   1/2    0.0000            1.6203
     977.6   1/2 -    0.0   3/2    0.0002    0.03    0.1221   68.19    0.001    0.031    977.6  0.197E-02  0.201E+01


     977.6   1/2 -  160.6   3/2    0.0003    0.04    0.2376  132.69    0.001   -0.022    817.0  0.115E-02  0.228E+01
     977.6   1/2 -  160.3   5/2    0.0039    0.60    0.0000    0.00    1.000    0.000    817.4  0.175E-01  0.000E+00
     977.6   1/2 -  306.7   5/2    0.0139    2.13    0.0000    0.00    1.000    0.000    670.9  0.231E-01  0.000E+00
    1495.9   1/2 -   48.1   1/2    0.0000    0.00    0.3295  184.03    0.000    0.000   1447.8  0.000E+00  0.176E+02
    1495.9   1/2 -  977.6   1/2    0.0000    0.00    0.0108    6.04    0.000    0.000    518.3  0.000E+00  0.265E-01


    1495.9   1/2 - 1495.9   1/2    0.0000            0.6305
    1495.9   1/2 -    0.0   3/2    0.0443    6.78    0.0002    0.13    0.997   17.379   1495.9  0.405E+01  0.134E-01
    1495.9   1/2 -  160.6   3/2    0.0011    0.18    0.0047    2.62    0.232    0.549   1335.3  0.594E-01  0.197E+00
    1495.9   1/2 - 1135.4   3/2    0.0007    0.11    0.0008    0.46    0.074   -0.283    360.6  0.549E-04  0.684E-03
    1495.9   1/2 -  160.3   5/2    0.0025    0.38    0.0000    0.00    1.000    0.000   1335.7  0.129E+00  0.000E+00


    1495.9   1/2 -  306.7   5/2    0.0007    0.10    0.0000    0.00    1.000    0.000   1189.2  0.189E-01  0.000E+00
    1495.9   1/2 - 1013.2   5/2    0.0037    0.56    0.0000    0.00    1.000    0.000    482.8  0.117E-02  0.000E+00
       0.0   3/2 -    0.0   3/2   -0.5435            0.8000
     160.6   3/2 -   48.1   1/2    0.2471   37.81    0.1056   58.98    0.020    0.143    112.5  0.542E-04  0.264E-02
     160.6   3/2 -    0.0   3/2    0.1609   24.62    0.1956  109.26    0.014   -0.121    160.6  0.210E-03  0.143E-01


     160.6   3/2 -  160.6   3/2    0.5341            0.7782
     160.6   3/2 -  160.3   5/2    0.0453    6.93    0.0549   30.68    0.000    0.000      0.3  0.248E-17  0.377E-10
    1135.4   3/2 -   48.1   1/2    0.0001    0.01    0.1907  106.53    0.000   -0.017   1087.2  0.119E-02  0.431E+01
    1135.4   3/2 -  977.6   1/2    0.2126   32.53    0.2533  141.45    0.014    0.120    157.7  0.253E-03  0.175E-01
    1135.4   3/2 -    0.0   3/2    0.0024    0.37    0.1171   65.42    0.018    0.135   1135.4  0.549E-01  0.302E+01


    1135.4   3/2 -  160.6   3/2    0.0002    0.04    0.2783  155.44    0.001   -0.024    974.8  0.259E-02  0.454E+01
    1135.4   3/2 - 1135.4   3/2   -0.0347            0.9489
    1135.4   3/2 -  160.3   5/2    0.0000    0.00    0.0130    7.25    0.000    0.001    975.1  0.442E-06  0.212E+00
    1135.4   3/2 -  306.7   5/2    0.0089    1.36    0.0282   15.77    0.130    0.387    828.6  0.424E-01  0.283E+00
    1135.4   3/2 - 1013.2   5/2    0.1755   26.86    0.4645  259.43    0.004   -0.063    122.2  0.584E-04  0.149E-01


    1135.4   3/2 -  297.4   7/2    0.0003    0.04    0.0000    0.00    1.000    0.000    838.0  0.131E-02  0.000E+00
    1135.4   3/2 -  602.4   7/2    0.0021    0.32    0.0000    0.00    1.000    0.000    533.0  0.108E-02  0.000E+00
     160.3   5/2 -   48.1   1/2    0.0420    6.43    0.0000    0.00    1.000    0.000    112.1  0.908E-05  0.000E+00
     160.3   5/2 -    0.0   3/2    0.4269   65.33    0.0910   50.82    0.077   -0.289    160.3  0.550E-03  0.659E-02
     160.3   5/2 -  160.3   5/2    0.4214            1.1305


     306.7   5/2 -   48.1   1/2    0.2609   39.93    0.0000    0.00    1.000    0.000    258.6  0.368E-02  0.000E+00
     306.7   5/2 -    0.0   3/2    0.0220    3.37    0.0670   37.42    0.021   -0.146    306.7  0.730E-03  0.340E-01
     306.7   5/2 -  160.6   3/2    0.1312   20.08    0.0183   10.23    0.096   -0.326    146.1  0.107E-03  0.101E-02
     306.7   5/2 -  160.3   5/2    0.0254    3.89    0.0696   38.89    0.005   -0.074    146.5  0.209E-04  0.385E-02
     306.7   5/2 -  306.7   5/2    0.9569            2.3562


     306.7   5/2 -  297.4   7/2    0.0036    0.54    0.0012    0.66    0.000    0.013      9.3  0.306E-11  0.169E-07
    1013.2   5/2 -   48.1   1/2    0.0053    0.82    0.0000    0.00    1.000    0.000    965.0  0.545E-01  0.000E+00
    1013.2   5/2 -  977.6   1/2    0.2299   35.18    0.0000    0.00    1.000    0.000     35.5  0.159E-06  0.000E+00
    1013.2   5/2 -    0.0   3/2    0.0016    0.25    0.1691   94.47    0.007    0.083   1013.2  0.213E-01  0.310E+01
    1013.2   5/2 -  160.6   3/2    0.0023    0.35    0.1529   85.42    0.007   -0.087    852.6  0.126E-01  0.167E+01


    1013.2   5/2 -  160.3   5/2    0.0016    0.24    0.1724   96.29    0.005    0.068    852.9  0.861E-02  0.188E+01
    1013.2   5/2 -  306.7   5/2    0.0004    0.07    0.0545   30.44    0.003    0.052    706.4  0.920E-03  0.338E+00
    1013.2   5/2 - 1013.2   5/2    1.0984            2.9499
    1013.2   5/2 -  297.4   7/2    0.0007    0.11    0.0012    0.64    0.187   -0.480    715.8  0.172E-02  0.744E-02
    1013.2   5/2 -  602.4   7/2    0.0003    0.04    0.0486   27.17    0.001   -0.025    410.8  0.365E-04  0.593E-01


    1013.2   5/2 -  647.1   9/2    0.0016    0.25    0.0000    0.00    1.000    0.000    366.1  0.130E-03  0.000E+00
    1013.2   5/2 -  761.3   9/2    0.0263    4.02    0.0000    0.00    1.000    0.000    251.8  0.325E-03  0.000E+00
     297.4   7/2 -    0.0   3/2    0.2549   39.01    0.0000    0.00    1.000    0.000    297.4  0.724E-02  0.000E+00
     297.4   7/2 -  160.6   3/2    0.0360    5.51    0.0000    0.00    1.000    0.000    136.8  0.211E-04  0.000E+00
     297.4   7/2 -  160.3   5/2    0.2241   34.30    0.0360   20.12    0.075   -0.285    137.2  0.133E-03  0.164E-02


     297.4   7/2 -  297.4   7/2    0.9287            1.1261
     602.4   7/2 -    0.0   3/2    0.0030    0.47    0.0000    0.00    1.000    0.000    602.4  0.294E-02  0.000E+00
     602.4   7/2 -  160.6   3/2    0.3318   50.78    0.0000    0.00    1.000    0.000    441.8  0.681E-01  0.000E+00
     602.4   7/2 -  160.3   5/2    0.0624    9.56    0.1968  109.92    0.041   -0.207    442.1  0.129E-01  0.299E+00
     602.4   7/2 -  306.7   5/2    0.0735   11.24    0.0485   27.08    0.084    0.303    295.7  0.202E-02  0.221E-01


     602.4   7/2 -  297.4   7/2    0.0117    1.79    0.0659   36.80    0.011   -0.107    305.0  0.376E-03  0.329E-01
     602.4   7/2 -  602.4   7/2    1.0876            2.0067
    1407.7   7/2 -    0.0   3/2    0.0000    0.00    0.0000    0.00    1.000    0.000   1407.7  0.139E-02  0.000E+00
    1407.7   7/2 -  160.6   3/2    0.0019    0.29    0.0000    0.00    1.000    0.000   1247.1  0.694E-01  0.000E+00
    1407.7   7/2 - 1135.4   3/2    0.3180   48.66    0.0000    0.00    1.000    0.000    272.3  0.581E-02  0.000E+00


    1407.7   7/2 -  160.3   5/2    0.0020    0.31    0.1689   94.34    0.013    0.114   1247.4  0.750E-01  0.577E+01
    1407.7   7/2 -  306.7   5/2    0.0037    0.56    0.0567   31.68    0.052    0.233   1101.0  0.724E-01  0.133E+01
    1407.7   7/2 - 1013.2   5/2    0.1340   20.51    0.0817   45.61    0.150    0.421    394.5  0.156E-01  0.883E-01
    1407.7   7/2 -  297.4   7/2    0.0011    0.17    0.0034    1.92    0.217    0.526   1110.3  0.229E-01  0.828E-01
    1407.7   7/2 -  602.4   7/2    0.0001    0.02    0.2939  164.13    0.000    0.014    805.3  0.565E-03  0.270E+01


    1407.7   7/2 - 1407.7   7/2    0.9064            1.7814
    1407.7   7/2 -  647.1   9/2    0.0003    0.04    0.0356   19.90    0.003    0.055    760.6  0.849E-03  0.276E+00
    1407.7   7/2 -  761.3   9/2    0.0039    0.60    0.0077    4.30    0.129   -0.385    646.4  0.543E-02  0.366E-01
    1407.7   7/2 - 1373.8   9/2    0.0314    4.81    0.4315  241.01    0.000   -0.008     33.9  0.172E-07  0.296E-03
    1407.7   7/2 -  819.8  11/2    0.0004    0.07    0.0000    0.00    1.000    0.000    587.9  0.367E-03  0.000E+00


    1407.7   7/2 - 1290.2  11/2    0.0045    0.69    0.0000    0.00    1.000    0.000    117.5  0.123E-05  0.000E+00
     647.1   9/2 -  160.3   5/2    0.3554   54.39    0.0000    0.00    1.000    0.000    486.8  0.119E+00  0.000E+00
     647.1   9/2 -  306.7   5/2    0.0046    0.71    0.0000    0.00    1.000    0.000    340.3  0.258E-03  0.000E+00
     647.1   9/2 -  297.4   7/2    0.1300   19.89    0.0948   52.95    0.104   -0.341    349.7  0.829E-02  0.713E-01
     647.1   9/2 -  602.4   7/2    0.0322    4.93    0.0055    3.09    0.008    0.090     44.7  0.699E-07  0.869E-05


     647.1   9/2 -  647.1   9/2    1.1000            1.7520
     761.3   9/2 -  160.3   5/2    0.0002    0.03    0.0000    0.00    1.000    0.000    601.1  0.209E-03  0.000E+00
     761.3   9/2 -  306.7   5/2    0.4154   63.58    0.0000    0.00    1.000    0.000    454.6  0.984E-01  0.000E+00
     761.3   9/2 -  297.4   7/2    0.0059    0.91    0.1829  102.13    0.005   -0.070    463.9  0.156E-02  0.321E+00
     761.3   9/2 -  602.4   7/2    0.0526    8.05    0.0610   34.08    0.015   -0.123    158.9  0.651E-04  0.431E-02


     761.3   9/2 -  647.1   9/2    0.0032    0.49    0.0514   28.69    0.001   -0.024    114.3  0.754E-06  0.135E-02
     761.3   9/2 -  761.3   9/2    1.2821            3.6409
    1373.8   9/2 -  160.3   5/2    0.0001    0.02    0.0000    0.00    1.000    0.000   1213.5  0.374E-02  0.000E+00
    1373.8   9/2 -  306.7   5/2    0.0188    2.88    0.0000    0.00    1.000    0.000   1067.1  0.318E+00  0.000E+00
    1373.8   9/2 - 1013.2   5/2    0.3730   57.08    0.0000    0.00    1.000    0.000    360.6  0.278E-01  0.000E+00


    1373.8   9/2 -  297.4   7/2    0.0028    0.43    0.2142  119.65    0.010    0.103   1076.4  0.496E-01  0.470E+01
    1373.8   9/2 -  602.4   7/2    0.0049    0.74    0.0739   41.26    0.026   -0.165    771.4  0.162E-01  0.597E+00
    1373.8   9/2 -  647.1   9/2    0.0009    0.14    0.1197   66.88    0.003    0.052    726.7  0.221E-02  0.809E+00
    1373.8   9/2 -  761.3   9/2    0.0035    0.54    0.0844   47.12    0.011    0.104    612.5  0.371E-02  0.341E+00
    1373.8   9/2 - 1373.8   9/2    1.4416            3.5727


    1373.8   9/2 -  819.8  11/2    0.0008    0.12    0.0000    0.01    0.923   -3.473    554.0  0.498E-03  0.413E-04
    1373.8   9/2 - 1290.2  11/2    0.0006    0.09    0.0314   17.56    0.000   -0.009     83.6  0.277E-07  0.323E-03
     819.8  11/2 -  297.4   7/2    0.4378   67.00    0.0000    0.00    1.000    0.000    522.4  0.208E+00  0.000E+00
     819.8  11/2 -  602.4   7/2    0.0057    0.87    0.0000    0.00    1.000    0.000    217.5  0.336E-04  0.000E+00
     819.8  11/2 -  647.1   9/2    0.0835   12.77    0.0232   12.94    0.069   -0.273    172.8  0.157E-03  0.210E-02


     819.8  11/2 -  761.3   9/2    0.0015    0.22    0.0003    0.17    0.011   -0.106     58.5  0.122E-07  0.108E-05
     819.8  11/2 -  819.8  11/2    1.2440            1.8761
    1290.2  11/2 -  297.4   7/2    0.0008    0.13    0.0000    0.00    1.000    0.000    992.8  0.980E-02  0.000E+00
    1290.2  11/2 -  602.4   7/2    0.4494   68.78    0.0000    0.00    1.000    0.000    687.8  0.844E+00  0.000E+00
    1290.2  11/2 -  647.1   9/2    0.0316    4.84    0.2736  152.80    0.032   -0.182    643.2  0.424E-01  0.128E+01


    1290.2  11/2 -  761.3   9/2    0.0358    5.48    0.0363   20.30    0.160    0.437    528.9  0.181E-01  0.946E-01
    1290.2  11/2 -  819.8  11/2    0.0021    0.32    0.0201   11.24    0.016   -0.127    470.4  0.592E-03  0.369E-01
    1290.2  11/2 - 1290.2  11/2    1.2605            3.0086
    1900.1  11/2 -  297.4   7/2    0.0007    0.11    0.0000    0.00    1.000    0.000   1602.7  0.913E-01  0.000E+00
    1900.1  11/2 -  602.4   7/2    0.0024    0.37    0.0000    0.00    1.000    0.000   1297.7  0.108E+00  0.000E+00


    1900.1  11/2 - 1407.7   7/2    0.3998   61.19    0.0000    0.00    1.000    0.000    492.4  0.141E+00  0.000E+00
    1900.1  11/2 -  647.1   9/2    0.0027    0.41    0.1032   57.65    0.028    0.168   1253.1  0.101E+00  0.357E+01
    1900.1  11/2 -  761.3   9/2    0.0061    0.93    0.0236   13.18    0.188    0.481   1138.8  0.142E+00  0.613E+00
    1900.1  11/2 - 1373.8   9/2    0.0502    7.68    0.0313   17.48    0.235    0.555    526.3  0.247E-01  0.803E-01
    1900.1  11/2 -  819.8  11/2    0.0029    0.45    0.0009    0.51    0.723    1.616   1080.3  0.526E-01  0.201E-01


    1900.1  11/2 - 1290.2  11/2    0.0002    0.03    0.1693   94.54    0.000    0.018    609.9  0.218E-03  0.676E+00
    1900.1  11/2 - 1900.1  11/2    1.3761            2.5645
    1900.1  11/2 - 1377.0  13/2    0.0006    0.09    0.0207   11.54    0.005    0.073    523.1  0.277E-03  0.520E-01
    1900.1  11/2 - 1400.9  13/2    0.0001    0.02    0.0039    2.20    0.005   -0.071    499.2  0.431E-04  0.864E-02
    1377.0  13/2 -  647.1   9/2    0.4566   69.88    0.0000    0.00    1.000    0.000    730.0  0.115E+01  0.000E+00


    1377.0  13/2 -  761.3   9/2    0.0064    0.99    0.0000    0.00    1.000    0.000    615.7  0.695E-02  0.000E+00
    1377.0  13/2 - 1373.8   9/2    0.0016    0.25    0.0000    0.00    1.000    0.000      3.2  0.695E-14  0.000E+00
    1377.0  13/2 -  819.8  11/2    0.0581    8.88    0.1271   71.01    0.089   -0.313    557.2  0.380E-01  0.387E+00
    1377.0  13/2 - 1290.2  11/2    0.0231    3.54    0.0005    0.27    0.200   -0.500     86.8  0.139E-05  0.557E-05
    1377.0  13/2 - 1377.0  13/2    1.2402            2.6881


    1400.9  13/2 -  647.1   9/2    0.0093    1.42    0.0000    0.00    1.000    0.000    753.8  0.276E-01  0.000E+00
    1400.9  13/2 -  761.3   9/2    0.4758   72.81    0.0000    0.00    1.000    0.000    639.6  0.621E+00  0.000E+00
    1400.9  13/2 - 1373.8   9/2    0.0109    1.67    0.0000    0.00    1.000    0.000     27.1  0.195E-08  0.000E+00
    1400.9  13/2 -  819.8  11/2    0.0000    0.01    0.2345  130.95    0.000   -0.007    581.1  0.352E-04  0.810E+00
    1400.9  13/2 - 1290.2  11/2    0.0174    2.67    0.0997   55.67    0.001   -0.039    110.7  0.353E-05  0.238E-02


    1400.9  13/2 - 1377.0  13/2    0.0002    0.03    0.1565   87.42    0.000   -0.001     23.9  0.160E-10  0.375E-04
    1400.9  13/2 - 1400.9  13/2    1.4286            4.5735
    1996.4  13/2 -  647.1   9/2    0.0000    0.00    0.0000    0.00    1.000    0.000   1349.4  0.541E-11  0.000E+00
    1996.4  13/2 -  761.3   9/2    0.0000    0.00    0.0000    0.00    1.000    0.000   1235.1  0.246E-09  0.000E+00
    1996.4  13/2 - 1373.8   9/2    0.0000    0.00    0.0000    0.00    1.000    0.000    622.6  0.895E-10  0.000E+00


    1996.4  13/2 -  819.8  11/2    0.0000    0.00    0.0000    0.00    0.031    0.179   1176.6  0.206E-10  0.644E-09
    1996.4  13/2 - 1290.2  11/2    0.0000    0.00    0.0000    0.00    0.024   -0.157    706.2  0.204E-11  0.832E-10
    1996.4  13/2 - 1900.1  11/2    0.0000    0.00    0.0000    0.00    0.000   -0.015     96.3  0.128E-15  0.542E-12
    1996.4  13/2 - 1377.0  13/2    0.0000    0.00    0.0000    0.00    0.000    0.003    619.4  0.975E-15  0.111E-09
    1996.4  13/2 - 1400.9  13/2    0.0000    0.00    0.0000    0.00    0.001   -0.029    595.5  0.439E-13  0.508E-10


    1996.4  13/2 - 1996.4  13/2   -2.8323            7.3434

 TIME=  0.0 SEC
