 PARITY=+   EPS= 0.410   GAMMA= 26.5   EPS4=0.000   EPS6=0.000   LEVELS:  16  17  18  19  20  21  22
0   Z= 75   A=191   IQ=1   GSFAC= 0.75   GR=  0.39   MIN SPIN=  1/2   MAX SPIN= 13/2   KMAX= 13/2

 MICR QUADR MOMENTS:  Q0=1236.734  Q2=-268.148 FM**2


   B(E2) AND Q(E2) IN E2B2 AND EB,   B(M1) AND M(M1) INNM2 AND NM,   T(E2) AND T(M1) IN 1/PS

       E1     II      EF     IF     B(E2)             B(M1)              GD        D       EREL    T(E2)      T(M1)
                                             WU               MWU

      70.0   1/2 -   70.0   1/2    0.0000            1.7319
      70.0   1/2 -   37.9   3/2    0.0002    0.04    0.0002    0.09    0.001   -0.032     32.1  0.102E-09  0.976E-07
     189.8   1/2 -   70.0   1/2    0.0000    0.00    0.0450   25.14    0.000    0.000    119.8  0.000E+00  0.136E-02
     189.8   1/2 -  189.8   1/2    0.0000           -0.2173
     189.8   1/2 -   37.9   3/2    0.0237    3.63    0.0007    0.37    0.367   -0.761    151.9  0.234E-04  0.404E-04


     189.8   1/2 -  155.5   3/2    1.8770  287.25    0.1709   95.47    0.009   -0.095     34.4  0.110E-05  0.122E-03
     189.8   1/2 -  118.8   5/2    0.0568    8.69    0.0000    0.00    1.000    0.000     71.1  0.126E-05  0.000E+00
     189.8   1/2 -  171.5   5/2    0.0057    0.87    0.0000    0.00    1.000    0.000     18.3  0.143E-09  0.000E+00
     898.2   1/2 -   70.0   1/2    0.0000    0.00    0.0737   41.16    0.000    0.000    828.2  0.000E+00  0.737E+00
     898.2   1/2 -  189.8   1/2    0.0000    0.00    0.0002    0.14    0.000    0.000    708.3  0.000E+00  0.156E-02


     898.2   1/2 -  898.2   1/2    0.0000            0.1159
     898.2   1/2 -   37.9   3/2    0.5530   84.64    0.0014    0.77    0.995  -14.388    860.3  0.318E+01  0.154E-01
     898.2   1/2 -  155.5   3/2    0.0211    3.23    0.0403   22.49    0.167   -0.448    742.7  0.582E-01  0.290E+00
     898.2   1/2 -  193.0   3/2    0.0194    2.96    0.0002    0.10    0.973   -5.961    705.2  0.412E-01  0.116E-02
     898.2   1/2 -  118.8   5/2    0.0139    2.13    0.0000    0.00    1.000    0.000    779.4  0.489E-01  0.000E+00


     898.2   1/2 -  171.5   5/2    0.1542   23.61    0.0000    0.00    1.000    0.000    726.7  0.381E+00  0.000E+00
     898.2   1/2 -  361.6   5/2    0.0306    4.69    0.0000    0.00    1.000    0.000    536.6  0.166E-01  0.000E+00
      37.9   3/2 -   37.9   3/2    2.3451            0.7235
      37.9   3/2 -    0.0   7/2    1.3411  205.25    0.0000    0.00    1.000    0.000     37.9  0.128E-05  0.000E+00
     155.5   3/2 -   70.0   1/2    1.9506  298.52    0.0670   37.39    0.128    0.384     85.4  0.108E-03  0.735E-03


     155.5   3/2 -   37.9   3/2    0.2635   40.33    0.0008    0.47    0.748   -1.724    117.6  0.722E-04  0.243E-04
     155.5   3/2 -  155.5   3/2   -2.3673            0.5990
     155.5   3/2 -  118.8   5/2    0.1280   19.59    0.1450   80.99    0.001   -0.029     36.7  0.104E-06  0.126E-03
     155.5   3/2 -    0.0   7/2    0.0002    0.02    0.0000    0.00    1.000    0.000    155.5  0.175E-06  0.000E+00
     193.0   3/2 -   70.0   1/2    1.0679  163.43    0.0554   30.91    0.168    0.450    123.0  0.366E-03  0.181E-02


     193.0   3/2 -  189.8   1/2    1.8573  284.24    0.0579   32.36    0.000   -0.015      3.2  0.729E-11  0.326E-07
     193.0   3/2 -   37.9   3/2    0.1019   15.59    0.0000    0.00    0.996   15.419    155.1  0.112E-03  0.469E-06
     193.0   3/2 -  155.5   3/2    0.0091    1.39    0.0267   14.94    0.000   -0.018     37.5  0.827E-08  0.249E-04
     193.0   3/2 -  193.0   3/2   -2.4850            0.3896
     193.0   3/2 -  118.8   5/2    0.0179    2.73    0.0282   15.73    0.002   -0.049     74.3  0.492E-06  0.203E-03


     193.0   3/2 -  171.5   5/2    0.1314   20.12    0.0909   50.78    0.000    0.022     21.5  0.735E-08  0.159E-04
     193.0   3/2 -    0.0   7/2    0.0009    0.13    0.0000    0.00    1.000    0.000    193.0  0.284E-05  0.000E+00
     118.8   5/2 -   70.0   1/2    0.8188  125.31    0.0000    0.00    1.000    0.000     48.7  0.274E-05  0.000E+00
     118.8   5/2 -   37.9   3/2    0.0470    7.19    0.0238   13.32    0.009   -0.094     80.9  0.198E-05  0.222E-03
     118.8   5/2 -  118.8   5/2    4.1426            2.8538


     118.8   5/2 -    0.0   7/2    0.0604    9.24    0.0000    0.00    0.999  -33.017    118.8  0.174E-04  0.160E-07
     171.5   5/2 -   70.0   1/2    0.3672   56.19    0.0000    0.00    1.000    0.000    101.5  0.482E-04  0.000E+00
     171.5   5/2 -   37.9   3/2    4.6805  716.30    0.0117    6.51    0.833    2.230    133.6  0.243E-02  0.489E-03
     171.5   5/2 -  155.5   3/2    0.0442    6.76    0.0411   22.95    0.000    0.014     16.0  0.573E-09  0.299E-05
     171.5   5/2 -  118.8   5/2    0.1903   29.12    0.0001    0.05    0.818   -2.117     52.8  0.949E-06  0.212E-06


     171.5   5/2 -  171.5   5/2   -0.8248            1.2992
     171.5   5/2 -    0.0   7/2    0.0874   13.37    0.0000    0.01    0.991  -10.577    171.5  0.158E-03  0.141E-05
     361.6   5/2 -   70.0   1/2    1.7691  270.75    0.0000    0.00    1.000    0.000    291.6  0.455E-01  0.000E+00
     361.6   5/2 -  189.8   1/2    0.2497   38.21    0.0000    0.00    1.000    0.000    171.8  0.456E-03  0.000E+00
     361.6   5/2 -   37.9   3/2    0.3714   56.84    0.0118    6.57    0.696   -1.515    323.7  0.161E-01  0.702E-02


     361.6   5/2 -  155.5   3/2    1.1257  172.27    0.1352   75.52    0.197    0.495    206.1  0.511E-02  0.208E-01
     361.6   5/2 -  193.0   3/2    0.0128    1.96    0.6714  374.96    0.000    0.019    168.6  0.213E-04  0.566E-01
     361.6   5/2 -  118.8   5/2    0.0818   12.52    0.0070    3.93    0.322    0.689    242.9  0.843E-03  0.178E-02
     361.6   5/2 -  171.5   5/2    0.0850   13.01    0.0694   38.79    0.030   -0.175    190.1  0.257E-03  0.840E-02
     361.6   5/2 -  361.6   5/2   -2.6493            2.1978


     361.6   5/2 -    0.0   7/2    0.0007    0.11    0.0001    0.05    0.442   -0.890    361.6  0.546E-04  0.690E-04
     361.6   5/2 -  322.2   7/2    0.2144   32.81    0.0352   19.67    0.007   -0.081     39.4  0.248E-06  0.379E-04
     361.6   5/2 -  254.6   9/2    0.0242    3.71    0.0000    0.00    1.000    0.000    107.0  0.414E-05  0.000E+00
     361.6   5/2 -  269.7   9/2    0.0000    0.00    0.0000    0.00    1.000    0.000     91.9  0.170E-11  0.000E+00
       0.0   7/2 -    0.0   7/2    5.6421            1.6332


     322.2   7/2 -   37.9   3/2    0.0297    4.55    0.0000    0.00    1.000    0.000    284.3  0.673E-03  0.000E+00
     322.2   7/2 -  155.5   3/2    0.8097  123.92    0.0000    0.00    1.000    0.000    166.7  0.127E-02  0.000E+00
     322.2   7/2 -  193.0   3/2    0.4751   72.72    0.0000    0.00    1.000    0.000    129.2  0.209E-03  0.000E+00
     322.2   7/2 -  118.8   5/2    3.9700  607.57    0.2192  122.42    0.342    0.721    203.5  0.169E-01  0.325E-01
     322.2   7/2 -  171.5   5/2    0.5572   85.27    0.0316   17.64    0.217    0.527    150.7  0.528E-03  0.190E-02


     322.2   7/2 -    0.0   7/2    0.0428    6.55    0.0132    7.36    0.189   -0.483    322.2  0.181E-02  0.776E-02
     322.2   7/2 -  322.2   7/2    0.7622            2.3720
     322.2   7/2 -  254.6   9/2    0.0523    8.00    0.0193   10.80    0.008    0.093     67.6  0.899E-06  0.105E-03
     322.2   7/2 -  269.7   9/2    0.0000    0.00    0.0000    0.00    0.997   18.618     52.5  0.391E-14  0.113E-16
     437.1   7/2 -   37.9   3/2    1.7781  272.12    0.0000    0.00    1.000    0.000    399.2  0.220E+00  0.000E+00


     437.1   7/2 -  155.5   3/2    0.1278   19.56    0.0000    0.00    1.000    0.000    281.6  0.276E-02  0.000E+00
     437.1   7/2 -  193.0   3/2    0.0443    6.78    0.0000    0.00    1.000    0.000    244.1  0.468E-03  0.000E+00
     437.1   7/2 -  118.8   5/2    0.1294   19.81    0.0073    4.06    0.556    1.118    318.4  0.516E-02  0.413E-02
     437.1   7/2 -  171.5   5/2    2.3477  359.29    0.0007    0.40    0.994   12.707    265.6  0.379E-01  0.234E-03
     437.1   7/2 -  361.6   5/2    0.4562   69.82    0.0008    0.47    0.681   -1.462     75.5  0.136E-04  0.638E-05


     437.1   7/2 -    0.0   7/2    0.0968   14.81    0.0000    0.01    0.998  -24.339    437.1  0.188E-01  0.318E-04
     437.1   7/2 -  322.2   7/2    0.0157    2.41    0.0156    8.73    0.009    0.096    114.9  0.384E-05  0.417E-03
     437.1   7/2 -  437.1   7/2   -2.3784            1.5884
     437.1   7/2 -  254.6   9/2    0.1456   22.29    0.0021    1.15    0.620   -1.277    182.5  0.360E-03  0.220E-03
     437.1   7/2 -  269.7   9/2    0.0000    0.00    0.0000    0.00    1.000 -760.607    167.4  0.264E-11  0.464E-17


     254.6   9/2 -  118.8   5/2    0.1738   26.60    0.0000    0.00    1.000    0.000    135.9  0.982E-04  0.000E+00
     254.6   9/2 -  171.5   5/2    1.0636  162.77    0.0000    0.00    1.000    0.000     83.1  0.515E-04  0.000E+00
     254.6   9/2 -    0.0   7/2    4.5144  690.88    0.0016    0.90    0.992   11.221    254.6  0.590E-01  0.468E-03
     254.6   9/2 -  254.6   9/2    2.0080            2.1005
     254.6   9/2 -  195.6  13/2    0.0000    0.00    0.0000    0.00    1.000    0.000     59.1  0.122E-18  0.000E+00


     269.7   9/2 -  118.8   5/2    0.0000    0.00    0.0000    0.00    1.000    0.000    151.0  0.124E-13  0.000E+00
     269.7   9/2 -  171.5   5/2    0.0000    0.00    0.0000    0.00    1.000    0.000     98.2  0.742E-14  0.000E+00
     269.7   9/2 -    0.0   7/2    0.0000    0.00    0.0000    0.00    0.998  -24.098    269.7  0.150E-13  0.258E-16
     269.7   9/2 -  254.6   9/2    0.0000    0.00    0.0000    0.00    0.032   -0.181     15.1  0.869E-19  0.266E-17
     269.7   9/2 -  269.7   9/2   -5.0562            6.2848


     269.7   9/2 -  195.6  13/2    4.4165  675.90    0.0000    0.00    1.000    0.000     74.2  0.121E-03  0.000E+00
     540.8   9/2 -  118.8   5/2    2.0873  319.44    0.0000    0.00    1.000    0.000    422.0  0.341E+00  0.000E+00
     540.8   9/2 -  171.5   5/2    0.1436   21.98    0.0000    0.00    1.000    0.000    369.3  0.120E-01  0.000E+00
     540.8   9/2 -  361.6   5/2    0.5516   84.42    0.0000    0.00    1.000    0.000    179.2  0.124E-02  0.000E+00
     540.8   9/2 -    0.0   7/2    0.1222   18.70    0.0005    0.26    0.982   -7.339    540.8  0.690E-01  0.128E-02


     540.8   9/2 -  322.2   7/2    2.0342  311.31    0.5607  313.18    0.107    0.347    218.6  0.124E-01  0.103E+00
     540.8   9/2 -  437.1   7/2    0.2823   43.20    0.0060    3.37    0.258    0.590    103.7  0.412E-04  0.118E-03
     540.8   9/2 -  254.6   9/2    0.1125   17.21    0.0464   25.89    0.121   -0.371    286.2  0.263E-02  0.191E-01
     540.8   9/2 -  269.7   9/2    0.0000    0.00    0.0000    0.00    0.999  -26.968    271.0  0.318E-10  0.437E-13
     540.8   9/2 -  540.8   9/2   -0.2553            3.1691


     540.8   9/2 -  501.6  11/2    0.0830   12.70    0.0018    1.03    0.046   -0.219     39.2  0.937E-07  0.195E-05
     540.8   9/2 -  195.6  13/2    0.0000    0.00    0.0000    0.00    1.000    0.000    345.2  0.376E-10  0.000E+00
     501.6  11/2 -    0.0   7/2    1.8324  280.44    0.0000    0.00    1.000    0.000    501.6  0.710E+00  0.000E+00
     501.6  11/2 -  322.2   7/2    0.0004    0.06    0.0000    0.00    1.000    0.000    179.4  0.925E-06  0.000E+00
     501.6  11/2 -  437.1   7/2    0.5906   90.38    0.0000    0.00    1.000    0.000     64.5  0.802E-05  0.000E+00


     501.6  11/2 -  254.6   9/2    2.2326  341.68    0.0021    1.19    0.978    6.663    247.0  0.250E-01  0.563E-03
     501.6  11/2 -  269.7   9/2    0.0000    0.00    0.0000    0.00    0.999  -42.190    231.8  0.293E-12  0.164E-15
     501.6  11/2 -  501.6  11/2    2.5600            2.4360
     501.6  11/2 -  195.6  13/2    0.0000    0.00    0.0000    0.00    0.996   15.937    306.0  0.419E-12  0.165E-14
     676.8  11/2 -    0.0   7/2    0.0000    0.00    0.0000    0.00    1.000    0.000    676.8  0.505E-14  0.000E+00


     676.8  11/2 -  322.2   7/2    0.0000    0.00    0.0000    0.00    1.000    0.000    354.6  0.681E-10  0.000E+00
     676.8  11/2 -  437.1   7/2    0.0000    0.00    0.0000    0.00    1.000    0.000    239.7  0.805E-11  0.000E+00
     676.8  11/2 -  254.6   9/2    0.0000    0.00    0.0000    0.00    1.000 -218.938    422.2  0.940E-11  0.196E-15
     676.8  11/2 -  269.7   9/2    2.2969  351.51    0.6934  387.28    0.276   -0.617    407.1  0.313E+00  0.823E+00
     676.8  11/2 -  540.8   9/2    0.0000    0.00    0.0000    0.00    1.000   66.623    136.1  0.176E-11  0.397E-15


     676.8  11/2 -  501.6  11/2    0.0000    0.00    0.0000    0.00    1.000  -88.290    175.3  0.578E-12  0.741E-16
     676.8  11/2 -  676.8  11/2   -2.9567            6.0792
     676.8  11/2 -  195.6  13/2    0.3170   48.51    0.1237   69.09    0.291    0.641    481.3  0.998E-01  0.243E+00
     741.8  11/2 -    0.0   7/2    0.0001    0.02    0.0000    0.00    1.000    0.000    741.8  0.323E-03  0.000E+00
     741.8  11/2 -  322.2   7/2    0.0022    0.33    0.0000    0.00    1.000    0.000    419.6  0.343E-03  0.000E+00


     741.8  11/2 -  437.1   7/2    0.6750  103.30    0.0000    0.00    1.000    0.000    304.7  0.216E-01  0.000E+00
     741.8  11/2 -  254.6   9/2    1.7810  272.57    0.0004    0.21    0.999   27.990    487.2  0.596E+00  0.761E-03
     741.8  11/2 -  269.7   9/2    0.0000    0.00    0.0000    0.00    0.999  -40.590    472.1  0.495E-11  0.301E-14
     741.8  11/2 -  540.8   9/2    0.0851   13.02    0.0006    0.33    0.800   -2.001    201.0  0.341E-03  0.851E-04
     741.8  11/2 -  501.6  11/2    1.9267  294.86    0.0000    0.00    1.000   94.968    240.2  0.188E-01  0.208E-05


     741.8  11/2 -  676.8  11/2    0.0000    0.00    0.0000    0.00    0.961   -4.963     65.0  0.418E-14  0.170E-15
     741.8  11/2 -  741.8  11/2    4.7953            2.4370
     741.8  11/2 -  195.6  13/2    0.0000    0.00    0.0000    0.00    1.000   69.647    546.2  0.244E-10  0.503E-14
     195.6  13/2 -  195.6  13/2   -6.0759            7.2426
     760.3  13/2 -  254.6   9/2    3.0678  469.49    0.0000    0.00    1.000    0.000    505.7  0.124E+01  0.000E+00


     760.3  13/2 -  269.7   9/2    0.0000    0.00    0.0000    0.00    1.000    0.000    490.6  0.138E-10  0.000E+00
     760.3  13/2 -  540.8   9/2    0.2026   31.01    0.0000    0.00    1.000    0.000    219.6  0.126E-02  0.000E+00
     760.3  13/2 -  501.6  11/2    2.7641  423.01    0.0047    2.62    0.965    5.230    258.8  0.391E-01  0.143E-02
     760.3  13/2 -  676.8  11/2    0.0000    0.00    0.0000    0.00    0.989    9.347     83.5  0.717E-14  0.821E-16
     760.3  13/2 -  741.8  11/2    0.0897   13.74    0.0012    0.68    0.017   -0.133     18.5  0.240E-08  0.136E-06


     760.3  13/2 -  195.6  13/2    0.0000    0.00    0.0000    0.00    0.999   26.842    564.8  0.559E-11  0.776E-14
     760.3  13/2 -  760.3  13/2    0.6403            2.9811
    1070.4  13/2 -  254.6   9/2    0.0008    0.12    0.0000    0.00    1.000    0.000    815.8  0.332E-02  0.000E+00
    1070.4  13/2 -  269.7   9/2    0.0000    0.00    0.0000    0.00    1.000    0.000    800.6  0.167E-08  0.000E+00
    1070.4  13/2 -  540.8   9/2    4.0087  613.48    0.0000    0.00    1.000    0.000    529.6  0.204E+01  0.000E+00


    1070.4  13/2 -  501.6  11/2    0.1106   16.93    0.0032    1.78    0.886   -2.792    568.8  0.804E-01  0.103E-01
    1070.4  13/2 -  676.8  11/2    0.0000    0.00    0.0000    0.00    0.897    2.953    393.5  0.302E-10  0.347E-11
    1070.4  13/2 -  741.8  11/2    0.5502   84.20    0.0003    0.15    0.994   12.557    328.6  0.257E-01  0.163E-03
    1070.4  13/2 -  195.6  13/2    0.0000    0.00    0.0000    0.00    0.999  -40.343    874.8  0.749E-08  0.460E-11
    1070.4  13/2 -  760.3  13/2    0.3458   52.92    0.0630   35.21    0.268   -0.605    310.1  0.121E-01  0.331E-01


    1070.4  13/2 - 1070.4  13/2   -0.4587            3.7440

 TIME=  0.0 SEC
