 PARITY=+   EPS= 0.183   GAMMA= 57.0   EPS4=0.000   EPS6=0.000   LEVELS:  16  17  18  19  20  21  22
0   Z= 75   A=191   IQ=1   GSFAC= 0.75   GR=  0.39   MIN SPIN=  1/2   MAX SPIN= 13/2   KMAX= 13/2

 MICR QUADR MOMENTS:  Q0= 260.105  Q2=-274.434 FM**2


   B(E2) AND Q(E2) IN E2B2 AND EB,   B(M1) AND M(M1) INNM2 AND NM,   T(E2) AND T(M1) IN 1/PS

       E1     II      EF     IF     B(E2)             B(M1)              GD        D       EREL    T(E2)      T(M1)
                                             WU               MWU

      65.7   1/2 -   65.7   1/2    0.0000            0.3996
      65.7   1/2 -    0.0   3/2    0.0883   13.52    0.2204  123.09    0.001   -0.035     65.7  0.132E-05  0.110E-02
     975.8   1/2 -   65.7   1/2    0.0000    0.00    0.0497   27.76    0.000    0.000    910.1  0.000E+00  0.659E+00
     975.8   1/2 -  975.8   1/2    0.0000            1.4471
     975.8   1/2 -    0.0   3/2    0.0069    1.05    0.1729   96.59    0.026    0.162    975.8  0.742E-01  0.283E+01


     975.8   1/2 -  165.2   3/2    0.0042    0.64    0.2128  118.84    0.009   -0.095    810.6  0.179E-01  0.199E+01
     975.8   1/2 -  155.6   5/2    0.0101    1.55    0.0000    0.00    1.000    0.000    820.1  0.459E-01  0.000E+00
     975.8   1/2 -  332.9   5/2    0.0307    4.70    0.0000    0.00    1.000    0.000    642.9  0.412E-01  0.000E+00
       0.0   3/2 -    0.0   3/2   -0.7353            1.0085
     165.2   3/2 -   65.7   1/2    0.3702   56.66    0.1347   75.25    0.019    0.137     99.5  0.442E-04  0.234E-02


     165.2   3/2 -    0.0   3/2    0.1498   22.92    0.2777  155.10    0.010   -0.101    165.2  0.225E-03  0.220E-01
     165.2   3/2 -  165.2   3/2    0.7279            0.7411
     165.2   3/2 -  155.6   5/2    0.0341    5.22    0.0815   45.52    0.000    0.005      9.6  0.337E-10  0.127E-05
    1125.8   3/2 -   65.7   1/2    0.0014    0.22    0.1594   89.02    0.007    0.083   1060.2  0.232E-01  0.334E+01
    1125.8   3/2 -  975.8   1/2    0.3379   51.71    0.0967   54.02    0.052    0.234    150.1  0.314E-03  0.576E-02


    1125.8   3/2 -    0.0   3/2    0.0070    1.07    0.1543   86.18    0.038    0.199   1125.8  0.154E+00  0.388E+01
    1125.8   3/2 -  165.2   3/2    0.0004    0.06    0.1010   56.39    0.002   -0.049    960.6  0.371E-02  0.158E+01
    1125.8   3/2 - 1125.8   3/2    0.4450            0.4887
    1125.8   3/2 -  155.6   5/2    0.0018    0.27    0.0078    4.34    0.131   -0.388    970.2  0.188E-01  0.125E+00
    1125.8   3/2 -  332.9   5/2    0.0166    2.54    0.0172    9.61    0.296    0.648    793.0  0.635E-01  0.151E+00


    1125.8   3/2 -  333.5   7/2    0.0065    1.00    0.0000    0.00    1.000    0.000    792.4  0.249E-01  0.000E+00
    1125.8   3/2 -  594.3   7/2    0.0024    0.37    0.0000    0.00    1.000    0.000    531.5  0.125E-02  0.000E+00
     155.6   5/2 -   65.7   1/2    0.0449    6.88    0.0000    0.00    1.000    0.000     90.0  0.323E-05  0.000E+00
     155.6   5/2 -    0.0   3/2    0.6316   96.66    0.1301   72.68    0.075   -0.285    155.6  0.703E-03  0.863E-02
     155.6   5/2 -  155.6   5/2    0.4543            1.2140


     332.9   5/2 -   65.7   1/2    0.3630   55.56    0.0000    0.00    1.000    0.000    267.2  0.604E-02  0.000E+00
     332.9   5/2 -    0.0   3/2    0.0265    4.05    0.1022   57.10    0.019   -0.141    332.9  0.132E-02  0.664E-01
     332.9   5/2 -  165.2   3/2    0.1582   24.21    0.0006    0.35    0.831    2.219    167.7  0.256E-03  0.520E-04
     332.9   5/2 -  155.6   5/2    0.0251    3.83    0.1715   95.79    0.003   -0.056    177.3  0.535E-04  0.168E-01
     332.9   5/2 -  332.9   5/2    1.1921            2.0938


    1160.1   5/2 -   65.7   1/2    0.0100    1.53    0.0000    0.00    1.000    0.000   1094.5  0.192E+00  0.000E+00
    1160.1   5/2 -  975.8   1/2    0.3505   53.65    0.0000    0.00    1.000    0.000    184.4  0.911E-03  0.000E+00
    1160.1   5/2 -    0.0   3/2    0.0038    0.59    0.0958   53.51    0.036    0.193   1160.1  0.984E-01  0.263E+01
    1160.1   5/2 -  165.2   3/2    0.0078    1.19    0.0902   50.39    0.056   -0.243    994.9  0.924E-01  0.156E+01
    1160.1   5/2 - 1125.8   3/2    0.1781   27.25    0.3096  172.94    0.000   -0.022     34.3  0.103E-06  0.220E-03


    1160.1   5/2 -  155.6   5/2    0.0047    0.72    0.1317   73.58    0.024    0.158   1004.5  0.587E-01  0.235E+01
    1160.1   5/2 -  332.9   5/2    0.0000    0.00    0.0866   48.37    0.000    0.011    827.3  0.955E-04  0.863E+00
    1160.1   5/2 - 1160.1   5/2    1.2064            2.4792
    1160.1   5/2 -  333.5   7/2    0.0009    0.13    0.0082    4.59    0.047   -0.221    826.7  0.401E-02  0.818E-01
    1160.1   5/2 -  594.3   7/2    0.0028    0.43    0.0592   33.07    0.011   -0.103    565.8  0.201E-02  0.189E+00


    1160.1   5/2 -  651.1   9/2    0.0032    0.48    0.0000    0.00    1.000    0.000    509.0  0.132E-02  0.000E+00
    1160.1   5/2 -  819.6   9/2    0.0383    5.86    0.0000    0.00    1.000    0.000    340.5  0.214E-02  0.000E+00
     333.5   7/2 -    0.0   3/2    0.3238   49.56    0.0000    0.00    1.000    0.000    333.5  0.163E-01  0.000E+00
     333.5   7/2 -  165.2   3/2    0.0478    7.31    0.0000    0.00    1.000    0.000    168.3  0.787E-04  0.000E+00
     333.5   7/2 -  155.6   5/2    0.3391   51.89    0.0775   43.31    0.087   -0.310    177.9  0.736E-03  0.768E-02


     333.5   7/2 -  332.9   5/2    0.0039    0.59    0.0075    4.21    0.000    0.000      0.6  0.343E-17  0.274E-10
     333.5   7/2 -  333.5   7/2    1.0917            1.1278
     594.3   7/2 -    0.0   3/2    0.0061    0.93    0.0000    0.00    1.000    0.000    594.3  0.549E-02  0.000E+00
     594.3   7/2 -  165.2   3/2    0.4608   70.53    0.0000    0.00    1.000    0.000    429.1  0.818E-01  0.000E+00
     594.3   7/2 -  155.6   5/2    0.0679   10.39    0.2438  136.14    0.036   -0.193    438.7  0.135E-01  0.362E+00


     594.3   7/2 -  332.9   5/2    0.0972   14.88    0.0881   49.18    0.050    0.229    261.4  0.145E-02  0.277E-01
     594.3   7/2 -  333.5   7/2    0.0140    2.14    0.1525   85.16    0.004   -0.066    260.8  0.206E-03  0.476E-01
     594.3   7/2 -  594.3   7/2    1.3683            2.0742
    1490.6   7/2 -    0.0   3/2    0.0003    0.04    0.0000    0.00    1.000    0.000   1490.6  0.239E-01  0.000E+00
    1490.6   7/2 -  165.2   3/2    0.0014    0.21    0.0000    0.00    1.000    0.000   1325.4  0.692E-01  0.000E+00


    1490.6   7/2 - 1125.8   3/2    0.4514   69.08    0.0000    0.00    1.000    0.000    364.8  0.356E-01  0.000E+00
    1490.6   7/2 -  155.6   5/2    0.0053    0.81    0.1423   79.50    0.044    0.214   1335.0  0.274E+00  0.596E+01
    1490.6   7/2 -  332.9   5/2    0.0047    0.71    0.0817   45.65    0.050    0.230   1157.7  0.118E+00  0.223E+01
    1490.6   7/2 - 1160.1   5/2    0.1275   19.52    0.0329   18.39    0.227    0.542    330.5  0.613E-02  0.209E-01
    1490.6   7/2 -  333.5   7/2    0.0017    0.26    0.0212   11.83    0.069    0.273   1157.1  0.431E-01  0.578E+00


    1490.6   7/2 -  594.3   7/2    0.0001    0.01    0.2151  120.15    0.000   -0.012    896.3  0.383E-03  0.273E+01
    1490.6   7/2 - 1490.6   7/2    1.2275            1.4552
    1490.6   7/2 -  651.1   9/2    0.0047    0.72    0.0042    2.33    0.354    0.741    839.5  0.238E-01  0.434E-01
    1490.6   7/2 -  819.6   9/2    0.0133    2.04    0.0192   10.72    0.178   -0.465    671.0  0.221E-01  0.102E+00
    1490.6   7/2 -  917.3  11/2    0.0024    0.36    0.0000    0.00    1.000    0.000    573.3  0.178E-02  0.000E+00


    1490.6   7/2 - 1293.8  11/2    0.0063    0.97    0.0000    0.00    1.000    0.000    196.9  0.229E-04  0.000E+00
     651.1   9/2 -  155.6   5/2    0.4691   71.79    0.0000    0.00    1.000    0.000    495.5  0.171E+00  0.000E+00
     651.1   9/2 -  332.9   5/2    0.0099    1.52    0.0000    0.00    1.000    0.000    318.2  0.395E-03  0.000E+00
     651.1   9/2 -  333.5   7/2    0.2062   31.55    0.1512   84.46    0.087   -0.309    317.6  0.813E-02  0.853E-01
     651.1   9/2 -  594.3   7/2    0.0357    5.46    0.0077    4.32    0.010    0.102     56.8  0.258E-06  0.250E-04


     651.1   9/2 -  651.1   9/2    1.3521            1.7313
     819.6   9/2 -  155.6   5/2    0.0014    0.22    0.0000    0.00    1.000    0.000    664.0  0.228E-02  0.000E+00
     819.6   9/2 -  332.9   5/2    0.5562   85.12    0.0000    0.00    1.000    0.000    486.7  0.185E+00  0.000E+00
     819.6   9/2 -  333.5   7/2    0.0091    1.39    0.2410  134.58    0.006   -0.079    486.1  0.300E-02  0.487E+00
     819.6   9/2 -  594.3   7/2    0.0691   10.57    0.0110    6.17    0.180   -0.469    225.3  0.490E-03  0.222E-02


     819.6   9/2 -  651.1   9/2    0.0035    0.54    0.1234   68.92    0.001   -0.024    168.5  0.588E-05  0.104E-01
     819.6   9/2 -  819.6   9/2    1.5978            3.3916
    1664.4   9/2 -  155.6   5/2    0.0003    0.04    0.0000    0.00    1.000    0.000   1508.8  0.268E-01  0.000E+00
    1664.4   9/2 -  332.9   5/2    0.0213    3.26    0.0000    0.00    1.000    0.000   1331.5  0.109E+01  0.000E+00
    1664.4   9/2 - 1160.1   5/2    0.5483   83.91    0.0000    0.00    1.000    0.000    504.3  0.218E+00  0.000E+00


    1664.4   9/2 -  333.5   7/2    0.0035    0.53    0.1403   78.34    0.030    0.175   1330.9  0.177E+00  0.582E+01
    1664.4   9/2 -  594.3   7/2    0.0093    1.42    0.0373   20.81    0.165   -0.444   1070.1  0.158E+00  0.804E+00
    1664.4   9/2 - 1490.6   7/2    0.0675   10.33    0.2947  164.60    0.005   -0.069    173.8  0.131E-03  0.272E-01
    1664.4   9/2 -  651.1   9/2    0.0018    0.27    0.0700   39.09    0.018    0.135   1013.3  0.233E-01  0.128E+01
    1664.4   9/2 -  819.6   9/2    0.0002    0.03    0.1223   68.33    0.001    0.027    844.8  0.972E-03  0.130E+01


    1664.4   9/2 - 1664.4   9/2    1.6288            3.0558
    1664.4   9/2 -  917.3  11/2    0.0016    0.24    0.0017    0.95    0.266   -0.602    747.1  0.454E-02  0.125E-01
    1664.4   9/2 - 1293.8  11/2    0.0037    0.56    0.0273   15.27    0.013   -0.113    370.6  0.313E-03  0.245E-01
    1664.4   9/2 - 1414.0  13/2    0.0013    0.20    0.0000    0.00    1.000    0.000    250.4  0.159E-04  0.000E+00
    1664.4   9/2 - 1519.8  13/2    0.0275    4.21    0.0000    0.00    1.000    0.000    144.6  0.212E-04  0.000E+00


    1664.4   9/2 - 1604.6  13/2    0.0000    0.00    0.0000    0.00    1.000    0.000     59.8  0.124E-14  0.000E+00
     917.3  11/2 -  333.5   7/2    0.5691   87.09    0.0000    0.00    1.000    0.000    583.8  0.471E+00  0.000E+00
     917.3  11/2 -  594.3   7/2    0.0104    1.59    0.0000    0.00    1.000    0.000    323.0  0.445E-03  0.000E+00
     917.3  11/2 -  651.1   9/2    0.1343   20.55    0.0557   31.14    0.106   -0.344    266.2  0.219E-02  0.185E-01
     917.3  11/2 -  819.6   9/2    0.0031    0.48    0.0003    0.17    0.063    0.260     97.7  0.338E-06  0.501E-05


     917.3  11/2 -  917.3  11/2    1.5772            1.7345
    1293.8  11/2 -  333.5   7/2    0.0022    0.34    0.0000    0.00    1.000    0.000    960.3  0.218E-01  0.000E+00
    1293.8  11/2 -  594.3   7/2    0.5920   90.60    0.0000    0.00    1.000    0.000    699.5  0.121E+01  0.000E+00
    1293.8  11/2 -  651.1   9/2    0.0345    5.29    0.3581  199.99    0.027   -0.166    642.6  0.462E-01  0.167E+01
    1293.8  11/2 -  819.6   9/2    0.0507    7.76    0.0608   33.98    0.115    0.360    474.1  0.148E-01  0.114E+00


    1293.8  11/2 -  917.3  11/2    0.0026    0.40    0.0822   45.89    0.003   -0.056    376.4  0.239E-03  0.772E-01
    1293.8  11/2 - 1293.8  11/2    1.6716            3.1267
    1414.0  13/2 -  651.1   9/2    0.6035   92.36    0.0000    0.00    1.000    0.000    762.9  0.190E+01  0.000E+00
    1414.0  13/2 -  819.6   9/2    0.0027    0.42    0.0000    0.00    1.000    0.000    594.4  0.247E-02  0.000E+00
    1414.0  13/2 -  917.3  11/2    0.0915   14.00    0.1335   74.54    0.105   -0.342    496.7  0.338E-01  0.288E+00


    1414.0  13/2 - 1293.8  11/2    0.0223    3.42    0.0010    0.59    0.176    0.462    120.3  0.686E-05  0.321E-04
    1414.0  13/2 - 1414.0  13/2    1.6841            2.4183
    1519.8  13/2 -  651.1   9/2    0.0009    0.13    0.0000    0.00    1.000    0.000    868.7  0.517E-02  0.000E+00
    1519.8  13/2 -  819.6   9/2    0.6362   97.37    0.0000    0.00    1.000    0.000    700.2  0.131E+01  0.000E+00
    1519.8  13/2 -  917.3  11/2    0.0037    0.57    0.3280  183.20    0.003   -0.053    602.5  0.361E-02  0.126E+01


    1519.8  13/2 - 1293.8  11/2    0.0384    5.88    0.0381   21.25    0.035   -0.189    226.1  0.277E-03  0.774E-02
    1519.8  13/2 - 1414.0  13/2    0.0008    0.12    0.0944   52.74    0.000   -0.008    105.8  0.127E-06  0.197E-02
    1519.8  13/2 - 1519.8  13/2    1.8075            4.5286
    1604.6  13/2 -  651.1   9/2    0.0000    0.00    0.0000    0.00    1.000    0.000    953.5  0.206E-08  0.000E+00
    1604.6  13/2 -  819.6   9/2    0.0000    0.00    0.0000    0.00    1.000    0.000    784.9  0.177E-07  0.000E+00


    1604.6  13/2 -  917.3  11/2    0.0000    0.00    0.0000    0.00    0.000    0.018    687.3  0.287E-11  0.891E-08
    1604.6  13/2 - 1293.8  11/2    0.0000    0.00    0.0000    0.00    0.035   -0.192    310.8  0.623E-11  0.170E-09
    1604.6  13/2 - 1414.0  13/2    0.0000    0.00    0.0000    0.00    0.007   -0.085    190.6  0.620E-11  0.858E-09
    1604.6  13/2 - 1519.8  13/2    0.0000    0.00    0.0000    0.00    0.008   -0.089     84.8  0.155E-11  0.196E-09
    1604.6  13/2 - 1604.6  13/2   -3.2726            7.3565



 TIME=  0.0 SEC
