 PARITY=+   EPS= 0.100   GAMMA=  0.0   EPS4=0.000   EPS6=0.000   LEVELS:  17  18  19  20  21  22  23
0   Z= 75   A=191   IQ=1   GSFAC= 0.75   GR=  0.39   MIN SPIN=  1/2   MAX SPIN= 13/2   KMAX= 13/2

 MICR QUADR MOMENTS:  Q0= 302.831  Q2=  -0.000 FM**2


   B(E2) AND Q(E2) IN E2B2 AND EB,   B(M1) AND M(M1) INNM2 AND NM,   T(E2) AND T(M1) IN 1/PS

       E1     II      EF     IF     B(E2)             B(M1)              GD        D       EREL    T(E2)      T(M1)
                                             WU               MWU

      29.7   1/2 -   29.7   1/2    0.0000            0.5628
      29.7   1/2 -    0.0   3/2    0.2992   45.78    0.0279   15.56    0.007   -0.081     29.7  0.840E-07  0.128E-04
     386.8   1/2 -   29.7   1/2    0.0000    0.00    0.5759  321.66    0.000    0.000    357.2  0.000E+00  0.462E+00
     386.8   1/2 -  386.8   1/2    0.0000            1.4671
     386.8   1/2 -    0.0   3/2    0.0308    4.72    0.0008    0.44    0.803   -2.016    386.8  0.326E-02  0.801E-03


     386.8   1/2 -  347.0   3/2    0.0026    0.41    0.0034    1.90    0.001   -0.029     39.9  0.325E-08  0.380E-05
     386.8   1/2 -  285.8   5/2    0.0043    0.66    0.0000    0.00    1.000    0.000    101.1  0.554E-06  0.000E+00
       0.0   3/2 -    0.0   3/2   -0.5251            0.5168
     347.0   3/2 -   29.7   1/2    0.0153    2.34    0.0008    0.43    0.583   -1.182    317.3  0.601E-03  0.430E-03
     347.0   3/2 -    0.0   3/2    0.0366    5.60    0.0021    1.17    0.593    1.207    347.0  0.224E-02  0.154E-02


     347.0   3/2 -  347.0   3/2    0.4291            0.3323
     347.0   3/2 -  285.8   5/2    0.0289    4.42    0.0669   37.37    0.001   -0.033     61.2  0.302E-06  0.270E-03
     347.0   3/2 -  250.7   7/2    0.0015    0.22    0.0000    0.00    1.000    0.000     96.3  0.147E-06  0.000E+00
     519.6   3/2 -   29.7   1/2    0.0114    1.74    0.0011    0.61    0.633   -1.312    489.9  0.391E-02  0.227E-02
     519.6   3/2 -  386.8   1/2    0.1506   23.05    0.0021    1.17    0.467    0.935    132.8  0.758E-04  0.866E-04


     519.6   3/2 -    0.0   3/2    0.0027    0.41    0.0318   17.79    0.016   -0.126    519.6  0.124E-02  0.786E-01
     519.6   3/2 -  347.0   3/2    0.0401    6.13    0.0130    7.24    0.060    0.253    172.6  0.750E-04  0.117E-02
     519.6   3/2 -  519.6   3/2   -0.4991           -0.3708
     519.6   3/2 -  285.8   5/2    0.0199    3.05    0.5791  323.45    0.001    0.036    233.8  0.170E-03  0.130E+00
     519.6   3/2 -  475.5   5/2    0.0031    0.47    0.6196  346.03    0.000    0.003     44.1  0.629E-08  0.937E-03


     519.6   3/2 -  250.7   7/2    0.0038    0.58    0.0000    0.00    1.000    0.000    268.9  0.650E-04  0.000E+00
     285.8   5/2 -   29.7   1/2    0.1436   21.97    0.0000    0.00    1.000    0.000    256.1  0.193E-02  0.000E+00
     285.8   5/2 -    0.0   3/2    0.0550    8.41    0.0003    0.17    0.913   -3.242    285.8  0.128E-02  0.122E-03
     285.8   5/2 -  285.8   5/2   -0.7475            1.5855
     285.8   5/2 -  250.7   7/2    0.0428    6.56    0.0189   10.55    0.002   -0.044     35.1  0.277E-07  0.144E-04


     475.5   5/2 -   29.7   1/2    0.0152    2.33    0.0000    0.00    1.000    0.000    445.8  0.327E-02  0.000E+00
     475.5   5/2 -  386.8   1/2    0.0524    8.02    0.0000    0.00    1.000    0.000     88.6  0.350E-05  0.000E+00
     475.5   5/2 -    0.0   3/2    0.0074    1.14    0.0315   17.61    0.036   -0.192    475.5  0.220E-02  0.597E-01
     475.5   5/2 -  347.0   3/2    0.1964   30.06    0.0121    6.76    0.157    0.431    128.5  0.840E-04  0.452E-03
     475.5   5/2 -  285.8   5/2    0.0120    1.84    0.1450   80.96    0.002   -0.045    189.7  0.360E-04  0.174E-01


     475.5   5/2 -  475.5   5/2   -0.3947            1.7273
     475.5   5/2 -  250.7   7/2    0.0174    2.67    0.0000    0.00    0.998  -21.791    224.8  0.122E-03  0.257E-06
     525.6   5/2 -   29.7   1/2    0.0001    0.01    0.0000    0.00    1.000    0.000    496.0  0.320E-04  0.000E+00
     525.6   5/2 -  386.8   1/2    0.0004    0.06    0.0000    0.00    1.000    0.000    138.8  0.248E-06  0.000E+00
     525.6   5/2 -    0.0   3/2    0.0002    0.03    0.0513   28.64    0.001    0.027    525.6  0.942E-04  0.131E+00


     525.6   5/2 -  347.0   3/2    0.0007    0.11    0.2867  160.12    0.000    0.007    178.7  0.153E-05  0.288E-01
     525.6   5/2 -  519.6   3/2    0.0000    0.00    0.0152    8.49    0.000   -0.000      6.0  0.258E-14  0.590E-07
     525.6   5/2 -  285.8   5/2    0.0012    0.18    0.0919   51.30    0.001    0.023    239.9  0.117E-04  0.223E-01
     525.6   5/2 -  475.5   5/2    0.0021    0.32    0.1002   55.98    0.000    0.006     50.2  0.802E-08  0.223E-03
     525.6   5/2 -  525.6   5/2    1.0908            3.2997


     525.6   5/2 -  250.7   7/2    0.0000    0.00    0.0145    8.08    0.000   -0.004    274.9  0.105E-06  0.529E-02
     250.7   7/2 -    0.0   3/2    0.2074   31.73    0.0000    0.00    1.000    0.000    250.7  0.251E-02  0.000E+00
     250.7   7/2 -  250.7   7/2   -0.9433            1.4494
     717.0   7/2 -    0.0   3/2    0.0002    0.03    0.0000    0.00    1.000    0.000    717.0  0.507E-03  0.000E+00
     717.0   7/2 -  347.0   3/2    0.0003    0.04    0.0000    0.00    1.000    0.000    370.0  0.238E-04  0.000E+00


     717.0   7/2 -  519.6   3/2    0.0007    0.11    0.0000    0.00    1.000    0.000    197.4  0.264E-05  0.000E+00
     717.0   7/2 -  285.8   5/2    0.0007    0.11    0.0938   52.40    0.001   -0.032    431.2  0.132E-03  0.132E+00
     717.0   7/2 -  475.5   5/2    0.0024    0.37    0.1309   73.12    0.001   -0.027    241.5  0.240E-04  0.325E-01
     717.0   7/2 -  525.6   5/2    0.3318   50.78    0.3985  222.57    0.021    0.145    191.3  0.104E-02  0.491E-01
     717.0   7/2 -  250.7   7/2    0.0002    0.03    0.0901   50.33    0.000    0.017    466.3  0.440E-04  0.161E+00


     717.0   7/2 -  717.0   7/2    0.2143            3.4488
     803.9   7/2 -    0.0   3/2    0.0120    1.83    0.0000    0.00    1.000    0.000    803.9  0.490E-01  0.000E+00
     803.9   7/2 -  347.0   3/2    0.1275   19.51    0.0000    0.00    1.000    0.000    456.9  0.310E-01  0.000E+00
     803.9   7/2 -  519.6   3/2    0.0043    0.66    0.0000    0.00    1.000    0.000    284.3  0.970E-04  0.000E+00
     803.9   7/2 -  285.8   5/2    0.0062    0.95    0.0015    0.82    0.441    0.887    518.1  0.282E-02  0.358E-02


     803.9   7/2 -  475.5   5/2    0.0934   14.29    0.0044    2.48    0.612   -1.255    328.4  0.435E-02  0.276E-02
     803.9   7/2 -  525.6   5/2    0.0017    0.26    0.0016    0.88    0.054   -0.239    278.2  0.340E-04  0.594E-03
     803.9   7/2 -  250.7   7/2    0.0030    0.46    0.0005    0.28    0.566    1.143    553.2  0.192E-02  0.147E-02
     803.9   7/2 -  717.0   7/2    0.0002    0.04    0.0466   26.04    0.000   -0.005     86.9  0.140E-07  0.539E-03
     803.9   7/2 -  803.9   7/2   -0.7143            1.0481


     803.9   7/2 -  787.6   9/2    0.0101    1.54    0.1502   83.88    0.000   -0.004     16.3  0.140E-09  0.113E-04
     803.9   7/2 -  763.4  11/2    0.0002    0.03    0.0000    0.00    1.000    0.000     40.5  0.282E-09  0.000E+00
     787.6   9/2 -  285.8   5/2    0.2261   34.61    0.0000    0.00    1.000    0.000    501.8  0.878E-01  0.000E+00
     787.6   9/2 -  475.5   5/2    0.0001    0.02    0.0000    0.00    1.000    0.000    312.2  0.518E-05  0.000E+00
     787.6   9/2 -  525.6   5/2    0.0006    0.10    0.0000    0.00    1.000    0.000    262.0  0.976E-05  0.000E+00


     787.6   9/2 -  250.7   7/2    0.0218    3.34    0.0176    9.81    0.199   -0.498    536.9  0.119E-01  0.479E-01
     787.6   9/2 -  717.0   7/2    0.0067    1.03    0.0628   35.06    0.000    0.019     70.7  0.144E-06  0.390E-03
     787.6   9/2 -  787.6   9/2   -1.0047            2.5775
     787.6   9/2 -  763.4  11/2    0.0182    2.79    0.0109    6.09    0.001   -0.026     24.3  0.187E-08  0.274E-05
     968.7   9/2 -  285.8   5/2    0.0012    0.18    0.0000    0.00    1.000    0.000    682.9  0.210E-02  0.000E+00


     968.7   9/2 -  475.5   5/2    0.1853   28.36    0.0000    0.00    1.000    0.000    493.2  0.660E-01  0.000E+00
     968.7   9/2 -  525.6   5/2    0.0132    2.02    0.0000    0.00    1.000    0.000    443.0  0.275E-02  0.000E+00
     968.7   9/2 -  250.7   7/2    0.0091    1.39    0.0000    0.02    0.990   -9.749    718.0  0.211E-01  0.222E-03
     968.7   9/2 -  717.0   7/2    0.0205    3.14    0.0211   11.77    0.041    0.207    251.7  0.253E-03  0.592E-02
     968.7   9/2 -  803.9   7/2    0.0615    9.41    0.1532   85.57    0.007    0.087    164.8  0.912E-04  0.121E-01


     968.7   9/2 -  787.6   9/2    0.0009    0.13    0.2571  143.61    0.000   -0.009    181.0  0.202E-05  0.269E-01
     968.7   9/2 -  968.7   9/2   -0.8182            2.5154
     968.7   9/2 -  763.4  11/2    0.0072    1.09    0.0058    3.22    0.035   -0.190    205.3  0.318E-04  0.878E-03
     978.8   9/2 -  285.8   5/2    0.0042    0.64    0.0000    0.00    1.000    0.000    693.0  0.811E-02  0.000E+00
     978.8   9/2 -  475.5   5/2    0.0213    3.26    0.0000    0.00    1.000    0.000    503.3  0.839E-02  0.000E+00


     978.8   9/2 -  525.6   5/2    0.0840   12.86    0.0000    0.00    1.000    0.000    453.1  0.196E-01  0.000E+00
     978.8   9/2 -  250.7   7/2    0.0005    0.08    0.0935   52.19    0.002   -0.045    728.1  0.129E-02  0.635E+00
     978.8   9/2 -  717.0   7/2    0.2633   40.29    0.4118  229.99    0.029    0.174    261.8  0.395E-02  0.130E+00
     978.8   9/2 -  803.9   7/2    0.0015    0.23    0.0591   33.01    0.001   -0.023    174.9  0.295E-05  0.557E-02
     978.8   9/2 -  787.6   9/2    0.0030    0.46    0.0891   49.75    0.001    0.029    191.1  0.942E-05  0.109E-01


     978.8   9/2 -  968.7   9/2    0.0050    0.77    0.0236   13.20    0.000   -0.004     10.1  0.647E-11  0.429E-06
     978.8   9/2 -  978.8   9/2   -0.3543            3.6607
     978.8   9/2 -  763.4  11/2    0.0005    0.07    0.0394   22.01    0.000    0.020    215.4  0.272E-05  0.693E-02
     763.4  11/2 -  250.7   7/2    0.2539   38.86    0.0000    0.00    1.000    0.000    512.7  0.110E+00  0.000E+00
     763.4  11/2 -  717.0   7/2    0.0000    0.00    0.0000    0.00    1.000    0.000     46.4  0.922E-11  0.000E+00


     763.4  11/2 -  763.4  11/2   -1.1197            2.3049
    1294.0  11/2 -  250.7   7/2    0.0001    0.01    0.0000    0.00    1.000    0.000   1043.3  0.103E-02  0.000E+00
    1294.0  11/2 -  717.0   7/2    0.1680   25.71    0.0000    0.00    1.000    0.000    577.1  0.131E+00  0.000E+00
    1294.0  11/2 -  803.9   7/2    0.0005    0.08    0.0000    0.00    1.000    0.000    490.2  0.173E-03  0.000E+00
    1294.0  11/2 -  787.6   9/2    0.0040    0.61    0.0762   42.57    0.009   -0.096    506.4  0.162E-02  0.174E+00


    1294.0  11/2 -  968.7   9/2    0.0181    2.76    0.2676  149.44    0.005    0.070    325.4  0.803E-03  0.162E+00
    1294.0  11/2 -  978.8   9/2    0.2000   30.61    0.4596  256.70    0.029    0.173    315.3  0.760E-02  0.254E+00
    1294.0  11/2 -  763.4  11/2    0.0000    0.00    0.1442   80.52    0.000    0.005    530.7  0.800E-05  0.379E+00
    1294.0  11/2 - 1294.0  11/2   -0.6037            3.8620
    1545.4  11/2 -  250.7   7/2    0.0034    0.52    0.0000    0.00    1.000    0.000   1294.7  0.152E+00  0.000E+00


    1545.4  11/2 -  717.0   7/2    0.0006    0.10    0.0000    0.00    1.000    0.000    828.4  0.299E-02  0.000E+00
    1545.4  11/2 -  803.9   7/2    0.2205   33.75    0.0000    0.00    1.000    0.000    741.5  0.603E+00  0.000E+00
    1545.4  11/2 -  787.6   9/2    0.0051    0.78    0.0007    0.38    0.750    1.730    757.8  0.154E-01  0.516E-02
    1545.4  11/2 -  968.7   9/2    0.0274    4.19    0.0079    4.39    0.445   -0.896    576.7  0.213E-01  0.265E-01
    1545.4  11/2 -  978.8   9/2    0.0026    0.39    0.0010    0.58    0.356    0.743    566.6  0.184E-02  0.332E-02


    1545.4  11/2 -  763.4  11/2    0.0006    0.09    0.0002    0.11    0.551    1.108    782.0  0.209E-02  0.170E-02
    1545.4  11/2 - 1294.0  11/2    0.0001    0.01    0.0573   31.98    0.000    0.007    251.3  0.741E-06  0.160E-01
    1545.4  11/2 - 1545.4  11/2   -1.0296            1.8566
    1550.1  13/2 -  787.6   9/2    0.2504   38.32    0.0000    0.00    1.000    0.000    762.5  0.787E+00  0.000E+00
    1550.1  13/2 -  968.7   9/2    0.0009    0.13    0.0000    0.00    1.000    0.000    581.5  0.714E-03  0.000E+00


    1550.1  13/2 -  978.8   9/2    0.0056    0.86    0.0000    0.00    1.000    0.000    571.4  0.418E-02  0.000E+00
    1550.1  13/2 -  763.4  11/2    0.0113    1.74    0.0527   29.42    0.085   -0.304    786.8  0.417E-01  0.451E+00
    1550.1  13/2 - 1294.0  11/2    0.0175    2.68    0.2200  122.87    0.004    0.060    256.1  0.235E-03  0.650E-01
    1550.1  13/2 - 1545.4  11/2    0.0037    0.57    0.1608   89.83    0.000   -0.001      4.7  0.110E-12  0.303E-06
    1550.1  13/2 - 1550.1  13/2   -1.1162            3.7661


    1694.0  13/2 -  787.6   9/2    0.0079    1.21    0.0000    0.00    1.000    0.000    906.4  0.592E-01  0.000E+00
    1694.0  13/2 -  968.7   9/2    0.0700   10.71    0.0000    0.00    1.000    0.000    725.4  0.171E+00  0.000E+00
    1694.0  13/2 -  978.8   9/2    0.1423   21.78    0.0000    0.00    1.000    0.000    715.3  0.325E+00  0.000E+00
    1694.0  13/2 -  763.4  11/2    0.0016    0.25    0.0598   33.41    0.016    0.127    930.7  0.138E-01  0.849E+00
    1694.0  13/2 - 1294.0  11/2    0.1390   21.27    0.4033  225.23    0.037    0.196    400.0  0.174E-01  0.454E+00


    1694.0  13/2 - 1545.4  11/2    0.0039    0.60    0.0631   35.23    0.001    0.031    148.7  0.345E-05  0.365E-02
    1694.0  13/2 - 1550.1  13/2    0.0012    0.19    0.3060  170.91    0.000    0.008    143.9  0.911E-06  0.161E-01
    1694.0  13/2 - 1694.0  13/2   -0.8495            3.2576
    1736.4  13/2 -  787.6   9/2    0.0016    0.25    0.0000    0.00    1.000    0.000    948.8  0.151E-01  0.000E+00
    1736.4  13/2 -  968.7   9/2    0.1825   27.93    0.0000    0.00    1.000    0.000    767.7  0.594E+00  0.000E+00


    1736.4  13/2 -  978.8   9/2    0.0711   10.88    0.0000    0.00    1.000    0.000    757.6  0.217E+00  0.000E+00
    1736.4  13/2 -  763.4  11/2    0.0058    0.89    0.0136    7.62    0.219   -0.530    973.0  0.621E-01  0.221E+00
    1736.4  13/2 - 1294.0  11/2    0.0119    1.83    0.0437   24.41    0.036    0.192    442.3  0.247E-02  0.666E-01
    1736.4  13/2 - 1545.4  11/2    0.0254    3.89    0.1020   56.98    0.006    0.079    191.0  0.789E-04  0.125E-01
    1736.4  13/2 - 1550.1  13/2    0.0012    0.19    0.0387   21.59    0.001   -0.028    186.3  0.340E-05  0.440E-02


    1736.4  13/2 - 1694.0  13/2    0.0002    0.03    0.0936   52.26    0.000    0.002     42.3  0.330E-09  0.125E-03
    1736.4  13/2 - 1736.4  13/2   -1.0283            4.0102

 TIME=  0.0 SEC
