1SPECTRUM OF (Z= 81 A=207) IN PARTICLE-ROTOR  MODEL WITH MODIFIED OSCILLATOR POTENTIAL


 PARITY=+   EPS= 0.341   GAMMA=  0.0   EPS4=0.000   EPS6=0.000   LEVELS:  18  19  20  21  22  23  24

 PAIRING FACTORS: GN0= 19.20  GN1=  7.40  IPAIR= 15 ***  E2PLUS(INPUT)=   0.210  E2PLUR(INPUT)=   0.000

 CORIOLIS ATTENUATION PARAMETERS:  CHSI=0.000  ETA=  1.00

 MOMENT OF INERTIA PARAMETERS:   A1=  0.035 MEV   A2=  0.035 MEV   A3= 35.07265 MEV


 DELTA=1.029 MEV  LAMBDA=39.7448 MEV   HW0= 6.5206 MEV   LAMBDA/HW0= 6.0952

 E2ENERGY=0.210 MEV  HBAR**2/B= 6202./A**(7/3)=1048.5/A**2 MEV

 IREC=1  =>  RECOIL TERMS j+j-, j+j+, jzjz, ETC TREATED AS TWO-BODY OPERATORS WITH APPROPRIATE PAIRING FACTORS



 S. P. LEVEL   EQP       U     V        (UU + VV)**1.00

     18       1.842    0.292 0.956      1.000 0.972 0.956 0.902 0.889 0.649 0.535
     19       1.177    0.507 0.862      0.972 1.000 0.998 0.978 0.971 0.809 0.717
     20       1.110    0.559 0.829      0.956 0.998 1.000 0.989 0.984 0.843 0.759
     21       1.032    0.676 0.737      0.902 0.978 0.989 1.000 1.000 0.914 0.847
     22       1.029    0.698 0.716      0.889 0.971 0.984 1.000 1.000 0.926 0.863
     23       1.407    0.917 0.398      0.649 0.809 0.843 0.914 0.926 1.000 0.990
     24       2.016    0.964 0.265      0.535 0.717 0.759 0.847 0.863 0.990 1.000

  R CORE   ENERGY   A0R/A00=1.000    R3= 0     2  
   2( 1)    0.210                    1.000 0.000
   2( 2)  140.361                    0.000 1.000

  R CORE   ENERGY   A0R/A00=1.000    R3= 0     2  
   3( 1)  140.571                    0.000 1.000

  R CORE   ENERGY   A0R/A00=1.000    R3= 0     2     4  
   4( 1)    0.701                    1.000 0.000 0.000

  R CORE   ENERGY   A0R/A00=1.000    R3= 0     2     4  
   5( 1)  141.202                    0.000 1.000 0.000

  R CORE   ENERGY   A0R/A00=1.000    R3= 0     2     4     6  
   6( 1)    1.473                    1.000 0.000 0.000 0.000

          AXIAL SYMMETRY => K RESTRICTED TO OMEGA

                     K
     S.P. ORB#: 18  0.50
     S.P. ORB#: 19  0.50
     S.P. ORB#: 20 -3.50
     S.P. ORB#: 21  2.50
     S.P. ORB#: 22 -1.50
     S.P. ORB#: 23  2.50
     S.P. ORB#: 24 -1.50
 

             ENERGY    K= OMEGA
 
 I=  1/2+ (1)  1.961  18: 1.000
 
 I=  1/2+ (2)  2.361  19: 1.000

             ENERGY    K= OMEGA
 
 I=  3/2+ (1)  1.978  18: 1.000
 
 I=  3/2+ (2)  2.039  24: 1.000

             ENERGY    K= OMEGA
 
 I=  5/2+ (1)  1.171  21: 1.000
 
 I=  5/2+ (2)  2.184  19: 1.000

             ENERGY    K= OMEGA
 
 I=  7/2+ (1)  1.319  20: 1.000
 
 I=  7/2+ (2)  1.416  21: 1.000

             ENERGY    K= OMEGA
 
 I=  9/2+ (1)  1.634  20: 1.000
 
 I=  9/2+ (2)  1.732  21: 1.000

             ENERGY    K= OMEGA
 
 I= 11/2+ (1)  2.020  20: 1.000
 
 I= 11/2+ (2)  2.118  21: 1.000

             ENERGY    K= OMEGA
 
 I= 13/2+ (1)  2.476  20: 1.000
 
 I= 13/2+ (2)  2.574  21: 1.000

             ENERGY     K=-3/2
  21 LEVELS    TIME=  0.0 SEC



 ******************* EXCITATION ENERGIES, DOMINANT CONFIGURATION AND EXPECTATION VALUES (WITH S.P. UU+VV FACTORS) *******************

  NR  Eex(keV)  I   Kdom  NY    <Jz>  <Jx**2> <Jy**2> <Jz**2> <I.j>/|I|  <Rx**2> <Ry**2> <Rz**2> <R.j>/|R|  <HROTx> <HROTy> <HROTz>

   1    0.0   5/2+   5/2  21    2.50    0.72    0.72    6.25    2.11       1.97    1.97    0.00   -0.72      0.069   0.069   0.000
   2  148.0   7/2+  -7/2  20   -3.50    1.23    1.23   12.25    3.09       2.98    2.98    0.00   -1.01      0.105   0.105   0.000
   3  245.5   7/2+   5/2  21    2.50    0.72    0.72    6.25    1.57       5.47    5.47    0.00   -0.43      0.192   0.192   0.000
   4  463.6   9/2+  -7/2  20   -3.50    1.23    1.23   12.25    2.46       7.48    7.48    0.00   -0.64      0.262   0.262   0.000
   5  561.2   9/2+   5/2  21    2.50    0.72    0.72    6.25    1.26       9.97    9.97    0.00   -0.32      0.350   0.350   0.000
  
   6  790.6   1/2+   1/2  18    0.50    1.04    1.04    0.25   -0.19       1.71    1.71    0.00   -1.35      0.060   0.060   0.000
   7  807.8   3/2+   1/2  18    0.50    1.04    1.04    0.25    0.56       1.95    1.95    0.00   -0.63      0.068   0.068   0.000
   8  849.4  11/2+  -7/2  20   -3.50    1.23    1.23   12.25    2.05      12.98   12.98    0.00   -0.48      0.455   0.455   0.000
   9  868.6   3/2+  -3/2  24   -1.50   -0.42   -0.42    2.25    1.16       0.33    0.33    0.00    1.02      0.012   0.012   0.000
  10  947.0  11/2+   5/2  21    2.50    0.72    0.72    6.25    1.05      15.47   15.47    0.00   -0.26      0.543   0.543   0.000
  
  11 1013.5   5/2+   1/2  19    0.50   19.89   19.89    0.25    3.39      14.36   14.36    0.00   -5.60      0.504   0.504   0.000
  12 1044.0   5/2+  -3/2  24   -1.50   -0.42   -0.42    2.25    0.76       2.83    2.83    0.00    0.35      0.099   0.099   0.000
  13 1085.7   3/2+  -3/2  22   -1.50   16.75   16.75    2.25    1.16      17.50   17.50   -0.00   -5.66      0.614   0.614   0.000
  14 1117.3   9/2+   1/2  19    0.50   19.89   19.89    0.25    3.33      15.84   15.84    0.00   -4.17      0.556   0.556   0.000
  15 1169.9   7/2+   1/2  18    0.50    1.04    1.04    0.25    0.48       7.11    7.11    0.00   -0.11      0.250   0.250   0.000
  
  16 1190.3   1/2+   1/2  19    0.50   19.89   19.89    0.25    4.05      16.88   16.88    0.00   -6.29      0.592   0.592   0.000
  17 1305.4  13/2+  -7/2  20   -3.50    1.23    1.23   12.25    1.75      19.48   19.48    0.00   -0.39      0.683   0.683   0.000
  18 1402.9  13/2+   5/2  21    2.50    0.72    0.72    6.25    0.90      21.97   21.97    0.00   -0.22      0.771   0.771   0.000
  19 1501.7  13/2+   1/2  19    0.50   19.89   19.89    0.25    3.30      21.32   21.32    0.00   -2.60      0.748   0.748   0.000
  20 1812.7  11/2+   1/2  18    0.50    1.04    1.04    0.25    0.46      16.28   16.28    0.00    0.08      0.571   0.571   0.000
  
  2141945.6   1/2+  -3/2  22    0.00    0.00    0.00    0.00    0.00       0.00    0.00   -0.00   -0.00      0.000   0.000   0.000
