1SPECTRUM OF (Z= 81 A=207) IN PARTICLE-ROTOR  MODEL WITH MODIFIED OSCILLATOR POTENTIAL


 PARITY=+   EPS= 0.080   GAMMA= 40.0   EPS4=0.000   EPS6=0.000   LEVELS:  19  20  21  22  23  24  25

 PAIRING FACTORS: GN0= 19.20  GN1=  7.40  IPAIR= 15 ***  E2PLUS(INPUT)=   0.210  E2PLUR(INPUT)=   0.000

 CORIOLIS ATTENUATION PARAMETERS:  CHSI=0.000  ETA=  1.00

 MOMENT OF INERTIA PARAMETERS:   A1=  0.177 MEV   A2=  0.021 MEV   A3=  0.05011 MEV


 DELTA=0.391 MEV  LAMBDA=39.4781 MEV   HW0= 6.4333 MEV   LAMBDA/HW0= 6.1366

 E2ENERGY=0.210 MEV  HBAR**2/B=  269./A**(7/3)=  45.4/A**2 MEV

 IREC=1  =>  RECOIL TERMS j+j-, j+j+, jzjz, ETC TREATED AS TWO-BODY OPERATORS WITH APPROPRIATE PAIRING FACTORS



 S. P. LEVEL   EQP       U     V        (UU + VV)**1.00

     19       2.642    0.074 0.997      1.000 0.997 0.991 0.786 0.165 0.150 0.141
     20       1.338    0.148 0.989      0.997 1.000 0.998 0.829 0.237 0.223 0.214
     21       0.965    0.207 0.978      0.991 0.998 1.000 0.862 0.295 0.281 0.272
     22       0.392    0.675 0.738      0.786 0.829 0.862 1.000 0.740 0.729 0.723
     23       2.147    0.996 0.091      0.165 0.237 0.295 0.740 1.000 1.000 1.000
     24       2.570    0.997 0.076      0.150 0.223 0.281 0.729 1.000 1.000 1.000
     25       2.909    0.998 0.067      0.141 0.214 0.272 0.723 1.000 1.000 1.000

  R CORE   ENERGY   A0R/A00=1.000    R3= 0     2  
   2( 1)    0.210                   -0.574 0.819
   2( 2)    0.784                    0.819 0.574

  R CORE   ENERGY   A0R/A00=1.000    R3= 0     2  
   3( 1)    0.994                    0.000 1.000

  R CORE   ENERGY   A0R/A00=1.000    R3= 0     2     4  
   4( 1)    0.655                   -0.531 0.676-0.512

  R CORE   ENERGY   A0R/A00=1.000    R3= 0     2     4  
   5( 1)    1.624                    0.000-0.574 0.819

  R CORE   ENERGY   A0R/A00=1.000    R3= 0     2     4     6  
   6( 1)    1.274                   -0.513 0.658-0.481 0.270
 

             ENERGY     K= 1/2
 
 I=  1/2+ (1)  0.476  22: 1.000
 
 I=  1/2+ (2)  1.309  21: 1.000

             ENERGY     K= 1/2  -3/2
 
 I=  3/2+ (1)  0.518  22:-0.513 0.858
 
 I=  3/2+ (2)  1.197  22: 0.858 0.513

             ENERGY     K= 5/2   1/2  -3/2
 
 I=  5/2+ (1)  0.789  22: 0.683-0.610 0.403
 
 I=  5/2+ (2)  1.220  22: 0.093 0.619 0.780

             ENERGY     K= 5/2   1/2  -3/2  -7/2
 
 I=  7/2+ (1)  0.878  22:-0.244 0.473-0.598 0.599
 
 I=  7/2+ (2)  1.477  22:-0.400-0.351 0.539 0.653

             ENERGY     K= 9/2   5/2   1/2  -3/2  -7/2
 
 I=  9/2+ (1)  1.309  22:-0.399 0.542-0.561 0.430-0.217
 
 I=  9/2+ (2)  1.754  22: 0.067 0.389-0.237-0.321 0.828

             ENERGY     K= 9/2   5/2   1/2  -3/2  -7/2 -11/2
 
 I= 11/2+ (1)  1.431  22: 0.114-0.300 0.475-0.555 0.497-0.341
 
 I= 11/2+ (2)  2.250  22:-0.430 0.141 0.239-0.374 0.066 0.770

             ENERGY     K=13/2   9/2   5/2   1/2  -3/2  -7/2 -11/2
 
 I= 13/2+ (1)  1.994  22: 0.203-0.380 0.508-0.529 0.436-0.273 0.109
 
 I= 13/2+ (2)  2.500  21:-0.059 0.190-0.347 0.477-0.530 0.476-0.325

             ENERGY     K=13/2   9/2   5/2   1/2  -3/2  -7/2 -11/2
  21 LEVELS    TIME=  0.0 SEC



 ******************* EXCITATION ENERGIES, DOMINANT CONFIGURATION AND EXPECTATION VALUES (WITH S.P. UU+VV FACTORS) *******************

  NR  Eex(keV)  I   Kdom  NY    <Jz>  <Jx**2> <Jy**2> <Jz**2> <I.j>/|I|  <Rx**2> <Ry**2> <Rz**2> <R.j>/|R|  <HROTx> <HROTy> <HROTz>

   1    0.0   1/2+   1/2  22   -0.30    0.25    0.57    0.63   -0.06       0.00    1.12    1.18   -0.99      0.000   0.024   0.059
   2   42.5   3/2+   3/2  22   -0.30    0.25    0.57    0.63    0.44       0.00    1.72    1.77   -0.32      0.000   0.037   0.089
   3  313.1   5/2+   5/2  22   -0.30    0.25    0.57    0.63   -0.22       0.11    6.75    4.66   -0.62      0.019   0.144   0.234
   4  402.0   7/2+   7/2  22   -0.30    0.25    0.57    0.63    0.37       0.17    8.76    5.34    0.00      0.031   0.187   0.267
   5  721.7   3/2+   1/2  22   -0.30    0.25    0.57    0.63   -0.39       4.00    1.31    1.39   -0.85      0.707   0.028   0.070
  
   6  744.4   5/2+   3/2  22   -0.30    0.25    0.57    0.63    0.49       4.00    1.57    1.73    0.00      0.708   0.034   0.087
   7  833.1   1/2+   1/2  21   -0.64    0.92    0.47    1.17   -0.23       1.32    0.32    2.06   -1.43      0.234   0.007   0.103
   8  833.8   9/2+   1/2  22   -0.30    0.25    0.57    0.63   -0.25       0.57   20.68    7.47   -0.51      0.101   0.442   0.374
   9  860.4   3/2+   3/2  21   -0.64    0.92    0.47    1.17    0.26       1.37    2.37    1.55   -0.89      0.243   0.050   0.078
  10  930.0   5/2+   5/2  22   -0.30    0.25    0.57    0.63   -0.32       3.90    3.04    5.15   -0.69      0.690   0.065   0.258
  
  11  955.9  11/2+   3/2  22   -0.30    0.25    0.57    0.63    0.35       0.70   24.53    7.81    0.11      0.124   0.524   0.391
  12 1001.2   7/2+   7/2  22   -0.30    0.25    0.57    0.63    0.42       3.84    3.34    6.66    0.06      0.680   0.071   0.333
  13 1181.1   7/2+   5/2  22   -0.30    0.25    0.57    0.63   -0.30       4.01    7.83    7.74   -0.60      0.709   0.167   0.388
  14 1278.5   9/2+   7/2  22   -0.30    0.25    0.57    0.63    0.39       4.01    9.32    9.03    0.10      0.710   0.199   0.452
  15 1394.8   1/2+   1/2  20    0.46    1.62    1.27    0.38   -0.53       2.71    2.06    0.17   -1.68      0.480   0.044   0.008
  
  16 1430.6   9/2+   3/2  21   -0.64    0.92    0.47    1.17    0.45       2.01   15.88    4.93   -0.07      0.355   0.339   0.247
  17 1518.3  13/2+   1/2  22   -0.30    0.25    0.57    0.63   -0.27       1.17   43.42    9.33   -0.45      0.207   0.927   0.468
  18 1774.8  11/2+  11/2  22   -0.30    0.25    0.57    0.63    0.35       3.48    8.25   21.29    0.11      0.615   0.176   1.067
  19 1862.0  11/2+   7/2  21   -0.64    0.92    0.47    1.17    0.00       1.66   26.30   10.34   -0.41      0.294   0.561   0.518
  20 2024.4  13/2+   3/2  21   -0.64    0.92    0.47    1.17    0.45       2.22   34.90    7.92    0.09      0.393   0.745   0.397
  
  21 2065.0  13/2+  11/2  22   -0.30    0.25    0.57    0.63    0.35       4.24   22.95   18.12    0.15      0.751   0.490   0.908
