1SPECTRUM OF (Z= 81 A=207) IN PARTICLE-ROTOR  MODEL WITH MODIFIED OSCILLATOR POTENTIAL


 PARITY=+   EPS= 0.842   GAMMA= 15.0   EPS4=0.000   EPS6=0.000   LEVELS:  19  20  21  22  23

 PAIRING FACTORS: GN0= 19.20  GN1=  7.40  IPAIR= 15 ***  E2PLUS(INPUT)=   0.210  E2PLUR(INPUT)=   0.000

 CORIOLIS ATTENUATION PARAMETERS:  CHSI=1.000  ETA=  1.00

 MOMENT OF INERTIA PARAMETERS:   A1=  0.046 MEV   A2=  0.025 MEV   A3=  0.34197 MEV


 DELTA=0.826 MEV  LAMBDA=40.4357 MEV   HW0= 7.1319 MEV   LAMBDA/HW0= 5.6697

 E2ENERGY=0.210 MEV  HBAR**2/B=32933./A**(7/3)=5567.2/A**2 MEV

 IREC=0  =>  RECOIL TERMS j+j-, j+j+, jzjz, ETC TREATED AS ONE-BODY OPERATORS WITH UU+VV PAIRING FACTORS



 S. P. LEVEL   EQP       U     V        (UU + VV)**1.00

     19       1.049    0.438 0.899      1.000 0.997 0.834 0.684 0.611
     20       0.951    0.502 0.865      0.997 1.000 0.872 0.736 0.668
     21       0.943    0.861 0.508      0.834 0.872 1.000 0.973 0.946
     22       1.460    0.955 0.296      0.684 0.736 0.973 1.000 0.995
     23       2.075    0.979 0.203      0.611 0.668 0.946 0.995 1.000

  R CORE   ENERGY   A0R/A00=1.000    R3= 0     2  
   2( 1)    0.210                    1.000-0.030
   2( 2)    1.439                    0.030 1.000

  R CORE   ENERGY   A0R/A00=1.000    R3= 0     2  
   3( 1)    1.649                    0.000 1.000

  R CORE   ENERGY   A0R/A00=1.000    R3= 0     2     4  
   4( 1)    0.687                    0.993-0.114 0.001

  R CORE   ENERGY   A0R/A00=1.000    R3= 0     2     4  
   5( 1)    2.279                    0.000 1.000-0.030

  R CORE   ENERGY   A0R/A00=1.000    R3= 0     2     4     6  
   6( 1)    1.404                    0.973-0.232 0.008-0.000
 

             ENERGY     K= 1/2
 
 I=  1/2+ (1)  2.787  19: 0.968
                      22:-0.252
 
 I=  1/2+ (2)  2.903  20:-0.971
                      23: 0.239

             ENERGY     K= 1/2  -3/2
 
 I=  3/2+ (1)  2.863  19: 0.974-0.033
                      22:-0.224-0.030
 
 I=  3/2+ (2)  3.028  19: 0.027 0.716
                      22:-0.078 0.693

             ENERGY     K= 5/2   1/2  -3/2
 
 I=  5/2+ (1)  2.449  20: 0.060 0.934 0.253
                      23:-0.012-0.144 0.200
 
 I=  5/2+ (2)  2.845  19: 0.812-0.114-0.050
                      22:-0.566 0.043-0.052

             ENERGY     K= 5/2   1/2  -3/2  -7/2
 
 I=  7/2+ (1)  3.066  19: 0.764-0.329 0.107 0.004
                      22:-0.531 0.076 0.098 0.004
 
 I=  7/2+ (2)  3.283  19: 0.289 0.907-0.121 0.005
                      22:-0.211-0.160-0.098 0.005

             ENERGY     K= 9/2   5/2   1/2  -3/2  -7/2
 
 I=  9/2+ (1)  2.215  20:-0.000-0.116-0.903-0.333-0.011
                      23: 0.000 0.019 0.087-0.230-0.012
 
 I=  9/2+ (2)  3.364  19:-0.022 0.769-0.313-0.045-0.007
                      22: 0.016-0.535 0.134-0.066-0.006

             ENERGY     K= 9/2   5/2   1/2  -3/2  -7/2 -11/2
 
 I= 11/2+ (1)  3.456  20: 0.013 0.545 0.390-0.690-0.102-0.000
                      23:-0.003-0.095 0.049-0.190-0.130 0.001
 
 I= 11/2+ (2)  3.661  19:-0.035 0.663-0.537 0.183-0.001-0.000
                      22: 0.026-0.451 0.104 0.152-0.002-0.000

             ENERGY     K=13/2   9/2   5/2   1/2  -3/2  -7/2 -11/2
 
 I= 13/2+ (1)  2.272  20:-0.000 0.000 0.141 0.884 0.369 0.016-0.000
                      23: 0.000 0.000-0.021-0.055 0.242 0.016-0.000
 
 I= 13/2+ (2)  4.049  20: 0.000-0.032-0.657 0.257-0.531-0.170-0.000
                      23:-0.000 0.007 0.109-0.270 0.230-0.231 0.001

             ENERGY     K=13/2   9/2   5/2   1/2  -3/2  -7/2 -11/2
  21 LEVELS    TIME=  0.0 SEC



 ******************* EXCITATION ENERGIES, DOMINANT CONFIGURATION AND EXPECTATION VALUES (WITH S.P. UU+VV FACTORS) *******************

  NR  Eex(keV)  I   Kdom  NY    <Jz>  <Jx**2> <Jy**2> <Jz**2> <I.j>/|I|  <Rx**2> <Ry**2> <Rz**2> <R.j>/|R|  <HROTx> <HROTy> <HROTz>

   1    0.0   9/2+   1/2  20    0.23   38.69   14.68    0.70    5.05      11.96   15.83    0.76   -5.42      0.548   0.389   0.259
   2   56.7  13/2+   1/2  20    0.19   39.43   14.32    0.73    5.18       9.95   20.04    0.89   -3.29      0.456   0.492   0.303
   3  233.5   5/2+   1/2  20    0.29   37.27   15.40    0.63    4.73      19.74   13.78    0.55   -6.73      0.904   0.338   0.187
   4  571.4   1/2+   1/2  19    1.16    6.94    3.02    4.69    0.53       7.36    3.34    3.78   -3.73      0.337   0.082   1.292
   5  629.3   5/2+   5/2  19    1.56    6.32    3.74    5.10    1.32       7.20    5.36    3.51   -2.80      0.330   0.132   1.200
  
   6  647.6   3/2+   1/2  19    1.11    6.96    2.99    4.65    0.42       8.34    4.59    3.79   -3.37      0.382   0.113   1.298
   7  688.0   1/2+   1/2  20    0.42   34.70   16.67    0.51    3.84      30.61   15.04    0.34   -7.16      1.402   0.369   0.117
   8  812.3   3/2+   3/2  19   -0.75    5.59    4.52    4.03    0.62       6.20    5.32    3.99   -3.29      0.284   0.131   1.364
   9  850.5   7/2+   5/2  19    1.47    6.38    3.67    5.03    0.94       9.09   10.76    3.55   -2.35      0.416   0.264   1.214
  10  866.0   5/2+   1/2  19    1.09    6.83    3.14    4.68    0.12      10.91    8.00    3.79   -3.00      0.500   0.196   1.295
  
  11  890.4   1/2+   1/2  21   -0.47   17.21   11.23    2.41   -0.35      17.77   11.31    3.13   -5.49      0.814   0.278   1.071
  12  943.9   3/2+   3/2  21   -0.47   17.21   11.23    2.41    0.44      18.36   11.31    3.21   -5.23      0.841   0.278   1.097
  13 1068.1   7/2+   1/2  19    1.04    6.88    3.09    4.64    0.35      15.11    8.65    3.79   -2.52      0.692   0.212   1.297
  14 1148.7   9/2+   5/2  19    1.54    6.36    3.69    5.08    0.73      12.32   16.78    3.54   -2.01      0.565   0.412   1.211
  15 1220.4   7/2+   3/2  19   -0.59    5.56    4.56    4.13    0.33      11.30   12.05    3.99   -2.47      0.518   0.296   1.365
  
  16 1240.9  11/2+   3/2  20    0.12   40.70   13.69    0.80    3.94      13.19   27.27    3.39   -4.78      0.604   0.669   1.159
  17 1421.7   9/2+   1/2  19    0.55    6.49    3.51    4.48    0.14      16.34   17.61    3.87   -2.24      0.749   0.432   1.323
  18 1445.5  11/2+   5/2  19    1.28    6.50    3.52    4.89    0.57      13.02   27.19    3.65   -1.74      0.597   0.668   1.250
  19 1792.1  11/2+   1/2  19    0.40    6.34    3.68    4.45    0.33      22.07   20.31    3.93   -1.84      1.011   0.499   1.344
  20 1834.0  13/2+   5/2  20    0.22   32.99   18.15    0.70    3.82      18.51   24.52    4.19   -3.66      0.848   0.602   1.434
  
  21 1882.9  13/2+   5/2  19    1.54    6.40    3.64    5.06    0.44      17.15   36.90    3.62   -1.58      0.786   0.906   1.238
