1SPECTRUM OF (Z= 81 A=207) IN PARTICLE-ROTOR  MODEL WITH MODIFIED OSCILLATOR POTENTIAL


 PARITY=+   EPS= 0.201   GAMMA= 30.0   EPS4=0.000   EPS6=0.000   LEVELS:  18  19  20  21

 PAIRING FACTORS: GN0= 19.20  GN1=  7.40  IPAIR= 15 ***  E2PLUS(INPUT)=   0.210  E2PLUR(INPUT)=   0.000

 CORIOLIS ATTENUATION PARAMETERS:  CHSI=0.000  ETA=  1.00

 MOMENT OF INERTIA PARAMETERS:   A1=  0.070 MEV   A2=  0.018 MEV   A3=  0.07000 MEV


 DELTA=0.826 MEV  LAMBDA=39.7747 MEV   HW0= 6.4578 MEV   LAMBDA/HW0= 6.1591

 E2ENERGY=0.210 MEV  HBAR**2/B= 1434./A**(7/3)= 242.4/A**2 MEV

 IREC=1  =>  RECOIL TERMS j+j-, j+j+, jzjz, ETC TREATED AS TWO-BODY OPERATORS WITH APPROPRIATE PAIRING FACTORS



 S. P. LEVEL   EQP       U     V        (UU + VV)**1.00

     18       2.578    0.162 0.987      1.000 1.000 0.995 0.919
     19       2.234    0.188 0.982      1.000 1.000 0.998 0.929
     20       1.667    0.256 0.967      0.995 0.998 1.000 0.953
     21       0.911    0.537 0.843      0.919 0.929 0.953 1.000

  R CORE   ENERGY   A0R/A00=1.000    R3= 0     2  
   2( 1)    0.210                    0.866-0.500
   2( 2)    0.420                    0.500 0.866

  R CORE   ENERGY   A0R/A00=1.000    R3= 0     2  
   3( 1)    0.630                    0.000 1.000

  R CORE   ENERGY   A0R/A00=1.000    R3= 0     2     4  
   4( 1)    0.560                    0.740-0.661 0.125

  R CORE   ENERGY   A0R/A00=1.000    R3= 0     2     4  
   5( 1)    1.260                    0.000 0.866-0.500

  R CORE   ENERGY   A0R/A00=1.000    R3= 0     2     4     6  
   6( 1)    1.050                   -0.672 0.695-0.254 0.031
 

             ENERGY     K= 1/2
 
 I=  1/2+ (1)  1.175  21: 1.000
 
 I=  1/2+ (2)  1.924  20: 1.000

             ENERGY     K= 1/2  -3/2
 
 I=  3/2+ (1)  1.205  21:-0.026 1.000
 
 I=  3/2+ (2)  1.265  21: 1.000 0.026

             ENERGY     K= 5/2   1/2  -3/2
 
 I=  5/2+ (1)  1.293  21: 0.046-0.586 0.809
 
 I=  5/2+ (2)  1.639  21: 0.446-0.713-0.541

             ENERGY     K= 5/2   1/2  -3/2  -7/2
 
 I=  7/2+ (1)  1.578  21:-0.235 0.623-0.703 0.251
 
 I=  7/2+ (2)  1.737  21: 0.331-0.585-0.408 0.618

             ENERGY     K= 9/2   5/2   1/2  -3/2  -7/2
 
 I=  9/2+ (1)  1.655  21: 0.013-0.195 0.598-0.708 0.321
 
 I=  9/2+ (2)  2.230  21:-0.111 0.360-0.503-0.182 0.757

             ENERGY     K= 9/2   5/2   1/2  -3/2  -7/2 -11/2
 
 I= 11/2+ (1)  2.058  21:-0.079 0.324-0.618 0.631-0.324 0.056
 
 I= 11/2+ (2)  2.382  21:-0.108 0.470-0.440-0.336 0.649-0.200

             ENERGY     K=13/2   9/2   5/2   1/2  -3/2  -7/2 -11/2
 
 I= 13/2+ (1)  2.158  21:-0.003 0.060-0.275 0.581-0.651 0.386-0.102
 
 I= 13/2+ (2)  3.003  21:-0.042 0.261-0.542 0.408 0.229-0.576 0.292

             ENERGY     K=13/2   9/2   5/2   1/2  -3/2  -7/2 -11/2
  21 LEVELS    TIME=  0.0 SEC



 ******************* EXCITATION ENERGIES, DOMINANT CONFIGURATION AND EXPECTATION VALUES (WITH S.P. UU+VV FACTORS) *******************

  NR  Eex(keV)  I   Kdom  NY    <Jz>  <Jx**2> <Jy**2> <Jz**2> <I.j>/|I|  <Rx**2> <Ry**2> <Rz**2> <R.j>/|R|  <HROTx> <HROTy> <HROTz>

   1    0.0   1/2+   1/2  21   -0.50    0.93    0.72    1.41   -0.26       1.46    0.64    2.16   -1.59      0.102   0.011   0.151
   2   29.8   3/2+   3/2  21   -0.50    0.93    0.72    1.41    0.37       1.66    1.55    2.16   -1.01      0.116   0.027   0.151
   3   90.3   3/2+   1/2  21   -0.50    0.93    0.72    1.41   -0.14       2.14    3.07    2.16   -1.23      0.150   0.054   0.151
   4  117.8   5/2+   3/2  21   -0.50    0.93    0.72    1.41    0.43       2.01    5.12    2.17   -0.59      0.140   0.090   0.152
   5  402.9   7/2+   3/2  21   -0.50    0.93    0.72    1.41   -0.23       2.74   14.75    3.10   -0.87      0.192   0.258   0.217
  
   6  464.4   5/2+   1/2  21   -0.50    0.93    0.72    1.41   -0.27       5.65    4.03    3.75   -1.06      0.395   0.071   0.263
   7  480.5   9/2+   3/2  21   -0.50    0.93    0.72    1.41    0.39       2.91   17.75    3.29   -0.23      0.204   0.311   0.230
   8  561.8   7/2+   7/2  21   -0.50    0.93    0.72    1.41    0.37       4.35    5.46    6.09   -0.40      0.305   0.096   0.426
   9  677.7   5/2+   5/2  21   -0.50    0.93    0.72    1.41   -0.38       4.71    0.77    8.55   -1.11      0.330   0.014   0.599
  10  717.2   3/2+   1/2  20    0.39    1.35    1.83    0.92    0.63       1.66    2.90    0.83   -1.24      0.116   0.051   0.058
  
  11  748.6   1/2+   1/2  20    0.39    1.35    1.83    0.92   -0.35       2.28    2.38    0.79   -1.88      0.160   0.042   0.055
  12  769.5   7/2+   7/2  21   -0.50    0.93    0.72    1.41    0.42       8.24    0.92    6.30   -0.35      0.577   0.016   0.441
  13  883.0  11/2+   3/2  21   -0.50    0.93    0.72    1.41   -0.27       3.76   34.27    4.06   -0.72      0.263   0.600   0.284
  14  982.7  13/2+   3/2  21   -0.50    0.93    0.72    1.41    0.37       3.92   38.41    4.29   -0.07      0.274   0.672   0.300
  15 1055.2   9/2+   7/2  21   -0.50    0.93    0.72    1.41   -0.03       7.68   12.38    8.07   -0.61      0.538   0.217   0.565
  
  16 1165.6   9/2+   5/2  21   -0.50    0.93    0.72    1.41    0.14       9.80    8.04    8.62   -0.46      0.686   0.141   0.603
  17 1207.2  11/2+   7/2  21   -0.50    0.93    0.72    1.41    0.36       8.00   17.95    8.53   -0.15      0.560   0.314   0.597
  18 1452.4  11/2+   1/2  20    0.39    1.35    1.83    0.92    0.41       3.43   28.32    3.21   -0.28      0.240   0.496   0.224
  19 1514.4   1/2+   1/2  19    1.73    1.41    1.44    5.97    0.96       1.55    1.85    4.49   -2.84      0.109   0.032   0.315
  20 1827.6  13/2+   7/2  21   -0.50    0.93    0.72    1.41   -0.23      10.58   33.54   10.93   -0.63      0.740   0.587   0.765
  
  21 1931.3  13/2+   3/2  20    0.39    1.35    1.83    0.92   -0.22       4.40   47.23    4.35   -0.76      0.308   0.827   0.305
