1SPECTRUM OF (Z= 81 A=207) IN PARTICLE-ROTOR  MODEL WITH MODIFIED OSCILLATOR POTENTIAL


 PARITY=+   EPS= 0.395   GAMMA= 12.0   EPS4=0.000   EPS6=0.000   LEVELS:  17  18  19  20  21  22  23

 PAIRING FACTORS: GN0= 19.20  GN1=  7.40  IPAIR= 15 ***  E2PLUS(INPUT)=   0.210  E2PLUR(INPUT)=   0.000

 CORIOLIS ATTENUATION PARAMETERS:  CHSI=0.000  ETA=  1.00

 MOMENT OF INERTIA PARAMETERS:   A1=  0.044 MEV   A2=  0.027 MEV   A3=  0.55637 MEV


 DELTA=0.980 MEV  LAMBDA=39.7860 MEV   HW0= 6.5527 MEV   LAMBDA/HW0= 6.0717

 E2ENERGY=0.210 MEV  HBAR**2/B= 7609./A**(7/3)=1286.3/A**2 MEV

 IREC=1  =>  RECOIL TERMS j+j-, j+j+, jzjz, ETC TREATED AS TWO-BODY OPERATORS WITH APPROPRIATE PAIRING FACTORS



 S. P. LEVEL   EQP       U     V        (UU + VV)**1.00

     17       2.680    0.186 0.983      1.000 0.992 0.978 0.913 0.846 0.746 0.610
     18       1.680    0.306 0.952      0.992 1.000 0.996 0.957 0.906 0.823 0.704
     19       1.367    0.389 0.921      0.978 0.996 1.000 0.979 0.940 0.869 0.764
     20       1.046    0.570 0.822      0.913 0.957 0.979 1.000 0.990 0.952 0.880
     21       0.982    0.681 0.733      0.846 0.906 0.940 0.990 1.000 0.986 0.938
     22       1.014    0.793 0.609      0.746 0.823 0.869 0.952 0.986 1.000 0.983
     23       1.214    0.892 0.452      0.610 0.704 0.764 0.880 0.938 0.983 1.000

  R CORE   ENERGY   A0R/A00=1.000    R3= 0     2  
   2( 1)    0.210                    1.000-0.014
   2( 2)    2.296                    0.014 1.000

  R CORE   ENERGY   A0R/A00=1.000    R3= 0     2  
   3( 1)    2.506                    0.000 1.000

  R CORE   ENERGY   A0R/A00=1.000    R3= 0     2     4  
   4( 1)    0.695                    0.999-0.054 0.000

  R CORE   ENERGY   A0R/A00=1.000    R3= 0     2     4  
   5( 1)    3.136                    0.000 1.000-0.014

  R CORE   ENERGY   A0R/A00=1.000    R3= 0     2     4     6  
   6( 1)    1.444                    0.993-0.116 0.002-0.000
 

             ENERGY     K= 1/2
 
 I=  1/2+ (1)  1.917  19: 1.000
 
 I=  1/2+ (2)  3.270  22: 1.000

             ENERGY     K= 1/2  -3/2
 
 I=  3/2+ (1)  1.931  19: 1.000 0.011
 
 I=  3/2+ (2)  2.397  20: 0.175 0.985

             ENERGY     K= 5/2   1/2  -3/2
 
 I=  5/2+ (1)  2.253  19: 0.011-0.999 0.052
 
 I=  5/2+ (2)  2.275  23: 1.000-0.012 0.007

             ENERGY     K= 5/2   1/2  -3/2  -7/2
 
 I=  7/2+ (1)  2.003  21:-0.001-0.000 0.024-1.000
 
 I=  7/2+ (2)  2.289  19: 0.023-1.000-0.005 0.000

             ENERGY     K= 9/2   5/2   1/2  -3/2  -7/2
 
 I=  9/2+ (1)  2.316  21:-0.000-0.002 0.001-0.047 0.999
 
 I=  9/2+ (2)  2.796  18: 0.000-0.066-0.947-0.313-0.004

             ENERGY     K= 9/2   5/2   1/2  -3/2  -7/2 -11/2
 
 I= 11/2+ (1)  2.695  21: 0.000 0.002 0.001-0.076 0.997-0.025
 
 I= 11/2+ (2)  2.922  19:-0.001 0.059-0.998 0.019 0.000-0.000

             ENERGY     K=13/2   9/2   5/2   1/2  -3/2  -7/2 -11/2
 
 I= 13/2+ (1)  2.967  18:-0.000-0.000 0.088 0.931 0.355 0.006-0.000
 
 I= 13/2+ (2)  3.136  21: 0.000-0.000-0.002 0.004-0.108 0.993-0.046

             ENERGY     K=13/2   9/2   5/2   1/2  -3/2  -7/2 -11/2
  21 LEVELS    TIME=  0.0 SEC



 ******************* EXCITATION ENERGIES, DOMINANT CONFIGURATION AND EXPECTATION VALUES (WITH S.P. UU+VV FACTORS) *******************

  NR  Eex(keV)  I   Kdom  NY    <Jz>  <Jx**2> <Jy**2> <Jz**2> <I.j>/|I|  <Rx**2> <Ry**2> <Rz**2> <R.j>/|R|  <HROTx> <HROTy> <HROTz>

   1    0.0   1/2+   1/2  19    0.38    0.31    2.06    0.91   -0.23       1.15    2.50    0.78   -1.65      0.050   0.066   0.433
   2   13.7   3/2+   1/2  19    0.38    0.31    2.06    0.91    0.50       0.89    3.42    0.78   -1.02      0.039   0.091   0.434
   3   86.5   7/2+   7/2  21   -3.08    0.85    0.62   10.81    2.71       2.49    2.48    1.52   -0.59      0.109   0.066   0.847
   4  336.3   5/2+   1/2  19    0.38    0.31    2.06    0.91   -0.31       5.89    7.18    0.79   -1.13      0.256   0.191   0.439
   5  358.4   5/2+   5/2  23    2.41   12.11   14.64    5.92    2.04      13.31   15.92    0.10   -4.92      0.579   0.423   0.058
  
   6  372.5   7/2+   1/2  19    0.38    0.31    2.06    0.91    0.44       5.59    9.18    0.78   -0.39      0.243   0.244   0.435
   7  385.4   5/2+   5/2  22    1.97    0.23    0.21    5.72    1.66       1.41    1.53    2.13   -0.55      0.061   0.041   1.186
   8  399.3   9/2+   7/2  21   -3.08    0.85    0.62   10.81    2.16       6.67    7.32    1.53   -0.39      0.291   0.195   0.849
   9  480.0   3/2+   3/2  20   -1.17   12.20   16.96    1.91    1.57      11.63   16.36    0.74   -5.23      0.507   0.435   0.409
  10  602.2   7/2+   5/2  23    2.41   12.11   14.64    5.92    1.53      16.67   19.53    0.11   -4.42      0.726   0.519   0.060
  
  11  777.7  11/2+   7/2  21   -3.08    0.85    0.62   10.81    1.80      11.33   13.68    1.54   -0.30      0.493   0.364   0.855
  12  879.1   9/2+   1/2  18    0.23   30.30    7.53    0.54    4.24       5.95   14.11    0.87   -3.78      0.259   0.375   0.482
  13  891.0   9/2+   3/2  20   -1.17   12.20   16.96    1.91    1.80      12.01   24.81    1.04   -3.59      0.523   0.660   0.579
  14 1005.5  11/2+   1/2  19    0.38    0.31    2.06    0.91    0.41      13.37   19.95    0.80   -0.14      0.582   0.530   0.443
  15 1050.1  13/2+   1/2  18    0.23   30.30    7.53    0.54    4.37       4.78   20.37    0.97   -1.54      0.208   0.542   0.537
  
  16 1219.5  13/2+   7/2  21   -3.08    0.85    0.62   10.81    1.53      16.20   21.84    1.56   -0.25      0.705   0.581   0.868
  17 1239.2  11/2+   3/2  20   -1.17   12.20   16.96    1.91    2.03      20.75   20.55    1.19   -2.90      0.904   0.547   0.660
  18 1301.6   3/2+   3/2  21   -3.08    0.85    0.62   10.81    2.38       1.60    1.37    3.83   -2.94      0.070   0.037   2.130
  19 1353.2   1/2+   1/2  22    1.97    0.23    0.21    5.72    1.19       0.34    0.49    4.00   -2.33      0.015   0.013   2.228
  20 1357.5   1/2+   1/2  18    0.23   30.30    7.53    0.54    3.64      25.17    7.09    0.56   -6.15      1.096   0.189   0.310
  
  21 1418.3  13/2+   3/2  20   -1.17   12.20   16.96    1.91    1.93      14.37   37.26    1.21   -2.42      0.626   0.991   0.673
