1SPECTRUM OF (Z= 81 A=207) IN PARTICLE-ROTOR  MODEL WITH MODIFIED OSCILLATOR POTENTIAL


 PARITY=+   EPS= 0.334   GAMMA= 60.0   EPS4=0.000   EPS6=0.000   LEVELS:  19  20  21  22  23

 PAIRING FACTORS: GN0= 19.20  GN1=  7.40  IPAIR= 15 ***  E2PLUS(INPUT)=   0.210  E2PLUR(INPUT)=   0.000

 CORIOLIS ATTENUATION PARAMETERS:  CHSI=1.000  ETA=  1.00

 MOMENT OF INERTIA PARAMETERS:   A1= 35.070 MEV   A2=  0.035 MEV   A3=  0.03507 MEV


 DELTA=0.788 MEV  LAMBDA=39.7068 MEV   HW0= 6.5042 MEV   LAMBDA/HW0= 6.1048

 E2ENERGY=0.210 MEV  HBAR**2/B= 5950./A**(7/3)=1005.8/A**2 MEV

 IREC=0  =>  RECOIL TERMS j+j-, j+j+, jzjz, ETC TREATED AS ONE-BODY OPERATORS WITH UU+VV PAIRING FACTORS



 S. P. LEVEL   EQP       U     V        (UU + VV)**1.00

     19       2.149    0.187 0.982      1.000 0.987 0.667 0.565 0.511
     20       1.231    0.340 0.940      0.987 1.000 0.777 0.689 0.641
     21       0.890    0.856 0.517      0.667 0.777 1.000 0.991 0.981
     22       1.073    0.916 0.401      0.565 0.689 0.991 1.000 0.998
     23       1.226    0.940 0.342      0.511 0.641 0.981 0.998 1.000

  R CORE   ENERGY   A0R/A00=1.000    R3= 0     2  
   2( 1)    0.210                   -0.500 0.866
   2( 2)  140.352                    0.866 0.500

  R CORE   ENERGY   A0R/A00=1.000    R3= 0     2  
   3( 1)  140.562                    0.000 1.000

  R CORE   ENERGY   A0R/A00=1.000    R3= 0     2     4  
   4( 1)    0.701                    0.375-0.559 0.740

  R CORE   ENERGY   A0R/A00=1.000    R3= 0     2     4  
   5( 1)  141.194                    0.000-0.500 0.866

  R CORE   ENERGY   A0R/A00=1.000    R3= 0     2     4     6  
   6( 1)    1.473                   -0.312 0.453-0.496 0.672
 

             ENERGY     K= 1/2
 
 I=  1/2+ (1)  1.386  22: 0.999
 
 I=  1/2+ (2)  2.580  19: 0.999

             ENERGY     K= 1/2  -3/2
 
 I=  3/2+ (1)  1.201  19: 0.032-0.056
                      21: 0.861 0.497
                      22:-0.045 0.078
 
 I=  3/2+ (2)  1.493  21:-0.082-0.047
                      22:-0.497 0.861

             ENERGY     K= 5/2   1/2  -3/2
 
 I=  5/2+ (1)  1.368  19: 0.069-0.044 0.031
                      21: 0.555 0.351-0.744
                      22:-0.066 0.042-0.030
 
 I=  5/2+ (2)  1.657  19: 0.084-0.053 0.037
                      21: 0.042 0.026-0.056
                      22: 0.784-0.496 0.351

             ENERGY     K= 5/2   1/2  -3/2  -7/2
 
 I=  7/2+ (1)  1.588  19: 0.043-0.057 0.074-0.113
                      21: 0.627-0.467 0.121 0.553
                      22:-0.060 0.080-0.103 0.158
 
 I=  7/2+ (2)  1.914  19:-0.025 0.034-0.044 0.067
                      21: 0.149-0.111 0.029 0.131
                      22: 0.271-0.363 0.469-0.717

             ENERGY     K= 9/2   5/2   1/2  -3/2  -7/2
 
 I=  9/2+ (1)  1.903  19:-0.101 0.067-0.054 0.044-0.034
                      21:-0.564 0.000 0.301-0.492 0.564
                      22: 0.071-0.047 0.038-0.031 0.024
 
 I=  9/2+ (2)  2.198  19: 0.118-0.079 0.063-0.051 0.039
                      22: 0.690-0.460 0.369-0.301 0.230

             ENERGY     K= 9/2   5/2   1/2  -3/2  -7/2 -11/2
 
 I= 11/2+ (1)  2.049  23: 0.104 0.401 0.672 0.568 0.232 0.031
 
 I= 11/2+ (2)  2.229  19: 0.047-0.061 0.073-0.086 0.106-0.157
                      21: 0.472-0.447 0.340-0.173-0.070 0.522
                      22:-0.064 0.082-0.098 0.116-0.142 0.211

             ENERGY     K=13/2   9/2   5/2   1/2  -3/2  -7/2 -11/2
 
 I= 13/2+ (1)  1.597  20: 0.015 0.132 0.398 0.617 0.535 0.252 0.054
                      23: 0.017 0.104 0.174 0.054-0.140-0.154-0.052
 
 I= 13/2+ (2)  2.595  20:-0.005-0.041-0.126-0.195-0.169-0.079-0.017
                      23: 0.054 0.329 0.553 0.171-0.445-0.489-0.164

             ENERGY     K=13/2   9/2   5/2   1/2  -3/2  -7/2 -11/2
  21 LEVELS    TIME=  0.0 SEC



 ******************* EXCITATION ENERGIES, DOMINANT CONFIGURATION AND EXPECTATION VALUES (WITH S.P. UU+VV FACTORS) *******************

  NR  Eex(keV)  I   Kdom  NY    <Jz>  <Jx**2> <Jy**2> <Jz**2> <I.j>/|I|  <Rx**2> <Ry**2> <Rz**2> <R.j>/|R|  <HROTx> <HROTy> <HROTz>

   1    0.0   3/2+   1/2  21   -0.01    2.23    3.80    3.80    1.27      -0.00    4.33    4.33   -2.50     -0.000   0.152   0.152
   2  167.4   5/2+   3/2  21   -0.01    2.22    3.81    3.81    0.89       0.00    6.66    6.66   -1.97      0.000   0.234   0.234
   3  185.2   1/2+   1/2  22    0.05    0.25    4.25    4.25    0.34      -0.00    4.45    4.45   -2.83     -0.000   0.156   0.156
   4  291.5   3/2+   3/2  22   -0.05    0.27    4.26    4.26    0.16      -0.00    5.96    5.96   -2.46     -0.000   0.209   0.209
   5  386.8   7/2+   5/2  21   -0.04    2.11    3.86    3.86    0.85       0.00    9.41    9.41   -1.49      0.000   0.330   0.330
  
   6  395.6  13/2+   1/2  20   -0.00   41.17    3.77    3.77    6.23       0.00    5.22    5.22   -1.61      0.001   0.183   0.183
   7  455.9   5/2+   5/2  22    0.12    0.26    4.25    4.25    0.20      -0.00    8.18    8.18   -2.02     -0.000   0.287   0.287
   8  701.8   9/2+   9/2  21   -0.02    2.19    3.84    3.84    0.66      -0.00   14.04   14.04   -1.24     -0.000   0.492   0.492
   9  712.9   7/2+   7/2  22   -0.09    0.35    4.25    4.25    0.07      -0.00   12.01   12.01   -1.75     -0.000   0.421   0.421
  10  847.9  11/2+   1/2  23   -0.00   30.25    8.98    8.98    5.06      -0.00   11.73   11.73   -3.71     -0.000   0.411   0.411
  
  11  997.3   9/2+   9/2  22    0.19    0.26    4.27    4.27    0.23      -0.00   15.63   15.63   -1.37     -0.000   0.548   0.548
  12 1028.2  11/2+  11/2  21   -0.09    1.94    3.95    3.95    0.83       0.00   17.86   17.86   -0.82      0.000   0.626   0.626
  13 1379.3   1/2+   1/2  19   -0.21    0.25    5.70    5.70    0.04      -0.00    6.17    6.17   -3.31     -0.000   0.216   0.216
  14 1394.0  13/2+   5/2  23   -0.00   31.33    8.46    8.46    4.15       0.00   19.51   19.51   -3.08      0.000   0.684   0.684
  15 1421.3  11/2+  11/2  22   -0.10    0.49    4.22    4.22    0.02      -0.00   22.25   22.25   -1.32     -0.000   0.780   0.780
  
  16 1456.3   3/2+   3/2  19   -0.10    0.26    5.68    5.68    0.16      -0.00    7.37    7.37   -2.94     -0.000   0.258   0.258
  17 1507.2  13/2+  13/2  21   -0.03    2.16    3.87    3.87    0.59       0.00   25.21   25.21   -0.81      0.000   0.884   0.884
  18 1708.6   5/2+   5/2  19   -0.28    0.27    5.68    5.68   -0.33       0.00   11.15   11.15   -2.67      0.000   0.391   0.391
  19 1887.2   7/2+   7/2  19   -0.04    0.28    5.64    5.64   -0.07       0.00   13.91   13.91   -2.24      0.000   0.488   0.488
  20 2339.9   9/2+   9/2  19   -0.33    0.30    5.64    5.64   -0.50      -0.00   20.66   20.66   -2.19     -0.000   0.724   0.724
  
  21*******   1/2+   1/2  21    0.00    2.25    3.79    3.79   -0.87       4.00    4.04    4.04   -3.04    140.282   0.142   0.142
