1SPECTRUM OF (Z= 81 A=207) IN PARTICLE-ROTOR  MODEL WITH MODIFIED OSCILLATOR POTENTIAL


 PARITY=+   EPS= 0.584   GAMMA= 60.0   EPS4=0.000   EPS6=0.000   LEVELS:  18  19  20  21  22

 PAIRING FACTORS: GN0= 19.20  GN1=  7.40  IPAIR= 15 ***  E2PLUS(INPUT)=   0.210  E2PLUR(INPUT)=   0.000

 CORIOLIS ATTENUATION PARAMETERS:  CHSI=1.000  ETA=  1.00

 MOMENT OF INERTIA PARAMETERS:   A1= 35.070 MEV   A2=  0.035 MEV   A3=  0.03507 MEV


 DELTA=0.982 MEV  LAMBDA=39.6118 MEV   HW0= 6.6559 MEV   LAMBDA/HW0= 5.9514

 E2ENERGY=0.210 MEV  HBAR**2/B=18191./A**(7/3)=3075.1/A**2 MEV

 IREC=0  =>  RECOIL TERMS j+j-, j+j+, jzjz, ETC TREATED AS ONE-BODY OPERATORS WITH UU+VV PAIRING FACTORS



 S. P. LEVEL   EQP       U     V        (UU + VV)**1.00

     18       1.704    0.302 0.953      1.000 0.969 0.927 0.919 0.574
     19       1.096    0.527 0.850      0.969 1.000 0.991 0.988 0.757
     20       1.000    0.637 0.771      0.927 0.991 1.000 1.000 0.838
     21       0.993    0.653 0.757      0.919 0.988 1.000 1.000 0.850
     22       1.722    0.954 0.299      0.574 0.757 0.838 0.850 1.000

  R CORE   ENERGY   A0R/A00=1.000    R3= 0     2  
   2( 1)    0.210                   -0.500 0.866
   2( 2)  140.352                    0.866 0.500

  R CORE   ENERGY   A0R/A00=1.000    R3= 0     2  
   3( 1)  140.562                    0.000 1.000

  R CORE   ENERGY   A0R/A00=1.000    R3= 0     2     4  
   4( 1)    0.701                    0.375-0.559 0.740

  R CORE   ENERGY   A0R/A00=1.000    R3= 0     2     4  
   5( 1)  141.194                    0.000-0.500 0.866

  R CORE   ENERGY   A0R/A00=1.000    R3= 0     2     4     6  
   6( 1)    1.473                   -0.312 0.453-0.496 0.672
 

             ENERGY     K= 1/2
 
 I=  1/2+ (1)  1.465  20: 1.000
 
 I=  1/2+ (2)141.835  19:-1.000

             ENERGY     K= 1/2  -3/2
 
 I=  3/2+ (1)  1.570  19:-0.266-0.154
                      20:-0.476 0.824
 
 I=  3/2+ (2)  1.590  19:-0.824-0.476
                      20: 0.154-0.267

             ENERGY     K= 5/2   1/2  -3/2
 
 I=  5/2+ (1)  1.741  19: 0.215 0.136-0.288
                      20: 0.730-0.462 0.326
 
 I=  5/2+ (2)  1.767  19:-0.516-0.326 0.693
                      20: 0.303-0.192 0.136

             ENERGY     K= 5/2   1/2  -3/2  -7/2
 
 I=  7/2+ (1)  1.986  19:-0.325 0.242-0.063-0.287
                      20:-0.242 0.325-0.419 0.640
 
 I=  7/2+ (2)  2.016  19: 0.562-0.419 0.108 0.496
                      20:-0.140 0.188-0.242 0.370

             ENERGY     K= 9/2   5/2   1/2  -3/2  -7/2
 
 I=  9/2+ (1)  2.296  19:-0.282-0.000 0.151-0.246 0.282
                      20:-0.611 0.407-0.327 0.267-0.204
 
 I=  9/2+ (2)  2.334  19:-0.499 0.000 0.267-0.435 0.499
                      20: 0.345-0.230 0.185-0.151 0.115

             ENERGY     K= 9/2   5/2   1/2  -3/2  -7/2 -11/2
 
 I= 11/2+ (1)  1.642  21:-0.100-0.389-0.651-0.550-0.225-0.030
                      22:-0.070-0.150-0.050 0.127 0.121 0.026
 
 I= 11/2+ (2)  2.682  19:-0.296 0.280-0.213 0.108 0.044-0.327
                      20:-0.166 0.214-0.255 0.302-0.370 0.549

             ENERGY     K=13/2   9/2   5/2   1/2  -3/2  -7/2 -11/2
 
 I= 13/2+ (1)  2.014  21:-0.053-0.325-0.546-0.169 0.440 0.484 0.162
                      22:-0.046-0.177-0.095 0.147 0.042-0.180-0.115
 
 I= 13/2+ (2)  3.131  19: 0.305-0.069-0.057 0.147-0.212 0.252-0.254
                      20: 0.543-0.369 0.305-0.262 0.227-0.193 0.151

             ENERGY     K=13/2   9/2   5/2   1/2  -3/2  -7/2 -11/2
  21 LEVELS    TIME=  0.0 SEC



 ******************* EXCITATION ENERGIES, DOMINANT CONFIGURATION AND EXPECTATION VALUES (WITH S.P. UU+VV FACTORS) *******************

  NR  Eex(keV)  I   Kdom  NY    <Jz>  <Jx**2> <Jy**2> <Jz**2> <I.j>/|I|  <Rx**2> <Ry**2> <Rz**2> <R.j>/|R|  <HROTx> <HROTy> <HROTz>

   1    0.0   1/2+   1/2  20    0.01    0.25    6.38    6.38    0.30       0.00    6.63    6.63   -3.50      0.000   0.232   0.232
   2  105.0   3/2+   3/2  20    0.01    0.44    6.37    6.37    0.24       0.00    7.99    7.99   -3.18      0.000   0.280   0.280
   3  124.7   3/2+   1/2  19    0.00    2.06    6.27    6.27    1.04      -0.00    7.17    7.17   -3.33     -0.000   0.251   0.251
   4  177.3  11/2+   1/2  21    0.00   29.63    7.71    7.71    5.32       0.00    8.61    8.61   -3.20      0.000   0.302   0.302
   5  275.5   5/2+   5/2  20    0.01    0.54    6.37    6.37    0.22       0.00   10.35   10.35   -2.77      0.000   0.363   0.363
  
   6  302.1   5/2+   3/2  19    0.00    1.96    6.28    6.28    0.63      -0.00    9.77    9.77   -2.86     -0.000   0.343   0.343
   7  521.2   7/2+   7/2  20    0.01    0.75    6.35    6.35    0.22       0.00   13.71   13.71   -2.40      0.000   0.481   0.481
   8  549.1  13/2+   5/2  21    0.00   29.13    7.76    7.76    4.77       0.00   13.40   13.40   -2.19      0.000   0.470   0.470
   9  551.1   7/2+   5/2  19    0.00    1.75    6.29    6.29    0.40      -0.00   13.46   13.46   -2.46     -0.000   0.472   0.472
  10  687.7   5/2+   1/2  18    0.00    6.25    5.15    5.15    2.11       0.00    6.40    6.40   -2.88      0.000   0.225   0.225
  
  11  830.4   9/2+   9/2  20    0.01    0.73    6.35    6.35    0.19       0.00   18.13   18.13   -2.07      0.000   0.636   0.636
  12  868.6   9/2+   9/2  19    0.00    1.77    6.29    6.29    0.32      -0.00   17.97   17.97   -2.13     -0.000   0.630   0.630
  13  933.3   7/2+   3/2  18    0.00    6.25    5.15    5.15    1.57       0.00    9.90    9.90   -2.32      0.000   0.347   0.347
  14 1018.5   9/2+   1/2  22    0.00   20.25    8.61    8.61    4.07       0.00   10.86   10.86   -3.69      0.000   0.381   0.381
  15 1217.2  11/2+  11/2  20    0.00    0.91    6.34    6.34    0.19       0.00   23.52   23.52   -1.81      0.000   0.825   0.825
  
  16 1259.1  11/2+  11/2  19    0.00    1.59    6.30    6.30    0.22      -0.00   23.66   23.66   -1.87     -0.000   0.830   0.830
  17 1665.4  13/2+  13/2  20    0.01    0.84    6.35    6.35    0.17      -0.00   29.96   29.96   -1.60     -0.000   1.051   1.051
  18 1716.0  13/2+  13/2  19    0.00    1.66    6.30    6.30    0.20       0.00   30.12   30.12   -1.66      0.000   1.056   1.056
  19*******   3/2+   1/2  20    0.01    0.25    6.38    6.38   -0.38       4.00    7.13    7.13   -3.22    140.281   0.250   0.250
  20*******   1/2+   1/2  19    0.00    2.25    6.26    6.26   -0.87       4.00    6.51    6.51   -3.76    140.282   0.228   0.228
  
  21*******   1/2+   1/2  18   -0.00    6.25    5.15    5.15    1.44       4.00    5.40    5.40   -3.98    140.282   0.189   0.189
