1SPECTRUM OF (Z= 81 A=207) IN PARTICLE-ROTOR  MODEL WITH MODIFIED OSCILLATOR POTENTIAL


 PARITY=+   EPS= 0.125   GAMMA= 44.0   EPS4=0.000   EPS6=0.000   LEVELS:  19  20  21  22  23  24  25

 PAIRING FACTORS: GN0= 19.20  GN1=  7.40  IPAIR= 15 ***  E2PLUS(INPUT)=   0.210  E2PLUR(INPUT)=   0.000

 CORIOLIS ATTENUATION PARAMETERS:  CHSI=0.000  ETA=  1.00

 MOMENT OF INERTIA PARAMETERS:   A1=  0.296 MEV   A2=  0.024 MEV   A3=  0.04661 MEV


 DELTA=0.523 MEV  LAMBDA=39.8636 MEV   HW0= 6.4397 MEV   LAMBDA/HW0= 6.1903

 E2ENERGY=0.210 MEV  HBAR**2/B=  713./A**(7/3)= 120.5/A**2 MEV

 IREC=1  =>  RECOIL TERMS j+j-, j+j+, jzjz, ETC TREATED AS TWO-BODY OPERATORS WITH APPROPRIATE PAIRING FACTORS



 S. P. LEVEL   EQP       U     V        (UU + VV)**1.00

     19       2.887    0.091 0.996      1.000 0.998 0.993 0.634 0.294 0.225 0.196
     20       1.687    0.157 0.988      0.998 1.000 0.999 0.684 0.357 0.289 0.261
     21       1.275    0.210 0.978      0.993 0.999 1.000 0.723 0.407 0.340 0.312
     22       0.563    0.828 0.561      0.634 0.684 0.723 1.000 0.925 0.896 0.882
     23       1.297    0.979 0.206      0.294 0.357 0.407 0.925 1.000 0.997 0.995
     24       1.949    0.991 0.135      0.225 0.289 0.340 0.896 0.997 1.000 1.000
     25       2.476    0.994 0.106      0.196 0.261 0.312 0.882 0.995 1.000 1.000

  R CORE   ENERGY   A0R/A00=1.000    R3= 0     2  
   2( 1)    0.210                   -0.532 0.847
   2( 2)    1.256                    0.847 0.532

  R CORE   ENERGY   A0R/A00=1.000    R3= 0     2  
   3( 1)    1.466                    0.000 1.000

  R CORE   ENERGY   A0R/A00=1.000    R3= 0     2     4  
   4( 1)    0.683                    0.452-0.623 0.639

  R CORE   ENERGY   A0R/A00=1.000    R3= 0     2     4  
   5( 1)    2.096                    0.000-0.532 0.847

  R CORE   ENERGY   A0R/A00=1.000    R3= 0     2     4     6  
   6( 1)    1.385                   -0.433 0.585-0.514 0.454
 

             ENERGY     K= 1/2
 
 I=  1/2+ (1)  0.607  22: 1.000
 
 I=  1/2+ (2)  1.754  21: 1.000

             ENERGY     K= 1/2  -3/2
 
 I=  3/2+ (1)  0.649  22:-0.505 0.863
 
 I=  3/2+ (2)  1.805  22: 0.863 0.505

             ENERGY     K= 5/2   1/2  -3/2
 
 I=  5/2+ (1)  0.926  22: 0.744-0.550 0.381
 
 I=  5/2+ (2)  1.827  22: 0.082 0.640 0.764

             ENERGY     K= 5/2   1/2  -3/2  -7/2
 
 I=  7/2+ (1)  1.021  22:-0.266 0.420-0.537 0.681
 
 I=  7/2+ (2)  2.065  22:-0.351-0.409 0.601 0.590

             ENERGY     K= 9/2   5/2   1/2  -3/2  -7/2
 
 I=  9/2+ (1)  1.495  22:-0.556 0.516-0.474 0.378-0.240
 
 I=  9/2+ (2)  2.355  22: 0.075 0.420-0.261-0.267 0.824

             ENERGY     K= 9/2   5/2   1/2  -3/2  -7/2 -11/2
 
 I= 11/2+ (1)  1.637  22: 0.161-0.291 0.403-0.473 0.493-0.510
 
 I= 11/2+ (2)  2.773  22:-0.332-0.009 0.338-0.443 0.168 0.742

             ENERGY     K=13/2   9/2   5/2   1/2  -3/2  -7/2 -11/2
 
 I= 13/2+ (1)  1.748  23: 0.009 0.111 0.402 0.670 0.566 0.236 0.039
 
 I= 13/2+ (2)  2.277  22: 0.382-0.431 0.468-0.452 0.383-0.276 0.154

             ENERGY     K=13/2   9/2   5/2   1/2  -3/2  -7/2 -11/2
  21 LEVELS    TIME=  0.0 SEC



 ******************* EXCITATION ENERGIES, DOMINANT CONFIGURATION AND EXPECTATION VALUES (WITH S.P. UU+VV FACTORS) *******************

  NR  Eex(keV)  I   Kdom  NY    <Jz>  <Jx**2> <Jy**2> <Jz**2> <I.j>/|I|  <Rx**2> <Ry**2> <Rz**2> <R.j>/|R|  <HROTx> <HROTy> <HROTz>

   1    0.0   1/2+   1/2  22   -0.31    0.25   -0.02    0.14   -0.06      -0.00    0.52    0.69   -0.38     -0.000   0.012   0.032
   2   42.1   3/2+   3/2  22   -0.31    0.25   -0.02    0.14    0.44      -0.00    1.16    1.27    0.31     -0.000   0.028   0.059
   3  318.6   5/2+   5/2  22   -0.31    0.25   -0.02    0.14   -0.22       0.02    5.57    4.80   -0.31      0.006   0.133   0.224
   4  413.9   7/2+   7/2  22   -0.31    0.25   -0.02    0.14    0.36       0.03    7.36    5.85    0.29      0.010   0.176   0.273
   5  887.5   9/2+   9/2  22   -0.31    0.25   -0.02    0.14   -0.25       0.15   17.20   10.21   -0.30      0.045   0.411   0.476
  
   6 1029.4  11/2+  11/2  22   -0.31    0.25   -0.02    0.14    0.34       0.19   20.67   11.21    0.29      0.058   0.494   0.522
   7 1140.8  13/2+   1/2  23    0.00   42.03    4.02    2.56    6.03       0.05    7.76    5.38   -1.80      0.015   0.185   0.251
   8 1146.5   1/2+   1/2  21   -0.54    0.89    0.73    1.17   -0.17       1.26    0.61    1.96   -1.50      0.373   0.015   0.091
   9 1197.3   3/2+   1/2  22   -0.31    0.25   -0.02    0.14   -0.39       4.00    0.73    0.89   -0.47      1.183   0.017   0.041
  10 1199.6   3/2+   3/2  21   -0.54    0.89    0.73    1.17    0.13       1.27    2.92    1.83   -1.03      0.377   0.070   0.085
  
  11 1219.8   5/2+   3/2  22   -0.31    0.25   -0.02    0.14    0.49       4.00    1.03    1.19    0.43      1.184   0.025   0.056
  12 1393.7   5/2+   5/2  22   -0.31    0.25   -0.02    0.14   -0.32       3.98    2.96    4.08   -0.40      1.177   0.071   0.190
  13 1457.7   7/2+   3/2  22   -0.31    0.25   -0.02    0.14    0.42       3.97    3.60    5.18    0.37      1.175   0.086   0.241
  14 1586.7   7/2+   7/2  21   -0.54    0.89    0.73    1.17    0.15       1.28    9.23    6.84   -0.53      0.380   0.220   0.319
  15 1669.4  13/2+   5/2  22   -0.31    0.25   -0.02    0.14   -0.26       0.45   37.70   14.56   -0.30      0.135   0.901   0.678
  
  16 1748.0   9/2+   7/2  22   -0.31    0.25   -0.02    0.14    0.39       4.00    8.62    8.62    0.34      1.184   0.206   0.402
  17 1864.2   9/2+   3/2  21   -0.54    0.89    0.73    1.17    0.33       1.69   15.64    6.90   -0.23      0.501   0.374   0.322
  18 1973.2   1/2+   1/2  20    0.41    1.64    1.45    0.65   -0.52       2.77    2.13    0.49   -1.81      0.819   0.051   0.023
  19 2166.1  11/2+  11/2  22   -0.31    0.25   -0.02    0.14    0.37       3.83    9.79   18.08    0.33      1.134   0.234   0.843
  20 2180.4  11/2+   1/2  24   -0.00   29.72   11.70    7.13    5.00       0.13   14.83    9.54   -3.77      0.040   0.354   0.445
  
  21 2524.5  13/2+   3/2  21   -0.54    0.89    0.73    1.17    0.37       1.88   33.97   10.49   -0.03      0.557   0.812   0.489
