1SPECTRUM OF (Z= 81 A=207) IN PARTICLE-ROTOR  MODEL WITH MODIFIED OSCILLATOR POTENTIAL


 PARITY=+   EPS= 0.474   GAMMA= 47.0   EPS4=0.000   EPS6=0.000   LEVELS:  18  19  20  21  22  23  24

 PAIRING FACTORS: GN0= 19.20  GN1=  7.40  IPAIR= 15 ***  E2PLUS(INPUT)=   0.210  E2PLUR(INPUT)=   0.000

 CORIOLIS ATTENUATION PARAMETERS:  CHSI=0.000  ETA=  1.00

 MOMENT OF INERTIA PARAMETERS:   A1=  0.468 MEV   A2=  0.026 MEV   A3=  0.04429 MEV


 DELTA=0.802 MEV  LAMBDA=39.7950 MEV   HW0= 6.5832 MEV   LAMBDA/HW0= 6.0449

 E2ENERGY=0.210 MEV  HBAR**2/B=10793./A**(7/3)=1824.5/A**2 MEV

 IREC=1  =>  RECOIL TERMS j+j-, j+j+, jzjz, ETC TREATED AS TWO-BODY OPERATORS WITH APPROPRIATE PAIRING FACTORS



 S. P. LEVEL   EQP       U     V        (UU + VV)**1.00

     18       2.504    0.162 0.987      1.000 0.999 0.959 0.778 0.391 0.375 0.307
     19       1.998    0.205 0.979      0.999 1.000 0.971 0.805 0.431 0.415 0.348
     20       1.025    0.434 0.901      0.959 0.971 1.000 0.924 0.635 0.622 0.563
     21       0.807    0.746 0.666      0.778 0.805 0.924 1.000 0.883 0.874 0.837
     22       1.743    0.972 0.237      0.391 0.431 0.635 0.883 1.000 1.000 0.996
     23       1.872    0.976 0.220      0.375 0.415 0.622 0.874 1.000 1.000 0.997
     24       2.733    0.989 0.148      0.307 0.348 0.563 0.837 0.996 0.997 1.000

  R CORE   ENERGY   A0R/A00=1.000    R3= 0     2  
   2( 1)    0.210                   -0.516 0.857
   2( 2)    1.943                    0.857 0.516

  R CORE   ENERGY   A0R/A00=1.000    R3= 0     2  
   3( 1)    2.153                    0.000 1.000

  R CORE   ENERGY   A0R/A00=1.000    R3= 0     2     4  
   4( 1)    0.693                    0.414-0.593 0.691

  R CORE   ENERGY   A0R/A00=1.000    R3= 0     2     4  
   5( 1)    2.783                    0.000-0.516 0.857

  R CORE   ENERGY   A0R/A00=1.000    R3= 0     2     4     6  
   6( 1)    1.434                   -0.378 0.527-0.513 0.561
 

             ENERGY     K= 1/2
 
 I=  1/2+ (1)  1.791  20: 1.000
 
 I=  1/2+ (2)  3.121  23: 1.000

             ENERGY     K= 1/2  -3/2
 
 I=  3/2+ (1)  1.876  20:-0.511 0.860
 
 I=  3/2+ (2)  2.401  23: 0.880 0.475

             ENERGY     K= 5/2   1/2  -3/2
 
 I=  5/2+ (1)  2.084  20: 0.764-0.523 0.377
 
 I=  5/2+ (2)  2.577  23:-0.534-0.371 0.760

             ENERGY     K= 5/2   1/2  -3/2  -7/2
 
 I=  7/2+ (1)  2.278  20:-0.301 0.411-0.507 0.695
 
 I=  7/2+ (2)  2.796  21:-0.326-0.743-0.572-0.121

             ENERGY     K= 9/2   5/2   1/2  -3/2  -7/2
 
 I=  9/2+ (1)  2.644  20: 0.618-0.484 0.426-0.360 0.269
 
 I=  9/2+ (2)  2.935  22:-0.051-0.360-0.717-0.571-0.167

             ENERGY     K= 9/2   5/2   1/2  -3/2  -7/2 -11/2
 
 I= 11/2+ (1)  1.286  21:-0.089-0.389-0.686-0.570-0.213-0.024
 
 I= 11/2+ (2)  2.940  20: 0.230-0.315 0.378-0.422 0.459-0.562

             ENERGY     K=13/2   9/2   5/2   1/2  -3/2  -7/2 -11/2
 
 I= 13/2+ (1)  1.737  21:-0.042-0.312-0.593-0.193 0.493 0.499 0.142
 
 I= 13/2+ (2)  2.694  18: 0.011 0.121 0.408 0.661 0.564 0.246 0.045

             ENERGY     K=13/2   9/2   5/2   1/2  -3/2  -7/2 -11/2
  21 LEVELS    TIME=  0.0 SEC



 ******************* EXCITATION ENERGIES, DOMINANT CONFIGURATION AND EXPECTATION VALUES (WITH S.P. UU+VV FACTORS) *******************

  NR  Eex(keV)  I   Kdom  NY    <Jz>  <Jx**2> <Jy**2> <Jz**2> <I.j>/|I|  <Rx**2> <Ry**2> <Rz**2> <R.j>/|R|  <HROTx> <HROTy> <HROTz>

   1    0.0  11/2+   1/2  21   -0.02   28.67    4.45    2.34    4.91       0.15    7.44    4.87   -1.72      0.070   0.193   0.216
   2  450.8  13/2+   5/2  21   -0.02   28.67    4.45    2.34    4.20       0.16   14.56   10.80   -1.21      0.074   0.377   0.478
   3  505.4   1/2+   1/2  20   -0.09    1.12    1.24    2.75   -0.05       1.26    1.60    3.09   -2.11      0.589   0.041   0.137
   4  589.6   3/2+   3/2  20   -0.09    1.12    1.24    2.75    0.13       1.26    2.79    4.29   -1.68      0.589   0.072   0.190
   5  798.0   5/2+   5/2  20   -0.09    1.12    1.24    2.75   -0.08       1.26    6.04    7.05   -1.41      0.591   0.157   0.312
  
   6  991.5   7/2+   7/2  20   -0.09    1.12    1.24    2.75    0.12       1.27    9.14    9.52   -1.04      0.594   0.237   0.422
   7 1115.2   3/2+   1/2  23    0.09    1.64   -0.69   -1.27    0.70       1.18    0.11   -0.58    1.98      0.552   0.003  -0.026
   8 1290.5   5/2+   3/2  23    0.09    1.64   -0.69   -1.27    0.45       1.18    2.70    1.86    0.69      0.552   0.070   0.082
   9 1357.9   9/2+   9/2  20   -0.09    1.12    1.24    2.75   -0.09       1.30   15.94   13.53   -1.00      0.607   0.413   0.599
  10 1407.5  13/2+   1/2  18    0.00   41.05    0.32    0.23    5.97      -0.11    3.87    3.21    0.03     -0.053   0.100   0.142
  
  11 1509.5   7/2+   1/2  21   -0.02   28.67    4.45    2.34    4.71       3.52    6.24    4.06   -4.51      1.647   0.162   0.180
  12 1527.0   7/2+   5/2  23    0.09    1.64   -0.69   -1.27    0.35       1.20    6.93    4.55    0.48      0.560   0.179   0.201
  13 1649.1   9/2+   1/2  22    0.26   18.08   12.87    5.79    3.76       0.96   15.31    7.85   -3.68      0.448   0.397   0.348
  14 1653.8  11/2+  11/2  20   -0.09    1.12    1.24    2.75    0.11       1.33   21.59   16.61   -0.71      0.620   0.559   0.735
  15 1680.9   3/2+   1/2  20   -0.09    1.12    1.24    2.75   -0.09       3.71    1.97    3.51   -1.74      1.736   0.051   0.156
  
  16 1824.5   9/2+   5/2  21   -0.02   28.67    4.45    2.34    3.76       3.52   10.84    8.46   -3.51      1.648   0.281   0.375
  17 1834.8   1/2+   1/2  23    0.09    1.64   -0.69   -1.27   -0.48       2.80   -0.42   -1.11   -0.09      1.309  -0.011  -0.049
  18 1857.7   5/2+   3/2  20   -0.09    1.12    1.24    2.75   -0.05       3.70    4.29    6.18   -1.40      1.734   0.111   0.274
  19 2030.1  11/2+   5/2  22    0.26   18.08   12.87    5.79    3.12       0.96   21.36   12.84   -3.05      0.452   0.553   0.569
  20 2164.9  13/2+  13/2  20   -0.09    1.12    1.24    2.75   -0.10       1.40   33.22   20.57   -0.78      0.655   0.861   0.911
  
  21 2398.4   1/2+   1/2  19    0.03    2.60    1.80    1.81   -0.24       3.30    2.04    2.03   -2.36      1.544   0.053   0.090
