1SPECTRUM OF (Z= 81 A=207) IN PARTICLE-ROTOR  MODEL WITH MODIFIED OSCILLATOR POTENTIAL


 PARITY=+   EPS= 0.917   GAMMA=  5.0   EPS4=0.000   EPS6=0.000   LEVELS:  18  19  20  21  22

 PAIRING FACTORS: GN0= 19.20  GN1=  7.40  IPAIR= 15 ***  E2PLUS(INPUT)=   0.210  E2PLUR(INPUT)=   0.000

 CORIOLIS ATTENUATION PARAMETERS:  CHSI=1.000  ETA=  1.00

 MOMENT OF INERTIA PARAMETERS:   A1=  0.039 MEV   A2=  0.031 MEV   A3=  3.40348 MEV


 DELTA=0.772 MEV  LAMBDA=41.0374 MEV   HW0= 7.3669 MEV   LAMBDA/HW0= 5.5705

 E2ENERGY=0.210 MEV  HBAR**2/B=44083./A**(7/3)=7452.2/A**2 MEV

 IREC=0  =>  RECOIL TERMS j+j-, j+j+, jzjz, ETC TREATED AS ONE-BODY OPERATORS WITH UU+VV PAIRING FACTORS



 S. P. LEVEL   EQP       U     V        (UU + VV)**1.00

     18       1.930    0.204 0.979      1.000 0.997 0.813 0.754 0.468
     19       1.437    0.280 0.960      0.997 1.000 0.856 0.803 0.535
     20       0.775    0.736 0.677      0.813 0.856 1.000 0.995 0.895
     21       0.802    0.797 0.603      0.754 0.803 0.995 1.000 0.934
     22       1.448    0.961 0.278      0.468 0.535 0.895 0.934 1.000

  R CORE   ENERGY   A0R/A00=1.000    R3= 0     2  
   2( 1)    0.210                    1.000-0.001
   2( 2)   13.684                    0.001 1.000

  R CORE   ENERGY   A0R/A00=1.000    R3= 0     2  
   3( 1)   13.894                    0.000 1.000

  R CORE   ENERGY   A0R/A00=1.000    R3= 0     2     4  
   4( 1)    0.700                    1.000-0.004 0.000

  R CORE   ENERGY   A0R/A00=1.000    R3= 0     2     4  
   5( 1)   14.524                    0.000 1.000-0.001

  R CORE   ENERGY   A0R/A00=1.000    R3= 0     2     4     6  
   6( 1)    1.469                    1.000-0.008 0.000-0.000
 

             ENERGY     K= 1/2
 
 I=  1/2+ (1)  2.863  18: 0.105
                      21: 0.561
                      22:-0.821
 
 I=  1/2+ (2) 15.173  18:-0.267
                      21:-0.779
                      22:-0.567

             ENERGY     K= 1/2  -3/2
 
 I=  3/2+ (1)  2.453  21: 0.035 0.838
                      22:-0.052 0.540
 
 I=  3/2+ (2)  3.064  20: 0.002 1.000

             ENERGY     K= 5/2   1/2  -3/2
 
 I=  5/2+ (1)  2.616  18: 0.067-0.016 0.045
                      21:-0.007-0.087 0.828
                      22: 0.006 0.126 0.533
 
 I=  5/2+ (2)  3.064  18:-0.021-0.104-0.007
                      21: 0.003-0.553-0.128
                      22:-0.003 0.812-0.082

             ENERGY     K= 5/2   1/2  -3/2  -7/2
 
 I=  7/2+ (1)  2.526  19:-0.000 0.000-0.001 1.000
 
 I=  7/2+ (2)  2.855  18: 0.102-0.012-0.045 0.000
                      21:-0.011-0.066-0.829 0.001
                      22: 0.010 0.099-0.534 0.001

             ENERGY     K= 9/2   5/2   1/2  -3/2  -7/2
 
 I=  9/2+ (1)  2.841  19: 0.000 0.000 0.000-0.002 1.000
 
 I=  9/2+ (2)  3.138  18: 0.000-0.126 0.030-0.043 0.000
                      21:-0.000 0.013 0.165-0.797 0.002
                      22: 0.000-0.012-0.237-0.513 0.001

             ENERGY     K= 9/2   5/2   1/2  -3/2  -7/2 -11/2
 
 I= 11/2+ (1)  3.226  19: 0.000 0.000-0.000 0.004-1.000 0.002
 
 I= 11/2+ (2)  3.528  18:-0.000 0.160-0.016-0.044 0.000-0.000
                      21: 0.000-0.017-0.084-0.818 0.003-0.000
                      22:-0.000 0.015 0.130-0.528 0.002-0.000

             ENERGY     K=13/2   9/2   5/2   1/2  -3/2  -7/2 -11/2
 
 I= 13/2+ (1)  3.681  19: 0.000-0.000-0.000-0.000 0.006-1.000 0.004
 
 I= 13/2+ (2)  3.918  18:-0.000 0.001-0.162 0.045-0.041 0.000-0.000
                      21: 0.000-0.000 0.016 0.239-0.751 0.004-0.000
                      22:-0.000 0.000-0.014-0.342-0.482 0.002-0.000

             ENERGY     K=13/2   9/2   5/2   1/2  -3/2  -7/2 -11/2
  21 LEVELS    TIME=  0.0 SEC



 ******************* EXCITATION ENERGIES, DOMINANT CONFIGURATION AND EXPECTATION VALUES (WITH S.P. UU+VV FACTORS) *******************

  NR  Eex(keV)  I   Kdom  NY    <Jz>  <Jx**2> <Jy**2> <Jz**2> <I.j>/|I|  <Rx**2> <Ry**2> <Rz**2> <R.j>/|R|  <HROTx> <HROTy> <HROTz>

   1    0.0   3/2+   3/2  21   -1.43   14.62   13.45    2.19    1.15      15.30   14.14    0.12   -5.16      0.589   0.445   0.424
   2   72.9   7/2+   7/2  19   -3.42    6.70    5.28   11.88    3.02       8.45    7.04    0.16   -3.00      0.325   0.221   0.542
   3  162.9   5/2+   3/2  21   -1.38   14.59   13.48    2.17    0.87      17.33   16.38    0.13   -4.76      0.668   0.515   0.429
   4  387.8   9/2+   7/2  19   -3.42    6.70    5.28   11.88    2.41      12.93   11.55    0.16   -2.39      0.498   0.364   0.542
   5  401.6   7/2+   3/2  21   -1.37   14.62   13.49    2.21    0.69      20.78   19.73    0.13   -4.33      0.800   0.621   0.426
  
   6  409.9   1/2+   1/2  22    0.48   12.12   14.90    0.44    1.01      11.71   14.53    0.21   -5.17      0.451   0.457   0.704
   7  610.8   3/2+   3/2  20   -1.44   27.53   24.03    2.20    1.12      28.29   24.77    0.12   -7.08      1.090   0.780   0.420
   8  611.1   5/2+   1/2  22    0.44   12.17   14.88    0.48    0.63      14.81   17.52    0.20   -4.50      0.571   0.551   0.697
   9  651.2   3/2+   1/2  22    0.48   12.15   14.87    0.45   -0.56      15.27   17.91    0.21   -4.94      0.588   0.564   0.705
  10  684.5   9/2+   3/2  21   -1.22   14.48   13.59    2.11    0.74      23.88   23.59    0.13   -3.84      0.920   0.743   0.446
  
  11  772.7  11/2+   7/2  19   -3.42    6.70    5.28   11.88    2.00      18.38   17.10    0.16   -1.99      0.708   0.538   0.543
  12  785.5   5/2+   3/2  20   -1.44   27.53   24.03    2.20    0.73      30.76   27.29    0.12   -6.76      1.185   0.859   0.420
  13 1030.7   7/2+   3/2  20   -1.44   27.53   24.03    2.20    0.55      34.30   30.75    0.12   -6.39      1.321   0.968   0.420
  14 1074.4  11/2+   3/2  21   -1.29   14.63   13.56    2.26    0.57      30.02   29.21    0.13   -3.51      1.157   0.919   0.427
  15 1106.3   9/2+   1/2  22    0.34   12.31   14.82    0.61    0.51      22.46   24.80    0.20   -3.66      0.866   0.781   0.678
  
  16 1227.4  13/2+   7/2  19   -3.42    6.70    5.28   11.88    1.72      24.78   23.70    0.16   -1.70      0.955   0.746   0.543
  17 1464.3  13/2+   3/2  21   -1.00   14.32   13.71    1.99    0.75      33.64   34.56    0.14   -3.00      1.296   1.088   0.472
  18 1730.6  11/2+   3/2  20   -1.44   27.53   24.03    2.20    0.36      44.27   40.77    0.12   -5.59      1.706   1.283   0.420
  19 1895.7  13/2+   1/2  22    0.21   12.54   14.76    0.82    0.42      34.45   36.44    0.19   -2.99      1.327   1.147   0.650
  2012719.8   1/2+   1/2  21   -1.23   14.81   13.51    2.36   -0.50      14.87   13.59    3.84   -5.48      0.573   0.428  13.082
  
  2113404.9   1/2+   1/2  20   -1.44   27.53   24.03    2.20   -0.87      28.06   24.07    3.89   -7.28      1.081   0.758  13.244
