1SPECTRUM OF (Z= 81 A=207) IN PARTICLE-ROTOR  MODEL WITH MODIFIED OSCILLATOR POTENTIAL


 PARITY=+   EPS= 0.051   GAMMA= 50.0   EPS4=0.000   EPS6=0.000   LEVELS:  19  20  21  22  23  24  25

 PAIRING FACTORS: GN0= 19.20  GN1=  7.40  IPAIR= 15 ***  E2PLUS(INPUT)=   0.210  E2PLUR(INPUT)=   0.000

 CORIOLIS ATTENUATION PARAMETERS:  CHSI=0.000  ETA=  1.00

 MOMENT OF INERTIA PARAMETERS:   A1=  0.819 MEV   A2=  0.028 MEV   A3=  0.04209 MEV


 DELTA=0.401 MEV  LAMBDA=39.2278 MEV   HW0= 6.4306 MEV   LAMBDA/HW0= 6.1002

 E2ENERGY=0.210 MEV  HBAR**2/B=  130./A**(7/3)=  22.0/A**2 MEV

 IREC=1  =>  RECOIL TERMS j+j-, j+j+, jzjz, ETC TREATED AS TWO-BODY OPERATORS WITH APPROPRIATE PAIRING FACTORS



 S. P. LEVEL   EQP       U     V        (UU + VV)**1.00

     19       2.579    0.078 0.997      1.000 0.992 0.985 0.836 0.152 0.145 0.140
     20       0.995    0.206 0.979      0.992 1.000 0.999 0.899 0.278 0.271 0.267
     21       0.837    0.247 0.969      0.985 0.999 1.000 0.917 0.319 0.312 0.307
     22       0.414    0.613 0.790      0.836 0.899 0.917 1.000 0.670 0.665 0.661
     23       2.707    0.997 0.074      0.152 0.278 0.319 0.670 1.000 1.000 1.000
     24       2.999    0.998 0.067      0.145 0.271 0.312 0.665 1.000 1.000 1.000
     25       3.237    0.998 0.062      0.140 0.267 0.307 0.661 1.000 1.000 1.000

  R CORE   ENERGY   A0R/A00=1.000    R3= 0     2  
   2( 1)    0.210                   -0.507 0.862
   2( 2)    3.347                    0.862 0.507

  R CORE   ENERGY   A0R/A00=1.000    R3= 0     2  
   3( 1)    3.557                    0.000 1.000

  R CORE   ENERGY   A0R/A00=1.000    R3= 0     2     4  
   4( 1)    0.698                    0.392-0.574 0.719

  R CORE   ENERGY   A0R/A00=1.000    R3= 0     2     4  
   5( 1)    4.187                    0.000-0.507 0.862

  R CORE   ENERGY   A0R/A00=1.000    R3= 0     2     4     6  
   6( 1)    1.458                   -0.342 0.486-0.506 0.625
 

             ENERGY     K= 1/2
 
 I=  1/2+ (1)  0.505  22: 1.000
 
 I=  1/2+ (2)  1.458  21: 1.000

             ENERGY     K= 1/2  -3/2
 
 I=  3/2+ (1)  0.554  22:-0.502 0.865
 
 I=  3/2+ (2)  1.505  21:-0.482 0.876

             ENERGY     K= 5/2   1/2  -3/2
 
 I=  5/2+ (1)  0.822  22: 0.782-0.510 0.359
 
 I=  5/2+ (2)  1.769  21: 0.756-0.523 0.393

             ENERGY     K= 5/2   1/2  -3/2  -7/2
 
 I=  7/2+ (1)  0.935  22:-0.278 0.386-0.496 0.727
 
 I=  7/2+ (2)  1.885  21:-0.252 0.362-0.487 0.754

             ENERGY     K= 9/2   5/2   1/2  -3/2  -7/2
 
 I=  9/2+ (1)  1.416  22: 0.673-0.480 0.397-0.322 0.236
 
 I=  9/2+ (2)  2.345  21: 0.624-0.472 0.416-0.362 0.287

             ENERGY     K= 9/2   5/2   1/2  -3/2  -7/2 -11/2
 
 I= 11/2+ (1)  1.591  22: 0.196-0.271 0.334-0.394 0.464-0.637
 
 I= 11/2+ (2)  2.546  21: 0.172-0.243 0.309-0.378 0.465-0.676

             ENERGY     K=13/2   9/2   5/2   1/2  -3/2  -7/2 -11/2
 
 I= 13/2+ (1)  2.279  22: 0.590-0.445 0.392-0.347 0.299-0.244 0.176
 
 I= 13/2+ (2)  3.165  23: 0.014 0.130 0.413 0.654 0.562 0.256 0.051

             ENERGY     K=13/2   9/2   5/2   1/2  -3/2  -7/2 -11/2
  21 LEVELS    TIME=  0.0 SEC



 ******************* EXCITATION ENERGIES, DOMINANT CONFIGURATION AND EXPECTATION VALUES (WITH S.P. UU+VV FACTORS) *******************

  NR  Eex(keV)  I   Kdom  NY    <Jz>  <Jx**2> <Jy**2> <Jz**2> <I.j>/|I|  <Rx**2> <Ry**2> <Rz**2> <R.j>/|R|  <HROTx> <HROTy> <HROTz>

   1    0.0   1/2+   1/2  22   -0.26    0.25    0.76    0.77   -0.02       0.00    1.29    1.29   -1.12      0.000   0.036   0.054
   2   48.6   3/2+   3/2  22   -0.26    0.25    0.76    0.77    0.41       0.00    1.96    1.99   -0.50      0.000   0.055   0.084
   3  317.3   5/2+   5/2  22   -0.26    0.25    0.76    0.77   -0.19       0.00    5.93    5.72   -0.69      0.001   0.166   0.241
   4  430.1   7/2+   7/2  22   -0.26    0.25    0.76    0.77    0.34       0.00    7.57    7.29   -0.12      0.002   0.212   0.307
   5  910.7   9/2+   9/2  22   -0.26    0.25    0.76    0.77   -0.22       0.01   15.16   13.57   -0.54      0.006   0.424   0.571
  
   6  952.9   1/2+   1/2  21   -0.61    0.57    0.52    1.22   -0.11       0.63    0.52    2.08   -1.33      0.518   0.015   0.088
   7 1000.0   3/2+   3/2  21   -0.61    0.57    0.52    1.22    0.25       0.63    2.71    1.73   -0.80      0.519   0.076   0.073
   8 1086.3  11/2+  11/2  22   -0.26    0.25    0.76    0.77    0.31       0.01   17.95   15.82    0.02      0.009   0.502   0.666
   9 1106.0   3/2+   1/2  20    0.39    1.94    1.08    0.38    0.94       0.64    1.84    1.05   -0.84      0.520   0.051   0.044
  10 1264.0   5/2+   5/2  21   -0.61    0.57    0.52    1.22   -0.11       0.64    4.21    6.84   -0.77      0.526   0.118   0.288
  
  11 1281.7   5/2+   3/2  20    0.39    1.94    1.08    0.38    0.62       0.63    4.18    3.67   -0.54      0.520   0.117   0.155
  12 1380.5   7/2+   7/2  21   -0.61    0.57    0.52    1.22    0.24       0.64    9.01    6.53   -0.34      0.521   0.252   0.275
  13 1515.9   7/2+   5/2  20    0.39    1.94    1.08    0.38    0.50       0.65    8.17    6.34   -0.36      0.530   0.229   0.267
  14 1774.0  13/2+  13/2  22   -0.26    0.25    0.76    0.77   -0.24       0.03   29.85   23.95   -0.47      0.022   0.835   1.008
  15 1839.6   9/2+   9/2  21   -0.61    0.57    0.52    1.22   -0.07       0.67   12.86   14.21   -0.50      0.550   0.360   0.598
  
  16 1840.9   9/2+   9/2  20    0.39    1.94    1.08    0.38    0.38       0.64   12.09   11.68   -0.31      0.521   0.338   0.491
  17 2040.7  11/2+  11/2  21   -0.61    0.57    0.52    1.22    0.22       0.64   19.60   15.13   -0.16      0.523   0.548   0.637
  18 2188.9  11/2+   5/2  20    0.39    1.94    1.08    0.38    0.39       0.68   19.71   14.05   -0.18      0.556   0.551   0.591
  19 2580.4   1/2+   1/2  19    2.14    0.45    2.76    5.41    1.79       0.36    2.39    3.53   -2.83      0.291   0.067   0.148
  20 2660.2  13/2+   1/2  23    0.00   42.20    3.67    2.87    6.05       0.01    7.06    5.99   -1.81      0.008   0.198   0.252
  
  21 2668.8  13/2+  13/2  21   -0.61    0.57    0.52    1.22   -0.02       0.73   27.59   22.96   -0.34      0.598   0.772   0.967
