1SPECTRUM OF (Z= 81 A=207) IN PARTICLE-ROTOR  MODEL WITH MODIFIED OSCILLATOR POTENTIAL


 PARITY=+   EPS= 0.134   GAMMA= 49.0   EPS4=0.000   EPS6=0.000   LEVELS:  19  20  21  22  23  24  25

 PAIRING FACTORS: GN0= 19.20  GN1=  7.40  IPAIR= 15 ***  E2PLUS(INPUT)=   0.210  E2PLUR(INPUT)=   0.000

 CORIOLIS ATTENUATION PARAMETERS:  CHSI=0.000  ETA=  1.00

 MOMENT OF INERTIA PARAMETERS:   A1=  0.670 MEV   A2=  0.027 MEV   A3=  0.04282 MEV


 DELTA=0.545 MEV  LAMBDA=39.8960 MEV   HW0= 6.4413 MEV   LAMBDA/HW0= 6.1938

 E2ENERGY=0.210 MEV  HBAR**2/B=  888./A**(7/3)= 150.1/A**2 MEV

 IREC=1  =>  RECOIL TERMS j+j-, j+j+, jzjz, ETC TREATED AS TWO-BODY OPERATORS WITH APPROPRIATE PAIRING FACTORS



 S. P. LEVEL   EQP       U     V        (UU + VV)**1.00

     19       2.957    0.092 0.996      1.000 0.997 0.993 0.564 0.329 0.238 0.203
     20       1.643    0.168 0.986      0.997 1.000 0.999 0.625 0.400 0.311 0.277
     21       1.327    0.210 0.978      0.993 0.999 1.000 0.658 0.439 0.351 0.318
     22       0.642    0.875 0.485      0.564 0.625 0.658 1.000 0.966 0.936 0.923
     23       1.165    0.971 0.241      0.329 0.400 0.439 0.966 1.000 0.995 0.991
     24       1.873    0.989 0.147      0.238 0.311 0.351 0.936 0.995 1.000 0.999
     25       2.455    0.994 0.112      0.203 0.277 0.318 0.923 0.991 0.999 1.000

  R CORE   ENERGY   A0R/A00=1.000    R3= 0     2  
   2( 1)    0.210                   -0.509 0.861
   2( 2)    2.750                    0.861 0.509

  R CORE   ENERGY   A0R/A00=1.000    R3= 0     2  
   3( 1)    2.960                    0.000 1.000

  R CORE   ENERGY   A0R/A00=1.000    R3= 0     2     4  
   4( 1)    0.697                    0.398-0.579 0.712

  R CORE   ENERGY   A0R/A00=1.000    R3= 0     2     4  
   5( 1)    3.590                    0.000-0.509 0.861

  R CORE   ENERGY   A0R/A00=1.000    R3= 0     2     4     6  
   6( 1)    1.452                   -0.352 0.498-0.508 0.608
 

             ENERGY     K= 1/2
 
 I=  1/2+ (1)  0.667  22: 1.000
 
 I=  1/2+ (2)  2.091  21: 1.000

             ENERGY     K= 1/2  -3/2
 
 I=  3/2+ (1)  0.710  22:-0.502 0.865
 
 I=  3/2+ (2)  2.161  21:-0.476 0.880

             ENERGY     K= 5/2   1/2  -3/2
 
 I=  5/2+ (1)  0.987  22: 0.778-0.514 0.362
 
 I=  5/2+ (2)  2.385  21: 0.736-0.534 0.416

             ENERGY     K= 5/2   1/2  -3/2  -7/2
 
 I=  7/2+ (1)  1.088  22:-0.276 0.388-0.499 0.723
 
 I=  7/2+ (2)  2.556  21:-0.246 0.359-0.488 0.757

             ENERGY     K= 9/2   5/2   1/2  -3/2  -7/2
 
 I=  9/2+ (1)  1.581  22: 0.661-0.484 0.405-0.329 0.238
 
 I=  9/2+ (2)  2.934  21: 0.579-0.469 0.434-0.393 0.320

             ENERGY     K= 9/2   5/2   1/2  -3/2  -7/2 -11/2
 
 I= 11/2+ (1)  1.738  22: 0.192-0.273 0.341-0.402 0.468-0.626
 
 I= 11/2+ (2)  2.729  24:-0.095-0.395-0.680-0.569-0.221-0.027

             ENERGY     K=13/2   9/2   5/2   1/2  -3/2  -7/2 -11/2
 
 I= 13/2+ (1)  1.623  23: 0.013 0.127 0.412 0.656 0.563 0.253 0.050
 
 I= 13/2+ (2)  2.440  22: 0.566-0.445 0.402-0.360 0.310-0.250 0.176

             ENERGY     K=13/2   9/2   5/2   1/2  -3/2  -7/2 -11/2
  21 LEVELS    TIME=  0.0 SEC



 ******************* EXCITATION ENERGIES, DOMINANT CONFIGURATION AND EXPECTATION VALUES (WITH S.P. UU+VV FACTORS) *******************

  NR  Eex(keV)  I   Kdom  NY    <Jz>  <Jx**2> <Jy**2> <Jz**2> <I.j>/|I|  <Rx**2> <Ry**2> <Rz**2> <R.j>/|R|  <HROTx> <HROTy> <HROTz>

   1    0.0   1/2+   1/2  22   -0.30    0.25   -0.27   -0.13   -0.05      -0.00    0.27    0.42    0.13     -0.001   0.007   0.018
   2   43.5   3/2+   3/2  22   -0.30    0.25   -0.27   -0.13    0.43      -0.00    0.92    1.02    0.70     -0.001   0.025   0.044
   3  320.4   5/2+   5/2  22   -0.30    0.25   -0.27   -0.13   -0.21       0.00    4.97    4.88   -0.15      0.001   0.136   0.209
   4  421.3   7/2+   7/2  22   -0.30    0.25   -0.27   -0.13    0.36       0.00    6.58    6.20    0.44      0.001   0.179   0.265
   5  914.7   9/2+   9/2  22   -0.30    0.25   -0.27   -0.13   -0.24       0.01   14.48   12.52   -0.20      0.008   0.395   0.536
  
   6  956.2  13/2+   1/2  23   -0.00   42.14    3.72    2.73    6.04       0.02    7.15    5.80   -1.78      0.014   0.195   0.248
   7 1071.6  11/2+  11/2  22   -0.30    0.25   -0.27   -0.13    0.33       0.02   17.23   14.36    0.38      0.011   0.470   0.615
   8 1424.8   1/2+   1/2  21   -0.48    0.75    0.83    1.17   -0.08       0.99    0.76    1.89   -1.48      0.663   0.021   0.081
   9 1494.0   3/2+   3/2  21   -0.48    0.75    0.83    1.17    0.10       0.99    3.14    1.97   -1.03      0.664   0.086   0.084
  10 1717.8   5/2+   5/2  21   -0.48    0.75    0.83    1.17   -0.01       1.01    4.36    6.18   -0.82      0.674   0.119   0.265
  
  11 1760.1   3/2+   1/2  20    0.37    1.77    1.33    0.75    0.81       1.00    2.10    1.38   -1.08      0.667   0.057   0.059
  12 1773.4  13/2+  13/2  22   -0.30    0.25   -0.27   -0.13   -0.25       0.05   29.97   22.14   -0.23      0.032   0.818   0.948
  13 1889.6   7/2+   7/2  21   -0.48    0.75    0.83    1.17    0.11       0.99    9.55    7.08   -0.55      0.665   0.261   0.303
  14 1936.6   5/2+   3/2  20    0.37    1.77    1.33    0.75    0.53       0.99    4.40    4.06   -0.74      0.666   0.120   0.174
  15 2062.1  11/2+   1/2  24   -0.00   29.99   10.82    7.70    5.03       0.06   13.70   10.32   -3.75      0.040   0.374   0.442
  
  16 2164.9   7/2+   5/2  20    0.37    1.77    1.33    0.75    0.45       1.02    8.64    6.33   -0.51      0.682   0.236   0.271
  17 2266.9   9/2+   9/2  21   -0.48    0.75    0.83    1.17    0.06       1.06   13.34   12.46   -0.47      0.709   0.364   0.534
  18 2496.3   9/2+   9/2  20    0.37    1.77    1.33    0.75    0.32       1.00   12.39   12.02   -0.45      0.667   0.338   0.514
  19 2515.0  13/2+   5/2  24   -0.00   29.99   10.82    7.70    4.31       0.06   20.55   16.48   -3.03      0.042   0.561   0.706
  20 2564.8  11/2+  11/2  21   -0.48    0.75    0.83    1.17    0.10       1.00   20.55   15.79   -0.35      0.668   0.560   0.676
  
  21 3014.9   1/2+   1/2  19    1.75    0.70    2.23    5.75    1.18       0.71    2.41    4.26   -2.82      0.476   0.066   0.182
