


         KAPPAP      MYP     KAPPAN      MYN
    0    0.1200    0.0000    0.1200    0.0000
    1    0.1200    0.0000    0.1200    0.0000
    2    0.1050    0.0000    0.1050    0.0000
    3    0.0900    0.3000    0.0900    0.2500
    4    0.0650    0.5700    0.0700    0.3900
    5    0.0600    0.6500    0.0620    0.4300
    6    0.0540    0.6900    0.0620    0.3400
    7    0.0540    0.6900    0.0620    0.2600
    8    0.0540    0.6900    0.0620    0.2600


     KAPPA    MY     EPS   GAMMA    EPS4     EPS6     W0/W00   NMAX  COUPL     OMROT      EFAC      QFAC
      SEE TABLE     1.137   50.0   0.000    0.000    1.14661     8     0     0.00000   7.37122   5.63000


                     **** PROTONS ****                     **** STRETCHED COORDINATES ****
    SYMMETRY R1= 1


   BASIS FUNCTIONS /N,L,J,OMEGA>,   PARITY -


   1 / 7 7 15/2 13/2>    15 / 7 5 11/2  1/2>    29 / 7 7 13/2 -7/2>    43 / 5 5 11/2  1/2>    57 / 5 5 11/2-11/2>
   2 / 7 7 13/2 13/2>    16 / 7 5  9/2  1/2>    30 / 7 5 11/2 -7/2>    44 / 5 5  9/2  1/2>    58 / 3 3  7/2  5/2>
   3 / 7 7 15/2  9/2>    17 / 7 3  7/2  1/2>    31 / 7 5  9/2 -7/2>    45 / 5 3  7/2  1/2>    59 / 3 3  5/2  5/2>
   4 / 7 7 13/2  9/2>    18 / 7 3  5/2  1/2>    32 / 7 3  7/2 -7/2>    46 / 5 3  5/2  1/2>    60 / 3 3  7/2  1/2>
   5 / 7 5 11/2  9/2>    19 / 7 1  3/2  1/2>    33 / 7 7 15/2-11/2>    47 / 5 1  3/2  1/2>    61 / 3 3  5/2  1/2>
   6 / 7 5  9/2  9/2>    20 / 7 1  1/2  1/2>    34 / 7 7 13/2-11/2>    48 / 5 1  1/2  1/2>    62 / 3 1  3/2  1/2>
   7 / 7 7 15/2  5/2>    21 / 7 7 15/2 -3/2>    35 / 7 5 11/2-11/2>    49 / 5 5 11/2 -3/2>    63 / 3 1  1/2  1/2>
   8 / 7 7 13/2  5/2>    22 / 7 7 13/2 -3/2>    36 / 7 7 15/2-15/2>    50 / 5 5  9/2 -3/2>    64 / 3 3  7/2 -3/2>
   9 / 7 5 11/2  5/2>    23 / 7 5 11/2 -3/2>    37 / 5 5 11/2  9/2>    51 / 5 3  7/2 -3/2>    65 / 3 3  5/2 -3/2>
  10 / 7 5  9/2  5/2>    24 / 7 5  9/2 -3/2>    38 / 5 5  9/2  9/2>    52 / 5 3  5/2 -3/2>    66 / 3 1  3/2 -3/2>
  11 / 7 3  7/2  5/2>    25 / 7 3  7/2 -3/2>    39 / 5 5 11/2  5/2>    53 / 5 1  3/2 -3/2>    67 / 3 3  7/2 -7/2>
  12 / 7 3  5/2  5/2>    26 / 7 3  5/2 -3/2>    40 / 5 5  9/2  5/2>    54 / 5 5 11/2 -7/2>    68 / 1 1  3/2  1/2>
  13 / 7 7 15/2  1/2>    27 / 7 1  3/2 -3/2>    41 / 5 3  7/2  5/2>    55 / 5 5  9/2 -7/2>    69 / 1 1  1/2  1/2>
  14 / 7 7 13/2  1/2>    28 / 7 7 15/2 -7/2>    42 / 5 3  5/2  5/2>    56 / 5 3  7/2 -7/2>    70 / 1 1  3/2 -3/2>


    SINGLE PARTICLE (PARITY-) WAVE FUNCTIONS IN THE ENERGY INTERVAL 0.0<E<7.0

 E=1.9691   0.925840/ 68>-0.315664/ 69> 0.207792/ 70>

 E=2.2631   0.053355/ 68> 0.653509/ 69> 0.755036/ 70>

 E=2.9612  -0.139396/ 58> 0.017956/ 59>-0.774373/ 60> 0.116458/ 61>-0.426081/ 62> 0.141718/ 63>-0.387394/ 64>
           -0.055819/ 65>-0.106766/ 66>-0.028509/ 67>

 E=3.2509  -0.160540/ 58> 0.004070/ 59>-0.048757/ 60>-0.440378/ 61> 0.473794/ 62>-0.411920/ 63>-0.585916/ 64>
           -0.121204/ 65>-0.148320/ 66>-0.061280/ 67>

 E=3.2678  -0.374131/ 68>-0.687956/ 69> 0.621887/ 70>

 E=3.4956   0.555143/ 58>-0.092082/ 59> 0.194945/ 60>-0.418945/ 61>-0.460540/ 62> 0.003616/ 63>-0.081392/ 64>
           -0.410329/ 65>-0.278154/ 66> 0.073095/ 67>

 E=3.8094   0.086561/ 58>-0.301508/ 59>-0.021417/ 60>-0.207932/ 61> 0.138731/ 62> 0.470268/ 63>-0.137288/ 64>
           -0.209619/ 65> 0.570846/ 66>-0.478387/ 67>

 E=3.9283   0.040263/ 37>-0.002776/ 38> 0.295233/ 39>-0.025411/ 40> 0.071765/ 41>-0.007978/ 42> 0.701201/ 43>
           -0.024114/ 44> 0.290596/ 45>-0.026234/ 46> 0.091721/ 47>-0.023446/ 48> 0.518650/ 49> 0.033845/ 50>
            0.175747/ 51> 0.021173/ 52> 0.031161/ 53> 0.126702/ 54> 0.010669/ 55> 0.017444/ 56> 0.008208/ 57>


 E=4.2114  -0.201264/ 58>-0.018822/ 59>-0.387364/ 60>-0.581155/ 61>-0.068644/ 62>-0.255865/ 63> 0.598627/ 64>
           -0.028101/ 65> 0.198472/ 66> 0.051309/ 67>

 E=4.3506   0.018854/ 37>-0.010294/ 38> 0.124847/ 39>-0.157558/ 40> 0.070036/ 41>-0.037612/ 42> 0.125187/ 43>
           -0.551632/ 44> 0.276173/ 45>-0.370015/ 46> 0.230578/ 47>-0.181605/ 48>-0.383518/ 49>-0.335008/ 50>
           -0.157998/ 51>-0.135313/ 52>-0.044390/ 53>-0.157872/ 54>-0.056458/ 55>-0.026046/ 56>-0.012632/ 57>


 E=4.4539   0.639942/ 58>-0.056117/ 59>-0.214131/ 60>-0.050778/ 61> 0.043245/ 62>-0.235626/ 63>-0.093526/ 64>
            0.657908/ 65> 0.183733/ 66>-0.078465/ 67>

 E=4.4911   0.112946/ 37>-0.014429/ 38> 0.464505/ 39>-0.123787/ 40> 0.061673/ 41>-0.019075/ 42> 0.059501/ 43>
           -0.207297/ 44>-0.560406/ 45> 0.069220/ 46>-0.422915/ 47> 0.162983/ 48> 0.100496/ 49>-0.287472/ 50>
           -0.218657/ 51>-0.141598/ 52>-0.089418/ 53> 0.104541/ 54>-0.036528/ 55>-0.001349/ 56> 0.011822/ 57>


 E=4.7301  -0.004448/ 58>-0.582694/ 59>-0.102057/ 60>-0.119594/ 61> 0.244191/ 62> 0.362652/ 63>-0.023202/ 64>
            0.136026/ 65>-0.133022/ 66> 0.638629/ 67>

 E=4.7679   0.009814/  1>-0.000458/  2> 0.094829/  3>-0.005982/  4> 0.015433/  5>-0.000999/  6> 0.365353/  7>
           -0.018275/  8> 0.104349/  9>-0.007958/ 10> 0.017811/ 11>-0.001782/ 12> 0.648720/ 13>-0.008008/ 14>
            0.232451/ 15>-0.005551/ 16> 0.063990/ 17>-0.003916/ 18> 0.015262/ 19>-0.003101/ 20> 0.535331/ 21>
            0.018043/ 22> 0.177468/ 23> 0.010247/ 24> 0.041414/ 25> 0.004399/ 26> 0.005968/ 27> 0.205751/ 28>
            0.012294/ 29> 0.046815/ 30> 0.003685/ 31> 0.004622/ 32> 0.034965/ 33> 0.002073/ 34> 0.003285/ 35>

 0.001828/ 36>

 E=4.7865   0.024768/ 37> 0.023626/ 38>-0.017000/ 39> 0.275638/ 40>-0.128145/ 41> 0.054283/ 42> 0.067692/ 43>
            0.157019/ 44>-0.168146/ 45>-0.371567/ 46> 0.187884/ 47>-0.312606/ 48> 0.058683/ 49> 0.203240/ 50>
           -0.528388/ 51>-0.119744/ 52>-0.200820/ 53> 0.424419/ 54> 0.108868/ 55> 0.031432/ 56> 0.054926/ 57>


 E=5.1288  -0.250221/ 37> 0.025957/ 38>-0.421699/ 39>-0.023249/ 40> 0.125449/ 41>-0.054744/ 42>-0.257083/ 43>
           -0.354382/ 44>-0.026828/ 45>-0.320335/ 46>-0.185787/ 47>-0.009759/ 48> 0.478009/ 49>-0.139474/ 50>
            0.245856/ 51>-0.197156/ 52>-0.018596/ 53> 0.227658/ 54> 0.081306/ 55> 0.061484/ 56> 0.012577/ 57>


 E=5.1357   0.315506/ 37>-0.058463/ 38>-0.139119/ 39>-0.150124/ 40>-0.529661/ 41> 0.092811/ 42>-0.085823/ 43>
           -0.264470/ 44>-0.217776/ 45> 0.165529/ 46> 0.361389/ 47>-0.125180/ 48> 0.254632/ 49>-0.176097/ 50>
            0.011360/ 51> 0.314480/ 52> 0.143104/ 53> 0.094703/ 54>-0.202009/ 55>-0.043711/ 56> 0.023308/ 57>


 E=5.3427   0.014953/  1>-0.003297/  2> 0.116051/  3>-0.056003/  4> 0.024710/  5>-0.007557/  6> 0.288815/  7>
           -0.276845/  8> 0.118391/  9>-0.091333/ 10> 0.030548/ 11>-0.014494/ 12> 0.116488/ 13>-0.548977/ 14>
            0.077221/ 15>-0.254463/ 16> 0.045380/ 17>-0.095181/ 18> 0.028040/ 19>-0.029592/ 20>-0.282497/ 21>
           -0.434988/ 22>-0.133281/ 23>-0.177545/ 24>-0.050307/ 25>-0.048589/ 26>-0.013346/ 27>-0.220965/ 28>
           -0.140714/ 29>-0.066272/ 30>-0.033002/ 31>-0.009018/ 32>-0.051001/ 33>-0.016890/ 34>-0.005955/ 35>

-0.003164/ 36>

 E=5.3992   0.125078/ 37>-0.022407/ 38> 0.428846/ 39>-0.193221/ 40> 0.163256/ 41>-0.060124/ 42>-0.316224/ 43>
           -0.191984/ 44>-0.111724/ 45>-0.288091/ 46> 0.055164/ 47>-0.157823/ 48> 0.022194/ 49> 0.557768/ 50>
            0.240325/ 51> 0.273000/ 52> 0.114798/ 53> 0.006114/ 54> 0.119749/ 55> 0.024717/ 56>-0.002908/ 57>


 E=5.4962  -0.410872/ 58>-0.019248/ 59> 0.365252/ 60>-0.368620/ 61>-0.449418/ 62> 0.153435/ 63>-0.215981/ 64>
            0.533664/ 65> 0.001842/ 66>-0.067503/ 67>

 E=5.5458  -0.032206/  1> 0.001631/  2>-0.195926/  3> 0.012244/  4>-0.014078/  5> 0.000497/  6>-0.306646/  7>
            0.005226/  8> 0.100641/  9>-0.020522/ 10> 0.053522/ 11>-0.008900/ 12> 0.015242/ 13>-0.000417/ 14>
            0.612964/ 15>-0.056442/ 16> 0.415789/ 17>-0.076775/ 18> 0.186138/ 19>-0.066336/ 20>-0.144293/ 21>
            0.069745/ 22> 0.336188/ 23> 0.062115/ 24> 0.188605/ 25> 0.037206/ 26> 0.044058/ 27>-0.258602/ 28>
            0.011077/ 29> 0.009475/ 30> 0.008180/ 31> 0.007914/ 32>-0.083427/ 33>-0.002326/ 34>-0.004645/ 35>

-0.006316/ 36>

 E=5.5510   0.018036/ 37>-0.167167/ 38>-0.006582/ 39>-0.020361/ 40> 0.022825/ 41> 0.321728/ 42>-0.004031/ 43>
           -0.025237/ 44> 0.046970/ 45> 0.139036/ 46>-0.183702/ 47>-0.386904/ 48>-0.008496/ 49>-0.038867/ 50>
            0.121249/ 51> 0.149054/ 52>-0.488965/ 53>-0.058353/ 54>-0.067442/ 55> 0.498505/ 56>-0.357157/ 57>


 E=5.5937  -0.059301/ 37>-0.061682/ 38>-0.080069/ 39>-0.542758/ 40> 0.148918/ 41>-0.100060/ 42>-0.056238/ 43>
           -0.082954/ 44> 0.257096/ 45> 0.343326/ 46> 0.049826/ 47> 0.167594/ 48>-0.120543/ 49> 0.102196/ 50>
           -0.238769/ 51> 0.070895/ 52>-0.099594/ 53> 0.559217/ 54> 0.100527/ 55> 0.107236/ 56> 0.060406/ 57>


 E=5.7458  -0.095391/ 58>-0.634564/ 59>-0.013881/ 60> 0.150423/ 61>-0.031310/ 62>-0.211240/ 63> 0.189544/ 64>
            0.063561/ 65>-0.454184/ 66>-0.523027/ 67>

 E=5.8714  -0.007582/  1> 0.005299/  2>-0.055634/  3> 0.072182/  4>-0.021989/  5> 0.007385/  6>-0.083932/  7>
            0.208197/  8>-0.072062/  9> 0.006294/ 10>-0.001966/ 11>-0.008916/ 12> 0.084209/ 13> 0.052786/ 14>
            0.040669/ 15>-0.381323/ 16> 0.249346/ 17>-0.392520/ 18> 0.272501/ 19>-0.228044/ 20>-0.042336/ 21>
            0.145103/ 22>-0.427755/ 23>-0.149506/ 24>-0.243095/ 25>-0.111490/ 26>-0.068561/ 27> 0.305853/ 28>
            0.134907/ 29>-0.018627/ 30> 0.006126/ 31>-0.011960/ 32> 0.134938/ 33> 0.028667/ 34> 0.008970/ 35>

 0.011666/ 36>

 E=5.9042   0.547836/ 37>-0.074877/ 38>-0.040838/ 39>-0.110981/ 40>-0.336517/ 41> 0.019146/ 42>-0.017953/ 43>
            0.021807/ 44> 0.125464/ 45>-0.039212/ 46>-0.085932/ 47> 0.122946/ 48>-0.049789/ 49> 0.084023/ 50>
            0.180427/ 51>-0.482650/ 52>-0.086735/ 53>-0.036467/ 54> 0.484383/ 55> 0.084621/ 56>-0.020344/ 57>


 E=5.9816   0.030108/  1> 0.000422/  2> 0.211362/  3> 0.021436/  4> 0.033971/  5> 0.001885/  6> 0.475501/  7>
            0.164118/  8> 0.133366/  9> 0.044719/ 10> 0.022032/ 11> 0.004655/ 12> 0.189972/ 13> 0.380363/ 14>
            0.075371/ 15> 0.147405/ 16> 0.046728/ 17> 0.029863/ 18> 0.027759/ 19>-0.005653/ 20>-0.443657/ 21>
            0.283701/ 22>-0.194927/ 23> 0.097726/ 24>-0.053398/ 25> 0.018410/ 26>-0.007189/ 27>-0.345538/ 28>
            0.067112/ 29>-0.093044/ 30> 0.010513/ 31>-0.010096/ 32>-0.080162/ 33> 0.004664/ 34>-0.008425/ 35>

-0.005025/ 36>

 E=6.1088  -0.094022/  1> 0.011027/  2>-0.341538/  3> 0.088984/  4> 0.017828/  5> 0.000517/  6> 0.024834/  7>
            0.114880/  8> 0.512776/  9>-0.116761/ 10> 0.172504/ 11>-0.041402/ 12>-0.043557/ 13> 0.082743/ 14>
            0.133090/ 15>-0.236743/ 16>-0.349593/ 17>-0.024975/ 18>-0.347625/ 19> 0.123830/ 20>-0.037786/ 21>
            0.081091/ 22> 0.097210/ 23>-0.285368/ 24>-0.141371/ 25>-0.184812/ 26>-0.084136/ 27>-0.002859/ 28>
            0.177852/ 29> 0.093760/ 30> 0.014188/ 31> 0.010624/ 32>-0.026317/ 33> 0.034297/ 34> 0.006143/ 35>

-0.003979/ 36>

 E=6.2796  -0.017581/ 37>-0.414742/ 38>-0.016154/ 39>-0.052485/ 40> 0.108437/ 41> 0.508963/ 42>-0.013805/ 43>
           -0.014406/ 44> 0.068361/ 45> 0.095965/ 46>-0.178142/ 47>-0.283168/ 48>-0.004118/ 49> 0.032313/ 51>
           -0.039680/ 52> 0.017809/ 53>-0.002809/ 54> 0.069722/ 55>-0.395484/ 56> 0.513259/ 57>

 E=6.3865  -0.137623/ 37>-0.012046/ 38>-0.384508/ 39>-0.163892/ 40>-0.190503/ 41>-0.006152/ 42> 0.442974/ 43>
           -0.298150/ 44>-0.210835/ 45>-0.059938/ 46>-0.281935/ 47> 0.094169/ 48>-0.106054/ 49> 0.443456/ 50>
           -0.176753/ 51> 0.171582/ 52>-0.033614/ 53>-0.259775/ 54> 0.088489/ 55>-0.050669/ 56>-0.027694/ 57>


 E=6.3995  -0.037150/  1> 0.009513/  2>-0.210615/  3> 0.127184/  4>-0.056298/  5> 0.019321/  6>-0.224281/  7>
            0.402940/  8>-0.166689/  9> 0.161256/ 10>-0.058075/ 11> 0.030355/ 12> 0.327077/ 13> 0.195621/ 14>
            0.033791/ 15> 0.158183/ 16>-0.039025/ 17> 0.105953/ 18>-0.047763/ 19> 0.050646/ 20> 0.035303/ 21>
           -0.460479/ 22>-0.158554/ 23>-0.240835/ 24>-0.107530/ 25>-0.085443/ 26>-0.034015/ 27>-0.220014/ 28>
           -0.283124/ 29>-0.124295/ 30>-0.078614/ 31>-0.023127/ 32>-0.073729/ 33>-0.043524/ 34>-0.012840/ 35>

-0.005290/ 36>

 E=6.4629  -0.007298/  1>-0.016412/  2> 0.030210/  3>-0.143896/  4> 0.054080/  5>-0.003048/  6>-0.019921/  7>
           -0.029887/  8> 0.019354/  9> 0.276507/ 10>-0.115814/ 11> 0.082826/ 12>-0.005949/ 13>-0.042428/ 14>
            0.079859/ 15> 0.167202/ 16>-0.199258/ 17>-0.249967/ 18> 0.079701/ 19>-0.245198/ 20>-0.019327/ 21>
           -0.046017/ 22> 0.132816/ 23> 0.191951/ 24>-0.421550/ 25>-0.078844/ 26>-0.199476/ 27>-0.024610/ 28>
           -0.087099/ 29> 0.485609/ 30> 0.101602/ 31> 0.086425/ 32>-0.349776/ 33>-0.066524/ 34> 0.007604/ 35>

-0.050850/ 36>

 E=6.5706   0.045963/  1> 0.007663/  2> 0.189700/  3> 0.117562/  4>-0.005067/  5> 0.013365/  6> 0.101735/  7>
            0.335999/  8>-0.183431/  9> 0.049277/ 10>-0.065366/ 11> 0.003007/ 12>-0.082738/ 13>-0.016981/ 14>
           -0.267423/ 15>-0.413039/ 16>-0.121144/ 17>-0.309641/ 18> 0.008398/ 19>-0.112595/ 20> 0.194797/ 21>
            0.067001/ 22> 0.358978/ 23>-0.086702/ 24> 0.223579/ 25>-0.016742/ 26> 0.056692/ 27>-0.380434/ 28>
            0.031093/ 29>-0.046569/ 30>-0.008055/ 31> 0.001197/ 32>-0.175883/ 33>-0.001271/ 34>-0.016344/ 35>

-0.015137/ 36>

 E=6.5913  -0.049290/ 37>-0.065540/ 38>-0.047145/ 39>-0.549452/ 40> 0.103779/ 41>-0.152686/ 42>-0.091087/ 43>
            0.319997/ 44>-0.088257/ 45>-0.056231/ 46> 0.191266/ 47>-0.185971/ 48> 0.340246/ 49> 0.003193/ 50>
           -0.233193/ 51>-0.226618/ 52>-0.157320/ 53>-0.438532/ 54>-0.072495/ 55>-0.117500/ 56>-0.067993/ 57>


 E=6.8295   0.146924/  1>-0.016827/  2> 0.424063/  3>-0.112415/  4> 0.009181/  5>-0.008551/  6>-0.145966/  7>
           -0.106134/  8>-0.331693/  9> 0.013920/ 10>-0.109317/ 11> 0.015614/ 12> 0.038014/ 13> 0.059847/ 14>
            0.200862/ 15> 0.030754/ 16> 0.036045/ 17> 0.161342/ 18>-0.131960/ 19> 0.149504/ 20>-0.081339/ 21>
            0.002928/ 22> 0.106266/ 23>-0.459190/ 24>-0.086610/ 25>-0.292984/ 26>-0.088696/ 27> 0.402645/ 29>
            0.113672/ 30> 0.060734/ 31> 0.021113/ 32>-0.008460/ 33> 0.088206/ 34> 0.009968/ 35>-0.001592/ 36>


 E=6.8410   0.540904/ 37>-0.055933/ 38>-0.184111/ 39>-0.011737/ 40> 0.149804/ 41>-0.101207/ 42>-0.019440/ 43>
            0.101174/ 44> 0.216728/ 45>-0.261638/ 46>-0.329123/ 47> 0.099399/ 48> 0.013123/ 49> 0.089357/ 50>
           -0.074357/ 51> 0.076897/ 52>-0.061927/ 53> 0.080591/ 54>-0.597252/ 55>-0.073567/ 56> 0.035813/ 57>


 E=6.8456  -0.105595/ 58>-0.392680/ 59> 0.139952/ 60> 0.246221/ 61>-0.305717/ 62>-0.518078/ 63>-0.175900/ 64>
           -0.170031/ 65> 0.515982/ 66> 0.257846/ 67>

 E=6.8750   0.319080/  1>-0.039346/  2>-0.020307/  3>-0.043063/  4>-0.473922/  5> 0.073086/  6> 0.023886/  7>
           -0.016084/  8>-0.070399/  9> 0.123592/ 10> 0.481464/ 11>-0.095507/ 12> 0.004243/ 13>-0.020542/ 14>
           -0.064197/ 15> 0.098976/ 16> 0.190511/ 17>-0.235571/ 18>-0.298093/ 19> 0.077882/ 20> 0.007299/ 21>
           -0.020214/ 22>-0.048023/ 23> 0.149332/ 24> 0.114081/ 25>-0.274370/ 26>-0.096181/ 27> 0.012677/ 28>
           -0.059871/ 29>-0.010046/ 30> 0.228285/ 31> 0.064181/ 32>-0.027814/ 33>-0.130205/ 34>-0.030410/ 35>

 0.005079/ 36>

  Q20Q22:  0.00 SEC    QTME:  0.00 SEC



    SYMMETRY R1= 1


   BASIS FUNCTIONS /N,L,J,OMEGA>,   PARITY +


   1 / 8 8 17/2 17/2>    20 / 8 6 11/2  1/2>    39 / 8 4  7/2 -7/2>    58 / 6 4  7/2  1/2>    77 / 4 2  5/2  5/2>
   2 / 8 8 17/2 13/2>    21 / 8 4  9/2  1/2>    40 / 8 8 17/2-11/2>    59 / 6 2  5/2  1/2>    78 / 4 4  9/2  1/2>
   3 / 8 8 15/2 13/2>    22 / 8 4  7/2  1/2>    41 / 8 8 15/2-11/2>    60 / 6 2  3/2  1/2>    79 / 4 4  7/2  1/2>
   4 / 8 6 13/2 13/2>    23 / 8 2  5/2  1/2>    42 / 8 6 13/2-11/2>    61 / 6 0  1/2  1/2>    80 / 4 2  5/2  1/2>
   5 / 8 8 17/2  9/2>    24 / 8 2  3/2  1/2>    43 / 8 6 11/2-11/2>    62 / 6 6 13/2 -3/2>    81 / 4 2  3/2  1/2>
   6 / 8 8 15/2  9/2>    25 / 8 0  1/2  1/2>    44 / 8 8 17/2-15/2>    63 / 6 6 11/2 -3/2>    82 / 4 0  1/2  1/2>
   7 / 8 6 13/2  9/2>    26 / 8 8 17/2 -3/2>    45 / 8 8 15/2-15/2>    64 / 6 4  9/2 -3/2>    83 / 4 4  9/2 -3/2>
   8 / 8 6 11/2  9/2>    27 / 8 8 15/2 -3/2>    46 / 6 6 13/2 13/2>    65 / 6 4  7/2 -3/2>    84 / 4 4  7/2 -3/2>
   9 / 8 4  9/2  9/2>    28 / 8 6 13/2 -3/2>    47 / 6 6 13/2  9/2>    66 / 6 2  5/2 -3/2>    85 / 4 2  5/2 -3/2>
  10 / 8 8 17/2  5/2>    29 / 8 6 11/2 -3/2>    48 / 6 6 11/2  9/2>    67 / 6 2  3/2 -3/2>    86 / 4 2  3/2 -3/2>
  11 / 8 8 15/2  5/2>    30 / 8 4  9/2 -3/2>    49 / 6 4  9/2  9/2>    68 / 6 6 13/2 -7/2>    87 / 4 4  9/2 -7/2>
  12 / 8 6 13/2  5/2>    31 / 8 4  7/2 -3/2>    50 / 6 6 13/2  5/2>    69 / 6 6 11/2 -7/2>    88 / 4 4  7/2 -7/2>
  13 / 8 6 11/2  5/2>    32 / 8 2  5/2 -3/2>    51 / 6 6 11/2  5/2>    70 / 6 4  9/2 -7/2>    89 / 2 2  5/2  5/2>
  14 / 8 4  9/2  5/2>    33 / 8 2  3/2 -3/2>    52 / 6 4  9/2  5/2>    71 / 6 4  7/2 -7/2>    90 / 2 2  5/2  1/2>
  15 / 8 4  7/2  5/2>    34 / 8 8 17/2 -7/2>    53 / 6 4  7/2  5/2>    72 / 6 6 13/2-11/2>    91 / 2 2  3/2  1/2>
  16 / 8 2  5/2  5/2>    35 / 8 8 15/2 -7/2>    54 / 6 2  5/2  5/2>    73 / 6 6 11/2-11/2>    92 / 2 0  1/2  1/2>
  17 / 8 8 17/2  1/2>    36 / 8 6 13/2 -7/2>    55 / 6 6 13/2  1/2>    74 / 4 4  9/2  9/2>    93 / 2 2  5/2 -3/2>
  18 / 8 8 15/2  1/2>    37 / 8 6 11/2 -7/2>    56 / 6 6 11/2  1/2>    75 / 4 4  9/2  5/2>    94 / 2 2  3/2 -3/2>
  19 / 8 6 13/2  1/2>    38 / 8 4  9/2 -7/2>    57 / 6 4  9/2  1/2>    76 / 4 4  7/2  5/2>    95 / 0 0  1/2  1/2>


    SINGLE PARTICLE (PARITY+) WAVE FUNCTIONS IN THE ENERGY INTERVAL 0.0<E<7.0

 E=1.5000   1.000000/ 95>

 E=2.4563  -0.038928/ 89>-0.816649/ 90> 0.227959/ 91>-0.458888/ 92>-0.255128/ 93>-0.062731/ 94>

 E=2.7366  -0.190822/ 89>-0.168035/ 90>-0.478683/ 91> 0.472833/ 92>-0.688651/ 93>-0.091662/ 94>

 E=3.0151  -0.566972/ 89>-0.193220/ 90> 0.445020/ 91> 0.465524/ 92> 0.154648/ 93> 0.450042/ 94>

 E=3.4789  -0.016283/ 74>-0.229578/ 75> 0.026548/ 76>-0.042737/ 77>-0.735474/ 78> 0.057517/ 79>-0.352838/ 80>
            0.071073/ 81>-0.112767/ 82>-0.474467/ 83>-0.045411/ 84>-0.156432/ 85>-0.024710/ 86>-0.075483/ 87>
           -0.006640/ 88>

 E=3.7539   0.104572/ 89> 0.414665/ 90> 0.648259/ 91>-0.071825/ 92>-0.624438/ 93>-0.042380/ 94>

 E=3.8009   0.005753/ 74> 0.030881/ 75> 0.063738/ 76>-0.015067/ 77>-0.059061/ 78> 0.502729/ 79>-0.389054/ 80>
            0.425142/ 81>-0.301761/ 82> 0.468730/ 83> 0.221815/ 84> 0.168351/ 85> 0.076844/ 86> 0.108409/ 87>
            0.020534/ 88>

 E=3.9806   0.059232/ 74> 0.519561/ 75>-0.144309/ 76> 0.082954/ 77> 0.136669/ 78>-0.349098/ 79>-0.493575/ 80>
            0.031600/ 81>-0.292692/ 82> 0.028022/ 83>-0.387395/ 84>-0.224892/ 85>-0.150016/ 86> 0.059853/ 87>
           -0.022062/ 88>

 E=4.0129   0.684152/ 89>-0.162199/ 90>-0.036014/ 91> 0.173297/ 92>-0.096737/ 93> 0.681866/ 94>

 E=4.2942  -0.026840/ 74> 0.012143/ 75>-0.300085/ 76> 0.112845/ 77>-0.056547/ 78>-0.193336/ 79> 0.209352/ 80>
            0.412867/ 81>-0.215639/ 82>-0.106540/ 83>-0.212064/ 84> 0.556613/ 85> 0.124315/ 86>-0.454168/ 87>
           -0.084382/ 88>

 E=4.3824  -0.003782/ 46>-0.066041/ 47> 0.004783/ 48>-0.007538/ 49>-0.334143/ 50> 0.022632/ 51>-0.093355/ 52>
            0.009368/ 53>-0.012152/ 54>-0.671266/ 55> 0.013475/ 56>-0.263644/ 57> 0.012091/ 58>-0.080109/ 59>
            0.010778/ 60>-0.019030/ 61>-0.529882/ 62>-0.025509/ 63>-0.184183/ 64>-0.015991/ 65>-0.041673/ 66>
           -0.006043/ 67>-0.167526/ 68>-0.012530/ 69>-0.033349/ 70>-0.002798/ 71>-0.019485/ 72>-0.001115/ 73>


 E=4.6701  -0.395571/ 74>-0.122169/ 75> 0.094106/ 76> 0.525738/ 77>-0.083125/ 78>-0.013807/ 79> 0.132252/ 80>
           -0.296993/ 81>-0.444026/ 82> 0.087486/ 83> 0.067209/ 84> 0.112831/ 85>-0.396048/ 86> 0.043108/ 87>
            0.223101/ 88>

 E=4.6796  -0.035554/ 74> 0.323486/ 75> 0.062374/ 76> 0.156937/ 77> 0.328714/ 78> 0.495267/ 79> 0.153840/ 80>
            0.215324/ 81>-0.112388/ 82>-0.579309/ 83> 0.111503/ 84>-0.227817/ 85>-0.080465/ 86>-0.147543/ 87>
            0.037323/ 88>

 E=4.8662   0.004297/ 46> 0.064333/ 47>-0.030835/ 48> 0.010371/ 49> 0.231265/ 50>-0.233048/ 51> 0.106443/ 52>
           -0.072325/ 53> 0.022499/ 54> 0.124320/ 55>-0.569861/ 56> 0.145368/ 57>-0.313236/ 58> 0.113176/ 59>
           -0.140797/ 60> 0.067845/ 61>-0.311799/ 62>-0.412671/ 63>-0.150006/ 64>-0.176340/ 65>-0.056420/ 66>
           -0.040125/ 67>-0.183995/ 68>-0.100613/ 69>-0.047451/ 70>-0.017296/ 71>-0.027628/ 72>-0.006569/ 73>


 E=4.9038  -0.067831/ 74>-0.552038/ 75> 0.125901/ 76>-0.139206/ 77> 0.261639/ 78> 0.134419/ 79> 0.064361/ 80>
            0.266043/ 81>-0.097321/ 82> 0.046277/ 83>-0.617004/ 84>-0.213078/ 85>-0.222510/ 86> 0.064148/ 87>
           -0.051418/ 88>

 E=5.0252   0.402014/ 89>-0.263172/ 90> 0.315147/ 91> 0.560309/ 92> 0.193578/ 93>-0.564259/ 94>

 E=5.0254   0.012655/ 46> 0.153362/ 47>-0.017587/ 48> 0.012676/ 49> 0.376591/ 50>-0.060748/ 51>-0.008291/ 52>
           -0.000544/ 53>-0.016050/ 54> 0.014052/ 55>-0.067732/ 56>-0.601198/ 57> 0.088889/ 58>-0.463144/ 59>
            0.150184/ 60>-0.199438/ 61> 0.154400/ 62>-0.162311/ 63>-0.250884/ 64>-0.099881/ 65>-0.136202/ 66>
           -0.037974/ 67> 0.183631/ 68>-0.028296/ 69> 0.002032/ 70>-0.006734/ 71> 0.037244/ 72>

 E=5.1207  -0.000880/  1>-0.018306/  2> 0.000912/  3>-0.001450/  4>-0.122314/  5> 0.006464/  6>-0.023326/  7>
            0.001496/  8>-0.001836/  9>-0.386685/ 10> 0.014624/ 11>-0.109258/ 12> 0.006209/ 13>-0.020378/ 14>
            0.001733/ 15>-0.002082/ 16>-0.629679/ 17> 0.005407/ 18>-0.208799/ 19> 0.003050/ 20>-0.052667/ 21>
            0.001624/ 22>-0.011667/ 23> 0.001094/ 24>-0.002145/ 25>-0.535254/ 26>-0.013141/ 27>-0.168206/ 28>
           -0.006651/ 29>-0.038315/ 30>-0.002704/ 31>-0.006613/ 32>-0.000816/ 33>-0.236881/ 34>-0.011223/ 35>

-0.056901/ 36>-0.003707/ 37>-0.007702/ 38>-0.000572/ 39>-0.052544/ 40>-0.002829/ 41>-0.007178/ 42>
           -0.000371/ 43>-0.004905/ 44>

 E=5.1484   0.039578/ 74> 0.066244/ 75> 0.581356/ 76>-0.126516/ 77> 0.087983/ 78> 0.112573/ 79>-0.248629/ 80>
           -0.336709/ 81> 0.027541/ 82> 0.062849/ 83>-0.135139/ 84> 0.200745/ 85>-0.042619/ 86>-0.609277/ 87>
           -0.090311/ 88>

 E=5.3047  -0.002151/ 46>-0.007080/ 47>-0.045963/ 48> 0.008929/ 49> 0.034047/ 50>-0.249718/ 51> 0.120442/ 52>
           -0.050056/ 53> 0.023377/ 54>-0.078614/ 55>-0.117626/ 56> 0.088010/ 57> 0.361118/ 58>-0.198848/ 59>
            0.385504/ 60>-0.235837/ 61>-0.008884/ 62>-0.187286/ 63> 0.486709/ 64> 0.117944/ 65> 0.254779/ 66>
            0.080925/ 67>-0.364562/ 68>-0.123122/ 69>-0.017843/ 70>-0.009472/ 71>-0.093074/ 72>-0.013708/ 73>


 E=5.4828   0.572526/ 74>-0.002181/ 75>-0.097954/ 76>-0.333037/ 77>-0.021343/ 78> 0.008801/ 79> 0.094919/ 80>
           -0.027050/ 81>-0.144619/ 82>-0.037124/ 83> 0.083871/ 84> 0.158051/ 85>-0.491705/ 86>-0.028397/ 87>
            0.494509/ 88>

 E=5.5812   0.017010/ 46> 0.193458/ 47>-0.002925/ 48> 0.018829/ 49> 0.480393/ 50> 0.100469/ 51> 0.083094/ 52>
            0.037942/ 53> 0.002717/ 54> 0.225628/ 55> 0.375201/ 56> 0.077093/ 57> 0.214082/ 58> 0.071083/ 59>
            0.055626/ 60> 0.029323/ 61>-0.487923/ 62> 0.228964/ 63>-0.220332/ 64> 0.115923/ 65>-0.036818/ 66>
            0.026190/ 67>-0.311907/ 68> 0.009340/ 69>-0.077836/ 70>-0.047737/ 72>-0.001976/ 73>

 E=5.6064   0.048277/ 46> 0.346383/ 47>-0.083063/ 48> 0.004789/ 49>-0.023638/ 50>-0.143222/ 51>-0.526374/ 52>
            0.114449/ 53>-0.134973/ 54> 0.013228/ 55>-0.135090/ 56>-0.189801/ 57> 0.257036/ 58> 0.347246/ 59>
           -0.021785/ 60> 0.265137/ 61> 0.089242/ 62>-0.126579/ 63>-0.079286/ 64> 0.320925/ 65> 0.145513/ 66>
            0.155464/ 67> 0.032290/ 68>-0.207297/ 69>-0.073254/ 70>-0.020704/ 71> 0.025034/ 72>-0.019884/ 73>


 E=5.7778   0.001789/  1> 0.031671/  2>-0.008563/  3> 0.003026/  4> 0.163135/  5>-0.079605/  6> 0.039128/  7>
           -0.015037/  8> 0.003989/  9> 0.315844/ 10>-0.296914/ 11> 0.118783/ 12>-0.097733/ 13> 0.031388/ 14>
           -0.019753/ 15> 0.004868/ 16> 0.109552/ 17>-0.517888/ 18> 0.052769/ 19>-0.212423/ 20> 0.022486/ 21>
           -0.068671/ 22> 0.010904/ 23>-0.020001/ 24> 0.006136/ 25>-0.273916/ 26>-0.430091/ 27>-0.116782/ 28>
           -0.163587/ 29>-0.039824/ 30>-0.044938/ 31>-0.011737/ 32>-0.007898/ 33>-0.260232/ 34>-0.169802/ 35>

-0.080275/ 36>-0.044676/ 37>-0.014582/ 38>-0.005237/ 39>-0.081769/ 40>-0.029943/ 41>-0.013692/ 42>
           -0.003273/ 43>-0.009349/ 44>-0.001631/ 45>

 E=5.9121  -0.015180/ 46>-0.171856/ 47> 0.062407/ 48>-0.028267/ 49>-0.321556/ 50> 0.299673/ 51>-0.167631/ 52>
            0.115642/ 53>-0.039378/ 54> 0.331141/ 55> 0.209319/ 56> 0.106422/ 57> 0.245138/ 58>-0.020379/ 59>
            0.167287/ 60>-0.063887/ 61>-0.017323/ 62>-0.512187/ 63>-0.217608/ 64>-0.277800/ 65>-0.136846/ 66>
           -0.081639/ 67>-0.108620/ 68>-0.200673/ 69>-0.072308/ 70>-0.039788/ 71>-0.017198/ 72>-0.014797/ 73>


 E=5.9386   0.061067/ 74> 0.412940/ 75> 0.053937/ 76> 0.130739/ 77>-0.427049/ 78> 0.352570/ 79> 0.307996/ 80>
           -0.031160/ 81> 0.291166/ 82> 0.186272/ 83>-0.477190/ 84> 0.102066/ 85>-0.140855/ 86> 0.155723/ 87>
           -0.039344/ 88>

 E=5.9897  -0.009366/ 46> 0.015917/ 47>-0.161571/ 48> 0.042231/ 49>-0.014971/ 50>-0.040191/ 51> 0.037351/ 52>
            0.306323/ 53>-0.093464/ 54>-0.007877/ 55>-0.039418/ 56> 0.076763/ 57> 0.183793/ 58>-0.218101/ 59>
           -0.318855/ 60> 0.135814/ 61>-0.016801/ 62>-0.050469/ 63> 0.145918/ 64> 0.189703/ 65>-0.457191/ 66>
           -0.107812/ 67>-0.047456/ 68>-0.086012/ 69> 0.487195/ 70> 0.086863/ 71>-0.345198/ 72>-0.050234/ 73>


 E=6.0288  -0.004041/  1>-0.059753/  2> 0.002899/  3>-0.003110/  4>-0.232394/  5> 0.008538/  6>-0.006913/  7>
           -0.001015/  8> 0.002510/  9>-0.259640/ 10>-0.009625/ 11> 0.171772/ 12>-0.024192/ 13> 0.085916/ 14>
           -0.012471/ 15> 0.014649/ 16> 0.031072/ 17>-0.010340/ 18> 0.599148/ 19>-0.027227/ 20> 0.357060/ 21>
           -0.030243/ 22> 0.144595/ 23>-0.028717/ 24> 0.042886/ 25>-0.110665/ 26> 0.031236/ 27> 0.395105/ 28>
            0.039840/ 29> 0.213823/ 30> 0.027849/ 31> 0.062267/ 32> 0.011244/ 33>-0.287629/ 34> 0.002272/ 35>

 0.039241/ 36> 0.009253/ 37> 0.021377/ 38> 0.002690/ 39>-0.132084/ 40>-0.005181/ 41>-0.008381/ 42>
           -0.018869/ 44>-0.000689/ 45>

 E=6.0722   0.013272/ 46> 0.104780/ 47> 0.096522/ 48>-0.005443/ 49> 0.104745/ 50> 0.463695/ 51>-0.158090/ 52>
            0.115200/ 53>-0.046175/ 54>-0.002906/ 55> 0.035779/ 56>-0.267753/ 57>-0.362294/ 58>-0.107659/ 59>
           -0.261945/ 60> 0.044011/ 61> 0.163183/ 62>-0.033272/ 63> 0.306138/ 64>-0.063007/ 65> 0.168155/ 66>
            0.007355/ 67>-0.490303/ 68>-0.074909/ 69>-0.102021/ 70>-0.021316/ 71>-0.126496/ 72>-0.010524/ 73>


 E=6.1544  -0.047430/ 74>-0.100794/ 75>-0.602645/ 76> 0.074565/ 77>-0.025498/ 78> 0.240617/ 79>-0.082326/ 80>
           -0.163520/ 81> 0.175418/ 82> 0.275379/ 83> 0.049565/ 84>-0.349162/ 85>-0.184605/ 86>-0.509065/ 87>
           -0.050841/ 88>

 E=6.3512  -0.003223/  1>-0.053593/  2>-0.001056/  3>-0.004418/  4>-0.256946/  5>-0.029407/  6>-0.050748/  7>
           -0.004845/  8>-0.003898/  9>-0.460283/ 10>-0.176932/ 11>-0.132121/ 12>-0.061466/ 13>-0.021443/ 14>
           -0.012491/ 15>-0.001049/ 16>-0.148292/ 17>-0.380259/ 18>-0.047801/ 19>-0.182578/ 20>-0.001972/ 21>
           -0.071718/ 22> 0.009923/ 23>-0.026085/ 24> 0.009168/ 25> 0.381134/ 26>-0.293817/ 27> 0.107706/ 28>
           -0.125449/ 29> 0.015589/ 30>-0.038190/ 31>-0.001924/ 32>-0.006974/ 33> 0.397472/ 34>-0.083049/ 35>

 0.093747/ 36>-0.021696/ 37> 0.011357/ 38>-0.002312/ 39> 0.136779/ 40>-0.007213/ 41> 0.018910/ 42>
           -0.000568/ 43> 0.016932/ 44>

 E=6.3524   0.079297/ 46> 0.503061/ 47>-0.098703/ 48> 0.034390/ 49>-0.083339/ 50>-0.114484/ 51>-0.348459/ 52>
            0.014128/ 53>-0.090233/ 54>-0.001857/ 55> 0.035890/ 56> 0.149792/ 57>-0.020264/ 58>-0.016834/ 59>
            0.131617/ 60>-0.116202/ 61>-0.060913/ 62> 0.060743/ 63> 0.165370/ 64>-0.464076/ 65>-0.073035/ 66>
           -0.204636/ 67>-0.031823/ 68> 0.455512/ 69> 0.109135/ 70> 0.061489/ 71>-0.027639/ 72> 0.048652/ 73>


 E=6.4305  -0.313571/ 46>-0.006918/ 47> 0.038056/ 48> 0.463508/ 49>-0.010953/ 50> 0.014023/ 51> 0.071528/ 52>
           -0.099037/ 53>-0.489534/ 54>-0.004593/ 55> 0.012993/ 56> 0.040963/ 57>-0.075905/ 58>-0.157057/ 59>
            0.207802/ 60> 0.369710/ 61>-0.004144/ 62> 0.015879/ 63> 0.031533/ 64>-0.107119/ 65>-0.094389/ 66>
            0.337674/ 67>-0.006503/ 68> 0.038914/ 69> 0.012180/ 70>-0.250727/ 71> 0.016163/ 72> 0.133367/ 73>


 E=6.4422   0.563592/ 74>-0.110142/ 75>-0.016939/ 76> 0.198648/ 77>-0.026987/ 78> 0.077899/ 79> 0.166490/ 80>
           -0.222914/ 81>-0.393103/ 82> 0.016626/ 83> 0.043582/ 84>-0.071345/ 85> 0.049821/ 86> 0.071259/ 87>
           -0.613941/ 88>

 E=6.4550   0.002957/  1> 0.039248/  2>-0.017735/  3> 0.003501/  4> 0.115883/  5>-0.114137/  6> 0.016686/  7>
           -0.009934/  8>-0.000436/  9> 0.011425/ 10>-0.211664/ 11>-0.077841/ 12> 0.054986/ 13>-0.066487/ 14>
            0.041242/ 15>-0.018196/ 16>-0.112144/ 17>-0.080077/ 18>-0.137137/ 19> 0.387638/ 20>-0.232520/ 21>
            0.350730/ 22>-0.215142/ 23> 0.214279/ 24>-0.130333/ 25> 0.145121/ 26>-0.157745/ 27> 0.399096/ 28>
            0.205647/ 29> 0.225880/ 30> 0.150353/ 31> 0.085487/ 32> 0.044756/ 33>-0.191237/ 34>-0.174541/ 35>

 0.083162/ 36> 0.005889/ 37> 0.035621/ 38> 0.007367/ 39>-0.163302/ 40>-0.055376/ 41>-0.010756/ 42>
           -0.003417/ 43>-0.029289/ 44>-0.004387/ 45>

 E=6.6399   0.012781/  1> 0.140844/  2>-0.018254/  3> 0.004269/  4> 0.297153/  5>-0.071364/  6>-0.068708/  7>
            0.006796/  8>-0.014964/  9>-0.072390/ 10>-0.062973/ 11>-0.500237/ 12> 0.104806/ 13>-0.159216/ 14>
            0.043031/ 15>-0.020793/ 16> 0.073777/ 17>-0.049930/ 18>-0.052129/ 19> 0.148887/ 20> 0.411357/ 21>
           -0.008235/ 22> 0.409194/ 23>-0.126511/ 24> 0.196624/ 25> 0.008924/ 26>-0.037207/ 27>-0.137243/ 28>
            0.214665/ 29> 0.133130/ 30> 0.151317/ 31> 0.106435/ 32> 0.050787/ 33> 0.011900/ 34>-0.125192/ 35>

-0.129966/ 36>-0.001229/ 37>-0.019315/ 38> 0.003660/ 39> 0.056046/ 40>-0.037618/ 41>-0.014145/ 42>
           -0.003229/ 43> 0.014809/ 44>-0.002303/ 45>

 E=6.6942  -0.010114/ 46>-0.023170/ 47>-0.404334/ 48> 0.056308/ 49>-0.024112/ 50>-0.059570/ 51> 0.132921/ 52>
            0.499888/ 53>-0.078927/ 54>-0.019668/ 55>-0.022345/ 56> 0.088722/ 57> 0.124232/ 58>-0.192448/ 59>
           -0.261279/ 60> 0.024376/ 61>-0.002246/ 62>-0.003409/ 63> 0.051573/ 64>-0.042995/ 65> 0.049526/ 66>
           -0.050949/ 67>-0.025307/ 68> 0.084776/ 69>-0.400285/ 70>-0.039740/ 71> 0.491703/ 72> 0.060999/ 73>


 E=6.8360   0.021523/ 46> 0.215638/ 47> 0.037713/ 48> 0.033203/ 49> 0.337346/ 50> 0.250343/ 51> 0.219938/ 52>
            0.043763/ 53> 0.045856/ 54>-0.437376/ 55> 0.230067/ 56> 0.149789/ 57> 0.085866/ 58> 0.223666/ 59>
           -0.029703/ 60> 0.107071/ 61> 0.015652/ 62>-0.398506/ 63> 0.202745/ 64>-0.166518/ 65> 0.084163/ 66>
           -0.024680/ 67> 0.336535/ 68>-0.136744/ 69> 0.106995/ 70>-0.016841/ 71> 0.076867/ 72>-0.008010/ 73>


 E=6.8433  -0.004708/  1>-0.067435/  2> 0.025758/  3>-0.007920/  4>-0.239618/  5> 0.186654/  6>-0.080692/  7>
            0.039733/  8>-0.010342/  9>-0.155898/ 10> 0.434791/ 11>-0.158705/ 12> 0.171240/ 13>-0.064873/ 14>
            0.041934/ 15>-0.012659/ 16> 0.311246/ 17> 0.168243/ 18>-0.027171/ 19> 0.096921/ 20>-0.065139/ 21>
            0.053362/ 22>-0.043035/ 23> 0.029962/ 24>-0.020833/ 25> 0.087152/ 26>-0.407429/ 27>-0.121825/ 28>
           -0.197003/ 29>-0.085656/ 30>-0.070826/ 31>-0.032909/ 32>-0.016499/ 33>-0.254806/ 34>-0.331457/ 35>

-0.142943/ 36>-0.102916/ 37>-0.036245/ 38>-0.014098/ 39>-0.136021/ 40>-0.079953/ 41>-0.031405/ 42>
           -0.009809/ 43>-0.019924/ 44>-0.005184/ 45>

 E=6.9639   0.000507/  1>-0.008271/  2> 0.028059/  3>-0.005828/  4>-0.054687/  5> 0.119448/  6>-0.051586/  7>
           -0.007943/  8> 0.028846/ 10> 0.009938/ 11> 0.020639/ 12>-0.241732/ 13> 0.129893/ 14>-0.093956/ 15>
            0.038571/ 16>-0.001649/ 17> 0.042343/ 18>-0.080886/ 19>-0.113081/ 20> 0.144126/ 21> 0.227991/ 22>
           -0.072306/ 23> 0.295590/ 24>-0.164836/ 25> 0.027926/ 26> 0.025745/ 27>-0.085742/ 28>-0.171973/ 29>
            0.404198/ 30> 0.061033/ 31> 0.263026/ 32> 0.072662/ 33>-0.018267/ 34> 0.067454/ 35>-0.483964/ 36>

-0.110569/ 37>-0.110059/ 38>-0.023077/ 39> 0.343660/ 40> 0.073639/ 41>-0.034563/ 42>-0.002988/ 43>
            0.098800/ 44> 0.010037/ 45>

  Q20Q22:  0.00 SEC    QTME:  0.00 SEC

 Q0= 546.943 HBAR/MW0     Q2=-204.392 HBAR/MW0     GAMMA= 27.9 DEG   FOR 81 PARTICLES;  A=207

1
 **********************************************  SINGLE PARTICLE MATRIX ELEMENTS  ***********************************************


   ENY   EMY     A+B     C      D      E    JZ    S0    S+    S-  <R2S> <R4S>  R2DZ  R2D+  R2D-  Q20S  Q22S   Q20   Q22  RHO2    R2


  5.03+ MY=NY  0.671  0.328   2.22  -3.43  0.11  0.49  0.95 -0.01  3.50 16.72 -0.62 -0.40  1.32 -1.96  2.39 -0.11  0.88  3.50  3.11
  5.03+ 5.03+  0.000  0.000   0.00  -0.00  0.00  0.00  0.00 -0.00  3.54****** -0.00 -0.00  0.00 -0.00  0.00  0.00  0.00  0.00  0.00
  5.12+ 5.03+ -0.000  0.000   0.00   0.00 -0.00 -0.00 -0.00  0.00************ -0.00 -0.00  0.00 -0.00 -0.00 -0.00 -0.00 -0.00 -0.00
  5.15+ 5.03+  0.000  0.000  -0.00   0.00  0.00 -0.00 -0.00  0.00************  0.03 -0.01  0.00  0.01  0.02  0.00  0.02 -0.02 -0.03
  5.30+ 5.03+ -0.000 -0.000  -0.00  -0.00  0.00  0.00  0.00 -0.00  7.50******  0.00  0.00  0.00  0.00  0.00  0.00  0.00 -0.00  0.00
  5.48+ 5.03+  0.000  0.000  -0.00  -0.00 -0.00 -0.00  0.00 -0.00************ -0.03  0.04  0.03 -0.05 -0.08 -0.06 -0.12  0.08  0.11
  5.58+ 5.03+ -0.000  0.000   0.00   0.00  0.00  0.00 -0.00  0.00  7.50******  0.00  0.00  0.00 -0.00 -0.00 -0.00 -0.00  0.00 -0.00
  5.61+ 5.03+  0.000 -0.000   0.00   0.00  0.00  0.00  0.00 -0.00  7.50******  0.00 -0.00 -0.00 -0.00 -0.00 -0.00 -0.00  0.00 -0.00
  5.78+ 5.03+ -0.000  0.000  -0.00  -0.00 -0.00 -0.00 -0.00  0.00************  0.00  0.00  0.00  0.00  0.00  0.00  0.00  0.00  0.00
  5.91+ 5.03+ -0.000  0.000  -0.00   0.00 -0.00  0.00  0.00  0.00  7.50******  0.00  0.00 -0.00  0.00 -0.00  0.00 -0.00  0.00  0.00
  5.94+ 5.03+ -0.000  0.000  -0.00   0.00 -0.00 -0.00 -0.00 -0.00************  0.15  0.11  0.01  1.51  0.04  2.78  0.13  0.48  1.10

  5.03+ MY=NY  3.407  2.736  22.83  17.59  0.46  0.22  0.70  0.27  7.50 74.27  0.13  0.67 -1.19  7.27 -1.80 16.16 -2.96  7.50 12.65
  5.12+ 5.03+  0.000  0.000   0.00   0.00  0.00  0.00  0.00  0.00************ -0.02 -0.00  0.02 -0.58 -0.19 -1.04 -0.26 -0.05 -0.19
  5.15+ 5.03+  0.000  0.000   0.00   0.00  0.00  0.00 -0.00  0.00************ -0.02  0.00  0.00 -0.01  0.00 -0.02  0.00 -0.00 -0.01
  5.30+ 5.03+ -1.061 -2.944  -3.21 -12.85  0.61  0.39  0.38 -0.40  7.50 75.17  1.29  0.21  0.38  2.28  0.96  3.99  1.28 -0.00  0.45
  5.48+ 5.03+  0.000  0.000   0.00  -0.00 -0.00 -0.00  0.00 -0.00************ -0.00  0.00  0.00 -0.00 -0.00 -0.00 -0.00  0.00 -0.00
  5.58+ 5.03+ -0.965  1.097   0.74   2.56  0.84  0.06 -0.07  0.00  7.50 66.74  0.65  0.18  0.50 -0.41 -0.09 -0.70 -0.16  0.00 -0.11
  5.61+ 5.03+  0.979 -0.024   5.16  18.60  0.19  0.14  0.16 -0.15  7.50 65.43  0.23 -0.00 -0.07 -3.02 -1.26 -5.29 -1.69  0.00 -0.59
  5.78+ 5.03+ -0.000  0.000  -0.00  -0.00 -0.00 -0.00 -0.00  0.00************  0.08  0.08  0.04  0.92  0.26  1.66  0.35  0.13  0.39
  5.91+ 5.03+ -0.610  0.575  -3.98   8.02 -0.70  0.03  0.17  0.06  7.50 76.91  0.36  0.22 -0.72  0.36 -0.26  0.51 -0.19  0.00  0.20
  5.94+ 5.03+ -0.000  0.000  -0.00   0.00 -0.00 -0.00 -0.00 -0.00************  0.01 -0.00 -0.00  0.06 -0.01  0.10 -0.00  0.01  0.04

  5.12+ MY=NY  8.274  8.274  74.67 126.32  0.00  0.00  0.50  0.50  9.50101.20  0.00  1.41 -1.41  6.81 -3.75 16.10 -5.54  9.50 15.70
  5.15+ 5.12+  0.000  0.000   0.00   0.00 -0.00 -0.00  0.00 -0.00  5.52******  0.00  0.00 -0.00  0.00 -0.00  0.00 -0.00  0.00  0.00
  5.30+ 5.12+ -0.000 -0.000   0.00   0.00  0.00  0.00  0.00 -0.00************ -0.02  0.01  0.01  0.15  0.05  0.28  0.07  0.01  0.05
  5.48+ 5.12+ -0.000 -0.000  -0.00   0.00  0.00  0.00 -0.00  0.00  5.45******  0.00 -0.00 -0.00 -0.00 -0.00 -0.00 -0.00  0.00 -0.00
  5.58+ 5.12+  0.000  0.000   0.00   0.00  0.00  0.00  0.00 -0.00************  0.04 -0.02 -0.02 -0.01 -0.00 -0.02 -0.00 -0.00 -0.00
  5.61+ 5.12+  0.000  0.000   0.00   0.00  0.00  0.00  0.00 -0.00************ -0.01  0.00  0.01 -0.07 -0.02 -0.12 -0.03 -0.00 -0.02
  5.78+ 5.12+ -1.318  1.326   0.03   0.12 -1.02 -0.46 -0.47  0.47  9.50101.54 -1.29  0.03  0.03 -0.02 -0.01 -0.03 -0.01  0.00 -0.00
  5.91+ 5.12+  0.000 -0.000  -0.00   0.00 -0.00  0.00  0.00 -0.00************ -0.00  0.00  0.00 -0.03 -0.01 -0.05 -0.01 -0.00 -0.01
  5.94+ 5.12+  0.000 -0.000   0.00   0.00  0.00  0.00 -0.00 -0.00  5.69******  0.00 -0.00  0.00 -0.00 -0.00 -0.00 -0.00 -0.00 -0.00

  5.15+ MY=NY  0.272 -0.205   9.92   0.35 -0.42 -0.38 -0.10 -0.80  5.50 37.10  0.86 -0.21 -0.65 -0.56 -1.04  2.39 -2.83  5.50  7.24
  5.30+ 5.15+ -0.000 -0.000   0.00   0.00 -0.00 -0.00  0.00 -0.00************ -0.02 -0.01  0.01  0.02 -0.01  0.04 -0.00 -0.00  0.01
  5.48+ 5.15+ -1.577 -1.187  -0.45   0.91  0.09  0.16 -0.17  0.17  5.50 38.77  0.27 -0.34 -0.31 -0.28 -0.15 -0.51 -0.19 -0.00 -0.05
  5.58+ 5.15+ -0.000 -0.000   0.00   0.00  0.00  0.00 -0.00  0.00************ -0.04 -0.02 -0.00  0.39  0.11  0.69  0.15  0.05  0.15
  5.61+ 5.15+ -0.000 -0.000   0.00   0.00  0.00  0.00 -0.00 -0.00************  0.15 -0.02  0.00 -0.04 -0.02 -0.07 -0.03  0.00  0.00
  5.78+ 5.15+ -0.000  0.000   0.00   0.00 -0.00 -0.00 -0.00  0.00  9.52****** -0.00  0.00  0.00  0.00  0.00  0.00  0.00  0.00  0.00
  5.91+ 5.15+  0.000 -0.000  -0.00   0.00  0.00  0.00 -0.00 -0.00************  0.00 -0.01  0.04  0.82  0.16  1.49  0.23  0.17  0.43
  5.94+ 5.15+  0.509 -0.532  -0.04  -0.00  0.25  0.02 -0.05 -0.08  5.50 36.62  0.28 -0.33  0.14 -0.02 -0.13 -0.07 -0.13  0.00  0.04

  5.30+ MY=NY -0.594 -1.050  18.60   9.85 -0.69 -0.15  0.34  0.58  7.50 73.19  1.44  2.00  0.52  5.84 -2.32 13.68 -3.68  7.50 12.35
  5.48+ 5.30+ -0.000 -0.000  -0.00  -0.00  0.00  0.00 -0.00 -0.00************  0.02  0.00  0.00 -0.01  0.00 -0.01 -0.00 -0.00 -0.01
  5.58+ 5.30+ -0.270 -0.525  -0.32   3.07 -0.21 -0.04 -0.07 -0.03  7.50 62.19 -0.33 -0.35 -0.01  0.01  0.10  0.05  0.09 -0.00 -0.03
  5.61+ 5.30+ -3.231 -1.735   1.48   2.74 -0.26 -0.23 -0.25  0.23  7.50 78.03 -1.16 -0.59 -0.37 -0.21 -0.08 -0.37 -0.11  0.00 -0.05
  5.78+ 5.30+  0.000  0.000   0.00   0.00 -0.00 -0.00 -0.00  0.00************ -0.02 -0.00 -0.02  0.95  0.29  1.71  0.40  0.11  0.36
  5.91+ 5.30+ -1.091  1.098  -1.15   2.00 -0.34  0.04  0.07  0.02  7.50 81.27  0.67  0.10 -0.35  0.11 -0.07  0.16 -0.05  0.00  0.06
  5.94+ 5.30+ -0.000  0.000   0.00   0.00 -0.00  0.00  0.00 -0.00************  0.02  0.01  0.01  0.03 -0.01  0.04 -0.01  0.01  0.02

  5.48+ MY=NY -0.227  0.298   3.46   0.76  0.52  0.47 -0.86 -0.03  5.50 38.37 -1.19  0.79  0.33 -3.76 -2.32 -3.20 -4.57  5.50  6.60
  5.58+ 5.48+  0.000  0.000  -0.00  -0.00  0.00  0.00 -0.00  0.00************  0.01  0.00  0.00  0.08  0.02  0.13  0.03  0.01  0.03
  5.61+ 5.48+  0.000 -0.000   0.00   0.00  0.00  0.00 -0.00 -0.00************  0.01 -0.01  0.01  0.01 -0.01  0.01 -0.01 -0.00  0.00
  5.78+ 5.48+  0.000  0.000  -0.00  -0.00  0.00  0.00 -0.00 -0.00  2.16****** -0.00  0.00 -0.00 -0.00  0.00 -0.00  0.00 -0.00 -0.00
  5.91+ 5.48+  0.000 -0.000   0.00   0.00  0.00  0.00 -0.00  0.00************ -0.01  0.01 -0.00 -0.26 -0.07 -0.47 -0.10 -0.04 -0.11
  5.94+ 5.48+  0.060 -0.037  -0.13   0.48  0.06  0.00  0.02  0.01  5.50 25.79  0.04  0.00 -0.07  0.04  0.04  0.07  0.04  0.00 -0.00

  5.58+ MY=NY -4.943 -4.968  37.48  29.83  0.01 -0.02 -0.40 -0.46  7.50 64.86 -0.03  0.01  0.03  4.63 -0.71 12.23 -2.33  7.50 11.43
  5.61+ 5.58+  0.568  0.675  -3.20  -0.08  0.21  0.05  0.14  0.06  7.50 74.19 -0.06 -0.07 -0.17 -0.35 -0.39 -0.68 -0.43  0.00  0.01
  5.78+ 5.58+  0.000  0.000  -0.00  -0.00 -0.00 -0.00 -0.00  0.00************ -0.00 -0.04  0.04  0.48  0.10  0.86  0.15  0.06  0.21
  5.91+ 5.58+  1.023  0.056  -0.99  -9.31 -0.38 -0.43  0.44 -0.44  7.50 65.98 -0.54  0.44  0.45  1.13  0.49  1.99  0.65  0.00  0.22
  5.94+ 5.58+  0.000 -0.000   0.00  -0.00 -0.00 -0.00  0.00 -0.00************ -0.03 -0.01 -0.01 -0.00  0.00 -0.00  0.00  0.00 -0.00

  5.61+ MY=NY  0.027 -0.303  16.83  13.94  1.12  0.34  0.76  0.14  7.50 74.23 -1.23 -0.63 -2.13  1.80 -3.92  6.61 -5.86  7.50 11.52
  5.78+ 5.61+ -0.000 -0.000   0.00   0.00 -0.00 -0.00 -0.00  0.00************  0.01  0.01 -0.00  0.29  0.10  0.52  0.14  0.02  0.09
  5.91+ 5.61+ -0.242  0.186   0.70  -0.21 -0.21  0.06 -0.04  0.06  7.50 69.58  0.15 -0.17 -0.23 -0.18 -0.09 -0.33 -0.12 -0.00 -0.03
  5.94+ 5.61+ -0.000  0.000   0.00  -0.00  0.00  0.00  0.00 -0.00************  0.01  0.01  0.01 -0.02  0.03 -0.02  0.03 -0.01 -0.03

  5.78+ MY=NY -7.139 -7.154  60.84  85.60 -0.01  0.00  0.38  0.38  9.50102.11  0.02  0.46 -0.44  7.26 -3.25 17.00 -4.99  9.50 15.69
  5.91+ 5.78+  0.000  0.000  -0.00  -0.00  0.00  0.00 -0.00 -0.00************ -0.05 -0.01 -0.02 -0.02 -0.01 -0.04 -0.01 -0.00 -0.01
  5.94+ 5.78+  0.000  0.000  -0.00  -0.00  0.00  0.00  0.00 -0.00  5.86****** -0.00 -0.00  0.00 -0.00  0.00 -0.00  0.00 -0.00 -0.00

  5.91+ MY=NY  3.003  2.776  29.28  -4.92  0.05 -0.02 -0.39 -0.49  7.50 67.63 -0.78  0.66  0.52  6.21  0.17 15.06 -1.23  7.50 11.67
  5.94+ 5.91+  0.000  0.000   0.00  -0.00  0.00  0.00  0.00  0.00************ -0.06 -0.00  0.02  0.04  0.02  0.08  0.01  0.02  0.03

  5.94+ MY=NY  1.782  1.212  14.75 -13.43  0.21  0.38  0.85  0.08  5.50 37.59 -0.12 -0.20  1.18  1.60  2.21  6.91  0.63  5.50  6.93

 DECOUP:  0.00 SEC



   #   ENERGY +/-(#)    <Q20>    <Q22>     <R2>     <JZ>      #   ENERGY +/-(#)    <Q20>    <Q22>     <R2>     <JZ>

   1   1.5000  +(# 1)   0.9889  -0.4761   1.9364   0.5000    41   5.4962  -(#20)   3.5702   0.7979   5.0422   0.1313
   2   1.9691  -(# 1)   4.2622  -0.6685   3.8128   0.4168    42   5.5458  -(#21)  17.3744  -3.7709  14.2810   0.2126
   3   2.2631  -(# 2)   0.2379  -1.9025   3.3391  -0.6636    43   5.5510  -(#22)  -4.9348  -8.2745   8.6952  -1.6227
   4   2.4563  +(# 2)   7.7328  -0.8011   5.7128   0.3693    44   5.5812  +(#22)  12.2271  -2.3256  11.4336   0.0182
   5   2.7366  +(# 3)   3.5619  -2.0868   5.2245  -0.4142    45   5.5937  -(#23)   6.8899  -2.6367   9.2611  -0.3594
   6   2.9612  -(# 3)   9.7526  -1.3935   7.4480   0.2109    46   5.6064  +(#23)   6.6144  -5.8644  11.5193   1.1907
   7   3.0151  +(# 4)  -0.7463  -3.4069   4.7170   0.7231    47   5.7458  -(#24)  -1.2648  -0.6845   4.4729  -0.2454
   8   3.2509  -(# 4)   8.7298  -1.6647   7.3102  -0.2462    48   5.7778  +(#24)  16.9989  -4.9895  15.6899  -0.0059
   9   3.2678  -(# 5)   0.4445   0.1907   2.5300  -0.2531    49   5.8714  -(#25)  19.6505  -2.9224  14.4871  -0.5752
  10   3.4789  +(# 5)  11.0448  -2.2157   9.1005   0.0858    50   5.9042  -(#26)   1.5970  -4.2755   8.6445   0.4412
  11   3.4956  -(# 6)   3.1209  -3.4070   6.6592   0.6440    51   5.9121  +(#25)  15.0559  -1.2285  11.6723   0.0533
  12   3.7539  +(# 6)   3.9988   0.0638   4.4480  -0.2470    52   5.9386  +(#26)   6.9146   0.6281   6.9266   0.1915
  13   3.8009  +(# 7)  13.3954  -1.4100   9.3422  -0.1643    53   5.9816  -(#27)  13.5781  -3.1715  13.1100   0.0120
  14   3.8094  -(# 7)  -2.4835  -5.1606   6.0139  -1.0504    54   5.9897  +(#27)   0.3692  -7.8064  10.7952  -1.5848
  15   3.9283  -(# 8)  12.1493  -3.0966  10.7312   0.0219    55   6.0288  +(#28)  17.9655  -4.7675  15.8342   0.0620
  16   3.9806  +(# 8)   7.3358  -3.3222   8.6512   0.6811    56   6.0722  +(#29)  11.6502  -2.3485  11.3025  -0.3168
  17   4.0129  +(# 9)  -0.5874  -1.3093   3.8945   0.4924    57   6.1088  -(#28)  12.0476  -5.3207  13.6196   1.2871
  18   4.2114  -(# 9)   7.2627  -0.1578   6.3341  -0.2158    58   6.1544  +(#30)   2.9433  -0.5935   6.4607  -0.2382
  19   4.2942  +(#10)   2.2554  -4.9011   8.0618  -0.9589    59   6.2796  -(#29)  -4.4096  -6.1398   7.9467  -0.4968
  20   4.3506  -(#10)  15.3153  -1.9962  11.0507  -0.1467    60   6.3512  +(#31)  14.9436  -4.0501  14.8034  -0.0108
  21   4.3824  +(#11)  13.6268  -3.8598  12.4045   0.0058    61   6.3524  +(#32)   6.5791  -3.9105  10.7084   0.3876
  22   4.4539  -(#11)   3.5824  -1.2405   5.8821   0.3557    62   6.3865  -(#30)   9.2872   0.1164   8.7147   0.1331
  23   4.4911  -(#12)  12.1958  -2.9963  10.7014   0.6698    63   6.3995  -(#31)  15.5204  -2.2818  13.2179   0.0284
  24   4.6701  +(#12)  -3.3846  -6.5912   7.3817   1.2229    64   6.4305  +(#33)  -6.1948  -9.8140  10.0204   1.9532
  25   4.6796  +(#13)   9.1507  -0.8312   8.0705  -0.1280    65   6.4422  +(#34)  -2.5891  -2.3301   5.8260   0.3137
  26   4.7301  -(#13)  -1.9140  -2.9515   5.2456  -0.5340    66   6.4550  +(#35)  21.9534  -3.2725  16.1919  -0.4492
  27   4.7679  -(#14)  14.8592  -4.7001  14.0497   0.0010    67   6.4629  -(#32)   6.0492  -7.1410  12.9057  -1.7090
  28   4.7865  -(#15)   7.7351  -4.3635  10.1760  -0.9054    68   6.5706  -(#33)  16.0120  -2.2164  13.3108  -0.2009
  29   4.8662  +(#14)  15.7088  -3.0828  12.5927  -0.0799    69   6.5913  -(#34)   7.4940  -0.3810   8.4821  -0.1586
  30   4.9038  +(#15)   8.2177  -0.9867   7.9071   0.2216    70   6.6399  +(#36)  18.0251  -4.5492  15.7591   1.2950
  31   5.0252  +(#16)  -0.1149   0.8753   3.1126   0.0764    71   6.6942  +(#37)   0.5462  -5.7918  10.0111  -0.4474
  32   5.0254  +(#17)  16.1609  -2.9598  12.6523   0.4781    72   6.8295  -(#35)  12.3830  -3.2728  12.8605   0.2935
  33   5.1207  +(#18)  16.1046  -5.5362  15.6965   0.0002    73   6.8360  +(#38)  10.9567  -0.6124  10.4206   0.0706
  34   5.1288  -(#16)   9.1129  -2.3749   9.6952   0.2204    74   6.8410  -(#36)   1.8175  -2.1797   7.8377   0.2759
  35   5.1357  -(#17)   3.1189  -5.4516   9.4982   0.9918    75   6.8433  +(#39)  15.9877  -3.3371  14.7651   0.0121
  36   5.1484  +(#19)   2.3872  -2.8307   7.2438  -0.4269    76   6.8456  -(#37)  -0.6885   1.5802   3.6834  -0.0499
  37   5.3047  +(#20)  13.6793  -3.6839  12.3451  -0.7412    77   6.8750  -(#38)  -0.5364  -9.1365  12.1207   2.1198
  38   5.3427  -(#18)  16.1669  -4.1078  14.1251  -0.0258    78   6.9639  +(#40)  12.3944  -6.1996  15.0650  -1.8154
  39   5.3992  -(#19)  12.5104  -0.8294   9.8883   0.1011    79   7.0630  +(#41)  11.8090  -0.2260  10.4697  -0.0822
  40   5.4828  +(#21)  -3.2043  -4.5716   6.5964   0.5256    80   7.0689  +(#42)  17.6768  -2.9940  15.0356  -0.0502



     PARITY: +     DIMENSION:  95     MATRIX:   0.0 SEC     DIAGONALISATION:   0.0 SEC
     PARITY: -     DIMENSION:  70     MATRIX:   0.0 SEC     DIAGONALISATION:   0.0 SEC
      TOTAL TIME:   0.0 SEC
