


         KAPPAP      MYP     KAPPAN      MYN
    0    0.1200    0.0000    0.1200    0.0000
    1    0.1200    0.0000    0.1200    0.0000
    2    0.1050    0.0000    0.1050    0.0000
    3    0.0900    0.3000    0.0900    0.2500
    4    0.0650    0.5700    0.0700    0.3900
    5    0.0600    0.6500    0.0620    0.4300
    6    0.0540    0.6900    0.0620    0.3400
    7    0.0540    0.6900    0.0620    0.2600
    8    0.0540    0.6900    0.0620    0.2600


     KAPPA    MY     EPS   GAMMA    EPS4     EPS6     W0/W00   NMAX  COUPL     OMROT      EFAC      QFAC
      SEE TABLE     1.040   14.0   0.000    0.000    1.20080     8     0     0.00000   7.71962   5.37591


                     **** PROTONS ****                     **** STRETCHED COORDINATES ****
    SYMMETRY R1= 1


   BASIS FUNCTIONS /N,L,J,OMEGA>,   PARITY -


   1 / 7 7 15/2 13/2>    15 / 7 5 11/2  1/2>    29 / 7 7 13/2 -7/2>    43 / 5 5 11/2  1/2>    57 / 5 5 11/2-11/2>
   2 / 7 7 13/2 13/2>    16 / 7 5  9/2  1/2>    30 / 7 5 11/2 -7/2>    44 / 5 5  9/2  1/2>    58 / 3 3  7/2  5/2>
   3 / 7 7 15/2  9/2>    17 / 7 3  7/2  1/2>    31 / 7 5  9/2 -7/2>    45 / 5 3  7/2  1/2>    59 / 3 3  5/2  5/2>
   4 / 7 7 13/2  9/2>    18 / 7 3  5/2  1/2>    32 / 7 3  7/2 -7/2>    46 / 5 3  5/2  1/2>    60 / 3 3  7/2  1/2>
   5 / 7 5 11/2  9/2>    19 / 7 1  3/2  1/2>    33 / 7 7 15/2-11/2>    47 / 5 1  3/2  1/2>    61 / 3 3  5/2  1/2>
   6 / 7 5  9/2  9/2>    20 / 7 1  1/2  1/2>    34 / 7 7 13/2-11/2>    48 / 5 1  1/2  1/2>    62 / 3 1  3/2  1/2>
   7 / 7 7 15/2  5/2>    21 / 7 7 15/2 -3/2>    35 / 7 5 11/2-11/2>    49 / 5 5 11/2 -3/2>    63 / 3 1  1/2  1/2>
   8 / 7 7 13/2  5/2>    22 / 7 7 13/2 -3/2>    36 / 7 7 15/2-15/2>    50 / 5 5  9/2 -3/2>    64 / 3 3  7/2 -3/2>
   9 / 7 5 11/2  5/2>    23 / 7 5 11/2 -3/2>    37 / 5 5 11/2  9/2>    51 / 5 3  7/2 -3/2>    65 / 3 3  5/2 -3/2>
  10 / 7 5  9/2  5/2>    24 / 7 5  9/2 -3/2>    38 / 5 5  9/2  9/2>    52 / 5 3  5/2 -3/2>    66 / 3 1  3/2 -3/2>
  11 / 7 3  7/2  5/2>    25 / 7 3  7/2 -3/2>    39 / 5 5 11/2  5/2>    53 / 5 1  3/2 -3/2>    67 / 3 3  7/2 -7/2>
  12 / 7 3  5/2  5/2>    26 / 7 3  5/2 -3/2>    40 / 5 5  9/2  5/2>    54 / 5 5 11/2 -7/2>    68 / 1 1  3/2  1/2>
  13 / 7 7 15/2  1/2>    27 / 7 1  3/2 -3/2>    41 / 5 3  7/2  5/2>    55 / 5 5  9/2 -7/2>    69 / 1 1  1/2  1/2>
  14 / 7 7 13/2  1/2>    28 / 7 7 15/2 -7/2>    42 / 5 3  5/2  5/2>    56 / 5 3  7/2 -7/2>    70 / 1 1  3/2 -3/2>


    SINGLE PARTICLE (PARITY-) WAVE FUNCTIONS IN THE ENERGY INTERVAL 0.0<E<7.0

 E=1.8092   0.883004/ 68>-0.468945/ 69> 0.019881/ 70>

 E=2.5059  -0.008063/ 58> 0.002009/ 59>-0.622155/ 60> 0.310113/ 61>-0.627012/ 62> 0.349705/ 63>-0.031869/ 64>
           -0.007756/ 65>-0.013048/ 66>

 E=2.6650   0.193558/ 68> 0.402397/ 69> 0.894769/ 70>

 E=3.0259  -0.427598/ 68>-0.786237/ 69> 0.446086/ 70>

 E=3.2770   0.016196/ 58>-0.002238/ 59> 0.250799/ 60> 0.320392/ 61>-0.015656/ 62> 0.223088/ 63> 0.759014/ 64>
            0.294645/ 65> 0.348160/ 66> 0.005955/ 67>

 E=3.3680  -0.000327/ 37>-0.022856/ 39> 0.007344/ 40>-0.011650/ 41> 0.003141/ 42>-0.478422/ 43> 0.211987/ 44>
           -0.585945/ 45> 0.318543/ 46>-0.455485/ 47> 0.263440/ 48>-0.049047/ 49>-0.004229/ 50>-0.034839/ 51>
           -0.006068/ 52>-0.010345/ 53>-0.001316/ 54>-0.000319/ 56>

 E=3.6280   0.041962/ 58>-0.007111/ 59> 0.513711/ 60> 0.600140/ 61> 0.034362/ 62> 0.398048/ 63>-0.393256/ 64>
           -0.157865/ 65>-0.186859/ 66>-0.003047/ 67>

 E=3.9779  -0.000404/ 37>-0.020903/ 39>-0.002487/ 40>-0.008099/ 41>-0.000327/ 42>-0.236520/ 43>-0.268625/ 44>
           -0.102877/ 45>-0.299327/ 46> 0.064664/ 47>-0.162920/ 48>-0.596318/ 49>-0.251377/ 50>-0.493839/ 51>
           -0.214519/ 52>-0.176911/ 53>-0.021028/ 54>-0.005728/ 55>-0.005608/ 56>

 E=4.1294   0.792120/ 58>-0.207330/ 59> 0.234917/ 60>-0.311251/ 61>-0.341500/ 62> 0.103789/ 63> 0.095411/ 64>
           -0.197601/ 65>-0.043724/ 66> 0.006463/ 67>

 E=4.2582  -0.001354/  3>-0.000477/  5>-0.039762/  7> 0.011224/  8>-0.029784/  9> 0.009198/ 10>-0.011529/ 11>
            0.003029/ 12>-0.413617/ 13> 0.132673/ 14>-0.536547/ 15> 0.219867/ 16>-0.492897/ 17> 0.254438/ 18>
           -0.338611/ 19> 0.191445/ 20>-0.078790/ 21>-0.005553/ 22>-0.071742/ 23>-0.009679/ 24>-0.039737/ 25>
           -0.008595/ 26>-0.010939/ 27>-0.004355/ 28>-0.000616/ 29>-0.002212/ 30>-0.000359/ 31>-0.000418/ 32>


 E=4.3115   0.000952/ 37> 0.047091/ 39> 0.000967/ 40> 0.020171/ 41>-0.000977/ 42> 0.427104/ 43> 0.444682/ 44>
            0.258928/ 45> 0.483618/ 46>-0.032718/ 47> 0.243989/ 48>-0.345010/ 49>-0.136840/ 50>-0.299788/ 51>
           -0.125634/ 52>-0.109909/ 53>-0.012821/ 54>-0.003406/ 55>-0.003492/ 56>

 E=4.4601   0.496734/ 58>-0.132660/ 59>-0.262506/ 60> 0.264691/ 61> 0.319237/ 62>-0.125159/ 63>-0.289822/ 64>
            0.614871/ 65> 0.128022/ 66>-0.025622/ 67>

 E=4.7235  -0.016844/ 37> 0.003245/ 38>-0.684820/ 39> 0.249501/ 40>-0.355257/ 41> 0.103906/ 42>-0.262046/ 43>
            0.284996/ 44> 0.125318/ 45> 0.068241/ 46> 0.282233/ 47>-0.120102/ 48>-0.118535/ 49> 0.190288/ 50>
           -0.005545/ 51> 0.126048/ 52> 0.029451/ 53>-0.009362/ 54> 0.001822/ 55>-0.001708/ 56>

 E=4.7513   0.001096/  3> 0.000335/  5> 0.025325/  7> 0.006553/  8> 0.014546/  9> 0.003769/ 10> 0.003860/ 11>
            0.000721/ 12> 0.176192/ 13> 0.199610/ 14> 0.098943/ 15> 0.269482/ 16>-0.030373/ 17> 0.243204/ 18>
           -0.105434/ 19> 0.132819/ 20> 0.510541/ 21> 0.190521/ 22> 0.519947/ 23> 0.219147/ 24> 0.328755/ 25>
            0.142691/ 26> 0.105849/ 27> 0.037395/ 28> 0.010797/ 29> 0.020418/ 30> 0.005565/ 31> 0.004173/ 32>
            0.000914/ 33>

 E=4.8130   0.242729/ 58>-0.064323/ 59>-0.347573/ 60> 0.369204/ 61> 0.424410/ 62>-0.169239/ 63> 0.298816/ 64>
           -0.605938/ 65>-0.112936/ 66> 0.043059/ 67>

 E=5.0164  -0.010417/ 37> 0.001986/ 38>-0.412293/ 39> 0.146437/ 40>-0.223328/ 41> 0.064363/ 42> 0.242426/ 43>
           -0.205395/ 44>-0.062331/ 45>-0.020819/ 46>-0.217190/ 47> 0.114477/ 48> 0.345120/ 49>-0.564776/ 50>
            0.036874/ 51>-0.376915/ 52>-0.079351/ 53> 0.032047/ 54>-0.004474/ 55> 0.006356/ 56> 0.000380/ 57>


 E=5.0476   0.023011/ 58> 0.103525/ 59> 0.057059/ 60> 0.095878/ 61>-0.127398/ 62>-0.212624/ 63> 0.134822/ 64>
            0.206324/ 65>-0.481253/ 66> 0.788996/ 67>

 E=5.1007   0.003594/  3> 0.001197/  5> 0.076842/  7> 0.003924/  8> 0.051485/  9> 0.017137/ 11>-0.001137/ 12>
            0.363986/ 13> 0.342156/ 14> 0.305573/ 15> 0.457276/ 16> 0.094215/ 17> 0.394043/ 18>-0.085378/ 19>
            0.193612/ 20>-0.271456/ 21>-0.082270/ 22>-0.297082/ 23>-0.108968/ 24>-0.196466/ 25>-0.078501/ 26>
           -0.064283/ 27>-0.021942/ 28>-0.005808/ 29>-0.012339/ 30>-0.003165/ 31>-0.002568/ 32>-0.000558/ 33>


 E=5.3750  -0.125787/ 58>-0.486600/ 59>-0.121452/ 60>-0.237725/ 61> 0.281728/ 62> 0.499594/ 63>-0.101454/ 64>
           -0.083880/ 65> 0.285165/ 66> 0.498520/ 67>

 E=5.3876   0.006220/ 37>-0.001162/ 38> 0.237036/ 39>-0.080491/ 40> 0.135447/ 41>-0.038095/ 42>-0.441247/ 43>
            0.400108/ 44> 0.116706/ 45> 0.078673/ 46> 0.400994/ 47>-0.193526/ 48> 0.268136/ 49>-0.428137/ 50>
            0.060259/ 51>-0.286541/ 52>-0.047704/ 53> 0.037055/ 54> 0.008439/ 56> 0.000468/ 57>

 E=5.3898  -0.000571/  1>-0.034509/  3> 0.008938/  4>-0.012493/  5> 0.002424/  6>-0.606508/  7> 0.216160/  8>
           -0.465412/  9> 0.171225/ 10>-0.185179/ 11> 0.054482/ 12>-0.221094/ 13> 0.244447/ 14> 0.020911/ 15>
            0.170957/ 16> 0.221628/ 17> 0.220829/ 19>-0.091288/ 20>-0.104654/ 21> 0.141379/ 22>-0.033149/ 23>
            0.134716/ 24> 0.022661/ 25> 0.070324/ 26> 0.020565/ 27>-0.013068/ 28> 0.004037/ 29>-0.005149/ 30>
            0.001535/ 31>-0.000650/ 32>-0.000427/ 33>

 E=5.5651  -0.003195/ 37>-0.000700/ 38>-0.043349/ 39>-0.104337/ 40> 0.012096/ 41>-0.034524/ 42>-0.091243/ 43>
           -0.126978/ 44> 0.112755/ 45> 0.101098/ 46> 0.023977/ 47> 0.109051/ 48>-0.213880/ 49>-0.228636/ 50>
            0.307141/ 51> 0.066698/ 52> 0.205586/ 53>-0.770089/ 54>-0.225343/ 55>-0.207440/ 56>-0.010918/ 57>


 E=5.6913  -0.181157/ 58>-0.690705/ 59>-0.002752/ 60> 0.005409/ 61> 0.003514/ 62>-0.003332/ 63> 0.189618/ 64>
            0.183665/ 65>-0.559940/ 66>-0.326846/ 67>

 E=5.6930  -0.000332/  1>-0.019628/  3> 0.004918/  4>-0.007316/  5> 0.001388/  6>-0.327162/  7> 0.108090/  8>
           -0.268486/  9> 0.093924/ 10>-0.111729/ 11> 0.031906/ 12> 0.247437/ 13>-0.185645/ 14> 0.051999/ 15>
           -0.099128/ 16>-0.152638/ 17> 0.051122/ 18>-0.192280/ 19> 0.105553/ 20> 0.316088/ 21>-0.463356/ 22>
            0.117813/ 23>-0.454581/ 24>-0.062243/ 25>-0.240223/ 26>-0.065588/ 27> 0.050134/ 28>-0.011839/ 29>
            0.021519/ 30>-0.004268/ 31> 0.003117/ 32> 0.001743/ 33>

 E=5.8564   0.020678/ 37> 0.003443/ 38> 0.253924/ 39> 0.577239/ 40>-0.046713/ 41> 0.192568/ 42> 0.212914/ 43>
            0.310933/ 44>-0.262579/ 45>-0.241024/ 46>-0.061744/ 47>-0.260206/ 48> 0.133073/ 49> 0.091309/ 50>
           -0.135479/ 51>-0.052209/ 52>-0.100786/ 53>-0.376450/ 54>-0.108736/ 55>-0.105787/ 56>-0.005421/ 57>


 E=6.0728  -0.125009/ 58>-0.458965/ 59> 0.152337/ 60> 0.268375/ 61>-0.333403/ 62>-0.565335/ 63>-0.146342/ 64>
           -0.143495/ 65> 0.431494/ 66> 0.139777/ 67>

 E=6.0740   0.012466/  3>-0.002796/  4> 0.004776/  5>-0.000842/  6> 0.191232/  7>-0.050355/  8> 0.168969/  9>
           -0.051795/ 10> 0.073472/ 11>-0.019518/ 12>-0.421402/ 13> 0.353399/ 14>-0.093580/ 15> 0.233978/ 16>
            0.268411/ 17>-0.038017/ 18> 0.336449/ 19>-0.166712/ 20> 0.243213/ 21>-0.327816/ 22> 0.121553/ 23>
           -0.337818/ 24>-0.022014/ 25>-0.182241/ 26>-0.043486/ 27> 0.097036/ 28> 0.009091/ 29> 0.050012/ 30>
            0.006118/ 31> 0.009442/ 32> 0.003857/ 33> 0.000508/ 34> 0.000729/ 35>

 E=6.1316  -0.003871/  3>-0.002082/  4>-0.000770/  5>-0.000456/  6>-0.028194/  7>-0.080618/  8> 0.011101/  9>
           -0.054473/ 10> 0.015990/ 11>-0.014566/ 12>-0.117428/ 13>-0.094303/ 14> 0.054197/ 15> 0.027406/ 16>
            0.088593/ 17> 0.103467/ 18> 0.010936/ 19> 0.062785/ 20>-0.197004/ 21>-0.248461/ 22> 0.170424/ 23>
           -0.070112/ 24> 0.272978/ 25> 0.061587/ 26> 0.114133/ 27>-0.701235/ 28>-0.227514/ 29>-0.387401/ 30>
           -0.115321/ 31>-0.080285/ 32>-0.030091/ 33>-0.006464/ 34>-0.005920/ 35>

 E=6.1644  -0.025827/ 37>-0.002386/ 38>-0.249766/ 39>-0.565860/ 40> 0.030483/ 41>-0.190924/ 42> 0.083247/ 43>
            0.135986/ 44>-0.102466/ 45>-0.084578/ 46>-0.013073/ 47>-0.106255/ 48> 0.333879/ 49> 0.263441/ 50>
           -0.368640/ 51>-0.116194/ 52>-0.271097/ 53>-0.322021/ 54>-0.091651/ 55>-0.094570/ 56>-0.004718/ 57>


 E=6.4378  -0.000896/  1>-0.036489/  3>-0.011509/  4>-0.009538/  5>-0.002366/  6>-0.264887/  7>-0.506272/  8>
           -0.024751/  9>-0.343958/ 10> 0.062028/ 11>-0.090338/ 12>-0.236949/ 13>-0.319318/ 14> 0.150740/ 15>
            0.028674/ 16> 0.198028/ 17> 0.282805/ 18>-0.015279/ 19> 0.193287/ 20>-0.163105/ 21>-0.102831/ 22>
            0.053855/ 23> 0.006919/ 24> 0.139372/ 25> 0.060200/ 26> 0.065550/ 27> 0.300965/ 28> 0.093069/ 29>
            0.177705/ 30> 0.051240/ 31> 0.038506/ 32> 0.013354/ 33> 0.002808/ 34> 0.002706/ 35>

 E=6.4762   0.836766/ 37>-0.169379/ 38> 0.150747/ 39>-0.149595/ 40>-0.401820/ 41> 0.096258/ 42> 0.038963/ 43>
           -0.067369/ 44>-0.103449/ 45> 0.110889/ 46> 0.116569/ 47>-0.038245/ 48> 0.025091/ 49>-0.034637/ 50>
           -0.046256/ 51> 0.071164/ 52> 0.009068/ 53> 0.009967/ 54>-0.044098/ 55>-0.006197/ 56> 0.000741/ 57>


 E=6.5902   0.002572/ 37> 0.003787/ 38> 0.135544/ 39> 0.315002/ 40> 0.007790/ 41> 0.103704/ 42>-0.297039/ 43>
           -0.401915/ 44> 0.320231/ 45> 0.286044/ 46> 0.094642/ 47> 0.319600/ 48> 0.287983/ 49> 0.234973/ 50>
           -0.314693/ 51>-0.092876/ 52>-0.237258/ 53>-0.144040/ 54>-0.038579/ 55>-0.044627/ 56>-0.002182/ 57>


 E=6.7434  -0.001266/  1>-0.048376/  3>-0.007514/  4>-0.014510/  5>-0.001318/  6>-0.243728/  7>-0.473485/  8>
           -0.043673/  9>-0.331967/ 10> 0.048834/ 11>-0.088278/ 12> 0.097962/ 13> 0.150961/ 14>-0.064387/ 15>
            0.012587/ 16>-0.071055/ 17>-0.107951/ 18> 0.022752/ 19>-0.085466/ 20> 0.380396/ 21> 0.275366/ 22>
           -0.147754/ 23> 0.021115/ 24>-0.360426/ 25>-0.132037/ 26>-0.167729/ 27>-0.269871/ 28>-0.079302/ 29>
           -0.170250/ 30>-0.047617/ 31>-0.038458/ 32>-0.012416/ 33>-0.002555/ 34>-0.002591/ 35>

 E=6.8087   0.295529/ 37>-0.059484/ 38>-0.077832/ 39> 0.045430/ 40> 0.155202/ 41>-0.045357/ 42>-0.095350/ 43>
            0.127987/ 44> 0.228348/ 45>-0.218586/ 46>-0.232337/ 47> 0.094309/ 48>-0.117621/ 49> 0.230587/ 50>
            0.239917/ 51>-0.435011/ 52>-0.073361/ 53>-0.179532/ 54> 0.575564/ 55> 0.061240/ 56>-0.012228/ 57>


 E=6.9462  -0.023537/  1> 0.003574/  2>-0.789504/  3> 0.220358/  4>-0.287784/  5> 0.059089/  6>-0.179671/  7>
            0.188821/  8> 0.273451/  9>-0.032328/ 10> 0.227374/ 11>-0.053764/ 12>-0.052704/ 13> 0.080130/ 14>
            0.090672/ 15>-0.068514/ 16>-0.011826/ 17>-0.049602/ 18>-0.095523/ 19> 0.033344/ 20>-0.033423/ 21>
            0.034760/ 22> 0.034390/ 23>-0.034015/ 24> 0.016771/ 25>-0.039168/ 26>-0.005832/ 27>-0.008109/ 28>
            0.033472/ 29> 0.005892/ 30> 0.014366/ 31> 0.003072/ 32>-0.001135/ 33> 0.000636/ 34>

  Q20Q22:  0.00 SEC    QTME:  0.00 SEC



    SYMMETRY R1= 1


   BASIS FUNCTIONS /N,L,J,OMEGA>,   PARITY +


   1 / 8 8 17/2 17/2>    20 / 8 6 11/2  1/2>    39 / 8 4  7/2 -7/2>    58 / 6 4  7/2  1/2>    77 / 4 2  5/2  5/2>
   2 / 8 8 17/2 13/2>    21 / 8 4  9/2  1/2>    40 / 8 8 17/2-11/2>    59 / 6 2  5/2  1/2>    78 / 4 4  9/2  1/2>
   3 / 8 8 15/2 13/2>    22 / 8 4  7/2  1/2>    41 / 8 8 15/2-11/2>    60 / 6 2  3/2  1/2>    79 / 4 4  7/2  1/2>
   4 / 8 6 13/2 13/2>    23 / 8 2  5/2  1/2>    42 / 8 6 13/2-11/2>    61 / 6 0  1/2  1/2>    80 / 4 2  5/2  1/2>
   5 / 8 8 17/2  9/2>    24 / 8 2  3/2  1/2>    43 / 8 6 11/2-11/2>    62 / 6 6 13/2 -3/2>    81 / 4 2  3/2  1/2>
   6 / 8 8 15/2  9/2>    25 / 8 0  1/2  1/2>    44 / 8 8 17/2-15/2>    63 / 6 6 11/2 -3/2>    82 / 4 0  1/2  1/2>
   7 / 8 6 13/2  9/2>    26 / 8 8 17/2 -3/2>    45 / 8 8 15/2-15/2>    64 / 6 4  9/2 -3/2>    83 / 4 4  9/2 -3/2>
   8 / 8 6 11/2  9/2>    27 / 8 8 15/2 -3/2>    46 / 6 6 13/2 13/2>    65 / 6 4  7/2 -3/2>    84 / 4 4  7/2 -3/2>
   9 / 8 4  9/2  9/2>    28 / 8 6 13/2 -3/2>    47 / 6 6 13/2  9/2>    66 / 6 2  5/2 -3/2>    85 / 4 2  5/2 -3/2>
  10 / 8 8 17/2  5/2>    29 / 8 6 11/2 -3/2>    48 / 6 6 11/2  9/2>    67 / 6 2  3/2 -3/2>    86 / 4 2  3/2 -3/2>
  11 / 8 8 15/2  5/2>    30 / 8 4  9/2 -3/2>    49 / 6 4  9/2  9/2>    68 / 6 6 13/2 -7/2>    87 / 4 4  9/2 -7/2>
  12 / 8 6 13/2  5/2>    31 / 8 4  7/2 -3/2>    50 / 6 6 13/2  5/2>    69 / 6 6 11/2 -7/2>    88 / 4 4  7/2 -7/2>
  13 / 8 6 11/2  5/2>    32 / 8 2  5/2 -3/2>    51 / 6 6 11/2  5/2>    70 / 6 4  9/2 -7/2>    89 / 2 2  5/2  5/2>
  14 / 8 4  9/2  5/2>    33 / 8 2  3/2 -3/2>    52 / 6 4  9/2  5/2>    71 / 6 4  7/2 -7/2>    90 / 2 2  5/2  1/2>
  15 / 8 4  7/2  5/2>    34 / 8 8 17/2 -7/2>    53 / 6 4  7/2  5/2>    72 / 6 6 13/2-11/2>    91 / 2 2  3/2  1/2>
  16 / 8 2  5/2  5/2>    35 / 8 8 15/2 -7/2>    54 / 6 2  5/2  5/2>    73 / 6 6 11/2-11/2>    92 / 2 0  1/2  1/2>
  17 / 8 8 17/2  1/2>    36 / 8 6 13/2 -7/2>    55 / 6 6 13/2  1/2>    74 / 4 4  9/2  9/2>    93 / 2 2  5/2 -3/2>
  18 / 8 8 15/2  1/2>    37 / 8 6 11/2 -7/2>    56 / 6 6 11/2  1/2>    75 / 4 4  9/2  5/2>    94 / 2 2  3/2 -3/2>
  19 / 8 6 13/2  1/2>    38 / 8 4  9/2 -7/2>    57 / 6 4  9/2  1/2>    76 / 4 4  7/2  5/2>    95 / 0 0  1/2  1/2>


    SINGLE PARTICLE (PARITY+) WAVE FUNCTIONS IN THE ENERGY INTERVAL 0.0<E<7.0

 E=1.5000   1.000000/ 95>

 E=2.1266  -0.001091/ 89>-0.728542/ 90> 0.391142/ 91>-0.561797/ 92>-0.023340/ 93>-0.008471/ 94>

 E=2.9362  -0.015207/ 75> 0.004805/ 76>-0.005070/ 77>-0.531411/ 78> 0.266202/ 79>-0.612444/ 80> 0.361499/ 81>
           -0.372586/ 82>-0.037082/ 83>-0.004671/ 84>-0.021314/ 85>-0.004279/ 86>-0.000580/ 87>

 E=2.9790   0.013974/ 89> 0.251039/ 90> 0.365117/ 91>-0.110672/ 92> 0.842956/ 93> 0.283992/ 94>

 E=3.3348  -0.038737/ 89>-0.524974/ 90>-0.695369/ 91> 0.176560/ 92> 0.429013/ 93> 0.155365/ 94>

 E=3.6205  -0.017476/ 75>-0.000358/ 76>-0.004461/ 77>-0.263573/ 78>-0.311113/ 79>-0.074246/ 80>-0.288701/ 81>
            0.092490/ 82>-0.654395/ 83>-0.283426/ 84>-0.445606/ 85>-0.169376/ 86>-0.013153/ 87>-0.002934/ 88>


 E=3.8057  -0.000650/ 47>-0.028783/ 50> 0.009172/ 51>-0.018849/ 52> 0.006004/ 53>-0.004851/ 54>-0.427777/ 55>
            0.171626/ 56>-0.554746/ 57> 0.275664/ 58>-0.489333/ 59> 0.287281/ 60>-0.272642/ 61>-0.057667/ 62>
           -0.003792/ 63>-0.047981/ 64>-0.006916/ 65>-0.021515/ 66>-0.004591/ 67>-0.002215/ 68>-0.000868/ 70>


 E=3.8438   0.773112/ 89> 0.192790/ 90>-0.308969/ 91>-0.466491/ 92> 0.074949/ 93>-0.215492/ 94>

 E=3.9497  -0.000366/ 74>-0.036846/ 75> 0.001616/ 76>-0.010182/ 77>-0.463797/ 78>-0.511409/ 79>-0.192099/ 80>
           -0.459008/ 81> 0.110800/ 82> 0.386939/ 83> 0.164217/ 84> 0.273306/ 85> 0.102808/ 86> 0.008032/ 87>
            0.001783/ 88>

 E=4.1856   0.590044/ 89>-0.207096/ 90> 0.245294/ 91> 0.437458/ 92>-0.188104/ 93> 0.567484/ 94>

 E=4.3608   0.000689/ 47> 0.023498/ 50> 0.004439/ 51> 0.011838/ 52> 0.001651/ 53> 0.002108/ 54> 0.216130/ 55>
            0.235374/ 56> 0.123492/ 57> 0.295054/ 58>-0.029801/ 59> 0.223119/ 60>-0.094158/ 61> 0.536941/ 62>
            0.221126/ 63> 0.511122/ 64> 0.228725/ 65> 0.269654/ 66> 0.104331/ 67> 0.027425/ 68> 0.008129/ 69>
            0.011715/ 70> 0.002694/ 71> 0.000415/ 72>

 E=4.4240  -0.008518/ 74>-0.725017/ 75> 0.249415/ 76>-0.245072/ 77>-0.270988/ 78> 0.302260/ 79> 0.222475/ 80>
           -0.023435/ 81> 0.257525/ 82>-0.121912/ 83> 0.215982/ 84> 0.017368/ 85> 0.094771/ 86>-0.007506/ 87>
            0.000562/ 88>

 E=4.5302  -0.229016/ 89> 0.224835/ 90>-0.273000/ 91>-0.481642/ 92>-0.252643/ 93> 0.725716/ 94>

 E=4.6960   0.001710/ 47> 0.000352/ 49> 0.055052/ 50> 0.003262/ 51> 0.031022/ 52> 0.006500/ 54> 0.388183/ 55>
            0.382870/ 56> 0.298947/ 57> 0.472469/ 58> 0.052076/ 59> 0.337659/ 60>-0.103780/ 61>-0.310859/ 62>
           -0.115081/ 63>-0.313124/ 64>-0.130887/ 65>-0.170593/ 66>-0.063674/ 67>-0.017044/ 68>-0.004820/ 69>
           -0.007456/ 70>-0.001663/ 71>

 E=4.7173   0.002671/  5>-0.000550/  6> 0.001211/  7> 0.055168/ 10>-0.013222/ 11> 0.044807/ 12>-0.012414/ 13>
            0.021344/ 14>-0.006152/ 15> 0.004699/ 16> 0.415759/ 17>-0.100289/ 18> 0.527870/ 19>-0.167564/ 20>
            0.485910/ 21>-0.203890/ 22> 0.358347/ 23>-0.190991/ 24> 0.182017/ 25> 0.109622/ 26> 0.008607/ 27>
            0.105340/ 28> 0.013867/ 29> 0.065938/ 30> 0.013546/ 31> 0.026479/ 32> 0.006669/ 33> 0.008394/ 34>
            0.001201/ 35> 0.005027/ 36> 0.000860/ 37> 0.001488/ 38>

 E=4.7180   0.005536/ 74> 0.463568/ 75>-0.158133/ 76> 0.161817/ 77>-0.237308/ 78> 0.212911/ 79> 0.148485/ 80>
           -0.044147/ 81> 0.202191/ 82>-0.344009/ 83> 0.612725/ 84> 0.032109/ 85> 0.268229/ 86>-0.024628/ 87>
            0.000916/ 88>

 E=5.0572  -0.024213/ 47> 0.005940/ 48>-0.005522/ 49>-0.630042/ 50> 0.235868/ 51>-0.420087/ 52> 0.149922/ 53>
           -0.110443/ 54>-0.257121/ 55> 0.269230/ 56> 0.050936/ 57> 0.130969/ 58> 0.260973/ 59>-0.073922/ 60>
            0.184675/ 61>-0.118447/ 62> 0.173950/ 63>-0.026044/ 64> 0.145043/ 65> 0.029558/ 66> 0.050655/ 67>
           -0.011325/ 68> 0.003141/ 69>-0.003384/ 70> 0.000709/ 71>

 E=5.0809   0.003173/ 74> 0.259723/ 75>-0.087160/ 76> 0.094208/ 77>-0.424793/ 78> 0.405334/ 79> 0.270774/ 80>
           -0.055185/ 81> 0.364334/ 82> 0.281713/ 83>-0.487238/ 84>-0.000846/ 85>-0.211335/ 86> 0.028055/ 87>
            0.001114/ 88>

 E=5.1559  -0.001405/  5>-0.000540/  7>-0.023093/ 10>-0.009438/ 11>-0.013517/ 12>-0.007035/ 13>-0.003843/ 14>
           -0.002599/ 15>-0.128068/ 17>-0.171786/ 18>-0.053967/ 19>-0.241033/ 20> 0.054532/ 21>-0.239667/ 22>
            0.119829/ 23>-0.176404/ 24> 0.102653/ 25>-0.493728/ 26>-0.165280/ 27>-0.521461/ 28>-0.201456/ 29>
           -0.364233/ 30>-0.155521/ 31>-0.165972/ 32>-0.062497/ 33>-0.049929/ 34>-0.013595/ 35>-0.031779/ 36>
           -0.008890/ 37>-0.010039/ 38>-0.002215/ 39>-0.001794/ 40>-0.000370/ 41>-0.000553/ 42>

 E=5.3160  -0.002371/ 74>-0.042782/ 75>-0.118511/ 76> 0.017344/ 77>-0.081869/ 78>-0.125668/ 79> 0.138428/ 80>
            0.167374/ 81>-0.039056/ 82>-0.197052/ 83>-0.213546/ 84> 0.403457/ 85> 0.116599/ 86>-0.785881/ 87>
           -0.184957/ 88>

 E=5.3465  -0.015085/ 47> 0.003632/ 48>-0.003520/ 49>-0.378288/ 50> 0.135729/ 51>-0.265509/ 52> 0.092245/ 53>
           -0.072028/ 54> 0.235750/ 55>-0.188243/ 56> 0.008194/ 57>-0.064812/ 58>-0.180716/ 59> 0.088465/ 60>
           -0.148693/ 61> 0.335072/ 62>-0.509087/ 63> 0.096288/ 64>-0.431196/ 65>-0.072689/ 66>-0.150172/ 67>
            0.038111/ 68>-0.008180/ 69> 0.012357/ 70>-0.001698/ 71> 0.000829/ 72>

 E=5.5231  -0.007567/  5> 0.000722/  6>-0.003321/  7> 0.000373/  8>-0.000523/  9>-0.112410/ 10>-0.002780/ 11>
           -0.084779/ 12> 0.001586/ 13>-0.036525/ 14> 0.002863/ 15>-0.007014/ 16>-0.344909/ 17>-0.312044/ 18>
           -0.296604/ 19>-0.436699/ 20>-0.109057/ 21>-0.419031/ 22> 0.067030/ 23>-0.283853/ 24> 0.121685/ 25>
            0.235691/ 26> 0.051896/ 27> 0.272804/ 28> 0.079437/ 29> 0.202362/ 30> 0.072246/ 31> 0.094751/ 32>
            0.032480/ 33> 0.027238/ 34> 0.006330/ 35> 0.017972/ 36> 0.004482/ 37> 0.005812/ 38> 0.001188/ 39>

 0.001031/ 40> 0.000324/ 42>

 E=5.6050   0.013592/ 74> 0.221426/ 75> 0.586375/ 76>-0.075514/ 77> 0.181093/ 78> 0.282970/ 79>-0.304454/ 80>
           -0.372388/ 81> 0.082212/ 82> 0.111229/ 83> 0.078391/ 84>-0.179172/ 85>-0.064970/ 86>-0.430365/ 87>
           -0.101011/ 88>

 E=5.7212   0.009177/ 47>-0.002125/ 48> 0.002201/ 49> 0.218035/ 50>-0.072025/ 51> 0.163288/ 52>-0.054060/ 53>
            0.045948/ 54>-0.439191/ 55> 0.378276/ 56>-0.012999/ 57> 0.174305/ 58> 0.346241/ 59>-0.130833/ 60>
            0.276991/ 61> 0.251667/ 62>-0.375192/ 63> 0.107339/ 64>-0.322473/ 65>-0.030737/ 66>-0.110620/ 67>
            0.046118/ 68>-0.001135/ 69> 0.017312/ 70> 0.000446/ 71> 0.001091/ 72>

 E=5.7346  -0.001226/  2>-0.046694/  5> 0.012056/  6>-0.021855/  7> 0.005147/  8>-0.003707/  9>-0.586754/ 10>
            0.196379/ 11>-0.492079/ 12> 0.177226/ 13>-0.242983/ 14> 0.084316/ 15>-0.055622/ 16>-0.173376/ 17>
            0.225985/ 18> 0.022119/ 19> 0.196341/ 20> 0.194738/ 21> 0.066951/ 22> 0.221135/ 23>-0.048798/ 24>
            0.117656/ 25>-0.095076/ 26> 0.113409/ 27>-0.039629/ 28> 0.116008/ 29> 0.011912/ 30> 0.073456/ 31>
            0.022318/ 32> 0.023385/ 33>-0.015004/ 34> 0.004620/ 35>-0.007162/ 36> 0.002316/ 37>-0.001518/ 38>

 0.000405/ 39>-0.000698/ 40>

 E=5.8524  -0.004120/ 47>-0.001467/ 48>-0.000570/ 49>-0.045831/ 50>-0.099957/ 51> 0.006058/ 52>-0.052089/ 53>
            0.010393/ 54>-0.103965/ 55>-0.130747/ 56> 0.088656/ 57> 0.053341/ 58> 0.066823/ 59> 0.127973/ 60>
           -0.034992/ 61>-0.228296/ 62>-0.237535/ 63> 0.226409/ 64> 0.007409/ 65> 0.270591/ 66> 0.082479/ 67>
           -0.725102/ 68>-0.234057/ 69>-0.312565/ 70>-0.076370/ 71>-0.019459/ 72>-0.003373/ 73>

 E=5.9132  -0.018177/ 74>-0.236238/ 75>-0.618235/ 76> 0.069786/ 77> 0.058373/ 78> 0.103013/ 79>-0.097944/ 80>
           -0.120016/ 81> 0.034837/ 82> 0.280681/ 83> 0.231025/ 84>-0.483200/ 85>-0.161210/ 86>-0.345533/ 87>
           -0.080804/ 88>

 E=6.0569  -0.000647/  2>-0.023929/  5> 0.005844/  6>-0.011628/  7> 0.002632/  8>-0.002026/  9>-0.279094/ 10>
            0.081819/ 11>-0.255622/ 12> 0.084079/ 13>-0.134320/ 14> 0.043992/ 15>-0.031873/ 16> 0.258842/ 17>
           -0.179953/ 18> 0.084606/ 19>-0.119159/ 20>-0.124346/ 21> 0.016384/ 22>-0.206993/ 23> 0.107320/ 24>
           -0.135420/ 25> 0.295920/ 26>-0.426264/ 27> 0.122328/ 28>-0.458496/ 29>-0.055892/ 30>-0.301067/ 31>
           -0.092451/ 32>-0.097746/ 33> 0.065197/ 34>-0.015822/ 35> 0.033560/ 36>-0.007757/ 37> 0.007904/ 38>

-0.001261/ 39> 0.003325/ 40> 0.000920/ 42>

 E=6.1371   0.000340/ 46> 0.026539/ 47> 0.007364/ 48> 0.004157/ 49> 0.267607/ 50> 0.543407/ 51>-0.002614/ 52>
            0.287082/ 53>-0.048709/ 54> 0.232559/ 55> 0.318863/ 56>-0.199949/ 57>-0.120881/ 58>-0.157607/ 59>
           -0.302473/ 60> 0.080235/ 61> 0.139380/ 62> 0.090844/ 63>-0.082101/ 64>-0.028466/ 65>-0.121164/ 66>
           -0.047508/ 67>-0.350925/ 68>-0.110648/ 69>-0.159013/ 70>-0.038292/ 71>-0.009630/ 72>-0.001652/ 73>


 E=6.2737   0.830061/ 74> 0.111862/ 75>-0.107927/ 76>-0.463835/ 77> 0.024011/ 78>-0.054244/ 79>-0.085429/ 80>
            0.115442/ 81> 0.179545/ 82> 0.021152/ 83>-0.026191/ 84>-0.049850/ 85> 0.094702/ 86> 0.006693/ 87>
           -0.051784/ 88>

 E=6.3263  -0.009942/ 74> 0.133488/ 75> 0.352899/ 76>-0.015509/ 77>-0.244716/ 78>-0.354147/ 79> 0.378359/ 80>
            0.448657/ 81>-0.092388/ 82> 0.242513/ 83> 0.206429/ 84>-0.415944/ 85>-0.139298/ 86>-0.154955/ 87>
           -0.034131/ 88>

 E=6.4190  -0.009142/  5>-0.001027/  6>-0.003711/  7>-0.000532/  9>-0.079667/ 10>-0.044418/ 11>-0.051150/ 12>
           -0.028164/ 13>-0.018064/ 14>-0.008425/ 15>-0.002468/ 16> 0.048324/ 17>-0.185384/ 18> 0.078505/ 19>
           -0.085977/ 20> 0.001016/ 21> 0.057705/ 22>-0.091314/ 23> 0.117918/ 24>-0.093936/ 25>-0.235071/ 26>
           -0.113787/ 27> 0.077155/ 28> 0.013790/ 29> 0.239849/ 30> 0.101613/ 31> 0.168684/ 32> 0.064589/ 33>
           -0.676738/ 34>-0.203146/ 35>-0.435153/ 36>-0.131428/ 37>-0.139041/ 38>-0.032383/ 39>-0.041978/ 40>

-0.009422/ 41>-0.013183/ 42>-0.002172/ 43>-0.000749/ 44>

 E=6.4459  -0.000432/ 46>-0.032233/ 47>-0.005493/ 48>-0.005722/ 49>-0.252233/ 50>-0.515550/ 51>-0.016625/ 52>
           -0.277839/ 53> 0.040883/ 54> 0.099542/ 55> 0.151916/ 56>-0.086076/ 57>-0.034073/ 58>-0.055779/ 59>
           -0.127988/ 60> 0.044933/ 61> 0.362921/ 62> 0.273927/ 63>-0.242985/ 64>-0.046033/ 65>-0.347115/ 66>
           -0.123342/ 67>-0.304210/ 68>-0.093291/ 69>-0.145439/ 70>-0.034464/ 71>-0.008563/ 72>-0.001451/ 73>


 E=6.4476   0.000361/  2> 0.013298/  5>-0.003991/  6> 0.007062/  7>-0.001838/  8> 0.001312/  9> 0.145691/ 10>
           -0.053723/ 11> 0.158933/ 12>-0.059237/ 13> 0.092983/ 14>-0.032563/ 15> 0.023521/ 16>-0.419668/ 17>
            0.273624/ 18>-0.120387/ 19> 0.251700/ 20> 0.217754/ 21> 0.074293/ 22> 0.327359/ 23>-0.096047/ 24>
            0.192265/ 25> 0.145174/ 26>-0.365305/ 27> 0.172052/ 28>-0.358197/ 29> 0.092744/ 30>-0.204648/ 31>
            0.010243/ 32>-0.053361/ 33>-0.137373/ 34>-0.071045/ 35>-0.092759/ 36>-0.043629/ 37>-0.031496/ 38>

-0.010116/ 39>-0.009072/ 40>-0.002730/ 41>-0.002926/ 42>-0.000608/ 43>

 E=6.5949  -0.349247/ 74> 0.051709/ 75>-0.029503/ 76>-0.171891/ 77> 0.061782/ 78>-0.088150/ 79>-0.188795/ 80>
            0.199844/ 81> 0.353125/ 82> 0.074728/ 83>-0.163014/ 84>-0.198059/ 85> 0.505163/ 86> 0.124117/ 87>
           -0.539527/ 88>

 E=6.7182  -0.012417/ 46>-0.806050/ 47> 0.209560/ 48>-0.184888/ 49>-0.182126/ 50> 0.175570/ 51> 0.341866/ 52>
           -0.079533/ 53> 0.170165/ 54>-0.053297/ 55> 0.081433/ 56> 0.109224/ 57>-0.098118/ 58>-0.057904/ 59>
           -0.013977/ 60>-0.098526/ 61>-0.031417/ 62> 0.042621/ 63> 0.044431/ 64>-0.056356/ 65> 0.004141/ 66>
           -0.037029/ 67>-0.012690/ 68> 0.043799/ 69> 0.005946/ 70> 0.011796/ 71>-0.001129/ 72> 0.000404/ 73>


 E=6.7566  -0.001891/  2>-0.048924/  5>-0.016036/  6>-0.017249/  7>-0.005418/  8>-0.001928/  9>-0.258884/ 10>
           -0.474151/ 11>-0.043230/ 12>-0.376554/ 13> 0.065671/ 14>-0.153221/ 15> 0.034951/ 16>-0.230627/ 17>
           -0.310243/ 18> 0.113351/ 19>-0.036895/ 20> 0.208692/ 21> 0.234586/ 22> 0.045868/ 23> 0.259156/ 24>
           -0.093716/ 25>-0.183321/ 26>-0.109915/ 27> 0.026641/ 28>-0.012733/ 29> 0.143806/ 30> 0.059113/ 31>
            0.105865/ 32> 0.040928/ 33> 0.253259/ 34> 0.073682/ 35> 0.178748/ 36> 0.053195/ 37> 0.061118/ 38>

 0.014152/ 39> 0.016595/ 40> 0.003687/ 41> 0.005431/ 42> 0.000891/ 43>

 E=6.8451   0.366040/ 74>-0.134514/ 75> 0.096296/ 76> 0.479165/ 77>-0.056820/ 78> 0.084683/ 79> 0.174287/ 80>
           -0.188944/ 81>-0.328134/ 82> 0.014001/ 83>-0.027291/ 84>-0.039701/ 85> 0.095534/ 86> 0.146432/ 87>
           -0.625951/ 88>

 E=6.8738  -0.008903/ 47>-0.005535/ 48>-0.001325/ 49>-0.132194/ 50>-0.284984/ 51>-0.036151/ 52>-0.152434/ 53>
            0.012141/ 54> 0.329113/ 55> 0.417598/ 56>-0.229289/ 57>-0.127655/ 58>-0.215350/ 59>-0.371409/ 60>
            0.088231/ 61>-0.314893/ 62>-0.245842/ 63> 0.205615/ 64> 0.026401/ 65> 0.306840/ 66> 0.105698/ 67>
            0.135731/ 68> 0.037937/ 69> 0.069376/ 70> 0.015630/ 71> 0.004000/ 72> 0.000642/ 73>

  Q20Q22:  0.00 SEC    QTME:  0.00 SEC

 Q0=1407.597 HBAR/MW0     Q2= -38.752 HBAR/MW0     GAMMA=  2.2 DEG   FOR 81 PARTICLES;  A=207

1
 **********************************************  SINGLE PARTICLE MATRIX ELEMENTS  ***********************************************


   ENY   EMY     A+B     C      D      E    JZ    S0    S+    S-  <R2S> <R4S>  R2DZ  R2D+  R2D-  Q20S  Q22S   Q20   Q22  RHO2    R2


  4.72+ MY=NY -0.564 -0.233  14.43   2.88 -0.10  0.46 -0.59  0.01  5.50 36.26 -0.08  0.01 -1.09  2.02 -0.34 13.02 -0.56  5.50  9.95
  5.06+ 4.72+  0.000 -0.000  -0.00  -0.00 -0.00 -0.00  0.00 -0.00************ -0.03  0.18 -0.04 -0.04  0.08 -0.10  0.06 -0.01 -0.05
  5.08+ 4.72+  0.462 -0.111   0.29  -2.58  1.21  0.01  0.39  0.02  5.50 39.55  0.09  0.03 -0.60 -0.03  0.33 -0.05  0.25  0.00 -0.05
  5.16+ 4.72+ -0.000 -0.000  -0.00  -0.00  0.00  0.00  0.00 -0.00  9.50******  0.00  0.00  0.00  0.00  0.00  0.00  0.00  0.00  0.00
  5.32+ 4.72+  0.190 -0.576   0.16   4.07 -0.04 -0.06  0.01 -0.01  5.50 34.96 -0.34 -0.04  0.19 -0.15 -0.14 -0.36 -0.11 -0.00 -0.11
  5.35+ 4.72+  0.000  0.000  -0.00  -0.00 -0.00 -0.00  0.00 -0.00************ -0.53  0.25  0.04 -3.73 -0.10-10.70 -0.10 -1.41 -5.00
  5.52+ 4.72+ -0.000  0.000  -0.00   0.00 -0.00  0.00  0.00  0.00  9.52******  0.00  0.00 -0.00  0.00 -0.00  0.00  0.00 -0.00  0.00
  5.60+ 4.72+ -2.001 -1.969   0.41   3.71 -0.02 -0.01  0.10 -0.11  5.50 38.36  0.01  0.44  0.40 -0.06 -0.07 -0.15 -0.05  0.00 -0.04
  5.72+ 4.72+ -0.000  0.000  -0.00   0.00  0.00 -0.00 -0.00 -0.00************  0.04  0.27 -0.05  0.07 -0.04  0.20 -0.03  0.02  0.10
  5.73+ 4.72+ -0.000 -0.000  -0.00  -0.00 -0.00 -0.00 -0.00  0.00  9.50****** -0.00 -0.00 -0.00  0.00  0.00  0.00  0.00  0.00  0.00
  5.85+ 4.72+  0.000 -0.000   0.00   0.00 -0.00  0.00  0.00 -0.00************ -0.38  0.01  0.11 -0.11  0.07 -0.34  0.05 -0.06 -0.19

  5.06+ MY=NY  0.675 -0.142  30.74  26.80  1.69  0.44  0.64  0.03  7.50 68.83  0.47  0.24 -0.63  5.82 -1.88 24.69 -1.74  7.50 16.01
  5.08+ 5.06+  0.000 -0.000   0.00   0.00  0.00  0.00  0.00  0.00************ -0.02 -0.03  0.01 -0.05  0.04 -0.14  0.03 -0.02 -0.07
  5.16+ 5.06+ -0.000  0.000  -0.00  -0.00 -0.00 -0.00 -0.00 -0.00************  0.13  0.03 -0.01  0.14  0.03  0.37  0.02  0.04  0.16
  5.32+ 5.06+ -0.000  0.000   0.00  -0.00  0.00 -0.00 -0.00 -0.00************ -0.03  0.00 -0.00 -0.01  0.01 -0.03  0.00 -0.01 -0.02
  5.35+ 5.06+ -0.777  0.263   2.25 -15.31  1.22  0.01 -0.66 -0.05  7.50 68.84  0.16 -0.30  1.13 -0.14  1.00 -0.24  0.75  0.00 -0.17
  5.52+ 5.06+ -0.000  0.000  -0.00  -0.00  0.00 -0.00 -0.00 -0.00************  0.15 -0.02  0.00  0.37  0.05  1.02  0.05  0.11  0.45
  5.60+ 5.06+  0.000 -0.000  -0.00  -0.00 -0.00  0.00 -0.00 -0.00************  0.08  0.00 -0.00  0.01 -0.00  0.04 -0.00  0.01  0.03
  5.72+ 5.06+ -0.306 -0.010  -1.75  10.17 -0.17 -0.01 -0.16 -0.02  7.50 59.20 -0.08 -0.10  0.27  0.10 -0.67  0.19 -0.50 -0.00  0.12
  5.73+ 5.06+ -0.000 -0.000  -0.00   0.00 -0.00 -0.00 -0.00 -0.00************  0.72  0.36 -0.04  5.78  0.37 16.41  0.33  2.05  7.53
  5.85+ 5.06+  1.506  4.960   0.90   4.86 -0.03 -0.07 -0.11  0.19  7.50 71.68 -0.59 -0.33 -1.05 -0.19 -0.13 -0.44 -0.10  0.00 -0.13

  5.08+ MY=NY  0.968  0.374  14.08 -17.18 -0.06  0.47  0.88 -0.02  5.50 38.02 -0.03  0.04  1.60  2.02  2.28 13.21  1.42  5.50  9.78
  5.16+ 5.08+  0.000  0.000   0.00  -0.00  0.00  0.00  0.00 -0.00  6.23******  0.00  0.00  0.00  0.00  0.00  0.00  0.00  0.00  0.00
  5.32+ 5.08+  0.017 -0.087   0.08  -1.93  0.04  0.03  0.01 -0.01  5.50 31.10  0.07  0.00  0.07  0.07  0.10  0.17  0.07  0.00  0.05
  5.35+ 5.08+ -0.000 -0.000   0.00  -0.00  0.00  0.00 -0.00 -0.00************ -0.01 -0.09  0.03  0.10  0.02  0.31  0.01  0.04  0.15
  5.52+ 5.08+  0.000 -0.000   0.00  -0.00 -0.00 -0.00 -0.00 -0.00  9.63******  0.00 -0.00  0.00  0.00  0.00  0.00  0.00  0.00  0.00
  5.60+ 5.08+  0.289 -0.297  -0.10  -1.85  0.03  0.03 -0.00  0.00  5.50 53.51  0.14 -0.08  0.12  0.07  0.06  0.17  0.05  0.00  0.05
  5.72+ 5.08+ -0.000 -0.000  -0.00   0.00 -0.00  0.00 -0.00 -0.00************  0.56  0.39  0.06  3.70 -0.16 10.68 -0.09  1.44  5.05
  5.73+ 5.08+ -0.000 -0.000  -0.00  -0.00  0.00 -0.00 -0.00  0.00 24.60******  0.00  0.00 -0.00  0.00  0.00  0.00  0.00  0.00  0.00
  5.85+ 5.08+  0.000  0.000   0.00   0.00 -0.00 -0.00 -0.00  0.00************  0.11  0.02  0.03  0.08 -0.04  0.25 -0.03  0.04  0.13

  5.16+ MY=NY -0.374 -0.115  45.19  26.33 -1.06 -0.32  0.12  0.57  9.50113.22 -0.89  0.72 -0.48 12.26 -0.94 42.57 -0.94  9.50 23.93
  5.32+ 5.16+  0.000  0.000  -0.00  -0.00 -0.00  0.00  0.00  0.00 11.43******  0.00  0.00  0.00 -0.00 -0.00 -0.00 -0.00 -0.00 -0.00
  5.35+ 5.16+  0.000 -0.000  -0.00   0.00 -0.00  0.00  0.00  0.00************ -0.22  0.02  0.01 -0.22 -0.02 -0.60 -0.02 -0.05 -0.25
  5.52+ 5.16+ -0.264  1.580  -5.47  24.81  0.79  0.07  0.14  0.55  9.50116.70  0.72  1.21 -0.87  0.42 -0.82  0.91 -0.61  0.00  0.38
  5.60+ 5.16+  0.000 -0.000  -0.00  -0.00 -0.00  0.00 -0.00 -0.00  4.78******  0.00 -0.00  0.00  0.00  0.00  0.00  0.00  0.00  0.00
  5.72+ 5.16+  0.000  0.000   0.00   0.00  0.00  0.00  0.00 -0.00************ -0.09 -0.01 -0.01 -0.14  0.03 -0.36  0.02 -0.03 -0.16
  5.73+ 5.16+  6.227  1.720   1.51   3.18  0.02  0.12  0.27 -0.20  9.50117.48  0.93  1.23  0.48 -0.27 -0.08 -0.62 -0.07 -0.00 -0.20
  5.85+ 5.16+ -0.000 -0.000  -0.00  -0.00  0.00  0.00  0.00 -0.00************ -0.04  0.00 -0.00  0.20  0.07  0.51  0.06  0.04  0.20

  5.32+ MY=NY -0.082  0.352  11.25   9.70 -2.60 -0.48  0.01  0.46  5.50 37.88  0.54  0.45  0.20 -0.98 -2.52  6.02 -2.31  5.50  7.80
  5.35+ 5.32+ -0.000  0.000   0.00   0.00 -0.00 -0.00 -0.00  0.00************  0.04  0.00 -0.00  0.02 -0.01  0.06 -0.01  0.01  0.03
  5.52+ 5.32+ -0.000 -0.000   0.00  -0.00 -0.00 -0.00 -0.00 -0.00  6.75******  0.00 -0.00  0.00  0.00  0.00  0.00  0.00  0.00  0.00
  5.60+ 5.32+  0.203 -0.638   0.76  -5.74 -1.35 -0.00 -0.02 -0.80  5.50 38.23 -0.07 -1.12 -0.34 -0.04  1.33 -0.01  1.00  0.00 -0.12
  5.72+ 5.32+ -0.000  0.000   0.00   0.00 -0.00 -0.00 -0.00 -0.00************  0.02  0.00  0.00 -0.01 -0.01 -0.03 -0.01 -0.00 -0.01
  5.73+ 5.32+ -0.000 -0.000   0.00   0.00  0.00  0.00 -0.00 -0.00 92.96******  0.00 -0.00  0.00  0.00 -0.00  0.00 -0.00  0.00  0.00
  5.85+ 5.32+ -0.000  0.000   0.00  -0.00 -0.00  0.00 -0.00  0.00************ -0.36  0.01 -0.12  2.69  0.18  7.60  0.17  0.94  3.47

  5.35+ MY=NY -0.596 -0.324  29.11   7.25 -0.20  0.43 -0.56  0.02  7.50 67.35  0.39 -0.20 -1.18  5.91 -0.40 24.99 -0.61  7.50 15.98
  5.52+ 5.35+ -0.000 -0.000   0.00  -0.00 -0.00  0.00 -0.00 -0.00************  0.10 -0.04 -0.00  0.29  0.06  0.80  0.05  0.08  0.34
  5.60+ 5.35+  0.000 -0.000   0.00  -0.00 -0.00 -0.00 -0.00 -0.00************  0.01 -0.00  0.00 -0.02 -0.01 -0.06 -0.01 -0.01 -0.03
  5.72+ 5.35+ -0.567  0.178  -0.44   3.83 -1.18 -0.01 -0.35 -0.03  7.50 72.56 -0.15 -0.23  0.80  0.04 -0.25  0.08 -0.19  0.00  0.05
  5.73+ 5.35+ -0.000  0.000   0.00   0.00 -0.00 -0.00 -0.00 -0.00************  0.09 -0.27  0.05  0.51 -0.12  1.42 -0.09  0.17  0.66
  5.85+ 5.35+ -0.314  0.975  -0.37  -7.34  0.05  0.08 -0.01  0.03  7.50 66.65  0.57  0.06 -0.27  0.19  0.17  0.44  0.13 -0.00  0.13

  5.52+ MY=NY -1.863 -1.895  40.73 -17.19  0.15 -0.34  0.08 -0.67  9.50114.76 -0.97  1.56  0.91 12.43  0.79 43.07  0.38  9.50 23.94
  5.60+ 5.52+ -0.000 -0.000   0.00   0.00  0.00 -0.00  0.00 -0.00  5.51******  0.00  0.00 -0.00 -0.00 -0.00  0.00 -0.00  0.00  0.00
  5.72+ 5.52+ -0.000  0.000   0.00   0.00  0.00  0.00 -0.00  0.00************  0.18  0.00  0.01  0.15 -0.00  0.39 -0.00  0.04  0.17
  5.73+ 5.52+ -0.820  0.618   1.57  16.12  0.25  0.15 -0.03  0.05  9.50110.74  0.90 -0.44  0.04 -0.43 -0.39 -1.02 -0.31  0.00 -0.31
  5.85+ 5.52+ -0.000 -0.000   0.00  -0.00 -0.00 -0.00 -0.00 -0.00************  0.00  0.00 -0.01  0.00 -0.00  0.01 -0.00  0.00  0.00

  5.60+ MY=NY -0.216 -0.199  10.44   7.48  0.41 -0.48  0.01 -0.27  5.50 35.35  0.65  1.41 -0.13 -0.94 -1.81  6.16 -1.77  5.50  7.78
  5.72+ 5.60+ -0.000 -0.000   0.00   0.00  0.00 -0.00  0.00 -0.00************  0.02 -0.00  0.00 -0.00 -0.00  0.00 -0.00  0.00  0.01
  5.73+ 5.60+ -0.000 -0.000   0.00   0.00  0.00 -0.00  0.00 -0.00  4.24******  0.00  0.00 -0.00  0.00 -0.00  0.00 -0.00  0.00  0.00
  5.85+ 5.60+ -0.000  0.000   0.00  -0.00 -0.00 -0.00  0.00  0.00************ -0.02 -0.03  0.14  0.07 -0.06  0.19 -0.05  0.02  0.09

  5.72+ MY=NY  1.242  0.608  28.16 -32.32 -0.01  0.45  0.87 -0.03  7.50 70.00  0.52  0.45  1.75  5.94  2.26 25.23  1.41  7.50 15.82
  5.73+ 5.72+  0.000 -0.000   0.00   0.00  0.00  0.00  0.00  0.00************ -0.05 -0.04  0.01 -0.18  0.09 -0.48  0.07 -0.06 -0.23
  5.85+ 5.72+  0.045 -0.166   0.02  -4.12  0.09  0.04  0.02 -0.01  7.50 59.89  0.14  0.00  0.12  0.11  0.15  0.25  0.11  0.00  0.07

  5.73+ MY=NY  0.562 -0.198  51.01  33.55  1.87  0.37  0.48  0.04  9.50109.69  0.57  0.34 -0.59  9.47 -1.61 36.13 -1.54  9.50 21.83
  5.85+ 5.73+ -0.000 -0.000  -0.00  -0.00 -0.00 -0.00 -0.00 -0.00************ -0.06  0.01 -0.01  0.06  0.02  0.16  0.01  0.01  0.06

  5.85+ MY=NY -0.085  0.363  29.56  22.71 -2.69 -0.45  0.01  0.42  7.50 68.10  0.05  0.46  0.03  2.93 -2.36 18.05 -2.19  7.50 13.83

 DECOUP:  0.00 SEC



   #   ENERGY +/-(#)    <Q20>    <Q22>     <R2>     <JZ>      #   ENERGY +/-(#)    <Q20>    <Q22>     <R2>     <JZ>

   1   1.5000  +(# 1)   2.2984  -0.1008   2.2851   0.5000    41   5.3876  -(#20)  19.2565   1.4093  12.8101  -0.0300
   2   1.8092  -(# 1)   8.2960  -0.1072   5.3032   0.4993    42   5.3898  -(#21)  30.4625  -1.6520  18.9426   1.7965
   3   2.1266  +(# 2)  14.3437  -0.1107   8.3379   0.4989    43   5.5231  +(#22)  43.0672   0.3807  23.9413   0.1506
   4   2.5059  -(# 2)  20.3067  -0.1209  11.3449   0.4979    44   5.5651  -(#22)  12.0684  -2.1935  10.8196  -2.7113
   5   2.6650  -(# 3)   1.5142  -0.9318   3.1199  -1.1048    45   5.6050  +(#23)   6.1633  -1.7714   7.7832   0.4118
   6   2.9362  +(# 3)  26.2397  -0.1342  14.3421   0.4970    46   5.6913  -(#23)   0.1695   0.2461   4.5278   0.3309
   7   2.9790  +(# 4)   7.5083  -0.9492   6.1381  -1.0857    47   5.6930  -(#24)  30.8857  -0.6910  18.9710  -0.2906
   8   3.0259  -(# 4)   1.6819   0.5349   3.0023   0.1055    48   5.7212  +(#24)  25.2337   1.4051  15.8212  -0.0088
   9   3.2770  -(# 5)  13.5526  -0.9548   9.1719  -1.0715    49   5.7346  +(#25)  36.1279  -1.5368  21.8346   1.8834
  10   3.3348  +(# 5)   7.6953   0.5346   6.0250   0.0899    50   5.8524  +(#26)  18.0478  -2.1902  13.8305  -2.7018
  11   3.3680  -(# 6)  31.9585  -0.1654  17.2695   0.4942    51   5.8564  -(#25)  12.3113  -1.8254  10.8576   0.6083
  12   3.6205  +(# 6)  19.5530  -1.0181  12.1978  -0.9748    52   5.9132  +(#27)   6.3015   0.2713   7.5874   0.1036
  13   3.6280  -(# 7)  13.8115   0.5398   9.0817   0.0777    53   6.0569  +(#28)  36.7241  -0.7931  21.9469  -0.3812
  14   3.8057  +(# 7)  37.6678  -0.2010  20.1941   0.4906    54   6.0728  -(#26)   0.3477   2.1972   4.3563   0.4234
  15   3.8438  +(# 8)   0.7510  -1.8276   3.9694   1.5979    55   6.0740  -(#27)  31.0921   1.3492  18.7984  -0.0607
  16   3.9497  +(# 9)  19.8276   0.5964  12.0986  -0.0187    56   6.1316  -(#28)  23.9615  -2.0281  16.8004  -2.8031
  17   3.9779  -(# 8)  25.4192  -1.0222  15.1715  -0.9842    57   6.1371  +(#29)  18.3716  -1.8201  13.8955   0.6596
  18   4.1294  -(# 9)   6.7789  -1.7178   6.9839   1.7482    58   6.1644  -(#29)  12.4108   0.2362  10.6466   0.0539
  19   4.1856  +(#10)   0.8574  -0.3130   3.8255   0.4814    59   6.2737  +(#30)  -0.8716  -2.6606   5.5224   3.7176
  20   4.2582  -(#10)  42.9074  -0.2870  22.9668   0.4795    60   6.3263  +(#31)   6.5009   2.2201   7.4234   0.1007
  21   4.3115  -(#11)  25.7616   0.5792  15.0967  -0.0039    61   6.4190  +(#32)  30.0606  -1.6983  19.8129  -2.7563
  22   4.3608  +(#11)  31.2597  -1.0404  18.1382  -0.9745    62   6.4378  -(#30)  24.4194  -1.8982  16.9391   0.7522
  23   4.4240  +(#12)  12.8245  -1.7664  10.0233   1.6614    63   6.4459  +(#33)  18.4422   0.2253  13.6767   0.0223
  24   4.4601  -(#12)   6.9276  -0.5430   6.8946   0.0668    64   6.4476  +(#34)  36.5473   1.1244  21.6600  -0.2508
  25   4.5302  +(#13)   1.0221   1.2547   3.6950  -0.5824    65   6.4762  -(#31)   5.2574  -2.4848   8.5631   3.8405
  26   4.6960  +(#14)  31.6463   0.5704  18.0772  -0.0073    66   6.5902  -(#32)  12.6554   2.2001  10.4959   0.0589
  27   4.7173  +(#15)  47.6239  -0.4440  25.5719   0.4548    67   6.5949  +(#35)  -0.8454  -3.0040   5.5719  -0.8329
  28   4.7180  +(#16)  13.0199  -0.5576   9.9456  -0.1070    68   6.7182  +(#36)  11.3043  -2.4707  11.5955   3.8367
  29   4.7235  -(#13)  18.7881  -1.7241  13.0242   1.7107    69   6.7434  -(#33)  24.4182   0.1797  16.6922   0.0401
  30   4.7513  -(#14)  36.9546  -1.0099  21.0502  -1.0198    70   6.7566  +(#37)  30.4285  -1.9781  19.9698   0.8460
  31   4.8130  -(#15)   7.1127   1.3576   6.7315  -0.3244    71   6.8087  -(#34)   5.4169  -3.0107   8.6792  -1.1861
  32   5.0164  -(#16)  19.0413  -0.5997  12.9761  -0.1924    72   6.8451  +(#38)  -0.6819  -0.8459   5.3710  -0.1301
  33   5.0476  -(#17)  -0.0645  -2.3788   4.7604  -2.5646    73   6.8738  +(#39)  18.7355   2.1944  13.5418   0.0346
  34   5.0572  +(#17)  24.6938  -1.7350  16.0120   1.6981    74   6.9462  -(#35)  17.2546  -2.3138  14.5783   3.9347
  35   5.0809  +(#18)  13.2125   1.4216   9.7757  -0.0612    75   7.0410  +(#40)  11.6004  -2.9771  11.7551  -1.2966
  36   5.1007  -(#18)  37.4256   0.5013  21.0294   0.0588    76   7.0534  -(#36)   5.5178  -0.9002   8.4628   0.0162
  37   5.1559  +(#19)  42.5683  -0.9372  23.9298  -1.0619    77   7.0574  +(#41)  30.3001   0.1176  19.6781   0.0595
  38   5.3160  +(#20)   6.0153  -2.3103   7.7974  -2.6091    78   7.1814  -(#37)  24.7886   2.1644  16.5814   0.0594
  39   5.3465  +(#21)  24.9863  -0.6084  15.9768  -0.2070    79   7.1849  +(#42)  23.1057  -2.1481  17.5268   4.0110
  40   5.3750  -(#19)   0.0099  -1.6497   4.6990  -0.1844    80   7.2230  +(#43)  -0.5180   0.9827   5.2092  -0.1401



     PARITY: +     DIMENSION:  95     MATRIX:   0.0 SEC     DIAGONALISATION:   0.0 SEC
     PARITY: -     DIMENSION:  70     MATRIX:   0.0 SEC     DIAGONALISATION:   0.0 SEC
      TOTAL TIME:   0.0 SEC
