


         KAPPAP      MYP     KAPPAN      MYN
    0    0.1200    0.0000    0.1200    0.0000
    1    0.1200    0.0000    0.1200    0.0000
    2    0.1050    0.0000    0.1050    0.0000
    3    0.0900    0.3000    0.0900    0.2500
    4    0.0650    0.5700    0.0700    0.3900
    5    0.0600    0.6500    0.0620    0.4300
    6    0.0540    0.6900    0.0620    0.3400
    7    0.0540    0.6900    0.0620    0.2600
    8    0.0540    0.6900    0.0620    0.2600


     KAPPA    MY     EPS   GAMMA    EPS4     EPS6     W0/W00   NMAX  COUPL     OMROT      EFAC      QFAC
      SEE TABLE     1.200   33.0   0.000    0.000    1.22799     8     0     0.00000   7.89442   5.25688


                     **** PROTONS ****                     **** STRETCHED COORDINATES ****
    SYMMETRY R1= 1


   BASIS FUNCTIONS /N,L,J,OMEGA>,   PARITY -


   1 / 7 7 15/2 13/2>    15 / 7 5 11/2  1/2>    29 / 7 7 13/2 -7/2>    43 / 5 5 11/2  1/2>    57 / 5 5 11/2-11/2>
   2 / 7 7 13/2 13/2>    16 / 7 5  9/2  1/2>    30 / 7 5 11/2 -7/2>    44 / 5 5  9/2  1/2>    58 / 3 3  7/2  5/2>
   3 / 7 7 15/2  9/2>    17 / 7 3  7/2  1/2>    31 / 7 5  9/2 -7/2>    45 / 5 3  7/2  1/2>    59 / 3 3  5/2  5/2>
   4 / 7 7 13/2  9/2>    18 / 7 3  5/2  1/2>    32 / 7 3  7/2 -7/2>    46 / 5 3  5/2  1/2>    60 / 3 3  7/2  1/2>
   5 / 7 5 11/2  9/2>    19 / 7 1  3/2  1/2>    33 / 7 7 15/2-11/2>    47 / 5 1  3/2  1/2>    61 / 3 3  5/2  1/2>
   6 / 7 5  9/2  9/2>    20 / 7 1  1/2  1/2>    34 / 7 7 13/2-11/2>    48 / 5 1  1/2  1/2>    62 / 3 1  3/2  1/2>
   7 / 7 7 15/2  5/2>    21 / 7 7 15/2 -3/2>    35 / 7 5 11/2-11/2>    49 / 5 5 11/2 -3/2>    63 / 3 1  1/2  1/2>
   8 / 7 7 13/2  5/2>    22 / 7 7 13/2 -3/2>    36 / 7 7 15/2-15/2>    50 / 5 5  9/2 -3/2>    64 / 3 3  7/2 -3/2>
   9 / 7 5 11/2  5/2>    23 / 7 5 11/2 -3/2>    37 / 5 5 11/2  9/2>    51 / 5 3  7/2 -3/2>    65 / 3 3  5/2 -3/2>
  10 / 7 5  9/2  5/2>    24 / 7 5  9/2 -3/2>    38 / 5 5  9/2  9/2>    52 / 5 3  5/2 -3/2>    66 / 3 1  3/2 -3/2>
  11 / 7 3  7/2  5/2>    25 / 7 3  7/2 -3/2>    39 / 5 5 11/2  5/2>    53 / 5 1  3/2 -3/2>    67 / 3 3  7/2 -7/2>
  12 / 7 3  5/2  5/2>    26 / 7 3  5/2 -3/2>    40 / 5 5  9/2  5/2>    54 / 5 5 11/2 -7/2>    68 / 1 1  3/2  1/2>
  13 / 7 7 15/2  1/2>    27 / 7 1  3/2 -3/2>    41 / 5 3  7/2  5/2>    55 / 5 5  9/2 -7/2>    69 / 1 1  1/2  1/2>
  14 / 7 7 13/2  1/2>    28 / 7 7 15/2 -7/2>    42 / 5 3  5/2  5/2>    56 / 5 3  7/2 -7/2>    70 / 1 1  3/2 -3/2>


    SINGLE PARTICLE (PARITY-) WAVE FUNCTIONS IN THE ENERGY INTERVAL 0.0<E<7.0

 E=1.8094   0.888282/ 68>-0.455721/ 69> 0.057210/ 70>

 E=2.4568   0.235417/ 68> 0.558703/ 69> 0.795255/ 70>

 E=2.5039  -0.024929/ 58> 0.005863/ 59>-0.640744/ 60> 0.292766/ 61>-0.617838/ 62> 0.332435/ 63>-0.094470/ 64>
           -0.022331/ 65>-0.037629/ 66>-0.001777/ 67>

 E=3.0704  -0.056942/ 58> 0.007016/ 59>-0.310298/ 60>-0.429775/ 61> 0.079492/ 62>-0.318842/ 63>-0.676785/ 64>
           -0.249297/ 65>-0.295483/ 66>-0.015534/ 67>

 E=3.2338  -0.394378/ 68>-0.692942/ 69> 0.603570/ 70>

 E=3.3463  -0.003045/ 37> 0.000479/ 38>-0.073328/ 39> 0.020445/ 40>-0.034840/ 41> 0.008595/ 42>-0.526091/ 43>
            0.187219/ 44>-0.580934/ 45> 0.276497/ 46>-0.420568/ 47> 0.230202/ 48>-0.156710/ 49>-0.015618/ 50>
           -0.105066/ 51>-0.019127/ 52>-0.030241/ 53>-0.012150/ 54>-0.001688/ 55>-0.002819/ 56>

 E=3.7093   0.608944/ 58>-0.151009/ 59> 0.376438/ 60>-0.267443/ 61>-0.420725/ 62> 0.188801/ 63> 0.019975/ 64>
           -0.392121/ 65>-0.160390/ 66> 0.024768/ 67>

 E=3.7657  -0.003431/ 37>-0.062290/ 39>-0.013245/ 40>-0.020246/ 41>-0.003200/ 42>-0.259827/ 43>-0.357323/ 44>
           -0.032625/ 45>-0.401578/ 46> 0.159457/ 47>-0.234762/ 48>-0.535698/ 49>-0.227901/ 50>-0.405359/ 51>
           -0.178447/ 52>-0.138535/ 53>-0.053024/ 54>-0.014169/ 55>-0.013330/ 56>-0.001191/ 57>

 E=3.8460   0.058830/ 58>-0.023497/ 59>-0.385649/ 60>-0.608732/ 61>-0.155813/ 62>-0.304219/ 63> 0.549607/ 64>
            0.107801/ 65> 0.213988/ 66> 0.020019/ 67>

 E=4.1788   0.000468/  1> 0.012864/  3>-0.002295/  4> 0.004155/  5>-0.000612/  6> 0.132118/  7>-0.027631/  8>
            0.088017/  9>-0.021817/ 10> 0.031031/ 11>-0.007090/ 12> 0.495605/ 13>-0.092143/ 14> 0.532795/ 15>
           -0.147082/ 16> 0.420728/ 17>-0.169687/ 18> 0.257968/ 19>-0.131416/ 20> 0.252863/ 21> 0.022567/ 22>
            0.207393/ 23> 0.030743/ 24> 0.106641/ 25> 0.023853/ 26> 0.028166/ 27> 0.039597/ 28> 0.005648/ 29>
            0.018647/ 30> 0.003018/ 31> 0.003339/ 32> 0.002436/ 33> 0.000420/ 35>

 E=4.3123  -0.035777/ 37> 0.006751/ 38>-0.528366/ 39> 0.191839/ 40>-0.244010/ 41> 0.071537/ 42>-0.336938/ 43>
            0.330216/ 44> 0.192242/ 45> 0.045364/ 46> 0.371975/ 47>-0.166465/ 48>-0.137876/ 49> 0.332945/ 50>
            0.070106/ 51> 0.220601/ 52> 0.075732/ 53>-0.032617/ 54> 0.011006/ 55>-0.004270/ 56>-0.001084/ 57>


 E=4.4103   0.366474/ 58>-0.302243/ 59>-0.149340/ 60>-0.108718/ 61> 0.234597/ 62> 0.264586/ 63>-0.301578/ 64>
            0.231287/ 65> 0.533084/ 66>-0.431926/ 67>

 E=4.4603   0.541017/ 58> 0.035478/ 59>-0.063599/ 60> 0.191613/ 61>-0.031708/ 62>-0.327735/ 63>-0.113216/ 64>
            0.628279/ 65>-0.256181/ 66> 0.289284/ 67>

 E=4.5282   0.003649/ 37> 0.072562/ 39> 0.023156/ 40> 0.027709/ 41> 0.005104/ 42> 0.353226/ 43> 0.430046/ 44>
            0.267187/ 45> 0.421164/ 46> 0.030857/ 47> 0.184441/ 48>-0.463902/ 49>-0.112420/ 50>-0.371737/ 51>
           -0.119555/ 52>-0.127459/ 53>-0.055235/ 54>-0.011135/ 55>-0.014047/ 56>-0.001365/ 57>

 E=4.5504   0.006848/  3> 0.001414/  4> 0.001652/  5> 0.054419/  7> 0.037424/  8> 0.018755/  9> 0.023753/ 10>
            0.005900/ 12> 0.154473/ 13> 0.299515/ 14>-0.019435/ 15> 0.386410/ 16>-0.182198/ 17> 0.351257/ 18>
           -0.223232/ 19> 0.205512/ 20> 0.431750/ 21> 0.190873/ 22> 0.383655/ 23> 0.188458/ 24> 0.223062/ 25>
            0.108406/ 26> 0.069776/ 27> 0.088442/ 28> 0.027160/ 29> 0.044356/ 30> 0.012729/ 31> 0.008577/ 32>
            0.006110/ 33> 0.001233/ 34> 0.001106/ 35>

 E=4.9698  -0.008006/ 38> 0.146758/ 39>-0.316462/ 40> 0.167855/ 41>-0.109368/ 42>-0.198691/ 43>-0.220857/ 44>
            0.207671/ 45> 0.174612/ 46> 0.045561/ 47> 0.183079/ 48>-0.355283/ 49>-0.012420/ 50> 0.372720/ 51>
            0.240904/ 52> 0.267217/ 53>-0.467962/ 54>-0.122281/ 55>-0.107879/ 56>-0.018104/ 57>

 E=4.9899  -0.003316/  1> 0.000466/  2>-0.072338/  3> 0.018681/  4>-0.023611/  5> 0.004586/  6>-0.473209/  7>
            0.176336/  8>-0.303447/  9> 0.117227/ 10>-0.106022/ 11> 0.032477/ 12>-0.295757/ 13> 0.290779/ 14>
            0.083246/ 15> 0.155676/ 16> 0.333512/ 17>-0.055709/ 18> 0.307367/ 19>-0.140277/ 20>-0.128658/ 21>
            0.272185/ 22> 0.047225/ 23> 0.247448/ 24> 0.110190/ 25> 0.130435/ 26> 0.054849/ 27>-0.043332/ 28>
            0.025389/ 29>-0.010377/ 30> 0.010225/ 31>-0.004091/ 33> 0.000628/ 34>-0.000533/ 35>

 E=5.0046   0.045455/ 37>-0.004446/ 38> 0.550453/ 39>-0.059411/ 40> 0.239818/ 41>-0.037940/ 42>-0.062066/ 43>
            0.161453/ 44>-0.120795/ 45>-0.147417/ 46> 0.067549/ 47>-0.178548/ 48>-0.159848/ 49> 0.604575/ 50>
           -0.175088/ 51> 0.278724/ 52>-0.032381/ 53> 0.147483/ 54> 0.077533/ 55> 0.038661/ 56> 0.006152/ 57>


 E=5.1163   0.073608/ 58> 0.565764/ 59> 0.149425/ 60> 0.123595/ 61>-0.287521/ 62>-0.363074/ 63>-0.040773/ 64>
            0.006287/ 65> 0.098777/ 66>-0.641045/ 67>

 E=5.2546  -0.386708/ 58> 0.015321/ 59> 0.361476/ 60>-0.393098/ 61>-0.407026/ 62> 0.226105/ 63>-0.251038/ 64>
            0.529341/ 65> 0.038834/ 66> 0.059226/ 67>

 E=5.2941  -0.000793/  1>-0.018718/  3>-0.000473/  4>-0.005860/  5>-0.148172/  7>-0.035483/  8>-0.094466/  9>
           -0.016248/ 10>-0.029280/ 11>-0.001694/ 12>-0.281292/ 13>-0.342314/ 14>-0.283647/ 15>-0.402733/ 16>
           -0.146773/ 17>-0.305340/ 18> 0.006590/ 19>-0.126715/ 20> 0.407491/ 21> 0.022809/ 22> 0.387150/ 23>
            0.062847/ 24> 0.228912/ 25> 0.060235/ 26> 0.067943/ 27> 0.108832/ 28> 0.017110/ 29> 0.055235/ 30>
            0.009950/ 31> 0.010562/ 32> 0.008520/ 33> 0.001148/ 34> 0.001544/ 35>

 E=5.5687   0.001236/  1> 0.000331/  2> 0.015345/  3> 0.019630/  4>-0.000500/  5> 0.004292/  6> 0.020497/  7>
            0.250250/  8>-0.098235/  9> 0.155921/ 10>-0.068874/ 11> 0.040536/ 12> 0.194222/ 13> 0.260849/ 14>
           -0.147853/ 15>-0.037897/ 16>-0.127828/ 17>-0.234442/ 18> 0.053660/ 19>-0.165588/ 20> 0.295237/ 21>
            0.190339/ 22>-0.258828/ 23>-0.057815/ 24>-0.381618/ 25>-0.149241/ 26>-0.158346/ 27> 0.457166/ 28>
            0.144122/ 29> 0.202694/ 30> 0.059318/ 31> 0.035364/ 32> 0.052575/ 33> 0.010893/ 34> 0.009186/ 35>

 0.001348/ 36>

 E=5.5959   0.072916/ 37> 0.004936/ 38> 0.209938/ 39> 0.528965/ 40>-0.117884/ 41> 0.185636/ 42> 0.188248/ 43>
            0.190476/ 44>-0.237770/ 45>-0.192134/ 46>-0.054523/ 47>-0.197791/ 48>-0.021596/ 49>-0.074461/ 50>
            0.094553/ 51> 0.022399/ 52> 0.063919/ 53>-0.582134/ 54>-0.179824/ 55>-0.154497/ 56>-0.023152/ 57>


 E=5.6721  -0.004302/  1> 0.000485/  2>-0.086225/  3> 0.016462/  4>-0.029103/  5> 0.004621/  6>-0.476852/  7>
            0.109589/  8>-0.340246/  9> 0.098835/ 10>-0.129316/ 11> 0.033914/ 12> 0.134169/ 13>-0.078090/ 14>
            0.133932/ 15> 0.071822/ 16> 0.015617/ 17> 0.168226/ 18>-0.087493/ 19> 0.120871/ 20> 0.190059/ 21>
           -0.491829/ 22> 0.077794/ 23>-0.420714/ 24>-0.038726/ 25>-0.199247/ 26>-0.044941/ 27> 0.006296/ 28>
           -0.072969/ 29>-0.007467/ 30>-0.029324/ 31>-0.004126/ 32>-0.001076/ 33>-0.003190/ 34>-0.000440/ 35>


 E=5.7316   0.447928/ 37>-0.092118/ 38> 0.159735/ 39>-0.211790/ 40>-0.493312/ 41> 0.107581/ 42> 0.074209/ 43>
           -0.160387/ 44>-0.239187/ 45> 0.286157/ 46> 0.307385/ 47>-0.089065/ 48> 0.066756/ 49>-0.149741/ 50>
           -0.159981/ 51> 0.299791/ 52> 0.064702/ 53> 0.103188/ 54>-0.187369/ 55>-0.020636/ 56> 0.010721/ 57>


 E=5.8354  -0.026854/ 37> 0.003329/ 38>-0.344663/ 39> 0.061862/ 40>-0.195480/ 41> 0.040794/ 42> 0.440075/ 43>
           -0.390557/ 44>-0.089968/ 45>-0.063949/ 46>-0.371798/ 47> 0.191266/ 48>-0.234623/ 49> 0.409529/ 50>
           -0.102663/ 51> 0.261812/ 52> 0.020275/ 53>-0.029628/ 54> 0.020283/ 55>-0.004832/ 56>-0.000709/ 57>


 E=5.8902   0.163009/ 58> 0.635488/ 59>-0.030410/ 60>-0.092010/ 61> 0.079308/ 62> 0.168649/ 63>-0.173750/ 64>
           -0.131501/ 65> 0.471098/ 66> 0.506010/ 67>

 E=6.1714   0.010873/  1>-0.000457/  2> 0.145465/  3> 0.011996/  4> 0.034913/  5> 0.002568/  6> 0.238829/  7>
            0.422852/  8>-0.117168/  9> 0.310950/ 10>-0.134886/ 11> 0.090199/ 12> 0.217528/ 13> 0.164400/ 14>
           -0.180455/ 15>-0.042985/ 16>-0.166941/ 17>-0.212707/ 18> 0.035459/ 19>-0.155663/ 20> 0.018267/ 21>
           -0.095118/ 22> 0.065177/ 23>-0.008052/ 24> 0.095552/ 25> 0.039129/ 26> 0.045196/ 27>-0.495666/ 28>
           -0.191694/ 29>-0.271060/ 30>-0.089931/ 31>-0.055631/ 32>-0.059688/ 33>-0.014722/ 34>-0.011580/ 35>

-0.001545/ 36>

 E=6.2507  -0.033792/  1> 0.005401/  2>-0.415715/  3> 0.132125/  4>-0.120963/  5> 0.027988/  6>-0.176395/  7>
            0.302322/  8> 0.364938/  9>-0.012875/ 10> 0.260032/ 11>-0.054410/ 12>-0.085824/ 13> 0.231489/ 14>
            0.223730/ 15>-0.217010/ 16>-0.096390/ 17>-0.167274/ 18>-0.270983/ 19> 0.068430/ 20>-0.086249/ 21>
            0.173087/ 22> 0.163519/ 23>-0.179303/ 24> 0.025033/ 25>-0.199704/ 26>-0.051251/ 27>-0.169136/ 28>
            0.145721/ 29>-0.020362/ 30> 0.050355/ 31> 0.004928/ 32>-0.030263/ 33> 0.006819/ 34>-0.003566/ 35>

-0.001010/ 36>

 E=6.2965   0.563795/ 37>-0.112583/ 38> 0.092648/ 39>-0.015384/ 40>-0.245926/ 41> 0.080009/ 42>-0.064212/ 43>
            0.020760/ 44> 0.141728/ 45>-0.082075/ 46>-0.116891/ 47> 0.076070/ 48>-0.141212/ 49> 0.171891/ 50>
            0.267259/ 51>-0.396132/ 52>-0.054482/ 53>-0.068444/ 54> 0.496908/ 55> 0.098809/ 56>-0.027615/ 57>


 E=6.3682   0.043683/ 37>-0.030584/ 38>-0.216194/ 39>-0.568259/ 40>-0.015199/ 41>-0.173617/ 42> 0.080270/ 43>
            0.188040/ 44>-0.110549/ 45>-0.100945/ 46>-0.004811/ 47>-0.129589/ 48> 0.274679/ 49> 0.212290/ 50>
           -0.240911/ 51>-0.175866/ 52>-0.221631/ 53>-0.488635/ 54>-0.051593/ 55>-0.124172/ 56>-0.025431/ 57>


 E=6.5145  -0.003415/  1>-0.063339/  3> 0.007826/  4>-0.023180/  5> 0.002836/  6>-0.287774/  7> 0.005827/  8>
           -0.254809/  9> 0.038428/ 10>-0.108670/ 11> 0.020905/ 12> 0.432455/ 13>-0.332431/ 14> 0.108029/ 15>
           -0.213530/ 16>-0.232839/ 17> 0.036586/ 18>-0.300191/ 19> 0.151208/ 20>-0.175182/ 21> 0.336461/ 22>
           -0.167014/ 23> 0.320764/ 24>-0.053383/ 25> 0.155420/ 26> 0.012238/ 27>-0.075409/ 28> 0.038581/ 29>
           -0.035436/ 30> 0.014314/ 31>-0.005268/ 32>-0.006923/ 33> 0.001128/ 34>-0.001175/ 35>

 E=6.5652  -0.044754/ 37>-0.147936/ 38>-0.021450/ 39>-0.061768/ 40> 0.077601/ 41> 0.267256/ 42>-0.021647/ 43>
           -0.052711/ 44> 0.086230/ 45> 0.166209/ 46>-0.177883/ 47>-0.313639/ 48>-0.035982/ 49>-0.063184/ 50>
            0.157941/ 51> 0.173399/ 52>-0.443997/ 53>-0.089268/ 54>-0.099760/ 55> 0.518875/ 56>-0.426010/ 57>


 E=6.7388  -0.115439/ 58>-0.399728/ 59> 0.149889/ 60> 0.246370/ 61>-0.316230/ 62>-0.520411/ 63>-0.178696/ 64>
           -0.161896/ 65> 0.506707/ 66> 0.240838/ 67>

 E=6.7928   0.043105/  1>-0.006587/  2> 0.516960/  3>-0.146075/  4> 0.172410/  5>-0.035703/  6> 0.073367/  7>
           -0.068895/  8>-0.184505/  9> 0.048964/ 10>-0.148257/ 11> 0.040563/ 12>-0.087309/ 13> 0.044305/ 14>
            0.140544/ 15>-0.082015/ 16> 0.004627/ 17>-0.014236/ 18>-0.120305/ 19> 0.069045/ 20>-0.175980/ 21>
            0.226374/ 22> 0.232574/ 23>-0.242983/ 24> 0.058863/ 25>-0.281597/ 26>-0.066498/ 27>-0.131008/ 28>
            0.446576/ 29> 0.108590/ 30> 0.188025/ 31> 0.049337/ 32>-0.060163/ 33> 0.020708/ 34>-0.005702/ 35>

-0.002554/ 36>

 E=6.9436   0.000468/  1> 0.001444/  2> 0.017879/  3> 0.058554/  4>-0.001662/  5> 0.012892/  6> 0.197685/  7>
            0.490568/  8> 0.054750/  9> 0.319338/ 10>-0.029131/ 11> 0.079580/ 12>-0.080054/ 13>-0.208673/ 14>
            0.088858/ 15>-0.046962/ 16> 0.057168/ 17> 0.118286/ 18>-0.061958/ 19> 0.112637/ 20>-0.325173/ 21>
           -0.205749/ 22> 0.058455/ 23> 0.055841/ 24> 0.258354/ 25> 0.156936/ 26> 0.135894/ 27> 0.420743/ 28>
            0.063334/ 29> 0.234918/ 30> 0.046177/ 31> 0.049063/ 32> 0.069710/ 33> 0.010143/ 34> 0.013086/ 35>

 0.002177/ 36>

  Q20Q22:  0.00 SEC    QTME:  0.00 SEC



    SYMMETRY R1= 1


   BASIS FUNCTIONS /N,L,J,OMEGA>,   PARITY +


   1 / 8 8 17/2 17/2>    20 / 8 6 11/2  1/2>    39 / 8 4  7/2 -7/2>    58 / 6 4  7/2  1/2>    77 / 4 2  5/2  5/2>
   2 / 8 8 17/2 13/2>    21 / 8 4  9/2  1/2>    40 / 8 8 17/2-11/2>    59 / 6 2  5/2  1/2>    78 / 4 4  9/2  1/2>
   3 / 8 8 15/2 13/2>    22 / 8 4  7/2  1/2>    41 / 8 8 15/2-11/2>    60 / 6 2  3/2  1/2>    79 / 4 4  7/2  1/2>
   4 / 8 6 13/2 13/2>    23 / 8 2  5/2  1/2>    42 / 8 6 13/2-11/2>    61 / 6 0  1/2  1/2>    80 / 4 2  5/2  1/2>
   5 / 8 8 17/2  9/2>    24 / 8 2  3/2  1/2>    43 / 8 6 11/2-11/2>    62 / 6 6 13/2 -3/2>    81 / 4 2  3/2  1/2>
   6 / 8 8 15/2  9/2>    25 / 8 0  1/2  1/2>    44 / 8 8 17/2-15/2>    63 / 6 6 11/2 -3/2>    82 / 4 0  1/2  1/2>
   7 / 8 6 13/2  9/2>    26 / 8 8 17/2 -3/2>    45 / 8 8 15/2-15/2>    64 / 6 4  9/2 -3/2>    83 / 4 4  9/2 -3/2>
   8 / 8 6 11/2  9/2>    27 / 8 8 15/2 -3/2>    46 / 6 6 13/2 13/2>    65 / 6 4  7/2 -3/2>    84 / 4 4  7/2 -3/2>
   9 / 8 4  9/2  9/2>    28 / 8 6 13/2 -3/2>    47 / 6 6 13/2  9/2>    66 / 6 2  5/2 -3/2>    85 / 4 2  5/2 -3/2>
  10 / 8 8 17/2  5/2>    29 / 8 6 11/2 -3/2>    48 / 6 6 11/2  9/2>    67 / 6 2  3/2 -3/2>    86 / 4 2  3/2 -3/2>
  11 / 8 8 15/2  5/2>    30 / 8 4  9/2 -3/2>    49 / 6 4  9/2  9/2>    68 / 6 6 13/2 -7/2>    87 / 4 4  9/2 -7/2>
  12 / 8 6 13/2  5/2>    31 / 8 4  7/2 -3/2>    50 / 6 6 13/2  5/2>    69 / 6 6 11/2 -7/2>    88 / 4 4  7/2 -7/2>
  13 / 8 6 11/2  5/2>    32 / 8 2  5/2 -3/2>    51 / 6 6 11/2  5/2>    70 / 6 4  9/2 -7/2>    89 / 2 2  5/2  5/2>
  14 / 8 4  9/2  5/2>    33 / 8 2  3/2 -3/2>    52 / 6 4  9/2  5/2>    71 / 6 4  7/2 -7/2>    90 / 2 2  5/2  1/2>
  15 / 8 4  7/2  5/2>    34 / 8 8 17/2 -7/2>    53 / 6 4  7/2  5/2>    72 / 6 6 13/2-11/2>    91 / 2 2  3/2  1/2>
  16 / 8 2  5/2  5/2>    35 / 8 8 15/2 -7/2>    54 / 6 2  5/2  5/2>    73 / 6 6 11/2-11/2>    92 / 2 0  1/2  1/2>
  17 / 8 8 17/2  1/2>    36 / 8 6 13/2 -7/2>    55 / 6 6 13/2  1/2>    74 / 4 4  9/2  9/2>    93 / 2 2  5/2 -3/2>
  18 / 8 8 15/2  1/2>    37 / 8 6 11/2 -7/2>    56 / 6 6 11/2  1/2>    75 / 4 4  9/2  5/2>    94 / 2 2  3/2 -3/2>
  19 / 8 6 13/2  1/2>    38 / 8 4  9/2 -7/2>    57 / 6 4  9/2  1/2>    76 / 4 4  7/2  5/2>    95 / 0 0  1/2  1/2>


    SINGLE PARTICLE (PARITY+) WAVE FUNCTIONS IN THE ENERGY INTERVAL 0.0<E<7.0

 E=1.5000   1.000000/ 95>

 E=2.1277  -0.003894/ 89>-0.737740/ 90> 0.376526/ 91>-0.555734/ 92>-0.067392/ 93>-0.023888/ 94>

 E=2.7694  -0.050598/ 89>-0.317048/ 90>-0.491818/ 91> 0.189197/ 92>-0.750531/ 93>-0.236522/ 94>

 E=2.9282  -0.000923/ 74>-0.047332/ 75> 0.013678/ 76>-0.015023/ 77>-0.562174/ 78> 0.247655/ 79>-0.605312/ 80>
            0.333927/ 81>-0.352854/ 82>-0.114602/ 83>-0.015016/ 84>-0.063305/ 85>-0.012797/ 86>-0.005182/ 87>
           -0.000661/ 88>

 E=3.4071   0.001523/ 74> 0.055645/ 75> 0.003475/ 76> 0.012737/ 77> 0.302019/ 78> 0.398617/ 79> 0.019851/ 80>
            0.381443/ 81>-0.158314/ 82> 0.591401/ 83> 0.250536/ 84> 0.376603/ 85> 0.141845/ 86> 0.033682/ 87>
            0.007278/ 88>

 E=3.4090  -0.608886/ 89>-0.328273/ 90> 0.204858/ 91> 0.554423/ 92> 0.055672/ 93> 0.411149/ 94>

 E=3.5531   0.094631/ 89>-0.403124/ 90>-0.691130/ 91>-0.008760/ 92> 0.584565/ 93> 0.095297/ 94>

 E=3.7668  -0.006230/ 47> 0.001171/ 48>-0.001298/ 49>-0.095244/ 50> 0.024815/ 51>-0.057042/ 52> 0.015828/ 53>
           -0.013727/ 54>-0.491731/ 55> 0.142057/ 56>-0.556136/ 57> 0.221950/ 58>-0.443333/ 59> 0.231327/ 60>
           -0.230656/ 61>-0.189603/ 62>-0.016414/ 63>-0.146314/ 64>-0.023270/ 65>-0.062600/ 66>-0.013822/ 67>
           -0.021006/ 68>-0.002986/ 69>-0.007781/ 70>-0.001077/ 71>-0.000805/ 72>

 E=4.0048  -0.018353/ 74>-0.560104/ 75> 0.188456/ 76>-0.173721/ 77>-0.352560/ 78> 0.332482/ 79> 0.291906/ 80>
           -0.063339/ 81> 0.326584/ 82>-0.126697/ 83> 0.368024/ 84> 0.097433/ 85> 0.166813/ 86>-0.026452/ 87>
            0.004075/ 88>

 E=4.1476   0.005333/ 47> 0.000902/ 49> 0.063668/ 50> 0.023013/ 51> 0.025030/ 52> 0.010579/ 53> 0.002757/ 54>
            0.223816/ 55> 0.322685/ 56> 0.038341/ 57> 0.399040/ 58>-0.147761/ 59> 0.314790/ 60>-0.170758/ 61>
            0.478928/ 62> 0.208245/ 63> 0.408280/ 64> 0.192379/ 65> 0.201964/ 66> 0.080885/ 67> 0.068297/ 68>
            0.020290/ 69> 0.027177/ 70> 0.006281/ 71> 0.002917/ 72> 0.000467/ 73>

 E=4.1707   0.000610/ 74> 0.032001/ 75> 0.018414/ 76> 0.005988/ 77> 0.384815/ 78> 0.494720/ 79> 0.223454/ 80>
            0.392305/ 81>-0.047293/ 82>-0.507051/ 83>-0.146691/ 84>-0.330565/ 85>-0.102951/ 86>-0.034229/ 87>
           -0.006010/ 88>

 E=4.1836   0.686959/ 89>-0.113819/ 90> 0.074912/ 91> 0.193726/ 92>-0.205117/ 93> 0.655681/ 94>

 E=4.5710   0.001339/  2> 0.023281/  5>-0.003681/  6> 0.009484/  7>-0.001527/  8> 0.001428/  9> 0.172973/ 10>
           -0.027723/ 11> 0.121478/ 12>-0.024644/ 13> 0.051265/ 14>-0.011889/ 15> 0.010258/ 16> 0.503722/ 17>
           -0.053221/ 18> 0.505029/ 19>-0.084402/ 20> 0.378631/ 21>-0.101705/ 22> 0.235914/ 23>-0.098190/ 24>
            0.105344/ 25> 0.314486/ 26> 0.027087/ 27> 0.262831/ 28> 0.035091/ 29> 0.147418/ 30> 0.029791/ 31>
            0.054845/ 32> 0.013570/ 33> 0.065613/ 34> 0.008918/ 35> 0.035565/ 36> 0.005799/ 37> 0.009745/ 38>

 0.001473/ 39> 0.005833/ 40> 0.000756/ 41> 0.001590/ 42>

 E=4.6461   0.001210/ 46> 0.051254/ 47>-0.012422/ 48> 0.010753/ 49> 0.489807/ 50>-0.186676/ 51> 0.283180/ 52>
           -0.103221/ 53> 0.067831/ 54> 0.323115/ 55>-0.317886/ 56>-0.113953/ 57>-0.119793/ 58>-0.357701/ 59>
            0.119505/ 60>-0.240657/ 61> 0.145092/ 62>-0.303041/ 63>-0.043567/ 64>-0.246122/ 65>-0.094119/ 66>
           -0.088687/ 67> 0.038321/ 68>-0.017873/ 69> 0.007907/ 70>-0.004413/ 71> 0.002292/ 72>

 E=4.6911   0.007684/ 74> 0.409441/ 75>-0.326975/ 76> 0.191008/ 77>-0.183985/ 78>-0.113376/ 79> 0.189964/ 80>
            0.159515/ 81> 0.004521/ 82>-0.381534/ 83> 0.297320/ 84> 0.359718/ 85> 0.289320/ 86>-0.358795/ 87>
           -0.069581/ 88>

 E=4.7175   0.023843/ 74> 0.459091/ 75> 0.085347/ 76> 0.089775/ 77> 0.017353/ 78> 0.227472/ 79>-0.179288/ 80>
           -0.297563/ 81> 0.135200/ 82>-0.022125/ 83> 0.567114/ 84>-0.354400/ 85> 0.052896/ 86> 0.350833/ 87>
            0.093399/ 88>

 E=4.9078   0.008790/ 47> 0.001690/ 49> 0.106111/ 50> 0.027073/ 51> 0.056346/ 52> 0.009340/ 53> 0.010644/ 54>
            0.317887/ 55> 0.372804/ 56> 0.288476/ 57> 0.415905/ 58> 0.103630/ 59> 0.265281/ 60>-0.049738/ 61>
           -0.426176/ 62>-0.080761/ 63>-0.392073/ 64>-0.112610/ 65>-0.198757/ 66>-0.061780/ 67>-0.075211/ 68>
           -0.015241/ 69>-0.030515/ 70>-0.005481/ 71>-0.003560/ 72>-0.000445/ 73>

 E=4.9573   0.381857/ 89>-0.268317/ 90> 0.301833/ 91> 0.557111/ 92> 0.212773/ 93>-0.579175/ 94>

 E=4.9786  -0.000346/  2>-0.004589/  5>-0.004295/  6>-0.000644/  7>-0.001498/  8>-0.023714/ 10>-0.058403/ 11>
            0.006526/ 12>-0.043869/ 13> 0.013743/ 14>-0.017467/ 15> 0.005172/ 16>-0.076187/ 17>-0.289397/ 18>
            0.086793/ 19>-0.368993/ 20> 0.219335/ 21>-0.350737/ 22> 0.252872/ 23>-0.260544/ 24> 0.173241/ 25>
           -0.383660/ 26>-0.187213/ 27>-0.344486/ 28>-0.187462/ 29>-0.217153/ 30>-0.121736/ 31>-0.095368/ 32>
           -0.042395/ 33>-0.110018/ 34>-0.035814/ 35>-0.063524/ 36>-0.020615/ 37>-0.018805/ 38>-0.004630/ 39>

-0.011227/ 40>-0.002573/ 41>-0.003216/ 42>-0.000540/ 43>-0.000426/ 44>

 E=5.2648  -0.000518/ 46>-0.011500/ 47>-0.013339/ 48> 0.000382/ 49> 0.000692/ 50>-0.278796/ 51> 0.109384/ 52>
           -0.141514/ 53> 0.048623/ 54>-0.196777/ 55>-0.263101/ 56> 0.187142/ 57> 0.110475/ 58> 0.104106/ 59>
            0.255146/ 60>-0.086827/ 61>-0.320640/ 62>-0.168155/ 63> 0.307940/ 64> 0.122290/ 65> 0.351488/ 66>
            0.133814/ 67>-0.464205/ 68>-0.142918/ 69>-0.167312/ 70>-0.039560/ 71>-0.033767/ 72>-0.005614/ 73>


 E=5.3314  -0.001626/ 46>-0.063520/ 47> 0.011065/ 48>-0.013462/ 49>-0.525502/ 50> 0.120376/ 51>-0.323230/ 52>
            0.087778/ 53>-0.080172/ 54> 0.103891/ 55>-0.099168/ 56> 0.105957/ 57> 0.078627/ 58>-0.021864/ 59>
            0.157623/ 60>-0.090945/ 61> 0.215804/ 62>-0.537381/ 63> 0.105052/ 64>-0.387279/ 65>-0.019820/ 66>
           -0.115641/ 67>-0.020229/ 68>-0.061338/ 69>-0.014544/ 70>-0.015721/ 71>-0.002495/ 72>-0.001520/ 73>


 E=5.3455   0.053024/ 74> 0.179067/ 75> 0.562490/ 76>-0.127534/ 77> 0.166497/ 78> 0.172684/ 79>-0.268518/ 80>
           -0.277750/ 81> 0.058249/ 82>-0.034380/ 83>-0.059760/ 84> 0.111566/ 85> 0.043440/ 86>-0.616372/ 87>
           -0.152580/ 88>

 E=5.3493  -0.007068/  2> 0.001228/  3>-0.001096/  4>-0.097615/  5> 0.025287/  6>-0.040223/  7> 0.009543/  8>
           -0.006198/  9>-0.462760/ 10> 0.165638/ 11>-0.309802/ 12> 0.120713/ 13>-0.127975/ 14> 0.047810/ 15>
           -0.026128/ 16>-0.263409/ 17> 0.257896/ 18> 0.083146/ 19> 0.159267/ 20> 0.323403/ 21>-0.015541/ 22>
            0.338646/ 23>-0.129488/ 24> 0.184515/ 25>-0.114995/ 26> 0.242027/ 27> 0.054586/ 28> 0.232179/ 29>
            0.122077/ 30> 0.146212/ 31> 0.082319/ 32> 0.049435/ 33>-0.048123/ 34> 0.032602/ 35>-0.011780/ 36>

 0.017045/ 37> 0.000883/ 38> 0.003402/ 39>-0.006535/ 40> 0.001395/ 41>-0.001306/ 42>

 E=5.4932  -0.444711/ 74>-0.117273/ 75> 0.159093/ 76> 0.535591/ 77>-0.040874/ 78> 0.104467/ 79> 0.181522/ 80>
           -0.255064/ 81>-0.413291/ 82>-0.046889/ 83> 0.114283/ 84> 0.127610/ 85>-0.344500/ 86>-0.080922/ 87>
            0.195288/ 88>

 E=5.5296  -0.007812/ 74>-0.373753/ 75> 0.070392/ 76>-0.137833/ 77> 0.424532/ 78>-0.403211/ 79>-0.243432/ 80>
            0.076001/ 81>-0.347822/ 82>-0.251294/ 83> 0.453831/ 84>-0.043793/ 85> 0.190610/ 86>-0.002851/ 87>
            0.010185/ 88>

 E=5.6817   0.002448/  2> 0.000374/  4> 0.036055/  5> 0.000725/  6> 0.014827/  7>-0.000317/  8> 0.002182/  9>
            0.198862/ 10> 0.045652/ 11> 0.142499/ 12> 0.024891/ 13> 0.057575/ 14> 0.004892/ 15> 0.010025/ 16>
            0.241657/ 17> 0.323914/ 18> 0.262430/ 19> 0.383778/ 20> 0.164550/ 21> 0.314554/ 22> 0.034482/ 23>
            0.178781/ 24>-0.043642/ 25>-0.399745/ 26> 0.040799/ 27>-0.368883/ 28> 0.005932/ 29>-0.227349/ 30>
           -0.023133/ 31>-0.090556/ 32>-0.018341/ 33>-0.155631/ 34>-0.015315/ 35>-0.089164/ 36>-0.012286/ 37>

-0.025591/ 38>-0.003569/ 39>-0.018332/ 40>-0.002199/ 41>-0.005194/ 42>-0.000537/ 43>-0.000762/ 44>


 E=5.8801   0.003698/ 46> 0.096021/ 47> 0.011002/ 48> 0.014338/ 49> 0.230184/ 50> 0.482964/ 51>-0.098566/ 52>
            0.267639/ 53>-0.077348/ 54> 0.202871/ 55> 0.188169/ 56>-0.196255/ 57>-0.108095/ 58>-0.129389/ 59>
           -0.231325/ 60> 0.067924/ 61>-0.013948/ 62>-0.089028/ 63> 0.084379/ 64> 0.003333/ 65> 0.093005/ 66>
            0.030782/ 67>-0.543709/ 68>-0.191489/ 69>-0.229890/ 70>-0.059261/ 71>-0.041064/ 72>-0.007613/ 73>


 E=5.8891  -0.002194/  2>-0.000894/  3>-0.018229/  5>-0.026331/  6> 0.001029/  7>-0.009075/  8> 0.001390/  9>
           -0.031740/ 10>-0.227792/ 11> 0.089142/ 12>-0.157903/ 13> 0.079581/ 14>-0.060250/ 15> 0.023390/ 16>
           -0.189130/ 17>-0.252598/ 18> 0.111945/ 19>-0.012432/ 20> 0.123719/ 21> 0.191841/ 22>-0.026613/ 23>
            0.209824/ 24>-0.101699/ 25>-0.255959/ 26>-0.195718/ 27> 0.240520/ 28> 0.012572/ 29> 0.394426/ 30>
            0.134431/ 31> 0.237922/ 32> 0.083313/ 33>-0.447752/ 34>-0.142244/ 35>-0.220932/ 36>-0.070762/ 37>

-0.056450/ 38>-0.013848/ 39>-0.074180/ 40>-0.016703/ 41>-0.020252/ 42>-0.003351/ 43>-0.003645/ 44>
           -0.000453/ 45>

 E=5.9825  -0.017993/ 46>-0.425345/ 47> 0.116565/ 48>-0.080786/ 49>-0.184503/ 50> 0.251540/ 51> 0.427034/ 52>
           -0.081043/ 53> 0.191620/ 54>-0.096311/ 55> 0.201637/ 56> 0.252244/ 57>-0.262696/ 58>-0.180489/ 59>
           -0.049077/ 60>-0.242671/ 61>-0.086010/ 62> 0.173099/ 63> 0.170736/ 64>-0.241736/ 65>-0.018787/ 66>
           -0.156504/ 67>-0.127866/ 68> 0.175947/ 69> 0.008887/ 70> 0.041502/ 71>-0.017907/ 72> 0.004396/ 73>


 E=6.0316   0.008740/  2>-0.001265/  3> 0.001395/  4> 0.109606/  5>-0.022071/  6> 0.047816/  7>-0.009590/  8>
            0.007699/  9> 0.421039/ 10>-0.100519/ 11> 0.329640/ 12>-0.102383/ 13> 0.157190/ 14>-0.051911/ 15>
            0.035570/ 16>-0.170795/ 17> 0.050734/ 18>-0.167776/ 19>-0.085972/ 20>-0.051933/ 21>-0.185822/ 22>
            0.068060/ 23>-0.173742/ 24> 0.095224/ 25>-0.150255/ 26> 0.452632/ 27>-0.037178/ 28> 0.425459/ 29>
            0.067000/ 30> 0.253515/ 31> 0.075936/ 32> 0.077489/ 33>-0.012585/ 34> 0.091262/ 35> 0.008447/ 36>

 0.047535/ 37> 0.008287/ 38> 0.009364/ 39> 0.000364/ 40> 0.006129/ 41> 0.000795/ 42> 0.001147/ 43>


 E=6.0813   0.569421/ 74> 0.099566/ 75> 0.073147/ 76>-0.278026/ 77>-0.048742/ 78>-0.007161/ 79> 0.125096/ 80>
           -0.038787/ 81>-0.177845/ 82>-0.121296/ 83> 0.100238/ 84> 0.269554/ 85>-0.428390/ 86> 0.024959/ 87>
            0.500427/ 88>

 E=6.1192  -0.118407/ 74> 0.198560/ 75> 0.596558/ 76> 0.012593/ 77>-0.062618/ 78>-0.157001/ 79> 0.106515/ 80>
            0.176083/ 81>-0.024696/ 82>-0.222390/ 83>-0.194456/ 84> 0.324654/ 85> 0.254122/ 86> 0.511437/ 87>
           -0.012873/ 88>

 E=6.1687  -0.001134/ 46>-0.042626/ 47> 0.006517/ 48>-0.009830/ 49>-0.316101/ 50> 0.046627/ 51>-0.236403/ 52>
            0.053508/ 53>-0.065177/ 54> 0.439792/ 55>-0.363839/ 56> 0.034055/ 57>-0.159173/ 58>-0.310755/ 59>
            0.128594/ 60>-0.256919/ 61>-0.209607/ 62> 0.365606/ 63>-0.145317/ 64> 0.299767/ 65>-0.012830/ 66>
            0.094683/ 67>-0.052086/ 68> 0.027982/ 69>-0.017100/ 70> 0.006475/ 71>-0.002844/ 72> 0.000436/ 73>


 E=6.4751  -0.000706/  1>-0.026074/  2> 0.002015/  3>-0.003646/  4>-0.219917/  5>-0.003796/  6>-0.068215/  7>
           -0.002371/  8>-0.007136/  9>-0.250179/ 10>-0.340504/ 11> 0.158550/ 12>-0.315594/ 13> 0.206006/ 14>
           -0.148617/ 15> 0.067493/ 16>-0.225892/ 17>-0.117140/ 18> 0.183278/ 19>-0.004043/ 20> 0.185520/ 21>
            0.158637/ 22>-0.016421/ 23> 0.200764/ 24>-0.109823/ 25>-0.058968/ 26> 0.105573/ 27>-0.047719/ 28>
            0.007327/ 29>-0.087312/ 30>-0.053557/ 31>-0.071021/ 32>-0.034108/ 33> 0.430485/ 34> 0.191609/ 35>

 0.282836/ 36> 0.109651/ 37> 0.090822/ 38> 0.024536/ 39> 0.074983/ 40> 0.022679/ 41> 0.023648/ 42>
            0.004794/ 43> 0.003694/ 44> 0.000597/ 45>

 E=6.5373   0.001373/  1> 0.049571/  2>-0.010728/  3> 0.007508/  4> 0.388954/  5>-0.145376/  6> 0.141853/  7>
           -0.046856/  8> 0.019849/  9> 0.138062/ 10>-0.359269/ 11>-0.304070/ 12>-0.075705/ 13>-0.271038/ 14>
            0.040426/ 15>-0.075240/ 16> 0.050925/ 17>-0.252283/ 18>-0.176257/ 19> 0.168876/ 20> 0.066521/ 21>
            0.242513/ 22> 0.252743/ 23> 0.044290/ 24> 0.148984/ 25> 0.069501/ 26>-0.157356/ 27>-0.157767/ 28>
            0.132404/ 29>-0.061239/ 30> 0.200949/ 31> 0.042670/ 32> 0.082607/ 33> 0.229734/ 34>-0.105365/ 35>

 0.069968/ 36>-0.039823/ 37> 0.008148/ 38>-0.005572/ 39> 0.051285/ 40>-0.006571/ 41> 0.011242/ 42>
           -0.000854/ 43> 0.003046/ 44>

 E=6.5387  -0.023445/ 46>-0.543889/ 47> 0.141030/ 48>-0.115710/ 49>-0.092585/ 50> 0.062898/ 51> 0.221873/ 52>
           -0.070278/ 53> 0.109637/ 54> 0.075227/ 55>-0.036011/ 56>-0.135635/ 57> 0.084257/ 58> 0.043887/ 59>
           -0.027060/ 60> 0.108050/ 61> 0.158608/ 62>-0.212357/ 63>-0.249709/ 64> 0.320429/ 65>-0.005483/ 66>
            0.207837/ 67> 0.117297/ 68>-0.473838/ 69>-0.100633/ 70>-0.127011/ 71> 0.041104/ 72>-0.010988/ 73>


 E=6.6502   0.000461/ 46> 0.000843/ 47>-0.040739/ 48> 0.004178/ 49>-0.216624/ 50>-0.525954/ 51>-0.040944/ 52>
           -0.265099/ 53> 0.025713/ 54> 0.091909/ 55> 0.202624/ 56>-0.101955/ 57>-0.023108/ 58>-0.040662/ 59>
           -0.149096/ 60> 0.068860/ 61> 0.304817/ 62> 0.212198/ 63>-0.144132/ 64>-0.103332/ 65>-0.262193/ 66>
           -0.128344/ 67>-0.457916/ 68>-0.076392/ 69>-0.199763/ 70>-0.034377/ 71>-0.043017/ 72>-0.005007/ 73>


 E=6.7748  -0.007106/ 46>-0.060404/ 47>-0.145790/ 48> 0.016793/ 49>-0.037044/ 50>-0.092481/ 51> 0.105691/ 52>
            0.248425/ 53>-0.042500/ 54>-0.039975/ 55>-0.088366/ 56> 0.132297/ 57> 0.218560/ 58>-0.197220/ 59>
           -0.229659/ 60> 0.070906/ 61>-0.063278/ 62>-0.104033/ 63> 0.221750/ 64> 0.222920/ 65>-0.368701/ 66>
           -0.092641/ 67>-0.133201/ 68>-0.141761/ 69> 0.486148/ 70> 0.099836/ 71>-0.413179/ 72>-0.075663/ 73>


 E=6.8052   0.549508/ 74>-0.080648/ 75> 0.043375/ 76> 0.242702/ 77>-0.069130/ 78> 0.082143/ 79> 0.206842/ 80>
           -0.198739/ 81>-0.374613/ 82> 0.020993/ 83> 0.002310/ 84>-0.052590/ 85> 0.056092/ 86> 0.126090/ 87>
           -0.611842/ 88>

 E=6.8718  -0.008258/  2> 0.000747/  3>-0.001371/  4>-0.092129/  5> 0.006632/  6>-0.043342/  7> 0.004754/  8>
           -0.007253/  9>-0.262273/ 10>-0.043286/ 11>-0.261010/ 12> 0.004239/ 13>-0.140427/ 14> 0.019327/ 15>
           -0.032499/ 16> 0.426308/ 17>-0.299197/ 18> 0.149435/ 19>-0.234337/ 20>-0.165522/ 21>-0.039132/ 22>
           -0.285498/ 23> 0.114962/ 24>-0.181046/ 25>-0.131213/ 26> 0.314278/ 27>-0.174605/ 28> 0.329188/ 29>
           -0.092985/ 30> 0.199560/ 31>-0.006855/ 32> 0.055039/ 33>-0.103420/ 34> 0.049741/ 35>-0.062532/ 36>

 0.023817/ 37>-0.016661/ 38> 0.003767/ 39>-0.014392/ 40> 0.002168/ 41>-0.004151/ 42>-0.000648/ 44>


 E=6.9985   0.003482/ 74>-0.141480/ 75>-0.348564/ 76> 0.018880/ 77> 0.232129/ 78> 0.330088/ 79>-0.333514/ 80>
           -0.417752/ 81> 0.052140/ 82>-0.273446/ 83>-0.217506/ 84> 0.447244/ 85> 0.144401/ 86> 0.250900/ 87>
            0.029964/ 88>

  Q20Q22:  0.00 SEC    QTME:  0.00 SEC

 Q0=1342.410 HBAR/MW0     Q2=-102.243 HBAR/MW0     GAMMA=  6.1 DEG   FOR 81 PARTICLES;  A=207

1
 **********************************************  SINGLE PARTICLE MATRIX ELEMENTS  ***********************************************


   ENY   EMY     A+B     C      D      E    JZ    S0    S+    S-  <R2S> <R4S>  R2DZ  R2D+  R2D-  Q20S  Q22S   Q20   Q22  RHO2    R2


  4.72+ MY=NY -0.788  0.657  12.14   6.57 -0.47 -0.05 -0.34  0.52  5.50 37.83  0.59  0.98 -0.01  0.38 -2.02  8.66 -2.64  5.50  9.22
  4.91+ 4.72+ -0.000 -0.000   0.00  -0.00  0.00  0.00 -0.00 -0.00************  0.09 -0.01 -0.01  0.14  0.03  0.38  0.04  0.03  0.15
  4.96+ 4.72+ -0.000 -0.000   0.00  -0.00  0.00  0.00 -0.00 -0.00************ -0.02 -0.01 -0.02 -0.08  0.01 -0.24  0.01 -0.04 -0.13
  4.98+ 4.72+  0.000  0.000   0.00   0.00 -0.00  0.00 -0.00  0.00 10.14****** -0.00  0.00 -0.00  0.00 -0.00  0.00 -0.00  0.00  0.00
  5.26+ 4.72+  0.000  0.000   0.00   0.00  0.00 -0.00 -0.00  0.00************  0.17 -0.09  0.19 -1.61 -0.22 -4.49 -0.23 -0.50 -1.94
  5.33+ 4.72+  0.000  0.000  -0.00  -0.00  0.00 -0.00  0.00  0.00************ -0.29  0.21  0.03 -2.80 -0.16 -7.97 -0.20 -1.01 -3.62
  5.35+ 4.72+ -1.198 -1.072  -0.11   4.96  1.31 -0.06  0.09  0.16  5.50 39.28 -0.21  1.23  0.44 -0.17 -0.48 -0.49 -0.41  0.00 -0.04
  5.35+ 4.72+  0.000  0.000   0.00  -0.00 -0.00  0.00 -0.00 -0.00  5.48******  0.00 -0.00 -0.00  0.00  0.00  0.00  0.00 -0.00  0.00
  5.49+ 4.72+ -1.710 -1.127  -0.20  -1.11  0.01 -0.08 -0.08  0.09  5.50 42.76 -0.43 -0.20 -0.15  0.17  0.04  0.39  0.05  0.00  0.11
  5.53+ 4.72+ -0.138  0.226  -0.42   1.01 -0.93 -0.00 -0.14 -0.02  5.50 39.52 -0.04 -0.12  0.53  0.04 -0.14  0.07 -0.11  0.00  0.06
  5.68+ 4.72+ -0.000 -0.000   0.00   0.00 -0.00 -0.00 -0.00  0.00  5.87****** -0.00 -0.00  0.00  0.00 -0.00  0.00 -0.00  0.00  0.00

  4.91+ MY=NY -1.303 -2.437  28.24 -14.75 -0.29 -0.42 -0.03 -0.89  7.50 70.65 -1.21  0.69  0.87  8.48  1.02 30.80  0.22  7.50 17.76
  4.96+ 4.91+  0.000 -0.000   0.00  -0.00 -0.00  0.00  0.00 -0.00  4.25****** -0.00 -0.00  0.00  0.00  0.00  0.00  0.00  0.00  0.00
  4.98+ 4.91+ -0.000 -0.000   0.00   0.00 -0.00 -0.00  0.00  0.00************ -0.15 -0.04  0.06  0.32 -0.03  0.86 -0.01  0.09  0.39
  5.26+ 4.91+ -0.403 -0.310   0.56   5.32 -0.05  0.03 -0.05  0.06  7.50 78.37  0.11 -0.21 -0.16 -0.23 -0.13 -0.55 -0.13  0.00 -0.14
  5.33+ 4.91+  2.901  2.279  -3.99 -16.30 -0.09 -0.21  0.22 -0.23  7.50 70.35 -0.95  0.72  0.73  0.85  0.43  2.03  0.43 -0.00  0.55
  5.35+ 4.91+  0.000  0.000  -0.00  -0.00 -0.00 -0.00  0.00 -0.00************ -0.02 -0.00  0.00  0.10  0.03  0.27  0.03  0.02  0.10
  5.35+ 4.91+  0.000  0.000  -0.00  -0.00  0.00  0.00  0.00 -0.00************ -0.15  0.09 -0.03 -0.08 -0.02 -0.21 -0.02 -0.02 -0.09
  5.49+ 4.91+  0.000  0.000   0.00  -0.00 -0.00  0.00  0.00 -0.00************  0.00  0.00 -0.00  0.01  0.00  0.03  0.00  0.00  0.01
  5.53+ 4.91+ -0.000  0.000  -0.00   0.00 -0.00  0.00 -0.00 -0.00************  0.09  0.00 -0.00 -0.02 -0.01 -0.07 -0.00 -0.02 -0.04
  5.68+ 4.91+  0.000 -0.000   0.00  -0.00 -0.00 -0.00 -0.00 -0.00************ -0.79 -0.06  0.61  6.39  0.19 18.27  0.30  2.39  8.43

  4.96+ MY=NY  0.708  0.283   2.25  -3.48  0.03  0.49  0.94 -0.01  3.50 16.72 -0.61 -0.39  1.34 -1.97  2.37  1.10  1.09  3.50  3.54
  4.98+ 4.96+ -0.000 -0.000   0.00   0.00 -0.00  0.00  0.00  0.00  6.44 68.43  0.00  0.00  0.00  0.00  0.00  0.00 -0.00  0.00  0.00
  5.26+ 4.96+ -0.000 -0.000   0.00   0.00 -0.00  0.00 -0.00  0.00  9.70******  0.00 -0.00 -0.00  0.00 -0.00  0.00 -0.00  0.00  0.00
  5.33+ 4.96+  0.000  0.000  -0.00  -0.00 -0.00 -0.00  0.00 -0.00  8.43****** -0.00  0.00  0.00  0.00  0.00  0.00  0.00 -0.00  0.00
  5.35+ 4.96+ -0.000 -0.000   0.00   0.00 -0.00 -0.00  0.00 -0.00************  0.04 -0.03  0.00 -0.04  0.03 -0.15  0.03 -0.04 -0.10
  5.35+ 4.96+  0.000  0.000  -0.00  -0.00  0.00  0.00  0.00 -0.00 10.58133.27  0.00  0.00  0.00  0.00 -0.00  0.00 -0.00  0.00  0.00
  5.49+ 4.96+  0.000  0.000   0.00   0.00  0.00  0.00  0.00 -0.00************ -0.02 -0.03 -0.05 -0.09 -0.10 -0.14 -0.10  0.06  0.04
  5.53+ 4.96+ -0.000  0.000   0.00   0.00 -0.00  0.00 -0.00  0.00************ -0.22 -0.16 -0.03 -1.51  0.05 -4.34  0.01 -0.59 -2.05
  5.68+ 4.96+  0.000 -0.000   0.00  -0.00 -0.00 -0.00 -0.00 -0.00 13.64185.36 -0.00 -0.00  0.00  0.00  0.00  0.00  0.00  0.00  0.00

  4.98+ MY=NY -1.718 -2.545  37.96  25.58 -0.38 -0.04  0.43  0.47  9.50112.86  1.06  1.82 -0.04 13.13 -0.94 44.07 -1.32  9.50 24.69
  5.26+ 4.98+ -0.000 -0.000   0.00   0.00 -0.00  0.00 -0.00  0.00************ -0.03  0.01 -0.01  0.47  0.12  1.22  0.12  0.09  0.46
  5.33+ 4.98+  0.000  0.000  -0.00  -0.00 -0.00 -0.00  0.00 -0.00************ -0.13  0.01 -0.01  0.02  0.01  0.05  0.01  0.00  0.02
  5.35+ 4.98+  0.000  0.000  -0.00  -0.00  0.00  0.00  0.00 -0.00  9.49******  0.00  0.00  0.00  0.00  0.00  0.00  0.00  0.00  0.00
  5.35+ 4.98+  4.853  3.059  -4.40  -8.78  0.20  0.21  0.26 -0.19  9.50126.56  1.76  1.08  0.56  0.43  0.13  1.01  0.15 -0.00  0.29
  5.49+ 4.98+ -0.000 -0.000  -0.00   0.00  0.00 -0.00  0.00  0.00 18.10****** -0.00 -0.00 -0.00 -0.00 -0.00 -0.00 -0.00  0.00  0.00
  5.53+ 4.98+ -0.000 -0.000  -0.00   0.00 -0.00  0.00 -0.00  0.00224.19****** -0.00 -0.00 -0.00 -0.00  0.00 -0.00  0.00 -0.00 -0.00
  5.68+ 4.98+  1.402 -0.981   7.31 -14.09 -0.78 -0.04 -0.14 -0.30  9.50116.49 -0.61 -1.36  0.93 -0.62  0.36 -1.36  0.24 -0.00 -0.53

  5.26+ MY=NY -0.092  0.309  26.04  31.97 -1.11 -0.41  0.03  0.81  7.50 70.55  0.20  1.55  0.22  3.31 -3.28 18.11 -3.77  7.50 14.74
  5.33+ 5.26+ -0.431  0.679  -0.68   4.54 -0.22 -0.12  0.19  0.21  7.50 66.50  0.40  0.54 -0.15 -0.48 -0.65 -1.22 -0.58 -0.00 -0.23
  5.35+ 5.26+ -0.000  0.000   0.00   0.00 -0.00 -0.00  0.00  0.00************ -0.03 -0.02  0.03 -0.00 -0.02 -0.01 -0.01 -0.01 -0.00
  5.35+ 5.26+ -0.000  0.000   0.00   0.00 -0.00 -0.00  0.00  0.00************ -0.15  0.03 -0.01  0.10  0.04  0.28  0.04  0.02  0.10
  5.49+ 5.26+ -0.000  0.000   0.00   0.00 -0.00 -0.00  0.00  0.00************  0.03 -0.01 -0.00 -0.02 -0.00 -0.06  0.00 -0.01 -0.03
  5.53+ 5.26+ -0.000  0.000  -0.00  -0.00 -0.00  0.00  0.00 -0.00************ -0.02 -0.01 -0.00  0.00  0.01  0.01  0.01  0.00  0.00
  5.68+ 5.26+  0.000  0.000   0.00   0.00  0.00  0.00  0.00  0.00************  0.04 -0.02  0.01  0.33  0.05  0.91  0.06  0.09  0.38

  5.33+ MY=NY -0.828  0.348  29.88   2.46  0.30  0.38 -0.78 -0.03  7.50 67.56  0.38 -0.01 -0.18  5.79 -0.17 24.39 -1.00  7.50 15.99
  5.35+ 5.33+ -0.000  0.000   0.00   0.00  0.00  0.00 -0.00  0.00************  0.06 -0.01  0.01 -0.02 -0.02 -0.05 -0.02  0.00 -0.01
  5.35+ 5.33+ -0.000  0.000   0.00   0.00  0.00  0.00 -0.00  0.00************  0.04 -0.05  0.03  0.29 -0.01  0.79  0.00  0.08  0.35
  5.49+ 5.33+  0.000  0.000   0.00  -0.00 -0.00  0.00 -0.00 -0.00************  0.01 -0.00  0.00 -0.01 -0.00 -0.02 -0.00 -0.00 -0.01
  5.53+ 5.33+ -0.000  0.000   0.00  -0.00  0.00  0.00  0.00  0.00************  0.02  0.01 -0.03 -0.04 -0.01 -0.12 -0.01 -0.02 -0.06
  5.68+ 5.33+ -0.000 -0.000  -0.00   0.00  0.00 -0.00  0.00 -0.00************ -0.31  0.08  0.00 -1.04 -0.17 -2.83 -0.19 -0.27 -1.17

  5.35+ MY=NY  0.001 -0.533  10.67   4.36 -0.41 -0.46 -0.01 -0.86  5.50 36.59  0.65  0.07 -0.42 -0.95 -1.22  5.76 -2.11  5.50  8.08
  5.35+ 5.35+  0.000  0.000   0.00   0.00  0.00  0.00  0.00  0.00  9.27******  0.00  0.00 -0.00  0.00 -0.00  0.00 -0.00  0.00  0.00
  5.49+ 5.35+  0.279 -0.265   0.65  -0.99 -0.16 -0.09 -0.05 -0.05  5.50 40.99 -0.09  0.18 -0.00  0.25  0.26  0.63  0.24  0.00  0.14
  5.53+ 5.35+ -0.175  0.302   0.13  -0.29  0.01  0.03  0.06  0.06  5.50 33.35 -0.17  0.10 -0.01  0.12  0.17  0.31  0.15  0.00  0.06
  5.68+ 5.35+  0.000 -0.000  -0.00   0.00 -0.00 -0.00  0.00  0.00  9.53****** -0.00  0.00 -0.00 -0.00 -0.00 -0.00 -0.00 -0.00  0.00

  5.35+ MY=NY  0.492  0.091  45.17  49.08  0.93  0.31  0.72  0.17  9.50112.35  0.04  0.31 -1.65  9.92 -2.24 36.47 -2.68  9.50 22.56
  5.49+ 5.35+ -0.000  0.000  -0.00   0.00  0.00  0.00  0.00  0.00  5.48******  0.00 -0.00  0.00 -0.00 -0.00 -0.00 -0.00 -0.00 -0.00
  5.53+ 5.35+  0.000 -0.000  -0.00   0.00 -0.00 -0.00 -0.00 -0.00  5.48******  0.00 -0.00  0.00 -0.00 -0.00 -0.00 -0.00  0.00 -0.00
  5.68+ 5.35+  1.277 -0.464  -0.79   3.02 -0.31 -0.03  0.14  0.11  9.50108.76 -0.67  0.30 -0.78 -0.02 -0.28 -0.10 -0.23 -0.00  0.04

  5.49+ MY=NY  0.550 -0.336   3.63   5.16  1.46  0.48  0.89  0.01  5.50 41.35 -1.15 -0.71 -1.64 -3.90 -4.63 -1.68 -5.17  5.50  6.53
  5.53+ 5.49+ -0.017  0.049   0.14  -0.12 -0.02  0.00  0.00  0.00  5.50 18.15  0.02  0.01  0.05  0.10  0.13  0.26  0.11  0.00  0.05
  5.68+ 5.49+  0.000  0.000  -0.00   0.00  0.00  0.00  0.00  0.00  5.74****** -0.00 -0.00 -0.00 -0.00 -0.00 -0.00 -0.00  0.00  0.00

  5.53+ MY=NY  1.205  0.387  14.47 -17.90  0.21  0.47  0.95 -0.01  5.50 37.84  0.06  0.04  1.38  1.97  2.38 13.14  1.09  5.50  9.57
  5.68+ 5.53+  0.000  0.000   0.00  -0.00  0.00  0.00  0.00 -0.00  5.45******  0.00  0.00  0.00  0.00  0.00  0.00  0.00  0.00  0.00

  5.68+ MY=NY -3.395 -4.317  48.54   2.43 -0.21 -0.29 -0.12 -0.72  9.50111.49 -1.07  0.52  0.75 11.25  0.47 40.03 -0.34  9.50 23.04

 DECOUP:  0.00 SEC



   #   ENERGY +/-(#)    <Q20>    <Q22>     <R2>     <JZ>      #   ENERGY +/-(#)    <Q20>    <Q22>     <R2>     <JZ>

   1   1.5000  +(# 1)   2.2252  -0.2816   2.3332   0.5000    41   5.2941  -(#21)  35.8073   0.0206  20.5059  -0.2514
   2   1.8094  -(# 1)   8.1402  -0.3042   5.3245   0.4942    42   5.3314  +(#21)  24.3941  -1.0029  15.9924   0.2937
   3   2.1277  +(# 2)  14.1256  -0.3170   8.3364   0.4909    43   5.3455  +(#22)   5.7578  -2.1129   8.0825  -0.4081
   4   2.4568  -(# 2)   1.3120  -1.4970   3.4013  -0.7768    44   5.3493  +(#23)  36.4689  -2.6783  22.5593   0.9534
   5   2.5039  -(# 3)  19.9359  -0.3588  11.2984   0.4812    45   5.4932  +(#24)  -1.6771  -5.1694   6.5301   1.5055
   6   2.7694  +(# 3)   7.2330  -1.5228   6.3956  -0.7457    46   5.5296  +(#25)  13.1378   1.0859   9.5727   0.2013
   7   2.9282  +(# 4)  25.6324  -0.4208  14.2285   0.4717    47   5.5687  -(#22)  24.2022  -3.7422  17.7720  -1.2183
   8   3.0704  -(# 4)  13.3401  -1.5122   9.4411  -0.7221    48   5.5959  -(#23)  11.8360  -2.1152  11.1223  -0.3535
   9   3.2338  -(# 5)   1.6736   0.3931   2.9403  -0.2173    49   5.6721  -(#24)  30.4441  -0.9659  19.0106   0.2636
  10   3.3463  -(# 6)  30.8097  -0.5714  17.0117   0.4414    50   5.6817  +(#26)  40.0342  -0.3419  23.0355  -0.2105
  11   3.4071  +(# 5)  19.3524  -1.5316  12.4640  -0.6577    51   5.7316  -(#25)   4.7222  -5.0714   9.6466   1.5534
  12   3.4090  +(# 6)   0.5789  -2.6150   4.4999   0.9165    52   5.8354  -(#26)  19.0645   1.0631  12.5680   0.2079
  13   3.5531  +(# 7)   7.4266   0.2567   5.9123  -0.1726    53   5.8801  +(#27)  17.7912  -2.1364  14.1266  -0.3260
  14   3.7093  -(# 7)   6.5689  -2.6341   7.5152   0.9465    54   5.8891  +(#28)  30.4160  -3.6592  20.8310  -1.2880
  15   3.7657  -(# 8)  25.3732  -1.5255  15.4819  -0.6237    55   5.8902  -(#27)   0.0814  -0.1715   4.5801  -0.1900
  16   3.7668  +(# 8)  35.7952  -0.7601  19.7423   0.4026    56   5.9825  +(#29)  11.0651  -5.0083  12.7550   1.4976
  17   3.8460  -(# 9)  13.4753   0.2703   8.9372  -0.2028    57   6.0316  +(#30)  36.6228  -0.9019  22.0636   0.2041
  18   4.0048  +(# 9)  12.5203  -2.7232  10.5392   0.8986    58   6.0813  +(#31)  -0.9573  -3.1923   6.1624   0.4149
  19   4.1476  +(#10)  31.4163  -1.5179  18.5068  -0.5719    59   6.1192  +(#32)   5.7628  -0.3505   7.5412  -0.2053
  20   4.1707  +(#11)  19.5233   0.3439  11.9435  -0.2923    60   6.1687  +(#33)  24.8881   1.0301  15.5318   0.2178
  21   4.1788  -(#10)  39.4973  -1.1795  22.1135   0.3080    61   6.1714  -(#28)  23.5556  -2.2294  17.0891  -0.2030
  22   4.1836  +(#12)   0.6841  -0.8325   3.9860   0.5004    62   6.2507  -(#29)  17.5926  -4.8220  15.8874   1.5344
  23   4.3123  -(#11)  18.5745  -2.7156  13.5678   0.9036    63   6.2965  -(#30)   5.0126  -3.2808   9.1924   0.3579
  24   4.4103  -(#12)   1.8833  -2.8412   6.0072  -0.6729    64   6.3682  -(#31)  12.0816  -0.2460  10.6288  -0.2282
  25   4.4603  -(#13)   4.1414  -1.9895   6.5023  -0.2075    65   6.4751  +(#34)  28.9234  -2.4748  19.9654   0.0737
  26   4.5282  -(#14)  25.2284   0.2918  14.8734  -0.2872    66   6.5145  -(#32)  30.4748   0.9431  18.4328   0.1937
  27   4.5504  -(#15)  37.8031  -1.4198  21.6192  -0.4895    67   6.5373  +(#35)  24.4800  -4.4641  19.0876   1.4514
  28   4.5710  +(#13)  42.2741  -1.7704  24.2270   0.1877    68   6.5387  +(#36)  11.0998  -3.2887  12.2369   0.3470
  29   4.6461  +(#14)  24.5432  -2.7286  16.5741   0.8805    69   6.5652  -(#33)  -2.6747  -6.2891   7.5404  -2.0573
  30   4.6911  +(#15)   9.5944  -2.1781   9.3897  -0.3206    70   6.6502  +(#37)  18.1110  -0.2276  13.6458  -0.2399
  31   4.7175  +(#16)   8.6647  -2.6367   9.2191  -0.4918    71   6.7388  -(#34)   0.5212   1.8104   4.1171   0.0047
  32   4.9078  +(#17)  30.7983   0.2172  17.7649  -0.2868    72   6.7748  +(#38)   3.7737  -6.2197  10.6822  -2.0040
  33   4.9573  +(#18)   1.1040   1.0881   3.5351   0.0106    73   6.7928  -(#35)  17.2287  -3.2829  15.2911   0.2699
  34   4.9698  -(#16)  12.8608  -3.3896  11.8587  -0.9766    74   6.8052  +(#39)  -0.9478  -1.4473   5.6279   0.2593
  35   4.9786  +(#19)  44.0720  -1.3202  24.6915  -0.3927    75   6.8718  +(#40)  35.6864   0.7804  21.2312   0.1678
  36   4.9899  -(#17)  30.5117  -2.7104  19.5708   0.9105    76   6.9436  -(#36)  24.0225  -0.2548  16.6373  -0.2157
  37   5.0046  -(#18)  17.5990  -1.3860  12.8309   0.1135    77   6.9985  +(#41)   6.6027   1.8097   7.1574  -0.1436
  38   5.1163  -(#19)  -0.2518  -2.0714   5.0537  -0.5173    78   7.0057  -(#37)  10.2437  -6.0598  13.8034  -2.1680
  39   5.2546  -(#20)   7.0592   1.0498   6.5447   0.0803    79   7.0123  -(#38)   5.1294  -1.4824   8.6775   0.2343
  40   5.2648  +(#20)  18.1054  -3.7701  14.7353  -1.1380    80   7.0623  +(#42)  23.3324  -3.2843  18.3392   0.1566



     PARITY: +     DIMENSION:  95     MATRIX:   0.0 SEC     DIAGONALISATION:   0.0 SEC
     PARITY: -     DIMENSION:  70     MATRIX:   0.0 SEC     DIAGONALISATION:   0.0 SEC
      TOTAL TIME:   0.0 SEC
