


         KAPPAP      MYP     KAPPAN      MYN
    0    0.1200    0.0000    0.1200    0.0000
    1    0.1200    0.0000    0.1200    0.0000
    2    0.1050    0.0000    0.1050    0.0000
    3    0.0900    0.3000    0.0900    0.2500
    4    0.0650    0.5700    0.0700    0.3900
    5    0.0600    0.6500    0.0620    0.4300
    6    0.0540    0.6900    0.0620    0.3400
    7    0.0540    0.6900    0.0620    0.2600
    8    0.0540    0.6900    0.0620    0.2600


     KAPPA    MY     EPS   GAMMA    EPS4     EPS6     W0/W00   NMAX  COUPL     OMROT      EFAC      QFAC
      SEE TABLE     0.800    6.0   0.000    0.000    1.10035     8     0     0.00000   7.07385   5.86668


                     **** PROTONS ****                     **** STRETCHED COORDINATES ****
    SYMMETRY R1= 1


   BASIS FUNCTIONS /N,L,J,OMEGA>,   PARITY -


   1 / 7 7 15/2 13/2>    15 / 7 5 11/2  1/2>    29 / 7 7 13/2 -7/2>    43 / 5 5 11/2  1/2>    57 / 5 5 11/2-11/2>
   2 / 7 7 13/2 13/2>    16 / 7 5  9/2  1/2>    30 / 7 5 11/2 -7/2>    44 / 5 5  9/2  1/2>    58 / 3 3  7/2  5/2>
   3 / 7 7 15/2  9/2>    17 / 7 3  7/2  1/2>    31 / 7 5  9/2 -7/2>    45 / 5 3  7/2  1/2>    59 / 3 3  5/2  5/2>
   4 / 7 7 13/2  9/2>    18 / 7 3  5/2  1/2>    32 / 7 3  7/2 -7/2>    46 / 5 3  5/2  1/2>    60 / 3 3  7/2  1/2>
   5 / 7 5 11/2  9/2>    19 / 7 1  3/2  1/2>    33 / 7 7 15/2-11/2>    47 / 5 1  3/2  1/2>    61 / 3 3  5/2  1/2>
   6 / 7 5  9/2  9/2>    20 / 7 1  1/2  1/2>    34 / 7 7 13/2-11/2>    48 / 5 1  1/2  1/2>    62 / 3 1  3/2  1/2>
   7 / 7 7 15/2  5/2>    21 / 7 7 15/2 -3/2>    35 / 7 5 11/2-11/2>    49 / 5 5 11/2 -3/2>    63 / 3 1  1/2  1/2>
   8 / 7 7 13/2  5/2>    22 / 7 7 13/2 -3/2>    36 / 7 7 15/2-15/2>    50 / 5 5  9/2 -3/2>    64 / 3 3  7/2 -3/2>
   9 / 7 5 11/2  5/2>    23 / 7 5 11/2 -3/2>    37 / 5 5 11/2  9/2>    51 / 5 3  7/2 -3/2>    65 / 3 3  5/2 -3/2>
  10 / 7 5  9/2  5/2>    24 / 7 5  9/2 -3/2>    38 / 5 5  9/2  9/2>    52 / 5 3  5/2 -3/2>    66 / 3 1  3/2 -3/2>
  11 / 7 3  7/2  5/2>    25 / 7 3  7/2 -3/2>    39 / 5 5 11/2  5/2>    53 / 5 1  3/2 -3/2>    67 / 3 3  7/2 -7/2>
  12 / 7 3  5/2  5/2>    26 / 7 3  5/2 -3/2>    40 / 5 5  9/2  5/2>    54 / 5 5 11/2 -7/2>    68 / 1 1  3/2  1/2>
  13 / 7 7 15/2  1/2>    27 / 7 1  3/2 -3/2>    41 / 5 3  7/2  5/2>    55 / 5 5  9/2 -7/2>    69 / 1 1  1/2  1/2>
  14 / 7 7 13/2  1/2>    28 / 7 7 15/2 -7/2>    42 / 5 3  5/2  5/2>    56 / 5 3  7/2 -7/2>    70 / 1 1  3/2 -3/2>


    SINGLE PARTICLE (PARITY-) WAVE FUNCTIONS IN THE ENERGY INTERVAL 0.0<E<7.0

 E=1.9439   0.900119/ 68>-0.435503/ 69> 0.011124/ 70>

 E=2.6473   0.070866/ 68> 0.171567/ 69> 0.982620/ 70>

 E=2.9088  -0.429842/ 68>-0.883687/ 69> 0.185293/ 70>

 E=2.9177  -0.005165/ 58> 0.001103/ 59>-0.670077/ 60> 0.274066/ 61>-0.613788/ 62> 0.314088/ 63>-0.019895/ 64>
           -0.004272/ 65>-0.007531/ 66>

 E=3.5297  -0.003856/ 58> 0.000462/ 59>-0.092198/ 60>-0.130629/ 61> 0.027503/ 62>-0.096482/ 63>-0.863861/ 64>
           -0.288294/ 65>-0.367385/ 66>-0.003862/ 67>

 E=3.7879  -0.029070/ 58> 0.004420/ 59>-0.545287/ 60>-0.667032/ 61> 0.051633/ 62>-0.468019/ 63> 0.163156/ 64>
            0.056951/ 65> 0.072766/ 66> 0.000717/ 67>

 E=4.0513  -0.016643/ 39> 0.004201/ 40>-0.007392/ 41> 0.001698/ 42>-0.573928/ 43> 0.184765/ 44>-0.595181/ 45>
            0.260533/ 46>-0.407488/ 47> 0.214012/ 48>-0.038458/ 49>-0.004111/ 50>-0.024279/ 51>-0.004501/ 52>
           -0.006721/ 53>-0.000602/ 54>

 E=4.2165   0.951928/ 58>-0.219638/ 59> 0.077125/ 60>-0.135193/ 61>-0.139730/ 62> 0.026152/ 63> 0.013929/ 64>
           -0.029976/ 65>-0.008116/ 66> 0.000589/ 67>

 E=4.5025  -0.004412/ 39>-0.000805/ 40>-0.001399/ 41>-0.076991/ 43>-0.116161/ 44>-0.003195/ 45>-0.124941/ 46>
            0.051909/ 47>-0.071707/ 48>-0.734622/ 49>-0.245452/ 50>-0.535510/ 51>-0.199261/ 52>-0.174536/ 53>
           -0.014889/ 54>-0.003350/ 55>-0.003537/ 56>

 E=4.5165   0.191677/ 58>-0.045542/ 59>-0.390253/ 60> 0.470799/ 61> 0.553148/ 62>-0.162512/ 63>-0.194519/ 64>
            0.450945/ 65> 0.116211/ 66>-0.012661/ 67>

 E=4.6685  -0.074545/ 58> 0.017785/ 59> 0.234503/ 60>-0.280551/ 61>-0.326296/ 62> 0.099567/ 63>-0.339375/ 64>
            0.770629/ 65> 0.184717/ 66>-0.029660/ 67>

 E=4.7430  -0.000402/ 37>-0.034869/ 39>-0.000703/ 40>-0.013231/ 41> 0.000552/ 42>-0.462893/ 43>-0.540456/ 44>
           -0.175957/ 45>-0.562384/ 46> 0.127708/ 47>-0.296518/ 48> 0.150166/ 49> 0.042727/ 50> 0.115576/ 51>
            0.039353/ 52> 0.038505/ 53> 0.003248/ 54> 0.000685/ 55> 0.000789/ 56>

 E=4.9590   0.000881/ 58> 0.005526/ 59> 0.007602/ 60> 0.011918/ 61>-0.017490/ 62>-0.028606/ 63> 0.041731/ 64>
            0.098759/ 65>-0.185829/ 66> 0.976021/ 67>

 E=5.0676  -0.011606/ 37> 0.001906/ 38>-0.853320/ 39> 0.258142/ 40>-0.398873/ 41> 0.103204/ 42>-0.071895/ 43>
            0.109155/ 44> 0.069559/ 45> 0.034102/ 46> 0.099864/ 47>-0.032586/ 48>-0.015246/ 49> 0.026133/ 50>
            0.001507/ 51> 0.016149/ 52> 0.004367/ 53>-0.000724/ 54>

 E=5.1803   0.000688/  3> 0.034205/  7>-0.006818/  8> 0.021445/  9>-0.005045/ 10> 0.007162/ 11>-0.001569/ 12>
            0.556761/ 13>-0.106231/ 14> 0.580115/ 15>-0.156026/ 16> 0.439504/ 17>-0.169836/ 18> 0.258830/ 19>
           -0.128496/ 20> 0.076847/ 21> 0.007640/ 22> 0.059704/ 23> 0.009393/ 24> 0.029326/ 25> 0.006738/ 26>
            0.007529/ 27> 0.002594/ 28> 0.000366/ 29> 0.001146/ 30>

 E=5.3219  -0.048731/ 58>-0.214496/ 59>-0.080157/ 60>-0.180424/ 61> 0.200267/ 62> 0.377606/ 63>-0.227083/ 64>
           -0.277065/ 65> 0.749619/ 66> 0.199209/ 67>

 E=5.3662   0.001636/ 37> 0.115083/ 39>-0.032376/ 40> 0.058036/ 41>-0.014455/ 42>-0.309385/ 43> 0.299674/ 44>
            0.156319/ 45> 0.047897/ 46> 0.313654/ 47>-0.138342/ 48>-0.332309/ 49> 0.617265/ 50> 0.013219/ 51>
            0.388862/ 52> 0.094861/ 53>-0.022409/ 54> 0.002268/ 55>-0.004135/ 56>

 E=5.4599  -0.182554/ 58>-0.794391/ 59>-0.070116/ 60>-0.147374/ 61> 0.170783/ 62> 0.312656/ 63> 0.115835/ 64>
            0.139470/ 65>-0.379468/ 66>-0.072081/ 67>

 E=5.5046  -0.001568/ 37>-0.107855/ 39> 0.029124/ 40>-0.056324/ 41> 0.013750/ 42> 0.433748/ 43>-0.422221/ 44>
           -0.209231/ 45>-0.082663/ 46>-0.431829/ 47> 0.184473/ 48>-0.244976/ 49> 0.449452/ 50>-0.010589/ 51>
            0.283227/ 52> 0.061585/ 53>-0.021623/ 54> 0.000456/ 55>-0.004368/ 56>

 E=5.5121   0.000980/  7> 0.002247/  8> 0.001393/ 10>-0.000412/ 11> 0.000352/ 12> 0.013354/ 13> 0.076943/ 14>
           -0.034206/ 15> 0.094335/ 16>-0.063935/ 17> 0.083368/ 18>-0.061213/ 19> 0.049343/ 20> 0.670157/ 21>
            0.174186/ 22> 0.576065/ 23> 0.182810/ 24> 0.315661/ 25> 0.113285/ 26> 0.091145/ 27> 0.029258/ 28>
            0.006375/ 29> 0.013713/ 30> 0.003009/ 31> 0.002475/ 32> 0.000404/ 33>

 E=5.6224  -0.122264/ 58>-0.521778/ 59> 0.143256/ 60> 0.299736/ 61>-0.343943/ 62>-0.628357/ 63>-0.082440/ 64>
           -0.097651/ 65> 0.267448/ 66> 0.038035/ 67>

 E=5.7121   0.001242/ 39> 0.004201/ 40>-0.000826/ 41> 0.001310/ 42> 0.009373/ 43> 0.011079/ 44>-0.012687/ 45>
           -0.011422/ 46>-0.002042/ 47>-0.011005/ 48> 0.054642/ 49> 0.086878/ 50>-0.116902/ 51>-0.013158/ 52>
           -0.066102/ 53> 0.929479/ 54> 0.232859/ 55> 0.228920/ 56> 0.007080/ 57>

 E=5.8230  -0.002255/  3>-0.000669/  5>-0.078333/  7>-0.046203/  9> 0.002460/ 10>-0.014141/ 11> 0.001420/ 12>
           -0.377194/ 13>-0.455769/ 14>-0.190538/ 15>-0.543073/ 16> 0.053994/ 17>-0.445920/ 18> 0.180176/ 19>
           -0.229764/ 20> 0.101428/ 21> 0.007001/ 22> 0.095717/ 23> 0.015956/ 24> 0.055021/ 25> 0.014234/ 26>
            0.015846/ 27> 0.005154/ 28> 0.000792/ 29> 0.002492/ 30> 0.000435/ 31> 0.000456/ 32>

 E=5.9659  -0.024970/  3> 0.005138/  4>-0.007909/  5> 0.001287/  6>-0.772875/  7> 0.208646/  8>-0.516369/  9>
            0.153270/ 10>-0.183278/ 11> 0.046781/ 12>-0.025871/ 13> 0.102937/ 14> 0.054728/ 15> 0.080457/ 16>
            0.083817/ 17> 0.026934/ 18> 0.056910/ 19>-0.010465/ 20>-0.014531/ 21> 0.015686/ 22>-0.004815/ 23>
            0.012553/ 24> 0.001238/ 25> 0.005727/ 26> 0.001448/ 27>-0.001044/ 28>-0.000378/ 30>

 E=6.1092   0.019058/ 37> 0.001875/ 38> 0.293288/ 39> 0.760642/ 40>-0.080446/ 41> 0.240550/ 42> 0.130892/ 43>
            0.210258/ 44>-0.191387/ 45>-0.179534/ 46>-0.023812/ 47>-0.185411/ 48> 0.150232/ 49> 0.130490/ 50>
           -0.204598/ 51>-0.052164/ 52>-0.129538/ 53>-0.063738/ 54>-0.015319/ 55>-0.017321/ 56>-0.000502/ 57>


 E=6.1964   0.012015/ 37> 0.000665/ 38> 0.155049/ 39> 0.401711/ 40>-0.037379/ 41> 0.127674/ 42>-0.084544/ 43>
           -0.146204/ 44> 0.124023/ 45> 0.110698/ 46> 0.007864/ 47> 0.123450/ 48>-0.397781/ 49>-0.346707/ 50>
            0.538391/ 51> 0.133852/ 52> 0.343144/ 53> 0.137132/ 54> 0.032649/ 55> 0.038063/ 56> 0.001088/ 57>


 E=6.3264  -0.002742/  3> 0.000505/  4>-0.000921/  5>-0.076404/  7> 0.015312/  8>-0.059031/  9> 0.014897/ 10>
           -0.022934/ 11> 0.005381/ 12> 0.284133/ 13>-0.242796/ 14>-0.033735/ 15>-0.126068/ 16>-0.248646/ 17>
            0.045380/ 18>-0.237177/ 19> 0.110632/ 20> 0.305557/ 21>-0.546100/ 22> 0.050276/ 23>-0.480832/ 24>
           -0.103964/ 25>-0.237877/ 26>-0.072367/ 27> 0.047131/ 28>-0.005155/ 29> 0.019025/ 30>-0.001260/ 31>
            0.002798/ 32> 0.000984/ 33>

 E=6.4201   0.949332/ 37>-0.167900/ 38> 0.055632/ 39>-0.008824/ 40>-0.139524/ 41> 0.041562/ 42>-0.062932/ 43>
           -0.108022/ 44> 0.078835/ 45> 0.091782/ 46> 0.026138/ 47> 0.082258/ 48> 0.044305/ 49> 0.037248/ 50>
           -0.059251/ 51>-0.011340/ 52>-0.037221/ 53>-0.010005/ 54>-0.002849/ 55>-0.003039/ 56>

 E=6.4239   0.207836/ 37>-0.038441/ 38>-0.079384/ 39>-0.239626/ 40>-0.019452/ 41>-0.066578/ 42> 0.294792/ 43>
            0.453234/ 44>-0.395402/ 45>-0.356900/ 46>-0.059166/ 47>-0.382291/ 48>-0.190816/ 49>-0.167314/ 50>
            0.252845/ 51> 0.059376/ 52> 0.164453/ 53> 0.043933/ 54> 0.010092/ 55> 0.012860/ 56> 0.000356/ 57>


 E=6.4703   0.003131/  3>-0.000535/  4> 0.001074/  5> 0.083118/  7>-0.013017/  8> 0.067860/  9>-0.015312/ 10>
            0.027141/ 11>-0.006032/ 12>-0.438702/ 13> 0.384048/ 14> 0.039330/ 15> 0.226737/ 16> 0.372450/ 17>
           -0.038451/ 18> 0.356428/ 19>-0.156176/ 20> 0.198592/ 21>-0.348894/ 22> 0.055132/ 23>-0.313331/ 24>
           -0.050778/ 25>-0.155604/ 26>-0.042930/ 27> 0.097000/ 28> 0.013210/ 29> 0.045162/ 30> 0.007102/ 31>
            0.007998/ 32> 0.002198/ 33> 0.000373/ 35>

 E=6.5091   0.004733/  7>-0.003217/  8> 0.005075/  9>-0.002418/ 10> 0.002316/ 11>-0.000750/ 12>-0.039080/ 13>
            0.019232/ 14> 0.009186/ 15> 0.020082/ 16> 0.031726/ 17> 0.007447/ 18> 0.023452/ 19>-0.004646/ 20>
           -0.018890/ 21>-0.117534/ 22> 0.084158/ 23>-0.056926/ 24> 0.082151/ 25>-0.002358/ 26> 0.027126/ 27>
           -0.851077/ 28>-0.219366/ 29>-0.417196/ 30>-0.104115/ 31>-0.078457/ 32>-0.020013/ 33>-0.003530/ 34>
           -0.003491/ 35>

 E=6.9069   0.016211/ 37>-0.002820/ 38>-0.028421/ 39> 0.022834/ 40> 0.070999/ 41>-0.016914/ 42>-0.019316/ 43>
            0.027941/ 44> 0.051714/ 45>-0.051210/ 46>-0.057231/ 47> 0.021246/ 48>-0.047561/ 49> 0.103836/ 50>
            0.112204/ 51>-0.216795/ 52>-0.040712/ 53>-0.252025/ 54> 0.913750/ 55> 0.099649/ 56>-0.014812/ 57>


 E=6.9601  -0.000675/  1>-0.046512/  3>-0.005426/  4>-0.012456/  5>-0.000778/  6>-0.308150/  7>-0.715430/  8>
            0.011109/  9>-0.445193/ 10> 0.088943/ 11>-0.110254/ 12>-0.119088/ 13>-0.176906/ 14> 0.112431/ 15>
            0.045422/ 16> 0.100221/ 17> 0.175698/ 18>-0.027521/ 19> 0.115323/ 20>-0.125459/ 21>-0.097256/ 22>
            0.086883/ 23>-0.003851/ 24> 0.133973/ 25> 0.041846/ 26> 0.054472/ 27> 0.036425/ 28> 0.007908/ 29>
            0.021260/ 30> 0.004846/ 31> 0.004451/ 32> 0.000927/ 33>

 E=6.9997   0.149298/ 37>-0.025896/ 38>-0.313795/ 39> 0.253077/ 40> 0.781712/ 41>-0.185121/ 42>-0.068151/ 43>
            0.106471/ 44> 0.186493/ 45>-0.190257/ 46>-0.211325/ 47> 0.072378/ 48>-0.018635/ 49> 0.042456/ 50>
            0.041176/ 51>-0.079445/ 52>-0.017203/ 53> 0.039285/ 54>-0.141809/ 55>-0.014545/ 56> 0.002926/ 57>


  Q20Q22:  0.00 SEC    QTME:  0.00 SEC



    SYMMETRY R1= 1


   BASIS FUNCTIONS /N,L,J,OMEGA>,   PARITY +


   1 / 8 8 17/2 17/2>    20 / 8 6 11/2  1/2>    39 / 8 4  7/2 -7/2>    58 / 6 4  7/2  1/2>    77 / 4 2  5/2  5/2>
   2 / 8 8 17/2 13/2>    21 / 8 4  9/2  1/2>    40 / 8 8 17/2-11/2>    59 / 6 2  5/2  1/2>    78 / 4 4  9/2  1/2>
   3 / 8 8 15/2 13/2>    22 / 8 4  7/2  1/2>    41 / 8 8 15/2-11/2>    60 / 6 2  3/2  1/2>    79 / 4 4  7/2  1/2>
   4 / 8 6 13/2 13/2>    23 / 8 2  5/2  1/2>    42 / 8 6 13/2-11/2>    61 / 6 0  1/2  1/2>    80 / 4 2  5/2  1/2>
   5 / 8 8 17/2  9/2>    24 / 8 2  3/2  1/2>    43 / 8 6 11/2-11/2>    62 / 6 6 13/2 -3/2>    81 / 4 2  3/2  1/2>
   6 / 8 8 15/2  9/2>    25 / 8 0  1/2  1/2>    44 / 8 8 17/2-15/2>    63 / 6 6 11/2 -3/2>    82 / 4 0  1/2  1/2>
   7 / 8 6 13/2  9/2>    26 / 8 8 17/2 -3/2>    45 / 8 8 15/2-15/2>    64 / 6 4  9/2 -3/2>    83 / 4 4  9/2 -3/2>
   8 / 8 6 11/2  9/2>    27 / 8 8 15/2 -3/2>    46 / 6 6 13/2 13/2>    65 / 6 4  7/2 -3/2>    84 / 4 4  7/2 -3/2>
   9 / 8 4  9/2  9/2>    28 / 8 6 13/2 -3/2>    47 / 6 6 13/2  9/2>    66 / 6 2  5/2 -3/2>    85 / 4 2  5/2 -3/2>
  10 / 8 8 17/2  5/2>    29 / 8 6 11/2 -3/2>    48 / 6 6 11/2  9/2>    67 / 6 2  3/2 -3/2>    86 / 4 2  3/2 -3/2>
  11 / 8 8 15/2  5/2>    30 / 8 4  9/2 -3/2>    49 / 6 4  9/2  9/2>    68 / 6 6 13/2 -7/2>    87 / 4 4  9/2 -7/2>
  12 / 8 6 13/2  5/2>    31 / 8 4  7/2 -3/2>    50 / 6 6 13/2  5/2>    69 / 6 6 11/2 -7/2>    88 / 4 4  7/2 -7/2>
  13 / 8 6 11/2  5/2>    32 / 8 2  5/2 -3/2>    51 / 6 6 11/2  5/2>    70 / 6 4  9/2 -7/2>    89 / 2 2  5/2  5/2>
  14 / 8 4  9/2  5/2>    33 / 8 2  3/2 -3/2>    52 / 6 4  9/2  5/2>    71 / 6 4  7/2 -7/2>    90 / 2 2  5/2  1/2>
  15 / 8 4  7/2  5/2>    34 / 8 8 17/2 -7/2>    53 / 6 4  7/2  5/2>    72 / 6 6 13/2-11/2>    91 / 2 2  3/2  1/2>
  16 / 8 2  5/2  5/2>    35 / 8 8 15/2 -7/2>    54 / 6 2  5/2  5/2>    73 / 6 6 11/2-11/2>    92 / 2 0  1/2  1/2>
  17 / 8 8 17/2  1/2>    36 / 8 6 13/2 -7/2>    55 / 6 6 13/2  1/2>    74 / 4 4  9/2  9/2>    93 / 2 2  5/2 -3/2>
  18 / 8 8 15/2  1/2>    37 / 8 6 11/2 -7/2>    56 / 6 6 11/2  1/2>    75 / 4 4  9/2  5/2>    94 / 2 2  3/2 -3/2>
  19 / 8 6 13/2  1/2>    38 / 8 4  9/2 -7/2>    57 / 6 4  9/2  1/2>    76 / 4 4  7/2  5/2>    95 / 0 0  1/2  1/2>


    SINGLE PARTICLE (PARITY+) WAVE FUNCTIONS IN THE ENERGY INTERVAL 0.0<E<7.0

 E=1.5000   1.000000/ 95>

 E=2.3994  -0.000805/ 89>-0.755549/ 90> 0.353717/ 91>-0.551211/ 92>-0.013311/ 93>-0.004323/ 94>

 E=3.0975   0.003544/ 89> 0.098140/ 90> 0.152465/ 91>-0.061603/ 92> 0.939637/ 93> 0.283546/ 94>

 E=3.3529  -0.026338/ 89>-0.555665/ 90>-0.763385/ 91> 0.266970/ 92> 0.181212/ 93> 0.060621/ 94>

 E=3.4894  -0.010214/ 75> 0.002676/ 76>-0.003050/ 77>-0.600926/ 78> 0.237671/ 79>-0.607746/ 80> 0.312866/ 81>
           -0.337879/ 82>-0.025975/ 83>-0.003397/ 84>-0.013580/ 85>-0.002707/ 86>

 E=3.8200   0.957379/ 89> 0.079439/ 90>-0.167007/ 91>-0.217456/ 92> 0.013565/ 93>-0.041856/ 94>

 E=4.0187  -0.004332/ 75>-0.000976/ 77>-0.102828/ 78>-0.140302/ 79>-0.003814/ 80>-0.130143/ 81> 0.054277/ 82>
           -0.781646/ 83>-0.283302/ 84>-0.480903/ 85>-0.165058/ 86>-0.008909/ 87>-0.001710/ 88>

 E=4.0543   0.283679/ 89>-0.305415/ 90> 0.466137/ 91> 0.717128/ 92>-0.086872/ 93> 0.295203/ 94>

 E=4.2387   0.025719/ 75>-0.000929/ 76> 0.006432/ 77> 0.505577/ 78> 0.600292/ 79> 0.120146/ 80> 0.536637/ 81>
           -0.177896/ 82>-0.176847/ 83>-0.061076/ 84>-0.113249/ 85>-0.037958/ 86>-0.002091/ 87>-0.000395/ 88>


 E=4.2758   0.047375/ 89>-0.105648/ 90> 0.153970/ 91> 0.244007/ 92> 0.276292/ 93>-0.909402/ 94>

 E=4.6190  -0.022779/ 50> 0.005446/ 51>-0.012760/ 52> 0.003296/ 53>-0.002906/ 54>-0.544355/ 55> 0.147134/ 56>
           -0.583800/ 57> 0.215830/ 58>-0.440616/ 59> 0.217481/ 60>-0.219701/ 61>-0.050410/ 62>-0.004927/ 63>
           -0.036643/ 64>-0.006138/ 65>-0.014999/ 66>-0.003372/ 67>-0.001157/ 68>-0.000402/ 70>

 E=4.6480  -0.005790/ 74>-0.898558/ 75> 0.267209/ 76>-0.279438/ 77>-0.087347/ 78> 0.121939/ 79> 0.100746/ 80>
            0.001341/ 81> 0.093651/ 82>-0.017461/ 83> 0.033484/ 84> 0.004850/ 85> 0.014256/ 86>-0.000656/ 87>


 E=4.9239   0.000979/ 74> 0.148223/ 75>-0.043063/ 76> 0.048529/ 77>-0.333303/ 78> 0.343584/ 79> 0.279007/ 80>
           -0.040048/ 81> 0.303563/ 82>-0.318932/ 83> 0.628270/ 84> 0.069213/ 85> 0.267583/ 86>-0.015733/ 87>
            0.000323/ 88>

 E=5.0146  -0.004088/ 50>-0.001451/ 51>-0.001516/ 52>-0.000628/ 53>-0.058288/ 55>-0.100890/ 56> 0.000675/ 57>
           -0.118573/ 58> 0.050076/ 59>-0.090884/ 60> 0.050782/ 61>-0.686990/ 62>-0.213454/ 63>-0.565365/ 64>
           -0.205892/ 65>-0.265722/ 66>-0.091290/ 67>-0.020551/ 68>-0.004852/ 69>-0.007693/ 70>-0.001502/ 71>


 E=5.0573   0.000776/ 74> 0.116044/ 75>-0.033299/ 76> 0.038943/ 77>-0.396490/ 78> 0.409297/ 79> 0.324211/ 80>
           -0.039800/ 81> 0.356507/ 82> 0.279045/ 83>-0.541126/ 84>-0.043740/ 85>-0.229155/ 86> 0.016661/ 87>
            0.000323/ 88>

 E=5.2672  -0.000800/ 47>-0.043914/ 50>-0.002222/ 51>-0.021622/ 52>-0.004102/ 54>-0.423266/ 55>-0.486871/ 56>
           -0.212282/ 57>-0.556534/ 58> 0.064985/ 59>-0.396997/ 60> 0.166725/ 61> 0.133028/ 62> 0.029419/ 63>
            0.116798/ 64> 0.034902/ 65> 0.056637/ 66> 0.017640/ 67> 0.004363/ 68> 0.000901/ 69> 0.001673/ 70>


 E=5.3480   0.001654/ 75> 0.005548/ 76>-0.000994/ 77> 0.008748/ 78> 0.013532/ 79>-0.016228/ 80>-0.019633/ 81>
            0.005328/ 82> 0.058209/ 83> 0.085687/ 84>-0.151480/ 85>-0.034731/ 86> 0.961335/ 87> 0.199950/ 88>


 E=5.5284   0.017344/ 47>-0.003524/ 48> 0.003526/ 49> 0.804247/ 50>-0.240964/ 51> 0.476240/ 52>-0.144709/ 53>
            0.114143/ 54> 0.062574/ 55>-0.102754/ 56>-0.052172/ 57>-0.055212/ 58>-0.097391/ 59> 0.011870/ 60>
           -0.055366/ 61> 0.014945/ 62>-0.022746/ 63> 0.001142/ 64>-0.017111/ 65>-0.004362/ 66>-0.005688/ 67>
            0.000858/ 68>

 E=5.7223   0.010867/ 74> 0.231881/ 75> 0.685882/ 76>-0.097160/ 77> 0.131984/ 78> 0.228000/ 79>-0.247643/ 80>
           -0.309714/ 81> 0.083238/ 82> 0.190443/ 83> 0.177109/ 84>-0.376067/ 85>-0.109188/ 86>-0.105821/ 87>
           -0.021804/ 88>

 E=5.7296   0.001459/  5> 0.000558/  7> 0.050369/ 10>-0.008169/ 11> 0.033651/ 12>-0.006752/ 13> 0.013538/ 14>
           -0.003076/ 15> 0.002605/ 16> 0.579171/ 17>-0.073397/ 18> 0.577715/ 19>-0.105038/ 20> 0.425130/ 21>
           -0.116229/ 22> 0.258084/ 23>-0.106457/ 24> 0.112838/ 25> 0.116109/ 26> 0.011277/ 27> 0.093110/ 28>
            0.013467/ 29> 0.050217/ 30> 0.010618/ 31> 0.018139/ 32> 0.004579/ 33> 0.005530/ 34> 0.000753/ 35>
            0.002825/ 36> 0.000457/ 37> 0.000735/ 38>

 E=5.7976   0.010286/ 74> 0.195543/ 75> 0.575765/ 76>-0.077788/ 77>-0.040523/ 78>-0.077357/ 79> 0.076787/ 80>
            0.096499/ 81>-0.031050/ 82>-0.309097/ 83>-0.288077/ 84> 0.608227/ 85> 0.175813/ 86> 0.141680/ 87>
            0.029140/ 88>

 E=5.8337  -0.002276/ 47> 0.000438/ 48>-0.000482/ 49>-0.098977/ 50> 0.025970/ 51>-0.064457/ 52> 0.018187/ 53>
           -0.016324/ 54> 0.294037/ 55>-0.266436/ 56>-0.071977/ 57>-0.098418/ 58>-0.278569/ 59> 0.096023/ 60>
           -0.190500/ 61> 0.329042/ 62>-0.581668/ 63> 0.038510/ 64>-0.454362/ 65>-0.102863/ 66>-0.152709/ 67>
            0.028599/ 68>-0.004525/ 69> 0.008530/ 70>-0.000792/ 71> 0.000359/ 72>

 E=5.9763   0.002387/ 47>-0.000444/ 48> 0.000514/ 49> 0.100440/ 50>-0.024146/ 51> 0.068347/ 52>-0.018443/ 53>
            0.017712/ 54>-0.447373/ 55> 0.409235/ 56> 0.098432/ 57> 0.172278/ 58> 0.414105/ 59>-0.126777/ 60>
            0.282206/ 61> 0.221057/ 62>-0.388719/ 63> 0.048997/ 64>-0.305439/ 65>-0.054691/ 66>-0.101485/ 67>
            0.027888/ 68>-0.000936/ 69> 0.009239/ 70> 0.000367/ 72>

 E=6.0088  -0.006615/ 10> 0.003473/ 11>-0.005507/ 12> 0.002613/ 13>-0.002659/ 14> 0.001077/ 15>-0.000598/ 16>
           -0.040831/ 17> 0.059073/ 18>-0.078783/ 19> 0.072539/ 20>-0.087201/ 21> 0.067851/ 22>-0.071658/ 23>
            0.051714/ 24>-0.040104/ 25> 0.661247/ 26> 0.140541/ 27> 0.576189/ 28> 0.152797/ 29> 0.339316/ 30>
            0.109693/ 31> 0.134371/ 32> 0.043038/ 33> 0.040500/ 34> 0.007855/ 35> 0.021696/ 36> 0.004611/ 37>
            0.005919/ 38> 0.001070/ 39> 0.000829/ 40>

 E=6.0136   0.011039/ 74> 0.097631/ 75> 0.282195/ 76>-0.032607/ 77>-0.248947/ 78>-0.411774/ 79> 0.441415/ 80>
            0.544415/ 81>-0.137769/ 82> 0.166601/ 83> 0.155535/ 84>-0.323624/ 85>-0.092507/ 86>-0.050570/ 87>
           -0.010355/ 88>

 E=6.1056   0.984083/ 74> 0.029971/ 75>-0.051206/ 76>-0.165429/ 77> 0.004256/ 78>-0.002158/ 79>-0.012319/ 80>
            0.008259/ 81> 0.020789/ 82>-0.000323/ 83>-0.001754/ 84> 0.003829/ 86> 0.000333/ 87>-0.000660/ 88>


 E=6.1251  -0.000943/ 50>-0.003789/ 51> 0.000867/ 52>-0.001833/ 53> 0.000500/ 54>-0.011376/ 55>-0.009312/ 56>
            0.010345/ 57> 0.007603/ 58> 0.007085/ 59> 0.012019/ 60>-0.002815/ 61>-0.052871/ 62>-0.089342/ 63>
            0.095694/ 64>-0.008342/ 65> 0.087214/ 66> 0.020350/ 67>-0.888428/ 68>-0.238388/ 69>-0.345819/ 70>
           -0.074010/ 71>-0.012960/ 72>-0.001911/ 73>

 E=6.3910   0.000346/  2> 0.024042/  5>-0.004315/  6> 0.009585/  7>-0.001692/  8> 0.001419/  9> 0.534659/ 10>
           -0.104685/ 11> 0.376227/ 12>-0.088469/ 13> 0.159093/ 14>-0.040702/ 15> 0.032018/ 16> 0.253873/ 17>
            0.295482/ 18> 0.081676/ 19> 0.367986/ 20>-0.094291/ 21> 0.334164/ 22>-0.172939/ 23> 0.233369/ 24>
           -0.137247/ 25>-0.052487/ 26> 0.005510/ 27>-0.055728/ 28>-0.000863/ 29>-0.036612/ 30>-0.004956/ 31>
           -0.014957/ 32>-0.003304/ 33>-0.003990/ 34>-0.000392/ 35>-0.002288/ 36>-0.000316/ 37>-0.000650/ 38>


 E=6.4143   0.000358/  2> 0.024731/  5>-0.005146/  6> 0.010005/  7>-0.001977/  8> 0.001504/  9> 0.535897/ 10>
           -0.144379/ 11> 0.388542/ 12>-0.116593/ 13> 0.169565/ 14>-0.051347/ 15> 0.035286/ 16>-0.200181/ 17>
           -0.349366/ 18>-0.141357/ 19>-0.393320/ 20>-0.024381/ 21>-0.317838/ 22> 0.065565/ 23>-0.192555/ 24>
            0.082504/ 25> 0.057163/ 26>-0.019436/ 27> 0.051120/ 28>-0.011553/ 29> 0.029629/ 30>-0.002376/ 31>
            0.010765/ 32> 0.000929/ 33> 0.004736/ 34> 0.002520/ 36> 0.000671/ 38>

 E=6.5217  -0.025775/ 47>-0.004479/ 48>-0.004006/ 49>-0.313253/ 50>-0.741773/ 51> 0.035484/ 52>-0.365551/ 53>
            0.065997/ 54>-0.132506/ 55>-0.199327/ 56> 0.147520/ 57> 0.097784/ 58> 0.083896/ 59> 0.201057/ 60>
           -0.063341/ 61>-0.135341/ 62>-0.110161/ 63> 0.126756/ 64> 0.018528/ 65> 0.140225/ 66> 0.044651/ 67>
            0.049514/ 68> 0.012269/ 69> 0.021745/ 70> 0.004462/ 71> 0.000758/ 72>

 E=6.5826   0.045303/ 74>-0.051077/ 75> 0.044645/ 76> 0.206192/ 77>-0.021996/ 78> 0.034811/ 79> 0.073312/ 80>
           -0.082490/ 81>-0.144618/ 82>-0.037102/ 83> 0.090236/ 84> 0.108589/ 85>-0.294865/ 86>-0.182285/ 87>
            0.880089/ 88>

 E=6.6187  -0.014408/ 47>-0.001324/ 48>-0.002433/ 49>-0.136625/ 50>-0.325073/ 51> 0.009293/ 52>-0.161839/ 53>
            0.027306/ 54> 0.105552/ 55> 0.171941/ 56>-0.118253/ 57>-0.066081/ 58>-0.058248/ 59>-0.160463/ 60>
            0.058283/ 61> 0.444471/ 62> 0.363123/ 63>-0.411803/ 64>-0.053306/ 65>-0.461250/ 66>-0.144875/ 67>
           -0.129269/ 68>-0.031340/ 69>-0.058443/ 70>-0.011867/ 71>-0.002005/ 72>

 E=6.6322   0.162533/ 74>-0.203200/ 75> 0.177914/ 76> 0.819333/ 77>-0.041741/ 78> 0.069329/ 79> 0.140862/ 80>
           -0.162695/ 81>-0.280875/ 82>-0.005436/ 83> 0.014350/ 84> 0.014527/ 85>-0.041463/ 86> 0.062917/ 87>
           -0.302419/ 88>

 E=6.7874  -0.007721/ 46>-0.944155/ 47> 0.209774/ 48>-0.197854/ 49>-0.042598/ 50> 0.065992/ 51> 0.123561/ 52>
           -0.018745/ 53> 0.053090/ 54> 0.001294/ 55> 0.014637/ 56> 0.004727/ 57>-0.013133/ 58>-0.010559/ 59>
           -0.008881/ 60>-0.007114/ 61>-0.005632/ 62>-0.002881/ 63> 0.005689/ 64>-0.001224/ 65> 0.005013/ 66>
            0.000532/ 67> 0.000930/ 68> 0.000711/ 69> 0.000577/ 70>

 E=6.8349   0.003025/  5>-0.000491/  6> 0.001330/  7> 0.055888/ 10>-0.006899/ 11> 0.050297/ 12>-0.010046/ 13>
            0.025041/ 14>-0.006054/ 15> 0.005567/ 16>-0.266767/ 17> 0.207877/ 18> 0.015227/ 19> 0.124039/ 20>
            0.219103/ 21>-0.012925/ 22> 0.243543/ 23>-0.097503/ 24> 0.135195/ 25>-0.281262/ 26> 0.519098/ 27>
           -0.042673/ 28> 0.488960/ 29> 0.110573/ 30> 0.292263/ 31> 0.104666/ 32> 0.090636/ 33>-0.130238/ 34>
           -0.007408/ 35>-0.067456/ 36>-0.006253/ 37>-0.017576/ 38>-0.001871/ 39>-0.004255/ 40>-0.000478/ 41>

-0.001120/ 42>

 E=6.8478   0.008458/ 47>-0.004807/ 48> 0.002092/ 49>-0.083899/ 50>-0.205967/ 51>-0.008609/ 52>-0.103180/ 53>
            0.012559/ 54> 0.335436/ 55> 0.487176/ 56>-0.327788/ 57>-0.198953/ 58>-0.206664/ 59>-0.457056/ 60>
            0.139253/ 61>-0.215264/ 62>-0.176438/ 63> 0.192958/ 64> 0.017160/ 65> 0.223181/ 66> 0.067841/ 67>
            0.041823/ 68> 0.009603/ 69> 0.020245/ 70> 0.004010/ 71> 0.000669/ 72>

 E=6.8564   0.047336/ 74>-0.085709/ 75> 0.075340/ 76> 0.343218/ 77> 0.069866/ 78>-0.102515/ 79>-0.223457/ 80>
            0.241065/ 81> 0.428801/ 82> 0.081971/ 83>-0.199102/ 84>-0.228334/ 85> 0.618961/ 86>-0.058018/ 87>
            0.273230/ 88>

 E=6.8959  -0.000657/  5>-0.011405/ 10>-0.000522/ 11>-0.009756/ 12> 0.000844/ 13>-0.004726/ 14> 0.000830/ 15>
           -0.001027/ 16> 0.054080/ 17>-0.054198/ 18> 0.001381/ 19>-0.029385/ 20>-0.044786/ 21> 0.006569/ 22>
           -0.055051/ 23> 0.026459/ 24>-0.032760/ 25>-0.002803/ 26>-0.106262/ 27> 0.071807/ 28>-0.065104/ 29>
            0.073734/ 30>-0.016087/ 31> 0.034990/ 32> 0.002843/ 33>-0.821183/ 34>-0.195559/ 35>-0.462068/ 36>
           -0.115819/ 37>-0.132037/ 38>-0.026881/ 39>-0.028248/ 40>-0.005136/ 41>-0.007749/ 42>-0.001079/ 43>


 E=6.9828  -0.003902/  5> 0.000534/  6>-0.001758/  7>-0.067224/ 10> 0.002665/ 11>-0.065001/ 12> 0.009635/ 13>
           -0.033503/ 14> 0.007079/ 15>-0.007540/ 16> 0.433747/ 17>-0.358212/ 18>-0.011662/ 19>-0.252225/ 20>
           -0.343404/ 21>-0.031979/ 22>-0.383650/ 23> 0.125313/ 24>-0.207550/ 25>-0.165005/ 26> 0.335392/ 27>
           -0.069070/ 28> 0.314636/ 29> 0.025022/ 30> 0.183944/ 31> 0.045474/ 32> 0.054478/ 33> 0.027991/ 34>
            0.022018/ 35> 0.018766/ 36> 0.011783/ 37> 0.006340/ 38> 0.002444/ 39> 0.001102/ 40> 0.000397/ 41>

 0.000328/ 42>

  Q20Q22:  0.00 SEC    QTME:  0.00 SEC

 Q0= 748.146 HBAR/MW0     Q2= -11.798 HBAR/MW0     GAMMA=  1.3 DEG   FOR 81 PARTICLES;  A=207

1
 **********************************************  SINGLE PARTICLE MATRIX ELEMENTS  ***********************************************


   ENY   EMY     A+B     C      D      E    JZ    S0    S+    S-  <R2S> <R4S>  R2DZ  R2D+  R2D-  Q20S  Q22S   Q20   Q22  RHO2    R2


  5.27+ MY=NY -1.558 -0.661  24.90  -6.22  0.43 -0.33  0.16 -0.32  7.50 70.89 -0.23  1.95  0.23  8.93  0.40 21.73  0.24  7.50 13.25
  5.35+ 5.27+ -0.000 -0.000   0.00  -0.00  0.00 -0.00  0.00 -0.00************ -0.00 -0.00  0.00  0.00  0.00  0.00  0.00  0.00  0.00
  5.53+ 5.27+  0.468 -0.089  -0.45 -12.87 -0.09 -0.07  0.03 -0.01  7.50 67.06 -0.32  0.20 -0.01  0.19  0.32  0.33  0.26 -0.00  0.08
  5.72+ 5.27+  0.000 -0.000  -0.00  -0.00  0.00 -0.00 -0.00  0.00************  0.01 -0.00  0.00 -0.07 -0.03 -0.12 -0.02 -0.01 -0.04
  5.73+ 5.27+ -0.000 -0.000  -0.00  -0.00 -0.00 -0.00 -0.00  0.00************  0.45 -0.03 -0.00 -0.98 -0.02 -1.87 -0.02 -0.25 -0.74
  5.80+ 5.27+ -0.000 -0.000   0.00   0.00 -0.00 -0.00 -0.00  0.00************  0.00  0.00 -0.00  0.00  0.00  0.00  0.00  0.00  0.00
  5.83+ 5.27+ -2.041 -3.554   1.01   9.78 -0.00 -0.04 -0.14  0.22  7.50 77.39 -0.54 -0.41 -0.76 -0.09 -0.19 -0.16 -0.15  0.00 -0.04
  5.98+ 5.27+  2.888 -2.943   1.28   2.04 -0.03  0.18  0.13  0.18  7.50 78.97  1.53  0.55 -0.59 -0.35 -0.04 -0.58 -0.04  0.00 -0.15
  6.01+ 5.27+  0.000 -0.000   0.00   0.00 -0.00  0.00  0.00  0.00************ -0.17 -0.03  0.30  0.69 -0.24  1.33 -0.19  0.21  0.57
  6.01+ 5.27+  0.000 -0.000   0.00   0.00 -0.00  0.00  0.00  0.00************ -0.02  0.00  0.00  0.10 -0.01  0.19 -0.01  0.02  0.07
  6.11+ 5.27+  0.000  0.000  -0.00  -0.00  0.00  0.00 -0.00  0.00************ -0.00 -0.00 -0.00 -0.00 -0.00 -0.00 -0.00 -0.00 -0.00

  5.35+ MY=NY -0.002  0.014  12.03   2.48 -3.43 -0.48  0.00  0.02  5.50 36.01  0.52  0.01  0.01 -1.04 -0.77  3.13 -0.76  5.50  6.36
  5.53+ 5.35+ -0.000 -0.000   0.00  -0.00  0.00 -0.00  0.00  0.00************ -0.00  0.00 -0.01 -0.00  0.00 -0.00  0.00 -0.00 -0.00
  5.72+ 5.35+ -0.085  0.590  -0.28   4.74  0.26  0.00  0.01  0.79  5.50 36.43  0.03  0.34  0.38  0.02 -1.23  0.01 -0.97  0.00  0.04
  5.73+ 5.35+ -0.000  0.000  -0.00   0.00  0.00  0.00  0.00  0.00  5.50******  0.00  0.00  0.00  0.00 -0.00  0.00 -0.00  0.00  0.00
  5.80+ 5.35+ -0.059  0.415   0.37  -6.15 -0.28 -0.00  0.01  0.54  5.50 35.45 -0.03  0.23  0.25 -0.03  1.60 -0.01  1.26 -0.00 -0.05
  5.83+ 5.35+ -0.000 -0.000   0.00   0.00  0.00 -0.00 -0.00  0.00************ -0.02  0.00  0.00 -0.00  0.02 -0.01  0.01 -0.00 -0.01
  5.98+ 5.35+  0.000 -0.000   0.00  -0.00 -0.00  0.00  0.00  0.00************ -0.01 -0.00 -0.00  0.01  0.01  0.02  0.01  0.00  0.01
  6.01+ 5.35+  0.000 -0.000   0.00  -0.00 -0.00 -0.00 -0.00 -0.00  5.57****** -0.00 -0.00 -0.00 -0.00  0.00 -0.00  0.00 -0.00 -0.00
  6.01+ 5.35+ -0.005  0.146  -0.11   1.77  0.06  0.00  0.00  0.15  5.50 31.24  0.01  0.07  0.06  0.01 -0.47  0.01 -0.37  0.00  0.02
  6.11+ 5.35+  2.919  0.150   0.00   0.04  0.00  0.00  0.13 -0.03  5.50 36.02  0.00  0.63  0.02 -0.00 -0.00 -0.00 -0.00 -0.00 -0.00

  5.53+ MY=NY  0.082 -0.011  34.43   6.68  2.43  0.42  0.08  0.00  7.50 67.32  0.38  0.02 -0.03  5.48 -0.56 15.90 -0.56  7.50 11.74
  5.72+ 5.53+ -0.000 -0.000   0.00   0.00  0.00  0.00  0.00  0.00************ -0.08  0.00  0.00  0.02  0.00  0.02  0.00 -0.01 -0.00
  5.73+ 5.53+ -0.000 -0.000   0.00   0.00  0.00  0.00  0.00 -0.00************  0.05  0.01 -0.00  0.22  0.16  0.42  0.13  0.04  0.15
  5.80+ 5.53+  0.000 -0.000   0.00   0.00 -0.00  0.00  0.00  0.00************ -0.06 -0.01 -0.00  0.02 -0.00  0.03 -0.00 -0.00  0.01
  5.83+ 5.53+  0.861 -0.139  -1.10  15.95 -0.30 -0.01  0.81  0.04  7.50 67.55 -0.09  0.19 -0.44  0.10 -1.15  0.13 -0.91  0.00  0.07
  5.98+ 5.53+  0.547 -0.028   1.28 -16.92  0.21  0.01  0.38  0.02  7.50 65.65  0.10  0.13 -0.21 -0.11  1.23 -0.16  0.97 -0.00 -0.08
  6.01+ 5.53+  0.000 -0.000   0.00  -0.00  0.00  0.00  0.00 -0.00************  0.00  0.07 -0.01 -0.02 -0.02 -0.04 -0.01 -0.00 -0.01
  6.01+ 5.53+  0.000 -0.000   0.00  -0.00  0.00  0.00  0.00 -0.00************ -0.02  0.00  0.00  0.01 -0.01  0.02 -0.01  0.00  0.01
  6.11+ 5.53+ -0.000 -0.000   0.00  -0.00  0.00  0.00  0.00 -0.00************  0.00  0.00 -0.00  0.01  0.01  0.03  0.01  0.00  0.01

  5.72+ MY=NY -0.402  0.226   9.90   9.42  1.08 -0.46  0.03  0.29  5.50 39.98  0.77  1.99  0.13 -0.88 -2.36  3.37 -2.02  5.50  6.47
  5.73+ 5.72+ -0.000  0.000   0.00   0.00  0.00 -0.00  0.00  0.00  5.55******  0.00  0.00  0.00 -0.00 -0.00  0.00 -0.00  0.00  0.00
  5.80+ 5.72+  0.152 -0.296   0.22  -1.42  1.67  0.01 -0.01 -0.39  5.50 43.48  0.07 -0.74 -0.18  0.00  0.36  0.01  0.29  0.00 -0.01
  5.83+ 5.72+ -0.000  0.000   0.00   0.00  0.00 -0.00  0.00  0.00************ -0.04 -0.01  0.01 -0.04 -0.01 -0.09 -0.00 -0.02 -0.04
  5.98+ 5.72+ -0.000  0.000   0.00   0.00 -0.00  0.00  0.00  0.00************  0.01 -0.00  0.00 -0.01 -0.00 -0.02 -0.00 -0.00 -0.01
  6.01+ 5.72+  0.000 -0.000  -0.00  -0.00  0.00  0.00  0.00  0.00  5.00******  0.00  0.00  0.00  0.00 -0.00  0.00 -0.00  0.00  0.00
  6.01+ 5.72+  0.021 -0.222   0.44  -6.70  0.03 -0.00 -0.00 -0.27  5.50 40.81 -0.02 -0.09 -0.12 -0.03  1.66 -0.01  1.31  0.00 -0.05
  6.11+ 5.72+ -0.091  0.009  -0.10   2.98  0.02  0.02 -0.00  0.00  5.50 34.48  0.06 -0.04  0.00 -0.05 -0.12 -0.09 -0.09  0.00 -0.02

  5.73+ MY=NY  6.439  2.231  50.96  23.84  0.46  0.22  0.72  0.14  9.50114.47  1.02  1.64 -0.46 12.99 -0.52 30.33 -0.49  9.50 17.56
  5.80+ 5.73+  0.000 -0.000   0.00  -0.00  0.00  0.00 -0.00 -0.00  5.50******  0.00 -0.00 -0.00  0.00  0.00  0.00  0.00  0.00  0.00
  5.83+ 5.73+  0.000  0.000   0.00   0.00 -0.00  0.00  0.00  0.00************  0.10  0.01 -0.03  0.40  0.06  0.74  0.05  0.08  0.27
  5.98+ 5.73+ -0.000  0.000   0.00   0.00 -0.00 -0.00  0.00  0.00************ -0.08 -0.01 -0.01 -0.40  0.03 -0.74  0.02 -0.08 -0.27
  6.01+ 5.73+ -0.205  6.660   3.22  48.53 -0.31 -0.12 -0.14  0.46  9.50112.70 -0.58 -0.24 -1.43 -0.64 -1.08 -1.10 -0.87 -0.00 -0.26
  6.01+ 5.73+  0.000 -0.000   0.00  -0.00  0.00 -0.00 -0.00 -0.00  5.51****** -0.00 -0.00 -0.00 -0.00  0.00 -0.00  0.00 -0.00 -0.00
  6.11+ 5.73+ -0.000  0.000  -0.00   0.00  0.00  0.00 -0.00  0.00  5.49******  0.00 -0.00  0.00 -0.00 -0.00 -0.00 -0.00  0.00 -0.00

  5.80+ MY=NY  0.377  0.288  10.06  -1.12  0.01 -0.47 -0.03  0.40  5.50 38.59  0.71 -1.88  0.19 -0.90  0.29  3.40  0.08  5.50  6.40
  5.83+ 5.80+  0.000 -0.000   0.00   0.00 -0.00  0.00  0.00 -0.00************  0.05 -0.00 -0.00  0.04 -0.01  0.09 -0.01  0.02  0.04
  5.98+ 5.80+ -0.000  0.000   0.00  -0.00 -0.00 -0.00 -0.00 -0.00************  0.00 -0.00  0.00  0.05  0.02  0.09  0.01  0.01  0.04
  6.01+ 5.80+  0.000 -0.000   0.00  -0.00 -0.00 -0.00 -0.00 -0.00  5.49****** -0.00 -0.00 -0.00 -0.00  0.00  0.00  0.00  0.00 -0.00
  6.01+ 5.80+ -0.079  0.480  -0.04   1.68  1.02  0.00  0.01  0.59  5.50 41.17  0.05  0.37  0.26  0.01 -0.44  0.01 -0.35 -0.00  0.02
  6.11+ 5.80+  0.096 -0.011  -0.09   2.19  0.02  0.02  0.00 -0.01  5.50 34.51  0.04  0.05 -0.00 -0.04 -0.08 -0.07 -0.07  0.00 -0.02

  5.83+ MY=NY  0.192 -0.693  27.54  20.06 -0.85  0.38  0.09  0.09  7.50 71.00 -0.08  0.07 -2.00  6.04 -1.32 16.83 -1.16  7.50 12.01
  5.98+ 5.83+ -0.571  0.320   0.70  -5.23 -0.96 -0.01 -0.37 -0.04  7.50 74.39 -0.13 -0.16  0.87 -0.02  0.35 -0.03  0.28 -0.00 -0.02
  6.01+ 5.83+ -0.000  0.000   0.00   0.00 -0.00  0.00 -0.00  0.00************  0.26 -0.01 -0.01  0.37  0.05  0.70  0.04  0.08  0.26
  6.01+ 5.83+  0.000 -0.000  -0.00  -0.00 -0.00  0.00 -0.00 -0.00************  0.03 -0.00 -0.01 -0.01  0.01 -0.02  0.01 -0.00 -0.01
  6.11+ 5.83+ -0.000  0.000   0.00  -0.00  0.00  0.00 -0.00  0.00************ -0.00  0.00 -0.00 -0.00 -0.00 -0.00 -0.00 -0.00 -0.00

  5.98+ MY=NY  1.068  0.834  27.15 -26.52 -0.09  0.40  0.74 -0.08  7.50 70.59  0.08  0.26  2.01  6.03  1.88 16.89  1.38  7.50 11.93
  6.01+ 5.98+  0.000  0.000   0.00  -0.00 -0.00  0.00  0.00 -0.00************  0.17  0.01  0.03  0.33 -0.07  0.62 -0.05  0.07  0.24
  6.01+ 5.98+  0.000  0.000   0.00   0.00 -0.00  0.00  0.00  0.00************ -0.08 -0.00 -0.01 -0.03  0.00 -0.06  0.00 -0.02 -0.04
  6.11+ 5.98+  0.000 -0.000   0.00  -0.00  0.00  0.00  0.00 -0.00************  0.00  0.00 -0.00  0.00  0.00  0.00  0.00  0.00  0.00

  6.01+ MY=NY -0.111 -1.791  55.93  -2.84 -1.43 -0.29  0.03  0.01  9.50110.68 -0.76  0.07  0.33 11.13 -0.04 27.21 -0.13  9.50 16.72
  6.01+ 6.01+  0.000  0.000  -0.00   0.00 -0.00  0.00 -0.00  0.00  5.51****** -0.00 -0.00  0.00  0.00 -0.00 -0.00 -0.00 -0.00 -0.00
  6.11+ 6.01+  0.000 -0.000   0.00  -0.00 -0.00 -0.00  0.00 -0.00  5.34******  0.00  0.00 -0.00  0.00  0.00  0.00  0.00  0.00  0.00

  6.01+ MY=NY -0.469 -0.568   9.46 -11.49  0.34 -0.46  0.03 -0.71  5.50 40.27  0.73  2.28 -0.32 -0.86  2.86  3.52  2.12  5.50  6.35
  6.11+ 6.01+ -0.015  0.005  -0.07   0.88  0.03  0.01 -0.00  0.00  5.50 37.06 -0.00 -0.03  0.00 -0.03 -0.06 -0.06 -0.05  0.00 -0.01

  6.11+ MY=NY  0.002 -0.000   4.47   0.74  4.44  0.50  0.00 -0.00  5.50 35.97 -1.01 -0.00 -0.00 -4.00 -0.86 -1.84 -0.86  5.50  5.05

 DECOUP:  0.00 SEC



   #   ENERGY +/-(#)    <Q20>    <Q22>     <R2>     <JZ>      #   ENERGY +/-(#)    <Q20>    <Q22>     <R2>     <JZ>

   1   1.5000  +(# 1)   1.3380  -0.0370   1.8563   0.5000    41   5.7223  +(#19)   3.3735  -2.0163   6.4741   1.0802
   2   1.9439  -(# 1)   5.4603  -0.0415   3.9497   0.4998    42   5.7296  +(#20)  30.3296  -0.4852  17.5627   0.4571
   3   2.3994  +(# 2)   9.6421  -0.0442   6.0589   0.4996    43   5.7976  +(#21)   3.3968   0.0827   6.3976   0.0099
   4   2.6473  -(# 2)   0.5443  -0.4188   2.6609  -1.4318    44   5.8230  -(#23)  25.8887   0.1081  15.3616   0.4709
   5   2.9088  -(# 3)   0.6854   0.2753   2.6709   0.4320    45   5.8337  +(#22)  16.8276  -1.1589  12.0085  -0.8510
   6   2.9177  -(# 4)  13.6897  -0.0536   8.1327   0.4992    46   5.9659  -(#24)  19.5935  -0.4614  13.7145   2.4366
   7   3.0975  +(# 3)   4.6604  -0.4308   4.7530  -1.4273    47   5.9763  +(#23)  16.8915   1.3808  11.9253  -0.0897
   8   3.3529  +(# 4)   4.8270   0.2722   4.7694   0.4290    48   6.0088  +(#24)  27.2118  -0.1265  16.7217  -1.4284
   9   3.4894  +(# 5)  17.6609  -0.0684  10.1865   0.4985    49   6.0136  +(#25)   3.5216   2.1214   6.3503   0.3404
  10   3.5297  -(# 5)   8.7842  -0.4190   6.8461  -1.4294    50   6.1056  +(#26)  -1.8418  -0.8637   5.0456   4.4383
  11   3.7879  -(# 6)   9.1858   0.2625   6.9258   0.4320    51   6.1092  -(#25)   7.6967  -1.7028   8.6083   1.7406
  12   3.8200  +(# 6)  -0.2355  -0.8639   3.4716   2.3306    52   6.1251  +(#27)  11.2207  -0.6599  10.5018  -3.4440
  13   4.0187  +(# 7)  12.8543  -0.4824   8.9280  -1.4005    53   6.1964  -(#26)   7.7165  -0.1981   8.5543  -0.5865
  14   4.0513  -(# 7)  21.3170  -0.1045  12.1575   0.4965    54   6.3264  -(#27)  20.9520  -1.2006  14.1039  -0.8866
  15   4.0543  +(# 8)  -0.0858  -0.1745   3.4841   0.4716    55   6.3910  +(#28)  26.7426  -0.4079  16.6084   1.4370
  16   4.2165  -(# 8)   3.8960  -0.6634   5.5594   2.4079    56   6.4143  +(#29)  26.2709   0.0098  16.4668   1.4996
  17   4.2387  +(# 9)  13.4082   0.3255   9.0431   0.4034    57   6.4201  -(#28)   2.6035  -0.6594   7.2165   4.2520
  18   4.2758  +(#10)  -0.0763   0.7233   3.4512  -1.3035    58   6.4239  -(#29)   7.6501   1.8970   8.4541   0.4898
  19   4.5025  -(# 9)  16.7093  -0.4404  10.9488  -1.4154    59   6.4703  -(#30)  20.9746   1.2931  14.0116  -0.1039
  20   4.5165  -(#10)   4.1286  -0.8208   5.6273   0.0673    60   6.5091  -(#31)  15.1109  -0.5532  12.5293  -3.4226
  21   4.6190  +(#11)  24.9215  -0.1525  14.1153   0.4932    61   6.5217  +(#30)  11.9100  -1.5518  10.7198   1.9303
  22   4.6480  +(#12)   8.0220  -0.6522   7.6532   2.4120    62   6.5826  +(#31)  -1.7753  -1.7659   5.0988  -2.8476
  23   4.6685  -(#11)   4.2105   1.1560   5.5711  -0.9791    63   6.6187  +(#32)  11.9647  -0.3339  10.6863  -0.7528
  24   4.7430  -(#12)  17.6033   0.2751  11.1576   0.4218    64   6.6322  +(#33)  -1.7636  -1.1442   5.0774   1.7091
  25   4.9239  +(#13)   8.4235  -1.1325   7.7786  -0.5950    65   6.7874  +(#34)   6.4420  -0.7576   9.2383   4.4506
  26   4.9590  -(#13)  -1.0394  -0.8517   4.2579  -3.4046    66   6.8349  +(#35)  24.8773  -1.2361  16.1463  -0.9882
  27   5.0146  +(#14)  20.5163  -0.4146  12.9574  -1.4197    67   6.8478  +(#36)  12.2184   1.9803  10.6623   0.2737
  28   5.0573  +(#15)   8.4800   1.4588   7.6914  -0.3197    68   6.8564  +(#37)  -1.7025  -0.2397   5.0579  -0.5054
  29   5.0676  -(#14)  11.9988  -0.5852   9.7052   2.4287    69   6.8959  +(#38)  18.8304  -0.5029  14.5138  -3.3929
  30   5.1803  -(#15)  27.8837  -0.2705  15.9056   0.4825    70   6.9069  -(#32)   2.6027  -1.3331   7.2428  -3.2718
  31   5.2672  +(#16)  21.7304   0.2388  13.2536   0.4314    71   6.9601  -(#33)  16.0694  -1.4130  12.8174   2.0431
  32   5.3219  -(#16)  -0.9602  -1.4470   4.3024  -0.9428    72   6.9828  +(#39)  25.0917   1.2515  16.1051  -0.0532
  33   5.3480  +(#17)   3.1316  -0.7616   6.3606  -3.4284    73   6.9997  -(#34)   2.6332  -1.3298   7.2508   2.1003
  34   5.3662  -(#17)  12.6730  -1.1596   9.9067  -0.7709    74   7.0586  -(#35)  16.1778  -0.4221  12.8071  -0.8798
  35   5.4599  -(#18)  -0.9204  -0.4783   4.2748   1.4557    75   7.0657  +(#40)  -1.5999   3.1039   4.9533  -0.2952
  36   5.5046  -(#19)  12.7242   1.4155   9.8187  -0.1630    76   7.1220  -(#36)  10.4137  -0.6838  11.2887   4.4528
  37   5.5121  -(#20)  23.9940  -0.2931  14.8749  -1.4362    77   7.1826  -(#37)  -2.6333  -0.8797   5.8363  -5.4548
  38   5.5284  +(#18)  15.9021  -0.5610  11.7395   2.4319    78   7.2284  -(#38)   2.7671  -0.4629   7.2521  -0.5757
  39   5.6224  -(#21)  -0.8353   2.2055   4.1915   0.8939    79   7.2642  +(#41)   6.8763  -1.2339   9.3723  -3.3200
  40   5.7121  -(#22)   7.2197  -0.6846   8.4417  -3.4421    80   7.3031  -(#39)  16.5685   1.8512  12.8211   0.3058



     PARITY: +     DIMENSION:  95     MATRIX:   0.0 SEC     DIAGONALISATION:   0.0 SEC
     PARITY: -     DIMENSION:  70     MATRIX:   0.0 SEC     DIAGONALISATION:   0.0 SEC
      TOTAL TIME:   0.0 SEC
