 PARITY=+   EPS= 0.701   GAMMA=  0.0   EPS4=0.000   EPS6=0.000   LEVELS:  17  18  19  20  21  22  23
0   Z= 81   A=207   IQ=1   GSFAC= 0.75   GR=  0.39   MIN SPIN=  1/2   MAX SPIN= 13/2   KMAX= 13/2

 MICR QUADR MOMENTS:  Q0=3659.555  Q2=   0.000 FM**2


   B(E2) AND Q(E2) IN E2B2 AND EB,   B(M1) AND M(M1) INNM2 AND NM,   T(E2) AND T(M1) IN 1/PS

       E1     II      EF     IF     B(E2)             B(M1)              GD        D       EREL    T(E2)      T(M1)
                                             WU               MWU

     274.1   1/2 -  274.1   1/2    0.0000           -0.2465
     274.1   1/2 -    0.0   3/2    0.0001    0.01    1.1452  639.63    0.000   -0.002    274.1  0.176E-05  0.415E+00
     274.1   1/2 -   95.4   5/2    0.0000    0.01    0.0000    0.00    1.000    0.000    178.7  0.930E-07  0.000E+00
     274.1   1/2 -  175.4   5/2    0.0000    0.00    0.0000    0.00    1.000    0.000     98.8  0.267E-08  0.000E+00
     891.2   1/2 -  274.1   1/2    0.0000    0.00    0.0000    0.00    0.000    0.000    617.1  0.000E+00  0.295E-14


     891.2   1/2 -  891.2   1/2    0.0000           -0.1371
     891.2   1/2 -    0.0   3/2    0.0000    0.00    0.0000    0.00    1.000    0.000    891.2  0.325E-06  0.510E-15
     891.2   1/2 -  321.5   3/2    0.0000    0.00    0.0000    0.00    1.000    0.000    569.7  0.199E-06  0.146E-23
     891.2   1/2 -  783.6   3/2   50.3104 6916.40    0.0138    7.73    0.967   -5.403    107.6  0.887E-02  0.304E-03
     891.2   1/2 -   95.4   5/2    0.0000    0.00    0.0000    0.00    1.000    0.000    795.8  0.407E-06  0.000E+00


     891.2   1/2 -  175.4   5/2    0.0000    0.00    0.0000    0.00    1.000    0.000    715.9  0.268E-07  0.000E+00
     891.2   1/2 -  406.6   5/2    0.0000    0.00    0.0000    0.00    1.000    0.000    484.6  0.472E-05  0.000E+00
       0.0   3/2 -    0.0   3/2    7.3132            2.0240
     321.5   3/2 -  274.1   1/2   26.8108 3685.80    0.0877   48.96    0.322   -0.690     47.4  0.780E-04  0.164E-03
     321.5   3/2 -    0.0   3/2    0.0000    0.01    0.4581  255.85    0.000    0.003    321.5  0.196E-05  0.268E+00


     321.5   3/2 -  321.5   3/2   -7.3421            0.4324
     321.5   3/2 -   95.4   5/2    0.0000    0.00    0.0000    0.00    0.999  -41.977    226.1  0.173E-06  0.980E-10
     321.5   3/2 -  175.4   5/2    0.0001    0.01    0.6871  383.78    0.000    0.001    146.1  0.433E-07  0.377E-01
     783.6   3/2 -  274.1   1/2    0.0000    0.00    0.0000    0.00    1.000    0.000    509.5  0.574E-07  0.854E-15
     783.6   3/2 -    0.0   3/2    0.0000    0.00    0.0000    0.00    1.000    0.000    783.6  0.833E-07  0.400E-13


     783.6   3/2 -  321.5   3/2    0.0000    0.00    0.0000    0.00    1.000    0.000    462.1  0.350E-07  0.218E-23
     783.6   3/2 -  783.6   3/2   -7.1118            0.6686
     783.6   3/2 -   95.4   5/2    0.0000    0.00    0.0000    0.00    1.000    0.000    688.2  0.112E-06  0.133E-13
     783.6   3/2 -  175.4   5/2    0.0000    0.00    0.0000    0.00    1.000    0.000    608.2  0.271E-07  0.293E-24
     783.6   3/2 -  406.6   5/2    0.0000    0.00    0.0000    0.00    1.000    0.000    377.0  0.770E-06  0.659E-14


     783.6   3/2 -  340.9   7/2    0.0000    0.00    0.0000    0.00    1.000    0.000    442.7  0.959E-08  0.000E+00
     783.6   3/2 -  420.9   7/2    0.0000    0.00    0.0000    0.00    1.000    0.000    362.7  0.640E-09  0.000E+00
     783.6   3/2 -  652.1   7/2    0.0000    0.00    0.0000    0.00    1.000    0.000    131.5  0.295E-08  0.000E+00
      95.4   5/2 -    0.0   3/2    0.0000    0.00    0.0020    1.10    0.000    0.000     95.4  0.300E-11  0.302E-04
      95.4   5/2 -   95.4   5/2   13.0493            1.0433


     175.4   5/2 -    0.0   3/2   45.6000 6268.83    0.3652  203.97    0.727    1.631    175.4  0.923E-01  0.347E-01
     175.4   5/2 -   95.4   5/2    0.0000    0.00    0.0008    0.47    0.000    0.000     79.9  0.515E-13  0.758E-05
     175.4   5/2 -  175.4   5/2   -2.6118            2.0047
     406.6   5/2 -  274.1   1/2    0.0000    0.00    0.0000    0.00    1.000    0.000    132.5  0.426E-12  0.000E+00
     406.6   5/2 -    0.0   3/2    0.0000    0.00    0.0000    0.00    0.822    2.148    406.6  0.600E-10  0.130E-10


     406.6   5/2 -  321.5   3/2    0.0000    0.00    0.0000    0.00    0.023   -0.152     85.1  0.391E-14  0.168E-12
     406.6   5/2 -   95.4   5/2    0.0000    0.00    0.0000    0.00    0.998  -24.070    311.2  0.469E-08  0.809E-11
     406.6   5/2 -  175.4   5/2    0.0000    0.00    0.0000    0.00    0.014   -0.119    231.3  0.151E-12  0.108E-10
     406.6   5/2 -  406.6   5/2   12.8834            2.9993
     406.6   5/2 -  340.9   7/2    0.0000    0.00    0.0000    0.00    0.991  -10.425     65.7  0.253E-11  0.233E-13


     340.9   7/2 -    0.0   3/2    0.0000    0.00    0.0000    0.00    1.000    0.000    340.9  0.172E-08  0.000E+00
     340.9   7/2 -  321.5   3/2    0.0000    0.00    0.0000    0.00    1.000    0.000     19.4  0.302E-12  0.000E+00
     340.9   7/2 -   95.4   5/2   47.4279 6520.12    0.0004    0.24    1.000   68.354    245.5  0.516E+00  0.110E-03
     340.9   7/2 -  175.4   5/2    0.0000    0.00    0.0016    0.88    0.000   -0.001    165.6  0.698E-10  0.127E-03
     340.9   7/2 -  340.9   7/2    2.4359            1.4201


     420.9   7/2 -    0.0   3/2   19.0000 2612.02    0.0000    0.00    1.000    0.000    420.9  0.306E+01  0.000E+00
     420.9   7/2 -  321.5   3/2    0.0000    0.00    0.0000    0.00    1.000    0.000     99.4  0.983E-09  0.000E+00
     420.9   7/2 -   95.4   5/2    0.0000    0.00    0.0001    0.06    0.000   -0.004    325.4  0.865E-09  0.639E-04
     420.9   7/2 -  175.4   5/2   28.5000 3918.02    0.4891  273.17    0.709    1.560    245.5  0.310E+00  0.127E+00
     420.9   7/2 -  406.6   5/2    0.0000    0.00    0.0000    0.00    0.046   -0.220     14.2  0.198E-17  0.410E-16


     420.9   7/2 -  340.9   7/2    0.0000    0.00    0.0011    0.63    0.000   -0.000     79.9  0.732E-12  0.102E-04
     420.9   7/2 -  420.9   7/2   -7.3132            2.1679
     652.1   7/2 -    0.0   3/2    0.0000    0.00    0.0000    0.00    1.000    0.000    652.1  0.622E-09  0.000E+00
     652.1   7/2 -  321.5   3/2    0.0000    0.00    0.0000    0.00    1.000    0.000    330.6  0.155E-07  0.000E+00
     652.1   7/2 -   95.4   5/2    0.0000    0.00    0.0000    0.00    1.000 -132.818    556.7  0.830E-07  0.471E-11


     652.1   7/2 -  175.4   5/2    0.0000    0.00    0.0000    0.00    0.098   -0.329    476.8  0.191E-09  0.176E-08
     652.1   7/2 -  406.6   5/2   46.2294 6355.35    0.4096  228.74    0.825    2.172    245.5  0.503E+00  0.107E+00
     652.1   7/2 -  340.9   7/2    0.0000    0.00    0.0000    0.00    0.836   -2.254    311.2  0.118E-09  0.232E-10
     652.1   7/2 -  420.9   7/2    0.0000    0.00    0.0000    0.00    0.002    0.050    231.3  0.229E-11  0.923E-09
     652.1   7/2 -  652.1   7/2    2.4049            2.9415


     652.1   7/2 -  623.0   9/2    0.0000    0.00    0.0000    0.00    1.000    0.000     29.1  0.152E-15  0.214E-23
     623.0   9/2 -   95.4   5/2    0.0000    0.00    0.0000    0.00    1.000    0.000    527.6  0.140E-06  0.000E+00
     623.0   9/2 -  175.4   5/2    0.0000    0.00    0.0000    0.00    1.000    0.000    447.6  0.362E-17  0.000E+00
     623.0   9/2 -  406.6   5/2    0.0000    0.00    0.0000    0.00    1.000    0.000    216.4  0.568E-11  0.000E+00
     623.0   9/2 -  340.9   7/2    0.0000    0.00    0.0000    0.00    1.000    0.000    282.1  0.298E-08  0.166E-19


     623.0   9/2 -  420.9   7/2    0.0000    0.00    0.0000    0.00    0.275    0.616    202.1  0.444E-19  0.117E-18
     623.0   9/2 -  623.0   9/2   19.9014            5.3080
     656.6   9/2 -   95.4   5/2   13.2798 1825.64    0.0000    0.00    1.000    0.000    561.2  0.902E+01  0.000E+00
     656.6   9/2 -  175.4   5/2    0.0000    0.00    0.0000    0.00    1.000    0.000    481.2  0.212E-16  0.000E+00
     656.6   9/2 -  406.6   5/2    0.0000    0.00    0.0000    0.00    1.000    0.000    250.0  0.468E-09  0.000E+00


     656.6   9/2 -  340.9   7/2   40.2419 5532.23    0.0006    0.34    1.000   67.194    315.7  0.154E+01  0.341E-03
     656.6   9/2 -  420.9   7/2    0.0000    0.00    0.0014    0.77    0.000    0.000    235.7  0.388E-18  0.318E-03
     656.6   9/2 -  652.1   7/2    0.0000    0.00    0.0000    0.00    0.992   11.182      4.5  0.247E-17  0.197E-19
     656.6   9/2 -  623.0   9/2    0.0000    0.00    0.0000    0.00    1.000 -173.085     33.6  0.222E-13  0.741E-18
     656.6   9/2 -  656.6   9/2   -3.3216            1.8023


     736.5   9/2 -   95.4   5/2    0.0000    0.00    0.0000    0.00    1.000    0.000    641.1  0.257E-07  0.000E+00
     736.5   9/2 -  175.4   5/2   28.5000 3918.03    0.0000    0.00    1.000    0.000    561.2  0.193E+02  0.000E+00
     736.5   9/2 -  406.6   5/2    0.0000    0.00    0.0000    0.00    1.000    0.000    329.9  0.132E-10  0.000E+00
     736.5   9/2 -  340.9   7/2    0.0000    0.00    0.0002    0.11    0.000    0.004    395.6  0.356E-08  0.216E-03
     736.5   9/2 -  420.9   7/2   18.6545 2564.52    0.5478  305.95    0.702    1.534    315.7  0.713E+00  0.303E+00


     736.5   9/2 -  652.1   7/2    0.0000    0.00    0.0000    0.00    0.001    0.024     84.4  0.236E-13  0.419E-10
     736.5   9/2 -  623.0   9/2    0.0000    0.00    0.0000    0.00    0.156   -0.430    113.5  0.240E-20  0.130E-19
     736.5   9/2 -  656.6   9/2    0.0000    0.00    0.0013    0.70    0.000    0.000     79.9  0.170E-20  0.113E-04
     736.5   9/2 -  736.5   9/2   -9.9725            2.4141
    1008.8  11/2 -  340.9   7/2    0.0000    0.00    0.0000    0.00    1.000    0.000    667.9  0.323E-06  0.000E+00


    1008.8  11/2 -  420.9   7/2    0.0000    0.00    0.0000    0.00    1.000    0.000    587.9  0.267E-16  0.000E+00
    1008.8  11/2 -  652.1   7/2    0.0000    0.00    0.0000    0.00    1.000    0.000    356.7  0.489E-10  0.000E+00
    1008.8  11/2 -  623.0   9/2   41.6704 5728.61    0.6799  379.71    0.863    2.515    385.8  0.435E+01  0.687E+00
    1008.8  11/2 -  656.6   9/2    0.0000    0.00    0.0000    0.00    1.000    0.000    352.2  0.116E-07  0.429E-16
    1008.8  11/2 -  736.5   9/2    0.0000    0.00    0.0000    0.00    0.871    2.594    272.3  0.218E-18  0.324E-19


    1008.8  11/2 - 1008.8  11/2   10.0236            5.1536
    1042.4  11/2 -  340.9   7/2   22.5354 3098.04    0.0000    0.00    1.000    0.000    701.5  0.467E+02  0.000E+00
    1042.4  11/2 -  420.9   7/2    0.0000    0.00    0.0000    0.00    1.000    0.000    621.5  0.144E-15  0.000E+00
    1042.4  11/2 -  652.1   7/2    0.0000    0.00    0.0000    0.00    1.000    0.000    390.3  0.713E-08  0.000E+00
    1042.4  11/2 -  623.0   9/2    0.0000    0.00    0.0000    0.00    1.000    0.000    419.4  0.104E-08  0.112E-15


    1042.4  11/2 -  656.6   9/2   30.9554 4255.57    0.0007    0.40    1.000   66.623    385.8  0.323E+01  0.727E-03
    1042.4  11/2 -  736.5   9/2    0.0000    0.00    0.0013    0.70    0.000   -0.000    305.9  0.159E-17  0.632E-03
    1042.4  11/2 - 1008.8  11/2    0.0000    0.00    0.0000    0.00    1.000 -180.314     33.6  0.396E-13  0.122E-17
    1042.4  11/2 - 1042.4  11/2   -6.8258            2.1872
    1122.3  11/2 -  340.9   7/2    0.0000    0.00    0.0000    0.00    1.000    0.000    781.4  0.194E-06  0.000E+00


    1122.3  11/2 -  420.9   7/2   33.8545 4654.13    0.0000    0.00    1.000    0.000    701.5  0.701E+02  0.000E+00
    1122.3  11/2 -  652.1   7/2    0.0000    0.00    0.0000    0.00    1.000    0.000    470.2  0.214E-09  0.000E+00
    1122.3  11/2 -  623.0   9/2    0.0000    0.00    0.0000    0.00    0.881    2.718    499.3  0.279E-17  0.378E-18
    1122.3  11/2 -  656.6   9/2    0.0000    0.00    0.0003    0.15    0.000   -0.000    465.7  0.805E-17  0.478E-03
    1122.3  11/2 -  736.5   9/2   13.0210 1790.05    0.5810  324.49    0.698    1.521    385.8  0.136E+01  0.587E+00


    1122.3  11/2 - 1008.8  11/2    0.0000    0.00    0.0000    0.00    0.058   -0.249    113.5  0.470E-20  0.759E-19
    1122.3  11/2 - 1042.4  11/2    0.0000    0.00    0.0013    0.74    0.000   -0.000     79.9  0.335E-20  0.119E-04
    1122.3  11/2 - 1122.3  11/2  -11.6528            2.7049
    1464.8  13/2 -  623.0   9/2    7.2758 1000.24    0.0000    0.00    1.000    0.000    841.7  0.375E+02  0.000E+00
    1464.8  13/2 -  656.6   9/2    0.0000    0.00    0.0000    0.00    1.000    0.000    808.2  0.650E-06  0.000E+00


    1464.8  13/2 -  736.5   9/2    0.0000    0.00    0.0000    0.00    1.000    0.000    728.2  0.140E-15  0.000E+00
    1464.8  13/2 - 1008.8  11/2   47.1473 6481.54    1.0848  605.86    0.862    2.503    455.9  0.113E+02  0.181E+01
    1464.8  13/2 - 1042.4  11/2    0.0000    0.00    0.0000    0.00    1.000    0.000    422.4  0.305E-07  0.184E-15
    1464.8  13/2 - 1122.3  11/2    0.0000    0.00    0.0000    0.00    0.355    0.743    342.4  0.812E-18  0.147E-17
    1464.8  13/2 - 1464.8  13/2    3.6486            5.1447


    1498.3  13/2 -  623.0   9/2    0.0000    0.00    0.0000    0.00    1.000    0.000    875.3  0.292E-08  0.000E+00
    1498.3  13/2 -  656.6   9/2   28.6557 3939.43    0.0000    0.00    1.000    0.000    841.7  0.148E+03  0.000E+00
    1498.3  13/2 -  736.5   9/2    0.0000    0.00    0.0000    0.00    1.000    0.000    761.8  0.712E-15  0.000E+00
    1498.3  13/2 - 1008.8  11/2    0.0000    0.00    0.0000    0.00    1.000    0.000    489.5  0.513E-08  0.455E-15
    1498.3  13/2 - 1042.4  11/2   23.8798 3282.86    0.0008    0.44    1.000   66.308    455.9  0.574E+01  0.131E-02


    1498.3  13/2 - 1122.3  11/2    0.0000    0.00    0.0012    0.65    0.000    0.000    376.0  0.530E-17  0.110E-02
    1498.3  13/2 - 1464.8  13/2    0.0000    0.00    0.0000    0.00    1.000 -155.591     33.6  0.518E-13  0.214E-17
    1498.3  13/2 - 1498.3  13/2   -9.1345            2.5738
    1578.3  13/2 -  623.0   9/2    0.0000    0.00    0.0000    0.00    1.000    0.000    955.3  0.210E-15  0.000E+00
    1578.3  13/2 -  656.6   9/2    0.0000    0.00    0.0000    0.00    1.000    0.000    921.7  0.718E-15  0.000E+00


    1578.3  13/2 -  736.5   9/2   37.2028 5114.43    0.0000    0.00    1.000    0.000    841.7  0.192E+03  0.000E+00
    1578.3  13/2 - 1008.8  11/2    0.0000    0.00    0.0000    0.00    0.662    1.400    569.5  0.631E-17  0.322E-17
    1578.3  13/2 - 1042.4  11/2    0.0000    0.00    0.0003    0.18    0.000    0.000    535.9  0.191E-16  0.881E-03
    1578.3  13/2 - 1122.3  11/2    9.5664 1315.14    0.6020  336.21    0.696    1.513    455.9  0.230E+01  0.100E+01
    1578.3  13/2 - 1464.8  13/2    0.0000    0.00    0.0000    0.00    0.134   -0.394    113.5  0.863E-20  0.557E-19


    1578.3  13/2 - 1498.3  13/2    0.0000    0.00    0.0014    0.76    0.000    0.000     79.9  0.612E-20  0.123E-04
    1578.3  13/2 - 1578.3  13/2  -12.7980            3.0225

 TIME=  0.0 SEC
