 PARITY=+   EPS= 0.667   GAMMA= 30.0   EPS4=0.000   EPS6=0.000   LEVELS:  19  20  21  22  23
0   Z= 81   A=207   IQ=1   GSFAC= 0.75   GR=  0.39   MIN SPIN=  1/2   MAX SPIN= 13/2   KMAX= 13/2

 MICR QUADR MOMENTS:  Q0=2548.417  Q2=-438.161 FM**2


   B(E2) AND Q(E2) IN E2B2 AND EB,   B(M1) AND M(M1) INNM2 AND NM,   T(E2) AND T(M1) IN 1/PS

       E1     II      EF     IF     B(E2)             B(M1)              GD        D       EREL    T(E2)      T(M1)
                                             WU               MWU

      17.5   1/2 -   17.5   1/2    0.0000            0.4806
      17.5   1/2 -    0.0   3/2    4.9258  677.18    0.0238   13.30    0.042    0.209     17.5  0.983E-07  0.224E-05
      67.9   1/2 -   17.5   1/2    0.0000    0.00    0.0111    6.22    0.000    0.000     50.4  0.000E+00  0.251E-04
      67.9   1/2 -   67.9   1/2    0.0000           -0.2261
      67.9   1/2 -    0.0   3/2    0.3296   45.31    0.0186   10.37    0.054   -0.238     67.9  0.579E-05  0.102E-03


     960.1   1/2 -   17.5   1/2    0.0000    0.00    0.0000    0.00    0.000    0.000    942.7  0.000E+00  0.638E-14
     960.1   1/2 -   67.9   1/2    0.0000    0.00    0.0000    0.00    0.000    0.000    892.3  0.000E+00  0.509E-17
     960.1   1/2 -  960.1   1/2    0.0000           -0.0168
     960.1   1/2 -    0.0   3/2    0.0000    0.00    0.0000    0.00    1.000    0.000    960.1  0.694E-08  0.225E-14
     960.1   1/2 -  126.3   3/2    0.0000    0.00    0.0000    0.00    1.000  106.574    833.8  0.185E-08  0.163E-12


     960.1   1/2 -  199.2   3/2    0.0000    0.00    0.0000    0.00    1.000   74.676    760.9  0.111E-06  0.200E-10
     960.1   1/2 -  132.1   5/2    0.0000    0.00    0.0000    0.00    1.000    0.000    828.0  0.228E-07  0.000E+00
     960.1   1/2 -  328.7   5/2    0.0000    0.00    0.0000    0.00    1.000    0.000    631.4  0.767E-07  0.000E+00
     960.1   1/2 -  440.5   5/2    0.0000    0.00    0.0000    0.00    1.000    0.000    519.7  0.449E-09  0.000E+00
       0.0   3/2 -    0.0   3/2    5.1178           -0.0218


     126.3   3/2 -   17.5   1/2    9.7795 1344.43    0.1102   61.52    0.422    0.854    108.8  0.182E-02  0.250E-02
     126.3   3/2 -   67.9   1/2    1.0956  150.62    0.0150    8.37    0.147   -0.416     58.4  0.912E-05  0.527E-04
     126.3   3/2 -    0.0   3/2    0.4683   64.38    0.0209   11.66    0.199   -0.498    126.3  0.184E-03  0.741E-03
     126.3   3/2 -  126.3   3/2   -4.7755            0.9989
     126.3   3/2 -   47.6   7/2    0.0000    0.00    0.0000    0.00    1.000    0.000     78.7  0.293E-11  0.000E+00


     199.2   3/2 -   17.5   1/2    1.4008  192.57    0.0053    2.96    0.858    2.460    181.8  0.339E-02  0.560E-03
     199.2   3/2 -   67.9   1/2    9.8763 1357.73    0.4361  243.54    0.213   -0.521    131.4  0.471E-02  0.174E-01
     199.2   3/2 -    0.0   3/2    0.0309    4.25    0.0165    9.19    0.049   -0.227    199.2  0.118E-03  0.229E-02
     199.2   3/2 -  126.3   3/2    0.9748  134.01    0.0220   12.27    0.141    0.404     72.9  0.245E-04  0.150E-03
     199.2   3/2 -  199.2   3/2   -0.1658            1.3901


     199.2   3/2 -  132.1   5/2    0.1522   20.93    0.0041    2.26    0.105    0.342     67.1  0.253E-05  0.216E-04
     199.2   3/2 -   47.6   7/2    0.0000    0.00    0.0000    0.00    1.000    0.000    151.7  0.131E-11  0.000E+00
     132.1   5/2 -   17.5   1/2    4.9868  685.55    0.0000    0.00    1.000    0.000    114.6  0.120E-02  0.000E+00
     132.1   5/2 -   67.9   1/2    0.1635   22.47    0.0000    0.00    1.000    0.000     64.2  0.218E-05  0.000E+00
     132.1   5/2 -    0.0   3/2   14.2102 1953.55    0.0634   35.38    0.731   -1.647    132.1  0.698E-02  0.257E-02


     132.1   5/2 -  126.3   3/2    5.8446  803.49    0.0062    3.48    0.021    0.148      5.8  0.467E-09  0.214E-07
     132.1   5/2 -  132.1   5/2   -1.7756            0.7323
     132.1   5/2 -   47.6   7/2    0.0000    0.00    0.0000    0.00    1.000  159.554     84.5  0.148E-11  0.580E-16
     328.7   5/2 -   17.5   1/2    0.0039    0.54    0.0000    0.00    1.000    0.000    311.2  0.140E-03  0.000E+00
     328.7   5/2 -   67.9   1/2   12.1927 1676.19    0.0000    0.00    1.000    0.000    260.8  0.180E+00  0.000E+00


     328.7   5/2 -    0.0   3/2    0.4667   64.16    0.0000    0.03    0.999   26.703    328.7  0.218E-01  0.306E-04
     328.7   5/2 -  126.3   3/2    0.1247   17.14    0.0070    3.91    0.336   -0.711    202.4  0.516E-03  0.102E-02
     328.7   5/2 -  199.2   3/2    0.0002    0.03    0.0035    1.96    0.001    0.028    129.5  0.108E-06  0.134E-03
     328.7   5/2 -  132.1   5/2    0.0171    2.34    0.0060    3.36    0.071   -0.275    196.6  0.611E-04  0.805E-03
     328.7   5/2 -  328.7   5/2   -2.9220            0.2415


     328.7   5/2 -   47.6   7/2    0.0000    0.00    0.0000    0.00    0.999  -41.468    281.1  0.369E-10  0.214E-13
     440.5   5/2 -   17.5   1/2    8.1477 1120.10    0.0000    0.00    1.000    0.000    423.0  0.135E+01  0.000E+00
     440.5   5/2 -   67.9   1/2    0.3325   45.71    0.0000    0.00    1.000    0.000    372.6  0.291E-01  0.000E+00
     440.5   5/2 -    0.0   3/2    4.4212  607.80    0.0182   10.14    0.970   -5.723    440.5  0.894E+00  0.273E-01
     440.5   5/2 -  126.3   3/2    0.2987   41.06    0.0473   26.40    0.302    0.657    314.1  0.111E-01  0.258E-01


     440.5   5/2 -  199.2   3/2    0.0526    7.23    0.0329   18.39    0.061   -0.254    241.2  0.524E-03  0.813E-02
     440.5   5/2 -  132.1   5/2    0.3389   46.59    0.0137    7.67    0.619   -1.275    308.3  0.115E-01  0.708E-02
     440.5   5/2 -  328.7   5/2    0.0338    4.65    0.0005    0.29    0.360    0.749    111.8  0.720E-05  0.128E-04
     440.5   5/2 -  440.5   5/2   -5.0783            1.0191
     440.5   5/2 -   47.6   7/2    0.0000    0.00    0.0000    0.00    1.000  169.346    392.9  0.280E-09  0.978E-14


     440.5   5/2 -  346.2   7/2    9.5032 1306.45    0.0077    4.32    0.883    2.751     94.3  0.864E-03  0.114E-03
     440.5   5/2 -  365.2   9/2    0.0000    0.00    0.0000    0.00    1.000    0.000     75.2  0.107E-12  0.000E+00
      47.6   7/2 -    0.0   3/2    0.0000    0.00    0.0000    0.00    1.000    0.000     47.6  0.124E-13  0.000E+00
      47.6   7/2 -   47.6   7/2   -9.2673            3.4067
     346.2   7/2 -    0.0   3/2    9.7760 1343.94    0.0000    0.00    1.000    0.000    346.2  0.593E+00  0.000E+00


     346.2   7/2 -  126.3   3/2    4.2869  589.34    0.0000    0.00    1.000    0.000    219.9  0.269E-01  0.000E+00
     346.2   7/2 -  199.2   3/2    0.1174   16.15    0.0000    0.00    1.000    0.000    146.9  0.981E-04  0.000E+00
     346.2   7/2 -  132.1   5/2    2.8427  390.80    0.1361   75.99    0.399   -0.815    214.1  0.156E-01  0.235E-01
     346.2   7/2 -  328.7   5/2    0.0344    4.72    0.0387   21.62    0.000    0.014     17.5  0.684E-09  0.364E-05
     346.2   7/2 -   47.6   7/2    0.0000    0.00    0.0000    0.00    1.000 -836.092    298.6  0.394E-10  0.566E-16


     346.2   7/2 -  346.2   7/2   -1.7591            1.3504
     346.2   7/2 -  325.3  11/2    0.0000    0.00    0.0000    0.00    1.000    0.000     20.9  0.358E-20  0.000E+00
     512.6   7/2 -    0.0   3/2    0.5444   74.84    0.0000    0.00    1.000    0.000    512.6  0.235E+00  0.000E+00
     512.6   7/2 -  126.3   3/2    1.5702  215.87    0.0000    0.00    1.000    0.000    386.3  0.165E+00  0.000E+00
     512.6   7/2 -  199.2   3/2   12.0055 1650.45    0.0000    0.00    1.000    0.000    313.4  0.443E+00  0.000E+00


     512.6   7/2 -  132.1   5/2    0.1607   22.09    0.0003    0.17    0.982    7.300    380.5  0.156E-01  0.293E-03
     512.6   7/2 -  328.7   5/2    0.4106   56.45    0.4857  271.28    0.019   -0.141    183.9  0.105E-02  0.532E-01
     512.6   7/2 -  440.5   5/2    0.0710    9.76    0.0021    1.18    0.108    0.348     72.2  0.169E-05  0.140E-04
     512.6   7/2 -   47.6   7/2    0.0000    0.00    0.0000    0.00    1.000  993.425    465.0  0.395E-09  0.387E-15
     512.6   7/2 -  346.2   7/2    0.6841   94.05    0.1120   62.56    0.105   -0.342    166.4  0.107E-02  0.909E-02


     512.6   7/2 -  512.6   7/2   -2.1196            2.1005
     512.6   7/2 -  365.2   9/2    0.0000    0.00    0.0000    0.00    1.000  217.391    147.4  0.208E-11  0.441E-16
     512.6   7/2 -  497.4   9/2    1.9908  273.68    0.0123    6.89    0.025   -0.161     15.2  0.199E-07  0.767E-06
     512.6   7/2 -  325.3  11/2    0.0000    0.00    0.0000    0.00    1.000    0.000    187.3  0.737E-11  0.000E+00
     365.2   9/2 -  132.1   5/2    0.0000    0.00    0.0000    0.00    1.000    0.000    233.1  0.209E-09  0.000E+00


     365.2   9/2 -  328.7   5/2    0.0000    0.00    0.0000    0.00    1.000    0.000     36.5  0.524E-15  0.000E+00
     365.2   9/2 -   47.6   7/2    9.1797 1261.98    0.2810  156.92    0.696   -1.512    317.7  0.362E+00  0.159E+00
     365.2   9/2 -  346.2   7/2    0.0000    0.00    0.0000    0.00    0.995  -14.192     19.1  0.163E-15  0.807E-18
     365.2   9/2 -  365.2   9/2   -5.1797            3.4910
     365.2   9/2 -  325.3  11/2    0.8700  119.60    0.0840   46.90    0.011    0.107     39.9  0.108E-05  0.940E-04


     497.4   9/2 -  132.1   5/2   16.7227 2298.94    0.0000    0.00    1.000    0.000    365.3  0.133E+01  0.000E+00
     497.4   9/2 -  328.7   5/2    0.2887   39.69    0.0000    0.00    1.000    0.000    168.7  0.481E-03  0.000E+00
     497.4   9/2 -  440.5   5/2    0.5755   79.12    0.0000    0.00    1.000    0.000     56.9  0.420E-05  0.000E+00
     497.4   9/2 -   47.6   7/2    0.0000    0.00    0.0000    0.00    1.000   99.690    449.8  0.630E-09  0.634E-13
     497.4   9/2 -  346.2   7/2    2.1374  293.84    0.0750   41.90    0.311   -0.672    151.2  0.206E-02  0.457E-02


     497.4   9/2 -  365.2   9/2    0.0000    0.00    0.0000    0.00    0.998   22.530    132.1  0.847E-11  0.167E-13
     497.4   9/2 -  497.4   9/2   -3.1827            1.6080
     497.4   9/2 -  325.3  11/2    0.0000    0.00    0.0000    0.00    0.999  -41.005    172.1  0.169E-10  0.100E-13
     727.4   9/2 -  132.1   5/2    0.1635   22.48    0.0000    0.00    1.000    0.000    595.3  0.149E+00  0.000E+00
     727.4   9/2 -  328.7   5/2   17.9319 2465.18    0.0000    0.00    1.000    0.000    398.7  0.221E+01  0.000E+00


     727.4   9/2 -  440.5   5/2    0.0493    6.77    0.0000    0.00    1.000    0.000    287.0  0.117E-02  0.000E+00
     727.4   9/2 -   47.6   7/2    0.0000    0.00    0.0000    0.00    1.000  -54.809    679.9  0.158E-08  0.527E-12
     727.4   9/2 -  346.2   7/2    0.1438   19.77    0.0002    0.09    0.989    9.326    381.3  0.141E-01  0.163E-03
     727.4   9/2 -  512.6   7/2    0.0108    1.48    0.0044    2.44    0.073   -0.281    214.8  0.602E-04  0.764E-03
     727.4   9/2 -  365.2   9/2    0.0000    0.00    0.0000    0.00    0.998  -20.078    362.2  0.210E-09  0.520E-12


     727.4   9/2 -  497.4   9/2    0.0208    2.87    0.0008    0.43    0.497   -0.994    230.1  0.164E-03  0.166E-03
     727.4   9/2 -  727.4   9/2   -3.9207            0.8302
     727.4   9/2 -  325.3  11/2    0.0000    0.00    0.0000    0.00    1.000   45.057    402.1  0.203E-09  0.998E-13
     727.4   9/2 -  701.2  13/2    0.0000    0.00    0.0000    0.00    1.000    0.000     26.2  0.319E-15  0.000E+00
     325.3  11/2 -   47.6   7/2   15.6484 2151.25    0.0000    0.00    1.000    0.000    277.8  0.316E+00  0.000E+00


     325.3  11/2 -  325.3  11/2  -11.6141            4.2994
     772.4  11/2 -   47.6   7/2    0.2929   40.27    0.0000    0.00    1.000    0.000    724.8  0.715E+00  0.000E+00
     772.4  11/2 -  346.2   7/2    0.0000    0.00    0.0000    0.00    1.000    0.000    426.2  0.701E-09  0.000E+00
     772.4  11/2 -  512.6   7/2    0.0000    0.00    0.0000    0.00    1.000    0.000    259.8  0.136E-11  0.000E+00
     772.4  11/2 -  365.2   9/2   11.5484 1587.61    0.3156  176.29    0.808   -2.051    407.2  0.158E+01  0.375E+00


     772.4  11/2 -  497.4   9/2    0.0000    0.00    0.0000    0.00    1.000   67.679    275.0  0.222E-09  0.485E-13
     772.4  11/2 -  727.4   9/2    0.0000    0.00    0.0000    0.00    1.000  -56.738     45.0  0.453E-14  0.141E-17
     772.4  11/2 -  325.3  11/2    0.1407   19.35    0.0369   20.60    0.346   -0.727    447.1  0.307E-01  0.580E-01
     772.4  11/2 -  772.4  11/2   -3.2472            3.5916
     772.4  11/2 -  701.2  13/2    3.2769  450.49    0.1108   61.87    0.094    0.322     71.2  0.731E-04  0.703E-03


     793.8  11/2 -   47.6   7/2    0.0000    0.00    0.0000    0.00    1.000    0.000    746.3  0.125E-09  0.000E+00
     793.8  11/2 -  346.2   7/2   19.2510 2646.53    0.0000    0.00    1.000    0.000    447.7  0.422E+01  0.000E+00
     793.8  11/2 -  512.6   7/2    0.7686  105.66    0.0000    0.00    1.000    0.000    281.2  0.165E-01  0.000E+00
     793.8  11/2 -  365.2   9/2    0.0000    0.00    0.0000    0.00    1.000   86.422    428.6  0.296E-09  0.397E-13
     793.8  11/2 -  497.4   9/2    1.3925  191.43    0.1903  106.27    0.308   -0.668    296.5  0.389E-01  0.873E-01


     793.8  11/2 -  727.4   9/2    0.0457    6.28    0.0686   38.30    0.002    0.045     66.4  0.719E-06  0.353E-03
     793.8  11/2 -  325.3  11/2    0.0000    0.00    0.0000    0.00    0.999  -43.622    468.5  0.252E-09  0.132E-12
     793.8  11/2 -  772.4  11/2    0.0000    0.00    0.0000    0.00    0.956    4.648     21.4  0.490E-15  0.227E-16
     793.8  11/2 -  793.8  11/2   -3.8764            2.4245
     793.8  11/2 -  701.2  13/2    0.0000    0.00    0.0000    0.00    0.999  -33.017     92.6  0.250E-12  0.229E-15


     701.2  13/2 -  365.2   9/2   16.1132 2215.15    0.0000    0.00    1.000    0.000    336.0  0.842E+00  0.000E+00
     701.2  13/2 -  497.4   9/2    0.0000    0.00    0.0000    0.00    1.000    0.000    203.8  0.637E-10  0.000E+00
     701.2  13/2 -  325.3  11/2    5.4747  752.63    0.2491  139.15    0.683   -1.467    375.9  0.501E+00  0.233E+00
     701.2  13/2 -  701.2  13/2   -8.1524            4.3495
     999.1  13/2 -  365.2   9/2    0.0000    0.00    0.0000    0.00    1.000    0.000    633.9  0.616E-08  0.000E+00


     999.1  13/2 -  497.4   9/2   21.4147 2943.98    0.0000    0.00    1.000    0.000    501.8  0.831E+01  0.000E+00
     999.1  13/2 -  727.4   9/2    0.1739   23.91    0.0000    0.00    1.000    0.000    271.7  0.314E-02  0.000E+00
     999.1  13/2 -  325.3  11/2    0.0000    0.00    0.0000    0.00    1.000  240.110    673.8  0.214E-08  0.372E-13
     999.1  13/2 -  772.4  11/2    0.0000    0.00    0.0000    0.00    0.997   17.531    226.7  0.172E-10  0.559E-13
     999.1  13/2 -  793.8  11/2    0.8084  111.14    0.0682   38.09    0.257   -0.588    205.3  0.360E-02  0.104E-01


     999.1  13/2 -  701.2  13/2    0.0000    0.00    0.0000    0.00    1.000  238.881    297.9  0.373E-09  0.654E-14
     999.1  13/2 -  999.1  13/2   -4.3438            2.4331
    1269.6  13/2 -  365.2   9/2    0.0000    0.00    0.0000    0.00    1.000    0.000    904.3  0.606E-08  0.000E+00
    1269.6  13/2 -  497.4   9/2    0.1229   16.89    0.0000    0.00    1.000    0.000    772.2  0.412E+00  0.000E+00
    1269.6  13/2 -  727.4   9/2   21.9719 3020.57    0.0000    0.00    1.000    0.000    542.1  0.126E+02  0.000E+00


    1269.6  13/2 -  325.3  11/2    0.0000    0.00    0.0000    0.00    1.000  211.514    944.2  0.627E-08  0.140E-12
    1269.6  13/2 -  772.4  11/2    0.0000    0.00    0.0000    0.00    0.942   -4.022    497.1  0.293E-08  0.181E-09
    1269.6  13/2 -  793.8  11/2    0.0933   12.83    0.0000    0.00    1.000 -100.740    475.7  0.277E-01  0.273E-05
    1269.6  13/2 -  701.2  13/2    0.0000    0.00    0.0000    0.00    0.995   14.593    568.3  0.195E-08  0.918E-11
    1269.6  13/2 -  999.1  13/2    0.0063    0.87    0.0003    0.19    0.481    0.963    270.4  0.112E-03  0.121E-03


    1269.6  13/2 - 1269.6  13/2   -4.7017            1.5415

 TIME=  0.0 SEC
