 PARITY=+   EPS= 0.842   GAMMA= 34.0   EPS4=0.000   EPS6=0.000   LEVELS:  19  20  21  22  23
0   Z= 81   A=207   IQ=1   GSFAC= 0.75   GR=  0.39   MIN SPIN=  1/2   MAX SPIN= 13/2   KMAX= 13/2

 MICR QUADR MOMENTS:  Q0=3444.677  Q2=-564.344 FM**2


   B(E2) AND Q(E2) IN E2B2 AND EB,   B(M1) AND M(M1) INNM2 AND NM,   T(E2) AND T(M1) IN 1/PS

       E1     II      EF     IF     B(E2)             B(M1)              GD        D       EREL    T(E2)      T(M1)
                                             WU               MWU

     532.1   1/2 -  532.1   1/2    0.0000            0.1654
     655.3   1/2 -  532.1   1/2    0.0000    0.00    0.0215   12.00    0.000    0.000    123.2  0.000E+00  0.706E-03
     655.3   1/2 -  655.3   1/2    0.0000            1.8368
     655.3   1/2 -  642.3   3/2    0.0135    1.86    0.0012    0.66    0.001    0.037     13.0  0.606E-10  0.452E-07
    1525.0   1/2 -  532.1   1/2    0.0000    0.00    0.0000    0.00    0.000    0.000    992.9  0.000E+00  0.353E-20


    1525.0   1/2 -  655.3   1/2    0.0000    0.00    0.0000    0.00    0.000    0.000    869.7  0.000E+00  0.479E-21
    1525.0   1/2 - 1525.0   1/2    0.0000           -0.5031
    1525.0   1/2 -  642.3   3/2    0.0000    0.00    0.0000    0.00    1.000    0.000    882.7  0.471E-06  0.278E-12
    1525.0   1/2 -  691.1   3/2   18.8261 2588.11    0.3769  210.52    0.960   -4.907    833.9  0.926E+02  0.385E+01
    1525.0   1/2 -  725.6   3/2    0.0000    0.00    0.0000    0.00    0.975    6.284    799.4  0.108E-07  0.274E-09


    1525.0   1/2 -  758.9   5/2    0.0000    0.00    0.0000    0.00    1.000    0.000    766.1  0.272E-06  0.000E+00
    1525.0   1/2 -  858.8   5/2    0.0000    0.00    0.0000    0.00    1.000    0.000    666.2  0.756E-11  0.000E+00
    1525.0   1/2 -  869.9   5/2    7.5313 1035.36    0.0000    0.00    1.000    0.000    655.1  0.111E+02  0.000E+00
     642.3   3/2 -  532.1   1/2   18.9587 2606.34    0.0941   52.56    0.629    1.302    110.2  0.376E-02  0.222E-02
     642.3   3/2 -  642.3   3/2    0.9915            0.7543


     642.3   3/2 -  464.5   7/2    0.0000    0.00    0.0000    0.00    1.000    0.000    177.8  0.466E-11  0.000E+00
     691.1   3/2 -  532.1   1/2    0.0000    0.00    0.0000    0.00    0.931    3.678    159.0  0.973E-11  0.720E-12
     691.1   3/2 -  655.3   1/2    0.0000    0.00    0.0000    0.00    0.971   -5.806     35.8  0.998E-14  0.296E-15
     691.1   3/2 -  642.3   3/2    0.0000    0.00    0.0000    0.00    0.553   -1.113     48.8  0.526E-13  0.425E-13
     691.1   3/2 -  691.1   3/2   -4.9110            2.3332


     691.1   3/2 -  464.5   7/2   37.4423 5147.36    0.0000    0.00    1.000    0.000    226.6  0.273E+00  0.000E+00
     725.6   3/2 -  532.1   1/2    5.6609  778.23    0.1305   72.88    0.529    1.061    193.5  0.187E-01  0.166E-01
     725.6   3/2 -  655.3   1/2    0.4242   58.32    0.0064    3.56    0.186   -0.477     70.3  0.889E-05  0.390E-04
     725.6   3/2 -  642.3   3/2   24.0546 3306.90    0.1585   88.54    0.422   -0.854     83.3  0.118E-02  0.161E-02
     725.6   3/2 -  691.1   3/2    0.0000    0.00    0.0000    0.00    0.000   -0.015     34.5  0.220E-16  0.931E-13


     725.6   3/2 -  725.6   3/2   -1.0556            0.4226
     725.6   3/2 -  464.5   7/2    0.0000    0.00    0.0000    0.00    1.000    0.000    261.0  0.411E-10  0.000E+00
     758.9   5/2 -  532.1   1/2   16.2559 2234.76    0.0000    0.00    1.000    0.000    226.8  0.119E+00  0.000E+00
     758.9   5/2 -  655.3   1/2    0.0043    0.58    0.0000    0.00    1.000    0.000    103.7  0.621E-06  0.000E+00
     758.9   5/2 -  642.3   3/2    2.0831  286.38    0.0273   15.27    0.418   -0.848    116.6  0.549E-03  0.763E-03


     758.9   5/2 -  691.1   3/2    0.0000    0.00    0.0000    0.00    0.973   -6.012     67.8  0.212E-12  0.586E-14
     758.9   5/2 -  725.6   3/2   22.0439 3030.47    0.0013    0.74    0.928    3.589     33.4  0.111E-04  0.863E-06
     758.9   5/2 -  758.9   5/2   -2.0263            0.4547
     758.9   5/2 -  464.5   7/2    0.0000    0.00    0.0000    0.00    1.000   97.353    294.4  0.642E-10  0.678E-14
     858.8   5/2 -  532.1   1/2    0.2288   31.46    0.0000    0.00    1.000    0.000    326.7  0.104E-01  0.000E+00


     858.8   5/2 -  655.3   1/2   23.0563 3169.66    0.0000    0.00    1.000    0.000    203.5  0.983E-01  0.000E+00
     858.8   5/2 -  642.3   3/2    0.2565   35.27    0.0135    7.55    0.381   -0.785    216.5  0.149E-02  0.242E-02
     858.8   5/2 -  691.1   3/2    0.0000    0.00    0.0000    0.00    0.985   -8.039    167.7  0.522E-11  0.808E-13
     858.8   5/2 -  725.6   3/2    0.5886   80.92    0.0193   10.75    0.273    0.613    133.2  0.302E-03  0.802E-03
     858.8   5/2 -  758.9   5/2    0.0232    3.20    0.0153    8.55    0.010    0.102     99.9  0.282E-05  0.268E-03


     858.8   5/2 -  858.8   5/2   -7.2069            2.5497
     858.8   5/2 -  464.5   7/2    0.0000    0.00    0.0000    0.00    1.000   74.270    394.3  0.157E-09  0.284E-13
     858.8   5/2 -  769.8   9/2    0.0000    0.00    0.0000    0.00    1.000    0.000     89.0  0.350E-17  0.000E+00
     858.8   5/2 -  770.7   9/2    0.0000    0.00    0.0000    0.00    1.000    0.000     88.1  0.123E-12  0.000E+00
     869.9   5/2 -  532.1   1/2    0.0000    0.00    0.0000    0.00    1.000    0.000    337.8  0.466E-10  0.000E+00


     869.9   5/2 -  655.3   1/2    0.0000    0.00    0.0000    0.00    1.000    0.000    214.6  0.716E-11  0.000E+00
     869.9   5/2 -  642.3   3/2    0.0000    0.00    0.0000    0.00    0.988    9.174    227.6  0.119E-10  0.142E-12
     869.9   5/2 -  691.1   3/2   20.5574 2826.12    0.5842  326.26    0.438   -0.883    178.8  0.458E-01  0.588E-01
     869.9   5/2 -  725.6   3/2    0.0000    0.00    0.0000    0.00    0.105    0.342    144.3  0.273E-12  0.233E-11
     869.9   5/2 -  758.9   5/2    0.0000    0.00    0.0000    0.00    0.927   -3.556    110.9  0.519E-12  0.410E-13


     869.9   5/2 -  858.8   5/2    0.0000    0.00    0.0000    0.00    0.723    1.614     11.1  0.122E-16  0.467E-17
     869.9   5/2 -  869.9   5/2    0.3297            2.3937
     869.9   5/2 -  464.5   7/2   10.1942 1401.44    0.0146    8.18    0.988    8.903    405.3  0.136E+01  0.172E-01
     869.9   5/2 -  769.8   9/2    0.0000    0.00    0.0000    0.00    1.000    0.000    100.1  0.455E-09  0.000E+00
     869.9   5/2 -  770.7   9/2   28.2265 3880.42    0.0000    0.00    1.000    0.000     99.1  0.330E-02  0.000E+00


     464.5   7/2 -  464.5   7/2  -12.0258            3.6989
     981.5   7/2 -  642.3   3/2   25.2448 3470.51    0.0000    0.00    1.000    0.000    339.2  0.138E+01  0.000E+00
     981.5   7/2 -  691.1   3/2    0.0000    0.00    0.0000    0.00    1.000    0.000    290.4  0.452E-10  0.000E+00
     981.5   7/2 -  725.6   3/2    0.8290  113.97    0.0000    0.00    1.000    0.000    255.9  0.111E-01  0.000E+00
     981.5   7/2 -  758.9   5/2    0.0051    0.70    0.1960  109.47    0.001   -0.030    222.5  0.339E-04  0.380E-01


     981.5   7/2 -  858.8   5/2    0.4892   67.26    0.0011    0.61    0.824   -2.166    122.6  0.166E-03  0.353E-04
     981.5   7/2 -  869.9   5/2    0.0000    0.00    0.0000    0.00    0.999   29.895    111.6  0.501E-12  0.561E-15
     981.5   7/2 -  464.5   7/2    0.0000    0.00    0.0000    0.00    1.000  193.085    516.9  0.402E-09  0.108E-13
     981.5   7/2 -  981.5   7/2   -2.9455            1.9777
     981.5   7/2 -  769.8   9/2    0.0000    0.00    0.0000    0.00    0.997   19.160    211.6  0.105E-14  0.286E-17


     981.5   7/2 -  770.7   9/2    0.0000    0.00    0.0000    0.00    1.000  -75.871    210.7  0.108E-10  0.188E-14
     981.5   7/2 -  912.6  11/2    0.0000    0.00    0.0000    0.00    1.000    0.000     68.8  0.279E-13  0.000E+00
    1088.0   7/2 -  642.3   3/2    0.0386    5.31    0.0000    0.00    1.000    0.000    445.7  0.828E-02  0.000E+00
    1088.0   7/2 -  691.1   3/2    0.0000    0.00    0.0000    0.00    1.000    0.000    396.9  0.911E-10  0.000E+00
    1088.0   7/2 -  725.6   3/2    0.8370  115.06    0.0000    0.00    1.000    0.000    362.4  0.638E-01  0.000E+00


    1088.0   7/2 -  758.9   5/2    0.0322    4.43    0.0214   11.96    0.101    0.336    329.0  0.151E-02  0.134E-01
    1088.0   7/2 -  858.8   5/2    2.8920  397.57    0.0421   23.51    0.714   -1.581    229.2  0.223E-01  0.891E-02
    1088.0   7/2 -  869.9   5/2    0.0000    0.00    0.0000    0.00    0.984   -7.821    218.1  0.252E-10  0.411E-12
    1088.0   7/2 -  464.5   7/2    0.0000    0.00    0.0000    0.00    1.000  133.310    623.4  0.792E-09  0.446E-13
    1088.0   7/2 -  981.5   7/2    0.0344    4.72    0.0098    5.47    0.027   -0.166    106.5  0.575E-05  0.208E-03


    1088.0   7/2 - 1088.0   7/2   -4.9875            1.2291
    1088.0   7/2 -  769.8   9/2    0.0000    0.00    0.0000    0.00    0.975    6.264    318.2  0.128E-13  0.327E-15
    1088.0   7/2 -  770.7   9/2    0.0000    0.00    0.0000    0.00    0.999   32.758    317.2  0.865E-10  0.806E-13
    1088.0   7/2 -  912.6  11/2    0.0000    0.00    0.0000    0.00    1.000    0.000    175.4  0.109E-11  0.000E+00
     769.8   9/2 -  758.9   5/2    0.0000    0.00    0.0000    0.00    1.000    0.000     10.9  0.504E-22  0.000E+00


     769.8   9/2 -  464.5   7/2    0.0000    0.00    0.0000    0.00    0.728   -1.635    305.3  0.693E-07  0.259E-07
     769.8   9/2 -  769.8   9/2  -13.6384            6.8888
     769.8   9/2 -    0.0  13/2   36.0002 4949.11    0.0000    0.00    1.000    0.000    769.8  0.119E+03  0.000E+00
     770.7   9/2 -  758.9   5/2    0.0000    0.00    0.0000    0.00    1.000    0.000     11.8  0.105E-16  0.000E+00
     770.7   9/2 -  464.5   7/2   16.5380 2273.56    0.3921  218.99    0.733   -1.656    306.2  0.543E+00  0.198E+00


     770.7   9/2 -  769.8   9/2    0.0000    0.00    0.0000    0.00    0.000   -0.001      0.9  0.900E-20  0.560E-14
     770.7   9/2 -  770.7   9/2   -6.8222            3.6414
     770.7   9/2 -    0.0  13/2    0.0000    0.00    0.0000    0.00    1.000    0.000    770.7  0.162E-04  0.000E+00
    1145.6   9/2 -  758.9   5/2   32.0668 4408.36    0.0000    0.00    1.000    0.000    386.7  0.338E+01  0.000E+00
    1145.6   9/2 -  858.8   5/2    0.0013    0.18    0.0000    0.00    1.000    0.000    286.8  0.317E-04  0.000E+00


    1145.6   9/2 -  869.9   5/2    0.0000    0.00    0.0000    0.00    1.000    0.000    275.7  0.347E-10  0.000E+00
    1145.6   9/2 -  464.5   7/2    0.0000    0.00    0.0000    0.00    0.976    6.313    681.1  0.178E-09  0.447E-11
    1145.6   9/2 -  981.5   7/2    0.0016    0.22    0.0358   19.97    0.001   -0.029    164.2  0.228E-05  0.278E-02
    1145.6   9/2 - 1088.0   7/2    0.3092   42.51    0.0069    3.87    0.093    0.321     57.6  0.240E-05  0.233E-04
    1145.6   9/2 -  769.8   9/2    0.0000    0.00    0.0000    0.00    0.284   -0.629    375.8  0.107E-13  0.271E-13


    1145.6   9/2 -  770.7   9/2    0.0000    0.00    0.0000    0.00    0.975    6.282    374.9  0.137E-09  0.347E-11
    1145.6   9/2 - 1145.6   9/2   -3.9696            1.1637
    1145.6   9/2 -  912.6  11/2    0.0000    0.00    0.0000    0.00    0.992  -11.344    233.0  0.813E-11  0.632E-13
    1145.6   9/2 -    0.0  13/2    0.0000    0.00    0.0000    0.00    1.000    0.000   1145.6  0.880E-11  0.000E+00
     912.6  11/2 -  464.5   7/2   27.0535 3719.17    0.0000    0.00    1.000    0.000    448.1  0.596E+01  0.000E+00


     912.6  11/2 -  769.8   9/2    0.0000    0.00    0.0000    0.00    0.007    0.085    142.8  0.855E-11  0.118E-08
     912.6  11/2 -  770.7   9/2    0.0997   13.71    0.1740   97.19    0.008    0.089    141.9  0.700E-04  0.875E-02
     912.6  11/2 -  912.6  11/2  -14.3650            4.4164
     912.6  11/2 -    0.0  13/2    0.0000    0.00    0.0000    0.00    0.999  -26.539    912.6  0.526E-09  0.746E-12
    1172.0  11/2 -  464.5   7/2    0.0000    0.00    0.0000    0.00    1.000    0.000    707.5  0.102E-08  0.000E+00


    1172.0  11/2 -  981.5   7/2    0.0000    0.00    0.0000    0.00    1.000    0.000    190.6  0.673E-16  0.000E+00
    1172.0  11/2 - 1088.0   7/2    0.0000    0.00    0.0000    0.00    1.000    0.000     84.1  0.101E-17  0.000E+00
    1172.0  11/2 -  769.8   9/2   17.2740 2374.74    1.4306  798.97    0.575   -1.164    402.2  0.222E+01  0.164E+01
    1172.0  11/2 -  770.7   9/2    0.0000    0.00    0.0000    0.00    0.589   -1.196    401.3  0.317E-06  0.222E-06
    1172.0  11/2 - 1145.6   9/2    0.0000    0.00    0.0000    0.00    0.004    0.063     26.4  0.141E-19  0.351E-17


    1172.0  11/2 -  912.6  11/2    0.0000    0.00    0.0000    0.00    0.824   -2.166    259.4  0.110E-10  0.234E-11
    1172.0  11/2 - 1172.0  11/2   -7.7787            6.4745
    1172.0  11/2 -    0.0  13/2    6.0921  837.51    0.0300   16.76    0.995   13.902   1172.0  0.164E+03  0.851E+00
    1213.5  11/2 -  464.5   7/2    0.1309   18.00    0.0000    0.00    1.000    0.000    748.9  0.376E+00  0.000E+00
    1213.5  11/2 -  981.5   7/2    0.0000    0.00    0.0000    0.00    1.000    0.000    232.0  0.139E-10  0.000E+00


    1213.5  11/2 - 1088.0   7/2    0.0000    0.00    0.0000    0.00    1.000    0.000    125.5  0.301E-12  0.000E+00
    1213.5  11/2 -  769.8   9/2    0.0000    0.00    0.0000    0.00    0.871   -2.604    443.6  0.625E-06  0.921E-07
    1213.5  11/2 -  770.7   9/2   21.5951 2968.77    0.4123  230.25    0.877   -2.668    442.7  0.448E+01  0.630E+00
    1213.5  11/2 - 1145.6   9/2    0.0000    0.00    0.0000    0.00    0.794   -1.961     67.8  0.270E-13  0.703E-14
    1213.5  11/2 -  912.6  11/2    1.7861  245.54    0.0672   37.55    0.625   -1.291    300.8  0.537E-01  0.322E-01


    1213.5  11/2 - 1172.0  11/2    0.0000    0.00    0.0000    0.00    0.004   -0.064     41.4  0.904E-15  0.218E-12
    1213.5  11/2 - 1213.5  11/2   -4.4959            3.9067
    1213.5  11/2 -    0.0  13/2    0.0000    0.00    0.0000    0.00    0.156    0.429   1213.5  0.212E-10  0.115E-09
       0.0  13/2 -    0.0  13/2  -16.3192            7.9640
    1248.5  13/2 -  769.8   9/2    0.0000    0.00    0.0000    0.00    1.000    0.000    478.7  0.113E-05  0.000E+00


    1248.5  13/2 -  770.7   9/2   28.2186 3879.33    0.0000    0.00    1.000    0.000    477.8  0.857E+01  0.000E+00
    1248.5  13/2 - 1145.6   9/2    0.0000    0.00    0.0000    0.00    1.000    0.000    102.9  0.198E-12  0.000E+00
    1248.5  13/2 -  912.6  11/2    7.7507 1065.52    0.4221  235.73    0.590   -1.198    335.9  0.404E+00  0.282E+00
    1248.5  13/2 - 1172.0  11/2    0.0000    0.00    0.0000    0.00    0.600    1.225     76.5  0.402E-13  0.268E-13
    1248.5  13/2 - 1213.5  11/2    3.3622  462.22    0.0990   55.28    0.028    0.170     35.1  0.218E-05  0.752E-04


    1248.5  13/2 -    0.0  13/2    0.0000    0.00    0.0000    0.00    0.955    4.602   1248.5  0.180E-09  0.848E-11
    1248.5  13/2 - 1248.5  13/2  -10.3691            4.3639
    1651.7  13/2 -  769.8   9/2    2.2094  303.74    0.0000    0.00    1.000    0.000    881.8  0.144E+02  0.000E+00
    1651.7  13/2 -  770.7   9/2    0.0000    0.00    0.0000    0.00    1.000    0.000    880.9  0.181E-05  0.000E+00
    1651.7  13/2 - 1145.6   9/2    0.0000    0.00    0.0000    0.00    1.000    0.000    506.0  0.517E-09  0.000E+00


    1651.7  13/2 -  912.6  11/2    0.0000    0.00    0.0000    0.00    0.997  -19.367    739.0  0.973E-09  0.259E-11
    1651.7  13/2 - 1172.0  11/2   20.9839 2884.74    2.2628 1263.78    0.597   -1.216    479.6  0.650E+01  0.439E+01
    1651.7  13/2 - 1213.5  11/2    0.0000    0.00    0.0000    0.00    0.055    0.240    438.2  0.146E-10  0.253E-09
    1651.7  13/2 -    0.0  13/2    0.5887   80.93    0.0088    4.93    0.992   11.235   1651.7  0.883E+02  0.699E+00
    1651.7  13/2 - 1248.5  13/2    0.0000    0.00    0.0000    0.00    0.381   -0.785    403.1  0.436E-12  0.707E-12


    1651.7  13/2 - 1651.7  13/2   -3.9271            6.2804

 TIME=  0.0 SEC
