 PARITY=+   EPS= 0.447   GAMMA= 35.0   EPS4=0.000   EPS6=0.000   LEVELS:  18  19  20  21  22  23  24
0   Z= 81   A=207   IQ=1   GSFAC= 0.75   GR=  0.39   MIN SPIN=  1/2   MAX SPIN= 13/2   KMAX= 13/2

 MICR QUADR MOMENTS:  Q0=1330.630  Q2=-428.174 FM**2


   B(E2) AND Q(E2) IN E2B2 AND EB,   B(M1) AND M(M1) INNM2 AND NM,   T(E2) AND T(M1) IN 1/PS

       E1     II      EF     IF     B(E2)             B(M1)              GD        D       EREL    T(E2)      T(M1)
                                             WU               MWU

       0.0   1/2 -    0.0   1/2    0.0000            1.1518
      71.0   1/2 -    0.0   1/2    0.0000    0.00    0.0116    6.51    0.000    0.000     71.0  0.000E+00  0.734E-04
      71.0   1/2 -   71.0   1/2    0.0000           -0.2963
      71.0   1/2 -   13.8   3/2    5.0150  689.43    0.5034  281.18    0.022   -0.150     57.2  0.374E-04  0.166E-02
    1336.2   1/2 -    0.0   1/2    0.0000    0.00    0.4865  271.74    0.000    0.000   1336.2  0.000E+00  0.204E+02


    1336.2   1/2 -   71.0   1/2    0.0000    0.00    0.0029    1.61    0.000    0.000   1265.2  0.000E+00  0.103E+00
    1336.2   1/2 - 1336.2   1/2    0.0000            0.6014
    1336.2   1/2 -   13.8   3/2    0.0000    0.00    0.0022    1.21    0.000    0.005   1322.4  0.241E-05  0.880E-01
    1336.2   1/2 -   81.7   3/2    0.0000    0.00    0.0333   18.59    0.000   -0.002   1254.6  0.266E-05  0.116E+01
    1336.2   1/2 -  223.5   3/2    0.0000    0.00    0.0025    1.42    0.000    0.008   1112.8  0.431E-05  0.618E-01


    1336.2   1/2 -  195.1   5/2    0.0000    0.00    0.0000    0.00    1.000    0.000   1141.1  0.497E-08  0.000E+00
    1336.2   1/2 -  275.4   5/2    0.0000    0.00    0.0000    0.00    1.000    0.000   1060.9  0.177E-05  0.000E+00
    1336.2   1/2 -  366.9   5/2    0.0000    0.00    0.0000    0.00    1.000    0.000    969.3  0.235E-05  0.000E+00
      13.8   3/2 -    0.0   1/2    0.0000    0.00    0.0021    1.20    0.000    0.000     13.8  0.126E-14  0.100E-06
      13.8   3/2 -   13.8   3/2   -2.8935            1.0437


      81.7   3/2 -    0.0   1/2    3.2668  449.10    0.0079    4.39    0.658    1.387     81.7  0.145E-03  0.753E-04
      81.7   3/2 -   71.0   1/2    0.0000    0.00    0.0009    0.52    0.000   -0.000     10.7  0.318E-16  0.197E-07
      81.7   3/2 -   13.8   3/2    0.0000    0.00    0.0026    1.44    0.000   -0.001     67.8  0.507E-11  0.141E-04
      81.7   3/2 -   81.7   3/2    1.9193           -0.0144
     223.5   3/2 -    0.0   1/2    0.0000    0.00    0.0002    0.12    0.000   -0.004    223.5  0.694E-09  0.439E-04


     223.5   3/2 -   71.0   1/2    1.7336  238.33    0.3776  210.87    0.069    0.272    152.4  0.174E-02  0.235E-01
     223.5   3/2 -   13.8   3/2    0.0770   10.59    0.4930  275.37    0.005    0.069    209.6  0.380E-03  0.799E-01
     223.5   3/2 -   81.7   3/2    0.0000    0.00    0.0003    0.17    0.000   -0.001    141.8  0.119E-10  0.152E-04
     223.5   3/2 -  223.5   3/2    2.8935            0.7206
     223.5   3/2 -  195.1   5/2    4.6271  636.11    0.4713  263.20    0.005    0.074     28.4  0.104E-05  0.189E-03


     223.5   3/2 -  209.9   7/2    0.0000    0.00    0.0000    0.00    1.000    0.000     13.5  0.476E-17  0.000E+00
     195.1   5/2 -    0.0   1/2    0.0000    0.00    0.0000    0.00    1.000    0.000    195.1  0.822E-10  0.000E+00
     195.1   5/2 -   71.0   1/2    1.1247  154.62    0.0000    0.00    1.000    0.000    124.1  0.404E-03  0.000E+00
     195.1   5/2 -   13.8   3/2    3.5977  494.59    0.3766  210.34    0.179   -0.466    181.3  0.859E-02  0.395E-01
     195.1   5/2 -   81.7   3/2    0.0000    0.00    0.0000    0.00    0.001   -0.038    113.4  0.338E-10  0.237E-07


     195.1   5/2 -  195.1   5/2   -0.3387            2.2264
     275.4   5/2 -    0.0   1/2    3.5409  486.78    0.0000    0.00    1.000    0.000    275.4  0.684E-01  0.000E+00
     275.4   5/2 -   71.0   1/2    0.0000    0.00    0.0000    0.00    1.000    0.000    204.3  0.793E-11  0.000E+00
     275.4   5/2 -   13.8   3/2    0.0000    0.00    0.0007    0.41    0.000   -0.001    261.5  0.381E-09  0.232E-03
     275.4   5/2 -   81.7   3/2    0.7563  103.97    0.3687  205.95    0.051   -0.231    193.7  0.252E-02  0.472E-01


     275.4   5/2 -  223.5   3/2    0.0000    0.00    0.0041    2.27    0.000    0.000     51.9  0.428E-14  0.100E-04
     275.4   5/2 -  195.1   5/2    0.0000    0.00    0.0023    1.31    0.000    0.001     80.3  0.153E-10  0.213E-04
     275.4   5/2 -  275.4   5/2    1.0126            1.6557
     275.4   5/2 -  209.9   7/2    0.0000    0.00    0.0000    0.00    1.000    0.000     65.4  0.105E-13  0.520E-25
     366.9   5/2 -    0.0   1/2    0.0000    0.00    0.0000    0.00    1.000    0.000    366.9  0.408E-08  0.000E+00


     366.9   5/2 -   71.0   1/2    2.1928  301.45    0.0000    0.00    1.000    0.000    295.9  0.607E-01  0.000E+00
     366.9   5/2 -   13.8   3/2    0.0416    5.71    0.0207   11.57    0.148    0.416    353.0  0.278E-02  0.160E-01
     366.9   5/2 -   81.7   3/2    0.0000    0.00    0.0084    4.68    0.000   -0.001    285.2  0.239E-08  0.342E-02
     366.9   5/2 -  223.5   3/2    0.1351   18.57    0.0543   30.32    0.034    0.188    143.4  0.100E-03  0.282E-02
     366.9   5/2 -  195.1   5/2    0.3412   46.91    0.1024   57.19    0.064   -0.261    171.8  0.623E-03  0.914E-02


     366.9   5/2 -  275.4   5/2    0.0000    0.00    0.0038    2.15    0.000    0.000     91.5  0.555E-11  0.519E-04
     366.9   5/2 -  366.9   5/2    4.2403            0.2389
     366.9   5/2 -  209.9   7/2    0.0000    0.00    0.0000    0.00    1.000    0.000    157.0  0.509E-12  0.334E-24
     366.9   5/2 -  354.8   7/2    3.6034  495.38    0.0974   54.41    0.004   -0.061     12.1  0.115E-07  0.305E-05
     209.9   7/2 -   13.8   3/2    0.0000    0.00    0.0000    0.00    1.000    0.000    196.1  0.278E-10  0.000E+00


     209.9   7/2 -   81.7   3/2    0.0000    0.00    0.0000    0.00    1.000    0.000    128.3  0.374E-13  0.000E+00
     209.9   7/2 -  195.1   5/2    0.0000    0.00    0.0000    0.00    1.000    0.000     14.8  0.392E-16  0.157E-28
     209.9   7/2 -  209.9   7/2   -5.6926            4.1107
     209.9   7/2 -  115.8  11/2    4.3322  595.57    0.0000    0.00    1.000    0.000     94.1  0.391E-03  0.000E+00
     354.8   7/2 -   13.8   3/2    3.3153  455.77    0.0000    0.00    1.000    0.000    340.9  0.186E+00  0.000E+00


     354.8   7/2 -   81.7   3/2    0.0000    0.00    0.0000    0.00    1.000    0.000    273.1  0.141E-09  0.000E+00
     354.8   7/2 -  223.5   3/2    0.9993  137.38    0.0000    0.00    1.000    0.000    131.3  0.476E-03  0.000E+00
     354.8   7/2 -  195.1   5/2    1.4202  195.24    0.0301   16.83    0.454   -0.913    159.7  0.180E-02  0.216E-02
     354.8   7/2 -  275.4   5/2    0.0000    0.00    0.0036    2.02    0.000    0.000     79.4  0.425E-11  0.318E-04
     354.8   7/2 -  209.9   7/2    0.0000    0.00    0.0000    0.00    1.000    0.000    144.8  0.201E-11  0.280E-24


     354.8   7/2 -  354.8   7/2   -0.1065            0.7602
     354.8   7/2 -  115.8  11/2    0.0000    0.00    0.0000    0.00    1.000    0.000    239.0  0.101E-10  0.000E+00
     420.9   7/2 -   13.8   3/2    0.0000    0.00    0.0000    0.00    1.000    0.000    407.1  0.158E-09  0.000E+00
     420.9   7/2 -   81.7   3/2    4.8069  660.83    0.0000    0.00    1.000    0.000    339.2  0.263E+00  0.000E+00
     420.9   7/2 -  223.5   3/2    0.0000    0.00    0.0000    0.00    1.000    0.000    197.4  0.205E-11  0.000E+00


     420.9   7/2 -  195.1   5/2    0.0000    0.00    0.0013    0.73    0.000   -0.001    225.8  0.255E-09  0.265E-03
     420.9   7/2 -  275.4   5/2    0.0680    9.34    0.0282   15.74    0.034    0.188    145.5  0.541E-04  0.153E-02
     420.9   7/2 -  366.9   5/2    0.0000    0.00    0.0009    0.48    0.000    0.000     54.0  0.589E-14  0.239E-05
     420.9   7/2 -  209.9   7/2    0.0000    0.00    0.0000    0.00    1.000    0.000    211.0  0.148E-11  0.378E-23
     420.9   7/2 -  354.8   7/2    0.0000    0.00    0.0058    3.24    0.000   -0.001     66.1  0.779E-11  0.296E-04


     420.9   7/2 -  420.9   7/2    0.5768            0.7835
     420.9   7/2 -  115.8  11/2    0.0000    0.00    0.0000    0.00    1.000    0.000    305.1  0.168E-11  0.000E+00
     530.3   9/2 -  195.1   5/2    0.0000    0.00    0.0000    0.00    1.000    0.000    335.2  0.296E-09  0.000E+00
     530.3   9/2 -  275.4   5/2    0.0000    0.00    0.0000    0.00    1.000    0.000    254.9  0.815E-11  0.000E+00
     530.3   9/2 -  366.9   5/2    0.0000    0.00    0.0000    0.00    1.000    0.000    163.4  0.585E-12  0.000E+00


     530.3   9/2 -  209.9   7/2    4.5506  625.59    0.5286  295.20    0.380   -0.783    320.3  0.187E+00  0.306E+00
     530.3   9/2 -  354.8   7/2    0.0000    0.00    0.0000    0.00    1.000    0.000    175.5  0.619E-11  0.135E-23
     530.3   9/2 -  420.9   7/2    0.0000    0.00    0.0000    0.00    1.000    0.000    109.4  0.133E-12  0.264E-22
     530.3   9/2 -  530.3   9/2   -2.5916            3.9916
     530.3   9/2 -  115.8  11/2    0.4041   55.55    0.0283   15.82    0.629    1.303    414.5  0.603E-01  0.355E-01


     626.4   9/2 -  195.1   5/2    4.9209  676.50    0.0000    0.00    1.000    0.000    431.3  0.896E+00  0.000E+00
     626.4   9/2 -  275.4   5/2    0.0000    0.00    0.0000    0.00    1.000    0.000    351.0  0.493E-09  0.000E+00
     626.4   9/2 -  366.9   5/2    0.9036  124.22    0.0000    0.00    1.000    0.000    259.5  0.130E-01  0.000E+00
     626.4   9/2 -  209.9   7/2    0.0000    0.00    0.0000    0.00    1.000    0.000    416.4  0.162E-09  0.594E-23
     626.4   9/2 -  354.8   7/2    0.5002   68.76    0.7256  405.26    0.034   -0.188    271.6  0.902E-02  0.256E+00


     626.4   9/2 -  420.9   7/2    0.0000    0.00    0.0016    0.91    0.000    0.001    205.5  0.299E-09  0.249E-03
     626.4   9/2 -  530.3   9/2    0.0000    0.00    0.0000    0.00    1.000    0.000     96.1  0.308E-12  0.582E-24
     626.4   9/2 -  626.4   9/2   -0.3555            3.1352
     626.4   9/2 -  115.8  11/2    0.0000    0.00    0.0000    0.00    1.000    0.000    510.6  0.268E-09  0.137E-24
     626.4   9/2 -  543.0  13/2    0.0000    0.00    0.0000    0.00    1.000    0.000     83.4  0.113E-12  0.000E+00


     704.2   9/2 -  195.1   5/2    0.0000    0.00    0.0000    0.00    1.000    0.000    509.1  0.655E-09  0.000E+00
     704.2   9/2 -  275.4   5/2    5.9715  820.93    0.0000    0.00    1.000    0.000    428.9  0.106E+01  0.000E+00
     704.2   9/2 -  366.9   5/2    0.0000    0.00    0.0000    0.00    1.000    0.000    337.3  0.257E-11  0.000E+00
     704.2   9/2 -  209.9   7/2    0.0000    0.00    0.0000    0.00    1.000    0.000    494.3  0.549E-10  0.111E-20
     704.2   9/2 -  354.8   7/2    0.0000    0.00    0.0027    1.52    0.000   -0.001    349.5  0.881E-09  0.205E-02


     704.2   9/2 -  420.9   7/2    0.0867   11.92    0.4605  257.21    0.010   -0.102    283.3  0.193E-02  0.184E+00
     704.2   9/2 -  530.3   9/2    0.0000    0.00    0.0000    0.00    1.000    0.000    174.0  0.176E-11  0.153E-21
     704.2   9/2 -  626.4   9/2    0.0000    0.00    0.0047    2.61    0.000    0.001     77.9  0.234E-10  0.388E-04
     704.2   9/2 -  704.2   9/2    0.0720            2.3514
     704.2   9/2 -  115.8  11/2    0.0000    0.00    0.0000    0.00    1.000    0.000    588.4  0.974E-10  0.161E-22


     704.2   9/2 -  543.0  13/2    0.0000    0.00    0.0000    0.00    1.000    0.000    161.2  0.420E-12  0.000E+00
     115.8  11/2 -  115.8  11/2   -7.3789            5.1080
     841.6  11/2 -  209.9   7/2    0.0000    0.00    0.0000    0.00    1.000    0.000    631.6  0.474E-09  0.000E+00
     841.6  11/2 -  354.8   7/2    6.2986  865.90    0.0000    0.00    1.000    0.000    486.8  0.210E+01  0.000E+00
     841.6  11/2 -  420.9   7/2    0.0000    0.00    0.0000    0.00    1.000    0.000    420.7  0.963E-09  0.000E+00


     841.6  11/2 -  530.3   9/2    0.0000    0.00    0.0000    0.00    1.000    0.000    311.3  0.589E-10  0.128E-23
     841.6  11/2 -  626.4   9/2    0.2102   28.89    0.0139    7.78    0.326   -0.696    215.2  0.118E-02  0.244E-02
     841.6  11/2 -  704.2   9/2    0.0000    0.00    0.0040    2.23    0.000    0.000    137.3  0.389E-10  0.182E-03
     841.6  11/2 -  115.8  11/2    0.0000    0.00    0.0000    0.00    1.000    0.000    725.8  0.102E-08  0.439E-24
     841.6  11/2 -  841.6  11/2   -0.3325            1.2772


     841.6  11/2 -  543.0  13/2    0.0000    0.00    0.0000    0.00    1.000    0.000    298.6  0.345E-10  0.210E-23
     899.7  11/2 -  209.9   7/2    0.0000    0.00    0.0000    0.00    1.000    0.000    689.7  0.537E-10  0.000E+00
     899.7  11/2 -  354.8   7/2    0.0000    0.00    0.0000    0.00    1.000    0.000    544.9  0.173E-08  0.000E+00
     899.7  11/2 -  420.9   7/2    6.7010  921.22    0.0000    0.00    1.000    0.000    478.8  0.206E+01  0.000E+00
     899.7  11/2 -  530.3   9/2    0.0000    0.00    0.0000    0.00    1.000    0.000    369.4  0.225E-10  0.610E-20


     899.7  11/2 -  626.4   9/2    0.0000    0.00    0.0024    1.32    0.000   -0.001    273.3  0.355E-09  0.848E-03
     899.7  11/2 -  704.2   9/2    0.0020    0.28    0.0372   20.79    0.001    0.038    195.4  0.700E-05  0.489E-02
     899.7  11/2 -  115.8  11/2    0.0000    0.00    0.0000    0.00    1.000    0.000    783.9  0.191E-09  0.505E-22
     899.7  11/2 -  841.6  11/2    0.0000    0.00    0.0067    3.74    0.000   -0.000     58.1  0.572E-11  0.231E-04
     899.7  11/2 -  899.7  11/2   -0.1331            1.5631


     899.7  11/2 -  543.0  13/2    0.0000    0.00    0.0000    0.00    1.000    0.000    356.7  0.171E-10  0.114E-20
     543.0  13/2 -  530.3   9/2    2.9551  406.25    0.0000    0.00    1.000    0.000     12.7  0.121E-07  0.000E+00
     543.0  13/2 -  115.8  11/2    3.4772  478.03    0.4068  227.19    0.520   -1.040    427.2  0.604E+00  0.558E+00
     543.0  13/2 -  543.0  13/2   -4.7162            5.0439
    1193.5  13/2 -  530.3   9/2    0.0000    0.00    0.0000    0.00    1.000    0.000    663.2  0.170E-08  0.000E+00


    1193.5  13/2 -  626.4   9/2    7.0785  973.11    0.0000    0.00    1.000    0.000    567.1  0.507E+01  0.000E+00
    1193.5  13/2 -  704.2   9/2    0.0000    0.00    0.0000    0.00    1.000    0.000    489.2  0.253E-08  0.000E+00
    1193.5  13/2 -  115.8  11/2    0.0000    0.00    0.0000    0.00    1.000    0.000   1077.7  0.326E-08  0.109E-21
    1193.5  13/2 -  841.6  11/2    0.2087   28.69    0.8155  455.49    0.021   -0.148    351.9  0.137E-01  0.625E+00
    1193.5  13/2 -  899.7  11/2    0.0000    0.00    0.0026    1.47    0.000    0.001    293.8  0.101E-08  0.118E-02


    1193.5  13/2 -  543.0  13/2    0.0000    0.00    0.0000    0.00    1.000    0.000    650.5  0.146E-08  0.280E-22
    1193.5  13/2 - 1193.5  13/2   -0.5581            3.9203
    1278.7  13/2 -  530.3   9/2    0.0000    0.00    0.0000    0.00    1.000    0.000    748.4  0.440E-09  0.000E+00
    1278.7  13/2 -  626.4   9/2    0.0000    0.00    0.0000    0.00    1.000    0.000    652.3  0.592E-08  0.000E+00
    1278.7  13/2 -  704.2   9/2    7.3299 1007.67    0.0000    0.00    1.000    0.000    574.5  0.559E+01  0.000E+00


    1278.7  13/2 -  115.8  11/2    0.0000    0.00    0.0000    0.00    1.000    0.000   1162.9  0.750E-09  0.317E-18
    1278.7  13/2 -  841.6  11/2    0.0000    0.00    0.0034    1.91    0.000   -0.001    437.1  0.164E-08  0.502E-02
    1278.7  13/2 -  899.7  11/2    0.0303    4.17    0.5021  280.43    0.006   -0.078    379.0  0.290E-02  0.481E+00
    1278.7  13/2 -  543.0  13/2    0.0000    0.00    0.0000    0.00    1.000    0.000    735.7  0.755E-09  0.205E-20
    1278.7  13/2 - 1193.5  13/2    0.0000    0.00    0.0056    3.13    0.000    0.001     85.2  0.465E-10  0.610E-04


    1278.7  13/2 - 1278.7  13/2   -0.3108            3.1395

 TIME=  0.0 SEC
