 PARITY=+   EPS= 0.561   GAMMA= 26.0   EPS4=0.000   EPS6=0.000   LEVELS:  18  19  20  21
0   Z= 81   A=207   IQ=1   GSFAC= 0.75   GR=  0.39   MIN SPIN=  1/2   MAX SPIN= 13/2   KMAX= 13/2

 MICR QUADR MOMENTS:  Q0=2112.715  Q2=-347.176 FM**2


   B(E2) AND Q(E2) IN E2B2 AND EB,   B(M1) AND M(M1) INNM2 AND NM,   T(E2) AND T(M1) IN 1/PS

       E1     II      EF     IF     B(E2)             B(M1)              GD        D       EREL    T(E2)      T(M1)
                                             WU               MWU

     160.0   1/2 -  160.0   1/2    0.0000            0.6956
     160.0   1/2 -    0.0   3/2    1.3531  186.02    0.0052    2.89    0.823    2.155    160.0  0.173E-02  0.373E-03
     160.0   1/2 -  146.6   5/2    5.1679  710.45    0.0000    0.00    1.000    0.000     13.4  0.275E-07  0.000E+00
     431.5   1/2 -  160.0   1/2    0.0000    0.00    0.0000    0.00    0.000    0.000    271.5  0.000E+00  0.258E-17
     431.5   1/2 -  431.5   1/2    0.0000            1.5431


     431.5   1/2 -    0.0   3/2    0.0000    0.00    0.0000    0.00    1.000    0.000    431.5  0.365E-10  0.862E-19
     431.5   1/2 -  262.0   3/2    0.0000    0.00    0.0000    0.00    1.000    0.000    169.5  0.153E-10  0.153E-18
     431.5   1/2 -  146.6   5/2    0.0000    0.00    0.0000    0.00    1.000    0.000    284.9  0.223E-10  0.000E+00
     431.5   1/2 -  328.6   5/2    4.5522  625.81    0.0000    0.00    1.000    0.000    102.9  0.642E-03  0.000E+00
     817.3   1/2 -  160.0   1/2    0.0000    0.00    0.0295   16.46    0.000    0.000    657.3  0.000E+00  0.147E+00


     817.3   1/2 -  431.5   1/2    0.0000    0.00    0.0000    0.00    0.000    0.000    385.7  0.000E+00  0.282E-12
     817.3   1/2 -  817.3   1/2    0.0000           -0.1727
     817.3   1/2 -    0.0   3/2    0.0000    0.00    0.0097    5.44    0.000   -0.015    817.3  0.215E-04  0.936E-01
     817.3   1/2 -  262.0   3/2    0.0000    0.00    0.0009    0.50    0.001   -0.023    555.2  0.139E-05  0.268E-02
     817.3   1/2 -  705.1   3/2    0.0000    0.00    0.0000    0.00    1.000   50.481    112.1  0.121E-10  0.477E-14


     817.3   1/2 -  146.6   5/2    0.0000    0.00    0.0000    0.00    1.000    0.000    670.7  0.424E-06  0.000E+00
     817.3   1/2 -  328.6   5/2    0.0000    0.00    0.0000    0.00    1.000    0.000    488.7  0.118E-08  0.000E+00
     817.3   1/2 -  514.0   5/2    0.0000    0.00    0.0000    0.00    1.000    0.000    303.2  0.927E-07  0.000E+00
       0.0   3/2 -    0.0   3/2    4.3014            0.0522
     262.0   3/2 -  160.0   1/2    8.6946 1195.29    0.0256   14.32    0.710    1.564    102.0  0.117E-02  0.479E-03


     262.0   3/2 -    0.0   3/2    0.1690   23.23    0.0006    0.36    0.925   -3.524    262.0  0.255E-02  0.205E-03
     262.0   3/2 -  262.0   3/2   -4.3014            0.5217
     262.0   3/2 -  146.6   5/2    2.4675  339.22    0.0103    5.73    0.690    1.490    115.4  0.617E-03  0.278E-03
     705.1   3/2 -  160.0   1/2    0.0000    0.00    0.0000    0.00    1.000    0.000    545.1  0.240E-08  0.248E-17
     705.1   3/2 -  431.5   1/2    9.1755 1261.39    0.1649   92.11    0.743    1.699    273.6  0.172E+00  0.594E-01


     705.1   3/2 -    0.0   3/2    0.0000    0.00    0.0000    0.00    1.000    0.000    705.1  0.108E-09  0.332E-19
     705.1   3/2 -  262.0   3/2    0.0000    0.00    0.0000    0.00    1.000    0.000    443.1  0.941E-09  0.947E-19
     705.1   3/2 -  705.1   3/2   -3.7909            0.3891
     705.1   3/2 -  146.6   5/2    0.0000    0.00    0.0000    0.00    1.000    0.000    558.5  0.756E-10  0.537E-17
     705.1   3/2 -  328.6   5/2    0.1744   23.98    0.1117   62.37    0.133   -0.392    376.5  0.161E-01  0.105E+00


     705.1   3/2 -  514.0   5/2    0.0000    0.00    0.0000    0.00    1.000    0.000    191.1  0.854E-11  0.634E-18
     705.1   3/2 -  390.3   7/2    0.0000    0.00    0.0000    0.00    1.000    0.000    314.8  0.420E-10  0.000E+00
     705.1   3/2 -  576.2   7/2    1.5527  213.46    0.0000    0.00    1.000    0.000    129.0  0.676E-03  0.000E+00
     705.1   3/2 -  650.6   7/2    0.0000    0.00    0.0000    0.00    1.000    0.000     54.5  0.162E-13  0.000E+00
     146.6   5/2 -    0.0   3/2   13.9354 1915.76    0.0439   24.50    0.826   -2.175    146.6  0.115E-01  0.243E-02


     146.6   5/2 -  146.6   5/2   -1.2178            0.7453
     328.6   5/2 -  160.0   1/2    0.0000    0.00    0.0000    0.00    1.000    0.000    168.6  0.225E-14  0.000E+00
     328.6   5/2 -    0.0   3/2    0.0000    0.00    0.0000    0.00    1.000    0.000    328.6  0.135E-11  0.822E-18
     328.6   5/2 -  262.0   3/2    0.0000    0.00    0.0000    0.00    1.000    0.000     66.6  0.562E-14  0.785E-21
     328.6   5/2 -  146.6   5/2    0.0000    0.00    0.0000    0.00    1.000    0.000    182.0  0.317E-12  0.361E-19


     328.6   5/2 -  328.6   5/2    7.3133            2.6956
     514.0   5/2 -  160.0   1/2    7.5212 1033.98    0.0000    0.00    1.000    0.000    354.0  0.510E+00  0.000E+00
     514.0   5/2 -  431.5   1/2    0.0000    0.00    0.0000    0.00    1.000    0.000     82.5  0.183E-12  0.000E+00
     514.0   5/2 -    0.0   3/2    1.1558  158.89    0.0036    2.01    0.983   -7.674    514.0  0.506E+00  0.859E-02
     514.0   5/2 -  262.0   3/2    1.3630  187.37    0.1297   72.41    0.316    0.680    252.0  0.169E-01  0.365E-01


     514.0   5/2 -  146.6   5/2    0.0598    8.22    0.0347   19.36    0.139   -0.402    367.4  0.489E-02  0.303E-01
     514.0   5/2 -  328.6   5/2    0.0000    0.00    0.0000    0.00    1.000    0.000    185.4  0.497E-12  0.689E-20
     514.0   5/2 -  514.0   5/2   -6.0394            1.2175
     514.0   5/2 -  390.3   7/2    4.0534  557.24    0.0000    0.00    1.000   94.013    123.7  0.143E-02  0.162E-06
     390.3   7/2 -    0.0   3/2    6.7624  929.66    0.0000    0.00    1.000    0.000    390.3  0.748E+00  0.000E+00


     390.3   7/2 -  262.0   3/2    1.4450  198.64    0.0000    0.00    1.000    0.000    128.3  0.613E-03  0.000E+00
     390.3   7/2 -  146.6   5/2    4.9633  682.32    0.0611   34.13    0.770   -1.829    243.8  0.521E-01  0.156E-01
     390.3   7/2 -  328.6   5/2    0.0000    0.00    0.0000    0.00    1.000    0.000     61.7  0.143E-15  0.458E-22
     390.3   7/2 -  390.3   7/2   -1.7166            0.9863
     576.2   7/2 -    0.0   3/2    0.0000    0.00    0.0000    0.00    1.000    0.000    576.2  0.370E-10  0.000E+00


     576.2   7/2 -  262.0   3/2    0.0000    0.00    0.0000    0.00    1.000    0.000    314.1  0.108E-12  0.000E+00
     576.2   7/2 -  146.6   5/2    0.0000    0.00    0.0000    0.00    1.000    0.000    429.6  0.385E-10  0.123E-17
     576.2   7/2 -  328.6   5/2   14.0315 1928.97    0.2378  132.84    0.715    1.583    247.5  0.159E+00  0.635E-01
     576.2   7/2 -  514.0   5/2    0.0000    0.00    0.0000    0.00    1.000    0.000     62.1  0.507E-14  0.169E-20
     576.2   7/2 -  390.3   7/2    0.0000    0.00    0.0000    0.00    1.000  452.326    185.8  0.596E-14  0.293E-19


     576.2   7/2 -  576.2   7/2    1.4777            2.7538
     576.2   7/2 -  542.6   9/2    0.0000    0.00    0.0000    0.00    1.000  486.105     33.6  0.461E-16  0.196E-21
     650.6   7/2 -    0.0   3/2    0.0322    4.42    0.0000    0.00    1.000    0.000    650.6  0.458E-01  0.000E+00
     650.6   7/2 -  262.0   3/2    3.1270  429.88    0.0000    0.00    1.000    0.000    388.6  0.338E+00  0.000E+00
     650.6   7/2 -  146.6   5/2    0.7688  105.69    0.0032    1.76    0.977   -6.554    504.0  0.305E+00  0.710E-02


     650.6   7/2 -  328.6   5/2    0.0000    0.00    0.0000    0.00    1.000    0.000    322.0  0.536E-11  0.107E-18
     650.6   7/2 -  514.0   5/2    0.9358  128.65    0.0060    3.36    0.668    1.419    136.6  0.542E-03  0.269E-03
     650.6   7/2 -  390.3   7/2    3.5847  492.80    0.0013    0.73    0.992  -11.367    260.3  0.522E-01  0.404E-03
     650.6   7/2 -  576.2   7/2    0.0000    0.00    0.0000    0.00    1.000    0.000     74.4  0.361E-14  0.763E-24
     650.6   7/2 -  650.6   7/2    5.5761            0.8230


     650.6   7/2 -  542.6   9/2    2.6175  359.84    0.0045    2.52    0.824    2.165    108.0  0.470E-03  0.100E-03
     542.6   9/2 -  146.6   5/2   10.8553 1492.33    0.0000    0.00    1.000    0.000    396.0  0.129E+01  0.000E+00
     542.6   9/2 -  328.6   5/2    0.0000    0.00    0.0000    0.00    1.000    0.000    214.0  0.111E-11  0.000E+00
     542.6   9/2 -  514.0   5/2    0.8313  114.28    0.0000    0.00    1.000    0.000     28.5  0.192E-06  0.000E+00
     542.6   9/2 -  390.3   7/2    3.9097  537.48    0.0720   40.20    0.466   -0.934    152.2  0.390E-02  0.447E-02


     542.6   9/2 -  542.6   9/2   -3.0928            1.7292
     726.1   9/2 -  146.6   5/2    0.0000    0.00    0.0000    0.00    1.000    0.000    579.5  0.276E-09  0.000E+00
     726.1   9/2 -  328.6   5/2    5.8063  798.22    0.0000    0.00    1.000    0.000    397.5  0.703E+00  0.000E+00
     726.1   9/2 -  514.0   5/2    0.0000    0.00    0.0000    0.00    1.000    0.000    212.1  0.392E-11  0.000E+00
     726.1   9/2 -  390.3   7/2    0.0000    0.00    0.0000    0.00    1.000    0.000    335.7  0.144E-11  0.125E-17


     726.1   9/2 -  576.2   7/2    7.9917 1098.65    0.2949  164.72    0.297    0.650    149.9  0.739E-02  0.175E-01
     726.1   9/2 -  650.6   7/2    0.0000    0.00    0.0000    0.00    1.000    0.000     75.5  0.634E-14  0.128E-20
     726.1   9/2 -  542.6   9/2    0.0000    0.00    0.0000    0.00    1.000    0.000    183.5  0.313E-11  0.563E-19
     726.1   9/2 -  726.1   9/2    0.3267            3.0270
     988.3   9/2 -  146.6   5/2    0.0000    0.00    0.0000    0.00    1.000    0.000    841.7  0.746E-09  0.000E+00


     988.3   9/2 -  328.6   5/2    0.0003    0.04    0.0000    0.00    1.000    0.000    659.6  0.423E-03  0.000E+00
     988.3   9/2 -  514.0   5/2    0.0000    0.00    0.0000    0.00    1.000    0.000    474.2  0.201E-09  0.000E+00
     988.3   9/2 -  390.3   7/2    0.0000    0.00    0.0000    0.00    1.000    0.000    597.9  0.384E-10  0.110E-18
     988.3   9/2 -  576.2   7/2    2.0658  284.00    0.0213   11.91    0.919    3.378    412.1  0.300E+00  0.263E-01
     988.3   9/2 -  650.6   7/2    0.0000    0.00    0.0000    0.00    0.950    4.343    337.7  0.259E-16  0.137E-17


     988.3   9/2 -  542.6   9/2    0.0000    0.00    0.0000    0.00    1.000    0.000    445.7  0.910E-10  0.326E-19
     988.3   9/2 -  726.1   9/2    5.1635  709.85    0.0227   12.65    0.916    3.295    262.2  0.780E-01  0.719E-02
     988.3   9/2 -  988.3   9/2    8.3086            3.5697
     988.3   9/2 -  895.5  11/2    0.0000    0.00    0.0000    0.00    1.000  597.462     92.7  0.122E-15  0.339E-21
     895.5  11/2 -  390.3   7/2   12.1980 1676.91    0.0000    0.00    1.000    0.000    505.2  0.490E+01  0.000E+00


     895.5  11/2 -  576.2   7/2    0.0000    0.00    0.0000    0.00    1.000    0.000    319.4  0.738E-12  0.000E+00
     895.5  11/2 -  650.6   7/2    0.3339   45.90    0.0000    0.00    1.000    0.000    244.9  0.359E-02  0.000E+00
     895.5  11/2 -  542.6   9/2    2.2179  304.91    0.0663   37.05    0.743   -1.699    352.9  0.148E+00  0.513E-01
     895.5  11/2 -  726.1   9/2    0.0000    0.00    0.0000    0.00    1.000    0.000    169.4  0.159E-14  0.606E-21
     895.5  11/2 -  895.5  11/2   -3.2912            1.7894


    1089.5  11/2 -  390.3   7/2    0.0000    0.00    0.0000    0.00    1.000    0.000    699.1  0.580E-11  0.000E+00
    1089.5  11/2 -  576.2   7/2    7.1804  987.12    0.0000    0.00    1.000    0.000    513.3  0.312E+01  0.000E+00
    1089.5  11/2 -  650.6   7/2    0.0000    0.00    0.0000    0.00    1.000    0.000    438.9  0.161E-10  0.000E+00
    1089.5  11/2 -  542.6   9/2    0.0000    0.00    0.0000    0.00    1.000    0.000    546.9  0.161E-09  0.124E-17
    1089.5  11/2 -  726.1   9/2    5.6566  777.64    0.2826  157.81    0.647    1.354    363.4  0.437E+00  0.239E+00


    1089.5  11/2 -  988.3   9/2    3.2894  452.21    0.0073    4.10    0.761    1.783    101.2  0.426E-03  0.134E-03
    1089.5  11/2 -  895.5  11/2    0.0000    0.00    0.0000    0.00    1.000    0.000    193.9  0.358E-12  0.320E-19
    1089.5  11/2 - 1089.5  11/2    0.7736            3.3398
    1089.5  11/2 - 1076.4  13/2    0.0000    0.00    0.0000    0.00    1.000  126.947     13.0  0.367E-18  0.228E-22
    1328.1  11/2 -  390.3   7/2    0.0124    1.70    0.0000    0.00    1.000    0.000    937.8  0.109E+00  0.000E+00


    1328.1  11/2 -  576.2   7/2    0.0000    0.00    0.0000    0.00    1.000    0.000    752.0  0.155E-08  0.000E+00
    1328.1  11/2 -  650.6   7/2    6.0049  825.52    0.0000    0.00    1.000    0.000    677.5  0.105E+02  0.000E+00
    1328.1  11/2 -  542.6   9/2    0.2832   38.93    0.0002    0.11    0.998  -24.357    785.5  0.103E+01  0.174E-02
    1328.1  11/2 -  726.1   9/2    0.0000    0.00    0.0000    0.00    1.000    0.000    602.0  0.529E-09  0.278E-17
    1328.1  11/2 -  988.3   9/2    0.0000    0.00    0.0000    0.00    1.000    0.000    339.9  0.918E-12  0.645E-19


    1328.1  11/2 -  895.5  11/2    0.7380  101.46    0.0000    0.03    0.999   43.905    432.6  0.136E+00  0.708E-04
    1328.1  11/2 - 1089.5  11/2    0.0000    0.00    0.0000    0.00    1.000    0.000    238.7  0.635E-11  0.345E-19
    1328.1  11/2 - 1328.1  11/2   -2.9758            1.9177
    1328.1  11/2 - 1076.4  13/2    3.7612  517.07    0.0056    3.15    0.967    5.409    251.7  0.463E-01  0.158E-02
    1328.1  11/2 - 1226.9  13/2    0.0000    0.00    0.0000    0.00    1.000    0.000    101.2  0.889E-13  0.162E-19


    1076.4  13/2 -  542.6   9/2   14.4958 1992.80    0.0000    0.00    1.000    0.000    533.9  0.767E+01  0.000E+00
    1076.4  13/2 -  726.1   9/2    0.0000    0.00    0.0000    0.00    1.000    0.000    350.3  0.673E-10  0.000E+00
    1076.4  13/2 -  988.3   9/2    0.0000    0.00    0.0000    0.00    1.000    0.000     88.2  0.165E-13  0.000E+00
    1076.4  13/2 -  895.5  11/2    1.9636  269.94    0.0903   50.41    0.330   -0.703    180.9  0.464E-02  0.941E-02
    1076.4  13/2 - 1076.4  13/2   -4.1043            2.6154


    1226.9  13/2 -  542.6   9/2    0.0000    0.00    0.0000    0.00    1.000    0.000    684.4  0.194E-08  0.000E+00
    1226.9  13/2 -  726.1   9/2   11.8763 1632.69    0.0000    0.00    1.000    0.000    500.8  0.457E+01  0.000E+00
    1226.9  13/2 -  988.3   9/2    0.5207   71.58    0.0000    0.00    1.000    0.000    238.7  0.492E-02  0.000E+00
    1226.9  13/2 -  895.5  11/2    0.0000    0.00    0.0000    0.00    1.000    0.000    331.4  0.420E-11  0.166E-17
    1226.9  13/2 - 1089.5  11/2    6.6395  912.75    0.4074  227.55    0.176    0.462    137.5  0.398E-02  0.186E-01


    1226.9  13/2 - 1076.4  13/2    0.0000    0.00    0.0000    0.00    1.000    0.000    150.5  0.214E-11  0.343E-19
    1226.9  13/2 - 1226.9  13/2   -2.5082            3.6128

 TIME=  0.0 SEC
