 PARITY=+   EPS= 0.321   GAMMA= 30.0   EPS4=0.000   EPS6=0.000   LEVELS:  18  19  20  21
0   Z= 81   A=207   IQ=1   GSFAC= 0.75   GR=  0.39   MIN SPIN=  1/2   MAX SPIN= 13/2   KMAX= 13/2

 MICR QUADR MOMENTS:  Q0= 971.995  Q2=-294.834 FM**2


   B(E2) AND Q(E2) IN E2B2 AND EB,   B(M1) AND M(M1) INNM2 AND NM,   T(E2) AND T(M1) IN 1/PS

       E1     II      EF     IF     B(E2)             B(M1)              GD        D       EREL    T(E2)      T(M1)
                                             WU               MWU

      22.7   1/2 -   22.7   1/2    0.0000           -0.1990
      22.7   1/2 -    0.0   3/2    3.2156  442.06    0.2658  148.45    0.004   -0.066     22.7  0.239E-06  0.550E-04
     607.9   1/2 -   22.7   1/2    0.0000    0.00    0.0288   16.10    0.000    0.000    585.2  0.000E+00  0.102E+00
     607.9   1/2 -  607.9   1/2    0.0000            1.0993
     607.9   1/2 -    0.0   3/2    0.0000    0.00    0.0006    0.33    0.006   -0.076    607.9  0.136E-04  0.234E-02


     607.9   1/2 -  241.0   3/2    0.0000    0.00    0.0016    0.92    0.001    0.025    366.9  0.930E-06  0.143E-02
     607.9   1/2 -  219.2   5/2    0.0000    0.00    0.0000    0.00    1.000    0.000    388.7  0.334E-06  0.000E+00
     607.9   1/2 -  351.8   5/2    0.0000    0.00    0.0000    0.00    1.000    0.000    256.1  0.714E-07  0.000E+00
       0.0   3/2 -    0.0   3/2   -2.1009            0.6930
     241.0   3/2 -   22.7   1/2    0.6265   86.13    0.3377  188.62    0.058    0.248    218.3  0.379E-02  0.618E-01


     241.0   3/2 -    0.0   3/2    0.0391    5.37    0.3697  206.48    0.004   -0.065    241.0  0.387E-03  0.911E-01
     241.0   3/2 -  241.0   3/2    2.1009            0.9545
     241.0   3/2 -  219.2   5/2    2.8809  396.05    0.2749  153.52    0.003    0.059     21.8  0.172E-06  0.500E-04
     732.4   3/2 -   22.7   1/2    0.0000    0.00    0.0009    0.49    0.000   -0.019    709.7  0.199E-05  0.555E-02
     732.4   3/2 -  607.9   1/2    2.2711  312.21    0.0892   49.84    0.215    0.523    124.5  0.829E-03  0.303E-02


     732.4   3/2 -    0.0   3/2    0.0000    0.00    0.0059    3.29    0.001    0.023    732.4  0.212E-04  0.407E-01
     732.4   3/2 -  241.0   3/2    0.0000    0.00    0.0002    0.09    0.005    0.068    491.4  0.147E-05  0.318E-03
     732.4   3/2 -  732.4   3/2   -0.7515            0.4236
     732.4   3/2 -  219.2   5/2    0.0000    0.00    0.0125    7.00    0.000   -0.008    513.2  0.203E-05  0.298E-01
     732.4   3/2 -  351.8   5/2    0.0000    0.00    0.0102    5.69    0.000    0.013    380.6  0.161E-05  0.988E-02


     732.4   3/2 -  319.0   7/2    0.0000    0.00    0.0000    0.00    1.000    0.000    413.4  0.205E-06  0.000E+00
     732.4   3/2 -  648.5   7/2    0.0000    0.00    0.0000    0.00    1.000    0.000     83.9  0.510E-09  0.000E+00
     219.2   5/2 -   22.7   1/2    0.9835  135.21    0.0000    0.00    1.000    0.000    196.5  0.351E-02  0.000E+00
     219.2   5/2 -    0.0   3/2    1.3624  187.29    0.3442  192.24    0.117   -0.363    219.2  0.842E-02  0.638E-01
     219.2   5/2 -  219.2   5/2   -0.5617            2.1335


     351.8   5/2 -   22.7   1/2    0.9563  131.47    0.0000    0.00    1.000    0.000    329.0  0.450E-01  0.000E+00
     351.8   5/2 -    0.0   3/2    0.1279   17.58    0.0016    0.91    0.871    2.601    351.8  0.841E-02  0.124E-02
     351.8   5/2 -  241.0   3/2    0.0049    0.67    0.0080    4.45    0.005   -0.072    110.8  0.994E-06  0.191E-03
     351.8   5/2 -  219.2   5/2    0.0501    6.89    0.0103    5.75    0.056   -0.244    132.6  0.250E-04  0.422E-03
     351.8   5/2 -  351.8   5/2    3.0014            0.2297


     351.8   5/2 -  319.0   7/2    1.8430  253.36    0.0604   33.72    0.022   -0.151     32.8  0.853E-06  0.375E-04
     351.8   5/2 -  269.9   9/2    0.0000    0.00    0.0000    0.00    1.000    0.000     81.9  0.265E-14  0.000E+00
     757.2   5/2 -   22.7   1/2    0.2945   40.48    0.0000    0.00    1.000    0.000    734.5  0.768E+00  0.000E+00
     757.2   5/2 -  607.9   1/2    0.0000    0.00    0.0000    0.00    1.000    0.000    149.3  0.872E-08  0.000E+00
     757.2   5/2 -    0.0   3/2    0.0432    5.93    0.0180   10.05    0.488    0.977    757.2  0.131E+00  0.137E+00


     757.2   5/2 -  241.0   3/2    1.0097  138.81    0.0032    1.79    0.983    7.638    516.2  0.451E+00  0.774E-02
     757.2   5/2 -  732.4   3/2    0.0000    0.00    0.0009    0.53    0.000    0.002     24.8  0.673E-12  0.253E-06
     757.2   5/2 -  219.2   5/2    0.2176   29.91    0.0268   14.99    0.619    1.275    538.0  0.120E+00  0.736E-01
     757.2   5/2 -  351.8   5/2    0.9563  131.47    0.0022    1.22    0.980    7.062    405.4  0.128E+00  0.256E-02
     757.2   5/2 -  757.2   5/2   -2.4398            0.0642


     757.2   5/2 -  319.0   7/2    0.0640    8.80    0.0361   20.19    0.191   -0.486    438.2  0.126E-01  0.535E-01
     757.2   5/2 -  648.5   7/2    0.0151    2.08    0.4861  271.47    0.000    0.016    108.7  0.279E-05  0.110E-01
     757.2   5/2 -  269.9   9/2    0.0000    0.00    0.0000    0.00    1.000    0.000    487.3  0.522E-09  0.000E+00
     757.2   5/2 -  618.4   9/2    0.0000    0.00    0.0000    0.00    1.000    0.000    138.8  0.117E-08  0.000E+00
     319.0   7/2 -    0.0   3/2    2.2855  314.20    0.0000    0.00    1.000    0.000    319.0  0.921E-01  0.000E+00


     319.0   7/2 -  241.0   3/2    0.3074   42.26    0.0000    0.00    1.000    0.000     78.0  0.108E-04  0.000E+00
     319.0   7/2 -  219.2   5/2    0.2375   32.65    0.0048    2.67    0.255   -0.586     99.8  0.286E-04  0.834E-04
     319.0   7/2 -  319.0   7/2   -0.8039            0.8198
     319.0   7/2 -  269.9   9/2    0.0000    0.00    0.0000    0.00    1.000    0.000     49.1  0.490E-16  0.556E-25
     648.5   7/2 -    0.0   3/2    0.2176   29.92    0.0000    0.00    1.000    0.000    648.5  0.305E+00  0.000E+00


     648.5   7/2 -  241.0   3/2    0.5531   76.04    0.0000    0.00    1.000    0.000    407.5  0.759E-01  0.000E+00
     648.5   7/2 -  219.2   5/2    0.6962   95.70    0.0107    6.00    0.892   -2.878    429.3  0.124E+00  0.150E-01
     648.5   7/2 -  351.8   5/2    0.6180   84.96    0.0309   17.25    0.550    1.105    296.7  0.173E-01  0.142E-01
     648.5   7/2 -  319.0   7/2    0.8149  112.03    0.1025   57.27    0.374   -0.773    329.5  0.386E-01  0.646E-01
     648.5   7/2 -  648.5   7/2   -2.9556            2.1521


     648.5   7/2 -  269.9   9/2    0.0000    0.00    0.0000    0.00    1.000    0.000    378.6  0.757E-13  0.240E-22
     648.5   7/2 -  618.4   9/2    0.6701   92.13    0.0217   12.13    0.019    0.139     30.1  0.204E-06  0.105E-04
     829.0   7/2 -    0.0   3/2    0.0077    1.06    0.0000    0.00    1.000    0.000    829.0  0.367E-01  0.000E+00
     829.0   7/2 -  241.0   3/2    1.0741  147.66    0.0000    0.00    1.000    0.000    588.0  0.921E+00  0.000E+00
     829.0   7/2 -  732.4   3/2    0.0000    0.00    0.0000    0.00    1.000    0.000     96.6  0.691E-10  0.000E+00


     829.0   7/2 -  219.2   5/2    0.0529    7.27    0.0010    0.55    0.933   -3.724    609.8  0.544E-01  0.392E-02
     829.0   7/2 -  351.8   5/2    0.3902   53.64    0.3581  199.98    0.147   -0.415    477.2  0.118E+00  0.685E+00
     829.0   7/2 -  757.2   5/2    1.6323  224.40    0.0009    0.50    0.867    2.552     71.8  0.381E-04  0.585E-05
     829.0   7/2 -  319.0   7/2    0.1637   22.50    0.1039   58.01    0.221    0.533    510.0  0.689E-01  0.243E+00
     829.0   7/2 -  648.5   7/2    0.0056    0.77    0.0253   14.13    0.005    0.071    180.5  0.131E-04  0.262E-02


     829.0   7/2 -  829.0   7/2    1.1066            1.6245
     829.0   7/2 -  269.9   9/2    0.0000    0.00    0.0000    0.00    1.000    0.000    559.1  0.169E-09  0.503E-21
     829.0   7/2 -  618.4   9/2    1.0604  145.78    0.1083   60.51    0.231    0.549    210.7  0.537E-02  0.178E-01
     829.0   7/2 -  702.3  11/2    0.0000    0.00    0.0000    0.00    1.000    0.000    126.8  0.225E-12  0.000E+00
     829.0   7/2 -  765.9  11/2    0.0677    9.31    0.0000    0.00    1.000    0.000     63.1  0.828E-06  0.000E+00


     269.9   9/2 -  219.2   5/2    0.0000    0.00    0.0000    0.00    1.000    0.000     50.7  0.122E-15  0.000E+00
     269.9   9/2 -  269.9   9/2   -4.6292            6.1496
     269.9   9/2 -  114.2  13/2    2.2813  313.62    0.0000    0.00    1.000    0.000    155.7  0.255E-02  0.000E+00
     618.4   9/2 -  219.2   5/2    2.9984  412.20    0.0000    0.00    1.000    0.000    399.2  0.371E+00  0.000E+00
     618.4   9/2 -  351.8   5/2    0.2328   32.00    0.0000    0.00    1.000    0.000    266.6  0.382E-02  0.000E+00


     618.4   9/2 -  319.0   7/2    0.2182   30.00    0.4978  278.04    0.027   -0.165    299.4  0.640E-02  0.235E+00
     618.4   9/2 -  269.9   9/2    0.0000    0.00    0.0000    0.00    1.000    0.000    348.5  0.171E-11  0.155E-21
     618.4   9/2 -  618.4   9/2   -0.9112            2.9680
     618.4   9/2 -  114.2  13/2    0.0000    0.00    0.0000    0.00    1.000    0.000    504.2  0.515E-11  0.000E+00
     892.6   9/2 -  219.2   5/2    0.0221    3.04    0.0000    0.00    1.000    0.000    673.4  0.374E-01  0.000E+00


     892.6   9/2 -  351.8   5/2    1.4975  205.87    0.0000    0.00    1.000    0.000    540.8  0.845E+00  0.000E+00
     892.6   9/2 -  757.2   5/2    0.0701    9.64    0.0000    0.00    1.000    0.000    135.4  0.390E-04  0.000E+00
     892.6   9/2 -  319.0   7/2    0.0678    9.32    0.0008    0.45    0.951   -4.400    573.6  0.514E-01  0.265E-02
     892.6   9/2 -  648.5   7/2    1.6014  220.16    0.0353   19.69    0.652   -1.370    244.1  0.169E-01  0.903E-02
     892.6   9/2 -  829.0   7/2    0.6634   91.20    0.0234   13.09    0.074   -0.282     63.6  0.842E-05  0.106E-03


     892.6   9/2 -  269.9   9/2    0.0000    0.00    0.0000    0.00    1.000    0.000    622.7  0.445E-10  0.272E-21
     892.6   9/2 -  618.4   9/2    0.1007   13.85    0.0036    1.99    0.596   -1.213    274.3  0.191E-02  0.129E-02
     892.6   9/2 -  892.6   9/2   -0.2778            1.3593
     892.6   9/2 -  702.3  11/2    0.0000    0.00    0.0000    0.00    1.000    0.000    190.4  0.409E-12  0.808E-22
     892.6   9/2 -  765.9  11/2    1.6436  225.95    0.0468   26.15    0.281   -0.625    126.7  0.655E-03  0.168E-02


     892.6   9/2 -  114.2  13/2    0.0000    0.00    0.0000    0.00    1.000    0.000    778.4  0.426E-10  0.000E+00
     702.3  11/2 -  319.0   7/2    0.0000    0.00    0.0000    0.00    1.000    0.000    383.3  0.207E-11  0.000E+00
     702.3  11/2 -  648.5   7/2    0.0000    0.00    0.0000    0.00    1.000    0.000     53.7  0.623E-17  0.000E+00
     702.3  11/2 -  269.9   9/2    1.9011  261.35    1.0705  597.87    0.187   -0.480    432.3  0.350E+00  0.152E+01
     702.3  11/2 -  618.4   9/2    0.0000    0.00    0.0000    0.00    1.000    0.000     83.9  0.321E-14  0.140E-23


     702.3  11/2 -  702.3  11/2   -2.6714            5.8081
     702.3  11/2 -  114.2  13/2    0.1399   19.23    0.0833   46.51    0.287    0.635    588.1  0.120E+00  0.298E+00
     765.9  11/2 -  319.0   7/2    3.4606  475.74    0.0000    0.00    1.000    0.000    446.9  0.753E+00  0.000E+00
     765.9  11/2 -  648.5   7/2    0.0375    5.16    0.0000    0.00    1.000    0.000    117.4  0.102E-04  0.000E+00
     765.9  11/2 -  269.9   9/2    0.0000    0.00    0.0000    0.00    1.000    0.000    496.0  0.180E-11  0.847E-21


     765.9  11/2 -  618.4   9/2    0.0709    9.74    0.0046    2.58    0.188   -0.481    147.5  0.604E-04  0.262E-03
     765.9  11/2 -  702.3  11/2    0.0000    0.00    0.0000    0.00    1.000    0.000     63.7  0.504E-15  0.134E-22
     765.9  11/2 -  765.9  11/2   -0.7854            1.4060
     765.9  11/2 -  114.2  13/2    0.0000    0.00    0.0000    0.00    1.000    0.000    651.7  0.500E-11  0.226E-21
    1420.1  11/2 -  319.0   7/2    0.0056    0.77    0.0000    0.00    1.000    0.000   1101.1  0.111E+00  0.000E+00


    1420.1  11/2 -  648.5   7/2    1.1263  154.84    0.0000    0.00    1.000    0.000    771.6  0.376E+01  0.000E+00
    1420.1  11/2 -  829.0   7/2    1.0908  149.96    0.0000    0.00    1.000    0.000    591.1  0.960E+00  0.000E+00
    1420.1  11/2 -  269.9   9/2    0.0000    0.00    0.0000    0.00    1.000    0.000   1150.2  0.405E-09  0.709E-20
    1420.1  11/2 -  618.4   9/2    0.0541    7.43    0.0059    3.27    0.804   -2.028    801.7  0.218E+00  0.531E-01
    1420.1  11/2 -  892.6   9/2    0.0735   10.10    0.3694  206.31    0.037   -0.196    527.5  0.366E-01  0.954E+00


    1420.1  11/2 -  702.3  11/2    0.0000    0.00    0.0000    0.00    1.000    0.000    717.8  0.220E-09  0.737E-20
    1420.1  11/2 -  765.9  11/2    0.0989   13.60    0.1442   80.52    0.169   -0.451    654.2  0.145E+00  0.710E+00
    1420.1  11/2 - 1420.1  11/2   -0.9164            3.0881
    1420.1  11/2 -  114.2  13/2    0.0000    0.00    0.0000    0.00    1.000    0.000   1305.9  0.108E-08  0.628E-21
    1420.1  11/2 - 1154.0  13/2    1.1887  163.41    0.0577   32.21    0.503    1.006    266.1  0.194E-01  0.191E-01


    1420.1  11/2 - 1223.4  13/2    0.0000    0.00    0.0000    0.00    1.000    0.000    196.7  0.311E-12  0.190E-21
     114.2  13/2 -  114.2  13/2   -5.4728            7.1578
    1154.0  13/2 -  269.9   9/2    0.0000    0.00    0.0000    0.00    1.000    0.000    884.1  0.358E-10  0.000E+00
    1154.0  13/2 -  618.4   9/2    3.8590  530.51    0.0000    0.00    1.000    0.000    535.6  0.207E+01  0.000E+00
    1154.0  13/2 -  892.6   9/2    0.0518    7.12    0.0000    0.00    1.000    0.000    261.3  0.770E-03  0.000E+00


    1154.0  13/2 -  702.3  11/2    0.0000    0.00    0.0000    0.00    1.000    0.000    451.7  0.604E-11  0.252E-21
    1154.0  13/2 -  765.9  11/2    0.1165   16.02    0.5600  312.75    0.021   -0.147    388.1  0.125E-01  0.576E+00
    1154.0  13/2 -  114.2  13/2    0.0000    0.00    0.0000    0.00    1.000    0.000   1039.8  0.120E-09  0.108E-20
    1154.0  13/2 - 1154.0  13/2   -0.8761            3.7466
    1223.4  13/2 -  269.9   9/2    0.2190   30.11    0.0000    0.00    1.000    0.000    953.5  0.211E+01  0.000E+00


    1223.4  13/2 -  618.4   9/2    0.0000    0.00    0.0000    0.00    1.000    0.000    605.0  0.880E-10  0.000E+00
    1223.4  13/2 -  892.6   9/2    0.0000    0.00    0.0000    0.00    1.000    0.000    330.8  0.721E-11  0.000E+00
    1223.4  13/2 -  702.3  11/2    2.2533  309.77    1.6537  923.58    0.204   -0.506    521.1  0.106E+01  0.412E+01
    1223.4  13/2 -  765.9  11/2    0.0000    0.00    0.0000    0.00    1.000    0.000    457.5  0.165E-10  0.895E-21
    1223.4  13/2 -  114.2  13/2    0.0009    0.13    0.0252   14.08    0.031   -0.178   1109.2  0.193E-01  0.605E+00


    1223.4  13/2 - 1154.0  13/2    0.0000    0.00    0.0000    0.00    1.000    0.000     69.4  0.238E-14  0.255E-22
    1223.4  13/2 - 1223.4  13/2   -1.4434            5.6798

 TIME=  0.0 SEC
