 PARITY=+   EPS=-0.058   GAMMA=  0.0   EPS4=0.000   EPS6=0.000   LEVELS:  20  21  22  23  24
0   Z= 81   A=207   IQ=1   GSFAC= 0.75   GR=  0.39   MIN SPIN=  1/2   MAX SPIN= 13/2   KMAX= 13/2

 MICR QUADR MOMENTS:  Q0=-145.757  Q2=  -0.000 FM**2


   B(E2) AND Q(E2) IN E2B2 AND EB,   B(M1) AND M(M1) INNM2 AND NM,   T(E2) AND T(M1) IN 1/PS

       E1     II      EF     IF     B(E2)             B(M1)              GD        D       EREL    T(E2)      T(M1)
                                             WU               MWU

       0.0   1/2 -    0.0   1/2    0.0000            1.5855
     547.9   1/2 -    0.0   1/2    0.0000    0.00    0.3829  213.87    0.000    0.000    547.9  0.000E+00  0.111E+01
     547.9   1/2 -  547.9   1/2    0.0000            0.7091
     547.9   1/2 -   45.8   3/2    0.0066    0.91    0.0005    0.29    0.694   -1.505    502.1  0.258E-02  0.114E-02
     547.9   1/2 -  262.3   5/2    0.0009    0.12    0.0000    0.00    1.000    0.000    285.6  0.200E-04  0.000E+00


      45.8   3/2 -    0.0   1/2    0.0420    5.77    0.0012    0.67    0.048   -0.225     45.8  0.103E-06  0.204E-05
      45.8   3/2 -   45.8   3/2    0.2955            0.0885
     563.4   3/2 -    0.0   1/2    0.0033    0.46    0.0000    0.00    0.996  -15.716    563.4  0.230E-02  0.931E-05
     563.4   3/2 -  547.9   1/2    0.0204    2.80    0.0000    0.03    0.064   -0.262     15.5  0.220E-09  0.319E-08
     563.4   3/2 -   45.8   3/2    0.0005    0.07    0.0767   42.84    0.001   -0.036    517.6  0.241E-03  0.187E+00


     563.4   3/2 -  563.4   3/2    0.1624           -0.0280
     563.4   3/2 -  262.3   5/2    0.0008    0.11    0.5989  334.51    0.000   -0.009    301.1  0.240E-04  0.288E+00
     563.4   3/2 -  349.7   7/2    0.0029    0.40    0.0000    0.00    1.000    0.000    213.7  0.160E-04  0.000E+00
     700.8   3/2 -    0.0   1/2    0.0001    0.02    0.0003    0.19    0.122    0.373    700.8  0.287E-03  0.206E-02
     700.8   3/2 -  547.9   1/2    0.0171    2.35    0.0141    7.85    0.019    0.140    152.8  0.174E-04  0.883E-03


     700.8   3/2 -   45.8   3/2    0.0021    0.28    0.0153    8.56    0.039    0.201    655.0  0.305E-02  0.758E-01
     700.8   3/2 -  563.4   3/2    0.0263    3.61    0.0353   19.70    0.010   -0.099    137.4  0.157E-04  0.161E-02
     700.8   3/2 -  700.8   3/2   -0.1507            0.7347
     700.8   3/2 -  262.3   5/2    0.0018    0.24    0.1403   78.34    0.002   -0.041    438.5  0.347E-03  0.208E+00
     700.8   3/2 -  349.7   7/2    0.0002    0.02    0.0000    0.00    1.000    0.000    351.0  0.110E-04  0.000E+00


     262.3   5/2 -    0.0   1/2    0.0434    5.97    0.0000    0.00    1.000    0.000    262.3  0.658E-03  0.000E+00
     262.3   5/2 -   45.8   3/2    0.0116    1.59    0.5437  303.66    0.001   -0.026    216.5  0.671E-04  0.971E-01
     262.3   5/2 -  262.3   5/2    0.4269            2.4958
     722.8   5/2 -    0.0   1/2    0.0000    0.00    0.0000    0.00    1.000    0.000    722.8  0.710E-04  0.000E+00
     722.8   5/2 -  547.9   1/2    0.0183    2.52    0.0000    0.00    1.000    0.000    174.9  0.366E-04  0.000E+00


     722.8   5/2 -   45.8   3/2    0.0021    0.28    0.0485   27.09    0.013    0.116    677.0  0.357E-02  0.265E+00
     722.8   5/2 -  563.4   3/2    0.0323    4.44    0.1148   64.14    0.005   -0.070    159.4  0.406E-04  0.819E-02
     722.8   5/2 -  700.8   3/2    0.0165    2.26    0.0161    9.00    0.000    0.019     22.1  0.105E-08  0.305E-05
     722.8   5/2 -  262.3   5/2    0.0001    0.01    0.0902   50.39    0.000    0.012    460.5  0.226E-04  0.155E+00
     722.8   5/2 -  722.8   5/2    0.1713            1.1472


     722.8   5/2 -  349.7   7/2    0.0039    0.54    0.0003    0.19    0.527   -1.056    373.1  0.345E-03  0.309E-03
    1018.2   5/2 -    0.0   1/2    0.0019    0.26    0.0000    0.00    1.000    0.000   1018.2  0.256E-01  0.000E+00
    1018.2   5/2 -  547.9   1/2    0.0216    2.97    0.0000    0.00    1.000    0.000    470.3  0.606E-02  0.000E+00
    1018.2   5/2 -   45.8   3/2    0.0006    0.08    0.0239   13.33    0.016    0.127    972.5  0.626E-02  0.386E+00
    1018.2   5/2 -  563.4   3/2    0.0010    0.14    0.0067    3.74    0.022    0.150    454.9  0.249E-03  0.111E-01


    1018.2   5/2 -  700.8   3/2    0.0256    3.52    0.0157    8.77    0.102   -0.338    317.5  0.101E-02  0.885E-02
    1018.2   5/2 -  262.3   5/2    0.0001    0.02    0.0554   30.93    0.001   -0.032    755.9  0.434E-03  0.421E+00
    1018.2   5/2 -  722.8   5/2    0.0054    0.74    0.0027    1.52    0.107    0.346    295.4  0.147E-03  0.123E-02
    1018.2   5/2 - 1018.2   5/2    0.3379            1.3569
    1018.2   5/2 -  349.7   7/2    0.0000    0.00    0.0002    0.11    0.032   -0.181    668.5  0.329E-04  0.100E-02


    1018.2   5/2 -  960.9   7/2    0.0015    0.21    0.0004    0.20    0.010   -0.098     57.3  0.114E-07  0.118E-05
    1018.2   5/2 -  784.8   9/2    0.0001    0.01    0.0000    0.00    1.000    0.000    233.5  0.704E-06  0.000E+00
     349.7   7/2 -   45.8   3/2    0.0550    7.56    0.0000    0.00    1.000    0.000    303.9  0.174E-02  0.000E+00
     349.7   7/2 -  262.3   5/2    0.0054    0.75    0.0014    0.78    0.020   -0.144     87.4  0.338E-06  0.164E-04
     349.7   7/2 -  349.7   7/2    0.4987            0.9325


     960.9   7/2 -   45.8   3/2    0.0036    0.49    0.0000    0.00    1.000    0.000    915.1  0.282E-01  0.000E+00
     960.9   7/2 -  563.4   3/2    0.0382    5.25    0.0000    0.00    1.000    0.000    397.5  0.463E-02  0.000E+00
     960.9   7/2 -  700.8   3/2    0.0002    0.03    0.0000    0.00    1.000    0.000    260.2  0.350E-05  0.000E+00
     960.9   7/2 -  262.3   5/2    0.0008    0.11    0.0000    0.03    0.855   -2.428    698.6  0.162E-02  0.274E-03
     960.9   7/2 -  722.8   5/2    0.0093    1.28    0.0001    0.04    0.837   -2.266    238.1  0.872E-04  0.170E-04


     960.9   7/2 -  349.7   7/2    0.0001    0.01    0.0701   39.15    0.000   -0.014    611.2  0.537E-04  0.282E+00
     960.9   7/2 -  960.9   7/2    0.4682            0.3512
     960.9   7/2 -  784.8   9/2    0.0006    0.08    0.8313  464.31    0.000   -0.004    176.1  0.115E-05  0.800E-01
     960.9   7/2 -  894.6  11/2    0.0007    0.09    0.0000    0.00    1.000    0.000     66.3  0.108E-07  0.000E+00
    1195.0   7/2 -   45.8   3/2    0.0002    0.02    0.0000    0.00    1.000    0.000   1149.2  0.397E-02  0.000E+00


    1195.0   7/2 -  563.4   3/2    0.0018    0.25    0.0000    0.00    1.000    0.000    631.6  0.219E-02  0.000E+00
    1195.0   7/2 -  700.8   3/2    0.0370    5.09    0.0000    0.00    1.000    0.000    494.2  0.133E-01  0.000E+00
    1195.0   7/2 -  262.3   5/2    0.0015    0.20    0.0003    0.14    0.776    1.862    932.6  0.126E-01  0.363E-02
    1195.0   7/2 -  722.8   5/2    0.0091    1.25    0.0240   13.39    0.056   -0.242    472.1  0.261E-02  0.444E-01
    1195.0   7/2 - 1018.2   5/2    0.0242    3.32    0.0001    0.07    0.799    1.991    176.7  0.508E-04  0.128E-04


    1195.0   7/2 -  349.7   7/2    0.0004    0.06    0.0125    7.01    0.016    0.128    845.2  0.218E-02  0.133E+00
    1195.0   7/2 -  960.9   7/2    0.0007    0.10    0.0481   26.89    0.001   -0.024    234.0  0.621E-05  0.109E-01
    1195.0   7/2 - 1195.0   7/2    0.2876            1.4316
    1195.0   7/2 -  784.8   9/2    0.0008    0.11    0.1620   90.46    0.001   -0.024    410.2  0.114E-03  0.197E+00
    1195.0   7/2 -  894.6  11/2    0.0001    0.01    0.0000    0.00    1.000    0.000    300.3  0.220E-05  0.000E+00


     784.8   9/2 -  262.3   5/2    0.0618    8.50    0.0000    0.00    1.000    0.000    522.5  0.294E-01  0.000E+00
     784.8   9/2 -  722.8   5/2    0.0000    0.00    0.0000    0.00    1.000    0.000     62.0  0.118E-09  0.000E+00
     784.8   9/2 -  349.7   7/2    0.0030    0.41    0.3950  220.61    0.001   -0.032    435.1  0.573E-03  0.573E+00
     784.8   9/2 -  784.8   9/2    0.5463            3.3419
    1212.9   9/2 -  262.3   5/2    0.0000    0.00    0.0000    0.00    1.000    0.000    950.6  0.618E-04  0.000E+00


    1212.9   9/2 -  722.8   5/2    0.0512    7.04    0.0000    0.00    1.000    0.000    490.1  0.177E-01  0.000E+00
    1212.9   9/2 - 1018.2   5/2    0.0003    0.05    0.0000    0.00    1.000    0.000    194.7  0.116E-05  0.000E+00
    1212.9   9/2 -  349.7   7/2    0.0032    0.44    0.0223   12.47    0.069    0.272    863.2  0.187E-01  0.253E+00
    1212.9   9/2 -  960.9   7/2    0.0127    1.74    0.1481   82.70    0.004   -0.061    252.0  0.157E-03  0.417E-01
    1212.9   9/2 - 1195.0   7/2    0.0067    0.92    0.0185   10.36    0.000    0.009     18.0  0.153E-09  0.189E-05


    1212.9   9/2 -  784.8   9/2    0.0000    0.00    0.0808   45.14    0.000    0.000    428.1  0.271E-07  0.112E+00
    1212.9   9/2 - 1212.9   9/2    0.3701            1.8793
    1212.9   9/2 -  894.6  11/2    0.0021    0.29    0.0003    0.17    0.324   -0.693    318.3  0.832E-04  0.173E-03
    1756.1   9/2 -  262.3   5/2    0.0013    0.18    0.0000    0.00    1.000    0.000   1493.8  0.119E+00  0.000E+00
    1756.1   9/2 -  722.8   5/2    0.0004    0.05    0.0000    0.00    1.000    0.000   1033.3  0.561E-02  0.000E+00


    1756.1   9/2 - 1018.2   5/2    0.0484    6.65    0.0000    0.00    1.000    0.000    737.9  0.129E+00  0.000E+00
    1756.1   9/2 -  349.7   7/2    0.0001    0.01    0.0082    4.57    0.014    0.120   1406.4  0.579E-02  0.401E+00
    1756.1   9/2 -  960.9   7/2    0.0011    0.15    0.0018    1.00    0.211    0.517    795.2  0.423E-02  0.158E-01
    1756.1   9/2 - 1195.0   7/2    0.0075    1.02    0.0154    8.58    0.096   -0.325    561.1  0.506E-02  0.478E-01
    1756.1   9/2 -  784.8   9/2    0.0000    0.00    0.0279   15.59    0.000   -0.020    971.3  0.184E-03  0.450E+00


    1756.1   9/2 - 1212.9   9/2    0.0005    0.07    0.0012    0.69    0.080    0.296    543.2  0.306E-03  0.350E-02
    1756.1   9/2 - 1756.1   9/2    0.5281            2.0768
    1756.1   9/2 -  894.6  11/2    0.0000    0.00    0.0002    0.10    0.008   -0.088    861.5  0.159E-04  0.206E-02
    1756.1   9/2 - 1682.2  11/2    0.0008    0.11    0.0005    0.28    0.006   -0.076     73.9  0.207E-07  0.359E-05
    1756.1   9/2 - 1578.1  13/2    0.0000    0.00    0.0000    0.00    1.000    0.000    178.0  0.127E-08  0.000E+00


     894.6  11/2 -  349.7   7/2    0.0653    8.98    0.0000    0.00    1.000    0.000    544.9  0.383E-01  0.000E+00
     894.6  11/2 -  784.8   9/2    0.0020    0.28    0.0013    0.74    0.013   -0.114    109.8  0.397E-06  0.308E-04
     894.6  11/2 -  894.6  11/2    0.5827            1.8008
    1682.2  11/2 -  349.7   7/2    0.0023    0.31    0.0000    0.00    1.000    0.000   1332.5  0.117E+00  0.000E+00
    1682.2  11/2 -  960.9   7/2    0.0530    7.29    0.0000    0.00    1.000    0.000    721.2  0.126E+00  0.000E+00


    1682.2  11/2 - 1195.0   7/2    0.0000    0.01    0.0000    0.00    1.000    0.000    487.2  0.135E-04  0.000E+00
    1682.2  11/2 -  784.8   9/2    0.0004    0.06    0.0001    0.06    0.707   -1.554    897.4  0.318E-02  0.132E-02
    1682.2  11/2 - 1212.9   9/2    0.0028    0.38    0.0000    0.01    0.963   -5.124    469.3  0.776E-03  0.296E-04
    1682.2  11/2 -  894.6  11/2    0.0000    0.00    0.0479   26.75    0.000   -0.004    787.5  0.727E-05  0.412E+00
    1682.2  11/2 - 1682.2  11/2    0.5725            0.9173


    1682.2  11/2 - 1578.1  13/2    0.0004    0.06    0.9700  541.73    0.000   -0.002    104.1  0.598E-07  0.192E-01
    1966.2  11/2 -  349.7   7/2    0.0001    0.02    0.0000    0.00    1.000    0.000   1616.5  0.148E-01  0.000E+00
    1966.2  11/2 -  960.9   7/2    0.0003    0.04    0.0000    0.00    1.000    0.000   1005.3  0.342E-02  0.000E+00
    1966.2  11/2 - 1195.0   7/2    0.0571    7.85    0.0000    0.00    1.000    0.000    771.3  0.190E+00  0.000E+00
    1966.2  11/2 -  784.8   9/2    0.0014    0.20    0.0002    0.12    0.869    2.575   1181.4  0.399E-01  0.602E-02


    1966.2  11/2 - 1212.9   9/2    0.0044    0.60    0.0264   14.76    0.061   -0.255    753.3  0.129E-01  0.199E+00
    1966.2  11/2 - 1756.1   9/2    0.0113    1.56    0.0000    0.00    0.983    7.609    210.1  0.566E-04  0.978E-06
    1966.2  11/2 -  894.6  11/2    0.0001    0.02    0.0083    4.62    0.012    0.112   1071.6  0.223E-02  0.179E+00
    1966.2  11/2 - 1682.2  11/2    0.0000    0.00    0.0566   31.63    0.000   -0.006    284.0  0.745E-06  0.228E-01
    1966.2  11/2 - 1966.2  11/2    0.4147            2.1806


    1966.2  11/2 - 1578.1  13/2    0.0004    0.05    0.1702   95.05    0.000   -0.015    388.1  0.410E-04  0.175E+00
    1578.1  13/2 -  784.8   9/2    0.0676    9.29    0.0000    0.00    1.000    0.000    793.3  0.259E+00  0.000E+00
    1578.1  13/2 - 1212.9   9/2    0.0000    0.00    0.0000    0.00    1.000    0.000    365.2  0.226E-06  0.000E+00
    1578.1  13/2 -  894.6  11/2    0.0012    0.17    0.2742  153.12    0.001   -0.038    683.5  0.227E-02  0.154E+01
    1578.1  13/2 - 1578.1  13/2    0.6030            4.1566


    1985.3  13/2 -  784.8   9/2    0.0000    0.00    0.0000    0.00    1.000    0.000   1200.5  0.621E-04  0.000E+00
    1985.3  13/2 - 1212.9   9/2    0.0620    8.52    0.0000    0.00    1.000    0.000    772.4  0.208E+00  0.000E+00
    1985.3  13/2 - 1756.1   9/2    0.0001    0.02    0.0000    0.00    1.000    0.000    229.2  0.979E-06  0.000E+00
    1985.3  13/2 -  894.6  11/2    0.0030    0.41    0.0093    5.19    0.210    0.516   1090.7  0.565E-01  0.212E+00
    1985.3  13/2 - 1682.2  11/2    0.0064    0.88    0.1622   90.59    0.003   -0.050    303.1  0.200E-03  0.795E-01


    1985.3  13/2 - 1966.2  11/2    0.0034    0.47    0.0193   10.77    0.000    0.007     19.1  0.106E-09  0.236E-05
    1985.3  13/2 - 1578.1  13/2    0.0000    0.00    0.0770   42.99    0.000   -0.004    407.2  0.138E-05  0.915E-01
    1985.3  13/2 - 1985.3  13/2    0.4500            2.6380

 TIME=  0.0 SEC
