1SPECTRUM OF (Z= 75 A=191) IN PARTICLE-ROTOR  MODEL WITH MODIFIED OSCILLATOR POTENTIAL


 PARITY=+   EPS= 0.134   GAMMA=  4.0   EPS4=0.000   EPS6=0.000   LEVELS:  15  16  17  18  19  20  21

 PAIRING FACTORS: GN0= 19.20  GN1=  7.40  IPAIR= 15 ***  E2PLUS(INPUT)=   0.207  E2PLUR(INPUT)=   0.000

 CORIOLIS ATTENUATION PARAMETERS:  CHSI=1.000  ETA=  1.00

 MOMENT OF INERTIA PARAMETERS:   A1=  0.037 MEV   A2=  0.032 MEV   A3=  5.26086 MEV


 DELTA=0.822 MEV  LAMBDA=39.4703 MEV   HW0= 6.6236 MEV   LAMBDA/HW0= 5.9591

 E2ENERGY=0.207 MEV  HBAR**2/B=  773./A**(7/3)= 134.2/A**2 MEV

 IREC=1  =>  RECOIL TERMS j+j-, j+j+, jzjz, ETC TREATED AS TWO-BODY OPERATORS WITH APPROPRIATE PAIRING FACTORS



 S. P. LEVEL   EQP       U     V        (UU + VV)**1.00

     15       2.952    0.141 0.990      1.000 0.999 0.999 0.989 0.974 0.933 0.462
     16       2.389    0.175 0.985      0.999 1.000 1.000 0.994 0.982 0.945 0.492
     17       2.156    0.194 0.981      0.999 1.000 1.000 0.996 0.985 0.952 0.509
     18       1.508    0.284 0.959      0.989 0.994 0.996 1.000 0.997 0.976 0.587
     19       1.224    0.360 0.933      0.974 0.982 0.985 0.997 1.000 0.990 0.650
     20       0.967    0.486 0.874      0.933 0.945 0.952 0.976 0.990 1.000 0.749
     21       1.311    0.943 0.332      0.462 0.492 0.509 0.587 0.650 0.749 1.000

  R CORE   ENERGY   A0R/A00=1.000    R3= 0     2  
   2( 1)    0.207                    1.000-0.000
   2( 2)   21.112                    0.000 1.000

  R CORE   ENERGY   A0R/A00=1.000    R3= 0     2  
   3( 1)   21.319                    0.000 1.000

  R CORE   ENERGY   A0R/A00=1.000    R3= 0     2     4  
   4( 1)    0.689                    1.000-0.002 0.000

  R CORE   ENERGY   A0R/A00=1.000    R3= 0     2     4  
   5( 1)   21.940                    0.000 1.000-0.000

  R CORE   ENERGY   A0R/A00=1.000    R3= 0     2     4     6  
   6( 1)    1.447                    1.000-0.004 0.000-0.000
 

             ENERGY     K= 1/2
 
 I=  1/2+ (1)  1.081  20:-0.999
 
 I=  1/2+ (2)  4.169  15: 0.999

             ENERGY     K= 1/2  -3/2
 
 I=  3/2+ (1)  1.066  20: 0.998 0.001
 
 I=  3/2+ (2)  2.432  15: 0.082-0.023
                      17:-0.002-0.995

             ENERGY     K= 5/2   1/2  -3/2
 
 I=  5/2+ (1)  1.372  17:-0.000 0.004 0.144
                      19: 0.982 0.001-0.000
                      20:-0.016 0.114-0.006
 
 I=  5/2+ (2)  1.427  19: 0.119-0.015-0.000
                      20:-0.002-0.991 0.002

             ENERGY     K= 5/2   1/2  -3/2  -7/2
 
 I=  7/2+ (1)  1.393  20: 0.001-0.997-0.001-0.000
 
 I=  7/2+ (2)  1.568  17: 0.000-0.002-0.203-0.000
                      18: 0.000 0.000 0.000 0.288
                      19: 0.934-0.001 0.000-0.000

             ENERGY     K= 9/2   5/2   1/2  -3/2  -7/2
 
 I=  9/2+ (1)  1.817  16:-0.000-0.079 0.002 0.001 0.000
                      17:-0.000-0.001-0.002-0.259-0.000
                      18: 0.000-0.000-0.000 0.000 0.384
                      19: 0.001-0.875-0.000 0.000-0.000
                      20:-0.000 0.011-0.101 0.011 0.000
 
 I=  9/2+ (2)  1.983  16: 0.001 0.236 0.004 0.001 0.000
                      17: 0.000 0.001-0.005-0.108-0.002
                      18: 0.000-0.000-0.000 0.001-0.881
                      19: 0.000-0.354-0.002-0.000 0.000
                      20: 0.000 0.013-0.172 0.005-0.000

             ENERGY     K= 9/2   5/2   1/2  -3/2  -7/2 -11/2
 
 I= 11/2+ (1)  1.990  15:-0.000 0.001-0.050 0.000-0.000 0.000
                      19:-0.000 0.066 0.015-0.000-0.000 0.000
                      20: 0.000-0.003 0.993 0.000 0.000-0.000
 
 I= 11/2+ (2)  2.133  16: 0.000 0.131 0.002 0.001 0.000 0.000
                      17: 0.000 0.001-0.003-0.286-0.000-0.000
                      18:-0.000 0.000 0.000 0.000 0.457-0.000
                      19:-0.001 0.827-0.003 0.000-0.000 0.000
                      20: 0.000-0.008-0.074 0.011 0.000-0.000

             ENERGY     K=13/2   9/2   5/2   1/2  -3/2  -7/2 -11/2
 
 I= 13/2+ (1)  2.496  15:-0.000 0.000-0.005-0.085-0.009-0.000 0.000
                      16: 0.000-0.000-0.165 0.002 0.002 0.000-0.000
                      17: 0.000-0.000-0.001-0.001-0.334 0.000-0.000
                      18: 0.000 0.000-0.000-0.000-0.000 0.472-0.001
                      19:-0.000 0.002-0.786 0.001 0.000-0.000 0.000
                      20: 0.000-0.000 0.007-0.109 0.014 0.000-0.000
 
 I= 13/2+ (2)  2.721  15: 0.000-0.000 0.005 0.060 0.002-0.001 0.000
                      16: 0.000-0.001-0.310-0.002-0.001-0.000-0.000
                      17: 0.000-0.000-0.002 0.003 0.188 0.002-0.000
                      18: 0.000-0.000 0.000 0.000-0.002 0.805-0.002
                      19: 0.000-0.001 0.442 0.001-0.000-0.000 0.000
                      20:-0.000-0.000-0.016 0.141-0.008 0.000-0.000

             ENERGY     K=13/2   9/2   5/2   1/2  -3/2  -7/2 -11/2
  21 LEVELS    TIME=  0.0 SEC



 ******************* EXCITATION ENERGIES, DOMINANT CONFIGURATION AND EXPECTATION VALUES (WITH S.P. UU+VV FACTORS) *******************

  NR  Eex(keV)  I   Kdom  NY    <Jz>  <Jx**2> <Jy**2> <Jz**2> <I.j>/|I|  <Rx**2> <Ry**2> <Rz**2> <R.j>/|R|  <HROTx> <HROTy> <HROTz>

   1    0.0   3/2+   1/2  20    0.50    0.91    0.84    0.25    0.75       1.45    1.39   -0.00   -0.32      0.054   0.044  -0.003
   2   15.3   1/2+   1/2  20    0.50    0.93    0.84    0.25   -0.35       1.73    1.64   -0.00   -1.26      0.064   0.052  -0.005
   3  305.7   5/2+   5/2  19    2.39    1.37    1.33    6.07    2.31       1.95    1.93   -0.00   -0.99      0.073   0.061  -0.004
   4  326.9   7/2+   1/2  20    0.50    0.91    0.84    0.26    0.71       6.03    6.06    0.00    0.24      0.225   0.192   0.002
   5  361.1   5/2+   1/2  20    0.53    0.96    0.86    0.34   -0.37       6.57    6.54   -0.00   -0.90      0.245   0.207  -0.002
  
   6  501.8   7/2+   5/2  19    1.83    1.51    1.49    6.56    2.15       4.12    4.12   -0.00   -0.36      0.153   0.130  -0.003
   7  644.3   7/2+   7/2  18   -2.83    1.69    1.74   11.54    3.13       2.91    2.95   -0.00   -1.05      0.108   0.094  -0.006
   8  751.0   9/2+   5/2  19    1.32    1.67    1.65    6.78    2.10       6.97    7.01   -0.00    0.09      0.260   0.222  -0.002
   9  917.0   9/2+   7/2  18   -2.27    1.69    1.73   10.67    2.52       6.83    6.89   -0.00   -0.41      0.254   0.218  -0.004
  10  924.4  11/2+   1/2  20    0.50    0.91    0.85    0.29    0.73      14.41   14.66    0.00    0.43      0.537   0.465   0.010
  
  11  974.6   9/2+   1/2  20    0.51    1.00    0.90    0.61   -0.29      14.98   15.11    0.00   -0.71      0.558   0.479   0.006
  12 1066.7  11/2+   5/2  19    0.90    1.80    1.79    7.12    2.06      10.87   10.95   -0.00    0.34      0.405   0.347  -0.001
  13 1257.7  11/2+   7/2  18   -1.76    1.70    1.75   10.32    2.21      11.48   11.57   -0.00   -0.11      0.428   0.367  -0.004
  14 1365.5   3/2+   3/2  17   -1.49    3.36    3.41    2.24    1.35       3.75    3.78    0.00   -2.33      0.140   0.120   0.012
  15 1430.0  13/2+   5/2  19    0.67    1.94    1.94    7.01    2.07      15.29   15.46    0.00    0.64      0.570   0.490   0.004
  
  16 1522.3   5/2+   3/2  17   -1.14    3.35    3.43    2.53    1.12       5.67    5.75    0.00   -1.77      0.211   0.182   0.026
  17 1655.1  13/2+   7/2  18   -1.58    1.76    1.81    9.85    2.03      16.83   17.02    0.00    0.13      0.627   0.539   0.000
  18 1852.3  13/2+   1/2  20    0.57    1.04    0.94    0.57   -0.25      27.15   27.64    0.00   -0.58      1.011   0.876   0.020
  19 3103.1   1/2+   1/2  15    0.41    3.79    5.40    0.34    1.27       3.04    4.87    0.18   -2.97      0.113   0.154   0.951
  20 3410.0   3/2+   1/2  15    0.40    3.80    5.40    0.35   -1.04       7.97    9.17    0.18   -2.78      0.297   0.291   0.944
  
  2116798.7   1/2+   1/2  21   -1.07    0.20    0.15    1.83   -0.57       0.74    0.03    3.14   -1.35      0.028   0.001  16.525
