 PARITY=+   EPS= 0.183   GAMMA= 16.0   EPS4=0.000   EPS6=0.000   LEVELS:  15  16  17  18  19  20  21
0   Z= 75   A=191   IQ=1   GSFAC= 0.75   GR=  0.39   MIN SPIN=  1/2   MAX SPIN= 13/2   KMAX= 13/2

 MICR QUADR MOMENTS:  Q0= 506.488  Q2= -83.069 FM**2


   B(E2) AND Q(E2) IN E2B2 AND EB,   B(M1) AND M(M1) INNM2 AND NM,   T(E2) AND T(M1) IN 1/PS

       E1     II      EF     IF     B(E2)             B(M1)              GD        D       EREL    T(E2)      T(M1)
                                             WU               MWU

      14.1   1/2 -   14.1   1/2    0.0000            0.0582
      14.1   1/2 -    0.0   3/2    0.9697  148.40    0.0739   41.26    0.002   -0.043     14.1  0.658E-08  0.364E-05
     754.7   1/2 -   14.1   1/2    0.0000    0.00    0.0895   50.00    0.000    0.000    740.6  0.000E+00  0.640E+00
     754.7   1/2 -  754.7   1/2    0.0000            0.9587
     754.7   1/2 -    0.0   3/2    0.0090    1.38    0.0000    0.00    1.000  -78.909    754.7  0.269E-01  0.432E-05


     754.7   1/2 -  613.2   3/2    0.0356    5.44    0.0049    2.71    0.092    0.319    141.5  0.246E-04  0.242E-03
     754.7   1/2 -  104.8   5/2    0.0032    0.49    0.0000    0.00    1.000    0.000    649.9  0.450E-02  0.000E+00
     754.7   1/2 -  319.6   5/2    0.0013    0.19    0.0000    0.00    1.000    0.000    435.0  0.239E-03  0.000E+00
     754.7   1/2 -  732.6   5/2    0.3347   51.23    0.0000    0.00    1.000    0.000     22.0  0.212E-07  0.000E+00
    1157.4   1/2 -   14.1   1/2    0.0000    0.00    0.0001    0.04    0.000    0.000   1143.3  0.000E+00  0.176E-02


    1157.4   1/2 -  754.7   1/2    0.0000    0.00    0.3492  195.05    0.000    0.000    402.7  0.000E+00  0.402E+00
    1157.4   1/2 - 1157.4   1/2    0.0000            1.0751
    1157.4   1/2 -    0.0   3/2    0.0005    0.07    0.0030    1.70    0.126    0.380   1157.4  0.120E-01  0.830E-01
    1157.4   1/2 -  613.2   3/2    0.0016    0.24    0.0001    0.03    0.838    2.275    544.2  0.911E-03  0.176E-03
    1157.4   1/2 -  832.3   3/2    0.0021    0.32    0.0732   40.91    0.002    0.046    325.1  0.931E-04  0.443E-01


    1157.4   1/2 -  104.8   5/2    0.0721   11.04    0.0000    0.00    1.000    0.000   1052.6  0.114E+01  0.000E+00
    1157.4   1/2 -  319.6   5/2    0.0001    0.01    0.0000    0.00    1.000    0.000    837.8  0.424E-03  0.000E+00
    1157.4   1/2 -  732.6   5/2    0.0024    0.36    0.0000    0.00    1.000    0.000    424.8  0.401E-03  0.000E+00
       0.0   3/2 -    0.0   3/2   -0.9854            0.5104
     613.2   3/2 -   14.1   1/2    0.0035    0.54    0.0004    0.25    0.663   -1.402    599.1  0.334E-02  0.170E-02


     613.2   3/2 -    0.0   3/2    0.0223    3.41    0.0003    0.17    0.950   -4.364    613.2  0.235E-01  0.124E-02
     613.2   3/2 -  613.2   3/2    0.9133            0.0187
     613.2   3/2 -  104.8   5/2    0.0001    0.01    0.3922  219.06    0.000   -0.007    508.4  0.384E-04  0.907E+00
     613.2   3/2 -  319.6   5/2    0.0159    2.43    0.0000    0.03    0.953   -4.501    293.6  0.423E-03  0.209E-04
     613.2   3/2 -  292.2   7/2    0.0013    0.20    0.0000    0.00    1.000    0.000    321.0  0.535E-04  0.000E+00


     613.2   3/2 -  307.8   7/2    0.0004    0.06    0.0000    0.00    1.000    0.000    305.4  0.134E-04  0.000E+00
     613.2   3/2 -  423.5   7/2    0.0000    0.00    0.0000    0.00    1.000    0.000    189.7  0.267E-07  0.000E+00
     832.3   3/2 -   14.1   1/2    0.0165    2.53    0.0072    4.01    0.516    1.033    818.2  0.740E-01  0.693E-01
     832.3   3/2 -  754.7   1/2    0.4464   68.32    0.0073    4.08    0.203    0.505     77.6  0.153E-04  0.601E-04
     832.3   3/2 -    0.0   3/2    0.0045    0.69    0.0451   25.16    0.046   -0.220    832.3  0.221E-01  0.457E+00


     832.3   3/2 -  613.2   3/2    0.0695   10.64    0.0017    0.93    0.582   -1.180    219.1  0.428E-03  0.307E-03
     832.3   3/2 -  832.3   3/2   -0.7961            0.3715
     832.3   3/2 -  104.8   5/2    0.0000    0.00    0.0001    0.05    0.006   -0.077    727.5  0.331E-05  0.561E-03
     832.3   3/2 -  319.6   5/2    0.0001    0.01    0.0453   25.33    0.000   -0.019    512.7  0.390E-04  0.108E+00
     832.3   3/2 -  732.6   5/2    0.0809   12.38    0.0482   26.93    0.011    0.107     99.7  0.970E-05  0.840E-03


     832.3   3/2 -  292.2   7/2    0.0018    0.27    0.0000    0.00    1.000    0.000    540.1  0.983E-03  0.000E+00
     832.3   3/2 -  307.8   7/2    0.0004    0.06    0.0000    0.00    1.000    0.000    524.5  0.191E-03  0.000E+00
     832.3   3/2 -  423.5   7/2    0.0001    0.01    0.0000    0.00    1.000    0.000    408.8  0.124E-04  0.000E+00
     104.8   5/2 -   14.1   1/2    0.0021    0.32    0.0000    0.00    1.000    0.000     90.7  0.155E-06  0.000E+00
     104.8   5/2 -    0.0   3/2    0.0004    0.06    0.0237   13.25    0.000   -0.011    104.8  0.606E-07  0.481E-03


     104.8   5/2 -  104.8   5/2    1.8255            3.3163
     319.6   5/2 -   14.1   1/2    0.4848   74.19    0.0000    0.00    1.000    0.000    305.5  0.157E-01  0.000E+00
     319.6   5/2 -    0.0   3/2    0.1532   23.44    0.0427   23.87    0.202   -0.504    319.6  0.623E-02  0.246E-01
     319.6   5/2 -  104.8   5/2    0.0065    1.00    0.0083    4.63    0.025   -0.159    214.8  0.363E-04  0.145E-02
     319.6   5/2 -  319.6   5/2   -1.3288            1.1479


     319.6   5/2 -  292.2   7/2    0.0314    4.81    0.1268   70.80    0.000   -0.011     27.5  0.598E-08  0.462E-04
     319.6   5/2 -  307.8   7/2    0.0621    9.51    0.0024    1.35    0.002    0.050     11.8  0.173E-09  0.698E-07
     732.6   5/2 -   14.1   1/2    0.0177    2.71    0.0000    0.00    1.000    0.000    718.5  0.414E-01  0.000E+00
     732.6   5/2 -    0.0   3/2    0.0085    1.30    0.0070    3.89    0.312   -0.674    732.6  0.219E-01  0.482E-01
     732.6   5/2 -  613.2   3/2    0.7470  114.32    0.0464   25.91    0.137   -0.399    119.4  0.222E-03  0.139E-02


     732.6   5/2 -  104.8   5/2    0.0000    0.00    0.0791   44.18    0.000   -0.006    627.8  0.118E-04  0.345E+00
     732.6   5/2 -  319.6   5/2    0.0046    0.70    0.0164    9.17    0.032   -0.182    413.0  0.671E-03  0.204E-01
     732.6   5/2 -  732.6   5/2   -0.2371            0.8937
     732.6   5/2 -  292.2   7/2    0.0025    0.38    0.0957   53.47    0.003   -0.059    440.5  0.505E-03  0.144E+00
     732.6   5/2 -  307.8   7/2    0.0024    0.37    0.1129   63.04    0.003    0.052    424.8  0.408E-03  0.152E+00


     732.6   5/2 -  423.5   7/2    0.0002    0.03    0.0295   16.46    0.000    0.020    309.2  0.603E-05  0.153E-01
     732.6   5/2 -  547.1   9/2    0.0006    0.09    0.0000    0.00    1.000    0.000    185.6  0.151E-05  0.000E+00
     732.6   5/2 -  696.0   9/2    0.0000    0.00    0.0000    0.00    1.000    0.000     36.6  0.237E-10  0.000E+00
     292.2   7/2 -    0.0   3/2    0.3439   52.64    0.0000    0.00    1.000    0.000    292.2  0.893E-02  0.000E+00
     292.2   7/2 -  104.8   5/2    0.4044   61.89    0.1825  101.95    0.051    0.232    187.4  0.114E-02  0.211E-01


     292.2   7/2 -  292.2   7/2   -0.6562            2.5590
     307.8   7/2 -    0.0   3/2    0.2898   44.36    0.0000    0.00    1.000    0.000    307.8  0.977E-02  0.000E+00
     307.8   7/2 -  104.8   5/2    0.4173   63.86    0.1398   78.11    0.079    0.292    203.0  0.176E-02  0.206E-01
     307.8   7/2 -  292.2   7/2    0.2486   38.04    0.2589  144.59    0.000    0.013     15.7  0.286E-08  0.175E-04
     307.8   7/2 -  307.8   7/2   -0.3527            2.0284


     423.5   7/2 -    0.0   3/2    0.0016    0.25    0.0000    0.00    1.000    0.000    423.5  0.274E-03  0.000E+00
     423.5   7/2 -  104.8   5/2    0.1187   18.16    0.0769   42.96    0.098    0.330    318.7  0.476E-02  0.438E-01
     423.5   7/2 -  319.6   5/2    0.0021    0.32    0.0072    4.02    0.002    0.046    103.8  0.307E-06  0.142E-03
     423.5   7/2 -  292.2   7/2    0.0181    2.77    0.0476   26.60    0.005   -0.067    131.3  0.862E-05  0.190E-02
     423.5   7/2 -  307.8   7/2    0.0947   14.49    0.0096    5.37    0.084   -0.302    115.6  0.239E-04  0.262E-03


     423.5   7/2 -  423.5   7/2    2.1197            2.1287
     547.1   9/2 -  104.8   5/2    0.2320   35.51    0.0000    0.00    1.000    0.000    442.3  0.479E-01  0.000E+00
     547.1   9/2 -  319.6   5/2    0.0055    0.84    0.0000    0.00    1.000    0.000    227.4  0.409E-04  0.000E+00
     547.1   9/2 -  292.2   7/2    0.3789   57.99    0.0741   41.38    0.187    0.480    254.9  0.497E-02  0.216E-01
     547.1   9/2 -  307.8   7/2    0.3962   60.63    0.3834  214.14    0.039    0.202    239.2  0.379E-02  0.924E-01


     547.1   9/2 -  423.5   7/2    0.0122    1.86    0.0437   24.42    0.003   -0.054    123.6  0.428E-05  0.145E-02
     547.1   9/2 -  547.1   9/2   -0.2103            3.4151
     696.0   9/2 -  104.8   5/2    0.0559    8.55    0.0000    0.00    1.000    0.000    591.2  0.492E-01  0.000E+00
     696.0   9/2 -  319.6   5/2    0.0168    2.57    0.0000    0.00    1.000    0.000    376.4  0.155E-02  0.000E+00
     696.0   9/2 -  292.2   7/2    0.0069    1.06    0.0159    8.86    0.047    0.222    403.9  0.909E-03  0.184E-01


     696.0   9/2 -  307.8   7/2    0.0009    0.14    0.1060   59.22    0.001   -0.030    388.2  0.101E-03  0.109E+00
     696.0   9/2 -  423.5   7/2    0.8527  130.49    0.0645   36.00    0.405    0.825    272.6  0.157E-01  0.230E-01
     696.0   9/2 -  547.1   9/2    0.0512    7.83    0.0739   41.26    0.011   -0.103    149.0  0.459E-04  0.430E-02
     696.0   9/2 -  696.0   9/2    0.6265            2.5797
     858.0   9/2 -  104.8   5/2    0.0020    0.31    0.0000    0.00    1.000    0.000    753.2  0.596E-02  0.000E+00


     858.0   9/2 -  319.6   5/2    0.6907  105.71    0.0000    0.00    1.000    0.000    538.4  0.381E+00  0.000E+00
     858.0   9/2 -  732.6   5/2    0.0025    0.39    0.0000    0.00    1.000    0.000    125.4  0.961E-06  0.000E+00
     858.0   9/2 -  292.2   7/2    0.0100    1.53    0.0334   18.63    0.062   -0.258    565.9  0.707E-02  0.106E+00
     858.0   9/2 -  307.8   7/2    0.0524    8.02    0.0214   11.95    0.340   -0.717    550.2  0.322E-01  0.627E-01
     858.0   9/2 -  423.5   7/2    0.0201    3.08    0.0000    0.01    0.994   13.277    434.6  0.380E-02  0.215E-04


     858.0   9/2 -  547.1   9/2    0.0008    0.12    0.0222   12.37    0.002   -0.049    311.0  0.284E-04  0.117E-01
     858.0   9/2 -  696.0   9/2    0.0121    1.85    0.0042    2.34    0.050   -0.229    162.0  0.165E-04  0.313E-03
     858.0   9/2 -  858.0   9/2   -1.5540            2.0223
     858.0   9/2 -  841.1  11/2    0.0160    2.45    0.0735   41.04    0.000   -0.007     16.9  0.270E-09  0.625E-05
     858.0   9/2 -  852.7  11/2    0.0081    1.24    0.1398   78.09    0.000    0.001      5.4  0.441E-12  0.381E-06


     841.1  11/2 -  292.2   7/2    0.5051   77.30    0.0000    0.00    1.000    0.000    549.0  0.307E+00  0.000E+00
     841.1  11/2 -  307.8   7/2    0.2544   38.93    0.0000    0.00    1.000    0.000    533.3  0.134E+00  0.000E+00
     841.1  11/2 -  423.5   7/2    0.0001    0.01    0.0000    0.00    1.000    0.000    417.6  0.862E-05  0.000E+00
     841.1  11/2 -  547.1   9/2    0.0126    1.93    0.0385   21.48    0.019    0.140    294.1  0.339E-03  0.172E-01
     841.1  11/2 -  696.0   9/2    0.0118    1.81    0.0065    3.62    0.026    0.163    145.1  0.926E-05  0.348E-03


     841.1  11/2 -  841.1  11/2   -1.7145            2.3643
     852.7  11/2 -  292.2   7/2    0.1137   17.40    0.0000    0.00    1.000    0.000    560.5  0.767E-01  0.000E+00
     852.7  11/2 -  307.8   7/2    0.3044   46.58    0.0000    0.00    1.000    0.000    544.8  0.178E+00  0.000E+00
     852.7  11/2 -  423.5   7/2    0.0004    0.06    0.0000    0.00    1.000    0.000    429.2  0.677E-04  0.000E+00
     852.7  11/2 -  547.1   9/2    0.6006   91.91    0.3358  187.54    0.104    0.340    305.6  0.195E-01  0.169E+00


     852.7  11/2 -  696.0   9/2    0.0336    5.14    0.0292   16.28    0.019   -0.140    156.6  0.386E-04  0.197E-02
     852.7  11/2 -  841.1  11/2    0.0006    0.09    0.1029   57.50    0.000    0.001     11.5  0.148E-11  0.278E-05
     852.7  11/2 -  852.7  11/2   -0.6203            3.4161
    1033.7  11/2 -  292.2   7/2    0.0073    1.12    0.0000    0.00    1.000    0.000    741.6  0.201E-01  0.000E+00
    1033.7  11/2 -  307.8   7/2    0.0379    5.79    0.0000    0.00    1.000    0.000    725.9  0.931E-01  0.000E+00


    1033.7  11/2 -  423.5   7/2    0.2580   39.49    0.0000    0.00    1.000    0.000    610.3  0.266E+00  0.000E+00
    1033.7  11/2 -  547.1   9/2    0.0000    0.00    0.1166   65.10    0.000   -0.006    486.7  0.878E-05  0.236E+00
    1033.7  11/2 -  696.0   9/2    0.7383  112.99    0.0862   48.13    0.404    0.823    337.7  0.396E-01  0.584E-01
    1033.7  11/2 -  858.0   9/2    0.0292    4.47    0.0563   31.43    0.011    0.105    175.7  0.597E-04  0.537E-02
    1033.7  11/2 -  841.1  11/2    0.0038    0.58    0.0439   24.54    0.002    0.047    192.6  0.122E-04  0.553E-02


    1033.7  11/2 -  852.7  11/2    0.0290    4.43    0.0362   20.20    0.018   -0.135    181.1  0.688E-04  0.378E-02
    1033.7  11/2 - 1033.7  11/2   -0.1859            2.8763
    1196.7  13/2 -  547.1   9/2    0.5724   87.60    0.0000    0.00    1.000    0.000    649.6  0.808E+00  0.000E+00
    1196.7  13/2 -  696.0   9/2    0.0002    0.02    0.0000    0.00    1.000    0.000    500.7  0.617E-04  0.000E+00
    1196.7  13/2 -  858.0   9/2    0.0036    0.55    0.0000    0.00    1.000    0.000    338.7  0.194E-03  0.000E+00


    1196.7  13/2 -  841.1  11/2    0.0156    2.39    0.0177    9.87    0.072   -0.279    355.6  0.108E-02  0.140E-01
    1196.7  13/2 -  852.7  11/2    0.4583   70.14    0.4410  246.29    0.079    0.292    344.0  0.270E-01  0.316E+00
    1196.7  13/2 - 1033.7  11/2    0.0054    0.82    0.1223   68.29    0.001   -0.028    163.0  0.751E-05  0.931E-02
    1196.7  13/2 - 1196.7  13/2   -0.9472            4.0394
    1386.6  13/2 -  547.1   9/2    0.0137    2.10    0.0000    0.00    1.000    0.000    839.6  0.699E-01  0.000E+00


    1386.6  13/2 -  696.0   9/2    0.4603   70.44    0.0000    0.00    1.000    0.000    690.6  0.882E+00  0.000E+00
    1386.6  13/2 -  858.0   9/2    0.0225    3.45    0.0000    0.00    1.000    0.000    528.6  0.114E-01  0.000E+00
    1386.6  13/2 -  841.1  11/2    0.0124    1.90    0.0166    9.25    0.134   -0.394    545.5  0.733E-02  0.473E-01
    1386.6  13/2 -  852.7  11/2    0.0207    3.17    0.1263   70.55    0.031   -0.180    534.0  0.110E-01  0.339E+00
    1386.6  13/2 - 1033.7  11/2    0.5618   85.98    0.1679   93.78    0.224    0.537    352.9  0.375E-01  0.130E+00


    1386.6  13/2 - 1196.7  13/2    0.0131    2.00    0.0930   51.95    0.004   -0.059    189.9  0.395E-04  0.112E-01
    1386.6  13/2 - 1386.6  13/2   -0.5881            3.4401
    1610.1  13/2 -  547.1   9/2    0.0025    0.38    0.0000    0.00    1.000    0.000   1063.1  0.416E-01  0.000E+00
    1610.1  13/2 -  696.0   9/2    0.0027    0.41    0.0000    0.00    1.000    0.000    914.1  0.210E-01  0.000E+00
    1610.1  13/2 -  858.0   9/2    0.7616  116.56    0.0000    0.00    1.000    0.000    752.1  0.224E+01  0.000E+00


    1610.1  13/2 -  841.1  11/2    0.0206    3.15    0.0658   36.76    0.114   -0.358    769.0  0.676E-01  0.527E+00
    1610.1  13/2 -  852.7  11/2    0.0087    1.33    0.0000    0.01    0.994   13.222    757.5  0.264E-01  0.151E-03
    1610.1  13/2 - 1033.7  11/2    0.0491    7.51    0.0006    0.35    0.947    4.230    576.4  0.381E-01  0.213E-02
    1610.1  13/2 - 1196.7  13/2    0.0001    0.02    0.0331   18.49    0.000   -0.021    413.4  0.184E-04  0.412E-01
    1610.1  13/2 - 1386.6  13/2    0.0069    1.06    0.0104    5.79    0.023   -0.152    223.5  0.471E-04  0.204E-02


    1610.1  13/2 - 1610.1  13/2   -1.5447            2.7344

 TIME=  0.0 SEC
